2024-02-08 00:14:15 开始第 2557 次操作

2024-02-08 00:14:15 开始操作号码 【1752450】
2024-02-08 00:14:20 GSD getOne 第 1 次 等待 3 秒
2024-02-08 00:14:23 查询号码 【1752450】，返回信息 {"status":"ok","msg":"辽宁-盘锦","gid":"158264","time_insert":"2021-06-30 04:45"}
2024-02-08 00:14:23 查询号码 【1752450】，GSD为【"辽宁-盘锦"】

2024-02-08 00:14:24 开始第 2558 次操作

2024-02-08 00:14:24 开始操作号码 【1752451】
2024-02-08 00:14:29 GSD getOne 第 1 次 等待 3 秒
2024-02-08 00:14:32 查询号码 【1752451】，返回信息 {"status":"ok","msg":"辽宁-盘锦","gid":"158275","time_insert":"2021-06-30 04:46"}
2024-02-08 00:14:32 查询号码 【1752451】，GSD为【"辽宁-盘锦"】

2024-02-08 00:14:33 开始第 2559 次操作

2024-02-08 00:14:33 开始操作号码 【1752452】
2024-02-08 00:14:37 GSD getOne 第 1 次 等待 3 秒
2024-02-08 00:14:40 查询号码 【1752452】，返回信息 {"status":"ok","msg":"辽宁-盘锦","gid":"158283","time_insert":"2021-06-30 04:46"}
2024-02-08 00:14:40 查询号码 【1752452】，GSD为【"辽宁-盘锦"】

2024-02-08 00:14:41 开始第 2560 次操作

2024-02-08 00:14:41 开始操作号码 【1752453】
2024-02-08 00:14:46 GSD getOne 第 1 次 等待 3 秒
2024-02-08 00:14:49 查询号码 【1752453】，返回信息 {"status":"ok","msg":"辽宁-盘锦","gid":"158291","time_insert":"2021-06-30 04:47"}
2024-02-08 00:14:49 查询号码 【1752453】，GSD为【"辽宁-盘锦"】

2024-02-08 00:36:38 开始第 2561 次操作

2024-02-08 00:36:38 开始操作号码 【1752454】
2024-02-08 00:36:42 GSD getOne 第 1 次 等待 3 秒
2024-02-08 00:36:45 查询号码 【1752454】，返回信息 {"status":"ok","msg":"辽宁-盘锦","gid":"158297","time_insert":"2021-06-30 04:48"}
2024-02-08 00:36:45 查询号码 【1752454】，GSD为【"辽宁-盘锦"】

2024-02-08 00:36:46 开始第 2562 次操作

2024-02-08 00:36:46 开始操作号码 【1752455】
2024-02-08 00:36:50 GSD getOne 第 1 次 等待 3 秒
2024-02-08 00:36:53 查询号码 【1752455】，返回信息 {"status":"ok","msg":"辽宁-盘锦","gid":"158307","time_insert":"2021-06-30 04:49"}
2024-02-08 00:36:53 查询号码 【1752455】，GSD为【"辽宁-盘锦"】

2024-02-08 00:36:54 开始第 2563 次操作

2024-02-08 00:36:54 开始操作号码 【1752456】
2024-02-08 00:36:58 GSD getOne 第 1 次 等待 3 秒
2024-02-08 00:37:01 查询号码 【1752456】，返回信息 {"status":"ok","msg":"辽宁-朝阳","gid":"158314","time_insert":"2021-06-30 04:49"}
2024-02-08 00:37:01 查询号码 【1752456】，GSD为【"辽宁-朝阳"】

2024-02-08 00:37:02 开始第 2564 次操作

2024-02-08 00:37:02 开始操作号码 【1752457】
2024-02-08 00:37:06 GSD getOne 第 1 次 等待 3 秒
2024-02-08 00:37:09 查询号码 【1752457】，返回信息 {"status":"ok","msg":"辽宁-朝阳","gid":"158319","time_insert":"2021-06-30 04:50"}
2024-02-08 00:37:09 查询号码 【1752457】，GSD为【"辽宁-朝阳"】

