2023-10-16 00:11:47 开始第 3409 次操作

2023-10-16 00:11:47 开始操作号码 【1963373】
2023-10-16 00:13:59 GSD getOne 第 1 次 等待 3 秒
2023-10-16 00:14:02 查询号码 【1963373】，返回信息 
2023-10-16 00:14:02 查询失败，3 秒后重新查询
2023-10-16 00:14:05 查询号码 【1963373】，返回信息 
2023-10-16 00:14:05 查询失败，结束本次操作，期待下次成功~
2023-10-16 00:14:05 随机等待 121 秒，约 2 分钟
2023-10-16 00:14:05 下次操作: 2023-10-16 00:16:06

2023-10-16 00:16:06 开始第 3410 次操作

2023-10-16 00:16:06 开始操作号码 【1963373】
2023-10-16 00:18:22 GSD getOne 第 1 次 等待 3 秒
2023-10-16 00:18:25 查询号码 【1963373】，返回信息 
2023-10-16 00:18:25 查询失败，3 秒后重新查询
2023-10-16 00:18:28 查询号码 【1963373】，返回信息 
2023-10-16 00:18:28 查询失败，结束本次操作，期待下次成功~
2023-10-16 00:18:28 随机等待 170 秒，约 2 分钟
2023-10-16 00:18:28 下次操作: 2023-10-16 00:21:18

2023-10-16 00:21:18 开始第 3411 次操作

2023-10-16 00:21:18 开始操作号码 【1963373】
2023-10-16 00:22:36 GSD getOne 第 1 次 等待 3 秒
2023-10-16 00:22:39 查询号码 【1963373】，返回信息 
2023-10-16 00:22:39 查询失败，3 秒后重新查询
2023-10-16 00:22:42 查询号码 【1963373】，返回信息 
2023-10-16 00:22:42 查询失败，结束本次操作，期待下次成功~
2023-10-16 00:22:42 随机等待 199 秒，约 3 分钟
2023-10-16 00:22:42 下次操作: 2023-10-16 00:26:01

2023-10-16 00:26:01 开始第 3412 次操作

2023-10-16 00:26:01 开始操作号码 【1963373】
2023-10-16 00:26:18 GSD getOne 第 1 次 等待 3 秒
2023-10-16 00:26:21 查询号码 【1963373】，返回信息 
2023-10-16 00:26:21 查询失败，3 秒后重新查询
2023-10-16 00:26:24 查询号码 【1963373】，返回信息 
2023-10-16 00:26:24 查询失败，结束本次操作，期待下次成功~

