2021-07-27 00:00:21 开始第 22 次操作

2021-07-27 00:00:21 开始操作号码 【1465738】
2021-07-27 00:00:27 GSD getOne 第 1 次 等待 3 秒
2021-07-27 00:00:30 查询号码 【1465738】，返回信息 {"status":"bad","msg":""}
2021-07-27 00:00:30 查询号码 【1465738】，GSD为【""】
2021-07-27 00:00:30 bad
2021-07-27 00:00:31 CHB 1465738?1627315230 第 1 次 等待 3 秒
2021-07-27 00:00:34 CHB 1465738?1627315230 第 1 次 获取到号码【1465738】GSD
2021-07-27 00:00:35 未获取到号码【1465738】GSD，可能号码格式错误
2021-07-27 00:00:35 获取到号码【1465738】的GSD为【-】
2021-07-27 00:00:37 GSD insert 第 1 次 等待 3 秒
2021-07-27 00:00:40 {"status":"ok","gid":407050,"msg":"添加成功！"}
2021-07-27 00:00:40 下次操作: 2021-07-27 00:01:04

2021-07-27 00:01:04 开始第 23 次操作

2021-07-27 00:01:04 开始操作号码 【1465737】
2021-07-27 00:01:07 GSD getOne 第 1 次 等待 3 秒
2021-07-27 00:01:10 查询号码 【1465737】，返回信息 {"status":"bad","msg":""}
2021-07-27 00:01:10 查询号码 【1465737】，GSD为【""】
2021-07-27 00:01:10 bad
2021-07-27 00:01:13 CHB 1465737?1627315270 第 1 次 等待 3 秒
2021-07-27 00:01:16 CHB 1465737?1627315270 第 1 次 获取到号码【1465737】GSD
2021-07-27 00:01:16 未获取到号码【1465737】GSD，可能号码格式错误
2021-07-27 00:01:16 获取到号码【1465737】的GSD为【-】
2021-07-27 00:01:19 GSD insert 第 1 次 等待 3 秒
2021-07-27 00:01:22 {"status":"ok","gid":407064,"msg":"添加成功！"}
2021-07-27 00:01:22 下次操作: 2021-07-27 00:01:43

2021-07-27 00:01:43 开始第 24 次操作

2021-07-27 00:01:43 开始操作号码 【1465736】
2021-07-27 00:01:46 GSD getOne 第 1 次 等待 3 秒
2021-07-27 00:01:49 查询号码 【1465736】，返回信息 {"status":"bad","msg":""}
2021-07-27 00:01:49 查询号码 【1465736】，GSD为【""】
2021-07-27 00:01:49 bad
2021-07-27 00:01:51 CHB 1465736?1627315309 第 1 次 等待 3 秒
2021-07-27 00:01:54 CHB 1465736?1627315309 第 1 次 获取到号码【1465736】GSD
2021-07-27 00:01:54 未获取到号码【1465736】GSD，可能号码格式错误
2021-07-27 00:01:54 获取到号码【1465736】的GSD为【-】
2021-07-27 00:01:56 GSD insert 第 1 次 等待 3 秒
2021-07-27 00:01:59 {"status":"ok","gid":407072,"msg":"添加成功！"}
2021-07-27 00:01:59 下次操作: 2021-07-27 00:02:22

2021-07-27 00:02:22 开始第 25 次操作

2021-07-27 00:02:22 开始操作号码 【1465735】
2021-07-27 00:02:25 GSD getOne 第 1 次 等待 3 秒
2021-07-27 00:02:28 查询号码 【1465735】，返回信息 {"status":"bad","msg":""}
2021-07-27 00:02:28 查询号码 【1465735】，GSD为【""】
2021-07-27 00:02:28 bad
2021-07-27 00:02:30 CHB 1465735?1627315348 第 1 次 等待 3 秒
2021-07-27 00:02:33 CHB 1465735?1627315348 第 1 次 获取到号码【1465735】GSD
2021-07-27 00:02:33 未获取到号码【1465735】GSD，可能号码格式错误
2021-07-27 00:02:33 获取到号码【1465735】的GSD为【-】
2021-07-27 00:02:45 GSD insert 第 1 次 等待 3 秒
2021-07-27 00:02:48 {"status":"ok","gid":407086,"msg":"添加成功！"}
2021-07-27 00:02:48 下次操作: 2021-07-27 00:03:01

2021-07-27 00:03:01 开始第 26 次操作

2021-07-27 00:03:01 开始操作号码 【1465734】
2021-07-27 00:03:04 GSD getOne 第 1 次 等待 3 秒
2021-07-27 00:03:07 查询号码 【1465734】，返回信息 {"status":"bad","msg":""}
2021-07-27 00:03:07 查询号码 【1465734】，GSD为【""】
2021-07-27 00:03:07 bad
2021-07-27 00:03:08 CHB 1465734?1627315387 第 1 次 等待 3 秒
2021-07-27 00:03:11 CHB 1465734?1627315387 第 1 次 获取到号码【1465734】GSD
2021-07-27 00:03:12 未获取到号码【1465734】GSD，可能号码格式错误
2021-07-27 00:03:12 获取到号码【1465734】的GSD为【-】
2021-07-27 00:03:15 GSD insert 第 1 次 等待 3 秒
2021-07-27 00:03:18 {"status":"ok","gid":407097,"msg":"添加成功！"}
2021-07-27 00:03:18 下次操作: 2021-07-27 00:03:38

2021-07-27 00:03:38 开始第 27 次操作

2021-07-27 00:03:38 开始操作号码 【1465733】
2021-07-27 00:03:41 GSD getOne 第 1 次 等待 3 秒
2021-07-27 00:03:44 查询号码 【1465733】，返回信息 {"status":"bad","msg":""}
2021-07-27 00:03:44 查询号码 【1465733】，GSD为【""】
2021-07-27 00:03:44 bad
2021-07-27 00:03:46 CHB 1465733?1627315424 第 1 次 等待 3 秒
2021-07-27 00:03:49 CHB 1465733?1627315424 第 1 次 获取到号码【1465733】GSD
2021-07-27 00:03:49 未获取到号码【1465733】GSD，可能号码格式错误
2021-07-27 00:03:49 获取到号码【1465733】的GSD为【-】
2021-07-27 00:03:53 GSD insert 第 1 次 等待 3 秒
2021-07-27 00:03:56 {"status":"ok","gid":407111,"msg":"添加成功！"}
2021-07-27 00:03:56 下次操作: 2021-07-27 00:04:20

2021-07-27 00:04:20 开始第 28 次操作

2021-07-27 00:04:20 开始操作号码 【1465732】
2021-07-27 00:04:23 GSD getOne 第 1 次 等待 3 秒
2021-07-27 00:04:26 查询号码 【1465732】，返回信息 {"status":"bad","msg":""}
2021-07-27 00:04:26 查询号码 【1465732】，GSD为【""】
2021-07-27 00:04:26 bad
2021-07-27 00:04:28 CHB 1465732?1627315466 第 1 次 等待 3 秒
2021-07-27 00:04:31 CHB 1465732?1627315466 第 1 次 获取到号码【1465732】GSD
2021-07-27 00:04:31 未获取到号码【1465732】GSD，可能号码格式错误
2021-07-27 00:04:31 获取到号码【1465732】的GSD为【-】
2021-07-27 00:04:34 GSD insert 第 1 次 等待 3 秒
2021-07-27 00:04:37 {"status":"ok","gid":407121,"msg":"添加成功！"}
2021-07-27 00:04:37 下次操作: 2021-07-27 00:04:55

2021-07-27 00:04:55 开始第 29 次操作

2021-07-27 00:04:55 开始操作号码 【1465731】
2021-07-27 00:04:58 GSD getOne 第 1 次 等待 3 秒
2021-07-27 00:05:01 查询号码 【1465731】，返回信息 {"status":"bad","msg":""}
2021-07-27 00:05:01 查询号码 【1465731】，GSD为【""】
2021-07-27 00:05:01 bad
2021-07-27 00:05:03 CHB 1465731?1627315501 第 1 次 等待 3 秒
2021-07-27 00:05:06 CHB 1465731?1627315501 第 1 次 获取到号码【1465731】GSD
2021-07-27 00:05:06 未获取到号码【1465731】GSD，可能号码格式错误
2021-07-27 00:05:06 获取到号码【1465731】的GSD为【-】
2021-07-27 00:05:09 GSD insert 第 1 次 等待 3 秒
2021-07-27 00:05:12 {"status":"ok","gid":407132,"msg":"添加成功！"}
2021-07-27 00:05:12 下次操作: 2021-07-27 00:05:26

2021-07-27 00:05:26 开始第 30 次操作

2021-07-27 00:05:26 开始操作号码 【1465730】
2021-07-27 00:05:34 GSD getOne 第 1 次 等待 3 秒
2021-07-27 00:05:37 查询号码 【1465730】，返回信息 {"status":"bad","msg":""}
2021-07-27 00:05:37 查询号码 【1465730】，GSD为【""】
2021-07-27 00:05:37 bad
2021-07-27 00:05:39 CHB 1465730?1627315537 第 1 次 等待 3 秒
2021-07-27 00:05:42 CHB 1465730?1627315537 第 1 次 获取到号码【1465730】GSD
2021-07-27 00:05:42 未获取到号码【1465730】GSD，可能号码格式错误
2021-07-27 00:05:42 获取到号码【1465730】的GSD为【-】
2021-07-27 00:05:45 GSD insert 第 1 次 等待 3 秒
2021-07-27 00:05:48 {"status":"ok","gid":407140,"msg":"添加成功！"}
2021-07-27 00:05:48 下次操作: 2021-07-27 00:06:01

2021-07-27 00:06:01 开始第 31 次操作

2021-07-27 00:06:01 开始操作号码 【1465729】
2021-07-27 00:06:04 GSD getOne 第 1 次 等待 3 秒
2021-07-27 00:06:07 查询号码 【1465729】，返回信息 {"status":"bad","msg":""}
2021-07-27 00:06:07 查询号码 【1465729】，GSD为【""】
2021-07-27 00:06:07 bad
2021-07-27 00:06:09 CHB 1465729?1627315567 第 1 次 等待 3 秒
2021-07-27 00:06:12 CHB 1465729?1627315567 第 1 次 获取到号码【1465729】GSD
2021-07-27 00:06:12 未获取到号码【1465729】GSD，可能号码格式错误
2021-07-27 00:06:12 获取到号码【1465729】的GSD为【-】
2021-07-27 00:06:15 GSD insert 第 1 次 等待 3 秒
2021-07-27 00:06:18 {"status":"ok","gid":407151,"msg":"添加成功！"}
2021-07-27 00:06:18 下次操作: 2021-07-27 00:06:30

2021-07-27 00:06:30 开始第 32 次操作

2021-07-27 00:06:30 开始操作号码 【1465728】
2021-07-27 00:06:36 GSD getOne 第 1 次 等待 3 秒
2021-07-27 00:06:39 查询号码 【1465728】，返回信息 {"status":"bad","msg":""}
2021-07-27 00:06:39 查询号码 【1465728】，GSD为【""】
2021-07-27 00:06:39 bad
2021-07-27 00:06:41 CHB 1465728?1627315599 第 1 次 等待 3 秒
2021-07-27 00:06:44 CHB 1465728?1627315599 第 1 次 获取到号码【1465728】GSD
2021-07-27 00:06:44 未获取到号码【1465728】GSD，可能号码格式错误
2021-07-27 00:06:44 获取到号码【1465728】的GSD为【-】
2021-07-27 00:06:49 GSD insert 第 1 次 等待 3 秒
2021-07-27 00:06:52 {"status":"ok","gid":407157,"msg":"添加成功！"}
2021-07-27 00:06:52 下次操作: 2021-07-27 00:07:06

2021-07-27 00:07:06 开始第 33 次操作

2021-07-27 00:07:06 开始操作号码 【1465727】
2021-07-27 00:07:10 GSD getOne 第 1 次 等待 3 秒
2021-07-27 00:07:13 查询号码 【1465727】，返回信息 {"status":"bad","msg":""}
2021-07-27 00:07:13 查询号码 【1465727】，GSD为【""】
2021-07-27 00:07:13 bad
2021-07-27 00:07:15 CHB 1465727?1627315633 第 1 次 等待 3 秒
2021-07-27 00:07:18 CHB 1465727?1627315633 第 1 次 获取到号码【1465727】GSD
2021-07-27 00:07:18 未获取到号码【1465727】GSD，可能号码格式错误
2021-07-27 00:07:18 获取到号码【1465727】的GSD为【-】
2021-07-27 00:07:23 GSD insert 第 1 次 等待 3 秒
2021-07-27 00:07:26 {"status":"ok","gid":407167,"msg":"添加成功！"}
2021-07-27 00:07:26 下次操作: 2021-07-27 00:07:42

2021-07-27 00:07:42 开始第 34 次操作

2021-07-27 00:07:42 开始操作号码 【1465726】
2021-07-27 00:07:44 GSD getOne 第 1 次 等待 3 秒
2021-07-27 00:07:47 查询号码 【1465726】，返回信息 {"status":"bad","msg":""}
2021-07-27 00:07:47 查询号码 【1465726】，GSD为【""】
2021-07-27 00:07:47 bad
2021-07-27 00:07:49 CHB 1465726?1627315667 第 1 次 等待 3 秒
2021-07-27 00:07:52 CHB 1465726?1627315667 第 1 次 获取到号码【1465726】GSD
2021-07-27 00:07:52 未获取到号码【1465726】GSD，可能号码格式错误
2021-07-27 00:07:52 获取到号码【1465726】的GSD为【-】
2021-07-27 00:07:55 GSD insert 第 1 次 等待 3 秒
2021-07-27 00:07:58 {"status":"ok","gid":407175,"msg":"添加成功！"}
2021-07-27 00:07:58 下次操作: 2021-07-27 00:08:15

2021-07-27 00:08:15 开始第 35 次操作

2021-07-27 00:08:15 开始操作号码 【1465725】
2021-07-27 00:08:25 GSD getOne 第 1 次 等待 3 秒
2021-07-27 00:08:28 查询号码 【1465725】，返回信息 {"status":"bad","msg":""}
2021-07-27 00:08:28 查询号码 【1465725】，GSD为【""】
2021-07-27 00:08:28 bad
2021-07-27 00:08:29 CHB 1465725?1627315708 第 1 次 等待 3 秒
2021-07-27 00:08:32 CHB 1465725?1627315708 第 1 次 获取到号码【1465725】GSD
2021-07-27 00:08:32 未获取到号码【1465725】GSD，可能号码格式错误
2021-07-27 00:08:32 获取到号码【1465725】的GSD为【-】
2021-07-27 00:08:37 GSD insert 第 1 次 等待 3 秒
2021-07-27 00:08:40 {"status":"ok","gid":407185,"msg":"添加成功！"}
2021-07-27 00:08:40 下次操作: 2021-07-27 00:08:55

2021-07-27 00:08:55 开始第 36 次操作

2021-07-27 00:08:55 开始操作号码 【1465724】
2021-07-27 00:09:01 GSD getOne 第 1 次 等待 3 秒
2021-07-27 00:09:04 查询号码 【1465724】，返回信息 {"status":"bad","msg":""}
2021-07-27 00:09:04 查询号码 【1465724】，GSD为【""】
2021-07-27 00:09:04 bad
2021-07-27 00:09:06 CHB 1465724?1627315744 第 1 次 等待 3 秒
2021-07-27 00:09:09 CHB 1465724?1627315744 第 1 次 获取到号码【1465724】GSD
2021-07-27 00:09:09 未获取到号码【1465724】GSD，可能号码格式错误
2021-07-27 00:09:09 获取到号码【1465724】的GSD为【-】
2021-07-27 00:09:16 GSD insert 第 1 次 等待 3 秒
2021-07-27 00:09:19 {"status":"ok","gid":407196,"msg":"添加成功！"}
2021-07-27 00:09:19 下次操作: 2021-07-27 00:09:39

2021-07-27 00:09:39 开始第 37 次操作

2021-07-27 00:09:39 开始操作号码 【1465723】
2021-07-27 00:09:44 GSD getOne 第 1 次 等待 3 秒
2021-07-27 00:09:47 查询号码 【1465723】，返回信息 {"status":"bad","msg":""}
2021-07-27 00:09:47 查询号码 【1465723】，GSD为【""】
2021-07-27 00:09:47 bad
2021-07-27 00:09:49 CHB 1465723?1627315787 第 1 次 等待 3 秒
2021-07-27 00:09:52 CHB 1465723?1627315787 第 1 次 获取到号码【1465723】GSD
2021-07-27 00:09:52 未获取到号码【1465723】GSD，可能号码格式错误
2021-07-27 00:09:52 获取到号码【1465723】的GSD为【-】
2021-07-27 00:09:55 GSD insert 第 1 次 等待 3 秒
2021-07-27 00:09:58 {"status":"ok","gid":407206,"msg":"添加成功！"}
2021-07-27 00:09:58 下次操作: 2021-07-27 00:10:20

2021-07-27 00:10:20 开始第 38 次操作

2021-07-27 00:10:20 开始操作号码 【1465722】
2021-07-27 00:10:24 GSD getOne 第 1 次 等待 3 秒
2021-07-27 00:10:27 查询号码 【1465722】，返回信息 {"status":"bad","msg":""}
2021-07-27 00:10:27 查询号码 【1465722】，GSD为【""】
2021-07-27 00:10:27 bad
2021-07-27 00:10:29 CHB 1465722?1627315827 第 1 次 等待 3 秒
2021-07-27 00:10:32 CHB 1465722?1627315827 第 1 次 获取到号码【1465722】GSD
2021-07-27 00:10:32 未获取到号码【1465722】GSD，可能号码格式错误
2021-07-27 00:10:32 获取到号码【1465722】的GSD为【-】
2021-07-27 00:10:35 GSD insert 第 1 次 等待 3 秒
2021-07-27 00:10:38 {"status":"ok","gid":407217,"msg":"添加成功！"}
2021-07-27 00:10:38 下次操作: 2021-07-27 00:10:55

2021-07-27 00:10:55 开始第 39 次操作

2021-07-27 00:10:55 开始操作号码 【1465721】
2021-07-27 00:10:58 GSD getOne 第 1 次 等待 3 秒
2021-07-27 00:11:01 查询号码 【1465721】，返回信息 {"status":"bad","msg":""}
2021-07-27 00:11:01 查询号码 【1465721】，GSD为【""】
2021-07-27 00:11:01 bad
2021-07-27 00:11:03 CHB 1465721?1627315861 第 1 次 等待 3 秒
2021-07-27 00:11:06 CHB 1465721?1627315861 第 1 次 获取到号码【1465721】GSD
2021-07-27 00:11:06 未获取到号码【1465721】GSD，可能号码格式错误
2021-07-27 00:11:06 获取到号码【1465721】的GSD为【-】
2021-07-27 00:11:10 GSD insert 第 1 次 等待 3 秒
2021-07-27 00:11:13 {"status":"ok","gid":407224,"msg":"添加成功！"}
2021-07-27 00:11:13 下次操作: 2021-07-27 00:11:26

2021-07-27 00:11:26 开始第 40 次操作

2021-07-27 00:11:26 开始操作号码 【1465720】
2021-07-27 00:11:34 GSD getOne 第 1 次 等待 3 秒
2021-07-27 00:11:37 查询号码 【1465720】，返回信息 {"status":"bad","msg":""}
2021-07-27 00:11:37 查询号码 【1465720】，GSD为【""】
2021-07-27 00:11:37 bad
2021-07-27 00:11:39 CHB 1465720?1627315897 第 1 次 等待 3 秒
2021-07-27 00:11:42 CHB 1465720?1627315897 第 1 次 获取到号码【1465720】GSD
2021-07-27 00:11:42 未获取到号码【1465720】GSD，可能号码格式错误
2021-07-27 00:11:42 获取到号码【1465720】的GSD为【-】
2021-07-27 00:11:50 GSD insert 第 1 次 等待 3 秒
2021-07-27 00:11:53 {"status":"ok","gid":407230,"msg":"添加成功！"}

