2024-08-29 00:16:49 开始第 1717 次操作

2024-08-29 00:16:49 开始操作号码 【1421716】
2024-08-29 00:16:57 GSD getOne 第 1 次 等待 3 秒
2024-08-29 00:17:00 查询号码 【1421716】，返回信息 {"status":"ok","msg":"-","gid":"547674","time_insert":"2023-02-22 18:05"}
2024-08-29 00:17:00 查询号码 【1421716】，GSD为【"-"】
2024-08-29 00:17:00 ok && -
2024-08-29 00:17:03 CHB 1421716?1724861820 第 1 次 等待 3 秒
2024-08-29 00:17:06 CHB 1421716?1724861820 第 1 次 获取到号码【1421716】GSD
2024-08-29 00:17:06 未获取到号码【1421716】GSD，可能号码格式错误
2024-08-29 00:17:06 获取到号码【1421716】的GSD为【-】
2024-08-29 00:17:16 GSD insert 第 1 次 等待 3 秒
2024-08-29 00:17:19 {"status":"bad","gid":"547674","msg":"添加失败！号码【1421716(-|-)】已存在！"}
2024-08-29 00:17:19 随机等待 217 秒，约 3 分钟
2024-08-29 00:17:19 下次操作: 2024-08-29 00:20:56

2024-08-29 00:20:56 开始第 1718 次操作

2024-08-29 00:20:56 开始操作号码 【1421717】
2024-08-29 00:21:06 GSD getOne 第 1 次 等待 3 秒
2024-08-29 00:21:09 查询号码 【1421717】，返回信息 {"status":"ok","msg":"-","gid":"547692","time_insert":"2023-02-22 18:18"}
2024-08-29 00:21:09 查询号码 【1421717】，GSD为【"-"】
2024-08-29 00:21:09 ok && -
2024-08-29 00:21:11 CHB 1421717?1724862069 第 1 次 等待 3 秒
2024-08-29 00:21:14 CHB 1421717?1724862069 第 1 次 获取到号码【1421717】GSD
2024-08-29 00:21:14 未获取到号码【1421717】GSD，可能号码格式错误
2024-08-29 00:21:14 获取到号码【1421717】的GSD为【-】
2024-08-29 00:21:22 GSD insert 第 1 次 等待 3 秒
2024-08-29 00:21:25 {"status":"bad","gid":"547692","msg":"添加失败！号码【1421717(-|-)】已存在！"}
2024-08-29 00:21:25 随机等待 234 秒，约 3 分钟
2024-08-29 00:21:25 下次操作: 2024-08-29 00:25:19

2024-08-29 00:25:19 开始第 1719 次操作

2024-08-29 00:25:19 开始操作号码 【1421718】
2024-08-29 00:25:27 GSD getOne 第 1 次 等待 3 秒
2024-08-29 00:25:30 查询号码 【1421718】，返回信息 {"status":"ok","msg":"-","gid":"547709","time_insert":"2023-02-22 18:28"}
2024-08-29 00:25:30 查询号码 【1421718】，GSD为【"-"】
2024-08-29 00:25:30 ok && -
2024-08-29 00:25:33 CHB 1421718?1724862330 第 1 次 等待 3 秒
2024-08-29 00:25:36 CHB 1421718?1724862330 第 1 次 获取到号码【1421718】GSD
2024-08-29 00:25:36 未获取到号码【1421718】GSD，可能号码格式错误
2024-08-29 00:25:36 获取到号码【1421718】的GSD为【-】
2024-08-29 00:25:48 GSD insert 第 1 次 等待 3 秒
2024-08-29 00:25:51 {"status":"bad","gid":"547709","msg":"添加失败！号码【1421718(-|-)】已存在！"}
2024-08-29 00:25:51 随机等待 135 秒，约 2 分钟
2024-08-29 00:25:51 下次操作: 2024-08-29 00:28:06

2024-08-29 00:28:06 开始第 1720 次操作

2024-08-29 00:28:06 开始操作号码 【1421719】
2024-08-29 00:28:14 GSD getOne 第 1 次 等待 3 秒
2024-08-29 00:28:17 查询号码 【1421719】，返回信息 {"status":"ok","msg":"-","gid":"547723","time_insert":"2023-02-22 18:37"}
2024-08-29 00:28:17 查询号码 【1421719】，GSD为【"-"】
2024-08-29 00:28:17 ok && -
2024-08-29 00:28:19 CHB 1421719?1724862497 第 1 次 等待 3 秒
2024-08-29 00:28:22 CHB 1421719?1724862497 第 1 次 获取到号码【1421719】GSD
2024-08-29 00:28:22 未获取到号码【1421719】GSD，可能号码格式错误
2024-08-29 00:28:22 获取到号码【1421719】的GSD为【-】
2024-08-29 00:28:30 GSD insert 第 1 次 等待 3 秒
2024-08-29 00:28:33 {"status":"bad","gid":"547723","msg":"添加失败！号码【1421719(-|-)】已存在！"}

