2024-02-10 00:12:44 开始第 2925 次操作

2024-02-10 00:12:44 开始操作号码 【1752818】
2024-02-10 00:12:48 GSD getOne 第 1 次 等待 3 秒
2024-02-10 00:12:51 查询号码 【1752818】，返回信息 {"status":"ok","msg":"四川-遂宁","gid":"162140","time_insert":"2021-06-30 17:04"}
2024-02-10 00:12:51 查询号码 【1752818】，GSD为【"四川-遂宁"】

2024-02-10 00:12:52 开始第 2926 次操作

2024-02-10 00:12:52 开始操作号码 【1752819】
2024-02-10 00:12:56 GSD getOne 第 1 次 等待 3 秒
2024-02-10 00:12:59 查询号码 【1752819】，返回信息 {"status":"ok","msg":"四川-巴中","gid":"162144","time_insert":"2021-06-30 17:05"}
2024-02-10 00:12:59 查询号码 【1752819】，GSD为【"四川-巴中"】

2024-02-10 00:13:00 开始第 2927 次操作

2024-02-10 00:13:00 开始操作号码 【1752820】
2024-02-10 00:13:04 GSD getOne 第 1 次 等待 3 秒
2024-02-10 00:13:07 查询号码 【1752820】，返回信息 {"status":"ok","msg":"河南-周口","gid":"162151","time_insert":"2021-06-30 17:06"}
2024-02-10 00:13:07 查询号码 【1752820】，GSD为【"河南-周口"】

2024-02-10 00:13:08 开始第 2928 次操作

2024-02-10 00:13:08 开始操作号码 【1752821】
2024-02-10 00:13:11 GSD getOne 第 1 次 等待 3 秒
2024-02-10 00:13:14 查询号码 【1752821】，返回信息 {"status":"ok","msg":"河南-周口","gid":"162156","time_insert":"2021-06-30 17:06"}
2024-02-10 00:13:15 查询号码 【1752821】，GSD为【"河南-周口"】

2024-02-10 00:35:50 开始第 2929 次操作

2024-02-10 00:35:50 开始操作号码 【1752822】
2024-02-10 00:35:54 GSD getOne 第 1 次 等待 3 秒
2024-02-10 00:35:57 查询号码 【1752822】，返回信息 {"status":"ok","msg":"河南-郑州","gid":"162159","time_insert":"2021-06-30 17:07"}
2024-02-10 00:35:57 查询号码 【1752822】，GSD为【"河南-郑州"】

2024-02-10 00:35:58 开始第 2930 次操作

2024-02-10 00:35:58 开始操作号码 【1752823】
2024-02-10 00:36:02 GSD getOne 第 1 次 等待 3 秒
2024-02-10 00:36:05 查询号码 【1752823】，返回信息 {"status":"ok","msg":"河南-周口","gid":"162163","time_insert":"2021-06-30 17:08"}
2024-02-10 00:36:05 查询号码 【1752823】，GSD为【"河南-周口"】

2024-02-10 00:36:06 开始第 2931 次操作

2024-02-10 00:36:06 开始操作号码 【1752824】
2024-02-10 00:36:10 GSD getOne 第 1 次 等待 3 秒
2024-02-10 00:36:13 查询号码 【1752824】，返回信息 {"status":"ok","msg":"河南-周口","gid":"162849","time_insert":"2021-06-30 22:50"}
2024-02-10 00:36:13 查询号码 【1752824】，GSD为【"河南-周口"】

2024-02-10 00:36:14 开始第 2932 次操作

2024-02-10 00:36:14 开始操作号码 【1752825】
2024-02-10 00:36:18 GSD getOne 第 1 次 等待 3 秒
2024-02-10 00:36:21 查询号码 【1752825】，返回信息 {"status":"ok","msg":"河南-周口","gid":"162970","time_insert":"2021-06-30 23:56"}
2024-02-10 00:36:21 查询号码 【1752825】，GSD为【"河南-周口"】

