2024-08-22 00:17:05 开始第 469 次操作

2024-08-22 00:17:05 开始操作号码 【1420468】
2024-08-22 00:17:13 GSD getOne 第 1 次 等待 3 秒
2024-08-22 00:17:16 查询号码 【1420468】，返回信息 {"status":"ok","msg":"-","gid":"525935","time_insert":"2023-02-11 11:08"}
2024-08-22 00:17:16 查询号码 【1420468】，GSD为【"-"】
2024-08-22 00:17:16 ok && -
2024-08-22 00:17:18 CHB 1420468?1724257036 第 1 次 等待 3 秒
2024-08-22 00:17:21 CHB 1420468?1724257036 第 1 次 获取到号码【1420468】GSD
2024-08-22 00:17:21 未获取到号码【1420468】GSD，可能号码格式错误
2024-08-22 00:17:21 获取到号码【1420468】的GSD为【-】
2024-08-22 00:17:30 GSD insert 第 1 次 等待 3 秒
2024-08-22 00:17:33 {"status":"bad","gid":"525935","msg":"添加失败！号码【1420468(-|-)】已存在！"}
2024-08-22 00:17:33 随机等待 188 秒，约 3 分钟
2024-08-22 00:17:33 下次操作: 2024-08-22 00:20:41

2024-08-22 00:20:41 开始第 470 次操作

2024-08-22 00:20:41 开始操作号码 【1420469】
2024-08-22 00:20:49 GSD getOne 第 1 次 等待 3 秒
2024-08-22 00:20:52 查询号码 【1420469】，返回信息 {"status":"ok","msg":"-","gid":"525948","time_insert":"2023-02-11 11:23"}
2024-08-22 00:20:52 查询号码 【1420469】，GSD为【"-"】
2024-08-22 00:20:52 ok && -
2024-08-22 00:20:53 CHB 1420469?1724257252 第 1 次 等待 3 秒
2024-08-22 00:20:56 CHB 1420469?1724257252 第 1 次 获取到号码【1420469】GSD
2024-08-22 00:20:56 未获取到号码【1420469】GSD，可能号码格式错误
2024-08-22 00:20:56 获取到号码【1420469】的GSD为【-】
2024-08-22 00:21:06 GSD insert 第 1 次 等待 3 秒
2024-08-22 00:21:09 {"status":"bad","gid":"525948","msg":"添加失败！号码【1420469(-|-)】已存在！"}
2024-08-22 00:21:09 随机等待 224 秒，约 3 分钟
2024-08-22 00:21:09 下次操作: 2024-08-22 00:24:53

2024-08-22 00:24:53 开始第 471 次操作

2024-08-22 00:24:53 开始操作号码 【1420470】
2024-08-22 00:25:01 GSD getOne 第 1 次 等待 3 秒
2024-08-22 00:25:04 查询号码 【1420470】，返回信息 {"status":"ok","msg":"-","gid":"525961","time_insert":"2023-02-11 11:37"}
2024-08-22 00:25:04 查询号码 【1420470】，GSD为【"-"】
2024-08-22 00:25:04 ok && -
2024-08-22 00:25:06 CHB 1420470?1724257504 第 1 次 等待 3 秒
2024-08-22 00:25:09 CHB 1420470?1724257504 第 1 次 获取到号码【1420470】GSD
2024-08-22 00:25:09 未获取到号码【1420470】GSD，可能号码格式错误
2024-08-22 00:25:09 获取到号码【1420470】的GSD为【-】
2024-08-22 00:25:17 GSD insert 第 1 次 等待 3 秒
2024-08-22 00:25:20 {"status":"bad","gid":"525961","msg":"添加失败！号码【1420470(-|-)】已存在！"}
2024-08-22 00:25:20 随机等待 85 秒，约 1 分钟
2024-08-22 00:25:20 下次操作: 2024-08-22 00:26:45

2024-08-22 00:26:45 开始第 472 次操作

2024-08-22 00:26:45 开始操作号码 【1420471】
2024-08-22 00:26:56 GSD getOne 第 1 次 等待 3 秒
2024-08-22 00:26:59 查询号码 【1420471】，返回信息 {"status":"ok","msg":"-","gid":"525974","time_insert":"2023-02-11 11:50"}
2024-08-22 00:26:59 查询号码 【1420471】，GSD为【"-"】
2024-08-22 00:26:59 ok && -
2024-08-22 00:27:01 CHB 1420471?1724257619 第 1 次 等待 3 秒
2024-08-22 00:27:04 CHB 1420471?1724257619 第 1 次 获取到号码【1420471】GSD
2024-08-22 00:27:04 未获取到号码【1420471】GSD，可能号码格式错误
2024-08-22 00:27:04 获取到号码【1420471】的GSD为【-】
2024-08-22 00:27:13 GSD insert 第 1 次 等待 3 秒
2024-08-22 00:27:16 {"status":"bad","gid":"525974","msg":"添加失败！号码【1420471(-|-)】已存在！"}

