2024-07-12 00:14:23 开始第 5645 次操作

2024-07-12 00:14:23 开始操作号码 【1535527】
2024-07-12 00:14:31 GSD getOne 第 1 次 等待 3 秒
2024-07-12 00:14:34 查询号码 【1535527】，返回信息 {"status":"ok","msg":"浙江-台州","gid":"416989","time_insert":"2021-07-27 21:04"}
2024-07-12 00:14:35 查询号码 【1535527】，GSD为【"浙江-台州"】

2024-07-12 00:14:36 开始第 5646 次操作

2024-07-12 00:14:36 开始操作号码 【1535528】
2024-07-12 00:14:44 GSD getOne 第 1 次 等待 3 秒
2024-07-12 00:14:47 查询号码 【1535528】，返回信息 {"status":"ok","msg":"浙江-台州","gid":"416976","time_insert":"2021-07-27 21:03"}
2024-07-12 00:14:47 查询号码 【1535528】，GSD为【"浙江-台州"】

2024-07-12 00:14:48 开始第 5647 次操作

2024-07-12 00:14:48 开始操作号码 【1535529】
2024-07-12 00:14:56 GSD getOne 第 1 次 等待 3 秒
2024-07-12 00:14:59 查询号码 【1535529】，返回信息 {"status":"ok","msg":"浙江-舟山","gid":"416965","time_insert":"2021-07-27 21:03"}
2024-07-12 00:14:59 查询号码 【1535529】，GSD为【"浙江-舟山"】

2024-07-12 00:15:00 开始第 5648 次操作

2024-07-12 00:15:00 开始操作号码 【1535530】
2024-07-12 00:15:08 GSD getOne 第 1 次 等待 3 秒
2024-07-12 00:15:11 查询号码 【1535530】，返回信息 {"status":"ok","msg":"浙江-金华","gid":"416957","time_insert":"2021-07-27 21:02"}
2024-07-12 00:15:11 查询号码 【1535530】，GSD为【"浙江-金华"】

2024-07-12 00:38:19 开始第 5649 次操作

2024-07-12 00:38:19 开始操作号码 【1535531】
2024-07-12 00:38:28 GSD getOne 第 1 次 等待 3 秒
2024-07-12 00:38:31 查询号码 【1535531】，返回信息 {"status":"ok","msg":"浙江-金华","gid":"416948","time_insert":"2021-07-27 21:02"}
2024-07-12 00:38:31 查询号码 【1535531】，GSD为【"浙江-金华"】

2024-07-12 00:38:32 开始第 5650 次操作

2024-07-12 00:38:32 开始操作号码 【1535532】
2024-07-12 00:38:40 GSD getOne 第 1 次 等待 3 秒
2024-07-12 00:38:43 查询号码 【1535532】，返回信息 {"status":"ok","msg":"浙江-金华","gid":"416938","time_insert":"2021-07-27 21:01"}
2024-07-12 00:38:43 查询号码 【1535532】，GSD为【"浙江-金华"】

2024-07-12 00:38:44 开始第 5651 次操作

2024-07-12 00:38:44 开始操作号码 【1535533】
2024-07-12 00:38:52 GSD getOne 第 1 次 等待 3 秒
2024-07-12 00:38:55 查询号码 【1535533】，返回信息 {"status":"ok","msg":"浙江-金华","gid":"416933","time_insert":"2021-07-27 21:00"}
2024-07-12 00:38:55 查询号码 【1535533】，GSD为【"浙江-金华"】

2024-07-12 00:38:56 开始第 5652 次操作

2024-07-12 00:38:56 开始操作号码 【1535534】
2024-07-12 00:39:05 GSD getOne 第 1 次 等待 3 秒
2024-07-12 00:39:08 查询号码 【1535534】，返回信息 {"status":"ok","msg":"浙江-金华","gid":"416926","time_insert":"2021-07-27 21:00"}
2024-07-12 00:39:08 查询号码 【1535534】，GSD为【"浙江-金华"】

