2024-11-06 00:26:58 开始第 3269 次操作

2024-11-06 00:26:58 开始操作号码 【1323268】
2024-11-06 00:27:00 GSD getOne 第 1 次 等待 3 秒
2024-11-06 00:27:03 查询号码 【1323268】，返回信息 {"status":"ok","msg":"广东-湛江","gid":"111182","time_insert":"2021-06-21 19:08"}
2024-11-06 00:27:03 查询号码 【1323268】，GSD为【"广东-湛江"】

2024-11-06 00:27:04 开始第 3270 次操作

2024-11-06 00:27:04 开始操作号码 【1323269】
2024-11-06 00:27:05 GSD getOne 第 1 次 等待 3 秒
2024-11-06 00:27:08 查询号码 【1323269】，返回信息 {"status":"ok","msg":"广东-湛江","gid":"111218","time_insert":"2021-06-21 19:28"}
2024-11-06 00:27:08 查询号码 【1323269】，GSD为【"广东-湛江"】

2024-11-06 00:27:09 开始第 3271 次操作

2024-11-06 00:27:09 开始操作号码 【1323270】
2024-11-06 00:27:10 GSD getOne 第 1 次 等待 3 秒
2024-11-06 00:27:13 查询号码 【1323270】，返回信息 {"status":"ok","msg":"广东-湛江","gid":"111249","time_insert":"2021-06-21 19:46"}
2024-11-06 00:27:13 查询号码 【1323270】，GSD为【"广东-湛江"】

2024-11-06 00:27:14 开始第 3272 次操作

2024-11-06 00:27:14 开始操作号码 【1323271】
2024-11-06 00:27:15 GSD getOne 第 1 次 等待 3 秒
2024-11-06 00:27:18 查询号码 【1323271】，返回信息 {"status":"ok","msg":"广东-湛江","gid":"111309","time_insert":"2021-06-21 20:09"}
2024-11-06 00:27:18 查询号码 【1323271】，GSD为【"广东-湛江"】

2024-11-06 00:44:08 开始第 3273 次操作

2024-11-06 00:44:08 开始操作号码 【1323272】
2024-11-06 00:44:10 GSD getOne 第 1 次 等待 3 秒
2024-11-06 00:44:13 查询号码 【1323272】，返回信息 {"status":"ok","msg":"广东-湛江","gid":"111336","time_insert":"2021-06-21 20:28"}
2024-11-06 00:44:13 查询号码 【1323272】，GSD为【"广东-湛江"】

2024-11-06 00:44:14 开始第 3274 次操作

2024-11-06 00:44:14 开始操作号码 【1323273】
2024-11-06 00:44:15 GSD getOne 第 1 次 等待 3 秒
2024-11-06 00:44:18 查询号码 【1323273】，返回信息 {"status":"ok","msg":"广东-湛江","gid":"111363","time_insert":"2021-06-21 20:46"}
2024-11-06 00:44:18 查询号码 【1323273】，GSD为【"广东-湛江"】

2024-11-06 00:44:19 开始第 3275 次操作

2024-11-06 00:44:19 开始操作号码 【1323274】
2024-11-06 00:44:20 GSD getOne 第 1 次 等待 3 秒
2024-11-06 00:44:23 查询号码 【1323274】，返回信息 {"status":"ok","msg":"广东-湛江","gid":"111400","time_insert":"2021-06-21 21:11"}
2024-11-06 00:44:23 查询号码 【1323274】，GSD为【"广东-湛江"】

2024-11-06 00:44:24 开始第 3276 次操作

2024-11-06 00:44:24 开始操作号码 【1323275】
2024-11-06 00:44:25 GSD getOne 第 1 次 等待 3 秒
2024-11-06 00:44:28 查询号码 【1323275】，返回信息 {"status":"ok","msg":"广东-河源","gid":"111426","time_insert":"2021-06-21 21:29"}
2024-11-06 00:44:28 查询号码 【1323275】，GSD为【"广东-河源"】

