2024-05-03 00:13:09 开始第 7001 次操作

2024-05-03 00:13:09 开始操作号码 【1646895】
2024-05-03 00:13:14 GSD getOne 第 1 次 等待 3 秒
2024-05-03 00:13:17 查询号码 【1646895】，返回信息 {"status":"ok","msg":"-","gid":"667794","time_insert":"2023-04-21 03:15"}
2024-05-03 00:13:17 查询号码 【1646895】，GSD为【"-"】
2024-05-03 00:13:17 ok && -
2024-05-03 00:13:19 CHB 1646895?1714666397 第 1 次 等待 3 秒
2024-05-03 00:13:22 CHB 1646895?1714666397 第 1 次 获取到号码【1646895】GSD
2024-05-03 00:13:23 未获取到号码【1646895】GSD，可能号码格式错误
2024-05-03 00:13:23 获取到号码【1646895】的GSD为【-】
2024-05-03 00:13:27 GSD insert 第 1 次 等待 3 秒
2024-05-03 00:13:30 {"status":"bad","gid":"667794","msg":"添加失败！号码【1646895(-|-)】已存在！"}
2024-05-03 00:13:30 随机等待 78 秒，约 1 分钟
2024-05-03 00:13:30 下次操作: 2024-05-03 00:14:48

2024-05-03 00:14:48 开始第 7002 次操作

2024-05-03 00:14:48 开始操作号码 【1646896】
2024-05-03 00:14:53 GSD getOne 第 1 次 等待 3 秒
2024-05-03 00:14:56 查询号码 【1646896】，返回信息 {"status":"ok","msg":"-","gid":"667819","time_insert":"2023-04-21 03:29"}
2024-05-03 00:14:56 查询号码 【1646896】，GSD为【"-"】
2024-05-03 00:14:56 ok && -
2024-05-03 00:14:59 CHB 1646896?1714666496 第 1 次 等待 3 秒
2024-05-03 00:15:02 CHB 1646896?1714666496 第 1 次 获取到号码【1646896】GSD
2024-05-03 00:15:02 未获取到号码【1646896】GSD，可能号码格式错误
2024-05-03 00:15:02 获取到号码【1646896】的GSD为【-】
2024-05-03 00:15:07 GSD insert 第 1 次 等待 3 秒
2024-05-03 00:15:10 {"status":"bad","gid":"667819","msg":"添加失败！号码【1646896(-|-)】已存在！"}
2024-05-03 00:15:10 随机等待 161 秒，约 2 分钟
2024-05-03 00:15:10 下次操作: 2024-05-03 00:17:51

2024-05-03 00:17:51 开始第 7003 次操作

2024-05-03 00:17:51 开始操作号码 【1646897】
2024-05-03 00:17:57 GSD getOne 第 1 次 等待 3 秒
2024-05-03 00:18:00 查询号码 【1646897】，返回信息 {"status":"ok","msg":"-","gid":"667846","time_insert":"2023-04-21 03:45"}
2024-05-03 00:18:00 查询号码 【1646897】，GSD为【"-"】
2024-05-03 00:18:00 ok && -
2024-05-03 00:18:02 CHB 1646897?1714666680 第 1 次 等待 3 秒
2024-05-03 00:18:05 CHB 1646897?1714666680 第 1 次 获取到号码【1646897】GSD
2024-05-03 00:18:05 未获取到号码【1646897】GSD，可能号码格式错误
2024-05-03 00:18:05 获取到号码【1646897】的GSD为【-】
2024-05-03 00:18:10 GSD insert 第 1 次 等待 3 秒
2024-05-03 00:18:14 {"status":"bad","gid":"667846","msg":"添加失败！号码【1646897(-|-)】已存在！"}
2024-05-03 00:18:14 随机等待 174 秒，约 2 分钟
2024-05-03 00:18:14 下次操作: 2024-05-03 00:21:08

2024-05-03 00:21:08 开始第 7004 次操作

2024-05-03 00:21:08 开始操作号码 【1646898】
2024-05-03 00:21:15 GSD getOne 第 1 次 等待 3 秒
2024-05-03 00:21:18 查询号码 【1646898】，返回信息 {"status":"ok","msg":"-","gid":"667876","time_insert":"2023-04-21 04:04"}
2024-05-03 00:21:18 查询号码 【1646898】，GSD为【"-"】
2024-05-03 00:21:18 ok && -
2024-05-03 00:21:19 CHB 1646898?1714666878 第 1 次 等待 3 秒
2024-05-03 00:21:22 CHB 1646898?1714666878 第 1 次 获取到号码【1646898】GSD
2024-05-03 00:21:22 未获取到号码【1646898】GSD，可能号码格式错误
2024-05-03 00:21:22 获取到号码【1646898】的GSD为【-】
2024-05-03 00:21:29 GSD insert 第 1 次 等待 3 秒
2024-05-03 00:21:32 {"status":"bad","gid":"667876","msg":"添加失败！号码【1646898(-|-)】已存在！"}

