2024-02-17 00:12:59 开始第 4213 次操作

2024-02-17 00:12:59 开始操作号码 【1754106】
2024-02-17 00:13:05 GSD getOne 第 1 次 等待 3 秒
2024-02-17 00:13:08 查询号码 【1754106】，返回信息 {"status":"ok","msg":"辽宁-铁岭","gid":"176756","time_insert":"2021-07-02 21:46"}
2024-02-17 00:13:08 查询号码 【1754106】，GSD为【"辽宁-铁岭"】

2024-02-17 00:13:09 开始第 4214 次操作

2024-02-17 00:13:09 开始操作号码 【1754107】
2024-02-17 00:13:15 GSD getOne 第 1 次 等待 3 秒
2024-02-17 00:13:18 查询号码 【1754107】，返回信息 {"status":"ok","msg":"辽宁-铁岭","gid":"176764","time_insert":"2021-07-02 21:46"}
2024-02-17 00:13:18 查询号码 【1754107】，GSD为【"辽宁-铁岭"】

2024-02-17 00:13:19 开始第 4215 次操作

2024-02-17 00:13:19 开始操作号码 【1754108】
2024-02-17 00:13:24 GSD getOne 第 1 次 等待 3 秒
2024-02-17 00:13:27 查询号码 【1754108】，返回信息 {"status":"ok","msg":"辽宁-铁岭","gid":"176773","time_insert":"2021-07-02 21:47"}
2024-02-17 00:13:27 查询号码 【1754108】，GSD为【"辽宁-铁岭"】

2024-02-17 00:13:28 开始第 4216 次操作

2024-02-17 00:13:28 开始操作号码 【1754109】
2024-02-17 00:13:32 GSD getOne 第 1 次 等待 3 秒
2024-02-17 00:13:35 查询号码 【1754109】，返回信息 {"status":"ok","msg":"辽宁-铁岭","gid":"176783","time_insert":"2021-07-02 21:48"}
2024-02-17 00:13:36 查询号码 【1754109】，GSD为【"辽宁-铁岭"】

