2024-09-19 00:17:13 开始第 5353 次操作

2024-09-19 00:17:13 开始操作号码 【1425351】
2024-09-19 00:17:24 GSD getOne 第 1 次 等待 3 秒
2024-09-19 00:17:27 查询号码 【1425351】，返回信息 {"status":"ok","msg":"-","gid":"628843","time_insert":"2023-04-02 00:59"}
2024-09-19 00:17:27 查询号码 【1425351】，GSD为【"-"】
2024-09-19 00:17:27 ok && -
2024-09-19 00:17:30 CHB 1425351?1726676247 第 1 次 等待 3 秒
2024-09-19 00:17:33 CHB 1425351?1726676247 第 1 次 获取到号码【1425351】GSD
2024-09-19 00:17:33 未获取到号码【1425351】GSD，可能号码格式错误
2024-09-19 00:17:33 获取到号码【1425351】的GSD为【-】
2024-09-19 00:17:42 GSD insert 第 1 次 等待 3 秒
2024-09-19 00:17:45 {"status":"bad","gid":"628843","msg":"添加失败！号码【1425351(-|-)】已存在！"}
2024-09-19 00:17:45 随机等待 114 秒，约 1 分钟
2024-09-19 00:17:45 下次操作: 2024-09-19 00:19:39

2024-09-19 00:19:39 开始第 5354 次操作

2024-09-19 00:19:39 开始操作号码 【1425352】
2024-09-19 00:19:48 GSD getOne 第 1 次 等待 3 秒
2024-09-19 00:19:51 查询号码 【1425352】，返回信息 {"status":"ok","msg":"-","gid":"628853","time_insert":"2023-04-02 01:08"}
2024-09-19 00:19:51 查询号码 【1425352】，GSD为【"-"】
2024-09-19 00:19:51 ok && -
2024-09-19 00:19:53 CHB 1425352?1726676391 第 1 次 等待 3 秒
2024-09-19 00:19:56 CHB 1425352?1726676391 第 1 次 获取到号码【1425352】GSD
2024-09-19 00:19:56 未获取到号码【1425352】GSD，可能号码格式错误
2024-09-19 00:19:56 获取到号码【1425352】的GSD为【-】
2024-09-19 00:20:05 GSD insert 第 1 次 等待 3 秒
2024-09-19 00:20:08 {"status":"bad","gid":"628853","msg":"添加失败！号码【1425352(-|-)】已存在！"}
2024-09-19 00:20:08 随机等待 188 秒，约 3 分钟
2024-09-19 00:20:08 下次操作: 2024-09-19 00:23:16

2024-09-19 00:23:16 开始第 5355 次操作

2024-09-19 00:23:16 开始操作号码 【1425353】
2024-09-19 00:23:24 GSD getOne 第 1 次 等待 3 秒
2024-09-19 00:23:27 查询号码 【1425353】，返回信息 {"status":"ok","msg":"-","gid":"628884","time_insert":"2023-04-02 01:29"}
2024-09-19 00:23:27 查询号码 【1425353】，GSD为【"-"】
2024-09-19 00:23:27 ok && -
2024-09-19 00:23:28 CHB 1425353?1726676607 第 1 次 等待 3 秒
2024-09-19 00:23:31 CHB 1425353?1726676607 第 1 次 获取到号码【1425353】GSD
2024-09-19 00:23:31 未获取到号码【1425353】GSD，可能号码格式错误
2024-09-19 00:23:31 获取到号码【1425353】的GSD为【-】
2024-09-19 00:23:39 GSD insert 第 1 次 等待 3 秒
2024-09-19 00:23:42 {"status":"bad","gid":"628884","msg":"添加失败！号码【1425353(-|-)】已存在！"}
2024-09-19 00:23:42 随机等待 90 秒，约 1 分钟
2024-09-19 00:23:42 下次操作: 2024-09-19 00:25:12

2024-09-19 00:25:12 开始第 5356 次操作

2024-09-19 00:25:12 开始操作号码 【1425354】
2024-09-19 00:25:20 GSD getOne 第 1 次 等待 3 秒
2024-09-19 00:25:23 查询号码 【1425354】，返回信息 {"status":"ok","msg":"-","gid":"628906","time_insert":"2023-04-02 01:43"}
2024-09-19 00:25:23 查询号码 【1425354】，GSD为【"-"】
2024-09-19 00:25:23 ok && -
2024-09-19 00:25:25 CHB 1425354?1726676723 第 1 次 等待 3 秒
2024-09-19 00:25:28 CHB 1425354?1726676723 第 1 次 获取到号码【1425354】GSD
2024-09-19 00:25:28 未获取到号码【1425354】GSD，可能号码格式错误
2024-09-19 00:25:28 获取到号码【1425354】的GSD为【-】
2024-09-19 00:25:41 GSD insert 第 1 次 等待 3 秒
2024-09-19 00:25:44 {"status":"bad","gid":"628906","msg":"添加失败！号码【1425354(-|-)】已存在！"}

2024-09-19 00:42:17 开始第 5357 次操作

2024-09-19 00:42:17 开始操作号码 【1425355】
2024-09-19 00:42:25 GSD getOne 第 1 次 等待 3 秒
2024-09-19 00:42:28 查询号码 【1425355】，返回信息 {"status":"ok","msg":"-","gid":"628942","time_insert":"2023-04-02 02:05"}
2024-09-19 00:42:28 查询号码 【1425355】，GSD为【"-"】
2024-09-19 00:42:28 ok && -
2024-09-19 00:42:30 CHB 1425355?1726677748 第 1 次 等待 3 秒
2024-09-19 00:42:33 CHB 1425355?1726677748 第 1 次 获取到号码【1425355】GSD
2024-09-19 00:42:33 未获取到号码【1425355】GSD，可能号码格式错误
2024-09-19 00:42:33 获取到号码【1425355】的GSD为【-】
2024-09-19 00:42:41 GSD insert 第 1 次 等待 3 秒
2024-09-19 00:42:44 {"status":"bad","gid":"628942","msg":"添加失败！号码【1425355(-|-)】已存在！"}
2024-09-19 00:42:44 随机等待 189 秒，约 3 分钟
2024-09-19 00:42:44 下次操作: 2024-09-19 00:45:53

2024-09-19 00:45:53 开始第 5358 次操作

2024-09-19 00:45:53 开始操作号码 【1425356】
2024-09-19 00:45:55 GSD getOne 第 1 次 等待 3 秒
2024-09-19 00:45:58 查询号码 【1425356】，返回信息 {"status":"ok","msg":"-","gid":"628952","time_insert":"2023-04-02 02:13"}
2024-09-19 00:45:58 查询号码 【1425356】，GSD为【"-"】
2024-09-19 00:45:58 ok && -
2024-09-19 00:45:59 CHB 1425356?1726677958 第 1 次 等待 3 秒
2024-09-19 00:46:02 CHB 1425356?1726677958 第 1 次 获取到号码【1425356】GSD
2024-09-19 00:46:02 未获取到号码【1425356】GSD，可能号码格式错误
2024-09-19 00:46:02 获取到号码【1425356】的GSD为【-】
2024-09-19 00:46:10 GSD insert 第 1 次 等待 3 秒
2024-09-19 00:46:13 {"status":"bad","gid":"628952","msg":"添加失败！号码【1425356(-|-)】已存在！"}
2024-09-19 00:46:13 随机等待 219 秒，约 3 分钟
2024-09-19 00:46:13 下次操作: 2024-09-19 00:49:52

2024-09-19 00:49:52 开始第 5359 次操作

2024-09-19 00:49:52 开始操作号码 【1425357】
2024-09-19 00:50:00 GSD getOne 第 1 次 等待 3 秒
2024-09-19 00:50:03 查询号码 【1425357】，返回信息 {"status":"ok","msg":"-","gid":"628980","time_insert":"2023-04-02 02:34"}
2024-09-19 00:50:03 查询号码 【1425357】，GSD为【"-"】
2024-09-19 00:50:03 ok && -
2024-09-19 00:50:04 CHB 1425357?1726678203 第 1 次 等待 3 秒
2024-09-19 00:50:07 CHB 1425357?1726678203 第 1 次 获取到号码【1425357】GSD
2024-09-19 00:50:07 未获取到号码【1425357】GSD，可能号码格式错误
2024-09-19 00:50:07 获取到号码【1425357】的GSD为【-】
2024-09-19 00:50:20 GSD insert 第 1 次 等待 3 秒
2024-09-19 00:50:23 {"status":"bad","gid":"628980","msg":"添加失败！号码【1425357(-|-)】已存在！"}
2024-09-19 00:50:23 随机等待 166 秒，约 2 分钟
2024-09-19 00:50:23 下次操作: 2024-09-19 00:53:09

2024-09-19 00:53:09 开始第 5360 次操作

2024-09-19 00:53:09 开始操作号码 【1425358】
2024-09-19 00:53:18 GSD getOne 第 1 次 等待 3 秒
2024-09-19 00:53:21 查询号码 【1425358】，返回信息 {"status":"ok","msg":"-","gid":"629012","time_insert":"2023-04-02 02:56"}
2024-09-19 00:53:21 查询号码 【1425358】，GSD为【"-"】
2024-09-19 00:53:21 ok && -
2024-09-19 00:53:23 CHB 1425358?1726678401 第 1 次 等待 3 秒
2024-09-19 00:53:26 CHB 1425358?1726678401 第 1 次 获取到号码【1425358】GSD
2024-09-19 00:53:26 未获取到号码【1425358】GSD，可能号码格式错误
2024-09-19 00:53:26 获取到号码【1425358】的GSD为【-】
2024-09-19 00:53:34 GSD insert 第 1 次 等待 3 秒
2024-09-19 00:53:37 {"status":"bad","gid":"629012","msg":"添加失败！号码【1425358(-|-)】已存在！"}

