2024-08-21 00:15:16 开始第 289 次操作

2024-08-21 00:15:16 开始操作号码 【1420288】
2024-08-21 00:15:25 GSD getOne 第 1 次 等待 3 秒
2024-08-21 00:15:28 查询号码 【1420288】，返回信息 {"status":"ok","msg":"-","gid":"523580","time_insert":"2023-02-09 21:06"}
2024-08-21 00:15:28 查询号码 【1420288】，GSD为【"-"】
2024-08-21 00:15:28 ok && -
2024-08-21 00:15:30 CHB 1420288?1724170528 第 1 次 等待 3 秒
2024-08-21 00:15:33 CHB 1420288?1724170528 第 1 次 获取到号码【1420288】GSD
2024-08-21 00:15:33 未获取到号码【1420288】GSD，可能号码格式错误
2024-08-21 00:15:33 获取到号码【1420288】的GSD为【-】
2024-08-21 00:15:42 GSD insert 第 1 次 等待 3 秒
2024-08-21 00:15:45 {"status":"bad","gid":"523580","msg":"添加失败！号码【1420288(-|-)】已存在！"}
2024-08-21 00:15:45 随机等待 150 秒，约 2 分钟
2024-08-21 00:15:45 下次操作: 2024-08-21 00:18:15

2024-08-21 00:18:15 开始第 290 次操作

2024-08-21 00:18:15 开始操作号码 【1420289】
2024-08-21 00:18:26 GSD getOne 第 1 次 等待 3 秒
2024-08-21 00:18:29 查询号码 【1420289】，返回信息 {"status":"ok","msg":"-","gid":"523596","time_insert":"2023-02-09 21:21"}
2024-08-21 00:18:29 查询号码 【1420289】，GSD为【"-"】
2024-08-21 00:18:29 ok && -
2024-08-21 00:18:32 CHB 1420289?1724170709 第 1 次 等待 3 秒
2024-08-21 00:18:35 CHB 1420289?1724170709 第 1 次 获取到号码【1420289】GSD
2024-08-21 00:18:35 未获取到号码【1420289】GSD，可能号码格式错误
2024-08-21 00:18:35 获取到号码【1420289】的GSD为【-】
2024-08-21 00:18:44 GSD insert 第 1 次 等待 3 秒
2024-08-21 00:18:47 {"status":"bad","gid":"523596","msg":"添加失败！号码【1420289(-|-)】已存在！"}
2024-08-21 00:18:47 随机等待 74 秒，约 1 分钟
2024-08-21 00:18:47 下次操作: 2024-08-21 00:20:01

2024-08-21 00:20:01 开始第 291 次操作

2024-08-21 00:20:01 开始操作号码 【1420290】
2024-08-21 00:20:09 GSD getOne 第 1 次 等待 3 秒
2024-08-21 00:20:12 查询号码 【1420290】，返回信息 {"status":"ok","msg":"-","gid":"523609","time_insert":"2023-02-09 21:33"}
2024-08-21 00:20:12 查询号码 【1420290】，GSD为【"-"】
2024-08-21 00:20:12 ok && -
2024-08-21 00:20:13 CHB 1420290?1724170812 第 1 次 等待 3 秒
2024-08-21 00:20:16 CHB 1420290?1724170812 第 1 次 获取到号码【1420290】GSD
2024-08-21 00:20:16 未获取到号码【1420290】GSD，可能号码格式错误
2024-08-21 00:20:16 获取到号码【1420290】的GSD为【-】
2024-08-21 00:20:25 GSD insert 第 1 次 等待 3 秒
2024-08-21 00:20:28 {"status":"bad","gid":"523609","msg":"添加失败！号码【1420290(-|-)】已存在！"}
2024-08-21 00:20:28 随机等待 233 秒，约 3 分钟
2024-08-21 00:20:28 下次操作: 2024-08-21 00:24:21

2024-08-21 00:24:21 开始第 292 次操作

2024-08-21 00:24:21 开始操作号码 【1420291】
2024-08-21 00:24:29 GSD getOne 第 1 次 等待 3 秒
2024-08-21 00:24:32 查询号码 【1420291】，返回信息 {"status":"ok","msg":"-","gid":"523622","time_insert":"2023-02-09 21:45"}
2024-08-21 00:24:32 查询号码 【1420291】，GSD为【"-"】
2024-08-21 00:24:32 ok && -
2024-08-21 00:24:34 CHB 1420291?1724171072 第 1 次 等待 3 秒
2024-08-21 00:24:37 CHB 1420291?1724171072 第 1 次 获取到号码【1420291】GSD
2024-08-21 00:24:37 未获取到号码【1420291】GSD，可能号码格式错误
2024-08-21 00:24:37 获取到号码【1420291】的GSD为【-】
2024-08-21 00:24:45 GSD insert 第 1 次 等待 3 秒
2024-08-21 00:24:48 {"status":"bad","gid":"523622","msg":"添加失败！号码【1420291(-|-)】已存在！"}

2024-08-21 00:39:04 开始第 293 次操作

2024-08-21 00:39:04 开始操作号码 【1420292】
2024-08-21 00:39:17 GSD getOne 第 1 次 等待 3 秒
2024-08-21 00:39:20 查询号码 【1420292】，返回信息 {"status":"ok","msg":"-","gid":"523631","time_insert":"2023-02-09 21:56"}
2024-08-21 00:39:20 查询号码 【1420292】，GSD为【"-"】
2024-08-21 00:39:20 ok && -
2024-08-21 00:39:23 CHB 1420292?1724171960 第 1 次 等待 3 秒
2024-08-21 00:39:26 CHB 1420292?1724171960 第 1 次 获取到号码【1420292】GSD
2024-08-21 00:39:26 未获取到号码【1420292】GSD，可能号码格式错误
2024-08-21 00:39:26 获取到号码【1420292】的GSD为【-】
2024-08-21 00:39:35 GSD insert 第 1 次 等待 3 秒
2024-08-21 00:39:38 {"status":"bad","gid":"523631","msg":"添加失败！号码【1420292(-|-)】已存在！"}
2024-08-21 00:39:38 随机等待 108 秒，约 1 分钟
2024-08-21 00:39:38 下次操作: 2024-08-21 00:41:26

2024-08-21 00:41:26 开始第 294 次操作

2024-08-21 00:41:26 开始操作号码 【1420293】
2024-08-21 00:41:37 GSD getOne 第 1 次 等待 3 秒
2024-08-21 00:41:40 查询号码 【1420293】，返回信息 {"status":"ok","msg":"-","gid":"523645","time_insert":"2023-02-09 22:09"}
2024-08-21 00:41:40 查询号码 【1420293】，GSD为【"-"】
2024-08-21 00:41:40 ok && -
2024-08-21 00:41:41 CHB 1420293?1724172100 第 1 次 等待 3 秒
2024-08-21 00:41:44 CHB 1420293?1724172100 第 1 次 获取到号码【1420293】GSD
2024-08-21 00:41:44 未获取到号码【1420293】GSD，可能号码格式错误
2024-08-21 00:41:44 获取到号码【1420293】的GSD为【-】
2024-08-21 00:41:56 GSD insert 第 1 次 等待 3 秒
2024-08-21 00:41:59 {"status":"bad","gid":"523645","msg":"添加失败！号码【1420293(-|-)】已存在！"}
2024-08-21 00:41:59 随机等待 77 秒，约 1 分钟
2024-08-21 00:41:59 下次操作: 2024-08-21 00:43:16

2024-08-21 00:43:16 开始第 295 次操作

2024-08-21 00:43:16 开始操作号码 【1420294】
2024-08-21 00:43:26 GSD getOne 第 1 次 等待 3 秒
2024-08-21 00:43:29 查询号码 【1420294】，返回信息 {"status":"ok","msg":"-","gid":"523656","time_insert":"2023-02-09 22:21"}
2024-08-21 00:43:29 查询号码 【1420294】，GSD为【"-"】
2024-08-21 00:43:29 ok && -
2024-08-21 00:43:32 CHB 1420294?1724172209 第 1 次 等待 3 秒
2024-08-21 00:43:35 CHB 1420294?1724172209 第 1 次 获取到号码【1420294】GSD
2024-08-21 00:43:35 未获取到号码【1420294】GSD，可能号码格式错误
2024-08-21 00:43:35 获取到号码【1420294】的GSD为【-】
2024-08-21 00:43:44 GSD insert 第 1 次 等待 3 秒
2024-08-21 00:43:47 {"status":"bad","gid":"523656","msg":"添加失败！号码【1420294(-|-)】已存在！"}
2024-08-21 00:43:47 随机等待 75 秒，约 1 分钟
2024-08-21 00:43:47 下次操作: 2024-08-21 00:45:02

2024-08-21 00:45:02 开始第 296 次操作

2024-08-21 00:45:02 开始操作号码 【1420295】
2024-08-21 00:45:10 GSD getOne 第 1 次 等待 3 秒
2024-08-21 00:45:13 查询号码 【1420295】，返回信息 {"status":"ok","msg":"-","gid":"523668","time_insert":"2023-02-09 22:32"}
2024-08-21 00:45:13 查询号码 【1420295】，GSD为【"-"】
2024-08-21 00:45:13 ok && -
2024-08-21 00:45:16 CHB 1420295?1724172313 第 1 次 等待 3 秒
2024-08-21 00:45:19 CHB 1420295?1724172313 第 1 次 获取到号码【1420295】GSD
2024-08-21 00:45:19 未获取到号码【1420295】GSD，可能号码格式错误
2024-08-21 00:45:19 获取到号码【1420295】的GSD为【-】
2024-08-21 00:45:27 GSD insert 第 1 次 等待 3 秒
2024-08-21 00:45:30 {"status":"bad","gid":"523668","msg":"添加失败！号码【1420295(-|-)】已存在！"}

