2021-07-31 00:00:09 开始第 10 次操作

2021-07-31 00:00:09 开始操作号码 【1886161】
2021-07-31 00:00:14 GSD getOne 第 1 次 等待 3 秒
2021-07-31 00:00:17 查询号码 【1886161】，返回信息 {"status":"bad","msg":""}
2021-07-31 00:00:17 查询号码 【1886161】，GSD为【""】
2021-07-31 00:00:17 bad
2021-07-31 00:00:20 CHB 1886161?1627660817 第 1 次 等待 3 秒
2021-07-31 00:00:23 CHB 1886161?1627660817 第 1 次 获取到号码【1886161】GSD
2021-07-31 00:00:23 获取到号码【1886161】的GSD为【江苏-无锡】
2021-07-31 00:00:43 GSD insert 第 1 次 等待 3 秒
2021-07-31 00:00:46 {"status":"ok","gid":449844,"msg":"添加成功！"}
2021-07-31 00:00:46 下次操作: 2021-07-31 00:01:02

2021-07-31 00:01:02 开始第 11 次操作

2021-07-31 00:01:02 开始操作号码 【1886160】
2021-07-31 00:01:05 GSD getOne 第 1 次 等待 3 秒
2021-07-31 00:01:08 查询号码 【1886160】，返回信息 {"status":"ok","msg":"江苏-无锡","gid":"44240","time_insert":"2019-11-15 11:24","time_update":"2020-08-26 19:56"}
2021-07-31 00:01:08 查询号码 【1886160】，GSD为【"江苏-无锡"】

2021-07-31 00:01:08 开始第 11 次操作

2021-07-31 00:01:08 开始操作号码 【1886159】
2021-07-31 00:01:27 GSD getOne 第 1 次 等待 3 秒
2021-07-31 00:01:30 查询号码 【1886159】，返回信息 {"status":"bad","msg":""}
2021-07-31 00:01:30 查询号码 【1886159】，GSD为【""】
2021-07-31 00:01:30 bad
2021-07-31 00:01:31 CHB 1886159?1627660890 第 1 次 等待 3 秒
2021-07-31 00:01:34 CHB 1886159?1627660890 第 1 次 获取到号码【1886159】GSD
2021-07-31 00:01:34 获取到号码【1886159】的GSD为【江苏-无锡】
2021-07-31 00:01:54 GSD insert 第 1 次 等待 3 秒
2021-07-31 00:01:57 {"status":"ok","gid":449866,"msg":"添加成功！"}
2021-07-31 00:01:57 下次操作: 2021-07-31 00:02:14

2021-07-31 00:02:14 开始第 12 次操作

2021-07-31 00:02:14 开始操作号码 【1886158】
2021-07-31 00:02:18 GSD getOne 第 1 次 等待 3 秒
2021-07-31 00:02:21 查询号码 【1886158】，返回信息 {"status":"bad","msg":""}
2021-07-31 00:02:21 查询号码 【1886158】，GSD为【""】
2021-07-31 00:02:21 bad
2021-07-31 00:02:23 CHB 1886158?1627660941 第 1 次 等待 3 秒
2021-07-31 00:02:26 CHB 1886158?1627660941 第 1 次 获取到号码【1886158】GSD
2021-07-31 00:02:26 获取到号码【1886158】的GSD为【江苏-无锡】
2021-07-31 00:02:48 GSD insert 第 1 次 等待 3 秒
2021-07-31 00:02:51 {"status":"ok","gid":449881,"msg":"添加成功！"}
2021-07-31 00:02:51 下次操作: 2021-07-31 00:03:09

2021-07-31 00:03:09 开始第 13 次操作

2021-07-31 00:03:09 开始操作号码 【1886157】
2021-07-31 00:03:17 GSD getOne 第 1 次 等待 3 秒
2021-07-31 00:03:20 查询号码 【1886157】，返回信息 {"status":"bad","msg":""}
2021-07-31 00:03:20 查询号码 【1886157】，GSD为【""】
2021-07-31 00:03:20 bad
2021-07-31 00:03:21 CHB 1886157?1627661000 第 1 次 等待 3 秒
2021-07-31 00:03:24 CHB 1886157?1627661000 第 1 次 获取到号码【1886157】GSD
2021-07-31 00:03:24 获取到号码【1886157】的GSD为【江苏-无锡】
2021-07-31 00:03:44 GSD insert 第 1 次 等待 3 秒
2021-07-31 00:03:47 {"status":"ok","gid":449898,"msg":"添加成功！"}
2021-07-31 00:03:47 下次操作: 2021-07-31 00:04:08

2021-07-31 00:04:08 开始第 14 次操作

2021-07-31 00:04:08 开始操作号码 【1886156】
2021-07-31 00:04:12 GSD getOne 第 1 次 等待 3 秒
2021-07-31 00:04:15 查询号码 【1886156】，返回信息 {"status":"bad","msg":""}
2021-07-31 00:04:15 查询号码 【1886156】，GSD为【""】
2021-07-31 00:04:15 bad
2021-07-31 00:04:18 CHB 1886156?1627661055 第 1 次 等待 3 秒
2021-07-31 00:04:21 CHB 1886156?1627661055 第 1 次 获取到号码【1886156】GSD
2021-07-31 00:04:21 获取到号码【1886156】的GSD为【江苏-无锡】
2021-07-31 00:04:41 GSD insert 第 1 次 等待 3 秒
2021-07-31 00:04:44 {"status":"ok","gid":449911,"msg":"添加成功！"}
2021-07-31 00:04:44 下次操作: 2021-07-31 00:05:02

2021-07-31 00:05:02 开始第 15 次操作

2021-07-31 00:05:02 开始操作号码 【1886155】
2021-07-31 00:05:07 GSD getOne 第 1 次 等待 3 秒
2021-07-31 00:05:10 查询号码 【1886155】，返回信息 {"status":"bad","msg":""}
2021-07-31 00:05:10 查询号码 【1886155】，GSD为【""】
2021-07-31 00:05:10 bad
2021-07-31 00:05:11 CHB 1886155?1627661110 第 1 次 等待 3 秒
2021-07-31 00:05:14 CHB 1886155?1627661110 第 1 次 获取到号码【1886155】GSD
2021-07-31 00:05:14 未获取到号码【1886155】GSD，查号吧 400 错误
2021-07-31 00:05:14 获取到号码【1886155】的GSD为【-】
2021-07-31 00:05:34 GSD insert 第 1 次 等待 3 秒
2021-07-31 00:05:37 {"status":"ok","gid":449924,"msg":"添加成功！"}
2021-07-31 00:05:37 下次操作: 2021-07-31 00:05:58

2021-07-31 00:05:58 开始第 16 次操作

2021-07-31 00:05:58 开始操作号码 【1886154】
2021-07-31 00:06:02 GSD getOne 第 1 次 等待 3 秒
2021-07-31 00:06:05 查询号码 【1886154】，返回信息 {"status":"bad","msg":""}
2021-07-31 00:06:05 查询号码 【1886154】，GSD为【""】
2021-07-31 00:06:05 bad
2021-07-31 00:06:07 CHB 1886154?1627661165 第 1 次 等待 3 秒
2021-07-31 00:06:10 CHB 1886154?1627661165 第 1 次 获取到号码【1886154】GSD
2021-07-31 00:06:10 获取到号码【1886154】的GSD为【江苏-无锡】
2021-07-31 00:06:31 GSD insert 第 1 次 等待 3 秒
2021-07-31 00:06:34 {"status":"ok","gid":449940,"msg":"添加成功！"}
2021-07-31 00:06:34 下次操作: 2021-07-31 00:06:56

2021-07-31 00:06:56 开始第 17 次操作

2021-07-31 00:06:56 开始操作号码 【1886153】
2021-07-31 00:06:59 GSD getOne 第 1 次 等待 3 秒
2021-07-31 00:07:02 查询号码 【1886153】，返回信息 {"status":"ok","msg":"江苏-无锡","gid":"44239","time_insert":"2020-05-27 20:48","time_update":"2020-08-26 19:52"}
2021-07-31 00:07:02 查询号码 【1886153】，GSD为【"江苏-无锡"】

2021-07-31 00:07:02 开始第 17 次操作

2021-07-31 00:07:02 开始操作号码 【1886152】
2021-07-31 00:07:43 GSD getOne 第 1 次 等待 3 秒
2021-07-31 00:07:46 查询号码 【1886152】，返回信息 {"status":"ok","msg":"江苏-无锡","gid":"44238","time_insert":"2017-04-20 15:10","time_update":"2020-08-26 19:52"}
2021-07-31 00:07:46 查询号码 【1886152】，GSD为【"江苏-无锡"】

2021-07-31 00:07:47 开始第 17 次操作

2021-07-31 00:07:47 开始操作号码 【1886151】
2021-07-31 00:08:08 GSD getOne 第 1 次 等待 3 秒
2021-07-31 00:08:11 查询号码 【1886151】，返回信息 {"status":"ok","msg":"江苏-无锡","gid":"44237","time_insert":"2014-06-19 09:38","time_update":"2020-08-26 19:47"}
2021-07-31 00:08:11 查询号码 【1886151】，GSD为【"江苏-无锡"】

2021-07-31 00:08:11 开始第 17 次操作

2021-07-31 00:08:11 开始操作号码 【1886150】
2021-07-31 00:08:34 GSD getOne 第 1 次 等待 3 秒
2021-07-31 00:08:37 查询号码 【1886150】，返回信息 {"status":"bad","msg":""}
2021-07-31 00:08:37 查询号码 【1886150】，GSD为【""】
2021-07-31 00:08:37 bad
2021-07-31 00:08:39 CHB 1886150?1627661317 第 1 次 等待 3 秒
2021-07-31 00:08:42 CHB 1886150?1627661317 第 1 次 获取到号码【1886150】GSD
2021-07-31 00:08:42 获取到号码【1886150】的GSD为【江苏-无锡】
2021-07-31 00:09:01 GSD insert 第 1 次 等待 3 秒
2021-07-31 00:09:04 {"status":"ok","gid":449980,"msg":"添加成功！"}
2021-07-31 00:09:04 下次操作: 2021-07-31 00:09:16

2021-07-31 00:09:16 开始第 18 次操作

2021-07-31 00:09:16 开始操作号码 【1886149】
2021-07-31 00:09:23 GSD getOne 第 1 次 等待 3 秒
2021-07-31 00:09:26 查询号码 【1886149】，返回信息 {"status":"bad","msg":""}
2021-07-31 00:09:26 查询号码 【1886149】，GSD为【""】
2021-07-31 00:09:26 bad
2021-07-31 00:09:28 CHB 1886149?1627661366 第 1 次 等待 3 秒
2021-07-31 00:09:31 CHB 1886149?1627661366 第 1 次 获取到号码【1886149】GSD
2021-07-31 00:09:31 获取到号码【1886149】的GSD为【江苏-常州】
2021-07-31 00:09:52 GSD insert 第 1 次 等待 3 秒
2021-07-31 00:09:55 {"status":"ok","gid":449992,"msg":"添加成功！"}
2021-07-31 00:09:55 下次操作: 2021-07-31 00:10:07

2021-07-31 00:10:07 开始第 19 次操作

2021-07-31 00:10:07 开始操作号码 【1886148】
2021-07-31 00:10:18 GSD getOne 第 1 次 等待 3 秒
2021-07-31 00:10:21 查询号码 【1886148】，返回信息 {"status":"bad","msg":""}
2021-07-31 00:10:21 查询号码 【1886148】，GSD为【""】
2021-07-31 00:10:21 bad
2021-07-31 00:10:24 CHB 1886148?1627661421 第 1 次 等待 3 秒
2021-07-31 00:10:27 CHB 1886148?1627661421 第 1 次 获取到号码【1886148】GSD
2021-07-31 00:10:27 获取到号码【1886148】的GSD为【江苏-常州】
2021-07-31 00:10:46 GSD insert 第 1 次 等待 3 秒
2021-07-31 00:10:49 {"status":"ok","gid":450009,"msg":"添加成功！"}
2021-07-31 00:10:49 下次操作: 2021-07-31 00:11:11

2021-07-31 00:11:11 开始第 20 次操作

2021-07-31 00:11:11 开始操作号码 【1886147】
2021-07-31 00:11:17 GSD getOne 第 1 次 等待 3 秒
2021-07-31 00:11:20 查询号码 【1886147】，返回信息 {"status":"bad","msg":""}
2021-07-31 00:11:20 查询号码 【1886147】，GSD为【""】
2021-07-31 00:11:20 bad
2021-07-31 00:11:32 CHB 1886147?1627661480 第 1 次 等待 3 秒
2021-07-31 00:11:35 CHB 1886147?1627661480 第 1 次 获取到号码【1886147】GSD
2021-07-31 00:11:35 获取到号码【1886147】的GSD为【江苏-常州】
2021-07-31 00:11:38 GSD insert 第 1 次 等待 3 秒
2021-07-31 00:11:41 {"status":"ok","gid":450021,"msg":"添加成功！"}
2021-07-31 00:11:41 下次操作: 2021-07-31 00:11:59

2021-07-31 00:11:59 开始第 21 次操作

2021-07-31 00:11:59 开始操作号码 【1886146】
2021-07-31 00:12:04 GSD getOne 第 1 次 等待 3 秒
2021-07-31 00:12:07 查询号码 【1886146】，返回信息 {"status":"ok","msg":"江苏-常州","gid":"44236","time_insert":"2017-02-23 11:42","time_update":"2020-08-26 19:43"}
2021-07-31 00:12:07 查询号码 【1886146】，GSD为【"江苏-常州"】

2021-07-31 00:12:07 开始第 21 次操作

2021-07-31 00:12:07 开始操作号码 【1886145】
2021-07-31 00:12:27 GSD getOne 第 1 次 等待 3 秒
2021-07-31 00:12:30 查询号码 【1886145】，返回信息 {"status":"ok","msg":"江苏-常州","gid":"44235","time_insert":"2017-04-20 15:33","time_update":"2020-08-26 19:40"}
2021-07-31 00:12:30 查询号码 【1886145】，GSD为【"江苏-常州"】

2021-07-31 00:12:30 开始第 21 次操作

2021-07-31 00:12:30 开始操作号码 【1886144】
2021-07-31 00:12:49 GSD getOne 第 1 次 等待 3 秒
2021-07-31 00:12:52 查询号码 【1886144】，返回信息 {"status":"bad","msg":""}
2021-07-31 00:12:53 查询号码 【1886144】，GSD为【""】
2021-07-31 00:12:53 bad
2021-07-31 00:12:54 CHB 1886144?1627661573 第 1 次 等待 3 秒
2021-07-31 00:12:57 CHB 1886144?1627661573 第 1 次 获取到号码【1886144】GSD
2021-07-31 00:12:58 获取到号码【1886144】的GSD为【江苏-常州】
2021-07-31 00:13:19 GSD insert 第 1 次 等待 3 秒
2021-07-31 00:13:22 {"status":"ok","gid":450046,"msg":"添加成功！"}
2021-07-31 00:13:23 下次操作: 2021-07-31 00:13:44

2021-07-31 00:13:44 开始第 22 次操作

2021-07-31 00:13:44 开始操作号码 【1886143】
2021-07-31 00:13:51 GSD getOne 第 1 次 等待 3 秒
2021-07-31 00:13:54 查询号码 【1886143】，返回信息 {"status":"bad","msg":""}
2021-07-31 00:13:54 查询号码 【1886143】，GSD为【""】
2021-07-31 00:13:54 bad
2021-07-31 00:13:56 CHB 1886143?1627661634 第 1 次 等待 3 秒
2021-07-31 00:13:59 CHB 1886143?1627661634 第 1 次 获取到号码【1886143】GSD
2021-07-31 00:13:59 获取到号码【1886143】的GSD为【江苏-常州】
2021-07-31 00:14:20 GSD insert 第 1 次 等待 3 秒
2021-07-31 00:14:23 {"status":"ok","gid":450058,"msg":"添加成功！"}
2021-07-31 00:14:23 下次操作: 2021-07-31 00:14:37

2021-07-31 00:14:37 开始第 23 次操作

2021-07-31 00:14:37 开始操作号码 【1886142】
2021-07-31 00:14:42 GSD getOne 第 1 次 等待 3 秒
2021-07-31 00:14:45 查询号码 【1886142】，返回信息 {"status":"bad","msg":""}
2021-07-31 00:14:45 查询号码 【1886142】，GSD为【""】
2021-07-31 00:14:45 bad
2021-07-31 00:14:48 CHB 1886142?1627661685 第 1 次 等待 3 秒
2021-07-31 00:14:51 CHB 1886142?1627661685 第 1 次 获取到号码【1886142】GSD
2021-07-31 00:14:51 获取到号码【1886142】的GSD为【江苏-常州】
2021-07-31 00:15:18 GSD insert 第 1 次 等待 3 秒
2021-07-31 00:15:21 {"status":"ok","gid":450069,"msg":"添加成功！"}
2021-07-31 00:15:21 下次操作: 2021-07-31 00:15:35

2021-07-31 00:15:35 开始第 24 次操作

2021-07-31 00:15:35 开始操作号码 【1886141】
2021-07-31 00:15:47 GSD getOne 第 1 次 等待 3 秒
2021-07-31 00:15:50 查询号码 【1886141】，返回信息 {"status":"bad","msg":""}
2021-07-31 00:15:50 查询号码 【1886141】，GSD为【""】
2021-07-31 00:15:50 bad
2021-07-31 00:15:53 CHB 1886141?1627661750 第 1 次 等待 3 秒
2021-07-31 00:15:56 CHB 1886141?1627661750 第 1 次 获取到号码【1886141】GSD
2021-07-31 00:15:56 获取到号码【1886141】的GSD为【江苏-常州】
2021-07-31 00:16:21 GSD insert 第 1 次 等待 3 秒
2021-07-31 00:16:24 {"status":"ok","gid":450082,"msg":"添加成功！"}
2021-07-31 00:16:24 下次操作: 2021-07-31 00:16:41

2021-07-31 00:16:41 开始第 25 次操作

2021-07-31 00:16:41 开始操作号码 【1886140】
2021-07-31 00:16:47 GSD getOne 第 1 次 等待 3 秒
2021-07-31 00:16:50 查询号码 【1886140】，返回信息 {"status":"bad","msg":""}
2021-07-31 00:16:50 查询号码 【1886140】，GSD为【""】
2021-07-31 00:16:50 bad
2021-07-31 00:16:54 CHB 1886140?1627661810 第 1 次 等待 3 秒
2021-07-31 00:16:57 CHB 1886140?1627661810 第 1 次 获取到号码【1886140】GSD
2021-07-31 00:16:58 获取到号码【1886140】的GSD为【江苏-常州】
2021-07-31 00:17:16 GSD insert 第 1 次 等待 3 秒
2021-07-31 00:17:19 {"status":"ok","gid":450092,"msg":"添加成功！"}
2021-07-31 00:17:19 下次操作: 2021-07-31 00:17:37

2021-07-31 00:17:37 开始第 26 次操作

2021-07-31 00:17:37 开始操作号码 【1886139】
2021-07-31 00:17:41 GSD getOne 第 1 次 等待 3 秒
2021-07-31 00:17:44 查询号码 【1886139】，返回信息 {"status":"bad","msg":""}
2021-07-31 00:17:44 查询号码 【1886139】，GSD为【""】
2021-07-31 00:17:44 bad
2021-07-31 00:17:47 CHB 1886139?1627661864 第 1 次 等待 3 秒
2021-07-31 00:17:50 CHB 1886139?1627661864 第 1 次 获取到号码【1886139】GSD
2021-07-31 00:17:50 获取到号码【1886139】的GSD为【江苏-连云港】
2021-07-31 00:18:09 GSD insert 第 1 次 等待 3 秒
2021-07-31 00:18:12 {"status":"ok","gid":450097,"msg":"添加成功！"}
2021-07-31 00:18:12 下次操作: 2021-07-31 00:18:31

2021-07-31 00:18:31 开始第 27 次操作

2021-07-31 00:18:31 开始操作号码 【1886138】
2021-07-31 00:18:34 GSD getOne 第 1 次 等待 3 秒
2021-07-31 00:18:37 查询号码 【1886138】，返回信息 {"status":"bad","msg":""}
2021-07-31 00:18:38 查询号码 【1886138】，GSD为【""】
2021-07-31 00:18:38 bad
2021-07-31 00:18:39 CHB 1886138?1627661918 第 1 次 等待 3 秒
2021-07-31 00:18:42 CHB 1886138?1627661918 第 1 次 获取到号码【1886138】GSD
2021-07-31 00:18:42 获取到号码【1886138】的GSD为【江苏-连云港】
2021-07-31 00:19:01 GSD insert 第 1 次 等待 3 秒
2021-07-31 00:19:04 {"status":"ok","gid":450102,"msg":"添加成功！"}
2021-07-31 00:19:04 下次操作: 2021-07-31 00:19:24

2021-07-31 00:19:24 开始第 28 次操作

2021-07-31 00:19:24 开始操作号码 【1886137】
2021-07-31 00:19:36 GSD getOne 第 1 次 等待 3 秒
2021-07-31 00:19:39 查询号码 【1886137】，返回信息 {"status":"bad","msg":""}
2021-07-31 00:19:39 查询号码 【1886137】，GSD为【""】
2021-07-31 00:19:39 bad
2021-07-31 00:19:42 CHB 1886137?1627661979 第 1 次 等待 3 秒
2021-07-31 00:19:45 CHB 1886137?1627661979 第 1 次 获取到号码【1886137】GSD
2021-07-31 00:19:45 获取到号码【1886137】的GSD为【江苏-连云港】
2021-07-31 00:20:21 GSD insert 第 1 次 等待 3 秒
2021-07-31 00:20:24 {"status":"ok","gid":450112,"msg":"添加成功！"}
2021-07-31 00:20:24 下次操作: 2021-07-31 00:20:38

2021-07-31 00:20:38 开始第 29 次操作

2021-07-31 00:20:38 开始操作号码 【1886136】
2021-07-31 00:20:43 GSD getOne 第 1 次 等待 3 秒
2021-07-31 00:20:46 查询号码 【1886136】，返回信息 {"status":"ok","msg":"江苏-连云港","gid":"44234","time_insert":"2020-05-06 09:40","time_update":"2020-08-26 19:37"}
2021-07-31 00:20:46 查询号码 【1886136】，GSD为【"江苏-连云港"】

2021-07-31 00:20:46 开始第 29 次操作

2021-07-31 00:20:47 开始操作号码 【1886135】
2021-07-31 00:21:07 GSD getOne 第 1 次 等待 3 秒
2021-07-31 00:21:10 查询号码 【1886135】，返回信息 {"status":"bad","msg":""}
2021-07-31 00:21:10 查询号码 【1886135】，GSD为【""】
2021-07-31 00:21:10 bad
2021-07-31 00:21:12 CHB 1886135?1627662070 第 1 次 等待 3 秒
2021-07-31 00:21:15 CHB 1886135?1627662070 第 1 次 获取到号码【1886135】GSD
2021-07-31 00:21:15 获取到号码【1886135】的GSD为【江苏-连云港】
2021-07-31 00:21:36 GSD insert 第 1 次 等待 3 秒
2021-07-31 00:21:39 {"status":"ok","gid":450119,"msg":"添加成功！"}
2021-07-31 00:21:39 下次操作: 2021-07-31 00:22:02

2021-07-31 00:22:02 开始第 30 次操作

2021-07-31 00:22:02 开始操作号码 【1886134】
2021-07-31 00:22:08 GSD getOne 第 1 次 等待 3 秒
2021-07-31 00:22:11 查询号码 【1886134】，返回信息 {"status":"bad","msg":""}
2021-07-31 00:22:11 查询号码 【1886134】，GSD为【""】
2021-07-31 00:22:11 bad
2021-07-31 00:22:13 CHB 1886134?1627662131 第 1 次 等待 3 秒
2021-07-31 00:22:16 CHB 1886134?1627662131 第 1 次 获取到号码【1886134】GSD
2021-07-31 00:22:16 获取到号码【1886134】的GSD为【江苏-连云港】
2021-07-31 00:22:35 GSD insert 第 1 次 等待 3 秒
2021-07-31 00:22:38 {"status":"ok","gid":450125,"msg":"添加成功！"}
2021-07-31 00:22:38 下次操作: 2021-07-31 00:22:55

2021-07-31 00:22:55 开始第 31 次操作

2021-07-31 00:22:55 开始操作号码 【1886133】
2021-07-31 00:22:59 GSD getOne 第 1 次 等待 3 秒
2021-07-31 00:23:02 查询号码 【1886133】，返回信息 {"status":"bad","msg":""}
2021-07-31 00:23:02 查询号码 【1886133】，GSD为【""】
2021-07-31 00:23:02 bad
2021-07-31 00:23:08 CHB 1886133?1627662182 第 1 次 等待 3 秒
2021-07-31 00:23:11 CHB 1886133?1627662182 第 1 次 获取到号码【1886133】GSD
2021-07-31 00:23:11 获取到号码【1886133】的GSD为【江苏-连云港】
2021-07-31 00:23:31 GSD insert 第 1 次 等待 3 秒
2021-07-31 00:23:34 {"status":"ok","gid":450132,"msg":"添加成功！"}
2021-07-31 00:23:34 下次操作: 2021-07-31 00:23:48

2021-07-31 00:23:48 开始第 32 次操作

2021-07-31 00:23:48 开始操作号码 【1886132】
2021-07-31 00:23:53 GSD getOne 第 1 次 等待 3 秒
2021-07-31 00:23:56 查询号码 【1886132】，返回信息 {"status":"bad","msg":""}
2021-07-31 00:23:56 查询号码 【1886132】，GSD为【""】
2021-07-31 00:23:56 bad
2021-07-31 00:23:58 CHB 1886132?1627662236 第 1 次 等待 3 秒
2021-07-31 00:24:01 CHB 1886132?1627662236 第 1 次 获取到号码【1886132】GSD
2021-07-31 00:24:01 获取到号码【1886132】的GSD为【江苏-连云港】
2021-07-31 00:24:19 GSD insert 第 1 次 等待 3 秒
2021-07-31 00:24:23 {"status":"ok","gid":450138,"msg":"添加成功！"}
2021-07-31 00:24:23 下次操作: 2021-07-31 00:24:38

2021-07-31 00:24:38 开始第 33 次操作

2021-07-31 00:24:38 开始操作号码 【1886131】
2021-07-31 00:24:43 GSD getOne 第 1 次 等待 3 秒
2021-07-31 00:24:46 查询号码 【1886131】，返回信息 {"status":"bad","msg":""}
2021-07-31 00:24:46 查询号码 【1886131】，GSD为【""】
2021-07-31 00:24:46 bad
2021-07-31 00:24:48 CHB 1886131?1627662286 第 1 次 等待 3 秒
2021-07-31 00:24:51 CHB 1886131?1627662286 第 1 次 获取到号码【1886131】GSD
2021-07-31 00:24:51 获取到号码【1886131】的GSD为【江苏-连云港】
2021-07-31 00:25:14 GSD insert 第 1 次 等待 3 秒
2021-07-31 00:25:17 {"status":"ok","gid":450141,"msg":"添加成功！"}
2021-07-31 00:25:17 下次操作: 2021-07-31 00:25:36

2021-07-31 00:25:36 开始第 34 次操作

2021-07-31 00:25:36 开始操作号码 【1886130】
2021-07-31 00:25:39 GSD getOne 第 1 次 等待 3 秒
2021-07-31 00:25:42 查询号码 【1886130】，返回信息 {"status":"bad","msg":""}
2021-07-31 00:25:42 查询号码 【1886130】，GSD为【""】
2021-07-31 00:25:42 bad
2021-07-31 00:25:45 CHB 1886130?1627662342 第 1 次 等待 3 秒
2021-07-31 00:25:48 CHB 1886130?1627662342 第 1 次 获取到号码【1886130】GSD
2021-07-31 00:25:48 获取到号码【1886130】的GSD为【江苏-连云港】
2021-07-31 00:26:08 GSD insert 第 1 次 等待 3 秒
2021-07-31 00:26:11 {"status":"ok","gid":450146,"msg":"添加成功！"}
2021-07-31 00:26:11 下次操作: 2021-07-31 00:26:28

2021-07-31 00:26:28 开始第 35 次操作

2021-07-31 00:26:28 开始操作号码 【1886129】
2021-07-31 00:26:37 GSD getOne 第 1 次 等待 3 秒
2021-07-31 00:26:40 查询号码 【1886129】，返回信息 {"status":"ok","msg":"江苏-常州","gid":"44233","time_insert":"2018-06-24 23:22","time_update":"2020-08-26 19:33"}
2021-07-31 00:26:40 查询号码 【1886129】，GSD为【"江苏-常州"】

2021-07-31 00:26:40 开始第 35 次操作

2021-07-31 00:26:40 开始操作号码 【1886128】
2021-07-31 00:27:04 GSD getOne 第 1 次 等待 3 秒
2021-07-31 00:27:07 查询号码 【1886128】，返回信息 {"status":"bad","msg":""}
2021-07-31 00:27:07 查询号码 【1886128】，GSD为【""】
2021-07-31 00:27:07 bad
2021-07-31 00:27:10 CHB 1886128?1627662427 第 1 次 等待 3 秒
2021-07-31 00:27:13 CHB 1886128?1627662427 第 1 次 获取到号码【1886128】GSD
2021-07-31 00:27:13 获取到号码【1886128】的GSD为【江苏-常州】
2021-07-31 00:27:35 GSD insert 第 1 次 等待 3 秒
2021-07-31 00:27:38 {"status":"ok","gid":450152,"msg":"添加成功！"}
2021-07-31 00:27:38 下次操作: 2021-07-31 00:27:56

2021-07-31 00:27:56 开始第 36 次操作

2021-07-31 00:27:56 开始操作号码 【1886127】
2021-07-31 00:28:04 GSD getOne 第 1 次 等待 3 秒
2021-07-31 00:28:07 查询号码 【1886127】，返回信息 {"status":"bad","msg":""}
2021-07-31 00:28:07 查询号码 【1886127】，GSD为【""】
2021-07-31 00:28:07 bad
2021-07-31 00:28:10 CHB 1886127?1627662487 第 1 次 等待 3 秒
2021-07-31 00:28:13 CHB 1886127?1627662487 第 1 次 获取到号码【1886127】GSD
2021-07-31 00:28:13 获取到号码【1886127】的GSD为【江苏-常州】
2021-07-31 00:28:33 GSD insert 第 1 次 等待 3 秒
2021-07-31 00:28:36 {"status":"ok","gid":450157,"msg":"添加成功！"}
2021-07-31 00:28:36 下次操作: 2021-07-31 00:29:00

2021-07-31 00:29:00 开始第 37 次操作

2021-07-31 00:29:00 开始操作号码 【1886126】
2021-07-31 00:29:07 GSD getOne 第 1 次 等待 3 秒
2021-07-31 00:29:10 查询号码 【1886126】，返回信息 {"status":"bad","msg":""}
2021-07-31 00:29:10 查询号码 【1886126】，GSD为【""】
2021-07-31 00:29:10 bad
2021-07-31 00:29:16 CHB 1886126?1627662550 第 1 次 等待 3 秒
2021-07-31 00:29:19 CHB 1886126?1627662550 第 1 次 获取到号码【1886126】GSD
2021-07-31 00:29:19 获取到号码【1886126】的GSD为【江苏-常州】
2021-07-31 00:29:30 GSD insert 第 1 次 等待 3 秒
2021-07-31 00:29:33 {"status":"ok","gid":450163,"msg":"添加成功！"}
2021-07-31 00:29:33 下次操作: 2021-07-31 00:29:45

2021-07-31 00:29:45 开始第 38 次操作

2021-07-31 00:29:45 开始操作号码 【1886125】
2021-07-31 00:29:53 GSD getOne 第 1 次 等待 3 秒
2021-07-31 00:29:56 查询号码 【1886125】，返回信息 {"status":"bad","msg":""}
2021-07-31 00:29:56 查询号码 【1886125】，GSD为【""】
2021-07-31 00:29:56 bad
2021-07-31 00:29:58 CHB 1886125?1627662596 第 1 次 等待 3 秒
2021-07-31 00:30:01 CHB 1886125?1627662596 第 1 次 获取到号码【1886125】GSD
2021-07-31 00:30:01 获取到号码【1886125】的GSD为【江苏-常州】
2021-07-31 00:30:20 GSD insert 第 1 次 等待 3 秒
2021-07-31 00:30:23 {"status":"ok","gid":450168,"msg":"添加成功！"}
2021-07-31 00:30:23 下次操作: 2021-07-31 00:30:35

2021-07-31 00:30:35 开始第 39 次操作

2021-07-31 00:30:35 开始操作号码 【1886124】
2021-07-31 00:30:44 GSD getOne 第 1 次 等待 3 秒
2021-07-31 00:30:47 查询号码 【1886124】，返回信息 {"status":"bad","msg":""}
2021-07-31 00:30:47 查询号码 【1886124】，GSD为【""】
2021-07-31 00:30:47 bad
2021-07-31 00:30:49 CHB 1886124?1627662647 第 1 次 等待 3 秒
2021-07-31 00:30:52 CHB 1886124?1627662647 第 1 次 获取到号码【1886124】GSD
2021-07-31 00:30:52 获取到号码【1886124】的GSD为【江苏-常州】
2021-07-31 00:31:15 GSD insert 第 1 次 等待 3 秒
2021-07-31 00:31:18 {"status":"ok","gid":450172,"msg":"添加成功！"}
2021-07-31 00:31:18 下次操作: 2021-07-31 00:31:37

2021-07-31 00:31:37 开始第 40 次操作

2021-07-31 00:31:37 开始操作号码 【1886123】
2021-07-31 00:31:47 GSD getOne 第 1 次 等待 3 秒
2021-07-31 00:31:50 查询号码 【1886123】，返回信息 {"status":"bad","msg":""}
2021-07-31 00:31:50 查询号码 【1886123】，GSD为【""】
2021-07-31 00:31:50 bad
2021-07-31 00:31:52 CHB 1886123?1627662710 第 1 次 等待 3 秒
2021-07-31 00:31:55 CHB 1886123?1627662710 第 1 次 获取到号码【1886123】GSD
2021-07-31 00:31:55 获取到号码【1886123】的GSD为【江苏-常州】
2021-07-31 00:32:14 GSD insert 第 1 次 等待 3 秒
2021-07-31 00:32:17 {"status":"ok","gid":450176,"msg":"添加成功！"}

2021-07-31 01:01:56 开始第 1 次操作

2021-07-31 01:01:56 开始操作号码 【1886122】
2021-07-31 01:02:00 GSD getOne 第 1 次 等待 3 秒
2021-07-31 01:02:03 查询号码 【1886122】，返回信息 {"status":"bad","msg":""}
2021-07-31 01:02:03 查询号码 【1886122】，GSD为【""】
2021-07-31 01:02:03 bad
2021-07-31 01:02:05 CHB 1886122?1627664523 第 1 次 等待 3 秒
2021-07-31 01:02:08 CHB 1886122?1627664523 第 1 次 获取到号码【1886122】GSD
2021-07-31 01:02:08 获取到号码【1886122】的GSD为【江苏-常州】
2021-07-31 01:02:11 GSD insert 第 1 次 等待 3 秒
2021-07-31 01:02:14 {"status":"ok","gid":450238,"msg":"添加成功！"}
2021-07-31 01:02:14 下次操作: 2021-07-31 01:02:38

2021-07-31 01:02:38 开始第 2 次操作

2021-07-31 01:02:38 开始操作号码 【1886121】
2021-07-31 01:02:42 GSD getOne 第 1 次 等待 3 秒
2021-07-31 01:02:45 查询号码 【1886121】，返回信息 {"status":"bad","msg":""}
2021-07-31 01:02:45 查询号码 【1886121】，GSD为【""】
2021-07-31 01:02:45 bad
2021-07-31 01:02:47 CHB 1886121?1627664565 第 1 次 等待 3 秒
2021-07-31 01:02:50 CHB 1886121?1627664565 第 1 次 获取到号码【1886121】GSD
2021-07-31 01:02:50 获取到号码【1886121】的GSD为【江苏-常州】
2021-07-31 01:02:56 GSD insert 第 1 次 等待 3 秒
2021-07-31 01:02:59 {"status":"ok","gid":450247,"msg":"添加成功！"}
2021-07-31 01:02:59 下次操作: 2021-07-31 01:03:13

2021-07-31 01:03:13 开始第 3 次操作

2021-07-31 01:03:13 开始操作号码 【1886120】
2021-07-31 01:03:17 GSD getOne 第 1 次 等待 3 秒
2021-07-31 01:03:20 查询号码 【1886120】，返回信息 {"status":"bad","msg":""}
2021-07-31 01:03:20 查询号码 【1886120】，GSD为【""】
2021-07-31 01:03:20 bad
2021-07-31 01:03:21 CHB 1886120?1627664600 第 1 次 等待 3 秒
2021-07-31 01:03:24 CHB 1886120?1627664600 第 1 次 获取到号码【1886120】GSD
2021-07-31 01:03:24 获取到号码【1886120】的GSD为【江苏-常州】
2021-07-31 01:03:28 GSD insert 第 1 次 等待 3 秒
2021-07-31 01:03:31 {"status":"ok","gid":450254,"msg":"添加成功！"}
2021-07-31 01:03:31 下次操作: 2021-07-31 01:03:43

2021-07-31 01:03:43 开始第 4 次操作

2021-07-31 01:03:43 开始操作号码 【1886119】
2021-07-31 01:03:49 GSD getOne 第 1 次 等待 3 秒
2021-07-31 01:03:52 查询号码 【1886119】，返回信息 {"status":"bad","msg":""}
2021-07-31 01:03:52 查询号码 【1886119】，GSD为【""】
2021-07-31 01:03:52 bad
2021-07-31 01:03:53 CHB 1886119?1627664632 第 1 次 等待 3 秒
2021-07-31 01:03:56 CHB 1886119?1627664632 第 1 次 获取到号码【1886119】GSD
2021-07-31 01:03:56 获取到号码【1886119】的GSD为【江苏-常州】
2021-07-31 01:04:00 GSD insert 第 1 次 等待 3 秒
2021-07-31 01:04:03 {"status":"ok","gid":450260,"msg":"添加成功！"}
2021-07-31 01:04:03 下次操作: 2021-07-31 01:04:24

2021-07-31 01:04:24 开始第 5 次操作

2021-07-31 01:04:24 开始操作号码 【1886118】
2021-07-31 01:04:27 GSD getOne 第 1 次 等待 3 秒
2021-07-31 01:04:30 查询号码 【1886118】，返回信息 {"status":"bad","msg":""}
2021-07-31 01:04:31 查询号码 【1886118】，GSD为【""】
2021-07-31 01:04:31 bad
2021-07-31 01:04:32 CHB 1886118?1627664671 第 1 次 等待 3 秒
2021-07-31 01:04:35 CHB 1886118?1627664671 第 1 次 获取到号码【1886118】GSD
2021-07-31 01:04:35 获取到号码【1886118】的GSD为【江苏-常州】
2021-07-31 01:04:40 GSD insert 第 1 次 等待 3 秒
2021-07-31 01:04:43 {"status":"ok","gid":450271,"msg":"添加成功！"}
2021-07-31 01:04:43 下次操作: 2021-07-31 01:04:55

2021-07-31 01:04:55 开始第 6 次操作

2021-07-31 01:04:55 开始操作号码 【1886117】
2021-07-31 01:04:59 GSD getOne 第 1 次 等待 3 秒
2021-07-31 01:05:02 查询号码 【1886117】，返回信息 {"status":"bad","msg":""}
2021-07-31 01:05:03 查询号码 【1886117】，GSD为【""】
2021-07-31 01:05:03 bad
2021-07-31 01:05:04 CHB 1886117?1627664703 第 1 次 等待 3 秒
2021-07-31 01:05:07 CHB 1886117?1627664703 第 1 次 获取到号码【1886117】GSD
2021-07-31 01:05:07 获取到号码【1886117】的GSD为【江苏-常州】
2021-07-31 01:05:15 GSD insert 第 1 次 等待 3 秒
2021-07-31 01:05:18 {"status":"ok","gid":450278,"msg":"添加成功！"}
2021-07-31 01:05:18 下次操作: 2021-07-31 01:05:39

2021-07-31 01:05:39 开始第 7 次操作

2021-07-31 01:05:39 开始操作号码 【1886116】
2021-07-31 01:05:48 GSD getOne 第 1 次 等待 3 秒
2021-07-31 01:05:51 查询号码 【1886116】，返回信息 {"status":"bad","msg":""}
2021-07-31 01:05:51 查询号码 【1886116】，GSD为【""】
2021-07-31 01:05:51 bad
2021-07-31 01:05:53 CHB 1886116?1627664751 第 1 次 等待 3 秒
2021-07-31 01:05:56 CHB 1886116?1627664751 第 1 次 获取到号码【1886116】GSD
2021-07-31 01:05:56 获取到号码【1886116】的GSD为【江苏-常州】
2021-07-31 01:05:59 GSD insert 第 1 次 等待 3 秒
2021-07-31 01:06:02 {"status":"ok","gid":450288,"msg":"添加成功！"}
2021-07-31 01:06:02 下次操作: 2021-07-31 01:06:20

2021-07-31 01:06:20 开始第 8 次操作

2021-07-31 01:06:20 开始操作号码 【1886115】
2021-07-31 01:06:26 GSD getOne 第 1 次 等待 3 秒
2021-07-31 01:06:29 查询号码 【1886115】，返回信息 {"status":"bad","msg":""}
2021-07-31 01:06:29 查询号码 【1886115】，GSD为【""】
2021-07-31 01:06:29 bad
2021-07-31 01:06:30 CHB 1886115?1627664789 第 1 次 等待 3 秒
2021-07-31 01:06:33 CHB 1886115?1627664789 第 1 次 获取到号码【1886115】GSD
2021-07-31 01:06:33 获取到号码【1886115】的GSD为【江苏-常州】
2021-07-31 01:06:37 GSD insert 第 1 次 等待 3 秒
2021-07-31 01:06:40 {"status":"ok","gid":450298,"msg":"添加成功！"}
2021-07-31 01:06:40 下次操作: 2021-07-31 01:06:55

2021-07-31 01:06:56 开始第 9 次操作

2021-07-31 01:06:56 开始操作号码 【1886114】
2021-07-31 01:07:01 GSD getOne 第 1 次 等待 3 秒
2021-07-31 01:07:04 查询号码 【1886114】，返回信息 {"status":"bad","msg":""}
2021-07-31 01:07:04 查询号码 【1886114】，GSD为【""】
2021-07-31 01:07:04 bad
2021-07-31 01:07:05 CHB 1886114?1627664824 第 1 次 等待 3 秒
2021-07-31 01:07:08 CHB 1886114?1627664824 第 1 次 获取到号码【1886114】GSD
2021-07-31 01:07:08 获取到号码【1886114】的GSD为【江苏-常州】
2021-07-31 01:07:14 GSD insert 第 1 次 等待 3 秒
2021-07-31 01:07:17 {"status":"ok","gid":450305,"msg":"添加成功！"}
2021-07-31 01:07:17 下次操作: 2021-07-31 01:07:38

2021-07-31 01:07:38 开始第 10 次操作

2021-07-31 01:07:38 开始操作号码 【1886113】
2021-07-31 01:07:41 GSD getOne 第 1 次 等待 3 秒
2021-07-31 01:07:44 查询号码 【1886113】，返回信息 {"status":"bad","msg":""}
2021-07-31 01:07:44 查询号码 【1886113】，GSD为【""】
2021-07-31 01:07:44 bad
2021-07-31 01:07:46 CHB 1886113?1627664864 第 1 次 等待 3 秒
2021-07-31 01:07:49 CHB 1886113?1627664864 第 1 次 获取到号码【1886113】GSD
2021-07-31 01:07:49 获取到号码【1886113】的GSD为【江苏-常州】
2021-07-31 01:07:53 GSD insert 第 1 次 等待 3 秒
2021-07-31 01:07:56 {"status":"ok","gid":450315,"msg":"添加成功！"}
2021-07-31 01:07:56 下次操作: 2021-07-31 01:08:14

2021-07-31 01:08:14 开始第 11 次操作

2021-07-31 01:08:14 开始操作号码 【1886112】
2021-07-31 01:08:17 GSD getOne 第 1 次 等待 3 秒
2021-07-31 01:08:20 查询号码 【1886112】，返回信息 {"status":"bad","msg":""}
2021-07-31 01:08:21 查询号码 【1886112】，GSD为【""】
2021-07-31 01:08:21 bad
2021-07-31 01:08:22 CHB 1886112?1627664901 第 1 次 等待 3 秒
2021-07-31 01:08:25 CHB 1886112?1627664901 第 1 次 获取到号码【1886112】GSD
2021-07-31 01:08:25 获取到号码【1886112】的GSD为【江苏-常州】
2021-07-31 01:08:36 GSD insert 第 1 次 等待 3 秒
2021-07-31 01:08:39 {"status":"ok","gid":450327,"msg":"添加成功！"}
2021-07-31 01:08:39 下次操作: 2021-07-31 01:09:02

2021-07-31 01:09:02 开始第 12 次操作

2021-07-31 01:09:02 开始操作号码 【1886111】
2021-07-31 01:09:05 GSD getOne 第 1 次 等待 3 秒
2021-07-31 01:09:08 查询号码 【1886111】，返回信息 {"status":"bad","msg":""}
2021-07-31 01:09:08 查询号码 【1886111】，GSD为【""】
2021-07-31 01:09:08 bad
2021-07-31 01:09:10 CHB 1886111?1627664948 第 1 次 等待 3 秒
2021-07-31 01:09:13 CHB 1886111?1627664948 第 1 次 获取到号码【1886111】GSD
2021-07-31 01:09:13 获取到号码【1886111】的GSD为【江苏-常州】
2021-07-31 01:09:16 GSD insert 第 1 次 等待 3 秒
2021-07-31 01:09:19 {"status":"ok","gid":450335,"msg":"添加成功！"}
2021-07-31 01:09:19 下次操作: 2021-07-31 01:09:40

2021-07-31 01:09:40 开始第 13 次操作

2021-07-31 01:09:40 开始操作号码 【1886110】
2021-07-31 01:09:44 GSD getOne 第 1 次 等待 3 秒
2021-07-31 01:09:47 查询号码 【1886110】，返回信息 {"status":"bad","msg":""}
2021-07-31 01:09:47 查询号码 【1886110】，GSD为【""】
2021-07-31 01:09:47 bad
2021-07-31 01:09:49 CHB 1886110?1627664987 第 1 次 等待 3 秒
2021-07-31 01:09:52 CHB 1886110?1627664987 第 1 次 获取到号码【1886110】GSD
2021-07-31 01:09:52 获取到号码【1886110】的GSD为【江苏-常州】
2021-07-31 01:09:56 GSD insert 第 1 次 等待 3 秒
2021-07-31 01:09:59 {"status":"ok","gid":450345,"msg":"添加成功！"}
2021-07-31 01:09:59 下次操作: 2021-07-31 01:10:20

2021-07-31 01:10:20 开始第 14 次操作

2021-07-31 01:10:20 开始操作号码 【1886109】
2021-07-31 01:10:23 GSD getOne 第 1 次 等待 3 秒
2021-07-31 01:10:26 查询号码 【1886109】，返回信息 {"status":"bad","msg":""}
2021-07-31 01:10:27 查询号码 【1886109】，GSD为【""】
2021-07-31 01:10:27 bad
2021-07-31 01:10:28 CHB 1886109?1627665027 第 1 次 等待 3 秒
2021-07-31 01:10:31 CHB 1886109?1627665027 第 1 次 获取到号码【1886109】GSD
2021-07-31 01:10:31 获取到号码【1886109】的GSD为【江苏-泰州】
2021-07-31 01:10:37 GSD insert 第 1 次 等待 3 秒
2021-07-31 01:10:40 {"status":"ok","gid":450354,"msg":"添加成功！"}
2021-07-31 01:10:40 下次操作: 2021-07-31 01:11:00

2021-07-31 01:11:00 开始第 15 次操作

2021-07-31 01:11:00 开始操作号码 【1886108】
2021-07-31 01:11:05 GSD getOne 第 1 次 等待 3 秒
2021-07-31 01:11:08 查询号码 【1886108】，返回信息 {"status":"bad","msg":""}
2021-07-31 01:11:08 查询号码 【1886108】，GSD为【""】
2021-07-31 01:11:08 bad
2021-07-31 01:11:10 CHB 1886108?1627665068 第 1 次 等待 3 秒
2021-07-31 01:11:13 CHB 1886108?1627665068 第 1 次 获取到号码【1886108】GSD
2021-07-31 01:11:13 获取到号码【1886108】的GSD为【江苏-泰州】
2021-07-31 01:11:17 GSD insert 第 1 次 等待 3 秒
2021-07-31 01:11:20 {"status":"ok","gid":450364,"msg":"添加成功！"}
2021-07-31 01:11:20 下次操作: 2021-07-31 01:11:41

2021-07-31 01:11:41 开始第 16 次操作

2021-07-31 01:11:41 开始操作号码 【1886107】
2021-07-31 01:11:44 GSD getOne 第 1 次 等待 3 秒
2021-07-31 01:11:47 查询号码 【1886107】，返回信息 {"status":"bad","msg":""}
2021-07-31 01:11:47 查询号码 【1886107】，GSD为【""】
2021-07-31 01:11:47 bad
2021-07-31 01:11:49 CHB 1886107?1627665107 第 1 次 等待 3 秒
2021-07-31 01:11:52 CHB 1886107?1627665107 第 1 次 获取到号码【1886107】GSD
2021-07-31 01:11:52 获取到号码【1886107】的GSD为【江苏-泰州】
2021-07-31 01:11:55 GSD insert 第 1 次 等待 3 秒
2021-07-31 01:11:58 {"status":"ok","gid":450375,"msg":"添加成功！"}
2021-07-31 01:11:58 下次操作: 2021-07-31 01:12:22

2021-07-31 01:12:22 开始第 17 次操作

2021-07-31 01:12:22 开始操作号码 【1886106】
2021-07-31 01:12:26 GSD getOne 第 1 次 等待 3 秒
2021-07-31 01:12:29 查询号码 【1886106】，返回信息 {"status":"bad","msg":""}
2021-07-31 01:12:29 查询号码 【1886106】，GSD为【""】
2021-07-31 01:12:29 bad
2021-07-31 01:12:35 CHB 1886106?1627665149 第 1 次 等待 3 秒
2021-07-31 01:12:38 CHB 1886106?1627665149 第 1 次 获取到号码【1886106】GSD
2021-07-31 01:12:38 获取到号码【1886106】的GSD为【江苏-泰州】
2021-07-31 01:12:43 GSD insert 第 1 次 等待 3 秒
2021-07-31 01:12:46 {"status":"ok","gid":450385,"msg":"添加成功！"}
2021-07-31 01:12:46 下次操作: 2021-07-31 01:13:02

2021-07-31 01:13:02 开始第 18 次操作

2021-07-31 01:13:02 开始操作号码 【1886105】
2021-07-31 01:13:09 GSD getOne 第 1 次 等待 3 秒
2021-07-31 01:13:12 查询号码 【1886105】，返回信息 {"status":"bad","msg":""}
2021-07-31 01:13:12 查询号码 【1886105】，GSD为【""】
2021-07-31 01:13:12 bad
2021-07-31 01:13:13 CHB 1886105?1627665192 第 1 次 等待 3 秒
2021-07-31 01:13:16 CHB 1886105?1627665192 第 1 次 获取到号码【1886105】GSD
2021-07-31 01:13:16 获取到号码【1886105】的GSD为【江苏-泰州】
2021-07-31 01:13:21 GSD insert 第 1 次 等待 3 秒
2021-07-31 01:13:24 {"status":"ok","gid":450394,"msg":"添加成功！"}
2021-07-31 01:13:24 下次操作: 2021-07-31 01:13:46

2021-07-31 01:13:46 开始第 19 次操作

2021-07-31 01:13:46 开始操作号码 【1886104】
2021-07-31 01:13:50 GSD getOne 第 1 次 等待 3 秒
2021-07-31 01:13:53 查询号码 【1886104】，返回信息 {"status":"bad","msg":""}
2021-07-31 01:13:53 查询号码 【1886104】，GSD为【""】
2021-07-31 01:13:53 bad
2021-07-31 01:13:55 CHB 1886104?1627665233 第 1 次 等待 3 秒
2021-07-31 01:13:58 CHB 1886104?1627665233 第 1 次 获取到号码【1886104】GSD
2021-07-31 01:13:58 未获取到号码【1886104】GSD，查号吧 400 错误
2021-07-31 01:13:58 获取到号码【1886104】的GSD为【-】
2021-07-31 01:14:02 GSD insert 第 1 次 等待 3 秒
2021-07-31 01:14:05 {"status":"ok","gid":450403,"msg":"添加成功！"}
2021-07-31 01:14:05 下次操作: 2021-07-31 01:14:22

2021-07-31 01:14:22 开始第 20 次操作

2021-07-31 01:14:22 开始操作号码 【1886103】
2021-07-31 01:14:27 GSD getOne 第 1 次 等待 3 秒
2021-07-31 01:14:30 查询号码 【1886103】，返回信息 {"status":"bad","msg":""}
2021-07-31 01:14:30 查询号码 【1886103】，GSD为【""】
2021-07-31 01:14:30 bad
2021-07-31 01:14:31 CHB 1886103?1627665270 第 1 次 等待 3 秒
2021-07-31 01:14:34 CHB 1886103?1627665270 第 1 次 获取到号码【1886103】GSD
2021-07-31 01:14:34 获取到号码【1886103】的GSD为【江苏-泰州】
2021-07-31 01:14:38 GSD insert 第 1 次 等待 3 秒
2021-07-31 01:14:41 {"status":"ok","gid":450412,"msg":"添加成功！"}
2021-07-31 01:14:41 下次操作: 2021-07-31 01:14:55

2021-07-31 01:14:55 开始第 21 次操作

2021-07-31 01:14:55 开始操作号码 【1886102】
2021-07-31 01:15:02 GSD getOne 第 1 次 等待 3 秒
2021-07-31 01:15:05 查询号码 【1886102】，返回信息 {"status":"bad","msg":""}
2021-07-31 01:15:06 查询号码 【1886102】，GSD为【""】
2021-07-31 01:15:06 bad
2021-07-31 01:15:07 CHB 1886102?1627665306 第 1 次 等待 3 秒
2021-07-31 01:15:10 CHB 1886102?1627665306 第 1 次 获取到号码【1886102】GSD
2021-07-31 01:15:10 获取到号码【1886102】的GSD为【江苏-泰州】
2021-07-31 01:15:17 GSD insert 第 1 次 等待 3 秒
2021-07-31 01:15:20 {"status":"ok","gid":450423,"msg":"添加成功！"}
2021-07-31 01:15:20 下次操作: 2021-07-31 01:15:43

2021-07-31 01:15:43 开始第 22 次操作

2021-07-31 01:15:43 开始操作号码 【1886101】
2021-07-31 01:15:48 GSD getOne 第 1 次 等待 3 秒
2021-07-31 01:15:51 查询号码 【1886101】，返回信息 {"status":"bad","msg":""}
2021-07-31 01:15:51 查询号码 【1886101】，GSD为【""】
2021-07-31 01:15:51 bad
2021-07-31 01:15:53 CHB 1886101?1627665351 第 1 次 等待 3 秒
2021-07-31 01:15:56 CHB 1886101?1627665351 第 1 次 获取到号码【1886101】GSD
2021-07-31 01:15:56 获取到号码【1886101】的GSD为【江苏-泰州】
2021-07-31 01:15:59 GSD insert 第 1 次 等待 3 秒
2021-07-31 01:16:02 {"status":"ok","gid":450434,"msg":"添加成功！"}
2021-07-31 01:16:02 下次操作: 2021-07-31 01:16:15

2021-07-31 01:16:15 开始第 23 次操作

2021-07-31 01:16:15 开始操作号码 【1886100】
2021-07-31 01:16:18 GSD getOne 第 1 次 等待 3 秒
2021-07-31 01:16:21 查询号码 【1886100】，返回信息 {"status":"bad","msg":""}
2021-07-31 01:16:22 查询号码 【1886100】，GSD为【""】
2021-07-31 01:16:22 bad
2021-07-31 01:16:24 CHB 1886100?1627665382 第 1 次 等待 3 秒
2021-07-31 01:16:27 CHB 1886100?1627665382 第 1 次 获取到号码【1886100】GSD
2021-07-31 01:16:27 获取到号码【1886100】的GSD为【江苏-泰州】
2021-07-31 01:16:34 GSD insert 第 1 次 等待 3 秒
2021-07-31 01:16:37 {"status":"ok","gid":450444,"msg":"添加成功！"}
2021-07-31 01:16:37 下次操作: 2021-07-31 01:16:56

2021-07-31 01:16:56 开始第 24 次操作

2021-07-31 01:16:56 开始操作号码 【1886099】
2021-07-31 01:17:00 GSD getOne 第 1 次 等待 3 秒
2021-07-31 01:17:03 查询号码 【1886099】，返回信息 {"status":"ok","msg":"江苏-无锡","gid":"44232","time_insert":"2017-04-20 15:10","time_update":"2020-08-26 19:29"}
2021-07-31 01:17:03 查询号码 【1886099】，GSD为【"江苏-无锡"】

2021-07-31 01:17:03 开始第 24 次操作

2021-07-31 01:17:03 开始操作号码 【1886098】
2021-07-31 01:17:15 GSD getOne 第 1 次 等待 3 秒
2021-07-31 01:17:18 查询号码 【1886098】，返回信息 {"status":"ok","msg":"江苏-常州","gid":"44231","time_insert":"2018-09-21 09:04","time_update":"2021-01-22 10:42"}
2021-07-31 01:17:18 查询号码 【1886098】，GSD为【"江苏-常州"】

2021-07-31 01:17:18 开始第 24 次操作

2021-07-31 01:17:18 开始操作号码 【1886097】
2021-07-31 01:17:22 GSD getOne 第 1 次 等待 3 秒
2021-07-31 01:17:25 查询号码 【1886097】，返回信息 {"status":"bad","msg":""}
2021-07-31 01:17:25 查询号码 【1886097】，GSD为【""】
2021-07-31 01:17:25 bad
2021-07-31 01:17:27 CHB 1886097?1627665445 第 1 次 等待 3 秒
2021-07-31 01:17:30 CHB 1886097?1627665445 第 1 次 获取到号码【1886097】GSD
2021-07-31 01:17:30 获取到号码【1886097】的GSD为【江苏-南通】
2021-07-31 01:17:34 GSD insert 第 1 次 等待 3 秒
2021-07-31 01:17:37 {"status":"ok","gid":450458,"msg":"添加成功！"}
2021-07-31 01:17:37 下次操作: 2021-07-31 01:17:53

2021-07-31 01:17:53 开始第 25 次操作

2021-07-31 01:17:53 开始操作号码 【1886096】
2021-07-31 01:17:56 GSD getOne 第 1 次 等待 3 秒
2021-07-31 01:17:59 查询号码 【1886096】，返回信息 {"status":"bad","msg":""}
2021-07-31 01:17:59 查询号码 【1886096】，GSD为【""】
2021-07-31 01:17:59 bad
2021-07-31 01:18:01 CHB 1886096?1627665479 第 1 次 等待 3 秒
2021-07-31 01:18:04 CHB 1886096?1627665479 第 1 次 获取到号码【1886096】GSD
2021-07-31 01:18:04 获取到号码【1886096】的GSD为【江苏-南京】
2021-07-31 01:18:07 GSD insert 第 1 次 等待 3 秒
2021-07-31 01:18:10 {"status":"ok","gid":450464,"msg":"添加成功！"}
2021-07-31 01:18:10 下次操作: 2021-07-31 01:18:25

2021-07-31 01:18:25 开始第 26 次操作

2021-07-31 01:18:25 开始操作号码 【1886095】
2021-07-31 01:18:32 GSD getOne 第 1 次 等待 3 秒
2021-07-31 01:18:35 查询号码 【1886095】，返回信息 {"status":"bad","msg":""}
2021-07-31 01:18:35 查询号码 【1886095】，GSD为【""】
2021-07-31 01:18:35 bad
2021-07-31 01:18:37 CHB 1886095?1627665515 第 1 次 等待 3 秒
2021-07-31 01:18:40 CHB 1886095?1627665515 第 1 次 获取到号码【1886095】GSD
2021-07-31 01:18:40 获取到号码【1886095】的GSD为【江苏-南京】
2021-07-31 01:18:45 GSD insert 第 1 次 等待 3 秒
2021-07-31 01:18:48 {"status":"ok","gid":450473,"msg":"添加成功！"}
2021-07-31 01:18:48 下次操作: 2021-07-31 01:19:10

2021-07-31 01:19:10 开始第 27 次操作

2021-07-31 01:19:10 开始操作号码 【1886094】
2021-07-31 01:19:16 GSD getOne 第 1 次 等待 3 秒
2021-07-31 01:19:19 查询号码 【1886094】，返回信息 {"status":"bad","msg":""}
2021-07-31 01:19:19 查询号码 【1886094】，GSD为【""】
2021-07-31 01:19:19 bad
2021-07-31 01:19:21 CHB 1886094?1627665559 第 1 次 等待 3 秒
2021-07-31 01:19:24 CHB 1886094?1627665559 第 1 次 获取到号码【1886094】GSD
2021-07-31 01:19:24 获取到号码【1886094】的GSD为【江苏-南京】
2021-07-31 01:19:33 GSD insert 第 1 次 等待 3 秒
2021-07-31 01:19:36 {"status":"ok","gid":450484,"msg":"添加成功！"}
2021-07-31 01:19:36 下次操作: 2021-07-31 01:19:59

2021-07-31 01:19:59 开始第 28 次操作

2021-07-31 01:19:59 开始操作号码 【1886093】
2021-07-31 01:20:06 GSD getOne 第 1 次 等待 3 秒
2021-07-31 01:20:09 查询号码 【1886093】，返回信息 {"status":"bad","msg":""}
2021-07-31 01:20:09 查询号码 【1886093】，GSD为【""】
2021-07-31 01:20:09 bad
2021-07-31 01:20:11 CHB 1886093?1627665609 第 1 次 等待 3 秒
2021-07-31 01:20:14 CHB 1886093?1627665609 第 1 次 获取到号码【1886093】GSD
2021-07-31 01:20:14 获取到号码【1886093】的GSD为【江苏-苏州】
2021-07-31 01:20:19 GSD insert 第 1 次 等待 3 秒
2021-07-31 01:20:22 {"status":"ok","gid":450497,"msg":"添加成功！"}
2021-07-31 01:20:22 下次操作: 2021-07-31 01:20:38

2021-07-31 01:20:38 开始第 29 次操作

2021-07-31 01:20:38 开始操作号码 【1886092】
2021-07-31 01:20:42 GSD getOne 第 1 次 等待 3 秒
2021-07-31 01:20:45 查询号码 【1886092】，返回信息 {"status":"bad","msg":""}
2021-07-31 01:20:45 查询号码 【1886092】，GSD为【""】
2021-07-31 01:20:45 bad
2021-07-31 01:20:47 CHB 1886092?1627665645 第 1 次 等待 3 秒
2021-07-31 01:20:50 CHB 1886092?1627665645 第 1 次 获取到号码【1886092】GSD
2021-07-31 01:20:50 获取到号码【1886092】的GSD为【江苏-苏州】
2021-07-31 01:20:53 GSD insert 第 1 次 等待 3 秒
2021-07-31 01:20:56 {"status":"ok","gid":450503,"msg":"添加成功！"}
2021-07-31 01:20:56 下次操作: 2021-07-31 01:21:17

2021-07-31 01:21:17 开始第 30 次操作

2021-07-31 01:21:17 开始操作号码 【1886091】
2021-07-31 01:21:25 GSD getOne 第 1 次 等待 3 秒
2021-07-31 01:21:28 查询号码 【1886091】，返回信息 {"status":"bad","msg":""}
2021-07-31 01:21:28 查询号码 【1886091】，GSD为【""】
2021-07-31 01:21:28 bad
2021-07-31 01:21:29 CHB 1886091?1627665688 第 1 次 等待 3 秒
2021-07-31 01:21:32 CHB 1886091?1627665688 第 1 次 获取到号码【1886091】GSD
2021-07-31 01:21:32 获取到号码【1886091】的GSD为【江苏-苏州】
2021-07-31 01:21:40 GSD insert 第 1 次 等待 3 秒
2021-07-31 01:21:43 {"status":"ok","gid":450515,"msg":"添加成功！"}
2021-07-31 01:21:43 下次操作: 2021-07-31 01:22:07

2021-07-31 01:22:07 开始第 31 次操作

2021-07-31 01:22:07 开始操作号码 【1886090】
2021-07-31 01:22:13 GSD getOne 第 1 次 等待 3 秒
2021-07-31 01:22:16 查询号码 【1886090】，返回信息 {"status":"bad","msg":""}
2021-07-31 01:22:17 查询号码 【1886090】，GSD为【""】
2021-07-31 01:22:17 bad
2021-07-31 01:22:18 CHB 1886090?1627665737 第 1 次 等待 3 秒
2021-07-31 01:22:21 CHB 1886090?1627665737 第 1 次 获取到号码【1886090】GSD
2021-07-31 01:22:21 获取到号码【1886090】的GSD为【江苏-苏州】
2021-07-31 01:22:25 GSD insert 第 1 次 等待 3 秒
2021-07-31 01:22:28 {"status":"ok","gid":450525,"msg":"添加成功！"}
2021-07-31 01:22:28 下次操作: 2021-07-31 01:22:50

2021-07-31 01:22:50 开始第 32 次操作

2021-07-31 01:22:50 开始操作号码 【1886089】
2021-07-31 01:22:59 GSD getOne 第 1 次 等待 3 秒
2021-07-31 01:23:02 查询号码 【1886089】，返回信息 {"status":"bad","msg":""}
2021-07-31 01:23:02 查询号码 【1886089】，GSD为【""】
2021-07-31 01:23:02 bad
2021-07-31 01:23:03 CHB 1886089?1627665782 第 1 次 等待 3 秒
2021-07-31 01:23:06 CHB 1886089?1627665782 第 1 次 获取到号码【1886089】GSD
2021-07-31 01:23:06 获取到号码【1886089】的GSD为【江苏-泰州】
2021-07-31 01:23:11 GSD insert 第 1 次 等待 3 秒
2021-07-31 01:23:14 {"status":"ok","gid":450535,"msg":"添加成功！"}
2021-07-31 01:23:14 下次操作: 2021-07-31 01:23:36

2021-07-31 01:23:36 开始第 33 次操作

2021-07-31 01:23:36 开始操作号码 【1886088】
2021-07-31 01:23:40 GSD getOne 第 1 次 等待 3 秒
2021-07-31 01:23:43 查询号码 【1886088】，返回信息 {"status":"bad","msg":""}
2021-07-31 01:23:43 查询号码 【1886088】，GSD为【""】
2021-07-31 01:23:43 bad
2021-07-31 01:23:44 CHB 1886088?1627665823 第 1 次 等待 3 秒
2021-07-31 01:23:47 CHB 1886088?1627665823 第 1 次 获取到号码【1886088】GSD
2021-07-31 01:23:47 获取到号码【1886088】的GSD为【江苏-苏州】
2021-07-31 01:23:53 GSD insert 第 1 次 等待 3 秒
2021-07-31 01:23:56 {"status":"ok","gid":450545,"msg":"添加成功！"}
2021-07-31 01:23:56 下次操作: 2021-07-31 01:24:10

2021-07-31 01:24:10 开始第 34 次操作

2021-07-31 01:24:11 开始操作号码 【1886087】
2021-07-31 01:24:14 GSD getOne 第 1 次 等待 3 秒
2021-07-31 01:24:17 查询号码 【1886087】，返回信息 {"status":"bad","msg":""}
2021-07-31 01:24:17 查询号码 【1886087】，GSD为【""】
2021-07-31 01:24:17 bad
2021-07-31 01:24:19 CHB 1886087?1627665857 第 1 次 等待 3 秒
2021-07-31 01:24:22 CHB 1886087?1627665857 第 1 次 获取到号码【1886087】GSD
2021-07-31 01:24:22 获取到号码【1886087】的GSD为【江苏-镇江】
2021-07-31 01:24:26 GSD insert 第 1 次 等待 3 秒
2021-07-31 01:24:29 {"status":"ok","gid":450552,"msg":"添加成功！"}
2021-07-31 01:24:29 下次操作: 2021-07-31 01:24:46

2021-07-31 01:24:46 开始第 35 次操作

2021-07-31 01:24:46 开始操作号码 【1886086】
2021-07-31 01:24:50 GSD getOne 第 1 次 等待 3 秒
2021-07-31 01:24:53 查询号码 【1886086】，返回信息 {"status":"bad","msg":""}
2021-07-31 01:24:53 查询号码 【1886086】，GSD为【""】
2021-07-31 01:24:53 bad
2021-07-31 01:24:54 CHB 1886086?1627665893 第 1 次 等待 3 秒
2021-07-31 01:24:57 CHB 1886086?1627665893 第 1 次 获取到号码【1886086】GSD
2021-07-31 01:24:57 获取到号码【1886086】的GSD为【江苏-连云港】
2021-07-31 01:25:02 GSD insert 第 1 次 等待 3 秒
2021-07-31 01:25:05 {"status":"ok","gid":450562,"msg":"添加成功！"}
2021-07-31 01:25:05 下次操作: 2021-07-31 01:25:25

2021-07-31 01:25:25 开始第 36 次操作

2021-07-31 01:25:25 开始操作号码 【1886085】
2021-07-31 01:25:34 GSD getOne 第 1 次 等待 3 秒
2021-07-31 01:25:37 查询号码 【1886085】，返回信息 {"status":"bad","msg":""}
2021-07-31 01:25:37 查询号码 【1886085】，GSD为【""】
2021-07-31 01:25:37 bad
2021-07-31 01:25:39 CHB 1886085?1627665937 第 1 次 等待 3 秒
2021-07-31 01:25:42 CHB 1886085?1627665937 第 1 次 获取到号码【1886085】GSD
2021-07-31 01:25:42 获取到号码【1886085】的GSD为【江苏-扬州】
2021-07-31 01:25:47 GSD insert 第 1 次 等待 3 秒
2021-07-31 01:25:50 {"status":"ok","gid":450573,"msg":"添加成功！"}
2021-07-31 01:25:50 下次操作: 2021-07-31 01:26:02

2021-07-31 01:26:02 开始第 37 次操作

2021-07-31 01:26:02 开始操作号码 【1886084】
2021-07-31 01:26:07 GSD getOne 第 1 次 等待 3 秒
2021-07-31 01:26:10 查询号码 【1886084】，返回信息 {"status":"bad","msg":""}
2021-07-31 01:26:10 查询号码 【1886084】，GSD为【""】
2021-07-31 01:26:10 bad
2021-07-31 01:26:12 CHB 1886084?1627665970 第 1 次 等待 3 秒
2021-07-31 01:26:15 CHB 1886084?1627665970 第 1 次 获取到号码【1886084】GSD
2021-07-31 01:26:15 获取到号码【1886084】的GSD为【江苏-南京】
2021-07-31 01:26:22 GSD insert 第 1 次 等待 3 秒
2021-07-31 01:26:25 {"status":"ok","gid":450578,"msg":"添加成功！"}
2021-07-31 01:26:25 下次操作: 2021-07-31 01:26:39

2021-07-31 01:26:39 开始第 38 次操作

2021-07-31 01:26:39 开始操作号码 【1886083】
2021-07-31 01:26:48 GSD getOne 第 1 次 等待 3 秒
2021-07-31 01:26:51 查询号码 【1886083】，返回信息 {"status":"bad","msg":""}
2021-07-31 01:26:51 查询号码 【1886083】，GSD为【""】
2021-07-31 01:26:51 bad
2021-07-31 01:26:53 CHB 1886083?1627666011 第 1 次 等待 3 秒
2021-07-31 01:26:56 CHB 1886083?1627666011 第 1 次 获取到号码【1886083】GSD
2021-07-31 01:26:56 获取到号码【1886083】的GSD为【江苏-徐州】
2021-07-31 01:26:59 GSD insert 第 1 次 等待 3 秒
2021-07-31 01:27:02 {"status":"ok","gid":450586,"msg":"添加成功！"}
2021-07-31 01:27:02 下次操作: 2021-07-31 01:27:18

2021-07-31 01:27:18 开始第 39 次操作

2021-07-31 01:27:18 开始操作号码 【1886082】
2021-07-31 01:27:21 GSD getOne 第 1 次 等待 3 秒
2021-07-31 01:27:24 查询号码 【1886082】，返回信息 {"status":"ok","msg":"江苏-盐城","gid":"50796","time_insert":"2021-04-21 17:04"}
2021-07-31 01:27:24 查询号码 【1886082】，GSD为【"江苏-盐城"】

2021-07-31 01:27:24 开始第 39 次操作

2021-07-31 01:27:24 开始操作号码 【1886081】
2021-07-31 01:27:28 GSD getOne 第 1 次 等待 3 秒
2021-07-31 01:27:31 查询号码 【1886081】，返回信息 {"status":"bad","msg":""}
2021-07-31 01:27:31 查询号码 【1886081】，GSD为【""】
2021-07-31 01:27:31 bad
2021-07-31 01:27:33 CHB 1886081?1627666051 第 1 次 等待 3 秒
2021-07-31 01:27:36 CHB 1886081?1627666051 第 1 次 获取到号码【1886081】GSD
2021-07-31 01:27:36 获取到号码【1886081】的GSD为【江苏-淮安】
2021-07-31 01:27:40 GSD insert 第 1 次 等待 3 秒
2021-07-31 01:27:43 {"status":"ok","gid":450593,"msg":"添加成功！"}
2021-07-31 01:27:43 下次操作: 2021-07-31 01:28:01

2021-07-31 01:28:01 开始第 40 次操作

2021-07-31 01:28:01 开始操作号码 【1886080】
2021-07-31 01:28:18 GSD getOne 第 1 次 等待 3 秒
2021-07-31 01:28:21 查询号码 【1886080】，返回信息 {"status":"bad","msg":""}
2021-07-31 01:28:21 查询号码 【1886080】，GSD为【""】
2021-07-31 01:28:21 bad
2021-07-31 01:28:23 CHB 1886080?1627666101 第 1 次 等待 3 秒
2021-07-31 01:28:26 CHB 1886080?1627666101 第 1 次 获取到号码【1886080】GSD
2021-07-31 01:28:26 获取到号码【1886080】的GSD为【江苏-宿迁】
2021-07-31 01:28:30 GSD insert 第 1 次 等待 3 秒
2021-07-31 01:28:33 {"status":"ok","gid":450601,"msg":"添加成功！"}

