2021-07-08 00:01:04 开始第 9 次操作

2021-07-08 00:01:04 开始操作号码 【1318040】
2021-07-08 00:01:15 GSD getOne 第 1 次 等待 1 秒
2021-07-08 00:01:16 查询号码 【1318040】，返回信息 {"status":"bad","msg":""}
2021-07-08 00:01:16 查询号码 【1318040】，GSD为【""】
2021-07-08 00:01:16 bad
2021-07-08 00:01:17 CHB 1318040?1625673676 第 1 次 等待 1 秒
2021-07-08 00:01:18 CHB 1318040?1625673676 第 1 次 获取到号码【1318040】GSD
2021-07-08 00:01:18 获取到号码【1318040】的GSD为【河北-唐山】
2021-07-08 00:01:43 GSD insert 第 1 次 等待 1 秒
2021-07-08 00:01:44 {"status":"ok","msg":"添加成功！218013"}
2021-07-08 00:01:44 下次操作: 2021-07-08 00:01:54

2021-07-08 00:01:54 开始第 10 次操作

2021-07-08 00:01:54 开始操作号码 【1318039】
2021-07-08 00:02:06 GSD getOne 第 1 次 等待 1 秒
2021-07-08 00:02:07 查询号码 【1318039】，返回信息 {"status":"bad","msg":""}
2021-07-08 00:02:07 查询号码 【1318039】，GSD为【""】
2021-07-08 00:02:07 bad
2021-07-08 00:02:09 CHB 1318039?1625673727 第 1 次 等待 1 秒
2021-07-08 00:02:10 CHB 1318039?1625673727 第 1 次 获取到号码【1318039】GSD
2021-07-08 00:02:10 获取到号码【1318039】的GSD为【河北-张家口】
2021-07-08 00:02:29 GSD insert 第 1 次 等待 1 秒
2021-07-08 00:02:30 {"status":"ok","msg":"添加成功！218021"}
2021-07-08 00:02:30 下次操作: 2021-07-08 00:02:42

2021-07-08 00:02:42 开始第 11 次操作

2021-07-08 00:02:42 开始操作号码 【1318038】
2021-07-08 00:02:53 GSD getOne 第 1 次 等待 1 秒
2021-07-08 00:02:54 查询号码 【1318038】，返回信息 {"status":"bad","msg":""}
2021-07-08 00:02:54 查询号码 【1318038】，GSD为【""】
2021-07-08 00:02:54 bad
2021-07-08 00:02:56 CHB 1318038?1625673774 第 1 次 等待 1 秒
2021-07-08 00:02:57 CHB 1318038?1625673774 第 1 次 获取到号码【1318038】GSD
2021-07-08 00:02:57 获取到号码【1318038】的GSD为【河北-廊坊】
2021-07-08 00:03:18 GSD insert 第 1 次 等待 1 秒
2021-07-08 00:03:19 {"status":"ok","msg":"添加成功！218030"}
2021-07-08 00:03:19 下次操作: 2021-07-08 00:03:29

2021-07-08 00:03:29 开始第 12 次操作

2021-07-08 00:03:29 开始操作号码 【1318037】
2021-07-08 00:03:41 GSD getOne 第 1 次 等待 1 秒
2021-07-08 00:03:42 查询号码 【1318037】，返回信息 {"status":"bad","msg":""}
2021-07-08 00:03:42 查询号码 【1318037】，GSD为【""】
2021-07-08 00:03:42 bad
2021-07-08 00:03:44 CHB 1318037?1625673822 第 1 次 等待 1 秒
2021-07-08 00:03:45 CHB 1318037?1625673822 第 1 次 获取到号码【1318037】GSD
2021-07-08 00:03:45 获取到号码【1318037】的GSD为【河北-廊坊】
2021-07-08 00:04:06 GSD insert 第 1 次 等待 1 秒
2021-07-08 00:04:07 {"status":"ok","msg":"添加成功！218035"}
2021-07-08 00:04:07 下次操作: 2021-07-08 00:04:17

2021-07-08 00:04:17 开始第 13 次操作

2021-07-08 00:04:17 开始操作号码 【1318036】
2021-07-08 00:04:29 GSD getOne 第 1 次 等待 1 秒
2021-07-08 00:04:30 查询号码 【1318036】，返回信息 {"status":"bad","msg":""}
2021-07-08 00:04:30 查询号码 【1318036】，GSD为【""】
2021-07-08 00:04:30 bad
2021-07-08 00:04:33 CHB 1318036?1625673870 第 1 次 等待 1 秒
2021-07-08 00:04:34 CHB 1318036?1625673870 第 1 次 获取到号码【1318036】GSD
2021-07-08 00:04:34 获取到号码【1318036】的GSD为【河北-廊坊】
2021-07-08 00:04:54 GSD insert 第 1 次 等待 1 秒
2021-07-08 00:04:55 {"status":"ok","msg":"添加成功！218043"}
2021-07-08 00:04:55 下次操作: 2021-07-08 00:05:11

2021-07-08 00:05:11 开始第 14 次操作

2021-07-08 00:05:11 开始操作号码 【1318035】
2021-07-08 00:05:16 GSD getOne 第 1 次 等待 1 秒
2021-07-08 00:05:17 查询号码 【1318035】，返回信息 {"status":"bad","msg":""}
2021-07-08 00:05:17 查询号码 【1318035】，GSD为【""】
2021-07-08 00:05:17 bad
2021-07-08 00:05:19 CHB 1318035?1625673917 第 1 次 等待 1 秒
2021-07-08 00:05:20 CHB 1318035?1625673917 第 1 次 获取到号码【1318035】GSD
2021-07-08 00:05:20 获取到号码【1318035】的GSD为【河北-廊坊】
2021-07-08 00:05:39 GSD insert 第 1 次 等待 1 秒
2021-07-08 00:05:40 {"status":"ok","msg":"添加成功！218053"}
2021-07-08 00:05:40 下次操作: 2021-07-08 00:05:46

2021-07-08 00:05:46 开始第 15 次操作

2021-07-08 00:05:46 开始操作号码 【1318034】
2021-07-08 00:06:09 GSD getOne 第 1 次 等待 1 秒
2021-07-08 00:06:10 查询号码 【1318034】，返回信息 {"status":"bad","msg":""}
2021-07-08 00:06:10 查询号码 【1318034】，GSD为【""】
2021-07-08 00:06:10 bad
2021-07-08 00:06:12 CHB 1318034?1625673970 第 1 次 等待 1 秒
2021-07-08 00:06:13 CHB 1318034?1625673970 第 1 次 获取到号码【1318034】GSD
2021-07-08 00:06:13 获取到号码【1318034】的GSD为【河北-廊坊】
2021-07-08 00:06:32 GSD insert 第 1 次 等待 1 秒
2021-07-08 00:06:33 {"status":"ok","msg":"添加成功！218060"}
2021-07-08 00:06:33 下次操作: 2021-07-08 00:06:43

2021-07-08 00:06:43 开始第 16 次操作

2021-07-08 00:06:43 开始操作号码 【1318033】
2021-07-08 00:06:56 GSD getOne 第 1 次 等待 1 秒
2021-07-08 00:06:57 查询号码 【1318033】，返回信息 {"status":"bad","msg":""}
2021-07-08 00:06:57 查询号码 【1318033】，GSD为【""】
2021-07-08 00:06:57 bad
2021-07-08 00:06:59 CHB 1318033?1625674017 第 1 次 等待 1 秒
2021-07-08 00:07:00 CHB 1318033?1625674017 第 1 次 获取到号码【1318033】GSD
2021-07-08 00:07:00 获取到号码【1318033】的GSD为【河北-沧州】
2021-07-08 00:07:19 GSD insert 第 1 次 等待 1 秒
2021-07-08 00:07:20 {"status":"ok","msg":"添加成功！218068"}
2021-07-08 00:07:20 下次操作: 2021-07-08 00:07:31

2021-07-08 00:07:31 开始第 17 次操作

2021-07-08 00:07:31 开始操作号码 【1318032】
2021-07-08 00:07:42 GSD getOne 第 1 次 等待 1 秒
2021-07-08 00:07:43 查询号码 【1318032】，返回信息 {"status":"bad","msg":""}
2021-07-08 00:07:43 查询号码 【1318032】，GSD为【""】
2021-07-08 00:07:43 bad
2021-07-08 00:07:45 CHB 1318032?1625674063 第 1 次 等待 1 秒
2021-07-08 00:07:46 CHB 1318032?1625674063 第 1 次 获取到号码【1318032】GSD
2021-07-08 00:07:46 获取到号码【1318032】的GSD为【河北-沧州】
2021-07-08 00:08:06 GSD insert 第 1 次 等待 1 秒
2021-07-08 00:08:07 {"status":"ok","msg":"添加成功！218078"}
2021-07-08 00:08:07 下次操作: 2021-07-08 00:08:18

2021-07-08 00:08:18 开始第 18 次操作

2021-07-08 00:08:18 开始操作号码 【1318031】
2021-07-08 00:08:32 GSD getOne 第 1 次 等待 1 秒
2021-07-08 00:08:33 查询号码 【1318031】，返回信息 {"status":"bad","msg":""}
2021-07-08 00:08:33 查询号码 【1318031】，GSD为【""】
2021-07-08 00:08:33 bad
2021-07-08 00:08:35 CHB 1318031?1625674113 第 1 次 等待 1 秒
2021-07-08 00:08:36 CHB 1318031?1625674113 第 1 次 获取到号码【1318031】GSD
2021-07-08 00:08:36 获取到号码【1318031】的GSD为【河北-沧州】
2021-07-08 00:08:55 GSD insert 第 1 次 等待 1 秒
2021-07-08 00:08:56 {"status":"ok","msg":"添加成功！218085"}
2021-07-08 00:08:56 下次操作: 2021-07-08 00:09:10

2021-07-08 00:09:10 开始第 19 次操作

2021-07-08 00:09:10 开始操作号码 【1318030】
2021-07-08 00:09:19 GSD getOne 第 1 次 等待 1 秒
2021-07-08 00:09:20 查询号码 【1318030】，返回信息 {"status":"bad","msg":""}
2021-07-08 00:09:20 查询号码 【1318030】，GSD为【""】
2021-07-08 00:09:20 bad
2021-07-08 00:09:22 CHB 1318030?1625674160 第 1 次 等待 1 秒
2021-07-08 00:09:23 CHB 1318030?1625674160 第 1 次 获取到号码【1318030】GSD
2021-07-08 00:09:23 获取到号码【1318030】的GSD为【河北-沧州】
2021-07-08 00:09:42 GSD insert 第 1 次 等待 1 秒
2021-07-08 00:09:43 {"status":"ok","msg":"添加成功！218097"}
2021-07-08 00:09:43 下次操作: 2021-07-08 00:09:50

2021-07-08 00:09:50 开始第 20 次操作

2021-07-08 00:09:50 开始操作号码 【1318029】
2021-07-08 00:10:10 GSD getOne 第 1 次 等待 1 秒
2021-07-08 00:10:11 查询号码 【1318029】，返回信息 {"status":"bad","msg":""}
2021-07-08 00:10:11 查询号码 【1318029】，GSD为【""】
2021-07-08 00:10:11 bad
2021-07-08 00:10:13 CHB 1318029?1625674211 第 1 次 等待 1 秒
2021-07-08 00:10:14 CHB 1318029?1625674211 第 1 次 获取到号码【1318029】GSD
2021-07-08 00:10:14 获取到号码【1318029】的GSD为【河北-衡水】
2021-07-08 00:10:33 GSD insert 第 1 次 等待 1 秒
2021-07-08 00:10:34 {"status":"ok","msg":"添加成功！218108"}
2021-07-08 00:10:34 下次操作: 2021-07-08 00:10:46

2021-07-08 00:10:46 开始第 21 次操作

2021-07-08 00:10:46 开始操作号码 【1318028】
2021-07-08 00:10:57 GSD getOne 第 1 次 等待 1 秒
2021-07-08 00:10:58 查询号码 【1318028】，返回信息 {"status":"bad","msg":""}
2021-07-08 00:10:58 查询号码 【1318028】，GSD为【""】
2021-07-08 00:10:58 bad
2021-07-08 00:11:00 CHB 1318028?1625674258 第 1 次 等待 1 秒
2021-07-08 00:11:01 CHB 1318028?1625674258 第 1 次 获取到号码【1318028】GSD
2021-07-08 00:11:01 获取到号码【1318028】的GSD为【河北-邢台】
2021-07-08 00:11:20 GSD insert 第 1 次 等待 1 秒
2021-07-08 00:11:21 {"status":"ok","msg":"添加成功！218117"}
2021-07-08 00:11:21 下次操作: 2021-07-08 00:11:29

2021-07-08 00:11:29 开始第 22 次操作

2021-07-08 00:11:29 开始操作号码 【1318027】
2021-07-08 00:11:48 GSD getOne 第 1 次 等待 1 秒
2021-07-08 00:11:49 查询号码 【1318027】，返回信息 {"status":"bad","msg":""}
2021-07-08 00:11:49 查询号码 【1318027】，GSD为【""】
2021-07-08 00:11:49 bad
2021-07-08 00:11:51 CHB 1318027?1625674309 第 1 次 等待 1 秒
2021-07-08 00:11:52 CHB 1318027?1625674309 第 1 次 获取到号码【1318027】GSD
2021-07-08 00:11:52 获取到号码【1318027】的GSD为【河北-秦皇岛】
2021-07-08 00:12:12 GSD insert 第 1 次 等待 1 秒
2021-07-08 00:12:13 {"status":"ok","msg":"添加成功！218127"}
2021-07-08 00:12:13 下次操作: 2021-07-08 00:12:25

2021-07-08 00:12:25 开始第 23 次操作

2021-07-08 00:12:25 开始操作号码 【1318026】
2021-07-08 00:12:36 GSD getOne 第 1 次 等待 1 秒
2021-07-08 00:12:37 查询号码 【1318026】，返回信息 {"status":"bad","msg":""}
2021-07-08 00:12:37 查询号码 【1318026】，GSD为【""】
2021-07-08 00:12:37 bad
2021-07-08 00:12:39 CHB 1318026?1625674357 第 1 次 等待 1 秒
2021-07-08 00:12:40 CHB 1318026?1625674357 第 1 次 获取到号码【1318026】GSD
2021-07-08 00:12:40 获取到号码【1318026】的GSD为【河北-保定】
2021-07-08 00:13:03 GSD insert 第 1 次 等待 1 秒
2021-07-08 00:13:04 {"status":"ok","msg":"添加成功！218138"}
2021-07-08 00:13:04 下次操作: 2021-07-08 00:13:18

2021-07-08 00:13:18 开始第 24 次操作

2021-07-08 00:13:18 开始操作号码 【1318025】
2021-07-08 00:13:26 GSD getOne 第 1 次 等待 1 秒
2021-07-08 00:13:27 查询号码 【1318025】，返回信息 {"status":"bad","msg":""}
2021-07-08 00:13:27 查询号码 【1318025】，GSD为【""】
2021-07-08 00:13:27 bad
2021-07-08 00:13:29 CHB 1318025?1625674407 第 1 次 等待 1 秒
2021-07-08 00:13:30 CHB 1318025?1625674407 第 1 次 获取到号码【1318025】GSD
2021-07-08 00:13:30 获取到号码【1318025】的GSD为【河北-保定】
2021-07-08 00:13:56 GSD insert 第 1 次 等待 1 秒
2021-07-08 00:13:57 {"status":"ok","msg":"添加成功！218146"}
2021-07-08 00:13:57 下次操作: 2021-07-08 00:14:03

2021-07-08 00:14:03 开始第 25 次操作

2021-07-08 00:14:03 开始操作号码 【1318024】
2021-07-08 00:14:22 GSD getOne 第 1 次 等待 1 秒
2021-07-08 00:14:23 查询号码 【1318024】，返回信息 {"status":"bad","msg":""}
2021-07-08 00:14:23 查询号码 【1318024】，GSD为【""】
2021-07-08 00:14:23 bad
2021-07-08 00:14:25 CHB 1318024?1625674463 第 1 次 等待 1 秒
2021-07-08 00:14:26 CHB 1318024?1625674463 第 1 次 获取到号码【1318024】GSD
2021-07-08 00:14:26 获取到号码【1318024】的GSD为【河北-保定】
2021-07-08 00:14:46 GSD insert 第 1 次 等待 1 秒
2021-07-08 00:14:47 {"status":"ok","msg":"添加成功！218155"}
2021-07-08 00:14:47 下次操作: 2021-07-08 00:14:59

2021-07-08 00:14:59 开始第 26 次操作

2021-07-08 00:14:59 开始操作号码 【1318023】
2021-07-08 00:15:10 GSD getOne 第 1 次 等待 1 秒
2021-07-08 00:15:11 查询号码 【1318023】，返回信息 {"status":"bad","msg":""}
2021-07-08 00:15:11 查询号码 【1318023】，GSD为【""】
2021-07-08 00:15:11 bad
2021-07-08 00:15:12 CHB 1318023?1625674511 第 1 次 等待 1 秒
2021-07-08 00:15:13 CHB 1318023?1625674511 第 1 次 获取到号码【1318023】GSD
2021-07-08 00:15:14 获取到号码【1318023】的GSD为【河北-保定】
2021-07-08 00:15:33 GSD insert 第 1 次 等待 1 秒
2021-07-08 00:15:34 {"status":"ok","msg":"添加成功！218164"}
2021-07-08 00:15:34 下次操作: 2021-07-08 00:15:47

2021-07-08 00:15:47 开始第 27 次操作

2021-07-08 00:15:47 开始操作号码 【1318022】
2021-07-08 00:15:58 GSD getOne 第 1 次 等待 1 秒
2021-07-08 00:15:59 查询号码 【1318022】，返回信息 {"status":"bad","msg":""}
2021-07-08 00:15:59 查询号码 【1318022】，GSD为【""】
2021-07-08 00:15:59 bad
2021-07-08 00:16:01 CHB 1318022?1625674559 第 1 次 等待 1 秒
2021-07-08 00:16:02 CHB 1318022?1625674559 第 1 次 获取到号码【1318022】GSD
2021-07-08 00:16:02 获取到号码【1318022】的GSD为【河北-保定】
2021-07-08 00:16:24 GSD insert 第 1 次 等待 1 秒
2021-07-08 00:16:25 {"status":"ok","msg":"添加成功！218172"}
2021-07-08 00:16:25 下次操作: 2021-07-08 00:16:32

2021-07-08 00:16:32 开始第 28 次操作

2021-07-08 00:16:32 开始操作号码 【1318021】
2021-07-08 00:16:52 GSD getOne 第 1 次 等待 1 秒
2021-07-08 00:16:53 查询号码 【1318021】，返回信息 {"status":"bad","msg":""}
2021-07-08 00:16:53 查询号码 【1318021】，GSD为【""】
2021-07-08 00:16:53 bad
2021-07-08 00:16:55 CHB 1318021?1625674613 第 1 次 等待 1 秒
2021-07-08 00:16:56 CHB 1318021?1625674613 第 1 次 获取到号码【1318021】GSD
2021-07-08 00:16:56 获取到号码【1318021】的GSD为【河北-保定】
2021-07-08 00:17:16 GSD insert 第 1 次 等待 1 秒
2021-07-08 00:17:17 {"status":"ok","msg":"添加成功！218182"}
2021-07-08 00:17:17 下次操作: 2021-07-08 00:17:32

2021-07-08 00:17:32 开始第 29 次操作

2021-07-08 00:17:32 开始操作号码 【1318020】
2021-07-08 00:17:39 GSD getOne 第 1 次 等待 1 秒
2021-07-08 00:17:40 查询号码 【1318020】，返回信息 {"status":"bad","msg":""}
2021-07-08 00:17:41 查询号码 【1318020】，GSD为【""】
2021-07-08 00:17:41 bad
2021-07-08 00:17:42 CHB 1318020?1625674661 第 1 次 等待 1 秒
2021-07-08 00:17:43 CHB 1318020?1625674661 第 1 次 获取到号码【1318020】GSD
2021-07-08 00:17:43 获取到号码【1318020】的GSD为【河北-保定】
2021-07-08 00:18:05 GSD insert 第 1 次 等待 1 秒
2021-07-08 00:18:06 {"status":"ok","msg":"添加成功！218191"}
2021-07-08 00:18:06 下次操作: 2021-07-08 00:18:13

2021-07-08 00:18:13 开始第 30 次操作

2021-07-08 00:18:13 开始操作号码 【1318019】
2021-07-08 00:18:32 GSD getOne 第 1 次 等待 1 秒
2021-07-08 00:18:33 查询号码 【1318019】，返回信息 {"status":"bad","msg":""}
2021-07-08 00:18:34 查询号码 【1318019】，GSD为【""】
2021-07-08 00:18:34 bad
2021-07-08 00:18:35 CHB 1318019?1625674714 第 1 次 等待 1 秒
2021-07-08 00:18:36 CHB 1318019?1625674714 第 1 次 获取到号码【1318019】GSD
2021-07-08 00:18:36 获取到号码【1318019】的GSD为【河北-唐山】
2021-07-08 00:18:59 GSD insert 第 1 次 等待 1 秒
2021-07-08 00:19:00 {"status":"ok","msg":"添加成功！218200"}

