2023-12-07 00:14:42 开始第 1865 次操作

2023-12-07 00:14:42 开始操作号码 【1861758】
2023-12-07 00:14:51 GSD getOne 第 1 次 等待 3 秒
2023-12-07 00:14:54 查询号码 【1861758】，返回信息 {"status":"ok","msg":"河北-邯郸","gid":"477881","time_insert":"2021-08-02 10:41"}
2023-12-07 00:14:54 查询号码 【1861758】，GSD为【"河北-邯郸"】

2023-12-07 00:14:55 开始第 1866 次操作

2023-12-07 00:14:55 开始操作号码 【1861759】
2023-12-07 00:15:00 GSD getOne 第 1 次 等待 3 秒
2023-12-07 00:15:03 查询号码 【1861759】，返回信息 {"status":"ok","msg":"河北-邯郸","gid":"477998","time_insert":"2021-08-02 10:52"}
2023-12-07 00:15:03 查询号码 【1861759】，GSD为【"河北-邯郸"】

2023-12-07 00:15:04 开始第 1867 次操作

2023-12-07 00:15:04 开始操作号码 【1861760】
2023-12-07 00:15:08 GSD getOne 第 1 次 等待 3 秒
2023-12-07 00:15:11 查询号码 【1861760】，返回信息 {"status":"ok","msg":"河北-衡水","gid":"478160","time_insert":"2021-08-02 11:04"}
2023-12-07 00:15:11 查询号码 【1861760】，GSD为【"河北-衡水"】

2023-12-07 00:15:12 开始第 1868 次操作

2023-12-07 00:15:12 开始操作号码 【1861761】
2023-12-07 00:15:37 GSD getOne 第 1 次 等待 3 秒
2023-12-07 00:15:40 查询号码 【1861761】，返回信息 {"status":"ok","msg":"河北-邢台","gid":"478297","time_insert":"2021-08-02 11:18"}
2023-12-07 00:15:40 查询号码 【1861761】，GSD为【"河北-邢台"】

2023-12-07 00:40:15 开始第 1869 次操作

2023-12-07 00:40:15 开始操作号码 【1861762】
2023-12-07 00:40:25 GSD getOne 第 1 次 等待 3 秒
2023-12-07 00:40:28 查询号码 【1861762】，返回信息 {"status":"ok","msg":"河北-邢台","gid":"478360","time_insert":"2021-08-02 11:31"}
2023-12-07 00:40:28 查询号码 【1861762】，GSD为【"河北-邢台"】

2023-12-07 00:40:29 开始第 1870 次操作

2023-12-07 00:40:29 开始操作号码 【1861763】
2023-12-07 00:40:33 GSD getOne 第 1 次 等待 3 秒
2023-12-07 00:40:36 查询号码 【1861763】，返回信息 {"status":"ok","msg":"河北-邢台","gid":"478421","time_insert":"2021-08-02 11:46"}
2023-12-07 00:40:37 查询号码 【1861763】，GSD为【"河北-邢台"】

2023-12-07 00:40:38 开始第 1871 次操作

2023-12-07 00:40:38 开始操作号码 【1861764】
2023-12-07 00:40:41 GSD getOne 第 1 次 等待 3 秒
2023-12-07 00:40:44 查询号码 【1861764】，返回信息 {"status":"ok","msg":"河北-邢台","gid":"478650","time_insert":"2021-08-02 12:01"}
2023-12-07 00:40:44 查询号码 【1861764】，GSD为【"河北-邢台"】

2023-12-07 00:40:45 开始第 1872 次操作

2023-12-07 00:40:45 开始操作号码 【1861765】
2023-12-07 00:40:49 GSD getOne 第 1 次 等待 3 秒
2023-12-07 00:40:52 查询号码 【1861765】，返回信息 {"status":"ok","msg":"河北-邢台","gid":"478830","time_insert":"2021-08-02 12:15"}
2023-12-07 00:40:52 查询号码 【1861765】，GSD为【"河北-邢台"】

2023-12-07 01:10:19 开始第 1873 次操作

2023-12-07 01:10:19 开始操作号码 【1861766】
2023-12-07 01:10:23 GSD getOne 第 1 次 等待 3 秒
2023-12-07 01:10:26 查询号码 【1861766】，返回信息 {"status":"ok","msg":"河北-邢台","gid":"478877","time_insert":"2021-08-02 12:30"}
2023-12-07 01:10:26 查询号码 【1861766】，GSD为【"河北-邢台"】

2023-12-07 01:10:27 开始第 1874 次操作

2023-12-07 01:10:27 开始操作号码 【1861767】
2023-12-07 01:10:33 GSD getOne 第 1 次 等待 3 秒
2023-12-07 01:10:36 查询号码 【1861767】，返回信息 {"status":"ok","msg":"河北-邢台","gid":"478891","time_insert":"2021-08-02 12:42"}
2023-12-07 01:10:36 查询号码 【1861767】，GSD为【"河北-邢台"】

2023-12-07 01:10:37 开始第 1875 次操作

2023-12-07 01:10:37 开始操作号码 【1861768】
2023-12-07 01:10:43 GSD getOne 第 1 次 等待 3 秒
2023-12-07 01:10:46 查询号码 【1861768】，返回信息 {"status":"ok","msg":"河北-邢台","gid":"478963","time_insert":"2021-08-02 12:55"}
2023-12-07 01:10:46 查询号码 【1861768】，GSD为【"河北-邢台"】

2023-12-07 01:10:47 开始第 1876 次操作

2023-12-07 01:10:47 开始操作号码 【1861769】
2023-12-07 01:10:54 GSD getOne 第 1 次 等待 3 秒
2023-12-07 01:10:57 查询号码 【1861769】，返回信息 {"status":"ok","msg":"河北-邢台","gid":"479112","time_insert":"2021-08-02 13:05"}
2023-12-07 01:10:57 查询号码 【1861769】，GSD为【"河北-邢台"】

2023-12-07 01:34:47 开始第 1877 次操作

2023-12-07 01:34:47 开始操作号码 【1861770】
2023-12-07 01:34:50 GSD getOne 第 1 次 等待 3 秒
2023-12-07 01:34:53 查询号码 【1861770】，返回信息 {"status":"ok","msg":"河北-沧州","gid":"479318","time_insert":"2021-08-02 13:19"}
2023-12-07 01:34:53 查询号码 【1861770】，GSD为【"河北-沧州"】

2023-12-07 01:34:54 开始第 1878 次操作

2023-12-07 01:34:54 开始操作号码 【1861771】
2023-12-07 01:34:58 GSD getOne 第 1 次 等待 3 秒
2023-12-07 01:35:01 查询号码 【1861771】，返回信息 {"status":"ok","msg":"河北-沧州","gid":"479398","time_insert":"2021-08-02 13:33"}
2023-12-07 01:35:01 查询号码 【1861771】，GSD为【"河北-沧州"】

2023-12-07 01:35:02 开始第 1879 次操作

2023-12-07 01:35:02 开始操作号码 【1861772】
2023-12-07 01:35:05 GSD getOne 第 1 次 等待 3 秒
2023-12-07 01:35:08 查询号码 【1861772】，返回信息 {"status":"ok","msg":"河北-沧州","gid":"479576","time_insert":"2021-08-02 13:47","time_update":"2021-08-03 19:15"}
2023-12-07 01:35:08 查询号码 【1861772】，GSD为【"河北-沧州"】

2023-12-07 01:35:09 开始第 1880 次操作

2023-12-07 01:35:09 开始操作号码 【1861773】
2023-12-07 01:35:12 GSD getOne 第 1 次 等待 3 秒
2023-12-07 01:35:15 查询号码 【1861773】，返回信息 {"status":"ok","msg":"河北-沧州","gid":"479786","time_insert":"2021-08-02 14:01"}
2023-12-07 01:35:15 查询号码 【1861773】，GSD为【"河北-沧州"】

2023-12-07 02:13:44 开始第 1881 次操作

2023-12-07 02:13:44 开始操作号码 【1861774】
2023-12-07 02:13:48 GSD getOne 第 1 次 等待 3 秒
2023-12-07 02:13:51 查询号码 【1861774】，返回信息 {"status":"ok","msg":"河北-沧州","gid":"479860","time_insert":"2021-08-02 14:11"}
2023-12-07 02:13:51 查询号码 【1861774】，GSD为【"河北-沧州"】

2023-12-07 02:13:52 开始第 1882 次操作

2023-12-07 02:13:52 开始操作号码 【1861775】
2023-12-07 02:13:56 GSD getOne 第 1 次 等待 3 秒
2023-12-07 02:13:59 查询号码 【1861775】，返回信息 {"status":"ok","msg":"河北-保定","gid":"479880","time_insert":"2021-08-02 14:25"}
2023-12-07 02:13:59 查询号码 【1861775】，GSD为【"河北-保定"】

2023-12-07 02:14:00 开始第 1883 次操作

2023-12-07 02:14:00 开始操作号码 【1861776】
2023-12-07 02:14:04 GSD getOne 第 1 次 等待 3 秒
2023-12-07 02:14:07 查询号码 【1861776】，返回信息 {"status":"ok","msg":"河北-保定","gid":"479904","time_insert":"2021-08-02 14:37"}
2023-12-07 02:14:07 查询号码 【1861776】，GSD为【"河北-保定"】

2023-12-07 02:14:08 开始第 1884 次操作

2023-12-07 02:14:08 开始操作号码 【1861777】
2023-12-07 02:14:11 GSD getOne 第 1 次 等待 3 秒
2023-12-07 02:14:14 查询号码 【1861777】，返回信息 {"status":"ok","msg":"河北-保定","gid":"479950","time_insert":"2021-08-02 14:51"}
2023-12-07 02:14:15 查询号码 【1861777】，GSD为【"河北-保定"】

2023-12-07 02:35:55 开始第 1885 次操作

2023-12-07 02:35:55 开始操作号码 【1861778】
2023-12-07 02:35:59 GSD getOne 第 1 次 等待 3 秒
2023-12-07 02:36:02 查询号码 【1861778】，返回信息 {"status":"ok","msg":"河北-保定","gid":"480170","time_insert":"2021-08-02 15:06"}
2023-12-07 02:36:02 查询号码 【1861778】，GSD为【"河北-保定"】

2023-12-07 02:36:03 开始第 1886 次操作

2023-12-07 02:36:04 开始操作号码 【1861779】
2023-12-07 02:36:07 GSD getOne 第 1 次 等待 3 秒
2023-12-07 02:36:10 查询号码 【1861779】，返回信息 {"status":"ok","msg":"河北-保定","gid":"480358","time_insert":"2021-08-02 15:18"}
2023-12-07 02:36:10 查询号码 【1861779】，GSD为【"河北-保定"】

2023-12-07 02:36:11 开始第 1887 次操作

2023-12-07 02:36:11 开始操作号码 【1861780】
2023-12-07 02:36:15 GSD getOne 第 1 次 等待 3 秒
2023-12-07 02:36:18 查询号码 【1861780】，返回信息 {"status":"ok","msg":"河北-保定","gid":"480419","time_insert":"2021-08-02 15:31"}
2023-12-07 02:36:18 查询号码 【1861780】，GSD为【"河北-保定"】

2023-12-07 02:36:19 开始第 1888 次操作

2023-12-07 02:36:19 开始操作号码 【1861781】
2023-12-07 02:36:22 GSD getOne 第 1 次 等待 3 秒
2023-12-07 02:36:25 查询号码 【1861781】，返回信息 {"status":"ok","msg":"河北-秦皇岛","gid":"480544","time_insert":"2021-08-02 15:43"}
2023-12-07 02:36:25 查询号码 【1861781】，GSD为【"河北-秦皇岛"】

