2023-11-16 00:14:04 开始第 9065 次操作

2023-11-16 00:14:04 开始操作号码 【1968957】
2023-11-16 00:14:07 GSD getOne 第 1 次 等待 3 秒
2023-11-16 00:14:10 查询号码 【1968957】，返回信息 {"status":"ok","msg":"-","gid":"589151","time_insert":"2023-03-14 01:33"}
2023-11-16 00:14:10 查询号码 【1968957】，GSD为【"-"】
2023-11-16 00:14:10 ok && -
2023-11-16 00:14:13 CHB 1968957?1700064850 第 1 次 等待 3 秒
2023-11-16 00:14:16 CHB 1968957?1700064850 第 1 次 获取到号码【1968957】GSD
2023-11-16 00:14:16 未获取到号码【1968957】GSD，可能号码格式错误
2023-11-16 00:14:16 获取到号码【1968957】的GSD为【-】
2023-11-16 00:14:20 GSD insert 第 1 次 等待 3 秒
2023-11-16 00:14:23 {"status":"bad","gid":"589151","msg":"添加失败！号码【1968957(-|-)】已存在！"}
2023-11-16 00:14:23 随机等待 213 秒，约 3 分钟
2023-11-16 00:14:23 下次操作: 2023-11-16 00:17:56

2023-11-16 00:17:56 开始第 9066 次操作

2023-11-16 00:17:56 开始操作号码 【1968958】
2023-11-16 00:18:00 GSD getOne 第 1 次 等待 3 秒
2023-11-16 00:18:03 查询号码 【1968958】，返回信息 {"status":"ok","msg":"-","gid":"589157","time_insert":"2023-03-14 01:35"}
2023-11-16 00:18:03 查询号码 【1968958】，GSD为【"-"】
2023-11-16 00:18:03 ok && -
2023-11-16 00:18:06 CHB 1968958?1700065083 第 1 次 等待 3 秒
2023-11-16 00:18:09 CHB 1968958?1700065083 第 1 次 获取到号码【1968958】GSD
2023-11-16 00:18:09 未获取到号码【1968958】GSD，可能号码格式错误
2023-11-16 00:18:09 获取到号码【1968958】的GSD为【-】
2023-11-16 00:18:14 GSD insert 第 1 次 等待 3 秒
2023-11-16 00:18:17 {"status":"bad","gid":"589157","msg":"添加失败！号码【1968958(-|-)】已存在！"}
2023-11-16 00:18:17 随机等待 200 秒，约 3 分钟
2023-11-16 00:18:17 下次操作: 2023-11-16 00:21:37

2023-11-16 00:21:37 开始第 9067 次操作

2023-11-16 00:21:37 开始操作号码 【1968959】
2023-11-16 00:21:45 GSD getOne 第 1 次 等待 3 秒
2023-11-16 00:21:48 查询号码 【1968959】，返回信息 {"status":"ok","msg":"-","gid":"589160","time_insert":"2023-03-14 01:37"}
2023-11-16 00:21:48 查询号码 【1968959】，GSD为【"-"】
2023-11-16 00:21:48 ok && -
2023-11-16 00:21:50 CHB 1968959?1700065308 第 1 次 等待 3 秒
2023-11-16 00:21:53 CHB 1968959?1700065308 第 1 次 获取到号码【1968959】GSD
2023-11-16 00:21:53 未获取到号码【1968959】GSD，可能号码格式错误
2023-11-16 00:21:53 获取到号码【1968959】的GSD为【-】
2023-11-16 00:21:57 GSD insert 第 1 次 等待 3 秒
2023-11-16 00:22:00 {"status":"bad","gid":"589160","msg":"添加失败！号码【1968959(-|-)】已存在！"}
2023-11-16 00:22:00 随机等待 157 秒，约 2 分钟
2023-11-16 00:22:00 下次操作: 2023-11-16 00:24:37

2023-11-16 00:24:37 开始第 9068 次操作

2023-11-16 00:24:37 开始操作号码 【1968960】
2023-11-16 00:24:41 GSD getOne 第 1 次 等待 3 秒
2023-11-16 00:24:44 查询号码 【1968960】，返回信息 {"status":"ok","msg":"-","gid":"589163","time_insert":"2023-03-14 01:39"}
2023-11-16 00:24:44 查询号码 【1968960】，GSD为【"-"】
2023-11-16 00:24:44 ok && -
2023-11-16 00:24:47 CHB 1968960?1700065484 第 1 次 等待 3 秒
2023-11-16 00:24:50 CHB 1968960?1700065484 第 1 次 获取到号码【1968960】GSD
2023-11-16 00:24:50 未获取到号码【1968960】GSD，可能号码格式错误
2023-11-16 00:24:50 获取到号码【1968960】的GSD为【-】
2023-11-16 00:25:01 GSD insert 第 1 次 等待 3 秒
2023-11-16 00:25:05 {"status":"bad","gid":"589163","msg":"添加失败！号码【1968960(-|-)】已存在！"}

2023-11-16 00:39:42 开始第 9069 次操作

2023-11-16 00:39:42 开始操作号码 【1968961】
2023-11-16 00:39:49 GSD getOne 第 1 次 等待 3 秒
2023-11-16 00:39:52 查询号码 【1968961】，返回信息 {"status":"ok","msg":"-","gid":"589167","time_insert":"2023-03-14 01:43"}
2023-11-16 00:39:53 查询号码 【1968961】，GSD为【"-"】
2023-11-16 00:39:53 ok && -
2023-11-16 00:39:59 CHB 1968961?1700066393 第 1 次 等待 3 秒
2023-11-16 00:40:02 CHB 1968961?1700066393 第 1 次 获取到号码【1968961】GSD
2023-11-16 00:40:02 未获取到号码【1968961】GSD，可能号码格式错误
2023-11-16 00:40:02 获取到号码【1968961】的GSD为【-】
2023-11-16 00:40:05 GSD insert 第 1 次 等待 3 秒
2023-11-16 00:40:08 {"status":"bad","gid":"589167","msg":"添加失败！号码【1968961(-|-)】已存在！"}
2023-11-16 00:40:08 随机等待 132 秒，约 2 分钟
2023-11-16 00:40:08 下次操作: 2023-11-16 00:42:20

2023-11-16 00:42:20 开始第 9070 次操作

2023-11-16 00:42:20 开始操作号码 【1968962】
2023-11-16 00:42:23 GSD getOne 第 1 次 等待 3 秒
2023-11-16 00:42:26 查询号码 【1968962】，返回信息 {"status":"ok","msg":"-","gid":"589173","time_insert":"2023-03-14 01:45"}
2023-11-16 00:42:26 查询号码 【1968962】，GSD为【"-"】
2023-11-16 00:42:26 ok && -
2023-11-16 00:42:28 CHB 1968962?1700066546 第 1 次 等待 3 秒
2023-11-16 00:42:31 CHB 1968962?1700066546 第 1 次 获取到号码【1968962】GSD
2023-11-16 00:42:31 未获取到号码【1968962】GSD，可能号码格式错误
2023-11-16 00:42:31 获取到号码【1968962】的GSD为【-】
2023-11-16 00:42:35 GSD insert 第 1 次 等待 3 秒
2023-11-16 00:42:38 {"status":"bad","gid":"589173","msg":"添加失败！号码【1968962(-|-)】已存在！"}
2023-11-16 00:42:38 随机等待 103 秒，约 1 分钟
2023-11-16 00:42:38 下次操作: 2023-11-16 00:44:21

2023-11-16 00:44:22 开始第 9071 次操作

2023-11-16 00:44:22 开始操作号码 【1968963】
2023-11-16 00:44:24 GSD getOne 第 1 次 等待 3 秒
2023-11-16 00:44:27 查询号码 【1968963】，返回信息 {"status":"ok","msg":"-","gid":"589176","time_insert":"2023-03-14 01:47"}
2023-11-16 00:44:27 查询号码 【1968963】，GSD为【"-"】
2023-11-16 00:44:27 ok && -
2023-11-16 00:44:29 CHB 1968963?1700066667 第 1 次 等待 3 秒
2023-11-16 00:44:32 CHB 1968963?1700066667 第 1 次 获取到号码【1968963】GSD
2023-11-16 00:44:32 未获取到号码【1968963】GSD，可能号码格式错误
2023-11-16 00:44:32 获取到号码【1968963】的GSD为【-】
2023-11-16 00:44:36 GSD insert 第 1 次 等待 3 秒
2023-11-16 00:44:39 {"status":"bad","gid":"589176","msg":"添加失败！号码【1968963(-|-)】已存在！"}
2023-11-16 00:44:39 随机等待 234 秒，约 3 分钟
2023-11-16 00:44:39 下次操作: 2023-11-16 00:48:33

2023-11-16 00:48:33 开始第 9072 次操作

2023-11-16 00:48:33 开始操作号码 【1968964】
2023-11-16 00:48:39 GSD getOne 第 1 次 等待 3 秒
2023-11-16 00:48:42 查询号码 【1968964】，返回信息 {"status":"ok","msg":"-","gid":"589182","time_insert":"2023-03-14 01:49"}
2023-11-16 00:48:42 查询号码 【1968964】，GSD为【"-"】
2023-11-16 00:48:42 ok && -
2023-11-16 00:48:43 CHB 1968964?1700066922 第 1 次 等待 3 秒
2023-11-16 00:48:46 CHB 1968964?1700066922 第 1 次 获取到号码【1968964】GSD
2023-11-16 00:48:46 未获取到号码【1968964】GSD，可能号码格式错误
2023-11-16 00:48:46 获取到号码【1968964】的GSD为【-】
2023-11-16 00:48:50 GSD insert 第 1 次 等待 3 秒
2023-11-16 00:48:53 {"status":"bad","gid":"589182","msg":"添加失败！号码【1968964(-|-)】已存在！"}

