2023-12-21 00:12:40 开始第 4437 次操作

2023-12-21 00:12:40 开始操作号码 【1864330】
2023-12-21 00:12:48 GSD getOne 第 1 次 等待 3 秒
2023-12-21 00:12:51 查询号码 【1864330】，返回信息 {"status":"ok","msg":"吉林-延边","gid":"467803","time_insert":"2021-08-01 13:38"}
2023-12-21 00:12:51 查询号码 【1864330】，GSD为【"吉林-延边"】

2023-12-21 00:12:52 开始第 4438 次操作

2023-12-21 00:12:52 开始操作号码 【1864331】
2023-12-21 00:12:56 GSD getOne 第 1 次 等待 3 秒
2023-12-21 00:12:59 查询号码 【1864331】，返回信息 {"status":"ok","msg":"吉林-延边","gid":"467793","time_insert":"2021-08-01 13:37"}
2023-12-21 00:12:59 查询号码 【1864331】，GSD为【"吉林-延边"】

2023-12-21 00:13:00 开始第 4439 次操作

2023-12-21 00:13:00 开始操作号码 【1864332】
2023-12-21 00:13:04 GSD getOne 第 1 次 等待 3 秒
2023-12-21 00:13:07 查询号码 【1864332】，返回信息 {"status":"ok","msg":"吉林-延边","gid":"467679","time_insert":"2021-08-01 13:18"}
2023-12-21 00:13:07 查询号码 【1864332】，GSD为【"吉林-延边"】

2023-12-21 00:13:08 开始第 4440 次操作

2023-12-21 00:13:08 开始操作号码 【1864333】
2023-12-21 00:13:12 GSD getOne 第 1 次 等待 3 秒
2023-12-21 00:13:15 查询号码 【1864333】，返回信息 {"status":"ok","msg":"吉林-延边","gid":"467673","time_insert":"2021-08-01 13:18"}
2023-12-21 00:13:15 查询号码 【1864333】，GSD为【"吉林-延边"】

2023-12-21 00:37:58 开始第 4441 次操作

2023-12-21 00:37:58 开始操作号码 【1864334】
2023-12-21 00:38:02 GSD getOne 第 1 次 等待 3 秒
2023-12-21 00:38:05 查询号码 【1864334】，返回信息 {"status":"ok","msg":"吉林-延边","gid":"467662","time_insert":"2021-08-01 13:17"}
2023-12-21 00:38:05 查询号码 【1864334】，GSD为【"吉林-延边"】

2023-12-21 00:38:06 开始第 4442 次操作

2023-12-21 00:38:06 开始操作号码 【1864335】
2023-12-21 00:38:10 GSD getOne 第 1 次 等待 3 秒
2023-12-21 00:38:13 查询号码 【1864335】，返回信息 {"status":"ok","msg":"吉林-延边","gid":"467654","time_insert":"2021-08-01 13:16"}
2023-12-21 00:38:13 查询号码 【1864335】，GSD为【"吉林-延边"】

2023-12-21 00:38:14 开始第 4443 次操作

2023-12-21 00:38:14 开始操作号码 【1864336】
2023-12-21 00:38:21 GSD getOne 第 1 次 等待 3 秒
2023-12-21 00:38:24 查询号码 【1864336】，返回信息 {"status":"ok","msg":"吉林-延边","gid":"467642","time_insert":"2021-08-01 13:16"}
2023-12-21 00:38:24 查询号码 【1864336】，GSD为【"吉林-延边"】

2023-12-21 00:38:25 开始第 4444 次操作

2023-12-21 00:38:25 开始操作号码 【1864337】
2023-12-21 00:38:28 GSD getOne 第 1 次 等待 3 秒
2023-12-21 00:38:31 查询号码 【1864337】，返回信息 {"status":"ok","msg":"吉林-延边","gid":"467630","time_insert":"2021-08-01 13:15"}
2023-12-21 00:38:31 查询号码 【1864337】，GSD为【"吉林-延边"】

