2024-11-29 00:27:34 开始第 7089 次操作

2024-11-29 00:27:34 开始操作号码 【1327088】
2024-11-29 00:27:35 GSD getOne 第 1 次 等待 3 秒
2024-11-29 00:27:38 查询号码 【1327088】，返回信息 {"status":"ok","msg":"江苏-南京","gid":"229161","time_insert":"2021-07-09 07:35"}
2024-11-29 00:27:38 查询号码 【1327088】，GSD为【"江苏-南京"】

2024-11-29 00:27:39 开始第 7090 次操作

2024-11-29 00:27:39 开始操作号码 【1327089】
2024-11-29 00:27:40 GSD getOne 第 1 次 等待 3 秒
2024-11-29 00:27:43 查询号码 【1327089】，返回信息 {"status":"ok","msg":"江苏-南京","gid":"229160","time_insert":"2021-07-09 07:34"}
2024-11-29 00:27:43 查询号码 【1327089】，GSD为【"江苏-南京"】

2024-11-29 00:27:44 开始第 7091 次操作

2024-11-29 00:27:44 开始操作号码 【1327090】
2024-11-29 00:27:46 GSD getOne 第 1 次 等待 3 秒
2024-11-29 00:27:49 查询号码 【1327090】，返回信息 {"status":"ok","msg":"江苏-常州","gid":"229158","time_insert":"2021-07-09 07:33"}
2024-11-29 00:27:49 查询号码 【1327090】，GSD为【"江苏-常州"】

2024-11-29 00:27:50 开始第 7092 次操作

2024-11-29 00:27:50 开始操作号码 【1327091】
2024-11-29 00:27:51 GSD getOne 第 1 次 等待 3 秒
2024-11-29 00:27:54 查询号码 【1327091】，返回信息 {"status":"ok","msg":"江苏-常州","gid":"229154","time_insert":"2021-07-09 07:32"}
2024-11-29 00:27:54 查询号码 【1327091】，GSD为【"江苏-常州"】

