2024-03-28 00:14:11 开始第 557 次操作

2024-03-28 00:14:11 开始操作号码 【1640451】
2024-03-28 00:14:17 GSD getOne 第 1 次 等待 3 秒
2024-03-28 00:14:20 查询号码 【1640451】，返回信息 {"status":"ok","msg":"-","gid":"526273","time_insert":"2023-02-11 16:56"}
2024-03-28 00:14:20 查询号码 【1640451】，GSD为【"-"】
2024-03-28 00:14:20 ok && -
2024-03-28 00:14:22 CHB 1640451?1711556060 第 1 次 等待 3 秒
2024-03-28 00:14:25 CHB 1640451?1711556060 第 1 次 获取到号码【1640451】GSD
2024-03-28 00:14:25 未获取到号码【1640451】GSD，可能号码格式错误
2024-03-28 00:14:25 获取到号码【1640451】的GSD为【-】
2024-03-28 00:14:33 GSD insert 第 1 次 等待 3 秒
2024-03-28 00:14:36 {"status":"bad","gid":"526273","msg":"添加失败！号码【1640451(-|-)】已存在！"}
2024-03-28 00:14:36 随机等待 228 秒，约 3 分钟
2024-03-28 00:14:36 下次操作: 2024-03-28 00:18:24

2024-03-28 00:18:24 开始第 558 次操作

2024-03-28 00:18:24 开始操作号码 【1640452】
2024-03-28 00:18:34 GSD getOne 第 1 次 等待 3 秒
2024-03-28 00:18:37 查询号码 【1640452】，返回信息 {"status":"ok","msg":"-","gid":"526284","time_insert":"2023-02-11 17:09"}
2024-03-28 00:18:37 查询号码 【1640452】，GSD为【"-"】
2024-03-28 00:18:37 ok && -
2024-03-28 00:18:39 CHB 1640452?1711556317 第 1 次 等待 3 秒
2024-03-28 00:18:42 CHB 1640452?1711556317 第 1 次 获取到号码【1640452】GSD
2024-03-28 00:18:42 未获取到号码【1640452】GSD，可能号码格式错误
2024-03-28 00:18:42 获取到号码【1640452】的GSD为【-】
2024-03-28 00:18:49 GSD insert 第 1 次 等待 3 秒
2024-03-28 00:18:52 {"status":"bad","gid":"526284","msg":"添加失败！号码【1640452(-|-)】已存在！"}
2024-03-28 00:18:52 随机等待 138 秒，约 2 分钟
2024-03-28 00:18:52 下次操作: 2024-03-28 00:21:10

2024-03-28 00:21:10 开始第 559 次操作

2024-03-28 00:21:10 开始操作号码 【1640453】
2024-03-28 00:21:15 GSD getOne 第 1 次 等待 3 秒
2024-03-28 00:21:18 查询号码 【1640453】，返回信息 {"status":"ok","msg":"-","gid":"526294","time_insert":"2023-02-11 17:17"}
2024-03-28 00:21:18 查询号码 【1640453】，GSD为【"-"】
2024-03-28 00:21:18 ok && -
2024-03-28 00:21:20 CHB 1640453?1711556478 第 1 次 等待 3 秒
2024-03-28 00:21:23 CHB 1640453?1711556478 第 1 次 获取到号码【1640453】GSD
2024-03-28 00:21:23 未获取到号码【1640453】GSD，可能号码格式错误
2024-03-28 00:21:23 获取到号码【1640453】的GSD为【-】
2024-03-28 00:21:28 GSD insert 第 1 次 等待 3 秒
2024-03-28 00:21:31 {"status":"bad","gid":"526294","msg":"添加失败！号码【1640453(-|-)】已存在！"}
2024-03-28 00:21:31 随机等待 77 秒，约 1 分钟
2024-03-28 00:21:31 下次操作: 2024-03-28 00:22:48

2024-03-28 00:22:48 开始第 560 次操作

2024-03-28 00:22:48 开始操作号码 【1640454】
2024-03-28 00:22:53 GSD getOne 第 1 次 等待 3 秒
2024-03-28 00:22:56 查询号码 【1640454】，返回信息 {"status":"ok","msg":"-","gid":"526305","time_insert":"2023-02-11 17:29"}
2024-03-28 00:22:56 查询号码 【1640454】，GSD为【"-"】
2024-03-28 00:22:56 ok && -
2024-03-28 00:22:57 CHB 1640454?1711556576 第 1 次 等待 3 秒
2024-03-28 00:23:00 CHB 1640454?1711556576 第 1 次 获取到号码【1640454】GSD
2024-03-28 00:23:01 未获取到号码【1640454】GSD，可能号码格式错误
2024-03-28 00:23:01 获取到号码【1640454】的GSD为【-】
2024-03-28 00:23:09 GSD insert 第 1 次 等待 3 秒
2024-03-28 00:23:12 {"status":"bad","gid":"526305","msg":"添加失败！号码【1640454(-|-)】已存在！"}

2024-03-28 00:38:46 开始第 561 次操作

2024-03-28 00:38:46 开始操作号码 【1640455】
2024-03-28 00:38:51 GSD getOne 第 1 次 等待 3 秒
2024-03-28 00:38:54 查询号码 【1640455】，返回信息 {"status":"ok","msg":"-","gid":"526310","time_insert":"2023-02-11 17:38"}
2024-03-28 00:38:54 查询号码 【1640455】，GSD为【"-"】
2024-03-28 00:38:54 ok && -
2024-03-28 00:38:56 CHB 1640455?1711557534 第 1 次 等待 3 秒
2024-03-28 00:38:59 CHB 1640455?1711557534 第 1 次 获取到号码【1640455】GSD
2024-03-28 00:38:59 未获取到号码【1640455】GSD，可能号码格式错误
2024-03-28 00:38:59 获取到号码【1640455】的GSD为【-】
2024-03-28 00:39:04 GSD insert 第 1 次 等待 3 秒
2024-03-28 00:39:07 {"status":"bad","gid":"526310","msg":"添加失败！号码【1640455(-|-)】已存在！"}
2024-03-28 00:39:07 随机等待 125 秒，约 2 分钟
2024-03-28 00:39:07 下次操作: 2024-03-28 00:41:12

2024-03-28 00:41:12 开始第 562 次操作

2024-03-28 00:41:12 开始操作号码 【1640456】
2024-03-28 00:41:18 GSD getOne 第 1 次 等待 3 秒
2024-03-28 00:41:21 查询号码 【1640456】，返回信息 {"status":"ok","msg":"-","gid":"526319","time_insert":"2023-02-11 17:46"}
2024-03-28 00:41:21 查询号码 【1640456】，GSD为【"-"】
2024-03-28 00:41:21 ok && -
2024-03-28 00:41:23 CHB 1640456?1711557681 第 1 次 等待 3 秒
2024-03-28 00:41:26 CHB 1640456?1711557681 第 1 次 获取到号码【1640456】GSD
2024-03-28 00:41:26 未获取到号码【1640456】GSD，可能号码格式错误
2024-03-28 00:41:26 获取到号码【1640456】的GSD为【-】
2024-03-28 00:41:33 GSD insert 第 1 次 等待 3 秒
2024-03-28 00:41:36 {"status":"bad","gid":"526319","msg":"添加失败！号码【1640456(-|-)】已存在！"}
2024-03-28 00:41:36 随机等待 116 秒，约 1 分钟
2024-03-28 00:41:36 下次操作: 2024-03-28 00:43:32

2024-03-28 00:43:32 开始第 563 次操作

2024-03-28 00:43:32 开始操作号码 【1640457】
2024-03-28 00:43:37 GSD getOne 第 1 次 等待 3 秒
2024-03-28 00:43:40 查询号码 【1640457】，返回信息 {"status":"ok","msg":"-","gid":"526332","time_insert":"2023-02-11 17:58"}
2024-03-28 00:43:40 查询号码 【1640457】，GSD为【"-"】
2024-03-28 00:43:40 ok && -
2024-03-28 00:43:42 CHB 1640457?1711557820 第 1 次 等待 3 秒
2024-03-28 00:43:45 CHB 1640457?1711557820 第 1 次 获取到号码【1640457】GSD
2024-03-28 00:43:45 未获取到号码【1640457】GSD，可能号码格式错误
2024-03-28 00:43:45 获取到号码【1640457】的GSD为【-】
2024-03-28 00:43:50 GSD insert 第 1 次 等待 3 秒
2024-03-28 00:43:53 {"status":"bad","gid":"526332","msg":"添加失败！号码【1640457(-|-)】已存在！"}
2024-03-28 00:43:53 随机等待 163 秒，约 2 分钟
2024-03-28 00:43:53 下次操作: 2024-03-28 00:46:36

2024-03-28 00:46:36 开始第 564 次操作

2024-03-28 00:46:36 开始操作号码 【1640458】
2024-03-28 00:46:41 GSD getOne 第 1 次 等待 3 秒
2024-03-28 00:46:44 查询号码 【1640458】，返回信息 {"status":"ok","msg":"-","gid":"526341","time_insert":"2023-02-11 18:07"}
2024-03-28 00:46:44 查询号码 【1640458】，GSD为【"-"】
2024-03-28 00:46:44 ok && -
2024-03-28 00:46:46 CHB 1640458?1711558004 第 1 次 等待 3 秒
2024-03-28 00:46:49 CHB 1640458?1711558004 第 1 次 获取到号码【1640458】GSD
2024-03-28 00:46:49 未获取到号码【1640458】GSD，可能号码格式错误
2024-03-28 00:46:49 获取到号码【1640458】的GSD为【-】
2024-03-28 00:46:54 GSD insert 第 1 次 等待 3 秒
2024-03-28 00:46:57 {"status":"bad","gid":"526341","msg":"添加失败！号码【1640458(-|-)】已存在！"}

2024-03-28 01:09:10 开始第 565 次操作

2024-03-28 01:09:10 开始操作号码 【1640459】
2024-03-28 01:09:15 GSD getOne 第 1 次 等待 3 秒
2024-03-28 01:09:18 查询号码 【1640459】，返回信息 {"status":"ok","msg":"-","gid":"526351","time_insert":"2023-02-11 18:17"}
2024-03-28 01:09:18 查询号码 【1640459】，GSD为【"-"】
2024-03-28 01:09:18 ok && -
2024-03-28 01:09:20 CHB 1640459?1711559358 第 1 次 等待 3 秒
2024-03-28 01:09:23 CHB 1640459?1711559358 第 1 次 获取到号码【1640459】GSD
2024-03-28 01:09:23 未获取到号码【1640459】GSD，可能号码格式错误
2024-03-28 01:09:23 获取到号码【1640459】的GSD为【-】
2024-03-28 01:09:27 GSD insert 第 1 次 等待 3 秒
2024-03-28 01:09:30 {"status":"bad","gid":"526351","msg":"添加失败！号码【1640459(-|-)】已存在！"}
2024-03-28 01:09:30 随机等待 108 秒，约 1 分钟
2024-03-28 01:09:30 下次操作: 2024-03-28 01:11:18

2024-03-28 01:11:18 开始第 566 次操作

2024-03-28 01:11:18 开始操作号码 【1640460】
2024-03-28 01:11:23 GSD getOne 第 1 次 等待 3 秒
2024-03-28 01:11:26 查询号码 【1640460】，返回信息 {"status":"ok","msg":"-","gid":"526362","time_insert":"2023-02-11 18:29"}
2024-03-28 01:11:26 查询号码 【1640460】，GSD为【"-"】
2024-03-28 01:11:26 ok && -
2024-03-28 01:11:28 CHB 1640460?1711559486 第 1 次 等待 3 秒
2024-03-28 01:11:31 CHB 1640460?1711559486 第 1 次 获取到号码【1640460】GSD
2024-03-28 01:11:31 未获取到号码【1640460】GSD，可能号码格式错误
2024-03-28 01:11:31 获取到号码【1640460】的GSD为【-】
2024-03-28 01:11:37 GSD insert 第 1 次 等待 3 秒
2024-03-28 01:11:40 {"status":"bad","gid":"526362","msg":"添加失败！号码【1640460(-|-)】已存在！"}
2024-03-28 01:11:40 随机等待 71 秒，约 1 分钟
2024-03-28 01:11:40 下次操作: 2024-03-28 01:12:51

2024-03-28 01:12:51 开始第 567 次操作

2024-03-28 01:12:51 开始操作号码 【1640461】
2024-03-28 01:12:56 GSD getOne 第 1 次 等待 3 秒
2024-03-28 01:12:59 查询号码 【1640461】，返回信息 {"status":"ok","msg":"-","gid":"526373","time_insert":"2023-02-11 18:41"}
2024-03-28 01:12:59 查询号码 【1640461】，GSD为【"-"】
2024-03-28 01:12:59 ok && -
2024-03-28 01:13:00 CHB 1640461?1711559579 第 1 次 等待 3 秒
2024-03-28 01:13:03 CHB 1640461?1711559579 第 1 次 获取到号码【1640461】GSD
2024-03-28 01:13:03 未获取到号码【1640461】GSD，可能号码格式错误
2024-03-28 01:13:03 获取到号码【1640461】的GSD为【-】
2024-03-28 01:13:08 GSD insert 第 1 次 等待 3 秒
2024-03-28 01:13:11 {"status":"bad","gid":"526373","msg":"添加失败！号码【1640461(-|-)】已存在！"}
2024-03-28 01:13:11 随机等待 108 秒，约 1 分钟
2024-03-28 01:13:11 下次操作: 2024-03-28 01:14:59

2024-03-28 01:14:59 开始第 568 次操作

2024-03-28 01:14:59 开始操作号码 【1640462】
2024-03-28 01:15:05 GSD getOne 第 1 次 等待 3 秒
2024-03-28 01:15:08 查询号码 【1640462】，返回信息 {"status":"ok","msg":"-","gid":"526382","time_insert":"2023-02-11 18:51"}
2024-03-28 01:15:08 查询号码 【1640462】，GSD为【"-"】
2024-03-28 01:15:08 ok && -
2024-03-28 01:15:09 CHB 1640462?1711559708 第 1 次 等待 3 秒
2024-03-28 01:15:12 CHB 1640462?1711559708 第 1 次 获取到号码【1640462】GSD
2024-03-28 01:15:12 未获取到号码【1640462】GSD，可能号码格式错误
2024-03-28 01:15:12 获取到号码【1640462】的GSD为【-】
2024-03-28 01:15:19 GSD insert 第 1 次 等待 3 秒
2024-03-28 01:15:22 {"status":"bad","gid":"526382","msg":"添加失败！号码【1640462(-|-)】已存在！"}

