2024-10-11 00:17:23 开始第 9145 次操作

2024-10-11 00:17:23 开始操作号码 【1429141】
2024-10-11 00:17:29 GSD getOne 第 1 次 等待 3 秒
2024-10-11 00:17:32 查询号码 【1429141】，返回信息 {"status":"ok","msg":"-","gid":"691258","time_insert":"2023-05-03 21:53"}
2024-10-11 00:17:32 查询号码 【1429141】，GSD为【"-"】
2024-10-11 00:17:32 ok && -
2024-10-11 00:17:34 CHB 1429141?1728577052 第 1 次 等待 3 秒
2024-10-11 00:17:37 CHB 1429141?1728577052 第 1 次 获取到号码【1429141】GSD
2024-10-11 00:17:37 未获取到号码【1429141】GSD，可能号码格式错误
2024-10-11 00:17:37 获取到号码【1429141】的GSD为【-】
2024-10-11 00:17:40 GSD insert 第 1 次 等待 3 秒
2024-10-11 00:17:43 {"status":"bad","gid":"691258","msg":"添加失败！号码【1429141(-|-)】已存在！"}
2024-10-11 00:17:43 随机等待 96 秒，约 1 分钟
2024-10-11 00:17:43 下次操作: 2024-10-11 00:19:19

2024-10-11 00:19:19 开始第 9146 次操作

2024-10-11 00:19:19 开始操作号码 【1429142】
2024-10-11 00:19:22 GSD getOne 第 1 次 等待 3 秒
2024-10-11 00:19:25 查询号码 【1429142】，返回信息 {"status":"ok","msg":"-","gid":"691249","time_insert":"2023-05-03 21:44"}
2024-10-11 00:19:25 查询号码 【1429142】，GSD为【"-"】
2024-10-11 00:19:25 ok && -
2024-10-11 00:19:28 CHB 1429142?1728577165 第 1 次 等待 3 秒
2024-10-11 00:19:31 CHB 1429142?1728577165 第 1 次 获取到号码【1429142】GSD
2024-10-11 00:19:31 未获取到号码【1429142】GSD，可能号码格式错误
2024-10-11 00:19:31 获取到号码【1429142】的GSD为【-】
2024-10-11 00:19:33 GSD insert 第 1 次 等待 3 秒
2024-10-11 00:19:36 {"status":"bad","gid":"691249","msg":"添加失败！号码【1429142(-|-)】已存在！"}
2024-10-11 00:19:36 随机等待 137 秒，约 2 分钟
2024-10-11 00:19:36 下次操作: 2024-10-11 00:21:53

2024-10-11 00:21:53 开始第 9147 次操作

2024-10-11 00:21:53 开始操作号码 【1429143】
2024-10-11 00:22:02 GSD getOne 第 1 次 等待 3 秒
2024-10-11 00:22:05 查询号码 【1429143】，返回信息 {"status":"ok","msg":"-","gid":"691232","time_insert":"2023-05-03 21:24"}
2024-10-11 00:22:05 查询号码 【1429143】，GSD为【"-"】
2024-10-11 00:22:05 ok && -
2024-10-11 00:22:11 CHB 1429143?1728577325 第 1 次 等待 3 秒
2024-10-11 00:22:14 CHB 1429143?1728577325 第 1 次 获取到号码【1429143】GSD
2024-10-11 00:22:14 未获取到号码【1429143】GSD，可能号码格式错误
2024-10-11 00:22:14 获取到号码【1429143】的GSD为【-】
2024-10-11 00:22:18 GSD insert 第 1 次 等待 3 秒
2024-10-11 00:22:21 {"status":"bad","gid":"691232","msg":"添加失败！号码【1429143(-|-)】已存在！"}
2024-10-11 00:22:21 随机等待 140 秒，约 2 分钟
2024-10-11 00:22:21 下次操作: 2024-10-11 00:24:41

2024-10-11 00:24:41 开始第 9148 次操作

2024-10-11 00:24:41 开始操作号码 【1429144】
2024-10-11 00:24:43 GSD getOne 第 1 次 等待 3 秒
2024-10-11 00:24:46 查询号码 【1429144】，返回信息 {"status":"ok","msg":"-","gid":"691225","time_insert":"2023-05-03 21:14"}
2024-10-11 00:24:46 查询号码 【1429144】，GSD为【"-"】
2024-10-11 00:24:46 ok && -
2024-10-11 00:24:49 CHB 1429144?1728577486 第 1 次 等待 3 秒
2024-10-11 00:24:52 CHB 1429144?1728577486 第 1 次 获取到号码【1429144】GSD
2024-10-11 00:24:52 未获取到号码【1429144】GSD，可能号码格式错误
2024-10-11 00:24:52 获取到号码【1429144】的GSD为【-】
2024-10-11 00:24:54 GSD insert 第 1 次 等待 3 秒
2024-10-11 00:24:57 {"status":"bad","gid":"691225","msg":"添加失败！号码【1429144(-|-)】已存在！"}

