2023-10-25 00:13:48 开始第 5057 次操作

2023-10-25 00:13:48 开始操作号码 【1964961】
2023-10-25 00:13:52 GSD getOne 第 1 次 等待 3 秒
2023-10-25 00:13:55 查询号码 【1964961】，返回信息 {"status":"ok","msg":"-","gid":"566035","time_insert":"2023-03-02 23:18"}
2023-10-25 00:13:55 查询号码 【1964961】，GSD为【"-"】
2023-10-25 00:13:55 ok && -
2023-10-25 00:14:02 CHB 1964961?1698164035 第 1 次 等待 3 秒
2023-10-25 00:14:05 CHB 1964961?1698164035 第 1 次 获取到号码【1964961】GSD
2023-10-25 00:14:05 未获取到号码【1964961】GSD，可能号码格式错误
2023-10-25 00:14:05 获取到号码【1964961】的GSD为【-】
2023-10-25 00:14:10 GSD insert 第 1 次 等待 3 秒
2023-10-25 00:14:13 {"status":"bad","gid":"566035","msg":"添加失败！号码【1964961(-|-)】已存在！"}
2023-10-25 00:14:13 随机等待 215 秒，约 3 分钟
2023-10-25 00:14:13 下次操作: 2023-10-25 00:17:48

2023-10-25 00:17:48 开始第 5058 次操作

2023-10-25 00:17:48 开始操作号码 【1964962】
2023-10-25 00:17:53 GSD getOne 第 1 次 等待 3 秒
2023-10-25 00:17:56 查询号码 【1964962】，返回信息 {"status":"ok","msg":"-","gid":"566053","time_insert":"2023-03-02 23:30"}
2023-10-25 00:17:56 查询号码 【1964962】，GSD为【"-"】
2023-10-25 00:17:56 ok && -
2023-10-25 00:18:01 CHB 1964962?1698164276 第 1 次 等待 3 秒
2023-10-25 00:18:04 CHB 1964962?1698164276 第 1 次 获取到号码【1964962】GSD
2023-10-25 00:18:04 未获取到号码【1964962】GSD，可能号码格式错误
2023-10-25 00:18:04 获取到号码【1964962】的GSD为【-】
2023-10-25 00:18:07 GSD insert 第 1 次 等待 3 秒
2023-10-25 00:18:10 {"status":"bad","gid":"566053","msg":"添加失败！号码【1964962(-|-)】已存在！"}
2023-10-25 00:18:10 随机等待 224 秒，约 3 分钟
2023-10-25 00:18:10 下次操作: 2023-10-25 00:21:54

2023-10-25 00:21:54 开始第 5059 次操作

2023-10-25 00:21:54 开始操作号码 【1964963】
2023-10-25 00:21:56 GSD getOne 第 1 次 等待 3 秒
2023-10-25 00:21:59 查询号码 【1964963】，返回信息 {"status":"ok","msg":"-","gid":"566058","time_insert":"2023-03-02 23:32"}
2023-10-25 00:21:59 查询号码 【1964963】，GSD为【"-"】
2023-10-25 00:21:59 ok && -
2023-10-25 00:22:01 CHB 1964963?1698164519 第 1 次 等待 3 秒
2023-10-25 00:22:04 CHB 1964963?1698164519 第 1 次 获取到号码【1964963】GSD
2023-10-25 00:22:04 未获取到号码【1964963】GSD，可能号码格式错误
2023-10-25 00:22:05 获取到号码【1964963】的GSD为【-】
2023-10-25 00:22:11 GSD insert 第 1 次 等待 3 秒
2023-10-25 00:22:14 {"status":"bad","gid":"566058","msg":"添加失败！号码【1964963(-|-)】已存在！"}
2023-10-25 00:22:14 随机等待 196 秒，约 3 分钟
2023-10-25 00:22:14 下次操作: 2023-10-25 00:25:30

2023-10-25 00:25:30 开始第 5060 次操作

2023-10-25 00:25:30 开始操作号码 【1964964】
2023-10-25 00:25:34 GSD getOne 第 1 次 等待 3 秒
2023-10-25 00:25:37 查询号码 【1964964】，返回信息 {"status":"ok","msg":"-","gid":"566060","time_insert":"2023-03-02 23:35"}
2023-10-25 00:25:37 查询号码 【1964964】，GSD为【"-"】
2023-10-25 00:25:37 ok && -
2023-10-25 00:25:39 CHB 1964964?1698164737 第 1 次 等待 3 秒
2023-10-25 00:25:42 CHB 1964964?1698164737 第 1 次 获取到号码【1964964】GSD
2023-10-25 00:25:42 未获取到号码【1964964】GSD，可能号码格式错误
2023-10-25 00:25:42 获取到号码【1964964】的GSD为【-】
2023-10-25 00:25:48 GSD insert 第 1 次 等待 3 秒
2023-10-25 00:25:51 {"status":"bad","gid":"566060","msg":"添加失败！号码【1964964(-|-)】已存在！"}

2023-10-25 00:37:51 开始第 5061 次操作

2023-10-25 00:37:51 开始操作号码 【1964965】
2023-10-25 00:37:54 GSD getOne 第 1 次 等待 3 秒
2023-10-25 00:37:57 查询号码 【1964965】，返回信息 {"status":"ok","msg":"-","gid":"566064","time_insert":"2023-03-02 23:37"}
2023-10-25 00:37:58 查询号码 【1964965】，GSD为【"-"】
2023-10-25 00:37:58 ok && -
2023-10-25 00:38:00 CHB 1964965?1698165478 第 1 次 等待 3 秒
2023-10-25 00:38:03 CHB 1964965?1698165478 第 1 次 获取到号码【1964965】GSD
2023-10-25 00:38:03 未获取到号码【1964965】GSD，可能号码格式错误
2023-10-25 00:38:03 获取到号码【1964965】的GSD为【-】
2023-10-25 00:38:10 GSD insert 第 1 次 等待 3 秒
2023-10-25 00:38:13 {"status":"bad","gid":"566064","msg":"添加失败！号码【1964965(-|-)】已存在！"}
2023-10-25 00:38:13 随机等待 190 秒，约 3 分钟
2023-10-25 00:38:13 下次操作: 2023-10-25 00:41:23

2023-10-25 00:41:23 开始第 5062 次操作

2023-10-25 00:41:23 开始操作号码 【1964966】
2023-10-25 00:41:29 GSD getOne 第 1 次 等待 3 秒
2023-10-25 00:41:32 查询号码 【1964966】，返回信息 {"status":"ok","msg":"-","gid":"566073","time_insert":"2023-03-02 23:43"}
2023-10-25 00:41:33 查询号码 【1964966】，GSD为【"-"】
2023-10-25 00:41:33 ok && -
2023-10-25 00:41:39 CHB 1964966?1698165693 第 1 次 等待 3 秒
2023-10-25 00:41:42 CHB 1964966?1698165693 第 1 次 获取到号码【1964966】GSD
2023-10-25 00:41:42 未获取到号码【1964966】GSD，可能号码格式错误
2023-10-25 00:41:42 获取到号码【1964966】的GSD为【-】
2023-10-25 00:41:45 GSD insert 第 1 次 等待 3 秒
2023-10-25 00:41:48 {"status":"bad","gid":"566073","msg":"添加失败！号码【1964966(-|-)】已存在！"}
2023-10-25 00:41:48 随机等待 68 秒，约 1 分钟
2023-10-25 00:41:48 下次操作: 2023-10-25 00:42:56

2023-10-25 00:42:56 开始第 5063 次操作

2023-10-25 00:42:56 开始操作号码 【1964967】
2023-10-25 00:43:00 GSD getOne 第 1 次 等待 3 秒
2023-10-25 00:43:03 查询号码 【1964967】，返回信息 {"status":"ok","msg":"-","gid":"566077","time_insert":"2023-03-02 23:45"}
2023-10-25 00:43:03 查询号码 【1964967】，GSD为【"-"】
2023-10-25 00:43:03 ok && -
2023-10-25 00:43:05 CHB 1964967?1698165783 第 1 次 等待 3 秒
2023-10-25 00:43:08 CHB 1964967?1698165783 第 1 次 获取到号码【1964967】GSD
2023-10-25 00:43:08 未获取到号码【1964967】GSD，可能号码格式错误
2023-10-25 00:43:08 获取到号码【1964967】的GSD为【-】
2023-10-25 00:43:13 GSD insert 第 1 次 等待 3 秒
2023-10-25 00:43:16 {"status":"bad","gid":"566077","msg":"添加失败！号码【1964967(-|-)】已存在！"}
2023-10-25 00:43:16 随机等待 189 秒，约 3 分钟
2023-10-25 00:43:16 下次操作: 2023-10-25 00:46:25

2023-10-25 00:46:25 开始第 5064 次操作

2023-10-25 00:46:25 开始操作号码 【1964968】
2023-10-25 00:46:28 GSD getOne 第 1 次 等待 3 秒
2023-10-25 00:46:31 查询号码 【1964968】，返回信息 {"status":"ok","msg":"-","gid":"566081","time_insert":"2023-03-02 23:48"}
2023-10-25 00:46:31 查询号码 【1964968】，GSD为【"-"】
2023-10-25 00:46:31 ok && -
2023-10-25 00:46:38 CHB 1964968?1698165991 第 1 次 等待 3 秒
2023-10-25 00:46:41 CHB 1964968?1698165991 第 1 次 获取到号码【1964968】GSD
2023-10-25 00:46:41 未获取到号码【1964968】GSD，可能号码格式错误
2023-10-25 00:46:41 获取到号码【1964968】的GSD为【-】
2023-10-25 00:46:44 GSD insert 第 1 次 等待 3 秒
2023-10-25 00:46:47 {"status":"bad","gid":"566081","msg":"添加失败！号码【1964968(-|-)】已存在！"}

