2024-09-18 00:17:26 开始第 5185 次操作

2024-09-18 00:17:26 开始操作号码 【1425183】
2024-09-18 00:17:34 GSD getOne 第 1 次 等待 3 秒
2024-09-18 00:17:37 查询号码 【1425183】，返回信息 {"status":"ok","msg":"-","gid":"625269","time_insert":"2023-03-31 06:38"}
2024-09-18 00:17:37 查询号码 【1425183】，GSD为【"-"】
2024-09-18 00:17:37 ok && -
2024-09-18 00:17:40 CHB 1425183?1726589857 第 1 次 等待 3 秒
2024-09-18 00:17:43 CHB 1425183?1726589857 第 1 次 获取到号码【1425183】GSD
2024-09-18 00:17:43 未获取到号码【1425183】GSD，可能号码格式错误
2024-09-18 00:17:43 获取到号码【1425183】的GSD为【-】
2024-09-18 00:17:54 GSD insert 第 1 次 等待 3 秒
2024-09-18 00:17:57 {"status":"bad","gid":"625269","msg":"添加失败！号码【1425183(-|-)】已存在！"}
2024-09-18 00:17:57 随机等待 205 秒，约 3 分钟
2024-09-18 00:17:57 下次操作: 2024-09-18 00:21:22

2024-09-18 00:21:22 开始第 5186 次操作

2024-09-18 00:21:22 开始操作号码 【1425184】
2024-09-18 00:21:30 GSD getOne 第 1 次 等待 3 秒
2024-09-18 00:21:33 查询号码 【1425184】，返回信息 {"status":"ok","msg":"-","gid":"625309","time_insert":"2023-03-31 07:01"}
2024-09-18 00:21:33 查询号码 【1425184】，GSD为【"-"】
2024-09-18 00:21:33 ok && -
2024-09-18 00:21:35 CHB 1425184?1726590093 第 1 次 等待 3 秒
2024-09-18 00:21:38 CHB 1425184?1726590093 第 1 次 获取到号码【1425184】GSD
2024-09-18 00:21:38 未获取到号码【1425184】GSD，可能号码格式错误
2024-09-18 00:21:38 获取到号码【1425184】的GSD为【-】
2024-09-18 00:21:46 GSD insert 第 1 次 等待 3 秒
2024-09-18 00:21:49 {"status":"bad","gid":"625309","msg":"添加失败！号码【1425184(-|-)】已存在！"}
2024-09-18 00:21:49 随机等待 134 秒，约 2 分钟
2024-09-18 00:21:49 下次操作: 2024-09-18 00:24:03

2024-09-18 00:24:03 开始第 5187 次操作

2024-09-18 00:24:03 开始操作号码 【1425185】
2024-09-18 00:24:12 GSD getOne 第 1 次 等待 3 秒
2024-09-18 00:24:15 查询号码 【1425185】，返回信息 {"status":"ok","msg":"-","gid":"625327","time_insert":"2023-03-31 07:15"}
2024-09-18 00:24:15 查询号码 【1425185】，GSD为【"-"】
2024-09-18 00:24:15 ok && -
2024-09-18 00:24:22 CHB 1425185?1726590255 第 1 次 等待 3 秒
2024-09-18 00:24:25 CHB 1425185?1726590255 第 1 次 获取到号码【1425185】GSD
2024-09-18 00:24:25 未获取到号码【1425185】GSD，可能号码格式错误
2024-09-18 00:24:25 获取到号码【1425185】的GSD为【-】
2024-09-18 00:24:33 GSD insert 第 1 次 等待 3 秒
2024-09-18 00:24:36 {"status":"bad","gid":"625327","msg":"添加失败！号码【1425185(-|-)】已存在！"}
2024-09-18 00:24:36 随机等待 147 秒，约 2 分钟
2024-09-18 00:24:36 下次操作: 2024-09-18 00:27:03

2024-09-18 00:27:03 开始第 5188 次操作

2024-09-18 00:27:03 开始操作号码 【1425186】
2024-09-18 00:27:12 GSD getOne 第 1 次 等待 3 秒
2024-09-18 00:27:15 查询号码 【1425186】，返回信息 {"status":"ok","msg":"-","gid":"625348","time_insert":"2023-03-31 07:29"}
2024-09-18 00:27:15 查询号码 【1425186】，GSD为【"-"】
2024-09-18 00:27:15 ok && -
2024-09-18 00:27:18 CHB 1425186?1726590435 第 1 次 等待 3 秒
2024-09-18 00:27:21 CHB 1425186?1726590435 第 1 次 获取到号码【1425186】GSD
2024-09-18 00:27:21 未获取到号码【1425186】GSD，可能号码格式错误
2024-09-18 00:27:21 获取到号码【1425186】的GSD为【-】
2024-09-18 00:27:28 GSD insert 第 1 次 等待 3 秒
2024-09-18 00:27:31 {"status":"bad","gid":"625348","msg":"添加失败！号码【1425186(-|-)】已存在！"}

2024-09-18 00:42:08 开始第 5189 次操作

2024-09-18 00:42:08 开始操作号码 【1425187】
2024-09-18 00:42:18 GSD getOne 第 1 次 等待 3 秒
2024-09-18 00:42:21 查询号码 【1425187】，返回信息 {"status":"ok","msg":"-","gid":"625363","time_insert":"2023-03-31 07:37"}
2024-09-18 00:42:21 查询号码 【1425187】，GSD为【"-"】
2024-09-18 00:42:21 ok && -
2024-09-18 00:42:22 CHB 1425187?1726591341 第 1 次 等待 3 秒
2024-09-18 00:42:25 CHB 1425187?1726591341 第 1 次 获取到号码【1425187】GSD
2024-09-18 00:42:25 未获取到号码【1425187】GSD，可能号码格式错误
2024-09-18 00:42:25 获取到号码【1425187】的GSD为【-】
2024-09-18 00:42:33 GSD insert 第 1 次 等待 3 秒
2024-09-18 00:42:36 {"status":"bad","gid":"625363","msg":"添加失败！号码【1425187(-|-)】已存在！"}
2024-09-18 00:42:36 随机等待 225 秒，约 3 分钟
2024-09-18 00:42:36 下次操作: 2024-09-18 00:46:21

2024-09-18 00:46:21 开始第 5190 次操作

2024-09-18 00:46:21 开始操作号码 【1425188】
2024-09-18 00:46:29 GSD getOne 第 1 次 等待 3 秒
2024-09-18 00:46:32 查询号码 【1425188】，返回信息 {"status":"ok","msg":"-","gid":"625389","time_insert":"2023-03-31 07:51"}
2024-09-18 00:46:32 查询号码 【1425188】，GSD为【"-"】
2024-09-18 00:46:32 ok && -
2024-09-18 00:46:33 CHB 1425188?1726591592 第 1 次 等待 3 秒
2024-09-18 00:46:36 CHB 1425188?1726591592 第 1 次 获取到号码【1425188】GSD
2024-09-18 00:46:36 未获取到号码【1425188】GSD，可能号码格式错误
2024-09-18 00:46:36 获取到号码【1425188】的GSD为【-】
2024-09-18 00:46:44 GSD insert 第 1 次 等待 3 秒
2024-09-18 00:46:47 {"status":"bad","gid":"625389","msg":"添加失败！号码【1425188(-|-)】已存在！"}
2024-09-18 00:46:47 随机等待 189 秒，约 3 分钟
2024-09-18 00:46:47 下次操作: 2024-09-18 00:49:56

2024-09-18 00:49:56 开始第 5191 次操作

2024-09-18 00:49:56 开始操作号码 【1425189】
2024-09-18 00:50:04 GSD getOne 第 1 次 等待 3 秒
2024-09-18 00:50:07 查询号码 【1425189】，返回信息 {"status":"ok","msg":"-","gid":"625412","time_insert":"2023-03-31 08:05"}
2024-09-18 00:50:07 查询号码 【1425189】，GSD为【"-"】
2024-09-18 00:50:07 ok && -
2024-09-18 00:50:08 CHB 1425189?1726591807 第 1 次 等待 3 秒
2024-09-18 00:50:11 CHB 1425189?1726591807 第 1 次 获取到号码【1425189】GSD
2024-09-18 00:50:11 未获取到号码【1425189】GSD，可能号码格式错误
2024-09-18 00:50:11 获取到号码【1425189】的GSD为【-】
2024-09-18 00:50:19 GSD insert 第 1 次 等待 3 秒
2024-09-18 00:50:22 {"status":"bad","gid":"625412","msg":"添加失败！号码【1425189(-|-)】已存在！"}
2024-09-18 00:50:22 随机等待 128 秒，约 2 分钟
2024-09-18 00:50:22 下次操作: 2024-09-18 00:52:30

2024-09-18 00:52:30 开始第 5192 次操作

2024-09-18 00:52:30 开始操作号码 【1425190】
2024-09-18 00:52:38 GSD getOne 第 1 次 等待 3 秒
2024-09-18 00:52:41 查询号码 【1425190】，返回信息 {"status":"ok","msg":"-","gid":"625424","time_insert":"2023-03-31 08:19"}
2024-09-18 00:52:41 查询号码 【1425190】，GSD为【"-"】
2024-09-18 00:52:41 ok && -
2024-09-18 00:52:43 CHB 1425190?1726591961 第 1 次 等待 3 秒
2024-09-18 00:52:46 CHB 1425190?1726591961 第 1 次 获取到号码【1425190】GSD
2024-09-18 00:52:46 未获取到号码【1425190】GSD，可能号码格式错误
2024-09-18 00:52:46 获取到号码【1425190】的GSD为【-】
2024-09-18 00:52:54 GSD insert 第 1 次 等待 3 秒
2024-09-18 00:52:57 {"status":"bad","gid":"625424","msg":"添加失败！号码【1425190(-|-)】已存在！"}

