2023-11-07 00:14:12 开始第 7421 次操作

2023-11-07 00:14:12 开始操作号码 【1967314】
2023-11-07 00:14:15 GSD getOne 第 1 次 等待 3 秒
2023-11-07 00:14:18 查询号码 【1967314】，返回信息 {"status":"ok","msg":"湖南-长沙","gid":"580131","time_insert":"2023-03-09 18:13"}
2023-11-07 00:14:18 查询号码 【1967314】，GSD为【"湖南-长沙"】

2023-11-07 00:14:19 开始第 7422 次操作

2023-11-07 00:14:19 开始操作号码 【1967315】
2023-11-07 00:14:22 GSD getOne 第 1 次 等待 3 秒
2023-11-07 00:14:25 查询号码 【1967315】，返回信息 {"status":"ok","msg":"湖南-郴州","gid":"580136","time_insert":"2023-03-09 18:15"}
2023-11-07 00:14:25 查询号码 【1967315】，GSD为【"湖南-郴州"】

2023-11-07 00:14:26 开始第 7423 次操作

2023-11-07 00:14:26 开始操作号码 【1967316】
2023-11-07 00:14:30 GSD getOne 第 1 次 等待 3 秒
2023-11-07 00:14:33 查询号码 【1967316】，返回信息 {"status":"ok","msg":"湖南-吉首","gid":"580140","time_insert":"2023-03-09 18:17"}
2023-11-07 00:14:33 查询号码 【1967316】，GSD为【"湖南-吉首"】

2023-11-07 00:14:34 开始第 7424 次操作

2023-11-07 00:14:34 开始操作号码 【1967317】
2023-11-07 00:14:39 GSD getOne 第 1 次 等待 3 秒
2023-11-07 00:14:42 查询号码 【1967317】，返回信息 {"status":"ok","msg":"湖南-怀化","gid":"580159","time_insert":"2023-03-09 18:33"}
2023-11-07 00:14:42 查询号码 【1967317】，GSD为【"湖南-怀化"】

