2024-02-12 00:12:15 开始第 3293 次操作

2024-02-12 00:12:15 开始操作号码 【1753186】
2024-02-12 00:12:20 GSD getOne 第 1 次 等待 3 秒
2024-02-12 00:12:23 查询号码 【1753186】，返回信息 {"status":"ok","msg":"河北-衡水","gid":"166648","time_insert":"2021-07-01 13:11"}
2024-02-12 00:12:23 查询号码 【1753186】，GSD为【"河北-衡水"】

2024-02-12 00:12:24 开始第 3294 次操作

2024-02-12 00:12:24 开始操作号码 【1753187】
2024-02-12 00:12:28 GSD getOne 第 1 次 等待 3 秒
2024-02-12 00:12:31 查询号码 【1753187】，返回信息 {"status":"ok","msg":"河北-衡水","gid":"166656","time_insert":"2021-07-01 13:12"}
2024-02-12 00:12:31 查询号码 【1753187】，GSD为【"河北-衡水"】

2024-02-12 00:12:32 开始第 3295 次操作

2024-02-12 00:12:32 开始操作号码 【1753188】
2024-02-12 00:12:37 GSD getOne 第 1 次 等待 3 秒
2024-02-12 00:12:40 查询号码 【1753188】，返回信息 {"status":"ok","msg":"河北-衡水","gid":"166665","time_insert":"2021-07-01 13:13"}
2024-02-12 00:12:40 查询号码 【1753188】，GSD为【"河北-衡水"】

2024-02-12 00:12:41 开始第 3296 次操作

2024-02-12 00:12:41 开始操作号码 【1753189】
2024-02-12 00:12:46 GSD getOne 第 1 次 等待 3 秒
2024-02-12 00:12:49 查询号码 【1753189】，返回信息 {"status":"ok","msg":"河北-衡水","gid":"166670","time_insert":"2021-07-01 13:14"}
2024-02-12 00:12:49 查询号码 【1753189】，GSD为【"河北-衡水"】

2024-02-12 00:34:17 开始第 3297 次操作

2024-02-12 00:34:17 开始操作号码 【1753190】
2024-02-12 00:34:21 GSD getOne 第 1 次 等待 3 秒
2024-02-12 00:34:24 查询号码 【1753190】，返回信息 {"status":"ok","msg":"河北-石家庄","gid":"166679","time_insert":"2021-07-01 13:14"}
2024-02-12 00:34:24 查询号码 【1753190】，GSD为【"河北-石家庄"】

2024-02-12 00:34:25 开始第 3298 次操作

2024-02-12 00:34:25 开始操作号码 【1753191】
2024-02-12 00:34:30 GSD getOne 第 1 次 等待 3 秒
2024-02-12 00:34:33 查询号码 【1753191】，返回信息 {"status":"ok","msg":"河北-石家庄","gid":"166686","time_insert":"2021-07-01 13:15"}
2024-02-12 00:34:33 查询号码 【1753191】，GSD为【"河北-石家庄"】

2024-02-12 00:34:34 开始第 3299 次操作

2024-02-12 00:34:34 开始操作号码 【1753192】
2024-02-12 00:34:38 GSD getOne 第 1 次 等待 3 秒
2024-02-12 00:34:41 查询号码 【1753192】，返回信息 {"status":"ok","msg":"河北-石家庄","gid":"166696","time_insert":"2021-07-01 13:16"}
2024-02-12 00:34:41 查询号码 【1753192】，GSD为【"河北-石家庄"】

2024-02-12 00:34:42 开始第 3300 次操作

2024-02-12 00:34:42 开始操作号码 【1753193】
2024-02-12 00:34:46 GSD getOne 第 1 次 等待 3 秒
2024-02-12 00:34:49 查询号码 【1753193】，返回信息 {"status":"ok","msg":"河北-石家庄","gid":"166704","time_insert":"2021-07-01 13:17"}
2024-02-12 00:34:49 查询号码 【1753193】，GSD为【"河北-石家庄"】

