2023-10-20 00:13:23 开始第 4137 次操作

2023-10-20 00:13:23 开始操作号码 【1964041】
2023-10-20 00:13:49 GSD getOne 第 1 次 等待 3 秒
2023-10-20 00:13:52 查询号码 【1964041】，返回信息 {"status":"ok","msg":"-","gid":"560089","time_insert":"2023-02-28 04:23"}
2023-10-20 00:13:53 查询号码 【1964041】，GSD为【"-"】
2023-10-20 00:13:53 ok && -
2023-10-20 00:13:55 CHB 1964041?1697732033 第 1 次 等待 3 秒
2023-10-20 00:13:58 CHB 1964041?1697732033 第 1 次 获取到号码【1964041】GSD
2023-10-20 00:13:58 未获取到号码【1964041】GSD，可能号码格式错误
2023-10-20 00:13:58 获取到号码【1964041】的GSD为【-】
2023-10-20 00:14:03 GSD insert 第 1 次 等待 3 秒
2023-10-20 00:14:06 {"status":"bad","gid":"560089","msg":"添加失败！号码【1964041(-|-)】已存在！"}
2023-10-20 00:14:06 随机等待 227 秒，约 3 分钟
2023-10-20 00:14:06 下次操作: 2023-10-20 00:17:53

2023-10-20 00:17:53 开始第 4138 次操作

2023-10-20 00:17:53 开始操作号码 【1964042】
2023-10-20 00:17:56 GSD getOne 第 1 次 等待 3 秒
2023-10-20 00:17:59 查询号码 【1964042】，返回信息 {"status":"ok","msg":"-","gid":"560096","time_insert":"2023-02-28 04:29"}
2023-10-20 00:17:59 查询号码 【1964042】，GSD为【"-"】
2023-10-20 00:17:59 ok && -
2023-10-20 00:18:01 CHB 1964042?1697732279 第 1 次 等待 3 秒
2023-10-20 00:18:04 CHB 1964042?1697732279 第 1 次 获取到号码【1964042】GSD
2023-10-20 00:18:04 未获取到号码【1964042】GSD，可能号码格式错误
2023-10-20 00:18:04 获取到号码【1964042】的GSD为【-】
2023-10-20 00:18:10 GSD insert 第 1 次 等待 3 秒
2023-10-20 00:18:13 {"status":"bad","gid":"560096","msg":"添加失败！号码【1964042(-|-)】已存在！"}
2023-10-20 00:18:13 随机等待 104 秒，约 1 分钟
2023-10-20 00:18:13 下次操作: 2023-10-20 00:19:57

2023-10-20 00:19:57 开始第 4139 次操作

2023-10-20 00:19:57 开始操作号码 【1964043】
2023-10-20 00:20:02 GSD getOne 第 1 次 等待 3 秒
2023-10-20 00:20:05 查询号码 【1964043】，返回信息 {"status":"ok","msg":"-","gid":"560100","time_insert":"2023-02-28 04:32"}
2023-10-20 00:20:05 查询号码 【1964043】，GSD为【"-"】
2023-10-20 00:20:05 ok && -
2023-10-20 00:20:13 CHB 1964043?1697732405 第 1 次 等待 3 秒
2023-10-20 00:20:16 CHB 1964043?1697732405 第 1 次 获取到号码【1964043】GSD
2023-10-20 00:20:16 未获取到号码【1964043】GSD，可能号码格式错误
2023-10-20 00:20:16 获取到号码【1964043】的GSD为【-】
2023-10-20 00:20:22 GSD insert 第 1 次 等待 3 秒
2023-10-20 00:20:25 {"status":"bad","gid":"560100","msg":"添加失败！号码【1964043(-|-)】已存在！"}
2023-10-20 00:20:25 随机等待 117 秒，约 1 分钟
2023-10-20 00:20:25 下次操作: 2023-10-20 00:22:22

2023-10-20 00:22:22 开始第 4140 次操作

2023-10-20 00:22:22 开始操作号码 【1964044】
2023-10-20 00:22:24 GSD getOne 第 1 次 等待 3 秒
2023-10-20 00:22:27 查询号码 【1964044】，返回信息 {"status":"ok","msg":"-","gid":"560107","time_insert":"2023-02-28 04:35"}
2023-10-20 00:22:27 查询号码 【1964044】，GSD为【"-"】
2023-10-20 00:22:27 ok && -
2023-10-20 00:22:29 CHB 1964044?1697732547 第 1 次 等待 3 秒
2023-10-20 00:22:32 CHB 1964044?1697732547 第 1 次 获取到号码【1964044】GSD
2023-10-20 00:22:32 未获取到号码【1964044】GSD，可能号码格式错误
2023-10-20 00:22:32 获取到号码【1964044】的GSD为【-】
2023-10-20 00:22:35 GSD insert 第 1 次 等待 3 秒
2023-10-20 00:22:38 {"status":"bad","gid":"560107","msg":"添加失败！号码【1964044(-|-)】已存在！"}

2023-10-20 00:37:00 开始第 4141 次操作

2023-10-20 00:37:00 开始操作号码 【1964045】
2023-10-20 00:37:03 GSD getOne 第 1 次 等待 3 秒
2023-10-20 00:37:06 查询号码 【1964045】，返回信息 {"status":"ok","msg":"-","gid":"560116","time_insert":"2023-02-28 04:43"}
2023-10-20 00:37:06 查询号码 【1964045】，GSD为【"-"】
2023-10-20 00:37:06 ok && -
2023-10-20 00:37:12 CHB 1964045?1697733426 第 1 次 等待 3 秒
2023-10-20 00:37:15 CHB 1964045?1697733426 第 1 次 获取到号码【1964045】GSD
2023-10-20 00:37:16 未获取到号码【1964045】GSD，可能号码格式错误
2023-10-20 00:37:16 获取到号码【1964045】的GSD为【-】
2023-10-20 00:37:18 GSD insert 第 1 次 等待 3 秒
2023-10-20 00:37:21 {"status":"bad","gid":"560116","msg":"添加失败！号码【1964045(-|-)】已存在！"}
2023-10-20 00:37:21 随机等待 117 秒，约 1 分钟
2023-10-20 00:37:21 下次操作: 2023-10-20 00:39:18

2023-10-20 00:39:19 开始第 4142 次操作

2023-10-20 00:39:19 开始操作号码 【1964046】
2023-10-20 00:39:24 GSD getOne 第 1 次 等待 3 秒
2023-10-20 00:39:27 查询号码 【1964046】，返回信息 {"status":"ok","msg":"-","gid":"560125","time_insert":"2023-02-28 04:47"}
2023-10-20 00:39:27 查询号码 【1964046】，GSD为【"-"】
2023-10-20 00:39:27 ok && -
2023-10-20 00:39:29 CHB 1964046?1697733567 第 1 次 等待 3 秒
2023-10-20 00:39:32 CHB 1964046?1697733567 第 1 次 获取到号码【1964046】GSD
2023-10-20 00:39:32 未获取到号码【1964046】GSD，可能号码格式错误
2023-10-20 00:39:32 获取到号码【1964046】的GSD为【-】
2023-10-20 00:39:37 GSD insert 第 1 次 等待 3 秒
2023-10-20 00:39:40 {"status":"bad","gid":"560125","msg":"添加失败！号码【1964046(-|-)】已存在！"}
2023-10-20 00:39:40 随机等待 132 秒，约 2 分钟
2023-10-20 00:39:40 下次操作: 2023-10-20 00:41:52

2023-10-20 00:41:52 开始第 4143 次操作

2023-10-20 00:41:52 开始操作号码 【1964047】
2023-10-20 00:41:56 GSD getOne 第 1 次 等待 3 秒
2023-10-20 00:41:59 查询号码 【1964047】，返回信息 {"status":"ok","msg":"-","gid":"560130","time_insert":"2023-02-28 04:49"}
2023-10-20 00:42:00 查询号码 【1964047】，GSD为【"-"】
2023-10-20 00:42:00 ok && -
2023-10-20 00:42:05 CHB 1964047?1697733720 第 1 次 等待 3 秒
2023-10-20 00:42:08 CHB 1964047?1697733720 第 1 次 获取到号码【1964047】GSD
2023-10-20 00:42:08 未获取到号码【1964047】GSD，可能号码格式错误
2023-10-20 00:42:08 获取到号码【1964047】的GSD为【-】
2023-10-20 00:42:11 GSD insert 第 1 次 等待 3 秒
2023-10-20 00:42:14 {"status":"bad","gid":"560130","msg":"添加失败！号码【1964047(-|-)】已存在！"}
2023-10-20 00:42:14 随机等待 211 秒，约 3 分钟
2023-10-20 00:42:14 下次操作: 2023-10-20 00:45:45

2023-10-20 00:45:45 开始第 4144 次操作

2023-10-20 00:45:45 开始操作号码 【1964048】
2023-10-20 00:45:50 GSD getOne 第 1 次 等待 3 秒
2023-10-20 00:45:53 查询号码 【1964048】，返回信息 {"status":"ok","msg":"-","gid":"560133","time_insert":"2023-02-28 04:51"}
2023-10-20 00:45:53 查询号码 【1964048】，GSD为【"-"】
2023-10-20 00:45:53 ok && -
2023-10-20 00:45:59 CHB 1964048?1697733953 第 1 次 等待 3 秒
2023-10-20 00:46:02 CHB 1964048?1697733953 第 1 次 获取到号码【1964048】GSD
2023-10-20 00:46:02 未获取到号码【1964048】GSD，可能号码格式错误
2023-10-20 00:46:02 获取到号码【1964048】的GSD为【-】
2023-10-20 00:46:05 GSD insert 第 1 次 等待 3 秒
2023-10-20 00:46:08 {"status":"bad","gid":"560133","msg":"添加失败！号码【1964048(-|-)】已存在！"}

2023-10-20 01:09:21 开始第 4145 次操作

2023-10-20 01:09:21 开始操作号码 【1964049】
2023-10-20 01:09:24 GSD getOne 第 1 次 等待 3 秒
2023-10-20 01:09:27 查询号码 【1964049】，返回信息 {"status":"ok","msg":"-","gid":"560138","time_insert":"2023-02-28 04:53"}
2023-10-20 01:09:27 查询号码 【1964049】，GSD为【"-"】
2023-10-20 01:09:27 ok && -
2023-10-20 01:09:33 CHB 1964049?1697735367 第 1 次 等待 3 秒
2023-10-20 01:09:36 CHB 1964049?1697735367 第 1 次 获取到号码【1964049】GSD
2023-10-20 01:09:36 未获取到号码【1964049】GSD，可能号码格式错误
2023-10-20 01:09:36 获取到号码【1964049】的GSD为【-】
2023-10-20 01:09:39 GSD insert 第 1 次 等待 3 秒
2023-10-20 01:09:42 {"status":"bad","gid":"560138","msg":"添加失败！号码【1964049(-|-)】已存在！"}
2023-10-20 01:09:42 随机等待 157 秒，约 2 分钟
2023-10-20 01:09:42 下次操作: 2023-10-20 01:12:19

2023-10-20 01:12:19 开始第 4146 次操作

2023-10-20 01:12:19 开始操作号码 【1964050】
2023-10-20 01:12:23 GSD getOne 第 1 次 等待 3 秒
2023-10-20 01:12:26 查询号码 【1964050】，返回信息 {"status":"ok","msg":"-","gid":"560141","time_insert":"2023-02-28 04:54"}
2023-10-20 01:12:26 查询号码 【1964050】，GSD为【"-"】
2023-10-20 01:12:26 ok && -
2023-10-20 01:12:33 CHB 1964050?1697735546 第 1 次 等待 3 秒
2023-10-20 01:12:36 CHB 1964050?1697735546 第 1 次 获取到号码【1964050】GSD
2023-10-20 01:12:36 未获取到号码【1964050】GSD，可能号码格式错误
2023-10-20 01:12:36 获取到号码【1964050】的GSD为【-】
2023-10-20 01:12:42 GSD insert 第 1 次 等待 3 秒
2023-10-20 01:12:45 {"status":"bad","gid":"560141","msg":"添加失败！号码【1964050(-|-)】已存在！"}
2023-10-20 01:12:45 随机等待 154 秒，约 2 分钟
2023-10-20 01:12:45 下次操作: 2023-10-20 01:15:19

2023-10-20 01:15:19 开始第 4147 次操作

2023-10-20 01:15:19 开始操作号码 【1964051】
2023-10-20 01:15:21 GSD getOne 第 1 次 等待 3 秒
2023-10-20 01:15:24 查询号码 【1964051】，返回信息 {"status":"ok","msg":"-","gid":"560145","time_insert":"2023-02-28 04:56"}
2023-10-20 01:15:24 查询号码 【1964051】，GSD为【"-"】
2023-10-20 01:15:24 ok && -
2023-10-20 01:15:27 CHB 1964051?1697735724 第 1 次 等待 3 秒
2023-10-20 01:15:30 CHB 1964051?1697735724 第 1 次 获取到号码【1964051】GSD
2023-10-20 01:15:30 未获取到号码【1964051】GSD，可能号码格式错误
2023-10-20 01:15:30 获取到号码【1964051】的GSD为【-】
2023-10-20 01:15:32 GSD insert 第 1 次 等待 3 秒
2023-10-20 01:15:35 {"status":"bad","gid":"560145","msg":"添加失败！号码【1964051(-|-)】已存在！"}
2023-10-20 01:15:36 随机等待 166 秒，约 2 分钟
2023-10-20 01:15:36 下次操作: 2023-10-20 01:18:22

2023-10-20 01:18:22 开始第 4148 次操作

2023-10-20 01:18:22 开始操作号码 【1964052】
2023-10-20 01:18:25 GSD getOne 第 1 次 等待 3 秒
2023-10-20 01:18:28 查询号码 【1964052】，返回信息 {"status":"ok","msg":"-","gid":"560149","time_insert":"2023-02-28 04:59"}
2023-10-20 01:18:28 查询号码 【1964052】，GSD为【"-"】
2023-10-20 01:18:28 ok && -
2023-10-20 01:18:30 CHB 1964052?1697735908 第 1 次 等待 3 秒
2023-10-20 01:18:33 CHB 1964052?1697735908 第 1 次 获取到号码【1964052】GSD
2023-10-20 01:18:33 未获取到号码【1964052】GSD，可能号码格式错误
2023-10-20 01:18:33 获取到号码【1964052】的GSD为【-】
2023-10-20 01:18:36 GSD insert 第 1 次 等待 3 秒
2023-10-20 01:18:39 {"status":"bad","gid":"560149","msg":"添加失败！号码【1964052(-|-)】已存在！"}

2023-10-20 01:34:16 开始第 4149 次操作

2023-10-20 01:34:16 开始操作号码 【1964053】
2023-10-20 01:34:19 GSD getOne 第 1 次 等待 3 秒
2023-10-20 01:34:22 查询号码 【1964053】，返回信息 {"status":"ok","msg":"-","gid":"560151","time_insert":"2023-02-28 05:01"}
2023-10-20 01:34:22 查询号码 【1964053】，GSD为【"-"】
2023-10-20 01:34:22 ok && -
2023-10-20 01:34:28 CHB 1964053?1697736862 第 1 次 等待 3 秒
2023-10-20 01:34:31 CHB 1964053?1697736862 第 1 次 获取到号码【1964053】GSD
2023-10-20 01:34:31 未获取到号码【1964053】GSD，可能号码格式错误
2023-10-20 01:34:31 获取到号码【1964053】的GSD为【-】
2023-10-20 01:34:34 GSD insert 第 1 次 等待 3 秒
2023-10-20 01:34:37 {"status":"bad","gid":"560151","msg":"添加失败！号码【1964053(-|-)】已存在！"}
2023-10-20 01:34:37 随机等待 163 秒，约 2 分钟
2023-10-20 01:34:37 下次操作: 2023-10-20 01:37:20

2023-10-20 01:37:20 开始第 4150 次操作

2023-10-20 01:37:20 开始操作号码 【1964054】
2023-10-20 01:37:23 GSD getOne 第 1 次 等待 3 秒
2023-10-20 01:37:26 查询号码 【1964054】，返回信息 {"status":"ok","msg":"-","gid":"560161","time_insert":"2023-02-28 05:09"}
2023-10-20 01:37:26 查询号码 【1964054】，GSD为【"-"】
2023-10-20 01:37:26 ok && -
2023-10-20 01:37:32 CHB 1964054?1697737046 第 1 次 等待 3 秒
2023-10-20 01:37:35 CHB 1964054?1697737046 第 1 次 获取到号码【1964054】GSD
2023-10-20 01:37:35 未获取到号码【1964054】GSD，可能号码格式错误
2023-10-20 01:37:35 获取到号码【1964054】的GSD为【-】
2023-10-20 01:37:37 GSD insert 第 1 次 等待 3 秒
2023-10-20 01:37:40 {"status":"bad","gid":"560161","msg":"添加失败！号码【1964054(-|-)】已存在！"}
2023-10-20 01:37:40 随机等待 188 秒，约 3 分钟
2023-10-20 01:37:40 下次操作: 2023-10-20 01:40:48

2023-10-20 01:40:48 开始第 4151 次操作

2023-10-20 01:40:48 开始操作号码 【1964055】
2023-10-20 01:40:52 GSD getOne 第 1 次 等待 3 秒
2023-10-20 01:40:55 查询号码 【1964055】，返回信息 {"status":"ok","msg":"-","gid":"560167","time_insert":"2023-02-28 05:10"}
2023-10-20 01:40:55 查询号码 【1964055】，GSD为【"-"】
2023-10-20 01:40:55 ok && -
2023-10-20 01:41:01 CHB 1964055?1697737255 第 1 次 等待 3 秒
2023-10-20 01:41:04 CHB 1964055?1697737255 第 1 次 获取到号码【1964055】GSD
2023-10-20 01:41:04 未获取到号码【1964055】GSD，可能号码格式错误
2023-10-20 01:41:04 获取到号码【1964055】的GSD为【-】
2023-10-20 01:41:06 GSD insert 第 1 次 等待 3 秒
2023-10-20 01:41:09 {"status":"bad","gid":"560167","msg":"添加失败！号码【1964055(-|-)】已存在！"}
2023-10-20 01:41:09 随机等待 94 秒，约 1 分钟
2023-10-20 01:41:09 下次操作: 2023-10-20 01:42:43

2023-10-20 01:42:43 开始第 4152 次操作

2023-10-20 01:42:43 开始操作号码 【1964056】
2023-10-20 01:42:47 GSD getOne 第 1 次 等待 3 秒
2023-10-20 01:42:50 查询号码 【1964056】，返回信息 {"status":"ok","msg":"-","gid":"560174","time_insert":"2023-02-28 05:13"}
2023-10-20 01:42:50 查询号码 【1964056】，GSD为【"-"】
2023-10-20 01:42:50 ok && -
2023-10-20 01:42:52 CHB 1964056?1697737370 第 1 次 等待 3 秒
2023-10-20 01:42:55 CHB 1964056?1697737370 第 1 次 获取到号码【1964056】GSD
2023-10-20 01:42:55 未获取到号码【1964056】GSD，可能号码格式错误
2023-10-20 01:42:55 获取到号码【1964056】的GSD为【-】
2023-10-20 01:42:58 GSD insert 第 1 次 等待 3 秒
2023-10-20 01:43:01 {"status":"bad","gid":"560174","msg":"添加失败！号码【1964056(-|-)】已存在！"}

2023-10-20 02:13:34 开始第 4153 次操作

2023-10-20 02:13:34 开始操作号码 【1964057】
2023-10-20 02:13:37 GSD getOne 第 1 次 等待 3 秒
2023-10-20 02:13:40 查询号码 【1964057】，返回信息 {"status":"ok","msg":"-","gid":"560176","time_insert":"2023-02-28 05:15"}
2023-10-20 02:13:40 查询号码 【1964057】，GSD为【"-"】
2023-10-20 02:13:40 ok && -
2023-10-20 02:13:47 CHB 1964057?1697739220 第 1 次 等待 3 秒
2023-10-20 02:13:50 CHB 1964057?1697739220 第 1 次 获取到号码【1964057】GSD
2023-10-20 02:13:50 未获取到号码【1964057】GSD，可能号码格式错误
2023-10-20 02:13:50 获取到号码【1964057】的GSD为【-】
2023-10-20 02:13:53 GSD insert 第 1 次 等待 3 秒
2023-10-20 02:13:56 {"status":"bad","gid":"560176","msg":"添加失败！号码【1964057(-|-)】已存在！"}
2023-10-20 02:13:56 随机等待 118 秒，约 1 分钟
2023-10-20 02:13:56 下次操作: 2023-10-20 02:15:54

2023-10-20 02:15:54 开始第 4154 次操作

2023-10-20 02:15:54 开始操作号码 【1964058】
2023-10-20 02:15:56 GSD getOne 第 1 次 等待 3 秒
2023-10-20 02:15:59 查询号码 【1964058】，返回信息 {"status":"ok","msg":"-","gid":"560184","time_insert":"2023-02-28 05:23"}
2023-10-20 02:15:59 查询号码 【1964058】，GSD为【"-"】
2023-10-20 02:15:59 ok && -
2023-10-20 02:16:01 CHB 1964058?1697739359 第 1 次 等待 3 秒
2023-10-20 02:16:04 CHB 1964058?1697739359 第 1 次 获取到号码【1964058】GSD
2023-10-20 02:16:04 未获取到号码【1964058】GSD，可能号码格式错误
2023-10-20 02:16:04 获取到号码【1964058】的GSD为【-】
2023-10-20 02:16:07 GSD insert 第 1 次 等待 3 秒
2023-10-20 02:16:10 {"status":"bad","gid":"560184","msg":"添加失败！号码【1964058(-|-)】已存在！"}
2023-10-20 02:16:10 随机等待 160 秒，约 2 分钟
2023-10-20 02:16:10 下次操作: 2023-10-20 02:18:50

2023-10-20 02:18:50 开始第 4155 次操作

2023-10-20 02:18:50 开始操作号码 【1964059】
2023-10-20 02:18:53 GSD getOne 第 1 次 等待 3 秒
2023-10-20 02:18:56 查询号码 【1964059】，返回信息 {"status":"ok","msg":"-","gid":"560193","time_insert":"2023-02-28 05:26"}
2023-10-20 02:18:56 查询号码 【1964059】，GSD为【"-"】
2023-10-20 02:18:56 ok && -
2023-10-20 02:19:02 CHB 1964059?1697739536 第 1 次 等待 3 秒
2023-10-20 02:19:05 CHB 1964059?1697739536 第 1 次 获取到号码【1964059】GSD
2023-10-20 02:19:05 未获取到号码【1964059】GSD，可能号码格式错误
2023-10-20 02:19:05 获取到号码【1964059】的GSD为【-】
2023-10-20 02:19:08 GSD insert 第 1 次 等待 3 秒
2023-10-20 02:19:11 {"status":"bad","gid":"560193","msg":"添加失败！号码【1964059(-|-)】已存在！"}
2023-10-20 02:19:11 随机等待 76 秒，约 1 分钟
2023-10-20 02:19:11 下次操作: 2023-10-20 02:20:27

2023-10-20 02:20:27 开始第 4156 次操作

2023-10-20 02:20:27 开始操作号码 【1964060】
2023-10-20 02:20:29 GSD getOne 第 1 次 等待 3 秒
2023-10-20 02:20:32 查询号码 【1964060】，返回信息 {"status":"ok","msg":"-","gid":"560198","time_insert":"2023-02-28 05:28"}
2023-10-20 02:20:32 查询号码 【1964060】，GSD为【"-"】
2023-10-20 02:20:32 ok && -
2023-10-20 02:20:39 CHB 1964060?1697739632 第 1 次 等待 3 秒
2023-10-20 02:20:42 CHB 1964060?1697739632 第 1 次 获取到号码【1964060】GSD
2023-10-20 02:20:42 未获取到号码【1964060】GSD，可能号码格式错误
2023-10-20 02:20:42 获取到号码【1964060】的GSD为【-】
2023-10-20 02:20:44 GSD insert 第 1 次 等待 3 秒
2023-10-20 02:20:48 {"status":"bad","gid":"560198","msg":"添加失败！号码【1964060(-|-)】已存在！"}

2023-10-20 02:35:32 开始第 4157 次操作

2023-10-20 02:35:32 开始操作号码 【1964061】
2023-10-20 02:35:35 GSD getOne 第 1 次 等待 3 秒
2023-10-20 02:35:38 查询号码 【1964061】，返回信息 {"status":"ok","msg":"-","gid":"560202","time_insert":"2023-02-28 05:31"}
2023-10-20 02:35:38 查询号码 【1964061】，GSD为【"-"】
2023-10-20 02:35:38 ok && -
2023-10-20 02:35:45 CHB 1964061?1697740538 第 1 次 等待 3 秒
2023-10-20 02:35:48 CHB 1964061?1697740538 第 1 次 获取到号码【1964061】GSD
2023-10-20 02:35:48 未获取到号码【1964061】GSD，可能号码格式错误
2023-10-20 02:35:48 获取到号码【1964061】的GSD为【-】
2023-10-20 02:35:50 GSD insert 第 1 次 等待 3 秒
2023-10-20 02:35:53 {"status":"bad","gid":"560202","msg":"添加失败！号码【1964061(-|-)】已存在！"}
2023-10-20 02:35:53 随机等待 155 秒，约 2 分钟
2023-10-20 02:35:53 下次操作: 2023-10-20 02:38:28

2023-10-20 02:38:29 开始第 4158 次操作

2023-10-20 02:38:29 开始操作号码 【1964062】
2023-10-20 02:38:39 GSD getOne 第 1 次 等待 3 秒
2023-10-20 02:38:42 查询号码 【1964062】，返回信息 {"status":"ok","msg":"-","gid":"560203","time_insert":"2023-02-28 05:33"}
2023-10-20 02:38:42 查询号码 【1964062】，GSD为【"-"】
2023-10-20 02:38:42 ok && -
2023-10-20 02:38:48 CHB 1964062?1697740722 第 1 次 等待 3 秒
2023-10-20 02:38:51 CHB 1964062?1697740722 第 1 次 获取到号码【1964062】GSD
2023-10-20 02:38:51 未获取到号码【1964062】GSD，可能号码格式错误
2023-10-20 02:38:51 获取到号码【1964062】的GSD为【-】
2023-10-20 02:39:02 GSD insert 第 1 次 等待 3 秒
2023-10-20 02:39:05 {"status":"bad","gid":"560203","msg":"添加失败！号码【1964062(-|-)】已存在！"}
2023-10-20 02:39:05 随机等待 151 秒，约 2 分钟
2023-10-20 02:39:05 下次操作: 2023-10-20 02:41:36

2023-10-20 02:41:36 开始第 4159 次操作

2023-10-20 02:41:36 开始操作号码 【1964063】
2023-10-20 02:41:39 GSD getOne 第 1 次 等待 3 秒
2023-10-20 02:41:42 查询号码 【1964063】，返回信息 {"status":"ok","msg":"-","gid":"560207","time_insert":"2023-02-28 05:36"}
2023-10-20 02:41:42 查询号码 【1964063】，GSD为【"-"】
2023-10-20 02:41:42 ok && -
2023-10-20 02:41:44 CHB 1964063?1697740902 第 1 次 等待 3 秒
2023-10-20 02:41:47 CHB 1964063?1697740902 第 1 次 获取到号码【1964063】GSD
2023-10-20 02:41:47 未获取到号码【1964063】GSD，可能号码格式错误
2023-10-20 02:41:47 获取到号码【1964063】的GSD为【-】
2023-10-20 02:41:49 GSD insert 第 1 次 等待 3 秒
2023-10-20 02:41:52 {"status":"bad","gid":"560207","msg":"添加失败！号码【1964063(-|-)】已存在！"}
2023-10-20 02:41:52 随机等待 158 秒，约 2 分钟
2023-10-20 02:41:52 下次操作: 2023-10-20 02:44:30

2023-10-20 02:44:31 开始第 4160 次操作

2023-10-20 02:44:31 开始操作号码 【1964064】
2023-10-20 02:44:33 GSD getOne 第 1 次 等待 3 秒
2023-10-20 02:44:36 查询号码 【1964064】，返回信息 {"status":"ok","msg":"-","gid":"560210","time_insert":"2023-02-28 05:38"}
2023-10-20 02:44:36 查询号码 【1964064】，GSD为【"-"】
2023-10-20 02:44:36 ok && -
2023-10-20 02:44:43 CHB 1964064?1697741076 第 1 次 等待 3 秒
2023-10-20 02:44:46 CHB 1964064?1697741076 第 1 次 获取到号码【1964064】GSD
2023-10-20 02:44:46 未获取到号码【1964064】GSD，可能号码格式错误
2023-10-20 02:44:46 获取到号码【1964064】的GSD为【-】
2023-10-20 02:44:48 GSD insert 第 1 次 等待 3 秒
2023-10-20 02:44:51 {"status":"bad","gid":"560210","msg":"添加失败！号码【1964064(-|-)】已存在！"}

