2024-11-11 00:23:18 开始第 4125 次操作

2024-11-11 00:23:18 开始操作号码 【1324124】
2024-11-11 00:23:19 GSD getOne 第 1 次 等待 3 秒
2024-11-11 00:23:22 查询号码 【1324124】，返回信息 {"status":"ok","msg":"北京-北京","gid":"2270","time_insert":"2019-11-15 11:24","time_update":"2020-12-27 06:00"}
2024-11-11 00:23:22 查询号码 【1324124】，GSD为【"北京-北京"】

2024-11-11 00:23:23 开始第 4126 次操作

2024-11-11 00:23:23 开始操作号码 【1324125】
2024-11-11 00:23:24 GSD getOne 第 1 次 等待 3 秒
2024-11-11 00:23:27 查询号码 【1324125】，返回信息 {"status":"ok","msg":"北京-北京","gid":"180889","time_insert":"2021-07-03 11:19"}
2024-11-11 00:23:28 查询号码 【1324125】，GSD为【"北京-北京"】

2024-11-11 00:23:29 开始第 4127 次操作

2024-11-11 00:23:29 开始操作号码 【1324126】
2024-11-11 00:23:30 GSD getOne 第 1 次 等待 3 秒
2024-11-11 00:23:33 查询号码 【1324126】，返回信息 {"status":"ok","msg":"北京-北京","gid":"180913","time_insert":"2021-07-03 11:36"}
2024-11-11 00:23:33 查询号码 【1324126】，GSD为【"北京-北京"】

2024-11-11 00:23:34 开始第 4128 次操作

2024-11-11 00:23:34 开始操作号码 【1324127】
2024-11-11 00:23:35 GSD getOne 第 1 次 等待 3 秒
2024-11-11 00:23:38 查询号码 【1324127】，返回信息 {"status":"ok","msg":"北京-北京","gid":"181020","time_insert":"2021-07-03 11:54"}
2024-11-11 00:23:38 查询号码 【1324127】，GSD为【"北京-北京"】

