2023-12-23 00:12:49 开始第 4805 次操作

2023-12-23 00:12:49 开始操作号码 【1864698】
2023-12-23 00:12:53 GSD getOne 第 1 次 等待 3 秒
2023-12-23 00:12:56 查询号码 【1864698】，返回信息 {"status":"ok","msg":"黑龙江-双鸭山","gid":"40808","time_insert":"2014-11-07 09:40","time_update":"2020-08-22 23:09"}
2023-12-23 00:12:56 查询号码 【1864698】，GSD为【"黑龙江-双鸭山"】

2023-12-23 00:12:57 开始第 4806 次操作

2023-12-23 00:12:57 开始操作号码 【1864699】
2023-12-23 00:13:01 GSD getOne 第 1 次 等待 3 秒
2023-12-23 00:13:04 查询号码 【1864699】，返回信息 {"status":"ok","msg":"黑龙江-双鸭山","gid":"463229","time_insert":"2021-08-01 03:24"}
2023-12-23 00:13:04 查询号码 【1864699】，GSD为【"黑龙江-双鸭山"】

2023-12-23 00:13:05 开始第 4807 次操作

2023-12-23 00:13:05 开始操作号码 【1864700】
2023-12-23 00:13:09 GSD getOne 第 1 次 等待 3 秒
2023-12-23 00:13:12 查询号码 【1864700】，返回信息 {"status":"ok","msg":"内蒙古-呼伦贝尔","gid":"463226","time_insert":"2021-08-01 03:23"}
2023-12-23 00:13:12 查询号码 【1864700】，GSD为【"内蒙古-呼伦贝尔"】

2023-12-23 00:13:13 开始第 4808 次操作

2023-12-23 00:13:13 开始操作号码 【1864701】
2023-12-23 00:13:17 GSD getOne 第 1 次 等待 3 秒
2023-12-23 00:13:20 查询号码 【1864701】，返回信息 {"status":"ok","msg":"内蒙古-呼伦贝尔","gid":"463224","time_insert":"2021-08-01 03:22"}
2023-12-23 00:13:20 查询号码 【1864701】，GSD为【"内蒙古-呼伦贝尔"】

