2024-04-30 00:13:34 开始第 6453 次操作

2024-04-30 00:13:34 开始操作号码 【1646347】
2024-04-30 00:13:40 GSD getOne 第 1 次 等待 3 秒
2024-04-30 00:13:43 查询号码 【1646347】，返回信息 {"status":"ok","msg":"-","gid":"654672","time_insert":"2023-04-14 22:30"}
2024-04-30 00:13:43 查询号码 【1646347】，GSD为【"-"】
2024-04-30 00:13:43 ok && -
2024-04-30 00:13:46 CHB 1646347?1714407223 第 1 次 等待 3 秒
2024-04-30 00:13:49 CHB 1646347?1714407223 第 1 次 获取到号码【1646347】GSD
2024-04-30 00:13:49 未获取到号码【1646347】GSD，可能号码格式错误
2024-04-30 00:13:49 获取到号码【1646347】的GSD为【-】
2024-04-30 00:13:54 GSD insert 第 1 次 等待 3 秒
2024-04-30 00:13:57 {"status":"bad","gid":"654672","msg":"添加失败！号码【1646347(-|-)】已存在！"}
2024-04-30 00:13:57 随机等待 122 秒，约 2 分钟
2024-04-30 00:13:57 下次操作: 2024-04-30 00:15:59

2024-04-30 00:15:59 开始第 6454 次操作

2024-04-30 00:15:59 开始操作号码 【1646348】
2024-04-30 00:16:04 GSD getOne 第 1 次 等待 3 秒
2024-04-30 00:16:07 查询号码 【1646348】，返回信息 {"status":"ok","msg":"-","gid":"654696","time_insert":"2023-04-14 22:44"}
2024-04-30 00:16:08 查询号码 【1646348】，GSD为【"-"】
2024-04-30 00:16:08 ok && -
2024-04-30 00:16:10 CHB 1646348?1714407368 第 1 次 等待 3 秒
2024-04-30 00:16:13 CHB 1646348?1714407368 第 1 次 获取到号码【1646348】GSD
2024-04-30 00:16:13 未获取到号码【1646348】GSD，可能号码格式错误
2024-04-30 00:16:13 获取到号码【1646348】的GSD为【-】
2024-04-30 00:16:19 GSD insert 第 1 次 等待 3 秒
2024-04-30 00:16:22 {"status":"bad","gid":"654696","msg":"添加失败！号码【1646348(-|-)】已存在！"}
2024-04-30 00:16:22 随机等待 171 秒，约 2 分钟
2024-04-30 00:16:22 下次操作: 2024-04-30 00:19:13

2024-04-30 00:19:13 开始第 6455 次操作

2024-04-30 00:19:13 开始操作号码 【1646349】
2024-04-30 00:19:18 GSD getOne 第 1 次 等待 3 秒
2024-04-30 00:19:21 查询号码 【1646349】，返回信息 {"status":"ok","msg":"-","gid":"654715","time_insert":"2023-04-14 22:54"}
2024-04-30 00:19:22 查询号码 【1646349】，GSD为【"-"】
2024-04-30 00:19:22 ok && -
2024-04-30 00:19:24 CHB 1646349?1714407562 第 1 次 等待 3 秒
2024-04-30 00:19:27 CHB 1646349?1714407562 第 1 次 获取到号码【1646349】GSD
2024-04-30 00:19:27 未获取到号码【1646349】GSD，可能号码格式错误
2024-04-30 00:19:27 获取到号码【1646349】的GSD为【-】
2024-04-30 00:19:32 GSD insert 第 1 次 等待 3 秒
2024-04-30 00:19:35 {"status":"bad","gid":"654715","msg":"添加失败！号码【1646349(-|-)】已存在！"}
2024-04-30 00:19:35 随机等待 158 秒，约 2 分钟
2024-04-30 00:19:35 下次操作: 2024-04-30 00:22:13

2024-04-30 00:22:13 开始第 6456 次操作

2024-04-30 00:22:13 开始操作号码 【1646350】
2024-04-30 00:22:22 GSD getOne 第 1 次 等待 3 秒
2024-04-30 00:22:25 查询号码 【1646350】，返回信息 {"status":"ok","msg":"-","gid":"654749","time_insert":"2023-04-14 23:15"}
2024-04-30 00:22:25 查询号码 【1646350】，GSD为【"-"】
2024-04-30 00:22:25 ok && -
2024-04-30 00:22:28 CHB 1646350?1714407745 第 1 次 等待 3 秒
2024-04-30 00:22:31 CHB 1646350?1714407745 第 1 次 获取到号码【1646350】GSD
2024-04-30 00:22:31 未获取到号码【1646350】GSD，可能号码格式错误
2024-04-30 00:22:31 获取到号码【1646350】的GSD为【-】
2024-04-30 00:22:38 GSD insert 第 1 次 等待 3 秒
2024-04-30 00:22:41 {"status":"bad","gid":"654749","msg":"添加失败！号码【1646350(-|-)】已存在！"}

2024-04-30 00:36:16 开始第 6457 次操作

2024-04-30 00:36:16 开始操作号码 【1646351】
2024-04-30 00:36:26 GSD getOne 第 1 次 等待 3 秒
2024-04-30 00:36:29 查询号码 【1646351】，返回信息 {"status":"ok","msg":"-","gid":"654776","time_insert":"2023-04-14 23:33"}
2024-04-30 00:36:29 查询号码 【1646351】，GSD为【"-"】
2024-04-30 00:36:29 ok && -
2024-04-30 00:36:31 CHB 1646351?1714408589 第 1 次 等待 3 秒
2024-04-30 00:36:34 CHB 1646351?1714408589 第 1 次 获取到号码【1646351】GSD
2024-04-30 00:36:34 未获取到号码【1646351】GSD，可能号码格式错误
2024-04-30 00:36:34 获取到号码【1646351】的GSD为【-】
2024-04-30 00:36:39 GSD insert 第 1 次 等待 3 秒
2024-04-30 00:36:42 {"status":"bad","gid":"654776","msg":"添加失败！号码【1646351(-|-)】已存在！"}
2024-04-30 00:36:42 随机等待 197 秒，约 3 分钟
2024-04-30 00:36:42 下次操作: 2024-04-30 00:39:59

2024-04-30 00:39:59 开始第 6458 次操作

2024-04-30 00:39:59 开始操作号码 【1646352】
2024-04-30 00:40:04 GSD getOne 第 1 次 等待 3 秒
2024-04-30 00:40:07 查询号码 【1646352】，返回信息 {"status":"ok","msg":"-","gid":"654792","time_insert":"2023-04-14 23:42"}
2024-04-30 00:40:07 查询号码 【1646352】，GSD为【"-"】
2024-04-30 00:40:07 ok && -
2024-04-30 00:40:09 CHB 1646352?1714408807 第 1 次 等待 3 秒
2024-04-30 00:40:12 CHB 1646352?1714408807 第 1 次 获取到号码【1646352】GSD
2024-04-30 00:40:12 未获取到号码【1646352】GSD，可能号码格式错误
2024-04-30 00:40:12 获取到号码【1646352】的GSD为【-】
2024-04-30 00:40:22 GSD insert 第 1 次 等待 3 秒
2024-04-30 00:40:25 {"status":"bad","gid":"654792","msg":"添加失败！号码【1646352(-|-)】已存在！"}
2024-04-30 00:40:25 随机等待 214 秒，约 3 分钟
2024-04-30 00:40:25 下次操作: 2024-04-30 00:43:59

2024-04-30 00:43:59 开始第 6459 次操作

2024-04-30 00:43:59 开始操作号码 【1646353】
2024-04-30 00:44:06 GSD getOne 第 1 次 等待 3 秒
2024-04-30 00:44:09 查询号码 【1646353】，返回信息 {"status":"ok","msg":"-","gid":"654828","time_insert":"2023-04-15 00:05"}
2024-04-30 00:44:09 查询号码 【1646353】，GSD为【"-"】
2024-04-30 00:44:09 ok && -
2024-04-30 00:44:11 CHB 1646353?1714409049 第 1 次 等待 3 秒
2024-04-30 00:44:14 CHB 1646353?1714409049 第 1 次 获取到号码【1646353】GSD
2024-04-30 00:44:14 未获取到号码【1646353】GSD，可能号码格式错误
2024-04-30 00:44:14 获取到号码【1646353】的GSD为【-】
2024-04-30 00:44:20 GSD insert 第 1 次 等待 3 秒
2024-04-30 00:44:24 {"status":"bad","gid":"654828","msg":"添加失败！号码【1646353(-|-)】已存在！"}
2024-04-30 00:44:24 随机等待 181 秒，约 3 分钟
2024-04-30 00:44:24 下次操作: 2024-04-30 00:47:25

2024-04-30 00:47:25 开始第 6460 次操作

2024-04-30 00:47:25 开始操作号码 【1646354】
2024-04-30 00:47:33 GSD getOne 第 1 次 等待 3 秒
2024-04-30 00:47:36 查询号码 【1646354】，返回信息 {"status":"ok","msg":"-","gid":"654852","time_insert":"2023-04-15 00:22"}
2024-04-30 00:47:36 查询号码 【1646354】，GSD为【"-"】
2024-04-30 00:47:36 ok && -
2024-04-30 00:47:38 CHB 1646354?1714409256 第 1 次 等待 3 秒
2024-04-30 00:47:41 CHB 1646354?1714409256 第 1 次 获取到号码【1646354】GSD
2024-04-30 00:47:41 未获取到号码【1646354】GSD，可能号码格式错误
2024-04-30 00:47:41 获取到号码【1646354】的GSD为【-】
2024-04-30 00:47:47 GSD insert 第 1 次 等待 3 秒
2024-04-30 00:47:50 {"status":"bad","gid":"654852","msg":"添加失败！号码【1646354(-|-)】已存在！"}

