2024-10-06 00:16:29 开始第 8285 次操作

2024-10-06 00:16:29 开始操作号码 【1428281】
2024-10-06 00:16:32 GSD getOne 第 1 次 等待 3 秒
2024-10-06 00:16:35 查询号码 【1428281】，返回信息 {"status":"ok","msg":"-","gid":"691544","time_insert":"2023-05-04 03:24"}
2024-10-06 00:16:35 查询号码 【1428281】，GSD为【"-"】
2024-10-06 00:16:35 ok && -
2024-10-06 00:16:38 CHB 1428281?1728144995 第 1 次 等待 3 秒
2024-10-06 00:16:41 CHB 1428281?1728144995 第 1 次 获取到号码【1428281】GSD
2024-10-06 00:16:41 未获取到号码【1428281】GSD，可能号码格式错误
2024-10-06 00:16:41 获取到号码【1428281】的GSD为【-】
2024-10-06 00:16:44 GSD insert 第 1 次 等待 3 秒
2024-10-06 00:16:47 {"status":"bad","gid":"691544","msg":"添加失败！号码【1428281(-|-)】已存在！"}
2024-10-06 00:16:47 随机等待 82 秒，约 1 分钟
2024-10-06 00:16:47 下次操作: 2024-10-06 00:18:09

2024-10-06 00:18:09 开始第 8286 次操作

2024-10-06 00:18:09 开始操作号码 【1428282】
2024-10-06 00:18:14 GSD getOne 第 1 次 等待 3 秒
2024-10-06 00:18:17 查询号码 【1428282】，返回信息 {"status":"ok","msg":"-","gid":"691552","time_insert":"2023-05-04 03:32"}
2024-10-06 00:18:18 查询号码 【1428282】，GSD为【"-"】
2024-10-06 00:18:18 ok && -
2024-10-06 00:18:19 CHB 1428282?1728145098 第 1 次 等待 3 秒
2024-10-06 00:18:22 CHB 1428282?1728145098 第 1 次 获取到号码【1428282】GSD
2024-10-06 00:18:22 未获取到号码【1428282】GSD，可能号码格式错误
2024-10-06 00:18:22 获取到号码【1428282】的GSD为【-】
2024-10-06 00:18:26 GSD insert 第 1 次 等待 3 秒
2024-10-06 00:18:29 {"status":"bad","gid":"691552","msg":"添加失败！号码【1428282(-|-)】已存在！"}
2024-10-06 00:18:30 随机等待 118 秒，约 1 分钟
2024-10-06 00:18:30 下次操作: 2024-10-06 00:20:28

2024-10-06 00:20:28 开始第 8287 次操作

2024-10-06 00:20:28 开始操作号码 【1428283】
2024-10-06 00:20:30 GSD getOne 第 1 次 等待 3 秒
2024-10-06 00:20:33 查询号码 【1428283】，返回信息 {"status":"ok","msg":"-","gid":"691570","time_insert":"2023-05-04 03:55"}
2024-10-06 00:20:33 查询号码 【1428283】，GSD为【"-"】
2024-10-06 00:20:33 ok && -
2024-10-06 00:20:35 CHB 1428283?1728145233 第 1 次 等待 3 秒
2024-10-06 00:20:38 CHB 1428283?1728145233 第 1 次 获取到号码【1428283】GSD
2024-10-06 00:20:38 未获取到号码【1428283】GSD，可能号码格式错误
2024-10-06 00:20:38 获取到号码【1428283】的GSD为【-】
2024-10-06 00:20:40 GSD insert 第 1 次 等待 3 秒
2024-10-06 00:20:43 {"status":"bad","gid":"691570","msg":"添加失败！号码【1428283(-|-)】已存在！"}
2024-10-06 00:20:43 随机等待 123 秒，约 2 分钟
2024-10-06 00:20:43 下次操作: 2024-10-06 00:22:46

2024-10-06 00:22:46 开始第 8288 次操作

2024-10-06 00:22:46 开始操作号码 【1428284】
2024-10-06 00:22:48 GSD getOne 第 1 次 等待 3 秒
2024-10-06 00:22:51 查询号码 【1428284】，返回信息 {"status":"ok","msg":"-","gid":"691583","time_insert":"2023-05-04 04:08"}
2024-10-06 00:22:51 查询号码 【1428284】，GSD为【"-"】
2024-10-06 00:22:51 ok && -
2024-10-06 00:22:57 CHB 1428284?1728145371 第 1 次 等待 3 秒
2024-10-06 00:23:00 CHB 1428284?1728145371 第 1 次 获取到号码【1428284】GSD
2024-10-06 00:23:01 未获取到号码【1428284】GSD，可能号码格式错误
2024-10-06 00:23:01 获取到号码【1428284】的GSD为【-】
2024-10-06 00:23:03 GSD insert 第 1 次 等待 3 秒
2024-10-06 00:23:06 {"status":"bad","gid":"691583","msg":"添加失败！号码【1428284(-|-)】已存在！"}

