2023-12-02 00:13:35 开始第 949 次操作

2023-12-02 00:13:35 开始操作号码 【1860842】
2023-12-02 00:13:39 GSD getOne 第 1 次 等待 3 秒
2023-12-02 00:13:42 查询号码 【1860842】，返回信息 {"status":"ok","msg":"湖南-郴州","gid":"396767","time_insert":"2021-07-26 03:14"}
2023-12-02 00:13:42 查询号码 【1860842】，GSD为【"湖南-郴州"】

2023-12-02 00:13:43 开始第 950 次操作

2023-12-02 00:13:43 开始操作号码 【1860843】
2023-12-02 00:13:47 GSD getOne 第 1 次 等待 3 秒
2023-12-02 00:13:50 查询号码 【1860843】，返回信息 {"status":"ok","msg":"湖南-湘西","gid":"396824","time_insert":"2021-07-26 03:27"}
2023-12-02 00:13:50 查询号码 【1860843】，GSD为【"湖南-湘西"】

2023-12-02 00:13:51 开始第 951 次操作

2023-12-02 00:13:51 开始操作号码 【1860844】
2023-12-02 00:13:54 GSD getOne 第 1 次 等待 3 秒
2023-12-02 00:13:57 查询号码 【1860844】，返回信息 {"status":"ok","msg":"湖南-张家界","gid":"396918","time_insert":"2021-07-26 03:40"}
2023-12-02 00:13:57 查询号码 【1860844】，GSD为【"湖南-张家界"】

2023-12-02 00:13:58 开始第 952 次操作

2023-12-02 00:13:58 开始操作号码 【1860845】
2023-12-02 00:14:01 GSD getOne 第 1 次 等待 3 秒
2023-12-02 00:14:04 查询号码 【1860845】，返回信息 {"status":"ok","msg":"湖南-怀化","gid":"397075","time_insert":"2021-07-26 03:51"}
2023-12-02 00:14:05 查询号码 【1860845】，GSD为【"湖南-怀化"】

