2024-01-15 00:12:47 开始第 9021 次操作

2024-01-15 00:12:47 开始操作号码 【1868914】
2024-01-15 00:12:51 GSD getOne 第 1 次 等待 3 秒
2024-01-15 00:12:54 查询号码 【1868914】，返回信息 {"status":"ok","msg":"西藏-林芝","gid":"421912","time_insert":"2021-07-28 06:42"}
2024-01-15 00:12:54 查询号码 【1868914】，GSD为【"西藏-林芝"】

2024-01-15 00:12:55 开始第 9022 次操作

2024-01-15 00:12:55 开始操作号码 【1868915】
2024-01-15 00:13:04 GSD getOne 第 1 次 等待 3 秒
2024-01-15 00:13:07 查询号码 【1868915】，返回信息 {"status":"ok","msg":"西藏-昌都","gid":"421904","time_insert":"2021-07-28 06:41","time_update":"2021-08-05 14:44"}
2024-01-15 00:13:07 查询号码 【1868915】，GSD为【"西藏-昌都"】

2024-01-15 00:13:08 开始第 9023 次操作

2024-01-15 00:13:08 开始操作号码 【1868916】
2024-01-15 00:13:12 GSD getOne 第 1 次 等待 3 秒
2024-01-15 00:13:15 查询号码 【1868916】，返回信息 {"status":"ok","msg":"西藏-那曲","gid":"421896","time_insert":"2021-07-28 06:41"}
2024-01-15 00:13:15 查询号码 【1868916】，GSD为【"西藏-那曲"】

2024-01-15 00:13:16 开始第 9024 次操作

2024-01-15 00:13:16 开始操作号码 【1868917】
2024-01-15 00:13:22 GSD getOne 第 1 次 等待 3 秒
2024-01-15 00:13:25 查询号码 【1868917】，返回信息 {"status":"ok","msg":"西藏-阿里","gid":"421774","time_insert":"2021-07-28 06:04"}
2024-01-15 00:13:25 查询号码 【1868917】，GSD为【"西藏-阿里"】

