2024-10-17 14:41:33 开始第 1 次操作

2024-10-17 14:41:33 开始操作号码 【1320000】
2024-10-17 14:41:34 GSD getOne 第 1 次 等待 3 秒
2024-10-17 14:41:37 查询号码 【1320000】，返回信息 {"status":"ok","msg":"上海-上海","gid":"48854","time_insert":"2021-04-09 15:31"}
2024-10-17 14:41:37 查询号码 【1320000】，GSD为【"上海-上海"】

2024-10-17 14:41:38 开始第 2 次操作

2024-10-17 14:41:38 开始操作号码 【1320001】
2024-10-17 14:41:39 GSD getOne 第 1 次 等待 3 秒
2024-10-17 14:41:42 查询号码 【1320001】，返回信息 {"status":"ok","msg":"上海-上海","gid":"48860","time_insert":"2021-04-09 15:49"}
2024-10-17 14:41:42 查询号码 【1320001】，GSD为【"上海-上海"】

2024-10-17 14:41:43 开始第 3 次操作

2024-10-17 14:41:43 开始操作号码 【1320002】
2024-10-17 14:41:44 GSD getOne 第 1 次 等待 3 秒
2024-10-17 14:41:47 查询号码 【1320002】，返回信息 {"status":"ok","msg":"上海-上海","gid":"48868","time_insert":"2021-04-09 16:07"}
2024-10-17 14:41:47 查询号码 【1320002】，GSD为【"上海-上海"】

2024-10-17 14:41:48 开始第 4 次操作

2024-10-17 14:41:48 开始操作号码 【1320003】
2024-10-17 14:41:49 GSD getOne 第 1 次 等待 3 秒
2024-10-17 14:41:52 查询号码 【1320003】，返回信息 {"status":"ok","msg":"上海-上海","gid":"48874","time_insert":"2021-04-09 16:24"}
2024-10-17 14:41:52 查询号码 【1320003】，GSD为【"上海-上海"】

