2024-05-20 00:13:40 开始第 105 次操作

2024-05-20 00:13:40 开始操作号码 【1649987】
2024-05-20 00:13:58 GSD getOne 第 1 次 等待 3 秒
2024-05-20 00:14:01 查询号码 【1649987】，返回信息 {"status":"ok","msg":"-","gid":"658051","time_insert":"2023-04-16 15:07"}
2024-05-20 00:14:01 查询号码 【1649987】，GSD为【"-"】
2024-05-20 00:14:01 ok && -
2024-05-20 00:14:04 CHB 1649987?1716135241 第 1 次 等待 3 秒
2024-05-20 00:14:07 CHB 1649987?1716135241 第 1 次 获取到号码【1649987】GSD
2024-05-20 00:14:07 未获取到号码【1649987】GSD，可能号码格式错误
2024-05-20 00:14:07 获取到号码【1649987】的GSD为【-】
2024-05-20 00:14:12 GSD insert 第 1 次 等待 3 秒
2024-05-20 00:14:15 {"status":"bad","gid":"658051","msg":"添加失败！号码【1649987(-|-)】已存在！"}
2024-05-20 00:14:16 随机等待 142 秒，约 2 分钟
2024-05-20 00:14:16 下次操作: 2024-05-20 00:16:38

2024-05-20 00:16:38 开始第 106 次操作

2024-05-20 00:16:38 开始操作号码 【1649988】
2024-05-20 00:16:44 GSD getOne 第 1 次 等待 3 秒
2024-05-20 00:16:47 查询号码 【1649988】，返回信息 {"status":"ok","msg":"-","gid":"658041","time_insert":"2023-04-16 15:00"}
2024-05-20 00:16:47 查询号码 【1649988】，GSD为【"-"】
2024-05-20 00:16:47 ok && -
2024-05-20 00:16:49 CHB 1649988?1716135407 第 1 次 等待 3 秒
2024-05-20 00:16:52 CHB 1649988?1716135407 第 1 次 获取到号码【1649988】GSD
2024-05-20 00:16:52 未获取到号码【1649988】GSD，可能号码格式错误
2024-05-20 00:16:52 获取到号码【1649988】的GSD为【-】
2024-05-20 00:16:58 GSD insert 第 1 次 等待 3 秒
2024-05-20 00:17:01 {"status":"bad","gid":"658041","msg":"添加失败！号码【1649988(-|-)】已存在！"}
2024-05-20 00:17:01 随机等待 102 秒，约 1 分钟
2024-05-20 00:17:01 下次操作: 2024-05-20 00:18:43

2024-05-20 00:18:43 开始第 107 次操作

2024-05-20 00:18:43 开始操作号码 【1649989】
2024-05-20 00:18:59 GSD getOne 第 1 次 等待 3 秒
2024-05-20 00:19:02 查询号码 【1649989】，返回信息 {"status":"ok","msg":"-","gid":"658040","time_insert":"2023-04-16 14:59"}
2024-05-20 00:19:02 查询号码 【1649989】，GSD为【"-"】
2024-05-20 00:19:02 ok && -
2024-05-20 00:19:08 CHB 1649989?1716135542 第 1 次 等待 3 秒
2024-05-20 00:19:11 CHB 1649989?1716135542 第 1 次 获取到号码【1649989】GSD
2024-05-20 00:19:11 未获取到号码【1649989】GSD，可能号码格式错误
2024-05-20 00:19:11 获取到号码【1649989】的GSD为【-】
2024-05-20 00:19:30 GSD insert 第 1 次 等待 3 秒
2024-05-20 00:19:33 {"status":"bad","gid":"658040","msg":"添加失败！号码【1649989(-|-)】已存在！"}
2024-05-20 00:19:33 随机等待 103 秒，约 1 分钟
2024-05-20 00:19:33 下次操作: 2024-05-20 00:21:16

2024-05-20 00:21:16 开始第 108 次操作

2024-05-20 00:21:16 开始操作号码 【1649990】
2024-05-20 00:21:23 GSD getOne 第 1 次 等待 3 秒
2024-05-20 00:21:26 查询号码 【1649990】，返回信息 {"status":"ok","msg":"-","gid":"658033","time_insert":"2023-04-16 14:55"}
2024-05-20 00:21:26 查询号码 【1649990】，GSD为【"-"】
2024-05-20 00:21:26 ok && -
2024-05-20 00:21:29 CHB 1649990?1716135686 第 1 次 等待 3 秒
2024-05-20 00:21:32 CHB 1649990?1716135686 第 1 次 获取到号码【1649990】GSD
2024-05-20 00:21:32 未获取到号码【1649990】GSD，可能号码格式错误
2024-05-20 00:21:32 获取到号码【1649990】的GSD为【-】
2024-05-20 00:21:38 GSD insert 第 1 次 等待 3 秒
2024-05-20 00:21:41 {"status":"bad","gid":"658033","msg":"添加失败！号码【1649990(-|-)】已存在！"}

2024-05-20 00:36:51 开始第 109 次操作

2024-05-20 00:36:51 开始操作号码 【1649991】
2024-05-20 00:36:57 GSD getOne 第 1 次 等待 3 秒
2024-05-20 00:37:00 查询号码 【1649991】，返回信息 {"status":"ok","msg":"-","gid":"658029","time_insert":"2023-04-16 14:53"}
2024-05-20 00:37:00 查询号码 【1649991】，GSD为【"-"】
2024-05-20 00:37:00 ok && -
2024-05-20 00:37:02 CHB 1649991?1716136620 第 1 次 等待 3 秒
2024-05-20 00:37:05 CHB 1649991?1716136620 第 1 次 获取到号码【1649991】GSD
2024-05-20 00:37:06 未获取到号码【1649991】GSD，可能号码格式错误
2024-05-20 00:37:06 获取到号码【1649991】的GSD为【-】
2024-05-20 00:37:11 GSD insert 第 1 次 等待 3 秒
2024-05-20 00:37:14 {"status":"bad","gid":"658029","msg":"添加失败！号码【1649991(-|-)】已存在！"}
2024-05-20 00:37:14 随机等待 224 秒，约 3 分钟
2024-05-20 00:37:14 下次操作: 2024-05-20 00:40:58

2024-05-20 00:40:58 开始第 110 次操作

2024-05-20 00:40:58 开始操作号码 【1649992】
2024-05-20 00:41:06 GSD getOne 第 1 次 等待 3 秒
2024-05-20 00:41:09 查询号码 【1649992】，返回信息 {"status":"ok","msg":"-","gid":"658012","time_insert":"2023-04-16 14:44"}
2024-05-20 00:41:09 查询号码 【1649992】，GSD为【"-"】
2024-05-20 00:41:09 ok && -
2024-05-20 00:41:11 CHB 1649992?1716136869 第 1 次 等待 3 秒
2024-05-20 00:41:14 CHB 1649992?1716136869 第 1 次 获取到号码【1649992】GSD
2024-05-20 00:41:14 未获取到号码【1649992】GSD，可能号码格式错误
2024-05-20 00:41:14 获取到号码【1649992】的GSD为【-】
2024-05-20 00:41:19 GSD insert 第 1 次 等待 3 秒
2024-05-20 00:41:22 {"status":"bad","gid":"658012","msg":"添加失败！号码【1649992(-|-)】已存在！"}
2024-05-20 00:41:22 随机等待 103 秒，约 1 分钟
2024-05-20 00:41:22 下次操作: 2024-05-20 00:43:05

2024-05-20 00:43:05 开始第 111 次操作

2024-05-20 00:43:05 开始操作号码 【1649993】
2024-05-20 00:43:14 GSD getOne 第 1 次 等待 3 秒
2024-05-20 00:43:17 查询号码 【1649993】，返回信息 {"status":"ok","msg":"-","gid":"658008","time_insert":"2023-04-16 14:41"}
2024-05-20 00:43:17 查询号码 【1649993】，GSD为【"-"】
2024-05-20 00:43:17 ok && -
2024-05-20 00:43:19 CHB 1649993?1716136997 第 1 次 等待 3 秒
2024-05-20 00:43:22 CHB 1649993?1716136997 第 1 次 获取到号码【1649993】GSD
2024-05-20 00:43:22 未获取到号码【1649993】GSD，可能号码格式错误
2024-05-20 00:43:22 获取到号码【1649993】的GSD为【-】
2024-05-20 00:43:29 GSD insert 第 1 次 等待 3 秒
2024-05-20 00:43:32 {"status":"bad","gid":"658008","msg":"添加失败！号码【1649993(-|-)】已存在！"}
2024-05-20 00:43:32 随机等待 164 秒，约 2 分钟
2024-05-20 00:43:32 下次操作: 2024-05-20 00:46:16

2024-05-20 00:46:16 开始第 112 次操作

2024-05-20 00:46:16 开始操作号码 【1649994】
2024-05-20 00:46:21 GSD getOne 第 1 次 等待 3 秒
2024-05-20 00:46:24 查询号码 【1649994】，返回信息 {"status":"ok","msg":"-","gid":"658001","time_insert":"2023-04-16 14:39"}
2024-05-20 00:46:24 查询号码 【1649994】，GSD为【"-"】
2024-05-20 00:46:24 ok && -
2024-05-20 00:46:26 CHB 1649994?1716137184 第 1 次 等待 3 秒
2024-05-20 00:46:29 CHB 1649994?1716137184 第 1 次 获取到号码【1649994】GSD
2024-05-20 00:46:29 未获取到号码【1649994】GSD，可能号码格式错误
2024-05-20 00:46:29 获取到号码【1649994】的GSD为【-】
2024-05-20 00:46:40 GSD insert 第 1 次 等待 3 秒
2024-05-20 00:46:43 {"status":"bad","gid":"658001","msg":"添加失败！号码【1649994(-|-)】已存在！"}

