2024-11-10 00:23:34 开始第 3953 次操作

2024-11-10 00:23:34 开始操作号码 【1323952】
2024-11-10 00:23:35 GSD getOne 第 1 次 等待 3 秒
2024-11-10 00:23:38 查询号码 【1323952】，返回信息 {"status":"ok","msg":"宁夏-石嘴山","gid":"152492","time_insert":"2021-06-29 10:19"}
2024-11-10 00:23:38 查询号码 【1323952】，GSD为【"宁夏-石嘴山"】

2024-11-10 00:23:39 开始第 3954 次操作

2024-11-10 00:23:39 开始操作号码 【1323953】
2024-11-10 00:23:40 GSD getOne 第 1 次 等待 3 秒
2024-11-10 00:23:43 查询号码 【1323953】，返回信息 {"status":"ok","msg":"宁夏-吴忠","gid":"152630","time_insert":"2021-06-29 10:30"}
2024-11-10 00:23:43 查询号码 【1323953】，GSD为【"宁夏-吴忠"】

2024-11-10 00:23:44 开始第 3955 次操作

2024-11-10 00:23:44 开始操作号码 【1323954】
2024-11-10 00:23:45 GSD getOne 第 1 次 等待 3 秒
2024-11-10 00:23:48 查询号码 【1323954】，返回信息 {"status":"ok","msg":"宁夏-固原","gid":"152714","time_insert":"2021-06-29 10:42"}
2024-11-10 00:23:48 查询号码 【1323954】，GSD为【"宁夏-固原"】

2024-11-10 00:23:49 开始第 3956 次操作

2024-11-10 00:23:49 开始操作号码 【1323955】
2024-11-10 00:23:50 GSD getOne 第 1 次 等待 3 秒
2024-11-10 00:23:53 查询号码 【1323955】，返回信息 {"status":"ok","msg":"宁夏-中卫","gid":"152749","time_insert":"2021-06-29 10:52"}
2024-11-10 00:23:53 查询号码 【1323955】，GSD为【"宁夏-中卫"】

