2021-07-13 00:01:04 开始第 15 次操作

2021-07-13 00:01:04 开始操作号码 【1789224】
2021-07-13 00:01:43 GSD getOne 第 1 次 等待 1 秒
2021-07-13 00:01:44 查询号码 【1789224】，返回信息 {"status":"bad","msg":""}
2021-07-13 00:01:44 查询号码 【1789224】，GSD为【""】
2021-07-13 00:01:44 bad
2021-07-13 00:01:47 CHB 1789224?1626105704 第 1 次 等待 1 秒
2021-07-13 00:01:48 CHB 1789224?1626105704 第 1 次 获取到号码【1789224】GSD
2021-07-13 00:01:48 获取到号码【1789224】的GSD为【湖南-长沙】
2021-07-13 00:02:07 GSD insert 第 1 次 等待 1 秒
2021-07-13 00:02:08 {"status":"ok","id":260634,"msg":"添加成功！260634"}
2021-07-13 00:02:08 下次操作: 2021-07-13 00:02:21

2021-07-13 00:02:21 开始第 16 次操作

2021-07-13 00:02:21 开始操作号码 【1789223】
2021-07-13 00:02:34 GSD getOne 第 1 次 等待 1 秒
2021-07-13 00:02:35 查询号码 【1789223】，返回信息 {"status":"bad","msg":""}
2021-07-13 00:02:35 查询号码 【1789223】，GSD为【""】
2021-07-13 00:02:35 bad
2021-07-13 00:02:37 CHB 1789223?1626105755 第 1 次 等待 1 秒
2021-07-13 00:02:38 CHB 1789223?1626105755 第 1 次 获取到号码【1789223】GSD
2021-07-13 00:02:38 获取到号码【1789223】的GSD为【四川-成都】
2021-07-13 00:03:20 GSD insert 第 1 次 等待 1 秒
2021-07-13 00:03:21 {"status":"ok","id":260645,"msg":"添加成功！260645"}
2021-07-13 00:03:21 下次操作: 2021-07-13 00:03:38

2021-07-13 00:03:38 开始第 17 次操作

2021-07-13 00:03:38 开始操作号码 【1789222】
2021-07-13 00:03:42 GSD getOne 第 1 次 等待 1 秒
2021-07-13 00:03:43 查询号码 【1789222】，返回信息 {"status":"bad","msg":""}
2021-07-13 00:03:43 查询号码 【1789222】，GSD为【""】
2021-07-13 00:03:43 bad
2021-07-13 00:03:45 CHB 1789222?1626105823 第 1 次 等待 1 秒
2021-07-13 00:03:46 CHB 1789222?1626105823 第 1 次 获取到号码【1789222】GSD
2021-07-13 00:03:46 获取到号码【1789222】的GSD为【四川-成都】
2021-07-13 00:04:04 GSD insert 第 1 次 等待 1 秒
2021-07-13 00:04:05 {"status":"ok","id":260650,"msg":"添加成功！260650"}
2021-07-13 00:04:05 下次操作: 2021-07-13 00:04:15

2021-07-13 00:04:15 开始第 18 次操作

2021-07-13 00:04:15 开始操作号码 【1789221】
2021-07-13 00:04:34 GSD getOne 第 1 次 等待 1 秒
2021-07-13 00:04:35 查询号码 【1789221】，返回信息 {"status":"bad","msg":""}
2021-07-13 00:04:35 查询号码 【1789221】，GSD为【""】
2021-07-13 00:04:35 bad
2021-07-13 00:04:39 CHB 1789221?1626105875 第 1 次 等待 1 秒
2021-07-13 00:04:40 CHB 1789221?1626105875 第 1 次 获取到号码【1789221】GSD
2021-07-13 00:04:40 获取到号码【1789221】的GSD为【四川-成都】
2021-07-13 00:04:59 GSD insert 第 1 次 等待 1 秒
2021-07-13 00:05:00 {"status":"ok","id":260658,"msg":"添加成功！260658"}
2021-07-13 00:05:00 下次操作: 2021-07-13 00:05:08

2021-07-13 00:05:08 开始第 19 次操作

2021-07-13 00:05:08 开始操作号码 【1789220】
2021-07-13 00:05:26 GSD getOne 第 1 次 等待 1 秒
2021-07-13 00:05:27 查询号码 【1789220】，返回信息 {"status":"bad","msg":""}
2021-07-13 00:05:27 查询号码 【1789220】，GSD为【""】
2021-07-13 00:05:27 bad
2021-07-13 00:05:32 CHB 1789220?1626105927 第 1 次 等待 1 秒
2021-07-13 00:05:33 CHB 1789220?1626105927 第 1 次 获取到号码【1789220】GSD
2021-07-13 00:05:33 获取到号码【1789220】的GSD为【四川-成都】
2021-07-13 00:05:52 GSD insert 第 1 次 等待 1 秒
2021-07-13 00:05:53 {"status":"ok","id":260666,"msg":"添加成功！260666"}
2021-07-13 00:05:53 下次操作: 2021-07-13 00:06:09

2021-07-13 00:06:09 开始第 20 次操作

2021-07-13 00:06:09 开始操作号码 【1789219】
2021-07-13 00:06:16 GSD getOne 第 1 次 等待 1 秒
2021-07-13 00:06:17 查询号码 【1789219】，返回信息 {"status":"bad","msg":""}
2021-07-13 00:06:17 查询号码 【1789219】，GSD为【""】
2021-07-13 00:06:17 bad
2021-07-13 00:06:20 CHB 1789219?1626105977 第 1 次 等待 1 秒
2021-07-13 00:06:21 CHB 1789219?1626105977 第 1 次 获取到号码【1789219】GSD
2021-07-13 00:06:22 获取到号码【1789219】的GSD为【四川-成都】
2021-07-13 00:06:40 GSD insert 第 1 次 等待 1 秒
2021-07-13 00:06:41 {"status":"ok","id":260671,"msg":"添加成功！260671"}
2021-07-13 00:06:41 下次操作: 2021-07-13 00:06:47

2021-07-13 00:06:47 开始第 21 次操作

2021-07-13 00:06:47 开始操作号码 【1789218】
2021-07-13 00:07:22 GSD getOne 第 1 次 等待 1 秒
2021-07-13 00:07:23 查询号码 【1789218】，返回信息 {"status":"ok","msg":"四川-成都","gid":"31758","time_insert":"2017-12-09 09:12","time_update":"2020-11-01 04:39"}
2021-07-13 00:07:23 查询号码 【1789218】，GSD为【"四川-成都"】

2021-07-13 00:07:23 开始第 21 次操作

2021-07-13 00:07:23 开始操作号码 【1789217】
2021-07-13 00:07:58 GSD getOne 第 1 次 等待 1 秒
2021-07-13 00:07:59 查询号码 【1789217】，返回信息 {"status":"bad","msg":""}
2021-07-13 00:07:59 查询号码 【1789217】，GSD为【""】
2021-07-13 00:07:59 bad
2021-07-13 00:08:04 CHB 1789217?1626106079 第 1 次 等待 1 秒
2021-07-13 00:08:05 CHB 1789217?1626106079 第 1 次 获取到号码【1789217】GSD
2021-07-13 00:08:05 获取到号码【1789217】的GSD为【四川-成都】
2021-07-13 00:08:24 GSD insert 第 1 次 等待 1 秒
2021-07-13 00:08:25 {"status":"ok","id":260681,"msg":"添加成功！260681"}
2021-07-13 00:08:25 下次操作: 2021-07-13 00:08:41

2021-07-13 00:08:41 开始第 22 次操作

2021-07-13 00:08:41 开始操作号码 【1789216】
2021-07-13 00:08:45 GSD getOne 第 1 次 等待 1 秒
2021-07-13 00:08:46 查询号码 【1789216】，返回信息 {"status":"bad","msg":""}
2021-07-13 00:08:46 查询号码 【1789216】，GSD为【""】
2021-07-13 00:08:46 bad
2021-07-13 00:08:49 CHB 1789216?1626106126 第 1 次 等待 1 秒
2021-07-13 00:08:50 CHB 1789216?1626106126 第 1 次 获取到号码【1789216】GSD
2021-07-13 00:08:50 获取到号码【1789216】的GSD为【四川-成都】
2021-07-13 00:09:08 GSD insert 第 1 次 等待 1 秒
2021-07-13 00:09:09 {"status":"ok","id":260688,"msg":"添加成功！260688"}
2021-07-13 00:09:09 下次操作: 2021-07-13 00:09:17

2021-07-13 00:09:17 开始第 23 次操作

2021-07-13 00:09:17 开始操作号码 【1789215】
2021-07-13 00:09:55 GSD getOne 第 1 次 等待 1 秒
2021-07-13 00:09:56 查询号码 【1789215】，返回信息 {"status":"bad","msg":""}
2021-07-13 00:09:56 查询号码 【1789215】，GSD为【""】
2021-07-13 00:09:56 bad
2021-07-13 00:09:59 CHB 1789215?1626106196 第 1 次 等待 1 秒
2021-07-13 00:10:00 CHB 1789215?1626106196 第 1 次 获取到号码【1789215】GSD
2021-07-13 00:10:00 获取到号码【1789215】的GSD为【四川-成都】
2021-07-13 00:10:19 GSD insert 第 1 次 等待 1 秒
2021-07-13 00:10:20 {"status":"ok","id":260692,"msg":"添加成功！260692"}
2021-07-13 00:10:20 下次操作: 2021-07-13 00:10:33

2021-07-13 00:10:33 开始第 24 次操作

2021-07-13 00:10:33 开始操作号码 【1789214】
2021-07-13 00:11:57 GSD getOne 第 1 次 等待 1 秒
2021-07-13 00:11:58 查询号码 【1789214】，返回信息 {"status":"bad","msg":""}
2021-07-13 00:11:58 查询号码 【1789214】，GSD为【""】
2021-07-13 00:11:58 bad
2021-07-13 00:12:06 CHB 1789214?1626106318 第 1 次 等待 1 秒
2021-07-13 00:12:07 CHB 1789214?1626106318 第 1 次 获取到号码【1789214】GSD
2021-07-13 00:12:07 获取到号码【1789214】的GSD为【四川-成都】
2021-07-13 00:13:43 GSD insert 第 1 次 等待 1 秒
2021-07-13 00:13:44 {"status":"ok","id":260704,"msg":"添加成功！260704"}
2021-07-13 00:13:44 下次操作: 2021-07-13 00:13:59

2021-07-13 00:13:59 开始第 25 次操作

2021-07-13 00:13:59 开始操作号码 【1789213】
2021-07-13 00:14:09 GSD getOne 第 1 次 等待 1 秒
2021-07-13 00:14:10 查询号码 【1789213】，返回信息 {"status":"bad","msg":""}
2021-07-13 00:14:10 查询号码 【1789213】，GSD为【""】
2021-07-13 00:14:10 bad
2021-07-13 00:14:11 CHB 1789213?1626106450 第 1 次 等待 1 秒
2021-07-13 00:14:12 CHB 1789213?1626106450 第 1 次 获取到号码【1789213】GSD
2021-07-13 00:14:13 获取到号码【1789213】的GSD为【江苏-南京】
2021-07-13 00:14:51 GSD insert 第 1 次 等待 1 秒
2021-07-13 00:14:52 {"status":"ok","id":260707,"msg":"添加成功！260707"}
2021-07-13 00:14:52 下次操作: 2021-07-13 00:15:05

2021-07-13 00:15:05 开始第 26 次操作

2021-07-13 00:15:05 开始操作号码 【1789212】
2021-07-13 00:15:35 GSD getOne 第 1 次 等待 1 秒
2021-07-13 00:15:36 查询号码 【1789212】，返回信息 {"status":"bad","msg":""}
2021-07-13 00:15:36 查询号码 【1789212】，GSD为【""】
2021-07-13 00:15:36 bad
2021-07-13 00:15:44 CHB 1789212?1626106536 第 1 次 等待 1 秒
2021-07-13 00:15:45 CHB 1789212?1626106536 第 1 次 获取到号码【1789212】GSD
2021-07-13 00:15:45 获取到号码【1789212】的GSD为【江苏-南京】
2021-07-13 00:16:04 GSD insert 第 1 次 等待 1 秒
2021-07-13 00:16:05 {"status":"ok","id":260713,"msg":"添加成功！260713"}
2021-07-13 00:16:05 下次操作: 2021-07-13 00:16:15

2021-07-13 00:16:15 开始第 27 次操作

2021-07-13 00:16:15 开始操作号码 【1789211】
2021-07-13 00:17:27 GSD getOne 第 1 次 等待 1 秒
2021-07-13 00:17:28 查询号码 【1789211】，返回信息 {"status":"bad","msg":""}
2021-07-13 00:17:28 查询号码 【1789211】，GSD为【""】
2021-07-13 00:17:28 bad
2021-07-13 00:17:31 CHB 1789211?1626106648 第 1 次 等待 1 秒
2021-07-13 00:17:32 CHB 1789211?1626106648 第 1 次 获取到号码【1789211】GSD
2021-07-13 00:17:32 获取到号码【1789211】的GSD为【江苏-南京】
2021-07-13 00:19:01 GSD insert 第 1 次 等待 1 秒
2021-07-13 00:19:02 {"status":"ok","id":260720,"msg":"添加成功！260720"}
2021-07-13 00:19:02 下次操作: 2021-07-13 00:19:19

2021-07-13 00:19:19 开始第 28 次操作

2021-07-13 00:19:19 开始操作号码 【1789210】
2021-07-13 00:19:42 GSD getOne 第 1 次 等待 1 秒
2021-07-13 00:19:43 查询号码 【1789210】，返回信息 {"status":"bad","msg":""}
2021-07-13 00:19:43 查询号码 【1789210】，GSD为【""】
2021-07-13 00:19:43 bad
2021-07-13 00:19:49 CHB 1789210?1626106784 第 1 次 等待 1 秒
2021-07-13 00:19:50 CHB 1789210?1626106784 第 1 次 获取到号码【1789210】GSD
2021-07-13 00:19:50 获取到号码【1789210】的GSD为【江苏-南京】
2021-07-13 00:20:11 GSD insert 第 1 次 等待 1 秒
2021-07-13 00:20:12 {"status":"ok","id":260726,"msg":"添加成功！260726"}
2021-07-13 00:20:12 下次操作: 2021-07-13 00:20:19

2021-07-13 00:20:19 开始第 29 次操作

2021-07-13 00:20:19 开始操作号码 【1789209】
2021-07-13 00:22:00 GSD getOne 第 1 次 等待 1 秒
2021-07-13 00:22:01 查询号码 【1789209】，返回信息 {"status":"bad","msg":""}
2021-07-13 00:22:02 查询号码 【1789209】，GSD为【""】
2021-07-13 00:22:02 bad
2021-07-13 00:22:05 CHB 1789209?1626106922 第 1 次 等待 1 秒
2021-07-13 00:22:06 CHB 1789209?1626106922 第 1 次 获取到号码【1789209】GSD
2021-07-13 00:22:06 获取到号码【1789209】的GSD为【江苏-南京】
2021-07-13 00:23:28 GSD insert 第 1 次 等待 1 秒
2021-07-13 00:23:29 {"status":"ok","id":260737,"msg":"添加成功！260737"}
2021-07-13 00:23:29 下次操作: 2021-07-13 00:23:37

2021-07-13 00:23:37 开始第 30 次操作

2021-07-13 00:23:37 开始操作号码 【1789208】
2021-07-13 00:24:58 GSD getOne 第 1 次 等待 1 秒
2021-07-13 00:24:59 查询号码 【1789208】，返回信息 {"status":"bad","msg":""}
2021-07-13 00:25:00 查询号码 【1789208】，GSD为【""】
2021-07-13 00:25:00 bad
2021-07-13 00:25:05 CHB 1789208?1626107100 第 1 次 等待 1 秒
2021-07-13 00:25:06 CHB 1789208?1626107100 第 1 次 获取到号码【1789208】GSD
2021-07-13 00:25:06 获取到号码【1789208】的GSD为【江苏-南京】
2021-07-13 00:27:01 GSD insert 第 1 次 等待 1 秒
2021-07-13 00:27:02 {"status":"ok","id":260747,"msg":"添加成功！260747"}

