2023-12-27 00:12:49 开始第 5541 次操作

2023-12-27 00:12:49 开始操作号码 【1865434】
2023-12-27 00:12:53 GSD getOne 第 1 次 等待 3 秒
2023-12-27 00:12:56 查询号码 【1865434】，返回信息 {"status":"ok","msg":"山东-滨州","gid":"454573","time_insert":"2021-07-31 09:53"}
2023-12-27 00:12:56 查询号码 【1865434】，GSD为【"山东-滨州"】

2023-12-27 00:12:57 开始第 5542 次操作

2023-12-27 00:12:57 开始操作号码 【1865435】
2023-12-27 00:13:04 GSD getOne 第 1 次 等待 3 秒
2023-12-27 00:13:07 查询号码 【1865435】，返回信息 {"status":"ok","msg":"山东-滨州","gid":"454563","time_insert":"2021-07-31 09:52"}
2023-12-27 00:13:07 查询号码 【1865435】，GSD为【"山东-滨州"】

2023-12-27 00:13:08 开始第 5543 次操作

2023-12-27 00:13:08 开始操作号码 【1865436】
2023-12-27 00:13:12 GSD getOne 第 1 次 等待 3 秒
2023-12-27 00:13:15 查询号码 【1865436】，返回信息 {"status":"ok","msg":"山东-滨州","gid":"454554","time_insert":"2021-07-31 09:52"}
2023-12-27 00:13:15 查询号码 【1865436】，GSD为【"山东-滨州"】

2023-12-27 00:13:16 开始第 5544 次操作

2023-12-27 00:13:16 开始操作号码 【1865437】
2023-12-27 00:13:21 GSD getOne 第 1 次 等待 3 秒
2023-12-27 00:13:24 查询号码 【1865437】，返回信息 {"status":"ok","msg":"山东-滨州","gid":"454545","time_insert":"2021-07-31 09:51"}
2023-12-27 00:13:24 查询号码 【1865437】，GSD为【"山东-滨州"】

2023-12-27 00:37:53 开始第 5545 次操作

2023-12-27 00:37:53 开始操作号码 【1865438】
2023-12-27 00:37:57 GSD getOne 第 1 次 等待 3 秒
2023-12-27 00:38:00 查询号码 【1865438】，返回信息 {"status":"ok","msg":"山东-滨州","gid":"454537","time_insert":"2021-07-31 09:51"}
2023-12-27 00:38:00 查询号码 【1865438】，GSD为【"山东-滨州"】

2023-12-27 00:38:01 开始第 5546 次操作

2023-12-27 00:38:01 开始操作号码 【1865439】
2023-12-27 00:38:04 GSD getOne 第 1 次 等待 3 秒
2023-12-27 00:38:07 查询号码 【1865439】，返回信息 {"status":"ok","msg":"山东-滨州","gid":"454528","time_insert":"2021-07-31 09:50"}
2023-12-27 00:38:07 查询号码 【1865439】，GSD为【"山东-滨州"】

2023-12-27 00:38:08 开始第 5547 次操作

2023-12-27 00:38:08 开始操作号码 【1865440】
2023-12-27 00:38:12 GSD getOne 第 1 次 等待 3 秒
2023-12-27 00:38:15 查询号码 【1865440】，返回信息 {"status":"ok","msg":"上海-上海","gid":"454519","time_insert":"2021-07-31 09:49"}
2023-12-27 00:38:15 查询号码 【1865440】，GSD为【"上海-上海"】

2023-12-27 00:38:16 开始第 5548 次操作

2023-12-27 00:38:16 开始操作号码 【1865441】
2023-12-27 00:38:20 GSD getOne 第 1 次 等待 3 秒
2023-12-27 00:38:23 查询号码 【1865441】，返回信息 {"status":"ok","msg":"上海-上海","gid":"454512","time_insert":"2021-07-31 09:49"}
2023-12-27 00:38:23 查询号码 【1865441】，GSD为【"上海-上海"】

