2024-02-21 00:13:05 开始第 4949 次操作

2024-02-21 00:13:05 开始操作号码 【1754842】
2024-02-21 00:13:10 GSD getOne 第 1 次 等待 3 秒
2024-02-21 00:13:13 查询号码 【1754842】，返回信息 {"status":"ok","msg":"内蒙古-乌兰察布","gid":"185564","time_insert":"2021-07-04 00:01"}
2024-02-21 00:13:13 查询号码 【1754842】，GSD为【"内蒙古-乌兰察布"】

2024-02-21 00:13:14 开始第 4950 次操作

2024-02-21 00:13:14 开始操作号码 【1754843】
2024-02-21 00:13:18 GSD getOne 第 1 次 等待 3 秒
2024-02-21 00:13:21 查询号码 【1754843】，返回信息 {"status":"ok","msg":"内蒙古-乌兰察布","gid":"185576","time_insert":"2021-07-04 00:02"}
2024-02-21 00:13:21 查询号码 【1754843】，GSD为【"内蒙古-乌兰察布"】

2024-02-21 00:13:22 开始第 4951 次操作

2024-02-21 00:13:22 开始操作号码 【1754844】
2024-02-21 00:13:26 GSD getOne 第 1 次 等待 3 秒
2024-02-21 00:13:29 查询号码 【1754844】，返回信息 {"status":"ok","msg":"内蒙古-乌兰察布","gid":"185585","time_insert":"2021-07-04 00:03"}
2024-02-21 00:13:29 查询号码 【1754844】，GSD为【"内蒙古-乌兰察布"】

2024-02-21 00:13:30 开始第 4952 次操作

2024-02-21 00:13:30 开始操作号码 【1754845】
2024-02-21 00:13:38 GSD getOne 第 1 次 等待 3 秒
2024-02-21 00:13:41 查询号码 【1754845】，返回信息 {"status":"ok","msg":"内蒙古-乌兰察布","gid":"185596","time_insert":"2021-07-04 00:04"}
2024-02-21 00:13:41 查询号码 【1754845】，GSD为【"内蒙古-乌兰察布"】

2024-02-21 00:36:05 开始第 4953 次操作

2024-02-21 00:36:05 开始操作号码 【1754846】
2024-02-21 00:36:10 GSD getOne 第 1 次 等待 3 秒
2024-02-21 00:36:13 查询号码 【1754846】，返回信息 {"status":"ok","msg":"内蒙古-乌兰察布","gid":"185605","time_insert":"2021-07-04 00:05"}
2024-02-21 00:36:13 查询号码 【1754846】，GSD为【"内蒙古-乌兰察布"】

2024-02-21 00:36:14 开始第 4954 次操作

2024-02-21 00:36:14 开始操作号码 【1754847】
2024-02-21 00:36:18 GSD getOne 第 1 次 等待 3 秒
2024-02-21 00:36:21 查询号码 【1754847】，返回信息 {"status":"ok","msg":"内蒙古-乌兰察布","gid":"185613","time_insert":"2021-07-04 00:05"}
2024-02-21 00:36:21 查询号码 【1754847】，GSD为【"内蒙古-乌兰察布"】

2024-02-21 00:36:22 开始第 4955 次操作

2024-02-21 00:36:22 开始操作号码 【1754848】
2024-02-21 00:36:27 GSD getOne 第 1 次 等待 3 秒
2024-02-21 00:36:30 查询号码 【1754848】，返回信息 {"status":"ok","msg":"内蒙古-乌兰察布","gid":"185624","time_insert":"2021-07-04 00:06"}
2024-02-21 00:36:30 查询号码 【1754848】，GSD为【"内蒙古-乌兰察布"】

2024-02-21 00:36:31 开始第 4956 次操作

2024-02-21 00:36:31 开始操作号码 【1754849】
2024-02-21 00:36:36 GSD getOne 第 1 次 等待 3 秒
2024-02-21 00:36:39 查询号码 【1754849】，返回信息 {"status":"ok","msg":"内蒙古-乌兰察布","gid":"185634","time_insert":"2021-07-04 00:07"}
2024-02-21 00:36:39 查询号码 【1754849】，GSD为【"内蒙古-乌兰察布"】

2024-02-21 01:09:20 开始第 4957 次操作

2024-02-21 01:09:20 开始操作号码 【1754850】
2024-02-21 01:09:24 GSD getOne 第 1 次 等待 3 秒
2024-02-21 01:09:27 查询号码 【1754850】，返回信息 {"status":"ok","msg":"内蒙古-通辽","gid":"185644","time_insert":"2021-07-04 00:08"}
2024-02-21 01:09:27 查询号码 【1754850】，GSD为【"内蒙古-通辽"】

2024-02-21 01:09:28 开始第 4958 次操作

2024-02-21 01:09:28 开始操作号码 【1754851】
2024-02-21 01:09:33 GSD getOne 第 1 次 等待 3 秒
2024-02-21 01:09:36 查询号码 【1754851】，返回信息 {"status":"ok","msg":"内蒙古-通辽","gid":"185654","time_insert":"2021-07-04 00:09"}
2024-02-21 01:09:36 查询号码 【1754851】，GSD为【"内蒙古-通辽"】

2024-02-21 01:09:37 开始第 4959 次操作

2024-02-21 01:09:37 开始操作号码 【1754852】
2024-02-21 01:09:42 GSD getOne 第 1 次 等待 3 秒
2024-02-21 01:09:45 查询号码 【1754852】，返回信息 {"status":"ok","msg":"内蒙古-通辽","gid":"185662","time_insert":"2021-07-04 00:09"}
2024-02-21 01:09:45 查询号码 【1754852】，GSD为【"内蒙古-通辽"】

2024-02-21 01:09:46 开始第 4960 次操作

2024-02-21 01:09:46 开始操作号码 【1754853】
2024-02-21 01:09:50 GSD getOne 第 1 次 等待 3 秒
2024-02-21 01:09:53 查询号码 【1754853】，返回信息 {"status":"ok","msg":"内蒙古-通辽","gid":"185672","time_insert":"2021-07-04 00:10"}
2024-02-21 01:09:53 查询号码 【1754853】，GSD为【"内蒙古-通辽"】

