2023-11-08 00:13:47 开始第 7605 次操作

2023-11-08 00:13:47 开始操作号码 【1967498】
2023-11-08 00:13:54 GSD getOne 第 1 次 等待 3 秒
2023-11-08 00:13:57 查询号码 【1967498】，返回信息 {"status":"ok","msg":"-","gid":"581133","time_insert":"2023-03-10 05:44"}
2023-11-08 00:13:58 查询号码 【1967498】，GSD为【"-"】
2023-11-08 00:13:58 ok && -
2023-11-08 00:14:00 CHB 1967498?1699373638 第 1 次 等待 3 秒
2023-11-08 00:14:03 CHB 1967498?1699373638 第 1 次 获取到号码【1967498】GSD
2023-11-08 00:14:03 未获取到号码【1967498】GSD，可能号码格式错误
2023-11-08 00:14:03 获取到号码【1967498】的GSD为【-】
2023-11-08 00:14:07 GSD insert 第 1 次 等待 3 秒
2023-11-08 00:14:10 {"status":"bad","gid":"581133","msg":"添加失败！号码【1967498(-|-)】已存在！"}
2023-11-08 00:14:10 随机等待 141 秒，约 2 分钟
2023-11-08 00:14:10 下次操作: 2023-11-08 00:16:31

2023-11-08 00:16:31 开始第 7606 次操作

2023-11-08 00:16:31 开始操作号码 【1967499】
2023-11-08 00:16:34 GSD getOne 第 1 次 等待 3 秒
2023-11-08 00:16:37 查询号码 【1967499】，返回信息 {"status":"ok","msg":"-","gid":"581135","time_insert":"2023-03-10 05:46"}
2023-11-08 00:16:37 查询号码 【1967499】，GSD为【"-"】
2023-11-08 00:16:37 ok && -
2023-11-08 00:16:41 CHB 1967499?1699373797 第 1 次 等待 3 秒
2023-11-08 00:16:44 CHB 1967499?1699373797 第 1 次 获取到号码【1967499】GSD
2023-11-08 00:16:44 未获取到号码【1967499】GSD，可能号码格式错误
2023-11-08 00:16:44 获取到号码【1967499】的GSD为【-】
2023-11-08 00:16:48 GSD insert 第 1 次 等待 3 秒
2023-11-08 00:16:51 {"status":"bad","gid":"581135","msg":"添加失败！号码【1967499(-|-)】已存在！"}
2023-11-08 00:16:51 随机等待 76 秒，约 1 分钟
2023-11-08 00:16:51 下次操作: 2023-11-08 00:18:07

2023-11-08 00:18:07 开始第 7607 次操作

2023-11-08 00:18:07 开始操作号码 【1967500】
2023-11-08 00:18:10 GSD getOne 第 1 次 等待 3 秒
2023-11-08 00:18:13 查询号码 【1967500】，返回信息 {"status":"ok","msg":"-","gid":"581139","time_insert":"2023-03-10 05:49"}
2023-11-08 00:18:13 查询号码 【1967500】，GSD为【"-"】
2023-11-08 00:18:13 ok && -
2023-11-08 00:18:16 CHB 1967500?1699373893 第 1 次 等待 3 秒
2023-11-08 00:18:19 CHB 1967500?1699373893 第 1 次 获取到号码【1967500】GSD
2023-11-08 00:18:19 未获取到号码【1967500】GSD，可能号码格式错误
2023-11-08 00:18:19 获取到号码【1967500】的GSD为【-】
2023-11-08 00:18:34 GSD insert 第 1 次 等待 3 秒
2023-11-08 00:18:37 {"status":"bad","gid":"581139","msg":"添加失败！号码【1967500(-|-)】已存在！"}
2023-11-08 00:18:37 随机等待 220 秒，约 3 分钟
2023-11-08 00:18:37 下次操作: 2023-11-08 00:22:17

2023-11-08 00:22:17 开始第 7608 次操作

2023-11-08 00:22:17 开始操作号码 【1967501】
2023-11-08 00:22:24 GSD getOne 第 1 次 等待 3 秒
2023-11-08 00:22:27 查询号码 【1967501】，返回信息 {"status":"ok","msg":"-","gid":"581144","time_insert":"2023-03-10 05:53"}
2023-11-08 00:22:27 查询号码 【1967501】，GSD为【"-"】
2023-11-08 00:22:27 ok && -
2023-11-08 00:22:29 CHB 1967501?1699374147 第 1 次 等待 3 秒
2023-11-08 00:22:32 CHB 1967501?1699374147 第 1 次 获取到号码【1967501】GSD
2023-11-08 00:22:33 未获取到号码【1967501】GSD，可能号码格式错误
2023-11-08 00:22:33 获取到号码【1967501】的GSD为【-】
2023-11-08 00:22:36 GSD insert 第 1 次 等待 3 秒
2023-11-08 00:22:39 {"status":"bad","gid":"581144","msg":"添加失败！号码【1967501(-|-)】已存在！"}

2023-11-08 00:38:28 开始第 7609 次操作

2023-11-08 00:38:28 开始操作号码 【1967502】
2023-11-08 00:38:35 GSD getOne 第 1 次 等待 3 秒
2023-11-08 00:38:38 查询号码 【1967502】，返回信息 {"status":"ok","msg":"-","gid":"581147","time_insert":"2023-03-10 05:54"}
2023-11-08 00:38:38 查询号码 【1967502】，GSD为【"-"】
2023-11-08 00:38:38 ok && -
2023-11-08 00:38:41 CHB 1967502?1699375118 第 1 次 等待 3 秒
2023-11-08 00:38:44 CHB 1967502?1699375118 第 1 次 获取到号码【1967502】GSD
2023-11-08 00:38:44 未获取到号码【1967502】GSD，可能号码格式错误
2023-11-08 00:38:44 获取到号码【1967502】的GSD为【-】
2023-11-08 00:38:50 GSD insert 第 1 次 等待 3 秒
2023-11-08 00:38:53 {"status":"bad","gid":"581147","msg":"添加失败！号码【1967502(-|-)】已存在！"}
2023-11-08 00:38:53 随机等待 117 秒，约 1 分钟
2023-11-08 00:38:53 下次操作: 2023-11-08 00:40:50

2023-11-08 00:40:50 开始第 7610 次操作

2023-11-08 00:40:50 开始操作号码 【1967503】
2023-11-08 00:40:53 GSD getOne 第 1 次 等待 3 秒
2023-11-08 00:40:56 查询号码 【1967503】，返回信息 {"status":"ok","msg":"-","gid":"581149","time_insert":"2023-03-10 05:56"}
2023-11-08 00:40:56 查询号码 【1967503】，GSD为【"-"】
2023-11-08 00:40:56 ok && -
2023-11-08 00:40:58 CHB 1967503?1699375256 第 1 次 等待 3 秒
2023-11-08 00:41:01 CHB 1967503?1699375256 第 1 次 获取到号码【1967503】GSD
2023-11-08 00:41:01 未获取到号码【1967503】GSD，可能号码格式错误
2023-11-08 00:41:01 获取到号码【1967503】的GSD为【-】
2023-11-08 00:41:05 GSD insert 第 1 次 等待 3 秒
2023-11-08 00:41:08 {"status":"bad","gid":"581149","msg":"添加失败！号码【1967503(-|-)】已存在！"}
2023-11-08 00:41:08 随机等待 117 秒，约 1 分钟
2023-11-08 00:41:08 下次操作: 2023-11-08 00:43:05

2023-11-08 00:43:05 开始第 7611 次操作

2023-11-08 00:43:05 开始操作号码 【1967504】
2023-11-08 00:43:11 GSD getOne 第 1 次 等待 3 秒
2023-11-08 00:43:14 查询号码 【1967504】，返回信息 {"status":"ok","msg":"-","gid":"581154","time_insert":"2023-03-10 05:59"}
2023-11-08 00:43:14 查询号码 【1967504】，GSD为【"-"】
2023-11-08 00:43:14 ok && -
2023-11-08 00:43:17 CHB 1967504?1699375395 第 1 次 等待 3 秒
2023-11-08 00:43:20 CHB 1967504?1699375395 第 1 次 获取到号码【1967504】GSD
2023-11-08 00:43:20 未获取到号码【1967504】GSD，可能号码格式错误
2023-11-08 00:43:20 获取到号码【1967504】的GSD为【-】
2023-11-08 00:43:23 GSD insert 第 1 次 等待 3 秒
2023-11-08 00:43:26 {"status":"bad","gid":"581154","msg":"添加失败！号码【1967504(-|-)】已存在！"}
2023-11-08 00:43:26 随机等待 211 秒，约 3 分钟
2023-11-08 00:43:26 下次操作: 2023-11-08 00:46:57

2023-11-08 00:46:57 开始第 7612 次操作

2023-11-08 00:46:57 开始操作号码 【1967505】
2023-11-08 00:47:01 GSD getOne 第 1 次 等待 3 秒
2023-11-08 00:47:04 查询号码 【1967505】，返回信息 {"status":"ok","msg":"-","gid":"581170","time_insert":"2023-03-10 06:09"}
2023-11-08 00:47:04 查询号码 【1967505】，GSD为【"-"】
2023-11-08 00:47:04 ok && -
2023-11-08 00:47:07 CHB 1967505?1699375624 第 1 次 等待 3 秒
2023-11-08 00:47:10 CHB 1967505?1699375624 第 1 次 获取到号码【1967505】GSD
2023-11-08 00:47:10 未获取到号码【1967505】GSD，可能号码格式错误
2023-11-08 00:47:10 获取到号码【1967505】的GSD为【-】
2023-11-08 00:47:13 GSD insert 第 1 次 等待 3 秒
2023-11-08 00:47:16 {"status":"bad","gid":"581170","msg":"添加失败！号码【1967505(-|-)】已存在！"}

2023-11-08 01:09:31 开始第 7613 次操作

2023-11-08 01:09:31 开始操作号码 【1967506】
2023-11-08 01:09:34 GSD getOne 第 1 次 等待 3 秒
2023-11-08 01:09:37 查询号码 【1967506】，返回信息 {"status":"ok","msg":"-","gid":"581172","time_insert":"2023-03-10 06:11"}
2023-11-08 01:09:37 查询号码 【1967506】，GSD为【"-"】
2023-11-08 01:09:37 ok && -
2023-11-08 01:09:40 CHB 1967506?1699376977 第 1 次 等待 3 秒
2023-11-08 01:09:43 CHB 1967506?1699376977 第 1 次 获取到号码【1967506】GSD
2023-11-08 01:09:43 未获取到号码【1967506】GSD，可能号码格式错误
2023-11-08 01:09:43 获取到号码【1967506】的GSD为【-】
2023-11-08 01:09:45 GSD insert 第 1 次 等待 3 秒
2023-11-08 01:09:48 {"status":"bad","gid":"581172","msg":"添加失败！号码【1967506(-|-)】已存在！"}
2023-11-08 01:09:48 随机等待 208 秒，约 3 分钟
2023-11-08 01:09:48 下次操作: 2023-11-08 01:13:16

2023-11-08 01:13:16 开始第 7614 次操作

2023-11-08 01:13:16 开始操作号码 【1967507】
2023-11-08 01:13:19 GSD getOne 第 1 次 等待 3 秒
2023-11-08 01:13:22 查询号码 【1967507】，返回信息 {"status":"ok","msg":"-","gid":"581175","time_insert":"2023-03-10 06:13"}
2023-11-08 01:13:22 查询号码 【1967507】，GSD为【"-"】
2023-11-08 01:13:22 ok && -
2023-11-08 01:13:24 CHB 1967507?1699377202 第 1 次 等待 3 秒
2023-11-08 01:13:27 CHB 1967507?1699377202 第 1 次 获取到号码【1967507】GSD
2023-11-08 01:13:27 未获取到号码【1967507】GSD，可能号码格式错误
2023-11-08 01:13:27 获取到号码【1967507】的GSD为【-】
2023-11-08 01:13:31 GSD insert 第 1 次 等待 3 秒
2023-11-08 01:13:34 {"status":"bad","gid":"581175","msg":"添加失败！号码【1967507(-|-)】已存在！"}
2023-11-08 01:13:34 随机等待 175 秒，约 2 分钟
2023-11-08 01:13:34 下次操作: 2023-11-08 01:16:29

2023-11-08 01:16:29 开始第 7615 次操作

2023-11-08 01:16:29 开始操作号码 【1967508】
2023-11-08 01:16:31 GSD getOne 第 1 次 等待 3 秒
2023-11-08 01:16:34 查询号码 【1967508】，返回信息 {"status":"ok","msg":"-","gid":"581179","time_insert":"2023-03-10 06:15"}
2023-11-08 01:16:34 查询号码 【1967508】，GSD为【"-"】
2023-11-08 01:16:34 ok && -
2023-11-08 01:16:36 CHB 1967508?1699377394 第 1 次 等待 3 秒
2023-11-08 01:16:39 CHB 1967508?1699377394 第 1 次 获取到号码【1967508】GSD
2023-11-08 01:16:40 未获取到号码【1967508】GSD，可能号码格式错误
2023-11-08 01:16:40 获取到号码【1967508】的GSD为【-】
2023-11-08 01:16:42 GSD insert 第 1 次 等待 3 秒
2023-11-08 01:16:45 {"status":"bad","gid":"581179","msg":"添加失败！号码【1967508(-|-)】已存在！"}
2023-11-08 01:16:45 随机等待 67 秒，约 1 分钟
2023-11-08 01:16:45 下次操作: 2023-11-08 01:17:52

2023-11-08 01:17:52 开始第 7616 次操作

2023-11-08 01:17:52 开始操作号码 【1967509】
2023-11-08 01:17:55 GSD getOne 第 1 次 等待 3 秒
2023-11-08 01:17:58 查询号码 【1967509】，返回信息 {"status":"ok","msg":"-","gid":"581193","time_insert":"2023-03-10 06:27"}
2023-11-08 01:17:58 查询号码 【1967509】，GSD为【"-"】
2023-11-08 01:17:58 ok && -
2023-11-08 01:17:59 CHB 1967509?1699377478 第 1 次 等待 3 秒
2023-11-08 01:18:02 CHB 1967509?1699377478 第 1 次 获取到号码【1967509】GSD
2023-11-08 01:18:02 未获取到号码【1967509】GSD，可能号码格式错误
2023-11-08 01:18:02 获取到号码【1967509】的GSD为【-】
2023-11-08 01:18:07 GSD insert 第 1 次 等待 3 秒
2023-11-08 01:18:11 {"status":"bad","gid":"581193","msg":"添加失败！号码【1967509(-|-)】已存在！"}

