2024-05-07 00:14:18 开始第 7737 次操作

2024-05-07 00:14:18 开始操作号码 【1647631】
2024-05-07 00:14:25 GSD getOne 第 1 次 等待 3 秒
2024-05-07 00:14:28 查询号码 【1647631】，返回信息 {"status":"ok","msg":"-","gid":"670567","time_insert":"2023-04-22 10:28"}
2024-05-07 00:14:28 查询号码 【1647631】，GSD为【"-"】
2024-05-07 00:14:28 ok && -
2024-05-07 00:14:32 CHB 1647631?1715012068 第 1 次 等待 3 秒
2024-05-07 00:14:35 CHB 1647631?1715012068 第 1 次 获取到号码【1647631】GSD
2024-05-07 00:14:35 未获取到号码【1647631】GSD，可能号码格式错误
2024-05-07 00:14:35 获取到号码【1647631】的GSD为【-】
2024-05-07 00:14:41 GSD insert 第 1 次 等待 3 秒
2024-05-07 00:14:44 {"status":"bad","gid":"670567","msg":"添加失败！号码【1647631(-|-)】已存在！"}
2024-05-07 00:14:44 随机等待 141 秒，约 2 分钟
2024-05-07 00:14:44 下次操作: 2024-05-07 00:17:05

2024-05-07 00:17:05 开始第 7738 次操作

2024-05-07 00:17:05 开始操作号码 【1647632】
2024-05-07 00:17:11 GSD getOne 第 1 次 等待 3 秒
2024-05-07 00:17:14 查询号码 【1647632】，返回信息 {"status":"ok","msg":"-","gid":"670540","time_insert":"2023-04-22 10:03"}
2024-05-07 00:17:14 查询号码 【1647632】，GSD为【"-"】
2024-05-07 00:17:14 ok && -
2024-05-07 00:17:16 CHB 1647632?1715012234 第 1 次 等待 3 秒
2024-05-07 00:17:19 CHB 1647632?1715012234 第 1 次 获取到号码【1647632】GSD
2024-05-07 00:17:19 未获取到号码【1647632】GSD，可能号码格式错误
2024-05-07 00:17:19 获取到号码【1647632】的GSD为【-】
2024-05-07 00:17:28 GSD insert 第 1 次 等待 3 秒
2024-05-07 00:17:31 {"status":"bad","gid":"670540","msg":"添加失败！号码【1647632(-|-)】已存在！"}
2024-05-07 00:17:31 随机等待 67 秒，约 1 分钟
2024-05-07 00:17:31 下次操作: 2024-05-07 00:18:38

2024-05-07 00:18:38 开始第 7739 次操作

2024-05-07 00:18:38 开始操作号码 【1647633】
2024-05-07 00:18:43 GSD getOne 第 1 次 等待 3 秒
2024-05-07 00:18:46 查询号码 【1647633】，返回信息 {"status":"ok","msg":"-","gid":"670539","time_insert":"2023-04-22 09:59"}
2024-05-07 00:18:46 查询号码 【1647633】，GSD为【"-"】
2024-05-07 00:18:46 ok && -
2024-05-07 00:18:48 CHB 1647633?1715012326 第 1 次 等待 3 秒
2024-05-07 00:18:51 CHB 1647633?1715012326 第 1 次 获取到号码【1647633】GSD
2024-05-07 00:18:51 未获取到号码【1647633】GSD，可能号码格式错误
2024-05-07 00:18:51 获取到号码【1647633】的GSD为【-】
2024-05-07 00:18:56 GSD insert 第 1 次 等待 3 秒
2024-05-07 00:18:59 {"status":"bad","gid":"670539","msg":"添加失败！号码【1647633(-|-)】已存在！"}
2024-05-07 00:18:59 随机等待 153 秒，约 2 分钟
2024-05-07 00:18:59 下次操作: 2024-05-07 00:21:32

2024-05-07 00:21:32 开始第 7740 次操作

2024-05-07 00:21:32 开始操作号码 【1647634】
2024-05-07 00:21:37 GSD getOne 第 1 次 等待 3 秒
2024-05-07 00:21:40 查询号码 【1647634】，返回信息 {"status":"ok","msg":"-","gid":"670533","time_insert":"2023-04-22 09:57"}
2024-05-07 00:21:40 查询号码 【1647634】，GSD为【"-"】
2024-05-07 00:21:40 ok && -
2024-05-07 00:21:42 CHB 1647634?1715012500 第 1 次 等待 3 秒
2024-05-07 00:21:45 CHB 1647634?1715012500 第 1 次 获取到号码【1647634】GSD
2024-05-07 00:21:45 未获取到号码【1647634】GSD，可能号码格式错误
2024-05-07 00:21:45 获取到号码【1647634】的GSD为【-】
2024-05-07 00:21:50 GSD insert 第 1 次 等待 3 秒
2024-05-07 00:21:53 {"status":"bad","gid":"670533","msg":"添加失败！号码【1647634(-|-)】已存在！"}

2024-05-07 00:38:37 开始第 7741 次操作

2024-05-07 00:38:37 开始操作号码 【1647635】
2024-05-07 00:38:42 GSD getOne 第 1 次 等待 3 秒
2024-05-07 00:38:45 查询号码 【1647635】，返回信息 {"status":"ok","msg":"-","gid":"670528","time_insert":"2023-04-22 09:54"}
2024-05-07 00:38:45 查询号码 【1647635】，GSD为【"-"】
2024-05-07 00:38:45 ok && -
2024-05-07 00:38:48 CHB 1647635?1715013525 第 1 次 等待 3 秒
2024-05-07 00:38:51 CHB 1647635?1715013525 第 1 次 获取到号码【1647635】GSD
2024-05-07 00:38:51 未获取到号码【1647635】GSD，可能号码格式错误
2024-05-07 00:38:51 获取到号码【1647635】的GSD为【-】
2024-05-07 00:38:57 GSD insert 第 1 次 等待 3 秒
2024-05-07 00:39:00 {"status":"bad","gid":"670528","msg":"添加失败！号码【1647635(-|-)】已存在！"}
2024-05-07 00:39:00 随机等待 153 秒，约 2 分钟
2024-05-07 00:39:00 下次操作: 2024-05-07 00:41:33

2024-05-07 00:41:33 开始第 7742 次操作

2024-05-07 00:41:33 开始操作号码 【1647636】
2024-05-07 00:41:43 GSD getOne 第 1 次 等待 3 秒
2024-05-07 00:41:46 查询号码 【1647636】，返回信息 {"status":"ok","msg":"-","gid":"670471","time_insert":"2023-04-22 08:51"}
2024-05-07 00:41:46 查询号码 【1647636】，GSD为【"-"】
2024-05-07 00:41:46 ok && -
2024-05-07 00:41:48 CHB 1647636?1715013706 第 1 次 等待 3 秒
2024-05-07 00:41:51 CHB 1647636?1715013706 第 1 次 获取到号码【1647636】GSD
2024-05-07 00:41:51 未获取到号码【1647636】GSD，可能号码格式错误
2024-05-07 00:41:51 获取到号码【1647636】的GSD为【-】
2024-05-07 00:42:00 GSD insert 第 1 次 等待 3 秒
2024-05-07 00:42:03 {"status":"bad","gid":"670471","msg":"添加失败！号码【1647636(-|-)】已存在！"}
2024-05-07 00:42:03 随机等待 92 秒，约 1 分钟
2024-05-07 00:42:03 下次操作: 2024-05-07 00:43:35

2024-05-07 00:43:35 开始第 7743 次操作

2024-05-07 00:43:35 开始操作号码 【1647637】
2024-05-07 00:43:40 GSD getOne 第 1 次 等待 3 秒
2024-05-07 00:43:43 查询号码 【1647637】，返回信息 {"status":"ok","msg":"-","gid":"670468","time_insert":"2023-04-22 08:49"}
2024-05-07 00:43:43 查询号码 【1647637】，GSD为【"-"】
2024-05-07 00:43:43 ok && -
2024-05-07 00:43:45 CHB 1647637?1715013823 第 1 次 等待 3 秒
2024-05-07 00:43:48 CHB 1647637?1715013823 第 1 次 获取到号码【1647637】GSD
2024-05-07 00:43:48 未获取到号码【1647637】GSD，可能号码格式错误
2024-05-07 00:43:48 获取到号码【1647637】的GSD为【-】
2024-05-07 00:43:52 GSD insert 第 1 次 等待 3 秒
2024-05-07 00:43:55 {"status":"bad","gid":"670468","msg":"添加失败！号码【1647637(-|-)】已存在！"}
2024-05-07 00:43:55 随机等待 113 秒，约 1 分钟
2024-05-07 00:43:55 下次操作: 2024-05-07 00:45:48

2024-05-07 00:45:48 开始第 7744 次操作

2024-05-07 00:45:48 开始操作号码 【1647638】
2024-05-07 00:45:53 GSD getOne 第 1 次 等待 3 秒
2024-05-07 00:45:56 查询号码 【1647638】，返回信息 {"status":"ok","msg":"-","gid":"670464","time_insert":"2023-04-22 08:46"}
2024-05-07 00:45:56 查询号码 【1647638】，GSD为【"-"】
2024-05-07 00:45:56 ok && -
2024-05-07 00:45:58 CHB 1647638?1715013956 第 1 次 等待 3 秒
2024-05-07 00:46:01 CHB 1647638?1715013956 第 1 次 获取到号码【1647638】GSD
2024-05-07 00:46:01 未获取到号码【1647638】GSD，可能号码格式错误
2024-05-07 00:46:01 获取到号码【1647638】的GSD为【-】
2024-05-07 00:46:07 GSD insert 第 1 次 等待 3 秒
2024-05-07 00:46:10 {"status":"bad","gid":"670464","msg":"添加失败！号码【1647638(-|-)】已存在！"}

