2021-07-26 00:00:13 开始第 17 次操作

2021-07-26 00:00:13 开始操作号码 【1466663】
2021-07-26 00:00:35 GSD getOne 第 1 次 等待 3 秒
2021-07-26 00:00:38 查询号码 【1466663】，返回信息 {"status":"bad","msg":""}
2021-07-26 00:00:38 查询号码 【1466663】，GSD为【""】
2021-07-26 00:00:38 bad
2021-07-26 00:00:40 CHB 1466663?1627228838 第 1 次 等待 3 秒
2021-07-26 00:00:43 CHB 1466663?1627228838 第 1 次 获取到号码【1466663】GSD
2021-07-26 00:00:43 获取到号码【1466663】的GSD为【江苏-南京】
2021-07-26 00:01:06 GSD insert 第 1 次 等待 3 秒
2021-07-26 00:01:09 {"status":"ok","gid":395138,"msg":"添加成功！"}
2021-07-26 00:01:09 下次操作: 2021-07-26 00:01:28

2021-07-26 00:01:28 开始第 18 次操作

2021-07-26 00:01:28 开始操作号码 【1466662】
2021-07-26 00:01:34 GSD getOne 第 1 次 等待 3 秒
2021-07-26 00:01:37 查询号码 【1466662】，返回信息 {"status":"bad","msg":""}
2021-07-26 00:01:37 查询号码 【1466662】，GSD为【""】
2021-07-26 00:01:37 bad
2021-07-26 00:01:38 CHB 1466662?1627228897 第 1 次 等待 3 秒
2021-07-26 00:01:41 CHB 1466662?1627228897 第 1 次 获取到号码【1466662】GSD
2021-07-26 00:01:41 获取到号码【1466662】的GSD为【江苏-南京】
2021-07-26 00:02:00 GSD insert 第 1 次 等待 3 秒
2021-07-26 00:02:03 {"status":"ok","gid":395152,"msg":"添加成功！"}
2021-07-26 00:02:03 下次操作: 2021-07-26 00:02:26

2021-07-26 00:02:26 开始第 19 次操作

2021-07-26 00:02:26 开始操作号码 【1466661】
2021-07-26 00:02:32 GSD getOne 第 1 次 等待 3 秒
2021-07-26 00:02:35 查询号码 【1466661】，返回信息 {"status":"bad","msg":""}
2021-07-26 00:02:35 查询号码 【1466661】，GSD为【""】
2021-07-26 00:02:35 bad
2021-07-26 00:02:37 CHB 1466661?1627228955 第 1 次 等待 3 秒
2021-07-26 00:02:40 CHB 1466661?1627228955 第 1 次 获取到号码【1466661】GSD
2021-07-26 00:02:40 获取到号码【1466661】的GSD为【江苏-南京】
2021-07-26 00:02:58 GSD insert 第 1 次 等待 3 秒
2021-07-26 00:03:01 {"status":"ok","gid":395166,"msg":"添加成功！"}
2021-07-26 00:03:01 下次操作: 2021-07-26 00:03:20

2021-07-26 00:03:20 开始第 20 次操作

2021-07-26 00:03:20 开始操作号码 【1466660】
2021-07-26 00:03:23 GSD getOne 第 1 次 等待 3 秒
2021-07-26 00:03:26 查询号码 【1466660】，返回信息 {"status":"bad","msg":""}
2021-07-26 00:03:26 查询号码 【1466660】，GSD为【""】
2021-07-26 00:03:26 bad
2021-07-26 00:03:27 CHB 1466660?1627229006 第 1 次 等待 3 秒
2021-07-26 00:03:30 CHB 1466660?1627229006 第 1 次 获取到号码【1466660】GSD
2021-07-26 00:03:30 未获取到号码【1466660】GSD，查号吧 400 错误
2021-07-26 00:03:30 获取到号码【1466660】的GSD为【-】
2021-07-26 00:03:48 GSD insert 第 1 次 等待 3 秒
2021-07-26 00:03:51 {"status":"ok","gid":395178,"msg":"添加成功！"}
2021-07-26 00:03:51 下次操作: 2021-07-26 00:04:03

2021-07-26 00:04:03 开始第 21 次操作

2021-07-26 00:04:03 开始操作号码 【1466659】
2021-07-26 00:04:07 GSD getOne 第 1 次 等待 3 秒
2021-07-26 00:04:10 查询号码 【1466659】，返回信息 {"status":"bad","msg":""}
2021-07-26 00:04:10 查询号码 【1466659】，GSD为【""】
2021-07-26 00:04:10 bad
2021-07-26 00:04:12 CHB 1466659?1627229050 第 1 次 等待 3 秒
2021-07-26 00:04:15 CHB 1466659?1627229050 第 1 次 获取到号码【1466659】GSD
2021-07-26 00:04:15 获取到号码【1466659】的GSD为【江苏-南京】
2021-07-26 00:04:39 GSD insert 第 1 次 等待 3 秒
2021-07-26 00:04:42 {"status":"ok","gid":395192,"msg":"添加成功！"}
2021-07-26 00:04:42 下次操作: 2021-07-26 00:05:00

2021-07-26 00:05:00 开始第 22 次操作

2021-07-26 00:05:00 开始操作号码 【1466658】
2021-07-26 00:05:03 GSD getOne 第 1 次 等待 3 秒
2021-07-26 00:05:06 查询号码 【1466658】，返回信息 {"status":"bad","msg":""}
2021-07-26 00:05:06 查询号码 【1466658】，GSD为【""】
2021-07-26 00:05:06 bad
2021-07-26 00:05:08 CHB 1466658?1627229106 第 1 次 等待 3 秒
2021-07-26 00:05:11 CHB 1466658?1627229106 第 1 次 获取到号码【1466658】GSD
2021-07-26 00:05:11 获取到号码【1466658】的GSD为【江苏-南京】
2021-07-26 00:05:32 GSD insert 第 1 次 等待 3 秒
2021-07-26 00:05:35 {"status":"ok","gid":395200,"msg":"添加成功！"}
2021-07-26 00:05:35 下次操作: 2021-07-26 00:05:50

2021-07-26 00:05:51 开始第 23 次操作

2021-07-26 00:05:51 开始操作号码 【1466657】
2021-07-26 00:05:56 GSD getOne 第 1 次 等待 3 秒
2021-07-26 00:05:59 查询号码 【1466657】，返回信息 {"status":"bad","msg":""}
2021-07-26 00:05:59 查询号码 【1466657】，GSD为【""】
2021-07-26 00:05:59 bad
2021-07-26 00:06:01 CHB 1466657?1627229159 第 1 次 等待 3 秒
2021-07-26 00:06:04 CHB 1466657?1627229159 第 1 次 获取到号码【1466657】GSD
2021-07-26 00:06:04 获取到号码【1466657】的GSD为【江苏-南京】
2021-07-26 00:06:25 GSD insert 第 1 次 等待 3 秒
2021-07-26 00:06:28 {"status":"ok","gid":395217,"msg":"添加成功！"}
2021-07-26 00:06:28 下次操作: 2021-07-26 00:06:49

2021-07-26 00:06:49 开始第 24 次操作

2021-07-26 00:06:49 开始操作号码 【1466656】
2021-07-26 00:06:51 GSD getOne 第 1 次 等待 3 秒
2021-07-26 00:06:55 查询号码 【1466656】，返回信息 {"status":"bad","msg":""}
2021-07-26 00:06:55 查询号码 【1466656】，GSD为【""】
2021-07-26 00:06:55 bad
2021-07-26 00:06:56 CHB 1466656?1627229215 第 1 次 等待 3 秒
2021-07-26 00:06:59 CHB 1466656?1627229215 第 1 次 获取到号码【1466656】GSD
2021-07-26 00:06:59 获取到号码【1466656】的GSD为【江苏-南京】
2021-07-26 00:07:18 GSD insert 第 1 次 等待 3 秒
2021-07-26 00:07:21 {"status":"ok","gid":395230,"msg":"添加成功！"}
2021-07-26 00:07:21 下次操作: 2021-07-26 00:07:41

2021-07-26 00:07:41 开始第 25 次操作

2021-07-26 00:07:41 开始操作号码 【1466655】
2021-07-26 00:07:44 GSD getOne 第 1 次 等待 3 秒
2021-07-26 00:07:47 查询号码 【1466655】，返回信息 {"status":"bad","msg":""}
2021-07-26 00:07:47 查询号码 【1466655】，GSD为【""】
2021-07-26 00:07:47 bad
2021-07-26 00:07:49 CHB 1466655?1627229267 第 1 次 等待 3 秒
2021-07-26 00:07:52 CHB 1466655?1627229267 第 1 次 获取到号码【1466655】GSD
2021-07-26 00:07:52 获取到号码【1466655】的GSD为【江苏-南京】
2021-07-26 00:08:11 GSD insert 第 1 次 等待 3 秒
2021-07-26 00:08:14 {"status":"ok","gid":395241,"msg":"添加成功！"}
2021-07-26 00:08:14 下次操作: 2021-07-26 00:08:29

2021-07-26 00:08:29 开始第 26 次操作

2021-07-26 00:08:29 开始操作号码 【1466654】
2021-07-26 00:08:32 GSD getOne 第 1 次 等待 3 秒
2021-07-26 00:08:35 查询号码 【1466654】，返回信息 {"status":"bad","msg":""}
2021-07-26 00:08:35 查询号码 【1466654】，GSD为【""】
2021-07-26 00:08:35 bad
2021-07-26 00:08:36 CHB 1466654?1627229315 第 1 次 等待 3 秒
2021-07-26 00:08:39 CHB 1466654?1627229315 第 1 次 获取到号码【1466654】GSD
2021-07-26 00:08:40 获取到号码【1466654】的GSD为【江苏-南京】
2021-07-26 00:08:58 GSD insert 第 1 次 等待 3 秒
2021-07-26 00:09:01 {"status":"ok","gid":395250,"msg":"添加成功！"}
2021-07-26 00:09:01 下次操作: 2021-07-26 00:09:18

2021-07-26 00:09:18 开始第 27 次操作

2021-07-26 00:09:18 开始操作号码 【1466653】
2021-07-26 00:09:22 GSD getOne 第 1 次 等待 3 秒
2021-07-26 00:09:25 查询号码 【1466653】，返回信息 {"status":"bad","msg":""}
2021-07-26 00:09:25 查询号码 【1466653】，GSD为【""】
2021-07-26 00:09:25 bad
2021-07-26 00:09:27 CHB 1466653?1627229365 第 1 次 等待 3 秒
2021-07-26 00:09:30 CHB 1466653?1627229365 第 1 次 获取到号码【1466653】GSD
2021-07-26 00:09:30 获取到号码【1466653】的GSD为【江苏-南京】
2021-07-26 00:10:22 GSD insert 第 1 次 等待 3 秒
2021-07-26 00:10:25 {"status":"ok","gid":395259,"msg":"添加成功！"}
2021-07-26 00:10:25 下次操作: 2021-07-26 00:10:41

2021-07-26 00:10:41 开始第 28 次操作

2021-07-26 00:10:41 开始操作号码 【1466652】
2021-07-26 00:10:47 GSD getOne 第 1 次 等待 3 秒
2021-07-26 00:10:50 查询号码 【1466652】，返回信息 {"status":"bad","msg":""}
2021-07-26 00:10:50 查询号码 【1466652】，GSD为【""】
2021-07-26 00:10:50 bad
2021-07-26 00:10:52 CHB 1466652?1627229450 第 1 次 等待 3 秒
2021-07-26 00:10:55 CHB 1466652?1627229450 第 1 次 获取到号码【1466652】GSD
2021-07-26 00:10:55 获取到号码【1466652】的GSD为【江苏-南京】
2021-07-26 00:11:13 GSD insert 第 1 次 等待 3 秒
2021-07-26 00:11:16 {"status":"ok","gid":395268,"msg":"添加成功！"}
2021-07-26 00:11:16 下次操作: 2021-07-26 00:11:29

2021-07-26 00:11:29 开始第 29 次操作

2021-07-26 00:11:29 开始操作号码 【1466651】
2021-07-26 00:11:32 GSD getOne 第 1 次 等待 3 秒
2021-07-26 00:11:35 查询号码 【1466651】，返回信息 {"status":"bad","msg":""}
2021-07-26 00:11:35 查询号码 【1466651】，GSD为【""】
2021-07-26 00:11:35 bad
2021-07-26 00:11:37 CHB 1466651?1627229495 第 1 次 等待 3 秒
2021-07-26 00:11:40 CHB 1466651?1627229495 第 1 次 获取到号码【1466651】GSD
2021-07-26 00:11:40 获取到号码【1466651】的GSD为【江苏-南京】
2021-07-26 00:11:58 GSD insert 第 1 次 等待 3 秒
2021-07-26 00:12:01 {"status":"ok","gid":395280,"msg":"添加成功！"}
2021-07-26 00:12:01 下次操作: 2021-07-26 00:12:24

2021-07-26 00:12:24 开始第 30 次操作

2021-07-26 00:12:24 开始操作号码 【1466650】
2021-07-26 00:12:27 GSD getOne 第 1 次 等待 3 秒
2021-07-26 00:12:30 查询号码 【1466650】，返回信息 {"status":"bad","msg":""}
2021-07-26 00:12:30 查询号码 【1466650】，GSD为【""】
2021-07-26 00:12:30 bad
2021-07-26 00:12:32 CHB 1466650?1627229550 第 1 次 等待 3 秒
2021-07-26 00:12:35 CHB 1466650?1627229550 第 1 次 获取到号码【1466650】GSD
2021-07-26 00:12:35 获取到号码【1466650】的GSD为【江苏-南京】
2021-07-26 00:12:54 GSD insert 第 1 次 等待 3 秒
2021-07-26 00:12:57 {"status":"ok","gid":395289,"msg":"添加成功！"}
2021-07-26 00:12:57 下次操作: 2021-07-26 00:13:11

2021-07-26 00:13:11 开始第 31 次操作

2021-07-26 00:13:11 开始操作号码 【1466649】
2021-07-26 00:13:15 GSD getOne 第 1 次 等待 3 秒
2021-07-26 00:13:18 查询号码 【1466649】，返回信息 {"status":"bad","msg":""}
2021-07-26 00:13:18 查询号码 【1466649】，GSD为【""】
2021-07-26 00:13:18 bad
2021-07-26 00:13:20 CHB 1466649?1627229598 第 1 次 等待 3 秒
2021-07-26 00:13:23 CHB 1466649?1627229598 第 1 次 获取到号码【1466649】GSD
2021-07-26 00:13:23 获取到号码【1466649】的GSD为【江苏-南京】
2021-07-26 00:13:41 GSD insert 第 1 次 等待 3 秒
2021-07-26 00:13:44 {"status":"ok","gid":395301,"msg":"添加成功！"}
2021-07-26 00:13:44 下次操作: 2021-07-26 00:14:07

2021-07-26 00:14:07 开始第 32 次操作

2021-07-26 00:14:07 开始操作号码 【1466648】
2021-07-26 00:14:10 GSD getOne 第 1 次 等待 3 秒
2021-07-26 00:14:13 查询号码 【1466648】，返回信息 {"status":"bad","msg":""}
2021-07-26 00:14:13 查询号码 【1466648】，GSD为【""】
2021-07-26 00:14:13 bad
2021-07-26 00:14:15 CHB 1466648?1627229653 第 1 次 等待 3 秒
2021-07-26 00:14:18 CHB 1466648?1627229653 第 1 次 获取到号码【1466648】GSD
2021-07-26 00:14:18 获取到号码【1466648】的GSD为【江苏-南京】
2021-07-26 00:14:37 GSD insert 第 1 次 等待 3 秒
2021-07-26 00:14:40 {"status":"ok","gid":395312,"msg":"添加成功！"}
2021-07-26 00:14:40 下次操作: 2021-07-26 00:14:58

2021-07-26 00:14:58 开始第 33 次操作

2021-07-26 00:14:58 开始操作号码 【1466647】
2021-07-26 00:15:02 GSD getOne 第 1 次 等待 3 秒
2021-07-26 00:15:05 查询号码 【1466647】，返回信息 {"status":"bad","msg":""}
2021-07-26 00:15:06 查询号码 【1466647】，GSD为【""】
2021-07-26 00:15:06 bad
2021-07-26 00:15:07 CHB 1466647?1627229706 第 1 次 等待 3 秒
2021-07-26 00:15:10 CHB 1466647?1627229706 第 1 次 获取到号码【1466647】GSD
2021-07-26 00:15:10 未获取到号码【1466647】GSD，查号吧 400 错误
2021-07-26 00:15:10 获取到号码【1466647】的GSD为【-】
2021-07-26 00:15:28 GSD insert 第 1 次 等待 3 秒
2021-07-26 00:15:31 {"status":"ok","gid":395320,"msg":"添加成功！"}
2021-07-26 00:15:31 下次操作: 2021-07-26 00:15:49

2021-07-26 00:15:49 开始第 34 次操作

2021-07-26 00:15:49 开始操作号码 【1466646】
2021-07-26 00:15:52 GSD getOne 第 1 次 等待 3 秒
2021-07-26 00:15:55 查询号码 【1466646】，返回信息 {"status":"bad","msg":""}
2021-07-26 00:15:55 查询号码 【1466646】，GSD为【""】
2021-07-26 00:15:55 bad
2021-07-26 00:15:57 CHB 1466646?1627229755 第 1 次 等待 3 秒
2021-07-26 00:16:00 CHB 1466646?1627229755 第 1 次 获取到号码【1466646】GSD
2021-07-26 00:16:00 获取到号码【1466646】的GSD为【江苏-南京】
2021-07-26 00:16:19 GSD insert 第 1 次 等待 3 秒
2021-07-26 00:16:22 {"status":"ok","gid":395330,"msg":"添加成功！"}
2021-07-26 00:16:22 下次操作: 2021-07-26 00:16:40

2021-07-26 00:16:40 开始第 35 次操作

2021-07-26 00:16:40 开始操作号码 【1466645】
2021-07-26 00:16:48 GSD getOne 第 1 次 等待 3 秒
2021-07-26 00:16:51 查询号码 【1466645】，返回信息 {"status":"bad","msg":""}
2021-07-26 00:16:51 查询号码 【1466645】，GSD为【""】
2021-07-26 00:16:51 bad
2021-07-26 00:16:53 CHB 1466645?1627229811 第 1 次 等待 3 秒
2021-07-26 00:16:56 CHB 1466645?1627229811 第 1 次 获取到号码【1466645】GSD
2021-07-26 00:16:56 获取到号码【1466645】的GSD为【江苏-南京】
2021-07-26 00:17:14 GSD insert 第 1 次 等待 3 秒
2021-07-26 00:17:17 {"status":"ok","gid":395340,"msg":"添加成功！"}
2021-07-26 00:17:17 下次操作: 2021-07-26 00:17:36

2021-07-26 00:17:36 开始第 36 次操作

2021-07-26 00:17:36 开始操作号码 【1466644】
2021-07-26 00:17:40 GSD getOne 第 1 次 等待 3 秒
2021-07-26 00:17:43 查询号码 【1466644】，返回信息 {"status":"bad","msg":""}
2021-07-26 00:17:43 查询号码 【1466644】，GSD为【""】
2021-07-26 00:17:43 bad
2021-07-26 00:17:45 CHB 1466644?1627229863 第 1 次 等待 3 秒
2021-07-26 00:17:48 CHB 1466644?1627229863 第 1 次 获取到号码【1466644】GSD
2021-07-26 00:17:48 获取到号码【1466644】的GSD为【江苏-南京】
2021-07-26 00:18:09 GSD insert 第 1 次 等待 3 秒
2021-07-26 00:18:12 {"status":"ok","gid":395347,"msg":"添加成功！"}
2021-07-26 00:18:12 下次操作: 2021-07-26 00:18:31

2021-07-26 00:18:31 开始第 37 次操作

2021-07-26 00:18:31 开始操作号码 【1466643】
2021-07-26 00:18:38 GSD getOne 第 1 次 等待 3 秒
2021-07-26 00:18:41 查询号码 【1466643】，返回信息 {"status":"bad","msg":""}
2021-07-26 00:18:41 查询号码 【1466643】，GSD为【""】
2021-07-26 00:18:41 bad
2021-07-26 00:18:43 CHB 1466643?1627229921 第 1 次 等待 3 秒
2021-07-26 00:18:46 CHB 1466643?1627229921 第 1 次 获取到号码【1466643】GSD
2021-07-26 00:18:46 获取到号码【1466643】的GSD为【江苏-南京】
2021-07-26 00:19:36 GSD insert 第 1 次 等待 3 秒
2021-07-26 00:19:39 {"status":"ok","gid":395353,"msg":"添加成功！"}
2021-07-26 00:19:39 下次操作: 2021-07-26 00:19:55

2021-07-26 00:19:55 开始第 38 次操作

2021-07-26 00:19:55 开始操作号码 【1466642】
2021-07-26 00:19:58 GSD getOne 第 1 次 等待 3 秒
2021-07-26 00:20:01 查询号码 【1466642】，返回信息 {"status":"bad","msg":""}
2021-07-26 00:20:01 查询号码 【1466642】，GSD为【""】
2021-07-26 00:20:01 bad
2021-07-26 00:20:03 CHB 1466642?1627230001 第 1 次 等待 3 秒
2021-07-26 00:20:06 CHB 1466642?1627230001 第 1 次 获取到号码【1466642】GSD
2021-07-26 00:20:06 获取到号码【1466642】的GSD为【江苏-南京】
2021-07-26 00:20:30 GSD insert 第 1 次 等待 3 秒
2021-07-26 00:20:33 {"status":"ok","gid":395361,"msg":"添加成功！"}
2021-07-26 00:20:33 下次操作: 2021-07-26 00:20:57

2021-07-26 00:20:57 开始第 39 次操作

2021-07-26 00:20:57 开始操作号码 【1466641】
2021-07-26 00:21:00 GSD getOne 第 1 次 等待 3 秒
2021-07-26 00:21:03 查询号码 【1466641】，返回信息 {"status":"bad","msg":""}
2021-07-26 00:21:03 查询号码 【1466641】，GSD为【""】
2021-07-26 00:21:03 bad
2021-07-26 00:21:05 CHB 1466641?1627230063 第 1 次 等待 3 秒
2021-07-26 00:21:08 CHB 1466641?1627230063 第 1 次 获取到号码【1466641】GSD
2021-07-26 00:21:08 获取到号码【1466641】的GSD为【江苏-南京】
2021-07-26 00:21:18 GSD insert 第 1 次 等待 3 秒
2021-07-26 00:21:21 {"status":"ok","gid":395365,"msg":"添加成功！"}
2021-07-26 00:21:21 下次操作: 2021-07-26 00:21:35

2021-07-26 00:21:35 开始第 40 次操作

2021-07-26 00:21:35 开始操作号码 【1466640】
2021-07-26 00:21:39 GSD getOne 第 1 次 等待 3 秒
2021-07-26 00:21:42 查询号码 【1466640】，返回信息 {"status":"bad","msg":""}
2021-07-26 00:21:42 查询号码 【1466640】，GSD为【""】
2021-07-26 00:21:42 bad
2021-07-26 00:21:43 CHB 1466640?1627230102 第 1 次 等待 3 秒
2021-07-26 00:21:46 CHB 1466640?1627230102 第 1 次 获取到号码【1466640】GSD
2021-07-26 00:21:47 获取到号码【1466640】的GSD为【江苏-南京】
2021-07-26 00:22:07 GSD insert 第 1 次 等待 3 秒
2021-07-26 00:22:10 {"status":"ok","gid":395369,"msg":"添加成功！"}

