2024-11-23 00:27:34 开始第 6117 次操作

2024-11-23 00:27:34 开始操作号码 【1326116】
2024-11-23 00:27:35 GSD getOne 第 1 次 等待 3 秒
2024-11-23 00:27:38 查询号码 【1326116】，返回信息 {"status":"ok","msg":"北京-北京","gid":"240856","time_insert":"2021-07-10 16:37"}
2024-11-23 00:27:39 查询号码 【1326116】，GSD为【"北京-北京"】

2024-11-23 00:27:40 开始第 6118 次操作

2024-11-23 00:27:40 开始操作号码 【1326117】
2024-11-23 00:27:41 GSD getOne 第 1 次 等待 3 秒
2024-11-23 00:27:44 查询号码 【1326117】，返回信息 {"status":"ok","msg":"北京-北京","gid":"240854","time_insert":"2021-07-10 16:36"}
2024-11-23 00:27:44 查询号码 【1326117】，GSD为【"北京-北京"】

2024-11-23 00:27:46 开始第 6119 次操作

2024-11-23 00:27:46 开始操作号码 【1326118】
2024-11-23 00:27:46 GSD getOne 第 1 次 等待 3 秒
2024-11-23 00:27:49 查询号码 【1326118】，返回信息 {"status":"ok","msg":"北京-北京","gid":"240620","time_insert":"2021-07-10 15:42"}
2024-11-23 00:27:49 查询号码 【1326118】，GSD为【"北京-北京"】

2024-11-23 00:27:50 开始第 6120 次操作

2024-11-23 00:27:50 开始操作号码 【1326119】
2024-11-23 00:27:51 GSD getOne 第 1 次 等待 3 秒
2024-11-23 00:27:54 查询号码 【1326119】，返回信息 {"status":"ok","msg":"北京-北京","gid":"240613","time_insert":"2021-07-10 15:42"}
2024-11-23 00:27:54 查询号码 【1326119】，GSD为【"北京-北京"】

