2024-04-08 00:11:43 开始第 2577 次操作

2024-04-08 00:11:43 开始操作号码 【1642471】
2024-04-08 00:11:49 GSD getOne 第 1 次 等待 3 秒
2024-04-08 00:11:52 查询号码 【1642471】，返回信息 {"status":"ok","msg":"-","gid":"563966","time_insert":"2023-03-02 00:45"}
2024-04-08 00:11:52 查询号码 【1642471】，GSD为【"-"】
2024-04-08 00:11:52 ok && -
2024-04-08 00:11:54 CHB 1642471?1712506312 第 1 次 等待 3 秒
2024-04-08 00:11:57 CHB 1642471?1712506312 第 1 次 获取到号码【1642471】GSD
2024-04-08 00:11:57 未获取到号码【1642471】GSD，可能号码格式错误
2024-04-08 00:11:57 获取到号码【1642471】的GSD为【-】
2024-04-08 00:12:05 GSD insert 第 1 次 等待 3 秒
2024-04-08 00:12:08 {"status":"bad","gid":"563966","msg":"添加失败！号码【1642471(-|-)】已存在！"}
2024-04-08 00:12:08 随机等待 203 秒，约 3 分钟
2024-04-08 00:12:08 下次操作: 2024-04-08 00:15:31

2024-04-08 00:15:31 开始第 2578 次操作

2024-04-08 00:15:31 开始操作号码 【1642472】
2024-04-08 00:15:39 GSD getOne 第 1 次 等待 3 秒
2024-04-08 00:15:42 查询号码 【1642472】，返回信息 {"status":"ok","msg":"-","gid":"563984","time_insert":"2023-03-02 00:54"}
2024-04-08 00:15:42 查询号码 【1642472】，GSD为【"-"】
2024-04-08 00:15:42 ok && -
2024-04-08 00:15:44 CHB 1642472?1712506542 第 1 次 等待 3 秒
2024-04-08 00:15:47 CHB 1642472?1712506542 第 1 次 获取到号码【1642472】GSD
2024-04-08 00:15:47 未获取到号码【1642472】GSD，可能号码格式错误
2024-04-08 00:15:47 获取到号码【1642472】的GSD为【-】
2024-04-08 00:15:53 GSD insert 第 1 次 等待 3 秒
2024-04-08 00:15:56 {"status":"bad","gid":"563984","msg":"添加失败！号码【1642472(-|-)】已存在！"}
2024-04-08 00:15:56 随机等待 66 秒，约 1 分钟
2024-04-08 00:15:56 下次操作: 2024-04-08 00:17:02

2024-04-08 00:17:02 开始第 2579 次操作

2024-04-08 00:17:02 开始操作号码 【1642473】
2024-04-08 00:17:07 GSD getOne 第 1 次 等待 3 秒
2024-04-08 00:17:10 查询号码 【1642473】，返回信息 {"status":"ok","msg":"-","gid":"564010","time_insert":"2023-03-02 01:13"}
2024-04-08 00:17:10 查询号码 【1642473】，GSD为【"-"】
2024-04-08 00:17:10 ok && -
2024-04-08 00:17:13 CHB 1642473?1712506630 第 1 次 等待 3 秒
2024-04-08 00:17:16 CHB 1642473?1712506630 第 1 次 获取到号码【1642473】GSD
2024-04-08 00:17:17 未获取到号码【1642473】GSD，可能号码格式错误
2024-04-08 00:17:17 获取到号码【1642473】的GSD为【-】
2024-04-08 00:17:22 GSD insert 第 1 次 等待 3 秒
2024-04-08 00:17:25 {"status":"bad","gid":"564010","msg":"添加失败！号码【1642473(-|-)】已存在！"}
2024-04-08 00:17:25 随机等待 73 秒，约 1 分钟
2024-04-08 00:17:25 下次操作: 2024-04-08 00:18:38

2024-04-08 00:18:38 开始第 2580 次操作

2024-04-08 00:18:38 开始操作号码 【1642474】
2024-04-08 00:18:44 GSD getOne 第 1 次 等待 3 秒
2024-04-08 00:18:47 查询号码 【1642474】，返回信息 {"status":"ok","msg":"-","gid":"564039","time_insert":"2023-03-02 01:32"}
2024-04-08 00:18:47 查询号码 【1642474】，GSD为【"-"】
2024-04-08 00:18:47 ok && -
2024-04-08 00:18:49 CHB 1642474?1712506727 第 1 次 等待 3 秒
2024-04-08 00:18:52 CHB 1642474?1712506727 第 1 次 获取到号码【1642474】GSD
2024-04-08 00:18:52 未获取到号码【1642474】GSD，可能号码格式错误
2024-04-08 00:18:52 获取到号码【1642474】的GSD为【-】
2024-04-08 00:18:57 GSD insert 第 1 次 等待 3 秒
2024-04-08 00:19:00 {"status":"bad","gid":"564039","msg":"添加失败！号码【1642474(-|-)】已存在！"}

2024-04-08 00:34:30 开始第 2581 次操作

2024-04-08 00:34:30 开始操作号码 【1642475】
2024-04-08 00:34:35 GSD getOne 第 1 次 等待 3 秒
2024-04-08 00:34:38 查询号码 【1642475】，返回信息 {"status":"ok","msg":"-","gid":"564071","time_insert":"2023-03-02 01:48"}
2024-04-08 00:34:38 查询号码 【1642475】，GSD为【"-"】
2024-04-08 00:34:38 ok && -
2024-04-08 00:34:42 CHB 1642475?1712507678 第 1 次 等待 3 秒
2024-04-08 00:34:45 CHB 1642475?1712507678 第 1 次 获取到号码【1642475】GSD
2024-04-08 00:34:45 未获取到号码【1642475】GSD，可能号码格式错误
2024-04-08 00:34:45 获取到号码【1642475】的GSD为【-】
2024-04-08 00:34:51 GSD insert 第 1 次 等待 3 秒
2024-04-08 00:34:54 {"status":"bad","gid":"564071","msg":"添加失败！号码【1642475(-|-)】已存在！"}
2024-04-08 00:34:54 随机等待 80 秒，约 1 分钟
2024-04-08 00:34:54 下次操作: 2024-04-08 00:36:14

2024-04-08 00:36:14 开始第 2582 次操作

2024-04-08 00:36:14 开始操作号码 【1642476】
2024-04-08 00:36:20 GSD getOne 第 1 次 等待 3 秒
2024-04-08 00:36:23 查询号码 【1642476】，返回信息 {"status":"ok","msg":"-","gid":"564086","time_insert":"2023-03-02 01:57"}
2024-04-08 00:36:23 查询号码 【1642476】，GSD为【"-"】
2024-04-08 00:36:23 ok && -
2024-04-08 00:36:25 CHB 1642476?1712507783 第 1 次 等待 3 秒
2024-04-08 00:36:28 CHB 1642476?1712507783 第 1 次 获取到号码【1642476】GSD
2024-04-08 00:36:28 未获取到号码【1642476】GSD，可能号码格式错误
2024-04-08 00:36:28 获取到号码【1642476】的GSD为【-】
2024-04-08 00:36:33 GSD insert 第 1 次 等待 3 秒
2024-04-08 00:36:36 {"status":"bad","gid":"564086","msg":"添加失败！号码【1642476(-|-)】已存在！"}
2024-04-08 00:36:36 随机等待 79 秒，约 1 分钟
2024-04-08 00:36:36 下次操作: 2024-04-08 00:37:55

2024-04-08 00:37:55 开始第 2583 次操作

2024-04-08 00:37:55 开始操作号码 【1642477】
2024-04-08 00:38:01 GSD getOne 第 1 次 等待 3 秒
2024-04-08 00:38:04 查询号码 【1642477】，返回信息 {"status":"ok","msg":"-","gid":"564107","time_insert":"2023-03-02 02:12"}
2024-04-08 00:38:04 查询号码 【1642477】，GSD为【"-"】
2024-04-08 00:38:04 ok && -
2024-04-08 00:38:11 CHB 1642477?1712507884 第 1 次 等待 3 秒
2024-04-08 00:38:14 CHB 1642477?1712507884 第 1 次 获取到号码【1642477】GSD
2024-04-08 00:38:14 未获取到号码【1642477】GSD，可能号码格式错误
2024-04-08 00:38:14 获取到号码【1642477】的GSD为【-】
2024-04-08 00:38:19 GSD insert 第 1 次 等待 3 秒
2024-04-08 00:38:22 {"status":"bad","gid":"564107","msg":"添加失败！号码【1642477(-|-)】已存在！"}
2024-04-08 00:38:22 随机等待 210 秒，约 3 分钟
2024-04-08 00:38:22 下次操作: 2024-04-08 00:41:52

2024-04-08 00:41:52 开始第 2584 次操作

2024-04-08 00:41:52 开始操作号码 【1642478】
2024-04-08 00:42:01 GSD getOne 第 1 次 等待 3 秒
2024-04-08 00:42:04 查询号码 【1642478】，返回信息 {"status":"ok","msg":"-","gid":"564131","time_insert":"2023-03-02 02:27"}
2024-04-08 00:42:04 查询号码 【1642478】，GSD为【"-"】
2024-04-08 00:42:04 ok && -
2024-04-08 00:42:07 CHB 1642478?1712508124 第 1 次 等待 3 秒
2024-04-08 00:42:10 CHB 1642478?1712508124 第 1 次 获取到号码【1642478】GSD
2024-04-08 00:42:10 未获取到号码【1642478】GSD，可能号码格式错误
2024-04-08 00:42:10 获取到号码【1642478】的GSD为【-】
2024-04-08 00:42:15 GSD insert 第 1 次 等待 3 秒
2024-04-08 00:42:18 {"status":"bad","gid":"564131","msg":"添加失败！号码【1642478(-|-)】已存在！"}

