2023-12-14 00:13:13 开始第 3153 次操作

2023-12-14 00:13:13 开始操作号码 【1863046】
2023-12-14 00:13:17 GSD getOne 第 1 次 等待 3 秒
2023-12-14 00:13:20 查询号码 【1863046】，返回信息 {"status":"ok","msg":"河北-秦皇岛","gid":"40748","time_insert":"2020-04-18 15:51","time_update":"2020-08-18 19:27"}
2023-12-14 00:13:20 查询号码 【1863046】，GSD为【"河北-秦皇岛"】

2023-12-14 00:13:21 开始第 3154 次操作

2023-12-14 00:13:21 开始操作号码 【1863047】
2023-12-14 00:13:24 GSD getOne 第 1 次 等待 3 秒
2023-12-14 00:13:27 查询号码 【1863047】，返回信息 {"status":"ok","msg":"河北-秦皇岛","gid":"482507","time_insert":"2021-08-02 19:37"}
2023-12-14 00:13:28 查询号码 【1863047】，GSD为【"河北-秦皇岛"】

2023-12-14 00:13:29 开始第 3155 次操作

2023-12-14 00:13:29 开始操作号码 【1863048】
2023-12-14 00:13:33 GSD getOne 第 1 次 等待 3 秒
2023-12-14 00:13:36 查询号码 【1863048】，返回信息 {"status":"ok","msg":"河北-衡水","gid":"482426","time_insert":"2021-08-02 19:12"}
2023-12-14 00:13:36 查询号码 【1863048】，GSD为【"河北-衡水"】

2023-12-14 00:13:37 开始第 3156 次操作

2023-12-14 00:13:37 开始操作号码 【1863049】
2023-12-14 00:13:41 GSD getOne 第 1 次 等待 3 秒
2023-12-14 00:13:44 查询号码 【1863049】，返回信息 {"status":"ok","msg":"河北-衡水","gid":"482419","time_insert":"2021-08-02 19:11"}
2023-12-14 00:13:44 查询号码 【1863049】，GSD为【"河北-衡水"】

2023-12-14 00:38:36 开始第 3157 次操作

2023-12-14 00:38:36 开始操作号码 【1863050】
2023-12-14 00:38:40 GSD getOne 第 1 次 等待 3 秒
2023-12-14 00:38:43 查询号码 【1863050】，返回信息 {"status":"ok","msg":"河北-唐山","gid":"152392","time_insert":"2021-06-29 09:30","time_update":"2021-07-01 11:40"}
2023-12-14 00:38:43 查询号码 【1863050】，GSD为【"河北-唐山"】

2023-12-14 00:38:44 开始第 3158 次操作

2023-12-14 00:38:44 开始操作号码 【1863051】
2023-12-14 00:38:48 GSD getOne 第 1 次 等待 3 秒
2023-12-14 00:38:51 查询号码 【1863051】，返回信息 {"status":"ok","msg":"河北-唐山","gid":"482410","time_insert":"2021-08-02 19:11"}
2023-12-14 00:38:51 查询号码 【1863051】，GSD为【"河北-唐山"】

2023-12-14 00:38:52 开始第 3159 次操作

2023-12-14 00:38:52 开始操作号码 【1863052】
2023-12-14 00:38:55 GSD getOne 第 1 次 等待 3 秒
2023-12-14 00:38:58 查询号码 【1863052】，返回信息 {"status":"ok","msg":"河北-唐山","gid":"482405","time_insert":"2021-08-02 19:10"}
2023-12-14 00:38:58 查询号码 【1863052】，GSD为【"河北-唐山"】

2023-12-14 00:38:59 开始第 3160 次操作

2023-12-14 00:38:59 开始操作号码 【1863053】
2023-12-14 00:39:04 GSD getOne 第 1 次 等待 3 秒
2023-12-14 00:39:07 查询号码 【1863053】，返回信息 {"status":"ok","msg":"河北-唐山","gid":"482394","time_insert":"2021-08-02 19:09"}
2023-12-14 00:39:07 查询号码 【1863053】，GSD为【"河北-唐山"】

2023-12-14 01:10:24 开始第 3161 次操作

2023-12-14 01:10:24 开始操作号码 【1863054】
2023-12-14 01:10:28 GSD getOne 第 1 次 等待 3 秒
2023-12-14 01:10:31 查询号码 【1863054】，返回信息 {"status":"ok","msg":"河北-唐山","gid":"482385","time_insert":"2021-08-02 19:09"}
2023-12-14 01:10:31 查询号码 【1863054】，GSD为【"河北-唐山"】

2023-12-14 01:10:32 开始第 3162 次操作

2023-12-14 01:10:32 开始操作号码 【1863055】
2023-12-14 01:10:36 GSD getOne 第 1 次 等待 3 秒
2023-12-14 01:10:39 查询号码 【1863055】，返回信息 {"status":"ok","msg":"河北-唐山","gid":"482376","time_insert":"2021-08-02 19:08"}
2023-12-14 01:10:39 查询号码 【1863055】，GSD为【"河北-唐山"】

2023-12-14 01:10:40 开始第 3163 次操作

2023-12-14 01:10:40 开始操作号码 【1863056】
2023-12-14 01:10:47 GSD getOne 第 1 次 等待 3 秒
2023-12-14 01:10:50 查询号码 【1863056】，返回信息 {"status":"ok","msg":"河北-秦皇岛","gid":"482366","time_insert":"2021-08-02 19:08"}
2023-12-14 01:10:50 查询号码 【1863056】，GSD为【"河北-秦皇岛"】

2023-12-14 01:10:51 开始第 3164 次操作

2023-12-14 01:10:51 开始操作号码 【1863057】
2023-12-14 01:10:54 GSD getOne 第 1 次 等待 3 秒
2023-12-14 01:10:57 查询号码 【1863057】，返回信息 {"status":"ok","msg":"河北-秦皇岛","gid":"482358","time_insert":"2021-08-02 19:07"}
2023-12-14 01:10:57 查询号码 【1863057】，GSD为【"河北-秦皇岛"】

