2024-08-31 00:15:57 开始第 2069 次操作

2024-08-31 00:15:57 开始操作号码 【1422068】
2024-08-31 00:16:06 GSD getOne 第 1 次 等待 3 秒
2024-08-31 00:16:09 查询号码 【1422068】，返回信息 {"status":"ok","msg":"-","gid":"554884","time_insert":"2023-02-25 21:34"}
2024-08-31 00:16:09 查询号码 【1422068】，GSD为【"-"】
2024-08-31 00:16:09 ok && -
2024-08-31 00:16:14 CHB 1422068?1725034569 第 1 次 等待 3 秒
2024-08-31 00:16:17 CHB 1422068?1725034569 第 1 次 获取到号码【1422068】GSD
2024-08-31 00:16:17 未获取到号码【1422068】GSD，可能号码格式错误
2024-08-31 00:16:17 获取到号码【1422068】的GSD为【-】
2024-08-31 00:16:25 GSD insert 第 1 次 等待 3 秒
2024-08-31 00:16:28 {"status":"bad","gid":"554884","msg":"添加失败！号码【1422068(-|-)】已存在！"}
2024-08-31 00:16:28 随机等待 213 秒，约 3 分钟
2024-08-31 00:16:28 下次操作: 2024-08-31 00:20:01

2024-08-31 00:20:01 开始第 2070 次操作

2024-08-31 00:20:01 开始操作号码 【1422069】
2024-08-31 00:20:09 GSD getOne 第 1 次 等待 3 秒
2024-08-31 00:20:12 查询号码 【1422069】，返回信息 {"status":"ok","msg":"-","gid":"554902","time_insert":"2023-02-25 21:45"}
2024-08-31 00:20:12 查询号码 【1422069】，GSD为【"-"】
2024-08-31 00:20:12 ok && -
2024-08-31 00:20:14 CHB 1422069?1725034812 第 1 次 等待 3 秒
2024-08-31 00:20:17 CHB 1422069?1725034812 第 1 次 获取到号码【1422069】GSD
2024-08-31 00:20:17 未获取到号码【1422069】GSD，可能号码格式错误
2024-08-31 00:20:17 获取到号码【1422069】的GSD为【-】
2024-08-31 00:20:26 GSD insert 第 1 次 等待 3 秒
2024-08-31 00:20:29 {"status":"bad","gid":"554902","msg":"添加失败！号码【1422069(-|-)】已存在！"}
2024-08-31 00:20:29 随机等待 165 秒，约 2 分钟
2024-08-31 00:20:29 下次操作: 2024-08-31 00:23:14

2024-08-31 00:23:14 开始第 2071 次操作

2024-08-31 00:23:14 开始操作号码 【1422070】
2024-08-31 00:23:22 GSD getOne 第 1 次 等待 3 秒
2024-08-31 00:23:25 查询号码 【1422070】，返回信息 {"status":"ok","msg":"-","gid":"554932","time_insert":"2023-02-25 22:00"}
2024-08-31 00:23:25 查询号码 【1422070】，GSD为【"-"】
2024-08-31 00:23:25 ok && -
2024-08-31 00:23:27 CHB 1422070?1725035005 第 1 次 等待 3 秒
2024-08-31 00:23:30 CHB 1422070?1725035005 第 1 次 获取到号码【1422070】GSD
2024-08-31 00:23:30 未获取到号码【1422070】GSD，可能号码格式错误
2024-08-31 00:23:30 获取到号码【1422070】的GSD为【-】
2024-08-31 00:23:39 GSD insert 第 1 次 等待 3 秒
2024-08-31 00:23:42 {"status":"bad","gid":"554932","msg":"添加失败！号码【1422070(-|-)】已存在！"}
2024-08-31 00:23:42 随机等待 159 秒，约 2 分钟
2024-08-31 00:23:42 下次操作: 2024-08-31 00:26:21

2024-08-31 00:26:21 开始第 2072 次操作

2024-08-31 00:26:21 开始操作号码 【1422071】
2024-08-31 00:26:30 GSD getOne 第 1 次 等待 3 秒
2024-08-31 00:26:33 查询号码 【1422071】，返回信息 {"status":"ok","msg":"-","gid":"554952","time_insert":"2023-02-25 22:15"}
2024-08-31 00:26:33 查询号码 【1422071】，GSD为【"-"】
2024-08-31 00:26:33 ok && -
2024-08-31 00:26:36 CHB 1422071?1725035193 第 1 次 等待 3 秒
2024-08-31 00:26:39 CHB 1422071?1725035193 第 1 次 获取到号码【1422071】GSD
2024-08-31 00:26:39 未获取到号码【1422071】GSD，可能号码格式错误
2024-08-31 00:26:39 获取到号码【1422071】的GSD为【-】
2024-08-31 00:26:47 GSD insert 第 1 次 等待 3 秒
2024-08-31 00:26:50 {"status":"bad","gid":"554952","msg":"添加失败！号码【1422071(-|-)】已存在！"}

