2023-10-10 00:13:59 开始第 2509 次操作

2023-10-10 00:13:59 开始操作号码 【1962508】
2023-10-10 00:14:06 GSD getOne 第 1 次 等待 3 秒
2023-10-10 00:14:09 查询号码 【1962508】，返回信息 {"status":"ok","msg":"-","gid":"550484","time_insert":"2023-02-23 23:42"}
2023-10-10 00:14:09 查询号码 【1962508】，GSD为【"-"】
2023-10-10 00:14:09 ok && -
2023-10-10 00:14:12 CHB 1962508?1696868049 第 1 次 等待 3 秒
2023-10-10 00:14:15 CHB 1962508?1696868049 第 1 次 获取到号码【1962508】GSD
2023-10-10 00:14:15 未获取到号码【1962508】GSD，可能号码格式错误
2023-10-10 00:14:15 获取到号码【1962508】的GSD为【-】
2023-10-10 00:14:19 GSD insert 第 1 次 等待 3 秒
2023-10-10 00:14:22 {"status":"bad","gid":"550484","msg":"添加失败！号码【1962508(-|-)】已存在！"}
2023-10-10 00:14:22 随机等待 234 秒，约 3 分钟
2023-10-10 00:14:22 下次操作: 2023-10-10 00:18:16

2023-10-10 00:18:16 开始第 2510 次操作

2023-10-10 00:18:16 开始操作号码 【1962509】
2023-10-10 00:18:21 GSD getOne 第 1 次 等待 3 秒
2023-10-10 00:18:24 查询号码 【1962509】，返回信息 {"status":"ok","msg":"-","gid":"550488","time_insert":"2023-02-23 23:44"}
2023-10-10 00:18:24 查询号码 【1962509】，GSD为【"-"】
2023-10-10 00:18:24 ok && -
2023-10-10 00:18:31 CHB 1962509?1696868304 第 1 次 等待 3 秒
2023-10-10 00:18:34 CHB 1962509?1696868304 第 1 次 获取到号码【1962509】GSD
2023-10-10 00:18:34 未获取到号码【1962509】GSD，可能号码格式错误
2023-10-10 00:18:34 获取到号码【1962509】的GSD为【-】
2023-10-10 00:18:39 GSD insert 第 1 次 等待 3 秒
2023-10-10 00:18:42 {"status":"bad","gid":"550488","msg":"添加失败！号码【1962509(-|-)】已存在！"}
2023-10-10 00:18:42 随机等待 168 秒，约 2 分钟
2023-10-10 00:18:42 下次操作: 2023-10-10 00:21:30

2023-10-10 00:21:30 开始第 2511 次操作

2023-10-10 00:21:30 开始操作号码 【1962510】
2023-10-10 00:21:33 GSD getOne 第 1 次 等待 3 秒
2023-10-10 00:21:36 查询号码 【1962510】，返回信息 {"status":"ok","msg":"-","gid":"550491","time_insert":"2023-02-23 23:45"}
2023-10-10 00:21:36 查询号码 【1962510】，GSD为【"-"】
2023-10-10 00:21:36 ok && -
2023-10-10 00:21:39 CHB 1962510?1696868496 第 1 次 等待 3 秒
2023-10-10 00:21:42 CHB 1962510?1696868496 第 1 次 获取到号码【1962510】GSD
2023-10-10 00:21:42 未获取到号码【1962510】GSD，可能号码格式错误
2023-10-10 00:21:42 获取到号码【1962510】的GSD为【-】
2023-10-10 00:21:49 GSD insert 第 1 次 等待 3 秒
2023-10-10 00:21:52 {"status":"bad","gid":"550491","msg":"添加失败！号码【1962510(-|-)】已存在！"}
2023-10-10 00:21:52 随机等待 129 秒，约 2 分钟
2023-10-10 00:21:52 下次操作: 2023-10-10 00:24:01

2023-10-10 00:24:01 开始第 2512 次操作

2023-10-10 00:24:01 开始操作号码 【1962511】
2023-10-10 00:24:04 GSD getOne 第 1 次 等待 3 秒
2023-10-10 00:24:07 查询号码 【1962511】，返回信息 {"status":"ok","msg":"-","gid":"550494","time_insert":"2023-02-23 23:48"}
2023-10-10 00:24:07 查询号码 【1962511】，GSD为【"-"】
2023-10-10 00:24:07 ok && -
2023-10-10 00:24:09 CHB 1962511?1696868647 第 1 次 等待 3 秒
2023-10-10 00:24:12 CHB 1962511?1696868647 第 1 次 获取到号码【1962511】GSD
2023-10-10 00:24:12 未获取到号码【1962511】GSD，可能号码格式错误
2023-10-10 00:24:12 获取到号码【1962511】的GSD为【-】
2023-10-10 00:24:18 GSD insert 第 1 次 等待 3 秒
2023-10-10 00:24:21 {"status":"bad","gid":"550494","msg":"添加失败！号码【1962511(-|-)】已存在！"}

2023-10-10 00:37:28 开始第 2513 次操作

2023-10-10 00:37:28 开始操作号码 【1962512】
2023-10-10 00:37:43 GSD getOne 第 1 次 等待 3 秒
2023-10-10 00:37:46 查询号码 【1962512】，返回信息 {"status":"ok","msg":"-","gid":"550496","time_insert":"2023-02-23 23:50"}
2023-10-10 00:37:46 查询号码 【1962512】，GSD为【"-"】
2023-10-10 00:37:46 ok && -
2023-10-10 00:37:49 CHB 1962512?1696869466 第 1 次 等待 3 秒
2023-10-10 00:37:52 CHB 1962512?1696869466 第 1 次 获取到号码【1962512】GSD
2023-10-10 00:37:52 未获取到号码【1962512】GSD，可能号码格式错误
2023-10-10 00:37:52 获取到号码【1962512】的GSD为【-】
2023-10-10 00:37:55 GSD insert 第 1 次 等待 3 秒
2023-10-10 00:37:58 {"status":"bad","gid":"550496","msg":"添加失败！号码【1962512(-|-)】已存在！"}
2023-10-10 00:37:58 随机等待 189 秒，约 3 分钟
2023-10-10 00:37:58 下次操作: 2023-10-10 00:41:07

2023-10-10 00:41:07 开始第 2514 次操作

2023-10-10 00:41:07 开始操作号码 【1962513】
2023-10-10 00:41:13 GSD getOne 第 1 次 等待 3 秒
2023-10-10 00:41:16 查询号码 【1962513】，返回信息 {"status":"ok","msg":"-","gid":"550500","time_insert":"2023-02-23 23:52"}
2023-10-10 00:41:16 查询号码 【1962513】，GSD为【"-"】
2023-10-10 00:41:16 ok && -
2023-10-10 00:41:19 CHB 1962513?1696869676 第 1 次 等待 3 秒
2023-10-10 00:41:22 CHB 1962513?1696869676 第 1 次 获取到号码【1962513】GSD
2023-10-10 00:41:22 未获取到号码【1962513】GSD，可能号码格式错误
2023-10-10 00:41:22 获取到号码【1962513】的GSD为【-】
2023-10-10 00:41:26 GSD insert 第 1 次 等待 3 秒
2023-10-10 00:41:29 {"status":"bad","gid":"550500","msg":"添加失败！号码【1962513(-|-)】已存在！"}
2023-10-10 00:41:29 随机等待 103 秒，约 1 分钟
2023-10-10 00:41:29 下次操作: 2023-10-10 00:43:12

2023-10-10 00:43:12 开始第 2515 次操作

2023-10-10 00:43:12 开始操作号码 【1962514】
2023-10-10 00:43:15 GSD getOne 第 1 次 等待 3 秒
2023-10-10 00:43:18 查询号码 【1962514】，返回信息 {"status":"ok","msg":"-","gid":"550504","time_insert":"2023-02-23 23:53"}
2023-10-10 00:43:18 查询号码 【1962514】，GSD为【"-"】
2023-10-10 00:43:18 ok && -
2023-10-10 00:43:21 CHB 1962514?1696869798 第 1 次 等待 3 秒
2023-10-10 00:43:24 CHB 1962514?1696869798 第 1 次 获取到号码【1962514】GSD
2023-10-10 00:43:24 未获取到号码【1962514】GSD，可能号码格式错误
2023-10-10 00:43:24 获取到号码【1962514】的GSD为【-】
2023-10-10 00:43:27 GSD insert 第 1 次 等待 3 秒
2023-10-10 00:43:30 {"status":"bad","gid":"550504","msg":"添加失败！号码【1962514(-|-)】已存在！"}
2023-10-10 00:43:30 随机等待 172 秒，约 2 分钟
2023-10-10 00:43:30 下次操作: 2023-10-10 00:46:22

2023-10-10 00:46:22 开始第 2516 次操作

2023-10-10 00:46:22 开始操作号码 【1962515】
2023-10-10 00:46:25 GSD getOne 第 1 次 等待 3 秒
2023-10-10 00:46:28 查询号码 【1962515】，返回信息 {"status":"ok","msg":"-","gid":"550510","time_insert":"2023-02-23 23:55"}
2023-10-10 00:46:28 查询号码 【1962515】，GSD为【"-"】
2023-10-10 00:46:28 ok && -
2023-10-10 00:46:30 CHB 1962515?1696869988 第 1 次 等待 3 秒
2023-10-10 00:46:33 CHB 1962515?1696869988 第 1 次 获取到号码【1962515】GSD
2023-10-10 00:46:33 未获取到号码【1962515】GSD，可能号码格式错误
2023-10-10 00:46:33 获取到号码【1962515】的GSD为【-】
2023-10-10 00:46:41 GSD insert 第 1 次 等待 3 秒
2023-10-10 00:46:44 {"status":"bad","gid":"550510","msg":"添加失败！号码【1962515(-|-)】已存在！"}

2023-10-10 01:09:21 开始第 2517 次操作

2023-10-10 01:09:21 开始操作号码 【1962516】
2023-10-10 01:09:24 GSD getOne 第 1 次 等待 3 秒
2023-10-10 01:09:27 查询号码 【1962516】，返回信息 {"status":"ok","msg":"-","gid":"550515","time_insert":"2023-02-23 23:58"}
2023-10-10 01:09:27 查询号码 【1962516】，GSD为【"-"】
2023-10-10 01:09:27 ok && -
2023-10-10 01:09:29 CHB 1962516?1696871367 第 1 次 等待 3 秒
2023-10-10 01:09:32 CHB 1962516?1696871367 第 1 次 获取到号码【1962516】GSD
2023-10-10 01:09:32 未获取到号码【1962516】GSD，可能号码格式错误
2023-10-10 01:09:32 获取到号码【1962516】的GSD为【-】
2023-10-10 01:09:34 GSD insert 第 1 次 等待 3 秒
2023-10-10 01:09:37 {"status":"bad","gid":"550515","msg":"添加失败！号码【1962516(-|-)】已存在！"}
2023-10-10 01:09:37 随机等待 127 秒，约 2 分钟
2023-10-10 01:09:37 下次操作: 2023-10-10 01:11:44

2023-10-10 01:11:44 开始第 2518 次操作

2023-10-10 01:11:44 开始操作号码 【1962517】
2023-10-10 01:11:47 GSD getOne 第 1 次 等待 3 秒
2023-10-10 01:11:50 查询号码 【1962517】，返回信息 {"status":"ok","msg":"-","gid":"550521","time_insert":"2023-02-24 00:01"}
2023-10-10 01:11:50 查询号码 【1962517】，GSD为【"-"】
2023-10-10 01:11:50 ok && -
2023-10-10 01:11:52 CHB 1962517?1696871510 第 1 次 等待 3 秒
2023-10-10 01:11:55 CHB 1962517?1696871510 第 1 次 获取到号码【1962517】GSD
2023-10-10 01:11:55 未获取到号码【1962517】GSD，可能号码格式错误
2023-10-10 01:11:55 获取到号码【1962517】的GSD为【-】
2023-10-10 01:11:57 GSD insert 第 1 次 等待 3 秒
2023-10-10 01:12:00 {"status":"bad","gid":"550521","msg":"添加失败！号码【1962517(-|-)】已存在！"}
2023-10-10 01:12:00 随机等待 96 秒，约 1 分钟
2023-10-10 01:12:00 下次操作: 2023-10-10 01:13:36

2023-10-10 01:13:36 开始第 2519 次操作

2023-10-10 01:13:36 开始操作号码 【1962518】
2023-10-10 01:13:39 GSD getOne 第 1 次 等待 3 秒
2023-10-10 01:13:42 查询号码 【1962518】，返回信息 {"status":"ok","msg":"-","gid":"550536","time_insert":"2023-02-24 00:13"}
2023-10-10 01:13:42 查询号码 【1962518】，GSD为【"-"】
2023-10-10 01:13:42 ok && -
2023-10-10 01:13:43 CHB 1962518?1696871622 第 1 次 等待 3 秒
2023-10-10 01:13:46 CHB 1962518?1696871622 第 1 次 获取到号码【1962518】GSD
2023-10-10 01:13:46 未获取到号码【1962518】GSD，可能号码格式错误
2023-10-10 01:13:46 获取到号码【1962518】的GSD为【-】
2023-10-10 01:13:50 GSD insert 第 1 次 等待 3 秒
2023-10-10 01:13:53 {"status":"bad","gid":"550536","msg":"添加失败！号码【1962518(-|-)】已存在！"}
2023-10-10 01:13:53 随机等待 108 秒，约 1 分钟
2023-10-10 01:13:53 下次操作: 2023-10-10 01:15:41

2023-10-10 01:15:41 开始第 2520 次操作

2023-10-10 01:15:42 开始操作号码 【1962519】
2023-10-10 01:15:47 GSD getOne 第 1 次 等待 3 秒
2023-10-10 01:15:50 查询号码 【1962519】，返回信息 {"status":"ok","msg":"-","gid":"550538","time_insert":"2023-02-24 00:15"}
2023-10-10 01:15:50 查询号码 【1962519】，GSD为【"-"】
2023-10-10 01:15:50 ok && -
2023-10-10 01:15:51 CHB 1962519?1696871750 第 1 次 等待 3 秒
2023-10-10 01:15:54 CHB 1962519?1696871750 第 1 次 获取到号码【1962519】GSD
2023-10-10 01:15:54 未获取到号码【1962519】GSD，可能号码格式错误
2023-10-10 01:15:54 获取到号码【1962519】的GSD为【-】
2023-10-10 01:16:00 GSD insert 第 1 次 等待 3 秒
2023-10-10 01:16:03 {"status":"bad","gid":"550538","msg":"添加失败！号码【1962519(-|-)】已存在！"}

2023-10-10 01:34:24 开始第 2521 次操作

2023-10-10 01:34:24 开始操作号码 【1962520】
2023-10-10 01:34:27 GSD getOne 第 1 次 等待 3 秒
2023-10-10 01:34:30 查询号码 【1962520】，返回信息 {"status":"ok","msg":"-","gid":"550539","time_insert":"2023-02-24 00:16"}
2023-10-10 01:34:30 查询号码 【1962520】，GSD为【"-"】
2023-10-10 01:34:30 ok && -
2023-10-10 01:34:32 CHB 1962520?1696872870 第 1 次 等待 3 秒
2023-10-10 01:34:35 CHB 1962520?1696872870 第 1 次 获取到号码【1962520】GSD
2023-10-10 01:34:35 未获取到号码【1962520】GSD，可能号码格式错误
2023-10-10 01:34:35 获取到号码【1962520】的GSD为【-】
2023-10-10 01:34:38 GSD insert 第 1 次 等待 3 秒
2023-10-10 01:34:41 {"status":"bad","gid":"550539","msg":"添加失败！号码【1962520(-|-)】已存在！"}
2023-10-10 01:34:41 随机等待 116 秒，约 1 分钟
2023-10-10 01:34:41 下次操作: 2023-10-10 01:36:37

2023-10-10 01:36:37 开始第 2522 次操作

2023-10-10 01:36:37 开始操作号码 【1962521】
2023-10-10 01:36:39 GSD getOne 第 1 次 等待 3 秒
2023-10-10 01:36:42 查询号码 【1962521】，返回信息 {"status":"ok","msg":"-","gid":"550544","time_insert":"2023-02-24 00:19"}
2023-10-10 01:36:42 查询号码 【1962521】，GSD为【"-"】
2023-10-10 01:36:42 ok && -
2023-10-10 01:36:44 CHB 1962521?1696873002 第 1 次 等待 3 秒
2023-10-10 01:36:47 CHB 1962521?1696873002 第 1 次 获取到号码【1962521】GSD
2023-10-10 01:36:47 未获取到号码【1962521】GSD，可能号码格式错误
2023-10-10 01:36:47 获取到号码【1962521】的GSD为【-】
2023-10-10 01:36:49 GSD insert 第 1 次 等待 3 秒
2023-10-10 01:36:52 {"status":"bad","gid":"550544","msg":"添加失败！号码【1962521(-|-)】已存在！"}
2023-10-10 01:36:52 随机等待 86 秒，约 1 分钟
2023-10-10 01:36:52 下次操作: 2023-10-10 01:38:18

2023-10-10 01:38:18 开始第 2523 次操作

2023-10-10 01:38:18 开始操作号码 【1962522】
2023-10-10 01:38:21 GSD getOne 第 1 次 等待 3 秒
2023-10-10 01:38:24 查询号码 【1962522】，返回信息 {"status":"ok","msg":"-","gid":"550575","time_insert":"2023-02-24 00:41"}
2023-10-10 01:38:24 查询号码 【1962522】，GSD为【"-"】
2023-10-10 01:38:24 ok && -
2023-10-10 01:38:25 CHB 1962522?1696873104 第 1 次 等待 3 秒
2023-10-10 01:38:28 CHB 1962522?1696873104 第 1 次 获取到号码【1962522】GSD
2023-10-10 01:38:28 未获取到号码【1962522】GSD，可能号码格式错误
2023-10-10 01:38:28 获取到号码【1962522】的GSD为【-】
2023-10-10 01:38:31 GSD insert 第 1 次 等待 3 秒
2023-10-10 01:38:34 {"status":"bad","gid":"550575","msg":"添加失败！号码【1962522(-|-)】已存在！"}
2023-10-10 01:38:34 随机等待 99 秒，约 1 分钟
2023-10-10 01:38:34 下次操作: 2023-10-10 01:40:13

2023-10-10 01:40:13 开始第 2524 次操作

2023-10-10 01:40:13 开始操作号码 【1962523】
2023-10-10 01:40:15 GSD getOne 第 1 次 等待 3 秒
2023-10-10 01:40:18 查询号码 【1962523】，返回信息 {"status":"ok","msg":"-","gid":"550577","time_insert":"2023-02-24 00:44"}
2023-10-10 01:40:18 查询号码 【1962523】，GSD为【"-"】
2023-10-10 01:40:18 ok && -
2023-10-10 01:40:20 CHB 1962523?1696873218 第 1 次 等待 3 秒
2023-10-10 01:40:23 CHB 1962523?1696873218 第 1 次 获取到号码【1962523】GSD
2023-10-10 01:40:23 未获取到号码【1962523】GSD，可能号码格式错误
2023-10-10 01:40:23 获取到号码【1962523】的GSD为【-】
2023-10-10 01:40:28 GSD insert 第 1 次 等待 3 秒
2023-10-10 01:40:31 {"status":"bad","gid":"550577","msg":"添加失败！号码【1962523(-|-)】已存在！"}

2023-10-10 02:13:21 开始第 2525 次操作

2023-10-10 02:13:21 开始操作号码 【1962524】
2023-10-10 02:13:24 GSD getOne 第 1 次 等待 3 秒
2023-10-10 02:13:27 查询号码 【1962524】，返回信息 {"status":"ok","msg":"-","gid":"550582","time_insert":"2023-02-24 00:46"}
2023-10-10 02:13:27 查询号码 【1962524】，GSD为【"-"】
2023-10-10 02:13:27 ok && -
2023-10-10 02:13:30 CHB 1962524?1696875207 第 1 次 等待 3 秒
2023-10-10 02:13:33 CHB 1962524?1696875207 第 1 次 获取到号码【1962524】GSD
2023-10-10 02:13:33 未获取到号码【1962524】GSD，可能号码格式错误
2023-10-10 02:13:33 获取到号码【1962524】的GSD为【-】
2023-10-10 02:13:35 GSD insert 第 1 次 等待 3 秒
2023-10-10 02:13:38 {"status":"bad","gid":"550582","msg":"添加失败！号码【1962524(-|-)】已存在！"}
2023-10-10 02:13:38 随机等待 124 秒，约 2 分钟
2023-10-10 02:13:38 下次操作: 2023-10-10 02:15:42

2023-10-10 02:15:42 开始第 2526 次操作

2023-10-10 02:15:42 开始操作号码 【1962525】
2023-10-10 02:15:55 GSD getOne 第 1 次 等待 3 秒
2023-10-10 02:15:58 查询号码 【1962525】，返回信息 {"status":"ok","msg":"-","gid":"550585","time_insert":"2023-02-24 00:48"}
2023-10-10 02:15:58 查询号码 【1962525】，GSD为【"-"】
2023-10-10 02:15:58 ok && -
2023-10-10 02:16:00 CHB 1962525?1696875358 第 1 次 等待 3 秒
2023-10-10 02:16:03 CHB 1962525?1696875358 第 1 次 获取到号码【1962525】GSD
2023-10-10 02:16:03 未获取到号码【1962525】GSD，可能号码格式错误
2023-10-10 02:16:03 获取到号码【1962525】的GSD为【-】
2023-10-10 02:16:06 GSD insert 第 1 次 等待 3 秒
2023-10-10 02:16:09 {"status":"bad","gid":"550585","msg":"添加失败！号码【1962525(-|-)】已存在！"}
2023-10-10 02:16:09 随机等待 174 秒，约 2 分钟
2023-10-10 02:16:09 下次操作: 2023-10-10 02:19:03

2023-10-10 02:19:03 开始第 2527 次操作

2023-10-10 02:19:03 开始操作号码 【1962526】
2023-10-10 02:19:06 GSD getOne 第 1 次 等待 3 秒
2023-10-10 02:19:09 查询号码 【1962526】，返回信息 {"status":"ok","msg":"-","gid":"550599","time_insert":"2023-02-24 00:56"}
2023-10-10 02:19:09 查询号码 【1962526】，GSD为【"-"】
2023-10-10 02:19:09 ok && -
2023-10-10 02:19:11 CHB 1962526?1696875549 第 1 次 等待 3 秒
2023-10-10 02:19:14 CHB 1962526?1696875549 第 1 次 获取到号码【1962526】GSD
2023-10-10 02:19:14 未获取到号码【1962526】GSD，可能号码格式错误
2023-10-10 02:19:14 获取到号码【1962526】的GSD为【-】
2023-10-10 02:19:17 GSD insert 第 1 次 等待 3 秒
2023-10-10 02:19:20 {"status":"bad","gid":"550599","msg":"添加失败！号码【1962526(-|-)】已存在！"}
2023-10-10 02:19:20 随机等待 169 秒，约 2 分钟
2023-10-10 02:19:20 下次操作: 2023-10-10 02:22:09

2023-10-10 02:22:09 开始第 2528 次操作

2023-10-10 02:22:09 开始操作号码 【1962527】
2023-10-10 02:22:12 GSD getOne 第 1 次 等待 3 秒
2023-10-10 02:22:15 查询号码 【1962527】，返回信息 {"status":"ok","msg":"-","gid":"550602","time_insert":"2023-02-24 00:59"}
2023-10-10 02:22:15 查询号码 【1962527】，GSD为【"-"】
2023-10-10 02:22:15 ok && -
2023-10-10 02:22:17 CHB 1962527?1696875735 第 1 次 等待 3 秒
2023-10-10 02:22:21 CHB 1962527?1696875735 第 1 次 获取到号码【1962527】GSD
2023-10-10 02:22:21 未获取到号码【1962527】GSD，可能号码格式错误
2023-10-10 02:22:21 获取到号码【1962527】的GSD为【-】
2023-10-10 02:22:23 GSD insert 第 1 次 等待 3 秒
2023-10-10 02:22:26 {"status":"bad","gid":"550602","msg":"添加失败！号码【1962527(-|-)】已存在！"}

