2021-07-15 00:00:10 开始第 14 次操作

2021-07-15 00:00:10 开始操作号码 【1787716】
2021-07-15 00:00:12 GSD getOne 第 1 次 等待 1 秒
2021-07-15 00:00:13 查询号码 【1787716】，返回信息 {"status":"bad","msg":""}
2021-07-15 00:00:13 查询号码 【1787716】，GSD为【""】
2021-07-15 00:00:13 bad
2021-07-15 00:00:17 CHB 1787716?1626278413 第 1 次 等待 1 秒
2021-07-15 00:00:18 CHB 1787716?1626278413 第 1 次 未获取到 等待 11 秒 下次操作: 2021-07-15 00:00:29
2021-07-15 00:00:30 CHB 1787716?1626278429 第 2 次 等待 1 秒
2021-07-15 00:00:31 CHB 1787716?1626278429 第 2 次 未获取到 等待 13 秒 下次操作: 2021-07-15 00:00:44
2021-07-15 00:00:46 CHB 1787716?1626278444 第 3 次 等待 1 秒
2021-07-15 00:00:47 CHB 1787716?1626278444 第 3 次 跳过号码【1787716】
2021-07-15 00:00:47 未获取到号码【1787716】源码
2021-07-15 00:00:47 获取到号码【1787716】的GSD为【-】
2021-07-15 00:00:52 GSD insert 第 1 次 等待 1 秒
2021-07-15 00:00:53 {"status":"ok","gid":278506,"msg":"添加成功！"}
2021-07-15 00:00:53 下次操作: 2021-07-15 00:01:00

2021-07-15 00:01:00 开始第 15 次操作

2021-07-15 00:01:00 开始操作号码 【1787715】
2021-07-15 00:01:01 GSD getOne 第 1 次 等待 1 秒
2021-07-15 00:01:02 查询号码 【1787715】，返回信息 {"status":"bad","msg":""}
2021-07-15 00:01:02 查询号码 【1787715】，GSD为【""】
2021-07-15 00:01:02 bad
2021-07-15 00:01:03 CHB 1787715?1626278462 第 1 次 等待 1 秒
2021-07-15 00:01:04 CHB 1787715?1626278462 第 1 次 未获取到 等待 15 秒 下次操作: 2021-07-15 00:01:19
2021-07-15 00:01:20 CHB 1787715?1626278479 第 2 次 等待 1 秒
2021-07-15 00:01:21 CHB 1787715?1626278479 第 2 次 未获取到 等待 16 秒 下次操作: 2021-07-15 00:01:37
2021-07-15 00:01:38 CHB 1787715?1626278497 第 3 次 等待 1 秒
2021-07-15 00:01:39 CHB 1787715?1626278497 第 3 次 跳过号码【1787715】
2021-07-15 00:01:39 未获取到号码【1787715】源码
2021-07-15 00:01:39 获取到号码【1787715】的GSD为【-】
2021-07-15 00:01:44 GSD insert 第 1 次 等待 1 秒
2021-07-15 00:01:45 {"status":"ok","gid":278515,"msg":"添加成功！"}
2021-07-15 00:01:45 下次操作: 2021-07-15 00:01:54

2021-07-15 00:01:54 开始第 16 次操作

2021-07-15 00:01:54 开始操作号码 【1787714】
2021-07-15 00:01:57 GSD getOne 第 1 次 等待 1 秒
2021-07-15 00:01:58 查询号码 【1787714】，返回信息 {"status":"bad","msg":""}
2021-07-15 00:01:58 查询号码 【1787714】，GSD为【""】
2021-07-15 00:01:58 bad
2021-07-15 00:02:00 CHB 1787714?1626278518 第 1 次 等待 1 秒
2021-07-15 00:02:01 CHB 1787714?1626278518 第 1 次 未获取到 等待 14 秒 下次操作: 2021-07-15 00:02:15
2021-07-15 00:02:17 CHB 1787714?1626278535 第 2 次 等待 1 秒
2021-07-15 00:02:18 CHB 1787714?1626278535 第 2 次 未获取到 等待 7 秒 下次操作: 2021-07-15 00:02:25
2021-07-15 00:02:28 CHB 1787714?1626278545 第 3 次 等待 1 秒
2021-07-15 00:02:29 CHB 1787714?1626278545 第 3 次 跳过号码【1787714】
2021-07-15 00:02:29 未获取到号码【1787714】源码
2021-07-15 00:02:29 获取到号码【1787714】的GSD为【-】
2021-07-15 00:02:31 GSD insert 第 1 次 等待 1 秒
2021-07-15 00:02:32 {"status":"ok","gid":278524,"msg":"添加成功！"}
2021-07-15 00:02:32 下次操作: 2021-07-15 00:02:48

2021-07-15 00:02:48 开始第 17 次操作

2021-07-15 00:02:48 开始操作号码 【1787713】
2021-07-15 00:02:52 GSD getOne 第 1 次 等待 1 秒
2021-07-15 00:02:53 查询号码 【1787713】，返回信息 {"status":"bad","msg":""}
2021-07-15 00:02:53 查询号码 【1787713】，GSD为【""】
2021-07-15 00:02:53 bad
2021-07-15 00:02:58 CHB 1787713?1626278573 第 1 次 等待 1 秒
2021-07-15 00:02:59 CHB 1787713?1626278573 第 1 次 未获取到 等待 16 秒 下次操作: 2021-07-15 00:03:15
2021-07-15 00:03:16 CHB 1787713?1626278595 第 2 次 等待 1 秒
2021-07-15 00:03:17 CHB 1787713?1626278595 第 2 次 未获取到 等待 15 秒 下次操作: 2021-07-15 00:03:32
2021-07-15 00:03:33 CHB 1787713?1626278612 第 3 次 等待 1 秒
2021-07-15 00:03:34 CHB 1787713?1626278612 第 3 次 跳过号码【1787713】
2021-07-15 00:03:34 未获取到号码【1787713】源码
2021-07-15 00:03:34 获取到号码【1787713】的GSD为【-】
2021-07-15 00:03:43 GSD insert 第 1 次 等待 1 秒
2021-07-15 00:03:44 {"status":"ok","gid":278533,"msg":"添加成功！"}
2021-07-15 00:03:44 下次操作: 2021-07-15 00:03:59

2021-07-15 00:03:59 开始第 18 次操作

2021-07-15 00:03:59 开始操作号码 【1787712】
2021-07-15 00:04:03 GSD getOne 第 1 次 等待 1 秒
2021-07-15 00:04:04 查询号码 【1787712】，返回信息 {"status":"bad","msg":""}
2021-07-15 00:04:04 查询号码 【1787712】，GSD为【""】
2021-07-15 00:04:04 bad
2021-07-15 00:04:09 CHB 1787712?1626278644 第 1 次 等待 1 秒
2021-07-15 00:04:10 CHB 1787712?1626278644 第 1 次 未获取到 等待 10 秒 下次操作: 2021-07-15 00:04:20
2021-07-15 00:04:21 CHB 1787712?1626278660 第 2 次 等待 1 秒
2021-07-15 00:04:22 CHB 1787712?1626278660 第 2 次 未获取到 等待 6 秒 下次操作: 2021-07-15 00:04:28
2021-07-15 00:04:28 CHB 1787712?1626278668 第 3 次 等待 1 秒
2021-07-15 00:04:29 CHB 1787712?1626278668 第 3 次 跳过号码【1787712】
2021-07-15 00:04:29 未获取到号码【1787712】源码
2021-07-15 00:04:29 获取到号码【1787712】的GSD为【-】
2021-07-15 00:04:38 GSD insert 第 1 次 等待 1 秒
2021-07-15 00:04:39 {"status":"ok","gid":278537,"msg":"添加成功！"}
2021-07-15 00:04:39 下次操作: 2021-07-15 00:04:55

2021-07-15 00:04:55 开始第 19 次操作

2021-07-15 00:04:55 开始操作号码 【1787711】
2021-07-15 00:04:57 GSD getOne 第 1 次 等待 1 秒
2021-07-15 00:04:58 查询号码 【1787711】，返回信息 {"status":"bad","msg":""}
2021-07-15 00:04:58 查询号码 【1787711】，GSD为【""】
2021-07-15 00:04:58 bad
2021-07-15 00:04:59 CHB 1787711?1626278698 第 1 次 等待 1 秒
2021-07-15 00:05:00 CHB 1787711?1626278698 第 1 次 未获取到 等待 10 秒 下次操作: 2021-07-15 00:05:10
2021-07-15 00:05:11 CHB 1787711?1626278710 第 2 次 等待 1 秒
2021-07-15 00:05:12 CHB 1787711?1626278710 第 2 次 未获取到 等待 7 秒 下次操作: 2021-07-15 00:05:19
2021-07-15 00:05:20 CHB 1787711?1626278719 第 3 次 等待 1 秒
2021-07-15 00:05:21 CHB 1787711?1626278719 第 3 次 跳过号码【1787711】
2021-07-15 00:05:21 未获取到号码【1787711】源码
2021-07-15 00:05:21 获取到号码【1787711】的GSD为【-】
2021-07-15 00:05:24 GSD insert 第 1 次 等待 1 秒
2021-07-15 00:05:25 {"status":"ok","gid":278542,"msg":"添加成功！"}
2021-07-15 00:05:25 下次操作: 2021-07-15 00:05:36

2021-07-15 00:05:36 开始第 20 次操作

2021-07-15 00:05:36 开始操作号码 【1787710】
2021-07-15 00:05:38 GSD getOne 第 1 次 等待 1 秒
2021-07-15 00:05:39 查询号码 【1787710】，返回信息 {"status":"bad","msg":""}
2021-07-15 00:05:39 查询号码 【1787710】，GSD为【""】
2021-07-15 00:05:39 bad
2021-07-15 00:05:44 CHB 1787710?1626278739 第 1 次 等待 1 秒
2021-07-15 00:05:45 CHB 1787710?1626278739 第 1 次 未获取到 等待 10 秒 下次操作: 2021-07-15 00:05:55
2021-07-15 00:05:56 CHB 1787710?1626278755 第 2 次 等待 1 秒
2021-07-15 00:05:57 CHB 1787710?1626278755 第 2 次 未获取到 等待 12 秒 下次操作: 2021-07-15 00:06:09
2021-07-15 00:06:10 CHB 1787710?1626278769 第 3 次 等待 1 秒
2021-07-15 00:06:11 CHB 1787710?1626278769 第 3 次 跳过号码【1787710】
2021-07-15 00:06:11 未获取到号码【1787710】源码
2021-07-15 00:06:11 获取到号码【1787710】的GSD为【-】
2021-07-15 00:06:15 GSD insert 第 1 次 等待 1 秒
2021-07-15 00:06:16 {"status":"ok","gid":278545,"msg":"添加成功！"}
2021-07-15 00:06:16 下次操作: 2021-07-15 00:06:29

2021-07-15 00:06:29 开始第 21 次操作

2021-07-15 00:06:29 开始操作号码 【1787709】
2021-07-15 00:06:35 GSD getOne 第 1 次 等待 1 秒
2021-07-15 00:06:36 查询号码 【1787709】，返回信息 {"status":"ok","msg":"广西-南宁","gid":"31701","time_insert":"2017-04-24 19:50","time_update":"2020-12-17 13:48"}
2021-07-15 00:06:36 查询号码 【1787709】，GSD为【"广西-南宁"】

2021-07-15 00:06:36 开始第 21 次操作

2021-07-15 00:06:36 开始操作号码 【1787708】
2021-07-15 00:06:48 GSD getOne 第 1 次 等待 1 秒
2021-07-15 00:06:49 查询号码 【1787708】，返回信息 {"status":"bad","msg":""}
2021-07-15 00:06:49 查询号码 【1787708】，GSD为【""】
2021-07-15 00:06:49 bad
2021-07-15 00:06:50 CHB 1787708?1626278809 第 1 次 等待 1 秒
2021-07-15 00:06:51 CHB 1787708?1626278809 第 1 次 未获取到 等待 7 秒 下次操作: 2021-07-15 00:06:58
2021-07-15 00:06:59 CHB 1787708?1626278818 第 2 次 等待 1 秒
2021-07-15 00:07:00 CHB 1787708?1626278818 第 2 次 未获取到 等待 9 秒 下次操作: 2021-07-15 00:07:09
2021-07-15 00:07:11 CHB 1787708?1626278829 第 3 次 等待 1 秒
2021-07-15 00:07:12 CHB 1787708?1626278829 第 3 次 跳过号码【1787708】
2021-07-15 00:07:12 未获取到号码【1787708】源码
2021-07-15 00:07:12 获取到号码【1787708】的GSD为【-】
2021-07-15 00:07:19 GSD insert 第 1 次 等待 1 秒
2021-07-15 00:07:20 {"status":"ok","gid":278548,"msg":"添加成功！"}
2021-07-15 00:07:20 下次操作: 2021-07-15 00:07:33

2021-07-15 00:07:33 开始第 22 次操作

2021-07-15 00:07:33 开始操作号码 【1787707】
2021-07-15 00:07:34 GSD getOne 第 1 次 等待 1 秒
2021-07-15 00:07:35 查询号码 【1787707】，返回信息 {"status":"bad","msg":""}
2021-07-15 00:07:35 查询号码 【1787707】，GSD为【""】
2021-07-15 00:07:35 bad
2021-07-15 00:07:36 CHB 1787707?1626278855 第 1 次 等待 1 秒
2021-07-15 00:07:37 CHB 1787707?1626278855 第 1 次 未获取到 等待 10 秒 下次操作: 2021-07-15 00:07:47
2021-07-15 00:07:48 CHB 1787707?1626278867 第 2 次 等待 1 秒
2021-07-15 00:07:49 CHB 1787707?1626278867 第 2 次 未获取到 等待 8 秒 下次操作: 2021-07-15 00:07:57
2021-07-15 00:07:57 CHB 1787707?1626278877 第 3 次 等待 1 秒
2021-07-15 00:07:58 CHB 1787707?1626278877 第 3 次 跳过号码【1787707】
2021-07-15 00:07:58 未获取到号码【1787707】源码
2021-07-15 00:07:58 获取到号码【1787707】的GSD为【-】
2021-07-15 00:08:00 GSD insert 第 1 次 等待 1 秒
2021-07-15 00:08:01 {"status":"ok","gid":278551,"msg":"添加成功！"}
2021-07-15 00:08:01 下次操作: 2021-07-15 00:08:17

2021-07-15 00:08:17 开始第 23 次操作

2021-07-15 00:08:17 开始操作号码 【1787706】
2021-07-15 00:08:22 GSD getOne 第 1 次 等待 1 秒
2021-07-15 00:08:23 查询号码 【1787706】，返回信息 {"status":"bad","msg":""}
2021-07-15 00:08:23 查询号码 【1787706】，GSD为【""】
2021-07-15 00:08:23 bad
2021-07-15 00:08:24 CHB 1787706?1626278903 第 1 次 等待 1 秒
2021-07-15 00:08:25 CHB 1787706?1626278903 第 1 次 未获取到 等待 15 秒 下次操作: 2021-07-15 00:08:40
2021-07-15 00:08:41 CHB 1787706?1626278920 第 2 次 等待 1 秒
2021-07-15 00:08:42 CHB 1787706?1626278920 第 2 次 未获取到 等待 10 秒 下次操作: 2021-07-15 00:08:52
2021-07-15 00:08:52 CHB 1787706?1626278932 第 3 次 等待 1 秒
2021-07-15 00:08:53 CHB 1787706?1626278932 第 3 次 跳过号码【1787706】
2021-07-15 00:08:53 未获取到号码【1787706】源码
2021-07-15 00:08:53 获取到号码【1787706】的GSD为【-】
2021-07-15 00:09:01 GSD insert 第 1 次 等待 1 秒
2021-07-15 00:09:02 {"status":"ok","gid":278557,"msg":"添加成功！"}
2021-07-15 00:09:02 下次操作: 2021-07-15 00:09:16

2021-07-15 00:09:16 开始第 24 次操作

2021-07-15 00:09:16 开始操作号码 【1787705】
2021-07-15 00:09:28 GSD getOne 第 1 次 等待 1 秒
2021-07-15 00:09:29 查询号码 【1787705】，返回信息 {"status":"bad","msg":""}
2021-07-15 00:09:29 查询号码 【1787705】，GSD为【""】
2021-07-15 00:09:29 bad
2021-07-15 00:09:30 CHB 1787705?1626278969 第 1 次 等待 1 秒
2021-07-15 00:09:31 CHB 1787705?1626278969 第 1 次 未获取到 等待 9 秒 下次操作: 2021-07-15 00:09:40
2021-07-15 00:09:40 CHB 1787705?1626278980 第 2 次 等待 1 秒
2021-07-15 00:09:41 CHB 1787705?1626278980 第 2 次 未获取到 等待 13 秒 下次操作: 2021-07-15 00:09:54
2021-07-15 00:09:55 CHB 1787705?1626278994 第 3 次 等待 1 秒
2021-07-15 00:09:56 CHB 1787705?1626278994 第 3 次 跳过号码【1787705】
2021-07-15 00:09:56 未获取到号码【1787705】源码
2021-07-15 00:09:56 获取到号码【1787705】的GSD为【-】
2021-07-15 00:09:57 GSD insert 第 1 次 等待 1 秒
2021-07-15 00:09:58 {"status":"ok","gid":278559,"msg":"添加成功！"}
2021-07-15 00:09:58 下次操作: 2021-07-15 00:10:15

2021-07-15 00:10:15 开始第 25 次操作

2021-07-15 00:10:15 开始操作号码 【1787704】
2021-07-15 00:10:17 GSD getOne 第 1 次 等待 1 秒
2021-07-15 00:10:18 查询号码 【1787704】，返回信息 {"status":"bad","msg":""}
2021-07-15 00:10:18 查询号码 【1787704】，GSD为【""】
2021-07-15 00:10:18 bad
2021-07-15 00:10:19 CHB 1787704?1626279018 第 1 次 等待 1 秒
2021-07-15 00:10:20 CHB 1787704?1626279018 第 1 次 未获取到 等待 10 秒 下次操作: 2021-07-15 00:10:30
2021-07-15 00:10:31 CHB 1787704?1626279030 第 2 次 等待 1 秒
2021-07-15 00:10:32 CHB 1787704?1626279030 第 2 次 未获取到 等待 9 秒 下次操作: 2021-07-15 00:10:41
2021-07-15 00:10:41 CHB 1787704?1626279041 第 3 次 等待 1 秒
2021-07-15 00:10:42 CHB 1787704?1626279041 第 3 次 跳过号码【1787704】
2021-07-15 00:10:42 未获取到号码【1787704】源码
2021-07-15 00:10:42 获取到号码【1787704】的GSD为【-】
2021-07-15 00:10:50 GSD insert 第 1 次 等待 1 秒
2021-07-15 00:10:51 {"status":"ok","gid":278562,"msg":"添加成功！"}
2021-07-15 00:10:51 下次操作: 2021-07-15 00:11:03

2021-07-15 00:11:03 开始第 26 次操作

2021-07-15 00:11:03 开始操作号码 【1787703】
2021-07-15 00:11:10 GSD getOne 第 1 次 等待 1 秒
2021-07-15 00:11:11 查询号码 【1787703】，返回信息 {"status":"bad","msg":""}
2021-07-15 00:11:11 查询号码 【1787703】，GSD为【""】
2021-07-15 00:11:11 bad
2021-07-15 00:11:16 CHB 1787703?1626279071 第 1 次 等待 1 秒
2021-07-15 00:11:17 CHB 1787703?1626279071 第 1 次 未获取到 等待 16 秒 下次操作: 2021-07-15 00:11:33
2021-07-15 00:11:34 CHB 1787703?1626279093 第 2 次 等待 1 秒
2021-07-15 00:11:35 CHB 1787703?1626279093 第 2 次 未获取到 等待 16 秒 下次操作: 2021-07-15 00:11:51
2021-07-15 00:11:52 CHB 1787703?1626279111 第 3 次 等待 1 秒
2021-07-15 00:11:53 CHB 1787703?1626279111 第 3 次 跳过号码【1787703】
2021-07-15 00:11:53 未获取到号码【1787703】源码
2021-07-15 00:11:53 获取到号码【1787703】的GSD为【-】
2021-07-15 00:11:57 GSD insert 第 1 次 等待 1 秒
2021-07-15 00:11:58 {"status":"ok","gid":278566,"msg":"添加成功！"}
2021-07-15 00:11:58 下次操作: 2021-07-15 00:12:12

2021-07-15 00:12:12 开始第 27 次操作

2021-07-15 00:12:12 开始操作号码 【1787702】
2021-07-15 00:12:13 GSD getOne 第 1 次 等待 1 秒
2021-07-15 00:12:14 查询号码 【1787702】，返回信息 {"status":"bad","msg":""}
2021-07-15 00:12:14 查询号码 【1787702】，GSD为【""】
2021-07-15 00:12:14 bad
2021-07-15 00:12:20 CHB 1787702?1626279134 第 1 次 等待 1 秒
2021-07-15 00:12:21 CHB 1787702?1626279134 第 1 次 未获取到 等待 13 秒 下次操作: 2021-07-15 00:12:34
2021-07-15 00:12:35 CHB 1787702?1626279154 第 2 次 等待 1 秒
2021-07-15 00:12:36 CHB 1787702?1626279154 第 2 次 未获取到 等待 11 秒 下次操作: 2021-07-15 00:12:47
2021-07-15 00:12:47 CHB 1787702?1626279167 第 3 次 等待 1 秒
2021-07-15 00:12:48 CHB 1787702?1626279167 第 3 次 跳过号码【1787702】
2021-07-15 00:12:48 未获取到号码【1787702】源码
2021-07-15 00:12:48 获取到号码【1787702】的GSD为【-】
2021-07-15 00:12:53 GSD insert 第 1 次 等待 1 秒
2021-07-15 00:12:54 {"status":"ok","gid":278570,"msg":"添加成功！"}
2021-07-15 00:12:54 下次操作: 2021-07-15 00:13:01

2021-07-15 00:13:01 开始第 28 次操作

2021-07-15 00:13:01 开始操作号码 【1787701】
2021-07-15 00:13:05 GSD getOne 第 1 次 等待 1 秒
2021-07-15 00:13:06 查询号码 【1787701】，返回信息 {"status":"bad","msg":""}
2021-07-15 00:13:06 查询号码 【1787701】，GSD为【""】
2021-07-15 00:13:06 bad
2021-07-15 00:13:14 CHB 1787701?1626279186 第 1 次 等待 1 秒
2021-07-15 00:13:15 CHB 1787701?1626279186 第 1 次 未获取到 等待 16 秒 下次操作: 2021-07-15 00:13:31
2021-07-15 00:13:36 CHB 1787701?1626279211 第 2 次 等待 1 秒
2021-07-15 00:13:37 CHB 1787701?1626279211 第 2 次 未获取到 等待 8 秒 下次操作: 2021-07-15 00:13:45
2021-07-15 00:13:46 CHB 1787701?1626279225 第 3 次 等待 1 秒
2021-07-15 00:13:47 CHB 1787701?1626279225 第 3 次 跳过号码【1787701】
2021-07-15 00:13:47 未获取到号码【1787701】源码
2021-07-15 00:13:47 获取到号码【1787701】的GSD为【-】
2021-07-15 00:13:48 GSD insert 第 1 次 等待 1 秒
2021-07-15 00:13:49 {"status":"ok","gid":278576,"msg":"添加成功！"}
2021-07-15 00:13:49 下次操作: 2021-07-15 00:13:58

2021-07-15 00:13:58 开始第 29 次操作

2021-07-15 00:13:58 开始操作号码 【1787700】
2021-07-15 00:14:04 GSD getOne 第 1 次 等待 1 秒
2021-07-15 00:14:05 查询号码 【1787700】，返回信息 {"status":"bad","msg":""}
2021-07-15 00:14:05 查询号码 【1787700】，GSD为【""】
2021-07-15 00:14:05 bad
2021-07-15 00:14:06 CHB 1787700?1626279245 第 1 次 等待 1 秒
2021-07-15 00:14:07 CHB 1787700?1626279245 第 1 次 未获取到 等待 15 秒 下次操作: 2021-07-15 00:14:22
2021-07-15 00:14:23 CHB 1787700?1626279262 第 2 次 等待 1 秒
2021-07-15 00:14:24 CHB 1787700?1626279262 第 2 次 未获取到 等待 8 秒 下次操作: 2021-07-15 00:14:32
2021-07-15 00:14:33 CHB 1787700?1626279272 第 3 次 等待 1 秒
2021-07-15 00:14:34 CHB 1787700?1626279272 第 3 次 跳过号码【1787700】
2021-07-15 00:14:34 未获取到号码【1787700】源码
2021-07-15 00:14:34 获取到号码【1787700】的GSD为【-】
2021-07-15 00:14:35 GSD insert 第 1 次 等待 1 秒
2021-07-15 00:14:36 {"status":"ok","gid":278580,"msg":"添加成功！"}
2021-07-15 00:14:36 下次操作: 2021-07-15 00:14:48

2021-07-15 00:14:48 开始第 30 次操作

2021-07-15 00:14:48 开始操作号码 【1787699】
2021-07-15 00:14:52 GSD getOne 第 1 次 等待 1 秒
2021-07-15 00:14:53 查询号码 【1787699】，返回信息 {"status":"ok","msg":"广东-深圳","gid":"31700","time_insert":"2017-02-26 10:05","time_update":"2020-10-01 05:05"}
2021-07-15 00:14:54 查询号码 【1787699】，GSD为【"广东-深圳"】

2021-07-15 00:14:54 开始第 30 次操作

2021-07-15 00:14:54 开始操作号码 【1787698】
2021-07-15 00:14:59 GSD getOne 第 1 次 等待 1 秒
2021-07-15 00:15:00 查询号码 【1787698】，返回信息 {"status":"bad","msg":""}
2021-07-15 00:15:00 查询号码 【1787698】，GSD为【""】
2021-07-15 00:15:00 bad
2021-07-15 00:15:01 CHB 1787698?1626279300 第 1 次 等待 1 秒
2021-07-15 00:15:02 CHB 1787698?1626279300 第 1 次 未获取到 等待 14 秒 下次操作: 2021-07-15 00:15:16
2021-07-15 00:15:17 CHB 1787698?1626279316 第 2 次 等待 1 秒
2021-07-15 00:15:18 CHB 1787698?1626279316 第 2 次 未获取到 等待 17 秒 下次操作: 2021-07-15 00:15:35
2021-07-15 00:15:36 CHB 1787698?1626279335 第 3 次 等待 1 秒
2021-07-15 00:15:37 CHB 1787698?1626279335 第 3 次 跳过号码【1787698】
2021-07-15 00:15:37 未获取到号码【1787698】源码
2021-07-15 00:15:37 获取到号码【1787698】的GSD为【-】
2021-07-15 00:15:41 GSD insert 第 1 次 等待 1 秒
2021-07-15 00:15:42 {"status":"ok","gid":278582,"msg":"添加成功！"}

