2024-07-20 00:14:22 开始第 7077 次操作

2024-07-20 00:14:22 开始操作号码 【1536959】
2024-07-20 00:14:32 GSD getOne 第 1 次 等待 3 秒
2024-07-20 00:14:35 查询号码 【1536959】，返回信息 {"status":"ok","msg":"河北-唐山","gid":"399473","time_insert":"2021-07-26 09:43"}
2024-07-20 00:14:35 查询号码 【1536959】，GSD为【"河北-唐山"】

2024-07-20 00:14:36 开始第 7078 次操作

2024-07-20 00:14:36 开始操作号码 【1536960】
2024-07-20 00:14:45 GSD getOne 第 1 次 等待 3 秒
2024-07-20 00:14:48 查询号码 【1536960】，返回信息 {"status":"ok","msg":"河北-廊坊","gid":"399464","time_insert":"2021-07-26 09:42"}
2024-07-20 00:14:48 查询号码 【1536960】，GSD为【"河北-廊坊"】

2024-07-20 00:14:49 开始第 7079 次操作

2024-07-20 00:14:49 开始操作号码 【1536961】
2024-07-20 00:14:57 GSD getOne 第 1 次 等待 3 秒
2024-07-20 00:15:00 查询号码 【1536961】，返回信息 {"status":"ok","msg":"河北-廊坊","gid":"399157","time_insert":"2021-07-26 08:01"}
2024-07-20 00:15:00 查询号码 【1536961】，GSD为【"河北-廊坊"】

2024-07-20 00:15:01 开始第 7080 次操作

2024-07-20 00:15:01 开始操作号码 【1536962】
2024-07-20 00:15:10 GSD getOne 第 1 次 等待 3 秒
2024-07-20 00:15:13 查询号码 【1536962】，返回信息 {"status":"ok","msg":"河北-廊坊","gid":"399148","time_insert":"2021-07-26 08:00"}
2024-07-20 00:15:13 查询号码 【1536962】，GSD为【"河北-廊坊"】

2024-07-20 00:38:52 开始第 7081 次操作

2024-07-20 00:38:52 开始操作号码 【1536963】
2024-07-20 00:39:00 GSD getOne 第 1 次 等待 3 秒
2024-07-20 00:39:03 查询号码 【1536963】，返回信息 {"status":"ok","msg":"河北-廊坊","gid":"399140","time_insert":"2021-07-26 08:00"}
2024-07-20 00:39:03 查询号码 【1536963】，GSD为【"河北-廊坊"】

2024-07-20 00:39:04 开始第 7082 次操作

2024-07-20 00:39:04 开始操作号码 【1536964】
2024-07-20 00:39:12 GSD getOne 第 1 次 等待 3 秒
2024-07-20 00:39:15 查询号码 【1536964】，返回信息 {"status":"ok","msg":"河北-廊坊","gid":"399131","time_insert":"2021-07-26 07:59"}
2024-07-20 00:39:15 查询号码 【1536964】，GSD为【"河北-廊坊"】

2024-07-20 00:39:16 开始第 7083 次操作

2024-07-20 00:39:16 开始操作号码 【1536965】
2024-07-20 00:39:25 GSD getOne 第 1 次 等待 3 秒
2024-07-20 00:39:28 查询号码 【1536965】，返回信息 {"status":"ok","msg":"河北-廊坊","gid":"399124","time_insert":"2021-07-26 07:59"}
2024-07-20 00:39:28 查询号码 【1536965】，GSD为【"河北-廊坊"】

2024-07-20 00:39:29 开始第 7084 次操作

2024-07-20 00:39:29 开始操作号码 【1536966】
2024-07-20 00:39:37 GSD getOne 第 1 次 等待 3 秒
2024-07-20 00:39:40 查询号码 【1536966】，返回信息 {"status":"ok","msg":"河北-廊坊","gid":"399116","time_insert":"2021-07-26 07:58"}
2024-07-20 00:39:40 查询号码 【1536966】，GSD为【"河北-廊坊"】

2024-07-20 01:11:55 开始第 7085 次操作

2024-07-20 01:11:55 开始操作号码 【1536967】
2024-07-20 01:12:03 GSD getOne 第 1 次 等待 3 秒
2024-07-20 01:12:06 查询号码 【1536967】，返回信息 {"status":"ok","msg":"河北-廊坊","gid":"399110","time_insert":"2021-07-26 07:58"}
2024-07-20 01:12:06 查询号码 【1536967】，GSD为【"河北-廊坊"】

2024-07-20 01:12:07 开始第 7086 次操作

2024-07-20 01:12:07 开始操作号码 【1536968】
2024-07-20 01:12:15 GSD getOne 第 1 次 等待 3 秒
2024-07-20 01:12:18 查询号码 【1536968】，返回信息 {"status":"ok","msg":"河北-秦皇岛","gid":"399101","time_insert":"2021-07-26 07:57"}
2024-07-20 01:12:18 查询号码 【1536968】，GSD为【"河北-秦皇岛"】

2024-07-20 01:12:19 开始第 7087 次操作

2024-07-20 01:12:19 开始操作号码 【1536969】
2024-07-20 01:12:27 GSD getOne 第 1 次 等待 3 秒
2024-07-20 01:12:30 查询号码 【1536969】，返回信息 {"status":"ok","msg":"河北-秦皇岛","gid":"399091","time_insert":"2021-07-26 07:57"}
2024-07-20 01:12:30 查询号码 【1536969】，GSD为【"河北-秦皇岛"】

2024-07-20 01:12:31 开始第 7088 次操作

2024-07-20 01:12:31 开始操作号码 【1536970】
2024-07-20 01:12:39 GSD getOne 第 1 次 等待 3 秒
2024-07-20 01:12:42 查询号码 【1536970】，返回信息 {"status":"ok","msg":"河北-秦皇岛","gid":"399080","time_insert":"2021-07-26 07:56"}
2024-07-20 01:12:42 查询号码 【1536970】，GSD为【"河北-秦皇岛"】

2024-07-20 01:36:15 开始第 7089 次操作

2024-07-20 01:36:15 开始操作号码 【1536971】
2024-07-20 01:36:23 GSD getOne 第 1 次 等待 3 秒
2024-07-20 01:36:26 查询号码 【1536971】，返回信息 {"status":"ok","msg":"河北-秦皇岛","gid":"399072","time_insert":"2021-07-26 07:55"}
2024-07-20 01:36:26 查询号码 【1536971】，GSD为【"河北-秦皇岛"】

2024-07-20 01:36:27 开始第 7090 次操作

2024-07-20 01:36:27 开始操作号码 【1536972】
2024-07-20 01:36:34 GSD getOne 第 1 次 等待 3 秒
2024-07-20 01:36:37 查询号码 【1536972】，返回信息 {"status":"ok","msg":"河北-秦皇岛","gid":"399063","time_insert":"2021-07-26 07:55"}
2024-07-20 01:36:37 查询号码 【1536972】，GSD为【"河北-秦皇岛"】

2024-07-20 01:36:38 开始第 7091 次操作

2024-07-20 01:36:38 开始操作号码 【1536973】
2024-07-20 01:36:46 GSD getOne 第 1 次 等待 3 秒
2024-07-20 01:36:49 查询号码 【1536973】，返回信息 {"status":"ok","msg":"河北-秦皇岛","gid":"399054","time_insert":"2021-07-26 07:54"}
2024-07-20 01:36:49 查询号码 【1536973】，GSD为【"河北-秦皇岛"】

2024-07-20 01:36:50 开始第 7092 次操作

2024-07-20 01:36:50 开始操作号码 【1536974】
2024-07-20 01:36:58 GSD getOne 第 1 次 等待 3 秒
2024-07-20 01:37:01 查询号码 【1536974】，返回信息 {"status":"ok","msg":"河北-秦皇岛","gid":"399047","time_insert":"2021-07-26 07:54"}
2024-07-20 01:37:01 查询号码 【1536974】，GSD为【"河北-秦皇岛"】

2024-07-20 02:15:52 开始第 7093 次操作

2024-07-20 02:15:52 开始操作号码 【1536975】
2024-07-20 02:16:00 GSD getOne 第 1 次 等待 3 秒
2024-07-20 02:16:03 查询号码 【1536975】，返回信息 {"status":"ok","msg":"河北-沧州","gid":"399039","time_insert":"2021-07-26 07:53"}
2024-07-20 02:16:03 查询号码 【1536975】，GSD为【"河北-沧州"】

2024-07-20 02:16:04 开始第 7094 次操作

2024-07-20 02:16:04 开始操作号码 【1536976】
2024-07-20 02:16:11 GSD getOne 第 1 次 等待 3 秒
2024-07-20 02:16:14 查询号码 【1536976】，返回信息 {"status":"ok","msg":"河北-沧州","gid":"399030","time_insert":"2021-07-26 07:52"}
2024-07-20 02:16:15 查询号码 【1536976】，GSD为【"河北-沧州"】

2024-07-20 02:16:16 开始第 7095 次操作

2024-07-20 02:16:16 开始操作号码 【1536977】
2024-07-20 02:16:23 GSD getOne 第 1 次 等待 3 秒
2024-07-20 02:16:26 查询号码 【1536977】，返回信息 {"status":"ok","msg":"河北-沧州","gid":"399022","time_insert":"2021-07-26 07:52"}
2024-07-20 02:16:26 查询号码 【1536977】，GSD为【"河北-沧州"】

2024-07-20 02:16:27 开始第 7096 次操作

2024-07-20 02:16:27 开始操作号码 【1536978】
2024-07-20 02:16:35 GSD getOne 第 1 次 等待 3 秒
2024-07-20 02:16:38 查询号码 【1536978】，返回信息 {"status":"ok","msg":"河北-沧州","gid":"399013","time_insert":"2021-07-26 07:51"}
2024-07-20 02:16:38 查询号码 【1536978】，GSD为【"河北-沧州"】

