2024-03-30 00:12:14 开始第 925 次操作

2024-03-30 00:12:14 开始操作号码 【1640819】
2024-03-30 00:12:19 GSD getOne 第 1 次 等待 3 秒
2024-03-30 00:12:22 查询号码 【1640819】，返回信息 {"status":"ok","msg":"-","gid":"530471","time_insert":"2023-02-14 10:56"}
2024-03-30 00:12:22 查询号码 【1640819】，GSD为【"-"】
2024-03-30 00:12:22 ok && -
2024-03-30 00:12:29 CHB 1640819?1711728742 第 1 次 等待 3 秒
2024-03-30 00:12:32 CHB 1640819?1711728742 第 1 次 获取到号码【1640819】GSD
2024-03-30 00:12:32 未获取到号码【1640819】GSD，可能号码格式错误
2024-03-30 00:12:32 获取到号码【1640819】的GSD为【-】
2024-03-30 00:12:39 GSD insert 第 1 次 等待 3 秒
2024-03-30 00:12:42 {"status":"bad","gid":"530471","msg":"添加失败！号码【1640819(-|-)】已存在！"}
2024-03-30 00:12:42 随机等待 109 秒，约 1 分钟
2024-03-30 00:12:42 下次操作: 2024-03-30 00:14:31

2024-03-30 00:14:31 开始第 926 次操作

2024-03-30 00:14:31 开始操作号码 【1640820】
2024-03-30 00:14:37 GSD getOne 第 1 次 等待 3 秒
2024-03-30 00:14:40 查询号码 【1640820】，返回信息 {"status":"ok","msg":"-","gid":"530480","time_insert":"2023-02-14 11:06"}
2024-03-30 00:14:40 查询号码 【1640820】，GSD为【"-"】
2024-03-30 00:14:40 ok && -
2024-03-30 00:14:43 CHB 1640820?1711728880 第 1 次 等待 3 秒
2024-03-30 00:14:46 CHB 1640820?1711728880 第 1 次 获取到号码【1640820】GSD
2024-03-30 00:14:46 未获取到号码【1640820】GSD，可能号码格式错误
2024-03-30 00:14:46 获取到号码【1640820】的GSD为【-】
2024-03-30 00:14:52 GSD insert 第 1 次 等待 3 秒
2024-03-30 00:14:55 {"status":"bad","gid":"530480","msg":"添加失败！号码【1640820(-|-)】已存在！"}
2024-03-30 00:14:55 随机等待 103 秒，约 1 分钟
2024-03-30 00:14:55 下次操作: 2024-03-30 00:16:38

2024-03-30 00:16:38 开始第 927 次操作

2024-03-30 00:16:38 开始操作号码 【1640821】
2024-03-30 00:16:44 GSD getOne 第 1 次 等待 3 秒
2024-03-30 00:16:47 查询号码 【1640821】，返回信息 {"status":"ok","msg":"-","gid":"530493","time_insert":"2023-02-14 11:15"}
2024-03-30 00:16:47 查询号码 【1640821】，GSD为【"-"】
2024-03-30 00:16:47 ok && -
2024-03-30 00:16:53 CHB 1640821?1711729007 第 1 次 等待 3 秒
2024-03-30 00:16:56 CHB 1640821?1711729007 第 1 次 获取到号码【1640821】GSD
2024-03-30 00:16:56 未获取到号码【1640821】GSD，可能号码格式错误
2024-03-30 00:16:56 获取到号码【1640821】的GSD为【-】
2024-03-30 00:17:05 GSD insert 第 1 次 等待 3 秒
2024-03-30 00:17:08 {"status":"bad","gid":"530493","msg":"添加失败！号码【1640821(-|-)】已存在！"}
2024-03-30 00:17:08 随机等待 190 秒，约 3 分钟
2024-03-30 00:17:08 下次操作: 2024-03-30 00:20:18

2024-03-30 00:20:18 开始第 928 次操作

2024-03-30 00:20:18 开始操作号码 【1640822】
2024-03-30 00:20:25 GSD getOne 第 1 次 等待 3 秒
2024-03-30 00:20:28 查询号码 【1640822】，返回信息 {"status":"ok","msg":"-","gid":"530505","time_insert":"2023-02-14 11:28"}
2024-03-30 00:20:28 查询号码 【1640822】，GSD为【"-"】
2024-03-30 00:20:28 ok && -
2024-03-30 00:20:30 CHB 1640822?1711729228 第 1 次 等待 3 秒
2024-03-30 00:20:33 CHB 1640822?1711729228 第 1 次 获取到号码【1640822】GSD
2024-03-30 00:20:33 未获取到号码【1640822】GSD，可能号码格式错误
2024-03-30 00:20:33 获取到号码【1640822】的GSD为【-】
2024-03-30 00:20:40 GSD insert 第 1 次 等待 3 秒
2024-03-30 00:20:43 {"status":"bad","gid":"530505","msg":"添加失败！号码【1640822(-|-)】已存在！"}

2024-03-30 00:36:05 开始第 929 次操作

2024-03-30 00:36:05 开始操作号码 【1640823】
2024-03-30 00:36:10 GSD getOne 第 1 次 等待 3 秒
2024-03-30 00:36:13 查询号码 【1640823】，返回信息 {"status":"ok","msg":"-","gid":"530521","time_insert":"2023-02-14 11:41"}
2024-03-30 00:36:13 查询号码 【1640823】，GSD为【"-"】
2024-03-30 00:36:13 ok && -
2024-03-30 00:36:15 CHB 1640823?1711730173 第 1 次 等待 3 秒
2024-03-30 00:36:18 CHB 1640823?1711730173 第 1 次 获取到号码【1640823】GSD
2024-03-30 00:36:18 未获取到号码【1640823】GSD，可能号码格式错误
2024-03-30 00:36:18 获取到号码【1640823】的GSD为【-】
2024-03-30 00:36:23 GSD insert 第 1 次 等待 3 秒
2024-03-30 00:36:26 {"status":"bad","gid":"530521","msg":"添加失败！号码【1640823(-|-)】已存在！"}
2024-03-30 00:36:26 随机等待 72 秒，约 1 分钟
2024-03-30 00:36:26 下次操作: 2024-03-30 00:37:38

2024-03-30 00:37:38 开始第 930 次操作

2024-03-30 00:37:38 开始操作号码 【1640824】
2024-03-30 00:37:45 GSD getOne 第 1 次 等待 3 秒
2024-03-30 00:37:48 查询号码 【1640824】，返回信息 {"status":"ok","msg":"-","gid":"530537","time_insert":"2023-02-14 11:53"}
2024-03-30 00:37:48 查询号码 【1640824】，GSD为【"-"】
2024-03-30 00:37:48 ok && -
2024-03-30 00:37:51 CHB 1640824?1711730268 第 1 次 等待 3 秒
2024-03-30 00:37:54 CHB 1640824?1711730268 第 1 次 获取到号码【1640824】GSD
2024-03-30 00:37:54 未获取到号码【1640824】GSD，可能号码格式错误
2024-03-30 00:37:54 获取到号码【1640824】的GSD为【-】
2024-03-30 00:37:58 GSD insert 第 1 次 等待 3 秒
2024-03-30 00:38:01 {"status":"bad","gid":"530537","msg":"添加失败！号码【1640824(-|-)】已存在！"}
2024-03-30 00:38:01 随机等待 104 秒，约 1 分钟
2024-03-30 00:38:01 下次操作: 2024-03-30 00:39:45

2024-03-30 00:39:45 开始第 931 次操作

2024-03-30 00:39:45 开始操作号码 【1640825】
2024-03-30 00:39:50 GSD getOne 第 1 次 等待 3 秒
2024-03-30 00:39:53 查询号码 【1640825】，返回信息 {"status":"ok","msg":"-","gid":"530548","time_insert":"2023-02-14 12:03"}
2024-03-30 00:39:53 查询号码 【1640825】，GSD为【"-"】
2024-03-30 00:39:53 ok && -
2024-03-30 00:39:56 CHB 1640825?1711730393 第 1 次 等待 3 秒
2024-03-30 00:39:59 CHB 1640825?1711730393 第 1 次 获取到号码【1640825】GSD
2024-03-30 00:39:59 未获取到号码【1640825】GSD，可能号码格式错误
2024-03-30 00:39:59 获取到号码【1640825】的GSD为【-】
2024-03-30 00:40:07 GSD insert 第 1 次 等待 3 秒
2024-03-30 00:40:10 {"status":"bad","gid":"530548","msg":"添加失败！号码【1640825(-|-)】已存在！"}
2024-03-30 00:40:10 随机等待 83 秒，约 1 分钟
2024-03-30 00:40:10 下次操作: 2024-03-30 00:41:33

2024-03-30 00:41:33 开始第 932 次操作

2024-03-30 00:41:33 开始操作号码 【1640826】
2024-03-30 00:41:39 GSD getOne 第 1 次 等待 3 秒
2024-03-30 00:41:42 查询号码 【1640826】，返回信息 {"status":"ok","msg":"-","gid":"530558","time_insert":"2023-02-14 12:12"}
2024-03-30 00:41:42 查询号码 【1640826】，GSD为【"-"】
2024-03-30 00:41:42 ok && -
2024-03-30 00:41:44 CHB 1640826?1711730502 第 1 次 等待 3 秒
2024-03-30 00:41:47 CHB 1640826?1711730502 第 1 次 获取到号码【1640826】GSD
2024-03-30 00:41:47 未获取到号码【1640826】GSD，可能号码格式错误
2024-03-30 00:41:47 获取到号码【1640826】的GSD为【-】
2024-03-30 00:41:53 GSD insert 第 1 次 等待 3 秒
2024-03-30 00:41:56 {"status":"bad","gid":"530558","msg":"添加失败！号码【1640826(-|-)】已存在！"}

2024-03-30 01:09:57 开始第 933 次操作

2024-03-30 01:09:57 开始操作号码 【1640827】
2024-03-30 01:10:02 GSD getOne 第 1 次 等待 3 秒
2024-03-30 01:10:05 查询号码 【1640827】，返回信息 {"status":"ok","msg":"-","gid":"530568","time_insert":"2023-02-14 12:22"}
2024-03-30 01:10:05 查询号码 【1640827】，GSD为【"-"】
2024-03-30 01:10:05 ok && -
2024-03-30 01:10:07 CHB 1640827?1711732205 第 1 次 等待 3 秒
2024-03-30 01:10:10 CHB 1640827?1711732205 第 1 次 获取到号码【1640827】GSD
2024-03-30 01:10:10 未获取到号码【1640827】GSD，可能号码格式错误
2024-03-30 01:10:10 获取到号码【1640827】的GSD为【-】
2024-03-30 01:10:14 GSD insert 第 1 次 等待 3 秒
2024-03-30 01:10:17 {"status":"bad","gid":"530568","msg":"添加失败！号码【1640827(-|-)】已存在！"}
2024-03-30 01:10:17 随机等待 127 秒，约 2 分钟
2024-03-30 01:10:17 下次操作: 2024-03-30 01:12:24

2024-03-30 01:12:24 开始第 934 次操作

2024-03-30 01:12:24 开始操作号码 【1640828】
2024-03-30 01:12:29 GSD getOne 第 1 次 等待 3 秒
2024-03-30 01:12:32 查询号码 【1640828】，返回信息 {"status":"ok","msg":"-","gid":"530580","time_insert":"2023-02-14 12:33"}
2024-03-30 01:12:32 查询号码 【1640828】，GSD为【"-"】
2024-03-30 01:12:32 ok && -
2024-03-30 01:12:34 CHB 1640828?1711732352 第 1 次 等待 3 秒
2024-03-30 01:12:37 CHB 1640828?1711732352 第 1 次 获取到号码【1640828】GSD
2024-03-30 01:12:38 未获取到号码【1640828】GSD，可能号码格式错误
2024-03-30 01:12:38 获取到号码【1640828】的GSD为【-】
2024-03-30 01:12:42 GSD insert 第 1 次 等待 3 秒
2024-03-30 01:12:45 {"status":"bad","gid":"530580","msg":"添加失败！号码【1640828(-|-)】已存在！"}
2024-03-30 01:12:45 随机等待 200 秒，约 3 分钟
2024-03-30 01:12:45 下次操作: 2024-03-30 01:16:05

2024-03-30 01:16:05 开始第 935 次操作

2024-03-30 01:16:05 开始操作号码 【1640829】
2024-03-30 01:16:09 GSD getOne 第 1 次 等待 3 秒
2024-03-30 01:16:12 查询号码 【1640829】，返回信息 {"status":"ok","msg":"-","gid":"530591","time_insert":"2023-02-14 12:43"}
2024-03-30 01:16:12 查询号码 【1640829】，GSD为【"-"】
2024-03-30 01:16:12 ok && -
2024-03-30 01:16:15 CHB 1640829?1711732572 第 1 次 等待 3 秒
2024-03-30 01:16:18 CHB 1640829?1711732572 第 1 次 获取到号码【1640829】GSD
2024-03-30 01:16:18 未获取到号码【1640829】GSD，可能号码格式错误
2024-03-30 01:16:18 获取到号码【1640829】的GSD为【-】
2024-03-30 01:16:22 GSD insert 第 1 次 等待 3 秒
2024-03-30 01:16:25 {"status":"bad","gid":"530591","msg":"添加失败！号码【1640829(-|-)】已存在！"}
2024-03-30 01:16:25 随机等待 188 秒，约 3 分钟
2024-03-30 01:16:25 下次操作: 2024-03-30 01:19:33

2024-03-30 01:19:33 开始第 936 次操作

2024-03-30 01:19:33 开始操作号码 【1640830】
2024-03-30 01:19:37 GSD getOne 第 1 次 等待 3 秒
2024-03-30 01:19:40 查询号码 【1640830】，返回信息 {"status":"ok","msg":"-","gid":"530602","time_insert":"2023-02-14 12:52"}
2024-03-30 01:19:41 查询号码 【1640830】，GSD为【"-"】
2024-03-30 01:19:41 ok && -
2024-03-30 01:19:42 CHB 1640830?1711732781 第 1 次 等待 3 秒
2024-03-30 01:19:45 CHB 1640830?1711732781 第 1 次 获取到号码【1640830】GSD
2024-03-30 01:19:45 未获取到号码【1640830】GSD，可能号码格式错误
2024-03-30 01:19:45 获取到号码【1640830】的GSD为【-】
2024-03-30 01:19:50 GSD insert 第 1 次 等待 3 秒
2024-03-30 01:19:54 {"status":"bad","gid":"530602","msg":"添加失败！号码【1640830(-|-)】已存在！"}

