2024-07-04 00:17:25 开始第 4201 次操作

2024-07-04 00:17:25 开始操作号码 【1534083】
2024-07-04 00:17:34 GSD getOne 第 1 次 等待 3 秒
2024-07-04 00:17:37 查询号码 【1534083】，返回信息 {"status":"ok","msg":"山西-长治","gid":"412707","time_insert":"2021-07-27 12:11"}
2024-07-04 00:17:37 查询号码 【1534083】，GSD为【"山西-长治"】

2024-07-04 00:17:38 开始第 4202 次操作

2024-07-04 00:17:38 开始操作号码 【1534084】
2024-07-04 00:17:48 GSD getOne 第 1 次 等待 3 秒
2024-07-04 00:17:51 查询号码 【1534084】，返回信息 {"status":"ok","msg":"山西-长治","gid":"412774","time_insert":"2021-07-27 12:30"}
2024-07-04 00:17:51 查询号码 【1534084】，GSD为【"山西-长治"】

2024-07-04 00:17:52 开始第 4203 次操作

2024-07-04 00:17:52 开始操作号码 【1534085】
2024-07-04 00:18:00 GSD getOne 第 1 次 等待 3 秒
2024-07-04 00:18:03 查询号码 【1534085】，返回信息 {"status":"ok","msg":"山西-长治","gid":"412804","time_insert":"2021-07-27 12:46"}
2024-07-04 00:18:03 查询号码 【1534085】，GSD为【"山西-长治"】

2024-07-04 00:18:05 开始第 4204 次操作

2024-07-04 00:18:05 开始操作号码 【1534086】
2024-07-04 00:18:14 GSD getOne 第 1 次 等待 3 秒
2024-07-04 00:18:17 查询号码 【1534086】，返回信息 {"status":"ok","msg":"山西-晋城","gid":"413040","time_insert":"2021-07-27 13:05"}
2024-07-04 00:18:17 查询号码 【1534086】，GSD为【"山西-晋城"】

