2024-05-19 00:12:40 开始第 9929 次操作

2024-05-19 00:12:40 开始操作号码 【1649811】
2024-05-19 00:12:47 GSD getOne 第 1 次 等待 3 秒
2024-05-19 00:12:50 查询号码 【1649811】，返回信息 {"status":"ok","msg":"-","gid":"658988","time_insert":"2023-04-17 01:07"}
2024-05-19 00:12:50 查询号码 【1649811】，GSD为【"-"】
2024-05-19 00:12:50 ok && -
2024-05-19 00:12:53 CHB 1649811?1716048770 第 1 次 等待 3 秒
2024-05-19 00:12:56 CHB 1649811?1716048770 第 1 次 获取到号码【1649811】GSD
2024-05-19 00:12:56 未获取到号码【1649811】GSD，可能号码格式错误
2024-05-19 00:12:56 获取到号码【1649811】的GSD为【-】
2024-05-19 00:13:04 GSD insert 第 1 次 等待 3 秒
2024-05-19 00:13:07 {"status":"bad","gid":"658988","msg":"添加失败！号码【1649811(-|-)】已存在！"}
2024-05-19 00:13:07 随机等待 168 秒，约 2 分钟
2024-05-19 00:13:07 下次操作: 2024-05-19 00:15:55

2024-05-19 00:15:55 开始第 9930 次操作

2024-05-19 00:15:55 开始操作号码 【1649812】
2024-05-19 00:16:12 GSD getOne 第 1 次 等待 3 秒
2024-05-19 00:16:15 查询号码 【1649812】，返回信息 {"status":"ok","msg":"-","gid":"658984","time_insert":"2023-04-17 00:59"}
2024-05-19 00:16:15 查询号码 【1649812】，GSD为【"-"】
2024-05-19 00:16:15 ok && -
2024-05-19 00:16:18 CHB 1649812?1716048975 第 1 次 等待 3 秒
2024-05-19 00:16:21 CHB 1649812?1716048975 第 1 次 获取到号码【1649812】GSD
2024-05-19 00:16:21 未获取到号码【1649812】GSD，可能号码格式错误
2024-05-19 00:16:21 获取到号码【1649812】的GSD为【-】
2024-05-19 00:16:28 GSD insert 第 1 次 等待 3 秒
2024-05-19 00:16:31 {"status":"bad","gid":"658984","msg":"添加失败！号码【1649812(-|-)】已存在！"}
2024-05-19 00:16:31 随机等待 131 秒，约 2 分钟
2024-05-19 00:16:31 下次操作: 2024-05-19 00:18:42

2024-05-19 00:18:42 开始第 9931 次操作

2024-05-19 00:18:42 开始操作号码 【1649813】
2024-05-19 00:19:04 GSD getOne 第 1 次 等待 3 秒
2024-05-19 00:19:07 查询号码 【1649813】，返回信息 {"status":"ok","msg":"-","gid":"658979","time_insert":"2023-04-17 00:57"}
2024-05-19 00:19:07 查询号码 【1649813】，GSD为【"-"】
2024-05-19 00:19:07 ok && -
2024-05-19 00:19:10 CHB 1649813?1716049147 第 1 次 等待 3 秒
2024-05-19 00:19:13 CHB 1649813?1716049147 第 1 次 获取到号码【1649813】GSD
2024-05-19 00:19:13 未获取到号码【1649813】GSD，可能号码格式错误
2024-05-19 00:19:13 获取到号码【1649813】的GSD为【-】
2024-05-19 00:19:19 GSD insert 第 1 次 等待 3 秒
2024-05-19 00:19:22 {"status":"bad","gid":"658979","msg":"添加失败！号码【1649813(-|-)】已存在！"}
2024-05-19 00:19:22 随机等待 97 秒，约 1 分钟
2024-05-19 00:19:22 下次操作: 2024-05-19 00:20:59

2024-05-19 00:20:59 开始第 9932 次操作

2024-05-19 00:20:59 开始操作号码 【1649814】
2024-05-19 00:21:05 GSD getOne 第 1 次 等待 3 秒
2024-05-19 00:21:08 查询号码 【1649814】，返回信息 {"status":"ok","msg":"-","gid":"658976","time_insert":"2023-04-17 00:55"}
2024-05-19 00:21:08 查询号码 【1649814】，GSD为【"-"】
2024-05-19 00:21:08 ok && -
2024-05-19 00:21:11 CHB 1649814?1716049268 第 1 次 等待 3 秒
2024-05-19 00:21:14 CHB 1649814?1716049268 第 1 次 获取到号码【1649814】GSD
2024-05-19 00:21:14 未获取到号码【1649814】GSD，可能号码格式错误
2024-05-19 00:21:14 获取到号码【1649814】的GSD为【-】
2024-05-19 00:21:33 GSD insert 第 1 次 等待 3 秒
2024-05-19 00:21:36 {"status":"bad","gid":"658976","msg":"添加失败！号码【1649814(-|-)】已存在！"}

2024-05-19 00:35:25 开始第 9933 次操作

2024-05-19 00:35:25 开始操作号码 【1649815】
2024-05-19 00:35:41 GSD getOne 第 1 次 等待 3 秒
2024-05-19 00:35:44 查询号码 【1649815】，返回信息 {"status":"ok","msg":"-","gid":"658969","time_insert":"2023-04-17 00:53"}
2024-05-19 00:35:44 查询号码 【1649815】，GSD为【"-"】
2024-05-19 00:35:44 ok && -
2024-05-19 00:35:47 CHB 1649815?1716050144 第 1 次 等待 3 秒
2024-05-19 00:35:50 CHB 1649815?1716050144 第 1 次 获取到号码【1649815】GSD
2024-05-19 00:35:50 未获取到号码【1649815】GSD，可能号码格式错误
2024-05-19 00:35:50 获取到号码【1649815】的GSD为【-】
2024-05-19 00:36:00 GSD insert 第 1 次 等待 3 秒
2024-05-19 00:36:03 {"status":"bad","gid":"658969","msg":"添加失败！号码【1649815(-|-)】已存在！"}
2024-05-19 00:36:03 随机等待 212 秒，约 3 分钟
2024-05-19 00:36:03 下次操作: 2024-05-19 00:39:35

2024-05-19 00:39:35 开始第 9934 次操作

2024-05-19 00:39:35 开始操作号码 【1649816】
2024-05-19 00:39:59 GSD getOne 第 1 次 等待 3 秒
2024-05-19 00:40:02 查询号码 【1649816】，返回信息 {"status":"ok","msg":"-","gid":"658967","time_insert":"2023-04-17 00:51"}
2024-05-19 00:40:02 查询号码 【1649816】，GSD为【"-"】
2024-05-19 00:40:02 ok && -
2024-05-19 00:40:04 CHB 1649816?1716050402 第 1 次 等待 3 秒
2024-05-19 00:40:07 CHB 1649816?1716050402 第 1 次 获取到号码【1649816】GSD
2024-05-19 00:40:07 未获取到号码【1649816】GSD，可能号码格式错误
2024-05-19 00:40:07 获取到号码【1649816】的GSD为【-】
2024-05-19 00:40:24 GSD insert 第 1 次 等待 3 秒
2024-05-19 00:40:27 {"status":"bad","gid":"658967","msg":"添加失败！号码【1649816(-|-)】已存在！"}
2024-05-19 00:40:27 随机等待 143 秒，约 2 分钟
2024-05-19 00:40:27 下次操作: 2024-05-19 00:42:50

2024-05-19 00:42:50 开始第 9935 次操作

2024-05-19 00:42:50 开始操作号码 【1649817】
2024-05-19 00:43:01 GSD getOne 第 1 次 等待 3 秒
2024-05-19 00:43:04 查询号码 【1649817】，返回信息 {"status":"ok","msg":"-","gid":"658959","time_insert":"2023-04-17 00:48"}
2024-05-19 00:43:04 查询号码 【1649817】，GSD为【"-"】
2024-05-19 00:43:04 ok && -
2024-05-19 00:43:07 CHB 1649817?1716050584 第 1 次 等待 3 秒
2024-05-19 00:43:10 CHB 1649817?1716050584 第 1 次 获取到号码【1649817】GSD
2024-05-19 00:43:10 未获取到号码【1649817】GSD，可能号码格式错误
2024-05-19 00:43:10 获取到号码【1649817】的GSD为【-】
2024-05-19 00:43:22 GSD insert 第 1 次 等待 3 秒
2024-05-19 00:43:25 {"status":"bad","gid":"658959","msg":"添加失败！号码【1649817(-|-)】已存在！"}
2024-05-19 00:43:25 随机等待 96 秒，约 1 分钟
2024-05-19 00:43:25 下次操作: 2024-05-19 00:45:01

2024-05-19 00:45:01 开始第 9936 次操作

2024-05-19 00:45:01 开始操作号码 【1649818】
2024-05-19 00:45:06 GSD getOne 第 1 次 等待 3 秒
2024-05-19 00:45:09 查询号码 【1649818】，返回信息 {"status":"ok","msg":"-","gid":"658954","time_insert":"2023-04-17 00:45"}
2024-05-19 00:45:09 查询号码 【1649818】，GSD为【"-"】
2024-05-19 00:45:09 ok && -
2024-05-19 00:45:15 CHB 1649818?1716050709 第 1 次 等待 3 秒
2024-05-19 00:45:18 CHB 1649818?1716050709 第 1 次 获取到号码【1649818】GSD
2024-05-19 00:45:18 未获取到号码【1649818】GSD，可能号码格式错误
2024-05-19 00:45:18 获取到号码【1649818】的GSD为【-】
2024-05-19 00:45:27 GSD insert 第 1 次 等待 3 秒
2024-05-19 00:45:30 {"status":"bad","gid":"658954","msg":"添加失败！号码【1649818(-|-)】已存在！"}

2024-05-19 01:08:56 开始第 9937 次操作

2024-05-19 01:08:56 开始操作号码 【1649819】
2024-05-19 01:09:01 GSD getOne 第 1 次 等待 3 秒
2024-05-19 01:09:04 查询号码 【1649819】，返回信息 {"status":"ok","msg":"-","gid":"658951","time_insert":"2023-04-17 00:43"}
2024-05-19 01:09:04 查询号码 【1649819】，GSD为【"-"】
2024-05-19 01:09:04 ok && -
2024-05-19 01:09:08 CHB 1649819?1716052144 第 1 次 等待 3 秒
2024-05-19 01:09:11 CHB 1649819?1716052144 第 1 次 获取到号码【1649819】GSD
2024-05-19 01:09:11 未获取到号码【1649819】GSD，可能号码格式错误
2024-05-19 01:09:11 获取到号码【1649819】的GSD为【-】
2024-05-19 01:09:18 GSD insert 第 1 次 等待 3 秒
2024-05-19 01:09:21 {"status":"bad","gid":"658951","msg":"添加失败！号码【1649819(-|-)】已存在！"}
2024-05-19 01:09:21 随机等待 208 秒，约 3 分钟
2024-05-19 01:09:21 下次操作: 2024-05-19 01:12:49

2024-05-19 01:12:49 开始第 9938 次操作

2024-05-19 01:12:49 开始操作号码 【1649820】
2024-05-19 01:12:57 GSD getOne 第 1 次 等待 3 秒
2024-05-19 01:13:00 查询号码 【1649820】，返回信息 {"status":"ok","msg":"-","gid":"658949","time_insert":"2023-04-17 00:40"}
2024-05-19 01:13:00 查询号码 【1649820】，GSD为【"-"】
2024-05-19 01:13:00 ok && -
2024-05-19 01:13:02 CHB 1649820?1716052380 第 1 次 等待 3 秒
2024-05-19 01:13:05 CHB 1649820?1716052380 第 1 次 获取到号码【1649820】GSD
2024-05-19 01:13:05 未获取到号码【1649820】GSD，可能号码格式错误
2024-05-19 01:13:05 获取到号码【1649820】的GSD为【-】
2024-05-19 01:13:18 GSD insert 第 1 次 等待 3 秒
2024-05-19 01:13:21 {"status":"bad","gid":"658949","msg":"添加失败！号码【1649820(-|-)】已存在！"}
2024-05-19 01:13:21 随机等待 224 秒，约 3 分钟
2024-05-19 01:13:21 下次操作: 2024-05-19 01:17:05

2024-05-19 01:17:05 开始第 9939 次操作

2024-05-19 01:17:05 开始操作号码 【1649821】
2024-05-19 01:17:14 GSD getOne 第 1 次 等待 3 秒
2024-05-19 01:17:17 查询号码 【1649821】，返回信息 {"status":"ok","msg":"-","gid":"658942","time_insert":"2023-04-17 00:38"}
2024-05-19 01:17:17 查询号码 【1649821】，GSD为【"-"】
2024-05-19 01:17:17 ok && -
2024-05-19 01:17:20 CHB 1649821?1716052637 第 1 次 等待 3 秒
2024-05-19 01:17:23 CHB 1649821?1716052637 第 1 次 获取到号码【1649821】GSD
2024-05-19 01:17:23 未获取到号码【1649821】GSD，可能号码格式错误
2024-05-19 01:17:23 获取到号码【1649821】的GSD为【-】
2024-05-19 01:17:47 GSD insert 第 1 次 等待 3 秒
2024-05-19 01:17:50 {"status":"bad","gid":"658942","msg":"添加失败！号码【1649821(-|-)】已存在！"}
2024-05-19 01:17:50 随机等待 186 秒，约 3 分钟
2024-05-19 01:17:50 下次操作: 2024-05-19 01:20:56

2024-05-19 01:20:56 开始第 9940 次操作

2024-05-19 01:20:56 开始操作号码 【1649822】
2024-05-19 01:21:02 GSD getOne 第 1 次 等待 3 秒
2024-05-19 01:21:05 查询号码 【1649822】，返回信息 {"status":"ok","msg":"-","gid":"658939","time_insert":"2023-04-17 00:35"}
2024-05-19 01:21:05 查询号码 【1649822】，GSD为【"-"】
2024-05-19 01:21:05 ok && -
2024-05-19 01:21:08 CHB 1649822?1716052865 第 1 次 等待 3 秒
2024-05-19 01:21:11 CHB 1649822?1716052865 第 1 次 获取到号码【1649822】GSD
2024-05-19 01:21:11 未获取到号码【1649822】GSD，可能号码格式错误
2024-05-19 01:21:11 获取到号码【1649822】的GSD为【-】
2024-05-19 01:21:19 GSD insert 第 1 次 等待 3 秒
2024-05-19 01:21:22 {"status":"bad","gid":"658939","msg":"添加失败！号码【1649822(-|-)】已存在！"}

2024-05-19 01:35:18 开始第 9941 次操作

2024-05-19 01:35:18 开始操作号码 【1649823】
2024-05-19 01:35:27 GSD getOne 第 1 次 等待 3 秒
2024-05-19 01:35:30 查询号码 【1649823】，返回信息 {"status":"ok","msg":"-","gid":"658931","time_insert":"2023-04-17 00:31"}
2024-05-19 01:35:30 查询号码 【1649823】，GSD为【"-"】
2024-05-19 01:35:30 ok && -
2024-05-19 01:35:32 CHB 1649823?1716053730 第 1 次 等待 3 秒
2024-05-19 01:35:35 CHB 1649823?1716053730 第 1 次 获取到号码【1649823】GSD
2024-05-19 01:35:35 未获取到号码【1649823】GSD，可能号码格式错误
2024-05-19 01:35:35 获取到号码【1649823】的GSD为【-】
2024-05-19 01:35:42 GSD insert 第 1 次 等待 3 秒
2024-05-19 01:35:45 {"status":"bad","gid":"658931","msg":"添加失败！号码【1649823(-|-)】已存在！"}
2024-05-19 01:35:45 随机等待 110 秒，约 1 分钟
2024-05-19 01:35:45 下次操作: 2024-05-19 01:37:35

2024-05-19 01:37:35 开始第 9942 次操作

2024-05-19 01:37:35 开始操作号码 【1649824】
2024-05-19 01:37:44 GSD getOne 第 1 次 等待 3 秒
2024-05-19 01:37:47 查询号码 【1649824】，返回信息 {"status":"ok","msg":"-","gid":"658915","time_insert":"2023-04-17 00:17"}
2024-05-19 01:37:47 查询号码 【1649824】，GSD为【"-"】
2024-05-19 01:37:47 ok && -
2024-05-19 01:37:49 CHB 1649824?1716053867 第 1 次 等待 3 秒
2024-05-19 01:37:52 CHB 1649824?1716053867 第 1 次 获取到号码【1649824】GSD
2024-05-19 01:37:52 未获取到号码【1649824】GSD，可能号码格式错误
2024-05-19 01:37:52 获取到号码【1649824】的GSD为【-】
2024-05-19 01:38:10 GSD insert 第 1 次 等待 3 秒
2024-05-19 01:38:13 {"status":"bad","gid":"658915","msg":"添加失败！号码【1649824(-|-)】已存在！"}
2024-05-19 01:38:13 随机等待 140 秒，约 2 分钟
2024-05-19 01:38:13 下次操作: 2024-05-19 01:40:33

2024-05-19 01:40:33 开始第 9943 次操作

2024-05-19 01:40:33 开始操作号码 【1649825】
2024-05-19 01:40:40 GSD getOne 第 1 次 等待 3 秒
2024-05-19 01:40:43 查询号码 【1649825】，返回信息 {"status":"ok","msg":"-","gid":"658912","time_insert":"2023-04-17 00:15"}
2024-05-19 01:40:43 查询号码 【1649825】，GSD为【"-"】
2024-05-19 01:40:43 ok && -
2024-05-19 01:40:44 CHB 1649825?1716054043 第 1 次 等待 3 秒
2024-05-19 01:40:47 CHB 1649825?1716054043 第 1 次 获取到号码【1649825】GSD
2024-05-19 01:40:48 未获取到号码【1649825】GSD，可能号码格式错误
2024-05-19 01:40:48 获取到号码【1649825】的GSD为【-】
2024-05-19 01:40:53 GSD insert 第 1 次 等待 3 秒
2024-05-19 01:40:56 {"status":"bad","gid":"658912","msg":"添加失败！号码【1649825(-|-)】已存在！"}
2024-05-19 01:40:56 随机等待 171 秒，约 2 分钟
2024-05-19 01:40:56 下次操作: 2024-05-19 01:43:47

2024-05-19 01:43:47 开始第 9944 次操作

2024-05-19 01:43:47 开始操作号码 【1649826】
2024-05-19 01:43:53 GSD getOne 第 1 次 等待 3 秒
2024-05-19 01:43:56 查询号码 【1649826】，返回信息 {"status":"ok","msg":"-","gid":"658908","time_insert":"2023-04-17 00:12"}
2024-05-19 01:43:56 查询号码 【1649826】，GSD为【"-"】
2024-05-19 01:43:56 ok && -
2024-05-19 01:43:59 CHB 1649826?1716054236 第 1 次 等待 3 秒
2024-05-19 01:44:02 CHB 1649826?1716054236 第 1 次 获取到号码【1649826】GSD
2024-05-19 01:44:02 未获取到号码【1649826】GSD，可能号码格式错误
2024-05-19 01:44:02 获取到号码【1649826】的GSD为【-】
2024-05-19 01:44:15 GSD insert 第 1 次 等待 3 秒
2024-05-19 01:44:18 {"status":"bad","gid":"658908","msg":"添加失败！号码【1649826(-|-)】已存在！"}

