2024-04-04 00:12:48 开始第 1845 次操作

2024-04-04 00:12:48 开始操作号码 【1641739】
2024-04-04 00:12:53 GSD getOne 第 1 次 等待 3 秒
2024-04-04 00:12:56 查询号码 【1641739】，返回信息 {"status":"ok","msg":"-","gid":"548126","time_insert":"2023-02-22 22:58"}
2024-04-04 00:12:57 查询号码 【1641739】，GSD为【"-"】
2024-04-04 00:12:57 ok && -
2024-04-04 00:12:59 CHB 1641739?1712160777 第 1 次 等待 3 秒
2024-04-04 00:13:02 CHB 1641739?1712160777 第 1 次 获取到号码【1641739】GSD
2024-04-04 00:13:02 未获取到号码【1641739】GSD，可能号码格式错误
2024-04-04 00:13:02 获取到号码【1641739】的GSD为【-】
2024-04-04 00:13:07 GSD insert 第 1 次 等待 3 秒
2024-04-04 00:13:10 {"status":"bad","gid":"548126","msg":"添加失败！号码【1641739(-|-)】已存在！"}
2024-04-04 00:13:10 随机等待 163 秒，约 2 分钟
2024-04-04 00:13:10 下次操作: 2024-04-04 00:15:53

2024-04-04 00:15:53 开始第 1846 次操作

2024-04-04 00:15:53 开始操作号码 【1641740】
2024-04-04 00:15:58 GSD getOne 第 1 次 等待 3 秒
2024-04-04 00:16:01 查询号码 【1641740】，返回信息 {"status":"ok","msg":"-","gid":"548149","time_insert":"2023-02-22 23:14"}
2024-04-04 00:16:01 查询号码 【1641740】，GSD为【"-"】
2024-04-04 00:16:01 ok && -
2024-04-04 00:16:03 CHB 1641740?1712160961 第 1 次 等待 3 秒
2024-04-04 00:16:06 CHB 1641740?1712160961 第 1 次 获取到号码【1641740】GSD
2024-04-04 00:16:06 未获取到号码【1641740】GSD，可能号码格式错误
2024-04-04 00:16:06 获取到号码【1641740】的GSD为【-】
2024-04-04 00:16:13 GSD insert 第 1 次 等待 3 秒
2024-04-04 00:16:16 {"status":"bad","gid":"548149","msg":"添加失败！号码【1641740(-|-)】已存在！"}
2024-04-04 00:16:16 随机等待 156 秒，约 2 分钟
2024-04-04 00:16:16 下次操作: 2024-04-04 00:18:52

2024-04-04 00:18:52 开始第 1847 次操作

2024-04-04 00:18:52 开始操作号码 【1641741】
2024-04-04 00:18:57 GSD getOne 第 1 次 等待 3 秒
2024-04-04 00:19:00 查询号码 【1641741】，返回信息 {"status":"ok","msg":"-","gid":"548164","time_insert":"2023-02-22 23:23"}
2024-04-04 00:19:00 查询号码 【1641741】，GSD为【"-"】
2024-04-04 00:19:00 ok && -
2024-04-04 00:19:03 CHB 1641741?1712161140 第 1 次 等待 3 秒
2024-04-04 00:19:06 CHB 1641741?1712161140 第 1 次 获取到号码【1641741】GSD
2024-04-04 00:19:06 未获取到号码【1641741】GSD，可能号码格式错误
2024-04-04 00:19:06 获取到号码【1641741】的GSD为【-】
2024-04-04 00:19:11 GSD insert 第 1 次 等待 3 秒
2024-04-04 00:19:14 {"status":"bad","gid":"548164","msg":"添加失败！号码【1641741(-|-)】已存在！"}
2024-04-04 00:19:14 随机等待 156 秒，约 2 分钟
2024-04-04 00:19:14 下次操作: 2024-04-04 00:21:50

2024-04-04 00:21:50 开始第 1848 次操作

2024-04-04 00:21:50 开始操作号码 【1641742】
2024-04-04 00:22:00 GSD getOne 第 1 次 等待 3 秒
2024-04-04 00:22:03 查询号码 【1641742】，返回信息 {"status":"ok","msg":"-","gid":"548185","time_insert":"2023-02-22 23:35"}
2024-04-04 00:22:03 查询号码 【1641742】，GSD为【"-"】
2024-04-04 00:22:03 ok && -
2024-04-04 00:22:06 CHB 1641742?1712161323 第 1 次 等待 3 秒
2024-04-04 00:22:09 CHB 1641742?1712161323 第 1 次 获取到号码【1641742】GSD
2024-04-04 00:22:09 未获取到号码【1641742】GSD，可能号码格式错误
2024-04-04 00:22:09 获取到号码【1641742】的GSD为【-】
2024-04-04 00:22:14 GSD insert 第 1 次 等待 3 秒
2024-04-04 00:22:17 {"status":"bad","gid":"548185","msg":"添加失败！号码【1641742(-|-)】已存在！"}

