2024-04-06 00:14:45 开始第 2209 次操作

2024-04-06 00:14:45 开始操作号码 【1642103】
2024-04-06 00:14:50 GSD getOne 第 1 次 等待 3 秒
2024-04-06 00:14:53 查询号码 【1642103】，返回信息 {"status":"ok","msg":"-","gid":"555957","time_insert":"2023-02-26 08:12"}
2024-04-06 00:14:53 查询号码 【1642103】，GSD为【"-"】
2024-04-06 00:14:53 ok && -
2024-04-06 00:14:56 CHB 1642103?1712333693 第 1 次 等待 3 秒
2024-04-06 00:14:59 CHB 1642103?1712333693 第 1 次 获取到号码【1642103】GSD
2024-04-06 00:14:59 未获取到号码【1642103】GSD，可能号码格式错误
2024-04-06 00:14:59 获取到号码【1642103】的GSD为【-】
2024-04-06 00:15:04 GSD insert 第 1 次 等待 3 秒
2024-04-06 00:15:07 {"status":"bad","gid":"555957","msg":"添加失败！号码【1642103(-|-)】已存在！"}
2024-04-06 00:15:07 随机等待 195 秒，约 3 分钟
2024-04-06 00:15:07 下次操作: 2024-04-06 00:18:22

2024-04-06 00:18:22 开始第 2210 次操作

2024-04-06 00:18:22 开始操作号码 【1642104】
2024-04-06 00:18:29 GSD getOne 第 1 次 等待 3 秒
2024-04-06 00:18:32 查询号码 【1642104】，返回信息 {"status":"ok","msg":"-","gid":"555972","time_insert":"2023-02-26 08:24"}
2024-04-06 00:18:32 查询号码 【1642104】，GSD为【"-"】
2024-04-06 00:18:32 ok && -
2024-04-06 00:18:35 CHB 1642104?1712333912 第 1 次 等待 3 秒
2024-04-06 00:18:38 CHB 1642104?1712333912 第 1 次 获取到号码【1642104】GSD
2024-04-06 00:18:38 未获取到号码【1642104】GSD，可能号码格式错误
2024-04-06 00:18:38 获取到号码【1642104】的GSD为【-】
2024-04-06 00:18:45 GSD insert 第 1 次 等待 3 秒
2024-04-06 00:18:48 {"status":"bad","gid":"555972","msg":"添加失败！号码【1642104(-|-)】已存在！"}
2024-04-06 00:18:48 随机等待 152 秒，约 2 分钟
2024-04-06 00:18:48 下次操作: 2024-04-06 00:21:20

2024-04-06 00:21:20 开始第 2211 次操作

2024-04-06 00:21:20 开始操作号码 【1642105】
2024-04-06 00:21:26 GSD getOne 第 1 次 等待 3 秒
2024-04-06 00:21:29 查询号码 【1642105】，返回信息 {"status":"ok","msg":"-","gid":"555989","time_insert":"2023-02-26 08:41"}
2024-04-06 00:21:29 查询号码 【1642105】，GSD为【"-"】
2024-04-06 00:21:29 ok && -
2024-04-06 00:21:33 CHB 1642105?1712334089 第 1 次 等待 3 秒
2024-04-06 00:21:36 CHB 1642105?1712334089 第 1 次 获取到号码【1642105】GSD
2024-04-06 00:21:36 未获取到号码【1642105】GSD，可能号码格式错误
2024-04-06 00:21:36 获取到号码【1642105】的GSD为【-】
2024-04-06 00:21:40 GSD insert 第 1 次 等待 3 秒
2024-04-06 00:21:43 {"status":"bad","gid":"555989","msg":"添加失败！号码【1642105(-|-)】已存在！"}
2024-04-06 00:21:43 随机等待 207 秒，约 3 分钟
2024-04-06 00:21:43 下次操作: 2024-04-06 00:25:10

2024-04-06 00:25:10 开始第 2212 次操作

2024-04-06 00:25:10 开始操作号码 【1642106】
2024-04-06 00:25:16 GSD getOne 第 1 次 等待 3 秒
2024-04-06 00:25:19 查询号码 【1642106】，返回信息 {"status":"ok","msg":"-","gid":"556004","time_insert":"2023-02-26 08:53"}
2024-04-06 00:25:19 查询号码 【1642106】，GSD为【"-"】
2024-04-06 00:25:19 ok && -
2024-04-06 00:25:21 CHB 1642106?1712334319 第 1 次 等待 3 秒
2024-04-06 00:25:24 CHB 1642106?1712334319 第 1 次 获取到号码【1642106】GSD
2024-04-06 00:25:24 未获取到号码【1642106】GSD，可能号码格式错误
2024-04-06 00:25:24 获取到号码【1642106】的GSD为【-】
2024-04-06 00:25:32 GSD insert 第 1 次 等待 3 秒
2024-04-06 00:25:35 {"status":"bad","gid":"556004","msg":"添加失败！号码【1642106(-|-)】已存在！"}

2024-04-06 00:36:19 开始第 2213 次操作

2024-04-06 00:36:19 开始操作号码 【1642107】
2024-04-06 00:36:26 GSD getOne 第 1 次 等待 3 秒
2024-04-06 00:36:29 查询号码 【1642107】，返回信息 {"status":"ok","msg":"-","gid":"556023","time_insert":"2023-02-26 09:09"}
2024-04-06 00:36:29 查询号码 【1642107】，GSD为【"-"】
2024-04-06 00:36:29 ok && -
2024-04-06 00:36:32 CHB 1642107?1712334989 第 1 次 等待 3 秒
2024-04-06 00:36:35 CHB 1642107?1712334989 第 1 次 获取到号码【1642107】GSD
2024-04-06 00:36:35 未获取到号码【1642107】GSD，可能号码格式错误
2024-04-06 00:36:35 获取到号码【1642107】的GSD为【-】
2024-04-06 00:36:40 GSD insert 第 1 次 等待 3 秒
2024-04-06 00:36:43 {"status":"bad","gid":"556023","msg":"添加失败！号码【1642107(-|-)】已存在！"}
2024-04-06 00:36:43 随机等待 194 秒，约 3 分钟
2024-04-06 00:36:43 下次操作: 2024-04-06 00:39:57

2024-04-06 00:39:57 开始第 2214 次操作

2024-04-06 00:39:57 开始操作号码 【1642108】
2024-04-06 00:40:03 GSD getOne 第 1 次 等待 3 秒
2024-04-06 00:40:06 查询号码 【1642108】，返回信息 {"status":"ok","msg":"-","gid":"556032","time_insert":"2023-02-26 09:18"}
2024-04-06 00:40:06 查询号码 【1642108】，GSD为【"-"】
2024-04-06 00:40:06 ok && -
2024-04-06 00:40:08 CHB 1642108?1712335206 第 1 次 等待 3 秒
2024-04-06 00:40:11 CHB 1642108?1712335206 第 1 次 获取到号码【1642108】GSD
2024-04-06 00:40:11 未获取到号码【1642108】GSD，可能号码格式错误
2024-04-06 00:40:11 获取到号码【1642108】的GSD为【-】
2024-04-06 00:40:17 GSD insert 第 1 次 等待 3 秒
2024-04-06 00:40:20 {"status":"bad","gid":"556032","msg":"添加失败！号码【1642108(-|-)】已存在！"}
2024-04-06 00:40:20 随机等待 134 秒，约 2 分钟
2024-04-06 00:40:20 下次操作: 2024-04-06 00:42:34

2024-04-06 00:42:34 开始第 2215 次操作

2024-04-06 00:42:34 开始操作号码 【1642109】
2024-04-06 00:42:40 GSD getOne 第 1 次 等待 3 秒
2024-04-06 00:42:43 查询号码 【1642109】，返回信息 {"status":"ok","msg":"-","gid":"556041","time_insert":"2023-02-26 09:28"}
2024-04-06 00:42:43 查询号码 【1642109】，GSD为【"-"】
2024-04-06 00:42:43 ok && -
2024-04-06 00:42:46 CHB 1642109?1712335363 第 1 次 等待 3 秒
2024-04-06 00:42:49 CHB 1642109?1712335363 第 1 次 获取到号码【1642109】GSD
2024-04-06 00:42:49 未获取到号码【1642109】GSD，可能号码格式错误
2024-04-06 00:42:49 获取到号码【1642109】的GSD为【-】
2024-04-06 00:42:54 GSD insert 第 1 次 等待 3 秒
2024-04-06 00:42:57 {"status":"bad","gid":"556041","msg":"添加失败！号码【1642109(-|-)】已存在！"}
2024-04-06 00:42:57 随机等待 209 秒，约 3 分钟
2024-04-06 00:42:57 下次操作: 2024-04-06 00:46:26

2024-04-06 00:46:26 开始第 2216 次操作

2024-04-06 00:46:26 开始操作号码 【1642110】
2024-04-06 00:46:34 GSD getOne 第 1 次 等待 3 秒
2024-04-06 00:46:37 查询号码 【1642110】，返回信息 {"status":"ok","msg":"-","gid":"556056","time_insert":"2023-02-26 09:42"}
2024-04-06 00:46:37 查询号码 【1642110】，GSD为【"-"】
2024-04-06 00:46:37 ok && -
2024-04-06 00:46:40 CHB 1642110?1712335597 第 1 次 等待 3 秒
2024-04-06 00:46:43 CHB 1642110?1712335597 第 1 次 获取到号码【1642110】GSD
2024-04-06 00:46:43 未获取到号码【1642110】GSD，可能号码格式错误
2024-04-06 00:46:43 获取到号码【1642110】的GSD为【-】
2024-04-06 00:46:51 GSD insert 第 1 次 等待 3 秒
2024-04-06 00:46:54 {"status":"bad","gid":"556056","msg":"添加失败！号码【1642110(-|-)】已存在！"}

