2024-10-30 00:27:25 开始第 2093 次操作

2024-10-30 00:27:25 开始操作号码 【1322092】
2024-10-30 00:27:26 GSD getOne 第 1 次 等待 3 秒
2024-10-30 00:27:29 查询号码 【1322092】，返回信息 {"status":"ok","msg":"山东-烟台","gid":"80697","time_insert":"2021-06-05 05:14"}
2024-10-30 00:27:29 查询号码 【1322092】，GSD为【"山东-烟台"】

2024-10-30 00:27:30 开始第 2094 次操作

2024-10-30 00:27:30 开始操作号码 【1322093】
2024-10-30 00:27:31 GSD getOne 第 1 次 等待 3 秒
2024-10-30 00:27:34 查询号码 【1322093】，返回信息 {"status":"ok","msg":"山东-烟台","gid":"80710","time_insert":"2021-06-05 05:30"}
2024-10-30 00:27:34 查询号码 【1322093】，GSD为【"山东-烟台"】

2024-10-30 00:27:35 开始第 2095 次操作

2024-10-30 00:27:35 开始操作号码 【1322094】
2024-10-30 00:27:36 GSD getOne 第 1 次 等待 3 秒
2024-10-30 00:27:39 查询号码 【1322094】，返回信息 {"status":"ok","msg":"山东-烟台","gid":"80739","time_insert":"2021-06-05 05:58"}
2024-10-30 00:27:39 查询号码 【1322094】，GSD为【"山东-烟台"】

2024-10-30 00:27:40 开始第 2096 次操作

2024-10-30 00:27:40 开始操作号码 【1322095】
2024-10-30 00:27:41 GSD getOne 第 1 次 等待 3 秒
2024-10-30 00:27:44 查询号码 【1322095】，返回信息 {"status":"ok","msg":"山东-聊城","gid":"80760","time_insert":"2021-06-05 06:17"}
2024-10-30 00:27:44 查询号码 【1322095】，GSD为【"山东-聊城"】

