2024-10-29 00:27:20 开始第 1925 次操作

2024-10-29 00:27:20 开始操作号码 【1321924】
2024-10-29 00:27:21 GSD getOne 第 1 次 等待 3 秒
2024-10-29 00:27:24 查询号码 【1321924】，返回信息 {"status":"ok","msg":"四川-广安","gid":"2048","time_insert":"2018-08-10 22:36","time_update":"2020-10-08 08:08"}
2024-10-29 00:27:24 查询号码 【1321924】，GSD为【"四川-广安"】

2024-10-29 00:27:25 开始第 1926 次操作

2024-10-29 00:27:25 开始操作号码 【1321925】
2024-10-29 00:27:26 GSD getOne 第 1 次 等待 3 秒
2024-10-29 00:27:29 查询号码 【1321925】，返回信息 {"status":"ok","msg":"四川-广安","gid":"2049","time_insert":"2017-04-20 15:21","time_update":"2020-10-08 08:13"}
2024-10-29 00:27:29 查询号码 【1321925】，GSD为【"四川-广安"】

2024-10-29 00:27:30 开始第 1927 次操作

2024-10-29 00:27:30 开始操作号码 【1321926】
2024-10-29 00:27:31 GSD getOne 第 1 次 等待 3 秒
2024-10-29 00:27:34 查询号码 【1321926】，返回信息 {"status":"ok","msg":"四川-广安","gid":"2050","time_insert":"2018-06-25 09:57","time_update":"2020-10-08 08:17"}
2024-10-29 00:27:34 查询号码 【1321926】，GSD为【"四川-广安"】

2024-10-29 00:27:35 开始第 1928 次操作

2024-10-29 00:27:35 开始操作号码 【1321927】
2024-10-29 00:27:37 GSD getOne 第 1 次 等待 3 秒
2024-10-29 00:27:40 查询号码 【1321927】，返回信息 {"status":"ok","msg":"四川-广安","gid":"2051","time_insert":"2015-08-11 19:42","time_update":"2020-10-08 08:21"}
2024-10-29 00:27:40 查询号码 【1321927】，GSD为【"四川-广安"】

