2023-10-06 00:13:46 开始第 1773 次操作

2023-10-06 00:13:46 开始操作号码 【1961772】
2023-10-06 00:13:52 GSD getOne 第 1 次 等待 3 秒
2023-10-06 00:13:55 查询号码 【1961772】，返回信息 {"status":"ok","msg":"-","gid":"545809","time_insert":"2023-02-21 22:25"}
2023-10-06 00:13:55 查询号码 【1961772】，GSD为【"-"】
2023-10-06 00:13:55 ok && -
2023-10-06 00:13:58 CHB 1961772?1696522435 第 1 次 等待 3 秒
2023-10-06 00:14:01 CHB 1961772?1696522435 第 1 次 获取到号码【1961772】GSD
2023-10-06 00:14:01 未获取到号码【1961772】GSD，可能号码格式错误
2023-10-06 00:14:01 获取到号码【1961772】的GSD为【-】
2023-10-06 00:14:08 GSD insert 第 1 次 等待 3 秒
2023-10-06 00:14:11 {"status":"bad","gid":"545809","msg":"添加失败！号码【1961772(-|-)】已存在！"}
2023-10-06 00:14:11 随机等待 178 秒，约 2 分钟
2023-10-06 00:14:11 下次操作: 2023-10-06 00:17:09

2023-10-06 00:17:09 开始第 1774 次操作

2023-10-06 00:17:09 开始操作号码 【1961773】
2023-10-06 00:17:15 GSD getOne 第 1 次 等待 3 秒
2023-10-06 00:17:18 查询号码 【1961773】，返回信息 {"status":"ok","msg":"-","gid":"545812","time_insert":"2023-02-21 22:27"}
2023-10-06 00:17:18 查询号码 【1961773】，GSD为【"-"】
2023-10-06 00:17:18 ok && -
2023-10-06 00:17:21 CHB 1961773?1696522638 第 1 次 等待 3 秒
2023-10-06 00:17:24 CHB 1961773?1696522638 第 1 次 获取到号码【1961773】GSD
2023-10-06 00:17:24 未获取到号码【1961773】GSD，可能号码格式错误
2023-10-06 00:17:24 获取到号码【1961773】的GSD为【-】
2023-10-06 00:17:27 GSD insert 第 1 次 等待 3 秒
2023-10-06 00:17:30 {"status":"bad","gid":"545812","msg":"添加失败！号码【1961773(-|-)】已存在！"}
2023-10-06 00:17:30 随机等待 175 秒，约 2 分钟
2023-10-06 00:17:30 下次操作: 2023-10-06 00:20:25

2023-10-06 00:20:25 开始第 1775 次操作

2023-10-06 00:20:25 开始操作号码 【1961774】
2023-10-06 00:20:29 GSD getOne 第 1 次 等待 3 秒
2023-10-06 00:20:32 查询号码 【1961774】，返回信息 {"status":"ok","msg":"-","gid":"545815","time_insert":"2023-02-21 22:30"}
2023-10-06 00:20:32 查询号码 【1961774】，GSD为【"-"】
2023-10-06 00:20:32 ok && -
2023-10-06 00:20:36 CHB 1961774?1696522832 第 1 次 等待 3 秒
2023-10-06 00:20:39 CHB 1961774?1696522832 第 1 次 获取到号码【1961774】GSD
2023-10-06 00:20:39 未获取到号码【1961774】GSD，可能号码格式错误
2023-10-06 00:20:39 获取到号码【1961774】的GSD为【-】
2023-10-06 00:20:44 GSD insert 第 1 次 等待 3 秒
2023-10-06 00:20:47 {"status":"bad","gid":"545815","msg":"添加失败！号码【1961774(-|-)】已存在！"}
2023-10-06 00:20:47 随机等待 199 秒，约 3 分钟
2023-10-06 00:20:47 下次操作: 2023-10-06 00:24:06

2023-10-06 00:24:06 开始第 1776 次操作

2023-10-06 00:24:06 开始操作号码 【1961775】
2023-10-06 00:24:11 GSD getOne 第 1 次 等待 3 秒
2023-10-06 00:24:14 查询号码 【1961775】，返回信息 {"status":"ok","msg":"-","gid":"545823","time_insert":"2023-02-21 22:33"}
2023-10-06 00:24:14 查询号码 【1961775】，GSD为【"-"】
2023-10-06 00:24:14 ok && -
2023-10-06 00:24:16 CHB 1961775?1696523054 第 1 次 等待 3 秒
2023-10-06 00:24:19 CHB 1961775?1696523054 第 1 次 获取到号码【1961775】GSD
2023-10-06 00:24:19 未获取到号码【1961775】GSD，可能号码格式错误
2023-10-06 00:24:19 获取到号码【1961775】的GSD为【-】
2023-10-06 00:24:23 GSD insert 第 1 次 等待 3 秒
2023-10-06 00:24:26 {"status":"bad","gid":"545823","msg":"添加失败！号码【1961775(-|-)】已存在！"}

