2024-06-28 00:14:33 开始第 3121 次操作

2024-06-28 00:14:33 开始操作号码 【1533004】
2024-06-28 00:14:47 GSD getOne 第 1 次 等待 3 秒
2024-06-28 00:14:50 查询号码 【1533004】，返回信息 {"status":"ok","msg":"北京-北京","gid":"258038","time_insert":"2021-07-12 16:57"}
2024-06-28 00:14:50 查询号码 【1533004】，GSD为【"北京-北京"】

2024-06-28 00:14:51 开始第 3122 次操作

2024-06-28 00:14:51 开始操作号码 【1533005】
2024-06-28 00:15:08 GSD getOne 第 1 次 等待 3 秒
2024-06-28 00:15:11 查询号码 【1533005】，返回信息 {"status":"ok","msg":"北京-北京","gid":"258109","time_insert":"2021-07-12 17:15"}
2024-06-28 00:15:11 查询号码 【1533005】，GSD为【"北京-北京"】

2024-06-28 00:15:12 开始第 3123 次操作

2024-06-28 00:15:12 开始操作号码 【1533006】
2024-06-28 00:15:29 GSD getOne 第 1 次 等待 3 秒
2024-06-28 00:15:32 查询号码 【1533006】，返回信息 {"status":"ok","msg":"北京-北京","gid":"56653","time_insert":"2021-05-03 04:22"}
2024-06-28 00:15:32 查询号码 【1533006】，GSD为【"北京-北京"】

2024-06-28 00:15:33 开始第 3124 次操作

2024-06-28 00:15:33 开始操作号码 【1533007】
2024-06-28 00:15:48 GSD getOne 第 1 次 等待 3 秒
2024-06-28 00:15:51 查询号码 【1533007】，返回信息 {"status":"ok","msg":"北京-北京","gid":"258133","time_insert":"2021-07-12 17:32"}
2024-06-28 00:15:51 查询号码 【1533007】，GSD为【"北京-北京"】

