2024-08-27 00:18:06 开始第 1365 次操作

2024-08-27 00:18:06 开始操作号码 【1421364】
2024-08-27 00:18:15 GSD getOne 第 1 次 等待 3 秒
2024-08-27 00:18:18 查询号码 【1421364】，返回信息 {"status":"ok","msg":"-","gid":"540230","time_insert":"2023-02-19 12:45"}
2024-08-27 00:18:18 查询号码 【1421364】，GSD为【"-"】
2024-08-27 00:18:18 ok && -
2024-08-27 00:18:21 CHB 1421364?1724689098 第 1 次 等待 3 秒
2024-08-27 00:18:24 CHB 1421364?1724689098 第 1 次 获取到号码【1421364】GSD
2024-08-27 00:18:24 未获取到号码【1421364】GSD，可能号码格式错误
2024-08-27 00:18:24 获取到号码【1421364】的GSD为【-】
2024-08-27 00:18:32 GSD insert 第 1 次 等待 3 秒
2024-08-27 00:18:35 {"status":"bad","gid":"540230","msg":"添加失败！号码【1421364(-|-)】已存在！"}
2024-08-27 00:18:35 随机等待 110 秒，约 1 分钟
2024-08-27 00:18:35 下次操作: 2024-08-27 00:20:25

2024-08-27 00:20:25 开始第 1366 次操作

2024-08-27 00:20:25 开始操作号码 【1421365】
2024-08-27 00:20:34 GSD getOne 第 1 次 等待 3 秒
2024-08-27 00:20:37 查询号码 【1421365】，返回信息 {"status":"ok","msg":"-","gid":"540250","time_insert":"2023-02-19 12:54"}
2024-08-27 00:20:37 查询号码 【1421365】，GSD为【"-"】
2024-08-27 00:20:37 ok && -
2024-08-27 00:20:39 CHB 1421365?1724689237 第 1 次 等待 3 秒
2024-08-27 00:20:42 CHB 1421365?1724689237 第 1 次 获取到号码【1421365】GSD
2024-08-27 00:20:42 未获取到号码【1421365】GSD，可能号码格式错误
2024-08-27 00:20:42 获取到号码【1421365】的GSD为【-】
2024-08-27 00:20:50 GSD insert 第 1 次 等待 3 秒
2024-08-27 00:20:53 {"status":"bad","gid":"540250","msg":"添加失败！号码【1421365(-|-)】已存在！"}
2024-08-27 00:20:53 随机等待 160 秒，约 2 分钟
2024-08-27 00:20:54 下次操作: 2024-08-27 00:23:33

2024-08-27 00:23:34 开始第 1367 次操作

2024-08-27 00:23:34 开始操作号码 【1421366】
2024-08-27 00:23:44 GSD getOne 第 1 次 等待 3 秒
2024-08-27 00:23:47 查询号码 【1421366】，返回信息 {"status":"ok","msg":"-","gid":"540275","time_insert":"2023-02-19 13:09"}
2024-08-27 00:23:47 查询号码 【1421366】，GSD为【"-"】
2024-08-27 00:23:47 ok && -
2024-08-27 00:23:49 CHB 1421366?1724689427 第 1 次 等待 3 秒
2024-08-27 00:23:52 CHB 1421366?1724689427 第 1 次 获取到号码【1421366】GSD
2024-08-27 00:23:52 未获取到号码【1421366】GSD，可能号码格式错误
2024-08-27 00:23:52 获取到号码【1421366】的GSD为【-】
2024-08-27 00:24:03 GSD insert 第 1 次 等待 3 秒
2024-08-27 00:24:06 {"status":"bad","gid":"540275","msg":"添加失败！号码【1421366(-|-)】已存在！"}
2024-08-27 00:24:06 随机等待 165 秒，约 2 分钟
2024-08-27 00:24:06 下次操作: 2024-08-27 00:26:51

2024-08-27 00:26:51 开始第 1368 次操作

2024-08-27 00:26:51 开始操作号码 【1421367】
2024-08-27 00:26:59 GSD getOne 第 1 次 等待 3 秒
2024-08-27 00:27:02 查询号码 【1421367】，返回信息 {"status":"ok","msg":"-","gid":"540291","time_insert":"2023-02-19 13:18"}
2024-08-27 00:27:02 查询号码 【1421367】，GSD为【"-"】
2024-08-27 00:27:02 ok && -
2024-08-27 00:27:05 CHB 1421367?1724689622 第 1 次 等待 3 秒
2024-08-27 00:27:08 CHB 1421367?1724689622 第 1 次 获取到号码【1421367】GSD
2024-08-27 00:27:08 未获取到号码【1421367】GSD，可能号码格式错误
2024-08-27 00:27:08 获取到号码【1421367】的GSD为【-】
2024-08-27 00:27:17 GSD insert 第 1 次 等待 3 秒
2024-08-27 00:27:20 {"status":"bad","gid":"540291","msg":"添加失败！号码【1421367(-|-)】已存在！"}

