2021-07-30 00:00:02 开始第 19 次操作

2021-07-30 00:00:02 开始操作号码 【1887209】
2021-07-30 00:00:05 GSD getOne 第 1 次 等待 3 秒
2021-07-30 00:00:08 查询号码 【1887209】，返回信息 {"status":"bad","msg":""}
2021-07-30 00:00:08 查询号码 【1887209】，GSD为【""】
2021-07-30 00:00:08 bad
2021-07-30 00:00:10 CHB 1887209?1627574408 第 1 次 等待 3 秒
2021-07-30 00:00:13 CHB 1887209?1627574408 第 1 次 获取到号码【1887209】GSD
2021-07-30 00:00:13 获取到号码【1887209】的GSD为【湖北-孝感】
2021-07-30 00:00:19 GSD insert 第 1 次 等待 3 秒
2021-07-30 00:00:22 {"status":"ok","gid":438549,"msg":"添加成功！"}
2021-07-30 00:00:22 下次操作: 2021-07-30 00:00:43

2021-07-30 00:00:43 开始第 20 次操作

2021-07-30 00:00:43 开始操作号码 【1887208】
2021-07-30 00:00:47 GSD getOne 第 1 次 等待 3 秒
2021-07-30 00:00:50 查询号码 【1887208】，返回信息 {"status":"bad","msg":""}
2021-07-30 00:00:50 查询号码 【1887208】，GSD为【""】
2021-07-30 00:00:50 bad
2021-07-30 00:00:52 CHB 1887208?1627574450 第 1 次 等待 3 秒
2021-07-30 00:00:55 CHB 1887208?1627574450 第 1 次 获取到号码【1887208】GSD
2021-07-30 00:00:55 获取到号码【1887208】的GSD为【湖北-孝感】
2021-07-30 00:01:00 GSD insert 第 1 次 等待 3 秒
2021-07-30 00:01:03 {"status":"ok","gid":438558,"msg":"添加成功！"}
2021-07-30 00:01:03 下次操作: 2021-07-30 00:01:21

2021-07-30 00:01:21 开始第 21 次操作

2021-07-30 00:01:21 开始操作号码 【1887207】
2021-07-30 00:01:24 GSD getOne 第 1 次 等待 3 秒
2021-07-30 00:01:27 查询号码 【1887207】，返回信息 {"status":"bad","msg":""}
2021-07-30 00:01:27 查询号码 【1887207】，GSD为【""】
2021-07-30 00:01:27 bad
2021-07-30 00:01:29 CHB 1887207?1627574487 第 1 次 等待 3 秒
2021-07-30 00:01:32 CHB 1887207?1627574487 第 1 次 获取到号码【1887207】GSD
2021-07-30 00:01:32 获取到号码【1887207】的GSD为【湖北-孝感】
2021-07-30 00:01:36 GSD insert 第 1 次 等待 3 秒
2021-07-30 00:01:39 {"status":"ok","gid":438567,"msg":"添加成功！"}
2021-07-30 00:01:39 下次操作: 2021-07-30 00:02:02

2021-07-30 00:02:02 开始第 22 次操作

2021-07-30 00:02:02 开始操作号码 【1887206】
2021-07-30 00:02:09 GSD getOne 第 1 次 等待 3 秒
2021-07-30 00:02:12 查询号码 【1887206】，返回信息 {"status":"bad","msg":""}
2021-07-30 00:02:12 查询号码 【1887206】，GSD为【""】
2021-07-30 00:02:12 bad
2021-07-30 00:02:14 CHB 1887206?1627574532 第 1 次 等待 3 秒
2021-07-30 00:02:17 CHB 1887206?1627574532 第 1 次 获取到号码【1887206】GSD
2021-07-30 00:02:17 获取到号码【1887206】的GSD为【湖北-十堰】
2021-07-30 00:02:21 GSD insert 第 1 次 等待 3 秒
2021-07-30 00:02:24 {"status":"ok","gid":438582,"msg":"添加成功！"}
2021-07-30 00:02:24 下次操作: 2021-07-30 00:02:42

2021-07-30 00:02:42 开始第 23 次操作

2021-07-30 00:02:42 开始操作号码 【1887205】
2021-07-30 00:02:46 GSD getOne 第 1 次 等待 3 秒
2021-07-30 00:02:49 查询号码 【1887205】，返回信息 {"status":"bad","msg":""}
2021-07-30 00:02:49 查询号码 【1887205】，GSD为【""】
2021-07-30 00:02:49 bad
2021-07-30 00:02:50 CHB 1887205?1627574569 第 1 次 等待 3 秒
2021-07-30 00:02:53 CHB 1887205?1627574569 第 1 次 获取到号码【1887205】GSD
2021-07-30 00:02:53 获取到号码【1887205】的GSD为【湖北-十堰】
2021-07-30 00:03:01 GSD insert 第 1 次 等待 3 秒
2021-07-30 00:03:04 {"status":"ok","gid":438592,"msg":"添加成功！"}
2021-07-30 00:03:04 下次操作: 2021-07-30 00:03:24

2021-07-30 00:03:24 开始第 24 次操作

2021-07-30 00:03:24 开始操作号码 【1887204】
2021-07-30 00:03:33 GSD getOne 第 1 次 等待 3 秒
2021-07-30 00:03:36 查询号码 【1887204】，返回信息 {"status":"ok","msg":"湖北-十堰","gid":"44366","time_insert":"2018-01-22 11:33","time_update":"2020-09-19 11:06"}
2021-07-30 00:03:36 查询号码 【1887204】，GSD为【"湖北-十堰"】

2021-07-30 00:03:36 开始第 24 次操作

2021-07-30 00:03:36 开始操作号码 【1887203】
2021-07-30 00:03:40 GSD getOne 第 1 次 等待 3 秒
2021-07-30 00:03:43 查询号码 【1887203】，返回信息 {"status":"bad","msg":""}
2021-07-30 00:03:43 查询号码 【1887203】，GSD为【""】
2021-07-30 00:03:43 bad
2021-07-30 00:03:45 CHB 1887203?1627574623 第 1 次 等待 3 秒
2021-07-30 00:03:48 CHB 1887203?1627574623 第 1 次 获取到号码【1887203】GSD
2021-07-30 00:03:48 获取到号码【1887203】的GSD为【湖北-十堰】
2021-07-30 00:03:51 GSD insert 第 1 次 等待 3 秒
2021-07-30 00:03:54 {"status":"ok","gid":438603,"msg":"添加成功！"}
2021-07-30 00:03:54 下次操作: 2021-07-30 00:04:15

2021-07-30 00:04:15 开始第 25 次操作

2021-07-30 00:04:15 开始操作号码 【1887202】
2021-07-30 00:04:21 GSD getOne 第 1 次 等待 3 秒
2021-07-30 00:04:24 查询号码 【1887202】，返回信息 {"status":"bad","msg":""}
2021-07-30 00:04:24 查询号码 【1887202】，GSD为【""】
2021-07-30 00:04:24 bad
2021-07-30 00:04:25 CHB 1887202?1627574664 第 1 次 等待 3 秒
2021-07-30 00:04:28 CHB 1887202?1627574664 第 1 次 获取到号码【1887202】GSD
2021-07-30 00:04:29 获取到号码【1887202】的GSD为【湖北-十堰】
2021-07-30 00:04:32 GSD insert 第 1 次 等待 3 秒
2021-07-30 00:04:35 {"status":"ok","gid":438612,"msg":"添加成功！"}
2021-07-30 00:04:35 下次操作: 2021-07-30 00:04:48

2021-07-30 00:04:48 开始第 26 次操作

2021-07-30 00:04:48 开始操作号码 【1887201】
2021-07-30 00:05:01 GSD getOne 第 1 次 等待 3 秒
2021-07-30 00:05:04 查询号码 【1887201】，返回信息 {"status":"bad","msg":""}
2021-07-30 00:05:04 查询号码 【1887201】，GSD为【""】
2021-07-30 00:05:04 bad
2021-07-30 00:05:10 CHB 1887201?1627574704 第 1 次 等待 3 秒
2021-07-30 00:05:13 CHB 1887201?1627574704 第 1 次 获取到号码【1887201】GSD
2021-07-30 00:05:13 获取到号码【1887201】的GSD为【湖北-十堰】
2021-07-30 00:05:16 GSD insert 第 1 次 等待 3 秒
2021-07-30 00:05:19 {"status":"ok","gid":438621,"msg":"添加成功！"}
2021-07-30 00:05:19 下次操作: 2021-07-30 00:05:41

2021-07-30 00:05:41 开始第 27 次操作

2021-07-30 00:05:41 开始操作号码 【1887200】
2021-07-30 00:05:44 GSD getOne 第 1 次 等待 3 秒
2021-07-30 00:05:47 查询号码 【1887200】，返回信息 {"status":"bad","msg":""}
2021-07-30 00:05:47 查询号码 【1887200】，GSD为【""】
2021-07-30 00:05:47 bad
2021-07-30 00:05:49 CHB 1887200?1627574747 第 1 次 等待 3 秒
2021-07-30 00:05:52 CHB 1887200?1627574747 第 1 次 获取到号码【1887200】GSD
2021-07-30 00:05:52 获取到号码【1887200】的GSD为【湖北-十堰】
2021-07-30 00:05:55 GSD insert 第 1 次 等待 3 秒
2021-07-30 00:05:58 {"status":"ok","gid":438630,"msg":"添加成功！"}
2021-07-30 00:05:58 下次操作: 2021-07-30 00:06:18

2021-07-30 00:06:18 开始第 28 次操作

2021-07-30 00:06:18 开始操作号码 【1887199】
2021-07-30 00:06:22 GSD getOne 第 1 次 等待 3 秒
2021-07-30 00:06:25 查询号码 【1887199】，返回信息 {"status":"ok","msg":"湖北-恩施","gid":"51662","time_insert":"2021-04-22 10:06"}
2021-07-30 00:06:25 查询号码 【1887199】，GSD为【"湖北-恩施"】

2021-07-30 00:06:25 开始第 28 次操作

2021-07-30 00:06:25 开始操作号码 【1887198】
2021-07-30 00:06:32 GSD getOne 第 1 次 等待 3 秒
2021-07-30 00:06:35 查询号码 【1887198】，返回信息 {"status":"bad","msg":""}
2021-07-30 00:06:35 查询号码 【1887198】，GSD为【""】
2021-07-30 00:06:35 bad
2021-07-30 00:06:37 CHB 1887198?1627574795 第 1 次 等待 3 秒
2021-07-30 00:06:40 CHB 1887198?1627574795 第 1 次 获取到号码【1887198】GSD
2021-07-30 00:06:40 获取到号码【1887198】的GSD为【湖北-十堰】
2021-07-30 00:06:44 GSD insert 第 1 次 等待 3 秒
2021-07-30 00:06:47 {"status":"ok","gid":438644,"msg":"添加成功！"}
2021-07-30 00:06:47 下次操作: 2021-07-30 00:07:02

2021-07-30 00:07:02 开始第 29 次操作

2021-07-30 00:07:02 开始操作号码 【1887197】
2021-07-30 00:07:05 GSD getOne 第 1 次 等待 3 秒
2021-07-30 00:07:08 查询号码 【1887197】，返回信息 {"status":"ok","msg":"湖北-十堰","gid":"44365","time_insert":"2017-05-08 15:24","time_update":"2020-09-19 11:02"}
2021-07-30 00:07:08 查询号码 【1887197】，GSD为【"湖北-十堰"】

2021-07-30 00:07:08 开始第 29 次操作

2021-07-30 00:07:08 开始操作号码 【1887196】
2021-07-30 00:07:11 GSD getOne 第 1 次 等待 3 秒
2021-07-30 00:07:14 查询号码 【1887196】，返回信息 {"status":"bad","msg":""}
2021-07-30 00:07:14 查询号码 【1887196】，GSD为【""】
2021-07-30 00:07:14 bad
2021-07-30 00:07:16 CHB 1887196?1627574834 第 1 次 等待 3 秒
2021-07-30 00:07:19 CHB 1887196?1627574834 第 1 次 获取到号码【1887196】GSD
2021-07-30 00:07:19 获取到号码【1887196】的GSD为【湖北-十堰】
2021-07-30 00:07:22 GSD insert 第 1 次 等待 3 秒
2021-07-30 00:07:25 {"status":"ok","gid":438655,"msg":"添加成功！"}
2021-07-30 00:07:25 下次操作: 2021-07-30 00:07:39

2021-07-30 00:07:39 开始第 30 次操作

2021-07-30 00:07:39 开始操作号码 【1887195】
2021-07-30 00:07:42 GSD getOne 第 1 次 等待 3 秒
2021-07-30 00:07:45 查询号码 【1887195】，返回信息 {"status":"bad","msg":""}
2021-07-30 00:07:45 查询号码 【1887195】，GSD为【""】
2021-07-30 00:07:45 bad
2021-07-30 00:07:48 CHB 1887195?1627574865 第 1 次 等待 3 秒
2021-07-30 00:07:51 CHB 1887195?1627574865 第 1 次 获取到号码【1887195】GSD
2021-07-30 00:07:51 获取到号码【1887195】的GSD为【湖北-十堰】
2021-07-30 00:07:55 GSD insert 第 1 次 等待 3 秒
2021-07-30 00:07:58 {"status":"ok","gid":438664,"msg":"添加成功！"}
2021-07-30 00:07:58 下次操作: 2021-07-30 00:08:15

2021-07-30 00:08:15 开始第 31 次操作

2021-07-30 00:08:15 开始操作号码 【1887194】
2021-07-30 00:08:18 GSD getOne 第 1 次 等待 3 秒
2021-07-30 00:08:21 查询号码 【1887194】，返回信息 {"status":"bad","msg":""}
2021-07-30 00:08:22 查询号码 【1887194】，GSD为【""】
2021-07-30 00:08:22 bad
2021-07-30 00:08:23 CHB 1887194?1627574902 第 1 次 等待 3 秒
2021-07-30 00:08:26 CHB 1887194?1627574902 第 1 次 获取到号码【1887194】GSD
2021-07-30 00:08:26 获取到号码【1887194】的GSD为【湖北-十堰】
2021-07-30 00:08:30 GSD insert 第 1 次 等待 3 秒
2021-07-30 00:08:33 {"status":"ok","gid":438673,"msg":"添加成功！"}
2021-07-30 00:08:33 下次操作: 2021-07-30 00:08:53

2021-07-30 00:08:53 开始第 32 次操作

2021-07-30 00:08:53 开始操作号码 【1887193】
2021-07-30 00:08:56 GSD getOne 第 1 次 等待 3 秒
2021-07-30 00:08:59 查询号码 【1887193】，返回信息 {"status":"bad","msg":""}
2021-07-30 00:08:59 查询号码 【1887193】，GSD为【""】
2021-07-30 00:08:59 bad
2021-07-30 00:09:01 CHB 1887193?1627574939 第 1 次 等待 3 秒
2021-07-30 00:09:04 CHB 1887193?1627574939 第 1 次 获取到号码【1887193】GSD
2021-07-30 00:09:04 获取到号码【1887193】的GSD为【湖北-十堰】
2021-07-30 00:09:07 GSD insert 第 1 次 等待 3 秒
2021-07-30 00:09:10 {"status":"ok","gid":438683,"msg":"添加成功！"}
2021-07-30 00:09:10 下次操作: 2021-07-30 00:09:26

2021-07-30 00:09:26 开始第 33 次操作

2021-07-30 00:09:26 开始操作号码 【1887192】
2021-07-30 00:09:31 GSD getOne 第 1 次 等待 3 秒
2021-07-30 00:09:34 查询号码 【1887192】，返回信息 {"status":"bad","msg":""}
2021-07-30 00:09:35 查询号码 【1887192】，GSD为【""】
2021-07-30 00:09:35 bad
2021-07-30 00:09:36 CHB 1887192?1627574975 第 1 次 等待 3 秒
2021-07-30 00:09:39 CHB 1887192?1627574975 第 1 次 获取到号码【1887192】GSD
2021-07-30 00:09:39 获取到号码【1887192】的GSD为【湖北-十堰】
2021-07-30 00:09:51 GSD insert 第 1 次 等待 3 秒
2021-07-30 00:09:54 {"status":"ok","gid":438693,"msg":"添加成功！"}
2021-07-30 00:09:54 下次操作: 2021-07-30 00:10:13

2021-07-30 00:10:13 开始第 34 次操作

2021-07-30 00:10:13 开始操作号码 【1887191】
2021-07-30 00:10:25 GSD getOne 第 1 次 等待 3 秒
2021-07-30 00:10:28 查询号码 【1887191】，返回信息 {"status":"bad","msg":""}
2021-07-30 00:10:29 查询号码 【1887191】，GSD为【""】
2021-07-30 00:10:29 bad
2021-07-30 00:10:30 CHB 1887191?1627575029 第 1 次 等待 3 秒
2021-07-30 00:10:33 CHB 1887191?1627575029 第 1 次 获取到号码【1887191】GSD
2021-07-30 00:10:33 获取到号码【1887191】的GSD为【湖北-十堰】
2021-07-30 00:10:38 GSD insert 第 1 次 等待 3 秒
2021-07-30 00:10:41 {"status":"ok","gid":438703,"msg":"添加成功！"}
2021-07-30 00:10:41 下次操作: 2021-07-30 00:10:58

2021-07-30 00:10:58 开始第 35 次操作

2021-07-30 00:10:58 开始操作号码 【1887190】
2021-07-30 00:11:01 GSD getOne 第 1 次 等待 3 秒
2021-07-30 00:11:04 查询号码 【1887190】，返回信息 {"status":"bad","msg":""}
2021-07-30 00:11:05 查询号码 【1887190】，GSD为【""】
2021-07-30 00:11:05 bad
2021-07-30 00:11:06 CHB 1887190?1627575065 第 1 次 等待 3 秒
2021-07-30 00:11:09 CHB 1887190?1627575065 第 1 次 获取到号码【1887190】GSD
2021-07-30 00:11:09 获取到号码【1887190】的GSD为【湖北-十堰】
2021-07-30 00:11:23 GSD insert 第 1 次 等待 3 秒
2021-07-30 00:11:26 {"status":"ok","gid":438712,"msg":"添加成功！"}
2021-07-30 00:11:26 下次操作: 2021-07-30 00:11:42

2021-07-30 00:11:42 开始第 36 次操作

2021-07-30 00:11:42 开始操作号码 【1887189】
2021-07-30 00:11:46 GSD getOne 第 1 次 等待 3 秒
2021-07-30 00:11:49 查询号码 【1887189】，返回信息 {"status":"bad","msg":""}
2021-07-30 00:11:49 查询号码 【1887189】，GSD为【""】
2021-07-30 00:11:49 bad
2021-07-30 00:11:51 CHB 1887189?1627575109 第 1 次 等待 3 秒
2021-07-30 00:11:54 CHB 1887189?1627575109 第 1 次 获取到号码【1887189】GSD
2021-07-30 00:11:54 获取到号码【1887189】的GSD为【湖北-荆州】
2021-07-30 00:11:59 GSD insert 第 1 次 等待 3 秒
2021-07-30 00:12:02 {"status":"ok","gid":438722,"msg":"添加成功！"}
2021-07-30 00:12:02 下次操作: 2021-07-30 00:12:18

2021-07-30 00:12:18 开始第 37 次操作

2021-07-30 00:12:18 开始操作号码 【1887188】
2021-07-30 00:12:22 GSD getOne 第 1 次 等待 3 秒
2021-07-30 00:12:25 查询号码 【1887188】，返回信息 {"status":"bad","msg":""}
2021-07-30 00:12:25 查询号码 【1887188】，GSD为【""】
2021-07-30 00:12:25 bad
2021-07-30 00:12:27 CHB 1887188?1627575145 第 1 次 等待 3 秒
2021-07-30 00:12:30 CHB 1887188?1627575145 第 1 次 获取到号码【1887188】GSD
2021-07-30 00:12:30 获取到号码【1887188】的GSD为【湖北-武汉】
2021-07-30 00:12:33 GSD insert 第 1 次 等待 3 秒
2021-07-30 00:12:36 {"status":"ok","gid":438730,"msg":"添加成功！"}
2021-07-30 00:12:36 下次操作: 2021-07-30 00:12:56

2021-07-30 00:12:56 开始第 38 次操作

2021-07-30 00:12:56 开始操作号码 【1887187】
2021-07-30 00:12:59 GSD getOne 第 1 次 等待 3 秒
2021-07-30 00:13:02 查询号码 【1887187】，返回信息 {"status":"bad","msg":""}
2021-07-30 00:13:02 查询号码 【1887187】，GSD为【""】
2021-07-30 00:13:02 bad
2021-07-30 00:13:04 CHB 1887187?1627575182 第 1 次 等待 3 秒
2021-07-30 00:13:07 CHB 1887187?1627575182 第 1 次 获取到号码【1887187】GSD
2021-07-30 00:13:07 获取到号码【1887187】的GSD为【湖北-武汉】
2021-07-30 00:13:11 GSD insert 第 1 次 等待 3 秒
2021-07-30 00:13:14 {"status":"ok","gid":438738,"msg":"添加成功！"}
2021-07-30 00:13:14 下次操作: 2021-07-30 00:13:27

2021-07-30 00:13:27 开始第 39 次操作

2021-07-30 00:13:27 开始操作号码 【1887186】
2021-07-30 00:13:52 GSD getOne 第 1 次 等待 3 秒
2021-07-30 00:13:55 查询号码 【1887186】，返回信息 {"status":"bad","msg":""}
2021-07-30 00:13:55 查询号码 【1887186】，GSD为【""】
2021-07-30 00:13:55 bad
2021-07-30 00:14:00 CHB 1887186?1627575235 第 1 次 等待 3 秒
2021-07-30 00:14:03 CHB 1887186?1627575235 第 1 次 获取到号码【1887186】GSD
2021-07-30 00:14:04 获取到号码【1887186】的GSD为【湖北-武汉】
2021-07-30 00:14:10 GSD insert 第 1 次 等待 3 秒
2021-07-30 00:14:13 {"status":"ok","gid":438747,"msg":"添加成功！"}
2021-07-30 00:14:13 下次操作: 2021-07-30 00:14:35

2021-07-30 00:14:35 开始第 40 次操作

2021-07-30 00:14:35 开始操作号码 【1887185】
2021-07-30 00:14:41 GSD getOne 第 1 次 等待 3 秒
2021-07-30 00:14:44 查询号码 【1887185】，返回信息 {"status":"bad","msg":""}
2021-07-30 00:14:44 查询号码 【1887185】，GSD为【""】
2021-07-30 00:14:44 bad
2021-07-30 00:14:46 CHB 1887185?1627575284 第 1 次 等待 3 秒
2021-07-30 00:14:49 CHB 1887185?1627575284 第 1 次 获取到号码【1887185】GSD
2021-07-30 00:14:49 获取到号码【1887185】的GSD为【湖北-武汉】
2021-07-30 00:14:53 GSD insert 第 1 次 等待 3 秒
2021-07-30 00:14:56 {"status":"ok","gid":438753,"msg":"添加成功！"}

