2024-10-04 00:17:49 开始第 7937 次操作

2024-10-04 00:17:49 开始操作号码 【1427933】
2024-10-04 00:17:55 GSD getOne 第 1 次 等待 3 秒
2024-10-04 00:17:58 查询号码 【1427933】，返回信息 {"status":"ok","msg":"-","gid":"686423","time_insert":"2023-04-30 07:49"}
2024-10-04 00:17:58 查询号码 【1427933】，GSD为【"-"】
2024-10-04 00:17:58 ok && -
2024-10-04 00:18:02 CHB 1427933?1727972278 第 1 次 等待 3 秒
2024-10-04 00:18:05 CHB 1427933?1727972278 第 1 次 获取到号码【1427933】GSD
2024-10-04 00:18:05 未获取到号码【1427933】GSD，可能号码格式错误
2024-10-04 00:18:05 获取到号码【1427933】的GSD为【-】
2024-10-04 00:18:07 GSD insert 第 1 次 等待 3 秒
2024-10-04 00:18:10 {"status":"bad","gid":"686423","msg":"添加失败！号码【1427933(-|-)】已存在！"}
2024-10-04 00:18:10 随机等待 199 秒，约 3 分钟
2024-10-04 00:18:10 下次操作: 2024-10-04 00:21:29

2024-10-04 00:21:29 开始第 7938 次操作

2024-10-04 00:21:29 开始操作号码 【1427934】
2024-10-04 00:21:32 GSD getOne 第 1 次 等待 3 秒
2024-10-04 00:21:35 查询号码 【1427934】，返回信息 {"status":"ok","msg":"-","gid":"686447","time_insert":"2023-04-30 08:04"}
2024-10-04 00:21:35 查询号码 【1427934】，GSD为【"-"】
2024-10-04 00:21:35 ok && -
2024-10-04 00:23:36 CHB 1427934?1727972495 第 1 次 等待 3 秒
2024-10-04 00:23:39 CHB 1427934?1727972495 第 1 次 获取到号码【1427934】GSD
2024-10-04 00:23:39 未获取到号码【1427934】GSD，可能号码格式错误
2024-10-04 00:23:39 获取到号码【1427934】的GSD为【-】
2024-10-04 00:23:41 GSD insert 第 1 次 等待 3 秒
2024-10-04 00:23:44 {"status":"bad","gid":"686447","msg":"添加失败！号码【1427934(-|-)】已存在！"}
2024-10-04 00:23:44 随机等待 231 秒，约 3 分钟
2024-10-04 00:23:44 下次操作: 2024-10-04 00:27:35

2024-10-04 00:27:35 开始第 7939 次操作

2024-10-04 00:27:35 开始操作号码 【1427935】
2024-10-04 00:27:38 GSD getOne 第 1 次 等待 3 秒
2024-10-04 00:27:41 查询号码 【1427935】，返回信息 {"status":"ok","msg":"-","gid":"686463","time_insert":"2023-04-30 08:22"}
2024-10-04 00:27:41 查询号码 【1427935】，GSD为【"-"】
2024-10-04 00:27:41 ok && -
2024-10-04 00:27:43 CHB 1427935?1727972861 第 1 次 等待 3 秒
2024-10-04 00:27:46 CHB 1427935?1727972861 第 1 次 获取到号码【1427935】GSD
2024-10-04 00:27:46 未获取到号码【1427935】GSD，可能号码格式错误
2024-10-04 00:27:46 获取到号码【1427935】的GSD为【-】
2024-10-04 00:27:48 GSD insert 第 1 次 等待 3 秒
2024-10-04 00:27:51 {"status":"bad","gid":"686463","msg":"添加失败！号码【1427935(-|-)】已存在！"}
2024-10-04 00:27:51 随机等待 73 秒，约 1 分钟
2024-10-04 00:27:51 下次操作: 2024-10-04 00:29:04

2024-10-04 00:29:04 开始第 7940 次操作

2024-10-04 00:29:04 开始操作号码 【1427936】
2024-10-04 00:29:06 GSD getOne 第 1 次 等待 3 秒
2024-10-04 00:29:09 查询号码 【1427936】，返回信息 {"status":"ok","msg":"-","gid":"686476","time_insert":"2023-04-30 08:33"}
2024-10-04 00:29:09 查询号码 【1427936】，GSD为【"-"】
2024-10-04 00:29:09 ok && -
2024-10-04 00:29:10 CHB 1427936?1727972949 第 1 次 等待 3 秒
2024-10-04 00:29:13 CHB 1427936?1727972949 第 1 次 获取到号码【1427936】GSD
2024-10-04 00:29:13 未获取到号码【1427936】GSD，可能号码格式错误
2024-10-04 00:29:13 获取到号码【1427936】的GSD为【-】
2024-10-04 00:29:15 GSD insert 第 1 次 等待 3 秒
2024-10-04 00:29:18 {"status":"bad","gid":"686476","msg":"添加失败！号码【1427936(-|-)】已存在！"}

