2023-12-15 00:12:14 开始第 3337 次操作

2023-12-15 00:12:14 开始操作号码 【1863230】
2023-12-15 00:12:22 GSD getOne 第 1 次 等待 3 秒
2023-12-15 00:12:25 查询号码 【1863230】，返回信息 {"status":"ok","msg":"河北-张家口","gid":"480194","time_insert":"2021-08-02 15:07"}
2023-12-15 00:12:25 查询号码 【1863230】，GSD为【"河北-张家口"】

2023-12-15 00:12:26 开始第 3338 次操作

2023-12-15 00:12:26 开始操作号码 【1863231】
2023-12-15 00:12:30 GSD getOne 第 1 次 等待 3 秒
2023-12-15 00:12:33 查询号码 【1863231】，返回信息 {"status":"ok","msg":"河北-张家口","gid":"40755","time_insert":"2017-05-01 00:00","time_update":"2020-08-18 19:57"}
2023-12-15 00:12:33 查询号码 【1863231】，GSD为【"河北-张家口"】

2023-12-15 00:12:34 开始第 3339 次操作

2023-12-15 00:12:34 开始操作号码 【1863232】
2023-12-15 00:12:37 GSD getOne 第 1 次 等待 3 秒
2023-12-15 00:12:40 查询号码 【1863232】，返回信息 {"status":"ok","msg":"河北-张家口","gid":"480182","time_insert":"2021-08-02 15:07"}
2023-12-15 00:12:40 查询号码 【1863232】，GSD为【"河北-张家口"】

2023-12-15 00:12:41 开始第 3340 次操作

2023-12-15 00:12:41 开始操作号码 【1863233】
2023-12-15 00:12:45 GSD getOne 第 1 次 等待 3 秒
2023-12-15 00:12:48 查询号码 【1863233】，返回信息 {"status":"ok","msg":"河北-张家口","gid":"480169","time_insert":"2021-08-02 15:06"}
2023-12-15 00:12:48 查询号码 【1863233】，GSD为【"河北-张家口"】

