2024-05-18 00:13:32 开始第 9745 次操作

2024-05-18 00:13:32 开始操作号码 【1649627】
2024-05-18 00:13:38 GSD getOne 第 1 次 等待 3 秒
2024-05-18 00:13:41 查询号码 【1649627】，返回信息 {"status":"ok","msg":"-","gid":"660002","time_insert":"2023-04-17 12:38"}
2024-05-18 00:13:41 查询号码 【1649627】，GSD为【"-"】
2024-05-18 00:13:41 ok && -
2024-05-18 00:13:45 CHB 1649627?1715962421 第 1 次 等待 3 秒
2024-05-18 00:13:48 CHB 1649627?1715962421 第 1 次 获取到号码【1649627】GSD
2024-05-18 00:13:48 未获取到号码【1649627】GSD，可能号码格式错误
2024-05-18 00:13:48 获取到号码【1649627】的GSD为【-】
2024-05-18 00:13:56 GSD insert 第 1 次 等待 3 秒
2024-05-18 00:13:59 {"status":"bad","gid":"660002","msg":"添加失败！号码【1649627(-|-)】已存在！"}
2024-05-18 00:13:59 随机等待 175 秒，约 2 分钟
2024-05-18 00:13:59 下次操作: 2024-05-18 00:16:54

2024-05-18 00:16:54 开始第 9746 次操作

2024-05-18 00:16:54 开始操作号码 【1649628】
2024-05-18 00:17:01 GSD getOne 第 1 次 等待 3 秒
2024-05-18 00:17:04 查询号码 【1649628】，返回信息 {"status":"ok","msg":"-","gid":"659998","time_insert":"2023-04-17 12:37"}
2024-05-18 00:17:04 查询号码 【1649628】，GSD为【"-"】
2024-05-18 00:17:04 ok && -
2024-05-18 00:17:07 CHB 1649628?1715962624 第 1 次 等待 3 秒
2024-05-18 00:17:10 CHB 1649628?1715962624 第 1 次 获取到号码【1649628】GSD
2024-05-18 00:17:10 未获取到号码【1649628】GSD，可能号码格式错误
2024-05-18 00:17:10 获取到号码【1649628】的GSD为【-】
2024-05-18 00:17:15 GSD insert 第 1 次 等待 3 秒
2024-05-18 00:17:18 {"status":"bad","gid":"659998","msg":"添加失败！号码【1649628(-|-)】已存在！"}
2024-05-18 00:17:18 随机等待 124 秒，约 2 分钟
2024-05-18 00:17:18 下次操作: 2024-05-18 00:19:22

2024-05-18 00:19:22 开始第 9747 次操作

2024-05-18 00:19:22 开始操作号码 【1649629】
2024-05-18 00:19:27 GSD getOne 第 1 次 等待 3 秒
2024-05-18 00:19:30 查询号码 【1649629】，返回信息 {"status":"ok","msg":"-","gid":"659993","time_insert":"2023-04-17 12:34"}
2024-05-18 00:19:30 查询号码 【1649629】，GSD为【"-"】
2024-05-18 00:19:30 ok && -
2024-05-18 00:19:33 CHB 1649629?1715962770 第 1 次 等待 3 秒
2024-05-18 00:19:36 CHB 1649629?1715962770 第 1 次 获取到号码【1649629】GSD
2024-05-18 00:19:36 未获取到号码【1649629】GSD，可能号码格式错误
2024-05-18 00:19:36 获取到号码【1649629】的GSD为【-】
2024-05-18 00:19:48 GSD insert 第 1 次 等待 3 秒
2024-05-18 00:19:51 {"status":"bad","gid":"659993","msg":"添加失败！号码【1649629(-|-)】已存在！"}
2024-05-18 00:19:51 随机等待 183 秒，约 3 分钟
2024-05-18 00:19:51 下次操作: 2024-05-18 00:22:54

2024-05-18 00:22:54 开始第 9748 次操作

2024-05-18 00:22:54 开始操作号码 【1649630】
2024-05-18 00:23:02 GSD getOne 第 1 次 等待 3 秒
2024-05-18 00:23:05 查询号码 【1649630】，返回信息 {"status":"ok","msg":"-","gid":"659990","time_insert":"2023-04-17 12:33"}
2024-05-18 00:23:05 查询号码 【1649630】，GSD为【"-"】
2024-05-18 00:23:05 ok && -
2024-05-18 00:23:07 CHB 1649630?1715962985 第 1 次 等待 3 秒
2024-05-18 00:23:10 CHB 1649630?1715962985 第 1 次 获取到号码【1649630】GSD
2024-05-18 00:23:10 未获取到号码【1649630】GSD，可能号码格式错误
2024-05-18 00:23:10 获取到号码【1649630】的GSD为【-】
2024-05-18 00:23:23 GSD insert 第 1 次 等待 3 秒
2024-05-18 00:23:26 {"status":"bad","gid":"659990","msg":"添加失败！号码【1649630(-|-)】已存在！"}

2024-05-18 00:38:02 开始第 9749 次操作

2024-05-18 00:38:02 开始操作号码 【1649631】
2024-05-18 00:38:11 GSD getOne 第 1 次 等待 3 秒
2024-05-18 00:38:14 查询号码 【1649631】，返回信息 {"status":"ok","msg":"-","gid":"659987","time_insert":"2023-04-17 12:30"}
2024-05-18 00:38:14 查询号码 【1649631】，GSD为【"-"】
2024-05-18 00:38:14 ok && -
2024-05-18 00:38:16 CHB 1649631?1715963894 第 1 次 等待 3 秒
2024-05-18 00:38:19 CHB 1649631?1715963894 第 1 次 获取到号码【1649631】GSD
2024-05-18 00:38:19 未获取到号码【1649631】GSD，可能号码格式错误
2024-05-18 00:38:19 获取到号码【1649631】的GSD为【-】
2024-05-18 00:38:39 GSD insert 第 1 次 等待 3 秒
2024-05-18 00:38:42 {"status":"bad","gid":"659987","msg":"添加失败！号码【1649631(-|-)】已存在！"}
2024-05-18 00:38:42 随机等待 87 秒，约 1 分钟
2024-05-18 00:38:42 下次操作: 2024-05-18 00:40:09

2024-05-18 00:40:09 开始第 9750 次操作

2024-05-18 00:40:09 开始操作号码 【1649632】
2024-05-18 00:40:15 GSD getOne 第 1 次 等待 3 秒
2024-05-18 00:40:18 查询号码 【1649632】，返回信息 {"status":"ok","msg":"-","gid":"659972","time_insert":"2023-04-17 12:18"}
2024-05-18 00:40:18 查询号码 【1649632】，GSD为【"-"】
2024-05-18 00:40:18 ok && -
2024-05-18 00:40:21 CHB 1649632?1715964018 第 1 次 等待 3 秒
2024-05-18 00:40:24 CHB 1649632?1715964018 第 1 次 获取到号码【1649632】GSD
2024-05-18 00:40:24 未获取到号码【1649632】GSD，可能号码格式错误
2024-05-18 00:40:24 获取到号码【1649632】的GSD为【-】
2024-05-18 00:40:29 GSD insert 第 1 次 等待 3 秒
2024-05-18 00:40:32 {"status":"bad","gid":"659972","msg":"添加失败！号码【1649632(-|-)】已存在！"}
2024-05-18 00:40:32 随机等待 229 秒，约 3 分钟
2024-05-18 00:40:32 下次操作: 2024-05-18 00:44:21

2024-05-18 00:44:21 开始第 9751 次操作

2024-05-18 00:44:21 开始操作号码 【1649633】
2024-05-18 00:44:28 GSD getOne 第 1 次 等待 3 秒
2024-05-18 00:44:31 查询号码 【1649633】，返回信息 {"status":"ok","msg":"-","gid":"659965","time_insert":"2023-04-17 12:16"}
2024-05-18 00:44:32 查询号码 【1649633】，GSD为【"-"】
2024-05-18 00:44:32 ok && -
2024-05-18 00:44:34 CHB 1649633?1715964272 第 1 次 等待 3 秒
2024-05-18 00:44:37 CHB 1649633?1715964272 第 1 次 获取到号码【1649633】GSD
2024-05-18 00:44:37 未获取到号码【1649633】GSD，可能号码格式错误
2024-05-18 00:44:37 获取到号码【1649633】的GSD为【-】
2024-05-18 00:44:46 GSD insert 第 1 次 等待 3 秒
2024-05-18 00:44:49 {"status":"bad","gid":"659965","msg":"添加失败！号码【1649633(-|-)】已存在！"}
2024-05-18 00:44:49 随机等待 170 秒，约 2 分钟
2024-05-18 00:44:49 下次操作: 2024-05-18 00:47:39

2024-05-18 00:47:39 开始第 9752 次操作

2024-05-18 00:47:39 开始操作号码 【1649634】
2024-05-18 00:47:46 GSD getOne 第 1 次 等待 3 秒
2024-05-18 00:47:49 查询号码 【1649634】，返回信息 {"status":"ok","msg":"-","gid":"659960","time_insert":"2023-04-17 12:13"}
2024-05-18 00:47:49 查询号码 【1649634】，GSD为【"-"】
2024-05-18 00:47:49 ok && -
2024-05-18 00:47:52 CHB 1649634?1715964469 第 1 次 等待 3 秒
2024-05-18 00:47:55 CHB 1649634?1715964469 第 1 次 获取到号码【1649634】GSD
2024-05-18 00:47:55 未获取到号码【1649634】GSD，可能号码格式错误
2024-05-18 00:47:55 获取到号码【1649634】的GSD为【-】
2024-05-18 00:48:00 GSD insert 第 1 次 等待 3 秒
2024-05-18 00:48:03 {"status":"bad","gid":"659960","msg":"添加失败！号码【1649634(-|-)】已存在！"}

