2023-10-21 00:13:18 开始第 4321 次操作

2023-10-21 00:13:18 开始操作号码 【1964225】
2023-10-21 00:13:20 GSD getOne 第 1 次 等待 3 秒
2023-10-21 00:13:23 查询号码 【1964225】，返回信息 {"status":"ok","msg":"-","gid":"561309","time_insert":"2023-02-28 17:18"}
2023-10-21 00:13:23 查询号码 【1964225】，GSD为【"-"】
2023-10-21 00:13:23 ok && -
2023-10-21 00:13:26 CHB 1964225?1697818403 第 1 次 等待 3 秒
2023-10-21 00:13:29 CHB 1964225?1697818403 第 1 次 获取到号码【1964225】GSD
2023-10-21 00:13:29 未获取到号码【1964225】GSD，可能号码格式错误
2023-10-21 00:13:29 获取到号码【1964225】的GSD为【-】
2023-10-21 00:13:34 GSD insert 第 1 次 等待 3 秒
2023-10-21 00:13:37 {"status":"bad","gid":"561309","msg":"添加失败！号码【1964225(-|-)】已存在！"}
2023-10-21 00:13:37 随机等待 100 秒，约 1 分钟
2023-10-21 00:13:37 下次操作: 2023-10-21 00:15:17

2023-10-21 00:15:17 开始第 4322 次操作

2023-10-21 00:15:17 开始操作号码 【1964226】
2023-10-21 00:15:21 GSD getOne 第 1 次 等待 3 秒
2023-10-21 00:15:24 查询号码 【1964226】，返回信息 {"status":"ok","msg":"-","gid":"561327","time_insert":"2023-02-28 17:29"}
2023-10-21 00:15:24 查询号码 【1964226】，GSD为【"-"】
2023-10-21 00:15:24 ok && -
2023-10-21 00:15:26 CHB 1964226?1697818524 第 1 次 等待 3 秒
2023-10-21 00:15:29 CHB 1964226?1697818524 第 1 次 获取到号码【1964226】GSD
2023-10-21 00:15:29 未获取到号码【1964226】GSD，可能号码格式错误
2023-10-21 00:15:29 获取到号码【1964226】的GSD为【-】
2023-10-21 00:15:31 GSD insert 第 1 次 等待 3 秒
2023-10-21 00:15:34 {"status":"bad","gid":"561327","msg":"添加失败！号码【1964226(-|-)】已存在！"}
2023-10-21 00:15:34 随机等待 82 秒，约 1 分钟
2023-10-21 00:15:34 下次操作: 2023-10-21 00:16:56

2023-10-21 00:16:56 开始第 4323 次操作

2023-10-21 00:16:56 开始操作号码 【1964227】
2023-10-21 00:16:59 GSD getOne 第 1 次 等待 3 秒
2023-10-21 00:17:02 查询号码 【1964227】，返回信息 {"status":"ok","msg":"-","gid":"561331","time_insert":"2023-02-28 17:31"}
2023-10-21 00:17:02 查询号码 【1964227】，GSD为【"-"】
2023-10-21 00:17:02 ok && -
2023-10-21 00:17:03 CHB 1964227?1697818622 第 1 次 等待 3 秒
2023-10-21 00:17:06 CHB 1964227?1697818622 第 1 次 获取到号码【1964227】GSD
2023-10-21 00:17:07 未获取到号码【1964227】GSD，可能号码格式错误
2023-10-21 00:17:07 获取到号码【1964227】的GSD为【-】
2023-10-21 00:17:12 GSD insert 第 1 次 等待 3 秒
2023-10-21 00:17:15 {"status":"bad","gid":"561331","msg":"添加失败！号码【1964227(-|-)】已存在！"}
2023-10-21 00:17:15 随机等待 175 秒，约 2 分钟
2023-10-21 00:17:15 下次操作: 2023-10-21 00:20:10

2023-10-21 00:20:10 开始第 4324 次操作

2023-10-21 00:20:10 开始操作号码 【1964228】
2023-10-21 00:20:12 GSD getOne 第 1 次 等待 3 秒
2023-10-21 00:20:15 查询号码 【1964228】，返回信息 {"status":"ok","msg":"-","gid":"561339","time_insert":"2023-02-28 17:35"}
2023-10-21 00:20:15 查询号码 【1964228】，GSD为【"-"】
2023-10-21 00:20:15 ok && -
2023-10-21 00:20:16 CHB 1964228?1697818815 第 1 次 等待 3 秒
2023-10-21 00:20:19 CHB 1964228?1697818815 第 1 次 获取到号码【1964228】GSD
2023-10-21 00:20:19 未获取到号码【1964228】GSD，可能号码格式错误
2023-10-21 00:20:19 获取到号码【1964228】的GSD为【-】
2023-10-21 00:20:23 GSD insert 第 1 次 等待 3 秒
2023-10-21 00:20:27 {"status":"bad","gid":"561339","msg":"添加失败！号码【1964228(-|-)】已存在！"}

