2024-08-23 00:16:20 开始第 645 次操作

2024-08-23 00:16:20 开始操作号码 【1420644】
2024-08-23 00:16:28 GSD getOne 第 1 次 等待 3 秒
2024-08-23 00:16:31 查询号码 【1420644】，返回信息 {"status":"ok","msg":"-","gid":"528153","time_insert":"2023-02-13 00:36"}
2024-08-23 00:16:31 查询号码 【1420644】，GSD为【"-"】
2024-08-23 00:16:31 ok && -
2024-08-23 00:16:34 CHB 1420644?1724343391 第 1 次 等待 3 秒
2024-08-23 00:16:37 CHB 1420644?1724343391 第 1 次 获取到号码【1420644】GSD
2024-08-23 00:16:37 未获取到号码【1420644】GSD，可能号码格式错误
2024-08-23 00:16:37 获取到号码【1420644】的GSD为【-】
2024-08-23 00:16:44 GSD insert 第 1 次 等待 3 秒
2024-08-23 00:16:47 {"status":"bad","gid":"528153","msg":"添加失败！号码【1420644(-|-)】已存在！"}
2024-08-23 00:16:47 随机等待 125 秒，约 2 分钟
2024-08-23 00:16:47 下次操作: 2024-08-23 00:18:52

2024-08-23 00:18:52 开始第 646 次操作

2024-08-23 00:18:52 开始操作号码 【1420645】
2024-08-23 00:19:00 GSD getOne 第 1 次 等待 3 秒
2024-08-23 00:19:03 查询号码 【1420645】，返回信息 {"status":"ok","msg":"-","gid":"528166","time_insert":"2023-02-13 00:48"}
2024-08-23 00:19:03 查询号码 【1420645】，GSD为【"-"】
2024-08-23 00:19:03 ok && -
2024-08-23 00:19:05 CHB 1420645?1724343543 第 1 次 等待 3 秒
2024-08-23 00:19:08 CHB 1420645?1724343543 第 1 次 获取到号码【1420645】GSD
2024-08-23 00:19:08 未获取到号码【1420645】GSD，可能号码格式错误
2024-08-23 00:19:08 获取到号码【1420645】的GSD为【-】
2024-08-23 00:19:16 GSD insert 第 1 次 等待 3 秒
2024-08-23 00:19:19 {"status":"bad","gid":"528166","msg":"添加失败！号码【1420645(-|-)】已存在！"}
2024-08-23 00:19:19 随机等待 180 秒，约 3 分钟
2024-08-23 00:19:19 下次操作: 2024-08-23 00:22:19

2024-08-23 00:22:19 开始第 647 次操作

2024-08-23 00:22:19 开始操作号码 【1420646】
2024-08-23 00:22:28 GSD getOne 第 1 次 等待 3 秒
2024-08-23 00:22:31 查询号码 【1420646】，返回信息 {"status":"ok","msg":"-","gid":"528179","time_insert":"2023-02-13 01:01"}
2024-08-23 00:22:31 查询号码 【1420646】，GSD为【"-"】
2024-08-23 00:22:31 ok && -
2024-08-23 00:22:33 CHB 1420646?1724343751 第 1 次 等待 3 秒
2024-08-23 00:22:36 CHB 1420646?1724343751 第 1 次 获取到号码【1420646】GSD
2024-08-23 00:22:36 未获取到号码【1420646】GSD，可能号码格式错误
2024-08-23 00:22:36 获取到号码【1420646】的GSD为【-】
2024-08-23 00:22:44 GSD insert 第 1 次 等待 3 秒
2024-08-23 00:22:47 {"status":"bad","gid":"528179","msg":"添加失败！号码【1420646(-|-)】已存在！"}
2024-08-23 00:22:47 随机等待 159 秒，约 2 分钟
2024-08-23 00:22:47 下次操作: 2024-08-23 00:25:26

2024-08-23 00:25:26 开始第 648 次操作

2024-08-23 00:25:26 开始操作号码 【1420647】
2024-08-23 00:25:34 GSD getOne 第 1 次 等待 3 秒
2024-08-23 00:25:37 查询号码 【1420647】，返回信息 {"status":"ok","msg":"-","gid":"528193","time_insert":"2023-02-13 01:16"}
2024-08-23 00:25:37 查询号码 【1420647】，GSD为【"-"】
2024-08-23 00:25:37 ok && -
2024-08-23 00:25:39 CHB 1420647?1724343937 第 1 次 等待 3 秒
2024-08-23 00:25:42 CHB 1420647?1724343937 第 1 次 获取到号码【1420647】GSD
2024-08-23 00:25:43 未获取到号码【1420647】GSD，可能号码格式错误
2024-08-23 00:25:43 获取到号码【1420647】的GSD为【-】
2024-08-23 00:25:50 GSD insert 第 1 次 等待 3 秒
2024-08-23 00:25:53 {"status":"bad","gid":"528193","msg":"添加失败！号码【1420647(-|-)】已存在！"}

2024-08-23 00:43:10 开始第 649 次操作

2024-08-23 00:43:10 开始操作号码 【1420648】
2024-08-23 00:43:30 GSD getOne 第 1 次 等待 3 秒
2024-08-23 00:43:33 查询号码 【1420648】，返回信息 {"status":"ok","msg":"-","gid":"528206","time_insert":"2023-02-13 01:30"}
2024-08-23 00:43:33 查询号码 【1420648】，GSD为【"-"】
2024-08-23 00:43:33 ok && -
2024-08-23 00:43:35 CHB 1420648?1724345013 第 1 次 等待 3 秒
2024-08-23 00:43:38 CHB 1420648?1724345013 第 1 次 获取到号码【1420648】GSD
2024-08-23 00:43:38 未获取到号码【1420648】GSD，可能号码格式错误
2024-08-23 00:43:38 获取到号码【1420648】的GSD为【-】
2024-08-23 00:43:47 GSD insert 第 1 次 等待 3 秒
2024-08-23 00:43:50 {"status":"bad","gid":"528206","msg":"添加失败！号码【1420648(-|-)】已存在！"}
2024-08-23 00:43:50 随机等待 183 秒，约 3 分钟
2024-08-23 00:43:50 下次操作: 2024-08-23 00:46:53

2024-08-23 00:46:53 开始第 650 次操作

2024-08-23 00:46:53 开始操作号码 【1420649】
2024-08-23 00:47:04 GSD getOne 第 1 次 等待 3 秒
2024-08-23 00:47:07 查询号码 【1420649】，返回信息 {"status":"ok","msg":"-","gid":"528221","time_insert":"2023-02-13 01:45"}
2024-08-23 00:47:07 查询号码 【1420649】，GSD为【"-"】
2024-08-23 00:47:07 ok && -
2024-08-23 00:47:09 CHB 1420649?1724345227 第 1 次 等待 3 秒
2024-08-23 00:47:12 CHB 1420649?1724345227 第 1 次 获取到号码【1420649】GSD
2024-08-23 00:47:12 未获取到号码【1420649】GSD，可能号码格式错误
2024-08-23 00:47:12 获取到号码【1420649】的GSD为【-】
2024-08-23 00:47:20 GSD insert 第 1 次 等待 3 秒
2024-08-23 00:47:23 {"status":"bad","gid":"528221","msg":"添加失败！号码【1420649(-|-)】已存在！"}
2024-08-23 00:47:23 随机等待 133 秒，约 2 分钟
2024-08-23 00:47:23 下次操作: 2024-08-23 00:49:36

2024-08-23 00:49:36 开始第 651 次操作

2024-08-23 00:49:36 开始操作号码 【1420650】
2024-08-23 00:49:44 GSD getOne 第 1 次 等待 3 秒
2024-08-23 00:49:47 查询号码 【1420650】，返回信息 {"status":"ok","msg":"-","gid":"528235","time_insert":"2023-02-13 02:00"}
2024-08-23 00:49:48 查询号码 【1420650】，GSD为【"-"】
2024-08-23 00:49:48 ok && -
2024-08-23 00:49:50 CHB 1420650?1724345388 第 1 次 等待 3 秒
2024-08-23 00:49:53 CHB 1420650?1724345388 第 1 次 获取到号码【1420650】GSD
2024-08-23 00:49:53 未获取到号码【1420650】GSD，可能号码格式错误
2024-08-23 00:49:53 获取到号码【1420650】的GSD为【-】
2024-08-23 00:50:01 GSD insert 第 1 次 等待 3 秒
2024-08-23 00:50:04 {"status":"bad","gid":"528235","msg":"添加失败！号码【1420650(-|-)】已存在！"}
2024-08-23 00:50:04 随机等待 121 秒，约 2 分钟
2024-08-23 00:50:04 下次操作: 2024-08-23 00:52:05

2024-08-23 00:52:05 开始第 652 次操作

2024-08-23 00:52:05 开始操作号码 【1420651】
2024-08-23 00:52:13 GSD getOne 第 1 次 等待 3 秒
2024-08-23 00:52:16 查询号码 【1420651】，返回信息 {"status":"ok","msg":"-","gid":"528251","time_insert":"2023-02-13 02:14"}
2024-08-23 00:52:16 查询号码 【1420651】，GSD为【"-"】
2024-08-23 00:52:16 ok && -
2024-08-23 00:52:18 CHB 1420651?1724345536 第 1 次 等待 3 秒
2024-08-23 00:52:21 CHB 1420651?1724345536 第 1 次 获取到号码【1420651】GSD
2024-08-23 00:52:21 未获取到号码【1420651】GSD，可能号码格式错误
2024-08-23 00:52:21 获取到号码【1420651】的GSD为【-】
2024-08-23 00:52:30 GSD insert 第 1 次 等待 3 秒
2024-08-23 00:52:33 {"status":"bad","gid":"528251","msg":"添加失败！号码【1420651(-|-)】已存在！"}

