2024-07-31 00:15:38 开始第 9053 次操作

2024-07-31 00:15:38 开始操作号码 【1538935】
2024-07-31 00:15:46 GSD getOne 第 1 次 等待 3 秒
2024-07-31 00:15:49 查询号码 【1538935】，返回信息 {"status":"ok","msg":"陕西-咸阳","gid":"377366","time_insert":"2021-07-24 13:03"}
2024-07-31 00:15:49 查询号码 【1538935】，GSD为【"陕西-咸阳"】

2024-07-31 00:15:51 开始第 9054 次操作

2024-07-31 00:15:51 开始操作号码 【1538936】
2024-07-31 00:15:59 GSD getOne 第 1 次 等待 3 秒
2024-07-31 00:16:02 查询号码 【1538936】，返回信息 {"status":"ok","msg":"陕西-咸阳","gid":"377351","time_insert":"2021-07-24 13:02"}
2024-07-31 00:16:02 查询号码 【1538936】，GSD为【"陕西-咸阳"】

2024-07-31 00:16:03 开始第 9055 次操作

2024-07-31 00:16:03 开始操作号码 【1538937】
2024-07-31 00:16:11 GSD getOne 第 1 次 等待 3 秒
2024-07-31 00:16:14 查询号码 【1538937】，返回信息 {"status":"ok","msg":"陕西-渭南","gid":"377339","time_insert":"2021-07-24 13:01"}
2024-07-31 00:16:14 查询号码 【1538937】，GSD为【"陕西-渭南"】

2024-07-31 00:16:15 开始第 9056 次操作

2024-07-31 00:16:15 开始操作号码 【1538938】
2024-07-31 00:16:23 GSD getOne 第 1 次 等待 3 秒
2024-07-31 00:16:26 查询号码 【1538938】，返回信息 {"status":"ok","msg":"陕西-渭南","gid":"377325","time_insert":"2021-07-24 13:00"}
2024-07-31 00:16:26 查询号码 【1538938】，GSD为【"陕西-渭南"】

2024-07-31 00:39:53 开始第 9057 次操作

2024-07-31 00:39:53 开始操作号码 【1538939】
2024-07-31 00:40:01 GSD getOne 第 1 次 等待 3 秒
2024-07-31 00:40:04 查询号码 【1538939】，返回信息 {"status":"ok","msg":"陕西-汉中","gid":"377310","time_insert":"2021-07-24 12:59"}
2024-07-31 00:40:05 查询号码 【1538939】，GSD为【"陕西-汉中"】

2024-07-31 00:40:06 开始第 9058 次操作

2024-07-31 00:40:06 开始操作号码 【1538940】
2024-07-31 00:40:18 GSD getOne 第 1 次 等待 3 秒
2024-07-31 00:40:21 查询号码 【1538940】，返回信息 {"status":"ok","msg":"陕西-西安","gid":"377295","time_insert":"2021-07-24 12:58"}
2024-07-31 00:40:21 查询号码 【1538940】，GSD为【"陕西-西安"】

2024-07-31 00:40:22 开始第 9059 次操作

2024-07-31 00:40:22 开始操作号码 【1538941】
2024-07-31 00:40:30 GSD getOne 第 1 次 等待 3 秒
2024-07-31 00:40:33 查询号码 【1538941】，返回信息 {"status":"ok","msg":"陕西-西安","gid":"377281","time_insert":"2021-07-24 12:58"}
2024-07-31 00:40:33 查询号码 【1538941】，GSD为【"陕西-西安"】

2024-07-31 00:40:34 开始第 9060 次操作

2024-07-31 00:40:34 开始操作号码 【1538942】
2024-07-31 00:40:44 GSD getOne 第 1 次 等待 3 秒
2024-07-31 00:40:47 查询号码 【1538942】，返回信息 {"status":"ok","msg":"陕西-西安","gid":"377267","time_insert":"2021-07-24 12:57"}
2024-07-31 00:40:47 查询号码 【1538942】，GSD为【"陕西-西安"】

2024-07-31 01:10:50 开始第 9061 次操作

2024-07-31 01:10:50 开始操作号码 【1538943】
2024-07-31 01:10:58 GSD getOne 第 1 次 等待 3 秒
2024-07-31 01:11:01 查询号码 【1538943】，返回信息 {"status":"ok","msg":"陕西-西安","gid":"377256","time_insert":"2021-07-24 12:56"}
2024-07-31 01:11:01 查询号码 【1538943】，GSD为【"陕西-西安"】

2024-07-31 01:11:02 开始第 9062 次操作

2024-07-31 01:11:02 开始操作号码 【1538944】
2024-07-31 01:11:10 GSD getOne 第 1 次 等待 3 秒
2024-07-31 01:11:13 查询号码 【1538944】，返回信息 {"status":"ok","msg":"陕西-西安","gid":"377242","time_insert":"2021-07-24 12:55"}
2024-07-31 01:11:13 查询号码 【1538944】，GSD为【"陕西-西安"】

2024-07-31 01:11:14 开始第 9063 次操作

2024-07-31 01:11:14 开始操作号码 【1538945】
2024-07-31 01:11:22 GSD getOne 第 1 次 等待 3 秒
2024-07-31 01:11:25 查询号码 【1538945】，返回信息 {"status":"ok","msg":"陕西-西安","gid":"377227","time_insert":"2021-07-24 12:54"}
2024-07-31 01:11:25 查询号码 【1538945】，GSD为【"陕西-西安"】

2024-07-31 01:11:26 开始第 9064 次操作

2024-07-31 01:11:26 开始操作号码 【1538946】
2024-07-31 01:11:34 GSD getOne 第 1 次 等待 3 秒
2024-07-31 01:11:37 查询号码 【1538946】，返回信息 {"status":"ok","msg":"陕西-咸阳","gid":"377213","time_insert":"2021-07-24 12:53"}
2024-07-31 01:11:37 查询号码 【1538946】，GSD为【"陕西-咸阳"】

2024-07-31 01:34:24 开始第 9065 次操作

2024-07-31 01:34:24 开始操作号码 【1538947】
2024-07-31 01:34:34 GSD getOne 第 1 次 等待 3 秒
2024-07-31 01:34:37 查询号码 【1538947】，返回信息 {"status":"ok","msg":"陕西-咸阳","gid":"377198","time_insert":"2021-07-24 12:52"}
2024-07-31 01:34:37 查询号码 【1538947】，GSD为【"陕西-咸阳"】

2024-07-31 01:34:38 开始第 9066 次操作

2024-07-31 01:34:38 开始操作号码 【1538948】
2024-07-31 01:34:48 GSD getOne 第 1 次 等待 3 秒
2024-07-31 01:34:51 查询号码 【1538948】，返回信息 {"status":"ok","msg":"陕西-渭南","gid":"377187","time_insert":"2021-07-24 12:52"}
2024-07-31 01:34:51 查询号码 【1538948】，GSD为【"陕西-渭南"】

2024-07-31 01:34:52 开始第 9067 次操作

2024-07-31 01:34:52 开始操作号码 【1538949】
2024-07-31 01:34:59 GSD getOne 第 1 次 等待 3 秒
2024-07-31 01:35:02 查询号码 【1538949】，返回信息 {"status":"ok","msg":"陕西-渭南","gid":"377175","time_insert":"2021-07-24 12:51"}
2024-07-31 01:35:03 查询号码 【1538949】，GSD为【"陕西-渭南"】

2024-07-31 01:35:04 开始第 9068 次操作

2024-07-31 01:35:04 开始操作号码 【1538950】
2024-07-31 01:35:11 GSD getOne 第 1 次 等待 3 秒
2024-07-31 01:35:14 查询号码 【1538950】，返回信息 {"status":"ok","msg":"陕西-安康","gid":"377161","time_insert":"2021-07-24 12:50"}
2024-07-31 01:35:14 查询号码 【1538950】，GSD为【"陕西-安康"】

2024-07-31 02:15:50 开始第 9069 次操作

2024-07-31 02:15:50 开始操作号码 【1538951】
2024-07-31 02:15:59 GSD getOne 第 1 次 等待 3 秒
2024-07-31 02:16:02 查询号码 【1538951】，返回信息 {"status":"ok","msg":"陕西-安康","gid":"377099","time_insert":"2021-07-24 12:29"}
2024-07-31 02:16:02 查询号码 【1538951】，GSD为【"陕西-安康"】

2024-07-31 02:16:03 开始第 9070 次操作

2024-07-31 02:16:03 开始操作号码 【1538952】
2024-07-31 02:16:10 GSD getOne 第 1 次 等待 3 秒
2024-07-31 02:16:14 查询号码 【1538952】，返回信息 {"status":"ok","msg":"陕西-商洛","gid":"377096","time_insert":"2021-07-24 12:29"}
2024-07-31 02:16:14 查询号码 【1538952】，GSD为【"陕西-商洛"】

2024-07-31 02:16:15 开始第 9071 次操作

2024-07-31 02:16:15 开始操作号码 【1538953】
2024-07-31 02:16:22 GSD getOne 第 1 次 等待 3 秒
2024-07-31 02:16:25 查询号码 【1538953】，返回信息 {"status":"ok","msg":"陕西-商洛","gid":"377094","time_insert":"2021-07-24 12:28"}
2024-07-31 02:16:25 查询号码 【1538953】，GSD为【"陕西-商洛"】

2024-07-31 02:16:26 开始第 9072 次操作

2024-07-31 02:16:26 开始操作号码 【1538954】
2024-07-31 02:16:35 GSD getOne 第 1 次 等待 3 秒
2024-07-31 02:16:38 查询号码 【1538954】，返回信息 {"status":"ok","msg":"陕西-延安","gid":"377091","time_insert":"2021-07-24 12:27"}
2024-07-31 02:16:38 查询号码 【1538954】，GSD为【"陕西-延安"】

