2024-03-31 00:13:05 开始第 1109 次操作

2024-03-31 00:13:05 开始操作号码 【1641003】
2024-03-31 00:13:10 GSD getOne 第 1 次 等待 3 秒
2024-03-31 00:13:13 查询号码 【1641003】，返回信息 {"status":"ok","msg":"-","gid":"533080","time_insert":"2023-02-15 22:10"}
2024-03-31 00:13:13 查询号码 【1641003】，GSD为【"-"】
2024-03-31 00:13:13 ok && -
2024-03-31 00:13:15 CHB 1641003?1711815193 第 1 次 等待 3 秒
2024-03-31 00:13:18 CHB 1641003?1711815193 第 1 次 获取到号码【1641003】GSD
2024-03-31 00:13:18 未获取到号码【1641003】GSD，可能号码格式错误
2024-03-31 00:13:18 获取到号码【1641003】的GSD为【-】
2024-03-31 00:13:28 GSD insert 第 1 次 等待 3 秒
2024-03-31 00:13:31 {"status":"bad","gid":"533080","msg":"添加失败！号码【1641003(-|-)】已存在！"}
2024-03-31 00:13:31 随机等待 128 秒，约 2 分钟
2024-03-31 00:13:31 下次操作: 2024-03-31 00:15:39

2024-03-31 00:15:39 开始第 1110 次操作

2024-03-31 00:15:39 开始操作号码 【1641004】
2024-03-31 00:15:45 GSD getOne 第 1 次 等待 3 秒
2024-03-31 00:15:48 查询号码 【1641004】，返回信息 {"status":"ok","msg":"-","gid":"533091","time_insert":"2023-02-15 22:22"}
2024-03-31 00:15:48 查询号码 【1641004】，GSD为【"-"】
2024-03-31 00:15:48 ok && -
2024-03-31 00:15:50 CHB 1641004?1711815348 第 1 次 等待 3 秒
2024-03-31 00:15:53 CHB 1641004?1711815348 第 1 次 获取到号码【1641004】GSD
2024-03-31 00:15:53 未获取到号码【1641004】GSD，可能号码格式错误
2024-03-31 00:15:53 获取到号码【1641004】的GSD为【-】
2024-03-31 00:15:58 GSD insert 第 1 次 等待 3 秒
2024-03-31 00:16:01 {"status":"bad","gid":"533091","msg":"添加失败！号码【1641004(-|-)】已存在！"}
2024-03-31 00:16:01 随机等待 133 秒，约 2 分钟
2024-03-31 00:16:01 下次操作: 2024-03-31 00:18:14

2024-03-31 00:18:14 开始第 1111 次操作

2024-03-31 00:18:14 开始操作号码 【1641005】
2024-03-31 00:18:21 GSD getOne 第 1 次 等待 3 秒
2024-03-31 00:18:24 查询号码 【1641005】，返回信息 {"status":"ok","msg":"-","gid":"533102","time_insert":"2023-02-15 22:31"}
2024-03-31 00:18:24 查询号码 【1641005】，GSD为【"-"】
2024-03-31 00:18:24 ok && -
2024-03-31 00:18:26 CHB 1641005?1711815504 第 1 次 等待 3 秒
2024-03-31 00:18:29 CHB 1641005?1711815504 第 1 次 获取到号码【1641005】GSD
2024-03-31 00:18:29 未获取到号码【1641005】GSD，可能号码格式错误
2024-03-31 00:18:29 获取到号码【1641005】的GSD为【-】
2024-03-31 00:18:35 GSD insert 第 1 次 等待 3 秒
2024-03-31 00:18:38 {"status":"bad","gid":"533102","msg":"添加失败！号码【1641005(-|-)】已存在！"}
2024-03-31 00:18:38 随机等待 159 秒，约 2 分钟
2024-03-31 00:18:38 下次操作: 2024-03-31 00:21:17

2024-03-31 00:21:17 开始第 1112 次操作

2024-03-31 00:21:17 开始操作号码 【1641006】
2024-03-31 00:21:25 GSD getOne 第 1 次 等待 3 秒
2024-03-31 00:21:28 查询号码 【1641006】，返回信息 {"status":"ok","msg":"-","gid":"533117","time_insert":"2023-02-15 22:41"}
2024-03-31 00:21:28 查询号码 【1641006】，GSD为【"-"】
2024-03-31 00:21:28 ok && -
2024-03-31 00:21:30 CHB 1641006?1711815688 第 1 次 等待 3 秒
2024-03-31 00:21:33 CHB 1641006?1711815688 第 1 次 获取到号码【1641006】GSD
2024-03-31 00:21:33 未获取到号码【1641006】GSD，可能号码格式错误
2024-03-31 00:21:33 获取到号码【1641006】的GSD为【-】
2024-03-31 00:21:39 GSD insert 第 1 次 等待 3 秒
2024-03-31 00:21:42 {"status":"bad","gid":"533117","msg":"添加失败！号码【1641006(-|-)】已存在！"}

2024-03-31 00:34:52 开始第 1113 次操作

2024-03-31 00:34:53 开始操作号码 【1641007】
2024-03-31 00:34:58 GSD getOne 第 1 次 等待 3 秒
2024-03-31 00:35:01 查询号码 【1641007】，返回信息 {"status":"ok","msg":"-","gid":"533123","time_insert":"2023-02-15 22:51"}
2024-03-31 00:35:01 查询号码 【1641007】，GSD为【"-"】
2024-03-31 00:35:01 ok && -
2024-03-31 00:35:03 CHB 1641007?1711816501 第 1 次 等待 3 秒
2024-03-31 00:35:06 CHB 1641007?1711816501 第 1 次 获取到号码【1641007】GSD
2024-03-31 00:35:06 未获取到号码【1641007】GSD，可能号码格式错误
2024-03-31 00:35:06 获取到号码【1641007】的GSD为【-】
2024-03-31 00:35:15 GSD insert 第 1 次 等待 3 秒
2024-03-31 00:35:18 {"status":"bad","gid":"533123","msg":"添加失败！号码【1641007(-|-)】已存在！"}
2024-03-31 00:35:18 随机等待 89 秒，约 1 分钟
2024-03-31 00:35:18 下次操作: 2024-03-31 00:36:47

2024-03-31 00:36:47 开始第 1114 次操作

2024-03-31 00:36:47 开始操作号码 【1641008】
2024-03-31 00:36:52 GSD getOne 第 1 次 等待 3 秒
2024-03-31 00:36:55 查询号码 【1641008】，返回信息 {"status":"ok","msg":"-","gid":"533134","time_insert":"2023-02-15 22:59"}
2024-03-31 00:36:55 查询号码 【1641008】，GSD为【"-"】
2024-03-31 00:36:55 ok && -
2024-03-31 00:36:57 CHB 1641008?1711816615 第 1 次 等待 3 秒
2024-03-31 00:37:00 CHB 1641008?1711816615 第 1 次 获取到号码【1641008】GSD
2024-03-31 00:37:00 未获取到号码【1641008】GSD，可能号码格式错误
2024-03-31 00:37:00 获取到号码【1641008】的GSD为【-】
2024-03-31 00:37:06 GSD insert 第 1 次 等待 3 秒
2024-03-31 00:37:09 {"status":"bad","gid":"533134","msg":"添加失败！号码【1641008(-|-)】已存在！"}
2024-03-31 00:37:09 随机等待 104 秒，约 1 分钟
2024-03-31 00:37:09 下次操作: 2024-03-31 00:38:53

2024-03-31 00:38:53 开始第 1115 次操作

2024-03-31 00:38:53 开始操作号码 【1641009】
2024-03-31 00:38:59 GSD getOne 第 1 次 等待 3 秒
2024-03-31 00:39:02 查询号码 【1641009】，返回信息 {"status":"ok","msg":"-","gid":"533149","time_insert":"2023-02-15 23:15"}
2024-03-31 00:39:02 查询号码 【1641009】，GSD为【"-"】
2024-03-31 00:39:02 ok && -
2024-03-31 00:39:05 CHB 1641009?1711816742 第 1 次 等待 3 秒
2024-03-31 00:39:08 CHB 1641009?1711816742 第 1 次 获取到号码【1641009】GSD
2024-03-31 00:39:08 未获取到号码【1641009】GSD，可能号码格式错误
2024-03-31 00:39:08 获取到号码【1641009】的GSD为【-】
2024-03-31 00:39:14 GSD insert 第 1 次 等待 3 秒
2024-03-31 00:39:17 {"status":"bad","gid":"533149","msg":"添加失败！号码【1641009(-|-)】已存在！"}
2024-03-31 00:39:17 随机等待 167 秒，约 2 分钟
2024-03-31 00:39:17 下次操作: 2024-03-31 00:42:04

2024-03-31 00:42:04 开始第 1116 次操作

2024-03-31 00:42:04 开始操作号码 【1641010】
2024-03-31 00:42:09 GSD getOne 第 1 次 等待 3 秒
2024-03-31 00:42:12 查询号码 【1641010】，返回信息 {"status":"ok","msg":"-","gid":"533165","time_insert":"2023-02-15 23:27"}
2024-03-31 00:42:12 查询号码 【1641010】，GSD为【"-"】
2024-03-31 00:42:12 ok && -
2024-03-31 00:42:15 CHB 1641010?1711816932 第 1 次 等待 3 秒
2024-03-31 00:42:18 CHB 1641010?1711816932 第 1 次 获取到号码【1641010】GSD
2024-03-31 00:42:18 未获取到号码【1641010】GSD，可能号码格式错误
2024-03-31 00:42:18 获取到号码【1641010】的GSD为【-】
2024-03-31 00:42:23 GSD insert 第 1 次 等待 3 秒
2024-03-31 00:42:26 {"status":"bad","gid":"533165","msg":"添加失败！号码【1641010(-|-)】已存在！"}

2024-03-31 01:08:33 开始第 1117 次操作

2024-03-31 01:08:33 开始操作号码 【1641011】
2024-03-31 01:08:38 GSD getOne 第 1 次 等待 3 秒
2024-03-31 01:08:41 查询号码 【1641011】，返回信息 {"status":"ok","msg":"-","gid":"533174","time_insert":"2023-02-15 23:37"}
2024-03-31 01:08:41 查询号码 【1641011】，GSD为【"-"】
2024-03-31 01:08:41 ok && -
2024-03-31 01:08:44 CHB 1641011?1711818521 第 1 次 等待 3 秒
2024-03-31 01:08:47 CHB 1641011?1711818521 第 1 次 获取到号码【1641011】GSD
2024-03-31 01:08:47 未获取到号码【1641011】GSD，可能号码格式错误
2024-03-31 01:08:47 获取到号码【1641011】的GSD为【-】
2024-03-31 01:08:52 GSD insert 第 1 次 等待 3 秒
2024-03-31 01:08:55 {"status":"bad","gid":"533174","msg":"添加失败！号码【1641011(-|-)】已存在！"}
2024-03-31 01:08:55 随机等待 217 秒，约 3 分钟
2024-03-31 01:08:55 下次操作: 2024-03-31 01:12:32

2024-03-31 01:12:32 开始第 1118 次操作

2024-03-31 01:12:32 开始操作号码 【1641012】
2024-03-31 01:12:37 GSD getOne 第 1 次 等待 3 秒
2024-03-31 01:12:40 查询号码 【1641012】，返回信息 {"status":"ok","msg":"-","gid":"533184","time_insert":"2023-02-15 23:47"}
2024-03-31 01:12:40 查询号码 【1641012】，GSD为【"-"】
2024-03-31 01:12:40 ok && -
2024-03-31 01:12:43 CHB 1641012?1711818760 第 1 次 等待 3 秒
2024-03-31 01:12:46 CHB 1641012?1711818760 第 1 次 获取到号码【1641012】GSD
2024-03-31 01:12:46 未获取到号码【1641012】GSD，可能号码格式错误
2024-03-31 01:12:46 获取到号码【1641012】的GSD为【-】
2024-03-31 01:12:53 GSD insert 第 1 次 等待 3 秒
2024-03-31 01:12:56 {"status":"bad","gid":"533184","msg":"添加失败！号码【1641012(-|-)】已存在！"}
2024-03-31 01:12:56 随机等待 178 秒，约 2 分钟
2024-03-31 01:12:56 下次操作: 2024-03-31 01:15:54

2024-03-31 01:15:54 开始第 1119 次操作

2024-03-31 01:15:54 开始操作号码 【1641013】
2024-03-31 01:15:59 GSD getOne 第 1 次 等待 3 秒
2024-03-31 01:16:02 查询号码 【1641013】，返回信息 {"status":"ok","msg":"-","gid":"533200","time_insert":"2023-02-16 00:03"}
2024-03-31 01:16:02 查询号码 【1641013】，GSD为【"-"】
2024-03-31 01:16:02 ok && -
2024-03-31 01:16:05 CHB 1641013?1711818962 第 1 次 等待 3 秒
2024-03-31 01:16:08 CHB 1641013?1711818962 第 1 次 获取到号码【1641013】GSD
2024-03-31 01:16:08 未获取到号码【1641013】GSD，可能号码格式错误
2024-03-31 01:16:08 获取到号码【1641013】的GSD为【-】
2024-03-31 01:16:13 GSD insert 第 1 次 等待 3 秒
2024-03-31 01:16:16 {"status":"bad","gid":"533200","msg":"添加失败！号码【1641013(-|-)】已存在！"}
2024-03-31 01:16:16 随机等待 114 秒，约 1 分钟
2024-03-31 01:16:16 下次操作: 2024-03-31 01:18:10

2024-03-31 01:18:10 开始第 1120 次操作

2024-03-31 01:18:10 开始操作号码 【1641014】
2024-03-31 01:18:15 GSD getOne 第 1 次 等待 3 秒
2024-03-31 01:18:18 查询号码 【1641014】，返回信息 {"status":"ok","msg":"-","gid":"533218","time_insert":"2023-02-16 00:20"}
2024-03-31 01:18:18 查询号码 【1641014】，GSD为【"-"】
2024-03-31 01:18:18 ok && -
2024-03-31 01:18:20 CHB 1641014?1711819098 第 1 次 等待 3 秒
2024-03-31 01:18:23 CHB 1641014?1711819098 第 1 次 获取到号码【1641014】GSD
2024-03-31 01:18:23 未获取到号码【1641014】GSD，可能号码格式错误
2024-03-31 01:18:23 获取到号码【1641014】的GSD为【-】
2024-03-31 01:18:28 GSD insert 第 1 次 等待 3 秒
2024-03-31 01:18:31 {"status":"bad","gid":"533218","msg":"添加失败！号码【1641014(-|-)】已存在！"}

2024-03-31 01:35:08 开始第 1121 次操作

2024-03-31 01:35:08 开始操作号码 【1641015】
2024-03-31 01:35:13 GSD getOne 第 1 次 等待 3 秒
2024-03-31 01:35:16 查询号码 【1641015】，返回信息 {"status":"ok","msg":"-","gid":"533233","time_insert":"2023-02-16 00:37"}
2024-03-31 01:35:16 查询号码 【1641015】，GSD为【"-"】
2024-03-31 01:35:16 ok && -
2024-03-31 01:35:18 CHB 1641015?1711820116 第 1 次 等待 3 秒
2024-03-31 01:35:21 CHB 1641015?1711820116 第 1 次 获取到号码【1641015】GSD
2024-03-31 01:35:21 未获取到号码【1641015】GSD，可能号码格式错误
2024-03-31 01:35:21 获取到号码【1641015】的GSD为【-】
2024-03-31 01:35:25 GSD insert 第 1 次 等待 3 秒
2024-03-31 01:35:28 {"status":"bad","gid":"533233","msg":"添加失败！号码【1641015(-|-)】已存在！"}
2024-03-31 01:35:28 随机等待 170 秒，约 2 分钟
2024-03-31 01:35:28 下次操作: 2024-03-31 01:38:18

2024-03-31 01:38:18 开始第 1122 次操作

2024-03-31 01:38:18 开始操作号码 【1641016】
2024-03-31 01:38:24 GSD getOne 第 1 次 等待 3 秒
2024-03-31 01:38:27 查询号码 【1641016】，返回信息 {"status":"ok","msg":"-","gid":"533245","time_insert":"2023-02-16 00:46"}
2024-03-31 01:38:27 查询号码 【1641016】，GSD为【"-"】
2024-03-31 01:38:27 ok && -
2024-03-31 01:38:29 CHB 1641016?1711820307 第 1 次 等待 3 秒
2024-03-31 01:38:32 CHB 1641016?1711820307 第 1 次 获取到号码【1641016】GSD
2024-03-31 01:38:32 未获取到号码【1641016】GSD，可能号码格式错误
2024-03-31 01:38:32 获取到号码【1641016】的GSD为【-】
2024-03-31 01:38:39 GSD insert 第 1 次 等待 3 秒
2024-03-31 01:38:42 {"status":"bad","gid":"533245","msg":"添加失败！号码【1641016(-|-)】已存在！"}
2024-03-31 01:38:42 随机等待 175 秒，约 2 分钟
2024-03-31 01:38:42 下次操作: 2024-03-31 01:41:37

2024-03-31 01:41:37 开始第 1123 次操作

2024-03-31 01:41:37 开始操作号码 【1641017】
2024-03-31 01:41:43 GSD getOne 第 1 次 等待 3 秒
2024-03-31 01:41:46 查询号码 【1641017】，返回信息 {"status":"ok","msg":"-","gid":"533263","time_insert":"2023-02-16 01:04"}
2024-03-31 01:41:46 查询号码 【1641017】，GSD为【"-"】
2024-03-31 01:41:46 ok && -
2024-03-31 01:41:47 CHB 1641017?1711820506 第 1 次 等待 3 秒
2024-03-31 01:41:50 CHB 1641017?1711820506 第 1 次 获取到号码【1641017】GSD
2024-03-31 01:41:50 未获取到号码【1641017】GSD，可能号码格式错误
2024-03-31 01:41:50 获取到号码【1641017】的GSD为【-】
2024-03-31 01:41:55 GSD insert 第 1 次 等待 3 秒
2024-03-31 01:41:58 {"status":"bad","gid":"533263","msg":"添加失败！号码【1641017(-|-)】已存在！"}
2024-03-31 01:41:58 随机等待 226 秒，约 3 分钟
2024-03-31 01:41:58 下次操作: 2024-03-31 01:45:44

2024-03-31 01:45:44 开始第 1124 次操作

2024-03-31 01:45:44 开始操作号码 【1641018】
2024-03-31 01:45:51 GSD getOne 第 1 次 等待 3 秒
2024-03-31 01:45:54 查询号码 【1641018】，返回信息 {"status":"ok","msg":"-","gid":"533273","time_insert":"2023-02-16 01:13"}
2024-03-31 01:45:54 查询号码 【1641018】，GSD为【"-"】
2024-03-31 01:45:54 ok && -
2024-03-31 01:45:56 CHB 1641018?1711820754 第 1 次 等待 3 秒
2024-03-31 01:45:59 CHB 1641018?1711820754 第 1 次 获取到号码【1641018】GSD
2024-03-31 01:45:59 未获取到号码【1641018】GSD，可能号码格式错误
2024-03-31 01:45:59 获取到号码【1641018】的GSD为【-】
2024-03-31 01:46:06 GSD insert 第 1 次 等待 3 秒
2024-03-31 01:46:09 {"status":"bad","gid":"533273","msg":"添加失败！号码【1641018(-|-)】已存在！"}

2024-03-31 02:13:56 开始第 1125 次操作

2024-03-31 02:13:56 开始操作号码 【1641019】
2024-03-31 02:14:01 GSD getOne 第 1 次 等待 3 秒
2024-03-31 02:14:04 查询号码 【1641019】，返回信息 {"status":"ok","msg":"-","gid":"533286","time_insert":"2023-02-16 01:22"}
2024-03-31 02:14:04 查询号码 【1641019】，GSD为【"-"】
2024-03-31 02:14:04 ok && -
2024-03-31 02:14:07 CHB 1641019?1711822444 第 1 次 等待 3 秒
2024-03-31 02:14:10 CHB 1641019?1711822444 第 1 次 获取到号码【1641019】GSD
2024-03-31 02:14:10 未获取到号码【1641019】GSD，可能号码格式错误
2024-03-31 02:14:10 获取到号码【1641019】的GSD为【-】
2024-03-31 02:14:14 GSD insert 第 1 次 等待 3 秒
2024-03-31 02:14:17 {"status":"bad","gid":"533286","msg":"添加失败！号码【1641019(-|-)】已存在！"}
2024-03-31 02:14:17 随机等待 234 秒，约 3 分钟
2024-03-31 02:14:17 下次操作: 2024-03-31 02:18:11

2024-03-31 02:18:11 开始第 1126 次操作

2024-03-31 02:18:11 开始操作号码 【1641020】
2024-03-31 02:18:16 GSD getOne 第 1 次 等待 3 秒
2024-03-31 02:18:19 查询号码 【1641020】，返回信息 {"status":"ok","msg":"-","gid":"533292","time_insert":"2023-02-16 01:31"}
2024-03-31 02:18:19 查询号码 【1641020】，GSD为【"-"】
2024-03-31 02:18:19 ok && -
2024-03-31 02:18:22 CHB 1641020?1711822699 第 1 次 等待 3 秒
2024-03-31 02:18:25 CHB 1641020?1711822699 第 1 次 获取到号码【1641020】GSD
2024-03-31 02:18:25 未获取到号码【1641020】GSD，可能号码格式错误
2024-03-31 02:18:25 获取到号码【1641020】的GSD为【-】
2024-03-31 02:18:30 GSD insert 第 1 次 等待 3 秒
2024-03-31 02:18:33 {"status":"bad","gid":"533292","msg":"添加失败！号码【1641020(-|-)】已存在！"}
2024-03-31 02:18:33 随机等待 191 秒，约 3 分钟
2024-03-31 02:18:33 下次操作: 2024-03-31 02:21:44

2024-03-31 02:21:44 开始第 1127 次操作

2024-03-31 02:21:44 开始操作号码 【1641021】
2024-03-31 02:21:50 GSD getOne 第 1 次 等待 3 秒
2024-03-31 02:21:53 查询号码 【1641021】，返回信息 {"status":"ok","msg":"-","gid":"533306","time_insert":"2023-02-16 01:44"}
2024-03-31 02:21:53 查询号码 【1641021】，GSD为【"-"】
2024-03-31 02:21:53 ok && -
2024-03-31 02:21:55 CHB 1641021?1711822913 第 1 次 等待 3 秒
2024-03-31 02:21:58 CHB 1641021?1711822913 第 1 次 获取到号码【1641021】GSD
2024-03-31 02:21:58 未获取到号码【1641021】GSD，可能号码格式错误
2024-03-31 02:21:58 获取到号码【1641021】的GSD为【-】
2024-03-31 02:22:04 GSD insert 第 1 次 等待 3 秒
2024-03-31 02:22:07 {"status":"bad","gid":"533306","msg":"添加失败！号码【1641021(-|-)】已存在！"}
2024-03-31 02:22:07 随机等待 209 秒，约 3 分钟
2024-03-31 02:22:07 下次操作: 2024-03-31 02:25:36

2024-03-31 02:25:36 开始第 1128 次操作

2024-03-31 02:25:36 开始操作号码 【1641022】
2024-03-31 02:25:41 GSD getOne 第 1 次 等待 3 秒
2024-03-31 02:25:44 查询号码 【1641022】，返回信息 {"status":"ok","msg":"-","gid":"533316","time_insert":"2023-02-16 01:52"}
2024-03-31 02:25:44 查询号码 【1641022】，GSD为【"-"】
2024-03-31 02:25:44 ok && -
2024-03-31 02:25:46 CHB 1641022?1711823144 第 1 次 等待 3 秒
2024-03-31 02:25:49 CHB 1641022?1711823144 第 1 次 获取到号码【1641022】GSD
2024-03-31 02:25:49 未获取到号码【1641022】GSD，可能号码格式错误
2024-03-31 02:25:49 获取到号码【1641022】的GSD为【-】
2024-03-31 02:25:54 GSD insert 第 1 次 等待 3 秒
2024-03-31 02:25:57 {"status":"bad","gid":"533316","msg":"添加失败！号码【1641022(-|-)】已存在！"}

2024-03-31 02:35:11 开始第 1129 次操作

2024-03-31 02:35:11 开始操作号码 【1641023】
2024-03-31 02:35:16 GSD getOne 第 1 次 等待 3 秒
2024-03-31 02:35:20 查询号码 【1641023】，返回信息 {"status":"ok","msg":"-","gid":"533333","time_insert":"2023-02-16 02:11"}
2024-03-31 02:35:20 查询号码 【1641023】，GSD为【"-"】
2024-03-31 02:35:20 ok && -
2024-03-31 02:35:22 CHB 1641023?1711823720 第 1 次 等待 3 秒
2024-03-31 02:35:25 CHB 1641023?1711823720 第 1 次 获取到号码【1641023】GSD
2024-03-31 02:35:25 未获取到号码【1641023】GSD，可能号码格式错误
2024-03-31 02:35:25 获取到号码【1641023】的GSD为【-】
2024-03-31 02:35:30 GSD insert 第 1 次 等待 3 秒
2024-03-31 02:35:33 {"status":"bad","gid":"533333","msg":"添加失败！号码【1641023(-|-)】已存在！"}
2024-03-31 02:35:33 随机等待 186 秒，约 3 分钟
2024-03-31 02:35:33 下次操作: 2024-03-31 02:38:39

2024-03-31 02:38:39 开始第 1130 次操作

2024-03-31 02:38:39 开始操作号码 【1641024】
2024-03-31 02:38:43 GSD getOne 第 1 次 等待 3 秒
2024-03-31 02:38:46 查询号码 【1641024】，返回信息 {"status":"ok","msg":"-","gid":"533351","time_insert":"2023-02-16 02:28"}
2024-03-31 02:38:47 查询号码 【1641024】，GSD为【"-"】
2024-03-31 02:38:47 ok && -
2024-03-31 02:38:49 CHB 1641024?1711823927 第 1 次 等待 3 秒
2024-03-31 02:38:52 CHB 1641024?1711823927 第 1 次 获取到号码【1641024】GSD
2024-03-31 02:38:52 未获取到号码【1641024】GSD，可能号码格式错误
2024-03-31 02:38:52 获取到号码【1641024】的GSD为【-】
2024-03-31 02:38:57 GSD insert 第 1 次 等待 3 秒
2024-03-31 02:39:00 {"status":"bad","gid":"533351","msg":"添加失败！号码【1641024(-|-)】已存在！"}
2024-03-31 02:39:00 随机等待 86 秒，约 1 分钟
2024-03-31 02:39:00 下次操作: 2024-03-31 02:40:26

2024-03-31 02:40:26 开始第 1131 次操作

2024-03-31 02:40:26 开始操作号码 【1641025】
2024-03-31 02:40:31 GSD getOne 第 1 次 等待 3 秒
2024-03-31 02:40:34 查询号码 【1641025】，返回信息 {"status":"ok","msg":"-","gid":"533364","time_insert":"2023-02-16 02:41"}
2024-03-31 02:40:34 查询号码 【1641025】，GSD为【"-"】
2024-03-31 02:40:34 ok && -
2024-03-31 02:40:36 CHB 1641025?1711824034 第 1 次 等待 3 秒
2024-03-31 02:40:39 CHB 1641025?1711824034 第 1 次 获取到号码【1641025】GSD
2024-03-31 02:40:39 未获取到号码【1641025】GSD，可能号码格式错误
2024-03-31 02:40:39 获取到号码【1641025】的GSD为【-】
2024-03-31 02:40:44 GSD insert 第 1 次 等待 3 秒
2024-03-31 02:40:47 {"status":"bad","gid":"533364","msg":"添加失败！号码【1641025(-|-)】已存在！"}
2024-03-31 02:40:47 随机等待 149 秒，约 2 分钟
2024-03-31 02:40:47 下次操作: 2024-03-31 02:43:16

2024-03-31 02:43:16 开始第 1132 次操作

2024-03-31 02:43:16 开始操作号码 【1641026】
2024-03-31 02:43:22 GSD getOne 第 1 次 等待 3 秒
2024-03-31 02:43:25 查询号码 【1641026】，返回信息 {"status":"ok","msg":"-","gid":"533380","time_insert":"2023-02-16 02:54"}
2024-03-31 02:43:26 查询号码 【1641026】，GSD为【"-"】
2024-03-31 02:43:26 ok && -
2024-03-31 02:43:28 CHB 1641026?1711824206 第 1 次 等待 3 秒
2024-03-31 02:43:31 CHB 1641026?1711824206 第 1 次 获取到号码【1641026】GSD
2024-03-31 02:43:31 未获取到号码【1641026】GSD，可能号码格式错误
2024-03-31 02:43:31 获取到号码【1641026】的GSD为【-】
2024-03-31 02:43:37 GSD insert 第 1 次 等待 3 秒
2024-03-31 02:43:40 {"status":"bad","gid":"533380","msg":"添加失败！号码【1641026(-|-)】已存在！"}

2024-03-31 03:08:48 开始第 1133 次操作

2024-03-31 03:08:48 开始操作号码 【1641027】
2024-03-31 03:08:53 GSD getOne 第 1 次 等待 3 秒
2024-03-31 03:08:56 查询号码 【1641027】，返回信息 {"status":"ok","msg":"-","gid":"533395","time_insert":"2023-02-16 03:08"}
2024-03-31 03:08:56 查询号码 【1641027】，GSD为【"-"】
2024-03-31 03:08:56 ok && -
2024-03-31 03:08:58 CHB 1641027?1711825736 第 1 次 等待 3 秒
2024-03-31 03:09:01 CHB 1641027?1711825736 第 1 次 获取到号码【1641027】GSD
2024-03-31 03:09:01 未获取到号码【1641027】GSD，可能号码格式错误
2024-03-31 03:09:01 获取到号码【1641027】的GSD为【-】
2024-03-31 03:09:05 GSD insert 第 1 次 等待 3 秒
2024-03-31 03:09:08 {"status":"bad","gid":"533395","msg":"添加失败！号码【1641027(-|-)】已存在！"}
2024-03-31 03:09:08 随机等待 180 秒，约 3 分钟
2024-03-31 03:09:08 下次操作: 2024-03-31 03:12:08

2024-03-31 03:12:08 开始第 1134 次操作

2024-03-31 03:12:08 开始操作号码 【1641028】
2024-03-31 03:12:13 GSD getOne 第 1 次 等待 3 秒
2024-03-31 03:12:16 查询号码 【1641028】，返回信息 {"status":"ok","msg":"-","gid":"533412","time_insert":"2023-02-16 03:26"}
2024-03-31 03:12:16 查询号码 【1641028】，GSD为【"-"】
2024-03-31 03:12:16 ok && -
2024-03-31 03:12:18 CHB 1641028?1711825936 第 1 次 等待 3 秒
2024-03-31 03:12:21 CHB 1641028?1711825936 第 1 次 获取到号码【1641028】GSD
2024-03-31 03:12:21 未获取到号码【1641028】GSD，可能号码格式错误
2024-03-31 03:12:21 获取到号码【1641028】的GSD为【-】
2024-03-31 03:12:26 GSD insert 第 1 次 等待 3 秒
2024-03-31 03:12:29 {"status":"bad","gid":"533412","msg":"添加失败！号码【1641028(-|-)】已存在！"}
2024-03-31 03:12:29 随机等待 159 秒，约 2 分钟
2024-03-31 03:12:29 下次操作: 2024-03-31 03:15:08

2024-03-31 03:15:08 开始第 1135 次操作

2024-03-31 03:15:08 开始操作号码 【1641029】
2024-03-31 03:15:12 GSD getOne 第 1 次 等待 3 秒
2024-03-31 03:15:16 查询号码 【1641029】，返回信息 {"status":"ok","msg":"-","gid":"533421","time_insert":"2023-02-16 03:36"}
2024-03-31 03:15:16 查询号码 【1641029】，GSD为【"-"】
2024-03-31 03:15:16 ok && -
2024-03-31 03:15:18 CHB 1641029?1711826116 第 1 次 等待 3 秒
2024-03-31 03:15:21 CHB 1641029?1711826116 第 1 次 获取到号码【1641029】GSD
2024-03-31 03:15:21 未获取到号码【1641029】GSD，可能号码格式错误
2024-03-31 03:15:21 获取到号码【1641029】的GSD为【-】
2024-03-31 03:15:25 GSD insert 第 1 次 等待 3 秒
2024-03-31 03:15:28 {"status":"bad","gid":"533421","msg":"添加失败！号码【1641029(-|-)】已存在！"}
2024-03-31 03:15:28 随机等待 176 秒，约 2 分钟
2024-03-31 03:15:28 下次操作: 2024-03-31 03:18:24

2024-03-31 03:18:24 开始第 1136 次操作

2024-03-31 03:18:24 开始操作号码 【1641030】
2024-03-31 03:18:29 GSD getOne 第 1 次 等待 3 秒
2024-03-31 03:18:32 查询号码 【1641030】，返回信息 {"status":"ok","msg":"-","gid":"533437","time_insert":"2023-02-16 03:48"}
2024-03-31 03:18:32 查询号码 【1641030】，GSD为【"-"】
2024-03-31 03:18:32 ok && -
2024-03-31 03:18:34 CHB 1641030?1711826312 第 1 次 等待 3 秒
2024-03-31 03:18:37 CHB 1641030?1711826312 第 1 次 获取到号码【1641030】GSD
2024-03-31 03:18:37 未获取到号码【1641030】GSD，可能号码格式错误
2024-03-31 03:18:37 获取到号码【1641030】的GSD为【-】
2024-03-31 03:18:42 GSD insert 第 1 次 等待 3 秒
2024-03-31 03:18:45 {"status":"bad","gid":"533437","msg":"添加失败！号码【1641030(-|-)】已存在！"}

