2024-08-25 00:14:26 开始第 1005 次操作

2024-08-25 00:14:26 开始操作号码 【1421004】
2024-08-25 00:14:34 GSD getOne 第 1 次 等待 3 秒
2024-08-25 00:14:37 查询号码 【1421004】，返回信息 {"status":"ok","msg":"-","gid":"533552","time_insert":"2023-02-16 05:34"}
2024-08-25 00:14:37 查询号码 【1421004】，GSD为【"-"】
2024-08-25 00:14:37 ok && -
2024-08-25 00:14:39 CHB 1421004?1724516077 第 1 次 等待 3 秒
2024-08-25 00:14:42 CHB 1421004?1724516077 第 1 次 获取到号码【1421004】GSD
2024-08-25 00:14:43 未获取到号码【1421004】GSD，可能号码格式错误
2024-08-25 00:14:43 获取到号码【1421004】的GSD为【-】
2024-08-25 00:14:56 GSD insert 第 1 次 等待 3 秒
2024-08-25 00:14:59 {"status":"bad","gid":"533552","msg":"添加失败！号码【1421004(-|-)】已存在！"}
2024-08-25 00:14:59 随机等待 147 秒，约 2 分钟
2024-08-25 00:14:59 下次操作: 2024-08-25 00:17:26

2024-08-25 00:17:26 开始第 1006 次操作

2024-08-25 00:17:26 开始操作号码 【1421005】
2024-08-25 00:17:35 GSD getOne 第 1 次 等待 3 秒
2024-08-25 00:17:38 查询号码 【1421005】，返回信息 {"status":"ok","msg":"-","gid":"533565","time_insert":"2023-02-16 05:48"}
2024-08-25 00:17:38 查询号码 【1421005】，GSD为【"-"】
2024-08-25 00:17:38 ok && -
2024-08-25 00:17:41 CHB 1421005?1724516258 第 1 次 等待 3 秒
2024-08-25 00:17:44 CHB 1421005?1724516258 第 1 次 获取到号码【1421005】GSD
2024-08-25 00:17:44 未获取到号码【1421005】GSD，可能号码格式错误
2024-08-25 00:17:44 获取到号码【1421005】的GSD为【-】
2024-08-25 00:17:53 GSD insert 第 1 次 等待 3 秒
2024-08-25 00:17:56 {"status":"bad","gid":"533565","msg":"添加失败！号码【1421005(-|-)】已存在！"}
2024-08-25 00:17:56 随机等待 116 秒，约 1 分钟
2024-08-25 00:17:56 下次操作: 2024-08-25 00:19:52

2024-08-25 00:19:52 开始第 1007 次操作

2024-08-25 00:19:52 开始操作号码 【1421006】
2024-08-25 00:20:00 GSD getOne 第 1 次 等待 3 秒
2024-08-25 00:20:03 查询号码 【1421006】，返回信息 {"status":"ok","msg":"-","gid":"533576","time_insert":"2023-02-16 05:57"}
2024-08-25 00:20:03 查询号码 【1421006】，GSD为【"-"】
2024-08-25 00:20:03 ok && -
2024-08-25 00:20:05 CHB 1421006?1724516403 第 1 次 等待 3 秒
2024-08-25 00:20:08 CHB 1421006?1724516403 第 1 次 获取到号码【1421006】GSD
2024-08-25 00:20:08 未获取到号码【1421006】GSD，可能号码格式错误
2024-08-25 00:20:08 获取到号码【1421006】的GSD为【-】
2024-08-25 00:20:16 GSD insert 第 1 次 等待 3 秒
2024-08-25 00:20:19 {"status":"bad","gid":"533576","msg":"添加失败！号码【1421006(-|-)】已存在！"}
2024-08-25 00:20:19 随机等待 218 秒，约 3 分钟
2024-08-25 00:20:19 下次操作: 2024-08-25 00:23:57

2024-08-25 00:23:57 开始第 1008 次操作

2024-08-25 00:23:57 开始操作号码 【1421007】
2024-08-25 00:24:06 GSD getOne 第 1 次 等待 3 秒
2024-08-25 00:24:09 查询号码 【1421007】，返回信息 {"status":"ok","msg":"-","gid":"533588","time_insert":"2023-02-16 06:08"}
2024-08-25 00:24:09 查询号码 【1421007】，GSD为【"-"】
2024-08-25 00:24:09 ok && -
2024-08-25 00:24:11 CHB 1421007?1724516649 第 1 次 等待 3 秒
2024-08-25 00:24:14 CHB 1421007?1724516649 第 1 次 获取到号码【1421007】GSD
2024-08-25 00:24:14 未获取到号码【1421007】GSD，可能号码格式错误
2024-08-25 00:24:14 获取到号码【1421007】的GSD为【-】
2024-08-25 00:24:23 GSD insert 第 1 次 等待 3 秒
2024-08-25 00:24:26 {"status":"bad","gid":"533588","msg":"添加失败！号码【1421007(-|-)】已存在！"}

