2021-07-22 00:00:01 开始第 15 次操作

2021-07-22 00:00:01 开始操作号码 【1781270】
2021-07-22 00:00:05 GSD getOne 第 1 次 等待 3 秒
2021-07-22 00:00:08 查询号码 【1781270】，返回信息 {"status":"bad","msg":""}
2021-07-22 00:00:08 查询号码 【1781270】，GSD为【""】
2021-07-22 00:00:08 bad
2021-07-22 00:00:10 CHB 1781270?1626883208 第 1 次 等待 3 秒
2021-07-22 00:00:13 CHB 1781270?1626883208 第 1 次 获取到号码【1781270】GSD
2021-07-22 00:00:13 获取到号码【1781270】的GSD为【北京-北京】
2021-07-22 00:01:01 GSD insert 第 1 次 等待 3 秒
2021-07-22 00:01:04 {"status":"ok","gid":350179,"msg":"添加成功！"}
2021-07-22 00:01:04 下次操作: 2021-07-22 00:01:20

2021-07-22 00:01:20 开始第 16 次操作

2021-07-22 00:01:20 开始操作号码 【1781269】
2021-07-22 00:01:26 GSD getOne 第 1 次 等待 3 秒
2021-07-22 00:01:29 查询号码 【1781269】，返回信息 {"status":"bad","msg":""}
2021-07-22 00:01:29 查询号码 【1781269】，GSD为【""】
2021-07-22 00:01:29 bad
2021-07-22 00:01:30 CHB 1781269?1626883289 第 1 次 等待 3 秒
2021-07-22 00:01:33 CHB 1781269?1626883289 第 1 次 获取到号码【1781269】GSD
2021-07-22 00:01:33 获取到号码【1781269】的GSD为【北京-北京】
2021-07-22 00:02:01 GSD insert 第 1 次 等待 3 秒
2021-07-22 00:02:04 {"status":"ok","gid":350190,"msg":"添加成功！"}
2021-07-22 00:02:04 下次操作: 2021-07-22 00:02:22

2021-07-22 00:02:22 开始第 17 次操作

2021-07-22 00:02:22 开始操作号码 【1781268】
2021-07-22 00:02:33 GSD getOne 第 1 次 等待 3 秒
2021-07-22 00:02:36 查询号码 【1781268】，返回信息 {"status":"bad","msg":""}
2021-07-22 00:02:36 查询号码 【1781268】，GSD为【""】
2021-07-22 00:02:36 bad
2021-07-22 00:02:39 CHB 1781268?1626883356 第 1 次 等待 3 秒
2021-07-22 00:02:42 CHB 1781268?1626883356 第 1 次 获取到号码【1781268】GSD
2021-07-22 00:02:43 获取到号码【1781268】的GSD为【北京-北京】
2021-07-22 00:02:57 GSD insert 第 1 次 等待 3 秒
2021-07-22 00:03:00 {"status":"ok","gid":350200,"msg":"添加成功！"}
2021-07-22 00:03:00 下次操作: 2021-07-22 00:03:14

2021-07-22 00:03:14 开始第 18 次操作

2021-07-22 00:03:14 开始操作号码 【1781267】
2021-07-22 00:03:16 GSD getOne 第 1 次 等待 3 秒
2021-07-22 00:03:19 查询号码 【1781267】，返回信息 {"status":"bad","msg":""}
2021-07-22 00:03:19 查询号码 【1781267】，GSD为【""】
2021-07-22 00:03:19 bad
2021-07-22 00:03:21 CHB 1781267?1626883399 第 1 次 等待 3 秒
2021-07-22 00:03:24 CHB 1781267?1626883399 第 1 次 获取到号码【1781267】GSD
2021-07-22 00:03:24 获取到号码【1781267】的GSD为【北京-北京】
2021-07-22 00:03:43 GSD insert 第 1 次 等待 3 秒
2021-07-22 00:03:46 {"status":"ok","gid":350208,"msg":"添加成功！"}
2021-07-22 00:03:46 下次操作: 2021-07-22 00:04:10

2021-07-22 00:04:10 开始第 19 次操作

2021-07-22 00:04:10 开始操作号码 【1781266】
2021-07-22 00:04:14 GSD getOne 第 1 次 等待 3 秒
2021-07-22 00:04:17 查询号码 【1781266】，返回信息 {"status":"bad","msg":""}
2021-07-22 00:04:17 查询号码 【1781266】，GSD为【""】
2021-07-22 00:04:17 bad
2021-07-22 00:04:20 CHB 1781266?1626883457 第 1 次 等待 3 秒
2021-07-22 00:04:23 CHB 1781266?1626883457 第 1 次 获取到号码【1781266】GSD
2021-07-22 00:04:23 获取到号码【1781266】的GSD为【北京-北京】
2021-07-22 00:05:01 GSD insert 第 1 次 等待 3 秒
2021-07-22 00:05:04 {"status":"ok","gid":350221,"msg":"添加成功！"}
2021-07-22 00:05:04 下次操作: 2021-07-22 00:05:25

2021-07-22 00:05:25 开始第 20 次操作

2021-07-22 00:05:25 开始操作号码 【1781265】
2021-07-22 00:05:27 GSD getOne 第 1 次 等待 3 秒
2021-07-22 00:05:30 查询号码 【1781265】，返回信息 {"status":"bad","msg":""}
2021-07-22 00:05:30 查询号码 【1781265】，GSD为【""】
2021-07-22 00:05:30 bad
2021-07-22 00:05:32 CHB 1781265?1626883530 第 1 次 等待 3 秒
2021-07-22 00:05:35 CHB 1781265?1626883530 第 1 次 获取到号码【1781265】GSD
2021-07-22 00:05:35 获取到号码【1781265】的GSD为【北京-北京】
2021-07-22 00:06:02 GSD insert 第 1 次 等待 3 秒
2021-07-22 00:06:05 {"status":"ok","gid":350232,"msg":"添加成功！"}
2021-07-22 00:06:05 下次操作: 2021-07-22 00:06:21

2021-07-22 00:06:21 开始第 21 次操作

2021-07-22 00:06:21 开始操作号码 【1781264】
2021-07-22 00:06:24 GSD getOne 第 1 次 等待 3 秒
2021-07-22 00:06:27 查询号码 【1781264】，返回信息 {"status":"bad","msg":""}
2021-07-22 00:06:27 查询号码 【1781264】，GSD为【""】
2021-07-22 00:06:27 bad
2021-07-22 00:06:28 CHB 1781264?1626883587 第 1 次 等待 3 秒
2021-07-22 00:06:31 CHB 1781264?1626883587 第 1 次 获取到号码【1781264】GSD
2021-07-22 00:06:31 获取到号码【1781264】的GSD为【北京-北京】
2021-07-22 00:06:49 GSD insert 第 1 次 等待 3 秒
2021-07-22 00:06:52 {"status":"ok","gid":350241,"msg":"添加成功！"}
2021-07-22 00:06:52 下次操作: 2021-07-22 00:07:09

2021-07-22 00:07:09 开始第 22 次操作

2021-07-22 00:07:09 开始操作号码 【1781263】
2021-07-22 00:07:16 GSD getOne 第 1 次 等待 3 秒
2021-07-22 00:07:19 查询号码 【1781263】，返回信息 {"status":"bad","msg":""}
2021-07-22 00:07:19 查询号码 【1781263】，GSD为【""】
2021-07-22 00:07:19 bad
2021-07-22 00:07:23 CHB 1781263?1626883639 第 1 次 等待 3 秒
2021-07-22 00:07:26 CHB 1781263?1626883639 第 1 次 获取到号码【1781263】GSD
2021-07-22 00:07:26 获取到号码【1781263】的GSD为【北京-北京】
2021-07-22 00:07:35 GSD insert 第 1 次 等待 3 秒
2021-07-22 00:07:38 {"status":"ok","gid":350253,"msg":"添加成功！"}
2021-07-22 00:07:38 下次操作: 2021-07-22 00:07:54

2021-07-22 00:07:54 开始第 23 次操作

2021-07-22 00:07:54 开始操作号码 【1781262】
2021-07-22 00:08:02 GSD getOne 第 1 次 等待 3 秒
2021-07-22 00:08:05 查询号码 【1781262】，返回信息 {"status":"bad","msg":""}
2021-07-22 00:08:05 查询号码 【1781262】，GSD为【""】
2021-07-22 00:08:05 bad
2021-07-22 00:08:07 CHB 1781262?1626883685 第 1 次 等待 3 秒
2021-07-22 00:08:10 CHB 1781262?1626883685 第 1 次 获取到号码【1781262】GSD
2021-07-22 00:08:10 获取到号码【1781262】的GSD为【北京-北京】
2021-07-22 00:08:28 GSD insert 第 1 次 等待 3 秒
2021-07-22 00:08:31 {"status":"ok","gid":350263,"msg":"添加成功！"}
2021-07-22 00:08:31 下次操作: 2021-07-22 00:08:46

2021-07-22 00:08:46 开始第 24 次操作

2021-07-22 00:08:46 开始操作号码 【1781261】
2021-07-22 00:08:56 GSD getOne 第 1 次 等待 3 秒
2021-07-22 00:08:59 查询号码 【1781261】，返回信息 {"status":"bad","msg":""}
2021-07-22 00:09:00 查询号码 【1781261】，GSD为【""】
2021-07-22 00:09:00 bad
2021-07-22 00:09:02 CHB 1781261?1626883740 第 1 次 等待 3 秒
2021-07-22 00:09:05 CHB 1781261?1626883740 第 1 次 获取到号码【1781261】GSD
2021-07-22 00:09:05 获取到号码【1781261】的GSD为【北京-北京】
2021-07-22 00:09:15 GSD insert 第 1 次 等待 3 秒
2021-07-22 00:09:18 {"status":"ok","gid":350273,"msg":"添加成功！"}
2021-07-22 00:09:18 下次操作: 2021-07-22 00:09:42

2021-07-22 00:09:42 开始第 25 次操作

2021-07-22 00:09:42 开始操作号码 【1781260】
2021-07-22 00:09:46 GSD getOne 第 1 次 等待 3 秒
2021-07-22 00:09:49 查询号码 【1781260】，返回信息 {"status":"bad","msg":""}
2021-07-22 00:09:49 查询号码 【1781260】，GSD为【""】
2021-07-22 00:09:49 bad
2021-07-22 00:09:51 CHB 1781260?1626883789 第 1 次 等待 3 秒
2021-07-22 00:09:54 CHB 1781260?1626883789 第 1 次 获取到号码【1781260】GSD
2021-07-22 00:09:54 获取到号码【1781260】的GSD为【北京-北京】
2021-07-22 00:10:05 GSD insert 第 1 次 等待 3 秒
2021-07-22 00:10:08 {"status":"ok","gid":350279,"msg":"添加成功！"}
2021-07-22 00:10:08 下次操作: 2021-07-22 00:10:25

2021-07-22 00:10:25 开始第 26 次操作

2021-07-22 00:10:25 开始操作号码 【1781259】
2021-07-22 00:10:32 GSD getOne 第 1 次 等待 3 秒
2021-07-22 00:10:35 查询号码 【1781259】，返回信息 {"status":"bad","msg":""}
2021-07-22 00:10:35 查询号码 【1781259】，GSD为【""】
2021-07-22 00:10:35 bad
2021-07-22 00:10:37 CHB 1781259?1626883835 第 1 次 等待 3 秒
2021-07-22 00:10:40 CHB 1781259?1626883835 第 1 次 获取到号码【1781259】GSD
2021-07-22 00:10:40 获取到号码【1781259】的GSD为【北京-北京】
2021-07-22 00:10:58 GSD insert 第 1 次 等待 3 秒
2021-07-22 00:11:01 {"status":"ok","gid":350291,"msg":"添加成功！"}
2021-07-22 00:11:01 下次操作: 2021-07-22 00:11:14

2021-07-22 00:11:14 开始第 27 次操作

2021-07-22 00:11:14 开始操作号码 【1781258】
2021-07-22 00:11:18 GSD getOne 第 1 次 等待 3 秒
2021-07-22 00:11:21 查询号码 【1781258】，返回信息 {"status":"bad","msg":""}
2021-07-22 00:11:21 查询号码 【1781258】，GSD为【""】
2021-07-22 00:11:21 bad
2021-07-22 00:11:24 CHB 1781258?1626883881 第 1 次 等待 3 秒
2021-07-22 00:11:27 CHB 1781258?1626883881 第 1 次 获取到号码【1781258】GSD
2021-07-22 00:11:27 获取到号码【1781258】的GSD为【北京-北京】
2021-07-22 00:11:44 GSD insert 第 1 次 等待 3 秒
2021-07-22 00:11:47 {"status":"ok","gid":350297,"msg":"添加成功！"}
2021-07-22 00:11:47 下次操作: 2021-07-22 00:12:00

2021-07-22 00:12:00 开始第 28 次操作

2021-07-22 00:12:00 开始操作号码 【1781257】
2021-07-22 00:12:04 GSD getOne 第 1 次 等待 3 秒
2021-07-22 00:12:07 查询号码 【1781257】，返回信息 {"status":"bad","msg":""}
2021-07-22 00:12:07 查询号码 【1781257】，GSD为【""】
2021-07-22 00:12:07 bad
2021-07-22 00:12:13 CHB 1781257?1626883927 第 1 次 等待 3 秒
2021-07-22 00:12:16 CHB 1781257?1626883927 第 1 次 获取到号码【1781257】GSD
2021-07-22 00:12:16 获取到号码【1781257】的GSD为【北京-北京】
2021-07-22 00:12:31 GSD insert 第 1 次 等待 3 秒
2021-07-22 00:12:34 {"status":"ok","gid":350304,"msg":"添加成功！"}
2021-07-22 00:12:34 下次操作: 2021-07-22 00:12:51

2021-07-22 00:12:51 开始第 29 次操作

2021-07-22 00:12:51 开始操作号码 【1781256】
2021-07-22 00:12:54 GSD getOne 第 1 次 等待 3 秒
2021-07-22 00:12:57 查询号码 【1781256】，返回信息 {"status":"bad","msg":""}
2021-07-22 00:12:57 查询号码 【1781256】，GSD为【""】
2021-07-22 00:12:57 bad
2021-07-22 00:13:02 CHB 1781256?1626883977 第 1 次 等待 3 秒
2021-07-22 00:13:05 CHB 1781256?1626883977 第 1 次 获取到号码【1781256】GSD
2021-07-22 00:13:05 获取到号码【1781256】的GSD为【北京-北京】
2021-07-22 00:13:21 GSD insert 第 1 次 等待 3 秒
2021-07-22 00:13:24 {"status":"ok","gid":350314,"msg":"添加成功！"}
2021-07-22 00:13:24 下次操作: 2021-07-22 00:13:45

2021-07-22 00:13:45 开始第 30 次操作

2021-07-22 00:13:45 开始操作号码 【1781255】
2021-07-22 00:13:52 GSD getOne 第 1 次 等待 3 秒
2021-07-22 00:13:55 查询号码 【1781255】，返回信息 {"status":"bad","msg":""}
2021-07-22 00:13:55 查询号码 【1781255】，GSD为【""】
2021-07-22 00:13:55 bad
2021-07-22 00:13:59 CHB 1781255?1626884035 第 1 次 等待 3 秒
2021-07-22 00:14:02 CHB 1781255?1626884035 第 1 次 获取到号码【1781255】GSD
2021-07-22 00:14:02 获取到号码【1781255】的GSD为【北京-北京】
2021-07-22 00:14:21 GSD insert 第 1 次 等待 3 秒
2021-07-22 00:14:24 {"status":"ok","gid":350325,"msg":"添加成功！"}
2021-07-22 00:14:24 下次操作: 2021-07-22 00:14:43

2021-07-22 00:14:43 开始第 31 次操作

2021-07-22 00:14:43 开始操作号码 【1781254】
2021-07-22 00:14:50 GSD getOne 第 1 次 等待 3 秒
2021-07-22 00:14:53 查询号码 【1781254】，返回信息 {"status":"bad","msg":""}
2021-07-22 00:14:53 查询号码 【1781254】，GSD为【""】
2021-07-22 00:14:53 bad
2021-07-22 00:14:55 CHB 1781254?1626884093 第 1 次 等待 3 秒
2021-07-22 00:14:58 CHB 1781254?1626884093 第 1 次 获取到号码【1781254】GSD
2021-07-22 00:14:58 获取到号码【1781254】的GSD为【北京-北京】
2021-07-22 00:15:09 GSD insert 第 1 次 等待 3 秒
2021-07-22 00:15:12 {"status":"ok","gid":350331,"msg":"添加成功！"}
2021-07-22 00:15:12 下次操作: 2021-07-22 00:15:33

2021-07-22 00:15:33 开始第 32 次操作

2021-07-22 00:15:33 开始操作号码 【1781253】
2021-07-22 00:15:40 GSD getOne 第 1 次 等待 3 秒
2021-07-22 00:15:43 查询号码 【1781253】，返回信息 {"status":"bad","msg":""}
2021-07-22 00:15:43 查询号码 【1781253】，GSD为【""】
2021-07-22 00:15:43 bad
2021-07-22 00:15:45 CHB 1781253?1626884143 第 1 次 等待 3 秒
2021-07-22 00:15:48 CHB 1781253?1626884143 第 1 次 获取到号码【1781253】GSD
2021-07-22 00:15:48 获取到号码【1781253】的GSD为【北京-北京】
2021-07-22 00:16:02 GSD insert 第 1 次 等待 3 秒
2021-07-22 00:16:05 {"status":"ok","gid":350334,"msg":"添加成功！"}
2021-07-22 00:16:05 下次操作: 2021-07-22 00:16:23

2021-07-22 00:16:23 开始第 33 次操作

2021-07-22 00:16:23 开始操作号码 【1781252】
2021-07-22 00:16:27 GSD getOne 第 1 次 等待 3 秒
2021-07-22 00:16:30 查询号码 【1781252】，返回信息 {"status":"bad","msg":""}
2021-07-22 00:16:30 查询号码 【1781252】，GSD为【""】
2021-07-22 00:16:30 bad
2021-07-22 00:16:32 CHB 1781252?1626884190 第 1 次 等待 3 秒
2021-07-22 00:16:35 CHB 1781252?1626884190 第 1 次 获取到号码【1781252】GSD
2021-07-22 00:16:35 获取到号码【1781252】的GSD为【北京-北京】
2021-07-22 00:17:11 GSD insert 第 1 次 等待 3 秒
2021-07-22 00:17:14 {"status":"ok","gid":350343,"msg":"添加成功！"}
2021-07-22 00:17:14 下次操作: 2021-07-22 00:17:30

2021-07-22 00:17:30 开始第 34 次操作

2021-07-22 00:17:30 开始操作号码 【1781251】
2021-07-22 00:17:32 GSD getOne 第 1 次 等待 3 秒
2021-07-22 00:17:35 查询号码 【1781251】，返回信息 {"status":"bad","msg":""}
2021-07-22 00:17:35 查询号码 【1781251】，GSD为【""】
2021-07-22 00:17:35 bad
2021-07-22 00:17:37 CHB 1781251?1626884255 第 1 次 等待 3 秒
2021-07-22 00:17:40 CHB 1781251?1626884255 第 1 次 获取到号码【1781251】GSD
2021-07-22 00:17:40 获取到号码【1781251】的GSD为【北京-北京】
2021-07-22 00:17:58 GSD insert 第 1 次 等待 3 秒
2021-07-22 00:18:01 {"status":"ok","gid":350348,"msg":"添加成功！"}
2021-07-22 00:18:01 下次操作: 2021-07-22 00:18:15

2021-07-22 00:18:15 开始第 35 次操作

2021-07-22 00:18:15 开始操作号码 【1781250】
2021-07-22 00:18:18 GSD getOne 第 1 次 等待 3 秒
2021-07-22 00:18:21 查询号码 【1781250】，返回信息 {"status":"bad","msg":""}
2021-07-22 00:18:21 查询号码 【1781250】，GSD为【""】
2021-07-22 00:18:21 bad
2021-07-22 00:18:23 CHB 1781250?1626884301 第 1 次 等待 3 秒
2021-07-22 00:18:26 CHB 1781250?1626884301 第 1 次 获取到号码【1781250】GSD
2021-07-22 00:18:26 获取到号码【1781250】的GSD为【北京-北京】
2021-07-22 00:18:44 GSD insert 第 1 次 等待 3 秒
2021-07-22 00:18:47 {"status":"ok","gid":350354,"msg":"添加成功！"}
2021-07-22 00:18:47 下次操作: 2021-07-22 00:19:08

2021-07-22 00:19:08 开始第 36 次操作

2021-07-22 00:19:08 开始操作号码 【1781249】
2021-07-22 00:19:12 GSD getOne 第 1 次 等待 3 秒
2021-07-22 00:19:15 查询号码 【1781249】，返回信息 {"status":"bad","msg":""}
2021-07-22 00:19:16 查询号码 【1781249】，GSD为【""】
2021-07-22 00:19:16 bad
2021-07-22 00:19:18 CHB 1781249?1626884356 第 1 次 等待 3 秒
2021-07-22 00:19:21 CHB 1781249?1626884356 第 1 次 获取到号码【1781249】GSD
2021-07-22 00:19:21 获取到号码【1781249】的GSD为【北京-北京】
2021-07-22 00:19:31 GSD insert 第 1 次 等待 3 秒
2021-07-22 00:19:34 {"status":"ok","gid":350357,"msg":"添加成功！"}
2021-07-22 00:19:34 下次操作: 2021-07-22 00:19:46

2021-07-22 00:19:46 开始第 37 次操作

2021-07-22 00:19:46 开始操作号码 【1781248】
2021-07-22 00:19:49 GSD getOne 第 1 次 等待 3 秒
2021-07-22 00:19:52 查询号码 【1781248】，返回信息 {"status":"bad","msg":""}
2021-07-22 00:19:52 查询号码 【1781248】，GSD为【""】
2021-07-22 00:19:52 bad
2021-07-22 00:19:57 CHB 1781248?1626884392 第 1 次 等待 3 秒
2021-07-22 00:20:00 CHB 1781248?1626884392 第 1 次 获取到号码【1781248】GSD
2021-07-22 00:20:00 获取到号码【1781248】的GSD为【北京-北京】
2021-07-22 00:20:09 GSD insert 第 1 次 等待 3 秒
2021-07-22 00:20:12 {"status":"ok","gid":350361,"msg":"添加成功！"}
2021-07-22 00:20:12 下次操作: 2021-07-22 00:20:25

2021-07-22 00:20:25 开始第 38 次操作

2021-07-22 00:20:25 开始操作号码 【1781247】
2021-07-22 00:20:28 GSD getOne 第 1 次 等待 3 秒
2021-07-22 00:20:31 查询号码 【1781247】，返回信息 {"status":"bad","msg":""}
2021-07-22 00:20:31 查询号码 【1781247】，GSD为【""】
2021-07-22 00:20:31 bad
2021-07-22 00:20:34 CHB 1781247?1626884431 第 1 次 等待 3 秒
2021-07-22 00:20:37 CHB 1781247?1626884431 第 1 次 获取到号码【1781247】GSD
2021-07-22 00:20:37 获取到号码【1781247】的GSD为【北京-北京】
2021-07-22 00:20:48 GSD insert 第 1 次 等待 3 秒
2021-07-22 00:20:51 {"status":"ok","gid":350364,"msg":"添加成功！"}
2021-07-22 00:20:51 下次操作: 2021-07-22 00:21:05

2021-07-22 00:21:05 开始第 39 次操作

2021-07-22 00:21:05 开始操作号码 【1781246】
2021-07-22 00:21:07 GSD getOne 第 1 次 等待 3 秒
2021-07-22 00:21:10 查询号码 【1781246】，返回信息 {"status":"bad","msg":""}
2021-07-22 00:21:10 查询号码 【1781246】，GSD为【""】
2021-07-22 00:21:10 bad
2021-07-22 00:21:13 CHB 1781246?1626884470 第 1 次 等待 3 秒
2021-07-22 00:21:16 CHB 1781246?1626884470 第 1 次 获取到号码【1781246】GSD
2021-07-22 00:21:16 获取到号码【1781246】的GSD为【北京-北京】
2021-07-22 00:21:25 GSD insert 第 1 次 等待 3 秒
2021-07-22 00:21:28 {"status":"ok","gid":350370,"msg":"添加成功！"}
2021-07-22 00:21:28 下次操作: 2021-07-22 00:21:43

2021-07-22 00:21:43 开始第 40 次操作

2021-07-22 00:21:43 开始操作号码 【1781245】
2021-07-22 00:21:46 GSD getOne 第 1 次 等待 3 秒
2021-07-22 00:21:49 查询号码 【1781245】，返回信息 {"status":"bad","msg":""}
2021-07-22 00:21:49 查询号码 【1781245】，GSD为【""】
2021-07-22 00:21:49 bad
2021-07-22 00:21:50 CHB 1781245?1626884509 第 1 次 等待 3 秒
2021-07-22 00:21:53 CHB 1781245?1626884509 第 1 次 获取到号码【1781245】GSD
2021-07-22 00:21:53 未获取到号码【1781245】GSD，查号吧 400 错误
2021-07-22 00:21:53 获取到号码【1781245】的GSD为【-】
2021-07-22 00:22:12 GSD insert 第 1 次 等待 3 秒
2021-07-22 00:22:15 {"status":"ok","gid":350374,"msg":"添加成功！"}

2021-07-22 01:04:05 开始第 1 次操作

2021-07-22 01:04:05 开始操作号码 【1781244】
2021-07-22 01:04:10 GSD getOne 第 1 次 等待 3 秒
2021-07-22 01:04:13 查询号码 【1781244】，返回信息 {"status":"bad","msg":""}
2021-07-22 01:04:14 查询号码 【1781244】，GSD为【""】
2021-07-22 01:04:14 bad
2021-07-22 01:04:15 CHB 1781244?1626887054 第 1 次 等待 3 秒
2021-07-22 01:04:18 CHB 1781244?1626887054 第 1 次 获取到号码【1781244】GSD
2021-07-22 01:04:18 获取到号码【1781244】的GSD为【北京-北京】
2021-07-22 01:04:23 GSD insert 第 1 次 等待 3 秒
2021-07-22 01:04:26 {"status":"ok","gid":350483,"msg":"添加成功！"}
2021-07-22 01:04:26 下次操作: 2021-07-22 01:04:49

2021-07-22 01:04:49 开始第 2 次操作

2021-07-22 01:04:49 开始操作号码 【1781243】
2021-07-22 01:04:55 GSD getOne 第 1 次 等待 3 秒
2021-07-22 01:04:58 查询号码 【1781243】，返回信息 {"status":"bad","msg":""}
2021-07-22 01:04:58 查询号码 【1781243】，GSD为【""】
2021-07-22 01:04:58 bad
2021-07-22 01:05:00 CHB 1781243?1626887098 第 1 次 等待 3 秒
2021-07-22 01:05:03 CHB 1781243?1626887098 第 1 次 获取到号码【1781243】GSD
2021-07-22 01:05:03 获取到号码【1781243】的GSD为【北京-北京】
2021-07-22 01:05:06 GSD insert 第 1 次 等待 3 秒
2021-07-22 01:05:09 {"status":"ok","gid":350489,"msg":"添加成功！"}
2021-07-22 01:05:09 下次操作: 2021-07-22 01:05:23

2021-07-22 01:05:23 开始第 3 次操作

2021-07-22 01:05:23 开始操作号码 【1781242】
2021-07-22 01:05:26 GSD getOne 第 1 次 等待 3 秒
2021-07-22 01:05:29 查询号码 【1781242】，返回信息 {"status":"bad","msg":""}
2021-07-22 01:05:29 查询号码 【1781242】，GSD为【""】
2021-07-22 01:05:29 bad
2021-07-22 01:05:31 CHB 1781242?1626887129 第 1 次 等待 3 秒
2021-07-22 01:05:34 CHB 1781242?1626887129 第 1 次 获取到号码【1781242】GSD
2021-07-22 01:05:34 获取到号码【1781242】的GSD为【北京-北京】
2021-07-22 01:05:44 GSD insert 第 1 次 等待 3 秒
2021-07-22 01:05:47 {"status":"ok","gid":350495,"msg":"添加成功！"}
2021-07-22 01:05:47 下次操作: 2021-07-22 01:06:03

2021-07-22 01:06:03 开始第 4 次操作

2021-07-22 01:06:03 开始操作号码 【1781241】
2021-07-22 01:06:10 GSD getOne 第 1 次 等待 3 秒
2021-07-22 01:06:13 查询号码 【1781241】，返回信息 {"status":"bad","msg":""}
2021-07-22 01:06:13 查询号码 【1781241】，GSD为【""】
2021-07-22 01:06:13 bad
2021-07-22 01:06:15 CHB 1781241?1626887173 第 1 次 等待 3 秒
2021-07-22 01:06:18 CHB 1781241?1626887173 第 1 次 获取到号码【1781241】GSD
2021-07-22 01:06:18 获取到号码【1781241】的GSD为【北京-北京】
2021-07-22 01:06:21 GSD insert 第 1 次 等待 3 秒
2021-07-22 01:06:24 {"status":"ok","gid":350502,"msg":"添加成功！"}
2021-07-22 01:06:24 下次操作: 2021-07-22 01:06:40

2021-07-22 01:06:40 开始第 5 次操作

2021-07-22 01:06:40 开始操作号码 【1781240】
2021-07-22 01:06:44 GSD getOne 第 1 次 等待 3 秒
2021-07-22 01:06:47 查询号码 【1781240】，返回信息 {"status":"bad","msg":""}
2021-07-22 01:06:47 查询号码 【1781240】，GSD为【""】
2021-07-22 01:06:47 bad
2021-07-22 01:06:49 CHB 1781240?1626887207 第 1 次 等待 3 秒
2021-07-22 01:06:52 CHB 1781240?1626887207 第 1 次 获取到号码【1781240】GSD
2021-07-22 01:06:52 获取到号码【1781240】的GSD为【北京-北京】
2021-07-22 01:06:55 GSD insert 第 1 次 等待 3 秒
2021-07-22 01:06:58 {"status":"ok","gid":350508,"msg":"添加成功！"}
2021-07-22 01:06:58 下次操作: 2021-07-22 01:07:11

2021-07-22 01:07:11 开始第 6 次操作

2021-07-22 01:07:11 开始操作号码 【1781239】
2021-07-22 01:07:14 GSD getOne 第 1 次 等待 3 秒
2021-07-22 01:07:17 查询号码 【1781239】，返回信息 {"status":"bad","msg":""}
2021-07-22 01:07:17 查询号码 【1781239】，GSD为【""】
2021-07-22 01:07:17 bad
2021-07-22 01:07:19 CHB 1781239?1626887237 第 1 次 等待 3 秒
2021-07-22 01:07:22 CHB 1781239?1626887237 第 1 次 获取到号码【1781239】GSD
2021-07-22 01:07:22 获取到号码【1781239】的GSD为【北京-北京】
2021-07-22 01:07:24 GSD insert 第 1 次 等待 3 秒
2021-07-22 01:07:27 {"status":"ok","gid":350514,"msg":"添加成功！"}
2021-07-22 01:07:27 下次操作: 2021-07-22 01:07:43

2021-07-22 01:07:43 开始第 7 次操作

2021-07-22 01:07:43 开始操作号码 【1781238】
2021-07-22 01:07:50 GSD getOne 第 1 次 等待 3 秒
2021-07-22 01:07:53 查询号码 【1781238】，返回信息 {"status":"bad","msg":""}
2021-07-22 01:07:53 查询号码 【1781238】，GSD为【""】
2021-07-22 01:07:53 bad
2021-07-22 01:07:55 CHB 1781238?1626887273 第 1 次 等待 3 秒
2021-07-22 01:07:58 CHB 1781238?1626887273 第 1 次 获取到号码【1781238】GSD
2021-07-22 01:07:58 获取到号码【1781238】的GSD为【北京-北京】
2021-07-22 01:08:07 GSD insert 第 1 次 等待 3 秒
2021-07-22 01:08:10 {"status":"ok","gid":350521,"msg":"添加成功！"}
2021-07-22 01:08:10 下次操作: 2021-07-22 01:08:22

2021-07-22 01:08:22 开始第 8 次操作

2021-07-22 01:08:22 开始操作号码 【1781237】
2021-07-22 01:08:25 GSD getOne 第 1 次 等待 3 秒
2021-07-22 01:08:28 查询号码 【1781237】，返回信息 {"status":"bad","msg":""}
2021-07-22 01:08:28 查询号码 【1781237】，GSD为【""】
2021-07-22 01:08:28 bad
2021-07-22 01:08:29 CHB 1781237?1626887308 第 1 次 等待 3 秒
2021-07-22 01:08:32 CHB 1781237?1626887308 第 1 次 获取到号码【1781237】GSD
2021-07-22 01:08:33 获取到号码【1781237】的GSD为【北京-北京】
2021-07-22 01:08:35 GSD insert 第 1 次 等待 3 秒
2021-07-22 01:08:38 {"status":"ok","gid":350526,"msg":"添加成功！"}
2021-07-22 01:08:38 下次操作: 2021-07-22 01:08:51

2021-07-22 01:08:51 开始第 9 次操作

2021-07-22 01:08:51 开始操作号码 【1781236】
2021-07-22 01:08:57 GSD getOne 第 1 次 等待 3 秒
2021-07-22 01:09:00 查询号码 【1781236】，返回信息 {"status":"bad","msg":""}
2021-07-22 01:09:00 查询号码 【1781236】，GSD为【""】
2021-07-22 01:09:00 bad
2021-07-22 01:09:02 CHB 1781236?1626887340 第 1 次 等待 3 秒
2021-07-22 01:09:05 CHB 1781236?1626887340 第 1 次 获取到号码【1781236】GSD
2021-07-22 01:09:05 获取到号码【1781236】的GSD为【北京-北京】
2021-07-22 01:09:08 GSD insert 第 1 次 等待 3 秒
2021-07-22 01:09:11 {"status":"ok","gid":350529,"msg":"添加成功！"}
2021-07-22 01:09:11 下次操作: 2021-07-22 01:09:26

2021-07-22 01:09:26 开始第 10 次操作

2021-07-22 01:09:26 开始操作号码 【1781235】
2021-07-22 01:09:32 GSD getOne 第 1 次 等待 3 秒
2021-07-22 01:09:35 查询号码 【1781235】，返回信息 {"status":"bad","msg":""}
2021-07-22 01:09:35 查询号码 【1781235】，GSD为【""】
2021-07-22 01:09:35 bad
2021-07-22 01:09:37 CHB 1781235?1626887375 第 1 次 等待 3 秒
2021-07-22 01:09:40 CHB 1781235?1626887375 第 1 次 获取到号码【1781235】GSD
2021-07-22 01:09:40 获取到号码【1781235】的GSD为【北京-北京】
2021-07-22 01:09:43 GSD insert 第 1 次 等待 3 秒
2021-07-22 01:09:46 {"status":"ok","gid":350537,"msg":"添加成功！"}
2021-07-22 01:09:46 下次操作: 2021-07-22 01:10:02

2021-07-22 01:10:02 开始第 11 次操作

2021-07-22 01:10:02 开始操作号码 【1781234】
2021-07-22 01:10:05 GSD getOne 第 1 次 等待 3 秒
2021-07-22 01:10:08 查询号码 【1781234】，返回信息 {"status":"bad","msg":""}
2021-07-22 01:10:08 查询号码 【1781234】，GSD为【""】
2021-07-22 01:10:08 bad
2021-07-22 01:10:10 CHB 1781234?1626887408 第 1 次 等待 3 秒
2021-07-22 01:10:13 CHB 1781234?1626887408 第 1 次 获取到号码【1781234】GSD
2021-07-22 01:10:13 获取到号码【1781234】的GSD为【北京-北京】
2021-07-22 01:10:19 GSD insert 第 1 次 等待 3 秒
2021-07-22 01:10:22 {"status":"ok","gid":350541,"msg":"添加成功！"}
2021-07-22 01:10:22 下次操作: 2021-07-22 01:10:45

2021-07-22 01:10:45 开始第 12 次操作

2021-07-22 01:10:45 开始操作号码 【1781233】
2021-07-22 01:10:47 GSD getOne 第 1 次 等待 3 秒
2021-07-22 01:10:50 查询号码 【1781233】，返回信息 {"status":"bad","msg":""}
2021-07-22 01:10:51 查询号码 【1781233】，GSD为【""】
2021-07-22 01:10:51 bad
2021-07-22 01:10:52 CHB 1781233?1626887451 第 1 次 等待 3 秒
2021-07-22 01:10:55 CHB 1781233?1626887451 第 1 次 获取到号码【1781233】GSD
2021-07-22 01:10:55 获取到号码【1781233】的GSD为【北京-北京】
2021-07-22 01:10:58 GSD insert 第 1 次 等待 3 秒
2021-07-22 01:11:01 {"status":"ok","gid":350549,"msg":"添加成功！"}
2021-07-22 01:11:01 下次操作: 2021-07-22 01:11:22

2021-07-22 01:11:22 开始第 13 次操作

2021-07-22 01:11:22 开始操作号码 【1781232】
2021-07-22 01:11:25 GSD getOne 第 1 次 等待 3 秒
2021-07-22 01:11:28 查询号码 【1781232】，返回信息 {"status":"bad","msg":""}
2021-07-22 01:11:28 查询号码 【1781232】，GSD为【""】
2021-07-22 01:11:28 bad
2021-07-22 01:11:30 CHB 1781232?1626887488 第 1 次 等待 3 秒
2021-07-22 01:11:33 CHB 1781232?1626887488 第 1 次 获取到号码【1781232】GSD
2021-07-22 01:11:33 获取到号码【1781232】的GSD为【北京-北京】
2021-07-22 01:11:36 GSD insert 第 1 次 等待 3 秒
2021-07-22 01:11:39 {"status":"ok","gid":350554,"msg":"添加成功！"}
2021-07-22 01:11:39 下次操作: 2021-07-22 01:11:57

2021-07-22 01:11:57 开始第 14 次操作

2021-07-22 01:11:57 开始操作号码 【1781231】
2021-07-22 01:12:02 GSD getOne 第 1 次 等待 3 秒
2021-07-22 01:12:05 查询号码 【1781231】，返回信息 {"status":"bad","msg":""}
2021-07-22 01:12:05 查询号码 【1781231】，GSD为【""】
2021-07-22 01:12:05 bad
2021-07-22 01:12:07 CHB 1781231?1626887525 第 1 次 等待 3 秒
2021-07-22 01:12:10 CHB 1781231?1626887525 第 1 次 获取到号码【1781231】GSD
2021-07-22 01:12:10 获取到号码【1781231】的GSD为【北京-北京】
2021-07-22 01:12:12 GSD insert 第 1 次 等待 3 秒
2021-07-22 01:12:15 {"status":"ok","gid":350559,"msg":"添加成功！"}
2021-07-22 01:12:15 下次操作: 2021-07-22 01:12:33

2021-07-22 01:12:33 开始第 15 次操作

2021-07-22 01:12:33 开始操作号码 【1781230】
2021-07-22 01:12:37 GSD getOne 第 1 次 等待 3 秒
2021-07-22 01:12:40 查询号码 【1781230】，返回信息 {"status":"bad","msg":""}
2021-07-22 01:12:40 查询号码 【1781230】，GSD为【""】
2021-07-22 01:12:40 bad
2021-07-22 01:12:42 CHB 1781230?1626887560 第 1 次 等待 3 秒
2021-07-22 01:12:45 CHB 1781230?1626887560 第 1 次 获取到号码【1781230】GSD
2021-07-22 01:12:45 获取到号码【1781230】的GSD为【北京-北京】
2021-07-22 01:12:48 GSD insert 第 1 次 等待 3 秒
2021-07-22 01:12:51 {"status":"ok","gid":350565,"msg":"添加成功！"}
2021-07-22 01:12:51 下次操作: 2021-07-22 01:13:10

2021-07-22 01:13:10 开始第 16 次操作

2021-07-22 01:13:10 开始操作号码 【1781229】
2021-07-22 01:13:13 GSD getOne 第 1 次 等待 3 秒
2021-07-22 01:13:16 查询号码 【1781229】，返回信息 {"status":"bad","msg":""}
2021-07-22 01:13:16 查询号码 【1781229】，GSD为【""】
2021-07-22 01:13:16 bad
2021-07-22 01:13:18 CHB 1781229?1626887596 第 1 次 等待 3 秒
2021-07-22 01:13:21 CHB 1781229?1626887596 第 1 次 获取到号码【1781229】GSD
2021-07-22 01:13:21 获取到号码【1781229】的GSD为【北京-北京】
2021-07-22 01:13:28 GSD insert 第 1 次 等待 3 秒
2021-07-22 01:13:31 {"status":"ok","gid":350571,"msg":"添加成功！"}
2021-07-22 01:13:31 下次操作: 2021-07-22 01:13:45

2021-07-22 01:13:46 开始第 17 次操作

2021-07-22 01:13:46 开始操作号码 【1781228】
2021-07-22 01:13:51 GSD getOne 第 1 次 等待 3 秒
2021-07-22 01:13:54 查询号码 【1781228】，返回信息 {"status":"bad","msg":""}
2021-07-22 01:13:54 查询号码 【1781228】，GSD为【""】
2021-07-22 01:13:54 bad
2021-07-22 01:13:56 CHB 1781228?1626887634 第 1 次 等待 3 秒
2021-07-22 01:13:59 CHB 1781228?1626887634 第 1 次 获取到号码【1781228】GSD
2021-07-22 01:13:59 获取到号码【1781228】的GSD为【北京-北京】
2021-07-22 01:14:04 GSD insert 第 1 次 等待 3 秒
2021-07-22 01:14:07 {"status":"ok","gid":350576,"msg":"添加成功！"}
2021-07-22 01:14:07 下次操作: 2021-07-22 01:14:21

2021-07-22 01:14:21 开始第 18 次操作

2021-07-22 01:14:21 开始操作号码 【1781227】
2021-07-22 01:14:25 GSD getOne 第 1 次 等待 3 秒
2021-07-22 01:14:28 查询号码 【1781227】，返回信息 {"status":"bad","msg":""}
2021-07-22 01:14:28 查询号码 【1781227】，GSD为【""】
2021-07-22 01:14:28 bad
2021-07-22 01:14:30 CHB 1781227?1626887668 第 1 次 等待 3 秒
2021-07-22 01:14:33 CHB 1781227?1626887668 第 1 次 获取到号码【1781227】GSD
2021-07-22 01:14:33 获取到号码【1781227】的GSD为【北京-北京】
2021-07-22 01:14:36 GSD insert 第 1 次 等待 3 秒
2021-07-22 01:14:39 {"status":"ok","gid":350582,"msg":"添加成功！"}
2021-07-22 01:14:39 下次操作: 2021-07-22 01:15:01

2021-07-22 01:15:01 开始第 19 次操作

2021-07-22 01:15:01 开始操作号码 【1781226】
2021-07-22 01:15:07 GSD getOne 第 1 次 等待 3 秒
2021-07-22 01:15:10 查询号码 【1781226】，返回信息 {"status":"bad","msg":""}
2021-07-22 01:15:10 查询号码 【1781226】，GSD为【""】
2021-07-22 01:15:10 bad
2021-07-22 01:15:12 CHB 1781226?1626887710 第 1 次 等待 3 秒
2021-07-22 01:15:15 CHB 1781226?1626887710 第 1 次 获取到号码【1781226】GSD
2021-07-22 01:15:15 获取到号码【1781226】的GSD为【北京-北京】
2021-07-22 01:15:18 GSD insert 第 1 次 等待 3 秒
2021-07-22 01:15:21 {"status":"ok","gid":350590,"msg":"添加成功！"}
2021-07-22 01:15:21 下次操作: 2021-07-22 01:15:42

2021-07-22 01:15:42 开始第 20 次操作

2021-07-22 01:15:42 开始操作号码 【1781225】
2021-07-22 01:15:45 GSD getOne 第 1 次 等待 3 秒
2021-07-22 01:15:48 查询号码 【1781225】，返回信息 {"status":"bad","msg":""}
2021-07-22 01:15:48 查询号码 【1781225】，GSD为【""】
2021-07-22 01:15:48 bad
2021-07-22 01:15:50 CHB 1781225?1626887748 第 1 次 等待 3 秒
2021-07-22 01:15:53 CHB 1781225?1626887748 第 1 次 获取到号码【1781225】GSD
2021-07-22 01:15:53 获取到号码【1781225】的GSD为【北京-北京】
2021-07-22 01:16:01 GSD insert 第 1 次 等待 3 秒
2021-07-22 01:16:04 {"status":"ok","gid":350595,"msg":"添加成功！"}
2021-07-22 01:16:04 下次操作: 2021-07-22 01:16:16

2021-07-22 01:16:16 开始第 21 次操作

2021-07-22 01:16:16 开始操作号码 【1781224】
2021-07-22 01:16:21 GSD getOne 第 1 次 等待 3 秒
2021-07-22 01:16:24 查询号码 【1781224】，返回信息 {"status":"bad","msg":""}
2021-07-22 01:16:24 查询号码 【1781224】，GSD为【""】
2021-07-22 01:16:24 bad
2021-07-22 01:16:26 CHB 1781224?1626887784 第 1 次 等待 3 秒
2021-07-22 01:16:29 CHB 1781224?1626887784 第 1 次 获取到号码【1781224】GSD
2021-07-22 01:16:29 获取到号码【1781224】的GSD为【北京-北京】
2021-07-22 01:16:32 GSD insert 第 1 次 等待 3 秒
2021-07-22 01:16:35 {"status":"ok","gid":350600,"msg":"添加成功！"}
2021-07-22 01:16:35 下次操作: 2021-07-22 01:16:56

2021-07-22 01:16:56 开始第 22 次操作

2021-07-22 01:16:56 开始操作号码 【1781223】
2021-07-22 01:17:00 GSD getOne 第 1 次 等待 3 秒
2021-07-22 01:17:03 查询号码 【1781223】，返回信息 {"status":"bad","msg":""}
2021-07-22 01:17:03 查询号码 【1781223】，GSD为【""】
2021-07-22 01:17:03 bad
2021-07-22 01:17:05 CHB 1781223?1626887823 第 1 次 等待 3 秒
2021-07-22 01:17:08 CHB 1781223?1626887823 第 1 次 获取到号码【1781223】GSD
2021-07-22 01:17:08 获取到号码【1781223】的GSD为【北京-北京】
2021-07-22 01:17:11 GSD insert 第 1 次 等待 3 秒
2021-07-22 01:17:14 {"status":"ok","gid":350607,"msg":"添加成功！"}
2021-07-22 01:17:14 下次操作: 2021-07-22 01:17:36

2021-07-22 01:17:36 开始第 23 次操作

2021-07-22 01:17:36 开始操作号码 【1781222】
2021-07-22 01:17:41 GSD getOne 第 1 次 等待 3 秒
2021-07-22 01:17:44 查询号码 【1781222】，返回信息 {"status":"bad","msg":""}
2021-07-22 01:17:44 查询号码 【1781222】，GSD为【""】
2021-07-22 01:17:44 bad
2021-07-22 01:17:46 CHB 1781222?1626887864 第 1 次 等待 3 秒
2021-07-22 01:17:49 CHB 1781222?1626887864 第 1 次 获取到号码【1781222】GSD
2021-07-22 01:17:49 获取到号码【1781222】的GSD为【北京-北京】
2021-07-22 01:17:52 GSD insert 第 1 次 等待 3 秒
2021-07-22 01:17:55 {"status":"ok","gid":350615,"msg":"添加成功！"}
2021-07-22 01:17:55 下次操作: 2021-07-22 01:18:15

2021-07-22 01:18:15 开始第 24 次操作

2021-07-22 01:18:15 开始操作号码 【1781221】
2021-07-22 01:18:24 GSD getOne 第 1 次 等待 3 秒
2021-07-22 01:18:27 查询号码 【1781221】，返回信息 {"status":"bad","msg":""}
2021-07-22 01:18:27 查询号码 【1781221】，GSD为【""】
2021-07-22 01:18:27 bad
2021-07-22 01:18:29 CHB 1781221?1626887907 第 1 次 等待 3 秒
2021-07-22 01:18:32 CHB 1781221?1626887907 第 1 次 获取到号码【1781221】GSD
2021-07-22 01:18:32 获取到号码【1781221】的GSD为【北京-北京】
2021-07-22 01:18:35 GSD insert 第 1 次 等待 3 秒
2021-07-22 01:18:38 {"status":"ok","gid":350625,"msg":"添加成功！"}
2021-07-22 01:18:38 下次操作: 2021-07-22 01:18:53

2021-07-22 01:18:53 开始第 25 次操作

2021-07-22 01:18:53 开始操作号码 【1781220】
2021-07-22 01:18:58 GSD getOne 第 1 次 等待 3 秒
2021-07-22 01:19:01 查询号码 【1781220】，返回信息 {"status":"bad","msg":""}
2021-07-22 01:19:01 查询号码 【1781220】，GSD为【""】
2021-07-22 01:19:01 bad
2021-07-22 01:19:03 CHB 1781220?1626887941 第 1 次 等待 3 秒
2021-07-22 01:19:06 CHB 1781220?1626887941 第 1 次 获取到号码【1781220】GSD
2021-07-22 01:19:06 获取到号码【1781220】的GSD为【北京-北京】
2021-07-22 01:19:28 GSD insert 第 1 次 等待 3 秒
2021-07-22 01:19:31 {"status":"ok","gid":350632,"msg":"添加成功！"}
2021-07-22 01:19:31 下次操作: 2021-07-22 01:19:47

2021-07-22 01:19:47 开始第 26 次操作

2021-07-22 01:19:47 开始操作号码 【1781219】
2021-07-22 01:19:51 GSD getOne 第 1 次 等待 3 秒
2021-07-22 01:19:54 查询号码 【1781219】，返回信息 {"status":"bad","msg":""}
2021-07-22 01:19:54 查询号码 【1781219】，GSD为【""】
2021-07-22 01:19:54 bad
2021-07-22 01:19:56 CHB 1781219?1626887994 第 1 次 等待 3 秒
2021-07-22 01:19:59 CHB 1781219?1626887994 第 1 次 获取到号码【1781219】GSD
2021-07-22 01:19:59 获取到号码【1781219】的GSD为【北京-北京】
2021-07-22 01:20:02 GSD insert 第 1 次 等待 3 秒
2021-07-22 01:20:05 {"status":"ok","gid":350637,"msg":"添加成功！"}
2021-07-22 01:20:05 下次操作: 2021-07-22 01:20:20

2021-07-22 01:20:20 开始第 27 次操作

2021-07-22 01:20:20 开始操作号码 【1781218】
2021-07-22 01:20:24 GSD getOne 第 1 次 等待 3 秒
2021-07-22 01:20:27 查询号码 【1781218】，返回信息 {"status":"bad","msg":""}
2021-07-22 01:20:27 查询号码 【1781218】，GSD为【""】
2021-07-22 01:20:27 bad
2021-07-22 01:20:28 CHB 1781218?1626888027 第 1 次 等待 3 秒
2021-07-22 01:20:31 CHB 1781218?1626888027 第 1 次 获取到号码【1781218】GSD
2021-07-22 01:20:31 获取到号码【1781218】的GSD为【北京-北京】
2021-07-22 01:20:34 GSD insert 第 1 次 等待 3 秒
2021-07-22 01:20:37 {"status":"ok","gid":350642,"msg":"添加成功！"}
2021-07-22 01:20:37 下次操作: 2021-07-22 01:20:56

2021-07-22 01:20:56 开始第 28 次操作

2021-07-22 01:20:56 开始操作号码 【1781217】
2021-07-22 01:21:00 GSD getOne 第 1 次 等待 3 秒
2021-07-22 01:21:03 查询号码 【1781217】，返回信息 {"status":"bad","msg":""}
2021-07-22 01:21:03 查询号码 【1781217】，GSD为【""】
2021-07-22 01:21:03 bad
2021-07-22 01:21:05 CHB 1781217?1626888063 第 1 次 等待 3 秒
2021-07-22 01:21:08 CHB 1781217?1626888063 第 1 次 获取到号码【1781217】GSD
2021-07-22 01:21:08 获取到号码【1781217】的GSD为【北京-北京】
2021-07-22 01:21:16 GSD insert 第 1 次 等待 3 秒
2021-07-22 01:21:19 {"status":"ok","gid":350652,"msg":"添加成功！"}
2021-07-22 01:21:19 下次操作: 2021-07-22 01:21:35

2021-07-22 01:21:35 开始第 29 次操作

2021-07-22 01:21:35 开始操作号码 【1781216】
2021-07-22 01:21:38 GSD getOne 第 1 次 等待 3 秒
2021-07-22 01:21:41 查询号码 【1781216】，返回信息 {"status":"bad","msg":""}
2021-07-22 01:21:41 查询号码 【1781216】，GSD为【""】
2021-07-22 01:21:41 bad
2021-07-22 01:21:43 CHB 1781216?1626888101 第 1 次 等待 3 秒
2021-07-22 01:21:46 CHB 1781216?1626888101 第 1 次 获取到号码【1781216】GSD
2021-07-22 01:21:46 获取到号码【1781216】的GSD为【北京-北京】
2021-07-22 01:21:49 GSD insert 第 1 次 等待 3 秒
2021-07-22 01:21:52 {"status":"ok","gid":350657,"msg":"添加成功！"}
2021-07-22 01:21:52 下次操作: 2021-07-22 01:22:16

2021-07-22 01:22:16 开始第 30 次操作

2021-07-22 01:22:16 开始操作号码 【1781215】
2021-07-22 01:22:19 GSD getOne 第 1 次 等待 3 秒
2021-07-22 01:22:22 查询号码 【1781215】，返回信息 {"status":"bad","msg":""}
2021-07-22 01:22:22 查询号码 【1781215】，GSD为【""】
2021-07-22 01:22:22 bad
2021-07-22 01:22:24 CHB 1781215?1626888142 第 1 次 等待 3 秒
2021-07-22 01:22:27 CHB 1781215?1626888142 第 1 次 获取到号码【1781215】GSD
2021-07-22 01:22:27 获取到号码【1781215】的GSD为【北京-北京】
2021-07-22 01:22:30 GSD insert 第 1 次 等待 3 秒
2021-07-22 01:22:33 {"status":"ok","gid":350662,"msg":"添加成功！"}
2021-07-22 01:22:33 下次操作: 2021-07-22 01:22:45

2021-07-22 01:22:45 开始第 31 次操作

2021-07-22 01:22:45 开始操作号码 【1781214】
2021-07-22 01:22:51 GSD getOne 第 1 次 等待 3 秒
2021-07-22 01:22:54 查询号码 【1781214】，返回信息 {"status":"bad","msg":""}
2021-07-22 01:22:54 查询号码 【1781214】，GSD为【""】
2021-07-22 01:22:54 bad
2021-07-22 01:22:56 CHB 1781214?1626888174 第 1 次 等待 3 秒
2021-07-22 01:22:59 CHB 1781214?1626888174 第 1 次 获取到号码【1781214】GSD
2021-07-22 01:22:59 获取到号码【1781214】的GSD为【北京-北京】
2021-07-22 01:23:02 GSD insert 第 1 次 等待 3 秒
2021-07-22 01:23:05 {"status":"ok","gid":350668,"msg":"添加成功！"}
2021-07-22 01:23:05 下次操作: 2021-07-22 01:23:25

2021-07-22 01:23:25 开始第 32 次操作

2021-07-22 01:23:25 开始操作号码 【1781213】
2021-07-22 01:23:29 GSD getOne 第 1 次 等待 3 秒
2021-07-22 01:23:32 查询号码 【1781213】，返回信息 {"status":"bad","msg":""}
2021-07-22 01:23:32 查询号码 【1781213】，GSD为【""】
2021-07-22 01:23:32 bad
2021-07-22 01:23:34 CHB 1781213?1626888212 第 1 次 等待 3 秒
2021-07-22 01:23:37 CHB 1781213?1626888212 第 1 次 获取到号码【1781213】GSD
2021-07-22 01:23:37 获取到号码【1781213】的GSD为【北京-北京】
2021-07-22 01:23:58 GSD insert 第 1 次 等待 3 秒
2021-07-22 01:24:01 {"status":"ok","gid":350672,"msg":"添加成功！"}
2021-07-22 01:24:01 下次操作: 2021-07-22 01:24:17

2021-07-22 01:24:17 开始第 33 次操作

2021-07-22 01:24:17 开始操作号码 【1781212】
2021-07-22 01:24:22 GSD getOne 第 1 次 等待 3 秒
2021-07-22 01:24:25 查询号码 【1781212】，返回信息 {"status":"bad","msg":""}
2021-07-22 01:24:25 查询号码 【1781212】，GSD为【""】
2021-07-22 01:24:25 bad
2021-07-22 01:24:27 CHB 1781212?1626888265 第 1 次 等待 3 秒
2021-07-22 01:24:30 CHB 1781212?1626888265 第 1 次 获取到号码【1781212】GSD
2021-07-22 01:24:30 获取到号码【1781212】的GSD为【北京-北京】
2021-07-22 01:24:34 GSD insert 第 1 次 等待 3 秒
2021-07-22 01:24:37 {"status":"ok","gid":350678,"msg":"添加成功！"}
2021-07-22 01:24:37 下次操作: 2021-07-22 01:24:55

2021-07-22 01:24:55 开始第 34 次操作

2021-07-22 01:24:55 开始操作号码 【1781211】
2021-07-22 01:25:07 GSD getOne 第 1 次 等待 3 秒
2021-07-22 01:25:10 查询号码 【1781211】，返回信息 {"status":"bad","msg":""}
2021-07-22 01:25:10 查询号码 【1781211】，GSD为【""】
2021-07-22 01:25:10 bad
2021-07-22 01:25:11 CHB 1781211?1626888310 第 1 次 等待 3 秒
2021-07-22 01:25:14 CHB 1781211?1626888310 第 1 次 获取到号码【1781211】GSD
2021-07-22 01:25:14 获取到号码【1781211】的GSD为【北京-北京】
2021-07-22 01:25:17 GSD insert 第 1 次 等待 3 秒
2021-07-22 01:25:20 {"status":"ok","gid":350684,"msg":"添加成功！"}
2021-07-22 01:25:20 下次操作: 2021-07-22 01:25:35

2021-07-22 01:25:35 开始第 35 次操作

2021-07-22 01:25:35 开始操作号码 【1781210】
2021-07-22 01:25:40 GSD getOne 第 1 次 等待 3 秒
2021-07-22 01:25:43 查询号码 【1781210】，返回信息 {"status":"bad","msg":""}
2021-07-22 01:25:43 查询号码 【1781210】，GSD为【""】
2021-07-22 01:25:43 bad
2021-07-22 01:25:44 CHB 1781210?1626888343 第 1 次 等待 3 秒
2021-07-22 01:25:47 CHB 1781210?1626888343 第 1 次 获取到号码【1781210】GSD
2021-07-22 01:25:47 获取到号码【1781210】的GSD为【北京-北京】
2021-07-22 01:25:51 GSD insert 第 1 次 等待 3 秒
2021-07-22 01:25:54 {"status":"ok","gid":350690,"msg":"添加成功！"}
2021-07-22 01:25:54 下次操作: 2021-07-22 01:26:08

2021-07-22 01:26:08 开始第 36 次操作

2021-07-22 01:26:08 开始操作号码 【1781209】
2021-07-22 01:26:11 GSD getOne 第 1 次 等待 3 秒
2021-07-22 01:26:14 查询号码 【1781209】，返回信息 {"status":"bad","msg":""}
2021-07-22 01:26:15 查询号码 【1781209】，GSD为【""】
2021-07-22 01:26:15 bad
2021-07-22 01:26:16 CHB 1781209?1626888375 第 1 次 等待 3 秒
2021-07-22 01:26:19 CHB 1781209?1626888375 第 1 次 获取到号码【1781209】GSD
2021-07-22 01:26:19 获取到号码【1781209】的GSD为【北京-北京】
2021-07-22 01:26:24 GSD insert 第 1 次 等待 3 秒
2021-07-22 01:26:27 {"status":"ok","gid":350696,"msg":"添加成功！"}
2021-07-22 01:26:27 下次操作: 2021-07-22 01:26:46

2021-07-22 01:26:46 开始第 37 次操作

2021-07-22 01:26:46 开始操作号码 【1781208】
2021-07-22 01:26:51 GSD getOne 第 1 次 等待 3 秒
2021-07-22 01:26:54 查询号码 【1781208】，返回信息 {"status":"bad","msg":""}
2021-07-22 01:26:54 查询号码 【1781208】，GSD为【""】
2021-07-22 01:26:54 bad
2021-07-22 01:26:56 CHB 1781208?1626888414 第 1 次 等待 3 秒
2021-07-22 01:26:59 CHB 1781208?1626888414 第 1 次 获取到号码【1781208】GSD
2021-07-22 01:26:59 获取到号码【1781208】的GSD为【北京-北京】
2021-07-22 01:27:02 GSD insert 第 1 次 等待 3 秒
2021-07-22 01:27:05 {"status":"ok","gid":350700,"msg":"添加成功！"}
2021-07-22 01:27:05 下次操作: 2021-07-22 01:27:18

2021-07-22 01:27:18 开始第 38 次操作

2021-07-22 01:27:18 开始操作号码 【1781207】
2021-07-22 01:27:21 GSD getOne 第 1 次 等待 3 秒
2021-07-22 01:27:24 查询号码 【1781207】，返回信息 {"status":"bad","msg":""}
2021-07-22 01:27:25 查询号码 【1781207】，GSD为【""】
2021-07-22 01:27:25 bad
2021-07-22 01:27:26 CHB 1781207?1626888445 第 1 次 等待 3 秒
2021-07-22 01:27:29 CHB 1781207?1626888445 第 1 次 获取到号码【1781207】GSD
2021-07-22 01:27:29 获取到号码【1781207】的GSD为【北京-北京】
2021-07-22 01:27:32 GSD insert 第 1 次 等待 3 秒
2021-07-22 01:27:35 {"status":"ok","gid":350705,"msg":"添加成功！"}
2021-07-22 01:27:35 下次操作: 2021-07-22 01:27:50

2021-07-22 01:27:50 开始第 39 次操作

2021-07-22 01:27:50 开始操作号码 【1781206】
2021-07-22 01:27:53 GSD getOne 第 1 次 等待 3 秒
2021-07-22 01:27:56 查询号码 【1781206】，返回信息 {"status":"bad","msg":""}
2021-07-22 01:27:56 查询号码 【1781206】，GSD为【""】
2021-07-22 01:27:56 bad
2021-07-22 01:27:58 CHB 1781206?1626888476 第 1 次 等待 3 秒
2021-07-22 01:28:01 CHB 1781206?1626888476 第 1 次 获取到号码【1781206】GSD
2021-07-22 01:28:01 获取到号码【1781206】的GSD为【北京-北京】
2021-07-22 01:28:21 GSD insert 第 1 次 等待 3 秒
2021-07-22 01:28:24 {"status":"ok","gid":350709,"msg":"添加成功！"}
2021-07-22 01:28:24 下次操作: 2021-07-22 01:28:45

2021-07-22 01:28:45 开始第 40 次操作

2021-07-22 01:28:45 开始操作号码 【1781205】
2021-07-22 01:28:48 GSD getOne 第 1 次 等待 3 秒
2021-07-22 01:28:51 查询号码 【1781205】，返回信息 {"status":"ok","msg":"北京-北京","gid":"350647","time_insert":"2021-07-22 01:20"}
2021-07-22 01:28:51 查询号码 【1781205】，GSD为【"北京-北京"】

2021-07-22 01:28:51 开始第 40 次操作

2021-07-22 01:28:51 开始操作号码 【1781204】
2021-07-22 01:28:54 GSD getOne 第 1 次 等待 3 秒
2021-07-22 01:28:57 查询号码 【1781204】，返回信息 {"status":"ok","msg":"北京-北京","gid":"350511","time_insert":"2021-07-22 01:07"}
2021-07-22 01:28:57 查询号码 【1781204】，GSD为【"北京-北京"】

2021-07-22 01:28:57 开始第 40 次操作

2021-07-22 01:28:57 开始操作号码 【1781203】
2021-07-22 01:30:02 GSD getOne 第 1 次 等待 3 秒
2021-07-22 01:30:05 查询号码 【1781203】，返回信息 {"status":"ok","msg":"北京-北京","gid":"350460","time_insert":"2021-07-22 00:56"}
2021-07-22 01:30:05 查询号码 【1781203】，GSD为【"北京-北京"】

2021-07-22 01:30:05 开始第 40 次操作

2021-07-22 01:30:05 开始操作号码 【1781202】
2021-07-22 01:30:09 GSD getOne 第 1 次 等待 3 秒
2021-07-22 01:30:12 查询号码 【1781202】，返回信息 {"status":"ok","msg":"北京-北京","gid":"350436","time_insert":"2021-07-22 00:43"}
2021-07-22 01:30:12 查询号码 【1781202】，GSD为【"北京-北京"】

2021-07-22 01:30:12 开始第 40 次操作

2021-07-22 01:30:12 开始操作号码 【1781201】
2021-07-22 01:30:15 GSD getOne 第 1 次 等待 3 秒
2021-07-22 01:30:18 查询号码 【1781201】，返回信息 {"status":"ok","msg":"北京-北京","gid":"350404","time_insert":"2021-07-22 00:29"}
2021-07-22 01:30:18 查询号码 【1781201】，GSD为【"北京-北京"】

2021-07-22 01:30:18 开始第 40 次操作

2021-07-22 01:30:18 开始操作号码 【1781200】
2021-07-22 01:30:21 GSD getOne 第 1 次 等待 3 秒
2021-07-22 01:30:24 查询号码 【1781200】，返回信息 {"status":"ok","msg":"北京-北京","gid":"350346","time_insert":"2021-07-22 00:17"}
2021-07-22 01:30:24 查询号码 【1781200】，GSD为【"北京-北京"】

2021-07-22 01:30:24 开始第 40 次操作

2021-07-22 01:30:24 开始操作号码 【1781199】
2021-07-22 01:30:27 GSD getOne 第 1 次 等待 3 秒
2021-07-22 01:30:30 查询号码 【1781199】，返回信息 {"status":"ok","msg":"上海-上海","gid":"350246","time_insert":"2021-07-22 00:07"}
2021-07-22 01:30:30 查询号码 【1781199】，GSD为【"上海-上海"】

2021-07-22 01:30:30 开始第 40 次操作

2021-07-22 01:30:30 开始操作号码 【1781198】
2021-07-22 01:30:34 GSD getOne 第 1 次 等待 3 秒
2021-07-22 01:30:37 查询号码 【1781198】，返回信息 {"status":"ok","msg":"上海-上海","gid":"350098","time_insert":"2021-07-21 23:53"}
2021-07-22 01:30:37 查询号码 【1781198】，GSD为【"上海-上海"】

2021-07-22 01:30:37 开始第 40 次操作

2021-07-22 01:30:37 开始操作号码 【1781197】
2021-07-22 01:30:41 GSD getOne 第 1 次 等待 3 秒
2021-07-22 01:30:44 查询号码 【1781197】，返回信息 {"status":"ok","msg":"上海-上海","gid":"350003","time_insert":"2021-07-21 23:40"}
2021-07-22 01:30:44 查询号码 【1781197】，GSD为【"上海-上海"】

2021-07-22 01:30:44 开始第 40 次操作

2021-07-22 01:30:44 开始操作号码 【1781196】
2021-07-22 01:30:47 GSD getOne 第 1 次 等待 3 秒
2021-07-22 01:30:50 查询号码 【1781196】，返回信息 {"status":"ok","msg":"上海-上海","gid":"349967","time_insert":"2021-07-21 23:27"}
2021-07-22 01:30:50 查询号码 【1781196】，GSD为【"上海-上海"】

2021-07-22 01:30:50 开始第 40 次操作

2021-07-22 01:30:50 开始操作号码 【1781195】
2021-07-22 01:31:19 GSD getOne 第 1 次 等待 3 秒
2021-07-22 01:31:22 查询号码 【1781195】，返回信息 {"status":"ok","msg":"上海-上海","gid":"349919","time_insert":"2021-07-21 23:16"}
2021-07-22 01:31:22 查询号码 【1781195】，GSD为【"上海-上海"】

2021-07-22 01:31:22 开始第 40 次操作

2021-07-22 01:31:22 开始操作号码 【1781194】
2021-07-22 01:31:25 GSD getOne 第 1 次 等待 3 秒
2021-07-22 01:31:28 查询号码 【1781194】，返回信息 {"status":"ok","msg":"上海-上海","gid":"349860","time_insert":"2021-07-21 23:04"}
2021-07-22 01:31:28 查询号码 【1781194】，GSD为【"上海-上海"】

2021-07-22 01:31:28 开始第 40 次操作

2021-07-22 01:31:28 开始操作号码 【1781193】
2021-07-22 01:31:31 GSD getOne 第 1 次 等待 3 秒
2021-07-22 01:31:34 查询号码 【1781193】，返回信息 {"status":"ok","msg":"上海-上海","gid":"349754","time_insert":"2021-07-21 22:49"}
2021-07-22 01:31:34 查询号码 【1781193】，GSD为【"上海-上海"】

2021-07-22 01:31:34 开始第 40 次操作

2021-07-22 01:31:34 开始操作号码 【1781192】
2021-07-22 01:31:39 GSD getOne 第 1 次 等待 3 秒
2021-07-22 01:31:42 查询号码 【1781192】，返回信息 {"status":"ok","msg":"上海-上海","gid":"349665","time_insert":"2021-07-21 22:38"}
2021-07-22 01:31:42 查询号码 【1781192】，GSD为【"上海-上海"】

2021-07-22 01:31:42 开始第 40 次操作

2021-07-22 01:31:42 开始操作号码 【1781191】
2021-07-22 01:31:45 GSD getOne 第 1 次 等待 3 秒
2021-07-22 01:31:48 查询号码 【1781191】，返回信息 {"status":"ok","msg":"上海-上海","gid":"349603","time_insert":"2021-07-21 22:23"}
2021-07-22 01:31:48 查询号码 【1781191】，GSD为【"上海-上海"】

2021-07-22 01:31:48 开始第 40 次操作

2021-07-22 01:31:48 开始操作号码 【1781190】
2021-07-22 01:31:52 GSD getOne 第 1 次 等待 3 秒
2021-07-22 01:31:55 查询号码 【1781190】，返回信息 {"status":"ok","msg":"上海-上海","gid":"349550","time_insert":"2021-07-21 22:11"}
2021-07-22 01:31:55 查询号码 【1781190】，GSD为【"上海-上海"】

2021-07-22 01:31:55 开始第 40 次操作

2021-07-22 01:31:55 开始操作号码 【1781189】
2021-07-22 01:31:57 GSD getOne 第 1 次 等待 3 秒
2021-07-22 01:32:00 查询号码 【1781189】，返回信息 {"status":"ok","msg":"上海-上海","gid":"349475","time_insert":"2021-07-21 22:01"}
2021-07-22 01:32:00 查询号码 【1781189】，GSD为【"上海-上海"】

2021-07-22 01:32:00 开始第 40 次操作

2021-07-22 01:32:00 开始操作号码 【1781188】
2021-07-22 01:32:03 GSD getOne 第 1 次 等待 3 秒
2021-07-22 01:32:06 查询号码 【1781188】，返回信息 {"status":"ok","msg":"上海-上海","gid":"349398","time_insert":"2021-07-21 21:50"}
2021-07-22 01:32:06 查询号码 【1781188】，GSD为【"上海-上海"】

2021-07-22 01:32:06 开始第 40 次操作

2021-07-22 01:32:06 开始操作号码 【1781187】
2021-07-22 01:32:09 GSD getOne 第 1 次 等待 3 秒
2021-07-22 01:32:12 查询号码 【1781187】，返回信息 {"status":"ok","msg":"上海-上海","gid":"349300","time_insert":"2021-07-21 21:39"}
2021-07-22 01:32:12 查询号码 【1781187】，GSD为【"上海-上海"】

2021-07-22 01:32:12 开始第 40 次操作

2021-07-22 01:32:12 开始操作号码 【1781186】
2021-07-22 01:32:18 GSD getOne 第 1 次 等待 3 秒
2021-07-22 01:32:21 查询号码 【1781186】，返回信息 {"status":"ok","msg":"上海-上海","gid":"349238","time_insert":"2021-07-21 21:27"}
2021-07-22 01:32:21 查询号码 【1781186】，GSD为【"上海-上海"】

2021-07-22 01:32:21 开始第 40 次操作

2021-07-22 01:32:21 开始操作号码 【1781185】
2021-07-22 01:32:24 GSD getOne 第 1 次 等待 3 秒
2021-07-22 01:32:27 查询号码 【1781185】，返回信息 {"status":"ok","msg":"上海-上海","gid":"349087","time_insert":"2021-07-21 21:12"}
2021-07-22 01:32:27 查询号码 【1781185】，GSD为【"上海-上海"】

2021-07-22 01:32:27 开始第 40 次操作

2021-07-22 01:32:27 开始操作号码 【1781184】
2021-07-22 01:33:07 GSD getOne 第 1 次 等待 3 秒
2021-07-22 01:33:10 查询号码 【1781184】，返回信息 {"status":"ok","msg":"上海-上海","gid":"348955","time_insert":"2021-07-21 21:00"}
2021-07-22 01:33:10 查询号码 【1781184】，GSD为【"上海-上海"】

2021-07-22 01:33:10 开始第 40 次操作

2021-07-22 01:33:10 开始操作号码 【1781183】
2021-07-22 01:33:13 GSD getOne 第 1 次 等待 3 秒
2021-07-22 01:33:16 查询号码 【1781183】，返回信息 {"status":"ok","msg":"上海-上海","gid":"348919","time_insert":"2021-07-21 20:49"}
2021-07-22 01:33:16 查询号码 【1781183】，GSD为【"上海-上海"】

2021-07-22 01:33:16 开始第 40 次操作

2021-07-22 01:33:16 开始操作号码 【1781182】
2021-07-22 01:33:21 GSD getOne 第 1 次 等待 3 秒
2021-07-22 01:33:24 查询号码 【1781182】，返回信息 {"status":"ok","msg":"上海-上海","gid":"348894","time_insert":"2021-07-21 20:36"}
2021-07-22 01:33:24 查询号码 【1781182】，GSD为【"上海-上海"】

2021-07-22 01:33:24 开始第 40 次操作

2021-07-22 01:33:24 开始操作号码 【1781181】
2021-07-22 01:33:28 GSD getOne 第 1 次 等待 3 秒
2021-07-22 01:33:31 查询号码 【1781181】，返回信息 {"status":"ok","msg":"上海-上海","gid":"348867","time_insert":"2021-07-21 20:22"}
2021-07-22 01:33:31 查询号码 【1781181】，GSD为【"上海-上海"】

2021-07-22 01:33:31 开始第 40 次操作

2021-07-22 01:33:31 开始操作号码 【1781180】
2021-07-22 01:33:36 GSD getOne 第 1 次 等待 3 秒
2021-07-22 01:33:39 查询号码 【1781180】，返回信息 {"status":"ok","msg":"上海-上海","gid":"348808","time_insert":"2021-07-21 20:09"}
2021-07-22 01:33:39 查询号码 【1781180】，GSD为【"上海-上海"】

2021-07-22 01:33:39 开始第 40 次操作

2021-07-22 01:33:39 开始操作号码 【1781179】
2021-07-22 01:33:42 GSD getOne 第 1 次 等待 3 秒
2021-07-22 01:33:45 查询号码 【1781179】，返回信息 {"status":"ok","msg":"广东-江门","gid":"348705","time_insert":"2021-07-21 19:57"}
2021-07-22 01:33:45 查询号码 【1781179】，GSD为【"广东-江门"】

2021-07-22 01:33:45 开始第 40 次操作

2021-07-22 01:33:45 开始操作号码 【1781178】
2021-07-22 01:33:49 GSD getOne 第 1 次 等待 3 秒
2021-07-22 01:33:52 查询号码 【1781178】，返回信息 {"status":"ok","msg":"广东-江门","gid":"348621","time_insert":"2021-07-21 19:45"}
2021-07-22 01:33:52 查询号码 【1781178】，GSD为【"广东-江门"】

2021-07-22 01:33:52 开始第 40 次操作

2021-07-22 01:33:52 开始操作号码 【1781177】
2021-07-22 01:33:56 GSD getOne 第 1 次 等待 3 秒
2021-07-22 01:33:59 查询号码 【1781177】，返回信息 {"status":"ok","msg":"广东-深圳","gid":"348530","time_insert":"2021-07-21 19:32"}
2021-07-22 01:33:59 查询号码 【1781177】，GSD为【"广东-深圳"】

2021-07-22 01:33:59 开始第 40 次操作

2021-07-22 01:33:59 开始操作号码 【1781176】
2021-07-22 01:34:03 GSD getOne 第 1 次 等待 3 秒
2021-07-22 01:34:06 查询号码 【1781176】，返回信息 {"status":"ok","msg":"广东-河源","gid":"348474","time_insert":"2021-07-21 19:19"}
2021-07-22 01:34:06 查询号码 【1781176】，GSD为【"广东-河源"】

2021-07-22 01:34:06 开始第 40 次操作

2021-07-22 01:34:06 开始操作号码 【1781175】
2021-07-22 01:34:09 GSD getOne 第 1 次 等待 3 秒
2021-07-22 01:34:12 查询号码 【1781175】，返回信息 {"status":"ok","msg":"广东-湛江","gid":"348387","time_insert":"2021-07-21 19:08"}
2021-07-22 01:34:12 查询号码 【1781175】，GSD为【"广东-湛江"】

2021-07-22 01:34:12 开始第 40 次操作

2021-07-22 01:34:12 开始操作号码 【1781174】
2021-07-22 01:34:18 GSD getOne 第 1 次 等待 3 秒
2021-07-22 01:34:21 查询号码 【1781174】，返回信息 {"status":"ok","msg":"广东-深圳","gid":"348297","time_insert":"2021-07-21 18:55"}
2021-07-22 01:34:21 查询号码 【1781174】，GSD为【"广东-深圳"】

2021-07-22 01:34:21 开始第 40 次操作

2021-07-22 01:34:21 开始操作号码 【1781173】
2021-07-22 01:34:23 GSD getOne 第 1 次 等待 3 秒
2021-07-22 01:34:26 查询号码 【1781173】，返回信息 {"status":"ok","msg":"-","gid":"348197","time_insert":"2021-07-21 18:40"}
2021-07-22 01:34:27 查询号码 【1781173】，GSD为【"-"】
2021-07-22 01:34:27 ok && -
2021-07-22 01:34:28 CHB 1781173?1626888867 第 1 次 等待 3 秒
2021-07-22 01:34:31 CHB 1781173?1626888867 第 1 次 获取到号码【1781173】GSD
2021-07-22 01:34:31 获取到号码【1781173】的GSD为【广东-湛江】
2021-07-22 01:34:36 GSD insert 第 1 次 等待 3 秒
2021-07-22 01:34:39 {"status":"ok","gid":"348197","msg":"添加号码已存在，但为‘-’，修改为【广东-湛江】成功！"}

