2023-12-01 00:14:27 开始第 769 次操作

2023-12-01 00:14:27 开始操作号码 【1860662】
2023-12-01 00:14:32 GSD getOne 第 1 次 等待 3 秒
2023-12-01 00:14:35 查询号码 【1860662】，返回信息 {"status":"ok","msg":"浙江-宁波","gid":"40424","time_insert":"2015-01-19 13:23","time_update":"2020-09-02 21:57"}
2023-12-01 00:14:35 查询号码 【1860662】，GSD为【"浙江-宁波"】

2023-12-01 00:14:36 开始第 770 次操作

2023-12-01 00:14:36 开始操作号码 【1860663】
2023-12-01 00:14:41 GSD getOne 第 1 次 等待 3 秒
2023-12-01 00:14:44 查询号码 【1860663】，返回信息 {"status":"ok","msg":"浙江-温州","gid":"383192","time_insert":"2021-07-25 00:30"}
2023-12-01 00:14:44 查询号码 【1860663】，GSD为【"浙江-温州"】

2023-12-01 00:14:45 开始第 771 次操作

2023-12-01 00:14:45 开始操作号码 【1860664】
2023-12-01 00:14:49 GSD getOne 第 1 次 等待 3 秒
2023-12-01 00:14:52 查询号码 【1860664】，返回信息 {"status":"ok","msg":"浙江-温州","gid":"383222","time_insert":"2021-07-25 00:41"}
2023-12-01 00:14:52 查询号码 【1860664】，GSD为【"浙江-温州"】

2023-12-01 00:14:53 开始第 772 次操作

2023-12-01 00:14:53 开始操作号码 【1860665】
2023-12-01 00:14:57 GSD getOne 第 1 次 等待 3 秒
2023-12-01 00:15:00 查询号码 【1860665】，返回信息 {"status":"ok","msg":"浙江-温州","gid":"383243","time_insert":"2021-07-25 00:52"}
2023-12-01 00:15:00 查询号码 【1860665】，GSD为【"浙江-温州"】

