2024-02-27 00:13:09 开始第 6053 次操作

2024-02-27 00:13:09 开始操作号码 【1755946】
2024-02-27 00:13:15 GSD getOne 第 1 次 等待 3 秒
2024-02-27 00:13:18 查询号码 【1755946】，返回信息 {"status":"ok","msg":"河北-石家庄","gid":"198737","time_insert":"2021-07-05 15:40"}
2024-02-27 00:13:18 查询号码 【1755946】，GSD为【"河北-石家庄"】

2024-02-27 00:13:19 开始第 6054 次操作

2024-02-27 00:13:19 开始操作号码 【1755947】
2024-02-27 00:13:24 GSD getOne 第 1 次 等待 3 秒
2024-02-27 00:13:27 查询号码 【1755947】，返回信息 {"status":"ok","msg":"河北-石家庄","gid":"198741","time_insert":"2021-07-05 15:41"}
2024-02-27 00:13:27 查询号码 【1755947】，GSD为【"河北-石家庄"】

2024-02-27 00:13:28 开始第 6055 次操作

2024-02-27 00:13:28 开始操作号码 【1755948】
2024-02-27 00:13:33 GSD getOne 第 1 次 等待 3 秒
2024-02-27 00:13:36 查询号码 【1755948】，返回信息 {"status":"ok","msg":"河北-石家庄","gid":"198747","time_insert":"2021-07-05 15:41"}
2024-02-27 00:13:36 查询号码 【1755948】，GSD为【"河北-石家庄"】

2024-02-27 00:13:37 开始第 6056 次操作

2024-02-27 00:13:37 开始操作号码 【1755949】
2024-02-27 00:13:43 GSD getOne 第 1 次 等待 3 秒
2024-02-27 00:13:46 查询号码 【1755949】，返回信息 {"status":"ok","msg":"河北-石家庄","gid":"198753","time_insert":"2021-07-05 15:42"}
2024-02-27 00:13:46 查询号码 【1755949】，GSD为【"河北-石家庄"】

2024-02-27 00:35:58 开始第 6057 次操作

2024-02-27 00:35:58 开始操作号码 【1755950】
2024-02-27 00:36:03 GSD getOne 第 1 次 等待 3 秒
2024-02-27 00:36:06 查询号码 【1755950】，返回信息 {"status":"ok","msg":"河北-邯郸","gid":"198760","time_insert":"2021-07-05 15:42"}
2024-02-27 00:36:06 查询号码 【1755950】，GSD为【"河北-邯郸"】

2024-02-27 00:36:07 开始第 6058 次操作

2024-02-27 00:36:07 开始操作号码 【1755951】
2024-02-27 00:36:11 GSD getOne 第 1 次 等待 3 秒
2024-02-27 00:36:14 查询号码 【1755951】，返回信息 {"status":"ok","msg":"河北-邯郸","gid":"198765","time_insert":"2021-07-05 15:42"}
2024-02-27 00:36:14 查询号码 【1755951】，GSD为【"河北-邯郸"】

2024-02-27 00:36:15 开始第 6059 次操作

2024-02-27 00:36:15 开始操作号码 【1755952】
2024-02-27 00:36:19 GSD getOne 第 1 次 等待 3 秒
2024-02-27 00:36:22 查询号码 【1755952】，返回信息 {"status":"ok","msg":"河北-邯郸","gid":"198772","time_insert":"2021-07-05 15:43"}
2024-02-27 00:36:22 查询号码 【1755952】，GSD为【"河北-邯郸"】

2024-02-27 00:36:23 开始第 6060 次操作

2024-02-27 00:36:23 开始操作号码 【1755953】
2024-02-27 00:36:28 GSD getOne 第 1 次 等待 3 秒
2024-02-27 00:36:31 查询号码 【1755953】，返回信息 {"status":"ok","msg":"河北-邯郸","gid":"198777","time_insert":"2021-07-05 15:43"}
2024-02-27 00:36:31 查询号码 【1755953】，GSD为【"河北-邯郸"】

