2024-05-17 00:13:33 开始第 9565 次操作

2024-05-17 00:13:33 开始操作号码 【1649447】
2024-05-17 00:13:38 GSD getOne 第 1 次 等待 3 秒
2024-05-17 00:13:41 查询号码 【1649447】，返回信息 {"status":"ok","msg":"-","gid":"660931","time_insert":"2023-04-17 22:43"}
2024-05-17 00:13:41 查询号码 【1649447】，GSD为【"-"】
2024-05-17 00:13:41 ok && -
2024-05-17 00:13:43 CHB 1649447?1715876021 第 1 次 等待 3 秒
2024-05-17 00:13:46 CHB 1649447?1715876021 第 1 次 获取到号码【1649447】GSD
2024-05-17 00:13:46 未获取到号码【1649447】GSD，可能号码格式错误
2024-05-17 00:13:46 获取到号码【1649447】的GSD为【-】
2024-05-17 00:13:52 GSD insert 第 1 次 等待 3 秒
2024-05-17 00:13:55 {"status":"bad","gid":"660931","msg":"添加失败！号码【1649447(-|-)】已存在！"}
2024-05-17 00:13:55 随机等待 139 秒，约 2 分钟
2024-05-17 00:13:55 下次操作: 2024-05-17 00:16:14

2024-05-17 00:16:14 开始第 9566 次操作

2024-05-17 00:16:14 开始操作号码 【1649448】
2024-05-17 00:16:21 GSD getOne 第 1 次 等待 3 秒
2024-05-17 00:16:24 查询号码 【1649448】，返回信息 {"status":"ok","msg":"-","gid":"660926","time_insert":"2023-04-17 22:40"}
2024-05-17 00:16:24 查询号码 【1649448】，GSD为【"-"】
2024-05-17 00:16:24 ok && -
2024-05-17 00:16:26 CHB 1649448?1715876184 第 1 次 等待 3 秒
2024-05-17 00:16:29 CHB 1649448?1715876184 第 1 次 获取到号码【1649448】GSD
2024-05-17 00:16:29 未获取到号码【1649448】GSD，可能号码格式错误
2024-05-17 00:16:29 获取到号码【1649448】的GSD为【-】
2024-05-17 00:16:34 GSD insert 第 1 次 等待 3 秒
2024-05-17 00:16:37 {"status":"bad","gid":"660926","msg":"添加失败！号码【1649448(-|-)】已存在！"}
2024-05-17 00:16:37 随机等待 149 秒，约 2 分钟
2024-05-17 00:16:37 下次操作: 2024-05-17 00:19:06

2024-05-17 00:19:06 开始第 9567 次操作

2024-05-17 00:19:06 开始操作号码 【1649449】
2024-05-17 00:19:13 GSD getOne 第 1 次 等待 3 秒
2024-05-17 00:19:16 查询号码 【1649449】，返回信息 {"status":"ok","msg":"-","gid":"660922","time_insert":"2023-04-17 22:38"}
2024-05-17 00:19:16 查询号码 【1649449】，GSD为【"-"】
2024-05-17 00:19:16 ok && -
2024-05-17 00:19:18 CHB 1649449?1715876356 第 1 次 等待 3 秒
2024-05-17 00:19:21 CHB 1649449?1715876356 第 1 次 获取到号码【1649449】GSD
2024-05-17 00:19:21 未获取到号码【1649449】GSD，可能号码格式错误
2024-05-17 00:19:21 获取到号码【1649449】的GSD为【-】
2024-05-17 00:19:26 GSD insert 第 1 次 等待 3 秒
2024-05-17 00:19:29 {"status":"bad","gid":"660922","msg":"添加失败！号码【1649449(-|-)】已存在！"}
2024-05-17 00:19:29 随机等待 105 秒，约 1 分钟
2024-05-17 00:19:29 下次操作: 2024-05-17 00:21:14

2024-05-17 00:21:14 开始第 9568 次操作

2024-05-17 00:21:14 开始操作号码 【1649450】
2024-05-17 00:21:21 GSD getOne 第 1 次 等待 3 秒
2024-05-17 00:21:24 查询号码 【1649450】，返回信息 {"status":"ok","msg":"-","gid":"660915","time_insert":"2023-04-17 22:35"}
2024-05-17 00:21:24 查询号码 【1649450】，GSD为【"-"】
2024-05-17 00:21:24 ok && -
2024-05-17 00:21:26 CHB 1649450?1715876484 第 1 次 等待 3 秒
2024-05-17 00:21:29 CHB 1649450?1715876484 第 1 次 获取到号码【1649450】GSD
2024-05-17 00:21:30 未获取到号码【1649450】GSD，可能号码格式错误
2024-05-17 00:21:30 获取到号码【1649450】的GSD为【-】
2024-05-17 00:21:35 GSD insert 第 1 次 等待 3 秒
2024-05-17 00:21:38 {"status":"bad","gid":"660915","msg":"添加失败！号码【1649450(-|-)】已存在！"}

2024-05-17 00:36:54 开始第 9569 次操作

2024-05-17 00:36:54 开始操作号码 【1649451】
2024-05-17 00:37:02 GSD getOne 第 1 次 等待 3 秒
2024-05-17 00:37:05 查询号码 【1649451】，返回信息 {"status":"ok","msg":"-","gid":"660911","time_insert":"2023-04-17 22:33"}
2024-05-17 00:37:05 查询号码 【1649451】，GSD为【"-"】
2024-05-17 00:37:05 ok && -
2024-05-17 00:37:07 CHB 1649451?1715877425 第 1 次 等待 3 秒
2024-05-17 00:37:10 CHB 1649451?1715877425 第 1 次 获取到号码【1649451】GSD
2024-05-17 00:37:10 未获取到号码【1649451】GSD，可能号码格式错误
2024-05-17 00:37:10 获取到号码【1649451】的GSD为【-】
2024-05-17 00:37:20 GSD insert 第 1 次 等待 3 秒
2024-05-17 00:37:23 {"status":"bad","gid":"660911","msg":"添加失败！号码【1649451(-|-)】已存在！"}
2024-05-17 00:37:23 随机等待 221 秒，约 3 分钟
2024-05-17 00:37:23 下次操作: 2024-05-17 00:41:04

2024-05-17 00:41:04 开始第 9570 次操作

2024-05-17 00:41:04 开始操作号码 【1649452】
2024-05-17 00:41:25 GSD getOne 第 1 次 等待 3 秒
2024-05-17 00:41:29 查询号码 【1649452】，返回信息 {"status":"ok","msg":"-","gid":"660909","time_insert":"2023-04-17 22:32"}
2024-05-17 00:41:29 查询号码 【1649452】，GSD为【"-"】
2024-05-17 00:41:29 ok && -
2024-05-17 00:41:31 CHB 1649452?1715877689 第 1 次 等待 3 秒
2024-05-17 00:41:34 CHB 1649452?1715877689 第 1 次 获取到号码【1649452】GSD
2024-05-17 00:41:34 未获取到号码【1649452】GSD，可能号码格式错误
2024-05-17 00:41:34 获取到号码【1649452】的GSD为【-】
2024-05-17 00:41:39 GSD insert 第 1 次 等待 3 秒
2024-05-17 00:41:42 {"status":"bad","gid":"660909","msg":"添加失败！号码【1649452(-|-)】已存在！"}
2024-05-17 00:41:42 随机等待 151 秒，约 2 分钟
2024-05-17 00:41:42 下次操作: 2024-05-17 00:44:13

2024-05-17 00:44:13 开始第 9571 次操作

2024-05-17 00:44:13 开始操作号码 【1649453】
2024-05-17 00:44:21 GSD getOne 第 1 次 等待 3 秒
2024-05-17 00:44:24 查询号码 【1649453】，返回信息 {"status":"ok","msg":"-","gid":"660906","time_insert":"2023-04-17 22:29"}
2024-05-17 00:44:24 查询号码 【1649453】，GSD为【"-"】
2024-05-17 00:44:24 ok && -
2024-05-17 00:44:27 CHB 1649453?1715877864 第 1 次 等待 3 秒
2024-05-17 00:44:30 CHB 1649453?1715877864 第 1 次 获取到号码【1649453】GSD
2024-05-17 00:44:30 未获取到号码【1649453】GSD，可能号码格式错误
2024-05-17 00:44:30 获取到号码【1649453】的GSD为【-】
2024-05-17 00:44:35 GSD insert 第 1 次 等待 3 秒
2024-05-17 00:44:38 {"status":"bad","gid":"660906","msg":"添加失败！号码【1649453(-|-)】已存在！"}
2024-05-17 00:44:38 随机等待 134 秒，约 2 分钟
2024-05-17 00:44:38 下次操作: 2024-05-17 00:46:52

2024-05-17 00:46:52 开始第 9572 次操作

2024-05-17 00:46:52 开始操作号码 【1649454】
2024-05-17 00:46:58 GSD getOne 第 1 次 等待 3 秒
2024-05-17 00:47:01 查询号码 【1649454】，返回信息 {"status":"ok","msg":"-","gid":"660898","time_insert":"2023-04-17 22:26"}
2024-05-17 00:47:01 查询号码 【1649454】，GSD为【"-"】
2024-05-17 00:47:01 ok && -
2024-05-17 00:47:03 CHB 1649454?1715878021 第 1 次 等待 3 秒
2024-05-17 00:47:06 CHB 1649454?1715878021 第 1 次 获取到号码【1649454】GSD
2024-05-17 00:47:06 未获取到号码【1649454】GSD，可能号码格式错误
2024-05-17 00:47:06 获取到号码【1649454】的GSD为【-】
2024-05-17 00:47:13 GSD insert 第 1 次 等待 3 秒
2024-05-17 00:47:16 {"status":"bad","gid":"660898","msg":"添加失败！号码【1649454(-|-)】已存在！"}

