2024-03-07 00:13:03 开始第 7661 次操作

2024-03-07 00:13:03 开始操作号码 【1757554】
2024-03-07 00:13:08 GSD getOne 第 1 次 等待 3 秒
2024-03-07 00:13:11 查询号码 【1757554】，返回信息 {"status":"ok","msg":"广东-深圳","gid":"219166","time_insert":"2021-07-08 03:07"}
2024-03-07 00:13:11 查询号码 【1757554】，GSD为【"广东-深圳"】

2024-03-07 00:13:12 开始第 7662 次操作

2024-03-07 00:13:12 开始操作号码 【1757555】
2024-03-07 00:13:17 GSD getOne 第 1 次 等待 3 秒
2024-03-07 00:13:20 查询号码 【1757555】，返回信息 {"status":"ok","msg":"广东-深圳","gid":"219305","time_insert":"2021-07-08 03:38"}
2024-03-07 00:13:20 查询号码 【1757555】，GSD为【"广东-深圳"】

2024-03-07 00:13:21 开始第 7663 次操作

2024-03-07 00:13:21 开始操作号码 【1757556】
2024-03-07 00:13:25 GSD getOne 第 1 次 等待 3 秒
2024-03-07 00:13:28 查询号码 【1757556】，返回信息 {"status":"ok","msg":"广东-深圳","gid":"219311","time_insert":"2021-07-08 03:38"}
2024-03-07 00:13:28 查询号码 【1757556】，GSD为【"广东-深圳"】

2024-03-07 00:13:29 开始第 7664 次操作

2024-03-07 00:13:29 开始操作号码 【1757557】
2024-03-07 00:13:35 GSD getOne 第 1 次 等待 3 秒
2024-03-07 00:13:38 查询号码 【1757557】，返回信息 {"status":"ok","msg":"广东-深圳","gid":"219322","time_insert":"2021-07-08 03:39"}
2024-03-07 00:13:38 查询号码 【1757557】，GSD为【"广东-深圳"】

2024-03-07 00:36:34 开始第 7665 次操作

2024-03-07 00:36:34 开始操作号码 【1757558】
2024-03-07 00:36:39 GSD getOne 第 1 次 等待 3 秒
2024-03-07 00:36:42 查询号码 【1757558】，返回信息 {"status":"ok","msg":"广东-深圳","gid":"219329","time_insert":"2021-07-08 03:39"}
2024-03-07 00:36:42 查询号码 【1757558】，GSD为【"广东-深圳"】

2024-03-07 00:36:43 开始第 7666 次操作

2024-03-07 00:36:43 开始操作号码 【1757559】
2024-03-07 00:36:47 GSD getOne 第 1 次 等待 3 秒
2024-03-07 00:36:50 查询号码 【1757559】，返回信息 {"status":"ok","msg":"广东-深圳","gid":"219337","time_insert":"2021-07-08 03:39"}
2024-03-07 00:36:50 查询号码 【1757559】，GSD为【"广东-深圳"】

2024-03-07 00:36:51 开始第 7667 次操作

2024-03-07 00:36:51 开始操作号码 【1757560】
2024-03-07 00:36:55 GSD getOne 第 1 次 等待 3 秒
2024-03-07 00:36:58 查询号码 【1757560】，返回信息 {"status":"ok","msg":"广东-东莞","gid":"219344","time_insert":"2021-07-08 03:40"}
2024-03-07 00:36:58 查询号码 【1757560】，GSD为【"广东-东莞"】

2024-03-07 00:36:59 开始第 7668 次操作

2024-03-07 00:36:59 开始操作号码 【1757561】
2024-03-07 00:37:04 GSD getOne 第 1 次 等待 3 秒
2024-03-07 00:37:07 查询号码 【1757561】，返回信息 {"status":"ok","msg":"广东-东莞","gid":"219350","time_insert":"2021-07-08 03:40"}
2024-03-07 00:37:07 查询号码 【1757561】，GSD为【"广东-东莞"】

