2024-02-05 00:11:48 开始第 2005 次操作

2024-02-05 00:11:48 开始操作号码 【1751898】
2024-02-05 00:11:53 GSD getOne 第 1 次 等待 3 秒
2024-02-05 00:11:56 查询号码 【1751898】，返回信息 {"status":"ok","msg":"河南-南阳","gid":"152494","time_insert":"2021-06-29 10:19"}
2024-02-05 00:11:56 查询号码 【1751898】，GSD为【"河南-南阳"】

2024-02-05 00:11:57 开始第 2006 次操作

2024-02-05 00:11:57 开始操作号码 【1751899】
2024-02-05 00:12:01 GSD getOne 第 1 次 等待 3 秒
2024-02-05 00:12:04 查询号码 【1751899】，返回信息 {"status":"ok","msg":"河南-南阳","gid":"152498","time_insert":"2021-06-29 10:20"}
2024-02-05 00:12:04 查询号码 【1751899】，GSD为【"河南-南阳"】

2024-02-05 00:12:05 开始第 2007 次操作

2024-02-05 00:12:05 开始操作号码 【1751900】
2024-02-05 00:12:09 GSD getOne 第 1 次 等待 3 秒
2024-02-05 00:12:12 查询号码 【1751900】，返回信息 {"status":"ok","msg":"辽宁-朝阳","gid":"152509","time_insert":"2021-06-29 10:20"}
2024-02-05 00:12:12 查询号码 【1751900】，GSD为【"辽宁-朝阳"】

2024-02-05 00:12:13 开始第 2008 次操作

2024-02-05 00:12:13 开始操作号码 【1751901】
2024-02-05 00:12:18 GSD getOne 第 1 次 等待 3 秒
2024-02-05 00:12:21 查询号码 【1751901】，返回信息 {"status":"ok","msg":"辽宁-朝阳","gid":"152519","time_insert":"2021-06-29 10:21"}
2024-02-05 00:12:21 查询号码 【1751901】，GSD为【"辽宁-朝阳"】

