2024-02-18 00:12:19 开始第 4397 次操作

2024-02-18 00:12:19 开始操作号码 【1754290】
2024-02-18 00:12:25 GSD getOne 第 1 次 等待 3 秒
2024-02-18 00:12:28 查询号码 【1754290】，返回信息 {"status":"ok","msg":"辽宁-葫芦岛","gid":"178688","time_insert":"2021-07-03 03:51"}
2024-02-18 00:12:28 查询号码 【1754290】，GSD为【"辽宁-葫芦岛"】

2024-02-18 00:12:29 开始第 4398 次操作

2024-02-18 00:12:29 开始操作号码 【1754291】
2024-02-18 00:12:33 GSD getOne 第 1 次 等待 3 秒
2024-02-18 00:12:36 查询号码 【1754291】，返回信息 {"status":"ok","msg":"辽宁-葫芦岛","gid":"178694","time_insert":"2021-07-03 03:51"}
2024-02-18 00:12:36 查询号码 【1754291】，GSD为【"辽宁-葫芦岛"】

2024-02-18 00:12:37 开始第 4399 次操作

2024-02-18 00:12:37 开始操作号码 【1754292】
2024-02-18 00:12:42 GSD getOne 第 1 次 等待 3 秒
2024-02-18 00:12:45 查询号码 【1754292】，返回信息 {"status":"ok","msg":"辽宁-葫芦岛","gid":"178817","time_insert":"2021-07-03 04:40"}
2024-02-18 00:12:45 查询号码 【1754292】，GSD为【"辽宁-葫芦岛"】

2024-02-18 00:12:46 开始第 4400 次操作

2024-02-18 00:12:46 开始操作号码 【1754293】
2024-02-18 00:12:54 GSD getOne 第 1 次 等待 3 秒
2024-02-18 00:12:57 查询号码 【1754293】，返回信息 {"status":"ok","msg":"辽宁-葫芦岛","gid":"178827","time_insert":"2021-07-03 04:41"}
2024-02-18 00:12:57 查询号码 【1754293】，GSD为【"辽宁-葫芦岛"】

