2023-10-13 01:09:41 开始第 2921 次操作

2023-10-13 01:09:41 开始操作号码 【1962893】
2023-10-13 01:11:52 GSD getOne 第 1 次 等待 3 秒
2023-10-13 01:14:05 GSD getOne 第 2 次 等待 3 秒
2023-10-13 01:16:18 GSD getOne 第 3 次 等待 3 秒
2023-10-13 01:18:32 GSD getOne 第 4 次 等待 3 秒
2023-10-13 01:20:45 GSD getOne 第 5 次 等待 3 秒
2023-10-13 01:22:58 GSD getOne 第 6 次 等待 3 秒
2023-10-13 01:25:11 GSD getOne 第 7 次 等待 3 秒
2023-10-13 01:27:24 GSD getOne 第 8 次 等待 3 秒
2023-10-13 01:29:37 GSD getOne 第 9 次 等待 3 秒
2023-10-13 01:31:50 GSD getOne 第 10 次 等待 3 秒
2023-10-13 01:31:53 查询号码 【1962893】，返回信息 
2023-10-13 01:31:53 查询失败，3 秒后重新查询
2023-10-13 01:34:08 GSD getOne 第 1 次 等待 3 秒
2023-10-13 01:36:21 GSD getOne 第 2 次 等待 3 秒
2023-10-13 01:38:34 GSD getOne 第 3 次 等待 3 秒
2023-10-13 01:40:47 GSD getOne 第 4 次 等待 3 秒
2023-10-13 01:43:00 GSD getOne 第 5 次 等待 3 秒
2023-10-13 01:45:13 GSD getOne 第 6 次 等待 3 秒
2023-10-13 01:47:26 GSD getOne 第 7 次 等待 3 秒
2023-10-13 01:49:39 GSD getOne 第 8 次 等待 3 秒
2023-10-13 01:51:53 GSD getOne 第 9 次 等待 3 秒
2023-10-13 01:54:06 GSD getOne 第 10 次 等待 3 秒
2023-10-13 01:54:09 查询号码 【1962893】，返回信息 
2023-10-13 01:54:09 查询失败，结束本次操作，期待下次成功~
2023-10-13 01:54:09 随机等待 134 秒，约 2 分钟
2023-10-13 01:54:09 下次操作: 2023-10-13 01:56:23

2023-10-13 01:56:23 开始第 2922 次操作

2023-10-13 01:56:23 开始操作号码 【1962893】
2023-10-13 01:58:32 GSD getOne 第 1 次 等待 3 秒
2023-10-13 02:00:45 GSD getOne 第 2 次 等待 3 秒
2023-10-13 02:02:58 GSD getOne 第 3 次 等待 3 秒
2023-10-13 02:05:11 GSD getOne 第 4 次 等待 3 秒
2023-10-13 02:07:24 GSD getOne 第 5 次 等待 3 秒
2023-10-13 02:09:37 GSD getOne 第 6 次 等待 3 秒
2023-10-13 02:11:51 GSD getOne 第 7 次 等待 3 秒
2023-10-13 02:14:04 GSD getOne 第 8 次 等待 3 秒
2023-10-13 02:16:17 GSD getOne 第 9 次 等待 3 秒
2023-10-13 02:18:30 GSD getOne 第 10 次 等待 3 秒
2023-10-13 02:18:33 查询号码 【1962893】，返回信息 
2023-10-13 02:18:33 查询失败，3 秒后重新查询
2023-10-13 02:20:47 GSD getOne 第 1 次 等待 3 秒
2023-10-13 02:23:00 GSD getOne 第 2 次 等待 3 秒
2023-10-13 02:25:13 GSD getOne 第 3 次 等待 3 秒
2023-10-13 02:27:27 GSD getOne 第 4 次 等待 3 秒
2023-10-13 02:29:40 GSD getOne 第 5 次 等待 3 秒
2023-10-13 02:31:53 GSD getOne 第 6 次 等待 3 秒
2023-10-13 02:34:06 GSD getOne 第 7 次 等待 3 秒
2023-10-13 02:36:19 GSD getOne 第 8 次 等待 3 秒
2023-10-13 02:38:32 GSD getOne 第 9 次 等待 3 秒
2023-10-13 02:40:45 GSD getOne 第 10 次 等待 3 秒
2023-10-13 02:40:48 查询号码 【1962893】，返回信息 
2023-10-13 02:40:48 查询失败，结束本次操作，期待下次成功~
2023-10-13 02:40:48 随机等待 77 秒，约 1 分钟
2023-10-13 02:40:48 下次操作: 2023-10-13 02:42:05

2023-10-13 02:42:05 开始第 2923 次操作

2023-10-13 02:42:05 开始操作号码 【1962893】
2023-10-13 02:44:16 GSD getOne 第 1 次 等待 3 秒
2023-10-13 02:46:29 GSD getOne 第 2 次 等待 3 秒
2023-10-13 02:48:42 GSD getOne 第 3 次 等待 3 秒
2023-10-13 02:50:56 GSD getOne 第 4 次 等待 3 秒
2023-10-13 02:53:09 GSD getOne 第 5 次 等待 3 秒
2023-10-13 02:55:22 GSD getOne 第 6 次 等待 3 秒
2023-10-13 02:57:35 GSD getOne 第 7 次 等待 3 秒
2023-10-13 02:59:48 GSD getOne 第 8 次 等待 3 秒
2023-10-13 03:02:01 GSD getOne 第 9 次 等待 3 秒
2023-10-13 03:04:14 GSD getOne 第 10 次 等待 3 秒
2023-10-13 03:04:17 查询号码 【1962893】，返回信息 
2023-10-13 03:04:17 查询失败，3 秒后重新查询
2023-10-13 03:06:31 GSD getOne 第 1 次 等待 3 秒
2023-10-13 03:08:45 GSD getOne 第 2 次 等待 3 秒
2023-10-13 03:10:58 GSD getOne 第 3 次 等待 3 秒
2023-10-13 03:13:11 GSD getOne 第 4 次 等待 3 秒
2023-10-13 03:15:24 GSD getOne 第 5 次 等待 3 秒
2023-10-13 03:17:37 GSD getOne 第 6 次 等待 3 秒
2023-10-13 03:19:50 GSD getOne 第 7 次 等待 3 秒
2023-10-13 03:22:03 GSD getOne 第 8 次 等待 3 秒
2023-10-13 03:24:16 GSD getOne 第 9 次 等待 3 秒
2023-10-13 03:26:30 GSD getOne 第 10 次 等待 3 秒
2023-10-13 03:26:33 查询号码 【1962893】，返回信息 
2023-10-13 03:26:33 查询失败，结束本次操作，期待下次成功~
2023-10-13 03:26:33 随机等待 188 秒，约 3 分钟
2023-10-13 03:26:33 下次操作: 2023-10-13 03:29:41

2023-10-13 03:29:41 开始第 2924 次操作

2023-10-13 03:29:41 开始操作号码 【1962893】
2023-10-13 03:31:51 GSD getOne 第 1 次 等待 3 秒
2023-10-13 03:34:04 GSD getOne 第 2 次 等待 3 秒
2023-10-13 03:36:17 GSD getOne 第 3 次 等待 3 秒
2023-10-13 03:38:30 GSD getOne 第 4 次 等待 3 秒
2023-10-13 03:40:44 GSD getOne 第 5 次 等待 3 秒
2023-10-13 03:42:57 GSD getOne 第 6 次 等待 3 秒
2023-10-13 03:45:10 GSD getOne 第 7 次 等待 3 秒
2023-10-13 03:47:23 GSD getOne 第 8 次 等待 3 秒
2023-10-13 03:49:36 GSD getOne 第 9 次 等待 3 秒
2023-10-13 03:51:49 GSD getOne 第 10 次 等待 3 秒
2023-10-13 03:51:52 查询号码 【1962893】，返回信息 
2023-10-13 03:51:52 查询失败，3 秒后重新查询
2023-10-13 03:54:06 GSD getOne 第 1 次 等待 3 秒
2023-10-13 03:56:20 GSD getOne 第 2 次 等待 3 秒
2023-10-13 03:58:33 GSD getOne 第 3 次 等待 3 秒
2023-10-13 04:00:46 GSD getOne 第 4 次 等待 3 秒
2023-10-13 04:02:59 GSD getOne 第 5 次 等待 3 秒
2023-10-13 04:05:12 GSD getOne 第 6 次 等待 3 秒
2023-10-13 04:07:25 GSD getOne 第 7 次 等待 3 秒
2023-10-13 04:09:38 GSD getOne 第 8 次 等待 3 秒
2023-10-13 04:11:51 GSD getOne 第 9 次 等待 3 秒
2023-10-13 04:14:04 GSD getOne 第 10 次 等待 3 秒
2023-10-13 04:14:07 查询号码 【1962893】，返回信息 
2023-10-13 04:14:07 查询失败，结束本次操作，期待下次成功~

