2024-02-16 00:12:47 开始第 4029 次操作

2024-02-16 00:12:47 开始操作号码 【1753922】
2024-02-16 00:12:53 GSD getOne 第 1 次 等待 3 秒
2024-02-16 00:12:56 查询号码 【1753922】，返回信息 {"status":"ok","msg":"河南-鹤壁","gid":"174677","time_insert":"2021-07-02 15:14"}
2024-02-16 00:12:56 查询号码 【1753922】，GSD为【"河南-鹤壁"】

2024-02-16 00:12:57 开始第 4030 次操作

2024-02-16 00:12:57 开始操作号码 【1753923】
2024-02-16 00:13:02 GSD getOne 第 1 次 等待 3 秒
2024-02-16 00:13:05 查询号码 【1753923】，返回信息 {"status":"ok","msg":"河南-鹤壁","gid":"174682","time_insert":"2021-07-02 15:15"}
2024-02-16 00:13:05 查询号码 【1753923】，GSD为【"河南-鹤壁"】

2024-02-16 00:13:06 开始第 4031 次操作

2024-02-16 00:13:06 开始操作号码 【1753924】
2024-02-16 00:13:10 GSD getOne 第 1 次 等待 3 秒
2024-02-16 00:13:13 查询号码 【1753924】，返回信息 {"status":"ok","msg":"河南-鹤壁","gid":"174687","time_insert":"2021-07-02 15:16"}
2024-02-16 00:13:14 查询号码 【1753924】，GSD为【"河南-鹤壁"】

2024-02-16 00:13:15 开始第 4032 次操作

2024-02-16 00:13:15 开始操作号码 【1753925】
2024-02-16 00:13:20 GSD getOne 第 1 次 等待 3 秒
2024-02-16 00:13:23 查询号码 【1753925】，返回信息 {"status":"ok","msg":"河南-鹤壁","gid":"174691","time_insert":"2021-07-02 15:17"}
2024-02-16 00:13:23 查询号码 【1753925】，GSD为【"河南-鹤壁"】

2024-02-16 00:35:37 开始第 4033 次操作

2024-02-16 00:35:37 开始操作号码 【1753926】
2024-02-16 00:35:47 GSD getOne 第 1 次 等待 3 秒
2024-02-16 00:35:50 查询号码 【1753926】，返回信息 {"status":"ok","msg":"河南-鹤壁","gid":"174696","time_insert":"2021-07-02 15:17"}
2024-02-16 00:35:50 查询号码 【1753926】，GSD为【"河南-鹤壁"】

2024-02-16 00:35:51 开始第 4034 次操作

2024-02-16 00:35:51 开始操作号码 【1753927】
2024-02-16 00:35:56 GSD getOne 第 1 次 等待 3 秒
2024-02-16 00:35:59 查询号码 【1753927】，返回信息 {"status":"ok","msg":"河南-鹤壁","gid":"174701","time_insert":"2021-07-02 15:18"}
2024-02-16 00:35:59 查询号码 【1753927】，GSD为【"河南-鹤壁"】

2024-02-16 00:36:00 开始第 4035 次操作

2024-02-16 00:36:00 开始操作号码 【1753928】
2024-02-16 00:36:05 GSD getOne 第 1 次 等待 3 秒
2024-02-16 00:36:08 查询号码 【1753928】，返回信息 {"status":"ok","msg":"河南-鹤壁","gid":"174705","time_insert":"2021-07-02 15:19"}
2024-02-16 00:36:08 查询号码 【1753928】，GSD为【"河南-鹤壁"】

2024-02-16 00:36:09 开始第 4036 次操作

2024-02-16 00:36:09 开始操作号码 【1753929】
2024-02-16 00:36:13 GSD getOne 第 1 次 等待 3 秒
2024-02-16 00:36:16 查询号码 【1753929】，返回信息 {"status":"ok","msg":"河南-鹤壁","gid":"174709","time_insert":"2021-07-02 15:20"}
2024-02-16 00:36:16 查询号码 【1753929】，GSD为【"河南-鹤壁"】

2024-02-16 01:10:24 开始第 4037 次操作

2024-02-16 01:10:24 开始操作号码 【1753930】
2024-02-16 01:10:31 GSD getOne 第 1 次 等待 3 秒
2024-02-16 01:10:34 查询号码 【1753930】，返回信息 {"status":"ok","msg":"河南-濮阳","gid":"174714","time_insert":"2021-07-02 15:21"}
2024-02-16 01:10:34 查询号码 【1753930】，GSD为【"河南-濮阳"】

2024-02-16 01:10:35 开始第 4038 次操作

2024-02-16 01:10:35 开始操作号码 【1753931】
2024-02-16 01:10:40 GSD getOne 第 1 次 等待 3 秒
2024-02-16 01:10:43 查询号码 【1753931】，返回信息 {"status":"ok","msg":"河南-濮阳","gid":"55221","time_insert":"2020-09-17 22:57"}
2024-02-16 01:10:43 查询号码 【1753931】，GSD为【"河南-濮阳"】

2024-02-16 01:10:44 开始第 4039 次操作

2024-02-16 01:10:44 开始操作号码 【1753932】
2024-02-16 01:10:48 GSD getOne 第 1 次 等待 3 秒
2024-02-16 01:10:51 查询号码 【1753932】，返回信息 {"status":"ok","msg":"河南-濮阳","gid":"174718","time_insert":"2021-07-02 15:22"}
2024-02-16 01:10:51 查询号码 【1753932】，GSD为【"河南-濮阳"】

2024-02-16 01:10:52 开始第 4040 次操作

2024-02-16 01:10:52 开始操作号码 【1753933】
2024-02-16 01:11:00 GSD getOne 第 1 次 等待 3 秒
2024-02-16 01:11:03 查询号码 【1753933】，返回信息 {"status":"ok","msg":"河南-濮阳","gid":"174764","time_insert":"2021-07-02 15:41"}
2024-02-16 01:11:03 查询号码 【1753933】，GSD为【"河南-濮阳"】

