2024-01-17 00:14:15 开始第 9385 次操作

2024-01-17 00:14:15 开始操作号码 【1869278】
2024-01-17 00:14:23 GSD getOne 第 1 次 等待 3 秒
2024-01-17 00:14:26 查询号码 【1869278】，返回信息 {"status":"ok","msg":"湖南-益阳","gid":"417948","time_insert":"2021-07-27 22:43"}
2024-01-17 00:14:26 查询号码 【1869278】，GSD为【"湖南-益阳"】

2024-01-17 00:14:27 开始第 9386 次操作

2024-01-17 00:14:27 开始操作号码 【1869279】
2024-01-17 00:14:33 GSD getOne 第 1 次 等待 3 秒
2024-01-17 00:14:36 查询号码 【1869279】，返回信息 {"status":"ok","msg":"湖南-邵阳","gid":"417938","time_insert":"2021-07-27 22:42"}
2024-01-17 00:14:36 查询号码 【1869279】，GSD为【"湖南-邵阳"】

2024-01-17 00:14:37 开始第 9387 次操作

2024-01-17 00:14:37 开始操作号码 【1869280】
2024-01-17 00:14:41 GSD getOne 第 1 次 等待 3 秒
2024-01-17 00:14:44 查询号码 【1869280】，返回信息 {"status":"ok","msg":"湖南-娄底","gid":"417930","time_insert":"2021-07-27 22:41"}
2024-01-17 00:14:45 查询号码 【1869280】，GSD为【"湖南-娄底"】

2024-01-17 00:14:46 开始第 9388 次操作

2024-01-17 00:14:46 开始操作号码 【1869281】
2024-01-17 00:14:49 GSD getOne 第 1 次 等待 3 秒
2024-01-17 00:14:52 查询号码 【1869281】，返回信息 {"status":"ok","msg":"湖南-娄底","gid":"417918","time_insert":"2021-07-27 22:40"}
2024-01-17 00:14:52 查询号码 【1869281】，GSD为【"湖南-娄底"】

2024-01-17 00:39:36 开始第 9389 次操作

2024-01-17 00:39:36 开始操作号码 【1869282】
2024-01-17 00:39:41 GSD getOne 第 1 次 等待 3 秒
2024-01-17 00:39:44 查询号码 【1869282】，返回信息 {"status":"ok","msg":"湖南-娄底","gid":"417909","time_insert":"2021-07-27 22:39"}
2024-01-17 00:39:44 查询号码 【1869282】，GSD为【"湖南-娄底"】

2024-01-17 00:39:45 开始第 9390 次操作

2024-01-17 00:39:45 开始操作号码 【1869283】
2024-01-17 00:39:49 GSD getOne 第 1 次 等待 3 秒
2024-01-17 00:39:52 查询号码 【1869283】，返回信息 {"status":"ok","msg":"湖南-娄底","gid":"41456","time_insert":"2018-08-29 13:26","time_update":"2020-09-23 22:33"}
2024-01-17 00:39:52 查询号码 【1869283】，GSD为【"湖南-娄底"】

2024-01-17 00:39:53 开始第 9391 次操作

2024-01-17 00:39:53 开始操作号码 【1869284】
2024-01-17 00:39:57 GSD getOne 第 1 次 等待 3 秒
2024-01-17 00:40:00 查询号码 【1869284】，返回信息 {"status":"ok","msg":"湖南-娄底","gid":"417805","time_insert":"2021-07-27 22:08"}
2024-01-17 00:40:00 查询号码 【1869284】，GSD为【"湖南-娄底"】

2024-01-17 00:40:01 开始第 9392 次操作

2024-01-17 00:40:01 开始操作号码 【1869285】
2024-01-17 00:40:05 GSD getOne 第 1 次 等待 3 秒
2024-01-17 00:40:08 查询号码 【1869285】，返回信息 {"status":"ok","msg":"湖南-娄底","gid":"417801","time_insert":"2021-07-27 22:07"}
2024-01-17 00:40:08 查询号码 【1869285】，GSD为【"湖南-娄底"】

