2021-07-20 00:00:33 开始第 19 次操作

2021-07-20 00:00:33 开始操作号码 【1782987】
2021-07-20 00:00:39 GSD getOne 第 1 次 等待 3 秒
2021-07-20 00:00:42 查询号码 【1782987】，返回信息 {"status":"bad","msg":""}
2021-07-20 00:00:42 查询号码 【1782987】，GSD为【""】
2021-07-20 00:00:42 bad
2021-07-20 00:00:44 CHB 1782987?1626710442 第 1 次 等待 3 秒
2021-07-20 00:00:47 CHB 1782987?1626710442 第 1 次 获取到号码【1782987】GSD
2021-07-20 00:00:47 获取到号码【1782987】的GSD为【陕西-宝鸡】
2021-07-20 00:00:51 GSD insert 第 1 次 等待 3 秒
2021-07-20 00:00:54 {"status":"ok","gid":331094,"msg":"添加成功！"}
2021-07-20 00:00:54 下次操作: 2021-07-20 00:01:15

2021-07-20 00:01:15 开始第 20 次操作

2021-07-20 00:01:15 开始操作号码 【1782986】
2021-07-20 00:01:24 GSD getOne 第 1 次 等待 3 秒
2021-07-20 00:01:27 查询号码 【1782986】，返回信息 {"status":"bad","msg":""}
2021-07-20 00:01:27 查询号码 【1782986】，GSD为【""】
2021-07-20 00:01:27 bad
2021-07-20 00:01:29 CHB 1782986?1626710487 第 1 次 等待 3 秒
2021-07-20 00:01:32 CHB 1782986?1626710487 第 1 次 获取到号码【1782986】GSD
2021-07-20 00:01:32 获取到号码【1782986】的GSD为【陕西-汉中】
2021-07-20 00:02:04 GSD insert 第 1 次 等待 3 秒
2021-07-20 00:02:07 {"status":"ok","gid":331107,"msg":"添加成功！"}
2021-07-20 00:02:07 下次操作: 2021-07-20 00:02:26

2021-07-20 00:02:26 开始第 21 次操作

2021-07-20 00:02:26 开始操作号码 【1782985】
2021-07-20 00:02:44 GSD getOne 第 1 次 等待 3 秒
2021-07-20 00:02:47 查询号码 【1782985】，返回信息 {"status":"bad","msg":""}
2021-07-20 00:02:47 查询号码 【1782985】，GSD为【""】
2021-07-20 00:02:47 bad
2021-07-20 00:02:49 CHB 1782985?1626710567 第 1 次 等待 3 秒
2021-07-20 00:02:52 CHB 1782985?1626710567 第 1 次 获取到号码【1782985】GSD
2021-07-20 00:02:52 获取到号码【1782985】的GSD为【陕西-西安】
2021-07-20 00:02:54 GSD insert 第 1 次 等待 3 秒
2021-07-20 00:02:57 {"status":"ok","gid":331119,"msg":"添加成功！"}
2021-07-20 00:02:57 下次操作: 2021-07-20 00:03:10

2021-07-20 00:03:10 开始第 22 次操作

2021-07-20 00:03:10 开始操作号码 【1782984】
2021-07-20 00:03:25 GSD getOne 第 1 次 等待 3 秒
2021-07-20 00:03:28 查询号码 【1782984】，返回信息 {"status":"bad","msg":""}
2021-07-20 00:03:28 查询号码 【1782984】，GSD为【""】
2021-07-20 00:03:28 bad
2021-07-20 00:03:30 CHB 1782984?1626710608 第 1 次 等待 3 秒
2021-07-20 00:03:33 CHB 1782984?1626710608 第 1 次 获取到号码【1782984】GSD
2021-07-20 00:03:33 获取到号码【1782984】的GSD为【陕西-西安】
2021-07-20 00:03:46 GSD insert 第 1 次 等待 3 秒
2021-07-20 00:03:49 {"status":"ok","gid":331129,"msg":"添加成功！"}
2021-07-20 00:03:49 下次操作: 2021-07-20 00:04:03

2021-07-20 00:04:03 开始第 23 次操作

2021-07-20 00:04:03 开始操作号码 【1782983】
2021-07-20 00:04:06 GSD getOne 第 1 次 等待 3 秒
2021-07-20 00:04:09 查询号码 【1782983】，返回信息 {"status":"bad","msg":""}
2021-07-20 00:04:09 查询号码 【1782983】，GSD为【""】
2021-07-20 00:04:09 bad
2021-07-20 00:04:10 CHB 1782983?1626710649 第 1 次 等待 3 秒
2021-07-20 00:04:13 CHB 1782983?1626710649 第 1 次 获取到号码【1782983】GSD
2021-07-20 00:04:13 获取到号码【1782983】的GSD为【陕西-渭南】
2021-07-20 00:04:17 GSD insert 第 1 次 等待 3 秒
2021-07-20 00:04:20 {"status":"ok","gid":331138,"msg":"添加成功！"}
2021-07-20 00:04:20 下次操作: 2021-07-20 00:04:32

2021-07-20 00:04:32 开始第 24 次操作

2021-07-20 00:04:32 开始操作号码 【1782982】
2021-07-20 00:04:34 GSD getOne 第 1 次 等待 3 秒
2021-07-20 00:04:37 查询号码 【1782982】，返回信息 {"status":"bad","msg":""}
2021-07-20 00:04:38 查询号码 【1782982】，GSD为【""】
2021-07-20 00:04:38 bad
2021-07-20 00:04:43 CHB 1782982?1626710678 第 1 次 等待 3 秒
2021-07-20 00:04:46 CHB 1782982?1626710678 第 1 次 获取到号码【1782982】GSD
2021-07-20 00:04:46 获取到号码【1782982】的GSD为【陕西-西安】
2021-07-20 00:04:50 GSD insert 第 1 次 等待 3 秒
2021-07-20 00:04:53 {"status":"ok","gid":331146,"msg":"添加成功！"}
2021-07-20 00:04:53 下次操作: 2021-07-20 00:05:06

2021-07-20 00:05:06 开始第 25 次操作

2021-07-20 00:05:06 开始操作号码 【1782981】
2021-07-20 00:05:09 GSD getOne 第 1 次 等待 3 秒
2021-07-20 00:05:12 查询号码 【1782981】，返回信息 {"status":"bad","msg":""}
2021-07-20 00:05:12 查询号码 【1782981】，GSD为【""】
2021-07-20 00:05:12 bad
2021-07-20 00:05:14 CHB 1782981?1626710712 第 1 次 等待 3 秒
2021-07-20 00:05:17 CHB 1782981?1626710712 第 1 次 获取到号码【1782981】GSD
2021-07-20 00:05:17 获取到号码【1782981】的GSD为【陕西-西安】
2021-07-20 00:05:19 GSD insert 第 1 次 等待 3 秒
2021-07-20 00:05:22 {"status":"ok","gid":331150,"msg":"添加成功！"}
2021-07-20 00:05:22 下次操作: 2021-07-20 00:05:34

2021-07-20 00:05:34 开始第 26 次操作

2021-07-20 00:05:34 开始操作号码 【1782980】
2021-07-20 00:05:38 GSD getOne 第 1 次 等待 3 秒
2021-07-20 00:05:41 查询号码 【1782980】，返回信息 {"status":"bad","msg":""}
2021-07-20 00:05:41 查询号码 【1782980】，GSD为【""】
2021-07-20 00:05:41 bad
2021-07-20 00:05:43 CHB 1782980?1626710741 第 1 次 等待 3 秒
2021-07-20 00:05:46 CHB 1782980?1626710741 第 1 次 获取到号码【1782980】GSD
2021-07-20 00:05:46 获取到号码【1782980】的GSD为【陕西-咸阳】
2021-07-20 00:05:52 GSD insert 第 1 次 等待 3 秒
2021-07-20 00:05:55 {"status":"ok","gid":331157,"msg":"添加成功！"}
2021-07-20 00:05:55 下次操作: 2021-07-20 00:06:11

2021-07-20 00:06:11 开始第 27 次操作

2021-07-20 00:06:11 开始操作号码 【1782979】
2021-07-20 00:06:19 GSD getOne 第 1 次 等待 3 秒
2021-07-20 00:06:22 查询号码 【1782979】，返回信息 {"status":"bad","msg":""}
2021-07-20 00:06:22 查询号码 【1782979】，GSD为【""】
2021-07-20 00:06:22 bad
2021-07-20 00:06:23 CHB 1782979?1626710782 第 1 次 等待 3 秒
2021-07-20 00:06:26 CHB 1782979?1626710782 第 1 次 获取到号码【1782979】GSD
2021-07-20 00:06:26 获取到号码【1782979】的GSD为【陕西-西安】
2021-07-20 00:06:29 GSD insert 第 1 次 等待 3 秒
2021-07-20 00:06:32 {"status":"ok","gid":331165,"msg":"添加成功！"}
2021-07-20 00:06:32 下次操作: 2021-07-20 00:06:45

2021-07-20 00:06:45 开始第 28 次操作

2021-07-20 00:06:45 开始操作号码 【1782978】
2021-07-20 00:06:47 GSD getOne 第 1 次 等待 3 秒
2021-07-20 00:06:50 查询号码 【1782978】，返回信息 {"status":"bad","msg":""}
2021-07-20 00:06:50 查询号码 【1782978】，GSD为【""】
2021-07-20 00:06:50 bad
2021-07-20 00:06:52 CHB 1782978?1626710810 第 1 次 等待 3 秒
2021-07-20 00:06:55 CHB 1782978?1626710810 第 1 次 获取到号码【1782978】GSD
2021-07-20 00:06:55 获取到号码【1782978】的GSD为【陕西-汉中】
2021-07-20 00:06:58 GSD insert 第 1 次 等待 3 秒
2021-07-20 00:07:01 {"status":"ok","gid":331171,"msg":"添加成功！"}
2021-07-20 00:07:01 下次操作: 2021-07-20 00:07:14

2021-07-20 00:07:14 开始第 29 次操作

2021-07-20 00:07:14 开始操作号码 【1782977】
2021-07-20 00:07:17 GSD getOne 第 1 次 等待 3 秒
2021-07-20 00:07:20 查询号码 【1782977】，返回信息 {"status":"bad","msg":""}
2021-07-20 00:07:20 查询号码 【1782977】，GSD为【""】
2021-07-20 00:07:20 bad
2021-07-20 00:07:22 CHB 1782977?1626710840 第 1 次 等待 3 秒
2021-07-20 00:07:25 CHB 1782977?1626710840 第 1 次 获取到号码【1782977】GSD
2021-07-20 00:07:25 获取到号码【1782977】的GSD为【陕西-宝鸡】
2021-07-20 00:07:27 GSD insert 第 1 次 等待 3 秒
2021-07-20 00:07:30 {"status":"ok","gid":331179,"msg":"添加成功！"}
2021-07-20 00:07:30 下次操作: 2021-07-20 00:07:54

2021-07-20 00:07:54 开始第 30 次操作

2021-07-20 00:07:54 开始操作号码 【1782976】
2021-07-20 00:08:00 GSD getOne 第 1 次 等待 3 秒
2021-07-20 00:08:03 查询号码 【1782976】，返回信息 {"status":"bad","msg":""}
2021-07-20 00:08:03 查询号码 【1782976】，GSD为【""】
2021-07-20 00:08:03 bad
2021-07-20 00:08:04 CHB 1782976?1626710883 第 1 次 等待 3 秒
2021-07-20 00:08:07 CHB 1782976?1626710883 第 1 次 获取到号码【1782976】GSD
2021-07-20 00:08:07 获取到号码【1782976】的GSD为【陕西-汉中】
2021-07-20 00:08:13 GSD insert 第 1 次 等待 3 秒
2021-07-20 00:08:16 {"status":"ok","gid":331191,"msg":"添加成功！"}
2021-07-20 00:08:16 下次操作: 2021-07-20 00:08:38

2021-07-20 00:08:38 开始第 31 次操作

2021-07-20 00:08:38 开始操作号码 【1782975】
2021-07-20 00:08:42 GSD getOne 第 1 次 等待 3 秒
2021-07-20 00:08:45 查询号码 【1782975】，返回信息 {"status":"bad","msg":""}
2021-07-20 00:08:46 查询号码 【1782975】，GSD为【""】
2021-07-20 00:08:46 bad
2021-07-20 00:08:47 CHB 1782975?1626710926 第 1 次 等待 3 秒
2021-07-20 00:08:50 CHB 1782975?1626710926 第 1 次 获取到号码【1782975】GSD
2021-07-20 00:08:50 获取到号码【1782975】的GSD为【陕西-西安】
2021-07-20 00:08:54 GSD insert 第 1 次 等待 3 秒
2021-07-20 00:08:57 {"status":"ok","gid":331199,"msg":"添加成功！"}
2021-07-20 00:08:57 下次操作: 2021-07-20 00:09:18

2021-07-20 00:09:18 开始第 32 次操作

2021-07-20 00:09:18 开始操作号码 【1782974】
2021-07-20 00:09:20 GSD getOne 第 1 次 等待 3 秒
2021-07-20 00:09:23 查询号码 【1782974】，返回信息 {"status":"bad","msg":""}
2021-07-20 00:09:23 查询号码 【1782974】，GSD为【""】
2021-07-20 00:09:23 bad
2021-07-20 00:09:25 CHB 1782974?1626710963 第 1 次 等待 3 秒
2021-07-20 00:09:28 CHB 1782974?1626710963 第 1 次 获取到号码【1782974】GSD
2021-07-20 00:09:28 获取到号码【1782974】的GSD为【陕西-西安】
2021-07-20 00:09:35 GSD insert 第 1 次 等待 3 秒
2021-07-20 00:09:38 {"status":"ok","gid":331209,"msg":"添加成功！"}
2021-07-20 00:09:38 下次操作: 2021-07-20 00:09:55

2021-07-20 00:09:55 开始第 33 次操作

2021-07-20 00:09:55 开始操作号码 【1782973】
2021-07-20 00:09:59 GSD getOne 第 1 次 等待 3 秒
2021-07-20 00:10:02 查询号码 【1782973】，返回信息 {"status":"bad","msg":""}
2021-07-20 00:10:02 查询号码 【1782973】，GSD为【""】
2021-07-20 00:10:02 bad
2021-07-20 00:10:03 CHB 1782973?1626711002 第 1 次 等待 3 秒
2021-07-20 00:10:06 CHB 1782973?1626711002 第 1 次 获取到号码【1782973】GSD
2021-07-20 00:10:06 获取到号码【1782973】的GSD为【陕西-渭南】
2021-07-20 00:10:19 GSD insert 第 1 次 等待 3 秒
2021-07-20 00:10:22 {"status":"ok","gid":331217,"msg":"添加成功！"}
2021-07-20 00:10:22 下次操作: 2021-07-20 00:10:43

2021-07-20 00:10:43 开始第 34 次操作

2021-07-20 00:10:43 开始操作号码 【1782972】
2021-07-20 00:10:46 GSD getOne 第 1 次 等待 3 秒
2021-07-20 00:10:49 查询号码 【1782972】，返回信息 {"status":"bad","msg":""}
2021-07-20 00:10:49 查询号码 【1782972】，GSD为【""】
2021-07-20 00:10:49 bad
2021-07-20 00:10:50 CHB 1782972?1626711049 第 1 次 等待 3 秒
2021-07-20 00:10:53 CHB 1782972?1626711049 第 1 次 获取到号码【1782972】GSD
2021-07-20 00:10:54 获取到号码【1782972】的GSD为【陕西-渭南】
2021-07-20 00:10:57 GSD insert 第 1 次 等待 3 秒
2021-07-20 00:11:00 {"status":"ok","gid":331223,"msg":"添加成功！"}
2021-07-20 00:11:00 下次操作: 2021-07-20 00:11:14

2021-07-20 00:11:14 开始第 35 次操作

2021-07-20 00:11:14 开始操作号码 【1782971】
2021-07-20 00:11:17 GSD getOne 第 1 次 等待 3 秒
2021-07-20 00:11:20 查询号码 【1782971】，返回信息 {"status":"ok","msg":"陕西-西安","gid":"31583","time_insert":"2019-08-22 21:10","time_update":"2020-12-08 12:18"}
2021-07-20 00:11:20 查询号码 【1782971】，GSD为【"陕西-西安"】

2021-07-20 00:11:20 开始第 35 次操作

2021-07-20 00:11:20 开始操作号码 【1782970】
2021-07-20 00:11:23 GSD getOne 第 1 次 等待 3 秒
2021-07-20 00:11:26 查询号码 【1782970】，返回信息 {"status":"bad","msg":""}
2021-07-20 00:11:26 查询号码 【1782970】，GSD为【""】
2021-07-20 00:11:26 bad
2021-07-20 00:11:27 CHB 1782970?1626711086 第 1 次 等待 3 秒
2021-07-20 00:11:30 CHB 1782970?1626711086 第 1 次 获取到号码【1782970】GSD
2021-07-20 00:11:30 获取到号码【1782970】的GSD为【陕西-咸阳】
2021-07-20 00:11:44 GSD insert 第 1 次 等待 3 秒
2021-07-20 00:11:47 {"status":"ok","gid":331231,"msg":"添加成功！"}
2021-07-20 00:11:47 下次操作: 2021-07-20 00:12:04

2021-07-20 00:12:04 开始第 36 次操作

2021-07-20 00:12:04 开始操作号码 【1782969】
2021-07-20 00:12:08 GSD getOne 第 1 次 等待 3 秒
2021-07-20 00:12:11 查询号码 【1782969】，返回信息 {"status":"bad","msg":""}
2021-07-20 00:12:11 查询号码 【1782969】，GSD为【""】
2021-07-20 00:12:11 bad
2021-07-20 00:12:13 CHB 1782969?1626711131 第 1 次 等待 3 秒
2021-07-20 00:12:16 CHB 1782969?1626711131 第 1 次 获取到号码【1782969】GSD
2021-07-20 00:12:16 获取到号码【1782969】的GSD为【陕西-西安】
2021-07-20 00:12:28 GSD insert 第 1 次 等待 3 秒
2021-07-20 00:12:31 {"status":"ok","gid":331238,"msg":"添加成功！"}
2021-07-20 00:12:31 下次操作: 2021-07-20 00:12:46

2021-07-20 00:12:46 开始第 37 次操作

2021-07-20 00:12:46 开始操作号码 【1782968】
2021-07-20 00:12:49 GSD getOne 第 1 次 等待 3 秒
2021-07-20 00:12:52 查询号码 【1782968】，返回信息 {"status":"bad","msg":""}
2021-07-20 00:12:52 查询号码 【1782968】，GSD为【""】
2021-07-20 00:12:52 bad
2021-07-20 00:12:53 CHB 1782968?1626711172 第 1 次 等待 3 秒
2021-07-20 00:12:56 CHB 1782968?1626711172 第 1 次 获取到号码【1782968】GSD
2021-07-20 00:12:56 获取到号码【1782968】的GSD为【陕西-西安】
2021-07-20 00:13:00 GSD insert 第 1 次 等待 3 秒
2021-07-20 00:13:03 {"status":"ok","gid":331243,"msg":"添加成功！"}
2021-07-20 00:13:03 下次操作: 2021-07-20 00:13:19

2021-07-20 00:13:19 开始第 38 次操作

2021-07-20 00:13:19 开始操作号码 【1782967】
2021-07-20 00:13:22 GSD getOne 第 1 次 等待 3 秒
2021-07-20 00:13:25 查询号码 【1782967】，返回信息 {"status":"bad","msg":""}
2021-07-20 00:13:25 查询号码 【1782967】，GSD为【""】
2021-07-20 00:13:25 bad
2021-07-20 00:13:26 CHB 1782967?1626711205 第 1 次 等待 3 秒
2021-07-20 00:13:29 CHB 1782967?1626711205 第 1 次 获取到号码【1782967】GSD
2021-07-20 00:13:29 获取到号码【1782967】的GSD为【陕西-宝鸡】
2021-07-20 00:13:36 GSD insert 第 1 次 等待 3 秒
2021-07-20 00:13:39 {"status":"ok","gid":331249,"msg":"添加成功！"}
2021-07-20 00:13:39 下次操作: 2021-07-20 00:13:57

2021-07-20 00:13:57 开始第 39 次操作

2021-07-20 00:13:57 开始操作号码 【1782966】
2021-07-20 00:14:01 GSD getOne 第 1 次 等待 3 秒
2021-07-20 00:14:04 查询号码 【1782966】，返回信息 {"status":"bad","msg":""}
2021-07-20 00:14:04 查询号码 【1782966】，GSD为【""】
2021-07-20 00:14:04 bad
2021-07-20 00:14:09 CHB 1782966?1626711244 第 1 次 等待 3 秒
2021-07-20 00:14:12 CHB 1782966?1626711244 第 1 次 获取到号码【1782966】GSD
2021-07-20 00:14:12 获取到号码【1782966】的GSD为【陕西-汉中】
2021-07-20 00:14:20 GSD insert 第 1 次 等待 3 秒
2021-07-20 00:14:23 {"status":"ok","gid":331256,"msg":"添加成功！"}
2021-07-20 00:14:23 下次操作: 2021-07-20 00:14:41

2021-07-20 00:14:41 开始第 40 次操作

2021-07-20 00:14:41 开始操作号码 【1782965】
2021-07-20 00:14:45 GSD getOne 第 1 次 等待 3 秒
2021-07-20 00:14:48 查询号码 【1782965】，返回信息 {"status":"bad","msg":""}
2021-07-20 00:14:48 查询号码 【1782965】，GSD为【""】
2021-07-20 00:14:48 bad
2021-07-20 00:14:49 CHB 1782965?1626711288 第 1 次 等待 3 秒
2021-07-20 00:14:52 CHB 1782965?1626711288 第 1 次 获取到号码【1782965】GSD
2021-07-20 00:14:53 获取到号码【1782965】的GSD为【陕西-安康】
2021-07-20 00:14:55 GSD insert 第 1 次 等待 3 秒
2021-07-20 00:14:58 {"status":"ok","gid":331262,"msg":"添加成功！"}

2021-07-20 01:03:05 开始第 1 次操作

2021-07-20 01:03:05 开始操作号码 【1782964】
2021-07-20 01:03:08 GSD getOne 第 1 次 等待 3 秒
2021-07-20 01:03:11 查询号码 【1782964】，返回信息 {"status":"bad","msg":""}
2021-07-20 01:03:11 查询号码 【1782964】，GSD为【""】
2021-07-20 01:03:11 bad
2021-07-20 01:03:13 CHB 1782964?1626714191 第 1 次 等待 3 秒
2021-07-20 01:03:16 CHB 1782964?1626714191 第 1 次 获取到号码【1782964】GSD
2021-07-20 01:03:16 获取到号码【1782964】的GSD为【陕西-渭南】
2021-07-20 01:03:34 GSD insert 第 1 次 等待 3 秒
2021-07-20 01:03:37 {"status":"ok","gid":331378,"msg":"添加成功！"}
2021-07-20 01:03:37 下次操作: 2021-07-20 01:03:55

2021-07-20 01:03:55 开始第 2 次操作

2021-07-20 01:03:55 开始操作号码 【1782963】
2021-07-20 01:03:58 GSD getOne 第 1 次 等待 3 秒
2021-07-20 01:04:01 查询号码 【1782963】，返回信息 {"status":"bad","msg":""}
2021-07-20 01:04:01 查询号码 【1782963】，GSD为【""】
2021-07-20 01:04:01 bad
2021-07-20 01:04:03 CHB 1782963?1626714241 第 1 次 等待 3 秒
2021-07-20 01:04:06 CHB 1782963?1626714241 第 1 次 获取到号码【1782963】GSD
2021-07-20 01:04:06 获取到号码【1782963】的GSD为【陕西-渭南】
2021-07-20 01:04:25 GSD insert 第 1 次 等待 3 秒
2021-07-20 01:04:28 {"status":"ok","gid":331389,"msg":"添加成功！"}
2021-07-20 01:04:28 下次操作: 2021-07-20 01:04:47

2021-07-20 01:04:47 开始第 3 次操作

2021-07-20 01:04:47 开始操作号码 【1782962】
2021-07-20 01:05:52 GSD getOne 第 1 次 等待 3 秒
2021-07-20 01:05:55 查询号码 【1782962】，返回信息 {"status":"bad","msg":""}
2021-07-20 01:05:55 查询号码 【1782962】，GSD为【""】
2021-07-20 01:05:55 bad
2021-07-20 01:05:56 CHB 1782962?1626714355 第 1 次 等待 3 秒
2021-07-20 01:05:59 CHB 1782962?1626714355 第 1 次 获取到号码【1782962】GSD
2021-07-20 01:05:59 获取到号码【1782962】的GSD为【陕西-榆林】
2021-07-20 01:06:23 GSD insert 第 1 次 等待 3 秒
2021-07-20 01:06:26 {"status":"ok","gid":331410,"msg":"添加成功！"}
2021-07-20 01:06:26 下次操作: 2021-07-20 01:06:50

2021-07-20 01:06:50 开始第 4 次操作

2021-07-20 01:06:50 开始操作号码 【1782961】
2021-07-20 01:06:54 GSD getOne 第 1 次 等待 3 秒
2021-07-20 01:06:57 查询号码 【1782961】，返回信息 {"status":"bad","msg":""}
2021-07-20 01:06:57 查询号码 【1782961】，GSD为【""】
2021-07-20 01:06:57 bad
2021-07-20 01:06:59 CHB 1782961?1626714417 第 1 次 等待 3 秒
2021-07-20 01:07:02 CHB 1782961?1626714417 第 1 次 获取到号码【1782961】GSD
2021-07-20 01:07:02 获取到号码【1782961】的GSD为【陕西-西安】
2021-07-20 01:07:27 GSD insert 第 1 次 等待 3 秒
2021-07-20 01:07:30 {"status":"ok","gid":331423,"msg":"添加成功！"}
2021-07-20 01:07:30 下次操作: 2021-07-20 01:07:51

2021-07-20 01:07:51 开始第 5 次操作

2021-07-20 01:07:51 开始操作号码 【1782960】
2021-07-20 01:07:54 GSD getOne 第 1 次 等待 3 秒
2021-07-20 01:07:57 查询号码 【1782960】，返回信息 {"status":"bad","msg":""}
2021-07-20 01:07:58 查询号码 【1782960】，GSD为【""】
2021-07-20 01:07:58 bad
2021-07-20 01:07:59 CHB 1782960?1626714478 第 1 次 等待 3 秒
2021-07-20 01:08:02 CHB 1782960?1626714478 第 1 次 获取到号码【1782960】GSD
2021-07-20 01:08:02 获取到号码【1782960】的GSD为【陕西-咸阳】
2021-07-20 01:08:37 GSD insert 第 1 次 等待 3 秒
2021-07-20 01:08:40 {"status":"ok","gid":331437,"msg":"添加成功！"}
2021-07-20 01:08:40 下次操作: 2021-07-20 01:08:52

2021-07-20 01:08:52 开始第 6 次操作

2021-07-20 01:08:52 开始操作号码 【1782959】
2021-07-20 01:08:57 GSD getOne 第 1 次 等待 3 秒
2021-07-20 01:09:00 查询号码 【1782959】，返回信息 {"status":"bad","msg":""}
2021-07-20 01:09:00 查询号码 【1782959】，GSD为【""】
2021-07-20 01:09:00 bad
2021-07-20 01:09:02 CHB 1782959?1626714540 第 1 次 等待 3 秒
2021-07-20 01:09:05 CHB 1782959?1626714540 第 1 次 获取到号码【1782959】GSD
2021-07-20 01:09:05 获取到号码【1782959】的GSD为【陕西-西安】
2021-07-20 01:09:24 GSD insert 第 1 次 等待 3 秒
2021-07-20 01:09:27 {"status":"ok","gid":331447,"msg":"添加成功！"}
2021-07-20 01:09:27 下次操作: 2021-07-20 01:09:45

2021-07-20 01:09:45 开始第 7 次操作

2021-07-20 01:09:45 开始操作号码 【1782958】
2021-07-20 01:09:53 GSD getOne 第 1 次 等待 3 秒
2021-07-20 01:09:56 查询号码 【1782958】，返回信息 {"status":"bad","msg":""}
2021-07-20 01:09:56 查询号码 【1782958】，GSD为【""】
2021-07-20 01:09:56 bad
2021-07-20 01:09:58 CHB 1782958?1626714596 第 1 次 等待 3 秒
2021-07-20 01:10:01 CHB 1782958?1626714596 第 1 次 获取到号码【1782958】GSD
2021-07-20 01:10:01 获取到号码【1782958】的GSD为【陕西-西安】
2021-07-20 01:10:22 GSD insert 第 1 次 等待 3 秒
2021-07-20 01:10:25 {"status":"ok","gid":331462,"msg":"添加成功！"}
2021-07-20 01:10:25 下次操作: 2021-07-20 01:10:44

2021-07-20 01:10:44 开始第 8 次操作

2021-07-20 01:10:44 开始操作号码 【1782957】
2021-07-20 01:10:50 GSD getOne 第 1 次 等待 3 秒
2021-07-20 01:10:53 查询号码 【1782957】，返回信息 {"status":"bad","msg":""}
2021-07-20 01:10:53 查询号码 【1782957】，GSD为【""】
2021-07-20 01:10:53 bad
2021-07-20 01:10:56 CHB 1782957?1626714653 第 1 次 等待 3 秒
2021-07-20 01:10:59 CHB 1782957?1626714653 第 1 次 获取到号码【1782957】GSD
2021-07-20 01:10:59 获取到号码【1782957】的GSD为【陕西-宝鸡】
2021-07-20 01:11:12 GSD insert 第 1 次 等待 3 秒
2021-07-20 01:11:15 {"status":"ok","gid":331473,"msg":"添加成功！"}
2021-07-20 01:11:15 下次操作: 2021-07-20 01:11:33

2021-07-20 01:11:33 开始第 9 次操作

2021-07-20 01:11:33 开始操作号码 【1782956】
2021-07-20 01:11:37 GSD getOne 第 1 次 等待 3 秒
2021-07-20 01:11:40 查询号码 【1782956】，返回信息 {"status":"bad","msg":""}
2021-07-20 01:11:40 查询号码 【1782956】，GSD为【""】
2021-07-20 01:11:40 bad
2021-07-20 01:11:42 CHB 1782956?1626714700 第 1 次 等待 3 秒
2021-07-20 01:11:45 CHB 1782956?1626714700 第 1 次 获取到号码【1782956】GSD
2021-07-20 01:11:45 获取到号码【1782956】的GSD为【陕西-汉中】
2021-07-20 01:12:04 GSD insert 第 1 次 等待 3 秒
2021-07-20 01:12:07 {"status":"ok","gid":331485,"msg":"添加成功！"}
2021-07-20 01:12:07 下次操作: 2021-07-20 01:12:29

2021-07-20 01:12:29 开始第 10 次操作

2021-07-20 01:12:29 开始操作号码 【1782955】
2021-07-20 01:12:32 GSD getOne 第 1 次 等待 3 秒
2021-07-20 01:12:35 查询号码 【1782955】，返回信息 {"status":"bad","msg":""}
2021-07-20 01:12:35 查询号码 【1782955】，GSD为【""】
2021-07-20 01:12:35 bad
2021-07-20 01:12:36 CHB 1782955?1626714755 第 1 次 等待 3 秒
2021-07-20 01:12:39 CHB 1782955?1626714755 第 1 次 获取到号码【1782955】GSD
2021-07-20 01:12:39 获取到号码【1782955】的GSD为【陕西-安康】
2021-07-20 01:12:58 GSD insert 第 1 次 等待 3 秒
2021-07-20 01:13:01 {"status":"ok","gid":331498,"msg":"添加成功！"}
2021-07-20 01:13:01 下次操作: 2021-07-20 01:13:20

2021-07-20 01:13:20 开始第 11 次操作

2021-07-20 01:13:20 开始操作号码 【1782954】
2021-07-20 01:13:24 GSD getOne 第 1 次 等待 3 秒
2021-07-20 01:13:27 查询号码 【1782954】，返回信息 {"status":"bad","msg":""}
2021-07-20 01:13:27 查询号码 【1782954】，GSD为【""】
2021-07-20 01:13:27 bad
2021-07-20 01:13:29 CHB 1782954?1626714807 第 1 次 等待 3 秒
2021-07-20 01:13:32 CHB 1782954?1626714807 第 1 次 获取到号码【1782954】GSD
2021-07-20 01:13:32 获取到号码【1782954】的GSD为【陕西-西安】
2021-07-20 01:13:51 GSD insert 第 1 次 等待 3 秒
2021-07-20 01:13:54 {"status":"ok","gid":331508,"msg":"添加成功！"}
2021-07-20 01:13:54 下次操作: 2021-07-20 01:14:08

2021-07-20 01:14:08 开始第 12 次操作

2021-07-20 01:14:08 开始操作号码 【1782953】
2021-07-20 01:14:14 GSD getOne 第 1 次 等待 3 秒
2021-07-20 01:14:17 查询号码 【1782953】，返回信息 {"status":"bad","msg":""}
2021-07-20 01:14:17 查询号码 【1782953】，GSD为【""】
2021-07-20 01:14:17 bad
2021-07-20 01:14:19 CHB 1782953?1626714857 第 1 次 等待 3 秒
2021-07-20 01:14:22 CHB 1782953?1626714857 第 1 次 获取到号码【1782953】GSD
2021-07-20 01:14:22 获取到号码【1782953】的GSD为【陕西-渭南】
2021-07-20 01:14:44 GSD insert 第 1 次 等待 3 秒
2021-07-20 01:14:47 {"status":"ok","gid":331522,"msg":"添加成功！"}
2021-07-20 01:14:47 下次操作: 2021-07-20 01:15:00

2021-07-20 01:15:00 开始第 13 次操作

2021-07-20 01:15:00 开始操作号码 【1782952】
2021-07-20 01:15:03 GSD getOne 第 1 次 等待 3 秒
2021-07-20 01:15:06 查询号码 【1782952】，返回信息 {"status":"bad","msg":""}
2021-07-20 01:15:06 查询号码 【1782952】，GSD为【""】
2021-07-20 01:15:06 bad
2021-07-20 01:15:08 CHB 1782952?1626714906 第 1 次 等待 3 秒
2021-07-20 01:15:11 CHB 1782952?1626714906 第 1 次 获取到号码【1782952】GSD
2021-07-20 01:15:11 获取到号码【1782952】的GSD为【陕西-榆林】
2021-07-20 01:15:35 GSD insert 第 1 次 等待 3 秒
2021-07-20 01:15:38 {"status":"ok","gid":331533,"msg":"添加成功！"}
2021-07-20 01:15:38 下次操作: 2021-07-20 01:15:53

2021-07-20 01:15:53 开始第 14 次操作

2021-07-20 01:15:53 开始操作号码 【1782951】
2021-07-20 01:15:58 GSD getOne 第 1 次 等待 3 秒
2021-07-20 01:16:01 查询号码 【1782951】，返回信息 {"status":"bad","msg":""}
2021-07-20 01:16:01 查询号码 【1782951】，GSD为【""】
2021-07-20 01:16:01 bad
2021-07-20 01:16:06 CHB 1782951?1626714961 第 1 次 等待 3 秒
2021-07-20 01:16:09 CHB 1782951?1626714961 第 1 次 获取到号码【1782951】GSD
2021-07-20 01:16:09 获取到号码【1782951】的GSD为【陕西-延安】
2021-07-20 01:16:19 GSD insert 第 1 次 等待 3 秒
2021-07-20 01:16:22 {"status":"ok","gid":331543,"msg":"添加成功！"}
2021-07-20 01:16:22 下次操作: 2021-07-20 01:16:37

2021-07-20 01:16:37 开始第 15 次操作

2021-07-20 01:16:37 开始操作号码 【1782950】
2021-07-20 01:16:40 GSD getOne 第 1 次 等待 3 秒
2021-07-20 01:16:43 查询号码 【1782950】，返回信息 {"status":"bad","msg":""}
2021-07-20 01:16:43 查询号码 【1782950】，GSD为【""】
2021-07-20 01:16:43 bad
2021-07-20 01:16:45 CHB 1782950?1626715003 第 1 次 等待 3 秒
2021-07-20 01:16:48 CHB 1782950?1626715003 第 1 次 获取到号码【1782950】GSD
2021-07-20 01:16:48 获取到号码【1782950】的GSD为【陕西-咸阳】
2021-07-20 01:17:07 GSD insert 第 1 次 等待 3 秒
2021-07-20 01:17:10 {"status":"ok","gid":331553,"msg":"添加成功！"}
2021-07-20 01:17:10 下次操作: 2021-07-20 01:17:28

2021-07-20 01:17:28 开始第 16 次操作

2021-07-20 01:17:28 开始操作号码 【1782949】
2021-07-20 01:17:31 GSD getOne 第 1 次 等待 3 秒
2021-07-20 01:17:34 查询号码 【1782949】，返回信息 {"status":"bad","msg":""}
2021-07-20 01:17:34 查询号码 【1782949】，GSD为【""】
2021-07-20 01:17:34 bad
2021-07-20 01:17:36 CHB 1782949?1626715054 第 1 次 等待 3 秒
2021-07-20 01:17:39 CHB 1782949?1626715054 第 1 次 获取到号码【1782949】GSD
2021-07-20 01:17:39 获取到号码【1782949】的GSD为【陕西-西安】
2021-07-20 01:17:57 GSD insert 第 1 次 等待 3 秒
2021-07-20 01:18:00 {"status":"ok","gid":331565,"msg":"添加成功！"}
2021-07-20 01:18:00 下次操作: 2021-07-20 01:18:17

2021-07-20 01:18:17 开始第 17 次操作

2021-07-20 01:18:17 开始操作号码 【1782948】
2021-07-20 01:18:23 GSD getOne 第 1 次 等待 3 秒
2021-07-20 01:18:26 查询号码 【1782948】，返回信息 {"status":"bad","msg":""}
2021-07-20 01:18:26 查询号码 【1782948】，GSD为【""】
2021-07-20 01:18:26 bad
2021-07-20 01:18:28 CHB 1782948?1626715106 第 1 次 等待 3 秒
2021-07-20 01:18:31 CHB 1782948?1626715106 第 1 次 获取到号码【1782948】GSD
2021-07-20 01:18:31 获取到号码【1782948】的GSD为【陕西-西安】
2021-07-20 01:18:51 GSD insert 第 1 次 等待 3 秒
2021-07-20 01:18:54 {"status":"ok","gid":331575,"msg":"添加成功！"}
2021-07-20 01:18:54 下次操作: 2021-07-20 01:19:13

2021-07-20 01:19:13 开始第 18 次操作

2021-07-20 01:19:13 开始操作号码 【1782947】
2021-07-20 01:19:16 GSD getOne 第 1 次 等待 3 秒
2021-07-20 01:19:19 查询号码 【1782947】，返回信息 {"status":"bad","msg":""}
2021-07-20 01:19:19 查询号码 【1782947】，GSD为【""】
2021-07-20 01:19:19 bad
2021-07-20 01:19:20 CHB 1782947?1626715159 第 1 次 等待 3 秒
2021-07-20 01:19:23 CHB 1782947?1626715159 第 1 次 获取到号码【1782947】GSD
2021-07-20 01:19:23 获取到号码【1782947】的GSD为【陕西-宝鸡】
2021-07-20 01:19:43 GSD insert 第 1 次 等待 3 秒
2021-07-20 01:19:46 {"status":"ok","gid":331585,"msg":"添加成功！"}
2021-07-20 01:19:46 下次操作: 2021-07-20 01:20:04

2021-07-20 01:20:04 开始第 19 次操作

2021-07-20 01:20:04 开始操作号码 【1782946】
2021-07-20 01:20:08 GSD getOne 第 1 次 等待 3 秒
2021-07-20 01:20:11 查询号码 【1782946】，返回信息 {"status":"bad","msg":""}
2021-07-20 01:20:11 查询号码 【1782946】，GSD为【""】
2021-07-20 01:20:11 bad
2021-07-20 01:20:13 CHB 1782946?1626715211 第 1 次 等待 3 秒
2021-07-20 01:20:16 CHB 1782946?1626715211 第 1 次 获取到号码【1782946】GSD
2021-07-20 01:20:16 获取到号码【1782946】的GSD为【陕西-汉中】
2021-07-20 01:20:38 GSD insert 第 1 次 等待 3 秒
2021-07-20 01:20:41 {"status":"ok","gid":331601,"msg":"添加成功！"}
2021-07-20 01:20:41 下次操作: 2021-07-20 01:20:59

2021-07-20 01:20:59 开始第 20 次操作

2021-07-20 01:20:59 开始操作号码 【1782945】
2021-07-20 01:21:04 GSD getOne 第 1 次 等待 3 秒
2021-07-20 01:21:07 查询号码 【1782945】，返回信息 {"status":"bad","msg":""}
2021-07-20 01:21:07 查询号码 【1782945】，GSD为【""】
2021-07-20 01:21:07 bad
2021-07-20 01:21:09 CHB 1782945?1626715267 第 1 次 等待 3 秒
2021-07-20 01:21:12 CHB 1782945?1626715267 第 1 次 获取到号码【1782945】GSD
2021-07-20 01:21:12 获取到号码【1782945】的GSD为【陕西-安康】
2021-07-20 01:21:30 GSD insert 第 1 次 等待 3 秒
2021-07-20 01:21:33 {"status":"ok","gid":331614,"msg":"添加成功！"}
2021-07-20 01:21:33 下次操作: 2021-07-20 01:21:45

2021-07-20 01:21:45 开始第 21 次操作

2021-07-20 01:21:45 开始操作号码 【1782944】
2021-07-20 01:21:54 GSD getOne 第 1 次 等待 3 秒
2021-07-20 01:21:57 查询号码 【1782944】，返回信息 {"status":"bad","msg":""}
2021-07-20 01:21:57 查询号码 【1782944】，GSD为【""】
2021-07-20 01:21:57 bad
2021-07-20 01:21:59 CHB 1782944?1626715317 第 1 次 等待 3 秒
2021-07-20 01:22:02 CHB 1782944?1626715317 第 1 次 获取到号码【1782944】GSD
2021-07-20 01:22:02 获取到号码【1782944】的GSD为【陕西-商洛】
2021-07-20 01:22:21 GSD insert 第 1 次 等待 3 秒
2021-07-20 01:22:24 {"status":"ok","gid":331625,"msg":"添加成功！"}
2021-07-20 01:22:24 下次操作: 2021-07-20 01:22:40

2021-07-20 01:22:40 开始第 22 次操作

2021-07-20 01:22:40 开始操作号码 【1782943】
2021-07-20 01:22:43 GSD getOne 第 1 次 等待 3 秒
2021-07-20 01:22:46 查询号码 【1782943】，返回信息 {"status":"bad","msg":""}
2021-07-20 01:22:46 查询号码 【1782943】，GSD为【""】
2021-07-20 01:22:46 bad
2021-07-20 01:22:48 CHB 1782943?1626715366 第 1 次 等待 3 秒
2021-07-20 01:22:51 CHB 1782943?1626715366 第 1 次 获取到号码【1782943】GSD
2021-07-20 01:22:51 获取到号码【1782943】的GSD为【陕西-渭南】
2021-07-20 01:23:09 GSD insert 第 1 次 等待 3 秒
2021-07-20 01:23:12 {"status":"ok","gid":331638,"msg":"添加成功！"}
2021-07-20 01:23:12 下次操作: 2021-07-20 01:23:31

2021-07-20 01:23:31 开始第 23 次操作

2021-07-20 01:23:31 开始操作号码 【1782942】
2021-07-20 01:23:34 GSD getOne 第 1 次 等待 3 秒
2021-07-20 01:23:37 查询号码 【1782942】，返回信息 {"status":"bad","msg":""}
2021-07-20 01:23:37 查询号码 【1782942】，GSD为【""】
2021-07-20 01:23:37 bad
2021-07-20 01:23:39 CHB 1782942?1626715417 第 1 次 等待 3 秒
2021-07-20 01:23:42 CHB 1782942?1626715417 第 1 次 获取到号码【1782942】GSD
2021-07-20 01:23:42 获取到号码【1782942】的GSD为【陕西-榆林】
2021-07-20 01:24:01 GSD insert 第 1 次 等待 3 秒
2021-07-20 01:24:04 {"status":"ok","gid":331648,"msg":"添加成功！"}
2021-07-20 01:24:04 下次操作: 2021-07-20 01:24:21

2021-07-20 01:24:21 开始第 24 次操作

2021-07-20 01:24:21 开始操作号码 【1782941】
2021-07-20 01:24:25 GSD getOne 第 1 次 等待 3 秒
2021-07-20 01:24:28 查询号码 【1782941】，返回信息 {"status":"bad","msg":""}
2021-07-20 01:24:28 查询号码 【1782941】，GSD为【""】
2021-07-20 01:24:28 bad
2021-07-20 01:24:30 CHB 1782941?1626715468 第 1 次 等待 3 秒
2021-07-20 01:24:33 CHB 1782941?1626715468 第 1 次 获取到号码【1782941】GSD
2021-07-20 01:24:33 获取到号码【1782941】的GSD为【陕西-延安】
2021-07-20 01:24:36 GSD insert 第 1 次 等待 3 秒
2021-07-20 01:24:39 {"status":"ok","gid":331657,"msg":"添加成功！"}
2021-07-20 01:24:39 下次操作: 2021-07-20 01:24:55

2021-07-20 01:24:55 开始第 25 次操作

2021-07-20 01:24:55 开始操作号码 【1782940】
2021-07-20 01:25:00 GSD getOne 第 1 次 等待 3 秒
2021-07-20 01:25:03 查询号码 【1782940】，返回信息 {"status":"bad","msg":""}
2021-07-20 01:25:03 查询号码 【1782940】，GSD为【""】
2021-07-20 01:25:03 bad
2021-07-20 01:25:04 CHB 1782940?1626715503 第 1 次 等待 3 秒
2021-07-20 01:25:07 CHB 1782940?1626715503 第 1 次 获取到号码【1782940】GSD
2021-07-20 01:25:07 获取到号码【1782940】的GSD为【陕西-咸阳】
2021-07-20 01:25:10 GSD insert 第 1 次 等待 3 秒
2021-07-20 01:25:13 {"status":"ok","gid":331663,"msg":"添加成功！"}
2021-07-20 01:25:13 下次操作: 2021-07-20 01:25:36

2021-07-20 01:25:36 开始第 26 次操作

2021-07-20 01:25:36 开始操作号码 【1782939】
2021-07-20 01:25:40 GSD getOne 第 1 次 等待 3 秒
2021-07-20 01:25:43 查询号码 【1782939】，返回信息 {"status":"bad","msg":""}
2021-07-20 01:25:43 查询号码 【1782939】，GSD为【""】
2021-07-20 01:25:43 bad
2021-07-20 01:25:45 CHB 1782939?1626715543 第 1 次 等待 3 秒
2021-07-20 01:25:48 CHB 1782939?1626715543 第 1 次 获取到号码【1782939】GSD
2021-07-20 01:25:48 获取到号码【1782939】的GSD为【陕西-西安】
2021-07-20 01:25:51 GSD insert 第 1 次 等待 3 秒
2021-07-20 01:25:54 {"status":"ok","gid":331675,"msg":"添加成功！"}
2021-07-20 01:25:54 下次操作: 2021-07-20 01:26:06

2021-07-20 01:26:06 开始第 27 次操作

2021-07-20 01:26:06 开始操作号码 【1782938】
2021-07-20 01:26:09 GSD getOne 第 1 次 等待 3 秒
2021-07-20 01:26:12 查询号码 【1782938】，返回信息 {"status":"bad","msg":""}
2021-07-20 01:26:12 查询号码 【1782938】，GSD为【""】
2021-07-20 01:26:12 bad
2021-07-20 01:26:14 CHB 1782938?1626715572 第 1 次 等待 3 秒
2021-07-20 01:26:17 CHB 1782938?1626715572 第 1 次 获取到号码【1782938】GSD
2021-07-20 01:26:17 获取到号码【1782938】的GSD为【陕西-西安】
2021-07-20 01:26:20 GSD insert 第 1 次 等待 3 秒
2021-07-20 01:26:23 {"status":"ok","gid":331682,"msg":"添加成功！"}
2021-07-20 01:26:23 下次操作: 2021-07-20 01:26:37

2021-07-20 01:26:37 开始第 28 次操作

2021-07-20 01:26:37 开始操作号码 【1782937】
2021-07-20 01:26:40 GSD getOne 第 1 次 等待 3 秒
2021-07-20 01:26:43 查询号码 【1782937】，返回信息 {"status":"bad","msg":""}
2021-07-20 01:26:43 查询号码 【1782937】，GSD为【""】
2021-07-20 01:26:43 bad
2021-07-20 01:26:45 CHB 1782937?1626715603 第 1 次 等待 3 秒
2021-07-20 01:26:48 CHB 1782937?1626715603 第 1 次 获取到号码【1782937】GSD
2021-07-20 01:26:48 获取到号码【1782937】的GSD为【陕西-宝鸡】
2021-07-20 01:26:51 GSD insert 第 1 次 等待 3 秒
2021-07-20 01:26:54 {"status":"ok","gid":331688,"msg":"添加成功！"}
2021-07-20 01:26:54 下次操作: 2021-07-20 01:27:07

2021-07-20 01:27:07 开始第 29 次操作

2021-07-20 01:27:07 开始操作号码 【1782936】
2021-07-20 01:27:13 GSD getOne 第 1 次 等待 3 秒
2021-07-20 01:27:16 查询号码 【1782936】，返回信息 {"status":"bad","msg":""}
2021-07-20 01:27:16 查询号码 【1782936】，GSD为【""】
2021-07-20 01:27:16 bad
2021-07-20 01:27:23 CHB 1782936?1626715636 第 1 次 等待 3 秒
2021-07-20 01:27:26 CHB 1782936?1626715636 第 1 次 获取到号码【1782936】GSD
2021-07-20 01:27:26 获取到号码【1782936】的GSD为【陕西-汉中】
2021-07-20 01:27:29 GSD insert 第 1 次 等待 3 秒
2021-07-20 01:27:32 {"status":"ok","gid":331694,"msg":"添加成功！"}
2021-07-20 01:27:32 下次操作: 2021-07-20 01:27:47

2021-07-20 01:27:47 开始第 30 次操作

2021-07-20 01:27:47 开始操作号码 【1782935】
2021-07-20 01:27:50 GSD getOne 第 1 次 等待 3 秒
2021-07-20 01:27:53 查询号码 【1782935】，返回信息 {"status":"bad","msg":""}
2021-07-20 01:27:53 查询号码 【1782935】，GSD为【""】
2021-07-20 01:27:53 bad
2021-07-20 01:27:55 CHB 1782935?1626715673 第 1 次 等待 3 秒
2021-07-20 01:27:58 CHB 1782935?1626715673 第 1 次 获取到号码【1782935】GSD
2021-07-20 01:27:58 获取到号码【1782935】的GSD为【陕西-安康】
2021-07-20 01:28:01 GSD insert 第 1 次 等待 3 秒
2021-07-20 01:28:04 {"status":"ok","gid":331698,"msg":"添加成功！"}
2021-07-20 01:28:04 下次操作: 2021-07-20 01:28:18

2021-07-20 01:28:18 开始第 31 次操作

2021-07-20 01:28:18 开始操作号码 【1782934】
2021-07-20 01:28:22 GSD getOne 第 1 次 等待 3 秒
2021-07-20 01:28:25 查询号码 【1782934】，返回信息 {"status":"bad","msg":""}
2021-07-20 01:28:25 查询号码 【1782934】，GSD为【""】
2021-07-20 01:28:25 bad
2021-07-20 01:28:31 CHB 1782934?1626715705 第 1 次 等待 3 秒
2021-07-20 01:28:34 CHB 1782934?1626715705 第 1 次 获取到号码【1782934】GSD
2021-07-20 01:28:34 获取到号码【1782934】的GSD为【陕西-商洛】
2021-07-20 01:28:37 GSD insert 第 1 次 等待 3 秒
2021-07-20 01:28:40 {"status":"ok","gid":331705,"msg":"添加成功！"}
2021-07-20 01:28:40 下次操作: 2021-07-20 01:28:56

2021-07-20 01:28:56 开始第 32 次操作

2021-07-20 01:28:56 开始操作号码 【1782933】
2021-07-20 01:29:01 GSD getOne 第 1 次 等待 3 秒
2021-07-20 01:29:04 查询号码 【1782933】，返回信息 {"status":"bad","msg":""}
2021-07-20 01:29:04 查询号码 【1782933】，GSD为【""】
2021-07-20 01:29:04 bad
2021-07-20 01:29:06 CHB 1782933?1626715744 第 1 次 等待 3 秒
2021-07-20 01:29:09 CHB 1782933?1626715744 第 1 次 获取到号码【1782933】GSD
2021-07-20 01:29:09 获取到号码【1782933】的GSD为【陕西-渭南】
2021-07-20 01:29:12 GSD insert 第 1 次 等待 3 秒
2021-07-20 01:29:15 {"status":"ok","gid":331709,"msg":"添加成功！"}
2021-07-20 01:29:15 下次操作: 2021-07-20 01:29:38

2021-07-20 01:29:38 开始第 33 次操作

2021-07-20 01:29:38 开始操作号码 【1782932】
2021-07-20 01:29:42 GSD getOne 第 1 次 等待 3 秒
2021-07-20 01:29:45 查询号码 【1782932】，返回信息 {"status":"bad","msg":""}
2021-07-20 01:29:45 查询号码 【1782932】，GSD为【""】
2021-07-20 01:29:45 bad
2021-07-20 01:29:47 CHB 1782932?1626715785 第 1 次 等待 3 秒
2021-07-20 01:29:50 CHB 1782932?1626715785 第 1 次 获取到号码【1782932】GSD
2021-07-20 01:29:50 获取到号码【1782932】的GSD为【陕西-榆林】
2021-07-20 01:29:52 GSD insert 第 1 次 等待 3 秒
2021-07-20 01:29:55 {"status":"ok","gid":331713,"msg":"添加成功！"}
2021-07-20 01:29:55 下次操作: 2021-07-20 01:30:10

2021-07-20 01:30:10 开始第 34 次操作

2021-07-20 01:30:10 开始操作号码 【1782931】
2021-07-20 01:30:14 GSD getOne 第 1 次 等待 3 秒
2021-07-20 01:30:17 查询号码 【1782931】，返回信息 {"status":"bad","msg":""}
2021-07-20 01:30:17 查询号码 【1782931】，GSD为【""】
2021-07-20 01:30:17 bad
2021-07-20 01:30:19 CHB 1782931?1626715817 第 1 次 等待 3 秒
2021-07-20 01:30:22 CHB 1782931?1626715817 第 1 次 获取到号码【1782931】GSD
2021-07-20 01:30:22 获取到号码【1782931】的GSD为【陕西-延安】
2021-07-20 01:30:25 GSD insert 第 1 次 等待 3 秒
2021-07-20 01:30:28 {"status":"ok","gid":331715,"msg":"添加成功！"}
2021-07-20 01:30:28 下次操作: 2021-07-20 01:30:52

2021-07-20 01:30:52 开始第 35 次操作

2021-07-20 01:30:52 开始操作号码 【1782930】
2021-07-20 01:30:55 GSD getOne 第 1 次 等待 3 秒
2021-07-20 01:30:58 查询号码 【1782930】，返回信息 {"status":"bad","msg":""}
2021-07-20 01:30:58 查询号码 【1782930】，GSD为【""】
2021-07-20 01:30:58 bad
2021-07-20 01:31:00 CHB 1782930?1626715858 第 1 次 等待 3 秒
2021-07-20 01:31:03 CHB 1782930?1626715858 第 1 次 获取到号码【1782930】GSD
2021-07-20 01:31:03 获取到号码【1782930】的GSD为【陕西-咸阳】
2021-07-20 01:31:14 GSD insert 第 1 次 等待 3 秒
2021-07-20 01:31:17 {"status":"ok","gid":331718,"msg":"添加成功！"}
2021-07-20 01:31:17 下次操作: 2021-07-20 01:31:39

2021-07-20 01:31:39 开始第 36 次操作

2021-07-20 01:31:39 开始操作号码 【1782929】
2021-07-20 01:31:42 GSD getOne 第 1 次 等待 3 秒
2021-07-20 01:31:45 查询号码 【1782929】，返回信息 {"status":"bad","msg":""}
2021-07-20 01:31:45 查询号码 【1782929】，GSD为【""】
2021-07-20 01:31:45 bad
2021-07-20 01:31:46 CHB 1782929?1626715905 第 1 次 等待 3 秒
2021-07-20 01:31:49 CHB 1782929?1626715905 第 1 次 获取到号码【1782929】GSD
2021-07-20 01:31:49 获取到号码【1782929】的GSD为【陕西-西安】
2021-07-20 01:31:56 GSD insert 第 1 次 等待 3 秒
2021-07-20 01:31:59 {"status":"ok","gid":331722,"msg":"添加成功！"}
2021-07-20 01:31:59 下次操作: 2021-07-20 01:32:14

2021-07-20 01:32:14 开始第 37 次操作

2021-07-20 01:32:14 开始操作号码 【1782928】
2021-07-20 01:32:17 GSD getOne 第 1 次 等待 3 秒
2021-07-20 01:32:20 查询号码 【1782928】，返回信息 {"status":"bad","msg":""}
2021-07-20 01:32:20 查询号码 【1782928】，GSD为【""】
2021-07-20 01:32:20 bad
2021-07-20 01:32:21 CHB 1782928?1626715940 第 1 次 等待 3 秒
2021-07-20 01:32:24 CHB 1782928?1626715940 第 1 次 获取到号码【1782928】GSD
2021-07-20 01:32:24 获取到号码【1782928】的GSD为【陕西-商洛】
2021-07-20 01:32:29 GSD insert 第 1 次 等待 3 秒
2021-07-20 01:32:32 {"status":"ok","gid":331725,"msg":"添加成功！"}
2021-07-20 01:32:32 下次操作: 2021-07-20 01:32:56

2021-07-20 01:32:56 开始第 38 次操作

2021-07-20 01:32:56 开始操作号码 【1782927】
2021-07-20 01:32:59 GSD getOne 第 1 次 等待 3 秒
2021-07-20 01:33:02 查询号码 【1782927】，返回信息 {"status":"bad","msg":""}
2021-07-20 01:33:02 查询号码 【1782927】，GSD为【""】
2021-07-20 01:33:02 bad
2021-07-20 01:33:04 CHB 1782927?1626715982 第 1 次 等待 3 秒
2021-07-20 01:33:07 CHB 1782927?1626715982 第 1 次 获取到号码【1782927】GSD
2021-07-20 01:33:07 获取到号码【1782927】的GSD为【陕西-宝鸡】
2021-07-20 01:33:09 GSD insert 第 1 次 等待 3 秒
2021-07-20 01:33:12 {"status":"ok","gid":331729,"msg":"添加成功！"}
2021-07-20 01:33:12 下次操作: 2021-07-20 01:33:27

2021-07-20 01:33:27 开始第 39 次操作

2021-07-20 01:33:27 开始操作号码 【1782926】
2021-07-20 01:33:30 GSD getOne 第 1 次 等待 3 秒
2021-07-20 01:33:33 查询号码 【1782926】，返回信息 {"status":"bad","msg":""}
2021-07-20 01:33:33 查询号码 【1782926】，GSD为【""】
2021-07-20 01:33:33 bad
2021-07-20 01:33:35 CHB 1782926?1626716013 第 1 次 等待 3 秒
2021-07-20 01:33:38 CHB 1782926?1626716013 第 1 次 获取到号码【1782926】GSD
2021-07-20 01:33:38 获取到号码【1782926】的GSD为【陕西-汉中】
2021-07-20 01:33:41 GSD insert 第 1 次 等待 3 秒
2021-07-20 01:33:44 {"status":"ok","gid":331731,"msg":"添加成功！"}
2021-07-20 01:33:44 下次操作: 2021-07-20 01:34:03

2021-07-20 01:34:03 开始第 40 次操作

2021-07-20 01:34:03 开始操作号码 【1782925】
2021-07-20 01:34:08 GSD getOne 第 1 次 等待 3 秒
2021-07-20 01:34:11 查询号码 【1782925】，返回信息 {"status":"bad","msg":""}
2021-07-20 01:34:11 查询号码 【1782925】，GSD为【""】
2021-07-20 01:34:11 bad
2021-07-20 01:34:13 CHB 1782925?1626716051 第 1 次 等待 3 秒
2021-07-20 01:34:16 CHB 1782925?1626716051 第 1 次 获取到号码【1782925】GSD
2021-07-20 01:34:16 获取到号码【1782925】的GSD为【陕西-安康】
2021-07-20 01:34:19 GSD insert 第 1 次 等待 3 秒
2021-07-20 01:34:22 {"status":"ok","gid":331733,"msg":"添加成功！"}

2021-07-20 01:44:16 开始第 1 次操作

2021-07-20 01:44:16 开始操作号码 【1782924】
2021-07-20 01:44:21 GSD getOne 第 1 次 等待 3 秒
2021-07-20 01:44:24 查询号码 【1782924】，返回信息 {"status":"bad","msg":""}
2021-07-20 01:44:24 查询号码 【1782924】，GSD为【""】
2021-07-20 01:44:24 bad
2021-07-20 01:44:26 CHB 1782924?1626716664 第 1 次 等待 3 秒
2021-07-20 01:44:29 CHB 1782924?1626716664 第 1 次 获取到号码【1782924】GSD
2021-07-20 01:44:29 获取到号码【1782924】的GSD为【陕西-西安】
2021-07-20 01:44:48 GSD insert 第 1 次 等待 3 秒
2021-07-20 01:44:51 {"status":"ok","gid":331775,"msg":"添加成功！"}
2021-07-20 01:44:51 下次操作: 2021-07-20 01:45:09

2021-07-20 01:45:09 开始第 2 次操作

2021-07-20 01:45:09 开始操作号码 【1782923】
2021-07-20 01:45:11 GSD getOne 第 1 次 等待 3 秒
2021-07-20 01:45:14 查询号码 【1782923】，返回信息 {"status":"bad","msg":""}
2021-07-20 01:45:14 查询号码 【1782923】，GSD为【""】
2021-07-20 01:45:14 bad
2021-07-20 01:45:16 CHB 1782923?1626716714 第 1 次 等待 3 秒
2021-07-20 01:45:19 CHB 1782923?1626716714 第 1 次 获取到号码【1782923】GSD
2021-07-20 01:45:19 获取到号码【1782923】的GSD为【陕西-渭南】
2021-07-20 01:45:32 GSD insert 第 1 次 等待 3 秒
2021-07-20 01:45:35 {"status":"ok","gid":331782,"msg":"添加成功！"}
2021-07-20 01:45:35 下次操作: 2021-07-20 01:45:55

2021-07-20 01:45:55 开始第 3 次操作

2021-07-20 01:45:55 开始操作号码 【1782922】
2021-07-20 01:45:57 GSD getOne 第 1 次 等待 3 秒
2021-07-20 01:46:00 查询号码 【1782922】，返回信息 {"status":"bad","msg":""}
2021-07-20 01:46:00 查询号码 【1782922】，GSD为【""】
2021-07-20 01:46:00 bad
2021-07-20 01:46:02 CHB 1782922?1626716760 第 1 次 等待 3 秒
2021-07-20 01:46:05 CHB 1782922?1626716760 第 1 次 获取到号码【1782922】GSD
2021-07-20 01:46:05 获取到号码【1782922】的GSD为【陕西-榆林】
2021-07-20 01:46:24 GSD insert 第 1 次 等待 3 秒
2021-07-20 01:46:27 {"status":"ok","gid":331795,"msg":"添加成功！"}
2021-07-20 01:46:27 下次操作: 2021-07-20 01:46:39

2021-07-20 01:46:39 开始第 4 次操作

2021-07-20 01:46:39 开始操作号码 【1782921】
2021-07-20 01:46:44 GSD getOne 第 1 次 等待 3 秒
2021-07-20 01:46:47 查询号码 【1782921】，返回信息 {"status":"bad","msg":""}
2021-07-20 01:46:48 查询号码 【1782921】，GSD为【""】
2021-07-20 01:46:48 bad
2021-07-20 01:46:49 CHB 1782921?1626716808 第 1 次 等待 3 秒
2021-07-20 01:46:52 CHB 1782921?1626716808 第 1 次 获取到号码【1782921】GSD
2021-07-20 01:46:52 获取到号码【1782921】的GSD为【陕西-延安】
2021-07-20 01:47:11 GSD insert 第 1 次 等待 3 秒
2021-07-20 01:47:14 {"status":"ok","gid":331809,"msg":"添加成功！"}
2021-07-20 01:47:14 下次操作: 2021-07-20 01:47:37

2021-07-20 01:47:37 开始第 5 次操作

2021-07-20 01:47:37 开始操作号码 【1782920】
2021-07-20 01:47:39 GSD getOne 第 1 次 等待 3 秒
2021-07-20 01:47:42 查询号码 【1782920】，返回信息 {"status":"bad","msg":""}
2021-07-20 01:47:42 查询号码 【1782920】，GSD为【""】
2021-07-20 01:47:43 bad
2021-07-20 01:47:44 CHB 1782920?1626716863 第 1 次 等待 3 秒
2021-07-20 01:47:47 CHB 1782920?1626716863 第 1 次 获取到号码【1782920】GSD
2021-07-20 01:47:47 获取到号码【1782920】的GSD为【陕西-咸阳】
2021-07-20 01:48:09 GSD insert 第 1 次 等待 3 秒
2021-07-20 01:48:12 {"status":"ok","gid":331820,"msg":"添加成功！"}
2021-07-20 01:48:12 下次操作: 2021-07-20 01:48:35

2021-07-20 01:48:35 开始第 6 次操作

2021-07-20 01:48:35 开始操作号码 【1782919】
2021-07-20 01:48:39 GSD getOne 第 1 次 等待 3 秒
2021-07-20 01:48:42 查询号码 【1782919】，返回信息 {"status":"bad","msg":""}
2021-07-20 01:48:42 查询号码 【1782919】，GSD为【""】
2021-07-20 01:48:42 bad
2021-07-20 01:48:43 CHB 1782919?1626716922 第 1 次 等待 3 秒
2021-07-20 01:48:46 CHB 1782919?1626716922 第 1 次 获取到号码【1782919】GSD
2021-07-20 01:48:47 获取到号码【1782919】的GSD为【陕西-铜川】
2021-07-20 01:49:04 GSD insert 第 1 次 等待 3 秒
2021-07-20 01:49:07 {"status":"ok","gid":331831,"msg":"添加成功！"}
2021-07-20 01:49:07 下次操作: 2021-07-20 01:49:21

2021-07-20 01:49:21 开始第 7 次操作

2021-07-20 01:49:21 开始操作号码 【1782918】
2021-07-20 01:49:24 GSD getOne 第 1 次 等待 3 秒
2021-07-20 01:49:27 查询号码 【1782918】，返回信息 {"status":"bad","msg":""}
2021-07-20 01:49:27 查询号码 【1782918】，GSD为【""】
2021-07-20 01:49:27 bad
2021-07-20 01:49:29 CHB 1782918?1626716967 第 1 次 等待 3 秒
2021-07-20 01:49:32 CHB 1782918?1626716967 第 1 次 获取到号码【1782918】GSD
2021-07-20 01:49:32 获取到号码【1782918】的GSD为【陕西-西安】
2021-07-20 01:49:50 GSD insert 第 1 次 等待 3 秒
2021-07-20 01:49:53 {"status":"ok","gid":331842,"msg":"添加成功！"}
2021-07-20 01:49:53 下次操作: 2021-07-20 01:50:06

2021-07-20 01:50:06 开始第 8 次操作

2021-07-20 01:50:06 开始操作号码 【1782917】
2021-07-20 01:50:09 GSD getOne 第 1 次 等待 3 秒
2021-07-20 01:50:12 查询号码 【1782917】，返回信息 {"status":"bad","msg":""}
2021-07-20 01:50:12 查询号码 【1782917】，GSD为【""】
2021-07-20 01:50:12 bad
2021-07-20 01:50:13 CHB 1782917?1626717012 第 1 次 等待 3 秒
2021-07-20 01:50:16 CHB 1782917?1626717012 第 1 次 获取到号码【1782917】GSD
2021-07-20 01:50:16 获取到号码【1782917】的GSD为【陕西-宝鸡】
2021-07-20 01:50:34 GSD insert 第 1 次 等待 3 秒
2021-07-20 01:50:37 {"status":"ok","gid":331852,"msg":"添加成功！"}
2021-07-20 01:50:37 下次操作: 2021-07-20 01:50:58

2021-07-20 01:50:58 开始第 9 次操作

2021-07-20 01:50:58 开始操作号码 【1782916】
2021-07-20 01:51:01 GSD getOne 第 1 次 等待 3 秒
2021-07-20 01:51:04 查询号码 【1782916】，返回信息 {"status":"bad","msg":""}
2021-07-20 01:51:04 查询号码 【1782916】，GSD为【""】
2021-07-20 01:51:04 bad
2021-07-20 01:51:05 CHB 1782916?1626717064 第 1 次 等待 3 秒
2021-07-20 01:51:08 CHB 1782916?1626717064 第 1 次 获取到号码【1782916】GSD
2021-07-20 01:51:08 获取到号码【1782916】的GSD为【陕西-汉中】
2021-07-20 01:51:26 GSD insert 第 1 次 等待 3 秒
2021-07-20 01:51:29 {"status":"ok","gid":331862,"msg":"添加成功！"}
2021-07-20 01:51:29 下次操作: 2021-07-20 01:51:41

2021-07-20 01:51:41 开始第 10 次操作

2021-07-20 01:51:41 开始操作号码 【1782915】
2021-07-20 01:51:46 GSD getOne 第 1 次 等待 3 秒
2021-07-20 01:51:49 查询号码 【1782915】，返回信息 {"status":"ok","msg":"陕西-安康","gid":"31582","time_insert":"2017-05-04 08:56","time_update":"2020-12-08 12:22"}
2021-07-20 01:51:49 查询号码 【1782915】，GSD为【"陕西-安康"】

2021-07-20 01:51:49 开始第 10 次操作

2021-07-20 01:51:49 开始操作号码 【1782914】
2021-07-20 01:52:07 GSD getOne 第 1 次 等待 3 秒
2021-07-20 01:52:10 查询号码 【1782914】，返回信息 {"status":"bad","msg":""}
2021-07-20 01:52:10 查询号码 【1782914】，GSD为【""】
2021-07-20 01:52:10 bad
2021-07-20 01:52:12 CHB 1782914?1626717130 第 1 次 等待 3 秒
2021-07-20 01:52:15 CHB 1782914?1626717130 第 1 次 获取到号码【1782914】GSD
2021-07-20 01:52:15 获取到号码【1782914】的GSD为【陕西-商洛】
2021-07-20 01:52:25 GSD insert 第 1 次 等待 3 秒
2021-07-20 01:52:28 {"status":"ok","gid":331877,"msg":"添加成功！"}
2021-07-20 01:52:28 下次操作: 2021-07-20 01:52:50

2021-07-20 01:52:50 开始第 11 次操作

2021-07-20 01:52:50 开始操作号码 【1782913】
2021-07-20 01:52:53 GSD getOne 第 1 次 等待 3 秒
2021-07-20 01:52:56 查询号码 【1782913】，返回信息 {"status":"bad","msg":""}
2021-07-20 01:52:56 查询号码 【1782913】，GSD为【""】
2021-07-20 01:52:56 bad
2021-07-20 01:52:58 CHB 1782913?1626717176 第 1 次 等待 3 秒
2021-07-20 01:53:01 CHB 1782913?1626717176 第 1 次 获取到号码【1782913】GSD
2021-07-20 01:53:01 获取到号码【1782913】的GSD为【陕西-渭南】
2021-07-20 01:53:11 GSD insert 第 1 次 等待 3 秒
2021-07-20 01:53:14 {"status":"ok","gid":331888,"msg":"添加成功！"}
2021-07-20 01:53:14 下次操作: 2021-07-20 01:53:35

2021-07-20 01:53:35 开始第 12 次操作

2021-07-20 01:53:35 开始操作号码 【1782912】
2021-07-20 01:53:37 GSD getOne 第 1 次 等待 3 秒
2021-07-20 01:53:40 查询号码 【1782912】，返回信息 {"status":"bad","msg":""}
2021-07-20 01:53:40 查询号码 【1782912】，GSD为【""】
2021-07-20 01:53:40 bad
2021-07-20 01:53:47 CHB 1782912?1626717220 第 1 次 等待 3 秒
2021-07-20 01:53:50 CHB 1782912?1626717220 第 1 次 获取到号码【1782912】GSD
2021-07-20 01:53:50 获取到号码【1782912】的GSD为【陕西-榆林】
2021-07-20 01:53:56 GSD insert 第 1 次 等待 3 秒
2021-07-20 01:53:59 {"status":"ok","gid":331898,"msg":"添加成功！"}
2021-07-20 01:53:59 下次操作: 2021-07-20 01:54:18

2021-07-20 01:54:18 开始第 13 次操作

2021-07-20 01:54:18 开始操作号码 【1782911】
2021-07-20 01:54:21 GSD getOne 第 1 次 等待 3 秒
2021-07-20 01:54:24 查询号码 【1782911】，返回信息 {"status":"bad","msg":""}
2021-07-20 01:54:24 查询号码 【1782911】，GSD为【""】
2021-07-20 01:54:24 bad
2021-07-20 01:54:29 CHB 1782911?1626717264 第 1 次 等待 3 秒
2021-07-20 01:54:32 CHB 1782911?1626717264 第 1 次 获取到号码【1782911】GSD
2021-07-20 01:54:32 获取到号码【1782911】的GSD为【陕西-延安】
2021-07-20 01:54:42 GSD insert 第 1 次 等待 3 秒
2021-07-20 01:54:45 {"status":"ok","gid":331913,"msg":"添加成功！"}
2021-07-20 01:54:45 下次操作: 2021-07-20 01:55:01

2021-07-20 01:55:01 开始第 14 次操作

2021-07-20 01:55:01 开始操作号码 【1782910】
2021-07-20 01:55:04 GSD getOne 第 1 次 等待 3 秒
2021-07-20 01:55:07 查询号码 【1782910】，返回信息 {"status":"bad","msg":""}
2021-07-20 01:55:07 查询号码 【1782910】，GSD为【""】
2021-07-20 01:55:07 bad
2021-07-20 01:55:09 CHB 1782910?1626717307 第 1 次 等待 3 秒
2021-07-20 01:55:12 CHB 1782910?1626717307 第 1 次 获取到号码【1782910】GSD
2021-07-20 01:55:12 获取到号码【1782910】的GSD为【陕西-咸阳】
2021-07-20 01:55:30 GSD insert 第 1 次 等待 3 秒
2021-07-20 01:55:33 {"status":"ok","gid":331924,"msg":"添加成功！"}
2021-07-20 01:55:33 下次操作: 2021-07-20 01:55:56

2021-07-20 01:55:56 开始第 15 次操作

2021-07-20 01:55:56 开始操作号码 【1782909】
2021-07-20 01:55:58 GSD getOne 第 1 次 等待 3 秒
2021-07-20 01:56:01 查询号码 【1782909】，返回信息 {"status":"bad","msg":""}
2021-07-20 01:56:01 查询号码 【1782909】，GSD为【""】
2021-07-20 01:56:01 bad
2021-07-20 01:56:03 CHB 1782909?1626717361 第 1 次 等待 3 秒
2021-07-20 01:56:06 CHB 1782909?1626717361 第 1 次 获取到号码【1782909】GSD
2021-07-20 01:56:06 获取到号码【1782909】的GSD为【陕西-西安】
2021-07-20 01:56:24 GSD insert 第 1 次 等待 3 秒
2021-07-20 01:56:27 {"status":"ok","gid":331940,"msg":"添加成功！"}
2021-07-20 01:56:27 下次操作: 2021-07-20 01:56:40

2021-07-20 01:56:40 开始第 16 次操作

2021-07-20 01:56:40 开始操作号码 【1782908】
2021-07-20 01:56:42 GSD getOne 第 1 次 等待 3 秒
2021-07-20 01:56:45 查询号码 【1782908】，返回信息 {"status":"bad","msg":""}
2021-07-20 01:56:45 查询号码 【1782908】，GSD为【""】
2021-07-20 01:56:45 bad
2021-07-20 01:56:47 CHB 1782908?1626717405 第 1 次 等待 3 秒
2021-07-20 01:56:50 CHB 1782908?1626717405 第 1 次 获取到号码【1782908】GSD
2021-07-20 01:56:50 获取到号码【1782908】的GSD为【陕西-西安】
2021-07-20 01:57:08 GSD insert 第 1 次 等待 3 秒
2021-07-20 01:57:11 {"status":"ok","gid":331950,"msg":"添加成功！"}
2021-07-20 01:57:11 下次操作: 2021-07-20 01:57:28

2021-07-20 01:57:28 开始第 17 次操作

2021-07-20 01:57:29 开始操作号码 【1782907】
2021-07-20 01:57:31 GSD getOne 第 1 次 等待 3 秒
2021-07-20 01:57:34 查询号码 【1782907】，返回信息 {"status":"bad","msg":""}
2021-07-20 01:57:34 查询号码 【1782907】，GSD为【""】
2021-07-20 01:57:34 bad
2021-07-20 01:57:37 CHB 1782907?1626717454 第 1 次 等待 3 秒
2021-07-20 01:57:40 CHB 1782907?1626717454 第 1 次 获取到号码【1782907】GSD
2021-07-20 01:57:40 获取到号码【1782907】的GSD为【陕西-宝鸡】
2021-07-20 01:57:50 GSD insert 第 1 次 等待 3 秒
2021-07-20 01:57:53 {"status":"ok","gid":331962,"msg":"添加成功！"}
2021-07-20 01:57:53 下次操作: 2021-07-20 01:58:05

2021-07-20 01:58:05 开始第 18 次操作

2021-07-20 01:58:05 开始操作号码 【1782906】
2021-07-20 01:58:08 GSD getOne 第 1 次 等待 3 秒
2021-07-20 01:58:11 查询号码 【1782906】，返回信息 {"status":"ok","msg":"陕西-汉中","gid":"31581","time_insert":"2019-11-15 11:24","time_update":"2020-12-08 12:25"}
2021-07-20 01:58:11 查询号码 【1782906】，GSD为【"陕西-汉中"】

2021-07-20 01:58:11 开始第 18 次操作

2021-07-20 01:58:11 开始操作号码 【1782905】
2021-07-20 01:58:29 GSD getOne 第 1 次 等待 3 秒
2021-07-20 01:58:32 查询号码 【1782905】，返回信息 {"status":"bad","msg":""}
2021-07-20 01:58:32 查询号码 【1782905】，GSD为【""】
2021-07-20 01:58:32 bad
2021-07-20 01:58:34 CHB 1782905?1626717512 第 1 次 等待 3 秒
2021-07-20 01:58:37 CHB 1782905?1626717512 第 1 次 获取到号码【1782905】GSD
2021-07-20 01:58:37 获取到号码【1782905】的GSD为【陕西-安康】
2021-07-20 01:58:55 GSD insert 第 1 次 等待 3 秒
2021-07-20 01:58:58 {"status":"ok","gid":331976,"msg":"添加成功！"}
2021-07-20 01:58:58 下次操作: 2021-07-20 01:59:22

2021-07-20 01:59:22 开始第 19 次操作

2021-07-20 01:59:22 开始操作号码 【1782904】
2021-07-20 01:59:24 GSD getOne 第 1 次 等待 3 秒
2021-07-20 01:59:27 查询号码 【1782904】，返回信息 {"status":"bad","msg":""}
2021-07-20 01:59:27 查询号码 【1782904】，GSD为【""】
2021-07-20 01:59:27 bad
2021-07-20 01:59:30 CHB 1782904?1626717567 第 1 次 等待 3 秒
2021-07-20 01:59:33 CHB 1782904?1626717567 第 1 次 获取到号码【1782904】GSD
2021-07-20 01:59:33 获取到号码【1782904】的GSD为【陕西-西安】
2021-07-20 01:59:42 GSD insert 第 1 次 等待 3 秒
2021-07-20 01:59:45 {"status":"ok","gid":331990,"msg":"添加成功！"}
2021-07-20 01:59:45 下次操作: 2021-07-20 02:00:06

2021-07-20 02:00:06 开始第 20 次操作

2021-07-20 02:00:06 开始操作号码 【1782903】
2021-07-20 02:00:09 GSD getOne 第 1 次 等待 3 秒
2021-07-20 02:00:12 查询号码 【1782903】，返回信息 {"status":"bad","msg":""}
2021-07-20 02:00:13 查询号码 【1782903】，GSD为【""】
2021-07-20 02:00:13 bad
2021-07-20 02:00:14 CHB 1782903?1626717613 第 1 次 等待 3 秒
2021-07-20 02:00:17 CHB 1782903?1626717613 第 1 次 获取到号码【1782903】GSD
2021-07-20 02:00:17 获取到号码【1782903】的GSD为【陕西-渭南】
2021-07-20 02:00:37 GSD insert 第 1 次 等待 3 秒
2021-07-20 02:00:40 {"status":"ok","gid":332002,"msg":"添加成功！"}
2021-07-20 02:00:40 下次操作: 2021-07-20 02:01:04

2021-07-20 02:01:04 开始第 21 次操作

2021-07-20 02:01:04 开始操作号码 【1782902】
2021-07-20 02:01:07 GSD getOne 第 1 次 等待 3 秒
2021-07-20 02:01:10 查询号码 【1782902】，返回信息 {"status":"bad","msg":""}
2021-07-20 02:01:10 查询号码 【1782902】，GSD为【""】
2021-07-20 02:01:10 bad
2021-07-20 02:01:12 CHB 1782902?1626717670 第 1 次 等待 3 秒
2021-07-20 02:01:15 CHB 1782902?1626717670 第 1 次 获取到号码【1782902】GSD
2021-07-20 02:01:15 获取到号码【1782902】的GSD为【陕西-西安】
2021-07-20 02:01:25 GSD insert 第 1 次 等待 3 秒
2021-07-20 02:01:28 {"status":"ok","gid":332017,"msg":"添加成功！"}
2021-07-20 02:01:28 下次操作: 2021-07-20 02:01:47

2021-07-20 02:01:47 开始第 22 次操作

2021-07-20 02:01:47 开始操作号码 【1782901】
2021-07-20 02:01:49 GSD getOne 第 1 次 等待 3 秒
2021-07-20 02:01:52 查询号码 【1782901】，返回信息 {"status":"bad","msg":""}
2021-07-20 02:01:52 查询号码 【1782901】，GSD为【""】
2021-07-20 02:01:52 bad
2021-07-20 02:01:54 CHB 1782901?1626717712 第 1 次 等待 3 秒
2021-07-20 02:01:57 CHB 1782901?1626717712 第 1 次 获取到号码【1782901】GSD
2021-07-20 02:01:57 获取到号码【1782901】的GSD为【陕西-西安】
2021-07-20 02:02:15 GSD insert 第 1 次 等待 3 秒
2021-07-20 02:02:18 {"status":"ok","gid":332028,"msg":"添加成功！"}
2021-07-20 02:02:18 下次操作: 2021-07-20 02:02:32

2021-07-20 02:02:32 开始第 23 次操作

2021-07-20 02:02:32 开始操作号码 【1782900】
2021-07-20 02:02:34 GSD getOne 第 1 次 等待 3 秒
2021-07-20 02:02:37 查询号码 【1782900】，返回信息 {"status":"bad","msg":""}
2021-07-20 02:02:38 查询号码 【1782900】，GSD为【""】
2021-07-20 02:02:38 bad
2021-07-20 02:02:39 CHB 1782900?1626717758 第 1 次 等待 3 秒
2021-07-20 02:02:42 CHB 1782900?1626717758 第 1 次 获取到号码【1782900】GSD
2021-07-20 02:02:42 获取到号码【1782900】的GSD为【陕西-西安】
2021-07-20 02:03:00 GSD insert 第 1 次 等待 3 秒
2021-07-20 02:03:03 {"status":"ok","gid":332041,"msg":"添加成功！"}
2021-07-20 02:03:03 下次操作: 2021-07-20 02:03:15

2021-07-20 02:03:15 开始第 24 次操作

2021-07-20 02:03:15 开始操作号码 【1782899】
2021-07-20 02:03:19 GSD getOne 第 1 次 等待 3 秒
2021-07-20 02:03:22 查询号码 【1782899】，返回信息 {"status":"bad","msg":""}
2021-07-20 02:03:22 查询号码 【1782899】，GSD为【""】
2021-07-20 02:03:22 bad
2021-07-20 02:03:24 CHB 1782899?1626717802 第 1 次 等待 3 秒
2021-07-20 02:03:27 CHB 1782899?1626717802 第 1 次 获取到号码【1782899】GSD
2021-07-20 02:03:27 获取到号码【1782899】的GSD为【四川-德阳】
2021-07-20 02:03:48 GSD insert 第 1 次 等待 3 秒
2021-07-20 02:03:51 {"status":"ok","gid":332052,"msg":"添加成功！"}
2021-07-20 02:03:51 下次操作: 2021-07-20 02:04:07

2021-07-20 02:04:07 开始第 25 次操作

2021-07-20 02:04:07 开始操作号码 【1782898】
2021-07-20 02:04:18 GSD getOne 第 1 次 等待 3 秒
2021-07-20 02:04:21 查询号码 【1782898】，返回信息 {"status":"bad","msg":""}
2021-07-20 02:04:21 查询号码 【1782898】，GSD为【""】
2021-07-20 02:04:21 bad
2021-07-20 02:04:22 CHB 1782898?1626717861 第 1 次 等待 3 秒
2021-07-20 02:04:25 CHB 1782898?1626717861 第 1 次 获取到号码【1782898】GSD
2021-07-20 02:04:26 获取到号码【1782898】的GSD为【四川-德阳】
2021-07-20 02:04:43 GSD insert 第 1 次 等待 3 秒
2021-07-20 02:04:46 {"status":"ok","gid":332062,"msg":"添加成功！"}
2021-07-20 02:04:46 下次操作: 2021-07-20 02:05:10

2021-07-20 02:05:10 开始第 26 次操作

2021-07-20 02:05:10 开始操作号码 【1782897】
2021-07-20 02:05:15 GSD getOne 第 1 次 等待 3 秒
2021-07-20 02:05:18 查询号码 【1782897】，返回信息 {"status":"ok","msg":"四川-自贡","gid":"31580","time_insert":"2018-10-15 14:35","time_update":"2020-11-01 02:11"}
2021-07-20 02:05:18 查询号码 【1782897】，GSD为【"四川-自贡"】

2021-07-20 02:05:18 开始第 26 次操作

2021-07-20 02:05:18 开始操作号码 【1782896】
2021-07-20 02:05:36 GSD getOne 第 1 次 等待 3 秒
2021-07-20 02:05:39 查询号码 【1782896】，返回信息 {"status":"ok","msg":"四川-自贡","gid":"31579","time_insert":"2018-08-01 22:44","time_update":"2020-11-01 02:08"}
2021-07-20 02:05:39 查询号码 【1782896】，GSD为【"四川-自贡"】

2021-07-20 02:05:39 开始第 26 次操作

2021-07-20 02:05:39 开始操作号码 【1782895】
2021-07-20 02:05:57 GSD getOne 第 1 次 等待 3 秒
2021-07-20 02:06:00 查询号码 【1782895】，返回信息 {"status":"bad","msg":""}
2021-07-20 02:06:00 查询号码 【1782895】，GSD为【""】
2021-07-20 02:06:00 bad
2021-07-20 02:06:06 CHB 1782895?1626717960 第 1 次 等待 3 秒
2021-07-20 02:06:09 CHB 1782895?1626717960 第 1 次 获取到号码【1782895】GSD
2021-07-20 02:06:09 获取到号码【1782895】的GSD为【四川-攀枝花】
2021-07-20 02:06:19 GSD insert 第 1 次 等待 3 秒
2021-07-20 02:06:22 {"status":"ok","gid":332086,"msg":"添加成功！"}
2021-07-20 02:06:22 下次操作: 2021-07-20 02:06:36

2021-07-20 02:06:36 开始第 27 次操作

2021-07-20 02:06:36 开始操作号码 【1782894】
2021-07-20 02:06:38 GSD getOne 第 1 次 等待 3 秒
2021-07-20 02:06:41 查询号码 【1782894】，返回信息 {"status":"bad","msg":""}
2021-07-20 02:06:42 查询号码 【1782894】，GSD为【""】
2021-07-20 02:06:42 bad
2021-07-20 02:06:43 CHB 1782894?1626718002 第 1 次 等待 3 秒
2021-07-20 02:06:46 CHB 1782894?1626718002 第 1 次 获取到号码【1782894】GSD
2021-07-20 02:06:46 获取到号码【1782894】的GSD为【四川-攀枝花】
2021-07-20 02:07:04 GSD insert 第 1 次 等待 3 秒
2021-07-20 02:07:07 {"status":"ok","gid":332096,"msg":"添加成功！"}
2021-07-20 02:07:07 下次操作: 2021-07-20 02:07:22

2021-07-20 02:07:22 开始第 28 次操作

2021-07-20 02:07:22 开始操作号码 【1782893】
2021-07-20 02:07:25 GSD getOne 第 1 次 等待 3 秒
2021-07-20 02:07:28 查询号码 【1782893】，返回信息 {"status":"bad","msg":""}
2021-07-20 02:07:28 查询号码 【1782893】，GSD为【""】
2021-07-20 02:07:28 bad
2021-07-20 02:07:30 CHB 1782893?1626718048 第 1 次 等待 3 秒
2021-07-20 02:07:33 CHB 1782893?1626718048 第 1 次 获取到号码【1782893】GSD
2021-07-20 02:07:33 获取到号码【1782893】的GSD为【四川-巴中】
2021-07-20 02:07:43 GSD insert 第 1 次 等待 3 秒
2021-07-20 02:07:46 {"status":"ok","gid":332102,"msg":"添加成功！"}
2021-07-20 02:07:46 下次操作: 2021-07-20 02:08:00

2021-07-20 02:08:00 开始第 29 次操作

2021-07-20 02:08:00 开始操作号码 【1782892】
2021-07-20 02:08:03 GSD getOne 第 1 次 等待 3 秒
2021-07-20 02:08:06 查询号码 【1782892】，返回信息 {"status":"ok","msg":"四川-巴中","gid":"31578","time_insert":"2019-09-05 14:58","time_update":"2020-11-01 02:04"}
2021-07-20 02:08:06 查询号码 【1782892】，GSD为【"四川-巴中"】

2021-07-20 02:08:06 开始第 29 次操作

2021-07-20 02:08:06 开始操作号码 【1782891】
2021-07-20 02:08:24 GSD getOne 第 1 次 等待 3 秒
2021-07-20 02:08:27 查询号码 【1782891】，返回信息 {"status":"ok","msg":"四川-巴中","gid":"31577","time_insert":"2017-06-28 11:15","time_update":"2020-11-01 02:00"}
2021-07-20 02:08:27 查询号码 【1782891】，GSD为【"四川-巴中"】

2021-07-20 02:08:27 开始第 29 次操作

2021-07-20 02:08:27 开始操作号码 【1782890】
2021-07-20 02:09:18 GSD getOne 第 1 次 等待 3 秒
2021-07-20 02:09:21 查询号码 【1782890】，返回信息 {"status":"ok","msg":"四川-巴中","gid":"31576","time_insert":"2018-12-05 23:21","time_update":"2020-11-01 01:55"}
2021-07-20 02:09:21 查询号码 【1782890】，GSD为【"四川-巴中"】

2021-07-20 02:09:21 开始第 29 次操作

2021-07-20 02:09:21 开始操作号码 【1782889】
2021-07-20 02:09:39 GSD getOne 第 1 次 等待 3 秒
2021-07-20 02:09:42 查询号码 【1782889】，返回信息 {"status":"ok","msg":"四川-达州","gid":"31575","time_insert":"2020-01-15 20:17","time_update":"2020-11-01 01:55"}
2021-07-20 02:09:42 查询号码 【1782889】，GSD为【"四川-达州"】

2021-07-20 02:09:42 开始第 29 次操作

2021-07-20 02:09:42 开始操作号码 【1782888】
2021-07-20 02:10:00 GSD getOne 第 1 次 等待 3 秒
2021-07-20 02:10:03 查询号码 【1782888】，返回信息 {"status":"ok","msg":"四川-达州","gid":"31574","time_insert":"2018-05-23 15:26","time_update":"2020-11-01 01:51"}
2021-07-20 02:10:03 查询号码 【1782888】，GSD为【"四川-达州"】

2021-07-20 02:10:03 开始第 29 次操作

2021-07-20 02:10:03 开始操作号码 【1782887】
2021-07-20 02:10:21 GSD getOne 第 1 次 等待 3 秒
2021-07-20 02:10:24 查询号码 【1782887】，返回信息 {"status":"ok","msg":"四川-达州","gid":"31573","time_insert":"2017-04-19 14:28","time_update":"2020-11-01 01:47"}
2021-07-20 02:10:24 查询号码 【1782887】，GSD为【"四川-达州"】

2021-07-20 02:10:24 开始第 29 次操作

2021-07-20 02:10:24 开始操作号码 【1782886】
2021-07-20 02:10:42 GSD getOne 第 1 次 等待 3 秒
2021-07-20 02:10:45 查询号码 【1782886】，返回信息 {"status":"ok","msg":"四川-达州","gid":"31572","time_insert":"2018-09-22 12:50","time_update":"2020-11-01 01:43"}
2021-07-20 02:10:45 查询号码 【1782886】，GSD为【"四川-达州"】

2021-07-20 02:10:45 开始第 29 次操作

2021-07-20 02:10:45 开始操作号码 【1782885】
2021-07-20 02:11:03 GSD getOne 第 1 次 等待 3 秒
2021-07-20 02:11:06 查询号码 【1782885】，返回信息 {"status":"ok","msg":"四川-达州","gid":"31571","time_insert":"2018-08-07 23:05","time_update":"2020-11-01 01:39"}
2021-07-20 02:11:06 查询号码 【1782885】，GSD为【"四川-达州"】

2021-07-20 02:11:06 开始第 29 次操作

2021-07-20 02:11:06 开始操作号码 【1782884】
2021-07-20 02:11:24 GSD getOne 第 1 次 等待 3 秒
2021-07-20 02:11:27 查询号码 【1782884】，返回信息 {"status":"ok","msg":"-","gid":"213233","time_insert":"2021-07-07 10:18"}
2021-07-20 02:11:27 查询号码 【1782884】，GSD为【"-"】
2021-07-20 02:11:27 ok && -
2021-07-20 02:11:29 CHB 1782884?1626718287 第 1 次 等待 3 秒
2021-07-20 02:11:32 CHB 1782884?1626718287 第 1 次 获取到号码【1782884】GSD
2021-07-20 02:11:32 获取到号码【1782884】的GSD为【四川-宜宾】
2021-07-20 02:11:52 GSD insert 第 1 次 等待 3 秒
2021-07-20 02:11:55 {"status":"ok","gid":"213233","msg":"添加号码已存在，但为‘-’，修改为【四川-宜宾】成功！"}
2021-07-20 02:11:55 下次操作: 2021-07-20 02:12:09

2021-07-20 02:12:09 开始第 30 次操作

2021-07-20 02:12:09 开始操作号码 【1782883】
2021-07-20 02:12:13 GSD getOne 第 1 次 等待 3 秒
2021-07-20 02:12:16 查询号码 【1782883】，返回信息 {"status":"ok","msg":"四川-宜宾","gid":"31570","time_insert":"2018-10-16 23:06","time_update":"2020-11-01 01:35"}
2021-07-20 02:12:16 查询号码 【1782883】，GSD为【"四川-宜宾"】

2021-07-20 02:12:16 开始第 30 次操作

2021-07-20 02:12:16 开始操作号码 【1782882】
2021-07-20 02:12:34 GSD getOne 第 1 次 等待 3 秒
2021-07-20 02:12:37 查询号码 【1782882】，返回信息 {"status":"bad","msg":""}
2021-07-20 02:12:37 查询号码 【1782882】，GSD为【""】
2021-07-20 02:12:37 bad
2021-07-20 02:12:39 CHB 1782882?1626718357 第 1 次 等待 3 秒
2021-07-20 02:12:42 CHB 1782882?1626718357 第 1 次 获取到号码【1782882】GSD
2021-07-20 02:12:42 获取到号码【1782882】的GSD为【四川-宜宾】
2021-07-20 02:13:02 GSD insert 第 1 次 等待 3 秒
2021-07-20 02:13:05 {"status":"ok","gid":332129,"msg":"添加成功！"}
2021-07-20 02:13:05 下次操作: 2021-07-20 02:13:26

2021-07-20 02:13:26 开始第 31 次操作

2021-07-20 02:13:26 开始操作号码 【1782881】
2021-07-20 02:13:30 GSD getOne 第 1 次 等待 3 秒
2021-07-20 02:13:33 查询号码 【1782881】，返回信息 {"status":"ok","msg":"四川-宜宾","gid":"31569","time_insert":"2016-07-10 01:46","time_update":"2020-11-01 01:31"}
2021-07-20 02:13:33 查询号码 【1782881】，GSD为【"四川-宜宾"】

2021-07-20 02:13:33 开始第 31 次操作

2021-07-20 02:13:33 开始操作号码 【1782880】
2021-07-20 02:13:50 GSD getOne 第 1 次 等待 3 秒
2021-07-20 02:13:53 查询号码 【1782880】，返回信息 {"status":"bad","msg":""}
2021-07-20 02:13:53 查询号码 【1782880】，GSD为【""】
2021-07-20 02:13:53 bad
2021-07-20 02:13:55 CHB 1782880?1626718433 第 1 次 等待 3 秒
2021-07-20 02:13:58 CHB 1782880?1626718433 第 1 次 获取到号码【1782880】GSD
2021-07-20 02:13:58 获取到号码【1782880】的GSD为【四川-自贡】
2021-07-20 02:14:16 GSD insert 第 1 次 等待 3 秒
2021-07-20 02:14:19 {"status":"ok","gid":332137,"msg":"添加成功！"}
2021-07-20 02:14:19 下次操作: 2021-07-20 02:14:36

2021-07-20 02:14:36 开始第 32 次操作

2021-07-20 02:14:36 开始操作号码 【1782879】
2021-07-20 02:14:38 GSD getOne 第 1 次 等待 3 秒
2021-07-20 02:14:41 查询号码 【1782879】，返回信息 {"status":"ok","msg":"四川-南充","gid":"31568","time_insert":"2015-10-17 22:21","time_update":"2020-11-01 01:27"}
2021-07-20 02:14:42 查询号码 【1782879】，GSD为【"四川-南充"】

2021-07-20 02:14:42 开始第 32 次操作

2021-07-20 02:14:42 开始操作号码 【1782878】
2021-07-20 02:15:01 GSD getOne 第 1 次 等待 3 秒
2021-07-20 02:15:04 查询号码 【1782878】，返回信息 {"status":"ok","msg":"四川-南充","gid":"31567","time_insert":"2019-03-17 14:50","time_update":"2020-11-01 01:24"}
2021-07-20 02:15:04 查询号码 【1782878】，GSD为【"四川-南充"】

2021-07-20 02:15:04 开始第 32 次操作

2021-07-20 02:15:04 开始操作号码 【1782877】
2021-07-20 02:15:26 GSD getOne 第 1 次 等待 3 秒
2021-07-20 02:15:29 查询号码 【1782877】，返回信息 {"status":"ok","msg":"四川-南充","gid":"31566","time_insert":"2018-02-26 21:20","time_update":"2020-11-01 01:19"}
2021-07-20 02:15:29 查询号码 【1782877】，GSD为【"四川-南充"】

2021-07-20 02:15:29 开始第 32 次操作

2021-07-20 02:15:29 开始操作号码 【1782876】
2021-07-20 02:15:47 GSD getOne 第 1 次 等待 3 秒
2021-07-20 02:15:50 查询号码 【1782876】，返回信息 {"status":"ok","msg":"四川-南充","gid":"31565","time_insert":"2015-12-30 23:46","time_update":"2020-11-01 01:16"}
2021-07-20 02:15:50 查询号码 【1782876】，GSD为【"四川-南充"】

2021-07-20 02:15:50 开始第 32 次操作

2021-07-20 02:15:50 开始操作号码 【1782875】
2021-07-20 02:16:08 GSD getOne 第 1 次 等待 3 秒
2021-07-20 02:16:11 查询号码 【1782875】，返回信息 {"status":"ok","msg":"四川-南充","gid":"31564","time_insert":"2019-04-18 17:36","time_update":"2020-11-01 01:12"}
2021-07-20 02:16:11 查询号码 【1782875】，GSD为【"四川-南充"】

2021-07-20 02:16:11 开始第 32 次操作

2021-07-20 02:16:11 开始操作号码 【1782874】
2021-07-20 02:16:29 GSD getOne 第 1 次 等待 3 秒
2021-07-20 02:16:32 查询号码 【1782874】，返回信息 {"status":"bad","msg":""}
2021-07-20 02:16:32 查询号码 【1782874】，GSD为【""】
2021-07-20 02:16:32 bad
2021-07-20 02:16:33 CHB 1782874?1626718592 第 1 次 等待 3 秒
2021-07-20 02:16:36 CHB 1782874?1626718592 第 1 次 获取到号码【1782874】GSD
2021-07-20 02:16:36 获取到号码【1782874】的GSD为【四川-资阳】
2021-07-20 02:16:54 GSD insert 第 1 次 等待 3 秒
2021-07-20 02:16:57 {"status":"ok","gid":332151,"msg":"添加成功！"}
2021-07-20 02:16:57 下次操作: 2021-07-20 02:17:13

2021-07-20 02:17:13 开始第 33 次操作

2021-07-20 02:17:13 开始操作号码 【1782873】
2021-07-20 02:17:16 GSD getOne 第 1 次 等待 3 秒
2021-07-20 02:17:19 查询号码 【1782873】，返回信息 {"status":"ok","msg":"四川-资阳","gid":"31563","time_insert":"2018-06-19 17:36","time_update":"2020-11-01 01:09"}
2021-07-20 02:17:19 查询号码 【1782873】，GSD为【"四川-资阳"】

2021-07-20 02:17:19 开始第 33 次操作

2021-07-20 02:17:19 开始操作号码 【1782872】
2021-07-20 02:17:37 GSD getOne 第 1 次 等待 3 秒
2021-07-20 02:17:40 查询号码 【1782872】，返回信息 {"status":"bad","msg":""}
2021-07-20 02:17:40 查询号码 【1782872】，GSD为【""】
2021-07-20 02:17:40 bad
2021-07-20 02:17:43 CHB 1782872?1626718660 第 1 次 等待 3 秒
2021-07-20 02:17:46 CHB 1782872?1626718660 第 1 次 获取到号码【1782872】GSD
2021-07-20 02:17:46 获取到号码【1782872】的GSD为【四川-资阳】
2021-07-20 02:17:56 GSD insert 第 1 次 等待 3 秒
2021-07-20 02:17:59 {"status":"ok","gid":332157,"msg":"添加成功！"}
2021-07-20 02:18:00 下次操作: 2021-07-20 02:18:18

2021-07-20 02:18:18 开始第 34 次操作

2021-07-20 02:18:18 开始操作号码 【1782871】
2021-07-20 02:18:20 GSD getOne 第 1 次 等待 3 秒
2021-07-20 02:18:23 查询号码 【1782871】，返回信息 {"status":"bad","msg":""}
2021-07-20 02:18:23 查询号码 【1782871】，GSD为【""】
2021-07-20 02:18:23 bad
2021-07-20 02:18:25 CHB 1782871?1626718703 第 1 次 等待 3 秒
2021-07-20 02:18:28 CHB 1782871?1626718703 第 1 次 获取到号码【1782871】GSD
2021-07-20 02:18:28 获取到号码【1782871】的GSD为【四川-资阳】
2021-07-20 02:18:49 GSD insert 第 1 次 等待 3 秒
2021-07-20 02:18:52 {"status":"ok","gid":332159,"msg":"添加成功！"}
2021-07-20 02:18:52 下次操作: 2021-07-20 02:19:16

2021-07-20 02:19:16 开始第 35 次操作

2021-07-20 02:19:16 开始操作号码 【1782870】
2021-07-20 02:19:18 GSD getOne 第 1 次 等待 3 秒
2021-07-20 02:19:21 查询号码 【1782870】，返回信息 {"status":"ok","msg":"四川-资阳","gid":"31562","time_insert":"2018-11-28 22:38","time_update":"2020-11-01 01:04"}
2021-07-20 02:19:21 查询号码 【1782870】，GSD为【"四川-资阳"】

2021-07-20 02:19:21 开始第 35 次操作

2021-07-20 02:19:21 开始操作号码 【1782869】
2021-07-20 02:19:39 GSD getOne 第 1 次 等待 3 秒
2021-07-20 02:19:42 查询号码 【1782869】，返回信息 {"status":"bad","msg":""}
2021-07-20 02:19:42 查询号码 【1782869】，GSD为【""】
2021-07-20 02:19:42 bad
2021-07-20 02:19:44 CHB 1782869?1626718782 第 1 次 等待 3 秒
2021-07-20 02:19:47 CHB 1782869?1626718782 第 1 次 获取到号码【1782869】GSD
2021-07-20 02:19:47 获取到号码【1782869】的GSD为【四川-乐山】
2021-07-20 02:20:05 GSD insert 第 1 次 等待 3 秒
2021-07-20 02:20:08 {"status":"ok","gid":332161,"msg":"添加成功！"}
2021-07-20 02:20:08 下次操作: 2021-07-20 02:20:22

2021-07-20 02:20:22 开始第 36 次操作

2021-07-20 02:20:22 开始操作号码 【1782868】
2021-07-20 02:20:25 GSD getOne 第 1 次 等待 3 秒
2021-07-20 02:20:28 查询号码 【1782868】，返回信息 {"status":"bad","msg":""}
2021-07-20 02:20:28 查询号码 【1782868】，GSD为【""】
2021-07-20 02:20:28 bad
2021-07-20 02:20:29 CHB 1782868?1626718828 第 1 次 等待 3 秒
2021-07-20 02:20:32 CHB 1782868?1626718828 第 1 次 获取到号码【1782868】GSD
2021-07-20 02:20:32 获取到号码【1782868】的GSD为【四川-乐山】
2021-07-20 02:20:50 GSD insert 第 1 次 等待 3 秒
2021-07-20 02:20:53 {"status":"ok","gid":332164,"msg":"添加成功！"}
2021-07-20 02:20:53 下次操作: 2021-07-20 02:21:10

2021-07-20 02:21:10 开始第 37 次操作

2021-07-20 02:21:10 开始操作号码 【1782867】
2021-07-20 02:21:14 GSD getOne 第 1 次 等待 3 秒
2021-07-20 02:21:17 查询号码 【1782867】，返回信息 {"status":"bad","msg":""}
2021-07-20 02:21:17 查询号码 【1782867】，GSD为【""】
2021-07-20 02:21:17 bad
2021-07-20 02:21:18 CHB 1782867?1626718877 第 1 次 等待 3 秒
2021-07-20 02:21:21 CHB 1782867?1626718877 第 1 次 获取到号码【1782867】GSD
2021-07-20 02:21:21 获取到号码【1782867】的GSD为【四川-绵阳】
2021-07-20 02:21:39 GSD insert 第 1 次 等待 3 秒
2021-07-20 02:21:42 {"status":"ok","gid":332166,"msg":"添加成功！"}
2021-07-20 02:21:42 下次操作: 2021-07-20 02:21:59

2021-07-20 02:21:59 开始第 38 次操作

2021-07-20 02:21:59 开始操作号码 【1782866】
2021-07-20 02:22:02 GSD getOne 第 1 次 等待 3 秒
2021-07-20 02:22:05 查询号码 【1782866】，返回信息 {"status":"bad","msg":""}
2021-07-20 02:22:05 查询号码 【1782866】，GSD为【""】
2021-07-20 02:22:05 bad
2021-07-20 02:22:07 CHB 1782866?1626718925 第 1 次 等待 3 秒
2021-07-20 02:22:10 CHB 1782866?1626718925 第 1 次 获取到号码【1782866】GSD
2021-07-20 02:22:10 获取到号码【1782866】的GSD为【四川-绵阳】
2021-07-20 02:22:28 GSD insert 第 1 次 等待 3 秒
2021-07-20 02:22:31 {"status":"ok","gid":332167,"msg":"添加成功！"}
2021-07-20 02:22:31 下次操作: 2021-07-20 02:22:51

2021-07-20 02:22:51 开始第 39 次操作

2021-07-20 02:22:51 开始操作号码 【1782865】
2021-07-20 02:22:53 GSD getOne 第 1 次 等待 3 秒
2021-07-20 02:22:56 查询号码 【1782865】，返回信息 {"status":"bad","msg":""}
2021-07-20 02:22:56 查询号码 【1782865】，GSD为【""】
2021-07-20 02:22:56 bad
2021-07-20 02:22:58 CHB 1782865?1626718976 第 1 次 等待 3 秒
2021-07-20 02:23:01 CHB 1782865?1626718976 第 1 次 获取到号码【1782865】GSD
2021-07-20 02:23:01 获取到号码【1782865】的GSD为【四川-绵阳】
2021-07-20 02:23:19 GSD insert 第 1 次 等待 3 秒
2021-07-20 02:23:22 {"status":"ok","gid":332168,"msg":"添加成功！"}
2021-07-20 02:23:22 下次操作: 2021-07-20 02:23:42

2021-07-20 02:23:42 开始第 40 次操作

2021-07-20 02:23:42 开始操作号码 【1782864】
2021-07-20 02:23:45 GSD getOne 第 1 次 等待 3 秒
2021-07-20 02:23:48 查询号码 【1782864】，返回信息 {"status":"ok","msg":"四川-广安","gid":"31561","time_insert":"2018-06-08 13:14","time_update":"2020-11-01 01:00"}
2021-07-20 02:23:48 查询号码 【1782864】，GSD为【"四川-广安"】

2021-07-20 02:23:48 开始第 40 次操作

2021-07-20 02:23:48 开始操作号码 【1782863】
2021-07-20 02:24:07 GSD getOne 第 1 次 等待 3 秒
2021-07-20 02:24:10 查询号码 【1782863】，返回信息 {"status":"bad","msg":""}
2021-07-20 02:24:10 查询号码 【1782863】，GSD为【""】
2021-07-20 02:24:10 bad
2021-07-20 02:24:11 CHB 1782863?1626719050 第 1 次 等待 3 秒
2021-07-20 02:24:14 CHB 1782863?1626719050 第 1 次 获取到号码【1782863】GSD
2021-07-20 02:24:14 获取到号码【1782863】的GSD为【四川-广安】
2021-07-20 02:24:32 GSD insert 第 1 次 等待 3 秒
2021-07-20 02:24:35 {"status":"ok","gid":332176,"msg":"添加成功！"}

