2024-11-08 00:26:17 开始第 3609 次操作

2024-11-08 00:26:17 开始操作号码 【1323608】
2024-11-08 00:26:19 GSD getOne 第 1 次 等待 3 秒
2024-11-08 00:26:22 查询号码 【1323608】，返回信息 {"status":"ok","msg":"江苏-南通","gid":"130207","time_insert":"2021-06-26 04:06"}
2024-11-08 00:26:22 查询号码 【1323608】，GSD为【"江苏-南通"】

2024-11-08 00:26:23 开始第 3610 次操作

2024-11-08 00:26:23 开始操作号码 【1323609】
2024-11-08 00:26:24 GSD getOne 第 1 次 等待 3 秒
2024-11-08 00:26:27 查询号码 【1323609】，返回信息 {"status":"ok","msg":"江苏-南通","gid":"130228","time_insert":"2021-06-26 04:21"}
2024-11-08 00:26:28 查询号码 【1323609】，GSD为【"江苏-南通"】

2024-11-08 00:26:29 开始第 3611 次操作

2024-11-08 00:26:29 开始操作号码 【1323610】
2024-11-08 00:26:30 GSD getOne 第 1 次 等待 3 秒
2024-11-08 00:26:33 查询号码 【1323610】，返回信息 {"status":"ok","msg":"江苏-盐城","gid":"130263","time_insert":"2021-06-26 04:41"}
2024-11-08 00:26:33 查询号码 【1323610】，GSD为【"江苏-盐城"】

2024-11-08 00:26:34 开始第 3612 次操作

2024-11-08 00:26:34 开始操作号码 【1323611】
2024-11-08 00:26:36 GSD getOne 第 1 次 等待 3 秒
2024-11-08 00:26:39 查询号码 【1323611】，返回信息 {"status":"ok","msg":"江苏-盐城","gid":"130388","time_insert":"2021-06-26 05:02"}
2024-11-08 00:26:39 查询号码 【1323611】，GSD为【"江苏-盐城"】

