2024-02-24 00:12:33 开始第 5501 次操作

2024-02-24 00:12:33 开始操作号码 【1755394】
2024-02-24 00:12:38 GSD getOne 第 1 次 等待 3 秒
2024-02-24 00:12:41 查询号码 【1755394】，返回信息 {"status":"ok","msg":"山东-临沂","gid":"192539","time_insert":"2021-07-04 19:40"}
2024-02-24 00:12:41 查询号码 【1755394】，GSD为【"山东-临沂"】

2024-02-24 00:12:42 开始第 5502 次操作

2024-02-24 00:12:42 开始操作号码 【1755395】
2024-02-24 00:12:46 GSD getOne 第 1 次 等待 3 秒
2024-02-24 00:12:49 查询号码 【1755395】，返回信息 {"status":"ok","msg":"山东-临沂","gid":"192553","time_insert":"2021-07-04 19:41"}
2024-02-24 00:12:49 查询号码 【1755395】，GSD为【"山东-临沂"】

2024-02-24 00:12:50 开始第 5503 次操作

2024-02-24 00:12:50 开始操作号码 【1755396】
2024-02-24 00:12:55 GSD getOne 第 1 次 等待 3 秒
2024-02-24 00:12:58 查询号码 【1755396】，返回信息 {"status":"ok","msg":"山东-临沂","gid":"192563","time_insert":"2021-07-04 19:41"}
2024-02-24 00:12:58 查询号码 【1755396】，GSD为【"山东-临沂"】

2024-02-24 00:12:59 开始第 5504 次操作

2024-02-24 00:12:59 开始操作号码 【1755397】
2024-02-24 00:13:04 GSD getOne 第 1 次 等待 3 秒
2024-02-24 00:13:07 查询号码 【1755397】，返回信息 {"status":"ok","msg":"山东-临沂","gid":"192574","time_insert":"2021-07-04 19:42"}
2024-02-24 00:13:07 查询号码 【1755397】，GSD为【"山东-临沂"】

