2024-04-03 00:13:46 开始第 1661 次操作

2024-04-03 00:13:46 开始操作号码 【1641555】
2024-04-03 00:13:51 GSD getOne 第 1 次 等待 3 秒
2024-04-03 00:13:54 查询号码 【1641555】，返回信息 {"status":"ok","msg":"-","gid":"544204","time_insert":"2023-02-21 05:11"}
2024-04-03 00:13:54 查询号码 【1641555】，GSD为【"-"】
2024-04-03 00:13:54 ok && -
2024-04-03 00:13:57 CHB 1641555?1712074434 第 1 次 等待 3 秒
2024-04-03 00:14:00 CHB 1641555?1712074434 第 1 次 获取到号码【1641555】GSD
2024-04-03 00:14:00 未获取到号码【1641555】GSD，可能号码格式错误
2024-04-03 00:14:00 获取到号码【1641555】的GSD为【-】
2024-04-03 00:14:05 GSD insert 第 1 次 等待 3 秒
2024-04-03 00:14:08 {"status":"bad","gid":"544204","msg":"添加失败！号码【1641555(-|-)】已存在！"}
2024-04-03 00:14:08 随机等待 195 秒，约 3 分钟
2024-04-03 00:14:08 下次操作: 2024-04-03 00:17:23

2024-04-03 00:17:23 开始第 1662 次操作

2024-04-03 00:17:23 开始操作号码 【1641556】
2024-04-03 00:17:28 GSD getOne 第 1 次 等待 3 秒
2024-04-03 00:17:31 查询号码 【1641556】，返回信息 {"status":"ok","msg":"-","gid":"544225","time_insert":"2023-02-21 05:25"}
2024-04-03 00:17:31 查询号码 【1641556】，GSD为【"-"】
2024-04-03 00:17:31 ok && -
2024-04-03 00:17:34 CHB 1641556?1712074651 第 1 次 等待 3 秒
2024-04-03 00:17:37 CHB 1641556?1712074651 第 1 次 获取到号码【1641556】GSD
2024-04-03 00:17:37 未获取到号码【1641556】GSD，可能号码格式错误
2024-04-03 00:17:37 获取到号码【1641556】的GSD为【-】
2024-04-03 00:17:41 GSD insert 第 1 次 等待 3 秒
2024-04-03 00:17:44 {"status":"bad","gid":"544225","msg":"添加失败！号码【1641556(-|-)】已存在！"}
2024-04-03 00:17:44 随机等待 107 秒，约 1 分钟
2024-04-03 00:17:44 下次操作: 2024-04-03 00:19:31

2024-04-03 00:19:31 开始第 1663 次操作

2024-04-03 00:19:31 开始操作号码 【1641557】
2024-04-03 00:19:36 GSD getOne 第 1 次 等待 3 秒
2024-04-03 00:19:39 查询号码 【1641557】，返回信息 {"status":"ok","msg":"-","gid":"544252","time_insert":"2023-02-21 05:39"}
2024-04-03 00:19:39 查询号码 【1641557】，GSD为【"-"】
2024-04-03 00:19:39 ok && -
2024-04-03 00:19:41 CHB 1641557?1712074779 第 1 次 等待 3 秒
2024-04-03 00:19:45 CHB 1641557?1712074779 第 1 次 获取到号码【1641557】GSD
2024-04-03 00:19:45 未获取到号码【1641557】GSD，可能号码格式错误
2024-04-03 00:19:45 获取到号码【1641557】的GSD为【-】
2024-04-03 00:19:49 GSD insert 第 1 次 等待 3 秒
2024-04-03 00:19:52 {"status":"bad","gid":"544252","msg":"添加失败！号码【1641557(-|-)】已存在！"}
2024-04-03 00:19:52 随机等待 66 秒，约 1 分钟
2024-04-03 00:19:52 下次操作: 2024-04-03 00:20:58

2024-04-03 00:20:58 开始第 1664 次操作

2024-04-03 00:20:58 开始操作号码 【1641558】
2024-04-03 00:21:03 GSD getOne 第 1 次 等待 3 秒
2024-04-03 00:21:06 查询号码 【1641558】，返回信息 {"status":"ok","msg":"-","gid":"544286","time_insert":"2023-02-21 05:57"}
2024-04-03 00:21:07 查询号码 【1641558】，GSD为【"-"】
2024-04-03 00:21:07 ok && -
2024-04-03 00:26:07 CHB 1641558?1712074867 第 1 次 等待 3 秒
2024-04-03 00:26:10 CHB 1641558?1712074867 第 1 次 未获取到 等待 218 秒 下次操作: 2024-04-03 00:29:48
2024-04-03 00:29:50 CHB 1641558?1712075388 第 2 次 等待 3 秒
2024-04-03 00:29:53 CHB 1641558?1712075388 第 2 次 获取到号码【1641558】GSD
2024-04-03 00:29:53 未获取到号码【1641558】GSD，可能号码格式错误
2024-04-03 00:29:53 获取到号码【1641558】的GSD为【-】
2024-04-03 00:29:58 GSD insert 第 1 次 等待 3 秒
2024-04-03 00:30:01 {"status":"bad","gid":"544286","msg":"添加失败！号码【1641558(-|-)】已存在！"}

2024-04-03 00:36:59 开始第 1665 次操作

2024-04-03 00:36:59 开始操作号码 【1641559】
2024-04-03 00:37:04 GSD getOne 第 1 次 等待 3 秒
2024-04-03 00:37:07 查询号码 【1641559】，返回信息 {"status":"ok","msg":"-","gid":"544313","time_insert":"2023-02-21 06:14"}
2024-04-03 00:37:07 查询号码 【1641559】，GSD为【"-"】
2024-04-03 00:37:07 ok && -
2024-04-03 00:37:09 CHB 1641559?1712075827 第 1 次 等待 3 秒
2024-04-03 00:37:12 CHB 1641559?1712075827 第 1 次 获取到号码【1641559】GSD
2024-04-03 00:37:12 未获取到号码【1641559】GSD，可能号码格式错误
2024-04-03 00:37:12 获取到号码【1641559】的GSD为【-】
2024-04-03 00:37:19 GSD insert 第 1 次 等待 3 秒
2024-04-03 00:37:22 {"status":"bad","gid":"544313","msg":"添加失败！号码【1641559(-|-)】已存在！"}
2024-04-03 00:37:22 随机等待 203 秒，约 3 分钟
2024-04-03 00:37:22 下次操作: 2024-04-03 00:40:45

2024-04-03 00:40:45 开始第 1666 次操作

2024-04-03 00:40:45 开始操作号码 【1641560】
2024-04-03 00:40:49 GSD getOne 第 1 次 等待 3 秒
2024-04-03 00:40:52 查询号码 【1641560】，返回信息 {"status":"ok","msg":"-","gid":"544332","time_insert":"2023-02-21 06:27"}
2024-04-03 00:40:52 查询号码 【1641560】，GSD为【"-"】
2024-04-03 00:40:52 ok && -
2024-04-03 00:40:58 CHB 1641560?1712076052 第 1 次 等待 3 秒
2024-04-03 00:41:01 CHB 1641560?1712076052 第 1 次 获取到号码【1641560】GSD
2024-04-03 00:41:01 未获取到号码【1641560】GSD，可能号码格式错误
2024-04-03 00:41:01 获取到号码【1641560】的GSD为【-】
2024-04-03 00:41:06 GSD insert 第 1 次 等待 3 秒
2024-04-03 00:41:09 {"status":"bad","gid":"544332","msg":"添加失败！号码【1641560(-|-)】已存在！"}
2024-04-03 00:41:09 随机等待 128 秒，约 2 分钟
2024-04-03 00:41:09 下次操作: 2024-04-03 00:43:17

2024-04-03 00:43:17 开始第 1667 次操作

2024-04-03 00:43:17 开始操作号码 【1641561】
2024-04-03 00:43:22 GSD getOne 第 1 次 等待 3 秒
2024-04-03 00:43:25 查询号码 【1641561】，返回信息 {"status":"ok","msg":"-","gid":"544366","time_insert":"2023-02-21 06:46"}
2024-04-03 00:43:25 查询号码 【1641561】，GSD为【"-"】
2024-04-03 00:43:25 ok && -
2024-04-03 00:43:27 CHB 1641561?1712076205 第 1 次 等待 3 秒
2024-04-03 00:43:30 CHB 1641561?1712076205 第 1 次 获取到号码【1641561】GSD
2024-04-03 00:43:30 未获取到号码【1641561】GSD，可能号码格式错误
2024-04-03 00:43:30 获取到号码【1641561】的GSD为【-】
2024-04-03 00:43:36 GSD insert 第 1 次 等待 3 秒
2024-04-03 00:43:39 {"status":"bad","gid":"544366","msg":"添加失败！号码【1641561(-|-)】已存在！"}
2024-04-03 00:43:39 随机等待 108 秒，约 1 分钟
2024-04-03 00:43:39 下次操作: 2024-04-03 00:45:27

2024-04-03 00:45:27 开始第 1668 次操作

2024-04-03 00:45:27 开始操作号码 【1641562】
2024-04-03 00:45:33 GSD getOne 第 1 次 等待 3 秒
2024-04-03 00:45:36 查询号码 【1641562】，返回信息 {"status":"ok","msg":"-","gid":"544396","time_insert":"2023-02-21 07:02"}
2024-04-03 00:45:36 查询号码 【1641562】，GSD为【"-"】
2024-04-03 00:45:36 ok && -
2024-04-03 00:45:38 CHB 1641562?1712076336 第 1 次 等待 3 秒
2024-04-03 00:45:41 CHB 1641562?1712076336 第 1 次 获取到号码【1641562】GSD
2024-04-03 00:45:41 未获取到号码【1641562】GSD，可能号码格式错误
2024-04-03 00:45:41 获取到号码【1641562】的GSD为【-】
2024-04-03 00:45:45 GSD insert 第 1 次 等待 3 秒
2024-04-03 00:45:48 {"status":"bad","gid":"544396","msg":"添加失败！号码【1641562(-|-)】已存在！"}

2024-04-03 01:11:47 开始第 1669 次操作

2024-04-03 01:11:47 开始操作号码 【1641563】
2024-04-03 01:11:52 GSD getOne 第 1 次 等待 3 秒
2024-04-03 01:11:55 查询号码 【1641563】，返回信息 {"status":"ok","msg":"-","gid":"544424","time_insert":"2023-02-21 07:21"}
2024-04-03 01:11:55 查询号码 【1641563】，GSD为【"-"】
2024-04-03 01:11:55 ok && -
2024-04-03 01:12:01 CHB 1641563?1712077915 第 1 次 等待 3 秒
2024-04-03 01:12:04 CHB 1641563?1712077915 第 1 次 获取到号码【1641563】GSD
2024-04-03 01:12:04 未获取到号码【1641563】GSD，可能号码格式错误
2024-04-03 01:12:04 获取到号码【1641563】的GSD为【-】
2024-04-03 01:12:09 GSD insert 第 1 次 等待 3 秒
2024-04-03 01:12:12 {"status":"bad","gid":"544424","msg":"添加失败！号码【1641563(-|-)】已存在！"}
2024-04-03 01:12:12 随机等待 83 秒，约 1 分钟
2024-04-03 01:12:12 下次操作: 2024-04-03 01:13:35

2024-04-03 01:13:35 开始第 1670 次操作

2024-04-03 01:13:35 开始操作号码 【1641564】
2024-04-03 01:13:39 GSD getOne 第 1 次 等待 3 秒
2024-04-03 01:13:42 查询号码 【1641564】，返回信息 {"status":"ok","msg":"-","gid":"544449","time_insert":"2023-02-21 07:36"}
2024-04-03 01:13:42 查询号码 【1641564】，GSD为【"-"】
2024-04-03 01:13:42 ok && -
2024-04-03 01:13:45 CHB 1641564?1712078022 第 1 次 等待 3 秒
2024-04-03 01:13:48 CHB 1641564?1712078022 第 1 次 获取到号码【1641564】GSD
2024-04-03 01:13:48 未获取到号码【1641564】GSD，可能号码格式错误
2024-04-03 01:13:48 获取到号码【1641564】的GSD为【-】
2024-04-03 01:13:52 GSD insert 第 1 次 等待 3 秒
2024-04-03 01:13:55 {"status":"bad","gid":"544449","msg":"添加失败！号码【1641564(-|-)】已存在！"}
2024-04-03 01:13:55 随机等待 84 秒，约 1 分钟
2024-04-03 01:13:55 下次操作: 2024-04-03 01:15:19

2024-04-03 01:15:19 开始第 1671 次操作

2024-04-03 01:15:19 开始操作号码 【1641565】
2024-04-03 01:15:24 GSD getOne 第 1 次 等待 3 秒
2024-04-03 01:15:27 查询号码 【1641565】，返回信息 {"status":"ok","msg":"-","gid":"544467","time_insert":"2023-02-21 07:46"}
2024-04-03 01:15:27 查询号码 【1641565】，GSD为【"-"】
2024-04-03 01:15:27 ok && -
2024-04-03 01:15:29 CHB 1641565?1712078127 第 1 次 等待 3 秒
2024-04-03 01:15:32 CHB 1641565?1712078127 第 1 次 获取到号码【1641565】GSD
2024-04-03 01:15:32 未获取到号码【1641565】GSD，可能号码格式错误
2024-04-03 01:15:32 获取到号码【1641565】的GSD为【-】
2024-04-03 01:15:37 GSD insert 第 1 次 等待 3 秒
2024-04-03 01:15:40 {"status":"bad","gid":"544467","msg":"添加失败！号码【1641565(-|-)】已存在！"}
2024-04-03 01:15:40 随机等待 185 秒，约 3 分钟
2024-04-03 01:15:40 下次操作: 2024-04-03 01:18:45

2024-04-03 01:18:45 开始第 1672 次操作

2024-04-03 01:18:45 开始操作号码 【1641566】
2024-04-03 01:18:50 GSD getOne 第 1 次 等待 3 秒
2024-04-03 01:18:53 查询号码 【1641566】，返回信息 {"status":"ok","msg":"-","gid":"544493","time_insert":"2023-02-21 07:59"}
2024-04-03 01:18:53 查询号码 【1641566】，GSD为【"-"】
2024-04-03 01:18:53 ok && -
2024-04-03 01:18:55 CHB 1641566?1712078333 第 1 次 等待 3 秒
2024-04-03 01:18:58 CHB 1641566?1712078333 第 1 次 获取到号码【1641566】GSD
2024-04-03 01:18:58 未获取到号码【1641566】GSD，可能号码格式错误
2024-04-03 01:18:58 获取到号码【1641566】的GSD为【-】
2024-04-03 01:19:03 GSD insert 第 1 次 等待 3 秒
2024-04-03 01:19:06 {"status":"bad","gid":"544493","msg":"添加失败！号码【1641566(-|-)】已存在！"}

