2023-11-01 00:13:52 开始第 6321 次操作

2023-11-01 00:13:52 开始操作号码 【1966225】
2023-11-01 00:13:56 GSD getOne 第 1 次 等待 3 秒
2023-11-01 00:13:59 查询号码 【1966225】，返回信息 {"status":"ok","msg":"-","gid":"573633","time_insert":"2023-03-06 14:00"}
2023-11-01 00:13:59 查询号码 【1966225】，GSD为【"-"】
2023-11-01 00:13:59 ok && -
2023-11-01 00:14:03 CHB 1966225?1698768839 第 1 次 等待 3 秒
2023-11-01 00:14:06 CHB 1966225?1698768839 第 1 次 获取到号码【1966225】GSD
2023-11-01 00:14:06 未获取到号码【1966225】GSD，可能号码格式错误
2023-11-01 00:14:06 获取到号码【1966225】的GSD为【-】
2023-11-01 00:14:09 GSD insert 第 1 次 等待 3 秒
2023-11-01 00:14:12 {"status":"bad","gid":"573633","msg":"添加失败！号码【1966225(-|-)】已存在！"}
2023-11-01 00:14:12 随机等待 158 秒，约 2 分钟
2023-11-01 00:14:12 下次操作: 2023-11-01 00:16:50

2023-11-01 00:16:50 开始第 6322 次操作

2023-11-01 00:16:50 开始操作号码 【1966226】
2023-11-01 00:16:53 GSD getOne 第 1 次 等待 3 秒
2023-11-01 00:16:56 查询号码 【1966226】，返回信息 {"status":"ok","msg":"-","gid":"573646","time_insert":"2023-03-06 14:13"}
2023-11-01 00:16:56 查询号码 【1966226】，GSD为【"-"】
2023-11-01 00:16:56 ok && -
2023-11-01 00:16:59 CHB 1966226?1698769016 第 1 次 等待 3 秒
2023-11-01 00:17:02 CHB 1966226?1698769016 第 1 次 获取到号码【1966226】GSD
2023-11-01 00:17:02 未获取到号码【1966226】GSD，可能号码格式错误
2023-11-01 00:17:02 获取到号码【1966226】的GSD为【-】
2023-11-01 00:17:08 GSD insert 第 1 次 等待 3 秒
2023-11-01 00:17:11 {"status":"bad","gid":"573646","msg":"添加失败！号码【1966226(-|-)】已存在！"}
2023-11-01 00:17:11 随机等待 67 秒，约 1 分钟
2023-11-01 00:17:11 下次操作: 2023-11-01 00:18:18

2023-11-01 00:18:18 开始第 6323 次操作

2023-11-01 00:18:18 开始操作号码 【1966227】
2023-11-01 00:18:21 GSD getOne 第 1 次 等待 3 秒
2023-11-01 00:18:24 查询号码 【1966227】，返回信息 {"status":"ok","msg":"-","gid":"573649","time_insert":"2023-03-06 14:16"}
2023-11-01 00:18:24 查询号码 【1966227】，GSD为【"-"】
2023-11-01 00:18:24 ok && -
2023-11-01 00:18:30 CHB 1966227?1698769104 第 1 次 等待 3 秒
2023-11-01 00:18:33 CHB 1966227?1698769104 第 1 次 获取到号码【1966227】GSD
2023-11-01 00:18:33 未获取到号码【1966227】GSD，可能号码格式错误
2023-11-01 00:18:33 获取到号码【1966227】的GSD为【-】
2023-11-01 00:18:36 GSD insert 第 1 次 等待 3 秒
2023-11-01 00:18:40 {"status":"bad","gid":"573649","msg":"添加失败！号码【1966227(-|-)】已存在！"}
2023-11-01 00:18:40 随机等待 192 秒，约 3 分钟
2023-11-01 00:18:40 下次操作: 2023-11-01 00:21:52

2023-11-01 00:21:52 开始第 6324 次操作

2023-11-01 00:21:52 开始操作号码 【1966228】
2023-11-01 00:21:55 GSD getOne 第 1 次 等待 3 秒
2023-11-01 00:21:58 查询号码 【1966228】，返回信息 {"status":"ok","msg":"-","gid":"573653","time_insert":"2023-03-06 14:19"}
2023-11-01 00:21:58 查询号码 【1966228】，GSD为【"-"】
2023-11-01 00:21:58 ok && -
2023-11-01 00:22:03 CHB 1966228?1698769318 第 1 次 等待 3 秒
2023-11-01 00:22:06 CHB 1966228?1698769318 第 1 次 获取到号码【1966228】GSD
2023-11-01 00:22:06 未获取到号码【1966228】GSD，可能号码格式错误
2023-11-01 00:22:06 获取到号码【1966228】的GSD为【-】
2023-11-01 00:22:09 GSD insert 第 1 次 等待 3 秒
2023-11-01 00:22:12 {"status":"bad","gid":"573653","msg":"添加失败！号码【1966228(-|-)】已存在！"}

2023-11-01 00:38:05 开始第 6325 次操作

2023-11-01 00:38:05 开始操作号码 【1966229】
2023-11-01 00:38:08 GSD getOne 第 1 次 等待 3 秒
2023-11-01 00:38:11 查询号码 【1966229】，返回信息 {"status":"ok","msg":"-","gid":"573660","time_insert":"2023-03-06 14:22"}
2023-11-01 00:38:11 查询号码 【1966229】，GSD为【"-"】
2023-11-01 00:38:11 ok && -
2023-11-01 00:38:14 CHB 1966229?1698770291 第 1 次 等待 3 秒
2023-11-01 00:38:17 CHB 1966229?1698770291 第 1 次 获取到号码【1966229】GSD
2023-11-01 00:38:17 未获取到号码【1966229】GSD，可能号码格式错误
2023-11-01 00:38:17 获取到号码【1966229】的GSD为【-】
2023-11-01 00:38:23 GSD insert 第 1 次 等待 3 秒
2023-11-01 00:38:26 {"status":"bad","gid":"573660","msg":"添加失败！号码【1966229(-|-)】已存在！"}
2023-11-01 00:38:26 随机等待 161 秒，约 2 分钟
2023-11-01 00:38:26 下次操作: 2023-11-01 00:41:07

2023-11-01 00:41:08 开始第 6326 次操作

2023-11-01 00:41:08 开始操作号码 【1966230】
2023-11-01 00:41:14 GSD getOne 第 1 次 等待 3 秒
2023-11-01 00:41:17 查询号码 【1966230】，返回信息 {"status":"ok","msg":"-","gid":"573675","time_insert":"2023-03-06 14:34"}
2023-11-01 00:41:17 查询号码 【1966230】，GSD为【"-"】
2023-11-01 00:41:17 ok && -
2023-11-01 00:41:20 CHB 1966230?1698770477 第 1 次 等待 3 秒
2023-11-01 00:41:23 CHB 1966230?1698770477 第 1 次 获取到号码【1966230】GSD
2023-11-01 00:41:23 未获取到号码【1966230】GSD，可能号码格式错误
2023-11-01 00:41:23 获取到号码【1966230】的GSD为【-】
2023-11-01 00:41:27 GSD insert 第 1 次 等待 3 秒
2023-11-01 00:41:30 {"status":"bad","gid":"573675","msg":"添加失败！号码【1966230(-|-)】已存在！"}
2023-11-01 00:41:30 随机等待 81 秒，约 1 分钟
2023-11-01 00:41:30 下次操作: 2023-11-01 00:42:51

2023-11-01 00:42:51 开始第 6327 次操作

2023-11-01 00:42:51 开始操作号码 【1966231】
2023-11-01 00:42:57 GSD getOne 第 1 次 等待 3 秒
2023-11-01 00:43:00 查询号码 【1966231】，返回信息 {"status":"ok","msg":"-","gid":"573680","time_insert":"2023-03-06 14:37"}
2023-11-01 00:43:01 查询号码 【1966231】，GSD为【"-"】
2023-11-01 00:43:01 ok && -
2023-11-01 00:43:04 CHB 1966231?1698770581 第 1 次 等待 3 秒
2023-11-01 00:43:07 CHB 1966231?1698770581 第 1 次 获取到号码【1966231】GSD
2023-11-01 00:43:07 未获取到号码【1966231】GSD，可能号码格式错误
2023-11-01 00:43:07 获取到号码【1966231】的GSD为【-】
2023-11-01 00:43:11 GSD insert 第 1 次 等待 3 秒
2023-11-01 00:43:14 {"status":"bad","gid":"573680","msg":"添加失败！号码【1966231(-|-)】已存在！"}
2023-11-01 00:43:14 随机等待 171 秒，约 2 分钟
2023-11-01 00:43:14 下次操作: 2023-11-01 00:46:05

2023-11-01 00:46:05 开始第 6328 次操作

2023-11-01 00:46:05 开始操作号码 【1966232】
2023-11-01 00:46:09 GSD getOne 第 1 次 等待 3 秒
2023-11-01 00:46:12 查询号码 【1966232】，返回信息 {"status":"ok","msg":"-","gid":"573687","time_insert":"2023-03-06 14:40"}
2023-11-01 00:46:13 查询号码 【1966232】，GSD为【"-"】
2023-11-01 00:46:13 ok && -
2023-11-01 00:46:16 CHB 1966232?1698770773 第 1 次 等待 3 秒
2023-11-01 00:46:19 CHB 1966232?1698770773 第 1 次 获取到号码【1966232】GSD
2023-11-01 00:46:19 未获取到号码【1966232】GSD，可能号码格式错误
2023-11-01 00:46:19 获取到号码【1966232】的GSD为【-】
2023-11-01 00:46:22 GSD insert 第 1 次 等待 3 秒
2023-11-01 00:46:25 {"status":"bad","gid":"573687","msg":"添加失败！号码【1966232(-|-)】已存在！"}

2023-11-01 01:09:29 开始第 6329 次操作

2023-11-01 01:09:29 开始操作号码 【1966233】
2023-11-01 01:09:34 GSD getOne 第 1 次 等待 3 秒
2023-11-01 01:09:37 查询号码 【1966233】，返回信息 {"status":"ok","msg":"-","gid":"573690","time_insert":"2023-03-06 14:41"}
2023-11-01 01:09:37 查询号码 【1966233】，GSD为【"-"】
2023-11-01 01:09:37 ok && -
2023-11-01 01:09:39 CHB 1966233?1698772177 第 1 次 等待 3 秒
2023-11-01 01:09:42 CHB 1966233?1698772177 第 1 次 获取到号码【1966233】GSD
2023-11-01 01:09:42 未获取到号码【1966233】GSD，可能号码格式错误
2023-11-01 01:09:42 获取到号码【1966233】的GSD为【-】
2023-11-01 01:09:48 GSD insert 第 1 次 等待 3 秒
2023-11-01 01:09:51 {"status":"bad","gid":"573690","msg":"添加失败！号码【1966233(-|-)】已存在！"}
2023-11-01 01:09:51 随机等待 123 秒，约 2 分钟
2023-11-01 01:09:51 下次操作: 2023-11-01 01:11:54

2023-11-01 01:11:54 开始第 6330 次操作

2023-11-01 01:11:54 开始操作号码 【1966234】
2023-11-01 01:12:03 GSD getOne 第 1 次 等待 3 秒
2023-11-01 01:12:06 查询号码 【1966234】，返回信息 {"status":"ok","msg":"-","gid":"573696","time_insert":"2023-03-06 14:46"}
2023-11-01 01:12:06 查询号码 【1966234】，GSD为【"-"】
2023-11-01 01:12:06 ok && -
2023-11-01 01:12:08 CHB 1966234?1698772326 第 1 次 等待 3 秒
2023-11-01 01:12:11 CHB 1966234?1698772326 第 1 次 获取到号码【1966234】GSD
2023-11-01 01:12:11 未获取到号码【1966234】GSD，可能号码格式错误
2023-11-01 01:12:11 获取到号码【1966234】的GSD为【-】
2023-11-01 01:12:14 GSD insert 第 1 次 等待 3 秒
2023-11-01 01:12:17 {"status":"bad","gid":"573696","msg":"添加失败！号码【1966234(-|-)】已存在！"}
2023-11-01 01:12:17 随机等待 224 秒，约 3 分钟
2023-11-01 01:12:17 下次操作: 2023-11-01 01:16:01

2023-11-01 01:16:01 开始第 6331 次操作

2023-11-01 01:16:01 开始操作号码 【1966235】
2023-11-01 01:16:05 GSD getOne 第 1 次 等待 3 秒
2023-11-01 01:16:08 查询号码 【1966235】，返回信息 {"status":"ok","msg":"-","gid":"573698","time_insert":"2023-03-06 14:49"}
2023-11-01 01:16:08 查询号码 【1966235】，GSD为【"-"】
2023-11-01 01:16:08 ok && -
2023-11-01 01:16:10 CHB 1966235?1698772568 第 1 次 等待 3 秒
2023-11-01 01:16:13 CHB 1966235?1698772568 第 1 次 获取到号码【1966235】GSD
2023-11-01 01:16:13 未获取到号码【1966235】GSD，可能号码格式错误
2023-11-01 01:16:13 获取到号码【1966235】的GSD为【-】
2023-11-01 01:16:16 GSD insert 第 1 次 等待 3 秒
2023-11-01 01:16:19 {"status":"bad","gid":"573698","msg":"添加失败！号码【1966235(-|-)】已存在！"}
2023-11-01 01:16:19 随机等待 148 秒，约 2 分钟
2023-11-01 01:16:19 下次操作: 2023-11-01 01:18:47

2023-11-01 01:18:47 开始第 6332 次操作

2023-11-01 01:18:47 开始操作号码 【1966236】
2023-11-01 01:18:50 GSD getOne 第 1 次 等待 3 秒
2023-11-01 01:18:53 查询号码 【1966236】，返回信息 {"status":"ok","msg":"-","gid":"573701","time_insert":"2023-03-06 14:50"}
2023-11-01 01:18:53 查询号码 【1966236】，GSD为【"-"】
2023-11-01 01:18:53 ok && -
2023-11-01 01:18:55 CHB 1966236?1698772733 第 1 次 等待 3 秒
2023-11-01 01:18:58 CHB 1966236?1698772733 第 1 次 获取到号码【1966236】GSD
2023-11-01 01:18:58 未获取到号码【1966236】GSD，可能号码格式错误
2023-11-01 01:18:58 获取到号码【1966236】的GSD为【-】
2023-11-01 01:19:05 GSD insert 第 1 次 等待 3 秒
2023-11-01 01:19:08 {"status":"bad","gid":"573701","msg":"添加失败！号码【1966236(-|-)】已存在！"}

