2024-05-05 00:13:04 开始第 7369 次操作

2024-05-05 00:13:04 开始操作号码 【1647263】
2024-05-05 00:13:09 GSD getOne 第 1 次 等待 3 秒
2024-05-05 00:13:12 查询号码 【1647263】，返回信息 {"status":"ok","msg":"-","gid":"672210","time_insert":"2023-04-23 05:53"}
2024-05-05 00:13:12 查询号码 【1647263】，GSD为【"-"】
2024-05-05 00:13:12 ok && -
2024-05-05 00:13:14 CHB 1647263?1714839192 第 1 次 等待 3 秒
2024-05-05 00:13:17 CHB 1647263?1714839192 第 1 次 获取到号码【1647263】GSD
2024-05-05 00:13:17 未获取到号码【1647263】GSD，可能号码格式错误
2024-05-05 00:13:17 获取到号码【1647263】的GSD为【-】
2024-05-05 00:13:25 GSD insert 第 1 次 等待 3 秒
2024-05-05 00:13:28 {"status":"bad","gid":"672210","msg":"添加失败！号码【1647263(-|-)】已存在！"}
2024-05-05 00:13:28 随机等待 227 秒，约 3 分钟
2024-05-05 00:13:28 下次操作: 2024-05-05 00:17:15

2024-05-05 00:17:15 开始第 7370 次操作

2024-05-05 00:17:15 开始操作号码 【1647264】
2024-05-05 00:17:22 GSD getOne 第 1 次 等待 3 秒
2024-05-05 00:17:25 查询号码 【1647264】，返回信息 {"status":"ok","msg":"-","gid":"672203","time_insert":"2023-04-23 05:49"}
2024-05-05 00:17:25 查询号码 【1647264】，GSD为【"-"】
2024-05-05 00:17:25 ok && -
2024-05-05 00:17:27 CHB 1647264?1714839445 第 1 次 等待 3 秒
2024-05-05 00:17:30 CHB 1647264?1714839445 第 1 次 获取到号码【1647264】GSD
2024-05-05 00:17:30 未获取到号码【1647264】GSD，可能号码格式错误
2024-05-05 00:17:30 获取到号码【1647264】的GSD为【-】
2024-05-05 00:17:37 GSD insert 第 1 次 等待 3 秒
2024-05-05 00:17:40 {"status":"bad","gid":"672203","msg":"添加失败！号码【1647264(-|-)】已存在！"}
2024-05-05 00:17:40 随机等待 91 秒，约 1 分钟
2024-05-05 00:17:40 下次操作: 2024-05-05 00:19:11

2024-05-05 00:19:11 开始第 7371 次操作

2024-05-05 00:19:11 开始操作号码 【1647265】
2024-05-05 00:19:22 GSD getOne 第 1 次 等待 3 秒
2024-05-05 00:19:25 查询号码 【1647265】，返回信息 {"status":"ok","msg":"-","gid":"672200","time_insert":"2023-04-23 05:47"}
2024-05-05 00:19:25 查询号码 【1647265】，GSD为【"-"】
2024-05-05 00:19:25 ok && -
2024-05-05 00:19:27 CHB 1647265?1714839565 第 1 次 等待 3 秒
2024-05-05 00:19:30 CHB 1647265?1714839565 第 1 次 获取到号码【1647265】GSD
2024-05-05 00:19:30 未获取到号码【1647265】GSD，可能号码格式错误
2024-05-05 00:19:30 获取到号码【1647265】的GSD为【-】
2024-05-05 00:19:35 GSD insert 第 1 次 等待 3 秒
2024-05-05 00:19:38 {"status":"bad","gid":"672200","msg":"添加失败！号码【1647265(-|-)】已存在！"}
2024-05-05 00:19:38 随机等待 99 秒，约 1 分钟
2024-05-05 00:19:38 下次操作: 2024-05-05 00:21:17

2024-05-05 00:21:17 开始第 7372 次操作

2024-05-05 00:21:17 开始操作号码 【1647266】
2024-05-05 00:21:23 GSD getOne 第 1 次 等待 3 秒
2024-05-05 00:21:26 查询号码 【1647266】，返回信息 {"status":"ok","msg":"-","gid":"672196","time_insert":"2023-04-23 05:45"}
2024-05-05 00:21:26 查询号码 【1647266】，GSD为【"-"】
2024-05-05 00:21:26 ok && -
2024-05-05 00:21:28 CHB 1647266?1714839686 第 1 次 等待 3 秒
2024-05-05 00:21:31 CHB 1647266?1714839686 第 1 次 获取到号码【1647266】GSD
2024-05-05 00:21:31 未获取到号码【1647266】GSD，可能号码格式错误
2024-05-05 00:21:31 获取到号码【1647266】的GSD为【-】
2024-05-05 00:21:37 GSD insert 第 1 次 等待 3 秒
2024-05-05 00:21:40 {"status":"bad","gid":"672196","msg":"添加失败！号码【1647266(-|-)】已存在！"}

