2023-12-18 00:12:40 开始第 3889 次操作

2023-12-18 00:12:40 开始操作号码 【1863782】
2023-12-18 00:12:45 GSD getOne 第 1 次 等待 3 秒
2023-12-18 00:12:48 查询号码 【1863782】，返回信息 {"status":"ok","msg":"河南-开封","gid":"473888","time_insert":"2021-08-02 01:48"}
2023-12-18 00:12:48 查询号码 【1863782】，GSD为【"河南-开封"】

2023-12-18 00:12:49 开始第 3890 次操作

2023-12-18 00:12:49 开始操作号码 【1863783】
2023-12-18 00:12:57 GSD getOne 第 1 次 等待 3 秒
2023-12-18 00:13:00 查询号码 【1863783】，返回信息 {"status":"ok","msg":"河南-开封","gid":"473875","time_insert":"2021-08-02 01:47"}
2023-12-18 00:13:00 查询号码 【1863783】，GSD为【"河南-开封"】

2023-12-18 00:13:01 开始第 3891 次操作

2023-12-18 00:13:01 开始操作号码 【1863784】
2023-12-18 00:13:06 GSD getOne 第 1 次 等待 3 秒
2023-12-18 00:13:09 查询号码 【1863784】，返回信息 {"status":"ok","msg":"河南-开封","gid":"473866","time_insert":"2021-08-02 01:47"}
2023-12-18 00:13:09 查询号码 【1863784】，GSD为【"河南-开封"】

2023-12-18 00:13:10 开始第 3892 次操作

2023-12-18 00:13:10 开始操作号码 【1863785】
2023-12-18 00:13:15 GSD getOne 第 1 次 等待 3 秒
2023-12-18 00:13:18 查询号码 【1863785】，返回信息 {"status":"ok","msg":"河南-开封","gid":"473855","time_insert":"2021-08-02 01:46"}
2023-12-18 00:13:18 查询号码 【1863785】，GSD为【"河南-开封"】

