2024-01-28 00:11:39 开始第 533 次操作

2024-01-28 00:11:39 开始操作号码 【1750426】
2024-01-28 00:11:44 GSD getOne 第 1 次 等待 3 秒
2024-01-28 00:11:47 查询号码 【1750426】，返回信息 {"status":"ok","msg":"辽宁-大连","gid":"137234","time_insert":"2021-06-27 05:57"}
2024-01-28 00:11:47 查询号码 【1750426】，GSD为【"辽宁-大连"】

2024-01-28 00:11:48 开始第 534 次操作

2024-01-28 00:11:48 开始操作号码 【1750427】
2024-01-28 00:11:52 GSD getOne 第 1 次 等待 3 秒
2024-01-28 00:11:55 查询号码 【1750427】，返回信息 {"status":"ok","msg":"辽宁-盘锦","gid":"137238","time_insert":"2021-06-27 05:58"}
2024-01-28 00:11:55 查询号码 【1750427】，GSD为【"辽宁-盘锦"】

2024-01-28 00:11:56 开始第 535 次操作

2024-01-28 00:11:56 开始操作号码 【1750428】
2024-01-28 00:12:02 GSD getOne 第 1 次 等待 3 秒
2024-01-28 00:12:05 查询号码 【1750428】，返回信息 {"status":"ok","msg":"辽宁-大连","gid":"137244","time_insert":"2021-06-27 05:58"}
2024-01-28 00:12:05 查询号码 【1750428】，GSD为【"辽宁-大连"】

2024-01-28 00:12:06 开始第 536 次操作

2024-01-28 00:12:06 开始操作号码 【1750429】
2024-01-28 00:12:11 GSD getOne 第 1 次 等待 3 秒
2024-01-28 00:12:14 查询号码 【1750429】，返回信息 {"status":"ok","msg":"辽宁-葫芦岛","gid":"137249","time_insert":"2021-06-27 05:59"}
2024-01-28 00:12:14 查询号码 【1750429】，GSD为【"辽宁-葫芦岛"】

