2024-02-11 00:12:41 开始第 3109 次操作

2024-02-11 00:12:41 开始操作号码 【1753002】
2024-02-11 00:12:45 GSD getOne 第 1 次 等待 3 秒
2024-02-11 00:12:48 查询号码 【1753002】，返回信息 {"status":"ok","msg":"河北-邯郸","gid":"164736","time_insert":"2021-07-01 06:01"}
2024-02-11 00:12:48 查询号码 【1753002】，GSD为【"河北-邯郸"】

2024-02-11 00:12:49 开始第 3110 次操作

2024-02-11 00:12:49 开始操作号码 【1753003】
2024-02-11 00:12:53 GSD getOne 第 1 次 等待 3 秒
2024-02-11 00:12:56 查询号码 【1753003】，返回信息 {"status":"ok","msg":"河北-邯郸","gid":"164743","time_insert":"2021-07-01 06:02"}
2024-02-11 00:12:56 查询号码 【1753003】，GSD为【"河北-邯郸"】

2024-02-11 00:12:57 开始第 3111 次操作

2024-02-11 00:12:57 开始操作号码 【1753004】
2024-02-11 00:13:01 GSD getOne 第 1 次 等待 3 秒
2024-02-11 00:13:04 查询号码 【1753004】，返回信息 {"status":"ok","msg":"河北-沧州","gid":"164750","time_insert":"2021-07-01 06:03"}
2024-02-11 00:13:04 查询号码 【1753004】，GSD为【"河北-沧州"】

2024-02-11 00:13:05 开始第 3112 次操作

2024-02-11 00:13:05 开始操作号码 【1753005】
2024-02-11 00:13:09 GSD getOne 第 1 次 等待 3 秒
2024-02-11 00:13:12 查询号码 【1753005】，返回信息 {"status":"ok","msg":"河北-沧州","gid":"164756","time_insert":"2021-07-01 06:04"}
2024-02-11 00:13:12 查询号码 【1753005】，GSD为【"河北-沧州"】

