2024-02-14 00:13:24 开始第 3661 次操作

2024-02-14 00:13:24 开始操作号码 【1753554】
2024-02-14 00:13:28 GSD getOne 第 1 次 等待 3 秒
2024-02-14 00:13:31 查询号码 【1753554】，返回信息 {"status":"ok","msg":"山西-长治","gid":"170669","time_insert":"2021-07-02 01:58"}
2024-02-14 00:13:31 查询号码 【1753554】，GSD为【"山西-长治"】

2024-02-14 00:13:32 开始第 3662 次操作

2024-02-14 00:13:32 开始操作号码 【1753555】
2024-02-14 00:13:37 GSD getOne 第 1 次 等待 3 秒
2024-02-14 00:13:40 查询号码 【1753555】，返回信息 {"status":"ok","msg":"山西-长治","gid":"170676","time_insert":"2021-07-02 01:59"}
2024-02-14 00:13:40 查询号码 【1753555】，GSD为【"山西-长治"】

2024-02-14 00:13:41 开始第 3663 次操作

2024-02-14 00:13:41 开始操作号码 【1753556】
2024-02-14 00:13:45 GSD getOne 第 1 次 等待 3 秒
2024-02-14 00:13:48 查询号码 【1753556】，返回信息 {"status":"ok","msg":"山西-长治","gid":"170683","time_insert":"2021-07-02 02:00"}
2024-02-14 00:13:48 查询号码 【1753556】，GSD为【"山西-长治"】

2024-02-14 00:13:49 开始第 3664 次操作

2024-02-14 00:13:49 开始操作号码 【1753557】
2024-02-14 00:13:54 GSD getOne 第 1 次 等待 3 秒
2024-02-14 00:13:57 查询号码 【1753557】，返回信息 {"status":"ok","msg":"山西-长治","gid":"170688","time_insert":"2021-07-02 02:00"}
2024-02-14 00:13:57 查询号码 【1753557】，GSD为【"山西-长治"】

2024-02-14 00:38:47 开始第 3665 次操作

2024-02-14 00:38:47 开始操作号码 【1753558】
2024-02-14 00:38:55 GSD getOne 第 1 次 等待 3 秒
2024-02-14 00:38:58 查询号码 【1753558】，返回信息 {"status":"ok","msg":"山西-长治","gid":"170695","time_insert":"2021-07-02 02:01"}
2024-02-14 00:38:58 查询号码 【1753558】，GSD为【"山西-长治"】

2024-02-14 00:38:59 开始第 3666 次操作

2024-02-14 00:38:59 开始操作号码 【1753559】
2024-02-14 00:39:03 GSD getOne 第 1 次 等待 3 秒
2024-02-14 00:39:06 查询号码 【1753559】，返回信息 {"status":"ok","msg":"山西-长治","gid":"170701","time_insert":"2021-07-02 02:02"}
2024-02-14 00:39:06 查询号码 【1753559】，GSD为【"山西-长治"】

2024-02-14 00:39:07 开始第 3667 次操作

2024-02-14 00:39:07 开始操作号码 【1753560】
2024-02-14 00:39:12 GSD getOne 第 1 次 等待 3 秒
2024-02-14 00:39:15 查询号码 【1753560】，返回信息 {"status":"ok","msg":"山西-晋城","gid":"170812","time_insert":"2021-07-02 02:58"}
2024-02-14 00:39:15 查询号码 【1753560】，GSD为【"山西-晋城"】

2024-02-14 00:39:16 开始第 3668 次操作

2024-02-14 00:39:16 开始操作号码 【1753561】
2024-02-14 00:39:22 GSD getOne 第 1 次 等待 3 秒
2024-02-14 00:39:25 查询号码 【1753561】，返回信息 {"status":"ok","msg":"山西-晋城","gid":"170822","time_insert":"2021-07-02 02:58"}
2024-02-14 00:39:25 查询号码 【1753561】，GSD为【"山西-晋城"】

