2023-10-30 00:12:55 开始第 5969 次操作

2023-10-30 00:12:55 开始操作号码 【1965873】
2023-10-30 00:13:01 GSD getOne 第 1 次 等待 3 秒
2023-10-30 00:13:04 查询号码 【1965873】，返回信息 {"status":"ok","msg":"-","gid":"571555","time_insert":"2023-03-05 15:00"}
2023-10-30 00:13:04 查询号码 【1965873】，GSD为【"-"】
2023-10-30 00:13:04 ok && -
2023-10-30 00:13:10 CHB 1965873?1698595984 第 1 次 等待 3 秒
2023-10-30 00:13:13 CHB 1965873?1698595984 第 1 次 获取到号码【1965873】GSD
2023-10-30 00:13:13 未获取到号码【1965873】GSD，可能号码格式错误
2023-10-30 00:13:13 获取到号码【1965873】的GSD为【-】
2023-10-30 00:13:19 GSD insert 第 1 次 等待 3 秒
2023-10-30 00:13:22 {"status":"bad","gid":"571555","msg":"添加失败！号码【1965873(-|-)】已存在！"}
2023-10-30 00:13:22 随机等待 195 秒，约 3 分钟
2023-10-30 00:13:22 下次操作: 2023-10-30 00:16:37

2023-10-30 00:16:37 开始第 5970 次操作

2023-10-30 00:16:37 开始操作号码 【1965874】
2023-10-30 00:16:39 GSD getOne 第 1 次 等待 3 秒
2023-10-30 00:16:42 查询号码 【1965874】，返回信息 {"status":"ok","msg":"-","gid":"571563","time_insert":"2023-03-05 15:08"}
2023-10-30 00:16:43 查询号码 【1965874】，GSD为【"-"】
2023-10-30 00:16:43 ok && -
2023-10-30 00:16:44 CHB 1965874?1698596203 第 1 次 等待 3 秒
2023-10-30 00:16:47 CHB 1965874?1698596203 第 1 次 获取到号码【1965874】GSD
2023-10-30 00:16:47 未获取到号码【1965874】GSD，可能号码格式错误
2023-10-30 00:16:47 获取到号码【1965874】的GSD为【-】
2023-10-30 00:16:51 GSD insert 第 1 次 等待 3 秒
2023-10-30 00:16:54 {"status":"bad","gid":"571563","msg":"添加失败！号码【1965874(-|-)】已存在！"}
2023-10-30 00:16:54 随机等待 204 秒，约 3 分钟
2023-10-30 00:16:54 下次操作: 2023-10-30 00:20:18

2023-10-30 00:20:18 开始第 5971 次操作

2023-10-30 00:20:18 开始操作号码 【1965875】
2023-10-30 00:20:29 GSD getOne 第 1 次 等待 3 秒
2023-10-30 00:20:32 查询号码 【1965875】，返回信息 {"status":"ok","msg":"-","gid":"571566","time_insert":"2023-03-05 15:11"}
2023-10-30 00:20:33 查询号码 【1965875】，GSD为【"-"】
2023-10-30 00:20:33 ok && -
2023-10-30 00:20:38 CHB 1965875?1698596433 第 1 次 等待 3 秒
2023-10-30 00:20:41 CHB 1965875?1698596433 第 1 次 获取到号码【1965875】GSD
2023-10-30 00:20:41 未获取到号码【1965875】GSD，可能号码格式错误
2023-10-30 00:20:41 获取到号码【1965875】的GSD为【-】
2023-10-30 00:20:44 GSD insert 第 1 次 等待 3 秒
2023-10-30 00:20:47 {"status":"bad","gid":"571566","msg":"添加失败！号码【1965875(-|-)】已存在！"}
2023-10-30 00:20:47 随机等待 82 秒，约 1 分钟
2023-10-30 00:20:47 下次操作: 2023-10-30 00:22:09

2023-10-30 00:22:09 开始第 5972 次操作

2023-10-30 00:22:09 开始操作号码 【1965876】
2023-10-30 00:22:14 GSD getOne 第 1 次 等待 3 秒
2023-10-30 00:22:17 查询号码 【1965876】，返回信息 {"status":"ok","msg":"-","gid":"571570","time_insert":"2023-03-05 15:13"}
2023-10-30 00:22:17 查询号码 【1965876】，GSD为【"-"】
2023-10-30 00:22:17 ok && -
2023-10-30 00:22:23 CHB 1965876?1698596537 第 1 次 等待 3 秒
2023-10-30 00:22:26 CHB 1965876?1698596537 第 1 次 获取到号码【1965876】GSD
2023-10-30 00:22:26 未获取到号码【1965876】GSD，可能号码格式错误
2023-10-30 00:22:26 获取到号码【1965876】的GSD为【-】
2023-10-30 00:22:35 GSD insert 第 1 次 等待 3 秒
2023-10-30 00:22:38 {"status":"bad","gid":"571570","msg":"添加失败！号码【1965876(-|-)】已存在！"}

2023-10-30 00:35:24 开始第 5973 次操作

2023-10-30 00:35:24 开始操作号码 【1965877】
2023-10-30 00:35:27 GSD getOne 第 1 次 等待 3 秒
2023-10-30 00:35:30 查询号码 【1965877】，返回信息 {"status":"ok","msg":"-","gid":"571574","time_insert":"2023-03-05 15:15"}
2023-10-30 00:35:31 查询号码 【1965877】，GSD为【"-"】
2023-10-30 00:35:31 ok && -
2023-10-30 00:35:37 CHB 1965877?1698597331 第 1 次 等待 3 秒
2023-10-30 00:35:40 CHB 1965877?1698597331 第 1 次 获取到号码【1965877】GSD
2023-10-30 00:35:40 未获取到号码【1965877】GSD，可能号码格式错误
2023-10-30 00:35:40 获取到号码【1965877】的GSD为【-】
2023-10-30 00:35:43 GSD insert 第 1 次 等待 3 秒
2023-10-30 00:35:46 {"status":"bad","gid":"571574","msg":"添加失败！号码【1965877(-|-)】已存在！"}
2023-10-30 00:35:46 随机等待 220 秒，约 3 分钟
2023-10-30 00:35:46 下次操作: 2023-10-30 00:39:26

2023-10-30 00:39:26 开始第 5974 次操作

2023-10-30 00:39:26 开始操作号码 【1965878】
2023-10-30 00:39:33 GSD getOne 第 1 次 等待 3 秒
2023-10-30 00:39:36 查询号码 【1965878】，返回信息 {"status":"ok","msg":"-","gid":"571584","time_insert":"2023-03-05 15:22"}
2023-10-30 00:39:36 查询号码 【1965878】，GSD为【"-"】
2023-10-30 00:39:36 ok && -
2023-10-30 00:39:46 CHB 1965878?1698597576 第 1 次 等待 3 秒
2023-10-30 00:39:49 CHB 1965878?1698597576 第 1 次 获取到号码【1965878】GSD
2023-10-30 00:39:49 未获取到号码【1965878】GSD，可能号码格式错误
2023-10-30 00:39:49 获取到号码【1965878】的GSD为【-】
2023-10-30 00:39:58 GSD insert 第 1 次 等待 3 秒
2023-10-30 00:40:01 {"status":"bad","gid":"571584","msg":"添加失败！号码【1965878(-|-)】已存在！"}
2023-10-30 00:40:01 随机等待 139 秒，约 2 分钟
2023-10-30 00:40:01 下次操作: 2023-10-30 00:42:20

2023-10-30 00:42:20 开始第 5975 次操作

2023-10-30 00:42:20 开始操作号码 【1965879】
2023-10-30 00:42:27 GSD getOne 第 1 次 等待 3 秒
2023-10-30 00:42:30 查询号码 【1965879】，返回信息 {"status":"ok","msg":"-","gid":"571586","time_insert":"2023-03-05 15:24"}
2023-10-30 00:42:30 查询号码 【1965879】，GSD为【"-"】
2023-10-30 00:42:30 ok && -
2023-10-30 00:42:32 CHB 1965879?1698597750 第 1 次 等待 3 秒
2023-10-30 00:42:35 CHB 1965879?1698597750 第 1 次 获取到号码【1965879】GSD
2023-10-30 00:42:35 未获取到号码【1965879】GSD，可能号码格式错误
2023-10-30 00:42:35 获取到号码【1965879】的GSD为【-】
2023-10-30 00:42:38 GSD insert 第 1 次 等待 3 秒
2023-10-30 00:42:41 {"status":"bad","gid":"571586","msg":"添加失败！号码【1965879(-|-)】已存在！"}
2023-10-30 00:42:41 随机等待 136 秒，约 2 分钟
2023-10-30 00:42:41 下次操作: 2023-10-30 00:44:57

2023-10-30 00:44:57 开始第 5976 次操作

2023-10-30 00:44:57 开始操作号码 【1965880】
2023-10-30 00:45:07 GSD getOne 第 1 次 等待 3 秒
2023-10-30 00:45:10 查询号码 【1965880】，返回信息 {"status":"ok","msg":"-","gid":"571595","time_insert":"2023-03-05 15:27"}
2023-10-30 00:45:10 查询号码 【1965880】，GSD为【"-"】
2023-10-30 00:45:10 ok && -
2023-10-30 00:45:13 CHB 1965880?1698597910 第 1 次 等待 3 秒
2023-10-30 00:45:16 CHB 1965880?1698597910 第 1 次 获取到号码【1965880】GSD
2023-10-30 00:45:16 未获取到号码【1965880】GSD，可能号码格式错误
2023-10-30 00:45:16 获取到号码【1965880】的GSD为【-】
2023-10-30 00:45:25 GSD insert 第 1 次 等待 3 秒
2023-10-30 00:45:28 {"status":"bad","gid":"571595","msg":"添加失败！号码【1965880(-|-)】已存在！"}

2023-10-30 01:08:24 开始第 5977 次操作

2023-10-30 01:08:24 开始操作号码 【1965881】
2023-10-30 01:08:27 GSD getOne 第 1 次 等待 3 秒
2023-10-30 01:08:30 查询号码 【1965881】，返回信息 {"status":"ok","msg":"-","gid":"571597","time_insert":"2023-03-05 15:29"}
2023-10-30 01:08:30 查询号码 【1965881】，GSD为【"-"】
2023-10-30 01:08:30 ok && -
2023-10-30 01:08:40 CHB 1965881?1698599310 第 1 次 等待 3 秒
2023-10-30 01:08:44 CHB 1965881?1698599310 第 1 次 获取到号码【1965881】GSD
2023-10-30 01:08:44 未获取到号码【1965881】GSD，可能号码格式错误
2023-10-30 01:08:44 获取到号码【1965881】的GSD为【-】
2023-10-30 01:08:49 GSD insert 第 1 次 等待 3 秒
2023-10-30 01:08:52 {"status":"bad","gid":"571597","msg":"添加失败！号码【1965881(-|-)】已存在！"}
2023-10-30 01:08:52 随机等待 108 秒，约 1 分钟
2023-10-30 01:08:52 下次操作: 2023-10-30 01:10:40

2023-10-30 01:10:40 开始第 5978 次操作

2023-10-30 01:10:40 开始操作号码 【1965882】
2023-10-30 01:10:51 GSD getOne 第 1 次 等待 3 秒
2023-10-30 01:10:54 查询号码 【1965882】，返回信息 {"status":"ok","msg":"-","gid":"571605","time_insert":"2023-03-05 15:33"}
2023-10-30 01:10:54 查询号码 【1965882】，GSD为【"-"】
2023-10-30 01:10:54 ok && -
2023-10-30 01:10:56 CHB 1965882?1698599454 第 1 次 等待 3 秒
2023-10-30 01:10:59 CHB 1965882?1698599454 第 1 次 获取到号码【1965882】GSD
2023-10-30 01:10:59 未获取到号码【1965882】GSD，可能号码格式错误
2023-10-30 01:10:59 获取到号码【1965882】的GSD为【-】
2023-10-30 01:11:02 GSD insert 第 1 次 等待 3 秒
2023-10-30 01:11:05 {"status":"bad","gid":"571605","msg":"添加失败！号码【1965882(-|-)】已存在！"}
2023-10-30 01:11:05 随机等待 86 秒，约 1 分钟
2023-10-30 01:11:05 下次操作: 2023-10-30 01:12:31

2023-10-30 01:12:31 开始第 5979 次操作

2023-10-30 01:12:31 开始操作号码 【1965883】
2023-10-30 01:12:34 GSD getOne 第 1 次 等待 3 秒
2023-10-30 01:12:37 查询号码 【1965883】，返回信息 {"status":"ok","msg":"-","gid":"571609","time_insert":"2023-03-05 15:35"}
2023-10-30 01:12:37 查询号码 【1965883】，GSD为【"-"】
2023-10-30 01:12:37 ok && -
2023-10-30 01:12:43 CHB 1965883?1698599557 第 1 次 等待 3 秒
2023-10-30 01:12:46 CHB 1965883?1698599557 第 1 次 获取到号码【1965883】GSD
2023-10-30 01:12:46 未获取到号码【1965883】GSD，可能号码格式错误
2023-10-30 01:12:46 获取到号码【1965883】的GSD为【-】
2023-10-30 01:12:49 GSD insert 第 1 次 等待 3 秒
2023-10-30 01:12:52 {"status":"bad","gid":"571609","msg":"添加失败！号码【1965883(-|-)】已存在！"}
2023-10-30 01:12:52 随机等待 115 秒，约 1 分钟
2023-10-30 01:12:52 下次操作: 2023-10-30 01:14:47

2023-10-30 01:14:47 开始第 5980 次操作

2023-10-30 01:14:47 开始操作号码 【1965884】
2023-10-30 01:15:15 GSD getOne 第 1 次 等待 3 秒
2023-10-30 01:15:18 查询号码 【1965884】，返回信息 {"status":"ok","msg":"-","gid":"571615","time_insert":"2023-03-05 15:38"}
2023-10-30 01:15:18 查询号码 【1965884】，GSD为【"-"】
2023-10-30 01:15:18 ok && -
2023-10-30 01:15:24 CHB 1965884?1698599718 第 1 次 等待 3 秒
2023-10-30 01:15:27 CHB 1965884?1698599718 第 1 次 获取到号码【1965884】GSD
2023-10-30 01:15:27 未获取到号码【1965884】GSD，可能号码格式错误
2023-10-30 01:15:27 获取到号码【1965884】的GSD为【-】
2023-10-30 01:15:30 GSD insert 第 1 次 等待 3 秒
2023-10-30 01:15:33 {"status":"bad","gid":"571615","msg":"添加失败！号码【1965884(-|-)】已存在！"}

2023-10-30 01:34:14 开始第 5981 次操作

2023-10-30 01:34:14 开始操作号码 【1965885】
2023-10-30 01:34:17 GSD getOne 第 1 次 等待 3 秒
2023-10-30 01:34:20 查询号码 【1965885】，返回信息 {"status":"ok","msg":"-","gid":"571619","time_insert":"2023-03-05 15:40"}
2023-10-30 01:34:21 查询号码 【1965885】，GSD为【"-"】
2023-10-30 01:34:21 ok && -
2023-10-30 01:34:23 CHB 1965885?1698600861 第 1 次 等待 3 秒
2023-10-30 01:34:26 CHB 1965885?1698600861 第 1 次 获取到号码【1965885】GSD
2023-10-30 01:34:26 未获取到号码【1965885】GSD，可能号码格式错误
2023-10-30 01:34:26 获取到号码【1965885】的GSD为【-】
2023-10-30 01:34:29 GSD insert 第 1 次 等待 3 秒
2023-10-30 01:34:32 {"status":"bad","gid":"571619","msg":"添加失败！号码【1965885(-|-)】已存在！"}
2023-10-30 01:34:32 随机等待 170 秒，约 2 分钟
2023-10-30 01:34:32 下次操作: 2023-10-30 01:37:22

2023-10-30 01:37:22 开始第 5982 次操作

2023-10-30 01:37:22 开始操作号码 【1965886】
2023-10-30 01:37:25 GSD getOne 第 1 次 等待 3 秒
2023-10-30 01:37:28 查询号码 【1965886】，返回信息 {"status":"ok","msg":"-","gid":"571623","time_insert":"2023-03-05 15:42"}
2023-10-30 01:37:28 查询号码 【1965886】，GSD为【"-"】
2023-10-30 01:37:28 ok && -
2023-10-30 01:37:30 CHB 1965886?1698601048 第 1 次 等待 3 秒
2023-10-30 01:37:33 CHB 1965886?1698601048 第 1 次 获取到号码【1965886】GSD
2023-10-30 01:37:33 未获取到号码【1965886】GSD，可能号码格式错误
2023-10-30 01:37:33 获取到号码【1965886】的GSD为【-】
2023-10-30 01:37:45 GSD insert 第 1 次 等待 3 秒
2023-10-30 01:37:48 {"status":"bad","gid":"571623","msg":"添加失败！号码【1965886(-|-)】已存在！"}
2023-10-30 01:37:48 随机等待 123 秒，约 2 分钟
2023-10-30 01:37:48 下次操作: 2023-10-30 01:39:51

2023-10-30 01:39:51 开始第 5983 次操作

2023-10-30 01:39:51 开始操作号码 【1965887】
2023-10-30 01:39:54 GSD getOne 第 1 次 等待 3 秒
2023-10-30 01:39:57 查询号码 【1965887】，返回信息 {"status":"ok","msg":"-","gid":"571625","time_insert":"2023-03-05 15:44"}
2023-10-30 01:39:57 查询号码 【1965887】，GSD为【"-"】
2023-10-30 01:39:57 ok && -
2023-10-30 01:39:59 CHB 1965887?1698601197 第 1 次 等待 3 秒
2023-10-30 01:40:02 CHB 1965887?1698601197 第 1 次 获取到号码【1965887】GSD
2023-10-30 01:40:02 未获取到号码【1965887】GSD，可能号码格式错误
2023-10-30 01:40:02 获取到号码【1965887】的GSD为【-】
2023-10-30 01:40:08 GSD insert 第 1 次 等待 3 秒
2023-10-30 01:40:11 {"status":"bad","gid":"571625","msg":"添加失败！号码【1965887(-|-)】已存在！"}
2023-10-30 01:40:11 随机等待 142 秒，约 2 分钟
2023-10-30 01:40:11 下次操作: 2023-10-30 01:42:33

2023-10-30 01:42:33 开始第 5984 次操作

2023-10-30 01:42:33 开始操作号码 【1965888】
2023-10-30 01:42:44 GSD getOne 第 1 次 等待 3 秒
2023-10-30 01:42:47 查询号码 【1965888】，返回信息 {"status":"ok","msg":"-","gid":"571629","time_insert":"2023-03-05 15:47"}
2023-10-30 01:42:47 查询号码 【1965888】，GSD为【"-"】
2023-10-30 01:42:47 ok && -
2023-10-30 01:42:49 CHB 1965888?1698601367 第 1 次 等待 3 秒
2023-10-30 01:42:52 CHB 1965888?1698601367 第 1 次 获取到号码【1965888】GSD
2023-10-30 01:42:52 未获取到号码【1965888】GSD，可能号码格式错误
2023-10-30 01:42:52 获取到号码【1965888】的GSD为【-】
2023-10-30 01:42:55 GSD insert 第 1 次 等待 3 秒
2023-10-30 01:42:58 {"status":"bad","gid":"571629","msg":"添加失败！号码【1965888(-|-)】已存在！"}

2023-10-30 02:12:15 开始第 5985 次操作

2023-10-30 02:12:15 开始操作号码 【1965889】
2023-10-30 02:12:18 GSD getOne 第 1 次 等待 3 秒
2023-10-30 02:12:21 查询号码 【1965889】，返回信息 {"status":"ok","msg":"-","gid":"571637","time_insert":"2023-03-05 15:48"}
2023-10-30 02:12:21 查询号码 【1965889】，GSD为【"-"】
2023-10-30 02:12:21 ok && -
2023-10-30 02:12:23 CHB 1965889?1698603141 第 1 次 等待 3 秒
2023-10-30 02:12:26 CHB 1965889?1698603141 第 1 次 获取到号码【1965889】GSD
2023-10-30 02:12:26 未获取到号码【1965889】GSD，可能号码格式错误
2023-10-30 02:12:26 获取到号码【1965889】的GSD为【-】
2023-10-30 02:12:29 GSD insert 第 1 次 等待 3 秒
2023-10-30 02:12:32 {"status":"bad","gid":"571637","msg":"添加失败！号码【1965889(-|-)】已存在！"}
2023-10-30 02:12:32 随机等待 134 秒，约 2 分钟
2023-10-30 02:12:32 下次操作: 2023-10-30 02:14:46

2023-10-30 02:14:46 开始第 5986 次操作

2023-10-30 02:14:46 开始操作号码 【1965890】
2023-10-30 02:14:49 GSD getOne 第 1 次 等待 3 秒
2023-10-30 02:14:52 查询号码 【1965890】，返回信息 {"status":"ok","msg":"-","gid":"571641","time_insert":"2023-03-05 15:52"}
2023-10-30 02:14:52 查询号码 【1965890】，GSD为【"-"】
2023-10-30 02:14:52 ok && -
2023-10-30 02:14:58 CHB 1965890?1698603292 第 1 次 等待 3 秒
2023-10-30 02:15:01 CHB 1965890?1698603292 第 1 次 获取到号码【1965890】GSD
2023-10-30 02:15:01 未获取到号码【1965890】GSD，可能号码格式错误
2023-10-30 02:15:01 获取到号码【1965890】的GSD为【-】
2023-10-30 02:15:04 GSD insert 第 1 次 等待 3 秒
2023-10-30 02:15:07 {"status":"bad","gid":"571641","msg":"添加失败！号码【1965890(-|-)】已存在！"}
2023-10-30 02:15:07 随机等待 198 秒，约 3 分钟
2023-10-30 02:15:07 下次操作: 2023-10-30 02:18:25

2023-10-30 02:18:25 开始第 5987 次操作

2023-10-30 02:18:25 开始操作号码 【1965891】
2023-10-30 02:18:28 GSD getOne 第 1 次 等待 3 秒
2023-10-30 02:18:31 查询号码 【1965891】，返回信息 {"status":"ok","msg":"-","gid":"571645","time_insert":"2023-03-05 15:55"}
2023-10-30 02:18:31 查询号码 【1965891】，GSD为【"-"】
2023-10-30 02:18:31 ok && -
2023-10-30 02:18:38 CHB 1965891?1698603511 第 1 次 等待 3 秒
2023-10-30 02:18:41 CHB 1965891?1698603511 第 1 次 获取到号码【1965891】GSD
2023-10-30 02:18:41 未获取到号码【1965891】GSD，可能号码格式错误
2023-10-30 02:18:41 获取到号码【1965891】的GSD为【-】
2023-10-30 02:18:46 GSD insert 第 1 次 等待 3 秒
2023-10-30 02:18:49 {"status":"bad","gid":"571645","msg":"添加失败！号码【1965891(-|-)】已存在！"}
2023-10-30 02:18:49 随机等待 120 秒，约 2 分钟
2023-10-30 02:18:49 下次操作: 2023-10-30 02:20:49

2023-10-30 02:20:49 开始第 5988 次操作

2023-10-30 02:20:49 开始操作号码 【1965892】
2023-10-30 02:20:53 GSD getOne 第 1 次 等待 3 秒
2023-10-30 02:20:56 查询号码 【1965892】，返回信息 {"status":"ok","msg":"-","gid":"571648","time_insert":"2023-03-05 15:57"}
2023-10-30 02:20:56 查询号码 【1965892】，GSD为【"-"】
2023-10-30 02:20:56 ok && -
2023-10-30 02:20:58 CHB 1965892?1698603656 第 1 次 等待 3 秒
2023-10-30 02:21:01 CHB 1965892?1698603656 第 1 次 获取到号码【1965892】GSD
2023-10-30 02:21:01 未获取到号码【1965892】GSD，可能号码格式错误
2023-10-30 02:21:01 获取到号码【1965892】的GSD为【-】
2023-10-30 02:21:04 GSD insert 第 1 次 等待 3 秒
2023-10-30 02:21:07 {"status":"bad","gid":"571648","msg":"添加失败！号码【1965892(-|-)】已存在！"}

