2024-02-06 00:12:27 开始第 2189 次操作

2024-02-06 00:12:27 开始操作号码 【1752082】
2024-02-06 00:12:33 GSD getOne 第 1 次 等待 3 秒
2024-02-06 00:12:36 查询号码 【1752082】，返回信息 {"status":"ok","msg":"广东-广州","gid":"154360","time_insert":"2021-06-29 15:34"}
2024-02-06 00:12:36 查询号码 【1752082】，GSD为【"广东-广州"】

2024-02-06 00:12:37 开始第 2190 次操作

2024-02-06 00:12:37 开始操作号码 【1752083】
2024-02-06 00:12:41 GSD getOne 第 1 次 等待 3 秒
2024-02-06 00:12:44 查询号码 【1752083】，返回信息 {"status":"ok","msg":"广东-广州","gid":"154365","time_insert":"2021-06-29 15:34"}
2024-02-06 00:12:44 查询号码 【1752083】，GSD为【"广东-广州"】

2024-02-06 00:12:45 开始第 2191 次操作

2024-02-06 00:12:45 开始操作号码 【1752084】
2024-02-06 00:12:49 GSD getOne 第 1 次 等待 3 秒
2024-02-06 00:12:52 查询号码 【1752084】，返回信息 {"status":"ok","msg":"广东-广州","gid":"154370","time_insert":"2021-06-29 15:35"}
2024-02-06 00:12:52 查询号码 【1752084】，GSD为【"广东-广州"】

2024-02-06 00:12:53 开始第 2192 次操作

2024-02-06 00:12:53 开始操作号码 【1752085】
2024-02-06 00:12:57 GSD getOne 第 1 次 等待 3 秒
2024-02-06 00:13:00 查询号码 【1752085】，返回信息 {"status":"ok","msg":"广东-广州","gid":"154375","time_insert":"2021-06-29 15:36"}
2024-02-06 00:13:00 查询号码 【1752085】，GSD为【"广东-广州"】

2024-02-06 00:35:38 开始第 2193 次操作

2024-02-06 00:35:38 开始操作号码 【1752086】
2024-02-06 00:35:42 GSD getOne 第 1 次 等待 3 秒
2024-02-06 00:35:45 查询号码 【1752086】，返回信息 {"status":"ok","msg":"广东-广州","gid":"154385","time_insert":"2021-06-29 15:37"}
2024-02-06 00:35:45 查询号码 【1752086】，GSD为【"广东-广州"】

2024-02-06 00:35:46 开始第 2194 次操作

2024-02-06 00:35:46 开始操作号码 【1752087】
2024-02-06 00:35:50 GSD getOne 第 1 次 等待 3 秒
2024-02-06 00:35:53 查询号码 【1752087】，返回信息 {"status":"ok","msg":"广东-广州","gid":"154395","time_insert":"2021-06-29 15:37"}
2024-02-06 00:35:53 查询号码 【1752087】，GSD为【"广东-广州"】

2024-02-06 00:35:54 开始第 2195 次操作

2024-02-06 00:35:55 开始操作号码 【1752088】
2024-02-06 00:35:59 GSD getOne 第 1 次 等待 3 秒
2024-02-06 00:36:02 查询号码 【1752088】，返回信息 {"status":"ok","msg":"广东-广州","gid":"154405","time_insert":"2021-06-29 15:38"}
2024-02-06 00:36:02 查询号码 【1752088】，GSD为【"广东-广州"】

2024-02-06 00:36:03 开始第 2196 次操作

2024-02-06 00:36:03 开始操作号码 【1752089】
2024-02-06 00:36:08 GSD getOne 第 1 次 等待 3 秒
2024-02-06 00:36:11 查询号码 【1752089】，返回信息 {"status":"ok","msg":"广东-广州","gid":"154415","time_insert":"2021-06-29 15:39"}
2024-02-06 00:36:12 查询号码 【1752089】，GSD为【"广东-广州"】

