2024-03-02 00:12:32 开始第 6789 次操作

2024-03-02 00:12:32 开始操作号码 【1756682】
2024-03-02 00:12:41 GSD getOne 第 1 次 等待 3 秒
2024-03-02 00:12:44 查询号码 【1756682】，返回信息 {"status":"ok","msg":"广东-茂名","gid":"207893","time_insert":"2021-07-06 18:05"}
2024-03-02 00:12:44 查询号码 【1756682】，GSD为【"广东-茂名"】

2024-03-02 00:12:45 开始第 6790 次操作

2024-03-02 00:12:45 开始操作号码 【1756683】
2024-03-02 00:12:50 GSD getOne 第 1 次 等待 3 秒
2024-03-02 00:12:53 查询号码 【1756683】，返回信息 {"status":"ok","msg":"广东-茂名","gid":"207900","time_insert":"2021-07-06 18:06"}
2024-03-02 00:12:53 查询号码 【1756683】，GSD为【"广东-茂名"】

2024-03-02 00:12:54 开始第 6791 次操作

2024-03-02 00:12:54 开始操作号码 【1756684】
2024-03-02 00:12:58 GSD getOne 第 1 次 等待 3 秒
2024-03-02 00:13:02 查询号码 【1756684】，返回信息 {"status":"ok","msg":"广东-茂名","gid":"207905","time_insert":"2021-07-06 18:06"}
2024-03-02 00:13:02 查询号码 【1756684】，GSD为【"广东-茂名"】

2024-03-02 00:13:03 开始第 6792 次操作

2024-03-02 00:13:03 开始操作号码 【1756685】
2024-03-02 00:13:08 GSD getOne 第 1 次 等待 3 秒
2024-03-02 00:13:11 查询号码 【1756685】，返回信息 {"status":"ok","msg":"广东-茂名","gid":"207911","time_insert":"2021-07-06 18:07"}
2024-03-02 00:13:11 查询号码 【1756685】，GSD为【"广东-茂名"】

