2024-08-03 00:14:46 开始第 9597 次操作

2024-08-03 00:14:46 开始操作号码 【1539479】
2024-08-03 00:14:54 GSD getOne 第 1 次 等待 3 秒
2024-08-03 00:14:57 查询号码 【1539479】，返回信息 {"status":"ok","msg":"内蒙古-锡林郭勒","gid":"371723","time_insert":"2021-07-24 01:21"}
2024-08-03 00:14:57 查询号码 【1539479】，GSD为【"内蒙古-锡林郭勒"】

2024-08-03 00:14:58 开始第 9598 次操作

2024-08-03 00:14:58 开始操作号码 【1539480】
2024-08-03 00:15:06 GSD getOne 第 1 次 等待 3 秒
2024-08-03 00:15:09 查询号码 【1539480】，返回信息 {"status":"ok","msg":"云南-德宏","gid":"371713","time_insert":"2021-07-24 01:20"}
2024-08-03 00:15:09 查询号码 【1539480】，GSD为【"云南-德宏"】

2024-08-03 00:15:10 开始第 9599 次操作

2024-08-03 00:15:10 开始操作号码 【1539481】
2024-08-03 00:15:18 GSD getOne 第 1 次 等待 3 秒
2024-08-03 00:15:21 查询号码 【1539481】，返回信息 {"status":"ok","msg":"云南-德宏","gid":"371699","time_insert":"2021-07-24 01:19"}
2024-08-03 00:15:21 查询号码 【1539481】，GSD为【"云南-德宏"】

2024-08-03 00:15:22 开始第 9600 次操作

2024-08-03 00:15:22 开始操作号码 【1539482】
2024-08-03 00:15:30 GSD getOne 第 1 次 等待 3 秒
2024-08-03 00:15:33 查询号码 【1539482】，返回信息 {"status":"ok","msg":"云南-红河","gid":"371691","time_insert":"2021-07-24 01:19"}
2024-08-03 00:15:33 查询号码 【1539482】，GSD为【"云南-红河"】

