2024-09-04 00:17:52 开始第 2753 次操作

2024-09-04 00:17:52 开始操作号码 【1422752】
2024-09-04 00:18:01 GSD getOne 第 1 次 等待 3 秒
2024-09-04 00:18:04 查询号码 【1422752】，返回信息 {"status":"ok","msg":"-","gid":"569860","time_insert":"2023-03-04 19:47"}
2024-09-04 00:18:04 查询号码 【1422752】，GSD为【"-"】
2024-09-04 00:18:04 ok && -
2024-09-04 00:18:06 CHB 1422752?1725380284 第 1 次 等待 3 秒
2024-09-04 00:18:09 CHB 1422752?1725380284 第 1 次 获取到号码【1422752】GSD
2024-09-04 00:18:09 未获取到号码【1422752】GSD，可能号码格式错误
2024-09-04 00:18:09 获取到号码【1422752】的GSD为【-】
2024-09-04 00:18:17 GSD insert 第 1 次 等待 3 秒
2024-09-04 00:18:20 {"status":"bad","gid":"569860","msg":"添加失败！号码【1422752(-|-)】已存在！"}
2024-09-04 00:18:20 随机等待 170 秒，约 2 分钟
2024-09-04 00:18:20 下次操作: 2024-09-04 00:21:10

2024-09-04 00:21:10 开始第 2754 次操作

2024-09-04 00:21:10 开始操作号码 【1422753】
2024-09-04 00:21:18 GSD getOne 第 1 次 等待 3 秒
2024-09-04 00:21:21 查询号码 【1422753】，返回信息 {"status":"ok","msg":"-","gid":"569891","time_insert":"2023-03-04 20:06"}
2024-09-04 00:21:21 查询号码 【1422753】，GSD为【"-"】
2024-09-04 00:21:21 ok && -
2024-09-04 00:21:25 CHB 1422753?1725380481 第 1 次 等待 3 秒
2024-09-04 00:21:28 CHB 1422753?1725380481 第 1 次 获取到号码【1422753】GSD
2024-09-04 00:21:28 未获取到号码【1422753】GSD，可能号码格式错误
2024-09-04 00:21:28 获取到号码【1422753】的GSD为【-】
2024-09-04 00:21:36 GSD insert 第 1 次 等待 3 秒
2024-09-04 00:21:39 {"status":"bad","gid":"569891","msg":"添加失败！号码【1422753(-|-)】已存在！"}
2024-09-04 00:21:39 随机等待 232 秒，约 3 分钟
2024-09-04 00:21:39 下次操作: 2024-09-04 00:25:31

2024-09-04 00:25:31 开始第 2755 次操作

2024-09-04 00:25:31 开始操作号码 【1422754】
2024-09-04 00:25:48 GSD getOne 第 1 次 等待 3 秒
2024-09-04 00:25:51 查询号码 【1422754】，返回信息 {"status":"ok","msg":"-","gid":"569916","time_insert":"2023-03-04 20:29"}
2024-09-04 00:25:51 查询号码 【1422754】，GSD为【"-"】
2024-09-04 00:25:51 ok && -
2024-09-04 00:25:52 CHB 1422754?1725380751 第 1 次 等待 3 秒
2024-09-04 00:25:55 CHB 1422754?1725380751 第 1 次 获取到号码【1422754】GSD
2024-09-04 00:25:55 未获取到号码【1422754】GSD，可能号码格式错误
2024-09-04 00:25:55 获取到号码【1422754】的GSD为【-】
2024-09-04 00:26:03 GSD insert 第 1 次 等待 3 秒
2024-09-04 00:26:06 {"status":"bad","gid":"569916","msg":"添加失败！号码【1422754(-|-)】已存在！"}
2024-09-04 00:26:06 随机等待 172 秒，约 2 分钟
2024-09-04 00:26:06 下次操作: 2024-09-04 00:28:58

2024-09-04 00:28:58 开始第 2756 次操作

2024-09-04 00:28:58 开始操作号码 【1422755】
2024-09-04 00:29:06 GSD getOne 第 1 次 等待 3 秒
2024-09-04 00:29:09 查询号码 【1422755】，返回信息 {"status":"ok","msg":"-","gid":"569931","time_insert":"2023-03-04 20:39"}
2024-09-04 00:29:10 查询号码 【1422755】，GSD为【"-"】
2024-09-04 00:29:10 ok && -
2024-09-04 00:29:12 CHB 1422755?1725380950 第 1 次 等待 3 秒
2024-09-04 00:29:15 CHB 1422755?1725380950 第 1 次 获取到号码【1422755】GSD
2024-09-04 00:29:15 未获取到号码【1422755】GSD，可能号码格式错误
2024-09-04 00:29:15 获取到号码【1422755】的GSD为【-】
2024-09-04 00:29:23 GSD insert 第 1 次 等待 3 秒
2024-09-04 00:29:26 {"status":"bad","gid":"569931","msg":"添加失败！号码【1422755(-|-)】已存在！"}

