2024-11-19 00:28:45 开始第 5469 次操作

2024-11-19 00:28:45 开始操作号码 【1325468】
2024-11-19 00:28:46 GSD getOne 第 1 次 等待 3 秒
2024-11-19 00:28:49 查询号码 【1325468】，返回信息 {"status":"ok","msg":"上海-上海","gid":"248428","time_insert":"2021-07-11 13:42"}
2024-11-19 00:28:50 查询号码 【1325468】，GSD为【"上海-上海"】

2024-11-19 00:28:51 开始第 5470 次操作

2024-11-19 00:28:51 开始操作号码 【1325469】
2024-11-19 00:28:52 GSD getOne 第 1 次 等待 3 秒
2024-11-19 00:28:55 查询号码 【1325469】，返回信息 {"status":"ok","msg":"上海-上海","gid":"248420","time_insert":"2021-07-11 13:41"}
2024-11-19 00:28:55 查询号码 【1325469】，GSD为【"上海-上海"】

2024-11-19 00:28:56 开始第 5471 次操作

2024-11-19 00:28:56 开始操作号码 【1325470】
2024-11-19 00:28:57 GSD getOne 第 1 次 等待 3 秒
2024-11-19 00:29:00 查询号码 【1325470】，返回信息 {"status":"ok","msg":"上海-上海","gid":"248412","time_insert":"2021-07-11 13:41"}
2024-11-19 00:29:00 查询号码 【1325470】，GSD为【"上海-上海"】

2024-11-19 00:29:01 开始第 5472 次操作

2024-11-19 00:29:01 开始操作号码 【1325471】
2024-11-19 00:29:02 GSD getOne 第 1 次 等待 3 秒
2024-11-19 00:29:05 查询号码 【1325471】，返回信息 {"status":"ok","msg":"上海-上海","gid":"248405","time_insert":"2021-07-11 13:40"}
2024-11-19 00:29:05 查询号码 【1325471】，GSD为【"上海-上海"】

