2023-12-17 00:12:52 开始第 3705 次操作

2023-12-17 00:12:52 开始操作号码 【1863598】
2023-12-17 00:12:57 GSD getOne 第 1 次 等待 3 秒
2023-12-17 00:13:00 查询号码 【1863598】，返回信息 {"status":"ok","msg":"山西-运城","gid":"475763","time_insert":"2021-08-02 05:15"}
2023-12-17 00:13:00 查询号码 【1863598】，GSD为【"山西-运城"】

2023-12-17 00:13:01 开始第 3706 次操作

2023-12-17 00:13:01 开始操作号码 【1863599】
2023-12-17 00:13:06 GSD getOne 第 1 次 等待 3 秒
2023-12-17 00:13:09 查询号码 【1863599】，返回信息 {"status":"ok","msg":"山西-朔州","gid":"475759","time_insert":"2021-08-02 05:14"}
2023-12-17 00:13:09 查询号码 【1863599】，GSD为【"山西-朔州"】

2023-12-17 00:13:10 开始第 3707 次操作

2023-12-17 00:13:10 开始操作号码 【1863600】
2023-12-17 00:13:15 GSD getOne 第 1 次 等待 3 秒
2023-12-17 00:13:18 查询号码 【1863600】，返回信息 {"status":"ok","msg":"山西-忻州","gid":"475754","time_insert":"2021-08-02 05:13"}
2023-12-17 00:13:18 查询号码 【1863600】，GSD为【"山西-忻州"】

2023-12-17 00:13:19 开始第 3708 次操作

2023-12-17 00:13:19 开始操作号码 【1863601】
2023-12-17 00:13:23 GSD getOne 第 1 次 等待 3 秒
2023-12-17 00:13:26 查询号码 【1863601】，返回信息 {"status":"ok","msg":"山西-忻州","gid":"475748","time_insert":"2021-08-02 05:12"}
2023-12-17 00:13:27 查询号码 【1863601】，GSD为【"山西-忻州"】

