2024-10-19 00:26:27 开始第 245 次操作

2024-10-19 00:26:27 开始操作号码 【1320244】
2024-10-19 00:26:29 GSD getOne 第 1 次 等待 3 秒
2024-10-19 00:26:32 查询号码 【1320244】，返回信息 {"status":"ok","msg":"广东-佛山","gid":"52869","time_insert":"2021-04-29 02:14"}
2024-10-19 00:26:32 查询号码 【1320244】，GSD为【"广东-佛山"】

2024-10-19 00:26:33 开始第 246 次操作

2024-10-19 00:26:33 开始操作号码 【1320245】
2024-10-19 00:26:34 GSD getOne 第 1 次 等待 3 秒
2024-10-19 00:26:37 查询号码 【1320245】，返回信息 {"status":"ok","msg":"广东-佛山","gid":"52874","time_insert":"2021-04-29 03:09"}
2024-10-19 00:26:37 查询号码 【1320245】，GSD为【"广东-佛山"】

2024-10-19 00:26:38 开始第 247 次操作

2024-10-19 00:26:38 开始操作号码 【1320246】
2024-10-19 00:26:39 GSD getOne 第 1 次 等待 3 秒
2024-10-19 00:26:42 查询号码 【1320246】，返回信息 {"status":"ok","msg":"广东-佛山","gid":"52883","time_insert":"2021-04-29 05:57"}
2024-10-19 00:26:42 查询号码 【1320246】，GSD为【"广东-佛山"】

2024-10-19 00:26:43 开始第 248 次操作

2024-10-19 00:26:43 开始操作号码 【1320247】
2024-10-19 00:26:44 GSD getOne 第 1 次 等待 3 秒
2024-10-19 00:26:47 查询号码 【1320247】，返回信息 {"status":"ok","msg":"广东-佛山","gid":"52894","time_insert":"2021-04-29 08:24"}
2024-10-19 00:26:47 查询号码 【1320247】，GSD为【"广东-佛山"】

2024-10-19 00:45:51 开始第 249 次操作

2024-10-19 00:45:51 开始操作号码 【1320248】
2024-10-19 00:45:52 GSD getOne 第 1 次 等待 3 秒
2024-10-19 00:45:55 查询号码 【1320248】，返回信息 {"status":"ok","msg":"广东-佛山","gid":"52910","time_insert":"2021-04-29 11:10"}
2024-10-19 00:45:55 查询号码 【1320248】，GSD为【"广东-佛山"】

2024-10-19 00:45:56 开始第 250 次操作

2024-10-19 00:45:56 开始操作号码 【1320249】
2024-10-19 00:45:57 GSD getOne 第 1 次 等待 3 秒
2024-10-19 00:46:00 查询号码 【1320249】，返回信息 {"status":"ok","msg":"广东-佛山","gid":"49931","time_insert":"2021-04-21 14:38"}
2024-10-19 00:46:00 查询号码 【1320249】，GSD为【"广东-佛山"】

2024-10-19 00:46:01 开始第 251 次操作

2024-10-19 00:46:01 开始操作号码 【1320250】
2024-10-19 00:46:02 GSD getOne 第 1 次 等待 3 秒
2024-10-19 00:46:05 查询号码 【1320250】，返回信息 {"status":"ok","msg":"广东-广州","gid":"53127","time_insert":"2021-04-29 14:12"}
2024-10-19 00:46:05 查询号码 【1320250】，GSD为【"广东-广州"】

2024-10-19 00:46:06 开始第 252 次操作

2024-10-19 00:46:06 开始操作号码 【1320251】
2024-10-19 00:46:07 GSD getOne 第 1 次 等待 3 秒
2024-10-19 00:46:10 查询号码 【1320251】，返回信息 {"status":"ok","msg":"广东-广州","gid":"54946","time_insert":"2021-04-29 17:09"}
2024-10-19 00:46:10 查询号码 【1320251】，GSD为【"广东-广州"】

