2024-02-03 00:11:39 开始第 1637 次操作

2024-02-03 00:11:39 开始操作号码 【1751530】
2024-02-03 00:11:43 GSD getOne 第 1 次 等待 3 秒
2024-02-03 00:11:46 查询号码 【1751530】，返回信息 {"status":"ok","msg":"山东-菏泽","gid":"148588","time_insert":"2021-06-28 19:37"}
2024-02-03 00:11:46 查询号码 【1751530】，GSD为【"山东-菏泽"】

2024-02-03 00:11:47 开始第 1638 次操作

2024-02-03 00:11:47 开始操作号码 【1751531】
2024-02-03 00:11:51 GSD getOne 第 1 次 等待 3 秒
2024-02-03 00:11:54 查询号码 【1751531】，返回信息 {"status":"ok","msg":"山东-济南","gid":"148594","time_insert":"2021-06-28 19:37"}
2024-02-03 00:11:54 查询号码 【1751531】，GSD为【"山东-济南"】

2024-02-03 00:11:55 开始第 1639 次操作

2024-02-03 00:11:55 开始操作号码 【1751532】
2024-02-03 00:11:59 GSD getOne 第 1 次 等待 3 秒
2024-02-03 00:12:02 查询号码 【1751532】，返回信息 {"status":"ok","msg":"山东-青岛","gid":"148601","time_insert":"2021-06-28 19:38"}
2024-02-03 00:12:02 查询号码 【1751532】，GSD为【"山东-青岛"】

2024-02-03 00:12:03 开始第 1640 次操作

2024-02-03 00:12:03 开始操作号码 【1751533】
2024-02-03 00:12:08 GSD getOne 第 1 次 等待 3 秒
2024-02-03 00:12:11 查询号码 【1751533】，返回信息 {"status":"ok","msg":"山东-淄博","gid":"148607","time_insert":"2021-06-28 19:38"}
2024-02-03 00:12:11 查询号码 【1751533】，GSD为【"山东-淄博"】

2024-02-03 00:34:44 开始第 1641 次操作

2024-02-03 00:34:44 开始操作号码 【1751534】
2024-02-03 00:34:49 GSD getOne 第 1 次 等待 3 秒
2024-02-03 00:34:52 查询号码 【1751534】，返回信息 {"status":"ok","msg":"山东-德州","gid":"148613","time_insert":"2021-06-28 19:38"}
2024-02-03 00:34:52 查询号码 【1751534】，GSD为【"山东-德州"】

2024-02-03 00:34:53 开始第 1642 次操作

2024-02-03 00:34:53 开始操作号码 【1751535】
2024-02-03 00:34:57 GSD getOne 第 1 次 等待 3 秒
2024-02-03 00:35:00 查询号码 【1751535】，返回信息 {"status":"ok","msg":"山东-烟台","gid":"148619","time_insert":"2021-06-28 19:39"}
2024-02-03 00:35:00 查询号码 【1751535】，GSD为【"山东-烟台"】

2024-02-03 00:35:01 开始第 1643 次操作

2024-02-03 00:35:01 开始操作号码 【1751536】
2024-02-03 00:35:05 GSD getOne 第 1 次 等待 3 秒
2024-02-03 00:35:08 查询号码 【1751536】，返回信息 {"status":"ok","msg":"山东-潍坊","gid":"148625","time_insert":"2021-06-28 19:39"}
2024-02-03 00:35:08 查询号码 【1751536】，GSD为【"山东-潍坊"】

2024-02-03 00:35:09 开始第 1644 次操作

2024-02-03 00:35:09 开始操作号码 【1751537】
2024-02-03 00:35:14 GSD getOne 第 1 次 等待 3 秒
2024-02-03 00:35:17 查询号码 【1751537】，返回信息 {"status":"ok","msg":"山东-济宁","gid":"148631","time_insert":"2021-06-28 19:40"}
2024-02-03 00:35:17 查询号码 【1751537】，GSD为【"山东-济宁"】

2024-02-03 01:10:48 开始第 1645 次操作

2024-02-03 01:10:48 开始操作号码 【1751538】
2024-02-03 01:10:52 GSD getOne 第 1 次 等待 3 秒
2024-02-03 01:10:55 查询号码 【1751538】，返回信息 {"status":"ok","msg":"山东-泰安","gid":"148636","time_insert":"2021-06-28 19:40"}
2024-02-03 01:10:55 查询号码 【1751538】，GSD为【"山东-泰安"】

2024-02-03 01:10:56 开始第 1646 次操作

2024-02-03 01:10:56 开始操作号码 【1751539】
2024-02-03 01:11:01 GSD getOne 第 1 次 等待 3 秒
2024-02-03 01:11:04 查询号码 【1751539】，返回信息 {"status":"ok","msg":"山东-临沂","gid":"148641","time_insert":"2021-06-28 19:40"}
2024-02-03 01:11:04 查询号码 【1751539】，GSD为【"山东-临沂"】

2024-02-03 01:11:05 开始第 1647 次操作

2024-02-03 01:11:05 开始操作号码 【1751540】
2024-02-03 01:11:09 GSD getOne 第 1 次 等待 3 秒
2024-02-03 01:11:12 查询号码 【1751540】，返回信息 {"status":"ok","msg":"山东-菏泽","gid":"148649","time_insert":"2021-06-28 19:41"}
2024-02-03 01:11:12 查询号码 【1751540】，GSD为【"山东-菏泽"】

2024-02-03 01:11:13 开始第 1648 次操作

2024-02-03 01:11:13 开始操作号码 【1751541】
2024-02-03 01:11:17 GSD getOne 第 1 次 等待 3 秒
2024-02-03 01:11:20 查询号码 【1751541】，返回信息 {"status":"ok","msg":"山东-济南","gid":"148657","time_insert":"2021-06-28 19:41"}
2024-02-03 01:11:20 查询号码 【1751541】，GSD为【"山东-济南"】

2024-02-03 01:33:56 开始第 1649 次操作

2024-02-03 01:33:56 开始操作号码 【1751542】
2024-02-03 01:34:00 GSD getOne 第 1 次 等待 3 秒
2024-02-03 01:34:03 查询号码 【1751542】，返回信息 {"status":"ok","msg":"山东-青岛","gid":"148661","time_insert":"2021-06-28 19:42"}
2024-02-03 01:34:03 查询号码 【1751542】，GSD为【"山东-青岛"】

2024-02-03 01:34:04 开始第 1650 次操作

2024-02-03 01:34:04 开始操作号码 【1751543】
2024-02-03 01:34:08 GSD getOne 第 1 次 等待 3 秒
2024-02-03 01:34:11 查询号码 【1751543】，返回信息 {"status":"ok","msg":"山东-滨州","gid":"148668","time_insert":"2021-06-28 19:42"}
2024-02-03 01:34:11 查询号码 【1751543】，GSD为【"山东-滨州"】

2024-02-03 01:34:12 开始第 1651 次操作

2024-02-03 01:34:12 开始操作号码 【1751544】
2024-02-03 01:34:16 GSD getOne 第 1 次 等待 3 秒
2024-02-03 01:34:19 查询号码 【1751544】，返回信息 {"status":"ok","msg":"山东-聊城","gid":"148671","time_insert":"2021-06-28 19:43"}
2024-02-03 01:34:19 查询号码 【1751544】，GSD为【"山东-聊城"】

2024-02-03 01:34:20 开始第 1652 次操作

2024-02-03 01:34:20 开始操作号码 【1751545】
2024-02-03 01:34:25 GSD getOne 第 1 次 等待 3 秒
2024-02-03 01:34:28 查询号码 【1751545】，返回信息 {"status":"ok","msg":"山东-聊城","gid":"148676","time_insert":"2021-06-28 19:43"}
2024-02-03 01:34:28 查询号码 【1751545】，GSD为【"山东-聊城"】

2024-02-03 02:13:37 开始第 1653 次操作

2024-02-03 02:13:37 开始操作号码 【1751546】
2024-02-03 02:13:41 GSD getOne 第 1 次 等待 3 秒
2024-02-03 02:13:44 查询号码 【1751546】，返回信息 {"status":"ok","msg":"山东-东营","gid":"148684","time_insert":"2021-06-28 19:44"}
2024-02-03 02:13:44 查询号码 【1751546】，GSD为【"山东-东营"】

2024-02-03 02:13:45 开始第 1654 次操作

2024-02-03 02:13:45 开始操作号码 【1751547】
2024-02-03 02:13:50 GSD getOne 第 1 次 等待 3 秒
2024-02-03 02:13:53 查询号码 【1751547】，返回信息 {"status":"ok","msg":"山东-济宁","gid":"148955","time_insert":"2021-06-28 21:30"}
2024-02-03 02:13:53 查询号码 【1751547】，GSD为【"山东-济宁"】

2024-02-03 02:13:54 开始第 1655 次操作

2024-02-03 02:13:54 开始操作号码 【1751548】
2024-02-03 02:13:58 GSD getOne 第 1 次 等待 3 秒
2024-02-03 02:14:01 查询号码 【1751548】，返回信息 {"status":"ok","msg":"山东-泰安","gid":"148957","time_insert":"2021-06-28 21:30"}
2024-02-03 02:14:01 查询号码 【1751548】，GSD为【"山东-泰安"】

2024-02-03 02:14:02 开始第 1656 次操作

2024-02-03 02:14:02 开始操作号码 【1751549】
2024-02-03 02:14:06 GSD getOne 第 1 次 等待 3 秒
2024-02-03 02:14:09 查询号码 【1751549】，返回信息 {"status":"ok","msg":"山东-临沂","gid":"148959","time_insert":"2021-06-28 21:31"}
2024-02-03 02:14:09 查询号码 【1751549】，GSD为【"山东-临沂"】

2024-02-03 02:35:26 开始第 1657 次操作

2024-02-03 02:35:26 开始操作号码 【1751550】
2024-02-03 02:35:30 GSD getOne 第 1 次 等待 3 秒
2024-02-03 02:35:33 查询号码 【1751550】，返回信息 {"status":"ok","msg":"山东-枣庄","gid":"148961","time_insert":"2021-06-28 21:31"}
2024-02-03 02:35:33 查询号码 【1751550】，GSD为【"山东-枣庄"】

2024-02-03 02:35:34 开始第 1658 次操作

2024-02-03 02:35:34 开始操作号码 【1751551】
2024-02-03 02:35:37 GSD getOne 第 1 次 等待 3 秒
2024-02-03 02:35:41 查询号码 【1751551】，返回信息 {"status":"ok","msg":"山东-枣庄","gid":"148964","time_insert":"2021-06-28 21:31"}
2024-02-03 02:35:41 查询号码 【1751551】，GSD为【"山东-枣庄"】

2024-02-03 02:35:42 开始第 1659 次操作

2024-02-03 02:35:42 开始操作号码 【1751552】
2024-02-03 02:35:45 GSD getOne 第 1 次 等待 3 秒
2024-02-03 02:35:48 查询号码 【1751552】，返回信息 {"status":"ok","msg":"山东-枣庄","gid":"148967","time_insert":"2021-06-28 21:32"}
2024-02-03 02:35:49 查询号码 【1751552】，GSD为【"山东-枣庄"】

2024-02-03 02:35:50 开始第 1660 次操作

2024-02-03 02:35:50 开始操作号码 【1751553】
2024-02-03 02:35:53 GSD getOne 第 1 次 等待 3 秒
2024-02-03 02:35:56 查询号码 【1751553】，返回信息 {"status":"ok","msg":"山东-枣庄","gid":"148976","time_insert":"2021-06-28 21:32"}
2024-02-03 02:35:56 查询号码 【1751553】，GSD为【"山东-枣庄"】

2024-02-03 03:10:00 开始第 1661 次操作

2024-02-03 03:10:00 开始操作号码 【1751554】
2024-02-03 03:10:04 GSD getOne 第 1 次 等待 3 秒
2024-02-03 03:10:07 查询号码 【1751554】，返回信息 {"status":"ok","msg":"山东-枣庄","gid":"148983","time_insert":"2021-06-28 21:33"}
2024-02-03 03:10:07 查询号码 【1751554】，GSD为【"山东-枣庄"】

2024-02-03 03:10:08 开始第 1662 次操作

2024-02-03 03:10:08 开始操作号码 【1751555】
2024-02-03 03:10:12 GSD getOne 第 1 次 等待 3 秒
2024-02-03 03:10:15 查询号码 【1751555】，返回信息 {"status":"ok","msg":"山东-枣庄","gid":"148991","time_insert":"2021-06-28 21:33"}
2024-02-03 03:10:15 查询号码 【1751555】，GSD为【"山东-枣庄"】

2024-02-03 03:10:16 开始第 1663 次操作

2024-02-03 03:10:16 开始操作号码 【1751556】
2024-02-03 03:10:20 GSD getOne 第 1 次 等待 3 秒
2024-02-03 03:10:23 查询号码 【1751556】，返回信息 {"status":"ok","msg":"山东-枣庄","gid":"148994","time_insert":"2021-06-28 21:33"}
2024-02-03 03:10:23 查询号码 【1751556】，GSD为【"山东-枣庄"】

2024-02-03 03:10:24 开始第 1664 次操作

2024-02-03 03:10:24 开始操作号码 【1751557】
2024-02-03 03:10:28 GSD getOne 第 1 次 等待 3 秒
2024-02-03 03:10:31 查询号码 【1751557】，返回信息 {"status":"ok","msg":"山东-枣庄","gid":"149007","time_insert":"2021-06-28 21:34"}
2024-02-03 03:10:31 查询号码 【1751557】，GSD为【"山东-枣庄"】

2024-02-03 03:33:49 开始第 1665 次操作

2024-02-03 03:33:49 开始操作号码 【1751558】
2024-02-03 03:33:53 GSD getOne 第 1 次 等待 3 秒
2024-02-03 03:33:56 查询号码 【1751558】，返回信息 {"status":"ok","msg":"山东-德州","gid":"149011","time_insert":"2021-06-28 21:34"}
2024-02-03 03:33:56 查询号码 【1751558】，GSD为【"山东-德州"】

2024-02-03 03:33:57 开始第 1666 次操作

2024-02-03 03:33:57 开始操作号码 【1751559】
2024-02-03 03:34:01 GSD getOne 第 1 次 等待 3 秒
2024-02-03 03:34:04 查询号码 【1751559】，返回信息 {"status":"ok","msg":"山东-德州","gid":"149019","time_insert":"2021-06-28 21:35"}
2024-02-03 03:34:04 查询号码 【1751559】，GSD为【"山东-德州"】

2024-02-03 03:34:06 开始第 1667 次操作

2024-02-03 03:34:06 开始操作号码 【1751560】
2024-02-03 03:34:10 GSD getOne 第 1 次 等待 3 秒
2024-02-03 03:34:13 查询号码 【1751560】，返回信息 {"status":"ok","msg":"山东-德州","gid":"149026","time_insert":"2021-06-28 21:35"}
2024-02-03 03:34:13 查询号码 【1751560】，GSD为【"山东-德州"】

2024-02-03 03:34:14 开始第 1668 次操作

2024-02-03 03:34:14 开始操作号码 【1751561】
2024-02-03 03:34:18 GSD getOne 第 1 次 等待 3 秒
2024-02-03 03:34:21 查询号码 【1751561】，返回信息 {"status":"ok","msg":"山东-德州","gid":"149034","time_insert":"2021-06-28 21:36"}
2024-02-03 03:34:21 查询号码 【1751561】，GSD为【"山东-德州"】

2024-02-03 04:10:19 开始第 1669 次操作

2024-02-03 04:10:19 开始操作号码 【1751562】
2024-02-03 04:10:24 GSD getOne 第 1 次 等待 3 秒
2024-02-03 04:10:27 查询号码 【1751562】，返回信息 {"status":"ok","msg":"山东-德州","gid":"149039","time_insert":"2021-06-28 21:36"}
2024-02-03 04:10:27 查询号码 【1751562】，GSD为【"山东-德州"】

2024-02-03 04:10:28 开始第 1670 次操作

2024-02-03 04:10:28 开始操作号码 【1751563】
2024-02-03 04:10:32 GSD getOne 第 1 次 等待 3 秒
2024-02-03 04:10:35 查询号码 【1751563】，返回信息 {"status":"ok","msg":"山东-德州","gid":"149045","time_insert":"2021-06-28 21:36"}
2024-02-03 04:10:35 查询号码 【1751563】，GSD为【"山东-德州"】

2024-02-03 04:10:36 开始第 1671 次操作

2024-02-03 04:10:36 开始操作号码 【1751564】
2024-02-03 04:10:40 GSD getOne 第 1 次 等待 3 秒
2024-02-03 04:10:43 查询号码 【1751564】，返回信息 {"status":"ok","msg":"山东-德州","gid":"149055","time_insert":"2021-06-28 21:37"}
2024-02-03 04:10:43 查询号码 【1751564】，GSD为【"山东-德州"】

2024-02-03 04:10:44 开始第 1672 次操作

2024-02-03 04:10:44 开始操作号码 【1751565】
2024-02-03 04:10:49 GSD getOne 第 1 次 等待 3 秒
2024-02-03 04:10:52 查询号码 【1751565】，返回信息 {"status":"ok","msg":"山东-菏泽","gid":"149063","time_insert":"2021-06-28 21:37"}
2024-02-03 04:10:52 查询号码 【1751565】，GSD为【"山东-菏泽"】

