2023-11-13 00:12:02 开始第 8521 次操作

2023-11-13 00:12:02 开始操作号码 【1968413】
2023-11-13 00:12:06 GSD getOne 第 1 次 等待 3 秒
2023-11-13 00:12:09 查询号码 【1968413】，返回信息 {"status":"ok","msg":"-","gid":"586131","time_insert":"2023-03-12 15:43"}
2023-11-13 00:12:09 查询号码 【1968413】，GSD为【"-"】
2023-11-13 00:12:09 ok && -
2023-11-13 00:12:15 CHB 1968413?1699805529 第 1 次 等待 3 秒
2023-11-13 00:12:18 CHB 1968413?1699805529 第 1 次 获取到号码【1968413】GSD
2023-11-13 00:12:18 未获取到号码【1968413】GSD，可能号码格式错误
2023-11-13 00:12:18 获取到号码【1968413】的GSD为【-】
2023-11-13 00:12:25 GSD insert 第 1 次 等待 3 秒
2023-11-13 00:12:28 {"status":"bad","gid":"586131","msg":"添加失败！号码【1968413(-|-)】已存在！"}
2023-11-13 00:12:28 随机等待 162 秒，约 2 分钟
2023-11-13 00:12:28 下次操作: 2023-11-13 00:15:10

2023-11-13 00:15:10 开始第 8522 次操作

2023-11-13 00:15:10 开始操作号码 【1968414】
2023-11-13 00:15:13 GSD getOne 第 1 次 等待 3 秒
2023-11-13 00:15:16 查询号码 【1968414】，返回信息 {"status":"ok","msg":"-","gid":"586133","time_insert":"2023-03-12 15:45"}
2023-11-13 00:15:16 查询号码 【1968414】，GSD为【"-"】
2023-11-13 00:15:16 ok && -
2023-11-13 00:15:19 CHB 1968414?1699805716 第 1 次 等待 3 秒
2023-11-13 00:15:22 CHB 1968414?1699805716 第 1 次 获取到号码【1968414】GSD
2023-11-13 00:15:22 未获取到号码【1968414】GSD，可能号码格式错误
2023-11-13 00:15:22 获取到号码【1968414】的GSD为【-】
2023-11-13 00:15:25 GSD insert 第 1 次 等待 3 秒
2023-11-13 00:15:28 {"status":"bad","gid":"586133","msg":"添加失败！号码【1968414(-|-)】已存在！"}
2023-11-13 00:15:28 随机等待 217 秒，约 3 分钟
2023-11-13 00:15:28 下次操作: 2023-11-13 00:19:05

2023-11-13 00:19:05 开始第 8523 次操作

2023-11-13 00:19:05 开始操作号码 【1968415】
2023-11-13 00:19:08 GSD getOne 第 1 次 等待 3 秒
2023-11-13 00:19:11 查询号码 【1968415】，返回信息 {"status":"ok","msg":"-","gid":"586138","time_insert":"2023-03-12 15:47"}
2023-11-13 00:19:11 查询号码 【1968415】，GSD为【"-"】
2023-11-13 00:19:11 ok && -
2023-11-13 00:19:14 CHB 1968415?1699805951 第 1 次 等待 3 秒
2023-11-13 00:19:17 CHB 1968415?1699805951 第 1 次 获取到号码【1968415】GSD
2023-11-13 00:19:17 未获取到号码【1968415】GSD，可能号码格式错误
2023-11-13 00:19:17 获取到号码【1968415】的GSD为【-】
2023-11-13 00:19:25 GSD insert 第 1 次 等待 3 秒
2023-11-13 00:19:28 {"status":"bad","gid":"586138","msg":"添加失败！号码【1968415(-|-)】已存在！"}
2023-11-13 00:19:28 随机等待 154 秒，约 2 分钟
2023-11-13 00:19:28 下次操作: 2023-11-13 00:22:02

2023-11-13 00:22:02 开始第 8524 次操作

2023-11-13 00:22:02 开始操作号码 【1968416】
2023-11-13 00:22:05 GSD getOne 第 1 次 等待 3 秒
2023-11-13 00:22:08 查询号码 【1968416】，返回信息 {"status":"ok","msg":"-","gid":"586144","time_insert":"2023-03-12 15:49"}
2023-11-13 00:22:08 查询号码 【1968416】，GSD为【"-"】
2023-11-13 00:22:08 ok && -
2023-11-13 00:22:11 CHB 1968416?1699806128 第 1 次 等待 3 秒
2023-11-13 00:22:14 CHB 1968416?1699806128 第 1 次 获取到号码【1968416】GSD
2023-11-13 00:22:14 未获取到号码【1968416】GSD，可能号码格式错误
2023-11-13 00:22:14 获取到号码【1968416】的GSD为【-】
2023-11-13 00:22:18 GSD insert 第 1 次 等待 3 秒
2023-11-13 00:22:21 {"status":"bad","gid":"586144","msg":"添加失败！号码【1968416(-|-)】已存在！"}

2023-11-13 00:35:23 开始第 8525 次操作

2023-11-13 00:35:23 开始操作号码 【1968417】
2023-11-13 00:35:26 GSD getOne 第 1 次 等待 3 秒
2023-11-13 00:35:29 查询号码 【1968417】，返回信息 {"status":"ok","msg":"-","gid":"586148","time_insert":"2023-03-12 15:53"}
2023-11-13 00:35:29 查询号码 【1968417】，GSD为【"-"】
2023-11-13 00:35:29 ok && -
2023-11-13 00:35:32 CHB 1968417?1699806929 第 1 次 等待 3 秒
2023-11-13 00:35:35 CHB 1968417?1699806929 第 1 次 获取到号码【1968417】GSD
2023-11-13 00:35:35 未获取到号码【1968417】GSD，可能号码格式错误
2023-11-13 00:35:35 获取到号码【1968417】的GSD为【-】
2023-11-13 00:35:39 GSD insert 第 1 次 等待 3 秒
2023-11-13 00:35:42 {"status":"bad","gid":"586148","msg":"添加失败！号码【1968417(-|-)】已存在！"}
2023-11-13 00:35:42 随机等待 217 秒，约 3 分钟
2023-11-13 00:35:42 下次操作: 2023-11-13 00:39:19

2023-11-13 00:39:19 开始第 8526 次操作

2023-11-13 00:39:19 开始操作号码 【1968418】
2023-11-13 00:39:22 GSD getOne 第 1 次 等待 3 秒
2023-11-13 00:39:25 查询号码 【1968418】，返回信息 {"status":"ok","msg":"-","gid":"586152","time_insert":"2023-03-12 15:55"}
2023-11-13 00:39:25 查询号码 【1968418】，GSD为【"-"】
2023-11-13 00:39:25 ok && -
2023-11-13 00:39:28 CHB 1968418?1699807165 第 1 次 等待 3 秒
2023-11-13 00:39:31 CHB 1968418?1699807165 第 1 次 获取到号码【1968418】GSD
2023-11-13 00:39:31 未获取到号码【1968418】GSD，可能号码格式错误
2023-11-13 00:39:31 获取到号码【1968418】的GSD为【-】
2023-11-13 00:39:38 GSD insert 第 1 次 等待 3 秒
2023-11-13 00:39:41 {"status":"bad","gid":"586152","msg":"添加失败！号码【1968418(-|-)】已存在！"}
2023-11-13 00:39:41 随机等待 156 秒，约 2 分钟
2023-11-13 00:39:41 下次操作: 2023-11-13 00:42:17

2023-11-13 00:42:17 开始第 8527 次操作

2023-11-13 00:42:17 开始操作号码 【1968419】
2023-11-13 00:42:20 GSD getOne 第 1 次 等待 3 秒
2023-11-13 00:42:23 查询号码 【1968419】，返回信息 {"status":"ok","msg":"-","gid":"586154","time_insert":"2023-03-12 15:56"}
2023-11-13 00:42:23 查询号码 【1968419】，GSD为【"-"】
2023-11-13 00:42:23 ok && -
2023-11-13 00:42:27 CHB 1968419?1699807343 第 1 次 等待 3 秒
2023-11-13 00:42:30 CHB 1968419?1699807343 第 1 次 获取到号码【1968419】GSD
2023-11-13 00:42:30 未获取到号码【1968419】GSD，可能号码格式错误
2023-11-13 00:42:30 获取到号码【1968419】的GSD为【-】
2023-11-13 00:42:34 GSD insert 第 1 次 等待 3 秒
2023-11-13 00:42:37 {"status":"bad","gid":"586154","msg":"添加失败！号码【1968419(-|-)】已存在！"}
2023-11-13 00:42:37 随机等待 229 秒，约 3 分钟
2023-11-13 00:42:37 下次操作: 2023-11-13 00:46:26

2023-11-13 00:46:26 开始第 8528 次操作

2023-11-13 00:46:26 开始操作号码 【1968420】
2023-11-13 00:46:30 GSD getOne 第 1 次 等待 3 秒
2023-11-13 00:46:33 查询号码 【1968420】，返回信息 {"status":"ok","msg":"-","gid":"586163","time_insert":"2023-03-12 16:00"}
2023-11-13 00:46:33 查询号码 【1968420】，GSD为【"-"】
2023-11-13 00:46:33 ok && -
2023-11-13 00:46:36 CHB 1968420?1699807593 第 1 次 等待 3 秒
2023-11-13 00:46:39 CHB 1968420?1699807593 第 1 次 获取到号码【1968420】GSD
2023-11-13 00:46:39 未获取到号码【1968420】GSD，可能号码格式错误
2023-11-13 00:46:39 获取到号码【1968420】的GSD为【-】
2023-11-13 00:46:43 GSD insert 第 1 次 等待 3 秒
2023-11-13 00:46:46 {"status":"bad","gid":"586163","msg":"添加失败！号码【1968420(-|-)】已存在！"}

