2021-06-30 17:36:02 开始第 1 次操作

2021-06-30 17:36:02 开始操作号码 【1769756】
2021-06-30 17:36:05 GSD getOne 第 1 次 等待 1 秒
2021-06-30 17:36:06 查询号码 【1769756】，返回信息 {"status":"ok","msg":"-","time_insert":"2021-06-27 15:44"}
2021-06-30 17:36:07 查询号码 【1769756】，GSD为【"-"】
2021-06-30 17:36:07 ok && -
2021-06-30 17:36:08 CHB 1769756?1625045767 第 1 次 等待 1 秒
2021-06-30 17:36:09 CHB 1769756?1625045767 第 1 次 获取到号码【1769756】GSD
2021-06-30 17:36:09 获取到号码【1769756】的GSD为【青海-海东】
2021-06-30 17:36:29 GSD insert 第 1 次 等待 1 秒
2021-06-30 17:36:30 {"status":"ok","msg":"添加号码已存在，但为‘-’，修改成功！"}
2021-06-30 17:36:30 下次操作: 2021-06-30 17:36:40

2021-06-30 17:36:40 开始第 2 次操作

2021-06-30 17:36:40 开始操作号码 【1769755】
2021-06-30 17:36:53 GSD getOne 第 1 次 等待 1 秒
2021-06-30 17:36:54 查询号码 【1769755】，返回信息 {"status":"ok","msg":"-","time_insert":"2021-06-27 15:45"}
2021-06-30 17:36:54 查询号码 【1769755】，GSD为【"-"】
2021-06-30 17:36:54 ok && -
2021-06-30 17:36:56 CHB 1769755?1625045814 第 1 次 等待 1 秒
2021-06-30 17:36:57 CHB 1769755?1625045814 第 1 次 获取到号码【1769755】GSD
2021-06-30 17:36:57 获取到号码【1769755】的GSD为【青海-海东】
2021-06-30 17:37:17 GSD insert 第 1 次 等待 1 秒
2021-06-30 17:37:18 {"status":"ok","msg":"添加号码已存在，但为‘-’，修改成功！"}
2021-06-30 17:37:18 下次操作: 2021-06-30 17:37:33

2021-06-30 17:37:33 开始第 3 次操作

2021-06-30 17:37:33 开始操作号码 【1769754】
2021-06-30 17:37:36 GSD getOne 第 1 次 等待 1 秒
2021-06-30 17:37:37 查询号码 【1769754】，返回信息 {"status":"ok","msg":"-","time_insert":"2021-06-27 15:46"}
2021-06-30 17:37:38 查询号码 【1769754】，GSD为【"-"】
2021-06-30 17:37:38 ok && -
2021-06-30 17:37:39 CHB 1769754?1625045858 第 1 次 等待 1 秒
2021-06-30 17:37:40 CHB 1769754?1625045858 第 1 次 获取到号码【1769754】GSD
2021-06-30 17:37:40 获取到号码【1769754】的GSD为【青海-海东】
2021-06-30 17:38:00 GSD insert 第 1 次 等待 1 秒
2021-06-30 17:38:01 {"status":"ok","msg":"添加号码已存在，但为‘-’，修改成功！"}
2021-06-30 17:38:01 下次操作: 2021-06-30 17:38:09

2021-06-30 17:38:09 开始第 4 次操作

2021-06-30 17:38:09 开始操作号码 【1769753】
2021-06-30 17:38:19 GSD getOne 第 1 次 等待 1 秒
2021-06-30 17:38:20 查询号码 【1769753】，返回信息 {"status":"ok","msg":"-","time_insert":"2021-06-27 15:46"}
2021-06-30 17:38:20 查询号码 【1769753】，GSD为【"-"】
2021-06-30 17:38:20 ok && -
2021-06-30 17:38:22 CHB 1769753?1625045900 第 1 次 等待 1 秒
2021-06-30 17:38:23 CHB 1769753?1625045900 第 1 次 获取到号码【1769753】GSD
2021-06-30 17:38:23 获取到号码【1769753】的GSD为【青海-海东】
2021-06-30 17:38:43 GSD insert 第 1 次 等待 1 秒
2021-06-30 17:38:44 {"status":"ok","msg":"添加号码已存在，但为‘-’，修改成功！"}
2021-06-30 17:38:44 下次操作: 2021-06-30 17:39:01

2021-06-30 17:39:01 开始第 5 次操作

2021-06-30 17:39:01 开始操作号码 【1769752】
2021-06-30 17:39:04 GSD getOne 第 1 次 等待 1 秒
2021-06-30 17:39:05 查询号码 【1769752】，返回信息 {"status":"ok","msg":"-","time_insert":"2021-06-27 15:47"}
2021-06-30 17:39:05 查询号码 【1769752】，GSD为【"-"】
2021-06-30 17:39:05 ok && -
2021-06-30 17:39:07 CHB 1769752?1625045945 第 1 次 等待 1 秒
2021-06-30 17:39:08 CHB 1769752?1625045945 第 1 次 获取到号码【1769752】GSD
2021-06-30 17:39:08 获取到号码【1769752】的GSD为【青海-海东】
2021-06-30 17:39:28 GSD insert 第 1 次 等待 1 秒
2021-06-30 17:39:29 {"status":"ok","msg":"添加号码已存在，但为‘-’，修改成功！"}
2021-06-30 17:39:29 下次操作: 2021-06-30 17:39:36

2021-06-30 17:39:36 开始第 6 次操作

2021-06-30 17:39:36 开始操作号码 【1769751】
2021-06-30 17:39:56 GSD getOne 第 1 次 等待 1 秒
2021-06-30 17:39:57 查询号码 【1769751】，返回信息 {"status":"ok","msg":"-","time_insert":"2021-06-27 15:47"}
2021-06-30 17:39:57 查询号码 【1769751】，GSD为【"-"】
2021-06-30 17:39:57 ok && -
2021-06-30 17:39:59 CHB 1769751?1625045997 第 1 次 等待 1 秒
2021-06-30 17:40:00 CHB 1769751?1625045997 第 1 次 获取到号码【1769751】GSD
2021-06-30 17:40:00 获取到号码【1769751】的GSD为【青海-海东】
2021-06-30 17:40:20 GSD insert 第 1 次 等待 1 秒
2021-06-30 17:40:21 {"status":"ok","msg":"添加号码已存在，但为‘-’，修改成功！"}
2021-06-30 17:40:21 下次操作: 2021-06-30 17:40:37

2021-06-30 17:40:37 开始第 7 次操作

2021-06-30 17:40:37 开始操作号码 【1769750】
2021-06-30 17:40:41 GSD getOne 第 1 次 等待 1 秒
2021-06-30 17:40:42 查询号码 【1769750】，返回信息 {"status":"ok","msg":"青海-海东","time_insert":"2020-12-29 10:45"}
2021-06-30 17:40:42 查询号码 【1769750】，GSD为【"青海-海东"】

2021-06-30 17:40:42 开始第 7 次操作

2021-06-30 17:40:42 开始操作号码 【1769749】
2021-06-30 17:41:02 GSD getOne 第 1 次 等待 1 秒
2021-06-30 17:41:03 查询号码 【1769749】，返回信息 {"status":"ok","msg":"-","time_insert":"2021-06-27 15:48"}
2021-06-30 17:41:03 查询号码 【1769749】，GSD为【"-"】
2021-06-30 17:41:03 ok && -
2021-06-30 17:41:04 CHB 1769749?1625046063 第 1 次 等待 1 秒
2021-06-30 17:41:05 CHB 1769749?1625046063 第 1 次 获取到号码【1769749】GSD
2021-06-30 17:41:05 获取到号码【1769749】的GSD为【青海-海东】
2021-06-30 17:41:28 GSD insert 第 1 次 等待 1 秒
2021-06-30 17:41:29 {"status":"ok","msg":"添加号码已存在，但为‘-’，修改成功！"}
2021-06-30 17:41:29 下次操作: 2021-06-30 17:41:43

2021-06-30 17:41:43 开始第 8 次操作

2021-06-30 17:41:43 开始操作号码 【1769748】
2021-06-30 17:41:47 GSD getOne 第 1 次 等待 1 秒
2021-06-30 17:41:48 查询号码 【1769748】，返回信息 {"status":"ok","msg":"-","time_insert":"2021-06-27 15:49"}
2021-06-30 17:41:49 查询号码 【1769748】，GSD为【"-"】
2021-06-30 17:41:49 ok && -
2021-06-30 17:41:50 CHB 1769748?1625046109 第 1 次 等待 1 秒
2021-06-30 17:41:51 CHB 1769748?1625046109 第 1 次 获取到号码【1769748】GSD
2021-06-30 17:41:51 获取到号码【1769748】的GSD为【青海-海东】
2021-06-30 17:42:11 GSD insert 第 1 次 等待 1 秒
2021-06-30 17:42:12 {"status":"ok","msg":"添加号码已存在，但为‘-’，修改成功！"}
2021-06-30 17:42:12 下次操作: 2021-06-30 17:42:20

2021-06-30 17:42:20 开始第 9 次操作

2021-06-30 17:42:20 开始操作号码 【1769747】
2021-06-30 17:42:30 GSD getOne 第 1 次 等待 1 秒
2021-06-30 17:42:31 查询号码 【1769747】，返回信息 {"status":"ok","msg":"-","time_insert":"2021-06-27 15:49"}
2021-06-30 17:42:31 查询号码 【1769747】，GSD为【"-"】
2021-06-30 17:42:31 ok && -
2021-06-30 17:42:32 CHB 1769747?1625046151 第 1 次 等待 1 秒
2021-06-30 17:42:33 CHB 1769747?1625046151 第 1 次 获取到号码【1769747】GSD
2021-06-30 17:42:33 获取到号码【1769747】的GSD为【青海-海东】
2021-06-30 17:42:54 GSD insert 第 1 次 等待 1 秒
2021-06-30 17:42:55 {"status":"ok","msg":"添加号码已存在，但为‘-’，修改成功！"}
2021-06-30 17:42:55 下次操作: 2021-06-30 17:43:07

2021-06-30 17:43:07 开始第 10 次操作

2021-06-30 17:43:07 开始操作号码 【1769746】
2021-06-30 17:43:14 GSD getOne 第 1 次 等待 1 秒
2021-06-30 17:43:15 查询号码 【1769746】，返回信息 {"status":"ok","msg":"-","time_insert":"2021-06-27 15:50"}
2021-06-30 17:43:15 查询号码 【1769746】，GSD为【"-"】
2021-06-30 17:43:15 ok && -
2021-06-30 17:43:17 CHB 1769746?1625046195 第 1 次 等待 1 秒
2021-06-30 17:43:18 CHB 1769746?1625046195 第 1 次 获取到号码【1769746】GSD
2021-06-30 17:43:19 获取到号码【1769746】的GSD为【青海-海东】
2021-06-30 17:43:41 GSD insert 第 1 次 等待 1 秒
2021-06-30 17:43:42 {"status":"ok","msg":"添加号码已存在，但为‘-’，修改成功！"}
2021-06-30 17:43:42 下次操作: 2021-06-30 17:43:50

2021-06-30 17:43:50 开始第 11 次操作

2021-06-30 17:43:50 开始操作号码 【1769745】
2021-06-30 17:44:09 GSD getOne 第 1 次 等待 1 秒
2021-06-30 17:44:10 查询号码 【1769745】，返回信息 {"status":"ok","msg":"-","time_insert":"2021-06-27 15:51"}
2021-06-30 17:44:10 查询号码 【1769745】，GSD为【"-"】
2021-06-30 17:44:10 ok && -
2021-06-30 17:44:11 CHB 1769745?1625046250 第 1 次 等待 1 秒
2021-06-30 17:44:12 CHB 1769745?1625046250 第 1 次 获取到号码【1769745】GSD
2021-06-30 17:44:12 获取到号码【1769745】的GSD为【青海-西宁】
2021-06-30 17:44:32 GSD insert 第 1 次 等待 1 秒
2021-06-30 17:44:33 {"status":"ok","msg":"添加号码已存在，但为‘-’，修改成功！"}
2021-06-30 17:44:33 下次操作: 2021-06-30 17:44:43

2021-06-30 17:44:43 开始第 12 次操作

2021-06-30 17:44:43 开始操作号码 【1769744】
2021-06-30 17:44:54 GSD getOne 第 1 次 等待 1 秒
2021-06-30 17:44:55 查询号码 【1769744】，返回信息 {"status":"ok","msg":"-","time_insert":"2021-06-27 15:51"}
2021-06-30 17:44:55 查询号码 【1769744】，GSD为【"-"】
2021-06-30 17:44:55 ok && -
2021-06-30 17:44:56 CHB 1769744?1625046295 第 1 次 等待 1 秒
2021-06-30 17:44:57 CHB 1769744?1625046295 第 1 次 获取到号码【1769744】GSD
2021-06-30 17:44:57 获取到号码【1769744】的GSD为【青海-海东】
2021-06-30 17:45:18 GSD insert 第 1 次 等待 1 秒
2021-06-30 17:45:19 {"status":"ok","msg":"添加号码已存在，但为‘-’，修改成功！"}
2021-06-30 17:45:19 下次操作: 2021-06-30 17:45:34

2021-06-30 17:45:34 开始第 13 次操作

2021-06-30 17:45:34 开始操作号码 【1769743】
2021-06-30 17:45:45 GSD getOne 第 1 次 等待 1 秒
2021-06-30 17:45:46 查询号码 【1769743】，返回信息 {"status":"ok","msg":"-","time_insert":"2021-06-27 15:52"}
2021-06-30 17:45:46 查询号码 【1769743】，GSD为【"-"】
2021-06-30 17:45:46 ok && -
2021-06-30 17:45:48 CHB 1769743?1625046346 第 1 次 等待 1 秒
2021-06-30 17:45:49 CHB 1769743?1625046346 第 1 次 获取到号码【1769743】GSD
2021-06-30 17:45:49 获取到号码【1769743】的GSD为【青海-西宁】
2021-06-30 17:46:10 GSD insert 第 1 次 等待 1 秒
2021-06-30 17:46:11 {"status":"ok","msg":"添加号码已存在，但为‘-’，修改成功！"}
2021-06-30 17:46:11 下次操作: 2021-06-30 17:46:23

2021-06-30 17:46:23 开始第 14 次操作

2021-06-30 17:46:23 开始操作号码 【1769742】
2021-06-30 17:46:31 GSD getOne 第 1 次 等待 1 秒
2021-06-30 17:46:32 查询号码 【1769742】，返回信息 {"status":"ok","msg":"-","time_insert":"2021-06-27 16:44"}
2021-06-30 17:46:32 查询号码 【1769742】，GSD为【"-"】
2021-06-30 17:46:32 ok && -
2021-06-30 17:46:33 CHB 1769742?1625046392 第 1 次 等待 1 秒
2021-06-30 17:46:34 CHB 1769742?1625046392 第 1 次 获取到号码【1769742】GSD
2021-06-30 17:46:34 获取到号码【1769742】的GSD为【青海-西宁】
2021-06-30 17:46:54 GSD insert 第 1 次 等待 1 秒
2021-06-30 17:46:55 {"status":"ok","msg":"添加号码已存在，但为‘-’，修改成功！"}
2021-06-30 17:46:55 下次操作: 2021-06-30 17:47:11

2021-06-30 17:47:11 开始第 15 次操作

2021-06-30 17:47:11 开始操作号码 【1769741】
2021-06-30 17:47:16 GSD getOne 第 1 次 等待 1 秒
2021-06-30 17:47:17 查询号码 【1769741】，返回信息 {"status":"ok","msg":"-","time_insert":"2021-06-27 16:45"}
2021-06-30 17:47:17 查询号码 【1769741】，GSD为【"-"】
2021-06-30 17:47:17 ok && -
2021-06-30 17:47:21 CHB 1769741?1625046437 第 1 次 等待 1 秒
2021-06-30 17:47:22 CHB 1769741?1625046437 第 1 次 获取到号码【1769741】GSD
2021-06-30 17:47:22 获取到号码【1769741】的GSD为【青海-西宁】
2021-06-30 17:47:43 GSD insert 第 1 次 等待 1 秒
2021-06-30 17:47:44 {"status":"ok","msg":"添加号码已存在，但为‘-’，修改成功！"}
2021-06-30 17:47:44 下次操作: 2021-06-30 17:47:54

2021-06-30 17:47:54 开始第 16 次操作

2021-06-30 17:47:54 开始操作号码 【1769740】
2021-06-30 17:48:05 GSD getOne 第 1 次 等待 1 秒
2021-06-30 17:48:06 查询号码 【1769740】，返回信息 {"status":"ok","msg":"-","time_insert":"2021-06-27 16:46"}
2021-06-30 17:48:06 查询号码 【1769740】，GSD为【"-"】
2021-06-30 17:48:06 ok && -
2021-06-30 17:48:21 CHB 1769740?1625046486 第 1 次 等待 1 秒
2021-06-30 17:48:22 CHB 1769740?1625046486 第 1 次 获取到号码【1769740】GSD
2021-06-30 17:48:22 未获取到号码【1769740】GSD，查号吧 522 错误
2021-06-30 17:48:22 获取到号码【1769740】的GSD为【-】
2021-06-30 17:48:28 GSD insert 第 1 次 等待 1 秒
2021-06-30 17:48:29 {"status":"bad","msg":"添加失败！号码【1769740(-|-)】已存在！"}
2021-06-30 17:48:29 下次操作: 2021-06-30 17:48:36

2021-06-30 17:48:36 开始第 17 次操作

2021-06-30 17:48:36 开始操作号码 【1769739】
2021-06-30 17:48:55 GSD getOne 第 1 次 等待 1 秒
2021-06-30 17:48:56 查询号码 【1769739】，返回信息 {"status":"ok","msg":"青海-海东","time_insert":"2019-03-24 08:53","time_update":"2020-12-15 09:39"}
2021-06-30 17:48:56 查询号码 【1769739】，GSD为【"青海-海东"】

2021-06-30 17:48:56 开始第 17 次操作

2021-06-30 17:48:56 开始操作号码 【1769738】
2021-06-30 17:49:15 GSD getOne 第 1 次 等待 1 秒
2021-06-30 17:49:16 查询号码 【1769738】，返回信息 {"status":"ok","msg":"-","time_insert":"2021-06-27 16:48"}
2021-06-30 17:49:16 查询号码 【1769738】，GSD为【"-"】
2021-06-30 17:49:16 ok && -
2021-06-30 17:49:20 CHB 1769738?1625046556 第 1 次 等待 1 秒
2021-06-30 17:49:21 CHB 1769738?1625046556 第 1 次 获取到号码【1769738】GSD
2021-06-30 17:49:21 获取到号码【1769738】的GSD为【青海-海东】
2021-06-30 17:49:43 GSD insert 第 1 次 等待 1 秒
2021-06-30 17:49:44 {"status":"ok","msg":"添加号码已存在，但为‘-’，修改成功！"}
2021-06-30 17:49:44 下次操作: 2021-06-30 17:49:55

2021-06-30 17:49:55 开始第 18 次操作

2021-06-30 17:49:55 开始操作号码 【1769737】
2021-06-30 17:50:07 GSD getOne 第 1 次 等待 1 秒
2021-06-30 17:50:08 查询号码 【1769737】，返回信息 {"status":"ok","msg":"-","time_insert":"2021-06-27 16:48"}
2021-06-30 17:50:08 查询号码 【1769737】，GSD为【"-"】
2021-06-30 17:50:08 ok && -
2021-06-30 17:50:19 CHB 1769737?1625046608 第 1 次 等待 1 秒
2021-06-30 17:50:20 CHB 1769737?1625046608 第 1 次 获取到号码【1769737】GSD
2021-06-30 17:50:20 获取到号码【1769737】的GSD为【<html> <head><title>520 Origin Error</title></head> <body bgcolor="white"> <center><h1>520 Origin Error</h1></center> <hr><center>cloudflare-nginx</center> </body> </html>-<html> <head><title>520 Origin Error</title></head> <body bgcolor="white"> <center><h1>520 Origin Error</h1></center> <hr><center>cloudflare-nginx</center> </body> </html>】
2021-06-30 17:50:24 GSD insert 第 1 次 等待 1 秒
2021-06-30 17:50:25 <!DOCTYPE HTML PUBLIC "-//W3C//DTD HTML 4.01//EN""http://www.w3.org/TR/html4/strict.dtd">
<HTML><HEAD><TITLE>Bad Request</TITLE>
<META HTTP-EQUIV="Content-Type" Content="text/html; charset=us-ascii"></HEAD>
<BODY><h2>Bad Request</h2>
<hr><p>HTTP Error 400. The request is badly formed.</p>
</BODY></HTML>
2021-06-30 17:50:25 下次操作: 2021-06-30 17:50:41

2021-06-30 17:50:41 开始第 19 次操作

2021-06-30 17:50:41 开始操作号码 【1769736】
2021-06-30 17:52:51 GSD getOne 第 1 次 等待 1 秒
2021-06-30 17:55:02 GSD getOne 第 2 次 等待 1 秒
2021-06-30 17:55:07 GSD getOne 第 3 次 等待 1 秒
2021-06-30 17:55:08 查询号码 【1769736】，返回信息 {"status":"ok","msg":"-","time_insert":"2021-06-27 16:49"}
2021-06-30 17:55:08 查询号码 【1769736】，GSD为【"-"】
2021-06-30 17:55:08 ok && -
2021-06-30 17:55:09 CHB 1769736?1625046908 第 1 次 等待 1 秒
2021-06-30 17:55:10 CHB 1769736?1625046908 第 1 次 获取到号码【1769736】GSD
2021-06-30 17:55:10 获取到号码【1769736】的GSD为【青海-西宁】
2021-06-30 17:55:30 GSD insert 第 1 次 等待 1 秒
2021-06-30 17:55:31 {"status":"ok","msg":"添加号码已存在，但为‘-’，修改成功！"}
2021-06-30 17:55:31 下次操作: 2021-06-30 17:55:45

2021-06-30 17:55:45 开始第 20 次操作

2021-06-30 17:55:45 开始操作号码 【1769735】
2021-06-30 17:55:51 GSD getOne 第 1 次 等待 1 秒
2021-06-30 17:55:52 查询号码 【1769735】，返回信息 {"status":"ok","msg":"-","time_insert":"2021-06-27 16:50"}
2021-06-30 17:55:52 查询号码 【1769735】，GSD为【"-"】
2021-06-30 17:55:52 ok && -
2021-06-30 17:55:53 CHB 1769735?1625046952 第 1 次 等待 1 秒
2021-06-30 17:55:54 CHB 1769735?1625046952 第 1 次 获取到号码【1769735】GSD
2021-06-30 17:55:54 获取到号码【1769735】的GSD为【青海-西宁】
2021-06-30 17:56:15 GSD insert 第 1 次 等待 1 秒
2021-06-30 17:56:16 {"status":"ok","msg":"添加号码已存在，但为‘-’，修改成功！"}
2021-06-30 17:56:16 下次操作: 2021-06-30 17:56:31

2021-06-30 17:56:31 开始第 21 次操作

2021-06-30 17:56:31 开始操作号码 【1769734】
2021-06-30 17:56:37 GSD getOne 第 1 次 等待 1 秒
2021-06-30 17:56:38 查询号码 【1769734】，返回信息 {"status":"ok","msg":"-","time_insert":"2021-06-27 16:51"}
2021-06-30 17:56:38 查询号码 【1769734】，GSD为【"-"】
2021-06-30 17:56:38 ok && -
2021-06-30 17:56:40 CHB 1769734?1625046998 第 1 次 等待 1 秒
2021-06-30 17:56:41 CHB 1769734?1625046998 第 1 次 获取到号码【1769734】GSD
2021-06-30 17:56:41 获取到号码【1769734】的GSD为【青海-西宁】
2021-06-30 17:57:01 GSD insert 第 1 次 等待 1 秒
2021-06-30 17:57:02 {"status":"ok","msg":"添加号码已存在，但为‘-’，修改成功！"}
2021-06-30 17:57:02 下次操作: 2021-06-30 17:57:20

2021-06-30 17:57:20 开始第 22 次操作

2021-06-30 17:57:20 开始操作号码 【1769733】
2021-06-30 17:57:24 GSD getOne 第 1 次 等待 1 秒
2021-06-30 17:57:25 查询号码 【1769733】，返回信息 {"status":"ok","msg":"-","time_insert":"2021-06-27 16:52"}
2021-06-30 17:57:25 查询号码 【1769733】，GSD为【"-"】
2021-06-30 17:57:25 ok && -
2021-06-30 17:57:27 CHB 1769733?1625047045 第 1 次 等待 1 秒
2021-06-30 17:57:28 CHB 1769733?1625047045 第 1 次 获取到号码【1769733】GSD
2021-06-30 17:57:28 获取到号码【1769733】的GSD为【青海-西宁】
2021-06-30 17:58:04 GSD insert 第 1 次 等待 1 秒
2021-06-30 17:58:05 {"status":"ok","msg":"添加号码已存在，但为‘-’，修改成功！"}
2021-06-30 17:58:05 下次操作: 2021-06-30 17:58:23

2021-06-30 17:58:23 开始第 23 次操作

2021-06-30 17:58:23 开始操作号码 【1769732】
2021-06-30 17:58:26 GSD getOne 第 1 次 等待 1 秒
2021-06-30 17:58:27 查询号码 【1769732】，返回信息 {"status":"ok","msg":"-","time_insert":"2021-06-27 16:53"}
2021-06-30 17:58:27 查询号码 【1769732】，GSD为【"-"】
2021-06-30 17:58:27 ok && -
2021-06-30 17:58:30 CHB 1769732?1625047107 第 1 次 等待 1 秒
2021-06-30 17:58:31 CHB 1769732?1625047107 第 1 次 获取到号码【1769732】GSD
2021-06-30 17:58:31 获取到号码【1769732】的GSD为【青海-西宁】
2021-06-30 17:58:50 GSD insert 第 1 次 等待 1 秒
2021-06-30 17:58:51 {"status":"ok","msg":"添加号码已存在，但为‘-’，修改成功！"}
2021-06-30 17:58:51 下次操作: 2021-06-30 17:59:01

2021-06-30 17:59:01 开始第 24 次操作

2021-06-30 17:59:01 开始操作号码 【1769731】
2021-06-30 17:59:13 GSD getOne 第 1 次 等待 1 秒
2021-06-30 17:59:14 查询号码 【1769731】，返回信息 {"status":"ok","msg":"-","time_insert":"2021-06-27 16:54"}
2021-06-30 17:59:14 查询号码 【1769731】，GSD为【"-"】
2021-06-30 17:59:14 ok && -
2021-06-30 17:59:15 CHB 1769731?1625047154 第 1 次 等待 1 秒
2021-06-30 17:59:16 CHB 1769731?1625047154 第 1 次 获取到号码【1769731】GSD
2021-06-30 17:59:16 获取到号码【1769731】的GSD为【青海-西宁】
2021-06-30 17:59:36 GSD insert 第 1 次 等待 1 秒
2021-06-30 17:59:37 {"status":"ok","msg":"添加号码已存在，但为‘-’，修改成功！"}
2021-06-30 17:59:37 下次操作: 2021-06-30 17:59:43

2021-06-30 17:59:43 开始第 25 次操作

2021-06-30 17:59:43 开始操作号码 【1769730】
2021-06-30 18:00:02 GSD getOne 第 1 次 等待 1 秒
2021-06-30 18:00:03 查询号码 【1769730】，返回信息 {"status":"ok","msg":"-","time_insert":"2021-06-27 16:54"}
2021-06-30 18:00:03 查询号码 【1769730】，GSD为【"-"】
2021-06-30 18:00:03 ok && -
2021-06-30 18:00:05 CHB 1769730?1625047203 第 1 次 等待 1 秒
2021-06-30 18:00:06 CHB 1769730?1625047203 第 1 次 获取到号码【1769730】GSD
2021-06-30 18:00:06 获取到号码【1769730】的GSD为【青海-西宁】
2021-06-30 18:00:25 GSD insert 第 1 次 等待 1 秒
2021-06-30 18:00:26 {"status":"ok","msg":"添加号码已存在，但为‘-’，修改成功！"}
2021-06-30 18:00:26 下次操作: 2021-06-30 18:00:37

2021-06-30 18:00:37 开始第 26 次操作

2021-06-30 18:00:37 开始操作号码 【1769729】
2021-06-30 18:00:49 GSD getOne 第 1 次 等待 1 秒
2021-06-30 18:00:50 查询号码 【1769729】，返回信息 {"status":"ok","msg":"-","time_insert":"2021-06-27 16:55"}
2021-06-30 18:00:50 查询号码 【1769729】，GSD为【"-"】
2021-06-30 18:00:50 ok && -
2021-06-30 18:00:51 CHB 1769729?1625047250 第 1 次 等待 1 秒
2021-06-30 18:00:52 CHB 1769729?1625047250 第 1 次 获取到号码【1769729】GSD
2021-06-30 18:00:52 获取到号码【1769729】的GSD为【青海-西宁】
2021-06-30 18:01:12 GSD insert 第 1 次 等待 1 秒
2021-06-30 18:01:13 {"status":"ok","msg":"添加号码已存在，但为‘-’，修改成功！"}
2021-06-30 18:01:13 下次操作: 2021-06-30 18:01:29

2021-06-30 18:01:29 开始第 27 次操作

2021-06-30 18:01:29 开始操作号码 【1769728】
2021-06-30 18:01:33 GSD getOne 第 1 次 等待 1 秒
2021-06-30 18:01:34 查询号码 【1769728】，返回信息 {"status":"ok","msg":"-","time_insert":"2021-06-27 16:56"}
2021-06-30 18:01:34 查询号码 【1769728】，GSD为【"-"】
2021-06-30 18:01:34 ok && -
2021-06-30 18:01:35 CHB 1769728?1625047294 第 1 次 等待 1 秒
2021-06-30 18:01:36 CHB 1769728?1625047294 第 1 次 获取到号码【1769728】GSD
2021-06-30 18:01:36 获取到号码【1769728】的GSD为【青海-西宁】
2021-06-30 18:01:55 GSD insert 第 1 次 等待 1 秒
2021-06-30 18:01:56 {"status":"ok","msg":"添加号码已存在，但为‘-’，修改成功！"}
2021-06-30 18:01:56 下次操作: 2021-06-30 18:02:09

2021-06-30 18:02:09 开始第 28 次操作

2021-06-30 18:02:09 开始操作号码 【1769727】
2021-06-30 18:02:16 GSD getOne 第 1 次 等待 1 秒
2021-06-30 18:02:17 查询号码 【1769727】，返回信息 {"status":"ok","msg":"-","time_insert":"2021-06-27 16:57"}
2021-06-30 18:02:17 查询号码 【1769727】，GSD为【"-"】
2021-06-30 18:02:17 ok && -
2021-06-30 18:02:18 CHB 1769727?1625047337 第 1 次 等待 1 秒
2021-06-30 18:02:19 CHB 1769727?1625047337 第 1 次 获取到号码【1769727】GSD
2021-06-30 18:02:20 获取到号码【1769727】的GSD为【青海-西宁】
2021-06-30 18:02:39 GSD insert 第 1 次 等待 1 秒
2021-06-30 18:02:40 {"status":"ok","msg":"添加号码已存在，但为‘-’，修改成功！"}
2021-06-30 18:02:40 下次操作: 2021-06-30 18:02:48

2021-06-30 18:02:49 开始第 29 次操作

2021-06-30 18:02:49 开始操作号码 【1769726】
2021-06-30 18:03:00 GSD getOne 第 1 次 等待 1 秒
2021-06-30 18:03:01 查询号码 【1769726】，返回信息 {"status":"ok","msg":"-","time_insert":"2021-06-27 16:58"}
2021-06-30 18:03:01 查询号码 【1769726】，GSD为【"-"】
2021-06-30 18:03:01 ok && -
2021-06-30 18:03:02 CHB 1769726?1625047381 第 1 次 等待 1 秒
2021-06-30 18:03:03 CHB 1769726?1625047381 第 1 次 获取到号码【1769726】GSD
2021-06-30 18:03:03 获取到号码【1769726】的GSD为【青海-西宁】
2021-06-30 18:04:13 GSD insert 第 1 次 等待 1 秒
2021-06-30 18:04:14 {"status":"ok","msg":"添加号码已存在，但为‘-’，修改成功！"}
2021-06-30 18:04:14 下次操作: 2021-06-30 18:04:23

2021-06-30 18:04:23 开始第 30 次操作

2021-06-30 18:04:23 开始操作号码 【1769725】
2021-06-30 18:04:34 GSD getOne 第 1 次 等待 1 秒
2021-06-30 18:04:35 查询号码 【1769725】，返回信息 {"status":"ok","msg":"-","time_insert":"2021-06-27 16:59"}
2021-06-30 18:04:35 查询号码 【1769725】，GSD为【"-"】
2021-06-30 18:04:35 ok && -
2021-06-30 18:04:36 CHB 1769725?1625047475 第 1 次 等待 1 秒
2021-06-30 18:04:37 CHB 1769725?1625047475 第 1 次 获取到号码【1769725】GSD
2021-06-30 18:04:37 获取到号码【1769725】的GSD为【青海-西宁】
2021-06-30 18:04:57 GSD insert 第 1 次 等待 1 秒
2021-06-30 18:04:58 {"status":"ok","msg":"添加号码已存在，但为‘-’，修改成功！"}

2021-06-30 18:46:28 开始第 1 次操作

2021-06-30 18:46:28 开始操作号码 【1769724】
2021-06-30 18:46:32 GSD getOne 第 1 次 等待 1 秒
2021-06-30 18:46:33 查询号码 【1769724】，返回信息 {"status":"ok","msg":"青海-西宁","time_insert":"2018-01-28 17:07","time_update":"2020-12-15 09:42"}
2021-06-30 18:46:34 查询号码 【1769724】，GSD为【"青海-西宁"】

2021-06-30 18:46:34 开始第 1 次操作

2021-06-30 18:46:34 开始操作号码 【1769723】
2021-06-30 18:46:53 GSD getOne 第 1 次 等待 1 秒
2021-06-30 18:46:54 查询号码 【1769723】，返回信息 {"status":"ok","msg":"-","time_insert":"2021-06-27 17:00"}
2021-06-30 18:46:54 查询号码 【1769723】，GSD为【"-"】
2021-06-30 18:46:54 ok && -
2021-06-30 18:46:55 CHB 1769723?1625050014 第 1 次 等待 1 秒
2021-06-30 18:46:56 CHB 1769723?1625050014 第 1 次 获取到号码【1769723】GSD
2021-06-30 18:46:57 获取到号码【1769723】的GSD为【青海-西宁】
2021-06-30 18:47:16 GSD insert 第 1 次 等待 1 秒
2021-06-30 18:47:17 {"status":"ok","msg":"添加号码已存在，但为‘-’，修改成功！"}
2021-06-30 18:47:17 下次操作: 2021-06-30 18:47:25

2021-06-30 18:47:25 开始第 2 次操作

2021-06-30 18:47:25 开始操作号码 【1769722】
2021-06-30 18:47:36 GSD getOne 第 1 次 等待 1 秒
2021-06-30 18:47:37 查询号码 【1769722】，返回信息 {"status":"ok","msg":"-","time_insert":"2021-06-27 17:01"}
2021-06-30 18:47:37 查询号码 【1769722】，GSD为【"-"】
2021-06-30 18:47:37 ok && -
2021-06-30 18:47:39 CHB 1769722?1625050057 第 1 次 等待 1 秒
2021-06-30 18:47:40 CHB 1769722?1625050057 第 1 次 获取到号码【1769722】GSD
2021-06-30 18:47:40 获取到号码【1769722】的GSD为【青海-西宁】
2021-06-30 18:47:59 GSD insert 第 1 次 等待 1 秒
2021-06-30 18:48:00 {"status":"ok","msg":"添加号码已存在，但为‘-’，修改成功！"}
2021-06-30 18:48:00 下次操作: 2021-06-30 18:48:17

2021-06-30 18:48:17 开始第 3 次操作

2021-06-30 18:48:17 开始操作号码 【1769721】
2021-06-30 18:48:21 GSD getOne 第 1 次 等待 1 秒
2021-06-30 18:48:22 查询号码 【1769721】，返回信息 {"status":"ok","msg":"-","time_insert":"2021-06-27 17:01"}
2021-06-30 18:48:22 查询号码 【1769721】，GSD为【"-"】
2021-06-30 18:48:22 ok && -
2021-06-30 18:48:23 CHB 1769721?1625050102 第 1 次 等待 1 秒
2021-06-30 18:48:24 CHB 1769721?1625050102 第 1 次 获取到号码【1769721】GSD
2021-06-30 18:48:24 获取到号码【1769721】的GSD为【青海-西宁】
2021-06-30 18:48:44 GSD insert 第 1 次 等待 1 秒
2021-06-30 18:48:45 {"status":"ok","msg":"添加号码已存在，但为‘-’，修改成功！"}
2021-06-30 18:48:45 下次操作: 2021-06-30 18:48:58

2021-06-30 18:48:58 开始第 4 次操作

2021-06-30 18:48:58 开始操作号码 【1769720】
2021-06-30 18:49:06 GSD getOne 第 1 次 等待 1 秒
2021-06-30 18:49:07 查询号码 【1769720】，返回信息 {"status":"ok","msg":"-","time_insert":"2021-06-27 17:02"}
2021-06-30 18:49:07 查询号码 【1769720】，GSD为【"-"】
2021-06-30 18:49:07 ok && -
2021-06-30 18:49:08 CHB 1769720?1625050147 第 1 次 等待 1 秒
2021-06-30 18:49:09 CHB 1769720?1625050147 第 1 次 获取到号码【1769720】GSD
2021-06-30 18:49:09 获取到号码【1769720】的GSD为【青海-西宁】
2021-06-30 18:49:29 GSD insert 第 1 次 等待 1 秒
2021-06-30 18:49:30 {"status":"ok","msg":"添加号码已存在，但为‘-’，修改成功！"}
2021-06-30 18:49:30 下次操作: 2021-06-30 18:49:47

2021-06-30 18:49:47 开始第 5 次操作

2021-06-30 18:49:47 开始操作号码 【1769719】
2021-06-30 18:49:50 GSD getOne 第 1 次 等待 1 秒
2021-06-30 18:49:51 查询号码 【1769719】，返回信息 {"status":"ok","msg":"-","time_insert":"2021-06-27 17:03"}
2021-06-30 18:49:51 查询号码 【1769719】，GSD为【"-"】
2021-06-30 18:49:51 ok && -
2021-06-30 18:49:53 CHB 1769719?1625050191 第 1 次 等待 1 秒
2021-06-30 18:49:54 CHB 1769719?1625050191 第 1 次 获取到号码【1769719】GSD
2021-06-30 18:49:54 获取到号码【1769719】的GSD为【青海-格尔木】
2021-06-30 18:50:14 GSD insert 第 1 次 等待 1 秒
2021-06-30 18:50:15 {"status":"ok","msg":"添加号码已存在，但为‘-’，修改成功！"}
2021-06-30 18:50:15 下次操作: 2021-06-30 18:50:31

2021-06-30 18:50:31 开始第 6 次操作

2021-06-30 18:50:31 开始操作号码 【1769718】
2021-06-30 18:50:34 GSD getOne 第 1 次 等待 1 秒
2021-06-30 18:50:35 查询号码 【1769718】，返回信息 {"status":"ok","msg":"-","time_insert":"2021-06-27 17:04"}
2021-06-30 18:50:35 查询号码 【1769718】，GSD为【"-"】
2021-06-30 18:50:35 ok && -
2021-06-30 18:50:36 CHB 1769718?1625050235 第 1 次 等待 1 秒
2021-06-30 18:50:37 CHB 1769718?1625050235 第 1 次 获取到号码【1769718】GSD
2021-06-30 18:50:37 获取到号码【1769718】的GSD为【青海-西宁】
2021-06-30 18:51:01 GSD insert 第 1 次 等待 1 秒
2021-06-30 18:51:02 {"status":"ok","msg":"添加号码已存在，但为‘-’，修改成功！"}
2021-06-30 18:51:02 下次操作: 2021-06-30 18:51:17

2021-06-30 18:51:17 开始第 7 次操作

2021-06-30 18:51:17 开始操作号码 【1769717】
2021-06-30 18:51:21 GSD getOne 第 1 次 等待 1 秒
2021-06-30 18:51:22 查询号码 【1769717】，返回信息 {"status":"ok","msg":"青海-西宁","time_insert":"2018-04-13 17:36","time_update":"2020-12-15 09:46"}
2021-06-30 18:51:22 查询号码 【1769717】，GSD为【"青海-西宁"】

2021-06-30 18:51:22 开始第 7 次操作

2021-06-30 18:51:22 开始操作号码 【1769716】
2021-06-30 18:51:42 GSD getOne 第 1 次 等待 1 秒
2021-06-30 18:51:43 查询号码 【1769716】，返回信息 {"status":"ok","msg":"-","time_insert":"2021-06-27 17:05"}
2021-06-30 18:51:43 查询号码 【1769716】，GSD为【"-"】
2021-06-30 18:51:43 ok && -
2021-06-30 18:51:44 CHB 1769716?1625050303 第 1 次 等待 1 秒
2021-06-30 18:51:45 CHB 1769716?1625050303 第 1 次 获取到号码【1769716】GSD
2021-06-30 18:51:45 获取到号码【1769716】的GSD为【青海-海南】
2021-06-30 18:52:04 GSD insert 第 1 次 等待 1 秒
2021-06-30 18:52:05 {"status":"ok","msg":"添加号码已存在，但为‘-’，修改成功！"}
2021-06-30 18:52:05 下次操作: 2021-06-30 18:52:17

2021-06-30 18:52:17 开始第 8 次操作

2021-06-30 18:52:17 开始操作号码 【1769715】
2021-06-30 18:52:24 GSD getOne 第 1 次 等待 1 秒
2021-06-30 18:52:25 查询号码 【1769715】，返回信息 {"status":"ok","msg":"-","time_insert":"2021-06-27 17:06"}
2021-06-30 18:52:25 查询号码 【1769715】，GSD为【"-"】
2021-06-30 18:52:25 ok && -
2021-06-30 18:52:26 CHB 1769715?1625050345 第 1 次 等待 1 秒
2021-06-30 18:52:27 CHB 1769715?1625050345 第 1 次 获取到号码【1769715】GSD
2021-06-30 18:52:27 获取到号码【1769715】的GSD为【青海-西宁】
2021-06-30 18:52:47 GSD insert 第 1 次 等待 1 秒
2021-06-30 18:52:48 {"status":"ok","msg":"添加号码已存在，但为‘-’，修改成功！"}
2021-06-30 18:52:48 下次操作: 2021-06-30 18:53:02

2021-06-30 18:53:02 开始第 9 次操作

2021-06-30 18:53:02 开始操作号码 【1769714】
2021-06-30 18:53:07 GSD getOne 第 1 次 等待 1 秒
2021-06-30 18:53:08 查询号码 【1769714】，返回信息 {"status":"ok","msg":"-","time_insert":"2021-06-27 17:07"}
2021-06-30 18:53:08 查询号码 【1769714】，GSD为【"-"】
2021-06-30 18:53:08 ok && -
2021-06-30 18:53:09 CHB 1769714?1625050388 第 1 次 等待 1 秒
2021-06-30 18:53:10 CHB 1769714?1625050388 第 1 次 获取到号码【1769714】GSD
2021-06-30 18:53:10 获取到号码【1769714】的GSD为【青海-西宁】
2021-06-30 18:53:30 GSD insert 第 1 次 等待 1 秒
2021-06-30 18:53:31 {"status":"ok","msg":"添加号码已存在，但为‘-’，修改成功！"}
2021-06-30 18:53:31 下次操作: 2021-06-30 18:53:42

2021-06-30 18:53:42 开始第 10 次操作

2021-06-30 18:53:42 开始操作号码 【1769713】
2021-06-30 18:53:53 GSD getOne 第 1 次 等待 1 秒
2021-06-30 18:53:54 查询号码 【1769713】，返回信息 {"status":"ok","msg":"-","time_insert":"2021-06-27 17:08"}
2021-06-30 18:53:54 查询号码 【1769713】，GSD为【"-"】
2021-06-30 18:53:54 ok && -
2021-06-30 18:53:55 CHB 1769713?1625050434 第 1 次 等待 1 秒
2021-06-30 18:53:56 CHB 1769713?1625050434 第 1 次 获取到号码【1769713】GSD
2021-06-30 18:53:56 获取到号码【1769713】的GSD为【青海-黄南】
2021-06-30 18:54:17 GSD insert 第 1 次 等待 1 秒
2021-06-30 18:54:18 {"status":"ok","msg":"添加号码已存在，但为‘-’，修改成功！"}
2021-06-30 18:54:18 下次操作: 2021-06-30 18:54:29

2021-06-30 18:54:29 开始第 11 次操作

2021-06-30 18:54:29 开始操作号码 【1769712】
2021-06-30 18:54:39 GSD getOne 第 1 次 等待 1 秒
2021-06-30 18:54:40 查询号码 【1769712】，返回信息 {"status":"ok","msg":"-","time_insert":"2021-06-27 17:08"}
2021-06-30 18:54:40 查询号码 【1769712】，GSD为【"-"】
2021-06-30 18:54:40 ok && -
2021-06-30 18:54:41 CHB 1769712?1625050480 第 1 次 等待 1 秒
2021-06-30 18:54:42 CHB 1769712?1625050480 第 1 次 获取到号码【1769712】GSD
2021-06-30 18:54:43 获取到号码【1769712】的GSD为【青海-海东】
2021-06-30 18:55:03 GSD insert 第 1 次 等待 1 秒
2021-06-30 18:55:04 {"status":"ok","msg":"添加号码已存在，但为‘-’，修改成功！"}
2021-06-30 18:55:04 下次操作: 2021-06-30 18:55:22

2021-06-30 18:55:22 开始第 12 次操作

2021-06-30 18:55:22 开始操作号码 【1769711】
2021-06-30 18:55:25 GSD getOne 第 1 次 等待 1 秒
2021-06-30 18:55:26 查询号码 【1769711】，返回信息 {"status":"ok","msg":"青海-西宁","time_insert":"2019-07-26 14:41","time_update":"2020-12-15 09:49"}
2021-06-30 18:55:26 查询号码 【1769711】，GSD为【"青海-西宁"】

2021-06-30 18:55:26 开始第 12 次操作

2021-06-30 18:55:26 开始操作号码 【1769710】
2021-06-30 18:55:45 GSD getOne 第 1 次 等待 1 秒
2021-06-30 18:55:46 查询号码 【1769710】，返回信息 {"status":"ok","msg":"-","time_insert":"2021-06-27 17:10"}
2021-06-30 18:55:46 查询号码 【1769710】，GSD为【"-"】
2021-06-30 18:55:46 ok && -
2021-06-30 18:55:47 CHB 1769710?1625050546 第 1 次 等待 1 秒
2021-06-30 18:55:49 CHB 1769710?1625050546 第 1 次 获取到号码【1769710】GSD
2021-06-30 18:55:49 获取到号码【1769710】的GSD为【青海-西宁】
2021-06-30 18:56:08 GSD insert 第 1 次 等待 1 秒
2021-06-30 18:56:09 {"status":"ok","msg":"添加号码已存在，但为‘-’，修改成功！"}
2021-06-30 18:56:09 下次操作: 2021-06-30 18:56:19

2021-06-30 18:56:19 开始第 13 次操作

2021-06-30 18:56:19 开始操作号码 【1769709】
2021-06-30 18:56:30 GSD getOne 第 1 次 等待 1 秒
2021-06-30 18:56:31 查询号码 【1769709】，返回信息 {"status":"ok","msg":"-","time_insert":"2021-06-27 17:11"}
2021-06-30 18:56:31 查询号码 【1769709】，GSD为【"-"】
2021-06-30 18:56:31 ok && -
2021-06-30 18:56:33 CHB 1769709?1625050591 第 1 次 等待 1 秒
2021-06-30 18:56:34 CHB 1769709?1625050591 第 1 次 获取到号码【1769709】GSD
2021-06-30 18:56:34 获取到号码【1769709】的GSD为【青海-格尔木】
2021-06-30 18:56:53 GSD insert 第 1 次 等待 1 秒
2021-06-30 18:56:54 {"status":"ok","msg":"添加号码已存在，但为‘-’，修改成功！"}
2021-06-30 18:56:54 下次操作: 2021-06-30 18:57:09

2021-06-30 18:57:09 开始第 14 次操作

2021-06-30 18:57:09 开始操作号码 【1769708】
2021-06-30 18:57:13 GSD getOne 第 1 次 等待 1 秒
2021-06-30 18:57:14 查询号码 【1769708】，返回信息 {"status":"ok","msg":"-","time_insert":"2021-06-27 17:47"}
2021-06-30 18:57:14 查询号码 【1769708】，GSD为【"-"】
2021-06-30 18:57:14 ok && -
2021-06-30 18:57:15 CHB 1769708?1625050634 第 1 次 等待 1 秒
2021-06-30 18:57:16 CHB 1769708?1625050634 第 1 次 获取到号码【1769708】GSD
2021-06-30 18:57:16 获取到号码【1769708】的GSD为【青海-西宁】
2021-06-30 18:57:37 GSD insert 第 1 次 等待 1 秒
2021-06-30 18:57:38 {"status":"ok","msg":"添加号码已存在，但为‘-’，修改成功！"}
2021-06-30 18:57:38 下次操作: 2021-06-30 18:57:45

2021-06-30 18:57:45 开始第 15 次操作

2021-06-30 18:57:45 开始操作号码 【1769707】
2021-06-30 18:58:04 GSD getOne 第 1 次 等待 1 秒
2021-06-30 18:58:05 查询号码 【1769707】，返回信息 {"status":"ok","msg":"-","time_insert":"2021-06-27 17:48"}
2021-06-30 18:58:05 查询号码 【1769707】，GSD为【"-"】
2021-06-30 18:58:05 ok && -
2021-06-30 18:58:06 CHB 1769707?1625050685 第 1 次 等待 1 秒
2021-06-30 18:58:07 CHB 1769707?1625050685 第 1 次 获取到号码【1769707】GSD
2021-06-30 18:58:07 获取到号码【1769707】的GSD为【青海-海西】
2021-06-30 18:58:27 GSD insert 第 1 次 等待 1 秒
2021-06-30 18:58:28 {"status":"ok","msg":"添加号码已存在，但为‘-’，修改成功！"}
2021-06-30 18:58:28 下次操作: 2021-06-30 18:58:35

2021-06-30 18:58:35 开始第 16 次操作

2021-06-30 18:58:35 开始操作号码 【1769706】
2021-06-30 18:58:53 GSD getOne 第 1 次 等待 1 秒
2021-06-30 18:58:54 查询号码 【1769706】，返回信息 {"status":"ok","msg":"-","time_insert":"2021-06-27 17:48"}
2021-06-30 18:58:55 查询号码 【1769706】，GSD为【"-"】
2021-06-30 18:58:55 ok && -
2021-06-30 18:58:56 CHB 1769706?1625050735 第 1 次 等待 1 秒
2021-06-30 18:58:57 CHB 1769706?1625050735 第 1 次 获取到号码【1769706】GSD
2021-06-30 18:58:57 获取到号码【1769706】的GSD为【青海-玉树】
2021-06-30 18:59:17 GSD insert 第 1 次 等待 1 秒
2021-06-30 18:59:18 {"status":"ok","msg":"添加号码已存在，但为‘-’，修改成功！"}
2021-06-30 18:59:18 下次操作: 2021-06-30 18:59:32

2021-06-30 18:59:32 开始第 17 次操作

2021-06-30 18:59:32 开始操作号码 【1769705】
2021-06-30 18:59:36 GSD getOne 第 1 次 等待 1 秒
2021-06-30 18:59:37 查询号码 【1769705】，返回信息 {"status":"ok","msg":"-","time_insert":"2021-06-27 17:49"}
2021-06-30 18:59:37 查询号码 【1769705】，GSD为【"-"】
2021-06-30 18:59:37 ok && -
2021-06-30 18:59:39 CHB 1769705?1625050777 第 1 次 等待 1 秒
2021-06-30 18:59:40 CHB 1769705?1625050777 第 1 次 获取到号码【1769705】GSD
2021-06-30 18:59:40 获取到号码【1769705】的GSD为【青海-果洛】
2021-06-30 19:00:00 GSD insert 第 1 次 等待 1 秒
2021-06-30 19:00:01 {"status":"ok","msg":"添加号码已存在，但为‘-’，修改成功！"}
2021-06-30 19:00:01 下次操作: 2021-06-30 19:00:10

2021-06-30 19:00:10 开始第 18 次操作

2021-06-30 19:00:10 开始操作号码 【1769704】
2021-06-30 19:00:20 GSD getOne 第 1 次 等待 1 秒
2021-06-30 19:00:21 查询号码 【1769704】，返回信息 {"status":"ok","msg":"-","time_insert":"2021-06-27 17:50"}
2021-06-30 19:00:21 查询号码 【1769704】，GSD为【"-"】
2021-06-30 19:00:21 ok && -
2021-06-30 19:00:23 CHB 1769704?1625050821 第 1 次 等待 1 秒
2021-06-30 19:00:24 CHB 1769704?1625050821 第 1 次 获取到号码【1769704】GSD
2021-06-30 19:00:24 获取到号码【1769704】的GSD为【青海-海南】
2021-06-30 19:00:43 GSD insert 第 1 次 等待 1 秒
2021-06-30 19:00:44 {"status":"ok","msg":"添加号码已存在，但为‘-’，修改成功！"}
2021-06-30 19:00:44 下次操作: 2021-06-30 19:00:59

2021-06-30 19:00:59 开始第 19 次操作

2021-06-30 19:00:59 开始操作号码 【1769703】
2021-06-30 19:01:03 GSD getOne 第 1 次 等待 1 秒
2021-06-30 19:01:04 查询号码 【1769703】，返回信息 {"status":"ok","msg":"-","time_insert":"2021-06-27 17:50"}
2021-06-30 19:01:04 查询号码 【1769703】，GSD为【"-"】
2021-06-30 19:01:04 ok && -
2021-06-30 19:01:05 CHB 1769703?1625050864 第 1 次 等待 1 秒
2021-06-30 19:01:06 CHB 1769703?1625050864 第 1 次 获取到号码【1769703】GSD
2021-06-30 19:01:06 获取到号码【1769703】的GSD为【青海-黄南】
2021-06-30 19:01:26 GSD insert 第 1 次 等待 1 秒
2021-06-30 19:01:27 {"status":"ok","msg":"添加号码已存在，但为‘-’，修改成功！"}
2021-06-30 19:01:27 下次操作: 2021-06-30 19:01:45

2021-06-30 19:01:45 开始第 20 次操作

2021-06-30 19:01:45 开始操作号码 【1769702】
2021-06-30 19:01:48 GSD getOne 第 1 次 等待 1 秒
2021-06-30 19:01:49 查询号码 【1769702】，返回信息 {"status":"ok","msg":"-","time_insert":"2021-06-27 17:51"}
2021-06-30 19:01:49 查询号码 【1769702】，GSD为【"-"】
2021-06-30 19:01:49 ok && -
2021-06-30 19:01:51 CHB 1769702?1625050909 第 1 次 等待 1 秒
2021-06-30 19:01:52 CHB 1769702?1625050909 第 1 次 获取到号码【1769702】GSD
2021-06-30 19:01:52 获取到号码【1769702】的GSD为【青海-海东】
2021-06-30 19:02:11 GSD insert 第 1 次 等待 1 秒
2021-06-30 19:02:12 {"status":"ok","msg":"添加号码已存在，但为‘-’，修改成功！"}
2021-06-30 19:02:12 下次操作: 2021-06-30 19:02:30

2021-06-30 19:02:30 开始第 21 次操作

2021-06-30 19:02:30 开始操作号码 【1769701】
2021-06-30 19:02:34 GSD getOne 第 1 次 等待 1 秒
2021-06-30 19:02:35 查询号码 【1769701】，返回信息 {"status":"ok","msg":"-","time_insert":"2021-06-27 17:52"}
2021-06-30 19:02:35 查询号码 【1769701】，GSD为【"-"】
2021-06-30 19:02:35 ok && -
2021-06-30 19:02:36 CHB 1769701?1625050955 第 1 次 等待 1 秒
2021-06-30 19:02:37 CHB 1769701?1625050955 第 1 次 获取到号码【1769701】GSD
2021-06-30 19:02:37 获取到号码【1769701】的GSD为【青海-西宁】
2021-06-30 19:02:57 GSD insert 第 1 次 等待 1 秒
2021-06-30 19:02:58 {"status":"ok","msg":"添加号码已存在，但为‘-’，修改成功！"}
2021-06-30 19:02:58 下次操作: 2021-06-30 19:03:13

2021-06-30 19:03:13 开始第 22 次操作

2021-06-30 19:03:13 开始操作号码 【1769700】
2021-06-30 19:03:18 GSD getOne 第 1 次 等待 1 秒
2021-06-30 19:03:19 查询号码 【1769700】，返回信息 {"status":"ok","msg":"-","time_insert":"2021-06-27 17:52"}
2021-06-30 19:03:19 查询号码 【1769700】，GSD为【"-"】
2021-06-30 19:03:19 ok && -
2021-06-30 19:03:20 CHB 1769700?1625050999 第 1 次 等待 1 秒
2021-06-30 19:03:21 CHB 1769700?1625050999 第 1 次 获取到号码【1769700】GSD
2021-06-30 19:03:21 获取到号码【1769700】的GSD为【青海-海北】
2021-06-30 19:03:41 GSD insert 第 1 次 等待 1 秒
2021-06-30 19:03:42 {"status":"ok","msg":"添加号码已存在，但为‘-’，修改成功！"}
2021-06-30 19:03:42 下次操作: 2021-06-30 19:03:51

2021-06-30 19:03:51 开始第 23 次操作

2021-06-30 19:03:51 开始操作号码 【1769699】
2021-06-30 19:04:02 GSD getOne 第 1 次 等待 1 秒
2021-06-30 19:04:03 查询号码 【1769699】，返回信息 {"status":"ok","msg":"-","time_insert":"2021-06-27 17:53"}
2021-06-30 19:04:03 查询号码 【1769699】，GSD为【"-"】
2021-06-30 19:04:03 ok && -
2021-06-30 19:04:04 CHB 1769699?1625051043 第 1 次 等待 1 秒
2021-06-30 19:04:05 CHB 1769699?1625051043 第 1 次 获取到号码【1769699】GSD
2021-06-30 19:04:05 获取到号码【1769699】的GSD为【江苏-宿迁】
2021-06-30 19:04:25 GSD insert 第 1 次 等待 1 秒
2021-06-30 19:04:26 {"status":"ok","msg":"添加号码已存在，但为‘-’，修改成功！"}
2021-06-30 19:04:26 下次操作: 2021-06-30 19:04:44

2021-06-30 19:04:44 开始第 24 次操作

2021-06-30 19:04:44 开始操作号码 【1769698】
2021-06-30 19:04:48 GSD getOne 第 1 次 等待 1 秒
2021-06-30 19:04:49 查询号码 【1769698】，返回信息 {"status":"ok","msg":"-","time_insert":"2021-06-27 17:53"}
2021-06-30 19:04:49 查询号码 【1769698】，GSD为【"-"】
2021-06-30 19:04:49 ok && -
2021-06-30 19:04:50 CHB 1769698?1625051089 第 1 次 等待 1 秒
2021-06-30 19:04:51 CHB 1769698?1625051089 第 1 次 获取到号码【1769698】GSD
2021-06-30 19:04:51 获取到号码【1769698】的GSD为【江苏-宿迁】
2021-06-30 19:05:11 GSD insert 第 1 次 等待 1 秒
2021-06-30 19:05:12 {"status":"ok","msg":"添加号码已存在，但为‘-’，修改成功！"}
2021-06-30 19:05:12 下次操作: 2021-06-30 19:05:29

2021-06-30 19:05:29 开始第 25 次操作

2021-06-30 19:05:29 开始操作号码 【1769697】
2021-06-30 19:05:36 GSD getOne 第 1 次 等待 1 秒
2021-06-30 19:05:37 查询号码 【1769697】，返回信息 {"status":"ok","msg":"-","time_insert":"2021-06-27 17:54"}
2021-06-30 19:05:37 查询号码 【1769697】，GSD为【"-"】
2021-06-30 19:05:37 ok && -
2021-06-30 19:05:39 CHB 1769697?1625051137 第 1 次 等待 1 秒
2021-06-30 19:05:40 CHB 1769697?1625051137 第 1 次 获取到号码【1769697】GSD
2021-06-30 19:05:40 获取到号码【1769697】的GSD为【江苏-宿迁】
2021-06-30 19:05:59 GSD insert 第 1 次 等待 1 秒
2021-06-30 19:06:00 {"status":"ok","msg":"添加号码已存在，但为‘-’，修改成功！"}
2021-06-30 19:06:00 下次操作: 2021-06-30 19:06:07

2021-06-30 19:06:07 开始第 26 次操作

2021-06-30 19:06:07 开始操作号码 【1769696】
2021-06-30 19:06:28 GSD getOne 第 1 次 等待 1 秒
2021-06-30 19:06:29 查询号码 【1769696】，返回信息 {"status":"ok","msg":"-","time_insert":"2021-06-27 17:55"}
2021-06-30 19:06:29 查询号码 【1769696】，GSD为【"-"】
2021-06-30 19:06:29 ok && -
2021-06-30 19:06:31 CHB 1769696?1625051189 第 1 次 等待 1 秒
2021-06-30 19:06:32 CHB 1769696?1625051189 第 1 次 获取到号码【1769696】GSD
2021-06-30 19:06:32 获取到号码【1769696】的GSD为【江苏-宿迁】
2021-06-30 19:06:52 GSD insert 第 1 次 等待 1 秒
2021-06-30 19:06:53 {"status":"ok","msg":"添加号码已存在，但为‘-’，修改成功！"}
2021-06-30 19:06:53 下次操作: 2021-06-30 19:06:59

2021-06-30 19:06:59 开始第 27 次操作

2021-06-30 19:06:59 开始操作号码 【1769695】
2021-06-30 19:07:18 GSD getOne 第 1 次 等待 1 秒
2021-06-30 19:07:19 查询号码 【1769695】，返回信息 {"status":"ok","msg":"-","time_insert":"2021-06-27 17:56"}
2021-06-30 19:07:19 查询号码 【1769695】，GSD为【"-"】
2021-06-30 19:07:19 ok && -
2021-06-30 19:07:20 CHB 1769695?1625051239 第 1 次 等待 1 秒
2021-06-30 19:07:21 CHB 1769695?1625051239 第 1 次 获取到号码【1769695】GSD
2021-06-30 19:07:22 获取到号码【1769695】的GSD为【江苏-宿迁】
2021-06-30 19:07:41 GSD insert 第 1 次 等待 1 秒
2021-06-30 19:07:42 {"status":"ok","msg":"添加号码已存在，但为‘-’，修改成功！"}
2021-06-30 19:07:42 下次操作: 2021-06-30 19:07:52

2021-06-30 19:07:52 开始第 28 次操作

2021-06-30 19:07:52 开始操作号码 【1769694】
2021-06-30 19:08:03 GSD getOne 第 1 次 等待 1 秒
2021-06-30 19:08:04 查询号码 【1769694】，返回信息 {"status":"ok","msg":"-","time_insert":"2021-06-27 17:56"}
2021-06-30 19:08:04 查询号码 【1769694】，GSD为【"-"】
2021-06-30 19:08:04 ok && -
2021-06-30 19:08:06 CHB 1769694?1625051284 第 1 次 等待 1 秒
2021-06-30 19:08:07 CHB 1769694?1625051284 第 1 次 获取到号码【1769694】GSD
2021-06-30 19:08:07 获取到号码【1769694】的GSD为【江苏-宿迁】
2021-06-30 19:08:33 GSD insert 第 1 次 等待 1 秒
2021-06-30 19:08:34 {"status":"ok","msg":"添加号码已存在，但为‘-’，修改成功！"}
2021-06-30 19:08:34 下次操作: 2021-06-30 19:08:52

2021-06-30 19:08:52 开始第 29 次操作

2021-06-30 19:08:52 开始操作号码 【1769693】
2021-06-30 19:08:55 GSD getOne 第 1 次 等待 1 秒
2021-06-30 19:08:56 查询号码 【1769693】，返回信息 {"status":"ok","msg":"-","time_insert":"2021-06-27 17:57"}
2021-06-30 19:08:56 查询号码 【1769693】，GSD为【"-"】
2021-06-30 19:08:56 ok && -
2021-06-30 19:08:57 CHB 1769693?1625051336 第 1 次 等待 1 秒
2021-06-30 19:08:58 CHB 1769693?1625051336 第 1 次 获取到号码【1769693】GSD
2021-06-30 19:08:58 获取到号码【1769693】的GSD为【江苏-宿迁】
2021-06-30 19:09:18 GSD insert 第 1 次 等待 1 秒
2021-06-30 19:09:19 {"status":"ok","msg":"添加号码已存在，但为‘-’，修改成功！"}
2021-06-30 19:09:19 下次操作: 2021-06-30 19:09:26

2021-06-30 19:09:26 开始第 30 次操作

2021-06-30 19:09:26 开始操作号码 【1769692】
2021-06-30 19:09:45 GSD getOne 第 1 次 等待 1 秒
2021-06-30 19:09:46 查询号码 【1769692】，返回信息 {"status":"ok","msg":"-","time_insert":"2021-06-27 17:58"}
2021-06-30 19:09:46 查询号码 【1769692】，GSD为【"-"】
2021-06-30 19:09:46 ok && -
2021-06-30 19:09:47 CHB 1769692?1625051386 第 1 次 等待 1 秒
2021-06-30 19:09:48 CHB 1769692?1625051386 第 1 次 获取到号码【1769692】GSD
2021-06-30 19:09:48 获取到号码【1769692】的GSD为【江苏-宿迁】
2021-06-30 19:10:08 GSD insert 第 1 次 等待 1 秒
2021-06-30 19:10:09 {"status":"ok","msg":"添加号码已存在，但为‘-’，修改成功！"}

