2024-02-26 00:12:44 开始第 5869 次操作

2024-02-26 00:12:44 开始操作号码 【1755762】
2024-02-26 00:12:48 GSD getOne 第 1 次 等待 3 秒
2024-02-26 00:12:51 查询号码 【1755762】，返回信息 {"status":"ok","msg":"山西-长治","gid":"196906","time_insert":"2021-07-05 10:23"}
2024-02-26 00:12:51 查询号码 【1755762】，GSD为【"山西-长治"】

2024-02-26 00:12:52 开始第 5870 次操作

2024-02-26 00:12:52 开始操作号码 【1755763】
2024-02-26 00:12:58 GSD getOne 第 1 次 等待 3 秒
2024-02-26 00:13:01 查询号码 【1755763】，返回信息 {"status":"ok","msg":"山西-晋城","gid":"196915","time_insert":"2021-07-05 10:24"}
2024-02-26 00:13:01 查询号码 【1755763】，GSD为【"山西-晋城"】

2024-02-26 00:13:02 开始第 5871 次操作

2024-02-26 00:13:02 开始操作号码 【1755764】
2024-02-26 00:13:06 GSD getOne 第 1 次 等待 3 秒
2024-02-26 00:13:09 查询号码 【1755764】，返回信息 {"status":"ok","msg":"山西-晋城","gid":"196925","time_insert":"2021-07-05 10:25"}
2024-02-26 00:13:09 查询号码 【1755764】，GSD为【"山西-晋城"】

2024-02-26 00:13:10 开始第 5872 次操作

2024-02-26 00:13:10 开始操作号码 【1755765】
2024-02-26 00:13:14 GSD getOne 第 1 次 等待 3 秒
2024-02-26 00:13:17 查询号码 【1755765】，返回信息 {"status":"ok","msg":"山西-晋城","gid":"196936","time_insert":"2021-07-05 10:26"}
2024-02-26 00:13:17 查询号码 【1755765】，GSD为【"山西-晋城"】

2024-02-26 00:36:47 开始第 5873 次操作

2024-02-26 00:36:47 开始操作号码 【1755766】
2024-02-26 00:36:52 GSD getOne 第 1 次 等待 3 秒
2024-02-26 00:36:55 查询号码 【1755766】，返回信息 {"status":"ok","msg":"山西-晋城","gid":"196943","time_insert":"2021-07-05 10:26"}
2024-02-26 00:36:55 查询号码 【1755766】，GSD为【"山西-晋城"】

2024-02-26 00:36:56 开始第 5874 次操作

2024-02-26 00:36:56 开始操作号码 【1755767】
2024-02-26 00:37:01 GSD getOne 第 1 次 等待 3 秒
2024-02-26 00:37:04 查询号码 【1755767】，返回信息 {"status":"ok","msg":"山西-晋城","gid":"196948","time_insert":"2021-07-05 10:27"}
2024-02-26 00:37:04 查询号码 【1755767】，GSD为【"山西-晋城"】

2024-02-26 00:37:05 开始第 5875 次操作

2024-02-26 00:37:05 开始操作号码 【1755768】
2024-02-26 00:37:09 GSD getOne 第 1 次 等待 3 秒
2024-02-26 00:37:12 查询号码 【1755768】，返回信息 {"status":"ok","msg":"山西-晋城","gid":"196953","time_insert":"2021-07-05 10:28"}
2024-02-26 00:37:12 查询号码 【1755768】，GSD为【"山西-晋城"】

2024-02-26 00:37:13 开始第 5876 次操作

2024-02-26 00:37:13 开始操作号码 【1755769】
2024-02-26 00:37:17 GSD getOne 第 1 次 等待 3 秒
2024-02-26 00:37:20 查询号码 【1755769】，返回信息 {"status":"ok","msg":"山西-晋城","gid":"196959","time_insert":"2021-07-05 10:29"}
2024-02-26 00:37:20 查询号码 【1755769】，GSD为【"山西-晋城"】

