2021-07-02 00:00:33 开始第 8 次操作

2021-07-02 00:00:33 开始操作号码 【1767065】
2021-07-02 00:00:53 GSD getOne 第 1 次 等待 1 秒
2021-07-02 00:00:54 查询号码 【1767065】，返回信息 {"status":"bad","msg":""}
2021-07-02 00:00:54 查询号码 【1767065】，GSD为【""】
2021-07-02 00:00:54 bad
2021-07-02 00:00:56 CHB 1767065?1625155254 第 1 次 等待 1 秒
2021-07-02 00:00:57 CHB 1767065?1625155254 第 1 次 获取到号码【1767065】GSD
2021-07-02 00:00:57 获取到号码【1767065】的GSD为【湖南-株洲】
2021-07-02 00:01:17 GSD insert 第 1 次 等待 1 秒
2021-07-02 00:01:18 {"status":"ok","msg":"添加成功！170105"}
2021-07-02 00:01:18 下次操作: 2021-07-02 00:01:27

2021-07-02 00:01:27 开始第 9 次操作

2021-07-02 00:01:27 开始操作号码 【1767064】
2021-07-02 00:01:39 GSD getOne 第 1 次 等待 1 秒
2021-07-02 00:01:40 查询号码 【1767064】，返回信息 {"status":"bad","msg":""}
2021-07-02 00:01:40 查询号码 【1767064】，GSD为【""】
2021-07-02 00:01:40 bad
2021-07-02 00:01:43 CHB 1767064?1625155300 第 1 次 等待 1 秒
2021-07-02 00:01:44 CHB 1767064?1625155300 第 1 次 获取到号码【1767064】GSD
2021-07-02 00:01:44 获取到号码【1767064】的GSD为【湖南-株洲】
2021-07-02 00:02:07 GSD insert 第 1 次 等待 1 秒
2021-07-02 00:02:08 {"status":"ok","msg":"添加成功！170114"}
2021-07-02 00:02:08 下次操作: 2021-07-02 00:02:23

2021-07-02 00:02:23 开始第 10 次操作

2021-07-02 00:02:23 开始操作号码 【1767063】
2021-07-02 00:02:27 GSD getOne 第 1 次 等待 1 秒
2021-07-02 00:02:28 查询号码 【1767063】，返回信息 {"status":"bad","msg":""}
2021-07-02 00:02:28 查询号码 【1767063】，GSD为【""】
2021-07-02 00:02:28 bad
2021-07-02 00:02:35 CHB 1767063?1625155348 第 1 次 等待 1 秒
2021-07-02 00:02:36 CHB 1767063?1625155348 第 1 次 获取到号码【1767063】GSD
2021-07-02 00:02:36 获取到号码【1767063】的GSD为【湖南-株洲】
2021-07-02 00:03:12 GSD insert 第 1 次 等待 1 秒
2021-07-02 00:03:13 {"status":"ok","msg":"添加成功！170126"}
2021-07-02 00:03:13 下次操作: 2021-07-02 00:03:31

2021-07-02 00:03:31 开始第 11 次操作

2021-07-02 00:03:31 开始操作号码 【1767062】
2021-07-02 00:03:35 GSD getOne 第 1 次 等待 1 秒
2021-07-02 00:03:36 查询号码 【1767062】，返回信息 {"status":"bad","msg":""}
2021-07-02 00:03:36 查询号码 【1767062】，GSD为【""】
2021-07-02 00:03:36 bad
2021-07-02 00:03:40 CHB 1767062?1625155416 第 1 次 等待 1 秒
2021-07-02 00:03:41 CHB 1767062?1625155416 第 1 次 获取到号码【1767062】GSD
2021-07-02 00:03:41 获取到号码【1767062】的GSD为【湖南-株洲】
2021-07-02 00:04:01 GSD insert 第 1 次 等待 1 秒
2021-07-02 00:04:02 {"status":"ok","msg":"添加成功！170133"}
2021-07-02 00:04:02 下次操作: 2021-07-02 00:04:13

2021-07-02 00:04:13 开始第 12 次操作

2021-07-02 00:04:13 开始操作号码 【1767061】
2021-07-02 00:04:27 GSD getOne 第 1 次 等待 1 秒
2021-07-02 00:04:28 查询号码 【1767061】，返回信息 {"status":"ok","msg":"湖南-株洲","time_insert":"2021-04-22 10:02"}
2021-07-02 00:04:28 查询号码 【1767061】，GSD为【"湖南-株洲"】

2021-07-02 00:04:28 开始第 12 次操作

2021-07-02 00:04:28 开始操作号码 【1767060】
2021-07-02 00:04:51 GSD getOne 第 1 次 等待 1 秒
2021-07-02 00:04:52 查询号码 【1767060】，返回信息 {"status":"bad","msg":""}
2021-07-02 00:04:53 查询号码 【1767060】，GSD为【""】
2021-07-02 00:04:53 bad
2021-07-02 00:04:54 CHB 1767060?1625155493 第 1 次 等待 1 秒
2021-07-02 00:04:55 CHB 1767060?1625155493 第 1 次 获取到号码【1767060】GSD
2021-07-02 00:04:55 获取到号码【1767060】的GSD为【湖南-株洲】
2021-07-02 00:05:16 GSD insert 第 1 次 等待 1 秒
2021-07-02 00:05:17 {"status":"ok","msg":"添加成功！170147"}
2021-07-02 00:05:17 下次操作: 2021-07-02 00:05:30

2021-07-02 00:05:30 开始第 13 次操作

2021-07-02 00:05:30 开始操作号码 【1767059】
2021-07-02 00:05:37 GSD getOne 第 1 次 等待 1 秒
2021-07-02 00:05:38 查询号码 【1767059】，返回信息 {"status":"bad","msg":""}
2021-07-02 00:05:38 查询号码 【1767059】，GSD为【""】
2021-07-02 00:05:38 bad
2021-07-02 00:05:40 CHB 1767059?1625155538 第 1 次 等待 1 秒
2021-07-02 00:05:41 CHB 1767059?1625155538 第 1 次 获取到号码【1767059】GSD
2021-07-02 00:05:41 获取到号码【1767059】的GSD为【湖南-娄底】
2021-07-02 00:06:01 GSD insert 第 1 次 等待 1 秒
2021-07-02 00:06:02 {"status":"ok","msg":"添加成功！170154"}
2021-07-02 00:06:02 下次操作: 2021-07-02 00:06:08

2021-07-02 00:06:08 开始第 14 次操作

2021-07-02 00:06:08 开始操作号码 【1767058】
2021-07-02 00:06:27 GSD getOne 第 1 次 等待 1 秒
2021-07-02 00:06:28 查询号码 【1767058】，返回信息 {"status":"bad","msg":""}
2021-07-02 00:06:28 查询号码 【1767058】，GSD为【""】
2021-07-02 00:06:28 bad
2021-07-02 00:06:31 CHB 1767058?1625155588 第 1 次 等待 1 秒
2021-07-02 00:06:32 CHB 1767058?1625155588 第 1 次 获取到号码【1767058】GSD
2021-07-02 00:06:32 获取到号码【1767058】的GSD为【湖南-娄底】
2021-07-02 00:07:13 GSD insert 第 1 次 等待 1 秒
2021-07-02 00:07:14 {"status":"ok","msg":"添加成功！170165"}
2021-07-02 00:07:14 下次操作: 2021-07-02 00:07:25

2021-07-02 00:07:25 开始第 15 次操作

2021-07-02 00:07:25 开始操作号码 【1767057】
2021-07-02 00:07:40 GSD getOne 第 1 次 等待 1 秒
2021-07-02 00:07:41 查询号码 【1767057】，返回信息 {"status":"bad","msg":""}
2021-07-02 00:07:41 查询号码 【1767057】，GSD为【""】
2021-07-02 00:07:41 bad
2021-07-02 00:07:44 CHB 1767057?1625155661 第 1 次 等待 1 秒
2021-07-02 00:07:45 CHB 1767057?1625155661 第 1 次 获取到号码【1767057】GSD
2021-07-02 00:07:45 获取到号码【1767057】的GSD为【湖南-娄底】
2021-07-02 00:08:20 GSD insert 第 1 次 等待 1 秒
2021-07-02 00:08:21 {"status":"ok","msg":"添加成功！170176"}
2021-07-02 00:08:21 下次操作: 2021-07-02 00:08:31

2021-07-02 00:08:31 开始第 16 次操作

2021-07-02 00:08:31 开始操作号码 【1767056】
2021-07-02 00:08:43 GSD getOne 第 1 次 等待 1 秒
2021-07-02 00:08:44 查询号码 【1767056】，返回信息 {"status":"bad","msg":""}
2021-07-02 00:08:44 查询号码 【1767056】，GSD为【""】
2021-07-02 00:08:44 bad
2021-07-02 00:08:53 CHB 1767056?1625155724 第 1 次 等待 1 秒
2021-07-02 00:08:54 CHB 1767056?1625155724 第 1 次 获取到号码【1767056】GSD
2021-07-02 00:08:54 获取到号码【1767056】的GSD为【湖南-娄底】
2021-07-02 00:09:05 GSD insert 第 1 次 等待 1 秒
2021-07-02 00:09:06 {"status":"ok","msg":"添加成功！170183"}
2021-07-02 00:09:06 下次操作: 2021-07-02 00:09:13

2021-07-02 00:09:13 开始第 17 次操作

2021-07-02 00:09:13 开始操作号码 【1767055】
2021-07-02 00:09:52 GSD getOne 第 1 次 等待 1 秒
2021-07-02 00:09:53 查询号码 【1767055】，返回信息 {"status":"bad","msg":""}
2021-07-02 00:09:53 查询号码 【1767055】，GSD为【""】
2021-07-02 00:09:53 bad
2021-07-02 00:09:56 CHB 1767055?1625155793 第 1 次 等待 1 秒
2021-07-02 00:09:57 CHB 1767055?1625155793 第 1 次 获取到号码【1767055】GSD
2021-07-02 00:09:57 获取到号码【1767055】的GSD为【湖南-娄底】
2021-07-02 00:10:33 GSD insert 第 1 次 等待 1 秒
2021-07-02 00:10:34 {"status":"ok","msg":"添加成功！170194"}
2021-07-02 00:10:34 下次操作: 2021-07-02 00:10:46

2021-07-02 00:10:46 开始第 18 次操作

2021-07-02 00:10:46 开始操作号码 【1767054】
2021-07-02 00:10:59 GSD getOne 第 1 次 等待 1 秒
2021-07-02 00:11:00 查询号码 【1767054】，返回信息 {"status":"bad","msg":""}
2021-07-02 00:11:00 查询号码 【1767054】，GSD为【""】
2021-07-02 00:11:00 bad
2021-07-02 00:11:04 CHB 1767054?1625155860 第 1 次 等待 1 秒
2021-07-02 00:11:05 CHB 1767054?1625155860 第 1 次 获取到号码【1767054】GSD
2021-07-02 00:11:05 获取到号码【1767054】的GSD为【湖南-娄底】
2021-07-02 00:11:25 GSD insert 第 1 次 等待 1 秒
2021-07-02 00:11:26 {"status":"ok","msg":"添加成功！170202"}
2021-07-02 00:11:26 下次操作: 2021-07-02 00:11:35

2021-07-02 00:11:35 开始第 19 次操作

2021-07-02 00:11:35 开始操作号码 【1767053】
2021-07-02 00:11:56 GSD getOne 第 1 次 等待 1 秒
2021-07-02 00:11:57 查询号码 【1767053】，返回信息 {"status":"bad","msg":""}
2021-07-02 00:11:58 查询号码 【1767053】，GSD为【""】
2021-07-02 00:11:58 bad
2021-07-02 00:12:00 CHB 1767053?1625155918 第 1 次 等待 1 秒
2021-07-02 00:12:01 CHB 1767053?1625155918 第 1 次 获取到号码【1767053】GSD
2021-07-02 00:12:02 获取到号码【1767053】的GSD为【湖南-娄底】
2021-07-02 00:12:22 GSD insert 第 1 次 等待 1 秒
2021-07-02 00:12:23 {"status":"ok","msg":"添加成功！170211"}
2021-07-02 00:12:23 下次操作: 2021-07-02 00:12:33

2021-07-02 00:12:33 开始第 20 次操作

2021-07-02 00:12:33 开始操作号码 【1767052】
2021-07-02 00:12:46 GSD getOne 第 1 次 等待 1 秒
2021-07-02 00:12:47 查询号码 【1767052】，返回信息 {"status":"bad","msg":""}
2021-07-02 00:12:47 查询号码 【1767052】，GSD为【""】
2021-07-02 00:12:47 bad
2021-07-02 00:12:51 CHB 1767052?1625155967 第 1 次 等待 1 秒
2021-07-02 00:12:52 CHB 1767052?1625155967 第 1 次 获取到号码【1767052】GSD
2021-07-02 00:12:52 获取到号码【1767052】的GSD为【湖南-娄底】
2021-07-02 00:15:02 GSD insert 第 1 次 等待 1 秒
2021-07-02 00:17:13 GSD insert 第 2 次 等待 1 秒
2021-07-02 00:17:19 GSD insert 第 3 次 等待 1 秒
2021-07-02 00:17:20 {"status":"ok","msg":"添加成功！170257"}
2021-07-02 00:17:20 下次操作: 2021-07-02 00:17:31

2021-07-02 00:17:31 开始第 21 次操作

2021-07-02 00:17:31 开始操作号码 【1767051】
2021-07-02 00:17:44 GSD getOne 第 1 次 等待 1 秒
2021-07-02 00:17:45 查询号码 【1767051】，返回信息 {"status":"bad","msg":""}
2021-07-02 00:17:45 查询号码 【1767051】，GSD为【""】
2021-07-02 00:17:45 bad
2021-07-02 00:17:48 CHB 1767051?1625156265 第 1 次 等待 1 秒
2021-07-02 00:17:49 CHB 1767051?1625156265 第 1 次 获取到号码【1767051】GSD
2021-07-02 00:17:49 获取到号码【1767051】的GSD为【湖南-娄底】
2021-07-02 00:18:11 GSD insert 第 1 次 等待 1 秒
2021-07-02 00:18:12 {"status":"ok","msg":"添加成功！170265"}
2021-07-02 00:18:12 下次操作: 2021-07-02 00:18:18

2021-07-02 00:18:18 开始第 22 次操作

2021-07-02 00:18:18 开始操作号码 【1767050】
2021-07-02 00:18:42 GSD getOne 第 1 次 等待 1 秒
2021-07-02 00:18:43 查询号码 【1767050】，返回信息 {"status":"bad","msg":""}
2021-07-02 00:18:43 查询号码 【1767050】，GSD为【""】
2021-07-02 00:18:43 bad
2021-07-02 00:18:45 CHB 1767050?1625156323 第 1 次 等待 1 秒
2021-07-02 00:18:46 CHB 1767050?1625156323 第 1 次 获取到号码【1767050】GSD
2021-07-02 00:18:46 获取到号码【1767050】的GSD为【湖南-娄底】
2021-07-02 00:19:06 GSD insert 第 1 次 等待 1 秒
2021-07-02 00:19:07 {"status":"ok","msg":"添加成功！170273"}
2021-07-02 00:19:07 下次操作: 2021-07-02 00:19:18

2021-07-02 00:19:18 开始第 23 次操作

2021-07-02 00:19:18 开始操作号码 【1767049】
2021-07-02 00:19:31 GSD getOne 第 1 次 等待 1 秒
2021-07-02 00:19:32 查询号码 【1767049】，返回信息 {"status":"bad","msg":""}
2021-07-02 00:19:32 查询号码 【1767049】，GSD为【""】
2021-07-02 00:19:32 bad
2021-07-02 00:19:36 CHB 1767049?1625156372 第 1 次 等待 1 秒
2021-07-02 00:19:37 CHB 1767049?1625156372 第 1 次 获取到号码【1767049】GSD
2021-07-02 00:19:37 获取到号码【1767049】的GSD为【湖南-怀化】
2021-07-02 00:19:58 GSD insert 第 1 次 等待 1 秒
2021-07-02 00:19:59 {"status":"ok","msg":"添加成功！170278"}
2021-07-02 00:19:59 下次操作: 2021-07-02 00:20:06

2021-07-02 00:20:06 开始第 24 次操作

2021-07-02 00:20:06 开始操作号码 【1767048】
2021-07-02 00:20:26 GSD getOne 第 1 次 等待 1 秒
2021-07-02 00:20:27 查询号码 【1767048】，返回信息 {"status":"bad","msg":""}
2021-07-02 00:20:27 查询号码 【1767048】，GSD为【""】
2021-07-02 00:20:27 bad
2021-07-02 00:20:30 CHB 1767048?1625156427 第 1 次 等待 1 秒
2021-07-02 00:20:31 CHB 1767048?1625156427 第 1 次 获取到号码【1767048】GSD
2021-07-02 00:20:31 获取到号码【1767048】的GSD为【湖南-怀化】
2021-07-02 00:20:52 GSD insert 第 1 次 等待 1 秒
2021-07-02 00:20:53 {"status":"ok","msg":"添加成功！170281"}
2021-07-02 00:20:53 下次操作: 2021-07-02 00:21:02

2021-07-02 00:21:02 开始第 25 次操作

2021-07-02 00:21:02 开始操作号码 【1767047】
2021-07-02 00:21:28 GSD getOne 第 1 次 等待 1 秒
2021-07-02 00:21:29 查询号码 【1767047】，返回信息 {"status":"bad","msg":""}
2021-07-02 00:21:29 查询号码 【1767047】，GSD为【""】
2021-07-02 00:21:29 bad
2021-07-02 00:21:33 CHB 1767047?1625156489 第 1 次 等待 1 秒
2021-07-02 00:21:34 CHB 1767047?1625156489 第 1 次 获取到号码【1767047】GSD
2021-07-02 00:21:34 获取到号码【1767047】的GSD为【湖南-怀化】
2021-07-02 00:21:54 GSD insert 第 1 次 等待 1 秒
2021-07-02 00:21:55 {"status":"ok","msg":"添加成功！170285"}
2021-07-02 00:21:55 下次操作: 2021-07-02 00:22:03

2021-07-02 00:22:03 开始第 26 次操作

2021-07-02 00:22:03 开始操作号码 【1767046】
2021-07-02 00:22:22 GSD getOne 第 1 次 等待 1 秒
2021-07-02 00:22:23 查询号码 【1767046】，返回信息 {"status":"bad","msg":""}
2021-07-02 00:22:23 查询号码 【1767046】，GSD为【""】
2021-07-02 00:22:23 bad
2021-07-02 00:22:31 CHB 1767046?1625156543 第 1 次 等待 1 秒
2021-07-02 00:22:32 CHB 1767046?1625156543 第 1 次 获取到号码【1767046】GSD
2021-07-02 00:22:32 获取到号码【1767046】的GSD为【湖南-怀化】
2021-07-02 00:23:01 GSD insert 第 1 次 等待 1 秒
2021-07-02 00:23:02 {"status":"ok","msg":"添加成功！170290"}
2021-07-02 00:23:02 下次操作: 2021-07-02 00:23:13

2021-07-02 00:23:13 开始第 27 次操作

2021-07-02 00:23:13 开始操作号码 【1767045】
2021-07-02 00:23:25 GSD getOne 第 1 次 等待 1 秒
2021-07-02 00:23:26 查询号码 【1767045】，返回信息 {"status":"ok","msg":"湖南-怀化","time_insert":"2019-04-24 10:38","time_update":"2020-09-23 09:08"}
2021-07-02 00:23:26 查询号码 【1767045】，GSD为【"湖南-怀化"】

2021-07-02 00:23:26 开始第 27 次操作

2021-07-02 00:23:26 开始操作号码 【1767044】
2021-07-02 00:23:48 GSD getOne 第 1 次 等待 1 秒
2021-07-02 00:23:49 查询号码 【1767044】，返回信息 {"status":"bad","msg":""}
2021-07-02 00:23:50 查询号码 【1767044】，GSD为【""】
2021-07-02 00:23:50 bad
2021-07-02 00:23:52 CHB 1767044?1625156630 第 1 次 等待 1 秒
2021-07-02 00:23:53 CHB 1767044?1625156630 第 1 次 获取到号码【1767044】GSD
2021-07-02 00:23:53 获取到号码【1767044】的GSD为【湖南-怀化】
2021-07-02 00:25:02 GSD insert 第 1 次 等待 1 秒
2021-07-02 00:25:03 {"status":"ok","msg":"添加成功！170292"}
2021-07-02 00:25:03 下次操作: 2021-07-02 00:25:10

2021-07-02 00:25:10 开始第 28 次操作

2021-07-02 00:25:10 开始操作号码 【1767043】
2021-07-02 00:25:47 GSD getOne 第 1 次 等待 1 秒
2021-07-02 00:25:48 查询号码 【1767043】，返回信息 {"status":"ok","msg":"湖南-怀化","time_insert":"2017-05-16 12:22","time_update":"2020-09-23 09:07"}
2021-07-02 00:25:49 查询号码 【1767043】，GSD为【"湖南-怀化"】

2021-07-02 00:25:49 开始第 28 次操作

2021-07-02 00:25:49 开始操作号码 【1767042】
2021-07-02 00:26:08 GSD getOne 第 1 次 等待 1 秒
2021-07-02 00:26:09 查询号码 【1767042】，返回信息 {"status":"bad","msg":""}
2021-07-02 00:26:09 查询号码 【1767042】，GSD为【""】
2021-07-02 00:26:09 bad
2021-07-02 00:26:11 CHB 1767042?1625156769 第 1 次 等待 1 秒
2021-07-02 00:26:12 CHB 1767042?1625156769 第 1 次 获取到号码【1767042】GSD
2021-07-02 00:26:12 获取到号码【1767042】的GSD为【湖南-怀化】
2021-07-02 00:26:49 GSD insert 第 1 次 等待 1 秒
2021-07-02 00:26:50 {"status":"ok","msg":"添加成功！170296"}
2021-07-02 00:26:50 下次操作: 2021-07-02 00:27:06

2021-07-02 00:27:06 开始第 29 次操作

2021-07-02 00:27:06 开始操作号码 【1767041】
2021-07-02 00:27:12 GSD getOne 第 1 次 等待 1 秒
2021-07-02 00:27:13 查询号码 【1767041】，返回信息 {"status":"bad","msg":""}
2021-07-02 00:27:13 查询号码 【1767041】，GSD为【""】
2021-07-02 00:27:13 bad
2021-07-02 00:27:15 CHB 1767041?1625156833 第 1 次 等待 1 秒
2021-07-02 00:27:16 CHB 1767041?1625156833 第 1 次 获取到号码【1767041】GSD
2021-07-02 00:27:16 获取到号码【1767041】的GSD为【湖南-怀化】
2021-07-02 00:27:53 GSD insert 第 1 次 等待 1 秒
2021-07-02 00:27:54 {"status":"ok","msg":"添加成功！170298"}
2021-07-02 00:27:54 下次操作: 2021-07-02 00:28:08

2021-07-02 00:28:08 开始第 30 次操作

2021-07-02 00:28:08 开始操作号码 【1767040】
2021-07-02 00:28:15 GSD getOne 第 1 次 等待 1 秒
2021-07-02 00:28:16 查询号码 【1767040】，返回信息 {"status":"bad","msg":""}
2021-07-02 00:28:16 查询号码 【1767040】，GSD为【""】
2021-07-02 00:28:16 bad
2021-07-02 00:28:18 CHB 1767040?1625156896 第 1 次 等待 1 秒
2021-07-02 00:28:19 CHB 1767040?1625156896 第 1 次 获取到号码【1767040】GSD
2021-07-02 00:28:19 获取到号码【1767040】的GSD为【湖南-怀化】
2021-07-02 00:28:43 GSD insert 第 1 次 等待 1 秒
2021-07-02 00:28:44 {"status":"ok","msg":"添加成功！170300"}

