2023-11-30 00:14:05 开始第 589 次操作

2023-11-30 00:14:05 开始操作号码 【1860482】
2023-11-30 00:14:09 GSD getOne 第 1 次 等待 3 秒
2023-11-30 00:14:12 查询号码 【1860482】，返回信息 {"status":"ok","msg":"内蒙古-兴安盟","gid":"365670","time_insert":"2021-07-23 12:35"}
2023-11-30 00:14:12 查询号码 【1860482】，GSD为【"内蒙古-兴安盟"】

2023-11-30 00:14:13 开始第 590 次操作

2023-11-30 00:14:13 开始操作号码 【1860483】
2023-11-30 00:14:16 GSD getOne 第 1 次 等待 3 秒
2023-11-30 00:14:19 查询号码 【1860483】，返回信息 {"status":"ok","msg":"内蒙古-阿拉善","gid":"365710","time_insert":"2021-07-23 12:47"}
2023-11-30 00:14:19 查询号码 【1860483】，GSD为【"内蒙古-阿拉善"】

2023-11-30 00:14:20 开始第 591 次操作

2023-11-30 00:14:20 开始操作号码 【1860484】
2023-11-30 00:14:24 GSD getOne 第 1 次 等待 3 秒
2023-11-30 00:14:27 查询号码 【1860484】，返回信息 {"status":"ok","msg":"内蒙古-乌兰察布","gid":"365828","time_insert":"2021-07-23 12:58"}
2023-11-30 00:14:27 查询号码 【1860484】，GSD为【"内蒙古-乌兰察布"】

2023-11-30 00:14:28 开始第 592 次操作

2023-11-30 00:14:28 开始操作号码 【1860485】
2023-11-30 00:14:31 GSD getOne 第 1 次 等待 3 秒
2023-11-30 00:14:34 查询号码 【1860485】，返回信息 {"status":"ok","msg":"内蒙古-通辽","gid":"366021","time_insert":"2021-07-23 13:12"}
2023-11-30 00:14:34 查询号码 【1860485】，GSD为【"内蒙古-通辽"】

2023-11-30 00:39:24 开始第 593 次操作

2023-11-30 00:39:24 开始操作号码 【1860486】
2023-11-30 00:40:23 GSD getOne 第 1 次 等待 3 秒
2023-11-30 00:40:26 查询号码 【1860486】，返回信息 {"status":"ok","msg":"内蒙古-赤峰","gid":"366100","time_insert":"2021-07-23 13:25"}
2023-11-30 00:40:26 查询号码 【1860486】，GSD为【"内蒙古-赤峰"】

2023-11-30 00:40:27 开始第 594 次操作

2023-11-30 00:40:27 开始操作号码 【1860487】
2023-11-30 00:40:53 GSD getOne 第 1 次 等待 3 秒
2023-11-30 00:40:56 查询号码 【1860487】，返回信息 {"status":"ok","msg":"内蒙古-鄂尔多斯","gid":"366141","time_insert":"2021-07-23 13:36"}
2023-11-30 00:40:56 查询号码 【1860487】，GSD为【"内蒙古-鄂尔多斯"】

2023-11-30 00:40:57 开始第 595 次操作

2023-11-30 00:40:57 开始操作号码 【1860488】
2023-11-30 00:41:00 GSD getOne 第 1 次 等待 3 秒
2023-11-30 00:41:03 查询号码 【1860488】，返回信息 {"status":"ok","msg":"内蒙古-呼和浩特","gid":"366342","time_insert":"2021-07-23 13:51"}
2023-11-30 00:41:03 查询号码 【1860488】，GSD为【"内蒙古-呼和浩特"】

2023-11-30 00:41:04 开始第 596 次操作

2023-11-30 00:41:04 开始操作号码 【1860489】
2023-11-30 00:41:08 GSD getOne 第 1 次 等待 3 秒
2023-11-30 00:41:11 查询号码 【1860489】，返回信息 {"status":"ok","msg":"内蒙古-巴彦淖尔","gid":"366484","time_insert":"2021-07-23 14:04"}
2023-11-30 00:41:11 查询号码 【1860489】，GSD为【"内蒙古-巴彦淖尔"】

2023-11-30 01:09:46 开始第 597 次操作

2023-11-30 01:09:46 开始操作号码 【1860490】
2023-11-30 01:09:50 GSD getOne 第 1 次 等待 3 秒
2023-11-30 01:09:53 查询号码 【1860490】，返回信息 {"status":"ok","msg":"辽宁-铁岭","gid":"366561","time_insert":"2021-07-23 14:18"}
2023-11-30 01:09:53 查询号码 【1860490】，GSD为【"辽宁-铁岭"】

2023-11-30 01:09:54 开始第 598 次操作

2023-11-30 01:09:54 开始操作号码 【1860491】
2023-11-30 01:09:57 GSD getOne 第 1 次 等待 3 秒
2023-11-30 01:10:00 查询号码 【1860491】，返回信息 {"status":"ok","msg":"辽宁-朝阳","gid":"366611","time_insert":"2021-07-23 14:31","time_update":"2021-08-05 09:25"}
2023-11-30 01:10:00 查询号码 【1860491】，GSD为【"辽宁-朝阳"】

2023-11-30 01:10:01 开始第 599 次操作

2023-11-30 01:10:01 开始操作号码 【1860492】
2023-11-30 01:10:09 GSD getOne 第 1 次 等待 3 秒
2023-11-30 01:10:12 查询号码 【1860492】，返回信息 {"status":"ok","msg":"辽宁-鞍山","gid":"366659","time_insert":"2021-07-23 14:44"}
2023-11-30 01:10:12 查询号码 【1860492】，GSD为【"辽宁-鞍山"】

2023-11-30 01:10:13 开始第 600 次操作

2023-11-30 01:10:13 开始操作号码 【1860493】
2023-11-30 01:10:16 GSD getOne 第 1 次 等待 3 秒
2023-11-30 01:10:19 查询号码 【1860493】，返回信息 {"status":"ok","msg":"辽宁-沈阳","gid":"366819","time_insert":"2021-07-23 14:59"}
2023-11-30 01:10:19 查询号码 【1860493】，GSD为【"辽宁-沈阳"】

2023-11-30 01:34:20 开始第 601 次操作

2023-11-30 01:34:20 开始操作号码 【1860494】
2023-11-30 01:34:26 GSD getOne 第 1 次 等待 3 秒
2023-11-30 01:34:29 查询号码 【1860494】，返回信息 {"status":"ok","msg":"辽宁-大连","gid":"366962","time_insert":"2021-07-23 15:10"}
2023-11-30 01:34:29 查询号码 【1860494】，GSD为【"辽宁-大连"】

2023-11-30 01:34:30 开始第 602 次操作

2023-11-30 01:34:31 开始操作号码 【1860495】
2023-11-30 01:34:34 GSD getOne 第 1 次 等待 3 秒
2023-11-30 01:34:37 查询号码 【1860495】，返回信息 {"status":"ok","msg":"辽宁-丹东","gid":"367114","time_insert":"2021-07-23 15:24"}
2023-11-30 01:34:37 查询号码 【1860495】，GSD为【"辽宁-丹东"】

2023-11-30 01:34:38 开始第 603 次操作

2023-11-30 01:34:38 开始操作号码 【1860496】
2023-11-30 01:34:43 GSD getOne 第 1 次 等待 3 秒
2023-11-30 01:34:46 查询号码 【1860496】，返回信息 {"status":"ok","msg":"辽宁-锦州","gid":"367207","time_insert":"2021-07-23 15:39"}
2023-11-30 01:34:46 查询号码 【1860496】，GSD为【"辽宁-锦州"】

2023-11-30 01:34:47 开始第 604 次操作

2023-11-30 01:34:47 开始操作号码 【1860497】
2023-11-30 01:34:50 GSD getOne 第 1 次 等待 3 秒
2023-11-30 01:34:53 查询号码 【1860497】，返回信息 {"status":"ok","msg":"辽宁-营口","gid":"367396","time_insert":"2021-07-23 15:51"}
2023-11-30 01:34:54 查询号码 【1860497】，GSD为【"辽宁-营口"】

2023-11-30 02:13:39 开始第 605 次操作

2023-11-30 02:13:39 开始操作号码 【1860498】
2023-11-30 02:13:43 GSD getOne 第 1 次 等待 3 秒
2023-11-30 02:13:46 查询号码 【1860498】，返回信息 {"status":"ok","msg":"辽宁-阜新","gid":"367574","time_insert":"2021-07-23 16:06"}
2023-11-30 02:13:46 查询号码 【1860498】，GSD为【"辽宁-阜新"】

2023-11-30 02:13:47 开始第 606 次操作

2023-11-30 02:13:47 开始操作号码 【1860499】
2023-11-30 02:13:51 GSD getOne 第 1 次 等待 3 秒
2023-11-30 02:13:54 查询号码 【1860499】，返回信息 {"status":"ok","msg":"辽宁-辽阳","gid":"367636","time_insert":"2021-07-23 16:20"}
2023-11-30 02:13:54 查询号码 【1860499】，GSD为【"辽宁-辽阳"】

2023-11-30 02:13:55 开始第 607 次操作

2023-11-30 02:13:55 开始操作号码 【1860500】
2023-11-30 02:13:58 GSD getOne 第 1 次 等待 3 秒
2023-11-30 02:14:01 查询号码 【1860500】，返回信息 {"status":"ok","msg":"福建-泉州","gid":"40413","time_insert":"2017-09-14 21:32","time_update":"2020-11-11 03:22"}
2023-11-30 02:14:01 查询号码 【1860500】，GSD为【"福建-泉州"】

2023-11-30 02:14:02 开始第 608 次操作

2023-11-30 02:14:02 开始操作号码 【1860501】
2023-11-30 02:14:06 GSD getOne 第 1 次 等待 3 秒
2023-11-30 02:14:09 查询号码 【1860501】，返回信息 {"status":"ok","msg":"福建-莆田","gid":"367661","time_insert":"2021-07-23 16:31"}
2023-11-30 02:14:09 查询号码 【1860501】，GSD为【"福建-莆田"】

2023-11-30 02:35:04 开始第 609 次操作

2023-11-30 02:35:04 开始操作号码 【1860502】
2023-11-30 02:35:07 GSD getOne 第 1 次 等待 3 秒
2023-11-30 02:35:10 查询号码 【1860502】，返回信息 {"status":"ok","msg":"福建-厦门","gid":"367715","time_insert":"2021-07-23 16:44"}
2023-11-30 02:35:10 查询号码 【1860502】，GSD为【"福建-厦门"】

2023-11-30 02:35:11 开始第 610 次操作

2023-11-30 02:35:11 开始操作号码 【1860503】
2023-11-30 02:35:15 GSD getOne 第 1 次 等待 3 秒
2023-11-30 02:35:18 查询号码 【1860503】，返回信息 {"status":"ok","msg":"福建-三明","gid":"367934","time_insert":"2021-07-23 16:59"}
2023-11-30 02:35:18 查询号码 【1860503】，GSD为【"福建-三明"】

2023-11-30 02:35:19 开始第 611 次操作

2023-11-30 02:35:19 开始操作号码 【1860504】
2023-11-30 02:35:22 GSD getOne 第 1 次 等待 3 秒
2023-11-30 02:35:25 查询号码 【1860504】，返回信息 {"status":"ok","msg":"福建-泉州","gid":"368061","time_insert":"2021-07-23 17:10"}
2023-11-30 02:35:25 查询号码 【1860504】，GSD为【"福建-泉州"】

2023-11-30 02:35:26 开始第 612 次操作

2023-11-30 02:35:26 开始操作号码 【1860505】
2023-11-30 02:35:29 GSD getOne 第 1 次 等待 3 秒
2023-11-30 02:35:32 查询号码 【1860505】，返回信息 {"status":"ok","msg":"福建-宁德","gid":"40414","time_insert":"2018-06-01 21:56","time_update":"2020-09-06 10:39"}
2023-11-30 02:35:32 查询号码 【1860505】，GSD为【"福建-宁德"】

2023-11-30 03:09:03 开始第 613 次操作

2023-11-30 03:09:03 开始操作号码 【1860506】
2023-11-30 03:09:07 GSD getOne 第 1 次 等待 3 秒
2023-11-30 03:09:10 查询号码 【1860506】，返回信息 {"status":"ok","msg":"福建-漳州","gid":"368114","time_insert":"2021-07-23 17:21"}
2023-11-30 03:09:10 查询号码 【1860506】，GSD为【"福建-漳州"】

2023-11-30 03:09:11 开始第 614 次操作

2023-11-30 03:09:11 开始操作号码 【1860507】
2023-11-30 03:09:15 GSD getOne 第 1 次 等待 3 秒
2023-11-30 03:09:18 查询号码 【1860507】，返回信息 {"status":"ok","msg":"福建-南平","gid":"368152","time_insert":"2021-07-23 17:36"}
2023-11-30 03:09:18 查询号码 【1860507】，GSD为【"福建-南平"】

2023-11-30 03:09:19 开始第 615 次操作

2023-11-30 03:09:19 开始操作号码 【1860508】
2023-11-30 03:09:23 GSD getOne 第 1 次 等待 3 秒
2023-11-30 03:09:26 查询号码 【1860508】，返回信息 {"status":"ok","msg":"福建-福州","gid":"368233","time_insert":"2021-07-23 17:47"}
2023-11-30 03:09:26 查询号码 【1860508】，GSD为【"福建-福州"】

2023-11-30 03:09:27 开始第 616 次操作

2023-11-30 03:09:27 开始操作号码 【1860509】
2023-11-30 03:09:30 GSD getOne 第 1 次 等待 3 秒
2023-11-30 03:09:33 查询号码 【1860509】，返回信息 {"status":"ok","msg":"福建-龙岩","gid":"368424","time_insert":"2021-07-23 18:00"}
2023-11-30 03:09:33 查询号码 【1860509】，GSD为【"福建-龙岩"】

2023-11-30 03:34:25 开始第 617 次操作

2023-11-30 03:34:25 开始操作号码 【1860510】
2023-11-30 03:34:29 GSD getOne 第 1 次 等待 3 秒
2023-11-30 03:34:32 查询号码 【1860510】，返回信息 {"status":"ok","msg":"江苏-无锡","gid":"368581","time_insert":"2021-07-23 18:15"}
2023-11-30 03:34:33 查询号码 【1860510】，GSD为【"江苏-无锡"】

2023-11-30 03:34:34 开始第 618 次操作

2023-11-30 03:34:34 开始操作号码 【1860511】
2023-11-30 03:34:37 GSD getOne 第 1 次 等待 3 秒
2023-11-30 03:34:40 查询号码 【1860511】，返回信息 {"status":"ok","msg":"江苏-镇江","gid":"368647","time_insert":"2021-07-23 18:29"}
2023-11-30 03:34:40 查询号码 【1860511】，GSD为【"江苏-镇江"】

2023-11-30 03:34:41 开始第 619 次操作

2023-11-30 03:34:41 开始操作号码 【1860512】
2023-11-30 03:34:45 GSD getOne 第 1 次 等待 3 秒
2023-11-30 03:34:48 查询号码 【1860512】，返回信息 {"status":"ok","msg":"江苏-苏州","gid":"368726","time_insert":"2021-07-23 18:44"}
2023-11-30 03:34:48 查询号码 【1860512】，GSD为【"江苏-苏州"】

2023-11-30 03:34:49 开始第 620 次操作

2023-11-30 03:34:49 开始操作号码 【1860513】
2023-11-30 03:34:52 GSD getOne 第 1 次 等待 3 秒
2023-11-30 03:34:55 查询号码 【1860513】，返回信息 {"status":"ok","msg":"江苏-南通","gid":"368937","time_insert":"2021-07-23 18:57"}
2023-11-30 03:34:55 查询号码 【1860513】，GSD为【"江苏-南通"】

