2023-12-19 00:13:58 开始第 4073 次操作

2023-12-19 00:13:58 开始操作号码 【1863966】
2023-12-19 00:14:05 GSD getOne 第 1 次 等待 3 秒
2023-12-19 00:14:08 查询号码 【1863966】，返回信息 {"status":"ok","msg":"河南-驻马店","gid":"472236","time_insert":"2021-08-01 22:06"}
2023-12-19 00:14:09 查询号码 【1863966】，GSD为【"河南-驻马店"】

2023-12-19 00:14:10 开始第 4074 次操作

2023-12-19 00:14:10 开始操作号码 【1863967】
2023-12-19 00:14:13 GSD getOne 第 1 次 等待 3 秒
2023-12-19 00:14:16 查询号码 【1863967】，返回信息 {"status":"ok","msg":"河南-驻马店","gid":"472233","time_insert":"2021-08-01 22:06"}
2023-12-19 00:14:16 查询号码 【1863967】，GSD为【"河南-驻马店"】

2023-12-19 00:14:17 开始第 4075 次操作

2023-12-19 00:14:17 开始操作号码 【1863968】
2023-12-19 00:14:23 GSD getOne 第 1 次 等待 3 秒
2023-12-19 00:14:26 查询号码 【1863968】，返回信息 {"status":"ok","msg":"河南-驻马店","gid":"55968","time_insert":"2021-03-21 18:36"}
2023-12-19 00:14:26 查询号码 【1863968】，GSD为【"河南-驻马店"】

2023-12-19 00:14:27 开始第 4076 次操作

2023-12-19 00:14:27 开始操作号码 【1863969】
2023-12-19 00:14:37 GSD getOne 第 1 次 等待 3 秒
2023-12-19 00:14:40 查询号码 【1863969】，返回信息 {"status":"ok","msg":"河南-驻马店","gid":"472230","time_insert":"2021-08-01 22:05"}
2023-12-19 00:14:40 查询号码 【1863969】，GSD为【"河南-驻马店"】

2023-12-19 00:39:04 开始第 4077 次操作

2023-12-19 00:39:04 开始操作号码 【1863970】
2023-12-19 00:39:08 GSD getOne 第 1 次 等待 3 秒
2023-12-19 00:39:11 查询号码 【1863970】，返回信息 {"status":"ok","msg":"河南-信阳","gid":"52345","time_insert":"2021-04-24 18:50","time_update":"2021-04-24 20:21"}
2023-12-19 00:39:11 查询号码 【1863970】，GSD为【"河南-信阳"】

2023-12-19 00:39:12 开始第 4078 次操作

2023-12-19 00:39:12 开始操作号码 【1863971】
2023-12-19 00:39:16 GSD getOne 第 1 次 等待 3 秒
2023-12-19 00:39:19 查询号码 【1863971】，返回信息 {"status":"ok","msg":"河南-许昌","gid":"55969","time_insert":"2020-12-11 11:21"}
2023-12-19 00:39:19 查询号码 【1863971】，GSD为【"河南-许昌"】

2023-12-19 00:39:20 开始第 4079 次操作

2023-12-19 00:39:20 开始操作号码 【1863972】
2023-12-19 00:39:30 GSD getOne 第 1 次 等待 3 秒
2023-12-19 00:39:33 查询号码 【1863972】，返回信息 {"status":"ok","msg":"河南-许昌","gid":"472226","time_insert":"2021-08-01 22:04","time_update":"2021-08-05 04:58"}
2023-12-19 00:39:33 查询号码 【1863972】，GSD为【"河南-许昌"】

2023-12-19 00:39:34 开始第 4080 次操作

2023-12-19 00:39:34 开始操作号码 【1863973】
2023-12-19 00:39:38 GSD getOne 第 1 次 等待 3 秒
2023-12-19 00:39:41 查询号码 【1863973】，返回信息 {"status":"ok","msg":"河南-平顶山","gid":"472219","time_insert":"2021-08-01 22:03"}
2023-12-19 00:39:41 查询号码 【1863973】，GSD为【"河南-平顶山"】

2023-12-19 01:10:14 开始第 4081 次操作

2023-12-19 01:10:14 开始操作号码 【1863974】
2023-12-19 01:10:17 GSD getOne 第 1 次 等待 3 秒
2023-12-19 01:10:20 查询号码 【1863974】，返回信息 {"status":"ok","msg":"河南-平顶山","gid":"472212","time_insert":"2021-08-01 22:02"}
2023-12-19 01:10:21 查询号码 【1863974】，GSD为【"河南-平顶山"】

2023-12-19 01:10:22 开始第 4082 次操作

2023-12-19 01:10:22 开始操作号码 【1863975】
2023-12-19 01:10:25 GSD getOne 第 1 次 等待 3 秒
2023-12-19 01:10:28 查询号码 【1863975】，返回信息 {"status":"ok","msg":"河南-商丘","gid":"472200","time_insert":"2021-08-01 22:01"}
2023-12-19 01:10:28 查询号码 【1863975】，GSD为【"河南-商丘"】

2023-12-19 01:10:29 开始第 4083 次操作

2023-12-19 01:10:29 开始操作号码 【1863976】
2023-12-19 01:10:33 GSD getOne 第 1 次 等待 3 秒
2023-12-19 01:10:36 查询号码 【1863976】，返回信息 {"status":"ok","msg":"河南-开封","gid":"472190","time_insert":"2021-08-01 22:01"}
2023-12-19 01:10:36 查询号码 【1863976】，GSD为【"河南-开封"】

2023-12-19 01:10:37 开始第 4084 次操作

2023-12-19 01:10:37 开始操作号码 【1863977】
2023-12-19 01:10:48 GSD getOne 第 1 次 等待 3 秒
2023-12-19 01:10:51 查询号码 【1863977】，返回信息 {"status":"ok","msg":"河南-开封","gid":"472176","time_insert":"2021-08-01 22:00"}
2023-12-19 01:10:51 查询号码 【1863977】，GSD为【"河南-开封"】

