2024-11-26 00:28:07 开始第 6617 次操作

2024-11-26 00:28:07 开始操作号码 【1326616】
2024-11-26 00:28:08 GSD getOne 第 1 次 等待 3 秒
2024-11-26 00:28:11 查询号码 【1326616】，返回信息 {"status":"ok","msg":"广东-东莞","gid":"234832","time_insert":"2021-07-09 23:46"}
2024-11-26 00:28:11 查询号码 【1326616】，GSD为【"广东-东莞"】

2024-11-26 00:28:12 开始第 6618 次操作

2024-11-26 00:28:12 开始操作号码 【1326617】
2024-11-26 00:28:16 GSD getOne 第 1 次 等待 3 秒
2024-11-26 00:28:19 查询号码 【1326617】，返回信息 {"status":"ok","msg":"广东-东莞","gid":"234829","time_insert":"2021-07-09 23:46"}
2024-11-26 00:28:19 查询号码 【1326617】，GSD为【"广东-东莞"】

2024-11-26 00:28:20 开始第 6619 次操作

2024-11-26 00:28:20 开始操作号码 【1326618】
2024-11-26 00:28:21 GSD getOne 第 1 次 等待 3 秒
2024-11-26 00:28:24 查询号码 【1326618】，返回信息 {"status":"ok","msg":"广东-东莞","gid":"234828","time_insert":"2021-07-09 23:45"}
2024-11-26 00:28:24 查询号码 【1326618】，GSD为【"广东-东莞"】

2024-11-26 00:28:25 开始第 6620 次操作

2024-11-26 00:28:25 开始操作号码 【1326619】
2024-11-26 00:28:30 GSD getOne 第 1 次 等待 3 秒
2024-11-26 00:28:33 查询号码 【1326619】，返回信息 {"status":"ok","msg":"广东-东莞","gid":"234827","time_insert":"2021-07-09 23:45"}
2024-11-26 00:28:33 查询号码 【1326619】，GSD为【"广东-东莞"】

