2024-04-07 00:13:07 开始第 2393 次操作

2024-04-07 00:13:07 开始操作号码 【1642287】
2024-04-07 00:13:13 GSD getOne 第 1 次 等待 3 秒
2024-04-07 00:13:16 查询号码 【1642287】，返回信息 {"status":"ok","msg":"-","gid":"559935","time_insert":"2023-02-28 02:41"}
2024-04-07 00:13:16 查询号码 【1642287】，GSD为【"-"】
2024-04-07 00:13:16 ok && -
2024-04-07 00:13:21 CHB 1642287?1712419996 第 1 次 等待 3 秒
2024-04-07 00:13:24 CHB 1642287?1712419996 第 1 次 获取到号码【1642287】GSD
2024-04-07 00:13:24 未获取到号码【1642287】GSD，可能号码格式错误
2024-04-07 00:13:24 获取到号码【1642287】的GSD为【-】
2024-04-07 00:13:29 GSD insert 第 1 次 等待 3 秒
2024-04-07 00:13:32 {"status":"bad","gid":"559935","msg":"添加失败！号码【1642287(-|-)】已存在！"}
2024-04-07 00:13:32 随机等待 78 秒，约 1 分钟
2024-04-07 00:13:32 下次操作: 2024-04-07 00:14:50

2024-04-07 00:14:50 开始第 2394 次操作

2024-04-07 00:14:50 开始操作号码 【1642288】
2024-04-07 00:14:55 GSD getOne 第 1 次 等待 3 秒
2024-04-07 00:14:58 查询号码 【1642288】，返回信息 {"status":"ok","msg":"-","gid":"559956","time_insert":"2023-02-28 02:57"}
2024-04-07 00:14:58 查询号码 【1642288】，GSD为【"-"】
2024-04-07 00:14:58 ok && -
2024-04-07 00:15:00 CHB 1642288?1712420098 第 1 次 等待 3 秒
2024-04-07 00:15:03 CHB 1642288?1712420098 第 1 次 获取到号码【1642288】GSD
2024-04-07 00:15:03 未获取到号码【1642288】GSD，可能号码格式错误
2024-04-07 00:15:03 获取到号码【1642288】的GSD为【-】
2024-04-07 00:15:08 GSD insert 第 1 次 等待 3 秒
2024-04-07 00:15:11 {"status":"bad","gid":"559956","msg":"添加失败！号码【1642288(-|-)】已存在！"}
2024-04-07 00:15:11 随机等待 137 秒，约 2 分钟
2024-04-07 00:15:11 下次操作: 2024-04-07 00:17:28

2024-04-07 00:17:28 开始第 2395 次操作

2024-04-07 00:17:28 开始操作号码 【1642289】
2024-04-07 00:17:33 GSD getOne 第 1 次 等待 3 秒
2024-04-07 00:17:36 查询号码 【1642289】，返回信息 {"status":"ok","msg":"-","gid":"559975","time_insert":"2023-02-28 03:07"}
2024-04-07 00:17:36 查询号码 【1642289】，GSD为【"-"】
2024-04-07 00:17:36 ok && -
2024-04-07 00:17:39 CHB 1642289?1712420256 第 1 次 等待 3 秒
2024-04-07 00:17:42 CHB 1642289?1712420256 第 1 次 获取到号码【1642289】GSD
2024-04-07 00:17:42 未获取到号码【1642289】GSD，可能号码格式错误
2024-04-07 00:17:42 获取到号码【1642289】的GSD为【-】
2024-04-07 00:17:46 GSD insert 第 1 次 等待 3 秒
2024-04-07 00:17:49 {"status":"bad","gid":"559975","msg":"添加失败！号码【1642289(-|-)】已存在！"}
2024-04-07 00:17:50 随机等待 125 秒，约 2 分钟
2024-04-07 00:17:50 下次操作: 2024-04-07 00:19:55

2024-04-07 00:19:55 开始第 2396 次操作

2024-04-07 00:19:55 开始操作号码 【1642290】
2024-04-07 00:19:59 GSD getOne 第 1 次 等待 3 秒
2024-04-07 00:20:02 查询号码 【1642290】，返回信息 {"status":"ok","msg":"-","gid":"559993","time_insert":"2023-02-28 03:17"}
2024-04-07 00:20:02 查询号码 【1642290】，GSD为【"-"】
2024-04-07 00:20:02 ok && -
2024-04-07 00:20:04 CHB 1642290?1712420402 第 1 次 等待 3 秒
2024-04-07 00:20:08 CHB 1642290?1712420402 第 1 次 获取到号码【1642290】GSD
2024-04-07 00:20:08 未获取到号码【1642290】GSD，可能号码格式错误
2024-04-07 00:20:08 获取到号码【1642290】的GSD为【-】
2024-04-07 00:20:13 GSD insert 第 1 次 等待 3 秒
2024-04-07 00:20:16 {"status":"bad","gid":"559993","msg":"添加失败！号码【1642290(-|-)】已存在！"}

2024-04-07 00:35:14 开始第 2397 次操作

2024-04-07 00:35:14 开始操作号码 【1642291】
2024-04-07 00:35:20 GSD getOne 第 1 次 等待 3 秒
2024-04-07 00:35:23 查询号码 【1642291】，返回信息 {"status":"ok","msg":"-","gid":"560010","time_insert":"2023-02-28 03:32"}
2024-04-07 00:35:23 查询号码 【1642291】，GSD为【"-"】
2024-04-07 00:35:23 ok && -
2024-04-07 00:35:26 CHB 1642291?1712421323 第 1 次 等待 3 秒
2024-04-07 00:35:29 CHB 1642291?1712421323 第 1 次 获取到号码【1642291】GSD
2024-04-07 00:35:29 未获取到号码【1642291】GSD，可能号码格式错误
2024-04-07 00:35:29 获取到号码【1642291】的GSD为【-】
2024-04-07 00:35:34 GSD insert 第 1 次 等待 3 秒
2024-04-07 00:35:37 {"status":"bad","gid":"560010","msg":"添加失败！号码【1642291(-|-)】已存在！"}
2024-04-07 00:35:37 随机等待 100 秒，约 1 分钟
2024-04-07 00:35:37 下次操作: 2024-04-07 00:37:17

2024-04-07 00:37:17 开始第 2398 次操作

2024-04-07 00:37:17 开始操作号码 【1642292】
2024-04-07 00:37:22 GSD getOne 第 1 次 等待 3 秒
2024-04-07 00:37:25 查询号码 【1642292】，返回信息 {"status":"ok","msg":"-","gid":"560036","time_insert":"2023-02-28 03:47"}
2024-04-07 00:37:25 查询号码 【1642292】，GSD为【"-"】
2024-04-07 00:37:25 ok && -
2024-04-07 00:37:28 CHB 1642292?1712421445 第 1 次 等待 3 秒
2024-04-07 00:37:31 CHB 1642292?1712421445 第 1 次 获取到号码【1642292】GSD
2024-04-07 00:37:31 未获取到号码【1642292】GSD，可能号码格式错误
2024-04-07 00:37:31 获取到号码【1642292】的GSD为【-】
2024-04-07 00:37:37 GSD insert 第 1 次 等待 3 秒
2024-04-07 00:37:40 {"status":"bad","gid":"560036","msg":"添加失败！号码【1642292(-|-)】已存在！"}
2024-04-07 00:37:40 随机等待 70 秒，约 1 分钟
2024-04-07 00:37:40 下次操作: 2024-04-07 00:38:50

2024-04-07 00:38:50 开始第 2399 次操作

2024-04-07 00:38:50 开始操作号码 【1642293】
2024-04-07 00:38:57 GSD getOne 第 1 次 等待 3 秒
2024-04-07 00:39:00 查询号码 【1642293】，返回信息 {"status":"ok","msg":"-","gid":"560064","time_insert":"2023-02-28 04:06"}
2024-04-07 00:39:00 查询号码 【1642293】，GSD为【"-"】
2024-04-07 00:39:00 ok && -
2024-04-07 00:39:01 CHB 1642293?1712421540 第 1 次 等待 3 秒
2024-04-07 00:39:04 CHB 1642293?1712421540 第 1 次 获取到号码【1642293】GSD
2024-04-07 00:39:04 未获取到号码【1642293】GSD，可能号码格式错误
2024-04-07 00:39:04 获取到号码【1642293】的GSD为【-】
2024-04-07 00:39:09 GSD insert 第 1 次 等待 3 秒
2024-04-07 00:39:12 {"status":"bad","gid":"560064","msg":"添加失败！号码【1642293(-|-)】已存在！"}
2024-04-07 00:39:12 随机等待 145 秒，约 2 分钟
2024-04-07 00:39:12 下次操作: 2024-04-07 00:41:37

2024-04-07 00:41:37 开始第 2400 次操作

2024-04-07 00:41:37 开始操作号码 【1642294】
2024-04-07 00:41:43 GSD getOne 第 1 次 等待 3 秒
2024-04-07 00:41:46 查询号码 【1642294】，返回信息 {"status":"ok","msg":"-","gid":"560082","time_insert":"2023-02-28 04:18"}
2024-04-07 00:41:46 查询号码 【1642294】，GSD为【"-"】
2024-04-07 00:41:46 ok && -
2024-04-07 00:41:48 CHB 1642294?1712421706 第 1 次 等待 3 秒
2024-04-07 00:41:51 CHB 1642294?1712421706 第 1 次 获取到号码【1642294】GSD
2024-04-07 00:41:52 未获取到号码【1642294】GSD，可能号码格式错误
2024-04-07 00:41:52 获取到号码【1642294】的GSD为【-】
2024-04-07 00:41:57 GSD insert 第 1 次 等待 3 秒
2024-04-07 00:42:00 {"status":"bad","gid":"560082","msg":"添加失败！号码【1642294(-|-)】已存在！"}

