2024-10-27 00:24:16 开始第 1593 次操作

2024-10-27 00:24:16 开始操作号码 【1321592】
2024-10-27 00:24:18 GSD getOne 第 1 次 等待 3 秒
2024-10-27 00:24:21 查询号码 【1321592】，返回信息 {"status":"ok","msg":"福建-厦门","gid":"56308","time_insert":"2021-04-30 13:18"}
2024-10-27 00:24:21 查询号码 【1321592】，GSD为【"福建-厦门"】

2024-10-27 00:24:22 开始第 1594 次操作

2024-10-27 00:24:22 开始操作号码 【1321593】
2024-10-27 00:24:23 GSD getOne 第 1 次 等待 3 秒
2024-10-27 00:24:26 查询号码 【1321593】，返回信息 {"status":"ok","msg":"福建-南平","gid":"73137","time_insert":"2021-05-30 07:43"}
2024-10-27 00:24:26 查询号码 【1321593】，GSD为【"福建-南平"】

2024-10-27 00:24:27 开始第 1595 次操作

2024-10-27 00:24:27 开始操作号码 【1321594】
2024-10-27 00:24:28 GSD getOne 第 1 次 等待 3 秒
2024-10-27 00:24:31 查询号码 【1321594】，返回信息 {"status":"ok","msg":"福建-厦门","gid":"73159","time_insert":"2021-05-30 08:09"}
2024-10-27 00:24:31 查询号码 【1321594】，GSD为【"福建-厦门"】

2024-10-27 00:24:32 开始第 1596 次操作

2024-10-27 00:24:32 开始操作号码 【1321595】
2024-10-27 00:24:33 GSD getOne 第 1 次 等待 3 秒
2024-10-27 00:24:36 查询号码 【1321595】，返回信息 {"status":"ok","msg":"福建-泉州","gid":"73182","time_insert":"2021-05-30 08:35"}
2024-10-27 00:24:36 查询号码 【1321595】，GSD为【"福建-泉州"】

