2024-11-28 00:28:50 开始第 6933 次操作

2024-11-28 00:28:50 开始操作号码 【1326932】
2024-11-28 00:28:52 GSD getOne 第 1 次 等待 3 秒
2024-11-28 00:28:55 查询号码 【1326932】，返回信息 {"status":"ok","msg":"北京-北京","gid":"231132","time_insert":"2021-07-09 13:35"}
2024-11-28 00:28:55 查询号码 【1326932】，GSD为【"北京-北京"】

2024-11-28 00:28:56 开始第 6934 次操作

2024-11-28 00:28:56 开始操作号码 【1326933】
2024-11-28 00:28:57 GSD getOne 第 1 次 等待 3 秒
2024-11-28 00:29:00 查询号码 【1326933】，返回信息 {"status":"ok","msg":"北京-北京","gid":"231126","time_insert":"2021-07-09 13:34"}
2024-11-28 00:29:00 查询号码 【1326933】，GSD为【"北京-北京"】

2024-11-28 00:29:01 开始第 6935 次操作

2024-11-28 00:29:01 开始操作号码 【1326934】
2024-11-28 00:29:02 GSD getOne 第 1 次 等待 3 秒
2024-11-28 00:29:05 查询号码 【1326934】，返回信息 {"status":"ok","msg":"甘肃-张掖","gid":"231124","time_insert":"2021-07-09 13:33"}
2024-11-28 00:29:05 查询号码 【1326934】，GSD为【"甘肃-张掖"】

2024-11-28 00:29:06 开始第 6936 次操作

2024-11-28 00:29:06 开始操作号码 【1326935】
2024-11-28 00:29:07 GSD getOne 第 1 次 等待 3 秒
2024-11-28 00:29:10 查询号码 【1326935】，返回信息 {"status":"ok","msg":"北京-北京","gid":"231122","time_insert":"2021-07-09 13:32"}
2024-11-28 00:29:10 查询号码 【1326935】，GSD为【"北京-北京"】

