2024-02-04 00:12:52 开始第 1821 次操作

2024-02-04 00:12:52 开始操作号码 【1751714】
2024-02-04 00:12:57 GSD getOne 第 1 次 等待 3 秒
2024-02-04 00:13:00 查询号码 【1751714】，返回信息 {"status":"ok","msg":"北京-北京","gid":"150489","time_insert":"2021-06-29 03:08"}
2024-02-04 00:13:00 查询号码 【1751714】，GSD为【"北京-北京"】

2024-02-04 00:13:01 开始第 1822 次操作

2024-02-04 00:13:01 开始操作号码 【1751715】
2024-02-04 00:13:07 GSD getOne 第 1 次 等待 3 秒
2024-02-04 00:13:10 查询号码 【1751715】，返回信息 {"status":"ok","msg":"北京-北京","gid":"150501","time_insert":"2021-06-29 03:09"}
2024-02-04 00:13:10 查询号码 【1751715】，GSD为【"北京-北京"】

2024-02-04 00:13:11 开始第 1823 次操作

2024-02-04 00:13:11 开始操作号码 【1751716】
2024-02-04 00:13:15 GSD getOne 第 1 次 等待 3 秒
2024-02-04 00:13:18 查询号码 【1751716】，返回信息 {"status":"ok","msg":"北京-北京","gid":"150510","time_insert":"2021-06-29 03:10"}
2024-02-04 00:13:18 查询号码 【1751716】，GSD为【"北京-北京"】

2024-02-04 00:13:19 开始第 1824 次操作

2024-02-04 00:13:19 开始操作号码 【1751717】
2024-02-04 00:13:27 GSD getOne 第 1 次 等待 3 秒
2024-02-04 00:13:30 查询号码 【1751717】，返回信息 {"status":"ok","msg":"北京-北京","gid":"150519","time_insert":"2021-06-29 03:10"}
2024-02-04 00:13:30 查询号码 【1751717】，GSD为【"北京-北京"】

