2024-06-13 00:14:20 开始第 409 次操作

2024-06-13 00:14:20 开始操作号码 【1530292】
2024-06-13 00:14:28 GSD getOne 第 1 次 等待 3 秒
2024-06-13 00:14:31 查询号码 【1530292】，返回信息 {"status":"ok","msg":"广东-佛山","gid":"85390","time_insert":"2021-06-08 02:08"}
2024-06-13 00:14:31 查询号码 【1530292】，GSD为【"广东-佛山"】

2024-06-13 00:14:32 开始第 410 次操作

2024-06-13 00:14:32 开始操作号码 【1530293】
2024-06-13 00:14:44 GSD getOne 第 1 次 等待 3 秒
2024-06-13 00:14:47 查询号码 【1530293】，返回信息 {"status":"ok","msg":"广东-佛山","gid":"85411","time_insert":"2021-06-08 02:26"}
2024-06-13 00:14:47 查询号码 【1530293】，GSD为【"广东-佛山"】

2024-06-13 00:14:48 开始第 411 次操作

2024-06-13 00:14:48 开始操作号码 【1530294】
2024-06-13 00:15:00 GSD getOne 第 1 次 等待 3 秒
2024-06-13 00:15:03 查询号码 【1530294】，返回信息 {"status":"ok","msg":"广东-佛山","gid":"85430","time_insert":"2021-06-08 02:42"}
2024-06-13 00:15:03 查询号码 【1530294】，GSD为【"广东-佛山"】

2024-06-13 00:15:04 开始第 412 次操作

2024-06-13 00:15:04 开始操作号码 【1530295】
2024-06-13 00:15:11 GSD getOne 第 1 次 等待 3 秒
2024-06-13 00:15:14 查询号码 【1530295】，返回信息 {"status":"ok","msg":"广东-佛山","gid":"85453","time_insert":"2021-06-08 03:01"}
2024-06-13 00:15:14 查询号码 【1530295】，GSD为【"广东-佛山"】

2024-06-13 00:38:47 开始第 413 次操作

2024-06-13 00:38:47 开始操作号码 【1530296】
2024-06-13 00:38:55 GSD getOne 第 1 次 等待 3 秒
2024-06-13 00:38:58 查询号码 【1530296】，返回信息 {"status":"ok","msg":"广东-佛山","gid":"85473","time_insert":"2021-06-08 03:16"}
2024-06-13 00:38:58 查询号码 【1530296】，GSD为【"广东-佛山"】

2024-06-13 00:38:59 开始第 414 次操作

2024-06-13 00:38:59 开始操作号码 【1530297】
2024-06-13 00:39:04 GSD getOne 第 1 次 等待 3 秒
2024-06-13 00:39:07 查询号码 【1530297】，返回信息 {"status":"ok","msg":"广东-佛山","gid":"85493","time_insert":"2021-06-08 03:34"}
2024-06-13 00:39:07 查询号码 【1530297】，GSD为【"广东-佛山"】

2024-06-13 00:39:08 开始第 415 次操作

2024-06-13 00:39:08 开始操作号码 【1530298】
2024-06-13 00:39:13 GSD getOne 第 1 次 等待 3 秒
2024-06-13 00:39:16 查询号码 【1530298】，返回信息 {"status":"ok","msg":"广东-佛山","gid":"20546","time_insert":"2014-02-24 13:54","time_update":"2020-09-29 17:02"}
2024-06-13 00:39:16 查询号码 【1530298】，GSD为【"广东-佛山"】

2024-06-13 00:39:17 开始第 416 次操作

2024-06-13 00:39:17 开始操作号码 【1530299】
2024-06-13 00:39:22 GSD getOne 第 1 次 等待 3 秒
2024-06-13 00:39:25 查询号码 【1530299】，返回信息 {"status":"ok","msg":"广东-佛山","gid":"85517","time_insert":"2021-06-08 03:53"}
2024-06-13 00:39:25 查询号码 【1530299】，GSD为【"广东-佛山"】

2024-06-13 01:10:25 开始第 417 次操作

2024-06-13 01:10:25 开始操作号码 【1530300】
2024-06-13 01:10:31 GSD getOne 第 1 次 等待 3 秒
2024-06-13 01:10:34 查询号码 【1530300】，返回信息 {"status":"ok","msg":"广东-清远","gid":"85536","time_insert":"2021-06-08 04:09"}
2024-06-13 01:10:34 查询号码 【1530300】，GSD为【"广东-清远"】

2024-06-13 01:10:35 开始第 418 次操作

2024-06-13 01:10:35 开始操作号码 【1530301】
2024-06-13 01:10:40 GSD getOne 第 1 次 等待 3 秒
2024-06-13 01:10:43 查询号码 【1530301】，返回信息 {"status":"ok","msg":"广东-清远","gid":"85558","time_insert":"2021-06-08 04:28"}
2024-06-13 01:10:43 查询号码 【1530301】，GSD为【"广东-清远"】

2024-06-13 01:10:44 开始第 419 次操作

2024-06-13 01:10:44 开始操作号码 【1530302】
2024-06-13 01:10:53 GSD getOne 第 1 次 等待 3 秒
2024-06-13 01:10:56 查询号码 【1530302】，返回信息 {"status":"ok","msg":"广东-清远","gid":"85572","time_insert":"2021-06-08 04:43"}
2024-06-13 01:10:56 查询号码 【1530302】，GSD为【"广东-清远"】

2024-06-13 01:10:57 开始第 420 次操作

2024-06-13 01:10:57 开始操作号码 【1530303】
2024-06-13 01:11:06 GSD getOne 第 1 次 等待 3 秒
2024-06-13 01:11:09 查询号码 【1530303】，返回信息 {"status":"ok","msg":"广东-清远","gid":"85594","time_insert":"2021-06-08 05:01"}
2024-06-13 01:11:09 查询号码 【1530303】，GSD为【"广东-清远"】

