2024-04-12 00:11:45 开始第 3313 次操作

2024-04-12 00:11:45 开始操作号码 【1643207】
2024-04-12 00:11:50 GSD getOne 第 1 次 等待 3 秒
2024-04-12 00:11:53 查询号码 【1643207】，返回信息 {"status":"ok","msg":"-","gid":"580730","time_insert":"2023-03-10 01:20"}
2024-04-12 00:11:53 查询号码 【1643207】，GSD为【"-"】
2024-04-12 00:11:53 ok && -
2024-04-12 00:11:55 CHB 1643207?1712851913 第 1 次 等待 3 秒
2024-04-12 00:11:58 CHB 1643207?1712851913 第 1 次 获取到号码【1643207】GSD
2024-04-12 00:11:58 未获取到号码【1643207】GSD，可能号码格式错误
2024-04-12 00:11:58 获取到号码【1643207】的GSD为【-】
2024-04-12 00:12:03 GSD insert 第 1 次 等待 3 秒
2024-04-12 00:12:06 {"status":"bad","gid":"580730","msg":"添加失败！号码【1643207(-|-)】已存在！"}
2024-04-12 00:12:06 随机等待 231 秒，约 3 分钟
2024-04-12 00:12:06 下次操作: 2024-04-12 00:15:57

2024-04-12 00:15:57 开始第 3314 次操作

2024-04-12 00:15:57 开始操作号码 【1643208】
2024-04-12 00:16:04 GSD getOne 第 1 次 等待 3 秒
2024-04-12 00:16:07 查询号码 【1643208】，返回信息 {"status":"ok","msg":"-","gid":"580747","time_insert":"2023-03-10 01:34"}
2024-04-12 00:16:07 查询号码 【1643208】，GSD为【"-"】
2024-04-12 00:16:07 ok && -
2024-04-12 00:16:09 CHB 1643208?1712852167 第 1 次 等待 3 秒
2024-04-12 00:16:12 CHB 1643208?1712852167 第 1 次 获取到号码【1643208】GSD
2024-04-12 00:16:12 未获取到号码【1643208】GSD，可能号码格式错误
2024-04-12 00:16:12 获取到号码【1643208】的GSD为【-】
2024-04-12 00:16:16 GSD insert 第 1 次 等待 3 秒
2024-04-12 00:16:19 {"status":"bad","gid":"580747","msg":"添加失败！号码【1643208(-|-)】已存在！"}
2024-04-12 00:16:19 随机等待 75 秒，约 1 分钟
2024-04-12 00:16:19 下次操作: 2024-04-12 00:17:34

2024-04-12 00:17:35 开始第 3315 次操作

2024-04-12 00:17:35 开始操作号码 【1643209】
2024-04-12 00:17:39 GSD getOne 第 1 次 等待 3 秒
2024-04-12 00:17:42 查询号码 【1643209】，返回信息 {"status":"ok","msg":"-","gid":"580781","time_insert":"2023-03-10 01:52"}
2024-04-12 00:17:42 查询号码 【1643209】，GSD为【"-"】
2024-04-12 00:17:42 ok && -
2024-04-12 00:17:44 CHB 1643209?1712852262 第 1 次 等待 3 秒
2024-04-12 00:17:47 CHB 1643209?1712852262 第 1 次 获取到号码【1643209】GSD
2024-04-12 00:17:47 未获取到号码【1643209】GSD，可能号码格式错误
2024-04-12 00:17:47 获取到号码【1643209】的GSD为【-】
2024-04-12 00:17:54 GSD insert 第 1 次 等待 3 秒
2024-04-12 00:17:57 {"status":"bad","gid":"580781","msg":"添加失败！号码【1643209(-|-)】已存在！"}
2024-04-12 00:17:57 随机等待 207 秒，约 3 分钟
2024-04-12 00:17:57 下次操作: 2024-04-12 00:21:24

2024-04-12 00:21:24 开始第 3316 次操作

2024-04-12 00:21:24 开始操作号码 【1643210】
2024-04-12 00:21:29 GSD getOne 第 1 次 等待 3 秒
2024-04-12 00:21:32 查询号码 【1643210】，返回信息 {"status":"ok","msg":"-","gid":"580805","time_insert":"2023-03-10 02:09"}
2024-04-12 00:21:32 查询号码 【1643210】，GSD为【"-"】
2024-04-12 00:21:32 ok && -
2024-04-12 00:21:34 CHB 1643210?1712852492 第 1 次 等待 3 秒
2024-04-12 00:21:37 CHB 1643210?1712852492 第 1 次 获取到号码【1643210】GSD
2024-04-12 00:21:37 未获取到号码【1643210】GSD，可能号码格式错误
2024-04-12 00:21:37 获取到号码【1643210】的GSD为【-】
2024-04-12 00:21:43 GSD insert 第 1 次 等待 3 秒
2024-04-12 00:21:46 {"status":"bad","gid":"580805","msg":"添加失败！号码【1643210(-|-)】已存在！"}

2024-04-12 00:34:39 开始第 3317 次操作

2024-04-12 00:34:39 开始操作号码 【1643211】
2024-04-12 00:34:45 GSD getOne 第 1 次 等待 3 秒
2024-04-12 00:34:48 查询号码 【1643211】，返回信息 {"status":"ok","msg":"-","gid":"580833","time_insert":"2023-03-10 02:32"}
2024-04-12 00:34:48 查询号码 【1643211】，GSD为【"-"】
2024-04-12 00:34:48 ok && -
2024-04-12 00:34:50 CHB 1643211?1712853288 第 1 次 等待 3 秒
2024-04-12 00:34:53 CHB 1643211?1712853288 第 1 次 获取到号码【1643211】GSD
2024-04-12 00:34:53 未获取到号码【1643211】GSD，可能号码格式错误
2024-04-12 00:34:53 获取到号码【1643211】的GSD为【-】
2024-04-12 00:34:59 GSD insert 第 1 次 等待 3 秒
2024-04-12 00:35:02 {"status":"bad","gid":"580833","msg":"添加失败！号码【1643211(-|-)】已存在！"}
2024-04-12 00:35:02 随机等待 123 秒，约 2 分钟
2024-04-12 00:35:02 下次操作: 2024-04-12 00:37:05

2024-04-12 00:37:05 开始第 3318 次操作

2024-04-12 00:37:05 开始操作号码 【1643212】
2024-04-12 00:37:11 GSD getOne 第 1 次 等待 3 秒
2024-04-12 00:37:14 查询号码 【1643212】，返回信息 {"status":"ok","msg":"-","gid":"580870","time_insert":"2023-03-10 02:54"}
2024-04-12 00:37:14 查询号码 【1643212】，GSD为【"-"】
2024-04-12 00:37:14 ok && -
2024-04-12 00:37:16 CHB 1643212?1712853434 第 1 次 等待 3 秒
2024-04-12 00:37:19 CHB 1643212?1712853434 第 1 次 获取到号码【1643212】GSD
2024-04-12 00:37:19 未获取到号码【1643212】GSD，可能号码格式错误
2024-04-12 00:37:19 获取到号码【1643212】的GSD为【-】
2024-04-12 00:37:23 GSD insert 第 1 次 等待 3 秒
2024-04-12 00:37:26 {"status":"bad","gid":"580870","msg":"添加失败！号码【1643212(-|-)】已存在！"}
2024-04-12 00:37:26 随机等待 106 秒，约 1 分钟
2024-04-12 00:37:26 下次操作: 2024-04-12 00:39:12

2024-04-12 00:39:12 开始第 3319 次操作

2024-04-12 00:39:12 开始操作号码 【1643213】
2024-04-12 00:39:17 GSD getOne 第 1 次 等待 3 秒
2024-04-12 00:39:20 查询号码 【1643213】，返回信息 {"status":"ok","msg":"-","gid":"580896","time_insert":"2023-03-10 03:15"}
2024-04-12 00:39:20 查询号码 【1643213】，GSD为【"-"】
2024-04-12 00:39:20 ok && -
2024-04-12 00:39:22 CHB 1643213?1712853560 第 1 次 等待 3 秒
2024-04-12 00:39:25 CHB 1643213?1712853560 第 1 次 获取到号码【1643213】GSD
2024-04-12 00:39:25 未获取到号码【1643213】GSD，可能号码格式错误
2024-04-12 00:39:25 获取到号码【1643213】的GSD为【-】
2024-04-12 00:39:32 GSD insert 第 1 次 等待 3 秒
2024-04-12 00:39:35 {"status":"bad","gid":"580896","msg":"添加失败！号码【1643213(-|-)】已存在！"}
2024-04-12 00:39:35 随机等待 83 秒，约 1 分钟
2024-04-12 00:39:35 下次操作: 2024-04-12 00:40:58

2024-04-12 00:40:58 开始第 3320 次操作

2024-04-12 00:40:58 开始操作号码 【1643214】
2024-04-12 00:41:04 GSD getOne 第 1 次 等待 3 秒
2024-04-12 00:41:07 查询号码 【1643214】，返回信息 {"status":"ok","msg":"-","gid":"580919","time_insert":"2023-03-10 03:29"}
2024-04-12 00:41:07 查询号码 【1643214】，GSD为【"-"】
2024-04-12 00:41:07 ok && -
2024-04-12 00:41:09 CHB 1643214?1712853667 第 1 次 等待 3 秒
2024-04-12 00:41:12 CHB 1643214?1712853667 第 1 次 获取到号码【1643214】GSD
2024-04-12 00:41:12 未获取到号码【1643214】GSD，可能号码格式错误
2024-04-12 00:41:12 获取到号码【1643214】的GSD为【-】
2024-04-12 00:41:20 GSD insert 第 1 次 等待 3 秒
2024-04-12 00:41:23 {"status":"bad","gid":"580919","msg":"添加失败！号码【1643214(-|-)】已存在！"}

