2024-07-17 00:13:46 开始第 6537 次操作

2024-07-17 00:13:46 开始操作号码 【1536419】
2024-07-17 00:13:54 GSD getOne 第 1 次 等待 3 秒
2024-07-17 00:13:57 查询号码 【1536419】，返回信息 {"status":"ok","msg":"湖南-邵阳","gid":"406027","time_insert":"2021-07-26 21:54"}
2024-07-17 00:13:57 查询号码 【1536419】，GSD为【"湖南-邵阳"】

2024-07-17 00:13:58 开始第 6538 次操作

2024-07-17 00:13:58 开始操作号码 【1536420】
2024-07-17 00:14:05 GSD getOne 第 1 次 等待 3 秒
2024-07-17 00:14:08 查询号码 【1536420】，返回信息 {"status":"ok","msg":"湖南-株洲","gid":"406005","time_insert":"2021-07-26 21:53"}
2024-07-17 00:14:09 查询号码 【1536420】，GSD为【"湖南-株洲"】

2024-07-17 00:14:10 开始第 6539 次操作

2024-07-17 00:14:10 开始操作号码 【1536421】
2024-07-17 00:14:18 GSD getOne 第 1 次 等待 3 秒
2024-07-17 00:14:21 查询号码 【1536421】，返回信息 {"status":"ok","msg":"湖南-株洲","gid":"405995","time_insert":"2021-07-26 21:52"}
2024-07-17 00:14:21 查询号码 【1536421】，GSD为【"湖南-株洲"】

2024-07-17 00:14:22 开始第 6540 次操作

2024-07-17 00:14:22 开始操作号码 【1536422】
2024-07-17 00:14:30 GSD getOne 第 1 次 等待 3 秒
2024-07-17 00:14:33 查询号码 【1536422】，返回信息 {"status":"ok","msg":"湖南-株洲","gid":"405976","time_insert":"2021-07-26 21:51"}
2024-07-17 00:14:33 查询号码 【1536422】，GSD为【"湖南-株洲"】

