2024-07-24 00:17:14 开始第 7793 次操作

2024-07-24 00:17:14 开始操作号码 【1537675】
2024-07-24 00:17:23 GSD getOne 第 1 次 等待 3 秒
2024-07-24 00:17:26 查询号码 【1537675】，返回信息 {"status":"ok","msg":"山东-青岛","gid":"390370","time_insert":"2021-07-25 15:08"}
2024-07-24 00:17:26 查询号码 【1537675】，GSD为【"山东-青岛"】

2024-07-24 00:17:27 开始第 7794 次操作

2024-07-24 00:17:27 开始操作号码 【1537676】
2024-07-24 00:17:35 GSD getOne 第 1 次 等待 3 秒
2024-07-24 00:17:38 查询号码 【1537676】，返回信息 {"status":"ok","msg":"山东-青岛","gid":"390360","time_insert":"2021-07-25 15:07"}
2024-07-24 00:17:38 查询号码 【1537676】，GSD为【"山东-青岛"】

2024-07-24 00:17:39 开始第 7795 次操作

2024-07-24 00:17:39 开始操作号码 【1537677】
2024-07-24 00:17:47 GSD getOne 第 1 次 等待 3 秒
2024-07-24 00:17:50 查询号码 【1537677】，返回信息 {"status":"ok","msg":"山东-青岛","gid":"390349","time_insert":"2021-07-25 15:06"}
2024-07-24 00:17:50 查询号码 【1537677】，GSD为【"山东-青岛"】

2024-07-24 00:17:51 开始第 7796 次操作

2024-07-24 00:17:51 开始操作号码 【1537678】
2024-07-24 00:17:59 GSD getOne 第 1 次 等待 3 秒
2024-07-24 00:18:02 查询号码 【1537678】，返回信息 {"status":"ok","msg":"山东-青岛","gid":"390343","time_insert":"2021-07-25 15:06"}
2024-07-24 00:18:02 查询号码 【1537678】，GSD为【"山东-青岛"】

2024-07-24 00:40:47 开始第 7797 次操作

2024-07-24 00:40:47 开始操作号码 【1537679】
2024-07-24 00:40:56 GSD getOne 第 1 次 等待 3 秒
2024-07-24 00:40:59 查询号码 【1537679】，返回信息 {"status":"ok","msg":"山东-青岛","gid":"390332","time_insert":"2021-07-25 15:05"}
2024-07-24 00:40:59 查询号码 【1537679】，GSD为【"山东-青岛"】

2024-07-24 00:41:00 开始第 7798 次操作

2024-07-24 00:41:00 开始操作号码 【1537680】
2024-07-24 00:41:08 GSD getOne 第 1 次 等待 3 秒
2024-07-24 00:41:11 查询号码 【1537680】，返回信息 {"status":"ok","msg":"山东-淄博","gid":"390323","time_insert":"2021-07-25 15:05"}
2024-07-24 00:41:11 查询号码 【1537680】，GSD为【"山东-淄博"】

2024-07-24 00:41:12 开始第 7799 次操作

2024-07-24 00:41:12 开始操作号码 【1537681】
2024-07-24 00:41:19 GSD getOne 第 1 次 等待 3 秒
2024-07-24 00:41:22 查询号码 【1537681】，返回信息 {"status":"ok","msg":"山东-淄博","gid":"390313","time_insert":"2021-07-25 15:04"}
2024-07-24 00:41:22 查询号码 【1537681】，GSD为【"山东-淄博"】

2024-07-24 00:41:23 开始第 7800 次操作

2024-07-24 00:41:23 开始操作号码 【1537682】
2024-07-24 00:41:31 GSD getOne 第 1 次 等待 3 秒
2024-07-24 00:41:34 查询号码 【1537682】，返回信息 {"status":"ok","msg":"山东-淄博","gid":"390304","time_insert":"2021-07-25 15:04"}
2024-07-24 00:41:34 查询号码 【1537682】，GSD为【"山东-淄博"】

