2024-03-17 00:11:29 开始第 9505 次操作

2024-03-17 00:11:29 开始操作号码 【1759398】
2024-03-17 00:11:34 GSD getOne 第 1 次 等待 3 秒
2024-03-17 00:11:37 查询号码 【1759398】，返回信息 {"status":"ok","msg":"甘肃-天水","gid":"243610","time_insert":"2021-07-10 23:55"}
2024-03-17 00:11:37 查询号码 【1759398】，GSD为【"甘肃-天水"】

2024-03-17 00:11:38 开始第 9506 次操作

2024-03-17 00:11:38 开始操作号码 【1759399】
2024-03-17 00:11:47 GSD getOne 第 1 次 等待 3 秒
2024-03-17 00:11:50 查询号码 【1759399】，返回信息 {"status":"ok","msg":"甘肃-天水","gid":"243616","time_insert":"2021-07-10 23:55"}
2024-03-17 00:11:50 查询号码 【1759399】，GSD为【"甘肃-天水"】

2024-03-17 00:11:51 开始第 9507 次操作

2024-03-17 00:11:51 开始操作号码 【1759400】
2024-03-17 00:11:55 GSD getOne 第 1 次 等待 3 秒
2024-03-17 00:11:58 查询号码 【1759400】，返回信息 {"status":"ok","msg":"河南-信阳","gid":"243626","time_insert":"2021-07-10 23:55"}
2024-03-17 00:11:59 查询号码 【1759400】，GSD为【"河南-信阳"】

2024-03-17 00:12:00 开始第 9508 次操作

2024-03-17 00:12:00 开始操作号码 【1759401】
2024-03-17 00:12:04 GSD getOne 第 1 次 等待 3 秒
2024-03-17 00:12:07 查询号码 【1759401】，返回信息 {"status":"ok","msg":"河南-信阳","gid":"243633","time_insert":"2021-07-10 23:56"}
2024-03-17 00:12:07 查询号码 【1759401】，GSD为【"河南-信阳"】

