2024-03-13 00:13:44 开始第 8769 次操作

2024-03-13 00:13:44 开始操作号码 【1758662】
2024-03-13 00:13:49 GSD getOne 第 1 次 等待 3 秒
2024-03-13 00:13:52 查询号码 【1758662】，返回信息 {"status":"ok","msg":"贵州-毕节","gid":"233247","time_insert":"2021-07-09 19:01"}
2024-03-13 00:13:52 查询号码 【1758662】，GSD为【"贵州-毕节"】

2024-03-13 00:13:53 开始第 8770 次操作

2024-03-13 00:13:53 开始操作号码 【1758663】
2024-03-13 00:13:57 GSD getOne 第 1 次 等待 3 秒
2024-03-13 00:14:00 查询号码 【1758663】，返回信息 {"status":"ok","msg":"贵州-毕节","gid":"213967","time_insert":"2021-07-07 12:12","time_update":"2021-07-09 19:01"}
2024-03-13 00:14:00 查询号码 【1758663】，GSD为【"贵州-毕节"】

2024-03-13 00:14:01 开始第 8771 次操作

2024-03-13 00:14:01 开始操作号码 【1758664】
2024-03-13 00:14:06 GSD getOne 第 1 次 等待 3 秒
2024-03-13 00:14:09 查询号码 【1758664】，返回信息 {"status":"ok","msg":"贵州-毕节","gid":"60588","time_insert":"2021-05-17 11:15","time_update":"2021-06-10 17:47"}
2024-03-13 00:14:09 查询号码 【1758664】，GSD为【"贵州-毕节"】

2024-03-13 00:14:10 开始第 8772 次操作

2024-03-13 00:14:10 开始操作号码 【1758665】
2024-03-13 00:14:14 GSD getOne 第 1 次 等待 3 秒
2024-03-13 00:14:17 查询号码 【1758665】，返回信息 {"status":"ok","msg":"贵州-毕节","gid":"233259","time_insert":"2021-07-09 19:02"}
2024-03-13 00:14:17 查询号码 【1758665】，GSD为【"贵州-毕节"】

2024-03-13 00:36:10 开始第 8773 次操作

2024-03-13 00:36:10 开始操作号码 【1758666】
2024-03-13 00:36:14 GSD getOne 第 1 次 等待 3 秒
2024-03-13 00:36:17 查询号码 【1758666】，返回信息 {"status":"ok","msg":"贵州-毕节","gid":"233264","time_insert":"2021-07-09 19:03"}
2024-03-13 00:36:17 查询号码 【1758666】，GSD为【"贵州-毕节"】

2024-03-13 00:36:18 开始第 8774 次操作

2024-03-13 00:36:18 开始操作号码 【1758667】
2024-03-13 00:36:22 GSD getOne 第 1 次 等待 3 秒
2024-03-13 00:36:25 查询号码 【1758667】，返回信息 {"status":"ok","msg":"贵州-毕节","gid":"233267","time_insert":"2021-07-09 19:04"}
2024-03-13 00:36:25 查询号码 【1758667】，GSD为【"贵州-毕节"】

2024-03-13 00:36:26 开始第 8775 次操作

2024-03-13 00:36:26 开始操作号码 【1758668】
2024-03-13 00:36:30 GSD getOne 第 1 次 等待 3 秒
2024-03-13 00:36:33 查询号码 【1758668】，返回信息 {"status":"ok","msg":"贵州-毕节","gid":"233269","time_insert":"2021-07-09 19:05"}
2024-03-13 00:36:33 查询号码 【1758668】，GSD为【"贵州-毕节"】

2024-03-13 00:36:34 开始第 8776 次操作

2024-03-13 00:36:34 开始操作号码 【1758669】
2024-03-13 00:36:38 GSD getOne 第 1 次 等待 3 秒
2024-03-13 00:36:41 查询号码 【1758669】，返回信息 {"status":"ok","msg":"贵州-毕节","gid":"233277","time_insert":"2021-07-09 19:06"}
2024-03-13 00:36:41 查询号码 【1758669】，GSD为【"贵州-毕节"】

