2024-06-25 00:14:16 开始第 2581 次操作

2024-06-25 00:14:16 开始操作号码 【1532464】
2024-06-25 00:14:50 GSD getOne 第 1 次 等待 3 秒
2024-06-25 00:14:53 查询号码 【1532464】，返回信息 {"status":"ok","msg":"河南-洛阳","gid":"207215","time_insert":"2021-07-06 16:24"}
2024-06-25 00:14:53 查询号码 【1532464】，GSD为【"河南-洛阳"】

2024-06-25 00:14:54 开始第 2582 次操作

2024-06-25 00:14:54 开始操作号码 【1532465】
2024-06-25 00:15:16 GSD getOne 第 1 次 等待 3 秒
2024-06-25 00:15:19 查询号码 【1532465】，返回信息 {"status":"ok","msg":"河南-洛阳","gid":"20803","time_insert":"2017-04-19 11:23","time_update":"2021-06-03 20:30"}
2024-06-25 00:15:19 查询号码 【1532465】，GSD为【"河南-洛阳"】

2024-06-25 00:15:20 开始第 2583 次操作

2024-06-25 00:15:20 开始操作号码 【1532466】
2024-06-25 00:15:39 GSD getOne 第 1 次 等待 3 秒
2024-06-25 00:15:42 查询号码 【1532466】，返回信息 {"status":"ok","msg":"河南-洛阳","gid":"207251","time_insert":"2021-07-06 16:42"}
2024-06-25 00:15:42 查询号码 【1532466】，GSD为【"河南-洛阳"】

2024-06-25 00:15:43 开始第 2584 次操作

2024-06-25 00:15:43 开始操作号码 【1532467】
2024-06-25 00:15:57 GSD getOne 第 1 次 等待 3 秒
2024-06-25 00:16:00 查询号码 【1532467】，返回信息 {"status":"ok","msg":"河南-洛阳","gid":"207475","time_insert":"2021-07-06 16:58"}
2024-06-25 00:16:00 查询号码 【1532467】，GSD为【"河南-洛阳"】

2024-06-25 00:37:56 开始第 2585 次操作

2024-06-25 00:37:56 开始操作号码 【1532468】
2024-06-25 00:38:15 GSD getOne 第 1 次 等待 3 秒
2024-06-25 00:38:18 查询号码 【1532468】，返回信息 {"status":"ok","msg":"河南-洛阳","gid":"207582","time_insert":"2021-07-06 17:17"}
2024-06-25 00:38:18 查询号码 【1532468】，GSD为【"河南-洛阳"】

2024-06-25 00:38:20 开始第 2586 次操作

2024-06-25 00:38:20 开始操作号码 【1532469】
2024-06-25 00:38:43 GSD getOne 第 1 次 等待 3 秒
2024-06-25 00:38:46 查询号码 【1532469】，返回信息 {"status":"ok","msg":"河南-洛阳","gid":"207615","time_insert":"2021-07-06 17:37"}
2024-06-25 00:38:46 查询号码 【1532469】，GSD为【"河南-洛阳"】

2024-06-25 00:38:47 开始第 2587 次操作

2024-06-25 00:38:47 开始操作号码 【1532470】
2024-06-25 00:39:03 GSD getOne 第 1 次 等待 3 秒
2024-06-25 00:39:06 查询号码 【1532470】，返回信息 {"status":"ok","msg":"河南-洛阳","gid":"207826","time_insert":"2021-07-06 17:57"}
2024-06-25 00:39:06 查询号码 【1532470】，GSD为【"河南-洛阳"】

2024-06-25 00:39:07 开始第 2588 次操作

2024-06-25 00:39:07 开始操作号码 【1532471】
2024-06-25 00:39:21 GSD getOne 第 1 次 等待 3 秒
2024-06-25 00:39:24 查询号码 【1532471】，返回信息 {"status":"ok","msg":"河南-郑州","gid":"207937","time_insert":"2021-07-06 18:13"}
2024-06-25 00:39:24 查询号码 【1532471】，GSD为【"河南-郑州"】

