2024-03-14 00:12:35 开始第 8953 次操作

2024-03-14 00:12:35 开始操作号码 【1758846】
2024-03-14 00:12:40 GSD getOne 第 1 次 等待 3 秒
2024-03-14 00:12:43 查询号码 【1758846】，返回信息 {"status":"ok","msg":"广东-惠州","gid":"235551","time_insert":"2021-07-10 01:48"}
2024-03-14 00:12:43 查询号码 【1758846】，GSD为【"广东-惠州"】

2024-03-14 00:12:44 开始第 8954 次操作

2024-03-14 00:12:44 开始操作号码 【1758847】
2024-03-14 00:12:49 GSD getOne 第 1 次 等待 3 秒
2024-03-14 00:12:52 查询号码 【1758847】，返回信息 {"status":"ok","msg":"广东-阳江","gid":"235561","time_insert":"2021-07-10 01:48"}
2024-03-14 00:12:52 查询号码 【1758847】，GSD为【"广东-阳江"】

2024-03-14 00:12:53 开始第 8955 次操作

2024-03-14 00:12:53 开始操作号码 【1758848】
2024-03-14 00:13:02 GSD getOne 第 1 次 等待 3 秒
2024-03-14 00:13:05 查询号码 【1758848】，返回信息 {"status":"ok","msg":"广东-阳江","gid":"235569","time_insert":"2021-07-10 01:49"}
2024-03-14 00:13:05 查询号码 【1758848】，GSD为【"广东-阳江"】

2024-03-14 00:13:06 开始第 8956 次操作

2024-03-14 00:13:06 开始操作号码 【1758849】
2024-03-14 00:13:11 GSD getOne 第 1 次 等待 3 秒
2024-03-14 00:13:14 查询号码 【1758849】，返回信息 {"status":"ok","msg":"广东-阳江","gid":"235578","time_insert":"2021-07-10 01:50"}
2024-03-14 00:13:14 查询号码 【1758849】，GSD为【"广东-阳江"】

