2023-10-15 00:11:46 开始第 3225 次操作

2023-10-15 00:11:46 开始操作号码 【1963189】
2023-10-15 00:11:50 GSD getOne 第 1 次 等待 3 秒
2023-10-15 00:11:53 查询号码 【1963189】，返回信息 {"status":"ok","msg":"-","gid":"554746","time_insert":"2023-02-25 20:00"}
2023-10-15 00:11:53 查询号码 【1963189】，GSD为【"-"】
2023-10-15 00:11:53 ok && -
2023-10-15 00:12:00 CHB 1963189?1697299913 第 1 次 等待 3 秒
2023-10-15 00:12:03 CHB 1963189?1697299913 第 1 次 获取到号码【1963189】GSD
2023-10-15 00:12:03 未获取到号码【1963189】GSD，可能号码格式错误
2023-10-15 00:12:03 获取到号码【1963189】的GSD为【-】
2023-10-15 00:12:14 GSD insert 第 1 次 等待 3 秒
2023-10-15 00:12:17 {"status":"bad","gid":"554746","msg":"添加失败！号码【1963189(-|-)】已存在！"}
2023-10-15 00:12:17 随机等待 230 秒，约 3 分钟
2023-10-15 00:12:17 下次操作: 2023-10-15 00:16:07

2023-10-15 00:16:07 开始第 3226 次操作

2023-10-15 00:16:07 开始操作号码 【1963190】
2023-10-15 00:16:15 GSD getOne 第 1 次 等待 3 秒
2023-10-15 00:16:18 查询号码 【1963190】，返回信息 {"status":"ok","msg":"-","gid":"554767","time_insert":"2023-02-25 20:16"}
2023-10-15 00:16:18 查询号码 【1963190】，GSD为【"-"】
2023-10-15 00:16:18 ok && -
2023-10-15 00:16:25 CHB 1963190?1697300178 第 1 次 等待 3 秒
2023-10-15 00:16:28 CHB 1963190?1697300178 第 1 次 获取到号码【1963190】GSD
2023-10-15 00:16:28 未获取到号码【1963190】GSD，可能号码格式错误
2023-10-15 00:16:28 获取到号码【1963190】的GSD为【-】
2023-10-15 00:16:31 GSD insert 第 1 次 等待 3 秒
2023-10-15 00:16:34 {"status":"bad","gid":"554767","msg":"添加失败！号码【1963190(-|-)】已存在！"}
2023-10-15 00:16:34 随机等待 162 秒，约 2 分钟
2023-10-15 00:16:34 下次操作: 2023-10-15 00:19:16

2023-10-15 00:19:16 开始第 3227 次操作

2023-10-15 00:19:16 开始操作号码 【1963191】
2023-10-15 00:19:19 GSD getOne 第 1 次 等待 3 秒
2023-10-15 00:19:22 查询号码 【1963191】，返回信息 {"status":"ok","msg":"-","gid":"554777","time_insert":"2023-02-25 20:25"}
2023-10-15 00:19:22 查询号码 【1963191】，GSD为【"-"】
2023-10-15 00:19:22 ok && -
2023-10-15 00:19:28 CHB 1963191?1697300362 第 1 次 等待 3 秒
2023-10-15 00:19:31 CHB 1963191?1697300362 第 1 次 获取到号码【1963191】GSD
2023-10-15 00:19:31 未获取到号码【1963191】GSD，可能号码格式错误
2023-10-15 00:19:31 获取到号码【1963191】的GSD为【-】
2023-10-15 00:19:35 GSD insert 第 1 次 等待 3 秒
2023-10-15 00:19:38 {"status":"bad","gid":"554777","msg":"添加失败！号码【1963191(-|-)】已存在！"}
2023-10-15 00:19:38 随机等待 184 秒，约 3 分钟
2023-10-15 00:19:38 下次操作: 2023-10-15 00:22:42

2023-10-15 00:22:42 开始第 3228 次操作

2023-10-15 00:22:42 开始操作号码 【1963192】
2023-10-15 00:22:46 GSD getOne 第 1 次 等待 3 秒
2023-10-15 00:22:49 查询号码 【1963192】，返回信息 {"status":"ok","msg":"-","gid":"554781","time_insert":"2023-02-25 20:27"}
2023-10-15 00:22:49 查询号码 【1963192】，GSD为【"-"】
2023-10-15 00:22:49 ok && -
2023-10-15 00:22:55 CHB 1963192?1697300569 第 1 次 等待 3 秒
2023-10-15 00:22:58 CHB 1963192?1697300569 第 1 次 获取到号码【1963192】GSD
2023-10-15 00:22:58 未获取到号码【1963192】GSD，可能号码格式错误
2023-10-15 00:22:58 获取到号码【1963192】的GSD为【-】
2023-10-15 00:23:03 GSD insert 第 1 次 等待 3 秒
2023-10-15 00:23:06 {"status":"bad","gid":"554781","msg":"添加失败！号码【1963192(-|-)】已存在！"}

