2023-12-10 00:12:17 开始第 2417 次操作

2023-12-10 00:12:17 开始操作号码 【1862310】
2023-12-10 00:12:24 GSD getOne 第 1 次 等待 3 秒
2023-12-10 00:12:27 查询号码 【1862310】，返回信息 {"status":"ok","msg":"重庆-重庆","gid":"50112","time_insert":"2021-04-21 15:16"}
2023-12-10 00:12:27 查询号码 【1862310】，GSD为【"重庆-重庆"】

2023-12-10 00:12:28 开始第 2418 次操作

2023-12-10 00:12:28 开始操作号码 【1862311】
2023-12-10 00:12:32 GSD getOne 第 1 次 等待 3 秒
2023-12-10 00:12:35 查询号码 【1862311】，返回信息 {"status":"ok","msg":"重庆-重庆","gid":"489250","time_insert":"2021-08-03 11:05"}
2023-12-10 00:12:35 查询号码 【1862311】，GSD为【"重庆-重庆"】

2023-12-10 00:12:36 开始第 2419 次操作

2023-12-10 00:12:36 开始操作号码 【1862312】
2023-12-10 00:12:40 GSD getOne 第 1 次 等待 3 秒
2023-12-10 00:12:44 查询号码 【1862312】，返回信息 {"status":"ok","msg":"重庆-重庆","gid":"489240","time_insert":"2021-08-03 11:04"}
2023-12-10 00:12:44 查询号码 【1862312】，GSD为【"重庆-重庆"】

2023-12-10 00:12:45 开始第 2420 次操作

2023-12-10 00:12:45 开始操作号码 【1862313】
2023-12-10 00:12:50 GSD getOne 第 1 次 等待 3 秒
2023-12-10 00:12:53 查询号码 【1862313】，返回信息 {"status":"ok","msg":"重庆-重庆","gid":"40605","time_insert":"2016-04-27 13:14","time_update":"2021-01-18 10:50"}
2023-12-10 00:12:53 查询号码 【1862313】，GSD为【"重庆-重庆"】

2023-12-10 00:35:53 开始第 2421 次操作

2023-12-10 00:35:53 开始操作号码 【1862314】
2023-12-10 00:35:57 GSD getOne 第 1 次 等待 3 秒
2023-12-10 00:36:00 查询号码 【1862314】，返回信息 {"status":"ok","msg":"重庆-重庆","gid":"40606","time_insert":"2015-05-08 13:59","time_update":"2021-01-18 10:55"}
2023-12-10 00:36:00 查询号码 【1862314】，GSD为【"重庆-重庆"】

2023-12-10 00:36:01 开始第 2422 次操作

2023-12-10 00:36:01 开始操作号码 【1862315】
2023-12-10 00:36:04 GSD getOne 第 1 次 等待 3 秒
2023-12-10 00:36:07 查询号码 【1862315】，返回信息 {"status":"ok","msg":"重庆-重庆","gid":"40607","time_insert":"2014-05-29 12:19","time_update":"2021-01-18 10:57"}
2023-12-10 00:36:07 查询号码 【1862315】，GSD为【"重庆-重庆"】

2023-12-10 00:36:09 开始第 2423 次操作

2023-12-10 00:36:09 开始操作号码 【1862316】
2023-12-10 00:36:13 GSD getOne 第 1 次 等待 3 秒
2023-12-10 00:36:16 查询号码 【1862316】，返回信息 {"status":"ok","msg":"重庆-重庆","gid":"40608","time_insert":"2019-04-11 17:01","time_update":"2021-01-18 11:04"}
2023-12-10 00:36:16 查询号码 【1862316】，GSD为【"重庆-重庆"】

2023-12-10 00:36:17 开始第 2424 次操作

2023-12-10 00:36:17 开始操作号码 【1862317】
2023-12-10 00:36:24 GSD getOne 第 1 次 等待 3 秒
2023-12-10 00:36:27 查询号码 【1862317】，返回信息 {"status":"ok","msg":"重庆-重庆","gid":"489214","time_insert":"2021-08-03 11:02"}
2023-12-10 00:36:27 查询号码 【1862317】，GSD为【"重庆-重庆"】

