2023-11-18 00:15:11 开始第 9433 次操作

2023-11-18 00:15:11 开始操作号码 【1969325】
2023-11-18 00:15:14 GSD getOne 第 1 次 等待 3 秒
2023-11-18 00:15:17 查询号码 【1969325】，返回信息 {"status":"ok","msg":"-","gid":"591377","time_insert":"2023-03-15 02:41"}
2023-11-18 00:15:17 查询号码 【1969325】，GSD为【"-"】
2023-11-18 00:15:17 ok && -
2023-11-18 00:15:19 CHB 1969325?1700237717 第 1 次 等待 3 秒
2023-11-18 00:15:22 CHB 1969325?1700237717 第 1 次 获取到号码【1969325】GSD
2023-11-18 00:15:22 未获取到号码【1969325】GSD，可能号码格式错误
2023-11-18 00:15:22 获取到号码【1969325】的GSD为【-】
2023-11-18 00:15:26 GSD insert 第 1 次 等待 3 秒
2023-11-18 00:15:29 {"status":"bad","gid":"591377","msg":"添加失败！号码【1969325(-|-)】已存在！"}
2023-11-18 00:15:29 随机等待 203 秒，约 3 分钟
2023-11-18 00:15:29 下次操作: 2023-11-18 00:18:52

2023-11-18 00:18:52 开始第 9434 次操作

2023-11-18 00:18:52 开始操作号码 【1969326】
2023-11-18 00:18:56 GSD getOne 第 1 次 等待 3 秒
2023-11-18 00:18:59 查询号码 【1969326】，返回信息 {"status":"ok","msg":"-","gid":"591379","time_insert":"2023-03-15 02:43"}
2023-11-18 00:18:59 查询号码 【1969326】，GSD为【"-"】
2023-11-18 00:18:59 ok && -
2023-11-18 00:19:02 CHB 1969326?1700237939 第 1 次 等待 3 秒
2023-11-18 00:19:05 CHB 1969326?1700237939 第 1 次 获取到号码【1969326】GSD
2023-11-18 00:19:05 未获取到号码【1969326】GSD，可能号码格式错误
2023-11-18 00:19:05 获取到号码【1969326】的GSD为【-】
2023-11-18 00:19:08 GSD insert 第 1 次 等待 3 秒
2023-11-18 00:19:11 {"status":"bad","gid":"591379","msg":"添加失败！号码【1969326(-|-)】已存在！"}
2023-11-18 00:19:11 随机等待 215 秒，约 3 分钟
2023-11-18 00:19:11 下次操作: 2023-11-18 00:22:46

2023-11-18 00:22:46 开始第 9435 次操作

2023-11-18 00:22:46 开始操作号码 【1969327】
2023-11-18 00:23:01 GSD getOne 第 1 次 等待 3 秒
2023-11-18 00:23:04 查询号码 【1969327】，返回信息 {"status":"ok","msg":"-","gid":"591385","time_insert":"2023-03-15 02:46"}
2023-11-18 00:23:04 查询号码 【1969327】，GSD为【"-"】
2023-11-18 00:23:04 ok && -
2023-11-18 00:23:06 CHB 1969327?1700238184 第 1 次 等待 3 秒
2023-11-18 00:23:09 CHB 1969327?1700238184 第 1 次 获取到号码【1969327】GSD
2023-11-18 00:23:09 未获取到号码【1969327】GSD，可能号码格式错误
2023-11-18 00:23:09 获取到号码【1969327】的GSD为【-】
2023-11-18 00:23:15 GSD insert 第 1 次 等待 3 秒
2023-11-18 00:23:18 {"status":"bad","gid":"591385","msg":"添加失败！号码【1969327(-|-)】已存在！"}
2023-11-18 00:23:18 随机等待 230 秒，约 3 分钟
2023-11-18 00:23:18 下次操作: 2023-11-18 00:27:08

2023-11-18 00:27:08 开始第 9436 次操作

2023-11-18 00:27:08 开始操作号码 【1969328】
2023-11-18 00:27:12 GSD getOne 第 1 次 等待 3 秒
2023-11-18 00:27:15 查询号码 【1969328】，返回信息 {"status":"ok","msg":"-","gid":"591388","time_insert":"2023-03-15 02:49"}
2023-11-18 00:27:16 查询号码 【1969328】，GSD为【"-"】
2023-11-18 00:27:16 ok && -
2023-11-18 00:27:19 CHB 1969328?1700238436 第 1 次 等待 3 秒
2023-11-18 00:27:22 CHB 1969328?1700238436 第 1 次 获取到号码【1969328】GSD
2023-11-18 00:27:22 未获取到号码【1969328】GSD，可能号码格式错误
2023-11-18 00:27:22 获取到号码【1969328】的GSD为【-】
2023-11-18 00:27:25 GSD insert 第 1 次 等待 3 秒
2023-11-18 00:27:28 {"status":"bad","gid":"591388","msg":"添加失败！号码【1969328(-|-)】已存在！"}

2023-11-18 00:40:42 开始第 9437 次操作

2023-11-18 00:40:42 开始操作号码 【1969329】
2023-11-18 00:40:46 GSD getOne 第 1 次 等待 3 秒
2023-11-18 00:40:49 查询号码 【1969329】，返回信息 {"status":"ok","msg":"-","gid":"591401","time_insert":"2023-03-15 02:57"}
2023-11-18 00:40:49 查询号码 【1969329】，GSD为【"-"】
2023-11-18 00:40:49 ok && -
2023-11-18 00:40:51 CHB 1969329?1700239249 第 1 次 等待 3 秒
2023-11-18 00:40:54 CHB 1969329?1700239249 第 1 次 获取到号码【1969329】GSD
2023-11-18 00:40:54 未获取到号码【1969329】GSD，可能号码格式错误
2023-11-18 00:40:54 获取到号码【1969329】的GSD为【-】
2023-11-18 00:41:00 GSD insert 第 1 次 等待 3 秒
2023-11-18 00:41:03 {"status":"bad","gid":"591401","msg":"添加失败！号码【1969329(-|-)】已存在！"}
2023-11-18 00:41:03 随机等待 217 秒，约 3 分钟
2023-11-18 00:41:03 下次操作: 2023-11-18 00:44:40

2023-11-18 00:44:40 开始第 9438 次操作

2023-11-18 00:44:40 开始操作号码 【1969330】
2023-11-18 00:44:47 GSD getOne 第 1 次 等待 3 秒
2023-11-18 00:44:50 查询号码 【1969330】，返回信息 {"status":"ok","msg":"-","gid":"591404","time_insert":"2023-03-15 03:00"}
2023-11-18 00:44:50 查询号码 【1969330】，GSD为【"-"】
2023-11-18 00:44:50 ok && -
2023-11-18 00:44:52 CHB 1969330?1700239490 第 1 次 等待 3 秒
2023-11-18 00:44:55 CHB 1969330?1700239490 第 1 次 获取到号码【1969330】GSD
2023-11-18 00:44:55 未获取到号码【1969330】GSD，可能号码格式错误
2023-11-18 00:44:55 获取到号码【1969330】的GSD为【-】
2023-11-18 00:44:59 GSD insert 第 1 次 等待 3 秒
2023-11-18 00:45:02 {"status":"bad","gid":"591404","msg":"添加失败！号码【1969330(-|-)】已存在！"}
2023-11-18 00:45:02 随机等待 67 秒，约 1 分钟
2023-11-18 00:45:02 下次操作: 2023-11-18 00:46:09

2023-11-18 00:46:09 开始第 9439 次操作

2023-11-18 00:46:09 开始操作号码 【1969331】
2023-11-18 00:46:13 GSD getOne 第 1 次 等待 3 秒
2023-11-18 00:46:16 查询号码 【1969331】，返回信息 {"status":"ok","msg":"-","gid":"591409","time_insert":"2023-03-15 03:03"}
2023-11-18 00:46:16 查询号码 【1969331】，GSD为【"-"】
2023-11-18 00:46:16 ok && -
2023-11-18 00:46:20 CHB 1969331?1700239576 第 1 次 等待 3 秒
2023-11-18 00:46:23 CHB 1969331?1700239576 第 1 次 获取到号码【1969331】GSD
2023-11-18 00:46:23 未获取到号码【1969331】GSD，可能号码格式错误
2023-11-18 00:46:23 获取到号码【1969331】的GSD为【-】
2023-11-18 00:46:26 GSD insert 第 1 次 等待 3 秒
2023-11-18 00:46:30 {"status":"bad","gid":"591409","msg":"添加失败！号码【1969331(-|-)】已存在！"}
2023-11-18 00:46:30 随机等待 136 秒，约 2 分钟
2023-11-18 00:46:30 下次操作: 2023-11-18 00:48:46

2023-11-18 00:48:46 开始第 9440 次操作

2023-11-18 00:48:46 开始操作号码 【1969332】
2023-11-18 00:48:50 GSD getOne 第 1 次 等待 3 秒
2023-11-18 00:48:53 查询号码 【1969332】，返回信息 {"status":"ok","msg":"-","gid":"591411","time_insert":"2023-03-15 03:04"}
2023-11-18 00:48:53 查询号码 【1969332】，GSD为【"-"】
2023-11-18 00:48:53 ok && -
2023-11-18 00:48:54 CHB 1969332?1700239733 第 1 次 等待 3 秒
2023-11-18 00:48:57 CHB 1969332?1700239733 第 1 次 获取到号码【1969332】GSD
2023-11-18 00:48:57 未获取到号码【1969332】GSD，可能号码格式错误
2023-11-18 00:48:57 获取到号码【1969332】的GSD为【-】
2023-11-18 00:49:01 GSD insert 第 1 次 等待 3 秒
2023-11-18 00:49:04 {"status":"bad","gid":"591411","msg":"添加失败！号码【1969332(-|-)】已存在！"}

2023-11-18 01:09:48 开始第 9441 次操作

2023-11-18 01:09:48 开始操作号码 【1969333】
2023-11-18 01:09:51 GSD getOne 第 1 次 等待 3 秒
2023-11-18 01:09:54 查询号码 【1969333】，返回信息 {"status":"ok","msg":"-","gid":"591424","time_insert":"2023-03-15 03:12"}
2023-11-18 01:09:54 查询号码 【1969333】，GSD为【"-"】
2023-11-18 01:09:54 ok && -
2023-11-18 01:09:56 CHB 1969333?1700240994 第 1 次 等待 3 秒
2023-11-18 01:09:59 CHB 1969333?1700240994 第 1 次 获取到号码【1969333】GSD
2023-11-18 01:09:59 未获取到号码【1969333】GSD，可能号码格式错误
2023-11-18 01:09:59 获取到号码【1969333】的GSD为【-】
2023-11-18 01:10:02 GSD insert 第 1 次 等待 3 秒
2023-11-18 01:10:05 {"status":"bad","gid":"591424","msg":"添加失败！号码【1969333(-|-)】已存在！"}
2023-11-18 01:10:05 随机等待 231 秒，约 3 分钟
2023-11-18 01:10:05 下次操作: 2023-11-18 01:13:56

2023-11-18 01:13:56 开始第 9442 次操作

2023-11-18 01:13:56 开始操作号码 【1969334】
2023-11-18 01:14:03 GSD getOne 第 1 次 等待 3 秒
2023-11-18 01:14:06 查询号码 【1969334】，返回信息 {"status":"ok","msg":"-","gid":"591426","time_insert":"2023-03-15 03:14"}
2023-11-18 01:14:06 查询号码 【1969334】，GSD为【"-"】
2023-11-18 01:14:06 ok && -
2023-11-18 01:14:08 CHB 1969334?1700241246 第 1 次 等待 3 秒
2023-11-18 01:14:11 CHB 1969334?1700241246 第 1 次 获取到号码【1969334】GSD
2023-11-18 01:14:11 未获取到号码【1969334】GSD，可能号码格式错误
2023-11-18 01:14:11 获取到号码【1969334】的GSD为【-】
2023-11-18 01:14:17 GSD insert 第 1 次 等待 3 秒
2023-11-18 01:14:20 {"status":"bad","gid":"591426","msg":"添加失败！号码【1969334(-|-)】已存在！"}
2023-11-18 01:14:20 随机等待 205 秒，约 3 分钟
2023-11-18 01:14:20 下次操作: 2023-11-18 01:17:45

2023-11-18 01:17:45 开始第 9443 次操作

2023-11-18 01:17:45 开始操作号码 【1969335】
2023-11-18 01:17:49 GSD getOne 第 1 次 等待 3 秒
2023-11-18 01:17:52 查询号码 【1969335】，返回信息 {"status":"ok","msg":"-","gid":"591428","time_insert":"2023-03-15 03:16"}
2023-11-18 01:17:52 查询号码 【1969335】，GSD为【"-"】
2023-11-18 01:17:52 ok && -
2023-11-18 01:17:55 CHB 1969335?1700241472 第 1 次 等待 3 秒
2023-11-18 01:17:58 CHB 1969335?1700241472 第 1 次 获取到号码【1969335】GSD
2023-11-18 01:17:58 未获取到号码【1969335】GSD，可能号码格式错误
2023-11-18 01:17:58 获取到号码【1969335】的GSD为【-】
2023-11-18 01:18:02 GSD insert 第 1 次 等待 3 秒
2023-11-18 01:18:05 {"status":"bad","gid":"591428","msg":"添加失败！号码【1969335(-|-)】已存在！"}
2023-11-18 01:18:05 随机等待 190 秒，约 3 分钟
2023-11-18 01:18:05 下次操作: 2023-11-18 01:21:15

2023-11-18 01:21:15 开始第 9444 次操作

2023-11-18 01:21:15 开始操作号码 【1969336】
2023-11-18 01:21:21 GSD getOne 第 1 次 等待 3 秒
2023-11-18 01:21:24 查询号码 【1969336】，返回信息 {"status":"ok","msg":"-","gid":"591434","time_insert":"2023-03-15 03:19"}
2023-11-18 01:21:24 查询号码 【1969336】，GSD为【"-"】
2023-11-18 01:21:24 ok && -
2023-11-18 01:21:26 CHB 1969336?1700241684 第 1 次 等待 3 秒
2023-11-18 01:21:29 CHB 1969336?1700241684 第 1 次 获取到号码【1969336】GSD
2023-11-18 01:21:29 未获取到号码【1969336】GSD，可能号码格式错误
2023-11-18 01:21:29 获取到号码【1969336】的GSD为【-】
2023-11-18 01:21:33 GSD insert 第 1 次 等待 3 秒
2023-11-18 01:21:36 {"status":"bad","gid":"591434","msg":"添加失败！号码【1969336(-|-)】已存在！"}

