2024-11-30 00:27:47 开始第 7249 次操作

2024-11-30 00:27:47 开始操作号码 【1327248】
2024-11-30 00:27:48 GSD getOne 第 1 次 等待 3 秒
2024-11-30 00:27:51 查询号码 【1327248】，返回信息 {"status":"ok","msg":"湖南-长沙","gid":"227436","time_insert":"2021-07-09 02:57"}
2024-11-30 00:27:51 查询号码 【1327248】，GSD为【"湖南-长沙"】

2024-11-30 00:27:52 开始第 7250 次操作

2024-11-30 00:27:52 开始操作号码 【1327249】
2024-11-30 00:27:54 GSD getOne 第 1 次 等待 3 秒
2024-11-30 00:27:57 查询号码 【1327249】，返回信息 {"status":"ok","msg":"湖南-长沙","gid":"227426","time_insert":"2021-07-09 02:56"}
2024-11-30 00:27:57 查询号码 【1327249】，GSD为【"湖南-长沙"】

2024-11-30 00:27:58 开始第 7251 次操作

2024-11-30 00:27:58 开始操作号码 【1327250】
2024-11-30 00:27:59 GSD getOne 第 1 次 等待 3 秒
2024-11-30 00:28:02 查询号码 【1327250】，返回信息 {"status":"ok","msg":"重庆-重庆","gid":"227422","time_insert":"2021-07-09 02:56"}
2024-11-30 00:28:02 查询号码 【1327250】，GSD为【"重庆-重庆"】

2024-11-30 00:28:03 开始第 7252 次操作

2024-11-30 00:28:03 开始操作号码 【1327251】
2024-11-30 00:28:04 GSD getOne 第 1 次 等待 3 秒
2024-11-30 00:28:07 查询号码 【1327251】，返回信息 {"status":"ok","msg":"重庆-重庆","gid":"51148","time_insert":"2021-04-22 09:14"}
2024-11-30 00:28:07 查询号码 【1327251】，GSD为【"重庆-重庆"】

2024-11-30 00:48:06 开始第 7253 次操作

2024-11-30 00:48:06 开始操作号码 【1327252】
2024-11-30 00:48:07 GSD getOne 第 1 次 等待 3 秒
2024-11-30 00:48:10 查询号码 【1327252】，返回信息 {"status":"ok","msg":"重庆-重庆","gid":"227412","time_insert":"2021-07-09 02:55"}
2024-11-30 00:48:10 查询号码 【1327252】，GSD为【"重庆-重庆"】

2024-11-30 00:48:11 开始第 7254 次操作

2024-11-30 00:48:11 开始操作号码 【1327253】
2024-11-30 00:48:12 GSD getOne 第 1 次 等待 3 秒
2024-11-30 00:48:15 查询号码 【1327253】，返回信息 {"status":"ok","msg":"重庆-重庆","gid":"227409","time_insert":"2021-07-09 02:55"}
2024-11-30 00:48:15 查询号码 【1327253】，GSD为【"重庆-重庆"】

2024-11-30 00:48:16 开始第 7255 次操作

2024-11-30 00:48:16 开始操作号码 【1327254】
2024-11-30 00:48:17 GSD getOne 第 1 次 等待 3 秒
2024-11-30 00:48:20 查询号码 【1327254】，返回信息 {"status":"ok","msg":"重庆-重庆","gid":"227401","time_insert":"2021-07-09 02:55"}
2024-11-30 00:48:20 查询号码 【1327254】，GSD为【"重庆-重庆"】

2024-11-30 00:48:21 开始第 7256 次操作

2024-11-30 00:48:21 开始操作号码 【1327255】
2024-11-30 00:48:22 GSD getOne 第 1 次 等待 3 秒
2024-11-30 00:48:25 查询号码 【1327255】，返回信息 {"status":"ok","msg":"重庆-重庆","gid":"2449","time_insert":"2015-01-26 19:21","time_update":"2021-01-03 19:16"}
2024-11-30 00:48:25 查询号码 【1327255】，GSD为【"重庆-重庆"】

2024-11-30 01:19:08 开始第 7257 次操作

2024-11-30 01:19:08 开始操作号码 【1327256】
2024-11-30 01:19:09 GSD getOne 第 1 次 等待 3 秒
2024-11-30 01:19:12 查询号码 【1327256】，返回信息 {"status":"ok","msg":"重庆-重庆","gid":"2450","time_insert":"2014-10-04 11:48","time_update":"2021-01-03 19:24"}
2024-11-30 01:19:12 查询号码 【1327256】，GSD为【"重庆-重庆"】

2024-11-30 01:19:13 开始第 7258 次操作

2024-11-30 01:19:13 开始操作号码 【1327257】
2024-11-30 01:19:14 GSD getOne 第 1 次 等待 3 秒
2024-11-30 01:19:17 查询号码 【1327257】，返回信息 {"status":"ok","msg":"重庆-重庆","gid":"227394","time_insert":"2021-07-09 02:54"}
2024-11-30 01:19:17 查询号码 【1327257】，GSD为【"重庆-重庆"】

2024-11-30 01:19:18 开始第 7259 次操作

2024-11-30 01:19:18 开始操作号码 【1327258】
2024-11-30 01:19:19 GSD getOne 第 1 次 等待 3 秒
2024-11-30 01:19:22 查询号码 【1327258】，返回信息 {"status":"ok","msg":"重庆-重庆","gid":"227391","time_insert":"2021-07-09 02:54"}
2024-11-30 01:19:22 查询号码 【1327258】，GSD为【"重庆-重庆"】

2024-11-30 01:19:23 开始第 7260 次操作

2024-11-30 01:19:23 开始操作号码 【1327259】
2024-11-30 01:19:24 GSD getOne 第 1 次 等待 3 秒
2024-11-30 01:19:27 查询号码 【1327259】，返回信息 {"status":"ok","msg":"重庆-重庆","gid":"2451","time_insert":"2015-10-05 02:32","time_update":"2021-01-03 19:30"}
2024-11-30 01:19:27 查询号码 【1327259】，GSD为【"重庆-重庆"】

