2023-12-06 00:14:40 开始第 1681 次操作

2023-12-06 00:14:40 开始操作号码 【1861574】
2023-12-06 00:14:44 GSD getOne 第 1 次 等待 3 秒
2023-12-06 00:14:47 查询号码 【1861574】，返回信息 {"status":"ok","msg":"四川-成都","gid":"40543","time_insert":"2020-01-04 18:30","time_update":"2020-11-11 06:36"}
2023-12-06 00:14:48 查询号码 【1861574】，GSD为【"四川-成都"】

2023-12-06 00:14:49 开始第 1682 次操作

2023-12-06 00:14:49 开始操作号码 【1861575】
2023-12-06 00:14:52 GSD getOne 第 1 次 等待 3 秒
2023-12-06 00:14:55 查询号码 【1861575】，返回信息 {"status":"ok","msg":"四川-成都","gid":"40544","time_insert":"2017-04-16 17:27","time_update":"2020-11-11 06:40"}
2023-12-06 00:14:55 查询号码 【1861575】，GSD为【"四川-成都"】

2023-12-06 00:14:56 开始第 1683 次操作

2023-12-06 00:14:56 开始操作号码 【1861576】
2023-12-06 00:15:00 GSD getOne 第 1 次 等待 3 秒
2023-12-06 00:15:03 查询号码 【1861576】，返回信息 {"status":"ok","msg":"四川-成都","gid":"40545","time_insert":"2017-04-20 15:10","time_update":"2020-11-11 06:44"}
2023-12-06 00:15:03 查询号码 【1861576】，GSD为【"四川-成都"】

2023-12-06 00:15:04 开始第 1684 次操作

2023-12-06 00:15:04 开始操作号码 【1861577】
2023-12-06 00:15:11 GSD getOne 第 1 次 等待 3 秒
2023-12-06 00:15:14 查询号码 【1861577】，返回信息 {"status":"ok","msg":"四川-成都","gid":"40546","time_insert":"2014-12-23 12:09","time_update":"2020-11-11 06:49"}
2023-12-06 00:15:14 查询号码 【1861577】，GSD为【"四川-成都"】

