2024-04-24 00:13:27 开始第 5353 次操作

2024-04-24 00:13:27 开始操作号码 【1645247】
2024-04-24 00:13:34 GSD getOne 第 1 次 等待 3 秒
2024-04-24 00:13:37 查询号码 【1645247】，返回信息 {"status":"ok","msg":"-","gid":"628714","time_insert":"2023-04-01 23:23"}
2024-04-24 00:13:37 查询号码 【1645247】，GSD为【"-"】
2024-04-24 00:13:37 ok && -
2024-04-24 00:13:39 CHB 1645247?1713888817 第 1 次 等待 3 秒
2024-04-24 00:13:42 CHB 1645247?1713888817 第 1 次 获取到号码【1645247】GSD
2024-04-24 00:13:42 未获取到号码【1645247】GSD，可能号码格式错误
2024-04-24 00:13:42 获取到号码【1645247】的GSD为【-】
2024-04-24 00:13:47 GSD insert 第 1 次 等待 3 秒
2024-04-24 00:13:50 {"status":"bad","gid":"628714","msg":"添加失败！号码【1645247(-|-)】已存在！"}
2024-04-24 00:13:50 随机等待 117 秒，约 1 分钟
2024-04-24 00:13:50 下次操作: 2024-04-24 00:15:47

2024-04-24 00:15:47 开始第 5354 次操作

2024-04-24 00:15:47 开始操作号码 【1645248】
2024-04-24 00:15:55 GSD getOne 第 1 次 等待 3 秒
2024-04-24 00:15:58 查询号码 【1645248】，返回信息 {"status":"ok","msg":"-","gid":"628736","time_insert":"2023-04-01 23:39"}
2024-04-24 00:15:58 查询号码 【1645248】，GSD为【"-"】
2024-04-24 00:15:58 ok && -
2024-04-24 00:16:00 CHB 1645248?1713888958 第 1 次 等待 3 秒
2024-04-24 00:16:03 CHB 1645248?1713888958 第 1 次 获取到号码【1645248】GSD
2024-04-24 00:16:03 未获取到号码【1645248】GSD，可能号码格式错误
2024-04-24 00:16:03 获取到号码【1645248】的GSD为【-】
2024-04-24 00:16:09 GSD insert 第 1 次 等待 3 秒
2024-04-24 00:16:12 {"status":"bad","gid":"628736","msg":"添加失败！号码【1645248(-|-)】已存在！"}
2024-04-24 00:16:12 随机等待 76 秒，约 1 分钟
2024-04-24 00:16:12 下次操作: 2024-04-24 00:17:28

2024-04-24 00:17:28 开始第 5355 次操作

2024-04-24 00:17:28 开始操作号码 【1645249】
2024-04-24 00:17:32 GSD getOne 第 1 次 等待 3 秒
2024-04-24 00:17:35 查询号码 【1645249】，返回信息 {"status":"ok","msg":"-","gid":"628750","time_insert":"2023-04-01 23:49"}
2024-04-24 00:17:35 查询号码 【1645249】，GSD为【"-"】
2024-04-24 00:17:35 ok && -
2024-04-24 00:17:37 CHB 1645249?1713889055 第 1 次 等待 3 秒
2024-04-24 00:17:40 CHB 1645249?1713889055 第 1 次 获取到号码【1645249】GSD
2024-04-24 00:17:40 未获取到号码【1645249】GSD，可能号码格式错误
2024-04-24 00:17:40 获取到号码【1645249】的GSD为【-】
2024-04-24 00:17:45 GSD insert 第 1 次 等待 3 秒
2024-04-24 00:17:48 {"status":"bad","gid":"628750","msg":"添加失败！号码【1645249(-|-)】已存在！"}
2024-04-24 00:17:48 随机等待 110 秒，约 1 分钟
2024-04-24 00:17:48 下次操作: 2024-04-24 00:19:38

2024-04-24 00:19:38 开始第 5356 次操作

2024-04-24 00:19:38 开始操作号码 【1645250】
2024-04-24 00:19:44 GSD getOne 第 1 次 等待 3 秒
2024-04-24 00:19:47 查询号码 【1645250】，返回信息 {"status":"ok","msg":"-","gid":"628769","time_insert":"2023-04-02 00:02"}
2024-04-24 00:19:47 查询号码 【1645250】，GSD为【"-"】
2024-04-24 00:19:47 ok && -
2024-04-24 00:19:49 CHB 1645250?1713889187 第 1 次 等待 3 秒
2024-04-24 00:19:52 CHB 1645250?1713889187 第 1 次 获取到号码【1645250】GSD
2024-04-24 00:19:52 未获取到号码【1645250】GSD，可能号码格式错误
2024-04-24 00:19:52 获取到号码【1645250】的GSD为【-】
2024-04-24 00:20:00 GSD insert 第 1 次 等待 3 秒
2024-04-24 00:20:03 {"status":"bad","gid":"628769","msg":"添加失败！号码【1645250(-|-)】已存在！"}

