2024-09-17 00:17:21 开始第 5005 次操作

2024-09-17 00:17:21 开始操作号码 【1425003】
2024-09-17 00:17:30 GSD getOne 第 1 次 等待 3 秒
2024-09-17 00:17:33 查询号码 【1425003】，返回信息 {"status":"ok","msg":"-","gid":"621287","time_insert":"2023-03-29 08:02"}
2024-09-17 00:17:33 查询号码 【1425003】，GSD为【"-"】
2024-09-17 00:17:33 ok && -
2024-09-17 00:17:34 CHB 1425003?1726503453 第 1 次 等待 3 秒
2024-09-17 00:17:37 CHB 1425003?1726503453 第 1 次 获取到号码【1425003】GSD
2024-09-17 00:17:37 未获取到号码【1425003】GSD，可能号码格式错误
2024-09-17 00:17:37 获取到号码【1425003】的GSD为【-】
2024-09-17 00:17:47 GSD insert 第 1 次 等待 3 秒
2024-09-17 00:17:50 {"status":"bad","gid":"621287","msg":"添加失败！号码【1425003(-|-)】已存在！"}
2024-09-17 00:17:50 随机等待 191 秒，约 3 分钟
2024-09-17 00:17:50 下次操作: 2024-09-17 00:21:01

2024-09-17 00:21:01 开始第 5006 次操作

2024-09-17 00:21:01 开始操作号码 【1425004】
2024-09-17 00:21:18 GSD getOne 第 1 次 等待 3 秒
2024-09-17 00:21:21 查询号码 【1425004】，返回信息 {"status":"ok","msg":"-","gid":"621299","time_insert":"2023-03-29 08:21"}
2024-09-17 00:21:21 查询号码 【1425004】，GSD为【"-"】
2024-09-17 00:21:21 ok && -
2024-09-17 00:21:23 CHB 1425004?1726503681 第 1 次 等待 3 秒
2024-09-17 00:21:26 CHB 1425004?1726503681 第 1 次 获取到号码【1425004】GSD
2024-09-17 00:21:26 未获取到号码【1425004】GSD，可能号码格式错误
2024-09-17 00:21:26 获取到号码【1425004】的GSD为【-】
2024-09-17 00:21:34 GSD insert 第 1 次 等待 3 秒
2024-09-17 00:21:37 {"status":"bad","gid":"621299","msg":"添加失败！号码【1425004(-|-)】已存在！"}
2024-09-17 00:21:37 随机等待 194 秒，约 3 分钟
2024-09-17 00:21:37 下次操作: 2024-09-17 00:24:51

2024-09-17 00:24:51 开始第 5007 次操作

2024-09-17 00:24:51 开始操作号码 【1425005】
2024-09-17 00:24:59 GSD getOne 第 1 次 等待 3 秒
2024-09-17 00:25:02 查询号码 【1425005】，返回信息 {"status":"ok","msg":"-","gid":"621308","time_insert":"2023-03-29 08:38"}
2024-09-17 00:25:02 查询号码 【1425005】，GSD为【"-"】
2024-09-17 00:25:02 ok && -
2024-09-17 00:25:04 CHB 1425005?1726503902 第 1 次 等待 3 秒
2024-09-17 00:25:07 CHB 1425005?1726503902 第 1 次 获取到号码【1425005】GSD
2024-09-17 00:25:07 未获取到号码【1425005】GSD，可能号码格式错误
2024-09-17 00:25:07 获取到号码【1425005】的GSD为【-】
2024-09-17 00:25:14 GSD insert 第 1 次 等待 3 秒
2024-09-17 00:25:17 {"status":"bad","gid":"621308","msg":"添加失败！号码【1425005(-|-)】已存在！"}
2024-09-17 00:25:17 随机等待 179 秒，约 2 分钟
2024-09-17 00:25:17 下次操作: 2024-09-17 00:28:16

2024-09-17 00:28:16 开始第 5008 次操作

2024-09-17 00:28:16 开始操作号码 【1425006】
2024-09-17 00:28:24 GSD getOne 第 1 次 等待 3 秒
2024-09-17 00:28:27 查询号码 【1425006】，返回信息 {"status":"ok","msg":"-","gid":"621319","time_insert":"2023-03-29 08:57"}
2024-09-17 00:28:28 查询号码 【1425006】，GSD为【"-"】
2024-09-17 00:28:28 ok && -
2024-09-17 00:28:29 CHB 1425006?1726504108 第 1 次 等待 3 秒
2024-09-17 00:28:32 CHB 1425006?1726504108 第 1 次 获取到号码【1425006】GSD
2024-09-17 00:28:32 未获取到号码【1425006】GSD，可能号码格式错误
2024-09-17 00:28:32 获取到号码【1425006】的GSD为【-】
2024-09-17 00:28:40 GSD insert 第 1 次 等待 3 秒
2024-09-17 00:28:43 {"status":"bad","gid":"621319","msg":"添加失败！号码【1425006(-|-)】已存在！"}

2024-09-17 00:43:55 开始第 5009 次操作

2024-09-17 00:43:55 开始操作号码 【1425007】
2024-09-17 00:44:04 GSD getOne 第 1 次 等待 3 秒
2024-09-17 00:44:07 查询号码 【1425007】，返回信息 {"status":"ok","msg":"-","gid":"621333","time_insert":"2023-03-29 09:09"}
2024-09-17 00:44:07 查询号码 【1425007】，GSD为【"-"】
2024-09-17 00:44:07 ok && -
2024-09-17 00:44:10 CHB 1425007?1726505047 第 1 次 等待 3 秒
2024-09-17 00:44:13 CHB 1425007?1726505047 第 1 次 获取到号码【1425007】GSD
2024-09-17 00:44:13 未获取到号码【1425007】GSD，可能号码格式错误
2024-09-17 00:44:13 获取到号码【1425007】的GSD为【-】
2024-09-17 00:44:20 GSD insert 第 1 次 等待 3 秒
2024-09-17 00:44:23 {"status":"bad","gid":"621333","msg":"添加失败！号码【1425007(-|-)】已存在！"}
2024-09-17 00:44:23 随机等待 161 秒，约 2 分钟
2024-09-17 00:44:23 下次操作: 2024-09-17 00:47:04

2024-09-17 00:47:04 开始第 5010 次操作

2024-09-17 00:47:04 开始操作号码 【1425008】
2024-09-17 00:47:13 GSD getOne 第 1 次 等待 3 秒
2024-09-17 00:47:16 查询号码 【1425008】，返回信息 {"status":"ok","msg":"-","gid":"621343","time_insert":"2023-03-29 09:19"}
2024-09-17 00:47:16 查询号码 【1425008】，GSD为【"-"】
2024-09-17 00:47:16 ok && -
2024-09-17 00:47:18 CHB 1425008?1726505236 第 1 次 等待 3 秒
2024-09-17 00:47:21 CHB 1425008?1726505236 第 1 次 获取到号码【1425008】GSD
2024-09-17 00:47:21 未获取到号码【1425008】GSD，可能号码格式错误
2024-09-17 00:47:21 获取到号码【1425008】的GSD为【-】
2024-09-17 00:47:29 GSD insert 第 1 次 等待 3 秒
2024-09-17 00:47:32 {"status":"bad","gid":"621343","msg":"添加失败！号码【1425008(-|-)】已存在！"}
2024-09-17 00:47:32 随机等待 208 秒，约 3 分钟
2024-09-17 00:47:32 下次操作: 2024-09-17 00:51:00

2024-09-17 00:51:00 开始第 5011 次操作

2024-09-17 00:51:00 开始操作号码 【1425009】
2024-09-17 00:51:07 GSD getOne 第 1 次 等待 3 秒
2024-09-17 00:51:10 查询号码 【1425009】，返回信息 {"status":"ok","msg":"-","gid":"621352","time_insert":"2023-03-29 09:31"}
2024-09-17 00:51:11 查询号码 【1425009】，GSD为【"-"】
2024-09-17 00:51:11 ok && -
2024-09-17 00:51:13 CHB 1425009?1726505471 第 1 次 等待 3 秒
2024-09-17 00:51:16 CHB 1425009?1726505471 第 1 次 获取到号码【1425009】GSD
2024-09-17 00:51:16 未获取到号码【1425009】GSD，可能号码格式错误
2024-09-17 00:51:16 获取到号码【1425009】的GSD为【-】
2024-09-17 00:51:24 GSD insert 第 1 次 等待 3 秒
2024-09-17 00:51:27 {"status":"bad","gid":"621352","msg":"添加失败！号码【1425009(-|-)】已存在！"}
2024-09-17 00:51:27 随机等待 171 秒，约 2 分钟
2024-09-17 00:51:27 下次操作: 2024-09-17 00:54:18

2024-09-17 00:54:18 开始第 5012 次操作

2024-09-17 00:54:18 开始操作号码 【1425010】
2024-09-17 00:54:27 GSD getOne 第 1 次 等待 3 秒
2024-09-17 00:54:30 查询号码 【1425010】，返回信息 {"status":"ok","msg":"-","gid":"621366","time_insert":"2023-03-29 09:44"}
2024-09-17 00:54:30 查询号码 【1425010】，GSD为【"-"】
2024-09-17 00:54:30 ok && -
2024-09-17 00:54:32 CHB 1425010?1726505670 第 1 次 等待 3 秒
2024-09-17 00:54:35 CHB 1425010?1726505670 第 1 次 获取到号码【1425010】GSD
2024-09-17 00:54:35 未获取到号码【1425010】GSD，可能号码格式错误
2024-09-17 00:54:35 获取到号码【1425010】的GSD为【-】
2024-09-17 00:54:42 GSD insert 第 1 次 等待 3 秒
2024-09-17 00:54:45 {"status":"bad","gid":"621366","msg":"添加失败！号码【1425010(-|-)】已存在！"}

2024-09-17 01:12:43 开始第 5013 次操作

2024-09-17 01:12:43 开始操作号码 【1425011】
2024-09-17 01:12:51 GSD getOne 第 1 次 等待 3 秒
2024-09-17 01:12:54 查询号码 【1425011】，返回信息 {"status":"ok","msg":"-","gid":"621384","time_insert":"2023-03-29 10:03"}
2024-09-17 01:12:54 查询号码 【1425011】，GSD为【"-"】
2024-09-17 01:12:54 ok && -
2024-09-17 01:13:00 CHB 1425011?1726506774 第 1 次 等待 3 秒
2024-09-17 01:13:03 CHB 1425011?1726506774 第 1 次 获取到号码【1425011】GSD
2024-09-17 01:13:03 未获取到号码【1425011】GSD，可能号码格式错误
2024-09-17 01:13:03 获取到号码【1425011】的GSD为【-】
2024-09-17 01:13:11 GSD insert 第 1 次 等待 3 秒
2024-09-17 01:13:14 {"status":"bad","gid":"621384","msg":"添加失败！号码【1425011(-|-)】已存在！"}
2024-09-17 01:13:14 随机等待 234 秒，约 3 分钟
2024-09-17 01:13:14 下次操作: 2024-09-17 01:17:08

2024-09-17 01:17:08 开始第 5014 次操作

2024-09-17 01:17:08 开始操作号码 【1425012】
2024-09-17 01:17:18 GSD getOne 第 1 次 等待 3 秒
2024-09-17 01:17:21 查询号码 【1425012】，返回信息 {"status":"ok","msg":"-","gid":"621396","time_insert":"2023-03-29 10:14"}
2024-09-17 01:17:21 查询号码 【1425012】，GSD为【"-"】
2024-09-17 01:17:21 ok && -
2024-09-17 01:17:24 CHB 1425012?1726507041 第 1 次 等待 3 秒
2024-09-17 01:17:27 CHB 1425012?1726507041 第 1 次 获取到号码【1425012】GSD
2024-09-17 01:17:27 未获取到号码【1425012】GSD，可能号码格式错误
2024-09-17 01:17:27 获取到号码【1425012】的GSD为【-】
2024-09-17 01:17:36 GSD insert 第 1 次 等待 3 秒
2024-09-17 01:17:39 {"status":"bad","gid":"621396","msg":"添加失败！号码【1425012(-|-)】已存在！"}
2024-09-17 01:17:39 随机等待 162 秒，约 2 分钟
2024-09-17 01:17:39 下次操作: 2024-09-17 01:20:21

2024-09-17 01:20:21 开始第 5015 次操作

2024-09-17 01:20:21 开始操作号码 【1425013】
2024-09-17 01:20:28 GSD getOne 第 1 次 等待 3 秒
2024-09-17 01:20:31 查询号码 【1425013】，返回信息 {"status":"ok","msg":"-","gid":"621420","time_insert":"2023-03-29 10:32"}
2024-09-17 01:20:31 查询号码 【1425013】，GSD为【"-"】
2024-09-17 01:20:31 ok && -
2024-09-17 01:20:33 CHB 1425013?1726507231 第 1 次 等待 3 秒
2024-09-17 01:20:36 CHB 1425013?1726507231 第 1 次 获取到号码【1425013】GSD
2024-09-17 01:20:36 未获取到号码【1425013】GSD，可能号码格式错误
2024-09-17 01:20:36 获取到号码【1425013】的GSD为【-】
2024-09-17 01:20:44 GSD insert 第 1 次 等待 3 秒
2024-09-17 01:20:47 {"status":"bad","gid":"621420","msg":"添加失败！号码【1425013(-|-)】已存在！"}
2024-09-17 01:20:47 随机等待 104 秒，约 1 分钟
2024-09-17 01:20:47 下次操作: 2024-09-17 01:22:31

2024-09-17 01:22:31 开始第 5016 次操作

2024-09-17 01:22:31 开始操作号码 【1425014】
2024-09-17 01:22:39 GSD getOne 第 1 次 等待 3 秒
2024-09-17 01:22:42 查询号码 【1425014】，返回信息 {"status":"ok","msg":"-","gid":"621439","time_insert":"2023-03-29 10:50"}
2024-09-17 01:22:42 查询号码 【1425014】，GSD为【"-"】
2024-09-17 01:22:42 ok && -
2024-09-17 01:22:44 CHB 1425014?1726507362 第 1 次 等待 3 秒
2024-09-17 01:22:47 CHB 1425014?1726507362 第 1 次 获取到号码【1425014】GSD
2024-09-17 01:22:47 未获取到号码【1425014】GSD，可能号码格式错误
2024-09-17 01:22:47 获取到号码【1425014】的GSD为【-】
2024-09-17 01:22:55 GSD insert 第 1 次 等待 3 秒
2024-09-17 01:22:58 {"status":"bad","gid":"621439","msg":"添加失败！号码【1425014(-|-)】已存在！"}

2024-09-17 01:39:13 开始第 5017 次操作

2024-09-17 01:39:13 开始操作号码 【1425015】
2024-09-17 01:39:21 GSD getOne 第 1 次 等待 3 秒
2024-09-17 01:39:24 查询号码 【1425015】，返回信息 {"status":"ok","msg":"-","gid":"621463","time_insert":"2023-03-29 11:05"}
2024-09-17 01:39:24 查询号码 【1425015】，GSD为【"-"】
2024-09-17 01:39:24 ok && -
2024-09-17 01:39:26 CHB 1425015?1726508364 第 1 次 等待 3 秒
2024-09-17 01:39:29 CHB 1425015?1726508364 第 1 次 获取到号码【1425015】GSD
2024-09-17 01:39:29 未获取到号码【1425015】GSD，可能号码格式错误
2024-09-17 01:39:29 获取到号码【1425015】的GSD为【-】
2024-09-17 01:39:37 GSD insert 第 1 次 等待 3 秒
2024-09-17 01:39:40 {"status":"bad","gid":"621463","msg":"添加失败！号码【1425015(-|-)】已存在！"}
2024-09-17 01:39:40 随机等待 181 秒，约 3 分钟
2024-09-17 01:39:40 下次操作: 2024-09-17 01:42:41

2024-09-17 01:42:41 开始第 5018 次操作

2024-09-17 01:42:41 开始操作号码 【1425016】
2024-09-17 01:42:49 GSD getOne 第 1 次 等待 3 秒
2024-09-17 01:42:52 查询号码 【1425016】，返回信息 {"status":"ok","msg":"-","gid":"621489","time_insert":"2023-03-29 11:24"}
2024-09-17 01:42:52 查询号码 【1425016】，GSD为【"-"】
2024-09-17 01:42:52 ok && -
2024-09-17 01:42:54 CHB 1425016?1726508572 第 1 次 等待 3 秒
2024-09-17 01:42:57 CHB 1425016?1726508572 第 1 次 获取到号码【1425016】GSD
2024-09-17 01:42:57 未获取到号码【1425016】GSD，可能号码格式错误
2024-09-17 01:42:57 获取到号码【1425016】的GSD为【-】
2024-09-17 01:43:04 GSD insert 第 1 次 等待 3 秒
2024-09-17 01:43:07 {"status":"bad","gid":"621489","msg":"添加失败！号码【1425016(-|-)】已存在！"}
2024-09-17 01:43:07 随机等待 68 秒，约 1 分钟
2024-09-17 01:43:07 下次操作: 2024-09-17 01:44:15

2024-09-17 01:44:15 开始第 5019 次操作

2024-09-17 01:44:15 开始操作号码 【1425017】
2024-09-17 01:44:23 GSD getOne 第 1 次 等待 3 秒
2024-09-17 01:44:26 查询号码 【1425017】，返回信息 {"status":"ok","msg":"-","gid":"621509","time_insert":"2023-03-29 11:36"}
2024-09-17 01:44:26 查询号码 【1425017】，GSD为【"-"】
2024-09-17 01:44:26 ok && -
2024-09-17 01:44:30 CHB 1425017?1726508666 第 1 次 等待 3 秒
2024-09-17 01:44:33 CHB 1425017?1726508666 第 1 次 获取到号码【1425017】GSD
2024-09-17 01:44:33 未获取到号码【1425017】GSD，可能号码格式错误
2024-09-17 01:44:33 获取到号码【1425017】的GSD为【-】
2024-09-17 01:44:41 GSD insert 第 1 次 等待 3 秒
2024-09-17 01:44:44 {"status":"bad","gid":"621509","msg":"添加失败！号码【1425017(-|-)】已存在！"}
2024-09-17 01:44:44 随机等待 72 秒，约 1 分钟
2024-09-17 01:44:44 下次操作: 2024-09-17 01:45:56

2024-09-17 01:45:56 开始第 5020 次操作

2024-09-17 01:45:56 开始操作号码 【1425018】
2024-09-17 01:46:04 GSD getOne 第 1 次 等待 3 秒
2024-09-17 01:46:07 查询号码 【1425018】，返回信息 {"status":"ok","msg":"-","gid":"621524","time_insert":"2023-03-29 11:45"}
2024-09-17 01:46:07 查询号码 【1425018】，GSD为【"-"】
2024-09-17 01:46:07 ok && -
2024-09-17 01:46:09 CHB 1425018?1726508767 第 1 次 等待 3 秒
2024-09-17 01:46:12 CHB 1425018?1726508767 第 1 次 获取到号码【1425018】GSD
2024-09-17 01:46:13 未获取到号码【1425018】GSD，可能号码格式错误
2024-09-17 01:46:13 获取到号码【1425018】的GSD为【-】
2024-09-17 01:46:20 GSD insert 第 1 次 等待 3 秒
2024-09-17 01:46:23 {"status":"bad","gid":"621524","msg":"添加失败！号码【1425018(-|-)】已存在！"}

