2023-09-30 00:13:20 开始第 669 次操作

2023-09-30 00:13:20 开始操作号码 【1960668】
2023-09-30 00:13:23 GSD getOne 第 1 次 等待 3 秒
2023-09-30 00:13:26 查询号码 【1960668】，返回信息 {"status":"ok","msg":"广东-茂名","gid":"539150","time_insert":"2023-02-19 01:09"}
2023-09-30 00:13:26 查询号码 【1960668】，GSD为【"广东-茂名"】

2023-09-30 00:13:27 开始第 670 次操作

2023-09-30 00:13:27 开始操作号码 【1960669】
2023-09-30 00:13:29 GSD getOne 第 1 次 等待 3 秒
2023-09-30 00:13:32 查询号码 【1960669】，返回信息 {"status":"ok","msg":"广东-惠州","gid":"539154","time_insert":"2023-02-19 01:12"}
2023-09-30 00:13:32 查询号码 【1960669】，GSD为【"广东-惠州"】

2023-09-30 00:13:33 开始第 671 次操作

2023-09-30 00:13:33 开始操作号码 【1960670】
2023-09-30 00:13:36 GSD getOne 第 1 次 等待 3 秒
2023-09-30 00:13:39 查询号码 【1960670】，返回信息 {"status":"ok","msg":"-","gid":"539157","time_insert":"2023-02-19 01:14"}
2023-09-30 00:13:39 查询号码 【1960670】，GSD为【"-"】
2023-09-30 00:13:39 ok && -
2023-09-30 00:13:41 CHB 1960670?1696004019 第 1 次 等待 3 秒
2023-09-30 00:13:44 CHB 1960670?1696004019 第 1 次 获取到号码【1960670】GSD
2023-09-30 00:13:44 未获取到号码【1960670】GSD，可能号码格式错误
2023-09-30 00:13:44 获取到号码【1960670】的GSD为【-】
2023-09-30 00:13:45 GSD insert 第 1 次 等待 3 秒
2023-09-30 00:13:48 {"status":"bad","gid":"539157","msg":"添加失败！号码【1960670(-|-)】已存在！"}
2023-09-30 00:13:48 随机等待 77 秒，约 1 分钟
2023-09-30 00:13:48 下次操作: 2023-09-30 00:15:05

2023-09-30 00:15:05 开始第 672 次操作

2023-09-30 00:15:05 开始操作号码 【1960671】
2023-09-30 00:15:07 GSD getOne 第 1 次 等待 3 秒
2023-09-30 00:15:10 查询号码 【1960671】，返回信息 {"status":"ok","msg":"-","gid":"539160","time_insert":"2023-02-19 01:16"}
2023-09-30 00:15:10 查询号码 【1960671】，GSD为【"-"】
2023-09-30 00:15:10 ok && -
2023-09-30 00:15:13 CHB 1960671?1696004110 第 1 次 等待 3 秒
2023-09-30 00:15:16 CHB 1960671?1696004110 第 1 次 获取到号码【1960671】GSD
2023-09-30 00:15:16 未获取到号码【1960671】GSD，可能号码格式错误
2023-09-30 00:15:16 获取到号码【1960671】的GSD为【-】
2023-09-30 00:15:17 GSD insert 第 1 次 等待 3 秒
2023-09-30 00:15:20 {"status":"bad","gid":"539160","msg":"添加失败！号码【1960671(-|-)】已存在！"}

