2021-08-03 00:00:15 开始第 16 次操作

2021-08-03 00:00:15 开始操作号码 【1883122】
2021-08-03 00:00:24 GSD getOne 第 1 次 等待 3 秒
2021-08-03 00:00:27 查询号码 【1883122】，返回信息 {"status":"bad","msg":""}
2021-08-03 00:00:27 查询号码 【1883122】，GSD为【""】
2021-08-03 00:00:27 bad
2021-08-03 00:00:28 CHB 1883122?1627920027 第 1 次 等待 3 秒
2021-08-03 00:00:31 CHB 1883122?1627920027 第 1 次 获取到号码【1883122】GSD
2021-08-03 00:00:31 获取到号码【1883122】的GSD为【河北-保定】
2021-08-03 00:00:36 GSD insert 第 1 次 等待 3 秒
2021-08-03 00:00:39 {"status":"ok","gid":484599,"msg":"添加成功！"}
2021-08-03 00:00:39 下次操作: 2021-08-03 00:00:59

2021-08-03 00:00:59 开始第 17 次操作

2021-08-03 00:00:59 开始操作号码 【1883121】
2021-08-03 00:01:52 GSD getOne 第 1 次 等待 3 秒
2021-08-03 00:01:55 查询号码 【1883121】，返回信息 {"status":"bad","msg":""}
2021-08-03 00:01:55 查询号码 【1883121】，GSD为【""】
2021-08-03 00:01:55 bad
2021-08-03 00:01:56 CHB 1883121?1627920115 第 1 次 等待 3 秒
2021-08-03 00:01:59 CHB 1883121?1627920115 第 1 次 获取到号码【1883121】GSD
2021-08-03 00:01:59 获取到号码【1883121】的GSD为【河北-保定】
2021-08-03 00:02:05 GSD insert 第 1 次 等待 3 秒
2021-08-03 00:02:08 {"status":"ok","gid":484612,"msg":"添加成功！"}
2021-08-03 00:02:08 下次操作: 2021-08-03 00:02:29

2021-08-03 00:02:29 开始第 18 次操作

2021-08-03 00:02:29 开始操作号码 【1883120】
2021-08-03 00:03:40 GSD getOne 第 1 次 等待 3 秒
2021-08-03 00:03:43 查询号码 【1883120】，返回信息 {"status":"bad","msg":""}
2021-08-03 00:03:44 查询号码 【1883120】，GSD为【""】
2021-08-03 00:03:44 bad
2021-08-03 00:03:45 CHB 1883120?1627920224 第 1 次 等待 3 秒
2021-08-03 00:03:48 CHB 1883120?1627920224 第 1 次 获取到号码【1883120】GSD
2021-08-03 00:03:48 获取到号码【1883120】的GSD为【河北-保定】
2021-08-03 00:03:53 GSD insert 第 1 次 等待 3 秒
2021-08-03 00:03:56 {"status":"ok","gid":484630,"msg":"添加成功！"}
2021-08-03 00:03:56 下次操作: 2021-08-03 00:04:13

2021-08-03 00:04:13 开始第 19 次操作

2021-08-03 00:04:13 开始操作号码 【1883119】
2021-08-03 00:04:16 GSD getOne 第 1 次 等待 3 秒
2021-08-03 00:04:19 查询号码 【1883119】，返回信息 {"status":"bad","msg":""}
2021-08-03 00:04:20 查询号码 【1883119】，GSD为【""】
2021-08-03 00:04:20 bad
2021-08-03 00:04:22 CHB 1883119?1627920260 第 1 次 等待 3 秒
2021-08-03 00:04:25 CHB 1883119?1627920260 第 1 次 获取到号码【1883119】GSD
2021-08-03 00:04:25 获取到号码【1883119】的GSD为【河北-石家庄】
2021-08-03 00:04:28 GSD insert 第 1 次 等待 3 秒
2021-08-03 00:04:31 {"status":"ok","gid":484638,"msg":"添加成功！"}
2021-08-03 00:04:31 下次操作: 2021-08-03 00:04:46

2021-08-03 00:04:46 开始第 20 次操作

2021-08-03 00:04:46 开始操作号码 【1883118】
2021-08-03 00:04:55 GSD getOne 第 1 次 等待 3 秒
2021-08-03 00:04:58 查询号码 【1883118】，返回信息 {"status":"bad","msg":""}
2021-08-03 00:04:58 查询号码 【1883118】，GSD为【""】
2021-08-03 00:04:58 bad
2021-08-03 00:04:59 CHB 1883118?1627920298 第 1 次 等待 3 秒
2021-08-03 00:05:02 CHB 1883118?1627920298 第 1 次 获取到号码【1883118】GSD
2021-08-03 00:05:02 获取到号码【1883118】的GSD为【河北-石家庄】
2021-08-03 00:05:06 GSD insert 第 1 次 等待 3 秒
2021-08-03 00:05:09 {"status":"ok","gid":484647,"msg":"添加成功！"}
2021-08-03 00:05:09 下次操作: 2021-08-03 00:05:22

2021-08-03 00:05:22 开始第 21 次操作

2021-08-03 00:05:22 开始操作号码 【1883117】
2021-08-03 00:05:31 GSD getOne 第 1 次 等待 3 秒
2021-08-03 00:05:34 查询号码 【1883117】，返回信息 {"status":"bad","msg":""}
2021-08-03 00:05:35 查询号码 【1883117】，GSD为【""】
2021-08-03 00:05:35 bad
2021-08-03 00:05:36 CHB 1883117?1627920335 第 1 次 等待 3 秒
2021-08-03 00:05:39 CHB 1883117?1627920335 第 1 次 获取到号码【1883117】GSD
2021-08-03 00:05:39 获取到号码【1883117】的GSD为【河北-石家庄】
2021-08-03 00:06:06 GSD insert 第 1 次 等待 3 秒
2021-08-03 00:06:09 {"status":"ok","gid":484657,"msg":"添加成功！"}
2021-08-03 00:06:09 下次操作: 2021-08-03 00:06:33

2021-08-03 00:06:33 开始第 22 次操作

2021-08-03 00:06:33 开始操作号码 【1883116】
2021-08-03 00:06:44 GSD getOne 第 1 次 等待 3 秒
2021-08-03 00:06:47 查询号码 【1883116】，返回信息 {"status":"bad","msg":""}
2021-08-03 00:06:47 查询号码 【1883116】，GSD为【""】
2021-08-03 00:06:47 bad
2021-08-03 00:06:49 CHB 1883116?1627920407 第 1 次 等待 3 秒
2021-08-03 00:06:52 CHB 1883116?1627920407 第 1 次 获取到号码【1883116】GSD
2021-08-03 00:06:52 获取到号码【1883116】的GSD为【河北-石家庄】
2021-08-03 00:06:57 GSD insert 第 1 次 等待 3 秒
2021-08-03 00:07:00 {"status":"ok","gid":484665,"msg":"添加成功！"}
2021-08-03 00:07:00 下次操作: 2021-08-03 00:07:18

2021-08-03 00:07:18 开始第 23 次操作

2021-08-03 00:07:18 开始操作号码 【1883115】
2021-08-03 00:07:57 GSD getOne 第 1 次 等待 3 秒
2021-08-03 00:08:00 查询号码 【1883115】，返回信息 {"status":"bad","msg":""}
2021-08-03 00:08:00 查询号码 【1883115】，GSD为【""】
2021-08-03 00:08:00 bad
2021-08-03 00:08:02 CHB 1883115?1627920480 第 1 次 等待 3 秒
2021-08-03 00:08:05 CHB 1883115?1627920480 第 1 次 获取到号码【1883115】GSD
2021-08-03 00:08:05 获取到号码【1883115】的GSD为【河北-石家庄】
2021-08-03 00:08:08 GSD insert 第 1 次 等待 3 秒
2021-08-03 00:08:11 {"status":"ok","gid":484676,"msg":"添加成功！"}
2021-08-03 00:08:11 下次操作: 2021-08-03 00:08:27

2021-08-03 00:08:27 开始第 24 次操作

2021-08-03 00:08:27 开始操作号码 【1883114】
2021-08-03 00:08:35 GSD getOne 第 1 次 等待 3 秒
2021-08-03 00:08:38 查询号码 【1883114】，返回信息 {"status":"bad","msg":""}
2021-08-03 00:08:38 查询号码 【1883114】，GSD为【""】
2021-08-03 00:08:38 bad
2021-08-03 00:08:45 CHB 1883114?1627920518 第 1 次 等待 3 秒
2021-08-03 00:08:48 CHB 1883114?1627920518 第 1 次 获取到号码【1883114】GSD
2021-08-03 00:08:48 获取到号码【1883114】的GSD为【河北-石家庄】
2021-08-03 00:08:58 GSD insert 第 1 次 等待 3 秒
2021-08-03 00:09:01 {"status":"ok","gid":484681,"msg":"添加成功！"}
2021-08-03 00:09:01 下次操作: 2021-08-03 00:09:20

2021-08-03 00:09:20 开始第 25 次操作

2021-08-03 00:09:20 开始操作号码 【1883113】
2021-08-03 00:09:24 GSD getOne 第 1 次 等待 3 秒
2021-08-03 00:09:27 查询号码 【1883113】，返回信息 {"status":"bad","msg":""}
2021-08-03 00:09:27 查询号码 【1883113】，GSD为【""】
2021-08-03 00:09:27 bad
2021-08-03 00:09:28 CHB 1883113?1627920567 第 1 次 等待 3 秒
2021-08-03 00:09:31 CHB 1883113?1627920567 第 1 次 获取到号码【1883113】GSD
2021-08-03 00:09:31 获取到号码【1883113】的GSD为【河北-石家庄】
2021-08-03 00:09:38 GSD insert 第 1 次 等待 3 秒
2021-08-03 00:09:41 {"status":"ok","gid":484688,"msg":"添加成功！"}
2021-08-03 00:09:41 下次操作: 2021-08-03 00:09:56

2021-08-03 00:09:56 开始第 26 次操作

2021-08-03 00:09:56 开始操作号码 【1883112】
2021-08-03 00:10:03 GSD getOne 第 1 次 等待 3 秒
2021-08-03 00:10:06 查询号码 【1883112】，返回信息 {"status":"bad","msg":""}
2021-08-03 00:10:07 查询号码 【1883112】，GSD为【""】
2021-08-03 00:10:07 bad
2021-08-03 00:10:08 CHB 1883112?1627920607 第 1 次 等待 3 秒
2021-08-03 00:10:11 CHB 1883112?1627920607 第 1 次 获取到号码【1883112】GSD
2021-08-03 00:10:11 获取到号码【1883112】的GSD为【河北-石家庄】
2021-08-03 00:10:15 GSD insert 第 1 次 等待 3 秒
2021-08-03 00:10:18 {"status":"ok","gid":484696,"msg":"添加成功！"}
2021-08-03 00:10:18 下次操作: 2021-08-03 00:10:31

2021-08-03 00:10:31 开始第 27 次操作

2021-08-03 00:10:31 开始操作号码 【1883111】
2021-08-03 00:10:35 GSD getOne 第 1 次 等待 3 秒
2021-08-03 00:10:38 查询号码 【1883111】，返回信息 {"status":"bad","msg":""}
2021-08-03 00:10:38 查询号码 【1883111】，GSD为【""】
2021-08-03 00:10:38 bad
2021-08-03 00:10:40 CHB 1883111?1627920638 第 1 次 等待 3 秒
2021-08-03 00:10:43 CHB 1883111?1627920638 第 1 次 获取到号码【1883111】GSD
2021-08-03 00:10:43 获取到号码【1883111】的GSD为【河北-石家庄】
2021-08-03 00:10:46 GSD insert 第 1 次 等待 3 秒
2021-08-03 00:10:49 {"status":"ok","gid":484704,"msg":"添加成功！"}
2021-08-03 00:10:49 下次操作: 2021-08-03 00:11:04

2021-08-03 00:11:04 开始第 28 次操作

2021-08-03 00:11:04 开始操作号码 【1883110】
2021-08-03 00:11:09 GSD getOne 第 1 次 等待 3 秒
2021-08-03 00:11:12 查询号码 【1883110】，返回信息 {"status":"bad","msg":""}
2021-08-03 00:11:12 查询号码 【1883110】，GSD为【""】
2021-08-03 00:11:12 bad
2021-08-03 00:11:13 CHB 1883110?1627920672 第 1 次 等待 3 秒
2021-08-03 00:11:16 CHB 1883110?1627920672 第 1 次 获取到号码【1883110】GSD
2021-08-03 00:11:16 获取到号码【1883110】的GSD为【河北-石家庄】
2021-08-03 00:12:25 GSD insert 第 1 次 等待 3 秒
2021-08-03 00:12:28 {"status":"ok","gid":484715,"msg":"添加成功！"}
2021-08-03 00:12:28 下次操作: 2021-08-03 00:12:47

2021-08-03 00:12:47 开始第 29 次操作

2021-08-03 00:12:47 开始操作号码 【1883109】
2021-08-03 00:13:03 GSD getOne 第 1 次 等待 3 秒
2021-08-03 00:13:06 查询号码 【1883109】，返回信息 {"status":"bad","msg":""}
2021-08-03 00:13:06 查询号码 【1883109】，GSD为【""】
2021-08-03 00:13:06 bad
2021-08-03 00:13:08 CHB 1883109?1627920786 第 1 次 等待 3 秒
2021-08-03 00:13:11 CHB 1883109?1627920786 第 1 次 获取到号码【1883109】GSD
2021-08-03 00:13:11 获取到号码【1883109】的GSD为【河北-邯郸】
2021-08-03 00:13:15 GSD insert 第 1 次 等待 3 秒
2021-08-03 00:13:18 {"status":"ok","gid":484727,"msg":"添加成功！"}
2021-08-03 00:13:18 下次操作: 2021-08-03 00:13:35

2021-08-03 00:13:35 开始第 30 次操作

2021-08-03 00:13:35 开始操作号码 【1883108】
2021-08-03 00:14:01 GSD getOne 第 1 次 等待 3 秒
2021-08-03 00:14:04 查询号码 【1883108】，返回信息 {"status":"bad","msg":""}
2021-08-03 00:14:04 查询号码 【1883108】，GSD为【""】
2021-08-03 00:14:04 bad
2021-08-03 00:14:07 CHB 1883108?1627920844 第 1 次 等待 3 秒
2021-08-03 00:14:10 CHB 1883108?1627920844 第 1 次 获取到号码【1883108】GSD
2021-08-03 00:14:10 获取到号码【1883108】的GSD为【河北-邯郸】
2021-08-03 00:14:18 GSD insert 第 1 次 等待 3 秒
2021-08-03 00:14:21 {"status":"ok","gid":484740,"msg":"添加成功！"}
2021-08-03 00:14:21 下次操作: 2021-08-03 00:14:35

2021-08-03 00:14:35 开始第 31 次操作

2021-08-03 00:14:35 开始操作号码 【1883107】
2021-08-03 00:15:38 GSD getOne 第 1 次 等待 3 秒
2021-08-03 00:15:41 查询号码 【1883107】，返回信息 {"status":"bad","msg":""}
2021-08-03 00:15:41 查询号码 【1883107】，GSD为【""】
2021-08-03 00:15:41 bad
2021-08-03 00:15:44 CHB 1883107?1627920941 第 1 次 等待 3 秒
2021-08-03 00:15:47 CHB 1883107?1627920941 第 1 次 获取到号码【1883107】GSD
2021-08-03 00:15:47 获取到号码【1883107】的GSD为【河北-邯郸】
2021-08-03 00:15:55 GSD insert 第 1 次 等待 3 秒
2021-08-03 00:15:58 {"status":"ok","gid":484756,"msg":"添加成功！"}
2021-08-03 00:15:58 下次操作: 2021-08-03 00:16:15

2021-08-03 00:16:15 开始第 32 次操作

2021-08-03 00:16:15 开始操作号码 【1883106】
2021-08-03 00:16:22 GSD getOne 第 1 次 等待 3 秒
2021-08-03 00:16:25 查询号码 【1883106】，返回信息 {"status":"bad","msg":""}
2021-08-03 00:16:25 查询号码 【1883106】，GSD为【""】
2021-08-03 00:16:25 bad
2021-08-03 00:16:28 CHB 1883106?1627920985 第 1 次 等待 3 秒
2021-08-03 00:16:31 CHB 1883106?1627920985 第 1 次 获取到号码【1883106】GSD
2021-08-03 00:16:31 获取到号码【1883106】的GSD为【河北-邯郸】
2021-08-03 00:16:36 GSD insert 第 1 次 等待 3 秒
2021-08-03 00:16:39 {"status":"ok","gid":484764,"msg":"添加成功！"}
2021-08-03 00:16:39 下次操作: 2021-08-03 00:16:53

2021-08-03 00:16:53 开始第 33 次操作

2021-08-03 00:16:53 开始操作号码 【1883105】
2021-08-03 00:17:01 GSD getOne 第 1 次 等待 3 秒
2021-08-03 00:17:04 查询号码 【1883105】，返回信息 {"status":"bad","msg":""}
2021-08-03 00:17:04 查询号码 【1883105】，GSD为【""】
2021-08-03 00:17:04 bad
2021-08-03 00:17:05 CHB 1883105?1627921024 第 1 次 等待 3 秒
2021-08-03 00:17:08 CHB 1883105?1627921024 第 1 次 获取到号码【1883105】GSD
2021-08-03 00:17:09 获取到号码【1883105】的GSD为【河北-邯郸】
2021-08-03 00:17:13 GSD insert 第 1 次 等待 3 秒
2021-08-03 00:17:16 {"status":"ok","gid":484770,"msg":"添加成功！"}
2021-08-03 00:17:16 下次操作: 2021-08-03 00:17:32

2021-08-03 00:17:32 开始第 34 次操作

2021-08-03 00:17:32 开始操作号码 【1883104】
2021-08-03 00:17:37 GSD getOne 第 1 次 等待 3 秒
2021-08-03 00:17:40 查询号码 【1883104】，返回信息 {"status":"bad","msg":""}
2021-08-03 00:17:40 查询号码 【1883104】，GSD为【""】
2021-08-03 00:17:40 bad
2021-08-03 00:17:42 CHB 1883104?1627921060 第 1 次 等待 3 秒
2021-08-03 00:17:45 CHB 1883104?1627921060 第 1 次 获取到号码【1883104】GSD
2021-08-03 00:17:45 获取到号码【1883104】的GSD为【河北-邯郸】
2021-08-03 00:17:48 GSD insert 第 1 次 等待 3 秒
2021-08-03 00:17:51 {"status":"ok","gid":484776,"msg":"添加成功！"}
2021-08-03 00:17:51 下次操作: 2021-08-03 00:18:03

2021-08-03 00:18:03 开始第 35 次操作

2021-08-03 00:18:03 开始操作号码 【1883103】
2021-08-03 00:18:07 GSD getOne 第 1 次 等待 3 秒
2021-08-03 00:18:10 查询号码 【1883103】，返回信息 {"status":"bad","msg":""}
2021-08-03 00:18:10 查询号码 【1883103】，GSD为【""】
2021-08-03 00:18:10 bad
2021-08-03 00:18:13 CHB 1883103?1627921090 第 1 次 等待 3 秒
2021-08-03 00:18:16 CHB 1883103?1627921090 第 1 次 获取到号码【1883103】GSD
2021-08-03 00:18:16 获取到号码【1883103】的GSD为【河北-邯郸】
2021-08-03 00:18:29 GSD insert 第 1 次 等待 3 秒
2021-08-03 00:18:32 {"status":"ok","gid":484785,"msg":"添加成功！"}
2021-08-03 00:18:32 下次操作: 2021-08-03 00:18:46

2021-08-03 00:18:46 开始第 36 次操作

2021-08-03 00:18:46 开始操作号码 【1883102】
2021-08-03 00:19:05 GSD getOne 第 1 次 等待 3 秒
2021-08-03 00:19:08 查询号码 【1883102】，返回信息 {"status":"bad","msg":""}
2021-08-03 00:19:08 查询号码 【1883102】，GSD为【""】
2021-08-03 00:19:08 bad
2021-08-03 00:19:09 CHB 1883102?1627921148 第 1 次 等待 3 秒
2021-08-03 00:19:12 CHB 1883102?1627921148 第 1 次 获取到号码【1883102】GSD
2021-08-03 00:19:13 获取到号码【1883102】的GSD为【河北-邯郸】
2021-08-03 00:21:20 GSD insert 第 1 次 等待 3 秒
2021-08-03 00:21:23 {"status":"ok","gid":484804,"msg":"添加成功！"}
2021-08-03 00:21:23 下次操作: 2021-08-03 00:21:36

2021-08-03 00:21:36 开始第 37 次操作

2021-08-03 00:21:36 开始操作号码 【1883101】
2021-08-03 00:21:40 GSD getOne 第 1 次 等待 3 秒
2021-08-03 00:21:43 查询号码 【1883101】，返回信息 {"status":"bad","msg":""}
2021-08-03 00:21:43 查询号码 【1883101】，GSD为【""】
2021-08-03 00:21:43 bad
2021-08-03 00:21:45 CHB 1883101?1627921303 第 1 次 等待 3 秒
2021-08-03 00:21:48 CHB 1883101?1627921303 第 1 次 获取到号码【1883101】GSD
2021-08-03 00:21:48 获取到号码【1883101】的GSD为【河北-邯郸】
2021-08-03 00:22:03 GSD insert 第 1 次 等待 3 秒
2021-08-03 00:22:06 {"status":"ok","gid":484809,"msg":"添加成功！"}
2021-08-03 00:22:06 下次操作: 2021-08-03 00:22:30

2021-08-03 00:22:30 开始第 38 次操作

2021-08-03 00:22:30 开始操作号码 【1883100】
2021-08-03 00:22:41 GSD getOne 第 1 次 等待 3 秒
2021-08-03 00:22:44 查询号码 【1883100】，返回信息 {"status":"bad","msg":""}
2021-08-03 00:22:44 查询号码 【1883100】，GSD为【""】
2021-08-03 00:22:44 bad
2021-08-03 00:22:47 CHB 1883100?1627921364 第 1 次 等待 3 秒
2021-08-03 00:22:50 CHB 1883100?1627921364 第 1 次 获取到号码【1883100】GSD
2021-08-03 00:22:50 获取到号码【1883100】的GSD为【河北-邯郸】
2021-08-03 00:23:55 GSD insert 第 1 次 等待 3 秒
2021-08-03 00:23:58 {"status":"ok","gid":484818,"msg":"添加成功！"}
2021-08-03 00:23:58 下次操作: 2021-08-03 00:24:21

2021-08-03 00:24:21 开始第 39 次操作

2021-08-03 00:24:21 开始操作号码 【1883099】
2021-08-03 00:24:28 GSD getOne 第 1 次 等待 3 秒
2021-08-03 00:24:31 查询号码 【1883099】，返回信息 {"status":"bad","msg":""}
2021-08-03 00:24:31 查询号码 【1883099】，GSD为【""】
2021-08-03 00:24:31 bad
2021-08-03 00:24:32 CHB 1883099?1627921471 第 1 次 等待 3 秒
2021-08-03 00:24:35 CHB 1883099?1627921471 第 1 次 获取到号码【1883099】GSD
2021-08-03 00:24:35 获取到号码【1883099】的GSD为【河北-邢台】
2021-08-03 00:24:39 GSD insert 第 1 次 等待 3 秒
2021-08-03 00:24:42 {"status":"ok","gid":484824,"msg":"添加成功！"}
2021-08-03 00:24:42 下次操作: 2021-08-03 00:25:03

2021-08-03 00:25:03 开始第 40 次操作

2021-08-03 00:25:03 开始操作号码 【1883098】
2021-08-03 00:25:13 GSD getOne 第 1 次 等待 3 秒
2021-08-03 00:25:16 查询号码 【1883098】，返回信息 {"status":"bad","msg":""}
2021-08-03 00:25:16 查询号码 【1883098】，GSD为【""】
2021-08-03 00:25:16 bad
2021-08-03 00:25:19 CHB 1883098?1627921516 第 1 次 等待 3 秒
2021-08-03 00:25:22 CHB 1883098?1627921516 第 1 次 获取到号码【1883098】GSD
2021-08-03 00:25:22 获取到号码【1883098】的GSD为【河北-邢台】
2021-08-03 00:25:26 GSD insert 第 1 次 等待 3 秒
2021-08-03 00:25:29 {"status":"ok","gid":484830,"msg":"添加成功！"}

