2024-07-15 00:23:47 开始第 6177 次操作

2024-07-15 00:23:47 开始操作号码 【1536059】
2024-07-15 00:23:59 GSD getOne 第 1 次 等待 3 秒
2024-07-15 00:24:02 查询号码 【1536059】，返回信息 {"status":"ok","msg":"广东-广州","gid":"410301","time_insert":"2021-07-27 06:43"}
2024-07-15 00:24:02 查询号码 【1536059】，GSD为【"广东-广州"】

2024-07-15 00:24:03 开始第 6178 次操作

2024-07-15 00:24:03 开始操作号码 【1536060】
2024-07-15 00:24:20 GSD getOne 第 1 次 等待 3 秒
2024-07-15 00:24:23 查询号码 【1536060】，返回信息 {"status":"ok","msg":"广东-广州","gid":"410294","time_insert":"2021-07-27 06:42"}
2024-07-15 00:24:23 查询号码 【1536060】，GSD为【"广东-广州"】

2024-07-15 00:24:24 开始第 6179 次操作

2024-07-15 00:24:24 开始操作号码 【1536061】
2024-07-15 00:24:26 GSD getOne 第 1 次 等待 3 秒
2024-07-15 00:24:29 查询号码 【1536061】，返回信息 {"status":"ok","msg":"广东-广州","gid":"410289","time_insert":"2021-07-27 06:42"}
2024-07-15 00:24:29 查询号码 【1536061】，GSD为【"广东-广州"】

2024-07-15 00:24:30 开始第 6180 次操作

2024-07-15 00:24:30 开始操作号码 【1536062】
2024-07-15 00:24:39 GSD getOne 第 1 次 等待 3 秒
2024-07-15 00:24:42 查询号码 【1536062】，返回信息 {"status":"ok","msg":"广东-广州","gid":"410282","time_insert":"2021-07-27 06:41"}
2024-07-15 00:24:42 查询号码 【1536062】，GSD为【"广东-广州"】

2024-07-15 00:50:12 开始第 6181 次操作

2024-07-15 00:50:12 开始操作号码 【1536063】
2024-07-15 00:50:20 GSD getOne 第 1 次 等待 3 秒
2024-07-15 00:50:23 查询号码 【1536063】，返回信息 {"status":"ok","msg":"广东-广州","gid":"410272","time_insert":"2021-07-27 06:41"}
2024-07-15 00:50:23 查询号码 【1536063】，GSD为【"广东-广州"】

2024-07-15 00:50:24 开始第 6182 次操作

2024-07-15 00:50:24 开始操作号码 【1536064】
2024-07-15 00:50:33 GSD getOne 第 1 次 等待 3 秒
2024-07-15 00:50:36 查询号码 【1536064】，返回信息 {"status":"ok","msg":"广东-广州","gid":"410269","time_insert":"2021-07-27 06:40"}
2024-07-15 00:50:36 查询号码 【1536064】，GSD为【"广东-广州"】

2024-07-15 00:50:37 开始第 6183 次操作

2024-07-15 00:50:37 开始操作号码 【1536065】
2024-07-15 00:50:45 GSD getOne 第 1 次 等待 3 秒
2024-07-15 00:50:48 查询号码 【1536065】，返回信息 {"status":"ok","msg":"广东-广州","gid":"410150","time_insert":"2021-07-27 06:03"}
2024-07-15 00:50:48 查询号码 【1536065】，GSD为【"广东-广州"】

2024-07-15 00:50:49 开始第 6184 次操作

2024-07-15 00:50:49 开始操作号码 【1536066】
2024-07-15 00:50:57 GSD getOne 第 1 次 等待 3 秒
2024-07-15 00:51:00 查询号码 【1536066】，返回信息 {"status":"ok","msg":"广东-广州","gid":"410139","time_insert":"2021-07-27 06:03"}
2024-07-15 00:51:00 查询号码 【1536066】，GSD为【"广东-广州"】

