2024-07-05 00:14:03 开始第 4381 次操作

2024-07-05 00:14:03 开始操作号码 【1534263】
2024-07-05 00:14:12 GSD getOne 第 1 次 等待 3 秒
2024-07-05 00:14:15 查询号码 【1534263】，返回信息 {"status":"ok","msg":"湖北-咸宁","gid":"428999","time_insert":"2021-07-29 01:45"}
2024-07-05 00:14:15 查询号码 【1534263】，GSD为【"湖北-咸宁"】

2024-07-05 00:14:16 开始第 4382 次操作

2024-07-05 00:14:16 开始操作号码 【1534264】
2024-07-05 00:14:24 GSD getOne 第 1 次 等待 3 秒
2024-07-05 00:14:27 查询号码 【1534264】，返回信息 {"status":"ok","msg":"湖北-咸宁","gid":"428993","time_insert":"2021-07-29 01:44"}
2024-07-05 00:14:27 查询号码 【1534264】，GSD为【"湖北-咸宁"】

2024-07-05 00:14:28 开始第 4383 次操作

2024-07-05 00:14:28 开始操作号码 【1534265】
2024-07-05 00:14:37 GSD getOne 第 1 次 等待 3 秒
2024-07-05 00:14:40 查询号码 【1534265】，返回信息 {"status":"ok","msg":"湖北-咸宁","gid":"428938","time_insert":"2021-07-29 01:30"}
2024-07-05 00:14:40 查询号码 【1534265】，GSD为【"湖北-咸宁"】

2024-07-05 00:14:41 开始第 4384 次操作

2024-07-05 00:14:41 开始操作号码 【1534266】
2024-07-05 00:14:50 GSD getOne 第 1 次 等待 3 秒
2024-07-05 00:14:53 查询号码 【1534266】，返回信息 {"status":"ok","msg":"湖北-咸宁","gid":"428933","time_insert":"2021-07-29 01:30"}
2024-07-05 00:14:53 查询号码 【1534266】，GSD为【"湖北-咸宁"】

2024-07-05 00:37:57 开始第 4385 次操作

2024-07-05 00:37:57 开始操作号码 【1534267】
2024-07-05 00:38:05 GSD getOne 第 1 次 等待 3 秒
2024-07-05 00:38:08 查询号码 【1534267】，返回信息 {"status":"ok","msg":"湖北-十堰","gid":"428928","time_insert":"2021-07-29 01:29"}
2024-07-05 00:38:08 查询号码 【1534267】，GSD为【"湖北-十堰"】

2024-07-05 00:38:09 开始第 4386 次操作

2024-07-05 00:38:09 开始操作号码 【1534268】
2024-07-05 00:38:17 GSD getOne 第 1 次 等待 3 秒
2024-07-05 00:38:20 查询号码 【1534268】，返回信息 {"status":"ok","msg":"湖北-十堰","gid":"428923","time_insert":"2021-07-29 01:29"}
2024-07-05 00:38:20 查询号码 【1534268】，GSD为【"湖北-十堰"】

2024-07-05 00:38:21 开始第 4387 次操作

2024-07-05 00:38:21 开始操作号码 【1534269】
2024-07-05 00:38:32 GSD getOne 第 1 次 等待 3 秒
2024-07-05 00:38:35 查询号码 【1534269】，返回信息 {"status":"ok","msg":"湖北-十堰","gid":"428919","time_insert":"2021-07-29 01:28"}
2024-07-05 00:38:36 查询号码 【1534269】，GSD为【"湖北-十堰"】

2024-07-05 00:38:37 开始第 4388 次操作

2024-07-05 00:38:37 开始操作号码 【1534270】
2024-07-05 00:38:44 GSD getOne 第 1 次 等待 3 秒
2024-07-05 00:38:47 查询号码 【1534270】，返回信息 {"status":"ok","msg":"湖北-十堰","gid":"428913","time_insert":"2021-07-29 01:27"}
2024-07-05 00:38:47 查询号码 【1534270】，GSD为【"湖北-十堰"】

2024-07-05 01:11:24 开始第 4389 次操作

2024-07-05 01:11:24 开始操作号码 【1534271】
2024-07-05 01:11:32 GSD getOne 第 1 次 等待 3 秒
2024-07-05 01:11:35 查询号码 【1534271】，返回信息 {"status":"ok","msg":"湖北-十堰","gid":"428909","time_insert":"2021-07-29 01:26"}
2024-07-05 01:11:35 查询号码 【1534271】，GSD为【"湖北-十堰"】

2024-07-05 01:11:36 开始第 4390 次操作

2024-07-05 01:11:36 开始操作号码 【1534272】
2024-07-05 01:11:45 GSD getOne 第 1 次 等待 3 秒
2024-07-05 01:11:48 查询号码 【1534272】，返回信息 {"status":"ok","msg":"湖北-荆门","gid":"428902","time_insert":"2021-07-29 01:26"}
2024-07-05 01:11:48 查询号码 【1534272】，GSD为【"湖北-荆门"】

2024-07-05 01:11:49 开始第 4391 次操作

2024-07-05 01:11:49 开始操作号码 【1534273】
2024-07-05 01:11:57 GSD getOne 第 1 次 等待 3 秒
2024-07-05 01:12:00 查询号码 【1534273】，返回信息 {"status":"ok","msg":"湖北-武汉","gid":"428894","time_insert":"2021-07-29 01:25"}
2024-07-05 01:12:00 查询号码 【1534273】，GSD为【"湖北-武汉"】

2024-07-05 01:12:01 开始第 4392 次操作

2024-07-05 01:12:01 开始操作号码 【1534274】
2024-07-05 01:12:10 GSD getOne 第 1 次 等待 3 秒
2024-07-05 01:12:13 查询号码 【1534274】，返回信息 {"status":"ok","msg":"湖北-武汉","gid":"428888","time_insert":"2021-07-29 01:24"}
2024-07-05 01:12:13 查询号码 【1534274】，GSD为【"湖北-武汉"】

2024-07-05 01:34:02 开始第 4393 次操作

2024-07-05 01:34:02 开始操作号码 【1534275】
2024-07-05 01:34:11 GSD getOne 第 1 次 等待 3 秒
2024-07-05 01:34:14 查询号码 【1534275】，返回信息 {"status":"ok","msg":"湖北-武汉","gid":"428883","time_insert":"2021-07-29 01:24"}
2024-07-05 01:34:14 查询号码 【1534275】，GSD为【"湖北-武汉"】

2024-07-05 01:34:15 开始第 4394 次操作

2024-07-05 01:34:15 开始操作号码 【1534276】
2024-07-05 01:34:23 GSD getOne 第 1 次 等待 3 秒
2024-07-05 01:34:26 查询号码 【1534276】，返回信息 {"status":"ok","msg":"湖北-黄石","gid":"428878","time_insert":"2021-07-29 01:23"}
2024-07-05 01:34:26 查询号码 【1534276】，GSD为【"湖北-黄石"】

2024-07-05 01:34:27 开始第 4395 次操作

2024-07-05 01:34:27 开始操作号码 【1534277】
2024-07-05 01:34:35 GSD getOne 第 1 次 等待 3 秒
2024-07-05 01:34:38 查询号码 【1534277】，返回信息 {"status":"ok","msg":"湖北-武汉","gid":"428870","time_insert":"2021-07-29 01:23"}
2024-07-05 01:34:38 查询号码 【1534277】，GSD为【"湖北-武汉"】

2024-07-05 01:34:39 开始第 4396 次操作

2024-07-05 01:34:39 开始操作号码 【1534278】
2024-07-05 01:34:47 GSD getOne 第 1 次 等待 3 秒
2024-07-05 01:34:50 查询号码 【1534278】，返回信息 {"status":"ok","msg":"湖北-武汉","gid":"21053","time_insert":"2017-04-19 11:23","time_update":"2020-09-17 09:33"}
2024-07-05 01:34:50 查询号码 【1534278】，GSD为【"湖北-武汉"】

2024-07-05 02:15:24 开始第 4397 次操作

2024-07-05 02:15:24 开始操作号码 【1534279】
2024-07-05 02:15:32 GSD getOne 第 1 次 等待 3 秒
2024-07-05 02:15:35 查询号码 【1534279】，返回信息 {"status":"ok","msg":"湖北-随州","gid":"428859","time_insert":"2021-07-29 01:22"}
2024-07-05 02:15:35 查询号码 【1534279】，GSD为【"湖北-随州"】

2024-07-05 02:15:36 开始第 4398 次操作

2024-07-05 02:15:36 开始操作号码 【1534280】
2024-07-05 02:15:44 GSD getOne 第 1 次 等待 3 秒
2024-07-05 02:15:47 查询号码 【1534280】，返回信息 {"status":"ok","msg":"湖北-随州","gid":"428851","time_insert":"2021-07-29 01:21"}
2024-07-05 02:15:47 查询号码 【1534280】，GSD为【"湖北-随州"】

2024-07-05 02:15:48 开始第 4399 次操作

2024-07-05 02:15:48 开始操作号码 【1534281】
2024-07-05 02:15:56 GSD getOne 第 1 次 等待 3 秒
2024-07-05 02:15:59 查询号码 【1534281】，返回信息 {"status":"ok","msg":"湖北-随州","gid":"428844","time_insert":"2021-07-29 01:20"}
2024-07-05 02:15:59 查询号码 【1534281】，GSD为【"湖北-随州"】

2024-07-05 02:16:00 开始第 4400 次操作

2024-07-05 02:16:00 开始操作号码 【1534282】
2024-07-05 02:16:08 GSD getOne 第 1 次 等待 3 秒
2024-07-05 02:16:11 查询号码 【1534282】，返回信息 {"status":"ok","msg":"湖北-恩施","gid":"21054","time_insert":"2017-05-11 09:33","time_update":"2020-09-17 09:36"}
2024-07-05 02:16:11 查询号码 【1534282】，GSD为【"湖北-恩施"】

