2024-10-08 00:17:34 开始第 8629 次操作

2024-10-08 00:17:34 开始操作号码 【1428625】
2024-10-08 00:17:36 GSD getOne 第 1 次 等待 3 秒
2024-10-08 00:17:39 查询号码 【1428625】，返回信息 {"status":"ok","msg":"-","gid":"696521","time_insert":"2023-05-07 20:18"}
2024-10-08 00:17:39 查询号码 【1428625】，GSD为【"-"】
2024-10-08 00:17:39 ok && -
2024-10-08 00:22:40 CHB 1428625?1728317859 第 1 次 等待 3 秒
2024-10-08 00:22:43 CHB 1428625?1728317859 第 1 次 未获取到 等待 204 秒 下次操作: 2024-10-08 00:26:07
2024-10-08 00:26:10 CHB 1428625?1728318367 第 2 次 等待 3 秒
2024-10-08 00:26:13 CHB 1428625?1728318367 第 2 次 获取到号码【1428625】GSD
2024-10-08 00:26:13 未获取到号码【1428625】GSD，可能号码格式错误
2024-10-08 00:26:13 获取到号码【1428625】的GSD为【-】
2024-10-08 00:26:18 GSD insert 第 1 次 等待 3 秒
2024-10-08 00:26:21 {"status":"bad","gid":"696521","msg":"添加失败！号码【1428625(-|-)】已存在！"}
2024-10-08 00:26:21 随机等待 121 秒，约 2 分钟
2024-10-08 00:26:21 下次操作: 2024-10-08 00:28:22

2024-10-08 00:28:22 开始第 8630 次操作

2024-10-08 00:28:22 开始操作号码 【1428626】
2024-10-08 00:28:24 GSD getOne 第 1 次 等待 3 秒
2024-10-08 00:28:27 查询号码 【1428626】，返回信息 {"status":"ok","msg":"-","gid":"696527","time_insert":"2023-05-07 20:28"}
2024-10-08 00:28:27 查询号码 【1428626】，GSD为【"-"】
2024-10-08 00:28:27 ok && -
2024-10-08 00:28:29 CHB 1428626?1728318507 第 1 次 等待 3 秒
2024-10-08 00:28:32 CHB 1428626?1728318507 第 1 次 获取到号码【1428626】GSD
2024-10-08 00:28:32 未获取到号码【1428626】GSD，可能号码格式错误
2024-10-08 00:28:32 获取到号码【1428626】的GSD为【-】
2024-10-08 00:28:34 GSD insert 第 1 次 等待 3 秒
2024-10-08 00:28:37 {"status":"bad","gid":"696527","msg":"添加失败！号码【1428626(-|-)】已存在！"}
2024-10-08 00:28:37 随机等待 176 秒，约 2 分钟
2024-10-08 00:28:37 下次操作: 2024-10-08 00:31:33

2024-10-08 00:31:33 开始第 8631 次操作

2024-10-08 00:31:33 开始操作号码 【1428627】
2024-10-08 00:31:35 GSD getOne 第 1 次 等待 3 秒
2024-10-08 00:31:38 查询号码 【1428627】，返回信息 {"status":"ok","msg":"-","gid":"696550","time_insert":"2023-05-07 20:50"}
2024-10-08 00:31:38 查询号码 【1428627】，GSD为【"-"】
2024-10-08 00:31:38 ok && -
2024-10-08 00:31:40 CHB 1428627?1728318698 第 1 次 等待 3 秒
2024-10-08 00:31:43 CHB 1428627?1728318698 第 1 次 获取到号码【1428627】GSD
2024-10-08 00:31:43 未获取到号码【1428627】GSD，可能号码格式错误
2024-10-08 00:31:43 获取到号码【1428627】的GSD为【-】
2024-10-08 00:31:45 GSD insert 第 1 次 等待 3 秒
2024-10-08 00:31:48 {"status":"bad","gid":"696550","msg":"添加失败！号码【1428627(-|-)】已存在！"}
2024-10-08 00:31:48 随机等待 126 秒，约 2 分钟
2024-10-08 00:31:48 下次操作: 2024-10-08 00:33:54

2024-10-08 00:33:54 开始第 8632 次操作

2024-10-08 00:33:54 开始操作号码 【1428628】
2024-10-08 00:33:56 GSD getOne 第 1 次 等待 3 秒
2024-10-08 00:33:59 查询号码 【1428628】，返回信息 {"status":"ok","msg":"-","gid":"696565","time_insert":"2023-05-07 21:07"}
2024-10-08 00:33:59 查询号码 【1428628】，GSD为【"-"】
2024-10-08 00:33:59 ok && -
2024-10-08 00:34:01 CHB 1428628?1728318839 第 1 次 等待 3 秒
2024-10-08 00:34:04 CHB 1428628?1728318839 第 1 次 获取到号码【1428628】GSD
2024-10-08 00:34:04 未获取到号码【1428628】GSD，可能号码格式错误
2024-10-08 00:34:04 获取到号码【1428628】的GSD为【-】
2024-10-08 00:34:06 GSD insert 第 1 次 等待 3 秒
2024-10-08 00:34:09 {"status":"bad","gid":"696565","msg":"添加失败！号码【1428628(-|-)】已存在！"}

