2023-11-12 00:12:03 开始第 8337 次操作

2023-11-12 00:12:03 开始操作号码 【1968229】
2023-11-12 00:12:08 GSD getOne 第 1 次 等待 3 秒
2023-11-12 00:12:11 查询号码 【1968229】，返回信息 {"status":"ok","msg":"-","gid":"585075","time_insert":"2023-03-12 03:52"}
2023-11-12 00:12:11 查询号码 【1968229】，GSD为【"-"】
2023-11-12 00:12:11 ok && -
2023-11-12 00:12:14 CHB 1968229?1699719131 第 1 次 等待 3 秒
2023-11-12 00:12:17 CHB 1968229?1699719131 第 1 次 获取到号码【1968229】GSD
2023-11-12 00:12:17 未获取到号码【1968229】GSD，可能号码格式错误
2023-11-12 00:12:17 获取到号码【1968229】的GSD为【-】
2023-11-12 00:12:20 GSD insert 第 1 次 等待 3 秒
2023-11-12 00:12:23 {"status":"bad","gid":"585075","msg":"添加失败！号码【1968229(-|-)】已存在！"}
2023-11-12 00:12:23 随机等待 152 秒，约 2 分钟
2023-11-12 00:12:23 下次操作: 2023-11-12 00:14:55

2023-11-12 00:14:55 开始第 8338 次操作

2023-11-12 00:14:55 开始操作号码 【1968230】
2023-11-12 00:14:58 GSD getOne 第 1 次 等待 3 秒
2023-11-12 00:15:01 查询号码 【1968230】，返回信息 {"status":"ok","msg":"-","gid":"585080","time_insert":"2023-03-12 03:55"}
2023-11-12 00:15:01 查询号码 【1968230】，GSD为【"-"】
2023-11-12 00:15:01 ok && -
2023-11-12 00:15:04 CHB 1968230?1699719301 第 1 次 等待 3 秒
2023-11-12 00:15:07 CHB 1968230?1699719301 第 1 次 获取到号码【1968230】GSD
2023-11-12 00:15:07 未获取到号码【1968230】GSD，可能号码格式错误
2023-11-12 00:15:07 获取到号码【1968230】的GSD为【-】
2023-11-12 00:15:17 GSD insert 第 1 次 等待 3 秒
2023-11-12 00:15:20 {"status":"bad","gid":"585080","msg":"添加失败！号码【1968230(-|-)】已存在！"}
2023-11-12 00:15:20 随机等待 70 秒，约 1 分钟
2023-11-12 00:15:20 下次操作: 2023-11-12 00:16:30

2023-11-12 00:16:30 开始第 8339 次操作

2023-11-12 00:16:30 开始操作号码 【1968231】
2023-11-12 00:16:36 GSD getOne 第 1 次 等待 3 秒
2023-11-12 00:16:39 查询号码 【1968231】，返回信息 {"status":"ok","msg":"-","gid":"585085","time_insert":"2023-03-12 03:57"}
2023-11-12 00:16:39 查询号码 【1968231】，GSD为【"-"】
2023-11-12 00:16:39 ok && -
2023-11-12 00:16:42 CHB 1968231?1699719399 第 1 次 等待 3 秒
2023-11-12 00:16:45 CHB 1968231?1699719399 第 1 次 获取到号码【1968231】GSD
2023-11-12 00:16:45 未获取到号码【1968231】GSD，可能号码格式错误
2023-11-12 00:16:45 获取到号码【1968231】的GSD为【-】
2023-11-12 00:16:52 GSD insert 第 1 次 等待 3 秒
2023-11-12 00:16:55 {"status":"bad","gid":"585085","msg":"添加失败！号码【1968231(-|-)】已存在！"}
2023-11-12 00:16:55 随机等待 206 秒，约 3 分钟
2023-11-12 00:16:55 下次操作: 2023-11-12 00:20:21

2023-11-12 00:20:21 开始第 8340 次操作

2023-11-12 00:20:21 开始操作号码 【1968232】
2023-11-12 00:20:29 GSD getOne 第 1 次 等待 3 秒
2023-11-12 00:20:32 查询号码 【1968232】，返回信息 {"status":"ok","msg":"-","gid":"585087","time_insert":"2023-03-12 03:59"}
2023-11-12 00:20:32 查询号码 【1968232】，GSD为【"-"】
2023-11-12 00:20:32 ok && -
2023-11-12 00:20:34 CHB 1968232?1699719632 第 1 次 等待 3 秒
2023-11-12 00:20:37 CHB 1968232?1699719632 第 1 次 获取到号码【1968232】GSD
2023-11-12 00:20:37 未获取到号码【1968232】GSD，可能号码格式错误
2023-11-12 00:20:37 获取到号码【1968232】的GSD为【-】
2023-11-12 00:20:41 GSD insert 第 1 次 等待 3 秒
2023-11-12 00:20:44 {"status":"bad","gid":"585087","msg":"添加失败！号码【1968232(-|-)】已存在！"}

2023-11-12 00:35:38 开始第 8341 次操作

2023-11-12 00:35:38 开始操作号码 【1968233】
2023-11-12 00:35:42 GSD getOne 第 1 次 等待 3 秒
2023-11-12 00:35:45 查询号码 【1968233】，返回信息 {"status":"ok","msg":"-","gid":"585100","time_insert":"2023-03-12 04:09"}
2023-11-12 00:35:45 查询号码 【1968233】，GSD为【"-"】
2023-11-12 00:35:45 ok && -
2023-11-12 00:35:47 CHB 1968233?1699720545 第 1 次 等待 3 秒
2023-11-12 00:35:50 CHB 1968233?1699720545 第 1 次 获取到号码【1968233】GSD
2023-11-12 00:35:50 未获取到号码【1968233】GSD，可能号码格式错误
2023-11-12 00:35:50 获取到号码【1968233】的GSD为【-】
2023-11-12 00:35:56 GSD insert 第 1 次 等待 3 秒
2023-11-12 00:35:59 {"status":"bad","gid":"585100","msg":"添加失败！号码【1968233(-|-)】已存在！"}
2023-11-12 00:35:59 随机等待 224 秒，约 3 分钟
2023-11-12 00:35:59 下次操作: 2023-11-12 00:39:43

2023-11-12 00:39:43 开始第 8342 次操作

2023-11-12 00:39:43 开始操作号码 【1968234】
2023-11-12 00:39:50 GSD getOne 第 1 次 等待 3 秒
2023-11-12 00:39:53 查询号码 【1968234】，返回信息 {"status":"ok","msg":"-","gid":"585103","time_insert":"2023-03-12 04:11"}
2023-11-12 00:39:53 查询号码 【1968234】，GSD为【"-"】
2023-11-12 00:39:53 ok && -
2023-11-12 00:39:55 CHB 1968234?1699720793 第 1 次 等待 3 秒
2023-11-12 00:39:58 CHB 1968234?1699720793 第 1 次 获取到号码【1968234】GSD
2023-11-12 00:39:58 未获取到号码【1968234】GSD，可能号码格式错误
2023-11-12 00:39:58 获取到号码【1968234】的GSD为【-】
2023-11-12 00:40:01 GSD insert 第 1 次 等待 3 秒
2023-11-12 00:40:04 {"status":"bad","gid":"585103","msg":"添加失败！号码【1968234(-|-)】已存在！"}
2023-11-12 00:40:04 随机等待 186 秒，约 3 分钟
2023-11-12 00:40:04 下次操作: 2023-11-12 00:43:10

2023-11-12 00:43:10 开始第 8343 次操作

2023-11-12 00:43:10 开始操作号码 【1968235】
2023-11-12 00:43:13 GSD getOne 第 1 次 等待 3 秒
2023-11-12 00:43:16 查询号码 【1968235】，返回信息 {"status":"ok","msg":"-","gid":"585109","time_insert":"2023-03-12 04:14"}
2023-11-12 00:43:16 查询号码 【1968235】，GSD为【"-"】
2023-11-12 00:43:16 ok && -
2023-11-12 00:43:19 CHB 1968235?1699720996 第 1 次 等待 3 秒
2023-11-12 00:43:22 CHB 1968235?1699720996 第 1 次 获取到号码【1968235】GSD
2023-11-12 00:43:22 未获取到号码【1968235】GSD，可能号码格式错误
2023-11-12 00:43:22 获取到号码【1968235】的GSD为【-】
2023-11-12 00:43:26 GSD insert 第 1 次 等待 3 秒
2023-11-12 00:43:29 {"status":"bad","gid":"585109","msg":"添加失败！号码【1968235(-|-)】已存在！"}
2023-11-12 00:43:29 随机等待 194 秒，约 3 分钟
2023-11-12 00:43:29 下次操作: 2023-11-12 00:46:43

2023-11-12 00:46:43 开始第 8344 次操作

2023-11-12 00:46:43 开始操作号码 【1968236】
2023-11-12 00:46:46 GSD getOne 第 1 次 等待 3 秒
2023-11-12 00:46:49 查询号码 【1968236】，返回信息 {"status":"ok","msg":"-","gid":"585113","time_insert":"2023-03-12 04:16"}
2023-11-12 00:46:49 查询号码 【1968236】，GSD为【"-"】
2023-11-12 00:46:49 ok && -
2023-11-12 00:46:51 CHB 1968236?1699721209 第 1 次 等待 3 秒
2023-11-12 00:46:54 CHB 1968236?1699721209 第 1 次 获取到号码【1968236】GSD
2023-11-12 00:46:54 未获取到号码【1968236】GSD，可能号码格式错误
2023-11-12 00:46:54 获取到号码【1968236】的GSD为【-】
2023-11-12 00:46:58 GSD insert 第 1 次 等待 3 秒
2023-11-12 00:47:01 {"status":"bad","gid":"585113","msg":"添加失败！号码【1968236(-|-)】已存在！"}

2023-11-12 01:08:32 开始第 8345 次操作

2023-11-12 01:08:32 开始操作号码 【1968237】
2023-11-12 01:08:35 GSD getOne 第 1 次 等待 3 秒
2023-11-12 01:08:38 查询号码 【1968237】，返回信息 {"status":"ok","msg":"-","gid":"585122","time_insert":"2023-03-12 04:23"}
2023-11-12 01:08:38 查询号码 【1968237】，GSD为【"-"】
2023-11-12 01:08:38 ok && -
2023-11-12 01:08:41 CHB 1968237?1699722518 第 1 次 等待 3 秒
2023-11-12 01:08:44 CHB 1968237?1699722518 第 1 次 获取到号码【1968237】GSD
2023-11-12 01:08:44 未获取到号码【1968237】GSD，可能号码格式错误
2023-11-12 01:08:44 获取到号码【1968237】的GSD为【-】
2023-11-12 01:08:47 GSD insert 第 1 次 等待 3 秒
2023-11-12 01:08:50 {"status":"bad","gid":"585122","msg":"添加失败！号码【1968237(-|-)】已存在！"}
2023-11-12 01:08:50 随机等待 164 秒，约 2 分钟
2023-11-12 01:08:50 下次操作: 2023-11-12 01:11:34

2023-11-12 01:11:34 开始第 8346 次操作

2023-11-12 01:11:34 开始操作号码 【1968238】
2023-11-12 01:11:40 GSD getOne 第 1 次 等待 3 秒
2023-11-12 01:11:43 查询号码 【1968238】，返回信息 {"status":"ok","msg":"-","gid":"585126","time_insert":"2023-03-12 04:26"}
2023-11-12 01:11:43 查询号码 【1968238】，GSD为【"-"】
2023-11-12 01:11:43 ok && -
2023-11-12 01:11:46 CHB 1968238?1699722703 第 1 次 等待 3 秒
2023-11-12 01:11:49 CHB 1968238?1699722703 第 1 次 获取到号码【1968238】GSD
2023-11-12 01:11:49 未获取到号码【1968238】GSD，可能号码格式错误
2023-11-12 01:11:49 获取到号码【1968238】的GSD为【-】
2023-11-12 01:11:52 GSD insert 第 1 次 等待 3 秒
2023-11-12 01:11:55 {"status":"bad","gid":"585126","msg":"添加失败！号码【1968238(-|-)】已存在！"}
2023-11-12 01:11:55 随机等待 91 秒，约 1 分钟
2023-11-12 01:11:55 下次操作: 2023-11-12 01:13:26

2023-11-12 01:13:26 开始第 8347 次操作

2023-11-12 01:13:26 开始操作号码 【1968239】
2023-11-12 01:13:30 GSD getOne 第 1 次 等待 3 秒
2023-11-12 01:13:33 查询号码 【1968239】，返回信息 {"status":"ok","msg":"-","gid":"585131","time_insert":"2023-03-12 04:28"}
2023-11-12 01:13:33 查询号码 【1968239】，GSD为【"-"】
2023-11-12 01:13:33 ok && -
2023-11-12 01:13:35 CHB 1968239?1699722813 第 1 次 等待 3 秒
2023-11-12 01:13:38 CHB 1968239?1699722813 第 1 次 获取到号码【1968239】GSD
2023-11-12 01:13:38 未获取到号码【1968239】GSD，可能号码格式错误
2023-11-12 01:13:38 获取到号码【1968239】的GSD为【-】
2023-11-12 01:13:47 GSD insert 第 1 次 等待 3 秒
2023-11-12 01:13:50 {"status":"bad","gid":"585131","msg":"添加失败！号码【1968239(-|-)】已存在！"}
2023-11-12 01:13:50 随机等待 200 秒，约 3 分钟
2023-11-12 01:13:50 下次操作: 2023-11-12 01:17:10

2023-11-12 01:17:10 开始第 8348 次操作

2023-11-12 01:17:10 开始操作号码 【1968240】
2023-11-12 01:17:13 GSD getOne 第 1 次 等待 3 秒
2023-11-12 01:17:16 查询号码 【1968240】，返回信息 {"status":"ok","msg":"-","gid":"585136","time_insert":"2023-03-12 04:31"}
2023-11-12 01:17:16 查询号码 【1968240】，GSD为【"-"】
2023-11-12 01:17:16 ok && -
2023-11-12 01:17:18 CHB 1968240?1699723036 第 1 次 等待 3 秒
2023-11-12 01:17:21 CHB 1968240?1699723036 第 1 次 获取到号码【1968240】GSD
2023-11-12 01:17:21 未获取到号码【1968240】GSD，可能号码格式错误
2023-11-12 01:17:21 获取到号码【1968240】的GSD为【-】
2023-11-12 01:17:24 GSD insert 第 1 次 等待 3 秒
2023-11-12 01:17:27 {"status":"bad","gid":"585136","msg":"添加失败！号码【1968240(-|-)】已存在！"}

