2021-07-07 00:00:13 开始第 13 次操作

2021-07-07 00:00:13 开始操作号码 【1318839】
2021-07-07 00:00:23 GSD getOne 第 1 次 等待 1 秒
2021-07-07 00:00:24 查询号码 【1318839】，返回信息 {"status":"ok","msg":"辽宁-丹东","time_insert":"2019-04-07 10:43","time_update":"2020-08-21 03:38"}
2021-07-07 00:00:24 查询号码 【1318839】，GSD为【"辽宁-丹东"】

2021-07-07 00:00:24 开始第 13 次操作

2021-07-07 00:00:24 开始操作号码 【1318838】
2021-07-07 00:00:44 GSD getOne 第 1 次 等待 1 秒
2021-07-07 00:00:45 查询号码 【1318838】，返回信息 {"status":"bad","msg":""}
2021-07-07 00:00:45 查询号码 【1318838】，GSD为【""】
2021-07-07 00:00:45 bad
2021-07-07 00:00:46 CHB 1318838?1625587245 第 1 次 等待 1 秒
2021-07-07 00:00:47 CHB 1318838?1625587245 第 1 次 获取到号码【1318838】GSD
2021-07-07 00:00:47 获取到号码【1318838】的GSD为【辽宁-丹东】
2021-07-07 00:01:10 GSD insert 第 1 次 等待 1 秒
2021-07-07 00:01:11 {"status":"ok","msg":"添加成功！210003"}
2021-07-07 00:01:11 下次操作: 2021-07-07 00:01:23

2021-07-07 00:01:23 开始第 14 次操作

2021-07-07 00:01:23 开始操作号码 【1318837】
2021-07-07 00:01:33 GSD getOne 第 1 次 等待 1 秒
2021-07-07 00:01:34 查询号码 【1318837】，返回信息 {"status":"bad","msg":""}
2021-07-07 00:01:34 查询号码 【1318837】，GSD为【""】
2021-07-07 00:01:34 bad
2021-07-07 00:01:36 CHB 1318837?1625587294 第 1 次 等待 1 秒
2021-07-07 00:01:37 CHB 1318837?1625587294 第 1 次 获取到号码【1318837】GSD
2021-07-07 00:01:37 获取到号码【1318837】的GSD为【辽宁-丹东】
2021-07-07 00:01:56 GSD insert 第 1 次 等待 1 秒
2021-07-07 00:01:57 {"status":"ok","msg":"添加成功！210011"}
2021-07-07 00:01:57 下次操作: 2021-07-07 00:02:09

2021-07-07 00:02:09 开始第 15 次操作

2021-07-07 00:02:09 开始操作号码 【1318836】
2021-07-07 00:02:20 GSD getOne 第 1 次 等待 1 秒
2021-07-07 00:02:21 查询号码 【1318836】，返回信息 {"status":"bad","msg":""}
2021-07-07 00:02:22 查询号码 【1318836】，GSD为【""】
2021-07-07 00:02:22 bad
2021-07-07 00:02:23 CHB 1318836?1625587342 第 1 次 等待 1 秒
2021-07-07 00:02:24 CHB 1318836?1625587342 第 1 次 获取到号码【1318836】GSD
2021-07-07 00:02:24 获取到号码【1318836】的GSD为【辽宁-丹东】
2021-07-07 00:02:44 GSD insert 第 1 次 等待 1 秒
2021-07-07 00:02:45 {"status":"ok","msg":"添加成功！210017"}
2021-07-07 00:02:45 下次操作: 2021-07-07 00:02:58

2021-07-07 00:02:58 开始第 16 次操作

2021-07-07 00:02:58 开始操作号码 【1318835】
2021-07-07 00:03:08 GSD getOne 第 1 次 等待 1 秒
2021-07-07 00:03:09 查询号码 【1318835】，返回信息 {"status":"bad","msg":""}
2021-07-07 00:03:09 查询号码 【1318835】，GSD为【""】
2021-07-07 00:03:09 bad
2021-07-07 00:03:11 CHB 1318835?1625587389 第 1 次 等待 1 秒
2021-07-07 00:03:12 CHB 1318835?1625587389 第 1 次 获取到号码【1318835】GSD
2021-07-07 00:03:12 获取到号码【1318835】的GSD为【辽宁-丹东】
2021-07-07 00:03:48 GSD insert 第 1 次 等待 1 秒
2021-07-07 00:03:49 {"status":"ok","msg":"添加成功！210025"}
2021-07-07 00:03:49 下次操作: 2021-07-07 00:04:05

2021-07-07 00:04:05 开始第 17 次操作

2021-07-07 00:04:05 开始操作号码 【1318834】
2021-07-07 00:04:09 GSD getOne 第 1 次 等待 1 秒
2021-07-07 00:04:10 查询号码 【1318834】，返回信息 {"status":"bad","msg":""}
2021-07-07 00:04:10 查询号码 【1318834】，GSD为【""】
2021-07-07 00:04:10 bad
2021-07-07 00:04:16 CHB 1318834?1625587450 第 1 次 等待 1 秒
2021-07-07 00:04:17 CHB 1318834?1625587450 第 1 次 获取到号码【1318834】GSD
2021-07-07 00:04:17 获取到号码【1318834】的GSD为【辽宁-阜新】
2021-07-07 00:04:37 GSD insert 第 1 次 等待 1 秒
2021-07-07 00:04:38 {"status":"ok","msg":"添加成功！210033"}
2021-07-07 00:04:38 下次操作: 2021-07-07 00:04:48

2021-07-07 00:04:48 开始第 18 次操作

2021-07-07 00:04:48 开始操作号码 【1318833】
2021-07-07 00:04:59 GSD getOne 第 1 次 等待 1 秒
2021-07-07 00:05:00 查询号码 【1318833】，返回信息 {"status":"bad","msg":""}
2021-07-07 00:05:00 查询号码 【1318833】，GSD为【""】
2021-07-07 00:05:00 bad
2021-07-07 00:05:02 CHB 1318833?1625587500 第 1 次 等待 1 秒
2021-07-07 00:05:03 CHB 1318833?1625587500 第 1 次 获取到号码【1318833】GSD
2021-07-07 00:05:03 获取到号码【1318833】的GSD为【辽宁-阜新】
2021-07-07 00:05:25 GSD insert 第 1 次 等待 1 秒
2021-07-07 00:05:26 {"status":"ok","msg":"添加成功！210040"}
2021-07-07 00:05:26 下次操作: 2021-07-07 00:05:44

2021-07-07 00:05:44 开始第 19 次操作

2021-07-07 00:05:44 开始操作号码 【1318832】
2021-07-07 00:05:47 GSD getOne 第 1 次 等待 1 秒
2021-07-07 00:05:48 查询号码 【1318832】，返回信息 {"status":"bad","msg":""}
2021-07-07 00:05:48 查询号码 【1318832】，GSD为【""】
2021-07-07 00:05:48 bad
2021-07-07 00:05:50 CHB 1318832?1625587548 第 1 次 等待 1 秒
2021-07-07 00:05:51 CHB 1318832?1625587548 第 1 次 获取到号码【1318832】GSD
2021-07-07 00:05:51 获取到号码【1318832】的GSD为【辽宁-阜新】
2021-07-07 00:06:10 GSD insert 第 1 次 等待 1 秒
2021-07-07 00:06:11 {"status":"ok","msg":"添加成功！210049"}
2021-07-07 00:06:11 下次操作: 2021-07-07 00:06:28

2021-07-07 00:06:28 开始第 20 次操作

2021-07-07 00:06:28 开始操作号码 【1318831】
2021-07-07 00:06:31 GSD getOne 第 1 次 等待 1 秒
2021-07-07 00:06:32 查询号码 【1318831】，返回信息 {"status":"bad","msg":""}
2021-07-07 00:06:32 查询号码 【1318831】，GSD为【""】
2021-07-07 00:06:32 bad
2021-07-07 00:06:34 CHB 1318831?1625587592 第 1 次 等待 1 秒
2021-07-07 00:06:35 CHB 1318831?1625587592 第 1 次 获取到号码【1318831】GSD
2021-07-07 00:06:35 获取到号码【1318831】的GSD为【辽宁-阜新】
2021-07-07 00:06:56 GSD insert 第 1 次 等待 1 秒
2021-07-07 00:06:57 {"status":"ok","msg":"添加成功！210061"}
2021-07-07 00:06:57 下次操作: 2021-07-07 00:07:08

2021-07-07 00:07:08 开始第 21 次操作

2021-07-07 00:07:08 开始操作号码 【1318830】
2021-07-07 00:07:27 GSD getOne 第 1 次 等待 1 秒
2021-07-07 00:07:28 查询号码 【1318830】，返回信息 {"status":"bad","msg":""}
2021-07-07 00:07:28 查询号码 【1318830】，GSD为【""】
2021-07-07 00:07:28 bad
2021-07-07 00:07:29 CHB 1318830?1625587648 第 1 次 等待 1 秒
2021-07-07 00:07:30 CHB 1318830?1625587648 第 1 次 获取到号码【1318830】GSD
2021-07-07 00:07:30 获取到号码【1318830】的GSD为【辽宁-阜新】
2021-07-07 00:08:06 GSD insert 第 1 次 等待 1 秒
2021-07-07 00:08:07 {"status":"ok","msg":"添加成功！210070"}
2021-07-07 00:08:07 下次操作: 2021-07-07 00:08:15

2021-07-07 00:08:15 开始第 22 次操作

2021-07-07 00:08:15 开始操作号码 【1318829】
2021-07-07 00:08:18 GSD getOne 第 1 次 等待 1 秒
2021-07-07 00:08:19 查询号码 【1318829】，返回信息 {"status":"bad","msg":""}
2021-07-07 00:08:19 查询号码 【1318829】，GSD为【""】
2021-07-07 00:08:19 bad
2021-07-07 00:08:21 CHB 1318829?1625587699 第 1 次 等待 1 秒
2021-07-07 00:08:22 CHB 1318829?1625587699 第 1 次 获取到号码【1318829】GSD
2021-07-07 00:08:22 获取到号码【1318829】的GSD为【辽宁-抚顺】
2021-07-07 00:08:31 GSD insert 第 1 次 等待 1 秒
2021-07-07 00:08:32 {"status":"ok","msg":"添加成功！210076"}
2021-07-07 00:08:32 下次操作: 2021-07-07 00:08:49

2021-07-07 00:08:49 开始第 23 次操作

2021-07-07 00:08:49 开始操作号码 【1318828】
2021-07-07 00:08:54 GSD getOne 第 1 次 等待 1 秒
2021-07-07 00:08:55 查询号码 【1318828】，返回信息 {"status":"bad","msg":""}
2021-07-07 00:08:55 查询号码 【1318828】，GSD为【""】
2021-07-07 00:08:55 bad
2021-07-07 00:08:57 CHB 1318828?1625587735 第 1 次 等待 1 秒
2021-07-07 00:08:58 CHB 1318828?1625587735 第 1 次 获取到号码【1318828】GSD
2021-07-07 00:08:58 获取到号码【1318828】的GSD为【辽宁-抚顺】
2021-07-07 00:09:03 GSD insert 第 1 次 等待 1 秒
2021-07-07 00:09:04 {"status":"ok","msg":"添加成功！210080"}
2021-07-07 00:09:04 下次操作: 2021-07-07 00:09:17

2021-07-07 00:09:17 开始第 24 次操作

2021-07-07 00:09:17 开始操作号码 【1318827】
2021-07-07 00:09:23 GSD getOne 第 1 次 等待 1 秒
2021-07-07 00:09:24 查询号码 【1318827】，返回信息 {"status":"bad","msg":""}
2021-07-07 00:09:24 查询号码 【1318827】，GSD为【""】
2021-07-07 00:09:24 bad
2021-07-07 00:09:29 CHB 1318827?1625587764 第 1 次 等待 1 秒
2021-07-07 00:09:30 CHB 1318827?1625587764 第 1 次 获取到号码【1318827】GSD
2021-07-07 00:09:30 获取到号码【1318827】的GSD为【辽宁-抚顺】
2021-07-07 00:09:34 GSD insert 第 1 次 等待 1 秒
2021-07-07 00:09:35 {"status":"ok","msg":"添加成功！210089"}
2021-07-07 00:09:35 下次操作: 2021-07-07 00:09:41

2021-07-07 00:09:41 开始第 25 次操作

2021-07-07 00:09:41 开始操作号码 【1318826】
2021-07-07 00:09:53 GSD getOne 第 1 次 等待 1 秒
2021-07-07 00:09:54 查询号码 【1318826】，返回信息 {"status":"bad","msg":""}
2021-07-07 00:09:54 查询号码 【1318826】，GSD为【""】
2021-07-07 00:09:54 bad
2021-07-07 00:09:56 CHB 1318826?1625587794 第 1 次 等待 1 秒
2021-07-07 00:09:57 CHB 1318826?1625587794 第 1 次 获取到号码【1318826】GSD
2021-07-07 00:09:57 获取到号码【1318826】的GSD为【辽宁-抚顺】
2021-07-07 00:10:06 GSD insert 第 1 次 等待 1 秒
2021-07-07 00:10:07 {"status":"ok","msg":"添加成功！210093"}
2021-07-07 00:10:07 下次操作: 2021-07-07 00:10:19

2021-07-07 00:10:19 开始第 26 次操作

2021-07-07 00:10:19 开始操作号码 【1318825】
2021-07-07 00:10:22 GSD getOne 第 1 次 等待 1 秒
2021-07-07 00:10:23 查询号码 【1318825】，返回信息 {"status":"bad","msg":""}
2021-07-07 00:10:24 查询号码 【1318825】，GSD为【""】
2021-07-07 00:10:24 bad
2021-07-07 00:10:25 CHB 1318825?1625587824 第 1 次 等待 1 秒
2021-07-07 00:10:26 CHB 1318825?1625587824 第 1 次 获取到号码【1318825】GSD
2021-07-07 00:10:26 获取到号码【1318825】的GSD为【辽宁-抚顺】
2021-07-07 00:10:35 GSD insert 第 1 次 等待 1 秒
2021-07-07 00:10:36 {"status":"ok","msg":"添加成功！210097"}
2021-07-07 00:10:36 下次操作: 2021-07-07 00:10:52

2021-07-07 00:10:52 开始第 27 次操作

2021-07-07 00:10:52 开始操作号码 【1318824】
2021-07-07 00:10:56 GSD getOne 第 1 次 等待 1 秒
2021-07-07 00:10:57 查询号码 【1318824】，返回信息 {"status":"bad","msg":""}
2021-07-07 00:10:57 查询号码 【1318824】，GSD为【""】
2021-07-07 00:10:57 bad
2021-07-07 00:10:58 CHB 1318824?1625587857 第 1 次 等待 1 秒
2021-07-07 00:10:59 CHB 1318824?1625587857 第 1 次 获取到号码【1318824】GSD
2021-07-07 00:10:59 获取到号码【1318824】的GSD为【辽宁-本溪】
2021-07-07 00:11:04 GSD insert 第 1 次 等待 1 秒
2021-07-07 00:11:05 {"status":"ok","msg":"添加成功！210103"}
2021-07-07 00:11:05 下次操作: 2021-07-07 00:11:21

2021-07-07 00:11:21 开始第 28 次操作

2021-07-07 00:11:21 开始操作号码 【1318823】
2021-07-07 00:11:27 GSD getOne 第 1 次 等待 1 秒
2021-07-07 00:11:28 查询号码 【1318823】，返回信息 {"status":"bad","msg":""}
2021-07-07 00:11:28 查询号码 【1318823】，GSD为【""】
2021-07-07 00:11:28 bad
2021-07-07 00:11:29 CHB 1318823?1625587888 第 1 次 等待 1 秒
2021-07-07 00:11:30 CHB 1318823?1625587888 第 1 次 获取到号码【1318823】GSD
2021-07-07 00:11:31 获取到号码【1318823】的GSD为【辽宁-本溪】
2021-07-07 00:11:37 GSD insert 第 1 次 等待 1 秒
2021-07-07 00:11:38 {"status":"ok","msg":"添加成功！210105"}
2021-07-07 00:11:38 下次操作: 2021-07-07 00:11:56

2021-07-07 00:11:56 开始第 29 次操作

2021-07-07 00:11:56 开始操作号码 【1318822】
2021-07-07 00:12:00 GSD getOne 第 1 次 等待 1 秒
2021-07-07 00:12:01 查询号码 【1318822】，返回信息 {"status":"bad","msg":""}
2021-07-07 00:12:01 查询号码 【1318822】，GSD为【""】
2021-07-07 00:12:01 bad
2021-07-07 00:12:02 CHB 1318822?1625587921 第 1 次 等待 1 秒
2021-07-07 00:12:03 CHB 1318822?1625587921 第 1 次 获取到号码【1318822】GSD
2021-07-07 00:12:03 获取到号码【1318822】的GSD为【辽宁-本溪】
2021-07-07 00:12:08 GSD insert 第 1 次 等待 1 秒
2021-07-07 00:12:09 {"status":"ok","msg":"添加成功！210109"}
2021-07-07 00:12:09 下次操作: 2021-07-07 00:12:15

2021-07-07 00:12:15 开始第 30 次操作

2021-07-07 00:12:15 开始操作号码 【1318821】
2021-07-07 00:12:26 GSD getOne 第 1 次 等待 1 秒
2021-07-07 00:12:27 查询号码 【1318821】，返回信息 {"status":"bad","msg":""}
2021-07-07 00:12:27 查询号码 【1318821】，GSD为【""】
2021-07-07 00:12:27 bad
2021-07-07 00:12:28 CHB 1318821?1625587947 第 1 次 等待 1 秒
2021-07-07 00:12:29 CHB 1318821?1625587947 第 1 次 获取到号码【1318821】GSD
2021-07-07 00:12:29 获取到号码【1318821】的GSD为【辽宁-本溪】
2021-07-07 00:12:33 GSD insert 第 1 次 等待 1 秒
2021-07-07 00:12:34 {"status":"ok","msg":"添加成功！210112"}

2021-07-07 01:01:50 开始第 1 次操作

2021-07-07 01:01:50 开始操作号码 【1318820】
2021-07-07 01:01:59 GSD getOne 第 1 次 等待 1 秒
2021-07-07 01:02:00 查询号码 【1318820】，返回信息 {"status":"bad","msg":""}
2021-07-07 01:02:00 查询号码 【1318820】，GSD为【""】
2021-07-07 01:02:00 bad
2021-07-07 01:02:01 CHB 1318820?1625590920 第 1 次 等待 1 秒
2021-07-07 01:02:02 CHB 1318820?1625590920 第 1 次 获取到号码【1318820】GSD
2021-07-07 01:02:02 获取到号码【1318820】的GSD为【辽宁-本溪】
2021-07-07 01:02:24 GSD insert 第 1 次 等待 1 秒
2021-07-07 01:02:25 {"status":"ok","msg":"添加成功！210259"}
2021-07-07 01:02:25 下次操作: 2021-07-07 01:02:31

2021-07-07 01:02:31 开始第 2 次操作

2021-07-07 01:02:31 开始操作号码 【1318819】
2021-07-07 01:02:51 GSD getOne 第 1 次 等待 1 秒
2021-07-07 01:02:52 查询号码 【1318819】，返回信息 {"status":"bad","msg":""}
2021-07-07 01:02:53 查询号码 【1318819】，GSD为【""】
2021-07-07 01:02:53 bad
2021-07-07 01:02:54 CHB 1318819?1625590973 第 1 次 等待 1 秒
2021-07-07 01:02:55 CHB 1318819?1625590973 第 1 次 获取到号码【1318819】GSD
2021-07-07 01:02:55 获取到号码【1318819】的GSD为【辽宁-朝阳】
2021-07-07 01:03:16 GSD insert 第 1 次 等待 1 秒
2021-07-07 01:03:17 {"status":"ok","msg":"添加成功！210267"}
2021-07-07 01:03:17 下次操作: 2021-07-07 01:03:33

2021-07-07 01:03:33 开始第 3 次操作

2021-07-07 01:03:33 开始操作号码 【1318818】
2021-07-07 01:03:38 GSD getOne 第 1 次 等待 1 秒
2021-07-07 01:03:39 查询号码 【1318818】，返回信息 {"status":"bad","msg":""}
2021-07-07 01:03:39 查询号码 【1318818】，GSD为【""】
2021-07-07 01:03:39 bad
2021-07-07 01:03:45 CHB 1318818?1625591019 第 1 次 等待 1 秒
2021-07-07 01:03:46 CHB 1318818?1625591019 第 1 次 获取到号码【1318818】GSD
2021-07-07 01:03:46 获取到号码【1318818】的GSD为【辽宁-朝阳】
2021-07-07 01:04:06 GSD insert 第 1 次 等待 1 秒
2021-07-07 01:04:07 {"status":"ok","msg":"添加成功！210274"}
2021-07-07 01:04:07 下次操作: 2021-07-07 01:04:16

2021-07-07 01:04:16 开始第 4 次操作

2021-07-07 01:04:16 开始操作号码 【1318817】
2021-07-07 01:04:27 GSD getOne 第 1 次 等待 1 秒
2021-07-07 01:04:28 查询号码 【1318817】，返回信息 {"status":"bad","msg":""}
2021-07-07 01:04:28 查询号码 【1318817】，GSD为【""】
2021-07-07 01:04:28 bad
2021-07-07 01:04:33 CHB 1318817?1625591068 第 1 次 等待 1 秒
2021-07-07 01:04:34 CHB 1318817?1625591068 第 1 次 获取到号码【1318817】GSD
2021-07-07 01:04:34 获取到号码【1318817】的GSD为【辽宁-朝阳】
2021-07-07 01:04:57 GSD insert 第 1 次 等待 1 秒
2021-07-07 01:04:58 {"status":"ok","msg":"添加成功！210280"}
2021-07-07 01:04:58 下次操作: 2021-07-07 01:05:04

2021-07-07 01:05:04 开始第 5 次操作

2021-07-07 01:05:04 开始操作号码 【1318816】
2021-07-07 01:05:24 GSD getOne 第 1 次 等待 1 秒
2021-07-07 01:05:25 查询号码 【1318816】，返回信息 {"status":"bad","msg":""}
2021-07-07 01:05:25 查询号码 【1318816】，GSD为【""】
2021-07-07 01:05:25 bad
2021-07-07 01:05:26 CHB 1318816?1625591125 第 1 次 等待 1 秒
2021-07-07 01:05:27 CHB 1318816?1625591125 第 1 次 获取到号码【1318816】GSD
2021-07-07 01:05:27 未获取到号码【1318816】GSD，查号吧 400 错误
2021-07-07 01:05:27 获取到号码【1318816】的GSD为【-】
2021-07-07 01:05:51 GSD insert 第 1 次 等待 1 秒
2021-07-07 01:05:52 {"status":"ok","msg":"添加成功！210286"}
2021-07-07 01:05:52 下次操作: 2021-07-07 01:06:04

2021-07-07 01:06:04 开始第 6 次操作

2021-07-07 01:06:04 开始操作号码 【1318815】
2021-07-07 01:06:13 GSD getOne 第 1 次 等待 1 秒
2021-07-07 01:06:14 查询号码 【1318815】，返回信息 {"status":"bad","msg":""}
2021-07-07 01:06:14 查询号码 【1318815】，GSD为【""】
2021-07-07 01:06:14 bad
2021-07-07 01:06:20 CHB 1318815?1625591174 第 1 次 等待 1 秒
2021-07-07 01:06:21 CHB 1318815?1625591174 第 1 次 获取到号码【1318815】GSD
2021-07-07 01:06:21 获取到号码【1318815】的GSD为【辽宁-朝阳】
2021-07-07 01:06:40 GSD insert 第 1 次 等待 1 秒
2021-07-07 01:06:41 {"status":"ok","msg":"添加成功！210292"}
2021-07-07 01:06:41 下次操作: 2021-07-07 01:06:57

2021-07-07 01:06:57 开始第 7 次操作

2021-07-07 01:06:57 开始操作号码 【1318814】
2021-07-07 01:07:03 GSD getOne 第 1 次 等待 1 秒
2021-07-07 01:07:04 查询号码 【1318814】，返回信息 {"status":"ok","msg":"辽宁-锦州","time_insert":"2017-11-11 13:15","time_update":"2020-08-21 03:35"}
2021-07-07 01:07:04 查询号码 【1318814】，GSD为【"辽宁-锦州"】

2021-07-07 01:07:04 开始第 7 次操作

2021-07-07 01:07:04 开始操作号码 【1318813】
2021-07-07 01:07:23 GSD getOne 第 1 次 等待 1 秒
2021-07-07 01:07:24 查询号码 【1318813】，返回信息 {"status":"bad","msg":""}
2021-07-07 01:07:24 查询号码 【1318813】，GSD为【""】
2021-07-07 01:07:24 bad
2021-07-07 01:07:26 CHB 1318813?1625591244 第 1 次 等待 1 秒
2021-07-07 01:07:27 CHB 1318813?1625591244 第 1 次 获取到号码【1318813】GSD
2021-07-07 01:07:27 获取到号码【1318813】的GSD为【辽宁-锦州】
2021-07-07 01:08:03 GSD insert 第 1 次 等待 1 秒
2021-07-07 01:08:04 {"status":"ok","msg":"添加成功！210304"}
2021-07-07 01:08:04 下次操作: 2021-07-07 01:08:18

2021-07-07 01:08:18 开始第 8 次操作

2021-07-07 01:08:18 开始操作号码 【1318812】
2021-07-07 01:08:21 GSD getOne 第 1 次 等待 1 秒
2021-07-07 01:08:22 查询号码 【1318812】，返回信息 {"status":"bad","msg":""}
2021-07-07 01:08:23 查询号码 【1318812】，GSD为【""】
2021-07-07 01:08:23 bad
2021-07-07 01:08:24 CHB 1318812?1625591303 第 1 次 等待 1 秒
2021-07-07 01:08:25 CHB 1318812?1625591303 第 1 次 获取到号码【1318812】GSD
2021-07-07 01:08:25 获取到号码【1318812】的GSD为【辽宁-锦州】
2021-07-07 01:08:31 GSD insert 第 1 次 等待 1 秒
2021-07-07 01:08:32 {"status":"ok","msg":"添加成功！210308"}
2021-07-07 01:08:32 下次操作: 2021-07-07 01:08:40

2021-07-07 01:08:40 开始第 9 次操作

2021-07-07 01:08:40 开始操作号码 【1318811】
2021-07-07 01:08:45 GSD getOne 第 1 次 等待 1 秒
2021-07-07 01:08:46 查询号码 【1318811】，返回信息 {"status":"bad","msg":""}
2021-07-07 01:08:46 查询号码 【1318811】，GSD为【""】
2021-07-07 01:08:46 bad
2021-07-07 01:08:48 CHB 1318811?1625591326 第 1 次 等待 1 秒
2021-07-07 01:08:49 CHB 1318811?1625591326 第 1 次 获取到号码【1318811】GSD
2021-07-07 01:08:49 获取到号码【1318811】的GSD为【辽宁-锦州】
2021-07-07 01:08:52 GSD insert 第 1 次 等待 1 秒
2021-07-07 01:08:53 {"status":"ok","msg":"添加成功！210315"}
2021-07-07 01:08:53 下次操作: 2021-07-07 01:09:02

2021-07-07 01:09:03 开始第 10 次操作

2021-07-07 01:09:03 开始操作号码 【1318810】
2021-07-07 01:09:09 GSD getOne 第 1 次 等待 1 秒
2021-07-07 01:09:10 查询号码 【1318810】，返回信息 {"status":"bad","msg":""}
2021-07-07 01:09:10 查询号码 【1318810】，GSD为【""】
2021-07-07 01:09:10 bad
2021-07-07 01:09:12 CHB 1318810?1625591350 第 1 次 等待 1 秒
2021-07-07 01:09:13 CHB 1318810?1625591350 第 1 次 获取到号码【1318810】GSD
2021-07-07 01:09:13 获取到号码【1318810】的GSD为【辽宁-锦州】
2021-07-07 01:09:21 GSD insert 第 1 次 等待 1 秒
2021-07-07 01:09:22 {"status":"ok","msg":"添加成功！210320"}
2021-07-07 01:09:22 下次操作: 2021-07-07 01:09:29

2021-07-07 01:09:29 开始第 11 次操作

2021-07-07 01:09:29 开始操作号码 【1318809】
2021-07-07 01:09:33 GSD getOne 第 1 次 等待 1 秒
2021-07-07 01:09:34 查询号码 【1318809】，返回信息 {"status":"bad","msg":""}
2021-07-07 01:09:34 查询号码 【1318809】，GSD为【""】
2021-07-07 01:09:34 bad
2021-07-07 01:09:36 CHB 1318809?1625591374 第 1 次 等待 1 秒
2021-07-07 01:09:37 CHB 1318809?1625591374 第 1 次 获取到号码【1318809】GSD
2021-07-07 01:09:37 获取到号码【1318809】的GSD为【辽宁-鞍山】
2021-07-07 01:09:46 GSD insert 第 1 次 等待 1 秒
2021-07-07 01:09:47 {"status":"ok","msg":"添加成功！210326"}
2021-07-07 01:09:47 下次操作: 2021-07-07 01:09:56

2021-07-07 01:09:56 开始第 12 次操作

2021-07-07 01:09:56 开始操作号码 【1318808】
2021-07-07 01:10:00 GSD getOne 第 1 次 等待 1 秒
2021-07-07 01:10:01 查询号码 【1318808】，返回信息 {"status":"bad","msg":""}
2021-07-07 01:10:01 查询号码 【1318808】，GSD为【""】
2021-07-07 01:10:01 bad
2021-07-07 01:10:02 CHB 1318808?1625591401 第 1 次 等待 1 秒
2021-07-07 01:10:03 CHB 1318808?1625591401 第 1 次 获取到号码【1318808】GSD
2021-07-07 01:10:03 获取到号码【1318808】的GSD为【辽宁-鞍山】
2021-07-07 01:10:09 GSD insert 第 1 次 等待 1 秒
2021-07-07 01:10:10 {"status":"ok","msg":"添加成功！210330"}
2021-07-07 01:10:10 下次操作: 2021-07-07 01:10:24

2021-07-07 01:10:24 开始第 13 次操作

2021-07-07 01:10:24 开始操作号码 【1318807】
2021-07-07 01:10:34 GSD getOne 第 1 次 等待 1 秒
2021-07-07 01:10:35 查询号码 【1318807】，返回信息 {"status":"bad","msg":""}
2021-07-07 01:10:35 查询号码 【1318807】，GSD为【""】
2021-07-07 01:10:35 bad
2021-07-07 01:10:41 CHB 1318807?1625591435 第 1 次 等待 1 秒
2021-07-07 01:10:42 CHB 1318807?1625591435 第 1 次 获取到号码【1318807】GSD
2021-07-07 01:10:42 获取到号码【1318807】的GSD为【辽宁-鞍山】
2021-07-07 01:10:47 GSD insert 第 1 次 等待 1 秒
2021-07-07 01:10:48 {"status":"ok","msg":"添加成功！210335"}
2021-07-07 01:10:48 下次操作: 2021-07-07 01:10:56

2021-07-07 01:10:56 开始第 14 次操作

2021-07-07 01:10:56 开始操作号码 【1318806】
2021-07-07 01:11:01 GSD getOne 第 1 次 等待 1 秒
2021-07-07 01:11:02 查询号码 【1318806】，返回信息 {"status":"bad","msg":""}
2021-07-07 01:11:02 查询号码 【1318806】，GSD为【""】
2021-07-07 01:11:02 bad
2021-07-07 01:11:03 CHB 1318806?1625591462 第 1 次 等待 1 秒
2021-07-07 01:11:04 CHB 1318806?1625591462 第 1 次 获取到号码【1318806】GSD
2021-07-07 01:11:04 获取到号码【1318806】的GSD为【辽宁-鞍山】
2021-07-07 01:11:11 GSD insert 第 1 次 等待 1 秒
2021-07-07 01:11:12 {"status":"ok","msg":"添加成功！210339"}
2021-07-07 01:11:12 下次操作: 2021-07-07 01:11:28

2021-07-07 01:11:28 开始第 15 次操作

2021-07-07 01:11:28 开始操作号码 【1318805】
2021-07-07 01:11:43 GSD getOne 第 1 次 等待 1 秒
2021-07-07 01:11:45 查询号码 【1318805】，返回信息 {"status":"bad","msg":""}
2021-07-07 01:11:45 查询号码 【1318805】，GSD为【""】
2021-07-07 01:11:45 bad
2021-07-07 01:11:46 CHB 1318805?1625591505 第 1 次 等待 1 秒
2021-07-07 01:11:47 CHB 1318805?1625591505 第 1 次 获取到号码【1318805】GSD
2021-07-07 01:11:47 获取到号码【1318805】的GSD为【辽宁-鞍山】
2021-07-07 01:11:51 GSD insert 第 1 次 等待 1 秒
2021-07-07 01:11:52 {"status":"ok","msg":"添加成功！210346"}
2021-07-07 01:11:52 下次操作: 2021-07-07 01:12:08

2021-07-07 01:12:08 开始第 16 次操作

2021-07-07 01:12:08 开始操作号码 【1318804】
2021-07-07 01:12:13 GSD getOne 第 1 次 等待 1 秒
2021-07-07 01:12:14 查询号码 【1318804】，返回信息 {"status":"bad","msg":""}
2021-07-07 01:12:14 查询号码 【1318804】，GSD为【""】
2021-07-07 01:12:14 bad
2021-07-07 01:12:16 CHB 1318804?1625591534 第 1 次 等待 1 秒
2021-07-07 01:12:17 CHB 1318804?1625591534 第 1 次 获取到号码【1318804】GSD
2021-07-07 01:12:17 获取到号码【1318804】的GSD为【辽宁-鞍山】
2021-07-07 01:12:21 GSD insert 第 1 次 等待 1 秒
2021-07-07 01:12:22 {"status":"ok","msg":"添加成功！210350"}
2021-07-07 01:12:22 下次操作: 2021-07-07 01:12:35

2021-07-07 01:12:35 开始第 17 次操作

2021-07-07 01:12:35 开始操作号码 【1318803】
2021-07-07 01:12:39 GSD getOne 第 1 次 等待 1 秒
2021-07-07 01:12:40 查询号码 【1318803】，返回信息 {"status":"bad","msg":""}
2021-07-07 01:12:40 查询号码 【1318803】，GSD为【""】
2021-07-07 01:12:40 bad
2021-07-07 01:12:42 CHB 1318803?1625591560 第 1 次 等待 1 秒
2021-07-07 01:12:43 CHB 1318803?1625591560 第 1 次 获取到号码【1318803】GSD
2021-07-07 01:12:43 获取到号码【1318803】的GSD为【辽宁-鞍山】
2021-07-07 01:12:47 GSD insert 第 1 次 等待 1 秒
2021-07-07 01:12:48 {"status":"ok","msg":"添加成功！210355"}
2021-07-07 01:12:48 下次操作: 2021-07-07 01:13:04

2021-07-07 01:13:04 开始第 18 次操作

2021-07-07 01:13:04 开始操作号码 【1318802】
2021-07-07 01:13:15 GSD getOne 第 1 次 等待 1 秒
2021-07-07 01:13:16 查询号码 【1318802】，返回信息 {"status":"bad","msg":""}
2021-07-07 01:13:16 查询号码 【1318802】，GSD为【""】
2021-07-07 01:13:16 bad
2021-07-07 01:13:18 CHB 1318802?1625591596 第 1 次 等待 1 秒
2021-07-07 01:13:19 CHB 1318802?1625591596 第 1 次 获取到号码【1318802】GSD
2021-07-07 01:13:19 获取到号码【1318802】的GSD为【辽宁-鞍山】
2021-07-07 01:13:24 GSD insert 第 1 次 等待 1 秒
2021-07-07 01:13:25 {"status":"ok","msg":"添加成功！210361"}
2021-07-07 01:13:25 下次操作: 2021-07-07 01:13:40

2021-07-07 01:13:40 开始第 19 次操作

2021-07-07 01:13:40 开始操作号码 【1318801】
2021-07-07 01:13:44 GSD getOne 第 1 次 等待 1 秒
2021-07-07 01:13:45 查询号码 【1318801】，返回信息 {"status":"bad","msg":""}
2021-07-07 01:13:45 查询号码 【1318801】，GSD为【""】
2021-07-07 01:13:45 bad
2021-07-07 01:13:47 CHB 1318801?1625591625 第 1 次 等待 1 秒
2021-07-07 01:13:48 CHB 1318801?1625591625 第 1 次 获取到号码【1318801】GSD
2021-07-07 01:13:48 获取到号码【1318801】的GSD为【辽宁-鞍山】
2021-07-07 01:13:52 GSD insert 第 1 次 等待 1 秒
2021-07-07 01:13:53 {"status":"ok","msg":"添加成功！210365"}
2021-07-07 01:13:53 下次操作: 2021-07-07 01:14:08

2021-07-07 01:14:08 开始第 20 次操作

2021-07-07 01:14:08 开始操作号码 【1318800】
2021-07-07 01:14:13 GSD getOne 第 1 次 等待 1 秒
2021-07-07 01:14:14 查询号码 【1318800】，返回信息 {"status":"bad","msg":""}
2021-07-07 01:14:14 查询号码 【1318800】，GSD为【""】
2021-07-07 01:14:14 bad
2021-07-07 01:14:16 CHB 1318800?1625591654 第 1 次 等待 1 秒
2021-07-07 01:14:17 CHB 1318800?1625591654 第 1 次 获取到号码【1318800】GSD
2021-07-07 01:14:17 获取到号码【1318800】的GSD为【辽宁-鞍山】
2021-07-07 01:14:25 GSD insert 第 1 次 等待 1 秒
2021-07-07 01:14:26 {"status":"ok","msg":"添加成功！210369"}
2021-07-07 01:14:26 下次操作: 2021-07-07 01:14:32

2021-07-07 01:14:32 开始第 21 次操作

2021-07-07 01:14:32 开始操作号码 【1318799】
2021-07-07 01:14:35 GSD getOne 第 1 次 等待 1 秒
2021-07-07 01:14:36 查询号码 【1318799】，返回信息 {"status":"ok","msg":"云南-怒江","time_insert":"2018-03-31 18:31","time_update":"2020-11-24 23:04"}
2021-07-07 01:14:37 查询号码 【1318799】，GSD为【"云南-怒江"】

2021-07-07 01:14:37 开始第 21 次操作

2021-07-07 01:14:37 开始操作号码 【1318798】
2021-07-07 01:14:41 GSD getOne 第 1 次 等待 1 秒
2021-07-07 01:14:42 查询号码 【1318798】，返回信息 {"status":"ok","msg":"云南-迪庆","time_insert":"2015-06-22 11:08","time_update":"2020-11-24 23:00"}
2021-07-07 01:14:42 查询号码 【1318798】，GSD为【"云南-迪庆"】

2021-07-07 01:14:42 开始第 21 次操作

2021-07-07 01:14:42 开始操作号码 【1318797】
2021-07-07 01:14:47 GSD getOne 第 1 次 等待 1 秒
2021-07-07 01:14:48 查询号码 【1318797】，返回信息 {"status":"ok","msg":"云南-西双版纳","time_insert":"2020-08-04 14:03","time_update":"2020-11-24 23:00"}
2021-07-07 01:14:48 查询号码 【1318797】，GSD为【"云南-西双版纳"】

2021-07-07 01:14:48 开始第 21 次操作

2021-07-07 01:14:48 开始操作号码 【1318796】
2021-07-07 01:14:55 GSD getOne 第 1 次 等待 1 秒
2021-07-07 01:14:56 查询号码 【1318796】，返回信息 {"status":"bad","msg":""}
2021-07-07 01:14:56 查询号码 【1318796】，GSD为【""】
2021-07-07 01:14:56 bad
2021-07-07 01:14:58 CHB 1318796?1625591696 第 1 次 等待 1 秒
2021-07-07 01:14:59 CHB 1318796?1625591696 第 1 次 获取到号码【1318796】GSD
2021-07-07 01:14:59 获取到号码【1318796】的GSD为【云南-红河】
2021-07-07 01:15:04 GSD insert 第 1 次 等待 1 秒
2021-07-07 01:15:05 {"status":"ok","msg":"添加成功！210373"}
2021-07-07 01:15:05 下次操作: 2021-07-07 01:15:19

2021-07-07 01:15:19 开始第 22 次操作

2021-07-07 01:15:19 开始操作号码 【1318795】
2021-07-07 01:15:24 GSD getOne 第 1 次 等待 1 秒
2021-07-07 01:15:25 查询号码 【1318795】，返回信息 {"status":"bad","msg":""}
2021-07-07 01:15:25 查询号码 【1318795】，GSD为【""】
2021-07-07 01:15:25 bad
2021-07-07 01:15:27 CHB 1318795?1625591725 第 1 次 等待 1 秒
2021-07-07 01:15:28 CHB 1318795?1625591725 第 1 次 获取到号码【1318795】GSD
2021-07-07 01:15:28 获取到号码【1318795】的GSD为【云南-红河】
2021-07-07 01:15:32 GSD insert 第 1 次 等待 1 秒
2021-07-07 01:15:33 {"status":"ok","msg":"添加成功！210378"}
2021-07-07 01:15:33 下次操作: 2021-07-07 01:15:47

2021-07-07 01:15:47 开始第 23 次操作

2021-07-07 01:15:47 开始操作号码 【1318794】
2021-07-07 01:16:00 GSD getOne 第 1 次 等待 1 秒
2021-07-07 01:16:01 查询号码 【1318794】，返回信息 {"status":"ok","msg":"云南-红河","time_insert":"2017-06-26 21:50","time_update":"2020-11-24 22:56"}
2021-07-07 01:16:01 查询号码 【1318794】，GSD为【"云南-红河"】

2021-07-07 01:16:01 开始第 23 次操作

2021-07-07 01:16:01 开始操作号码 【1318793】
2021-07-07 01:16:05 GSD getOne 第 1 次 等待 1 秒
2021-07-07 01:16:06 查询号码 【1318793】，返回信息 {"status":"bad","msg":""}
2021-07-07 01:16:06 查询号码 【1318793】，GSD为【""】
2021-07-07 01:16:06 bad
2021-07-07 01:16:08 CHB 1318793?1625591766 第 1 次 等待 1 秒
2021-07-07 01:16:09 CHB 1318793?1625591766 第 1 次 获取到号码【1318793】GSD
2021-07-07 01:16:09 获取到号码【1318793】的GSD为【云南-普洱】
2021-07-07 01:16:13 GSD insert 第 1 次 等待 1 秒
2021-07-07 01:16:14 {"status":"ok","msg":"添加成功！210384"}
2021-07-07 01:16:14 下次操作: 2021-07-07 01:16:20

2021-07-07 01:16:20 开始第 24 次操作

2021-07-07 01:16:20 开始操作号码 【1318792】
2021-07-07 01:16:24 GSD getOne 第 1 次 等待 1 秒
2021-07-07 01:16:25 查询号码 【1318792】，返回信息 {"status":"bad","msg":""}
2021-07-07 01:16:25 查询号码 【1318792】，GSD为【""】
2021-07-07 01:16:25 bad
2021-07-07 01:16:27 CHB 1318792?1625591785 第 1 次 等待 1 秒
2021-07-07 01:16:28 CHB 1318792?1625591785 第 1 次 获取到号码【1318792】GSD
2021-07-07 01:16:28 获取到号码【1318792】的GSD为【云南-普洱】
2021-07-07 01:16:34 GSD insert 第 1 次 等待 1 秒
2021-07-07 01:16:35 {"status":"ok","msg":"添加成功！210386"}
2021-07-07 01:16:35 下次操作: 2021-07-07 01:16:50

2021-07-07 01:16:50 开始第 25 次操作

2021-07-07 01:16:50 开始操作号码 【1318791】
2021-07-07 01:16:56 GSD getOne 第 1 次 等待 1 秒
2021-07-07 01:16:57 查询号码 【1318791】，返回信息 {"status":"bad","msg":""}
2021-07-07 01:16:57 查询号码 【1318791】，GSD为【""】
2021-07-07 01:16:57 bad
2021-07-07 01:16:59 CHB 1318791?1625591817 第 1 次 等待 1 秒
2021-07-07 01:17:00 CHB 1318791?1625591817 第 1 次 获取到号码【1318791】GSD
2021-07-07 01:17:00 获取到号码【1318791】的GSD为【云南-普洱】
2021-07-07 01:17:05 GSD insert 第 1 次 等待 1 秒
2021-07-07 01:17:06 {"status":"ok","msg":"添加成功！210391"}
2021-07-07 01:17:06 下次操作: 2021-07-07 01:17:15

2021-07-07 01:17:15 开始第 26 次操作

2021-07-07 01:17:15 开始操作号码 【1318790】
2021-07-07 01:17:19 GSD getOne 第 1 次 等待 1 秒
2021-07-07 01:17:20 查询号码 【1318790】，返回信息 {"status":"bad","msg":""}
2021-07-07 01:17:20 查询号码 【1318790】，GSD为【""】
2021-07-07 01:17:20 bad
2021-07-07 01:17:21 CHB 1318790?1625591840 第 1 次 等待 1 秒
2021-07-07 01:17:22 CHB 1318790?1625591840 第 1 次 获取到号码【1318790】GSD
2021-07-07 01:17:22 获取到号码【1318790】的GSD为【云南-普洱】
2021-07-07 01:17:27 GSD insert 第 1 次 等待 1 秒
2021-07-07 01:17:28 {"status":"ok","msg":"添加成功！210392"}
2021-07-07 01:17:28 下次操作: 2021-07-07 01:17:40

2021-07-07 01:17:40 开始第 27 次操作

2021-07-07 01:17:40 开始操作号码 【1318789】
2021-07-07 01:17:46 GSD getOne 第 1 次 等待 1 秒
2021-07-07 01:17:47 查询号码 【1318789】，返回信息 {"status":"bad","msg":""}
2021-07-07 01:17:47 查询号码 【1318789】，GSD为【""】
2021-07-07 01:17:47 bad
2021-07-07 01:17:49 CHB 1318789?1625591867 第 1 次 等待 1 秒
2021-07-07 01:17:50 CHB 1318789?1625591867 第 1 次 获取到号码【1318789】GSD
2021-07-07 01:17:50 获取到号码【1318789】的GSD为【云南-昆明】
2021-07-07 01:17:54 GSD insert 第 1 次 等待 1 秒
2021-07-07 01:17:55 {"status":"ok","msg":"添加成功！210397"}
2021-07-07 01:17:55 下次操作: 2021-07-07 01:18:05

2021-07-07 01:18:05 开始第 28 次操作

2021-07-07 01:18:05 开始操作号码 【1318788】
2021-07-07 01:18:11 GSD getOne 第 1 次 等待 1 秒
2021-07-07 01:18:12 查询号码 【1318788】，返回信息 {"status":"ok","msg":"云南-昆明","time_insert":"2019-11-07 14:21","time_update":"2020-11-24 22:52"}
2021-07-07 01:18:12 查询号码 【1318788】，GSD为【"云南-昆明"】

2021-07-07 01:18:12 开始第 28 次操作

2021-07-07 01:18:12 开始操作号码 【1318787】
2021-07-07 01:18:17 GSD getOne 第 1 次 等待 1 秒
2021-07-07 01:18:18 查询号码 【1318787】，返回信息 {"status":"bad","msg":""}
2021-07-07 01:18:18 查询号码 【1318787】，GSD为【""】
2021-07-07 01:18:18 bad
2021-07-07 01:18:20 CHB 1318787?1625591898 第 1 次 等待 1 秒
2021-07-07 01:18:21 CHB 1318787?1625591898 第 1 次 获取到号码【1318787】GSD
2021-07-07 01:18:21 获取到号码【1318787】的GSD为【云南-昆明】
2021-07-07 01:18:24 GSD insert 第 1 次 等待 1 秒
2021-07-07 01:18:25 {"status":"ok","msg":"添加成功！210399"}
2021-07-07 01:18:25 下次操作: 2021-07-07 01:18:35

2021-07-07 01:18:36 开始第 29 次操作

2021-07-07 01:18:36 开始操作号码 【1318786】
2021-07-07 01:18:44 GSD getOne 第 1 次 等待 1 秒
2021-07-07 01:18:45 查询号码 【1318786】，返回信息 {"status":"bad","msg":""}
2021-07-07 01:18:45 查询号码 【1318786】，GSD为【""】
2021-07-07 01:18:45 bad
2021-07-07 01:18:47 CHB 1318786?1625591925 第 1 次 等待 1 秒
2021-07-07 01:18:48 CHB 1318786?1625591925 第 1 次 获取到号码【1318786】GSD
2021-07-07 01:18:48 获取到号码【1318786】的GSD为【云南-昆明】
2021-07-07 01:18:53 GSD insert 第 1 次 等待 1 秒
2021-07-07 01:18:54 {"status":"ok","msg":"添加成功！210403"}
2021-07-07 01:18:54 下次操作: 2021-07-07 01:19:10

2021-07-07 01:19:10 开始第 30 次操作

2021-07-07 01:19:10 开始操作号码 【1318785】
2021-07-07 01:19:14 GSD getOne 第 1 次 等待 1 秒
2021-07-07 01:19:15 查询号码 【1318785】，返回信息 {"status":"bad","msg":""}
2021-07-07 01:19:15 查询号码 【1318785】，GSD为【""】
2021-07-07 01:19:15 bad
2021-07-07 01:19:17 CHB 1318785?1625591955 第 1 次 等待 1 秒
2021-07-07 01:19:18 CHB 1318785?1625591955 第 1 次 获取到号码【1318785】GSD
2021-07-07 01:19:18 获取到号码【1318785】的GSD为【云南-昆明】
2021-07-07 01:19:22 GSD insert 第 1 次 等待 1 秒
2021-07-07 01:19:23 {"status":"ok","msg":"添加成功！210408"}

