2024-09-03 00:17:32 开始第 2581 次操作

2024-09-03 00:17:32 开始操作号码 【1422580】
2024-09-03 00:17:40 GSD getOne 第 1 次 等待 3 秒
2024-09-03 00:17:43 查询号码 【1422580】，返回信息 {"status":"ok","msg":"-","gid":"565973","time_insert":"2023-03-02 22:37"}
2024-09-03 00:17:43 查询号码 【1422580】，GSD为【"-"】
2024-09-03 00:17:43 ok && -
2024-09-03 00:17:45 CHB 1422580?1725293863 第 1 次 等待 3 秒
2024-09-03 00:17:48 CHB 1422580?1725293863 第 1 次 获取到号码【1422580】GSD
2024-09-03 00:17:48 未获取到号码【1422580】GSD，可能号码格式错误
2024-09-03 00:17:48 获取到号码【1422580】的GSD为【-】
2024-09-03 00:17:56 GSD insert 第 1 次 等待 3 秒
2024-09-03 00:17:59 {"status":"bad","gid":"565973","msg":"添加失败！号码【1422580(-|-)】已存在！"}
2024-09-03 00:17:59 随机等待 217 秒，约 3 分钟
2024-09-03 00:17:59 下次操作: 2024-09-03 00:21:36

2024-09-03 00:21:36 开始第 2582 次操作

2024-09-03 00:21:36 开始操作号码 【1422581】
2024-09-03 00:21:44 GSD getOne 第 1 次 等待 3 秒
2024-09-03 00:21:47 查询号码 【1422581】，返回信息 {"status":"ok","msg":"-","gid":"566009","time_insert":"2023-03-02 23:00"}
2024-09-03 00:21:47 查询号码 【1422581】，GSD为【"-"】
2024-09-03 00:21:47 ok && -
2024-09-03 00:21:50 CHB 1422581?1725294107 第 1 次 等待 3 秒
2024-09-03 00:21:53 CHB 1422581?1725294107 第 1 次 获取到号码【1422581】GSD
2024-09-03 00:21:53 未获取到号码【1422581】GSD，可能号码格式错误
2024-09-03 00:21:53 获取到号码【1422581】的GSD为【-】
2024-09-03 00:22:01 GSD insert 第 1 次 等待 3 秒
2024-09-03 00:22:04 {"status":"bad","gid":"566009","msg":"添加失败！号码【1422581(-|-)】已存在！"}
2024-09-03 00:22:04 随机等待 68 秒，约 1 分钟
2024-09-03 00:22:04 下次操作: 2024-09-03 00:23:12

2024-09-03 00:23:12 开始第 2583 次操作

2024-09-03 00:23:12 开始操作号码 【1422582】
2024-09-03 00:23:20 GSD getOne 第 1 次 等待 3 秒
2024-09-03 00:23:23 查询号码 【1422582】，返回信息 {"status":"ok","msg":"-","gid":"566029","time_insert":"2023-03-02 23:14"}
2024-09-03 00:23:23 查询号码 【1422582】，GSD为【"-"】
2024-09-03 00:23:23 ok && -
2024-09-03 00:23:25 CHB 1422582?1725294203 第 1 次 等待 3 秒
2024-09-03 00:23:28 CHB 1422582?1725294203 第 1 次 获取到号码【1422582】GSD
2024-09-03 00:23:28 未获取到号码【1422582】GSD，可能号码格式错误
2024-09-03 00:23:28 获取到号码【1422582】的GSD为【-】
2024-09-03 00:23:36 GSD insert 第 1 次 等待 3 秒
2024-09-03 00:23:39 {"status":"bad","gid":"566029","msg":"添加失败！号码【1422582(-|-)】已存在！"}
2024-09-03 00:23:39 随机等待 171 秒，约 2 分钟
2024-09-03 00:23:39 下次操作: 2024-09-03 00:26:30

2024-09-03 00:26:30 开始第 2584 次操作

2024-09-03 00:26:30 开始操作号码 【1422583】
2024-09-03 00:26:38 GSD getOne 第 1 次 等待 3 秒
2024-09-03 00:26:41 查询号码 【1422583】，返回信息 {"status":"ok","msg":"-","gid":"566045","time_insert":"2023-03-02 23:25"}
2024-09-03 00:26:41 查询号码 【1422583】，GSD为【"-"】
2024-09-03 00:26:41 ok && -
2024-09-03 00:26:43 CHB 1422583?1725294401 第 1 次 等待 3 秒
2024-09-03 00:26:46 CHB 1422583?1725294401 第 1 次 获取到号码【1422583】GSD
2024-09-03 00:26:46 未获取到号码【1422583】GSD，可能号码格式错误
2024-09-03 00:26:46 获取到号码【1422583】的GSD为【-】
2024-09-03 00:26:54 GSD insert 第 1 次 等待 3 秒
2024-09-03 00:26:57 {"status":"bad","gid":"566045","msg":"添加失败！号码【1422583(-|-)】已存在！"}

2024-09-03 00:42:48 开始第 2585 次操作

2024-09-03 00:42:48 开始操作号码 【1422584】
2024-09-03 00:42:56 GSD getOne 第 1 次 等待 3 秒
2024-09-03 00:42:59 查询号码 【1422584】，返回信息 {"status":"ok","msg":"-","gid":"566061","time_insert":"2023-03-02 23:35"}
2024-09-03 00:42:59 查询号码 【1422584】，GSD为【"-"】
2024-09-03 00:42:59 ok && -
2024-09-03 00:43:01 CHB 1422584?1725295379 第 1 次 等待 3 秒
2024-09-03 00:43:04 CHB 1422584?1725295379 第 1 次 获取到号码【1422584】GSD
2024-09-03 00:43:04 未获取到号码【1422584】GSD，可能号码格式错误
2024-09-03 00:43:04 获取到号码【1422584】的GSD为【-】
2024-09-03 00:43:13 GSD insert 第 1 次 等待 3 秒
2024-09-03 00:43:16 {"status":"bad","gid":"566061","msg":"添加失败！号码【1422584(-|-)】已存在！"}
2024-09-03 00:43:16 随机等待 185 秒，约 3 分钟
2024-09-03 00:43:16 下次操作: 2024-09-03 00:46:21

2024-09-03 00:46:21 开始第 2586 次操作

2024-09-03 00:46:21 开始操作号码 【1422585】
2024-09-03 00:46:29 GSD getOne 第 1 次 等待 3 秒
2024-09-03 00:46:32 查询号码 【1422585】，返回信息 {"status":"ok","msg":"-","gid":"566100","time_insert":"2023-03-02 23:58"}
2024-09-03 00:46:32 查询号码 【1422585】，GSD为【"-"】
2024-09-03 00:46:32 ok && -
2024-09-03 00:46:34 CHB 1422585?1725295592 第 1 次 等待 3 秒
2024-09-03 00:46:37 CHB 1422585?1725295592 第 1 次 获取到号码【1422585】GSD
2024-09-03 00:46:37 未获取到号码【1422585】GSD，可能号码格式错误
2024-09-03 00:46:37 获取到号码【1422585】的GSD为【-】
2024-09-03 00:46:44 GSD insert 第 1 次 等待 3 秒
2024-09-03 00:46:47 {"status":"bad","gid":"566100","msg":"添加失败！号码【1422585(-|-)】已存在！"}
2024-09-03 00:46:47 随机等待 127 秒，约 2 分钟
2024-09-03 00:46:47 下次操作: 2024-09-03 00:48:54

2024-09-03 00:48:54 开始第 2587 次操作

2024-09-03 00:48:54 开始操作号码 【1422586】
2024-09-03 00:49:02 GSD getOne 第 1 次 等待 3 秒
2024-09-03 00:49:05 查询号码 【1422586】，返回信息 {"status":"ok","msg":"-","gid":"566112","time_insert":"2023-03-03 00:07"}
2024-09-03 00:49:05 查询号码 【1422586】，GSD为【"-"】
2024-09-03 00:49:05 ok && -
2024-09-03 00:49:07 CHB 1422586?1725295745 第 1 次 等待 3 秒
2024-09-03 00:49:10 CHB 1422586?1725295745 第 1 次 获取到号码【1422586】GSD
2024-09-03 00:49:10 未获取到号码【1422586】GSD，可能号码格式错误
2024-09-03 00:49:10 获取到号码【1422586】的GSD为【-】
2024-09-03 00:49:18 GSD insert 第 1 次 等待 3 秒
2024-09-03 00:49:21 {"status":"bad","gid":"566112","msg":"添加失败！号码【1422586(-|-)】已存在！"}
2024-09-03 00:49:21 随机等待 114 秒，约 1 分钟
2024-09-03 00:49:21 下次操作: 2024-09-03 00:51:15

2024-09-03 00:51:15 开始第 2588 次操作

2024-09-03 00:51:15 开始操作号码 【1422587】
2024-09-03 00:51:23 GSD getOne 第 1 次 等待 3 秒
2024-09-03 00:51:26 查询号码 【1422587】，返回信息 {"status":"ok","msg":"-","gid":"566124","time_insert":"2023-03-03 00:17"}
2024-09-03 00:51:26 查询号码 【1422587】，GSD为【"-"】
2024-09-03 00:51:26 ok && -
2024-09-03 00:51:28 CHB 1422587?1725295886 第 1 次 等待 3 秒
2024-09-03 00:51:31 CHB 1422587?1725295886 第 1 次 获取到号码【1422587】GSD
2024-09-03 00:51:31 未获取到号码【1422587】GSD，可能号码格式错误
2024-09-03 00:51:31 获取到号码【1422587】的GSD为【-】
2024-09-03 00:51:39 GSD insert 第 1 次 等待 3 秒
2024-09-03 00:51:42 {"status":"bad","gid":"566124","msg":"添加失败！号码【1422587(-|-)】已存在！"}

