2024-06-22 00:13:43 开始第 2037 次操作

2024-06-22 00:13:43 开始操作号码 【1531920】
2024-06-22 00:13:57 GSD getOne 第 1 次 等待 3 秒
2024-06-22 00:14:00 查询号码 【1531920】，返回信息 {"status":"ok","msg":"陕西-宝鸡","gid":"154038","time_insert":"2021-06-29 14:40"}
2024-06-22 00:14:00 查询号码 【1531920】，GSD为【"陕西-宝鸡"】

2024-06-22 00:14:01 开始第 2038 次操作

2024-06-22 00:14:01 开始操作号码 【1531921】
2024-06-22 00:14:15 GSD getOne 第 1 次 等待 3 秒
2024-06-22 00:14:18 查询号码 【1531921】，返回信息 {"status":"ok","msg":"陕西-宝鸡","gid":"154062","time_insert":"2021-06-29 14:57"}
2024-06-22 00:14:18 查询号码 【1531921】，GSD为【"陕西-宝鸡"】

2024-06-22 00:14:19 开始第 2039 次操作

2024-06-22 00:14:19 开始操作号码 【1531922】
2024-06-22 00:14:33 GSD getOne 第 1 次 等待 3 秒
2024-06-22 00:14:36 查询号码 【1531922】，返回信息 {"status":"ok","msg":"陕西-宝鸡","gid":"20740","time_insert":"2019-03-07 12:54","time_update":"2020-12-09 06:13"}
2024-06-22 00:14:36 查询号码 【1531922】，GSD为【"陕西-宝鸡"】

2024-06-22 00:14:37 开始第 2040 次操作

2024-06-22 00:14:37 开始操作号码 【1531923】
2024-06-22 00:14:50 GSD getOne 第 1 次 等待 3 秒
2024-06-22 00:14:53 查询号码 【1531923】，返回信息 {"status":"ok","msg":"陕西-宝鸡","gid":"154242","time_insert":"2021-06-29 15:14"}
2024-06-22 00:14:53 查询号码 【1531923】，GSD为【"陕西-宝鸡"】

