2024-06-16 00:14:39 开始第 953 次操作

2024-06-16 00:14:39 开始操作号码 【1530836】
2024-06-16 00:14:50 GSD getOne 第 1 次 等待 3 秒
2024-06-16 00:14:53 查询号码 【1530836】，返回信息 {"status":"ok","msg":"四川-资阳","gid":"20607","time_insert":"2018-12-24 22:32","time_update":"2020-10-21 17:44"}
2024-06-16 00:14:53 查询号码 【1530836】，GSD为【"四川-资阳"】

2024-06-16 00:14:54 开始第 954 次操作

2024-06-16 00:14:54 开始操作号码 【1530837】
2024-06-16 00:15:00 GSD getOne 第 1 次 等待 3 秒
2024-06-16 00:15:03 查询号码 【1530837】，返回信息 {"status":"ok","msg":"四川-资阳","gid":"20608","time_insert":"2013-10-15 19:57","time_update":"2020-10-21 17:49"}
2024-06-16 00:15:03 查询号码 【1530837】，GSD为【"四川-资阳"】

2024-06-16 00:15:04 开始第 955 次操作

2024-06-16 00:15:04 开始操作号码 【1530838】
2024-06-16 00:15:10 GSD getOne 第 1 次 等待 3 秒
2024-06-16 00:15:13 查询号码 【1530838】，返回信息 {"status":"ok","msg":"四川-资阳","gid":"20609","time_insert":"2013-11-26 10:53","time_update":"2020-10-21 17:53"}
2024-06-16 00:15:13 查询号码 【1530838】，GSD为【"四川-资阳"】

2024-06-16 00:15:14 开始第 956 次操作

2024-06-16 00:15:14 开始操作号码 【1530839】
2024-06-16 00:15:19 GSD getOne 第 1 次 等待 3 秒
2024-06-16 00:15:22 查询号码 【1530839】，返回信息 {"status":"ok","msg":"四川-资阳","gid":"20610","time_insert":"2018-06-30 14:53","time_update":"2020-10-21 17:57"}
2024-06-16 00:15:22 查询号码 【1530839】，GSD为【"四川-资阳"】

