2024-10-26 00:26:32 开始第 1421 次操作

2024-10-26 00:26:32 开始操作号码 【1321420】
2024-10-26 00:26:33 GSD getOne 第 1 次 等待 3 秒
2024-10-26 00:26:36 查询号码 【1321420】，返回信息 {"status":"ok","msg":"辽宁-大连","gid":"70242","time_insert":"2021-05-27 15:54"}
2024-10-26 00:26:36 查询号码 【1321420】，GSD为【"辽宁-大连"】

2024-10-26 00:26:37 开始第 1422 次操作

2024-10-26 00:26:37 开始操作号码 【1321421】
2024-10-26 00:26:39 GSD getOne 第 1 次 等待 3 秒
2024-10-26 00:26:42 查询号码 【1321421】，返回信息 {"status":"ok","msg":"辽宁-朝阳","gid":"70252","time_insert":"2021-05-27 16:12"}
2024-10-26 00:26:42 查询号码 【1321421】，GSD为【"辽宁-朝阳"】

2024-10-26 00:26:43 开始第 1423 次操作

2024-10-26 00:26:43 开始操作号码 【1321422】
2024-10-26 00:26:44 GSD getOne 第 1 次 等待 3 秒
2024-10-26 00:26:47 查询号码 【1321422】，返回信息 {"status":"ok","msg":"辽宁-大连","gid":"70270","time_insert":"2021-05-27 16:27"}
2024-10-26 00:26:47 查询号码 【1321422】，GSD为【"辽宁-大连"】

2024-10-26 00:26:48 开始第 1424 次操作

2024-10-26 00:26:48 开始操作号码 【1321423】
2024-10-26 00:26:49 GSD getOne 第 1 次 等待 3 秒
2024-10-26 00:26:52 查询号码 【1321423】，返回信息 {"status":"ok","msg":"辽宁-沈阳","gid":"70279","time_insert":"2021-05-27 16:48"}
2024-10-26 00:26:52 查询号码 【1321423】，GSD为【"辽宁-沈阳"】

