2023-10-11 00:20:29 开始第 2690 次操作

2023-10-11 00:20:29 开始操作号码 【1962688】
2023-10-11 00:22:39 GSD getOne 第 1 次 等待 3 秒
2023-10-11 00:24:52 GSD getOne 第 2 次 等待 3 秒
2023-10-11 00:27:05 GSD getOne 第 3 次 等待 3 秒
2023-10-11 00:29:18 GSD getOne 第 4 次 等待 3 秒
2023-10-11 00:31:32 GSD getOne 第 5 次 等待 3 秒
2023-10-11 00:33:45 GSD getOne 第 6 次 等待 3 秒
2023-10-11 00:35:58 GSD getOne 第 7 次 等待 3 秒
2023-10-11 00:38:11 GSD getOne 第 8 次 等待 3 秒
2023-10-11 00:40:24 GSD getOne 第 9 次 等待 3 秒
2023-10-11 00:42:37 GSD getOne 第 10 次 等待 3 秒
2023-10-11 00:42:40 查询号码 【1962688】，返回信息 
2023-10-11 00:42:40 查询失败，3 秒后重新查询
2023-10-11 00:44:54 GSD getOne 第 1 次 等待 3 秒
2023-10-11 00:47:08 GSD getOne 第 2 次 等待 3 秒
2023-10-11 00:49:21 GSD getOne 第 3 次 等待 3 秒
2023-10-11 00:51:34 GSD getOne 第 4 次 等待 3 秒
2023-10-11 00:53:47 GSD getOne 第 5 次 等待 3 秒
2023-10-11 00:56:00 GSD getOne 第 6 次 等待 3 秒
2023-10-11 00:58:13 GSD getOne 第 7 次 等待 3 秒
2023-10-11 01:00:26 GSD getOne 第 8 次 等待 3 秒
2023-10-11 01:02:39 GSD getOne 第 9 次 等待 3 秒
2023-10-11 01:04:52 GSD getOne 第 10 次 等待 3 秒
2023-10-11 01:04:55 查询号码 【1962688】，返回信息 
2023-10-11 01:04:55 查询失败，结束本次操作，期待下次成功~
2023-10-11 01:04:56 随机等待 176 秒，约 2 分钟
2023-10-11 01:04:56 下次操作: 2023-10-11 01:07:52

2023-10-11 01:07:52 开始第 2691 次操作

2023-10-11 01:07:52 开始操作号码 【1962688】
2023-10-11 01:10:02 GSD getOne 第 1 次 等待 3 秒
2023-10-11 01:12:15 GSD getOne 第 2 次 等待 3 秒
2023-10-11 01:14:28 GSD getOne 第 3 次 等待 3 秒
2023-10-11 01:16:41 GSD getOne 第 4 次 等待 3 秒
2023-10-11 01:18:54 GSD getOne 第 5 次 等待 3 秒
2023-10-11 01:21:07 GSD getOne 第 6 次 等待 3 秒
2023-10-11 01:23:20 GSD getOne 第 7 次 等待 3 秒
2023-10-11 01:25:34 GSD getOne 第 8 次 等待 3 秒
2023-10-11 01:27:47 GSD getOne 第 9 次 等待 3 秒
2023-10-11 01:30:00 GSD getOne 第 10 次 等待 3 秒
2023-10-11 01:30:03 查询号码 【1962688】，返回信息 
2023-10-11 01:30:03 查询失败，3 秒后重新查询
2023-10-11 01:32:17 GSD getOne 第 1 次 等待 3 秒
2023-10-11 01:34:30 GSD getOne 第 2 次 等待 3 秒
2023-10-11 01:36:43 GSD getOne 第 3 次 等待 3 秒
2023-10-11 01:38:56 GSD getOne 第 4 次 等待 3 秒
2023-10-11 01:41:10 GSD getOne 第 5 次 等待 3 秒
2023-10-11 01:43:23 GSD getOne 第 6 次 等待 3 秒
2023-10-11 01:45:36 GSD getOne 第 7 次 等待 3 秒
2023-10-11 01:47:49 GSD getOne 第 8 次 等待 3 秒
2023-10-11 01:50:02 GSD getOne 第 9 次 等待 3 秒
2023-10-11 01:52:15 GSD getOne 第 10 次 等待 3 秒
2023-10-11 01:52:18 查询号码 【1962688】，返回信息 
2023-10-11 01:52:18 查询失败，结束本次操作，期待下次成功~
2023-10-11 01:52:18 随机等待 191 秒，约 3 分钟
2023-10-11 01:52:18 下次操作: 2023-10-11 01:55:29

2023-10-11 01:55:29 开始第 2692 次操作

2023-10-11 01:55:29 开始操作号码 【1962688】
2023-10-11 01:57:39 GSD getOne 第 1 次 等待 3 秒
2023-10-11 01:59:52 GSD getOne 第 2 次 等待 3 秒
2023-10-11 02:02:05 GSD getOne 第 3 次 等待 3 秒
2023-10-11 02:04:18 GSD getOne 第 4 次 等待 3 秒
2023-10-11 02:06:31 GSD getOne 第 5 次 等待 3 秒
2023-10-11 02:08:44 GSD getOne 第 6 次 等待 3 秒
2023-10-11 02:10:57 GSD getOne 第 7 次 等待 3 秒
2023-10-11 02:13:11 GSD getOne 第 8 次 等待 3 秒
2023-10-11 02:15:24 GSD getOne 第 9 次 等待 3 秒
2023-10-11 02:17:37 GSD getOne 第 10 次 等待 3 秒
2023-10-11 02:17:40 查询号码 【1962688】，返回信息 
2023-10-11 02:17:40 查询失败，3 秒后重新查询
2023-10-11 02:19:54 GSD getOne 第 1 次 等待 3 秒
2023-10-11 02:22:07 GSD getOne 第 2 次 等待 3 秒
2023-10-11 02:24:20 GSD getOne 第 3 次 等待 3 秒
2023-10-11 02:26:33 GSD getOne 第 4 次 等待 3 秒
2023-10-11 02:28:46 GSD getOne 第 5 次 等待 3 秒
2023-10-11 02:31:00 GSD getOne 第 6 次 等待 3 秒
2023-10-11 02:33:13 GSD getOne 第 7 次 等待 3 秒
2023-10-11 02:35:26 GSD getOne 第 8 次 等待 3 秒
2023-10-11 02:37:39 GSD getOne 第 9 次 等待 3 秒
2023-10-11 02:39:52 GSD getOne 第 10 次 等待 3 秒
2023-10-11 02:39:55 查询号码 【1962688】，返回信息 
2023-10-11 02:39:55 查询失败，结束本次操作，期待下次成功~

