2024-09-09 00:16:52 开始第 3629 次操作

2024-09-09 00:16:52 开始操作号码 【1423628】
2024-09-09 00:17:00 GSD getOne 第 1 次 等待 3 秒
2024-09-09 00:17:03 查询号码 【1423628】，返回信息 {"status":"ok","msg":"-","gid":"589794","time_insert":"2023-03-14 08:17"}
2024-09-09 00:17:03 查询号码 【1423628】，GSD为【"-"】
2024-09-09 00:17:03 ok && -
2024-09-09 00:17:10 CHB 1423628?1725812223 第 1 次 等待 3 秒
2024-09-09 00:17:13 CHB 1423628?1725812223 第 1 次 获取到号码【1423628】GSD
2024-09-09 00:17:13 未获取到号码【1423628】GSD，可能号码格式错误
2024-09-09 00:17:13 获取到号码【1423628】的GSD为【-】
2024-09-09 00:17:20 GSD insert 第 1 次 等待 3 秒
2024-09-09 00:17:23 {"status":"bad","gid":"589794","msg":"添加失败！号码【1423628(-|-)】已存在！"}
2024-09-09 00:17:23 随机等待 196 秒，约 3 分钟
2024-09-09 00:17:23 下次操作: 2024-09-09 00:20:39

2024-09-09 00:20:39 开始第 3630 次操作

2024-09-09 00:20:39 开始操作号码 【1423629】
2024-09-09 00:20:47 GSD getOne 第 1 次 等待 3 秒
2024-09-09 00:20:50 查询号码 【1423629】，返回信息 {"status":"ok","msg":"-","gid":"589813","time_insert":"2023-03-14 08:36"}
2024-09-09 00:20:50 查询号码 【1423629】，GSD为【"-"】
2024-09-09 00:20:50 ok && -
2024-09-09 00:20:53 CHB 1423629?1725812450 第 1 次 等待 3 秒
2024-09-09 00:20:56 CHB 1423629?1725812450 第 1 次 获取到号码【1423629】GSD
2024-09-09 00:20:56 未获取到号码【1423629】GSD，可能号码格式错误
2024-09-09 00:20:56 获取到号码【1423629】的GSD为【-】
2024-09-09 00:21:03 GSD insert 第 1 次 等待 3 秒
2024-09-09 00:21:06 {"status":"bad","gid":"589813","msg":"添加失败！号码【1423629(-|-)】已存在！"}
2024-09-09 00:21:06 随机等待 123 秒，约 2 分钟
2024-09-09 00:21:06 下次操作: 2024-09-09 00:23:09

2024-09-09 00:23:09 开始第 3631 次操作

2024-09-09 00:23:09 开始操作号码 【1423630】
2024-09-09 00:23:17 GSD getOne 第 1 次 等待 3 秒
2024-09-09 00:23:20 查询号码 【1423630】，返回信息 {"status":"ok","msg":"-","gid":"589834","time_insert":"2023-03-14 08:55"}
2024-09-09 00:23:20 查询号码 【1423630】，GSD为【"-"】
2024-09-09 00:23:20 ok && -
2024-09-09 00:23:23 CHB 1423630?1725812600 第 1 次 等待 3 秒
2024-09-09 00:23:26 CHB 1423630?1725812600 第 1 次 获取到号码【1423630】GSD
2024-09-09 00:23:26 未获取到号码【1423630】GSD，可能号码格式错误
2024-09-09 00:23:26 获取到号码【1423630】的GSD为【-】
2024-09-09 00:23:34 GSD insert 第 1 次 等待 3 秒
2024-09-09 00:23:37 {"status":"bad","gid":"589834","msg":"添加失败！号码【1423630(-|-)】已存在！"}
2024-09-09 00:23:37 随机等待 180 秒，约 3 分钟
2024-09-09 00:23:37 下次操作: 2024-09-09 00:26:37

2024-09-09 00:26:37 开始第 3632 次操作

2024-09-09 00:26:37 开始操作号码 【1423631】
2024-09-09 00:26:46 GSD getOne 第 1 次 等待 3 秒
2024-09-09 00:26:49 查询号码 【1423631】，返回信息 {"status":"ok","msg":"-","gid":"589849","time_insert":"2023-03-14 09:08"}
2024-09-09 00:26:49 查询号码 【1423631】，GSD为【"-"】
2024-09-09 00:26:49 ok && -
2024-09-09 00:26:52 CHB 1423631?1725812809 第 1 次 等待 3 秒
2024-09-09 00:26:55 CHB 1423631?1725812809 第 1 次 获取到号码【1423631】GSD
2024-09-09 00:26:55 未获取到号码【1423631】GSD，可能号码格式错误
2024-09-09 00:26:55 获取到号码【1423631】的GSD为【-】
2024-09-09 00:27:03 GSD insert 第 1 次 等待 3 秒
2024-09-09 00:27:06 {"status":"bad","gid":"589849","msg":"添加失败！号码【1423631(-|-)】已存在！"}

2024-09-09 00:40:55 开始第 3633 次操作

2024-09-09 00:40:55 开始操作号码 【1423632】
2024-09-09 00:41:03 GSD getOne 第 1 次 等待 3 秒
2024-09-09 00:41:06 查询号码 【1423632】，返回信息 {"status":"ok","msg":"-","gid":"589862","time_insert":"2023-03-14 09:19"}
2024-09-09 00:41:06 查询号码 【1423632】，GSD为【"-"】
2024-09-09 00:41:06 ok && -
2024-09-09 00:41:07 CHB 1423632?1725813666 第 1 次 等待 3 秒
2024-09-09 00:41:10 CHB 1423632?1725813666 第 1 次 获取到号码【1423632】GSD
2024-09-09 00:41:10 未获取到号码【1423632】GSD，可能号码格式错误
2024-09-09 00:41:10 获取到号码【1423632】的GSD为【-】
2024-09-09 00:41:17 GSD insert 第 1 次 等待 3 秒
2024-09-09 00:41:20 {"status":"bad","gid":"589862","msg":"添加失败！号码【1423632(-|-)】已存在！"}
2024-09-09 00:41:20 随机等待 173 秒，约 2 分钟
2024-09-09 00:41:20 下次操作: 2024-09-09 00:44:13

2024-09-09 00:44:13 开始第 3634 次操作

2024-09-09 00:44:13 开始操作号码 【1423633】
2024-09-09 00:44:21 GSD getOne 第 1 次 等待 3 秒
2024-09-09 00:44:24 查询号码 【1423633】，返回信息 {"status":"ok","msg":"-","gid":"589880","time_insert":"2023-03-14 09:40"}
2024-09-09 00:44:24 查询号码 【1423633】，GSD为【"-"】
2024-09-09 00:44:24 ok && -
2024-09-09 00:44:25 CHB 1423633?1725813864 第 1 次 等待 3 秒
2024-09-09 00:44:28 CHB 1423633?1725813864 第 1 次 获取到号码【1423633】GSD
2024-09-09 00:44:28 未获取到号码【1423633】GSD，可能号码格式错误
2024-09-09 00:44:28 获取到号码【1423633】的GSD为【-】
2024-09-09 00:44:36 GSD insert 第 1 次 等待 3 秒
2024-09-09 00:44:39 {"status":"bad","gid":"589880","msg":"添加失败！号码【1423633(-|-)】已存在！"}
2024-09-09 00:44:39 随机等待 209 秒，约 3 分钟
2024-09-09 00:44:39 下次操作: 2024-09-09 00:48:08

2024-09-09 00:48:08 开始第 3635 次操作

2024-09-09 00:48:08 开始操作号码 【1423634】
2024-09-09 00:48:15 GSD getOne 第 1 次 等待 3 秒
2024-09-09 00:48:18 查询号码 【1423634】，返回信息 {"status":"ok","msg":"-","gid":"589901","time_insert":"2023-03-14 09:59"}
2024-09-09 00:48:18 查询号码 【1423634】，GSD为【"-"】
2024-09-09 00:48:18 ok && -
2024-09-09 00:48:20 CHB 1423634?1725814098 第 1 次 等待 3 秒
2024-09-09 00:48:23 CHB 1423634?1725814098 第 1 次 获取到号码【1423634】GSD
2024-09-09 00:48:23 未获取到号码【1423634】GSD，可能号码格式错误
2024-09-09 00:48:23 获取到号码【1423634】的GSD为【-】
2024-09-09 00:48:30 GSD insert 第 1 次 等待 3 秒
2024-09-09 00:48:33 {"status":"bad","gid":"589901","msg":"添加失败！号码【1423634(-|-)】已存在！"}
2024-09-09 00:48:33 随机等待 170 秒，约 2 分钟
2024-09-09 00:48:33 下次操作: 2024-09-09 00:51:23

2024-09-09 00:51:23 开始第 3636 次操作

2024-09-09 00:51:23 开始操作号码 【1423635】
2024-09-09 00:51:32 GSD getOne 第 1 次 等待 3 秒
2024-09-09 00:51:35 查询号码 【1423635】，返回信息 {"status":"ok","msg":"-","gid":"589919","time_insert":"2023-03-14 10:14"}
2024-09-09 00:51:35 查询号码 【1423635】，GSD为【"-"】
2024-09-09 00:51:35 ok && -
2024-09-09 00:51:36 CHB 1423635?1725814295 第 1 次 等待 3 秒
2024-09-09 00:51:39 CHB 1423635?1725814295 第 1 次 获取到号码【1423635】GSD
2024-09-09 00:51:39 未获取到号码【1423635】GSD，可能号码格式错误
2024-09-09 00:51:39 获取到号码【1423635】的GSD为【-】
2024-09-09 00:51:47 GSD insert 第 1 次 等待 3 秒
2024-09-09 00:51:50 {"status":"bad","gid":"589919","msg":"添加失败！号码【1423635(-|-)】已存在！"}

2024-09-09 01:12:10 开始第 3637 次操作

2024-09-09 01:12:10 开始操作号码 【1423636】
2024-09-09 01:12:19 GSD getOne 第 1 次 等待 3 秒
2024-09-09 01:12:22 查询号码 【1423636】，返回信息 {"status":"ok","msg":"-","gid":"589946","time_insert":"2023-03-14 10:34"}
2024-09-09 01:12:22 查询号码 【1423636】，GSD为【"-"】
2024-09-09 01:12:22 ok && -
2024-09-09 01:12:24 CHB 1423636?1725815542 第 1 次 等待 3 秒
2024-09-09 01:12:27 CHB 1423636?1725815542 第 1 次 获取到号码【1423636】GSD
2024-09-09 01:12:27 未获取到号码【1423636】GSD，可能号码格式错误
2024-09-09 01:12:27 获取到号码【1423636】的GSD为【-】
2024-09-09 01:12:35 GSD insert 第 1 次 等待 3 秒
2024-09-09 01:12:38 {"status":"bad","gid":"589946","msg":"添加失败！号码【1423636(-|-)】已存在！"}
2024-09-09 01:12:38 随机等待 97 秒，约 1 分钟
2024-09-09 01:12:38 下次操作: 2024-09-09 01:14:15

2024-09-09 01:14:15 开始第 3638 次操作

2024-09-09 01:14:15 开始操作号码 【1423637】
2024-09-09 01:14:22 GSD getOne 第 1 次 等待 3 秒
2024-09-09 01:14:25 查询号码 【1423637】，返回信息 {"status":"ok","msg":"-","gid":"589976","time_insert":"2023-03-14 10:55"}
2024-09-09 01:14:25 查询号码 【1423637】，GSD为【"-"】
2024-09-09 01:14:25 ok && -
2024-09-09 01:14:28 CHB 1423637?1725815665 第 1 次 等待 3 秒
2024-09-09 01:14:31 CHB 1423637?1725815665 第 1 次 获取到号码【1423637】GSD
2024-09-09 01:14:31 未获取到号码【1423637】GSD，可能号码格式错误
2024-09-09 01:14:31 获取到号码【1423637】的GSD为【-】
2024-09-09 01:14:39 GSD insert 第 1 次 等待 3 秒
2024-09-09 01:14:42 {"status":"bad","gid":"589976","msg":"添加失败！号码【1423637(-|-)】已存在！"}
2024-09-09 01:14:42 随机等待 149 秒，约 2 分钟
2024-09-09 01:14:42 下次操作: 2024-09-09 01:17:11

2024-09-09 01:17:11 开始第 3639 次操作

2024-09-09 01:17:11 开始操作号码 【1423638】
2024-09-09 01:17:19 GSD getOne 第 1 次 等待 3 秒
2024-09-09 01:17:22 查询号码 【1423638】，返回信息 {"status":"ok","msg":"-","gid":"590000","time_insert":"2023-03-14 11:13"}
2024-09-09 01:17:22 查询号码 【1423638】，GSD为【"-"】
2024-09-09 01:17:22 ok && -
2024-09-09 01:17:29 CHB 1423638?1725815842 第 1 次 等待 3 秒
2024-09-09 01:17:32 CHB 1423638?1725815842 第 1 次 获取到号码【1423638】GSD
2024-09-09 01:17:32 未获取到号码【1423638】GSD，可能号码格式错误
2024-09-09 01:17:32 获取到号码【1423638】的GSD为【-】
2024-09-09 01:17:39 GSD insert 第 1 次 等待 3 秒
2024-09-09 01:17:42 {"status":"bad","gid":"590000","msg":"添加失败！号码【1423638(-|-)】已存在！"}
2024-09-09 01:17:42 随机等待 93 秒，约 1 分钟
2024-09-09 01:17:42 下次操作: 2024-09-09 01:19:15

2024-09-09 01:19:15 开始第 3640 次操作

2024-09-09 01:19:15 开始操作号码 【1423639】
2024-09-09 01:19:23 GSD getOne 第 1 次 等待 3 秒
2024-09-09 01:19:26 查询号码 【1423639】，返回信息 {"status":"ok","msg":"-","gid":"590025","time_insert":"2023-03-14 11:30"}
2024-09-09 01:19:26 查询号码 【1423639】，GSD为【"-"】
2024-09-09 01:19:26 ok && -
2024-09-09 01:19:29 CHB 1423639?1725815966 第 1 次 等待 3 秒
2024-09-09 01:19:32 CHB 1423639?1725815966 第 1 次 获取到号码【1423639】GSD
2024-09-09 01:19:32 未获取到号码【1423639】GSD，可能号码格式错误
2024-09-09 01:19:32 获取到号码【1423639】的GSD为【-】
2024-09-09 01:19:40 GSD insert 第 1 次 等待 3 秒
2024-09-09 01:19:43 {"status":"bad","gid":"590025","msg":"添加失败！号码【1423639(-|-)】已存在！"}

2024-09-09 01:37:41 开始第 3641 次操作

2024-09-09 01:37:41 开始操作号码 【1423640】
2024-09-09 01:37:49 GSD getOne 第 1 次 等待 3 秒
2024-09-09 01:37:52 查询号码 【1423640】，返回信息 {"status":"ok","msg":"-","gid":"590055","time_insert":"2023-03-14 11:47"}
2024-09-09 01:37:52 查询号码 【1423640】，GSD为【"-"】
2024-09-09 01:37:52 ok && -
2024-09-09 01:37:55 CHB 1423640?1725817072 第 1 次 等待 3 秒
2024-09-09 01:37:58 CHB 1423640?1725817072 第 1 次 获取到号码【1423640】GSD
2024-09-09 01:37:58 未获取到号码【1423640】GSD，可能号码格式错误
2024-09-09 01:37:58 获取到号码【1423640】的GSD为【-】
2024-09-09 01:38:05 GSD insert 第 1 次 等待 3 秒
2024-09-09 01:38:08 {"status":"bad","gid":"590055","msg":"添加失败！号码【1423640(-|-)】已存在！"}
2024-09-09 01:38:08 随机等待 84 秒，约 1 分钟
2024-09-09 01:38:08 下次操作: 2024-09-09 01:39:32

2024-09-09 01:39:32 开始第 3642 次操作

2024-09-09 01:39:32 开始操作号码 【1423641】
2024-09-09 01:39:40 GSD getOne 第 1 次 等待 3 秒
2024-09-09 01:39:43 查询号码 【1423641】，返回信息 {"status":"ok","msg":"-","gid":"590095","time_insert":"2023-03-14 12:10"}
2024-09-09 01:39:43 查询号码 【1423641】，GSD为【"-"】
2024-09-09 01:39:43 ok && -
2024-09-09 01:39:45 CHB 1423641?1725817183 第 1 次 等待 3 秒
2024-09-09 01:39:48 CHB 1423641?1725817183 第 1 次 获取到号码【1423641】GSD
2024-09-09 01:39:48 未获取到号码【1423641】GSD，可能号码格式错误
2024-09-09 01:39:48 获取到号码【1423641】的GSD为【-】
2024-09-09 01:39:56 GSD insert 第 1 次 等待 3 秒
2024-09-09 01:39:59 {"status":"bad","gid":"590095","msg":"添加失败！号码【1423641(-|-)】已存在！"}
2024-09-09 01:39:59 随机等待 145 秒，约 2 分钟
2024-09-09 01:39:59 下次操作: 2024-09-09 01:42:24

2024-09-09 01:42:24 开始第 3643 次操作

2024-09-09 01:42:24 开始操作号码 【1423642】
2024-09-09 01:42:32 GSD getOne 第 1 次 等待 3 秒
2024-09-09 01:42:35 查询号码 【1423642】，返回信息 {"status":"ok","msg":"-","gid":"590116","time_insert":"2023-03-14 12:26"}
2024-09-09 01:42:35 查询号码 【1423642】，GSD为【"-"】
2024-09-09 01:42:35 ok && -
2024-09-09 01:42:37 CHB 1423642?1725817355 第 1 次 等待 3 秒
2024-09-09 01:42:40 CHB 1423642?1725817355 第 1 次 获取到号码【1423642】GSD
2024-09-09 01:42:40 未获取到号码【1423642】GSD，可能号码格式错误
2024-09-09 01:42:40 获取到号码【1423642】的GSD为【-】
2024-09-09 01:42:48 GSD insert 第 1 次 等待 3 秒
2024-09-09 01:42:51 {"status":"bad","gid":"590116","msg":"添加失败！号码【1423642(-|-)】已存在！"}
2024-09-09 01:42:51 随机等待 226 秒，约 3 分钟
2024-09-09 01:42:51 下次操作: 2024-09-09 01:46:37

2024-09-09 01:46:37 开始第 3644 次操作

2024-09-09 01:46:37 开始操作号码 【1423643】
2024-09-09 01:46:45 GSD getOne 第 1 次 等待 3 秒
2024-09-09 01:46:48 查询号码 【1423643】，返回信息 {"status":"ok","msg":"-","gid":"590135","time_insert":"2023-03-14 12:39"}
2024-09-09 01:46:48 查询号码 【1423643】，GSD为【"-"】
2024-09-09 01:46:48 ok && -
2024-09-09 01:46:50 CHB 1423643?1725817608 第 1 次 等待 3 秒
2024-09-09 01:46:53 CHB 1423643?1725817608 第 1 次 获取到号码【1423643】GSD
2024-09-09 01:46:53 未获取到号码【1423643】GSD，可能号码格式错误
2024-09-09 01:46:53 获取到号码【1423643】的GSD为【-】
2024-09-09 01:47:01 GSD insert 第 1 次 等待 3 秒
2024-09-09 01:47:04 {"status":"bad","gid":"590135","msg":"添加失败！号码【1423643(-|-)】已存在！"}

2024-09-09 02:17:30 开始第 3645 次操作

2024-09-09 02:17:30 开始操作号码 【1423644】
2024-09-09 02:17:38 GSD getOne 第 1 次 等待 3 秒
2024-09-09 02:17:41 查询号码 【1423644】，返回信息 {"status":"ok","msg":"-","gid":"590161","time_insert":"2023-03-14 12:55"}
2024-09-09 02:17:41 查询号码 【1423644】，GSD为【"-"】
2024-09-09 02:17:41 ok && -
2024-09-09 02:17:44 CHB 1423644?1725819461 第 1 次 等待 3 秒
2024-09-09 02:17:47 CHB 1423644?1725819461 第 1 次 获取到号码【1423644】GSD
2024-09-09 02:17:47 未获取到号码【1423644】GSD，可能号码格式错误
2024-09-09 02:17:47 获取到号码【1423644】的GSD为【-】
2024-09-09 02:17:55 GSD insert 第 1 次 等待 3 秒
2024-09-09 02:17:58 {"status":"bad","gid":"590161","msg":"添加失败！号码【1423644(-|-)】已存在！"}
2024-09-09 02:17:58 随机等待 168 秒，约 2 分钟
2024-09-09 02:17:58 下次操作: 2024-09-09 02:20:46

2024-09-09 02:20:46 开始第 3646 次操作

2024-09-09 02:20:46 开始操作号码 【1423645】
2024-09-09 02:20:53 GSD getOne 第 1 次 等待 3 秒
2024-09-09 02:20:56 查询号码 【1423645】，返回信息 {"status":"ok","msg":"-","gid":"590187","time_insert":"2023-03-14 13:11"}
2024-09-09 02:20:57 查询号码 【1423645】，GSD为【"-"】
2024-09-09 02:20:57 ok && -
2024-09-09 02:20:58 CHB 1423645?1725819657 第 1 次 等待 3 秒
2024-09-09 02:21:01 CHB 1423645?1725819657 第 1 次 获取到号码【1423645】GSD
2024-09-09 02:21:01 未获取到号码【1423645】GSD，可能号码格式错误
2024-09-09 02:21:01 获取到号码【1423645】的GSD为【-】
2024-09-09 02:21:09 GSD insert 第 1 次 等待 3 秒
2024-09-09 02:21:12 {"status":"bad","gid":"590187","msg":"添加失败！号码【1423645(-|-)】已存在！"}
2024-09-09 02:21:12 随机等待 110 秒，约 1 分钟
2024-09-09 02:21:12 下次操作: 2024-09-09 02:23:02

2024-09-09 02:23:02 开始第 3647 次操作

2024-09-09 02:23:02 开始操作号码 【1423646】
2024-09-09 02:23:10 GSD getOne 第 1 次 等待 3 秒
2024-09-09 02:23:13 查询号码 【1423646】，返回信息 {"status":"ok","msg":"-","gid":"590203","time_insert":"2023-03-14 13:23"}
2024-09-09 02:23:13 查询号码 【1423646】，GSD为【"-"】
2024-09-09 02:23:13 ok && -
2024-09-09 02:23:15 CHB 1423646?1725819793 第 1 次 等待 3 秒
2024-09-09 02:23:18 CHB 1423646?1725819793 第 1 次 获取到号码【1423646】GSD
2024-09-09 02:23:18 未获取到号码【1423646】GSD，可能号码格式错误
2024-09-09 02:23:18 获取到号码【1423646】的GSD为【-】
2024-09-09 02:23:26 GSD insert 第 1 次 等待 3 秒
2024-09-09 02:23:29 {"status":"bad","gid":"590203","msg":"添加失败！号码【1423646(-|-)】已存在！"}
2024-09-09 02:23:29 随机等待 113 秒，约 1 分钟
2024-09-09 02:23:29 下次操作: 2024-09-09 02:25:22

2024-09-09 02:25:22 开始第 3648 次操作

2024-09-09 02:25:22 开始操作号码 【1423647】
2024-09-09 02:25:30 GSD getOne 第 1 次 等待 3 秒
2024-09-09 02:25:33 查询号码 【1423647】，返回信息 {"status":"ok","msg":"-","gid":"590237","time_insert":"2023-03-14 13:40"}
2024-09-09 02:25:33 查询号码 【1423647】，GSD为【"-"】
2024-09-09 02:25:33 ok && -
2024-09-09 02:25:35 CHB 1423647?1725819933 第 1 次 等待 3 秒
2024-09-09 02:25:38 CHB 1423647?1725819933 第 1 次 获取到号码【1423647】GSD
2024-09-09 02:25:38 未获取到号码【1423647】GSD，可能号码格式错误
2024-09-09 02:25:38 获取到号码【1423647】的GSD为【-】
2024-09-09 02:25:46 GSD insert 第 1 次 等待 3 秒
2024-09-09 02:25:49 {"status":"bad","gid":"590237","msg":"添加失败！号码【1423647(-|-)】已存在！"}

2024-09-09 02:39:26 开始第 3649 次操作

2024-09-09 02:39:26 开始操作号码 【1423648】
2024-09-09 02:39:35 GSD getOne 第 1 次 等待 3 秒
2024-09-09 02:39:38 查询号码 【1423648】，返回信息 {"status":"ok","msg":"-","gid":"590258","time_insert":"2023-03-14 13:51"}
2024-09-09 02:39:38 查询号码 【1423648】，GSD为【"-"】
2024-09-09 02:39:38 ok && -
2024-09-09 02:39:40 CHB 1423648?1725820778 第 1 次 等待 3 秒
2024-09-09 02:39:43 CHB 1423648?1725820778 第 1 次 获取到号码【1423648】GSD
2024-09-09 02:39:43 未获取到号码【1423648】GSD，可能号码格式错误
2024-09-09 02:39:43 获取到号码【1423648】的GSD为【-】
2024-09-09 02:39:50 GSD insert 第 1 次 等待 3 秒
2024-09-09 02:39:53 {"status":"bad","gid":"590258","msg":"添加失败！号码【1423648(-|-)】已存在！"}
2024-09-09 02:39:53 随机等待 90 秒，约 1 分钟
2024-09-09 02:39:53 下次操作: 2024-09-09 02:41:23

2024-09-09 02:41:23 开始第 3650 次操作

2024-09-09 02:41:23 开始操作号码 【1423649】
2024-09-09 02:41:30 GSD getOne 第 1 次 等待 3 秒
2024-09-09 02:41:33 查询号码 【1423649】，返回信息 {"status":"ok","msg":"-","gid":"590288","time_insert":"2023-03-14 14:12"}
2024-09-09 02:41:34 查询号码 【1423649】，GSD为【"-"】
2024-09-09 02:41:34 ok && -
2024-09-09 02:41:35 CHB 1423649?1725820894 第 1 次 等待 3 秒
2024-09-09 02:41:38 CHB 1423649?1725820894 第 1 次 获取到号码【1423649】GSD
2024-09-09 02:41:38 未获取到号码【1423649】GSD，可能号码格式错误
2024-09-09 02:41:38 获取到号码【1423649】的GSD为【-】
2024-09-09 02:41:45 GSD insert 第 1 次 等待 3 秒
2024-09-09 02:41:48 {"status":"bad","gid":"590288","msg":"添加失败！号码【1423649(-|-)】已存在！"}
2024-09-09 02:41:48 随机等待 67 秒，约 1 分钟
2024-09-09 02:41:48 下次操作: 2024-09-09 02:42:55

2024-09-09 02:42:55 开始第 3651 次操作

2024-09-09 02:42:55 开始操作号码 【1423650】
2024-09-09 02:43:02 GSD getOne 第 1 次 等待 3 秒
2024-09-09 02:43:05 查询号码 【1423650】，返回信息 {"status":"ok","msg":"-","gid":"590317","time_insert":"2023-03-14 14:33"}
2024-09-09 02:43:05 查询号码 【1423650】，GSD为【"-"】
2024-09-09 02:43:05 ok && -
2024-09-09 02:43:07 CHB 1423650?1725820985 第 1 次 等待 3 秒
2024-09-09 02:43:10 CHB 1423650?1725820985 第 1 次 获取到号码【1423650】GSD
2024-09-09 02:43:10 未获取到号码【1423650】GSD，可能号码格式错误
2024-09-09 02:43:10 获取到号码【1423650】的GSD为【-】
2024-09-09 02:43:18 GSD insert 第 1 次 等待 3 秒
2024-09-09 02:43:21 {"status":"bad","gid":"590317","msg":"添加失败！号码【1423650(-|-)】已存在！"}
2024-09-09 02:43:21 随机等待 168 秒，约 2 分钟
2024-09-09 02:43:21 下次操作: 2024-09-09 02:46:09

2024-09-09 02:46:09 开始第 3652 次操作

2024-09-09 02:46:09 开始操作号码 【1423651】
2024-09-09 02:46:16 GSD getOne 第 1 次 等待 3 秒
2024-09-09 02:46:19 查询号码 【1423651】，返回信息 {"status":"ok","msg":"-","gid":"590344","time_insert":"2023-03-14 14:50"}
2024-09-09 02:46:19 查询号码 【1423651】，GSD为【"-"】
2024-09-09 02:46:19 ok && -
2024-09-09 02:46:21 CHB 1423651?1725821179 第 1 次 等待 3 秒
2024-09-09 02:46:24 CHB 1423651?1725821179 第 1 次 获取到号码【1423651】GSD
2024-09-09 02:46:24 未获取到号码【1423651】GSD，可能号码格式错误
2024-09-09 02:46:24 获取到号码【1423651】的GSD为【-】
2024-09-09 02:46:32 GSD insert 第 1 次 等待 3 秒
2024-09-09 02:46:35 {"status":"bad","gid":"590344","msg":"添加失败！号码【1423651(-|-)】已存在！"}

2024-09-09 03:11:03 开始第 3653 次操作

2024-09-09 03:11:03 开始操作号码 【1423652】
2024-09-09 03:11:11 GSD getOne 第 1 次 等待 3 秒
2024-09-09 03:11:14 查询号码 【1423652】，返回信息 {"status":"ok","msg":"-","gid":"590370","time_insert":"2023-03-14 15:07"}
2024-09-09 03:11:14 查询号码 【1423652】，GSD为【"-"】
2024-09-09 03:11:14 ok && -
2024-09-09 03:11:16 CHB 1423652?1725822674 第 1 次 等待 3 秒
2024-09-09 03:11:19 CHB 1423652?1725822674 第 1 次 获取到号码【1423652】GSD
2024-09-09 03:11:19 未获取到号码【1423652】GSD，可能号码格式错误
2024-09-09 03:11:19 获取到号码【1423652】的GSD为【-】
2024-09-09 03:11:26 GSD insert 第 1 次 等待 3 秒
2024-09-09 03:11:29 {"status":"bad","gid":"590370","msg":"添加失败！号码【1423652(-|-)】已存在！"}
2024-09-09 03:11:29 随机等待 225 秒，约 3 分钟
2024-09-09 03:11:29 下次操作: 2024-09-09 03:15:14

2024-09-09 03:15:14 开始第 3654 次操作

2024-09-09 03:15:14 开始操作号码 【1423653】
2024-09-09 03:15:22 GSD getOne 第 1 次 等待 3 秒
2024-09-09 03:15:25 查询号码 【1423653】，返回信息 {"status":"ok","msg":"-","gid":"590403","time_insert":"2023-03-14 15:29"}
2024-09-09 03:15:25 查询号码 【1423653】，GSD为【"-"】
2024-09-09 03:15:25 ok && -
2024-09-09 03:15:27 CHB 1423653?1725822925 第 1 次 等待 3 秒
2024-09-09 03:15:30 CHB 1423653?1725822925 第 1 次 获取到号码【1423653】GSD
2024-09-09 03:15:31 未获取到号码【1423653】GSD，可能号码格式错误
2024-09-09 03:15:31 获取到号码【1423653】的GSD为【-】
2024-09-09 03:15:38 GSD insert 第 1 次 等待 3 秒
2024-09-09 03:15:41 {"status":"bad","gid":"590403","msg":"添加失败！号码【1423653(-|-)】已存在！"}
2024-09-09 03:15:41 随机等待 150 秒，约 2 分钟
2024-09-09 03:15:41 下次操作: 2024-09-09 03:18:11

2024-09-09 03:18:11 开始第 3655 次操作

2024-09-09 03:18:11 开始操作号码 【1423654】
2024-09-09 03:18:19 GSD getOne 第 1 次 等待 3 秒
2024-09-09 03:18:22 查询号码 【1423654】，返回信息 {"status":"ok","msg":"-","gid":"590424","time_insert":"2023-03-14 15:40"}
2024-09-09 03:18:22 查询号码 【1423654】，GSD为【"-"】
2024-09-09 03:18:22 ok && -
2024-09-09 03:19:23 CHB 1423654?1725823102 第 1 次 等待 3 秒
2024-09-09 03:19:26 CHB 1423654?1725823102 第 1 次 获取到号码【1423654】GSD
2024-09-09 03:19:26 未获取到号码【1423654】GSD，可能号码格式错误
2024-09-09 03:19:26 获取到号码【1423654】的GSD为【-】
2024-09-09 03:19:34 GSD insert 第 1 次 等待 3 秒
2024-09-09 03:19:37 {"status":"bad","gid":"590424","msg":"添加失败！号码【1423654(-|-)】已存在！"}
2024-09-09 03:19:37 随机等待 128 秒，约 2 分钟
2024-09-09 03:19:37 下次操作: 2024-09-09 03:21:45

2024-09-09 03:21:45 开始第 3656 次操作

2024-09-09 03:21:45 开始操作号码 【1423655】
2024-09-09 03:21:53 GSD getOne 第 1 次 等待 3 秒
2024-09-09 03:21:56 查询号码 【1423655】，返回信息 {"status":"ok","msg":"-","gid":"590460","time_insert":"2023-03-14 15:59"}
2024-09-09 03:21:56 查询号码 【1423655】，GSD为【"-"】
2024-09-09 03:21:56 ok && -
2024-09-09 03:21:59 CHB 1423655?1725823316 第 1 次 等待 3 秒
2024-09-09 03:22:02 CHB 1423655?1725823316 第 1 次 获取到号码【1423655】GSD
2024-09-09 03:22:02 未获取到号码【1423655】GSD，可能号码格式错误
2024-09-09 03:22:02 获取到号码【1423655】的GSD为【-】
2024-09-09 03:22:09 GSD insert 第 1 次 等待 3 秒
2024-09-09 03:22:12 {"status":"bad","gid":"590460","msg":"添加失败！号码【1423655(-|-)】已存在！"}

2024-09-09 03:35:49 开始第 3657 次操作

2024-09-09 03:35:49 开始操作号码 【1423656】
2024-09-09 03:35:57 GSD getOne 第 1 次 等待 3 秒
2024-09-09 03:36:00 查询号码 【1423656】，返回信息 {"status":"ok","msg":"-","gid":"590471","time_insert":"2023-03-14 16:09"}
2024-09-09 03:36:00 查询号码 【1423656】，GSD为【"-"】
2024-09-09 03:36:00 ok && -
2024-09-09 03:36:02 CHB 1423656?1725824160 第 1 次 等待 3 秒
2024-09-09 03:36:05 CHB 1423656?1725824160 第 1 次 获取到号码【1423656】GSD
2024-09-09 03:36:06 未获取到号码【1423656】GSD，可能号码格式错误
2024-09-09 03:36:06 获取到号码【1423656】的GSD为【-】
2024-09-09 03:36:13 GSD insert 第 1 次 等待 3 秒
2024-09-09 03:36:16 {"status":"bad","gid":"590471","msg":"添加失败！号码【1423656(-|-)】已存在！"}
2024-09-09 03:36:16 随机等待 179 秒，约 2 分钟
2024-09-09 03:36:16 下次操作: 2024-09-09 03:39:15

2024-09-09 03:39:15 开始第 3658 次操作

2024-09-09 03:39:15 开始操作号码 【1423657】
2024-09-09 03:39:23 GSD getOne 第 1 次 等待 3 秒
2024-09-09 03:39:26 查询号码 【1423657】，返回信息 {"status":"ok","msg":"-","gid":"590505","time_insert":"2023-03-14 16:32"}
2024-09-09 03:39:26 查询号码 【1423657】，GSD为【"-"】
2024-09-09 03:39:26 ok && -
2024-09-09 03:39:29 CHB 1423657?1725824366 第 1 次 等待 3 秒
2024-09-09 03:39:32 CHB 1423657?1725824366 第 1 次 获取到号码【1423657】GSD
2024-09-09 03:39:32 未获取到号码【1423657】GSD，可能号码格式错误
2024-09-09 03:39:32 获取到号码【1423657】的GSD为【-】
2024-09-09 03:39:40 GSD insert 第 1 次 等待 3 秒
2024-09-09 03:39:43 {"status":"bad","gid":"590505","msg":"添加失败！号码【1423657(-|-)】已存在！"}
2024-09-09 03:39:43 随机等待 138 秒，约 2 分钟
2024-09-09 03:39:43 下次操作: 2024-09-09 03:42:01

2024-09-09 03:42:01 开始第 3659 次操作

2024-09-09 03:42:01 开始操作号码 【1423658】
2024-09-09 03:42:09 GSD getOne 第 1 次 等待 3 秒
2024-09-09 03:42:12 查询号码 【1423658】，返回信息 {"status":"ok","msg":"-","gid":"590523","time_insert":"2023-03-14 16:45"}
2024-09-09 03:42:12 查询号码 【1423658】，GSD为【"-"】
2024-09-09 03:42:12 ok && -
2024-09-09 03:47:13 CHB 1423658?1725824532 第 1 次 等待 3 秒
2024-09-09 03:47:16 CHB 1423658?1725824532 第 1 次 未获取到 等待 221 秒 下次操作: 2024-09-09 03:50:57
2024-09-09 03:51:00 CHB 1423658?1725825057 第 2 次 等待 3 秒
2024-09-09 03:51:03 CHB 1423658?1725825057 第 2 次 获取到号码【1423658】GSD
2024-09-09 03:51:03 未获取到号码【1423658】GSD，可能号码格式错误
2024-09-09 03:51:03 获取到号码【1423658】的GSD为【-】
2024-09-09 03:51:10 GSD insert 第 1 次 等待 3 秒
2024-09-09 03:51:13 {"status":"bad","gid":"590523","msg":"添加失败！号码【1423658(-|-)】已存在！"}
2024-09-09 03:51:14 随机等待 229 秒，约 3 分钟
2024-09-09 03:51:14 下次操作: 2024-09-09 03:55:03

2024-09-09 03:55:03 开始第 3660 次操作

2024-09-09 03:55:03 开始操作号码 【1423659】
2024-09-09 03:55:11 GSD getOne 第 1 次 等待 3 秒
2024-09-09 03:55:14 查询号码 【1423659】，返回信息 {"status":"ok","msg":"-","gid":"590538","time_insert":"2023-03-14 16:53"}
2024-09-09 03:55:14 查询号码 【1423659】，GSD为【"-"】
2024-09-09 03:55:14 ok && -
2024-09-09 03:55:17 CHB 1423659?1725825314 第 1 次 等待 3 秒
2024-09-09 03:55:20 CHB 1423659?1725825314 第 1 次 获取到号码【1423659】GSD
2024-09-09 03:55:20 未获取到号码【1423659】GSD，可能号码格式错误
2024-09-09 03:55:20 获取到号码【1423659】的GSD为【-】
2024-09-09 03:55:28 GSD insert 第 1 次 等待 3 秒
2024-09-09 03:55:31 {"status":"bad","gid":"590538","msg":"添加失败！号码【1423659(-|-)】已存在！"}

