2023-10-26 00:13:34 开始第 5241 次操作

2023-10-26 00:13:34 开始操作号码 【1965145】
2023-10-26 00:13:46 GSD getOne 第 1 次 等待 3 秒
2023-10-26 00:13:49 查询号码 【1965145】，返回信息 {"status":"ok","msg":"-","gid":"567400","time_insert":"2023-03-03 15:50"}
2023-10-26 00:13:49 查询号码 【1965145】，GSD为【"-"】
2023-10-26 00:13:49 ok && -
2023-10-26 00:13:52 CHB 1965145?1698250429 第 1 次 等待 3 秒
2023-10-26 00:13:55 CHB 1965145?1698250429 第 1 次 获取到号码【1965145】GSD
2023-10-26 00:13:55 未获取到号码【1965145】GSD，可能号码格式错误
2023-10-26 00:13:55 获取到号码【1965145】的GSD为【-】
2023-10-26 00:14:04 GSD insert 第 1 次 等待 3 秒
2023-10-26 00:14:07 {"status":"bad","gid":"567400","msg":"添加失败！号码【1965145(-|-)】已存在！"}
2023-10-26 00:14:07 随机等待 208 秒，约 3 分钟
2023-10-26 00:14:07 下次操作: 2023-10-26 00:17:35

2023-10-26 00:17:35 开始第 5242 次操作

2023-10-26 00:17:35 开始操作号码 【1965146】
2023-10-26 00:17:39 GSD getOne 第 1 次 等待 3 秒
2023-10-26 00:17:42 查询号码 【1965146】，返回信息 {"status":"ok","msg":"-","gid":"567404","time_insert":"2023-03-03 15:52"}
2023-10-26 00:17:42 查询号码 【1965146】，GSD为【"-"】
2023-10-26 00:17:42 ok && -
2023-10-26 00:17:44 CHB 1965146?1698250662 第 1 次 等待 3 秒
2023-10-26 00:17:47 CHB 1965146?1698250662 第 1 次 获取到号码【1965146】GSD
2023-10-26 00:17:47 未获取到号码【1965146】GSD，可能号码格式错误
2023-10-26 00:17:47 获取到号码【1965146】的GSD为【-】
2023-10-26 00:17:49 GSD insert 第 1 次 等待 3 秒
2023-10-26 00:17:52 {"status":"bad","gid":"567404","msg":"添加失败！号码【1965146(-|-)】已存在！"}
2023-10-26 00:17:52 随机等待 132 秒，约 2 分钟
2023-10-26 00:17:52 下次操作: 2023-10-26 00:20:04

2023-10-26 00:20:04 开始第 5243 次操作

2023-10-26 00:20:04 开始操作号码 【1965147】
2023-10-26 00:20:08 GSD getOne 第 1 次 等待 3 秒
2023-10-26 00:20:11 查询号码 【1965147】，返回信息 {"status":"ok","msg":"-","gid":"567408","time_insert":"2023-03-03 15:54"}
2023-10-26 00:20:11 查询号码 【1965147】，GSD为【"-"】
2023-10-26 00:20:11 ok && -
2023-10-26 00:20:13 CHB 1965147?1698250811 第 1 次 等待 3 秒
2023-10-26 00:20:16 CHB 1965147?1698250811 第 1 次 获取到号码【1965147】GSD
2023-10-26 00:20:16 未获取到号码【1965147】GSD，可能号码格式错误
2023-10-26 00:20:16 获取到号码【1965147】的GSD为【-】
2023-10-26 00:20:33 GSD insert 第 1 次 等待 3 秒
2023-10-26 00:20:36 {"status":"bad","gid":"567408","msg":"添加失败！号码【1965147(-|-)】已存在！"}
2023-10-26 00:20:36 随机等待 69 秒，约 1 分钟
2023-10-26 00:20:36 下次操作: 2023-10-26 00:21:45

2023-10-26 00:21:45 开始第 5244 次操作

2023-10-26 00:21:45 开始操作号码 【1965148】
2023-10-26 00:21:52 GSD getOne 第 1 次 等待 3 秒
2023-10-26 00:21:55 查询号码 【1965148】，返回信息 {"status":"ok","msg":"-","gid":"567413","time_insert":"2023-03-03 15:57"}
2023-10-26 00:21:55 查询号码 【1965148】，GSD为【"-"】
2023-10-26 00:21:55 ok && -
2023-10-26 00:21:57 CHB 1965148?1698250915 第 1 次 等待 3 秒
2023-10-26 00:22:00 CHB 1965148?1698250915 第 1 次 获取到号码【1965148】GSD
2023-10-26 00:22:00 未获取到号码【1965148】GSD，可能号码格式错误
2023-10-26 00:22:00 获取到号码【1965148】的GSD为【-】
2023-10-26 00:22:05 GSD insert 第 1 次 等待 3 秒
2023-10-26 00:22:08 {"status":"bad","gid":"567413","msg":"添加失败！号码【1965148(-|-)】已存在！"}

2023-10-26 00:36:45 开始第 5245 次操作

2023-10-26 00:36:45 开始操作号码 【1965149】
2023-10-26 00:36:50 GSD getOne 第 1 次 等待 3 秒
2023-10-26 00:36:53 查询号码 【1965149】，返回信息 {"status":"ok","msg":"-","gid":"567417","time_insert":"2023-03-03 15:59"}
2023-10-26 00:36:54 查询号码 【1965149】，GSD为【"-"】
2023-10-26 00:36:54 ok && -
2023-10-26 00:36:56 CHB 1965149?1698251814 第 1 次 等待 3 秒
2023-10-26 00:36:59 CHB 1965149?1698251814 第 1 次 获取到号码【1965149】GSD
2023-10-26 00:36:59 未获取到号码【1965149】GSD，可能号码格式错误
2023-10-26 00:36:59 获取到号码【1965149】的GSD为【-】
2023-10-26 00:37:02 GSD insert 第 1 次 等待 3 秒
2023-10-26 00:37:05 {"status":"bad","gid":"567417","msg":"添加失败！号码【1965149(-|-)】已存在！"}
2023-10-26 00:37:05 随机等待 212 秒，约 3 分钟
2023-10-26 00:37:05 下次操作: 2023-10-26 00:40:37

2023-10-26 00:40:37 开始第 5246 次操作

2023-10-26 00:40:37 开始操作号码 【1965150】
2023-10-26 00:40:40 GSD getOne 第 1 次 等待 3 秒
2023-10-26 00:40:43 查询号码 【1965150】，返回信息 {"status":"ok","msg":"-","gid":"567430","time_insert":"2023-03-03 16:12"}
2023-10-26 00:40:43 查询号码 【1965150】，GSD为【"-"】
2023-10-26 00:40:43 ok && -
2023-10-26 00:40:49 CHB 1965150?1698252043 第 1 次 等待 3 秒
2023-10-26 00:40:52 CHB 1965150?1698252043 第 1 次 获取到号码【1965150】GSD
2023-10-26 00:40:52 未获取到号码【1965150】GSD，可能号码格式错误
2023-10-26 00:40:52 获取到号码【1965150】的GSD为【-】
2023-10-26 00:40:55 GSD insert 第 1 次 等待 3 秒
2023-10-26 00:40:58 {"status":"bad","gid":"567430","msg":"添加失败！号码【1965150(-|-)】已存在！"}
2023-10-26 00:40:58 随机等待 133 秒，约 2 分钟
2023-10-26 00:40:58 下次操作: 2023-10-26 00:43:11

2023-10-26 00:43:11 开始第 5247 次操作

2023-10-26 00:43:11 开始操作号码 【1965151】
2023-10-26 00:43:14 GSD getOne 第 1 次 等待 3 秒
2023-10-26 00:43:17 查询号码 【1965151】，返回信息 {"status":"ok","msg":"-","gid":"567434","time_insert":"2023-03-03 16:14"}
2023-10-26 00:43:17 查询号码 【1965151】，GSD为【"-"】
2023-10-26 00:43:17 ok && -
2023-10-26 00:43:24 CHB 1965151?1698252197 第 1 次 等待 3 秒
2023-10-26 00:43:27 CHB 1965151?1698252197 第 1 次 获取到号码【1965151】GSD
2023-10-26 00:43:27 未获取到号码【1965151】GSD，可能号码格式错误
2023-10-26 00:43:27 获取到号码【1965151】的GSD为【-】
2023-10-26 00:43:33 GSD insert 第 1 次 等待 3 秒
2023-10-26 00:43:36 {"status":"bad","gid":"567434","msg":"添加失败！号码【1965151(-|-)】已存在！"}
2023-10-26 00:43:36 随机等待 164 秒，约 2 分钟
2023-10-26 00:43:36 下次操作: 2023-10-26 00:46:20

2023-10-26 00:46:20 开始第 5248 次操作

2023-10-26 00:46:20 开始操作号码 【1965152】
2023-10-26 00:46:23 GSD getOne 第 1 次 等待 3 秒
2023-10-26 00:46:26 查询号码 【1965152】，返回信息 {"status":"ok","msg":"-","gid":"567440","time_insert":"2023-03-03 16:16"}
2023-10-26 00:46:26 查询号码 【1965152】，GSD为【"-"】
2023-10-26 00:46:26 ok && -
2023-10-26 00:46:32 CHB 1965152?1698252386 第 1 次 等待 3 秒
2023-10-26 00:46:35 CHB 1965152?1698252386 第 1 次 获取到号码【1965152】GSD
2023-10-26 00:46:35 未获取到号码【1965152】GSD，可能号码格式错误
2023-10-26 00:46:35 获取到号码【1965152】的GSD为【-】
2023-10-26 00:46:38 GSD insert 第 1 次 等待 3 秒
2023-10-26 00:46:41 {"status":"bad","gid":"567440","msg":"添加失败！号码【1965152(-|-)】已存在！"}

2023-10-26 01:08:46 开始第 5249 次操作

2023-10-26 01:08:46 开始操作号码 【1965153】
2023-10-26 01:08:54 GSD getOne 第 1 次 等待 3 秒
2023-10-26 01:08:57 查询号码 【1965153】，返回信息 {"status":"ok","msg":"-","gid":"567443","time_insert":"2023-03-03 16:19"}
2023-10-26 01:08:57 查询号码 【1965153】，GSD为【"-"】
2023-10-26 01:08:57 ok && -
2023-10-26 01:09:03 CHB 1965153?1698253737 第 1 次 等待 3 秒
2023-10-26 01:09:06 CHB 1965153?1698253737 第 1 次 获取到号码【1965153】GSD
2023-10-26 01:09:06 未获取到号码【1965153】GSD，可能号码格式错误
2023-10-26 01:09:06 获取到号码【1965153】的GSD为【-】
2023-10-26 01:09:09 GSD insert 第 1 次 等待 3 秒
2023-10-26 01:09:12 {"status":"bad","gid":"567443","msg":"添加失败！号码【1965153(-|-)】已存在！"}
2023-10-26 01:09:12 随机等待 149 秒，约 2 分钟
2023-10-26 01:09:12 下次操作: 2023-10-26 01:11:41

2023-10-26 01:11:41 开始第 5250 次操作

2023-10-26 01:11:41 开始操作号码 【1965154】
2023-10-26 01:11:44 GSD getOne 第 1 次 等待 3 秒
2023-10-26 01:11:47 查询号码 【1965154】，返回信息 {"status":"ok","msg":"-","gid":"567459","time_insert":"2023-03-03 16:32"}
2023-10-26 01:11:47 查询号码 【1965154】，GSD为【"-"】
2023-10-26 01:11:47 ok && -
2023-10-26 01:11:48 CHB 1965154?1698253907 第 1 次 等待 3 秒
2023-10-26 01:11:51 CHB 1965154?1698253907 第 1 次 获取到号码【1965154】GSD
2023-10-26 01:11:52 未获取到号码【1965154】GSD，可能号码格式错误
2023-10-26 01:11:52 获取到号码【1965154】的GSD为【-】
2023-10-26 01:11:54 GSD insert 第 1 次 等待 3 秒
2023-10-26 01:11:57 {"status":"bad","gid":"567459","msg":"添加失败！号码【1965154(-|-)】已存在！"}
2023-10-26 01:11:57 随机等待 132 秒，约 2 分钟
2023-10-26 01:11:57 下次操作: 2023-10-26 01:14:09

2023-10-26 01:14:09 开始第 5251 次操作

2023-10-26 01:14:09 开始操作号码 【1965155】
2023-10-26 01:14:12 GSD getOne 第 1 次 等待 3 秒
2023-10-26 01:14:15 查询号码 【1965155】，返回信息 {"status":"ok","msg":"-","gid":"567464","time_insert":"2023-03-03 16:35"}
2023-10-26 01:14:15 查询号码 【1965155】，GSD为【"-"】
2023-10-26 01:14:15 ok && -
2023-10-26 01:14:21 CHB 1965155?1698254055 第 1 次 等待 3 秒
2023-10-26 01:14:24 CHB 1965155?1698254055 第 1 次 获取到号码【1965155】GSD
2023-10-26 01:14:24 未获取到号码【1965155】GSD，可能号码格式错误
2023-10-26 01:14:24 获取到号码【1965155】的GSD为【-】
2023-10-26 01:14:27 GSD insert 第 1 次 等待 3 秒
2023-10-26 01:14:30 {"status":"bad","gid":"567464","msg":"添加失败！号码【1965155(-|-)】已存在！"}
2023-10-26 01:14:30 随机等待 231 秒，约 3 分钟
2023-10-26 01:14:30 下次操作: 2023-10-26 01:18:21

2023-10-26 01:18:21 开始第 5252 次操作

2023-10-26 01:18:21 开始操作号码 【1965156】
2023-10-26 01:18:24 GSD getOne 第 1 次 等待 3 秒
2023-10-26 01:18:27 查询号码 【1965156】，返回信息 {"status":"ok","msg":"-","gid":"567466","time_insert":"2023-03-03 16:36"}
2023-10-26 01:18:27 查询号码 【1965156】，GSD为【"-"】
2023-10-26 01:18:27 ok && -
2023-10-26 01:18:29 CHB 1965156?1698254307 第 1 次 等待 3 秒
2023-10-26 01:18:32 CHB 1965156?1698254307 第 1 次 获取到号码【1965156】GSD
2023-10-26 01:18:32 未获取到号码【1965156】GSD，可能号码格式错误
2023-10-26 01:18:32 获取到号码【1965156】的GSD为【-】
2023-10-26 01:18:35 GSD insert 第 1 次 等待 3 秒
2023-10-26 01:18:38 {"status":"bad","gid":"567466","msg":"添加失败！号码【1965156(-|-)】已存在！"}

