2024-09-26 00:19:43 开始第 6569 次操作

2024-09-26 00:19:43 开始操作号码 【1426567】
2024-09-26 00:19:46 GSD getOne 第 1 次 等待 3 秒
2024-09-26 00:19:49 查询号码 【1426567】，返回信息 {"status":"ok","msg":"-","gid":"655771","time_insert":"2023-04-15 10:20"}
2024-09-26 00:19:49 查询号码 【1426567】，GSD为【"-"】
2024-09-26 00:19:49 ok && -
2024-09-26 00:19:51 CHB 1426567?1727281189 第 1 次 等待 3 秒
2024-09-26 00:19:54 CHB 1426567?1727281189 第 1 次 获取到号码【1426567】GSD
2024-09-26 00:19:54 未获取到号码【1426567】GSD，可能号码格式错误
2024-09-26 00:19:54 获取到号码【1426567】的GSD为【-】
2024-09-26 00:19:56 GSD insert 第 1 次 等待 3 秒
2024-09-26 00:19:59 {"status":"bad","gid":"655771","msg":"添加失败！号码【1426567(-|-)】已存在！"}
2024-09-26 00:19:59 随机等待 223 秒，约 3 分钟
2024-09-26 00:19:59 下次操作: 2024-09-26 00:23:42

2024-09-26 00:23:42 开始第 6570 次操作

2024-09-26 00:23:42 开始操作号码 【1426568】
2024-09-26 00:23:44 GSD getOne 第 1 次 等待 3 秒
2024-09-26 00:23:47 查询号码 【1426568】，返回信息 {"status":"ok","msg":"-","gid":"655784","time_insert":"2023-04-15 10:31"}
2024-09-26 00:23:47 查询号码 【1426568】，GSD为【"-"】
2024-09-26 00:23:47 ok && -
2024-09-26 00:23:49 CHB 1426568?1727281427 第 1 次 等待 3 秒
2024-09-26 00:23:52 CHB 1426568?1727281427 第 1 次 获取到号码【1426568】GSD
2024-09-26 00:23:52 未获取到号码【1426568】GSD，可能号码格式错误
2024-09-26 00:23:52 获取到号码【1426568】的GSD为【-】
2024-09-26 00:25:03 GSD insert 第 1 次 等待 3 秒
2024-09-26 00:25:06 {"status":"bad","gid":"655784","msg":"添加失败！号码【1426568(-|-)】已存在！"}
2024-09-26 00:25:06 随机等待 76 秒，约 1 分钟
2024-09-26 00:25:06 下次操作: 2024-09-26 00:26:22

2024-09-26 00:26:22 开始第 6571 次操作

2024-09-26 00:26:22 开始操作号码 【1426569】
2024-09-26 00:26:23 GSD getOne 第 1 次 等待 3 秒
2024-09-26 00:26:26 查询号码 【1426569】，返回信息 {"status":"ok","msg":"-","gid":"655816","time_insert":"2023-04-15 10:51"}
2024-09-26 00:26:27 查询号码 【1426569】，GSD为【"-"】
2024-09-26 00:26:27 ok && -
2024-09-26 00:26:28 CHB 1426569?1727281587 第 1 次 等待 3 秒
2024-09-26 00:26:31 CHB 1426569?1727281587 第 1 次 获取到号码【1426569】GSD
2024-09-26 00:26:31 未获取到号码【1426569】GSD，可能号码格式错误
2024-09-26 00:26:31 获取到号码【1426569】的GSD为【-】
2024-09-26 00:26:33 GSD insert 第 1 次 等待 3 秒
2024-09-26 00:26:36 {"status":"bad","gid":"655816","msg":"添加失败！号码【1426569(-|-)】已存在！"}
2024-09-26 00:26:36 随机等待 224 秒，约 3 分钟
2024-09-26 00:26:36 下次操作: 2024-09-26 00:30:20

2024-09-26 00:30:20 开始第 6572 次操作

2024-09-26 00:30:20 开始操作号码 【1426570】
2024-09-26 00:30:22 GSD getOne 第 1 次 等待 3 秒
2024-09-26 00:30:25 查询号码 【1426570】，返回信息 {"status":"ok","msg":"-","gid":"655846","time_insert":"2023-04-15 11:09"}
2024-09-26 00:30:25 查询号码 【1426570】，GSD为【"-"】
2024-09-26 00:30:25 ok && -
2024-09-26 00:30:27 CHB 1426570?1727281825 第 1 次 等待 3 秒
2024-09-26 00:30:30 CHB 1426570?1727281825 第 1 次 获取到号码【1426570】GSD
2024-09-26 00:30:30 未获取到号码【1426570】GSD，可能号码格式错误
2024-09-26 00:30:30 获取到号码【1426570】的GSD为【-】
2024-09-26 00:30:33 GSD insert 第 1 次 等待 3 秒
2024-09-26 00:30:36 {"status":"bad","gid":"655846","msg":"添加失败！号码【1426570(-|-)】已存在！"}

2024-09-26 00:46:16 开始第 6573 次操作

2024-09-26 00:46:16 开始操作号码 【1426571】
2024-09-26 00:46:18 GSD getOne 第 1 次 等待 3 秒
2024-09-26 00:46:21 查询号码 【1426571】，返回信息 {"status":"ok","msg":"-","gid":"655864","time_insert":"2023-04-15 11:19"}
2024-09-26 00:46:21 查询号码 【1426571】，GSD为【"-"】
2024-09-26 00:46:21 ok && -
2024-09-26 00:46:23 CHB 1426571?1727282781 第 1 次 等待 3 秒
2024-09-26 00:46:26 CHB 1426571?1727282781 第 1 次 获取到号码【1426571】GSD
2024-09-26 00:46:26 未获取到号码【1426571】GSD，可能号码格式错误
2024-09-26 00:46:26 获取到号码【1426571】的GSD为【-】
2024-09-26 00:46:28 GSD insert 第 1 次 等待 3 秒
2024-09-26 00:46:31 {"status":"bad","gid":"655864","msg":"添加失败！号码【1426571(-|-)】已存在！"}
2024-09-26 00:46:31 随机等待 231 秒，约 3 分钟
2024-09-26 00:46:31 下次操作: 2024-09-26 00:50:22

2024-09-26 00:50:22 开始第 6574 次操作

2024-09-26 00:50:22 开始操作号码 【1426572】
2024-09-26 00:50:24 GSD getOne 第 1 次 等待 3 秒
2024-09-26 00:50:27 查询号码 【1426572】，返回信息 {"status":"ok","msg":"-","gid":"655884","time_insert":"2023-04-15 11:32"}
2024-09-26 00:50:27 查询号码 【1426572】，GSD为【"-"】
2024-09-26 00:50:27 ok && -
2024-09-26 00:50:29 CHB 1426572?1727283027 第 1 次 等待 3 秒
2024-09-26 00:50:32 CHB 1426572?1727283027 第 1 次 获取到号码【1426572】GSD
2024-09-26 00:50:32 未获取到号码【1426572】GSD，可能号码格式错误
2024-09-26 00:50:32 获取到号码【1426572】的GSD为【-】
2024-09-26 00:50:33 GSD insert 第 1 次 等待 3 秒
2024-09-26 00:50:36 {"status":"bad","gid":"655884","msg":"添加失败！号码【1426572(-|-)】已存在！"}
2024-09-26 00:50:36 随机等待 184 秒，约 3 分钟
2024-09-26 00:50:36 下次操作: 2024-09-26 00:53:40

2024-09-26 00:53:40 开始第 6575 次操作

2024-09-26 00:53:40 开始操作号码 【1426573】
2024-09-26 00:53:43 GSD getOne 第 1 次 等待 3 秒
2024-09-26 00:53:46 查询号码 【1426573】，返回信息 {"status":"ok","msg":"-","gid":"655921","time_insert":"2023-04-15 11:53"}
2024-09-26 00:53:46 查询号码 【1426573】，GSD为【"-"】
2024-09-26 00:53:46 ok && -
2024-09-26 00:53:48 CHB 1426573?1727283226 第 1 次 等待 3 秒
2024-09-26 00:53:51 CHB 1426573?1727283226 第 1 次 获取到号码【1426573】GSD
2024-09-26 00:53:51 未获取到号码【1426573】GSD，可能号码格式错误
2024-09-26 00:53:51 获取到号码【1426573】的GSD为【-】
2024-09-26 00:53:53 GSD insert 第 1 次 等待 3 秒
2024-09-26 00:53:56 {"status":"bad","gid":"655921","msg":"添加失败！号码【1426573(-|-)】已存在！"}
2024-09-26 00:53:56 随机等待 77 秒，约 1 分钟
2024-09-26 00:53:56 下次操作: 2024-09-26 00:55:13

2024-09-26 00:55:13 开始第 6576 次操作

2024-09-26 00:55:13 开始操作号码 【1426574】
2024-09-26 00:55:18 GSD getOne 第 1 次 等待 3 秒
2024-09-26 00:55:21 查询号码 【1426574】，返回信息 {"status":"ok","msg":"-","gid":"655947","time_insert":"2023-04-15 12:09"}
2024-09-26 00:55:21 查询号码 【1426574】，GSD为【"-"】
2024-09-26 00:55:21 ok && -
2024-09-26 00:55:22 CHB 1426574?1727283321 第 1 次 等待 3 秒
2024-09-26 00:55:25 CHB 1426574?1727283321 第 1 次 获取到号码【1426574】GSD
2024-09-26 00:55:25 未获取到号码【1426574】GSD，可能号码格式错误
2024-09-26 00:55:25 获取到号码【1426574】的GSD为【-】
2024-09-26 00:55:27 GSD insert 第 1 次 等待 3 秒
2024-09-26 00:55:30 {"status":"bad","gid":"655947","msg":"添加失败！号码【1426574(-|-)】已存在！"}

2024-09-26 01:12:47 开始第 6577 次操作

2024-09-26 01:12:47 开始操作号码 【1426575】
2024-09-26 01:12:49 GSD getOne 第 1 次 等待 3 秒
2024-09-26 01:12:52 查询号码 【1426575】，返回信息 {"status":"ok","msg":"-","gid":"655966","time_insert":"2023-04-15 12:23"}
2024-09-26 01:12:52 查询号码 【1426575】，GSD为【"-"】
2024-09-26 01:12:52 ok && -
2024-09-26 01:12:54 CHB 1426575?1727284372 第 1 次 等待 3 秒
2024-09-26 01:12:57 CHB 1426575?1727284372 第 1 次 获取到号码【1426575】GSD
2024-09-26 01:12:57 未获取到号码【1426575】GSD，可能号码格式错误
2024-09-26 01:12:57 获取到号码【1426575】的GSD为【-】
2024-09-26 01:13:00 GSD insert 第 1 次 等待 3 秒
2024-09-26 01:13:03 {"status":"bad","gid":"655966","msg":"添加失败！号码【1426575(-|-)】已存在！"}
2024-09-26 01:13:03 随机等待 76 秒，约 1 分钟
2024-09-26 01:13:03 下次操作: 2024-09-26 01:14:19

2024-09-26 01:14:19 开始第 6578 次操作

2024-09-26 01:14:19 开始操作号码 【1426576】
2024-09-26 01:14:24 GSD getOne 第 1 次 等待 3 秒
2024-09-26 01:14:27 查询号码 【1426576】，返回信息 {"status":"ok","msg":"-","gid":"655991","time_insert":"2023-04-15 12:40"}
2024-09-26 01:14:27 查询号码 【1426576】，GSD为【"-"】
2024-09-26 01:14:27 ok && -
2024-09-26 01:14:28 CHB 1426576?1727284467 第 1 次 等待 3 秒
2024-09-26 01:14:31 CHB 1426576?1727284467 第 1 次 获取到号码【1426576】GSD
2024-09-26 01:14:31 未获取到号码【1426576】GSD，可能号码格式错误
2024-09-26 01:14:31 获取到号码【1426576】的GSD为【-】
2024-09-26 01:14:33 GSD insert 第 1 次 等待 3 秒
2024-09-26 01:14:36 {"status":"bad","gid":"655991","msg":"添加失败！号码【1426576(-|-)】已存在！"}
2024-09-26 01:14:36 随机等待 232 秒，约 3 分钟
2024-09-26 01:14:36 下次操作: 2024-09-26 01:18:28

2024-09-26 01:18:28 开始第 6579 次操作

2024-09-26 01:18:28 开始操作号码 【1426577】
2024-09-26 01:18:30 GSD getOne 第 1 次 等待 3 秒
2024-09-26 01:18:33 查询号码 【1426577】，返回信息 {"status":"ok","msg":"-","gid":"656028","time_insert":"2023-04-15 13:01"}
2024-09-26 01:18:33 查询号码 【1426577】，GSD为【"-"】
2024-09-26 01:18:33 ok && -
2024-09-26 01:18:35 CHB 1426577?1727284713 第 1 次 等待 3 秒
2024-09-26 01:18:38 CHB 1426577?1727284713 第 1 次 获取到号码【1426577】GSD
2024-09-26 01:18:38 未获取到号码【1426577】GSD，可能号码格式错误
2024-09-26 01:18:38 获取到号码【1426577】的GSD为【-】
2024-09-26 01:18:40 GSD insert 第 1 次 等待 3 秒
2024-09-26 01:18:43 {"status":"bad","gid":"656028","msg":"添加失败！号码【1426577(-|-)】已存在！"}
2024-09-26 01:18:43 随机等待 181 秒，约 3 分钟
2024-09-26 01:18:43 下次操作: 2024-09-26 01:21:44

2024-09-26 01:21:44 开始第 6580 次操作

2024-09-26 01:21:44 开始操作号码 【1426578】
2024-09-26 01:21:45 GSD getOne 第 1 次 等待 3 秒
2024-09-26 01:21:48 查询号码 【1426578】，返回信息 {"status":"ok","msg":"-","gid":"656052","time_insert":"2023-04-15 13:17"}
2024-09-26 01:21:48 查询号码 【1426578】，GSD为【"-"】
2024-09-26 01:21:48 ok && -
2024-09-26 01:21:50 CHB 1426578?1727284908 第 1 次 等待 3 秒
2024-09-26 01:21:53 CHB 1426578?1727284908 第 1 次 获取到号码【1426578】GSD
2024-09-26 01:21:53 未获取到号码【1426578】GSD，可能号码格式错误
2024-09-26 01:21:53 获取到号码【1426578】的GSD为【-】
2024-09-26 01:21:55 GSD insert 第 1 次 等待 3 秒
2024-09-26 01:21:58 {"status":"bad","gid":"656052","msg":"添加失败！号码【1426578(-|-)】已存在！"}

2024-09-26 01:37:21 开始第 6581 次操作

2024-09-26 01:37:21 开始操作号码 【1426579】
2024-09-26 01:37:23 GSD getOne 第 1 次 等待 3 秒
2024-09-26 01:37:26 查询号码 【1426579】，返回信息 {"status":"ok","msg":"-","gid":"656072","time_insert":"2023-04-15 13:29"}
2024-09-26 01:37:26 查询号码 【1426579】，GSD为【"-"】
2024-09-26 01:37:26 ok && -
2024-09-26 01:37:28 CHB 1426579?1727285846 第 1 次 等待 3 秒
2024-09-26 01:37:31 CHB 1426579?1727285846 第 1 次 获取到号码【1426579】GSD
2024-09-26 01:37:31 未获取到号码【1426579】GSD，可能号码格式错误
2024-09-26 01:37:31 获取到号码【1426579】的GSD为【-】
2024-09-26 01:37:33 GSD insert 第 1 次 等待 3 秒
2024-09-26 01:37:36 {"status":"bad","gid":"656072","msg":"添加失败！号码【1426579(-|-)】已存在！"}
2024-09-26 01:37:36 随机等待 194 秒，约 3 分钟
2024-09-26 01:37:36 下次操作: 2024-09-26 01:40:50

2024-09-26 01:40:50 开始第 6582 次操作

2024-09-26 01:40:50 开始操作号码 【1426580】
2024-09-26 01:40:52 GSD getOne 第 1 次 等待 3 秒
2024-09-26 01:40:55 查询号码 【1426580】，返回信息 {"status":"ok","msg":"-","gid":"656102","time_insert":"2023-04-15 13:47"}
2024-09-26 01:40:55 查询号码 【1426580】，GSD为【"-"】
2024-09-26 01:40:55 ok && -
2024-09-26 01:40:57 CHB 1426580?1727286055 第 1 次 等待 3 秒
2024-09-26 01:41:00 CHB 1426580?1727286055 第 1 次 获取到号码【1426580】GSD
2024-09-26 01:41:00 未获取到号码【1426580】GSD，可能号码格式错误
2024-09-26 01:41:00 获取到号码【1426580】的GSD为【-】
2024-09-26 01:41:02 GSD insert 第 1 次 等待 3 秒
2024-09-26 01:41:05 {"status":"bad","gid":"656102","msg":"添加失败！号码【1426580(-|-)】已存在！"}
2024-09-26 01:41:05 随机等待 78 秒，约 1 分钟
2024-09-26 01:41:05 下次操作: 2024-09-26 01:42:23

2024-09-26 01:42:23 开始第 6583 次操作

2024-09-26 01:42:23 开始操作号码 【1426581】
2024-09-26 01:42:26 GSD getOne 第 1 次 等待 3 秒
2024-09-26 01:42:29 查询号码 【1426581】，返回信息 {"status":"ok","msg":"-","gid":"656125","time_insert":"2023-04-15 13:59"}
2024-09-26 01:42:29 查询号码 【1426581】，GSD为【"-"】
2024-09-26 01:42:29 ok && -
2024-09-26 01:42:30 CHB 1426581?1727286149 第 1 次 等待 3 秒
2024-09-26 01:42:33 CHB 1426581?1727286149 第 1 次 获取到号码【1426581】GSD
2024-09-26 01:42:33 未获取到号码【1426581】GSD，可能号码格式错误
2024-09-26 01:42:33 获取到号码【1426581】的GSD为【-】
2024-09-26 01:42:35 GSD insert 第 1 次 等待 3 秒
2024-09-26 01:42:38 {"status":"bad","gid":"656125","msg":"添加失败！号码【1426581(-|-)】已存在！"}
2024-09-26 01:42:38 随机等待 119 秒，约 1 分钟
2024-09-26 01:42:38 下次操作: 2024-09-26 01:44:37

2024-09-26 01:44:37 开始第 6584 次操作

2024-09-26 01:44:37 开始操作号码 【1426582】
2024-09-26 01:44:39 GSD getOne 第 1 次 等待 3 秒
2024-09-26 01:44:42 查询号码 【1426582】，返回信息 {"status":"ok","msg":"-","gid":"656159","time_insert":"2023-04-15 14:22"}
2024-09-26 01:44:42 查询号码 【1426582】，GSD为【"-"】
2024-09-26 01:44:42 ok && -
2024-09-26 01:44:44 CHB 1426582?1727286282 第 1 次 等待 3 秒
2024-09-26 01:44:47 CHB 1426582?1727286282 第 1 次 获取到号码【1426582】GSD
2024-09-26 01:44:47 未获取到号码【1426582】GSD，可能号码格式错误
2024-09-26 01:44:47 获取到号码【1426582】的GSD为【-】
2024-09-26 01:44:49 GSD insert 第 1 次 等待 3 秒
2024-09-26 01:44:52 {"status":"bad","gid":"656159","msg":"添加失败！号码【1426582(-|-)】已存在！"}

2024-09-26 02:19:02 开始第 6585 次操作

2024-09-26 02:19:02 开始操作号码 【1426583】
2024-09-26 02:19:04 GSD getOne 第 1 次 等待 3 秒
2024-09-26 02:19:07 查询号码 【1426583】，返回信息 {"status":"ok","msg":"-","gid":"656181","time_insert":"2023-04-15 14:36"}
2024-09-26 02:19:07 查询号码 【1426583】，GSD为【"-"】
2024-09-26 02:19:07 ok && -
2024-09-26 02:19:09 CHB 1426583?1727288347 第 1 次 等待 3 秒
2024-09-26 02:19:12 CHB 1426583?1727288347 第 1 次 获取到号码【1426583】GSD
2024-09-26 02:19:12 未获取到号码【1426583】GSD，可能号码格式错误
2024-09-26 02:19:12 获取到号码【1426583】的GSD为【-】
2024-09-26 02:19:14 GSD insert 第 1 次 等待 3 秒
2024-09-26 02:19:17 {"status":"bad","gid":"656181","msg":"添加失败！号码【1426583(-|-)】已存在！"}
2024-09-26 02:19:18 随机等待 163 秒，约 2 分钟
2024-09-26 02:19:18 下次操作: 2024-09-26 02:22:01

2024-09-26 02:22:01 开始第 6586 次操作

2024-09-26 02:22:01 开始操作号码 【1426584】
2024-09-26 02:22:03 GSD getOne 第 1 次 等待 3 秒
2024-09-26 02:22:06 查询号码 【1426584】，返回信息 {"status":"ok","msg":"-","gid":"656210","time_insert":"2023-04-15 14:53"}
2024-09-26 02:22:06 查询号码 【1426584】，GSD为【"-"】
2024-09-26 02:22:06 ok && -
2024-09-26 02:22:07 CHB 1426584?1727288526 第 1 次 等待 3 秒
2024-09-26 02:22:10 CHB 1426584?1727288526 第 1 次 获取到号码【1426584】GSD
2024-09-26 02:22:10 未获取到号码【1426584】GSD，可能号码格式错误
2024-09-26 02:22:10 获取到号码【1426584】的GSD为【-】
2024-09-26 02:22:12 GSD insert 第 1 次 等待 3 秒
2024-09-26 02:22:15 {"status":"bad","gid":"656210","msg":"添加失败！号码【1426584(-|-)】已存在！"}
2024-09-26 02:22:15 随机等待 80 秒，约 1 分钟
2024-09-26 02:22:15 下次操作: 2024-09-26 02:23:35

2024-09-26 02:23:35 开始第 6587 次操作

2024-09-26 02:23:35 开始操作号码 【1426585】
2024-09-26 02:23:37 GSD getOne 第 1 次 等待 3 秒
2024-09-26 02:23:40 查询号码 【1426585】，返回信息 {"status":"ok","msg":"-","gid":"656225","time_insert":"2023-04-15 15:02"}
2024-09-26 02:23:40 查询号码 【1426585】，GSD为【"-"】
2024-09-26 02:23:40 ok && -
2024-09-26 02:23:41 CHB 1426585?1727288620 第 1 次 等待 3 秒
2024-09-26 02:23:44 CHB 1426585?1727288620 第 1 次 获取到号码【1426585】GSD
2024-09-26 02:23:44 未获取到号码【1426585】GSD，可能号码格式错误
2024-09-26 02:23:44 获取到号码【1426585】的GSD为【-】
2024-09-26 02:23:46 GSD insert 第 1 次 等待 3 秒
2024-09-26 02:23:49 {"status":"bad","gid":"656225","msg":"添加失败！号码【1426585(-|-)】已存在！"}
2024-09-26 02:23:49 随机等待 135 秒，约 2 分钟
2024-09-26 02:23:49 下次操作: 2024-09-26 02:26:04

2024-09-26 02:26:04 开始第 6588 次操作

2024-09-26 02:26:04 开始操作号码 【1426586】
2024-09-26 02:26:06 GSD getOne 第 1 次 等待 3 秒
2024-09-26 02:26:09 查询号码 【1426586】，返回信息 {"status":"ok","msg":"-","gid":"656250","time_insert":"2023-04-15 15:16"}
2024-09-26 02:26:09 查询号码 【1426586】，GSD为【"-"】
2024-09-26 02:26:09 ok && -
2024-09-26 02:26:11 CHB 1426586?1727288769 第 1 次 等待 3 秒
2024-09-26 02:26:14 CHB 1426586?1727288769 第 1 次 获取到号码【1426586】GSD
2024-09-26 02:26:14 未获取到号码【1426586】GSD，可能号码格式错误
2024-09-26 02:26:14 获取到号码【1426586】的GSD为【-】
2024-09-26 02:26:15 GSD insert 第 1 次 等待 3 秒
2024-09-26 02:26:18 {"status":"bad","gid":"656250","msg":"添加失败！号码【1426586(-|-)】已存在！"}

2024-09-26 03:10:19 开始第 6589 次操作

2024-09-26 03:10:19 开始操作号码 【1426587】
2024-09-26 03:10:21 GSD getOne 第 1 次 等待 3 秒
2024-09-26 03:10:24 查询号码 【1426587】，返回信息 {"status":"ok","msg":"-","gid":"656277","time_insert":"2023-04-15 15:34"}
2024-09-26 03:10:24 查询号码 【1426587】，GSD为【"-"】
2024-09-26 03:10:24 ok && -
2024-09-26 03:13:03 CHB 1426587?1727291424 第 1 次 等待 3 秒
2024-09-26 03:13:06 CHB 1426587?1727291424 第 1 次 未获取到 等待 195 秒 下次操作: 2024-09-26 03:16:21
2024-09-26 03:16:23 CHB 1426587?1727291781 第 2 次 等待 3 秒
2024-09-26 03:16:26 CHB 1426587?1727291781 第 2 次 获取到号码【1426587】GSD
2024-09-26 03:16:26 未获取到号码【1426587】GSD，可能号码格式错误
2024-09-26 03:16:26 获取到号码【1426587】的GSD为【-】
2024-09-26 03:16:28 GSD insert 第 1 次 等待 3 秒
2024-09-26 03:16:31 {"status":"bad","gid":"656277","msg":"添加失败！号码【1426587(-|-)】已存在！"}
2024-09-26 03:16:31 随机等待 123 秒，约 2 分钟
2024-09-26 03:16:31 下次操作: 2024-09-26 03:18:34

2024-09-26 03:18:34 开始第 6590 次操作

2024-09-26 03:18:34 开始操作号码 【1426588】
2024-09-26 03:18:36 GSD getOne 第 1 次 等待 3 秒
2024-09-26 03:18:39 查询号码 【1426588】，返回信息 {"status":"ok","msg":"-","gid":"656318","time_insert":"2023-04-15 15:56"}
2024-09-26 03:18:39 查询号码 【1426588】，GSD为【"-"】
2024-09-26 03:18:39 ok && -
2024-09-26 03:18:42 CHB 1426588?1727291919 第 1 次 等待 3 秒
2024-09-26 03:18:45 CHB 1426588?1727291919 第 1 次 获取到号码【1426588】GSD
2024-09-26 03:18:45 未获取到号码【1426588】GSD，可能号码格式错误
2024-09-26 03:18:45 获取到号码【1426588】的GSD为【-】
2024-09-26 03:18:47 GSD insert 第 1 次 等待 3 秒
2024-09-26 03:18:50 {"status":"bad","gid":"656318","msg":"添加失败！号码【1426588(-|-)】已存在！"}
2024-09-26 03:18:50 随机等待 86 秒，约 1 分钟
2024-09-26 03:18:50 下次操作: 2024-09-26 03:20:16

2024-09-26 03:20:16 开始第 6591 次操作

2024-09-26 03:20:16 开始操作号码 【1426589】
2024-09-26 03:20:18 GSD getOne 第 1 次 等待 3 秒
2024-09-26 03:20:21 查询号码 【1426589】，返回信息 {"status":"ok","msg":"-","gid":"656347","time_insert":"2023-04-15 16:19"}
2024-09-26 03:20:21 查询号码 【1426589】，GSD为【"-"】
2024-09-26 03:20:21 ok && -
2024-09-26 03:20:22 CHB 1426589?1727292021 第 1 次 等待 3 秒
2024-09-26 03:20:25 CHB 1426589?1727292021 第 1 次 获取到号码【1426589】GSD
2024-09-26 03:20:25 未获取到号码【1426589】GSD，可能号码格式错误
2024-09-26 03:20:25 获取到号码【1426589】的GSD为【-】
2024-09-26 03:20:28 GSD insert 第 1 次 等待 3 秒
2024-09-26 03:20:31 {"status":"bad","gid":"656347","msg":"添加失败！号码【1426589(-|-)】已存在！"}
2024-09-26 03:20:31 随机等待 97 秒，约 1 分钟
2024-09-26 03:20:31 下次操作: 2024-09-26 03:22:08

2024-09-26 03:22:08 开始第 6592 次操作

2024-09-26 03:22:08 开始操作号码 【1426590】
2024-09-26 03:22:10 GSD getOne 第 1 次 等待 3 秒
2024-09-26 03:22:13 查询号码 【1426590】，返回信息 {"status":"ok","msg":"-","gid":"656359","time_insert":"2023-04-15 16:29"}
2024-09-26 03:22:13 查询号码 【1426590】，GSD为【"-"】
2024-09-26 03:22:13 ok && -
2024-09-26 03:22:15 CHB 1426590?1727292133 第 1 次 等待 3 秒
2024-09-26 03:22:18 CHB 1426590?1727292133 第 1 次 获取到号码【1426590】GSD
2024-09-26 03:22:18 未获取到号码【1426590】GSD，可能号码格式错误
2024-09-26 03:22:18 获取到号码【1426590】的GSD为【-】
2024-09-26 03:22:20 GSD insert 第 1 次 等待 3 秒
2024-09-26 03:22:23 {"status":"bad","gid":"656359","msg":"添加失败！号码【1426590(-|-)】已存在！"}

2024-09-26 03:35:18 开始第 6593 次操作

2024-09-26 03:35:18 开始操作号码 【1426591】
2024-09-26 03:35:20 GSD getOne 第 1 次 等待 3 秒
2024-09-26 03:35:23 查询号码 【1426591】，返回信息 {"status":"ok","msg":"-","gid":"656388","time_insert":"2023-04-15 16:49"}
2024-09-26 03:35:23 查询号码 【1426591】，GSD为【"-"】
2024-09-26 03:35:23 ok && -
2024-09-26 03:35:25 CHB 1426591?1727292923 第 1 次 等待 3 秒
2024-09-26 03:35:28 CHB 1426591?1727292923 第 1 次 获取到号码【1426591】GSD
2024-09-26 03:35:28 未获取到号码【1426591】GSD，可能号码格式错误
2024-09-26 03:35:28 获取到号码【1426591】的GSD为【-】
2024-09-26 03:35:30 GSD insert 第 1 次 等待 3 秒
2024-09-26 03:35:33 {"status":"bad","gid":"656388","msg":"添加失败！号码【1426591(-|-)】已存在！"}
2024-09-26 03:35:33 随机等待 153 秒，约 2 分钟
2024-09-26 03:35:33 下次操作: 2024-09-26 03:38:06

2024-09-26 03:38:06 开始第 6594 次操作

2024-09-26 03:38:06 开始操作号码 【1426592】
2024-09-26 03:38:08 GSD getOne 第 1 次 等待 3 秒
2024-09-26 03:38:11 查询号码 【1426592】，返回信息 {"status":"ok","msg":"-","gid":"656407","time_insert":"2023-04-15 16:57"}
2024-09-26 03:38:11 查询号码 【1426592】，GSD为【"-"】
2024-09-26 03:38:11 ok && -
2024-09-26 03:38:13 CHB 1426592?1727293091 第 1 次 等待 3 秒
2024-09-26 03:38:16 CHB 1426592?1727293091 第 1 次 获取到号码【1426592】GSD
2024-09-26 03:38:16 未获取到号码【1426592】GSD，可能号码格式错误
2024-09-26 03:38:16 获取到号码【1426592】的GSD为【-】
2024-09-26 03:38:34 GSD insert 第 1 次 等待 3 秒
2024-09-26 03:38:37 {"status":"bad","gid":"656407","msg":"添加失败！号码【1426592(-|-)】已存在！"}
2024-09-26 03:38:37 随机等待 174 秒，约 2 分钟
2024-09-26 03:38:37 下次操作: 2024-09-26 03:41:31

2024-09-26 03:41:31 开始第 6595 次操作

2024-09-26 03:41:31 开始操作号码 【1426593】
2024-09-26 03:41:34 GSD getOne 第 1 次 等待 3 秒
2024-09-26 03:41:37 查询号码 【1426593】，返回信息 {"status":"ok","msg":"-","gid":"656434","time_insert":"2023-04-15 17:16"}
2024-09-26 03:41:37 查询号码 【1426593】，GSD为【"-"】
2024-09-26 03:41:37 ok && -
2024-09-26 03:41:38 CHB 1426593?1727293297 第 1 次 等待 3 秒
2024-09-26 03:41:41 CHB 1426593?1727293297 第 1 次 获取到号码【1426593】GSD
2024-09-26 03:41:41 未获取到号码【1426593】GSD，可能号码格式错误
2024-09-26 03:41:41 获取到号码【1426593】的GSD为【-】
2024-09-26 03:41:44 GSD insert 第 1 次 等待 3 秒
2024-09-26 03:41:47 {"status":"bad","gid":"656434","msg":"添加失败！号码【1426593(-|-)】已存在！"}
2024-09-26 03:41:47 随机等待 203 秒，约 3 分钟
2024-09-26 03:41:47 下次操作: 2024-09-26 03:45:10

2024-09-26 03:45:10 开始第 6596 次操作

2024-09-26 03:45:10 开始操作号码 【1426594】
2024-09-26 03:45:13 GSD getOne 第 1 次 等待 3 秒
2024-09-26 03:45:16 查询号码 【1426594】，返回信息 {"status":"ok","msg":"-","gid":"656455","time_insert":"2023-04-15 17:29"}
2024-09-26 03:45:16 查询号码 【1426594】，GSD为【"-"】
2024-09-26 03:45:16 ok && -
2024-09-26 03:45:18 CHB 1426594?1727293516 第 1 次 等待 3 秒
2024-09-26 03:45:21 CHB 1426594?1727293516 第 1 次 获取到号码【1426594】GSD
2024-09-26 03:45:21 未获取到号码【1426594】GSD，可能号码格式错误
2024-09-26 03:45:21 获取到号码【1426594】的GSD为【-】
2024-09-26 03:45:23 GSD insert 第 1 次 等待 3 秒
2024-09-26 03:45:26 {"status":"bad","gid":"656455","msg":"添加失败！号码【1426594(-|-)】已存在！"}

2024-09-26 04:15:34 开始第 6597 次操作

2024-09-26 04:15:34 开始操作号码 【1426595】
2024-09-26 04:15:37 GSD getOne 第 1 次 等待 3 秒
2024-09-26 04:15:40 查询号码 【1426595】，返回信息 {"status":"ok","msg":"-","gid":"656474","time_insert":"2023-04-15 17:41"}
2024-09-26 04:15:40 查询号码 【1426595】，GSD为【"-"】
2024-09-26 04:15:40 ok && -
2024-09-26 04:15:42 CHB 1426595?1727295340 第 1 次 等待 3 秒
2024-09-26 04:15:45 CHB 1426595?1727295340 第 1 次 获取到号码【1426595】GSD
2024-09-26 04:15:45 未获取到号码【1426595】GSD，可能号码格式错误
2024-09-26 04:15:45 获取到号码【1426595】的GSD为【-】
2024-09-26 04:15:47 GSD insert 第 1 次 等待 3 秒
2024-09-26 04:15:50 {"status":"bad","gid":"656474","msg":"添加失败！号码【1426595(-|-)】已存在！"}
2024-09-26 04:15:50 随机等待 115 秒，约 1 分钟
2024-09-26 04:15:50 下次操作: 2024-09-26 04:17:45

2024-09-26 04:17:45 开始第 6598 次操作

2024-09-26 04:17:45 开始操作号码 【1426596】
2024-09-26 04:17:47 GSD getOne 第 1 次 等待 3 秒
2024-09-26 04:17:50 查询号码 【1426596】，返回信息 {"status":"ok","msg":"-","gid":"656499","time_insert":"2023-04-15 17:59"}
2024-09-26 04:17:50 查询号码 【1426596】，GSD为【"-"】
2024-09-26 04:17:50 ok && -
2024-09-26 04:17:52 CHB 1426596?1727295470 第 1 次 等待 3 秒
2024-09-26 04:17:55 CHB 1426596?1727295470 第 1 次 获取到号码【1426596】GSD
2024-09-26 04:17:56 未获取到号码【1426596】GSD，可能号码格式错误
2024-09-26 04:17:56 获取到号码【1426596】的GSD为【-】
2024-09-26 04:17:57 GSD insert 第 1 次 等待 3 秒
2024-09-26 04:18:00 {"status":"bad","gid":"656499","msg":"添加失败！号码【1426596(-|-)】已存在！"}
2024-09-26 04:18:00 随机等待 70 秒，约 1 分钟
2024-09-26 04:18:00 下次操作: 2024-09-26 04:19:10

2024-09-26 04:19:11 开始第 6599 次操作

2024-09-26 04:19:11 开始操作号码 【1426597】
2024-09-26 04:19:12 GSD getOne 第 1 次 等待 3 秒
2024-09-26 04:19:15 查询号码 【1426597】，返回信息 {"status":"ok","msg":"-","gid":"656513","time_insert":"2023-04-15 18:09"}
2024-09-26 04:19:16 查询号码 【1426597】，GSD为【"-"】
2024-09-26 04:19:16 ok && -
2024-09-26 04:19:17 CHB 1426597?1727295556 第 1 次 等待 3 秒
2024-09-26 04:19:20 CHB 1426597?1727295556 第 1 次 获取到号码【1426597】GSD
2024-09-26 04:19:20 未获取到号码【1426597】GSD，可能号码格式错误
2024-09-26 04:19:20 获取到号码【1426597】的GSD为【-】
2024-09-26 04:19:22 GSD insert 第 1 次 等待 3 秒
2024-09-26 04:19:25 {"status":"bad","gid":"656513","msg":"添加失败！号码【1426597(-|-)】已存在！"}
2024-09-26 04:19:25 随机等待 227 秒，约 3 分钟
2024-09-26 04:19:25 下次操作: 2024-09-26 04:23:12

2024-09-26 04:23:12 开始第 6600 次操作

2024-09-26 04:23:12 开始操作号码 【1426598】
2024-09-26 04:23:14 GSD getOne 第 1 次 等待 3 秒
2024-09-26 04:23:17 查询号码 【1426598】，返回信息 {"status":"ok","msg":"-","gid":"656541","time_insert":"2023-04-15 18:29"}
2024-09-26 04:23:17 查询号码 【1426598】，GSD为【"-"】
2024-09-26 04:23:17 ok && -
2024-09-26 04:23:19 CHB 1426598?1727295797 第 1 次 等待 3 秒
2024-09-26 04:23:22 CHB 1426598?1727295797 第 1 次 获取到号码【1426598】GSD
2024-09-26 04:23:22 未获取到号码【1426598】GSD，可能号码格式错误
2024-09-26 04:23:22 获取到号码【1426598】的GSD为【-】
2024-09-26 04:23:25 GSD insert 第 1 次 等待 3 秒
2024-09-26 04:23:28 {"status":"bad","gid":"656541","msg":"添加失败！号码【1426598(-|-)】已存在！"}

2024-09-26 04:36:32 开始第 6601 次操作

2024-09-26 04:36:32 开始操作号码 【1426599】
2024-09-26 04:36:34 GSD getOne 第 1 次 等待 3 秒
2024-09-26 04:36:37 查询号码 【1426599】，返回信息 {"status":"ok","msg":"-","gid":"656580","time_insert":"2023-04-15 18:51"}
2024-09-26 04:36:37 查询号码 【1426599】，GSD为【"-"】
2024-09-26 04:36:37 ok && -
2024-09-26 04:36:40 CHB 1426599?1727296597 第 1 次 等待 3 秒
2024-09-26 04:36:43 CHB 1426599?1727296597 第 1 次 获取到号码【1426599】GSD
2024-09-26 04:36:43 未获取到号码【1426599】GSD，可能号码格式错误
2024-09-26 04:36:43 获取到号码【1426599】的GSD为【-】
2024-09-26 04:36:45 GSD insert 第 1 次 等待 3 秒
2024-09-26 04:36:48 {"status":"bad","gid":"656580","msg":"添加失败！号码【1426599(-|-)】已存在！"}
2024-09-26 04:36:48 随机等待 71 秒，约 1 分钟
2024-09-26 04:36:48 下次操作: 2024-09-26 04:37:59

2024-09-26 04:37:59 开始第 6602 次操作

2024-09-26 04:37:59 开始操作号码 【1426600】
2024-09-26 04:38:02 GSD getOne 第 1 次 等待 3 秒
2024-09-26 04:38:05 查询号码 【1426600】，返回信息 {"status":"ok","msg":"-","gid":"656603","time_insert":"2023-04-15 19:06"}
2024-09-26 04:38:05 查询号码 【1426600】，GSD为【"-"】
2024-09-26 04:38:05 ok && -
2024-09-26 04:38:07 CHB 1426600?1727296685 第 1 次 等待 3 秒
2024-09-26 04:38:10 CHB 1426600?1727296685 第 1 次 获取到号码【1426600】GSD
2024-09-26 04:38:10 未获取到号码【1426600】GSD，可能号码格式错误
2024-09-26 04:38:10 获取到号码【1426600】的GSD为【-】
2024-09-26 04:38:12 GSD insert 第 1 次 等待 3 秒
2024-09-26 04:38:15 {"status":"bad","gid":"656603","msg":"添加失败！号码【1426600(-|-)】已存在！"}
2024-09-26 04:38:15 随机等待 94 秒，约 1 分钟
2024-09-26 04:38:15 下次操作: 2024-09-26 04:39:49

2024-09-26 04:39:49 开始第 6603 次操作

2024-09-26 04:39:49 开始操作号码 【1426601】
2024-09-26 04:39:51 GSD getOne 第 1 次 等待 3 秒
2024-09-26 04:39:54 查询号码 【1426601】，返回信息 {"status":"ok","msg":"-","gid":"656630","time_insert":"2023-04-15 19:22"}
2024-09-26 04:39:54 查询号码 【1426601】，GSD为【"-"】
2024-09-26 04:39:54 ok && -
2024-09-26 04:39:55 CHB 1426601?1727296794 第 1 次 等待 3 秒
2024-09-26 04:39:58 CHB 1426601?1727296794 第 1 次 获取到号码【1426601】GSD
2024-09-26 04:39:58 未获取到号码【1426601】GSD，可能号码格式错误
2024-09-26 04:39:58 获取到号码【1426601】的GSD为【-】
2024-09-26 04:40:00 GSD insert 第 1 次 等待 3 秒
2024-09-26 04:40:03 {"status":"bad","gid":"656630","msg":"添加失败！号码【1426601(-|-)】已存在！"}
2024-09-26 04:40:03 随机等待 104 秒，约 1 分钟
2024-09-26 04:40:03 下次操作: 2024-09-26 04:41:47

2024-09-26 04:41:47 开始第 6604 次操作

2024-09-26 04:41:47 开始操作号码 【1426602】
2024-09-26 04:41:49 GSD getOne 第 1 次 等待 3 秒
2024-09-26 04:41:52 查询号码 【1426602】，返回信息 {"status":"ok","msg":"-","gid":"656660","time_insert":"2023-04-15 19:39"}
2024-09-26 04:41:52 查询号码 【1426602】，GSD为【"-"】
2024-09-26 04:41:52 ok && -
2024-09-26 04:41:54 CHB 1426602?1727296912 第 1 次 等待 3 秒
2024-09-26 04:41:57 CHB 1426602?1727296912 第 1 次 获取到号码【1426602】GSD
2024-09-26 04:41:57 未获取到号码【1426602】GSD，可能号码格式错误
2024-09-26 04:41:57 获取到号码【1426602】的GSD为【-】
2024-09-26 04:41:59 GSD insert 第 1 次 等待 3 秒
2024-09-26 04:42:02 {"status":"bad","gid":"656660","msg":"添加失败！号码【1426602(-|-)】已存在！"}

2024-09-26 05:13:35 开始第 6605 次操作

2024-09-26 05:13:35 开始操作号码 【1426603】
2024-09-26 05:13:37 GSD getOne 第 1 次 等待 3 秒
2024-09-26 05:13:40 查询号码 【1426603】，返回信息 {"status":"ok","msg":"-","gid":"656690","time_insert":"2023-04-15 19:57"}
2024-09-26 05:13:40 查询号码 【1426603】，GSD为【"-"】
2024-09-26 05:13:40 ok && -
2024-09-26 05:13:42 CHB 1426603?1727298820 第 1 次 等待 3 秒
2024-09-26 05:13:45 CHB 1426603?1727298820 第 1 次 获取到号码【1426603】GSD
2024-09-26 05:13:45 未获取到号码【1426603】GSD，可能号码格式错误
2024-09-26 05:13:45 获取到号码【1426603】的GSD为【-】
2024-09-26 05:13:47 GSD insert 第 1 次 等待 3 秒
2024-09-26 05:13:50 {"status":"bad","gid":"656690","msg":"添加失败！号码【1426603(-|-)】已存在！"}
2024-09-26 05:13:50 随机等待 106 秒，约 1 分钟
2024-09-26 05:13:50 下次操作: 2024-09-26 05:15:36

2024-09-26 05:15:36 开始第 6606 次操作

2024-09-26 05:15:36 开始操作号码 【1426604】
2024-09-26 05:15:38 GSD getOne 第 1 次 等待 3 秒
2024-09-26 05:15:41 查询号码 【1426604】，返回信息 {"status":"ok","msg":"-","gid":"656714","time_insert":"2023-04-15 20:17"}
2024-09-26 05:15:41 查询号码 【1426604】，GSD为【"-"】
2024-09-26 05:15:41 ok && -
2024-09-26 05:15:42 CHB 1426604?1727298941 第 1 次 等待 3 秒
2024-09-26 05:15:45 CHB 1426604?1727298941 第 1 次 获取到号码【1426604】GSD
2024-09-26 05:15:45 未获取到号码【1426604】GSD，可能号码格式错误
2024-09-26 05:15:45 获取到号码【1426604】的GSD为【-】
2024-09-26 05:15:47 GSD insert 第 1 次 等待 3 秒
2024-09-26 05:15:50 {"status":"bad","gid":"656714","msg":"添加失败！号码【1426604(-|-)】已存在！"}
2024-09-26 05:15:50 随机等待 149 秒，约 2 分钟
2024-09-26 05:15:50 下次操作: 2024-09-26 05:18:19

2024-09-26 05:18:19 开始第 6607 次操作

2024-09-26 05:18:19 开始操作号码 【1426605】
2024-09-26 05:18:21 GSD getOne 第 1 次 等待 3 秒
2024-09-26 05:18:24 查询号码 【1426605】，返回信息 {"status":"ok","msg":"-","gid":"656737","time_insert":"2023-04-15 20:39"}
2024-09-26 05:18:24 查询号码 【1426605】，GSD为【"-"】
2024-09-26 05:18:24 ok && -
2024-09-26 05:18:25 CHB 1426605?1727299104 第 1 次 等待 3 秒
2024-09-26 05:18:28 CHB 1426605?1727299104 第 1 次 获取到号码【1426605】GSD
2024-09-26 05:18:28 未获取到号码【1426605】GSD，可能号码格式错误
2024-09-26 05:18:28 获取到号码【1426605】的GSD为【-】
2024-09-26 05:18:30 GSD insert 第 1 次 等待 3 秒
2024-09-26 05:18:33 {"status":"bad","gid":"656737","msg":"添加失败！号码【1426605(-|-)】已存在！"}
2024-09-26 05:18:33 随机等待 220 秒，约 3 分钟
2024-09-26 05:18:33 下次操作: 2024-09-26 05:22:13

2024-09-26 05:22:13 开始第 6608 次操作

2024-09-26 05:22:13 开始操作号码 【1426606】
2024-09-26 05:22:15 GSD getOne 第 1 次 等待 3 秒
2024-09-26 05:22:18 查询号码 【1426606】，返回信息 {"status":"ok","msg":"-","gid":"656766","time_insert":"2023-04-15 21:01"}
2024-09-26 05:22:18 查询号码 【1426606】，GSD为【"-"】
2024-09-26 05:22:18 ok && -
2024-09-26 05:22:20 CHB 1426606?1727299338 第 1 次 等待 3 秒
2024-09-26 05:22:23 CHB 1426606?1727299338 第 1 次 获取到号码【1426606】GSD
2024-09-26 05:22:23 未获取到号码【1426606】GSD，可能号码格式错误
2024-09-26 05:22:23 获取到号码【1426606】的GSD为【-】
2024-09-26 05:22:25 GSD insert 第 1 次 等待 3 秒
2024-09-26 05:22:28 {"status":"bad","gid":"656766","msg":"添加失败！号码【1426606(-|-)】已存在！"}

2024-09-26 05:36:05 开始第 6609 次操作

2024-09-26 05:36:05 开始操作号码 【1426607】
2024-09-26 05:36:07 GSD getOne 第 1 次 等待 3 秒
2024-09-26 05:36:10 查询号码 【1426607】，返回信息 {"status":"ok","msg":"-","gid":"656792","time_insert":"2023-04-15 21:20"}
2024-09-26 05:36:10 查询号码 【1426607】，GSD为【"-"】
2024-09-26 05:36:10 ok && -
2024-09-26 05:36:12 CHB 1426607?1727300170 第 1 次 等待 3 秒
2024-09-26 05:36:15 CHB 1426607?1727300170 第 1 次 获取到号码【1426607】GSD
2024-09-26 05:36:15 未获取到号码【1426607】GSD，可能号码格式错误
2024-09-26 05:36:15 获取到号码【1426607】的GSD为【-】
2024-09-26 05:36:17 GSD insert 第 1 次 等待 3 秒
2024-09-26 05:36:20 {"status":"bad","gid":"656792","msg":"添加失败！号码【1426607(-|-)】已存在！"}
2024-09-26 05:36:20 随机等待 171 秒，约 2 分钟
2024-09-26 05:36:20 下次操作: 2024-09-26 05:39:11

2024-09-26 05:39:11 开始第 6610 次操作

2024-09-26 05:39:11 开始操作号码 【1426608】
2024-09-26 05:39:13 GSD getOne 第 1 次 等待 3 秒
2024-09-26 05:39:16 查询号码 【1426608】，返回信息 {"status":"ok","msg":"-","gid":"656818","time_insert":"2023-04-15 21:41"}
2024-09-26 05:39:16 查询号码 【1426608】，GSD为【"-"】
2024-09-26 05:39:16 ok && -
2024-09-26 05:39:18 CHB 1426608?1727300356 第 1 次 等待 3 秒
2024-09-26 05:39:21 CHB 1426608?1727300356 第 1 次 获取到号码【1426608】GSD
2024-09-26 05:39:21 未获取到号码【1426608】GSD，可能号码格式错误
2024-09-26 05:39:21 获取到号码【1426608】的GSD为【-】
2024-09-26 05:39:22 GSD insert 第 1 次 等待 3 秒
2024-09-26 05:39:25 {"status":"bad","gid":"656818","msg":"添加失败！号码【1426608(-|-)】已存在！"}
2024-09-26 05:39:25 随机等待 197 秒，约 3 分钟
2024-09-26 05:39:25 下次操作: 2024-09-26 05:42:42

2024-09-26 05:42:42 开始第 6611 次操作

2024-09-26 05:42:42 开始操作号码 【1426609】
2024-09-26 05:42:44 GSD getOne 第 1 次 等待 3 秒
2024-09-26 05:42:47 查询号码 【1426609】，返回信息 {"status":"ok","msg":"-","gid":"656839","time_insert":"2023-04-15 21:55"}
2024-09-26 05:42:47 查询号码 【1426609】，GSD为【"-"】
2024-09-26 05:42:47 ok && -
2024-09-26 05:42:49 CHB 1426609?1727300567 第 1 次 等待 3 秒
2024-09-26 05:42:52 CHB 1426609?1727300567 第 1 次 获取到号码【1426609】GSD
2024-09-26 05:42:53 未获取到号码【1426609】GSD，可能号码格式错误
2024-09-26 05:42:53 获取到号码【1426609】的GSD为【-】
2024-09-26 05:42:55 GSD insert 第 1 次 等待 3 秒
2024-09-26 05:42:58 {"status":"bad","gid":"656839","msg":"添加失败！号码【1426609(-|-)】已存在！"}
2024-09-26 05:42:58 随机等待 128 秒，约 2 分钟
2024-09-26 05:42:58 下次操作: 2024-09-26 05:45:06

2024-09-26 05:45:06 开始第 6612 次操作

2024-09-26 05:45:06 开始操作号码 【1426610】
2024-09-26 05:45:07 GSD getOne 第 1 次 等待 3 秒
2024-09-26 05:45:10 查询号码 【1426610】，返回信息 {"status":"ok","msg":"-","gid":"656863","time_insert":"2023-04-15 22:12"}
2024-09-26 05:45:10 查询号码 【1426610】，GSD为【"-"】
2024-09-26 05:45:10 ok && -
2024-09-26 05:45:13 CHB 1426610?1727300710 第 1 次 等待 3 秒
2024-09-26 05:45:16 CHB 1426610?1727300710 第 1 次 获取到号码【1426610】GSD
2024-09-26 05:45:16 未获取到号码【1426610】GSD，可能号码格式错误
2024-09-26 05:45:16 获取到号码【1426610】的GSD为【-】
2024-09-26 05:45:17 GSD insert 第 1 次 等待 3 秒
2024-09-26 05:45:20 {"status":"bad","gid":"656863","msg":"添加失败！号码【1426610(-|-)】已存在！"}

