2024-07-19 00:14:21 开始第 6897 次操作

2024-07-19 00:14:21 开始操作号码 【1536779】
2024-07-19 00:14:29 GSD getOne 第 1 次 等待 3 秒
2024-07-19 00:14:32 查询号码 【1536779】，返回信息 {"status":"ok","msg":"湖南-常德","gid":"401349","time_insert":"2021-07-26 13:07"}
2024-07-19 00:14:33 查询号码 【1536779】，GSD为【"湖南-常德"】

2024-07-19 00:14:34 开始第 6898 次操作

2024-07-19 00:14:34 开始操作号码 【1536780】
2024-07-19 00:14:41 GSD getOne 第 1 次 等待 3 秒
2024-07-19 00:14:44 查询号码 【1536780】，返回信息 {"status":"ok","msg":"湖南-长沙","gid":"401336","time_insert":"2021-07-26 13:07"}
2024-07-19 00:14:45 查询号码 【1536780】，GSD为【"湖南-长沙"】

2024-07-19 00:14:46 开始第 6899 次操作

2024-07-19 00:14:46 开始操作号码 【1536781】
2024-07-19 00:14:53 GSD getOne 第 1 次 等待 3 秒
2024-07-19 00:14:56 查询号码 【1536781】，返回信息 {"status":"ok","msg":"湖南-长沙","gid":"401325","time_insert":"2021-07-26 13:06"}
2024-07-19 00:14:56 查询号码 【1536781】，GSD为【"湖南-长沙"】

2024-07-19 00:14:57 开始第 6900 次操作

2024-07-19 00:14:57 开始操作号码 【1536782】
2024-07-19 00:15:08 GSD getOne 第 1 次 等待 3 秒
2024-07-19 00:15:11 查询号码 【1536782】，返回信息 {"status":"ok","msg":"湖南-长沙","gid":"401316","time_insert":"2021-07-26 13:06"}
2024-07-19 00:15:11 查询号码 【1536782】，GSD为【"湖南-长沙"】

2024-07-19 00:38:25 开始第 6901 次操作

2024-07-19 00:38:25 开始操作号码 【1536783】
2024-07-19 00:38:33 GSD getOne 第 1 次 等待 3 秒
2024-07-19 00:38:36 查询号码 【1536783】，返回信息 {"status":"ok","msg":"湖南-长沙","gid":"401308","time_insert":"2021-07-26 13:05"}
2024-07-19 00:38:36 查询号码 【1536783】，GSD为【"湖南-长沙"】

2024-07-19 00:38:37 开始第 6902 次操作

2024-07-19 00:38:37 开始操作号码 【1536784】
2024-07-19 00:38:45 GSD getOne 第 1 次 等待 3 秒
2024-07-19 00:38:48 查询号码 【1536784】，返回信息 {"status":"ok","msg":"湖南-长沙","gid":"401299","time_insert":"2021-07-26 13:05"}
2024-07-19 00:38:48 查询号码 【1536784】，GSD为【"湖南-长沙"】

2024-07-19 00:38:49 开始第 6903 次操作

2024-07-19 00:38:49 开始操作号码 【1536785】
2024-07-19 00:38:57 GSD getOne 第 1 次 等待 3 秒
2024-07-19 00:39:00 查询号码 【1536785】，返回信息 {"status":"ok","msg":"湖南-长沙","gid":"401286","time_insert":"2021-07-26 13:04"}
2024-07-19 00:39:00 查询号码 【1536785】，GSD为【"湖南-长沙"】

2024-07-19 00:39:01 开始第 6904 次操作

2024-07-19 00:39:01 开始操作号码 【1536786】
2024-07-19 00:39:10 GSD getOne 第 1 次 等待 3 秒
2024-07-19 00:39:13 查询号码 【1536786】，返回信息 {"status":"ok","msg":"湖南-长沙","gid":"401278","time_insert":"2021-07-26 13:03"}
2024-07-19 00:39:13 查询号码 【1536786】，GSD为【"湖南-长沙"】

