2024-11-01 00:27:01 开始第 2429 次操作

2024-11-01 00:27:01 开始操作号码 【1322428】
2024-11-01 00:27:03 GSD getOne 第 1 次 等待 3 秒
2024-11-01 00:27:06 查询号码 【1322428】，返回信息 {"status":"ok","msg":"辽宁-大连","gid":"88919","time_insert":"2021-06-10 02:20"}
2024-11-01 00:27:06 查询号码 【1322428】，GSD为【"辽宁-大连"】

2024-11-01 00:27:07 开始第 2430 次操作

2024-11-01 00:27:07 开始操作号码 【1322429】
2024-11-01 00:27:08 GSD getOne 第 1 次 等待 3 秒
2024-11-01 00:27:11 查询号码 【1322429】，返回信息 {"status":"ok","msg":"辽宁-葫芦岛","gid":"88946","time_insert":"2021-06-10 02:45"}
2024-11-01 00:27:11 查询号码 【1322429】，GSD为【"辽宁-葫芦岛"】

2024-11-01 00:27:12 开始第 2431 次操作

2024-11-01 00:27:12 开始操作号码 【1322430】
2024-11-01 00:27:13 GSD getOne 第 1 次 等待 3 秒
2024-11-01 00:27:16 查询号码 【1322430】，返回信息 {"status":"ok","msg":"吉林-长春","gid":"88966","time_insert":"2021-06-10 03:03"}
2024-11-01 00:27:16 查询号码 【1322430】，GSD为【"吉林-长春"】

2024-11-01 00:27:17 开始第 2432 次操作

2024-11-01 00:27:17 开始操作号码 【1322431】
2024-11-01 00:27:18 GSD getOne 第 1 次 等待 3 秒
2024-11-01 00:27:21 查询号码 【1322431】，返回信息 {"status":"ok","msg":"吉林-长春","gid":"88994","time_insert":"2021-06-10 03:29"}
2024-11-01 00:27:21 查询号码 【1322431】，GSD为【"吉林-长春"】

