2024-03-01 00:12:29 开始第 6605 次操作

2024-03-01 00:12:29 开始操作号码 【1756498】
2024-03-01 00:12:34 GSD getOne 第 1 次 等待 3 秒
2024-03-01 00:12:37 查询号码 【1756498】，返回信息 {"status":"ok","msg":"河南-安阳","gid":"205660","time_insert":"2021-07-06 12:01"}
2024-03-01 00:12:37 查询号码 【1756498】，GSD为【"河南-安阳"】

2024-03-01 00:12:38 开始第 6606 次操作

2024-03-01 00:12:38 开始操作号码 【1756499】
2024-03-01 00:12:44 GSD getOne 第 1 次 等待 3 秒
2024-03-01 00:12:47 查询号码 【1756499】，返回信息 {"status":"ok","msg":"河南-安阳","gid":"205667","time_insert":"2021-07-06 12:02"}
2024-03-01 00:12:47 查询号码 【1756499】，GSD为【"河南-安阳"】

2024-03-01 00:12:48 开始第 6607 次操作

2024-03-01 00:12:48 开始操作号码 【1756500】
2024-03-01 00:12:52 GSD getOne 第 1 次 等待 3 秒
2024-03-01 00:12:55 查询号码 【1756500】，返回信息 {"status":"ok","msg":"广东-江门","gid":"205674","time_insert":"2021-07-06 12:02"}
2024-03-01 00:12:55 查询号码 【1756500】，GSD为【"广东-江门"】

2024-03-01 00:12:56 开始第 6608 次操作

2024-03-01 00:12:56 开始操作号码 【1756501】
2024-03-01 00:13:01 GSD getOne 第 1 次 等待 3 秒
2024-03-01 00:13:04 查询号码 【1756501】，返回信息 {"status":"ok","msg":"广东-江门","gid":"205678","time_insert":"2021-07-06 12:03"}
2024-03-01 00:13:04 查询号码 【1756501】，GSD为【"广东-江门"】

2024-03-01 00:35:01 开始第 6609 次操作

2024-03-01 00:35:01 开始操作号码 【1756502】
2024-03-01 00:35:06 GSD getOne 第 1 次 等待 3 秒
2024-03-01 00:35:09 查询号码 【1756502】，返回信息 {"status":"ok","msg":"广东-江门","gid":"205686","time_insert":"2021-07-06 12:04"}
2024-03-01 00:35:09 查询号码 【1756502】，GSD为【"广东-江门"】

2024-03-01 00:35:10 开始第 6610 次操作

2024-03-01 00:35:10 开始操作号码 【1756503】
2024-03-01 00:35:14 GSD getOne 第 1 次 等待 3 秒
2024-03-01 00:35:17 查询号码 【1756503】，返回信息 {"status":"ok","msg":"广东-江门","gid":"205692","time_insert":"2021-07-06 12:05"}
2024-03-01 00:35:17 查询号码 【1756503】，GSD为【"广东-江门"】

2024-03-01 00:35:18 开始第 6611 次操作

2024-03-01 00:35:18 开始操作号码 【1756504】
2024-03-01 00:35:23 GSD getOne 第 1 次 等待 3 秒
2024-03-01 00:35:26 查询号码 【1756504】，返回信息 {"status":"ok","msg":"广东-江门","gid":"205699","time_insert":"2021-07-06 12:05"}
2024-03-01 00:35:26 查询号码 【1756504】，GSD为【"广东-江门"】

2024-03-01 00:35:27 开始第 6612 次操作

2024-03-01 00:35:27 开始操作号码 【1756505】
2024-03-01 00:35:32 GSD getOne 第 1 次 等待 3 秒
2024-03-01 00:35:35 查询号码 【1756505】，返回信息 {"status":"ok","msg":"广东-韶关","gid":"205706","time_insert":"2021-07-06 12:06"}
2024-03-01 00:35:35 查询号码 【1756505】，GSD为【"广东-韶关"】

