2023-12-13 00:12:47 开始第 2969 次操作

2023-12-13 00:12:47 开始操作号码 【1862862】
2023-12-13 00:12:54 GSD getOne 第 1 次 等待 3 秒
2023-12-13 00:12:57 查询号码 【1862862】，返回信息 {"status":"ok","msg":"陕西-宝鸡","gid":"484295","time_insert":"2021-08-02 23:04"}
2023-12-13 00:12:57 查询号码 【1862862】，GSD为【"陕西-宝鸡"】

2023-12-13 00:12:58 开始第 2970 次操作

2023-12-13 00:12:58 开始操作号码 【1862863】
2023-12-13 00:13:02 GSD getOne 第 1 次 等待 3 秒
2023-12-13 00:13:05 查询号码 【1862863】，返回信息 {"status":"ok","msg":"陕西-汉中","gid":"484285","time_insert":"2021-08-02 23:04"}
2023-12-13 00:13:05 查询号码 【1862863】，GSD为【"陕西-汉中"】

2023-12-13 00:13:06 开始第 2971 次操作

2023-12-13 00:13:06 开始操作号码 【1862864】
2023-12-13 00:13:10 GSD getOne 第 1 次 等待 3 秒
2023-12-13 00:13:13 查询号码 【1862864】，返回信息 {"status":"ok","msg":"陕西-汉中","gid":"484275","time_insert":"2021-08-02 23:03"}
2023-12-13 00:13:13 查询号码 【1862864】，GSD为【"陕西-汉中"】

2023-12-13 00:13:14 开始第 2972 次操作

2023-12-13 00:13:14 开始操作号码 【1862865】
2023-12-13 00:13:18 GSD getOne 第 1 次 等待 3 秒
2023-12-13 00:13:21 查询号码 【1862865】，返回信息 {"status":"ok","msg":"陕西-汉中","gid":"484268","time_insert":"2021-08-02 23:03"}
2023-12-13 00:13:21 查询号码 【1862865】，GSD为【"陕西-汉中"】

