2021-08-01 00:00:45 开始第 13 次操作

2021-08-01 00:00:45 开始操作号码 【1885121】
2021-08-01 00:00:50 GSD getOne 第 1 次 等待 3 秒
2021-08-01 00:00:53 查询号码 【1885121】，返回信息 {"status":"bad","msg":""}
2021-08-01 00:00:53 查询号码 【1885121】，GSD为【""】
2021-08-01 00:00:53 bad
2021-08-01 00:00:55 CHB 1885121?1627747253 第 1 次 等待 3 秒
2021-08-01 00:00:58 CHB 1885121?1627747253 第 1 次 获取到号码【1885121】GSD
2021-08-01 00:00:58 获取到号码【1885121】的GSD为【江苏-常州】
2021-08-01 00:01:17 GSD insert 第 1 次 等待 3 秒
2021-08-01 00:01:20 {"status":"ok","gid":461574,"msg":"添加成功！"}
2021-08-01 00:01:20 下次操作: 2021-08-01 00:01:43

2021-08-01 00:01:43 开始第 14 次操作

2021-08-01 00:01:43 开始操作号码 【1885120】
2021-08-01 00:01:56 GSD getOne 第 1 次 等待 3 秒
2021-08-01 00:01:59 查询号码 【1885120】，返回信息 {"status":"ok","msg":"江苏-常州","gid":"44136","time_insert":"2017-08-13 03:25","time_update":"2020-08-26 18:58"}
2021-08-01 00:01:59 查询号码 【1885120】，GSD为【"江苏-常州"】

2021-08-01 00:01:59 开始第 14 次操作

2021-08-01 00:01:59 开始操作号码 【1885119】
2021-08-01 00:02:43 GSD getOne 第 1 次 等待 3 秒
2021-08-01 00:02:46 查询号码 【1885119】，返回信息 {"status":"bad","msg":""}
2021-08-01 00:02:46 查询号码 【1885119】，GSD为【""】
2021-08-01 00:02:46 bad
2021-08-01 00:02:49 CHB 1885119?1627747366 第 1 次 等待 3 秒
2021-08-01 00:02:52 CHB 1885119?1627747366 第 1 次 获取到号码【1885119】GSD
2021-08-01 00:02:53 获取到号码【1885119】的GSD为【江苏-南京】
2021-08-01 00:03:05 GSD insert 第 1 次 等待 3 秒
2021-08-01 00:03:08 {"status":"ok","gid":461592,"msg":"添加成功！"}
2021-08-01 00:03:08 下次操作: 2021-08-01 00:03:32

2021-08-01 00:03:32 开始第 15 次操作

2021-08-01 00:03:32 开始操作号码 【1885118】
2021-08-01 00:03:37 GSD getOne 第 1 次 等待 3 秒
2021-08-01 00:03:40 查询号码 【1885118】，返回信息 {"status":"bad","msg":""}
2021-08-01 00:03:40 查询号码 【1885118】，GSD为【""】
2021-08-01 00:03:40 bad
2021-08-01 00:03:43 CHB 1885118?1627747420 第 1 次 等待 3 秒
2021-08-01 00:03:46 CHB 1885118?1627747420 第 1 次 获取到号码【1885118】GSD
2021-08-01 00:03:46 获取到号码【1885118】的GSD为【江苏-南京】
2021-08-01 00:03:57 GSD insert 第 1 次 等待 3 秒
2021-08-01 00:04:00 {"status":"ok","gid":461605,"msg":"添加成功！"}
2021-08-01 00:04:00 下次操作: 2021-08-01 00:04:19

2021-08-01 00:04:19 开始第 16 次操作

2021-08-01 00:04:19 开始操作号码 【1885117】
2021-08-01 00:04:26 GSD getOne 第 1 次 等待 3 秒
2021-08-01 00:04:29 查询号码 【1885117】，返回信息 {"status":"bad","msg":""}
2021-08-01 00:04:29 查询号码 【1885117】，GSD为【""】
2021-08-01 00:04:29 bad
2021-08-01 00:04:32 CHB 1885117?1627747469 第 1 次 等待 3 秒
2021-08-01 00:04:35 CHB 1885117?1627747469 第 1 次 获取到号码【1885117】GSD
2021-08-01 00:04:35 获取到号码【1885117】的GSD为【江苏-南京】
2021-08-01 00:04:47 GSD insert 第 1 次 等待 3 秒
2021-08-01 00:04:50 {"status":"ok","gid":461615,"msg":"添加成功！"}
2021-08-01 00:04:51 下次操作: 2021-08-01 00:05:03

2021-08-01 00:05:03 开始第 17 次操作

2021-08-01 00:05:03 开始操作号码 【1885116】
2021-08-01 00:05:07 GSD getOne 第 1 次 等待 3 秒
2021-08-01 00:05:10 查询号码 【1885116】，返回信息 {"status":"bad","msg":""}
2021-08-01 00:05:10 查询号码 【1885116】，GSD为【""】
2021-08-01 00:05:10 bad
2021-08-01 00:05:12 CHB 1885116?1627747510 第 1 次 等待 3 秒
2021-08-01 00:05:15 CHB 1885116?1627747510 第 1 次 获取到号码【1885116】GSD
2021-08-01 00:05:15 获取到号码【1885116】的GSD为【江苏-南京】
2021-08-01 00:05:34 GSD insert 第 1 次 等待 3 秒
2021-08-01 00:05:37 {"status":"ok","gid":461626,"msg":"添加成功！"}
2021-08-01 00:05:37 下次操作: 2021-08-01 00:05:59

2021-08-01 00:05:59 开始第 18 次操作

2021-08-01 00:05:59 开始操作号码 【1885115】
2021-08-01 00:06:06 GSD getOne 第 1 次 等待 3 秒
2021-08-01 00:06:09 查询号码 【1885115】，返回信息 {"status":"bad","msg":""}
2021-08-01 00:06:09 查询号码 【1885115】，GSD为【""】
2021-08-01 00:06:09 bad
2021-08-01 00:06:13 CHB 1885115?1627747569 第 1 次 等待 3 秒
2021-08-01 00:06:16 CHB 1885115?1627747569 第 1 次 获取到号码【1885115】GSD
2021-08-01 00:06:16 获取到号码【1885115】的GSD为【江苏-南京】
2021-08-01 00:06:27 GSD insert 第 1 次 等待 3 秒
2021-08-01 00:06:30 {"status":"ok","gid":461637,"msg":"添加成功！"}
2021-08-01 00:06:30 下次操作: 2021-08-01 00:06:51

2021-08-01 00:06:51 开始第 19 次操作

2021-08-01 00:06:51 开始操作号码 【1885114】
2021-08-01 00:06:54 GSD getOne 第 1 次 等待 3 秒
2021-08-01 00:06:57 查询号码 【1885114】，返回信息 {"status":"bad","msg":""}
2021-08-01 00:06:58 查询号码 【1885114】，GSD为【""】
2021-08-01 00:06:58 bad
2021-08-01 00:07:00 CHB 1885114?1627747618 第 1 次 等待 3 秒
2021-08-01 00:07:03 CHB 1885114?1627747618 第 1 次 获取到号码【1885114】GSD
2021-08-01 00:07:03 获取到号码【1885114】的GSD为【江苏-南京】
2021-08-01 00:07:34 GSD insert 第 1 次 等待 3 秒
2021-08-01 00:07:37 {"status":"ok","gid":461648,"msg":"添加成功！"}
2021-08-01 00:07:37 下次操作: 2021-08-01 00:07:59

2021-08-01 00:07:59 开始第 20 次操作

2021-08-01 00:07:59 开始操作号码 【1885113】
2021-08-01 00:08:02 GSD getOne 第 1 次 等待 3 秒
2021-08-01 00:08:05 查询号码 【1885113】，返回信息 {"status":"bad","msg":""}
2021-08-01 00:08:06 查询号码 【1885113】，GSD为【""】
2021-08-01 00:08:06 bad
2021-08-01 00:08:08 CHB 1885113?1627747686 第 1 次 等待 3 秒
2021-08-01 00:08:11 CHB 1885113?1627747686 第 1 次 获取到号码【1885113】GSD
2021-08-01 00:08:12 获取到号码【1885113】的GSD为【江苏-南京】
2021-08-01 00:08:22 GSD insert 第 1 次 等待 3 秒
2021-08-01 00:08:25 {"status":"ok","gid":461660,"msg":"添加成功！"}
2021-08-01 00:08:25 下次操作: 2021-08-01 00:08:42

2021-08-01 00:08:42 开始第 21 次操作

2021-08-01 00:08:42 开始操作号码 【1885112】
2021-08-01 00:08:46 GSD getOne 第 1 次 等待 3 秒
2021-08-01 00:08:49 查询号码 【1885112】，返回信息 {"status":"bad","msg":""}
2021-08-01 00:08:49 查询号码 【1885112】，GSD为【""】
2021-08-01 00:08:49 bad
2021-08-01 00:08:51 CHB 1885112?1627747729 第 1 次 等待 3 秒
2021-08-01 00:08:54 CHB 1885112?1627747729 第 1 次 获取到号码【1885112】GSD
2021-08-01 00:08:54 获取到号码【1885112】的GSD为【江苏-南京】
2021-08-01 00:09:18 GSD insert 第 1 次 等待 3 秒
2021-08-01 00:09:21 {"status":"ok","gid":461673,"msg":"添加成功！"}
2021-08-01 00:09:21 下次操作: 2021-08-01 00:09:37

2021-08-01 00:09:37 开始第 22 次操作

2021-08-01 00:09:37 开始操作号码 【1885111】
2021-08-01 00:09:43 GSD getOne 第 1 次 等待 3 秒
2021-08-01 00:09:46 查询号码 【1885111】，返回信息 {"status":"bad","msg":""}
2021-08-01 00:09:47 查询号码 【1885111】，GSD为【""】
2021-08-01 00:09:47 bad
2021-08-01 00:09:52 CHB 1885111?1627747787 第 1 次 等待 3 秒
2021-08-01 00:09:55 CHB 1885111?1627747787 第 1 次 获取到号码【1885111】GSD
2021-08-01 00:09:55 获取到号码【1885111】的GSD为【江苏-南京】
2021-08-01 00:10:06 GSD insert 第 1 次 等待 3 秒
2021-08-01 00:10:09 {"status":"ok","gid":461684,"msg":"添加成功！"}
2021-08-01 00:10:09 下次操作: 2021-08-01 00:10:32

2021-08-01 00:10:32 开始第 23 次操作

2021-08-01 00:10:32 开始操作号码 【1885110】
2021-08-01 00:10:41 GSD getOne 第 1 次 等待 3 秒
2021-08-01 00:10:44 查询号码 【1885110】，返回信息 {"status":"bad","msg":""}
2021-08-01 00:10:44 查询号码 【1885110】，GSD为【""】
2021-08-01 00:10:44 bad
2021-08-01 00:10:46 CHB 1885110?1627747844 第 1 次 等待 3 秒
2021-08-01 00:10:49 CHB 1885110?1627747844 第 1 次 获取到号码【1885110】GSD
2021-08-01 00:10:49 获取到号码【1885110】的GSD为【江苏-南京】
2021-08-01 00:11:10 GSD insert 第 1 次 等待 3 秒
2021-08-01 00:11:13 {"status":"ok","gid":461698,"msg":"添加成功！"}
2021-08-01 00:11:13 下次操作: 2021-08-01 00:11:28

2021-08-01 00:11:28 开始第 24 次操作

2021-08-01 00:11:28 开始操作号码 【1885109】
2021-08-01 00:11:33 GSD getOne 第 1 次 等待 3 秒
2021-08-01 00:11:36 查询号码 【1885109】，返回信息 {"status":"bad","msg":""}
2021-08-01 00:11:36 查询号码 【1885109】，GSD为【""】
2021-08-01 00:11:36 bad
2021-08-01 00:11:38 CHB 1885109?1627747896 第 1 次 等待 3 秒
2021-08-01 00:11:41 CHB 1885109?1627747896 第 1 次 获取到号码【1885109】GSD
2021-08-01 00:11:41 获取到号码【1885109】的GSD为【江苏-南京】
2021-08-01 00:12:03 GSD insert 第 1 次 等待 3 秒
2021-08-01 00:12:06 {"status":"ok","gid":461711,"msg":"添加成功！"}
2021-08-01 00:12:06 下次操作: 2021-08-01 00:12:26

2021-08-01 00:12:26 开始第 25 次操作

2021-08-01 00:12:26 开始操作号码 【1885108】
2021-08-01 00:12:34 GSD getOne 第 1 次 等待 3 秒
2021-08-01 00:12:37 查询号码 【1885108】，返回信息 {"status":"bad","msg":""}
2021-08-01 00:12:37 查询号码 【1885108】，GSD为【""】
2021-08-01 00:12:37 bad
2021-08-01 00:12:39 CHB 1885108?1627747957 第 1 次 等待 3 秒
2021-08-01 00:12:42 CHB 1885108?1627747957 第 1 次 获取到号码【1885108】GSD
2021-08-01 00:12:43 获取到号码【1885108】的GSD为【江苏-南京】
2021-08-01 00:12:55 GSD insert 第 1 次 等待 3 秒
2021-08-01 00:12:58 {"status":"ok","gid":461719,"msg":"添加成功！"}
2021-08-01 00:12:58 下次操作: 2021-08-01 00:13:19

2021-08-01 00:13:19 开始第 26 次操作

2021-08-01 00:13:19 开始操作号码 【1885107】
2021-08-01 00:13:23 GSD getOne 第 1 次 等待 3 秒
2021-08-01 00:13:26 查询号码 【1885107】，返回信息 {"status":"bad","msg":""}
2021-08-01 00:13:26 查询号码 【1885107】，GSD为【""】
2021-08-01 00:13:26 bad
2021-08-01 00:13:29 CHB 1885107?1627748006 第 1 次 等待 3 秒
2021-08-01 00:13:32 CHB 1885107?1627748006 第 1 次 获取到号码【1885107】GSD
2021-08-01 00:13:32 获取到号码【1885107】的GSD为【江苏-南京】
2021-08-01 00:13:53 GSD insert 第 1 次 等待 3 秒
2021-08-01 00:13:56 {"status":"ok","gid":461731,"msg":"添加成功！"}
2021-08-01 00:13:56 下次操作: 2021-08-01 00:14:17

2021-08-01 00:14:17 开始第 27 次操作

2021-08-01 00:14:17 开始操作号码 【1885106】
2021-08-01 00:14:21 GSD getOne 第 1 次 等待 3 秒
2021-08-01 00:14:24 查询号码 【1885106】，返回信息 {"status":"bad","msg":""}
2021-08-01 00:14:24 查询号码 【1885106】，GSD为【""】
2021-08-01 00:14:24 bad
2021-08-01 00:14:26 CHB 1885106?1627748064 第 1 次 等待 3 秒
2021-08-01 00:14:29 CHB 1885106?1627748064 第 1 次 获取到号码【1885106】GSD
2021-08-01 00:14:29 获取到号码【1885106】的GSD为【江苏-南京】
2021-08-01 00:14:42 GSD insert 第 1 次 等待 3 秒
2021-08-01 00:14:45 {"status":"ok","gid":461741,"msg":"添加成功！"}
2021-08-01 00:14:45 下次操作: 2021-08-01 00:15:06

2021-08-01 00:15:06 开始第 28 次操作

2021-08-01 00:15:06 开始操作号码 【1885105】
2021-08-01 00:15:16 GSD getOne 第 1 次 等待 3 秒
2021-08-01 00:15:19 查询号码 【1885105】，返回信息 {"status":"bad","msg":""}
2021-08-01 00:15:19 查询号码 【1885105】，GSD为【""】
2021-08-01 00:15:19 bad
2021-08-01 00:15:22 CHB 1885105?1627748119 第 1 次 等待 3 秒
2021-08-01 00:15:25 CHB 1885105?1627748119 第 1 次 获取到号码【1885105】GSD
2021-08-01 00:15:25 获取到号码【1885105】的GSD为【江苏-南京】
2021-08-01 00:15:56 GSD insert 第 1 次 等待 3 秒
2021-08-01 00:15:59 {"status":"ok","gid":461746,"msg":"添加成功！"}
2021-08-01 00:16:00 下次操作: 2021-08-01 00:16:24

2021-08-01 00:16:24 开始第 29 次操作

2021-08-01 00:16:24 开始操作号码 【1885104】
2021-08-01 00:16:30 GSD getOne 第 1 次 等待 3 秒
2021-08-01 00:16:33 查询号码 【1885104】，返回信息 {"status":"bad","msg":""}
2021-08-01 00:16:33 查询号码 【1885104】，GSD为【""】
2021-08-01 00:16:33 bad
2021-08-01 00:16:35 CHB 1885104?1627748193 第 1 次 等待 3 秒
2021-08-01 00:16:38 CHB 1885104?1627748193 第 1 次 获取到号码【1885104】GSD
2021-08-01 00:16:38 获取到号码【1885104】的GSD为【江苏-南京】
2021-08-01 00:17:03 GSD insert 第 1 次 等待 3 秒
2021-08-01 00:17:06 {"status":"ok","gid":461760,"msg":"添加成功！"}
2021-08-01 00:17:06 下次操作: 2021-08-01 00:17:19

2021-08-01 00:17:19 开始第 30 次操作

2021-08-01 00:17:19 开始操作号码 【1885103】
2021-08-01 00:17:31 GSD getOne 第 1 次 等待 3 秒
2021-08-01 00:17:34 查询号码 【1885103】，返回信息 {"status":"bad","msg":""}
2021-08-01 00:17:34 查询号码 【1885103】，GSD为【""】
2021-08-01 00:17:34 bad
2021-08-01 00:17:37 CHB 1885103?1627748254 第 1 次 等待 3 秒
2021-08-01 00:17:40 CHB 1885103?1627748254 第 1 次 获取到号码【1885103】GSD
2021-08-01 00:17:40 获取到号码【1885103】的GSD为【江苏-南京】
2021-08-01 00:17:53 GSD insert 第 1 次 等待 3 秒
2021-08-01 00:17:56 {"status":"ok","gid":461767,"msg":"添加成功！"}
2021-08-01 00:17:56 下次操作: 2021-08-01 00:18:12

2021-08-01 00:18:12 开始第 31 次操作

2021-08-01 00:18:12 开始操作号码 【1885102】
2021-08-01 00:18:17 GSD getOne 第 1 次 等待 3 秒
2021-08-01 00:18:20 查询号码 【1885102】，返回信息 {"status":"bad","msg":""}
2021-08-01 00:18:20 查询号码 【1885102】，GSD为【""】
2021-08-01 00:18:20 bad
2021-08-01 00:18:25 CHB 1885102?1627748300 第 1 次 等待 3 秒
2021-08-01 00:18:28 CHB 1885102?1627748300 第 1 次 获取到号码【1885102】GSD
2021-08-01 00:18:28 获取到号码【1885102】的GSD为【江苏-南京】
2021-08-01 00:18:39 GSD insert 第 1 次 等待 3 秒
2021-08-01 00:18:42 {"status":"ok","gid":461774,"msg":"添加成功！"}
2021-08-01 00:18:42 下次操作: 2021-08-01 00:18:56

2021-08-01 00:18:56 开始第 32 次操作

2021-08-01 00:18:56 开始操作号码 【1885101】
2021-08-01 00:19:01 GSD getOne 第 1 次 等待 3 秒
2021-08-01 00:19:04 查询号码 【1885101】，返回信息 {"status":"bad","msg":""}
2021-08-01 00:19:04 查询号码 【1885101】，GSD为【""】
2021-08-01 00:19:04 bad
2021-08-01 00:19:06 CHB 1885101?1627748344 第 1 次 等待 3 秒
2021-08-01 00:19:09 CHB 1885101?1627748344 第 1 次 获取到号码【1885101】GSD
2021-08-01 00:19:09 获取到号码【1885101】的GSD为【江苏-南京】
2021-08-01 00:19:29 GSD insert 第 1 次 等待 3 秒
2021-08-01 00:19:32 {"status":"ok","gid":461780,"msg":"添加成功！"}
2021-08-01 00:19:32 下次操作: 2021-08-01 00:19:53

2021-08-01 00:19:53 开始第 33 次操作

2021-08-01 00:19:53 开始操作号码 【1885100】
2021-08-01 00:20:06 GSD getOne 第 1 次 等待 3 秒
2021-08-01 00:20:09 查询号码 【1885100】，返回信息 {"status":"bad","msg":""}
2021-08-01 00:20:09 查询号码 【1885100】，GSD为【""】
2021-08-01 00:20:09 bad
2021-08-01 00:20:11 CHB 1885100?1627748409 第 1 次 等待 3 秒
2021-08-01 00:20:14 CHB 1885100?1627748409 第 1 次 获取到号码【1885100】GSD
2021-08-01 00:20:14 获取到号码【1885100】的GSD为【江苏-南京】
2021-08-01 00:20:25 GSD insert 第 1 次 等待 3 秒
2021-08-01 00:20:28 {"status":"ok","gid":461787,"msg":"添加成功！"}
2021-08-01 00:20:28 下次操作: 2021-08-01 00:20:48

2021-08-01 00:20:48 开始第 34 次操作

2021-08-01 00:20:48 开始操作号码 【1885099】
2021-08-01 00:20:55 GSD getOne 第 1 次 等待 3 秒
2021-08-01 00:20:58 查询号码 【1885099】，返回信息 {"status":"bad","msg":""}
2021-08-01 00:20:58 查询号码 【1885099】，GSD为【""】
2021-08-01 00:20:58 bad
2021-08-01 00:21:01 CHB 1885099?1627748458 第 1 次 等待 3 秒
2021-08-01 00:21:04 CHB 1885099?1627748458 第 1 次 获取到号码【1885099】GSD
2021-08-01 00:21:04 获取到号码【1885099】的GSD为【福建-莆田】
2021-08-01 00:21:15 GSD insert 第 1 次 等待 3 秒
2021-08-01 00:21:18 {"status":"ok","gid":461791,"msg":"添加成功！"}
2021-08-01 00:21:18 下次操作: 2021-08-01 00:21:33

2021-08-01 00:21:33 开始第 35 次操作

2021-08-01 00:21:33 开始操作号码 【1885098】
2021-08-01 00:21:36 GSD getOne 第 1 次 等待 3 秒
2021-08-01 00:21:39 查询号码 【1885098】，返回信息 {"status":"bad","msg":""}
2021-08-01 00:21:39 查询号码 【1885098】，GSD为【""】
2021-08-01 00:21:39 bad
2021-08-01 00:21:42 CHB 1885098?1627748499 第 1 次 等待 3 秒
2021-08-01 00:21:45 CHB 1885098?1627748499 第 1 次 获取到号码【1885098】GSD
2021-08-01 00:21:45 获取到号码【1885098】的GSD为【福建-莆田】
2021-08-01 00:21:56 GSD insert 第 1 次 等待 3 秒
2021-08-01 00:21:59 {"status":"ok","gid":461797,"msg":"添加成功！"}
2021-08-01 00:21:59 下次操作: 2021-08-01 00:22:16

2021-08-01 00:22:16 开始第 36 次操作

2021-08-01 00:22:16 开始操作号码 【1885097】
2021-08-01 00:22:21 GSD getOne 第 1 次 等待 3 秒
2021-08-01 00:22:24 查询号码 【1885097】，返回信息 {"status":"bad","msg":""}
2021-08-01 00:22:24 查询号码 【1885097】，GSD为【""】
2021-08-01 00:22:24 bad
2021-08-01 00:22:27 CHB 1885097?1627748544 第 1 次 等待 3 秒
2021-08-01 00:22:30 CHB 1885097?1627748544 第 1 次 获取到号码【1885097】GSD
2021-08-01 00:22:30 获取到号码【1885097】的GSD为【福建-莆田】
2021-08-01 00:22:41 GSD insert 第 1 次 等待 3 秒
2021-08-01 00:22:44 {"status":"ok","gid":461803,"msg":"添加成功！"}
2021-08-01 00:22:44 下次操作: 2021-08-01 00:23:03

2021-08-01 00:23:03 开始第 37 次操作

2021-08-01 00:23:03 开始操作号码 【1885096】
2021-08-01 00:23:06 GSD getOne 第 1 次 等待 3 秒
2021-08-01 00:23:09 查询号码 【1885096】，返回信息 {"status":"bad","msg":""}
2021-08-01 00:23:09 查询号码 【1885096】，GSD为【""】
2021-08-01 00:23:09 bad
2021-08-01 00:23:12 CHB 1885096?1627748589 第 1 次 等待 3 秒
2021-08-01 00:23:15 CHB 1885096?1627748589 第 1 次 获取到号码【1885096】GSD
2021-08-01 00:23:15 获取到号码【1885096】的GSD为【福建-莆田】
2021-08-01 00:23:27 GSD insert 第 1 次 等待 3 秒
2021-08-01 00:23:30 {"status":"ok","gid":461809,"msg":"添加成功！"}
2021-08-01 00:23:30 下次操作: 2021-08-01 00:23:48

2021-08-01 00:23:48 开始第 38 次操作

2021-08-01 00:23:48 开始操作号码 【1885095】
2021-08-01 00:23:53 GSD getOne 第 1 次 等待 3 秒
2021-08-01 00:23:56 查询号码 【1885095】，返回信息 {"status":"bad","msg":""}
2021-08-01 00:23:56 查询号码 【1885095】，GSD为【""】
2021-08-01 00:23:56 bad
2021-08-01 00:23:58 CHB 1885095?1627748636 第 1 次 等待 3 秒
2021-08-01 00:24:01 CHB 1885095?1627748636 第 1 次 获取到号码【1885095】GSD
2021-08-01 00:24:01 获取到号码【1885095】的GSD为【福建-莆田】
2021-08-01 00:24:20 GSD insert 第 1 次 等待 3 秒
2021-08-01 00:24:23 {"status":"ok","gid":461815,"msg":"添加成功！"}
2021-08-01 00:24:23 下次操作: 2021-08-01 00:24:37

2021-08-01 00:24:37 开始第 39 次操作

2021-08-01 00:24:37 开始操作号码 【1885094】
2021-08-01 00:24:41 GSD getOne 第 1 次 等待 3 秒
2021-08-01 00:24:44 查询号码 【1885094】，返回信息 {"status":"ok","msg":"福建-莆田","gid":"44135","time_insert":"2017-12-08 17:20","time_update":"2020-09-05 17:13"}
2021-08-01 00:24:44 查询号码 【1885094】，GSD为【"福建-莆田"】

2021-08-01 00:24:44 开始第 39 次操作

2021-08-01 00:24:44 开始操作号码 【1885093】
2021-08-01 00:25:08 GSD getOne 第 1 次 等待 3 秒
2021-08-01 00:25:11 查询号码 【1885093】，返回信息 {"status":"ok","msg":"福建-莆田","gid":"44134","time_insert":"2020-01-02 10:21","time_update":"2020-09-05 17:43"}
2021-08-01 00:25:11 查询号码 【1885093】，GSD为【"福建-莆田"】

2021-08-01 00:25:11 开始第 39 次操作

2021-08-01 00:25:11 开始操作号码 【1885092】
2021-08-01 00:25:32 GSD getOne 第 1 次 等待 3 秒
2021-08-01 00:25:35 查询号码 【1885092】，返回信息 {"status":"bad","msg":""}
2021-08-01 00:25:35 查询号码 【1885092】，GSD为【""】
2021-08-01 00:25:35 bad
2021-08-01 00:25:37 CHB 1885092?1627748735 第 1 次 等待 3 秒
2021-08-01 00:25:40 CHB 1885092?1627748735 第 1 次 获取到号码【1885092】GSD
2021-08-01 00:25:40 获取到号码【1885092】的GSD为【福建-莆田】
2021-08-01 00:25:59 GSD insert 第 1 次 等待 3 秒
2021-08-01 00:26:02 {"status":"ok","gid":461828,"msg":"添加成功！"}
2021-08-01 00:26:02 下次操作: 2021-08-01 00:26:23

2021-08-01 00:26:23 开始第 40 次操作

2021-08-01 00:26:23 开始操作号码 【1885091】
2021-08-01 00:26:28 GSD getOne 第 1 次 等待 3 秒
2021-08-01 00:26:31 查询号码 【1885091】，返回信息 {"status":"bad","msg":""}
2021-08-01 00:26:31 查询号码 【1885091】，GSD为【""】
2021-08-01 00:26:31 bad
2021-08-01 00:26:33 CHB 1885091?1627748791 第 1 次 等待 3 秒
2021-08-01 00:26:36 CHB 1885091?1627748791 第 1 次 获取到号码【1885091】GSD
2021-08-01 00:26:36 获取到号码【1885091】的GSD为【福建-莆田】
2021-08-01 00:26:59 GSD insert 第 1 次 等待 3 秒
2021-08-01 00:27:02 {"status":"ok","gid":461832,"msg":"添加成功！"}

