2023-10-31 00:13:38 开始第 6145 次操作

2023-10-31 00:13:38 开始操作号码 【1966049】
2023-10-31 00:13:41 GSD getOne 第 1 次 等待 3 秒
2023-10-31 00:13:44 查询号码 【1966049】，返回信息 {"status":"ok","msg":"-","gid":"572534","time_insert":"2023-03-06 01:39"}
2023-10-31 00:13:44 查询号码 【1966049】，GSD为【"-"】
2023-10-31 00:13:44 ok && -
2023-10-31 00:13:50 CHB 1966049?1698682424 第 1 次 等待 3 秒
2023-10-31 00:13:53 CHB 1966049?1698682424 第 1 次 获取到号码【1966049】GSD
2023-10-31 00:13:53 未获取到号码【1966049】GSD，可能号码格式错误
2023-10-31 00:13:53 获取到号码【1966049】的GSD为【-】
2023-10-31 00:13:56 GSD insert 第 1 次 等待 3 秒
2023-10-31 00:13:59 {"status":"bad","gid":"572534","msg":"添加失败！号码【1966049(-|-)】已存在！"}
2023-10-31 00:13:59 随机等待 104 秒，约 1 分钟
2023-10-31 00:13:59 下次操作: 2023-10-31 00:15:43

2023-10-31 00:15:43 开始第 6146 次操作

2023-10-31 00:15:43 开始操作号码 【1966050】
2023-10-31 00:15:53 GSD getOne 第 1 次 等待 3 秒
2023-10-31 00:15:56 查询号码 【1966050】，返回信息 {"status":"ok","msg":"-","gid":"572537","time_insert":"2023-03-06 01:43"}
2023-10-31 00:15:56 查询号码 【1966050】，GSD为【"-"】
2023-10-31 00:15:56 ok && -
2023-10-31 00:15:58 CHB 1966050?1698682556 第 1 次 等待 3 秒
2023-10-31 00:16:01 CHB 1966050?1698682556 第 1 次 获取到号码【1966050】GSD
2023-10-31 00:16:01 未获取到号码【1966050】GSD，可能号码格式错误
2023-10-31 00:16:01 获取到号码【1966050】的GSD为【-】
2023-10-31 00:16:04 GSD insert 第 1 次 等待 3 秒
2023-10-31 00:16:07 {"status":"bad","gid":"572537","msg":"添加失败！号码【1966050(-|-)】已存在！"}
2023-10-31 00:16:07 随机等待 89 秒，约 1 分钟
2023-10-31 00:16:07 下次操作: 2023-10-31 00:17:36

2023-10-31 00:17:36 开始第 6147 次操作

2023-10-31 00:17:36 开始操作号码 【1966051】
2023-10-31 00:17:39 GSD getOne 第 1 次 等待 3 秒
2023-10-31 00:17:42 查询号码 【1966051】，返回信息 {"status":"ok","msg":"-","gid":"572541","time_insert":"2023-03-06 01:46"}
2023-10-31 00:17:42 查询号码 【1966051】，GSD为【"-"】
2023-10-31 00:17:42 ok && -
2023-10-31 00:17:44 CHB 1966051?1698682662 第 1 次 等待 3 秒
2023-10-31 00:17:47 CHB 1966051?1698682662 第 1 次 获取到号码【1966051】GSD
2023-10-31 00:17:47 未获取到号码【1966051】GSD，可能号码格式错误
2023-10-31 00:17:47 获取到号码【1966051】的GSD为【-】
2023-10-31 00:17:51 GSD insert 第 1 次 等待 3 秒
2023-10-31 00:17:54 {"status":"bad","gid":"572541","msg":"添加失败！号码【1966051(-|-)】已存在！"}
2023-10-31 00:17:54 随机等待 167 秒，约 2 分钟
2023-10-31 00:17:54 下次操作: 2023-10-31 00:20:41

2023-10-31 00:20:41 开始第 6148 次操作

2023-10-31 00:20:41 开始操作号码 【1966052】
2023-10-31 00:20:47 GSD getOne 第 1 次 等待 3 秒
2023-10-31 00:20:50 查询号码 【1966052】，返回信息 {"status":"ok","msg":"-","gid":"572548","time_insert":"2023-03-06 01:48"}
2023-10-31 00:20:50 查询号码 【1966052】，GSD为【"-"】
2023-10-31 00:20:50 ok && -
2023-10-31 00:20:52 CHB 1966052?1698682850 第 1 次 等待 3 秒
2023-10-31 00:20:55 CHB 1966052?1698682850 第 1 次 获取到号码【1966052】GSD
2023-10-31 00:20:55 未获取到号码【1966052】GSD，可能号码格式错误
2023-10-31 00:20:55 获取到号码【1966052】的GSD为【-】
2023-10-31 00:20:59 GSD insert 第 1 次 等待 3 秒
2023-10-31 00:21:02 {"status":"bad","gid":"572548","msg":"添加失败！号码【1966052(-|-)】已存在！"}

