2024-06-15 00:13:37 开始第 769 次操作

2024-06-15 00:13:37 开始操作号码 【1530652】
2024-06-15 00:13:44 GSD getOne 第 1 次 等待 3 秒
2024-06-15 00:13:47 查询号码 【1530652】，返回信息 {"status":"ok","msg":"浙江-杭州","gid":"93341","time_insert":"2021-06-12 17:31"}
2024-06-15 00:13:47 查询号码 【1530652】，GSD为【"浙江-杭州"】

2024-06-15 00:13:48 开始第 770 次操作

2024-06-15 00:13:48 开始操作号码 【1530653】
2024-06-15 00:13:54 GSD getOne 第 1 次 等待 3 秒
2024-06-15 00:13:57 查询号码 【1530653】，返回信息 {"status":"ok","msg":"浙江-杭州","gid":"93374","time_insert":"2021-06-12 17:48"}
2024-06-15 00:13:57 查询号码 【1530653】，GSD为【"浙江-杭州"】

2024-06-15 00:13:58 开始第 771 次操作

2024-06-15 00:13:58 开始操作号码 【1530654】
2024-06-15 00:14:04 GSD getOne 第 1 次 等待 3 秒
2024-06-15 00:14:07 查询号码 【1530654】，返回信息 {"status":"ok","msg":"浙江-杭州","gid":"93404","time_insert":"2021-06-12 18:06","time_update":"2021-06-12 21:05"}
2024-06-15 00:14:07 查询号码 【1530654】，GSD为【"浙江-杭州"】

2024-06-15 00:14:08 开始第 772 次操作

2024-06-15 00:14:08 开始操作号码 【1530655】
2024-06-15 00:14:13 GSD getOne 第 1 次 等待 3 秒
2024-06-15 00:14:16 查询号码 【1530655】，返回信息 {"status":"ok","msg":"浙江-杭州","gid":"93421","time_insert":"2021-06-12 18:24"}
2024-06-15 00:14:17 查询号码 【1530655】，GSD为【"浙江-杭州"】

