2024-02-28 00:13:50 开始第 6237 次操作

2024-02-28 00:13:51 开始操作号码 【1756130】
2024-02-28 00:13:55 GSD getOne 第 1 次 等待 3 秒
2024-02-28 00:13:58 查询号码 【1756130】，返回信息 {"status":"ok","msg":"山东-烟台","gid":"201178","time_insert":"2021-07-05 22:08"}
2024-02-28 00:13:58 查询号码 【1756130】，GSD为【"山东-烟台"】

2024-02-28 00:13:59 开始第 6238 次操作

2024-02-28 00:13:59 开始操作号码 【1756131】
2024-02-28 00:14:04 GSD getOne 第 1 次 等待 3 秒
2024-02-28 00:14:07 查询号码 【1756131】，返回信息 {"status":"ok","msg":"山东-烟台","gid":"201186","time_insert":"2021-07-05 22:09"}
2024-02-28 00:14:07 查询号码 【1756131】，GSD为【"山东-烟台"】

2024-02-28 00:14:08 开始第 6239 次操作

2024-02-28 00:14:08 开始操作号码 【1756132】
2024-02-28 00:14:15 GSD getOne 第 1 次 等待 3 秒
2024-02-28 00:14:18 查询号码 【1756132】，返回信息 {"status":"ok","msg":"山东-烟台","gid":"201194","time_insert":"2021-07-05 22:09"}
2024-02-28 00:14:18 查询号码 【1756132】，GSD为【"山东-烟台"】

2024-02-28 00:14:19 开始第 6240 次操作

2024-02-28 00:14:19 开始操作号码 【1756133】
2024-02-28 00:14:24 GSD getOne 第 1 次 等待 3 秒
2024-02-28 00:14:27 查询号码 【1756133】，返回信息 {"status":"ok","msg":"山东-烟台","gid":"201202","time_insert":"2021-07-05 22:10"}
2024-02-28 00:14:27 查询号码 【1756133】，GSD为【"山东-烟台"】

2024-02-28 00:36:24 开始第 6241 次操作

2024-02-28 00:36:24 开始操作号码 【1756134】
2024-02-28 00:36:28 GSD getOne 第 1 次 等待 3 秒
2024-02-28 00:36:31 查询号码 【1756134】，返回信息 {"status":"ok","msg":"山东-烟台","gid":"201207","time_insert":"2021-07-05 22:11"}
2024-02-28 00:36:32 查询号码 【1756134】，GSD为【"山东-烟台"】

2024-02-28 00:36:33 开始第 6242 次操作

2024-02-28 00:36:33 开始操作号码 【1756135】
2024-02-28 00:36:37 GSD getOne 第 1 次 等待 3 秒
2024-02-28 00:36:40 查询号码 【1756135】，返回信息 {"status":"ok","msg":"山东-烟台","gid":"201210","time_insert":"2021-07-05 22:12"}
2024-02-28 00:36:40 查询号码 【1756135】，GSD为【"山东-烟台"】

2024-02-28 00:36:41 开始第 6243 次操作

2024-02-28 00:36:41 开始操作号码 【1756136】
2024-02-28 00:36:45 GSD getOne 第 1 次 等待 3 秒
2024-02-28 00:36:48 查询号码 【1756136】，返回信息 {"status":"ok","msg":"山东-烟台","gid":"201214","time_insert":"2021-07-05 22:13"}
2024-02-28 00:36:48 查询号码 【1756136】，GSD为【"山东-烟台"】

2024-02-28 00:36:49 开始第 6244 次操作

2024-02-28 00:36:49 开始操作号码 【1756137】
2024-02-28 00:36:53 GSD getOne 第 1 次 等待 3 秒
2024-02-28 00:36:56 查询号码 【1756137】，返回信息 {"status":"ok","msg":"山东-烟台","gid":"201216","time_insert":"2021-07-05 22:14"}
2024-02-28 00:36:56 查询号码 【1756137】，GSD为【"山东-烟台"】

