2024-04-25 00:13:04 开始第 5537 次操作

2024-04-25 00:13:04 开始操作号码 【1645431】
2024-04-25 00:13:14 GSD getOne 第 1 次 等待 3 秒
2024-04-25 00:13:17 查询号码 【1645431】，返回信息 {"status":"ok","msg":"-","gid":"632923","time_insert":"2023-04-04 01:06"}
2024-04-25 00:13:17 查询号码 【1645431】，GSD为【"-"】
2024-04-25 00:13:17 ok && -
2024-04-25 00:13:20 CHB 1645431?1713975197 第 1 次 等待 3 秒
2024-04-25 00:13:23 CHB 1645431?1713975197 第 1 次 获取到号码【1645431】GSD
2024-04-25 00:13:23 未获取到号码【1645431】GSD，可能号码格式错误
2024-04-25 00:13:23 获取到号码【1645431】的GSD为【-】
2024-04-25 00:13:31 GSD insert 第 1 次 等待 3 秒
2024-04-25 00:13:34 {"status":"bad","gid":"632923","msg":"添加失败！号码【1645431(-|-)】已存在！"}
2024-04-25 00:13:34 随机等待 78 秒，约 1 分钟
2024-04-25 00:13:34 下次操作: 2024-04-25 00:14:52

2024-04-25 00:14:52 开始第 5538 次操作

2024-04-25 00:14:52 开始操作号码 【1645432】
2024-04-25 00:14:58 GSD getOne 第 1 次 等待 3 秒
2024-04-25 00:15:01 查询号码 【1645432】，返回信息 {"status":"ok","msg":"-","gid":"632955","time_insert":"2023-04-04 01:28"}
2024-04-25 00:15:01 查询号码 【1645432】，GSD为【"-"】
2024-04-25 00:15:01 ok && -
2024-04-25 00:15:03 CHB 1645432?1713975301 第 1 次 等待 3 秒
2024-04-25 00:15:06 CHB 1645432?1713975301 第 1 次 获取到号码【1645432】GSD
2024-04-25 00:15:06 未获取到号码【1645432】GSD，可能号码格式错误
2024-04-25 00:15:06 获取到号码【1645432】的GSD为【-】
2024-04-25 00:15:15 GSD insert 第 1 次 等待 3 秒
2024-04-25 00:15:18 {"status":"bad","gid":"632955","msg":"添加失败！号码【1645432(-|-)】已存在！"}
2024-04-25 00:15:18 随机等待 78 秒，约 1 分钟
2024-04-25 00:15:18 下次操作: 2024-04-25 00:16:36

2024-04-25 00:16:36 开始第 5539 次操作

2024-04-25 00:16:36 开始操作号码 【1645433】
2024-04-25 00:16:49 GSD getOne 第 1 次 等待 3 秒
2024-04-25 00:16:52 查询号码 【1645433】，返回信息 {"status":"ok","msg":"-","gid":"632985","time_insert":"2023-04-04 01:42"}
2024-04-25 00:16:52 查询号码 【1645433】，GSD为【"-"】
2024-04-25 00:16:52 ok && -
2024-04-25 00:16:55 CHB 1645433?1713975412 第 1 次 等待 3 秒
2024-04-25 00:16:58 CHB 1645433?1713975412 第 1 次 获取到号码【1645433】GSD
2024-04-25 00:16:58 未获取到号码【1645433】GSD，可能号码格式错误
2024-04-25 00:16:58 获取到号码【1645433】的GSD为【-】
2024-04-25 00:17:03 GSD insert 第 1 次 等待 3 秒
2024-04-25 00:17:06 {"status":"bad","gid":"632985","msg":"添加失败！号码【1645433(-|-)】已存在！"}
2024-04-25 00:17:06 随机等待 226 秒，约 3 分钟
2024-04-25 00:17:06 下次操作: 2024-04-25 00:20:52

2024-04-25 00:20:53 开始第 5540 次操作

2024-04-25 00:20:53 开始操作号码 【1645434】
2024-04-25 00:20:59 GSD getOne 第 1 次 等待 3 秒
2024-04-25 00:21:02 查询号码 【1645434】，返回信息 {"status":"ok","msg":"-","gid":"633020","time_insert":"2023-04-04 02:04"}
2024-04-25 00:21:02 查询号码 【1645434】，GSD为【"-"】
2024-04-25 00:21:02 ok && -
2024-04-25 00:21:04 CHB 1645434?1713975662 第 1 次 等待 3 秒
2024-04-25 00:21:07 CHB 1645434?1713975662 第 1 次 获取到号码【1645434】GSD
2024-04-25 00:21:07 未获取到号码【1645434】GSD，可能号码格式错误
2024-04-25 00:21:07 获取到号码【1645434】的GSD为【-】
2024-04-25 00:21:17 GSD insert 第 1 次 等待 3 秒
2024-04-25 00:21:20 {"status":"bad","gid":"633020","msg":"添加失败！号码【1645434(-|-)】已存在！"}

2024-04-25 00:36:27 开始第 5541 次操作

2024-04-25 00:36:27 开始操作号码 【1645435】
2024-04-25 00:36:33 GSD getOne 第 1 次 等待 3 秒
2024-04-25 00:36:36 查询号码 【1645435】，返回信息 {"status":"ok","msg":"-","gid":"633044","time_insert":"2023-04-04 02:21"}
2024-04-25 00:36:36 查询号码 【1645435】，GSD为【"-"】
2024-04-25 00:36:36 ok && -
2024-04-25 00:36:38 CHB 1645435?1713976596 第 1 次 等待 3 秒
2024-04-25 00:36:41 CHB 1645435?1713976596 第 1 次 获取到号码【1645435】GSD
2024-04-25 00:36:41 未获取到号码【1645435】GSD，可能号码格式错误
2024-04-25 00:36:41 获取到号码【1645435】的GSD为【-】
2024-04-25 00:36:46 GSD insert 第 1 次 等待 3 秒
2024-04-25 00:36:49 {"status":"bad","gid":"633044","msg":"添加失败！号码【1645435(-|-)】已存在！"}
2024-04-25 00:36:49 随机等待 230 秒，约 3 分钟
2024-04-25 00:36:49 下次操作: 2024-04-25 00:40:39

2024-04-25 00:40:39 开始第 5542 次操作

2024-04-25 00:40:39 开始操作号码 【1645436】
2024-04-25 00:40:44 GSD getOne 第 1 次 等待 3 秒
2024-04-25 00:40:47 查询号码 【1645436】，返回信息 {"status":"ok","msg":"-","gid":"633073","time_insert":"2023-04-04 02:43"}
2024-04-25 00:40:47 查询号码 【1645436】，GSD为【"-"】
2024-04-25 00:40:47 ok && -
2024-04-25 00:40:50 CHB 1645436?1713976847 第 1 次 等待 3 秒
2024-04-25 00:40:53 CHB 1645436?1713976847 第 1 次 获取到号码【1645436】GSD
2024-04-25 00:40:53 未获取到号码【1645436】GSD，可能号码格式错误
2024-04-25 00:40:53 获取到号码【1645436】的GSD为【-】
2024-04-25 00:41:01 GSD insert 第 1 次 等待 3 秒
2024-04-25 00:41:04 {"status":"bad","gid":"633073","msg":"添加失败！号码【1645436(-|-)】已存在！"}
2024-04-25 00:41:04 随机等待 124 秒，约 2 分钟
2024-04-25 00:41:04 下次操作: 2024-04-25 00:43:08

2024-04-25 00:43:08 开始第 5543 次操作

2024-04-25 00:43:08 开始操作号码 【1645437】
2024-04-25 00:43:14 GSD getOne 第 1 次 等待 3 秒
2024-04-25 00:43:17 查询号码 【1645437】，返回信息 {"status":"ok","msg":"-","gid":"633113","time_insert":"2023-04-04 03:07"}
2024-04-25 00:43:17 查询号码 【1645437】，GSD为【"-"】
2024-04-25 00:43:17 ok && -
2024-04-25 00:43:20 CHB 1645437?1713976997 第 1 次 等待 3 秒
2024-04-25 00:43:23 CHB 1645437?1713976997 第 1 次 获取到号码【1645437】GSD
2024-04-25 00:43:23 未获取到号码【1645437】GSD，可能号码格式错误
2024-04-25 00:43:23 获取到号码【1645437】的GSD为【-】
2024-04-25 00:43:28 GSD insert 第 1 次 等待 3 秒
2024-04-25 00:43:31 {"status":"bad","gid":"633113","msg":"添加失败！号码【1645437(-|-)】已存在！"}
2024-04-25 00:43:31 随机等待 207 秒，约 3 分钟
2024-04-25 00:43:31 下次操作: 2024-04-25 00:46:58

2024-04-25 00:46:58 开始第 5544 次操作

2024-04-25 00:46:58 开始操作号码 【1645438】
2024-04-25 00:47:03 GSD getOne 第 1 次 等待 3 秒
2024-04-25 00:47:06 查询号码 【1645438】，返回信息 {"status":"ok","msg":"-","gid":"633131","time_insert":"2023-04-04 03:19"}
2024-04-25 00:47:06 查询号码 【1645438】，GSD为【"-"】
2024-04-25 00:47:06 ok && -
2024-04-25 00:47:09 CHB 1645438?1713977226 第 1 次 等待 3 秒
2024-04-25 00:47:12 CHB 1645438?1713977226 第 1 次 获取到号码【1645438】GSD
2024-04-25 00:47:12 未获取到号码【1645438】GSD，可能号码格式错误
2024-04-25 00:47:12 获取到号码【1645438】的GSD为【-】
2024-04-25 00:47:17 GSD insert 第 1 次 等待 3 秒
2024-04-25 00:47:20 {"status":"bad","gid":"633131","msg":"添加失败！号码【1645438(-|-)】已存在！"}

