2024-07-10 00:15:27 开始第 5285 次操作

2024-07-10 00:15:27 开始操作号码 【1535167】
2024-07-10 00:15:35 GSD getOne 第 1 次 等待 3 秒
2024-07-10 00:15:38 查询号码 【1535167】，返回信息 {"status":"ok","msg":"江苏-徐州","gid":"421087","time_insert":"2021-07-28 04:48"}
2024-07-10 00:15:38 查询号码 【1535167】，GSD为【"江苏-徐州"】

2024-07-10 00:15:39 开始第 5286 次操作

2024-07-10 00:15:39 开始操作号码 【1535168】
2024-07-10 00:15:48 GSD getOne 第 1 次 等待 3 秒
2024-07-10 00:15:51 查询号码 【1535168】，返回信息 {"status":"ok","msg":"江苏-徐州","gid":"421077","time_insert":"2021-07-28 04:47"}
2024-07-10 00:15:51 查询号码 【1535168】，GSD为【"江苏-徐州"】

2024-07-10 00:15:52 开始第 5287 次操作

2024-07-10 00:15:52 开始操作号码 【1535169】
2024-07-10 00:16:04 GSD getOne 第 1 次 等待 3 秒
2024-07-10 00:16:07 查询号码 【1535169】，返回信息 {"status":"ok","msg":"江苏-徐州","gid":"421069","time_insert":"2021-07-28 04:47"}
2024-07-10 00:16:07 查询号码 【1535169】，GSD为【"江苏-徐州"】

2024-07-10 00:16:08 开始第 5288 次操作

2024-07-10 00:16:08 开始操作号码 【1535170】
2024-07-10 00:16:17 GSD getOne 第 1 次 等待 3 秒
2024-07-10 00:16:20 查询号码 【1535170】，返回信息 {"status":"ok","msg":"江苏-淮安","gid":"421061","time_insert":"2021-07-28 04:46"}
2024-07-10 00:16:20 查询号码 【1535170】，GSD为【"江苏-淮安"】

2024-07-10 00:39:36 开始第 5289 次操作

2024-07-10 00:39:36 开始操作号码 【1535171】
2024-07-10 00:39:46 GSD getOne 第 1 次 等待 3 秒
2024-07-10 00:39:49 查询号码 【1535171】，返回信息 {"status":"ok","msg":"江苏-淮安","gid":"421052","time_insert":"2021-07-28 04:46"}
2024-07-10 00:39:49 查询号码 【1535171】，GSD为【"江苏-淮安"】

2024-07-10 00:39:50 开始第 5290 次操作

2024-07-10 00:39:50 开始操作号码 【1535172】
2024-07-10 00:40:01 GSD getOne 第 1 次 等待 3 秒
2024-07-10 00:40:04 查询号码 【1535172】，返回信息 {"status":"ok","msg":"江苏-淮安","gid":"421043","time_insert":"2021-07-28 04:45"}
2024-07-10 00:40:04 查询号码 【1535172】，GSD为【"江苏-淮安"】

2024-07-10 00:40:05 开始第 5291 次操作

2024-07-10 00:40:05 开始操作号码 【1535173】
2024-07-10 00:40:13 GSD getOne 第 1 次 等待 3 秒
2024-07-10 00:40:16 查询号码 【1535173】，返回信息 {"status":"ok","msg":"江苏-淮安","gid":"421036","time_insert":"2021-07-28 04:44"}
2024-07-10 00:40:16 查询号码 【1535173】，GSD为【"江苏-淮安"】

2024-07-10 00:40:17 开始第 5292 次操作

2024-07-10 00:40:17 开始操作号码 【1535174】
2024-07-10 00:40:26 GSD getOne 第 1 次 等待 3 秒
2024-07-10 00:40:29 查询号码 【1535174】，返回信息 {"status":"ok","msg":"江苏-淮安","gid":"421023","time_insert":"2021-07-28 04:44"}
2024-07-10 00:40:29 查询号码 【1535174】，GSD为【"江苏-淮安"】

2024-07-10 01:12:05 开始第 5293 次操作

2024-07-10 01:12:05 开始操作号码 【1535175】
2024-07-10 01:12:14 GSD getOne 第 1 次 等待 3 秒
2024-07-10 01:12:17 查询号码 【1535175】，返回信息 {"status":"ok","msg":"江苏-淮安","gid":"421014","time_insert":"2021-07-28 04:43"}
2024-07-10 01:12:17 查询号码 【1535175】，GSD为【"江苏-淮安"】

2024-07-10 01:12:18 开始第 5294 次操作

2024-07-10 01:12:18 开始操作号码 【1535176】
2024-07-10 01:12:28 GSD getOne 第 1 次 等待 3 秒
2024-07-10 01:12:31 查询号码 【1535176】，返回信息 {"status":"ok","msg":"江苏-淮安","gid":"421006","time_insert":"2021-07-28 04:43"}
2024-07-10 01:12:31 查询号码 【1535176】，GSD为【"江苏-淮安"】

2024-07-10 01:12:32 开始第 5295 次操作

2024-07-10 01:12:32 开始操作号码 【1535177】
2024-07-10 01:12:40 GSD getOne 第 1 次 等待 3 秒
2024-07-10 01:12:43 查询号码 【1535177】，返回信息 {"status":"ok","msg":"江苏-淮安","gid":"420995","time_insert":"2021-07-28 04:42"}
2024-07-10 01:12:43 查询号码 【1535177】，GSD为【"江苏-淮安"】

2024-07-10 01:12:44 开始第 5296 次操作

2024-07-10 01:12:44 开始操作号码 【1535178】
2024-07-10 01:12:54 GSD getOne 第 1 次 等待 3 秒
2024-07-10 01:12:57 查询号码 【1535178】，返回信息 {"status":"ok","msg":"江苏-淮安","gid":"420984","time_insert":"2021-07-28 04:42"}
2024-07-10 01:12:57 查询号码 【1535178】，GSD为【"江苏-淮安"】

