2024-07-25 00:14:53 开始第 7973 次操作

2024-07-25 00:14:53 开始操作号码 【1537855】
2024-07-25 00:15:01 GSD getOne 第 1 次 等待 3 秒
2024-07-25 00:15:04 查询号码 【1537855】，返回信息 {"status":"ok","msg":"四川-广元","gid":"21315","time_insert":"2017-05-09 16:42","time_update":"2020-10-22 07:07"}
2024-07-25 00:15:04 查询号码 【1537855】，GSD为【"四川-广元"】

2024-07-25 00:15:05 开始第 7974 次操作

2024-07-25 00:15:05 开始操作号码 【1537856】
2024-07-25 00:15:14 GSD getOne 第 1 次 等待 3 秒
2024-07-25 00:15:17 查询号码 【1537856】，返回信息 {"status":"ok","msg":"四川-巴中","gid":"21316","time_insert":"2015-05-04 01:38","time_update":"2020-10-22 07:11"}
2024-07-25 00:15:17 查询号码 【1537856】，GSD为【"四川-巴中"】

2024-07-25 00:15:18 开始第 7975 次操作

2024-07-25 00:15:18 开始操作号码 【1537857】
2024-07-25 00:15:27 GSD getOne 第 1 次 等待 3 秒
2024-07-25 00:15:30 查询号码 【1537857】，返回信息 {"status":"ok","msg":"四川-巴中","gid":"21317","time_insert":"2018-09-20 23:03","time_update":"2020-10-22 07:14"}
2024-07-25 00:15:30 查询号码 【1537857】，GSD为【"四川-巴中"】

2024-07-25 00:15:31 开始第 7976 次操作

2024-07-25 00:15:31 开始操作号码 【1537858】
2024-07-25 00:15:39 GSD getOne 第 1 次 等待 3 秒
2024-07-25 00:15:42 查询号码 【1537858】，返回信息 {"status":"ok","msg":"四川-广安","gid":"21318","time_insert":"2018-11-14 21:03","time_update":"2020-10-22 07:17"}
2024-07-25 00:15:42 查询号码 【1537858】，GSD为【"四川-广安"】

