2024-10-31 00:27:07 开始第 2257 次操作

2024-10-31 00:27:07 开始操作号码 【1322256】
2024-10-31 00:27:09 GSD getOne 第 1 次 等待 3 秒
2024-10-31 00:27:12 查询号码 【1322256】，返回信息 {"status":"ok","msg":"江苏-常州","gid":"84570","time_insert":"2021-06-07 14:46"}
2024-10-31 00:27:12 查询号码 【1322256】，GSD为【"江苏-常州"】

2024-10-31 00:27:13 开始第 2258 次操作

2024-10-31 00:27:13 开始操作号码 【1322257】
2024-10-31 00:27:13 GSD getOne 第 1 次 等待 3 秒
2024-10-31 00:27:16 查询号码 【1322257】，返回信息 {"status":"ok","msg":"江苏-常州","gid":"2136","time_insert":"2018-02-10 14:00","time_update":"2020-08-23 22:15"}
2024-10-31 00:27:16 查询号码 【1322257】，GSD为【"江苏-常州"】

2024-10-31 00:27:17 开始第 2259 次操作

2024-10-31 00:27:17 开始操作号码 【1322258】
2024-10-31 00:27:18 GSD getOne 第 1 次 等待 3 秒
2024-10-31 00:27:21 查询号码 【1322258】，返回信息 {"status":"ok","msg":"江苏-常州","gid":"84613","time_insert":"2021-06-07 15:15"}
2024-10-31 00:27:21 查询号码 【1322258】，GSD为【"江苏-常州"】

2024-10-31 00:27:22 开始第 2260 次操作

2024-10-31 00:27:22 开始操作号码 【1322259】
2024-10-31 00:27:23 GSD getOne 第 1 次 等待 3 秒
2024-10-31 00:27:26 查询号码 【1322259】，返回信息 {"status":"ok","msg":"江苏-常州","gid":"84658","time_insert":"2021-06-07 15:36"}
2024-10-31 00:27:26 查询号码 【1322259】，GSD为【"江苏-常州"】

