2024-05-08 00:12:32 开始第 7921 次操作

2024-05-08 00:12:32 开始操作号码 【1647815】
2024-05-08 00:12:41 GSD getOne 第 1 次 等待 3 秒
2024-05-08 00:12:44 查询号码 【1647815】，返回信息 {"status":"ok","msg":"-","gid":"669602","time_insert":"2023-04-21 23:22"}
2024-05-08 00:12:44 查询号码 【1647815】，GSD为【"-"】
2024-05-08 00:12:44 ok && -
2024-05-08 00:12:47 CHB 1647815?1715098364 第 1 次 等待 3 秒
2024-05-08 00:12:50 CHB 1647815?1715098364 第 1 次 获取到号码【1647815】GSD
2024-05-08 00:12:50 未获取到号码【1647815】GSD，可能号码格式错误
2024-05-08 00:12:50 获取到号码【1647815】的GSD为【-】
2024-05-08 00:13:09 GSD insert 第 1 次 等待 3 秒
2024-05-08 00:13:12 {"status":"bad","gid":"669602","msg":"添加失败！号码【1647815(-|-)】已存在！"}
2024-05-08 00:13:12 随机等待 135 秒，约 2 分钟
2024-05-08 00:13:12 下次操作: 2024-05-08 00:15:27

2024-05-08 00:15:27 开始第 7922 次操作

2024-05-08 00:15:27 开始操作号码 【1647816】
2024-05-08 00:15:32 GSD getOne 第 1 次 等待 3 秒
2024-05-08 00:15:35 查询号码 【1647816】，返回信息 {"status":"ok","msg":"-","gid":"669590","time_insert":"2023-04-21 23:14"}
2024-05-08 00:15:35 查询号码 【1647816】，GSD为【"-"】
2024-05-08 00:15:35 ok && -
2024-05-08 00:15:38 CHB 1647816?1715098535 第 1 次 等待 3 秒
2024-05-08 00:15:41 CHB 1647816?1715098535 第 1 次 获取到号码【1647816】GSD
2024-05-08 00:15:41 未获取到号码【1647816】GSD，可能号码格式错误
2024-05-08 00:15:41 获取到号码【1647816】的GSD为【-】
2024-05-08 00:15:49 GSD insert 第 1 次 等待 3 秒
2024-05-08 00:15:53 {"status":"bad","gid":"669590","msg":"添加失败！号码【1647816(-|-)】已存在！"}
2024-05-08 00:15:53 随机等待 103 秒，约 1 分钟
2024-05-08 00:15:53 下次操作: 2024-05-08 00:17:36

2024-05-08 00:17:36 开始第 7923 次操作

2024-05-08 00:17:36 开始操作号码 【1647817】
2024-05-08 00:17:42 GSD getOne 第 1 次 等待 3 秒
2024-05-08 00:17:45 查询号码 【1647817】，返回信息 {"status":"ok","msg":"-","gid":"669585","time_insert":"2023-04-21 23:12"}
2024-05-08 00:17:45 查询号码 【1647817】，GSD为【"-"】
2024-05-08 00:17:45 ok && -
2024-05-08 00:17:47 CHB 1647817?1715098665 第 1 次 等待 3 秒
2024-05-08 00:17:50 CHB 1647817?1715098665 第 1 次 获取到号码【1647817】GSD
2024-05-08 00:17:51 未获取到号码【1647817】GSD，可能号码格式错误
2024-05-08 00:17:51 获取到号码【1647817】的GSD为【-】
2024-05-08 00:17:57 GSD insert 第 1 次 等待 3 秒
2024-05-08 00:18:00 {"status":"bad","gid":"669585","msg":"添加失败！号码【1647817(-|-)】已存在！"}
2024-05-08 00:18:00 随机等待 105 秒，约 1 分钟
2024-05-08 00:18:00 下次操作: 2024-05-08 00:19:45

2024-05-08 00:19:45 开始第 7924 次操作

2024-05-08 00:19:45 开始操作号码 【1647818】
2024-05-08 00:19:51 GSD getOne 第 1 次 等待 3 秒
2024-05-08 00:19:54 查询号码 【1647818】，返回信息 {"status":"ok","msg":"-","gid":"669583","time_insert":"2023-04-21 23:11"}
2024-05-08 00:19:54 查询号码 【1647818】，GSD为【"-"】
2024-05-08 00:19:54 ok && -
2024-05-08 00:19:56 CHB 1647818?1715098794 第 1 次 等待 3 秒
2024-05-08 00:19:59 CHB 1647818?1715098794 第 1 次 获取到号码【1647818】GSD
2024-05-08 00:19:59 未获取到号码【1647818】GSD，可能号码格式错误
2024-05-08 00:19:59 获取到号码【1647818】的GSD为【-】
2024-05-08 00:20:14 GSD insert 第 1 次 等待 3 秒
2024-05-08 00:20:17 {"status":"bad","gid":"669583","msg":"添加失败！号码【1647818(-|-)】已存在！"}

2024-05-08 00:37:16 开始第 7925 次操作

2024-05-08 00:37:16 开始操作号码 【1647819】
2024-05-08 00:37:27 GSD getOne 第 1 次 等待 3 秒
2024-05-08 00:37:30 查询号码 【1647819】，返回信息 {"status":"ok","msg":"-","gid":"669582","time_insert":"2023-04-21 23:08"}
2024-05-08 00:37:30 查询号码 【1647819】，GSD为【"-"】
2024-05-08 00:37:30 ok && -
2024-05-08 00:37:32 CHB 1647819?1715099850 第 1 次 等待 3 秒
2024-05-08 00:37:35 CHB 1647819?1715099850 第 1 次 获取到号码【1647819】GSD
2024-05-08 00:37:35 未获取到号码【1647819】GSD，可能号码格式错误
2024-05-08 00:37:35 获取到号码【1647819】的GSD为【-】
2024-05-08 00:37:46 GSD insert 第 1 次 等待 3 秒
2024-05-08 00:37:49 {"status":"bad","gid":"669582","msg":"添加失败！号码【1647819(-|-)】已存在！"}
2024-05-08 00:37:49 随机等待 160 秒，约 2 分钟
2024-05-08 00:37:49 下次操作: 2024-05-08 00:40:29

2024-05-08 00:40:29 开始第 7926 次操作

2024-05-08 00:40:29 开始操作号码 【1647820】
2024-05-08 00:40:37 GSD getOne 第 1 次 等待 3 秒
2024-05-08 00:40:40 查询号码 【1647820】，返回信息 {"status":"ok","msg":"-","gid":"669569","time_insert":"2023-04-21 22:59"}
2024-05-08 00:40:40 查询号码 【1647820】，GSD为【"-"】
2024-05-08 00:40:40 ok && -
2024-05-08 00:40:43 CHB 1647820?1715100040 第 1 次 等待 3 秒
2024-05-08 00:40:46 CHB 1647820?1715100040 第 1 次 获取到号码【1647820】GSD
2024-05-08 00:40:46 未获取到号码【1647820】GSD，可能号码格式错误
2024-05-08 00:40:46 获取到号码【1647820】的GSD为【-】
2024-05-08 00:40:52 GSD insert 第 1 次 等待 3 秒
2024-05-08 00:40:55 {"status":"bad","gid":"669569","msg":"添加失败！号码【1647820(-|-)】已存在！"}
2024-05-08 00:40:55 随机等待 159 秒，约 2 分钟
2024-05-08 00:40:55 下次操作: 2024-05-08 00:43:34

2024-05-08 00:43:34 开始第 7927 次操作

2024-05-08 00:43:34 开始操作号码 【1647821】
2024-05-08 00:43:43 GSD getOne 第 1 次 等待 3 秒
2024-05-08 00:43:46 查询号码 【1647821】，返回信息 {"status":"ok","msg":"-","gid":"669565","time_insert":"2023-04-21 22:57"}
2024-05-08 00:43:46 查询号码 【1647821】，GSD为【"-"】
2024-05-08 00:43:46 ok && -
2024-05-08 00:48:46 CHB 1647821?1715100226 第 1 次 等待 3 秒
2024-05-08 00:48:49 CHB 1647821?1715100226 第 1 次 未获取到 等待 122 秒 下次操作: 2024-05-08 00:50:51
2024-05-08 00:51:00 CHB 1647821?1715100651 第 2 次 等待 3 秒
2024-05-08 00:51:03 CHB 1647821?1715100651 第 2 次 获取到号码【1647821】GSD
2024-05-08 00:51:03 未获取到号码【1647821】GSD，可能号码格式错误
2024-05-08 00:51:03 获取到号码【1647821】的GSD为【-】
2024-05-08 00:51:10 GSD insert 第 1 次 等待 3 秒
2024-05-08 00:51:13 {"status":"bad","gid":"669565","msg":"添加失败！号码【1647821(-|-)】已存在！"}
2024-05-08 00:51:13 随机等待 129 秒，约 2 分钟
2024-05-08 00:51:13 下次操作: 2024-05-08 00:53:22

2024-05-08 00:53:22 开始第 7928 次操作

2024-05-08 00:53:22 开始操作号码 【1647822】
2024-05-08 00:53:28 GSD getOne 第 1 次 等待 3 秒
2024-05-08 00:53:31 查询号码 【1647822】，返回信息 {"status":"ok","msg":"-","gid":"669561","time_insert":"2023-04-21 22:55"}
2024-05-08 00:53:31 查询号码 【1647822】，GSD为【"-"】
2024-05-08 00:53:31 ok && -
2024-05-08 00:53:33 CHB 1647822?1715100811 第 1 次 等待 3 秒
2024-05-08 00:53:36 CHB 1647822?1715100811 第 1 次 获取到号码【1647822】GSD
2024-05-08 00:53:36 未获取到号码【1647822】GSD，可能号码格式错误
2024-05-08 00:53:36 获取到号码【1647822】的GSD为【-】
2024-05-08 00:53:41 GSD insert 第 1 次 等待 3 秒
2024-05-08 00:53:44 {"status":"bad","gid":"669561","msg":"添加失败！号码【1647822(-|-)】已存在！"}

2024-05-08 01:10:01 开始第 7929 次操作

2024-05-08 01:10:01 开始操作号码 【1647823】
2024-05-08 01:10:07 GSD getOne 第 1 次 等待 3 秒
2024-05-08 01:10:10 查询号码 【1647823】，返回信息 {"status":"ok","msg":"-","gid":"669559","time_insert":"2023-04-21 22:53"}
2024-05-08 01:10:10 查询号码 【1647823】，GSD为【"-"】
2024-05-08 01:10:10 ok && -
2024-05-08 01:10:12 CHB 1647823?1715101810 第 1 次 等待 3 秒
2024-05-08 01:10:15 CHB 1647823?1715101810 第 1 次 获取到号码【1647823】GSD
2024-05-08 01:10:15 未获取到号码【1647823】GSD，可能号码格式错误
2024-05-08 01:10:15 获取到号码【1647823】的GSD为【-】
2024-05-08 01:10:20 GSD insert 第 1 次 等待 3 秒
2024-05-08 01:10:23 {"status":"bad","gid":"669559","msg":"添加失败！号码【1647823(-|-)】已存在！"}
2024-05-08 01:10:23 随机等待 148 秒，约 2 分钟
2024-05-08 01:10:23 下次操作: 2024-05-08 01:12:51

2024-05-08 01:12:51 开始第 7930 次操作

2024-05-08 01:12:51 开始操作号码 【1647824】
2024-05-08 01:13:00 GSD getOne 第 1 次 等待 3 秒
2024-05-08 01:13:03 查询号码 【1647824】，返回信息 {"status":"ok","msg":"-","gid":"669549","time_insert":"2023-04-21 22:48"}
2024-05-08 01:13:03 查询号码 【1647824】，GSD为【"-"】
2024-05-08 01:13:03 ok && -
2024-05-08 01:13:05 CHB 1647824?1715101983 第 1 次 等待 3 秒
2024-05-08 01:13:08 CHB 1647824?1715101983 第 1 次 获取到号码【1647824】GSD
2024-05-08 01:13:08 未获取到号码【1647824】GSD，可能号码格式错误
2024-05-08 01:13:08 获取到号码【1647824】的GSD为【-】
2024-05-08 01:13:15 GSD insert 第 1 次 等待 3 秒
2024-05-08 01:13:18 {"status":"bad","gid":"669549","msg":"添加失败！号码【1647824(-|-)】已存在！"}
2024-05-08 01:13:18 随机等待 83 秒，约 1 分钟
2024-05-08 01:13:18 下次操作: 2024-05-08 01:14:41

2024-05-08 01:14:41 开始第 7931 次操作

2024-05-08 01:14:41 开始操作号码 【1647825】
2024-05-08 01:14:47 GSD getOne 第 1 次 等待 3 秒
2024-05-08 01:14:50 查询号码 【1647825】，返回信息 {"status":"ok","msg":"-","gid":"669548","time_insert":"2023-04-21 22:47"}
2024-05-08 01:14:50 查询号码 【1647825】，GSD为【"-"】
2024-05-08 01:14:50 ok && -
2024-05-08 01:14:52 CHB 1647825?1715102090 第 1 次 等待 3 秒
2024-05-08 01:14:55 CHB 1647825?1715102090 第 1 次 获取到号码【1647825】GSD
2024-05-08 01:14:55 未获取到号码【1647825】GSD，可能号码格式错误
2024-05-08 01:14:55 获取到号码【1647825】的GSD为【-】
2024-05-08 01:15:01 GSD insert 第 1 次 等待 3 秒
2024-05-08 01:15:04 {"status":"bad","gid":"669548","msg":"添加失败！号码【1647825(-|-)】已存在！"}
2024-05-08 01:15:04 随机等待 216 秒，约 3 分钟
2024-05-08 01:15:04 下次操作: 2024-05-08 01:18:40

2024-05-08 01:18:40 开始第 7932 次操作

2024-05-08 01:18:40 开始操作号码 【1647826】
2024-05-08 01:18:47 GSD getOne 第 1 次 等待 3 秒
2024-05-08 01:18:50 查询号码 【1647826】，返回信息 {"status":"ok","msg":"-","gid":"669544","time_insert":"2023-04-21 22:45"}
2024-05-08 01:18:50 查询号码 【1647826】，GSD为【"-"】
2024-05-08 01:18:50 ok && -
2024-05-08 01:18:52 CHB 1647826?1715102330 第 1 次 等待 3 秒
2024-05-08 01:18:55 CHB 1647826?1715102330 第 1 次 获取到号码【1647826】GSD
2024-05-08 01:18:55 未获取到号码【1647826】GSD，可能号码格式错误
2024-05-08 01:18:55 获取到号码【1647826】的GSD为【-】
2024-05-08 01:19:01 GSD insert 第 1 次 等待 3 秒
2024-05-08 01:19:04 {"status":"bad","gid":"669544","msg":"添加失败！号码【1647826(-|-)】已存在！"}

2024-05-08 01:34:21 开始第 7933 次操作

2024-05-08 01:34:21 开始操作号码 【1647827】
2024-05-08 01:34:29 GSD getOne 第 1 次 等待 3 秒
2024-05-08 01:34:32 查询号码 【1647827】，返回信息 {"status":"ok","msg":"-","gid":"669540","time_insert":"2023-04-21 22:43"}
2024-05-08 01:34:32 查询号码 【1647827】，GSD为【"-"】
2024-05-08 01:34:32 ok && -
2024-05-08 01:34:35 CHB 1647827?1715103272 第 1 次 等待 3 秒
2024-05-08 01:34:38 CHB 1647827?1715103272 第 1 次 获取到号码【1647827】GSD
2024-05-08 01:34:38 未获取到号码【1647827】GSD，可能号码格式错误
2024-05-08 01:34:38 获取到号码【1647827】的GSD为【-】
2024-05-08 01:34:45 GSD insert 第 1 次 等待 3 秒
2024-05-08 01:34:48 {"status":"bad","gid":"669540","msg":"添加失败！号码【1647827(-|-)】已存在！"}
2024-05-08 01:34:48 随机等待 204 秒，约 3 分钟
2024-05-08 01:34:48 下次操作: 2024-05-08 01:38:12

2024-05-08 01:38:12 开始第 7934 次操作

2024-05-08 01:38:12 开始操作号码 【1647828】
2024-05-08 01:38:18 GSD getOne 第 1 次 等待 3 秒
2024-05-08 01:38:21 查询号码 【1647828】，返回信息 {"status":"ok","msg":"-","gid":"669535","time_insert":"2023-04-21 22:40"}
2024-05-08 01:38:21 查询号码 【1647828】，GSD为【"-"】
2024-05-08 01:38:21 ok && -
2024-05-08 01:38:25 CHB 1647828?1715103501 第 1 次 等待 3 秒
2024-05-08 01:38:28 CHB 1647828?1715103501 第 1 次 获取到号码【1647828】GSD
2024-05-08 01:38:28 未获取到号码【1647828】GSD，可能号码格式错误
2024-05-08 01:38:28 获取到号码【1647828】的GSD为【-】
2024-05-08 01:38:42 GSD insert 第 1 次 等待 3 秒
2024-05-08 01:38:45 {"status":"bad","gid":"669535","msg":"添加失败！号码【1647828(-|-)】已存在！"}
2024-05-08 01:38:45 随机等待 107 秒，约 1 分钟
2024-05-08 01:38:45 下次操作: 2024-05-08 01:40:32

2024-05-08 01:40:32 开始第 7935 次操作

2024-05-08 01:40:32 开始操作号码 【1647829】
2024-05-08 01:40:38 GSD getOne 第 1 次 等待 3 秒
2024-05-08 01:40:41 查询号码 【1647829】，返回信息 {"status":"ok","msg":"-","gid":"669531","time_insert":"2023-04-21 22:38"}
2024-05-08 01:40:41 查询号码 【1647829】，GSD为【"-"】
2024-05-08 01:40:41 ok && -
2024-05-08 01:40:44 CHB 1647829?1715103641 第 1 次 等待 3 秒
2024-05-08 01:40:47 CHB 1647829?1715103641 第 1 次 获取到号码【1647829】GSD
2024-05-08 01:40:47 未获取到号码【1647829】GSD，可能号码格式错误
2024-05-08 01:40:47 获取到号码【1647829】的GSD为【-】
2024-05-08 01:40:53 GSD insert 第 1 次 等待 3 秒
2024-05-08 01:40:56 {"status":"bad","gid":"669531","msg":"添加失败！号码【1647829(-|-)】已存在！"}
2024-05-08 01:40:56 随机等待 128 秒，约 2 分钟
2024-05-08 01:40:56 下次操作: 2024-05-08 01:43:04

2024-05-08 01:43:04 开始第 7936 次操作

2024-05-08 01:43:04 开始操作号码 【1647830】
2024-05-08 01:43:12 GSD getOne 第 1 次 等待 3 秒
2024-05-08 01:43:15 查询号码 【1647830】，返回信息 {"status":"ok","msg":"-","gid":"669526","time_insert":"2023-04-21 22:36"}
2024-05-08 01:43:15 查询号码 【1647830】，GSD为【"-"】
2024-05-08 01:43:15 ok && -
2024-05-08 01:43:18 CHB 1647830?1715103795 第 1 次 等待 3 秒
2024-05-08 01:43:21 CHB 1647830?1715103795 第 1 次 获取到号码【1647830】GSD
2024-05-08 01:43:21 未获取到号码【1647830】GSD，可能号码格式错误
2024-05-08 01:43:21 获取到号码【1647830】的GSD为【-】
2024-05-08 01:43:29 GSD insert 第 1 次 等待 3 秒
2024-05-08 01:43:32 {"status":"bad","gid":"669526","msg":"添加失败！号码【1647830(-|-)】已存在！"}

2024-05-08 02:14:31 开始第 7937 次操作

2024-05-08 02:14:31 开始操作号码 【1647831】
2024-05-08 02:14:39 GSD getOne 第 1 次 等待 3 秒
2024-05-08 02:14:42 查询号码 【1647831】，返回信息 {"status":"ok","msg":"-","gid":"669523","time_insert":"2023-04-21 22:33"}
2024-05-08 02:14:42 查询号码 【1647831】，GSD为【"-"】
2024-05-08 02:14:42 ok && -
2024-05-08 02:14:45 CHB 1647831?1715105682 第 1 次 等待 3 秒
2024-05-08 02:14:48 CHB 1647831?1715105682 第 1 次 获取到号码【1647831】GSD
2024-05-08 02:14:48 未获取到号码【1647831】GSD，可能号码格式错误
2024-05-08 02:14:48 获取到号码【1647831】的GSD为【-】
2024-05-08 02:14:53 GSD insert 第 1 次 等待 3 秒
2024-05-08 02:14:56 {"status":"bad","gid":"669523","msg":"添加失败！号码【1647831(-|-)】已存在！"}
2024-05-08 02:14:56 随机等待 85 秒，约 1 分钟
2024-05-08 02:14:56 下次操作: 2024-05-08 02:16:21

2024-05-08 02:16:21 开始第 7938 次操作

2024-05-08 02:16:21 开始操作号码 【1647832】
2024-05-08 02:16:26 GSD getOne 第 1 次 等待 3 秒
2024-05-08 02:16:29 查询号码 【1647832】，返回信息 {"status":"ok","msg":"-","gid":"669519","time_insert":"2023-04-21 22:31"}
2024-05-08 02:16:29 查询号码 【1647832】，GSD为【"-"】
2024-05-08 02:16:29 ok && -
2024-05-08 02:16:33 CHB 1647832?1715105789 第 1 次 等待 3 秒
2024-05-08 02:16:36 CHB 1647832?1715105789 第 1 次 获取到号码【1647832】GSD
2024-05-08 02:16:36 未获取到号码【1647832】GSD，可能号码格式错误
2024-05-08 02:16:36 获取到号码【1647832】的GSD为【-】
2024-05-08 02:16:41 GSD insert 第 1 次 等待 3 秒
2024-05-08 02:16:44 {"status":"bad","gid":"669519","msg":"添加失败！号码【1647832(-|-)】已存在！"}
2024-05-08 02:16:44 随机等待 168 秒，约 2 分钟
2024-05-08 02:16:44 下次操作: 2024-05-08 02:19:32

2024-05-08 02:19:32 开始第 7939 次操作

2024-05-08 02:19:32 开始操作号码 【1647833】
2024-05-08 02:19:37 GSD getOne 第 1 次 等待 3 秒
2024-05-08 02:19:40 查询号码 【1647833】，返回信息 {"status":"ok","msg":"-","gid":"669516","time_insert":"2023-04-21 22:27"}
2024-05-08 02:19:40 查询号码 【1647833】，GSD为【"-"】
2024-05-08 02:19:40 ok && -
2024-05-08 02:19:43 CHB 1647833?1715105980 第 1 次 等待 3 秒
2024-05-08 02:19:46 CHB 1647833?1715105980 第 1 次 获取到号码【1647833】GSD
2024-05-08 02:19:46 未获取到号码【1647833】GSD，可能号码格式错误
2024-05-08 02:19:46 获取到号码【1647833】的GSD为【-】
2024-05-08 02:19:51 GSD insert 第 1 次 等待 3 秒
2024-05-08 02:19:54 {"status":"bad","gid":"669516","msg":"添加失败！号码【1647833(-|-)】已存在！"}
2024-05-08 02:19:54 随机等待 116 秒，约 1 分钟
2024-05-08 02:19:54 下次操作: 2024-05-08 02:21:50

2024-05-08 02:21:50 开始第 7940 次操作

2024-05-08 02:21:50 开始操作号码 【1647834】
2024-05-08 02:21:55 GSD getOne 第 1 次 等待 3 秒
2024-05-08 02:21:58 查询号码 【1647834】，返回信息 {"status":"ok","msg":"-","gid":"669510","time_insert":"2023-04-21 22:25"}
2024-05-08 02:21:58 查询号码 【1647834】，GSD为【"-"】
2024-05-08 02:21:58 ok && -
2024-05-08 02:22:00 CHB 1647834?1715106118 第 1 次 等待 3 秒
2024-05-08 02:22:03 CHB 1647834?1715106118 第 1 次 获取到号码【1647834】GSD
2024-05-08 02:22:03 未获取到号码【1647834】GSD，可能号码格式错误
2024-05-08 02:22:03 获取到号码【1647834】的GSD为【-】
2024-05-08 02:22:08 GSD insert 第 1 次 等待 3 秒
2024-05-08 02:22:11 {"status":"bad","gid":"669510","msg":"添加失败！号码【1647834(-|-)】已存在！"}

