2024-09-23 00:15:34 开始第 6053 次操作

2024-09-23 00:15:34 开始操作号码 【1426051】
2024-09-23 00:15:38 GSD getOne 第 1 次 等待 3 秒
2024-09-23 00:15:41 查询号码 【1426051】，返回信息 {"status":"ok","msg":"-","gid":"643528","time_insert":"2023-04-09 20:48"}
2024-09-23 00:15:41 查询号码 【1426051】，GSD为【"-"】
2024-09-23 00:15:41 ok && -
2024-09-23 00:15:43 CHB 1426051?1727021741 第 1 次 等待 3 秒
2024-09-23 00:15:46 CHB 1426051?1727021741 第 1 次 获取到号码【1426051】GSD
2024-09-23 00:15:46 未获取到号码【1426051】GSD，可能号码格式错误
2024-09-23 00:15:46 获取到号码【1426051】的GSD为【-】
2024-09-23 00:15:48 GSD insert 第 1 次 等待 3 秒
2024-09-23 00:15:51 {"status":"bad","gid":"643528","msg":"添加失败！号码【1426051(-|-)】已存在！"}
2024-09-23 00:15:51 随机等待 205 秒，约 3 分钟
2024-09-23 00:15:51 下次操作: 2024-09-23 00:19:16

2024-09-23 00:19:16 开始第 6054 次操作

2024-09-23 00:19:16 开始操作号码 【1426052】
2024-09-23 00:19:18 GSD getOne 第 1 次 等待 3 秒
2024-09-23 00:19:21 查询号码 【1426052】，返回信息 {"status":"ok","msg":"-","gid":"643544","time_insert":"2023-04-09 21:02"}
2024-09-23 00:19:21 查询号码 【1426052】，GSD为【"-"】
2024-09-23 00:19:21 ok && -
2024-09-23 00:19:24 CHB 1426052?1727021961 第 1 次 等待 3 秒
2024-09-23 00:19:27 CHB 1426052?1727021961 第 1 次 获取到号码【1426052】GSD
2024-09-23 00:19:27 未获取到号码【1426052】GSD，可能号码格式错误
2024-09-23 00:19:27 获取到号码【1426052】的GSD为【-】
2024-09-23 00:19:29 GSD insert 第 1 次 等待 3 秒
2024-09-23 00:19:32 {"status":"bad","gid":"643544","msg":"添加失败！号码【1426052(-|-)】已存在！"}
2024-09-23 00:19:32 随机等待 92 秒，约 1 分钟
2024-09-23 00:19:32 下次操作: 2024-09-23 00:21:04

2024-09-23 00:21:04 开始第 6055 次操作

2024-09-23 00:21:04 开始操作号码 【1426053】
2024-09-23 00:21:06 GSD getOne 第 1 次 等待 3 秒
2024-09-23 00:21:09 查询号码 【1426053】，返回信息 {"status":"ok","msg":"-","gid":"643558","time_insert":"2023-04-09 21:10"}
2024-09-23 00:21:09 查询号码 【1426053】，GSD为【"-"】
2024-09-23 00:21:09 ok && -
2024-09-23 00:21:10 CHB 1426053?1727022069 第 1 次 等待 3 秒
2024-09-23 00:21:13 CHB 1426053?1727022069 第 1 次 获取到号码【1426053】GSD
2024-09-23 00:21:14 未获取到号码【1426053】GSD，可能号码格式错误
2024-09-23 00:21:14 获取到号码【1426053】的GSD为【-】
2024-09-23 00:21:15 GSD insert 第 1 次 等待 3 秒
2024-09-23 00:21:18 {"status":"bad","gid":"643558","msg":"添加失败！号码【1426053(-|-)】已存在！"}
2024-09-23 00:21:18 随机等待 217 秒，约 3 分钟
2024-09-23 00:21:18 下次操作: 2024-09-23 00:24:55

2024-09-23 00:24:56 开始第 6056 次操作

2024-09-23 00:24:56 开始操作号码 【1426054】
2024-09-23 00:24:57 GSD getOne 第 1 次 等待 3 秒
2024-09-23 00:25:00 查询号码 【1426054】，返回信息 {"status":"ok","msg":"-","gid":"643586","time_insert":"2023-04-09 21:29"}
2024-09-23 00:25:01 查询号码 【1426054】，GSD为【"-"】
2024-09-23 00:25:01 ok && -
2024-09-23 00:25:03 CHB 1426054?1727022301 第 1 次 等待 3 秒
2024-09-23 00:25:06 CHB 1426054?1727022301 第 1 次 获取到号码【1426054】GSD
2024-09-23 00:25:06 未获取到号码【1426054】GSD，可能号码格式错误
2024-09-23 00:25:06 获取到号码【1426054】的GSD为【-】
2024-09-23 00:25:08 GSD insert 第 1 次 等待 3 秒
2024-09-23 00:25:11 {"status":"bad","gid":"643586","msg":"添加失败！号码【1426054(-|-)】已存在！"}

