2024-04-26 00:13:39 开始第 5721 次操作

2024-04-26 00:13:39 开始操作号码 【1645615】
2024-04-26 00:13:45 GSD getOne 第 1 次 等待 3 秒
2024-04-26 00:13:48 查询号码 【1645615】，返回信息 {"status":"ok","msg":"-","gid":"637311","time_insert":"2023-04-06 03:11"}
2024-04-26 00:13:48 查询号码 【1645615】，GSD为【"-"】
2024-04-26 00:13:48 ok && -
2024-04-26 00:13:52 CHB 1645615?1714061628 第 1 次 等待 3 秒
2024-04-26 00:13:55 CHB 1645615?1714061628 第 1 次 获取到号码【1645615】GSD
2024-04-26 00:13:55 未获取到号码【1645615】GSD，可能号码格式错误
2024-04-26 00:13:55 获取到号码【1645615】的GSD为【-】
2024-04-26 00:14:00 GSD insert 第 1 次 等待 3 秒
2024-04-26 00:14:03 {"status":"bad","gid":"637311","msg":"添加失败！号码【1645615(-|-)】已存在！"}
2024-04-26 00:14:03 随机等待 140 秒，约 2 分钟
2024-04-26 00:14:03 下次操作: 2024-04-26 00:16:23

2024-04-26 00:16:23 开始第 5722 次操作

2024-04-26 00:16:23 开始操作号码 【1645616】
2024-04-26 00:16:28 GSD getOne 第 1 次 等待 3 秒
2024-04-26 00:16:31 查询号码 【1645616】，返回信息 {"status":"ok","msg":"-","gid":"637331","time_insert":"2023-04-06 03:23"}
2024-04-26 00:16:31 查询号码 【1645616】，GSD为【"-"】
2024-04-26 00:16:31 ok && -
2024-04-26 00:16:34 CHB 1645616?1714061791 第 1 次 等待 3 秒
2024-04-26 00:16:37 CHB 1645616?1714061791 第 1 次 获取到号码【1645616】GSD
2024-04-26 00:16:37 未获取到号码【1645616】GSD，可能号码格式错误
2024-04-26 00:16:37 获取到号码【1645616】的GSD为【-】
2024-04-26 00:16:43 GSD insert 第 1 次 等待 3 秒
2024-04-26 00:16:46 {"status":"bad","gid":"637331","msg":"添加失败！号码【1645616(-|-)】已存在！"}
2024-04-26 00:16:46 随机等待 144 秒，约 2 分钟
2024-04-26 00:16:46 下次操作: 2024-04-26 00:19:10

2024-04-26 00:19:10 开始第 5723 次操作

2024-04-26 00:19:10 开始操作号码 【1645617】
2024-04-26 00:19:19 GSD getOne 第 1 次 等待 3 秒
2024-04-26 00:19:22 查询号码 【1645617】，返回信息 {"status":"ok","msg":"-","gid":"637344","time_insert":"2023-04-06 03:33"}
2024-04-26 00:19:22 查询号码 【1645617】，GSD为【"-"】
2024-04-26 00:19:22 ok && -
2024-04-26 00:19:26 CHB 1645617?1714061962 第 1 次 等待 3 秒
2024-04-26 00:19:29 CHB 1645617?1714061962 第 1 次 获取到号码【1645617】GSD
2024-04-26 00:19:29 未获取到号码【1645617】GSD，可能号码格式错误
2024-04-26 00:19:29 获取到号码【1645617】的GSD为【-】
2024-04-26 00:20:33 GSD insert 第 1 次 等待 3 秒
2024-04-26 00:20:36 {"status":"bad","gid":"637344","msg":"添加失败！号码【1645617(-|-)】已存在！"}
2024-04-26 00:20:36 随机等待 201 秒，约 3 分钟
2024-04-26 00:20:36 下次操作: 2024-04-26 00:23:57

2024-04-26 00:23:57 开始第 5724 次操作

2024-04-26 00:23:57 开始操作号码 【1645618】
2024-04-26 00:24:03 GSD getOne 第 1 次 等待 3 秒
2024-04-26 00:24:06 查询号码 【1645618】，返回信息 {"status":"ok","msg":"-","gid":"637371","time_insert":"2023-04-06 03:51"}
2024-04-26 00:24:07 查询号码 【1645618】，GSD为【"-"】
2024-04-26 00:24:07 ok && -
2024-04-26 00:24:08 CHB 1645618?1714062247 第 1 次 等待 3 秒
2024-04-26 00:24:11 CHB 1645618?1714062247 第 1 次 获取到号码【1645618】GSD
2024-04-26 00:24:11 未获取到号码【1645618】GSD，可能号码格式错误
2024-04-26 00:24:11 获取到号码【1645618】的GSD为【-】
2024-04-26 00:24:17 GSD insert 第 1 次 等待 3 秒
2024-04-26 00:24:20 {"status":"bad","gid":"637371","msg":"添加失败！号码【1645618(-|-)】已存在！"}

