2021-07-25 00:00:00 开始第 23 次操作

2021-07-25 00:00:00 开始操作号码 【1467577】
2021-07-25 00:00:03 GSD getOne 第 1 次 等待 3 秒
2021-07-25 00:00:06 查询号码 【1467577】，返回信息 {"status":"bad","msg":""}
2021-07-25 00:00:06 查询号码 【1467577】，GSD为【""】
2021-07-25 00:00:06 bad
2021-07-25 00:00:08 CHB 1467577?1627142406 第 1 次 等待 3 秒
2021-07-25 00:00:11 CHB 1467577?1627142406 第 1 次 获取到号码【1467577】GSD
2021-07-25 00:00:11 获取到号码【1467577】的GSD为【江苏-南京】
2021-07-25 00:00:15 GSD insert 第 1 次 等待 3 秒
2021-07-25 00:00:18 {"status":"ok","gid":382940,"msg":"添加成功！"}
2021-07-25 00:00:18 下次操作: 2021-07-25 00:00:35

2021-07-25 00:00:35 开始第 24 次操作

2021-07-25 00:00:35 开始操作号码 【1467576】
2021-07-25 00:00:37 GSD getOne 第 1 次 等待 3 秒
2021-07-25 00:00:40 查询号码 【1467576】，返回信息 {"status":"bad","msg":""}
2021-07-25 00:00:41 查询号码 【1467576】，GSD为【""】
2021-07-25 00:00:41 bad
2021-07-25 00:00:42 CHB 1467576?1627142441 第 1 次 等待 3 秒
2021-07-25 00:00:45 CHB 1467576?1627142441 第 1 次 获取到号码【1467576】GSD
2021-07-25 00:00:45 获取到号码【1467576】的GSD为【江苏-南京】
2021-07-25 00:00:48 GSD insert 第 1 次 等待 3 秒
2021-07-25 00:00:51 {"status":"ok","gid":382950,"msg":"添加成功！"}
2021-07-25 00:00:51 下次操作: 2021-07-25 00:01:10

2021-07-25 00:01:10 开始第 25 次操作

2021-07-25 00:01:10 开始操作号码 【1467575】
2021-07-25 00:01:15 GSD getOne 第 1 次 等待 3 秒
2021-07-25 00:01:18 查询号码 【1467575】，返回信息 {"status":"bad","msg":""}
2021-07-25 00:01:18 查询号码 【1467575】，GSD为【""】
2021-07-25 00:01:18 bad
2021-07-25 00:01:20 CHB 1467575?1627142478 第 1 次 等待 3 秒
2021-07-25 00:01:23 CHB 1467575?1627142478 第 1 次 获取到号码【1467575】GSD
2021-07-25 00:01:23 获取到号码【1467575】的GSD为【江苏-南京】
2021-07-25 00:01:27 GSD insert 第 1 次 等待 3 秒
2021-07-25 00:01:30 {"status":"ok","gid":382962,"msg":"添加成功！"}
2021-07-25 00:01:30 下次操作: 2021-07-25 00:01:50

2021-07-25 00:01:50 开始第 26 次操作

2021-07-25 00:01:50 开始操作号码 【1467574】
2021-07-25 00:01:53 GSD getOne 第 1 次 等待 3 秒
2021-07-25 00:01:56 查询号码 【1467574】，返回信息 {"status":"bad","msg":""}
2021-07-25 00:01:56 查询号码 【1467574】，GSD为【""】
2021-07-25 00:01:56 bad
2021-07-25 00:01:58 CHB 1467574?1627142516 第 1 次 等待 3 秒
2021-07-25 00:02:01 CHB 1467574?1627142516 第 1 次 获取到号码【1467574】GSD
2021-07-25 00:02:01 获取到号码【1467574】的GSD为【江苏-南京】
2021-07-25 00:02:05 GSD insert 第 1 次 等待 3 秒
2021-07-25 00:02:08 {"status":"ok","gid":382974,"msg":"添加成功！"}
2021-07-25 00:02:08 下次操作: 2021-07-25 00:02:32

2021-07-25 00:02:32 开始第 27 次操作

2021-07-25 00:02:32 开始操作号码 【1467573】
2021-07-25 00:02:36 GSD getOne 第 1 次 等待 3 秒
2021-07-25 00:02:39 查询号码 【1467573】，返回信息 {"status":"bad","msg":""}
2021-07-25 00:02:39 查询号码 【1467573】，GSD为【""】
2021-07-25 00:02:39 bad
2021-07-25 00:02:41 CHB 1467573?1627142559 第 1 次 等待 3 秒
2021-07-25 00:02:44 CHB 1467573?1627142559 第 1 次 获取到号码【1467573】GSD
2021-07-25 00:02:44 获取到号码【1467573】的GSD为【江苏-南京】
2021-07-25 00:02:49 GSD insert 第 1 次 等待 3 秒
2021-07-25 00:02:52 {"status":"ok","gid":382985,"msg":"添加成功！"}
2021-07-25 00:02:52 下次操作: 2021-07-25 00:03:08

2021-07-25 00:03:08 开始第 28 次操作

2021-07-25 00:03:08 开始操作号码 【1467572】
2021-07-25 00:03:11 GSD getOne 第 1 次 等待 3 秒
2021-07-25 00:03:14 查询号码 【1467572】，返回信息 {"status":"bad","msg":""}
2021-07-25 00:03:14 查询号码 【1467572】，GSD为【""】
2021-07-25 00:03:14 bad
2021-07-25 00:03:16 CHB 1467572?1627142594 第 1 次 等待 3 秒
2021-07-25 00:03:19 CHB 1467572?1627142594 第 1 次 获取到号码【1467572】GSD
2021-07-25 00:03:19 获取到号码【1467572】的GSD为【江苏-南京】
2021-07-25 00:03:22 GSD insert 第 1 次 等待 3 秒
2021-07-25 00:03:25 {"status":"ok","gid":382993,"msg":"添加成功！"}
2021-07-25 00:03:25 下次操作: 2021-07-25 00:03:46

2021-07-25 00:03:46 开始第 29 次操作

2021-07-25 00:03:46 开始操作号码 【1467571】
2021-07-25 00:03:49 GSD getOne 第 1 次 等待 3 秒
2021-07-25 00:03:52 查询号码 【1467571】，返回信息 {"status":"bad","msg":""}
2021-07-25 00:03:52 查询号码 【1467571】，GSD为【""】
2021-07-25 00:03:52 bad
2021-07-25 00:03:54 CHB 1467571?1627142632 第 1 次 等待 3 秒
2021-07-25 00:03:57 CHB 1467571?1627142632 第 1 次 获取到号码【1467571】GSD
2021-07-25 00:03:57 获取到号码【1467571】的GSD为【江苏-南京】
2021-07-25 00:04:02 GSD insert 第 1 次 等待 3 秒
2021-07-25 00:04:05 {"status":"ok","gid":383003,"msg":"添加成功！"}
2021-07-25 00:04:05 下次操作: 2021-07-25 00:04:29

2021-07-25 00:04:29 开始第 30 次操作

2021-07-25 00:04:29 开始操作号码 【1467570】
2021-07-25 00:04:34 GSD getOne 第 1 次 等待 3 秒
2021-07-25 00:04:37 查询号码 【1467570】，返回信息 {"status":"bad","msg":""}
2021-07-25 00:04:37 查询号码 【1467570】，GSD为【""】
2021-07-25 00:04:37 bad
2021-07-25 00:04:39 CHB 1467570?1627142677 第 1 次 等待 3 秒
2021-07-25 00:04:42 CHB 1467570?1627142677 第 1 次 获取到号码【1467570】GSD
2021-07-25 00:04:42 获取到号码【1467570】的GSD为【江苏-南京】
2021-07-25 00:04:45 GSD insert 第 1 次 等待 3 秒
2021-07-25 00:04:48 {"status":"ok","gid":383013,"msg":"添加成功！"}
2021-07-25 00:04:48 下次操作: 2021-07-25 00:05:07

2021-07-25 00:05:07 开始第 31 次操作

2021-07-25 00:05:07 开始操作号码 【1467569】
2021-07-25 00:05:10 GSD getOne 第 1 次 等待 3 秒
2021-07-25 00:05:13 查询号码 【1467569】，返回信息 {"status":"bad","msg":""}
2021-07-25 00:05:13 查询号码 【1467569】，GSD为【""】
2021-07-25 00:05:13 bad
2021-07-25 00:05:14 CHB 1467569?1627142713 第 1 次 等待 3 秒
2021-07-25 00:05:17 CHB 1467569?1627142713 第 1 次 获取到号码【1467569】GSD
2021-07-25 00:05:17 获取到号码【1467569】的GSD为【江苏-南京】
2021-07-25 00:05:21 GSD insert 第 1 次 等待 3 秒
2021-07-25 00:05:24 {"status":"ok","gid":383023,"msg":"添加成功！"}
2021-07-25 00:05:24 下次操作: 2021-07-25 00:05:39

2021-07-25 00:05:39 开始第 32 次操作

2021-07-25 00:05:39 开始操作号码 【1467568】
2021-07-25 00:05:42 GSD getOne 第 1 次 等待 3 秒
2021-07-25 00:05:45 查询号码 【1467568】，返回信息 {"status":"bad","msg":""}
2021-07-25 00:05:45 查询号码 【1467568】，GSD为【""】
2021-07-25 00:05:45 bad
2021-07-25 00:05:47 CHB 1467568?1627142745 第 1 次 等待 3 秒
2021-07-25 00:05:50 CHB 1467568?1627142745 第 1 次 获取到号码【1467568】GSD
2021-07-25 00:05:50 获取到号码【1467568】的GSD为【江苏-南京】
2021-07-25 00:05:57 GSD insert 第 1 次 等待 3 秒
2021-07-25 00:06:00 {"status":"ok","gid":383032,"msg":"添加成功！"}
2021-07-25 00:06:00 下次操作: 2021-07-25 00:06:24

2021-07-25 00:06:24 开始第 33 次操作

2021-07-25 00:06:24 开始操作号码 【1467567】
2021-07-25 00:06:27 GSD getOne 第 1 次 等待 3 秒
2021-07-25 00:06:30 查询号码 【1467567】，返回信息 {"status":"bad","msg":""}
2021-07-25 00:06:30 查询号码 【1467567】，GSD为【""】
2021-07-25 00:06:30 bad
2021-07-25 00:06:32 CHB 1467567?1627142790 第 1 次 等待 3 秒
2021-07-25 00:06:35 CHB 1467567?1627142790 第 1 次 获取到号码【1467567】GSD
2021-07-25 00:06:35 获取到号码【1467567】的GSD为【江苏-南京】
2021-07-25 00:06:38 GSD insert 第 1 次 等待 3 秒
2021-07-25 00:06:41 {"status":"ok","gid":383044,"msg":"添加成功！"}
2021-07-25 00:06:41 下次操作: 2021-07-25 00:07:05

2021-07-25 00:07:05 开始第 34 次操作

2021-07-25 00:07:05 开始操作号码 【1467566】
2021-07-25 00:07:09 GSD getOne 第 1 次 等待 3 秒
2021-07-25 00:07:12 查询号码 【1467566】，返回信息 {"status":"bad","msg":""}
2021-07-25 00:07:12 查询号码 【1467566】，GSD为【""】
2021-07-25 00:07:12 bad
2021-07-25 00:07:18 CHB 1467566?1627142832 第 1 次 等待 3 秒
2021-07-25 00:07:21 CHB 1467566?1627142832 第 1 次 获取到号码【1467566】GSD
2021-07-25 00:07:21 获取到号码【1467566】的GSD为【江苏-南京】
2021-07-25 00:07:23 GSD insert 第 1 次 等待 3 秒
2021-07-25 00:07:26 {"status":"ok","gid":383058,"msg":"添加成功！"}
2021-07-25 00:07:26 下次操作: 2021-07-25 00:07:40

2021-07-25 00:07:40 开始第 35 次操作

2021-07-25 00:07:40 开始操作号码 【1467565】
2021-07-25 00:07:47 GSD getOne 第 1 次 等待 3 秒
2021-07-25 00:07:50 查询号码 【1467565】，返回信息 {"status":"bad","msg":""}
2021-07-25 00:07:50 查询号码 【1467565】，GSD为【""】
2021-07-25 00:07:50 bad
2021-07-25 00:07:52 CHB 1467565?1627142870 第 1 次 等待 3 秒
2021-07-25 00:07:55 CHB 1467565?1627142870 第 1 次 获取到号码【1467565】GSD
2021-07-25 00:07:55 获取到号码【1467565】的GSD为【江苏-南京】
2021-07-25 00:07:59 GSD insert 第 1 次 等待 3 秒
2021-07-25 00:08:02 {"status":"ok","gid":383069,"msg":"添加成功！"}
2021-07-25 00:08:03 下次操作: 2021-07-25 00:08:25

2021-07-25 00:08:25 开始第 36 次操作

2021-07-25 00:08:25 开始操作号码 【1467564】
2021-07-25 00:08:29 GSD getOne 第 1 次 等待 3 秒
2021-07-25 00:08:32 查询号码 【1467564】，返回信息 {"status":"bad","msg":""}
2021-07-25 00:08:32 查询号码 【1467564】，GSD为【""】
2021-07-25 00:08:32 bad
2021-07-25 00:08:34 CHB 1467564?1627142912 第 1 次 等待 3 秒
2021-07-25 00:08:37 CHB 1467564?1627142912 第 1 次 获取到号码【1467564】GSD
2021-07-25 00:08:37 获取到号码【1467564】的GSD为【江苏-南京】
2021-07-25 00:08:40 GSD insert 第 1 次 等待 3 秒
2021-07-25 00:08:43 {"status":"ok","gid":383076,"msg":"添加成功！"}
2021-07-25 00:08:43 下次操作: 2021-07-25 00:08:59

2021-07-25 00:08:59 开始第 37 次操作

2021-07-25 00:08:59 开始操作号码 【1467563】
2021-07-25 00:09:02 GSD getOne 第 1 次 等待 3 秒
2021-07-25 00:09:05 查询号码 【1467563】，返回信息 {"status":"bad","msg":""}
2021-07-25 00:09:05 查询号码 【1467563】，GSD为【""】
2021-07-25 00:09:05 bad
2021-07-25 00:09:07 CHB 1467563?1627142945 第 1 次 等待 3 秒
2021-07-25 00:09:10 CHB 1467563?1627142945 第 1 次 获取到号码【1467563】GSD
2021-07-25 00:09:10 获取到号码【1467563】的GSD为【江苏-南京】
2021-07-25 00:09:13 GSD insert 第 1 次 等待 3 秒
2021-07-25 00:09:16 {"status":"ok","gid":383084,"msg":"添加成功！"}
2021-07-25 00:09:16 下次操作: 2021-07-25 00:09:39

2021-07-25 00:09:39 开始第 38 次操作

2021-07-25 00:09:39 开始操作号码 【1467562】
2021-07-25 00:09:43 GSD getOne 第 1 次 等待 3 秒
2021-07-25 00:09:46 查询号码 【1467562】，返回信息 {"status":"bad","msg":""}
2021-07-25 00:09:46 查询号码 【1467562】，GSD为【""】
2021-07-25 00:09:46 bad
2021-07-25 00:09:48 CHB 1467562?1627142986 第 1 次 等待 3 秒
2021-07-25 00:09:51 CHB 1467562?1627142986 第 1 次 获取到号码【1467562】GSD
2021-07-25 00:09:51 获取到号码【1467562】的GSD为【江苏-南京】
2021-07-25 00:09:53 GSD insert 第 1 次 等待 3 秒
2021-07-25 00:09:56 {"status":"ok","gid":383092,"msg":"添加成功！"}
2021-07-25 00:09:56 下次操作: 2021-07-25 00:10:09

2021-07-25 00:10:09 开始第 39 次操作

2021-07-25 00:10:09 开始操作号码 【1467561】
2021-07-25 00:10:12 GSD getOne 第 1 次 等待 3 秒
2021-07-25 00:10:15 查询号码 【1467561】，返回信息 {"status":"bad","msg":""}
2021-07-25 00:10:15 查询号码 【1467561】，GSD为【""】
2021-07-25 00:10:15 bad
2021-07-25 00:10:17 CHB 1467561?1627143015 第 1 次 等待 3 秒
2021-07-25 00:10:20 CHB 1467561?1627143015 第 1 次 获取到号码【1467561】GSD
2021-07-25 00:10:20 获取到号码【1467561】的GSD为【江苏-南京】
2021-07-25 00:10:24 GSD insert 第 1 次 等待 3 秒
2021-07-25 00:10:28 {"status":"ok","gid":383097,"msg":"添加成功！"}
2021-07-25 00:10:28 下次操作: 2021-07-25 00:10:50

2021-07-25 00:10:50 开始第 40 次操作

2021-07-25 00:10:50 开始操作号码 【1467560】
2021-07-25 00:10:52 GSD getOne 第 1 次 等待 3 秒
2021-07-25 00:10:55 查询号码 【1467560】，返回信息 {"status":"bad","msg":""}
2021-07-25 00:10:56 查询号码 【1467560】，GSD为【""】
2021-07-25 00:10:56 bad
2021-07-25 00:10:57 CHB 1467560?1627143056 第 1 次 等待 3 秒
2021-07-25 00:11:00 CHB 1467560?1627143056 第 1 次 获取到号码【1467560】GSD
2021-07-25 00:11:00 获取到号码【1467560】的GSD为【江苏-南京】
2021-07-25 00:11:05 GSD insert 第 1 次 等待 3 秒
2021-07-25 00:11:08 {"status":"ok","gid":383104,"msg":"添加成功！"}

