2023-11-29 00:14:33 开始第 405 次操作

2023-11-29 00:14:33 开始操作号码 【1860298】
2023-11-29 00:14:48 GSD getOne 第 1 次 等待 3 秒
2023-11-29 00:14:51 查询号码 【1860298】，返回信息 {"status":"ok","msg":"陕西-西安","gid":"350177","time_insert":"2021-07-22 00:00","time_update":"2021-08-05 08:47"}
2023-11-29 00:14:51 查询号码 【1860298】，GSD为【"陕西-西安"】

2023-11-29 00:14:52 开始第 406 次操作

2023-11-29 00:14:52 开始操作号码 【1860299】
2023-11-29 00:15:00 GSD getOne 第 1 次 等待 3 秒
2023-11-29 00:15:03 查询号码 【1860299】，返回信息 {"status":"ok","msg":"陕西-西安","gid":"350322","time_insert":"2021-07-22 00:14"}
2023-11-29 00:15:03 查询号码 【1860299】，GSD为【"陕西-西安"】

2023-11-29 00:15:04 开始第 407 次操作

2023-11-29 00:15:04 开始操作号码 【1860300】
2023-11-29 00:15:08 GSD getOne 第 1 次 等待 3 秒
2023-11-29 00:15:11 查询号码 【1860300】，返回信息 {"status":"ok","msg":"广东-深圳","gid":"350402","time_insert":"2021-07-22 00:29"}
2023-11-29 00:15:11 查询号码 【1860300】，GSD为【"广东-深圳"】

2023-11-29 00:15:12 开始第 408 次操作

2023-11-29 00:15:12 开始操作号码 【1860301】
2023-11-29 00:15:16 GSD getOne 第 1 次 等待 3 秒
2023-11-29 00:15:19 查询号码 【1860301】，返回信息 {"status":"ok","msg":"广东-深圳","gid":"350427","time_insert":"2021-07-22 00:40"}
2023-11-29 00:15:19 查询号码 【1860301】，GSD为【"广东-深圳"】

