2024-05-09 00:14:02 开始第 8101 次操作

2024-05-09 00:14:02 开始操作号码 【1647995】
2024-05-09 00:14:09 GSD getOne 第 1 次 等待 3 秒
2024-05-09 00:14:12 查询号码 【1647995】，返回信息 {"status":"ok","msg":"-","gid":"668628","time_insert":"2023-04-21 12:37"}
2024-05-09 00:14:12 查询号码 【1647995】，GSD为【"-"】
2024-05-09 00:14:12 ok && -
2024-05-09 00:14:14 CHB 1647995?1715184852 第 1 次 等待 3 秒
2024-05-09 00:14:17 CHB 1647995?1715184852 第 1 次 获取到号码【1647995】GSD
2024-05-09 00:14:17 未获取到号码【1647995】GSD，可能号码格式错误
2024-05-09 00:14:17 获取到号码【1647995】的GSD为【-】
2024-05-09 00:14:31 GSD insert 第 1 次 等待 3 秒
2024-05-09 00:14:34 {"status":"bad","gid":"668628","msg":"添加失败！号码【1647995(-|-)】已存在！"}
2024-05-09 00:14:34 随机等待 175 秒，约 2 分钟
2024-05-09 00:14:34 下次操作: 2024-05-09 00:17:29

2024-05-09 00:17:29 开始第 8102 次操作

2024-05-09 00:17:29 开始操作号码 【1647996】
2024-05-09 00:17:37 GSD getOne 第 1 次 等待 3 秒
2024-05-09 00:17:40 查询号码 【1647996】，返回信息 {"status":"ok","msg":"-","gid":"668622","time_insert":"2023-04-21 12:35"}
2024-05-09 00:17:40 查询号码 【1647996】，GSD为【"-"】
2024-05-09 00:17:40 ok && -
2024-05-09 00:17:43 CHB 1647996?1715185060 第 1 次 等待 3 秒
2024-05-09 00:17:46 CHB 1647996?1715185060 第 1 次 获取到号码【1647996】GSD
2024-05-09 00:17:46 未获取到号码【1647996】GSD，可能号码格式错误
2024-05-09 00:17:46 获取到号码【1647996】的GSD为【-】
2024-05-09 00:17:51 GSD insert 第 1 次 等待 3 秒
2024-05-09 00:17:54 {"status":"bad","gid":"668622","msg":"添加失败！号码【1647996(-|-)】已存在！"}
2024-05-09 00:17:54 随机等待 154 秒，约 2 分钟
2024-05-09 00:17:54 下次操作: 2024-05-09 00:20:28

2024-05-09 00:20:28 开始第 8103 次操作

2024-05-09 00:20:28 开始操作号码 【1647997】
2024-05-09 00:20:34 GSD getOne 第 1 次 等待 3 秒
2024-05-09 00:20:37 查询号码 【1647997】，返回信息 {"status":"ok","msg":"-","gid":"668620","time_insert":"2023-04-21 12:32"}
2024-05-09 00:20:37 查询号码 【1647997】，GSD为【"-"】
2024-05-09 00:20:37 ok && -
2024-05-09 00:20:39 CHB 1647997?1715185237 第 1 次 等待 3 秒
2024-05-09 00:20:42 CHB 1647997?1715185237 第 1 次 获取到号码【1647997】GSD
2024-05-09 00:20:42 未获取到号码【1647997】GSD，可能号码格式错误
2024-05-09 00:20:42 获取到号码【1647997】的GSD为【-】
2024-05-09 00:20:49 GSD insert 第 1 次 等待 3 秒
2024-05-09 00:20:52 {"status":"bad","gid":"668620","msg":"添加失败！号码【1647997(-|-)】已存在！"}
2024-05-09 00:20:52 随机等待 178 秒，约 2 分钟
2024-05-09 00:20:52 下次操作: 2024-05-09 00:23:50

2024-05-09 00:23:50 开始第 8104 次操作

2024-05-09 00:23:50 开始操作号码 【1647998】
2024-05-09 00:23:56 GSD getOne 第 1 次 等待 3 秒
2024-05-09 00:23:59 查询号码 【1647998】，返回信息 {"status":"ok","msg":"-","gid":"668616","time_insert":"2023-04-21 12:31"}
2024-05-09 00:23:59 查询号码 【1647998】，GSD为【"-"】
2024-05-09 00:23:59 ok && -
2024-05-09 00:24:01 CHB 1647998?1715185439 第 1 次 等待 3 秒
2024-05-09 00:24:04 CHB 1647998?1715185439 第 1 次 获取到号码【1647998】GSD
2024-05-09 00:24:04 未获取到号码【1647998】GSD，可能号码格式错误
2024-05-09 00:24:04 获取到号码【1647998】的GSD为【-】
2024-05-09 00:24:10 GSD insert 第 1 次 等待 3 秒
2024-05-09 00:24:13 {"status":"bad","gid":"668616","msg":"添加失败！号码【1647998(-|-)】已存在！"}

