2023-11-28 00:14:09 开始第 221 次操作

2023-11-28 00:14:09 开始操作号码 【1860114】
2023-11-28 00:14:14 GSD getOne 第 1 次 等待 3 秒
2023-11-28 00:14:17 查询号码 【1860114】，返回信息 {"status":"ok","msg":"北京-北京","gid":"337442","time_insert":"2021-07-20 14:46"}
2023-11-28 00:14:17 查询号码 【1860114】，GSD为【"北京-北京"】

2023-11-28 00:14:18 开始第 222 次操作

2023-11-28 00:14:18 开始操作号码 【1860115】
2023-11-28 00:14:22 GSD getOne 第 1 次 等待 3 秒
2023-11-28 00:14:25 查询号码 【1860115】，返回信息 {"status":"ok","msg":"北京-北京","gid":"337592","time_insert":"2021-07-20 14:59"}
2023-11-28 00:14:25 查询号码 【1860115】，GSD为【"北京-北京"】

2023-11-28 00:14:26 开始第 223 次操作

2023-11-28 00:14:26 开始操作号码 【1860116】
2023-11-28 00:14:30 GSD getOne 第 1 次 等待 3 秒
2023-11-28 00:14:33 查询号码 【1860116】，返回信息 {"status":"ok","msg":"北京-北京","gid":"337802","time_insert":"2021-07-20 15:14"}
2023-11-28 00:14:33 查询号码 【1860116】，GSD为【"北京-北京"】

2023-11-28 00:14:34 开始第 224 次操作

2023-11-28 00:14:34 开始操作号码 【1860117】
2023-11-28 00:14:37 GSD getOne 第 1 次 等待 3 秒
2023-11-28 00:14:40 查询号码 【1860117】，返回信息 {"status":"ok","msg":"北京-北京","gid":"337881","time_insert":"2021-07-20 15:28"}
2023-11-28 00:14:40 查询号码 【1860117】，GSD为【"北京-北京"】

2023-11-28 00:39:20 开始第 225 次操作

2023-11-28 00:39:20 开始操作号码 【1860118】
2023-11-28 00:39:25 GSD getOne 第 1 次 等待 3 秒
2023-11-28 00:39:28 查询号码 【1860118】，返回信息 {"status":"ok","msg":"北京-北京","gid":"338022","time_insert":"2021-07-20 15:43"}
2023-11-28 00:39:28 查询号码 【1860118】，GSD为【"北京-北京"】

2023-11-28 00:39:29 开始第 226 次操作

2023-11-28 00:39:29 开始操作号码 【1860119】
2023-11-28 00:39:35 GSD getOne 第 1 次 等待 3 秒
2023-11-28 00:39:38 查询号码 【1860119】，返回信息 {"status":"ok","msg":"北京-北京","gid":"338181","time_insert":"2021-07-20 15:54"}
2023-11-28 00:39:38 查询号码 【1860119】，GSD为【"北京-北京"】

2023-11-28 00:39:39 开始第 227 次操作

2023-11-28 00:39:39 开始操作号码 【1860120】
2023-11-28 00:39:44 GSD getOne 第 1 次 等待 3 秒
2023-11-28 00:39:47 查询号码 【1860120】，返回信息 {"status":"ok","msg":"北京-北京","gid":"338312","time_insert":"2021-07-20 16:07"}
2023-11-28 00:39:48 查询号码 【1860120】，GSD为【"北京-北京"】

2023-11-28 00:39:49 开始第 228 次操作

2023-11-28 00:39:49 开始操作号码 【1860121】
2023-11-28 00:39:52 GSD getOne 第 1 次 等待 3 秒
2023-11-28 00:39:55 查询号码 【1860121】，返回信息 {"status":"ok","msg":"北京-北京","gid":"338337","time_insert":"2021-07-20 16:19"}
2023-11-28 00:39:55 查询号码 【1860121】，GSD为【"北京-北京"】

2023-11-28 01:10:00 开始第 229 次操作

2023-11-28 01:10:00 开始操作号码 【1860122】
2023-11-28 01:10:05 GSD getOne 第 1 次 等待 3 秒
2023-11-28 01:10:08 查询号码 【1860122】，返回信息 {"status":"ok","msg":"北京-北京","gid":"338364","time_insert":"2021-07-20 16:29"}
2023-11-28 01:10:08 查询号码 【1860122】，GSD为【"北京-北京"】

2023-11-28 01:10:09 开始第 230 次操作

2023-11-28 01:10:09 开始操作号码 【1860123】
2023-11-28 01:10:12 GSD getOne 第 1 次 等待 3 秒
2023-11-28 01:10:15 查询号码 【1860123】，返回信息 {"status":"ok","msg":"北京-北京","gid":"338407","time_insert":"2021-07-20 16:41"}
2023-11-28 01:10:15 查询号码 【1860123】，GSD为【"北京-北京"】

2023-11-28 01:10:16 开始第 231 次操作

2023-11-28 01:10:16 开始操作号码 【1860124】
2023-11-28 01:10:20 GSD getOne 第 1 次 等待 3 秒
2023-11-28 01:10:23 查询号码 【1860124】，返回信息 {"status":"ok","msg":"北京-北京","gid":"338547","time_insert":"2021-07-20 16:53"}
2023-11-28 01:10:23 查询号码 【1860124】，GSD为【"北京-北京"】

2023-11-28 01:10:24 开始第 232 次操作

2023-11-28 01:10:24 开始操作号码 【1860125】
2023-11-28 01:10:28 GSD getOne 第 1 次 等待 3 秒
2023-11-28 01:10:31 查询号码 【1860125】，返回信息 {"status":"ok","msg":"北京-北京","gid":"338702","time_insert":"2021-07-20 17:04"}
2023-11-28 01:10:31 查询号码 【1860125】，GSD为【"北京-北京"】

2023-11-28 01:34:25 开始第 233 次操作

2023-11-28 01:34:25 开始操作号码 【1860126】
2023-11-28 01:34:29 GSD getOne 第 1 次 等待 3 秒
2023-11-28 01:34:32 查询号码 【1860126】，返回信息 {"status":"ok","msg":"北京-北京","gid":"338798","time_insert":"2021-07-20 17:16"}
2023-11-28 01:34:32 查询号码 【1860126】，GSD为【"北京-北京"】

2023-11-28 01:34:33 开始第 234 次操作

2023-11-28 01:34:33 开始操作号码 【1860127】
2023-11-28 01:34:37 GSD getOne 第 1 次 等待 3 秒
2023-11-28 01:34:40 查询号码 【1860127】，返回信息 {"status":"ok","msg":"北京-北京","gid":"338838","time_insert":"2021-07-20 17:29"}
2023-11-28 01:34:40 查询号码 【1860127】，GSD为【"北京-北京"】

2023-11-28 01:34:41 开始第 235 次操作

2023-11-28 01:34:41 开始操作号码 【1860128】
2023-11-28 01:34:45 GSD getOne 第 1 次 等待 3 秒
2023-11-28 01:34:48 查询号码 【1860128】，返回信息 {"status":"ok","msg":"北京-北京","gid":"338883","time_insert":"2021-07-20 17:43"}
2023-11-28 01:34:48 查询号码 【1860128】，GSD为【"北京-北京"】

2023-11-28 01:34:49 开始第 236 次操作

2023-11-28 01:34:49 开始操作号码 【1860129】
2023-11-28 01:34:53 GSD getOne 第 1 次 等待 3 秒
2023-11-28 01:34:56 查询号码 【1860129】，返回信息 {"status":"ok","msg":"北京-北京","gid":"339046","time_insert":"2021-07-20 17:57"}
2023-11-28 01:34:56 查询号码 【1860129】，GSD为【"北京-北京"】

