2023-11-03 00:13:55 开始第 6685 次操作

2023-11-03 00:13:55 开始操作号码 【1966578】
2023-11-03 00:13:59 GSD getOne 第 1 次 等待 3 秒
2023-11-03 00:14:02 查询号码 【1966578】，返回信息 {"status":"ok","msg":"-","gid":"575790","time_insert":"2023-03-07 14:34"}
2023-11-03 00:14:02 查询号码 【1966578】，GSD为【"-"】
2023-11-03 00:14:02 ok && -
2023-11-03 00:14:04 CHB 1966578?1698941642 第 1 次 等待 3 秒
2023-11-03 00:14:07 CHB 1966578?1698941642 第 1 次 获取到号码【1966578】GSD
2023-11-03 00:14:07 未获取到号码【1966578】GSD，可能号码格式错误
2023-11-03 00:14:07 获取到号码【1966578】的GSD为【-】
2023-11-03 00:14:10 GSD insert 第 1 次 等待 3 秒
2023-11-03 00:14:13 {"status":"bad","gid":"575790","msg":"添加失败！号码【1966578(-|-)】已存在！"}
2023-11-03 00:14:13 随机等待 98 秒，约 1 分钟
2023-11-03 00:14:13 下次操作: 2023-11-03 00:15:51

2023-11-03 00:15:51 开始第 6686 次操作

2023-11-03 00:15:51 开始操作号码 【1966579】
2023-11-03 00:15:54 GSD getOne 第 1 次 等待 3 秒
2023-11-03 00:15:57 查询号码 【1966579】，返回信息 {"status":"ok","msg":"-","gid":"575793","time_insert":"2023-03-07 14:36"}
2023-11-03 00:15:57 查询号码 【1966579】，GSD为【"-"】
2023-11-03 00:15:57 ok && -
2023-11-03 00:16:00 CHB 1966579?1698941757 第 1 次 等待 3 秒
2023-11-03 00:16:03 CHB 1966579?1698941757 第 1 次 获取到号码【1966579】GSD
2023-11-03 00:16:03 未获取到号码【1966579】GSD，可能号码格式错误
2023-11-03 00:16:03 获取到号码【1966579】的GSD为【-】
2023-11-03 00:16:06 GSD insert 第 1 次 等待 3 秒
2023-11-03 00:16:09 {"status":"bad","gid":"575793","msg":"添加失败！号码【1966579(-|-)】已存在！"}
2023-11-03 00:16:09 随机等待 136 秒，约 2 分钟
2023-11-03 00:16:09 下次操作: 2023-11-03 00:18:25

2023-11-03 00:18:25 开始第 6687 次操作

2023-11-03 00:18:25 开始操作号码 【1966580】
2023-11-03 00:18:28 GSD getOne 第 1 次 等待 3 秒
2023-11-03 00:18:31 查询号码 【1966580】，返回信息 {"status":"ok","msg":"-","gid":"575795","time_insert":"2023-03-07 14:38"}
2023-11-03 00:18:31 查询号码 【1966580】，GSD为【"-"】
2023-11-03 00:18:31 ok && -
2023-11-03 00:18:33 CHB 1966580?1698941911 第 1 次 等待 3 秒
2023-11-03 00:18:36 CHB 1966580?1698941911 第 1 次 获取到号码【1966580】GSD
2023-11-03 00:18:36 未获取到号码【1966580】GSD，可能号码格式错误
2023-11-03 00:18:36 获取到号码【1966580】的GSD为【-】
2023-11-03 00:18:40 GSD insert 第 1 次 等待 3 秒
2023-11-03 00:18:43 {"status":"bad","gid":"575795","msg":"添加失败！号码【1966580(-|-)】已存在！"}
2023-11-03 00:18:43 随机等待 69 秒，约 1 分钟
2023-11-03 00:18:43 下次操作: 2023-11-03 00:19:52

2023-11-03 00:19:52 开始第 6688 次操作

2023-11-03 00:19:52 开始操作号码 【1966581】
2023-11-03 00:19:55 GSD getOne 第 1 次 等待 3 秒
2023-11-03 00:19:58 查询号码 【1966581】，返回信息 {"status":"ok","msg":"-","gid":"575796","time_insert":"2023-03-07 14:40"}
2023-11-03 00:19:58 查询号码 【1966581】，GSD为【"-"】
2023-11-03 00:19:58 ok && -
2023-11-03 00:20:00 CHB 1966581?1698941998 第 1 次 等待 3 秒
2023-11-03 00:20:03 CHB 1966581?1698941998 第 1 次 获取到号码【1966581】GSD
2023-11-03 00:20:03 未获取到号码【1966581】GSD，可能号码格式错误
2023-11-03 00:20:03 获取到号码【1966581】的GSD为【-】
2023-11-03 00:20:07 GSD insert 第 1 次 等待 3 秒
2023-11-03 00:20:10 {"status":"bad","gid":"575796","msg":"添加失败！号码【1966581(-|-)】已存在！"}

2023-11-03 00:39:02 开始第 6689 次操作

2023-11-03 00:39:02 开始操作号码 【1966582】
2023-11-03 00:39:05 GSD getOne 第 1 次 等待 3 秒
2023-11-03 00:39:08 查询号码 【1966582】，返回信息 {"status":"ok","msg":"-","gid":"575807","time_insert":"2023-03-07 14:46"}
2023-11-03 00:39:08 查询号码 【1966582】，GSD为【"-"】
2023-11-03 00:39:08 ok && -
2023-11-03 00:39:10 CHB 1966582?1698943148 第 1 次 等待 3 秒
2023-11-03 00:39:13 CHB 1966582?1698943148 第 1 次 获取到号码【1966582】GSD
2023-11-03 00:39:13 未获取到号码【1966582】GSD，可能号码格式错误
2023-11-03 00:39:13 获取到号码【1966582】的GSD为【-】
2023-11-03 00:39:16 GSD insert 第 1 次 等待 3 秒
2023-11-03 00:39:19 {"status":"bad","gid":"575807","msg":"添加失败！号码【1966582(-|-)】已存在！"}
2023-11-03 00:39:19 随机等待 226 秒，约 3 分钟
2023-11-03 00:39:19 下次操作: 2023-11-03 00:43:05

2023-11-03 00:43:05 开始第 6690 次操作

2023-11-03 00:43:05 开始操作号码 【1966583】
2023-11-03 00:43:08 GSD getOne 第 1 次 等待 3 秒
2023-11-03 00:43:11 查询号码 【1966583】，返回信息 {"status":"ok","msg":"-","gid":"575813","time_insert":"2023-03-07 14:49"}
2023-11-03 00:43:11 查询号码 【1966583】，GSD为【"-"】
2023-11-03 00:43:11 ok && -
2023-11-03 00:43:13 CHB 1966583?1698943391 第 1 次 等待 3 秒
2023-11-03 00:43:16 CHB 1966583?1698943391 第 1 次 获取到号码【1966583】GSD
2023-11-03 00:43:16 未获取到号码【1966583】GSD，可能号码格式错误
2023-11-03 00:43:16 获取到号码【1966583】的GSD为【-】
2023-11-03 00:43:19 GSD insert 第 1 次 等待 3 秒
2023-11-03 00:43:22 {"status":"bad","gid":"575813","msg":"添加失败！号码【1966583(-|-)】已存在！"}
2023-11-03 00:43:22 随机等待 221 秒，约 3 分钟
2023-11-03 00:43:22 下次操作: 2023-11-03 00:47:03

2023-11-03 00:47:03 开始第 6691 次操作

2023-11-03 00:47:03 开始操作号码 【1966584】
2023-11-03 00:47:06 GSD getOne 第 1 次 等待 3 秒
2023-11-03 00:47:09 查询号码 【1966584】，返回信息 {"status":"ok","msg":"-","gid":"575816","time_insert":"2023-03-07 14:51"}
2023-11-03 00:47:09 查询号码 【1966584】，GSD为【"-"】
2023-11-03 00:47:09 ok && -
2023-11-03 00:47:11 CHB 1966584?1698943629 第 1 次 等待 3 秒
2023-11-03 00:47:14 CHB 1966584?1698943629 第 1 次 获取到号码【1966584】GSD
2023-11-03 00:47:14 未获取到号码【1966584】GSD，可能号码格式错误
2023-11-03 00:47:14 获取到号码【1966584】的GSD为【-】
2023-11-03 00:47:17 GSD insert 第 1 次 等待 3 秒
2023-11-03 00:47:20 {"status":"bad","gid":"575816","msg":"添加失败！号码【1966584(-|-)】已存在！"}
2023-11-03 00:47:20 随机等待 200 秒，约 3 分钟
2023-11-03 00:47:20 下次操作: 2023-11-03 00:50:40

2023-11-03 00:50:40 开始第 6692 次操作

2023-11-03 00:50:40 开始操作号码 【1966585】
2023-11-03 00:50:43 GSD getOne 第 1 次 等待 3 秒
2023-11-03 00:50:46 查询号码 【1966585】，返回信息 {"status":"ok","msg":"-","gid":"575818","time_insert":"2023-03-07 14:53"}
2023-11-03 00:50:46 查询号码 【1966585】，GSD为【"-"】
2023-11-03 00:50:46 ok && -
2023-11-03 00:50:48 CHB 1966585?1698943846 第 1 次 等待 3 秒
2023-11-03 00:50:51 CHB 1966585?1698943846 第 1 次 获取到号码【1966585】GSD
2023-11-03 00:50:51 未获取到号码【1966585】GSD，可能号码格式错误
2023-11-03 00:50:51 获取到号码【1966585】的GSD为【-】
2023-11-03 00:50:54 GSD insert 第 1 次 等待 3 秒
2023-11-03 00:50:57 {"status":"bad","gid":"575818","msg":"添加失败！号码【1966585(-|-)】已存在！"}

