2024-11-02 00:25:39 开始第 2593 次操作

2024-11-02 00:25:39 开始操作号码 【1322592】
2024-11-02 00:25:40 GSD getOne 第 1 次 等待 3 秒
2024-11-02 00:25:43 查询号码 【1322592】，返回信息 {"status":"ok","msg":"福建-厦门","gid":"93002","time_insert":"2021-06-12 13:40"}
2024-11-02 00:25:43 查询号码 【1322592】，GSD为【"福建-厦门"】

2024-11-02 00:25:44 开始第 2594 次操作

2024-11-02 00:25:44 开始操作号码 【1322593】
2024-11-02 00:25:45 GSD getOne 第 1 次 等待 3 秒
2024-11-02 00:25:48 查询号码 【1322593】，返回信息 {"status":"ok","msg":"福建-龙岩","gid":"93027","time_insert":"2021-06-12 14:01"}
2024-11-02 00:25:48 查询号码 【1322593】，GSD为【"福建-龙岩"】

2024-11-02 00:25:49 开始第 2595 次操作

2024-11-02 00:25:49 开始操作号码 【1322594】
2024-11-02 00:25:51 GSD getOne 第 1 次 等待 3 秒
2024-11-02 00:25:54 查询号码 【1322594】，返回信息 {"status":"ok","msg":"福建-福州","gid":"93054","time_insert":"2021-06-12 14:22"}
2024-11-02 00:25:54 查询号码 【1322594】，GSD为【"福建-福州"】

2024-11-02 00:25:55 开始第 2596 次操作

2024-11-02 00:25:55 开始操作号码 【1322595】
2024-11-02 00:25:56 GSD getOne 第 1 次 等待 3 秒
2024-11-02 00:25:59 查询号码 【1322595】，返回信息 {"status":"ok","msg":"福建-泉州","gid":"93081","time_insert":"2021-06-12 14:44"}
2024-11-02 00:25:59 查询号码 【1322595】，GSD为【"福建-泉州"】

2024-11-02 00:44:37 开始第 2597 次操作

2024-11-02 00:44:37 开始操作号码 【1322596】
2024-11-02 00:44:38 GSD getOne 第 1 次 等待 3 秒
2024-11-02 00:44:41 查询号码 【1322596】，返回信息 {"status":"ok","msg":"福建-厦门","gid":"93113","time_insert":"2021-06-12 15:12"}
2024-11-02 00:44:41 查询号码 【1322596】，GSD为【"福建-厦门"】

2024-11-02 00:44:42 开始第 2598 次操作

2024-11-02 00:44:42 开始操作号码 【1322597】
2024-11-02 00:44:43 GSD getOne 第 1 次 等待 3 秒
2024-11-02 00:44:46 查询号码 【1322597】，返回信息 {"status":"ok","msg":"福建-南平","gid":"93145","time_insert":"2021-06-12 15:42"}
2024-11-02 00:44:46 查询号码 【1322597】，GSD为【"福建-南平"】

2024-11-02 00:44:47 开始第 2599 次操作

2024-11-02 00:44:47 开始操作号码 【1322598】
2024-11-02 00:44:48 GSD getOne 第 1 次 等待 3 秒
2024-11-02 00:44:51 查询号码 【1322598】，返回信息 {"status":"ok","msg":"福建-泉州","gid":"93178","time_insert":"2021-06-12 16:04"}
2024-11-02 00:44:51 查询号码 【1322598】，GSD为【"福建-泉州"】

2024-11-02 00:44:52 开始第 2600 次操作

2024-11-02 00:44:52 开始操作号码 【1322599】
2024-11-02 00:44:53 GSD getOne 第 1 次 等待 3 秒
2024-11-02 00:44:56 查询号码 【1322599】，返回信息 {"status":"ok","msg":"福建-福州","gid":"93218","time_insert":"2021-06-12 16:25"}
2024-11-02 00:44:56 查询号码 【1322599】，GSD为【"福建-福州"】

