2023-12-28 00:13:10 开始第 5725 次操作

2023-12-28 00:13:10 开始操作号码 【1865618】
2023-12-28 00:13:14 GSD getOne 第 1 次 等待 3 秒
2023-12-28 00:13:17 查询号码 【1865618】，返回信息 {"status":"ok","msg":"安徽-淮北","gid":"452290","time_insert":"2021-07-31 04:43"}
2023-12-28 00:13:17 查询号码 【1865618】，GSD为【"安徽-淮北"】

2023-12-28 00:13:18 开始第 5726 次操作

2023-12-28 00:13:18 开始操作号码 【1865619】
2023-12-28 00:13:22 GSD getOne 第 1 次 等待 3 秒
2023-12-28 00:13:25 查询号码 【1865619】，返回信息 {"status":"ok","msg":"安徽-淮北","gid":"452280","time_insert":"2021-07-31 04:42"}
2023-12-28 00:13:25 查询号码 【1865619】，GSD为【"安徽-淮北"】

2023-12-28 00:13:26 开始第 5727 次操作

2023-12-28 00:13:26 开始操作号码 【1865620】
2023-12-28 00:13:30 GSD getOne 第 1 次 等待 3 秒
2023-12-28 00:13:33 查询号码 【1865620】，返回信息 {"status":"ok","msg":"安徽-铜陵","gid":"452269","time_insert":"2021-07-31 04:42"}
2023-12-28 00:13:33 查询号码 【1865620】，GSD为【"安徽-铜陵"】

2023-12-28 00:13:34 开始第 5728 次操作

2023-12-28 00:13:34 开始操作号码 【1865621】
2023-12-28 00:13:37 GSD getOne 第 1 次 等待 3 秒
2023-12-28 00:13:40 查询号码 【1865621】，返回信息 {"status":"ok","msg":"安徽-铜陵","gid":"452258","time_insert":"2021-07-31 04:41"}
2023-12-28 00:13:41 查询号码 【1865621】，GSD为【"安徽-铜陵"】

