2024-07-16 00:14:46 开始第 6357 次操作

2024-07-16 00:14:46 开始操作号码 【1536239】
2024-07-16 00:14:54 GSD getOne 第 1 次 等待 3 秒
2024-07-16 00:14:57 查询号码 【1536239】，返回信息 {"status":"ok","msg":"广东-汕头","gid":"408187","time_insert":"2021-07-27 02:07"}
2024-07-16 00:14:57 查询号码 【1536239】，GSD为【"广东-汕头"】

2024-07-16 00:14:58 开始第 6358 次操作

2024-07-16 00:14:58 开始操作号码 【1536240】
2024-07-16 00:15:06 GSD getOne 第 1 次 等待 3 秒
2024-07-16 00:15:09 查询号码 【1536240】，返回信息 {"status":"ok","msg":"广东-东莞","gid":"408181","time_insert":"2021-07-27 02:06"}
2024-07-16 00:15:09 查询号码 【1536240】，GSD为【"广东-东莞"】

2024-07-16 00:15:10 开始第 6359 次操作

2024-07-16 00:15:10 开始操作号码 【1536241】
2024-07-16 00:15:17 GSD getOne 第 1 次 等待 3 秒
2024-07-16 00:15:20 查询号码 【1536241】，返回信息 {"status":"ok","msg":"广东-东莞","gid":"21191","time_insert":"2017-08-19 21:31","time_update":"2020-09-29 18:06"}
2024-07-16 00:15:20 查询号码 【1536241】，GSD为【"广东-东莞"】

2024-07-16 00:15:21 开始第 6360 次操作

2024-07-16 00:15:21 开始操作号码 【1536242】
2024-07-16 00:15:30 GSD getOne 第 1 次 等待 3 秒
2024-07-16 00:15:33 查询号码 【1536242】，返回信息 {"status":"ok","msg":"广东-东莞","gid":"21192","time_insert":"2019-11-11 19:57","time_update":"2020-09-29 18:09"}
2024-07-16 00:15:33 查询号码 【1536242】，GSD为【"广东-东莞"】

2024-07-16 00:40:57 开始第 6361 次操作

2024-07-16 00:40:57 开始操作号码 【1536243】
2024-07-16 00:41:08 GSD getOne 第 1 次 等待 3 秒
2024-07-16 00:41:11 查询号码 【1536243】，返回信息 {"status":"ok","msg":"广东-东莞","gid":"408170","time_insert":"2021-07-27 02:05"}
2024-07-16 00:41:11 查询号码 【1536243】，GSD为【"广东-东莞"】

2024-07-16 00:41:12 开始第 6362 次操作

2024-07-16 00:41:12 开始操作号码 【1536244】
2024-07-16 00:41:20 GSD getOne 第 1 次 等待 3 秒
2024-07-16 00:41:23 查询号码 【1536244】，返回信息 {"status":"ok","msg":"广东-东莞","gid":"408163","time_insert":"2021-07-27 02:04"}
2024-07-16 00:41:23 查询号码 【1536244】，GSD为【"广东-东莞"】

2024-07-16 00:41:24 开始第 6363 次操作

2024-07-16 00:41:24 开始操作号码 【1536245】
2024-07-16 00:41:32 GSD getOne 第 1 次 等待 3 秒
2024-07-16 00:41:35 查询号码 【1536245】，返回信息 {"status":"ok","msg":"广东-东莞","gid":"408153","time_insert":"2021-07-27 02:03"}
2024-07-16 00:41:35 查询号码 【1536245】，GSD为【"广东-东莞"】

2024-07-16 00:41:36 开始第 6364 次操作

2024-07-16 00:41:36 开始操作号码 【1536246】
2024-07-16 00:41:44 GSD getOne 第 1 次 等待 3 秒
2024-07-16 00:41:47 查询号码 【1536246】，返回信息 {"status":"ok","msg":"广东-东莞","gid":"408146","time_insert":"2021-07-27 02:02"}
2024-07-16 00:41:47 查询号码 【1536246】，GSD为【"广东-东莞"】

