2024-11-25 00:25:25 开始第 6457 次操作

2024-11-25 00:25:25 开始操作号码 【1326456】
2024-11-25 00:25:27 GSD getOne 第 1 次 等待 3 秒
2024-11-25 00:25:30 查询号码 【1326456】，返回信息 {"status":"ok","msg":"北京-北京","gid":"237216","time_insert":"2021-07-10 06:38"}
2024-11-25 00:25:30 查询号码 【1326456】，GSD为【"北京-北京"】

2024-11-25 00:25:31 开始第 6458 次操作

2024-11-25 00:25:31 开始操作号码 【1326457】
2024-11-25 00:25:32 GSD getOne 第 1 次 等待 3 秒
2024-11-25 00:25:35 查询号码 【1326457】，返回信息 {"status":"ok","msg":"北京-北京","gid":"237214","time_insert":"2021-07-10 06:38"}
2024-11-25 00:25:35 查询号码 【1326457】，GSD为【"北京-北京"】

2024-11-25 00:25:36 开始第 6459 次操作

2024-11-25 00:25:36 开始操作号码 【1326458】
2024-11-25 00:25:37 GSD getOne 第 1 次 等待 3 秒
2024-11-25 00:25:40 查询号码 【1326458】，返回信息 {"status":"ok","msg":"北京-北京","gid":"237211","time_insert":"2021-07-10 06:38"}
2024-11-25 00:25:40 查询号码 【1326458】，GSD为【"北京-北京"】

2024-11-25 00:25:41 开始第 6460 次操作

2024-11-25 00:25:41 开始操作号码 【1326459】
2024-11-25 00:25:42 GSD getOne 第 1 次 等待 3 秒
2024-11-25 00:25:45 查询号码 【1326459】，返回信息 {"status":"ok","msg":"北京-北京","gid":"237209","time_insert":"2021-07-10 06:37"}
2024-11-25 00:25:45 查询号码 【1326459】，GSD为【"北京-北京"】

