2024-01-25 00:14:42 开始第 107 次操作
2024-01-25 00:14:42 号码【186（0000 ---> 9999）】处理完毕
2024-01-25 00:39:13 开始第 107 次操作
2024-01-25 00:39:13 号码【186（0000 ---> 9999）】处理完毕
2024-01-25 01:10:21 开始第 107 次操作
2024-01-25 01:10:21 号码【186（0000 ---> 9999）】处理完毕
2024-01-25 01:34:08 开始第 107 次操作
2024-01-25 01:34:08 号码【186（0000 ---> 9999）】处理完毕
2024-01-25 02:13:45 开始第 107 次操作
2024-01-25 02:13:45 号码【186（0000 ---> 9999）】处理完毕
2024-01-25 02:35:48 开始第 107 次操作
2024-01-25 02:35:48 号码【186（0000 ---> 9999）】处理完毕
2024-01-25 03:09:35 开始第 107 次操作
2024-01-25 03:09:35 号码【186（0000 ---> 9999）】处理完毕
2024-01-25 03:34:37 开始第 107 次操作
2024-01-25 03:34:37 号码【186（0000 ---> 9999）】处理完毕
2024-01-25 04:12:03 开始第 107 次操作
2024-01-25 04:12:03 号码【186（0000 ---> 9999）】处理完毕
2024-01-25 04:34:24 开始第 107 次操作
2024-01-25 04:34:24 号码【186（0000 ---> 9999）】处理完毕
2024-01-25 05:09:48 开始第 107 次操作
2024-01-25 05:09:48 号码【186（0000 ---> 9999）】处理完毕
2024-01-25 05:34:26 开始第 107 次操作
2024-01-25 05:34:26 号码【186（0000 ---> 9999）】处理完毕
2024-01-25 06:10:21 开始第 107 次操作
2024-01-25 06:10:21 号码【186（0000 ---> 9999）】处理完毕
2024-01-25 06:35:31 开始第 107 次操作
2024-01-25 06:35:31 号码【186（0000 ---> 9999）】处理完毕
2024-01-25 07:10:40 开始第 107 次操作
2024-01-25 07:10:40 号码【186（0000 ---> 9999）】处理完毕
2024-01-25 07:34:50 开始第 107 次操作
2024-01-25 07:34:50 号码【186（0000 ---> 9999）】处理完毕
2024-01-25 08:53:21 开始第 107 次操作
2024-01-25 08:53:21 号码【186（0000 ---> 9999）】处理完毕
2024-01-25 09:57:06 开始第 107 次操作
2024-01-25 09:57:06 号码【186（0000 ---> 9999）】处理完毕
2024-01-25 10:30:11 开始第 107 次操作
2024-01-25 10:30:11 号码【186（0000 ---> 9999）】处理完毕
2024-01-25 11:11:41 开始第 107 次操作
2024-01-25 11:11:41 号码【186（0000 ---> 9999）】处理完毕
2024-01-25 11:34:48 开始第 107 次操作
2024-01-25 11:34:48 号码【186（0000 ---> 9999）】处理完毕
2024-01-25 12:14:04 开始第 107 次操作
2024-01-25 12:14:04 号码【186（0000 ---> 9999）】处理完毕
2024-01-25 12:36:47 开始第 107 次操作
2024-01-25 12:36:47 号码【186（0000 ---> 9999）】处理完毕
2024-01-25 13:11:05 开始第 107 次操作
2024-01-25 13:11:05 号码【186（0000 ---> 9999）】处理完毕
2024-01-25 13:34:40 开始第 107 次操作
2024-01-25 13:34:40 号码【186（0000 ---> 9999）】处理完毕
2024-01-25 14:14:44 开始第 107 次操作
2024-01-25 14:14:44 号码【186（0000 ---> 9999）】处理完毕
2024-01-25 14:36:58 开始第 107 次操作
2024-01-25 14:36:58 号码【186（0000 ---> 9999）】处理完毕
2024-01-25 15:10:21 开始第 107 次操作
2024-01-25 15:10:21 号码【186（0000 ---> 9999）】处理完毕
2024-01-25 15:34:20 开始第 107 次操作
2024-01-25 15:34:21 号码【186（0000 ---> 9999）】处理完毕
2024-01-25 16:14:29 开始第 107 次操作
2024-01-25 16:14:29 号码【186（0000 ---> 9999）】处理完毕
2024-01-25 16:36:20 开始第 107 次操作
2024-01-25 16:36:20 号码【186（0000 ---> 9999）】处理完毕
2024-01-25 16:45:25 开始第 107 次操作

2024-01-25 16:45:25 开始操作号码 【1750000】
2024-01-25 16:45:49 GSD getOne 第 1 次 等待 3 秒
2024-01-25 16:45:52 查询号码 【1750000】，返回信息 {"status":"ok","msg":"北京-北京","gid":"133180","time_insert":"2021-06-26 17:16"}
2024-01-25 16:45:52 查询号码 【1750000】，GSD为【"北京-北京"】

2024-01-25 16:45:53 开始第 108 次操作

2024-01-25 16:45:53 开始操作号码 【1750001】
2024-01-25 16:46:16 GSD getOne 第 1 次 等待 3 秒
2024-01-25 16:46:19 查询号码 【1750001】，返回信息 {"status":"ok","msg":"北京-北京","gid":"133181","time_insert":"2021-06-26 17:17"}
2024-01-25 16:46:19 查询号码 【1750001】，GSD为【"北京-北京"】

2024-01-25 17:11:17 开始第 109 次操作

2024-01-25 17:11:17 开始操作号码 【1750002】
2024-01-25 17:11:41 GSD getOne 第 1 次 等待 3 秒
2024-01-25 17:11:44 查询号码 【1750002】，返回信息 {"status":"ok","msg":"北京-北京","gid":"133182","time_insert":"2021-06-26 17:17"}
2024-01-25 17:11:44 查询号码 【1750002】，GSD为【"北京-北京"】

2024-01-25 17:11:45 开始第 110 次操作

2024-01-25 17:11:45 开始操作号码 【1750003】
2024-01-25 17:12:08 GSD getOne 第 1 次 等待 3 秒
2024-01-25 17:12:11 查询号码 【1750003】，返回信息 {"status":"ok","msg":"北京-北京","gid":"133184","time_insert":"2021-06-26 17:18"}
2024-01-25 17:12:11 查询号码 【1750003】，GSD为【"北京-北京"】

2024-01-25 17:12:12 开始第 111 次操作

2024-01-25 17:12:12 开始操作号码 【1750004】
2024-01-25 17:12:36 GSD getOne 第 1 次 等待 3 秒
2024-01-25 17:12:39 查询号码 【1750004】，返回信息 {"status":"ok","msg":"北京-北京","gid":"133185","time_insert":"2021-06-26 17:18"}
2024-01-25 17:12:39 查询号码 【1750004】，GSD为【"北京-北京"】

2024-01-25 17:12:40 开始第 112 次操作

2024-01-25 17:12:40 开始操作号码 【1750005】
2024-01-25 17:13:03 GSD getOne 第 1 次 等待 3 秒
2024-01-25 17:13:06 查询号码 【1750005】，返回信息 {"status":"ok","msg":"北京-北京","gid":"133186","time_insert":"2021-06-26 17:19"}
2024-01-25 17:13:06 查询号码 【1750005】，GSD为【"北京-北京"】

2024-01-25 17:35:06 开始第 113 次操作

2024-01-25 17:35:06 开始操作号码 【1750006】
2024-01-25 17:35:31 GSD getOne 第 1 次 等待 3 秒
2024-01-25 17:35:34 查询号码 【1750006】，返回信息 {"status":"ok","msg":"北京-北京","gid":"133190","time_insert":"2021-06-26 17:19"}
2024-01-25 17:35:34 查询号码 【1750006】，GSD为【"北京-北京"】

2024-01-25 17:35:35 开始第 114 次操作

2024-01-25 17:35:35 开始操作号码 【1750007】
2024-01-25 17:35:58 GSD getOne 第 1 次 等待 3 秒
2024-01-25 17:36:01 查询号码 【1750007】，返回信息 {"status":"ok","msg":"北京-北京","gid":"133192","time_insert":"2021-06-26 17:20"}
2024-01-25 17:36:01 查询号码 【1750007】，GSD为【"北京-北京"】

2024-01-25 17:36:02 开始第 115 次操作

2024-01-25 17:36:02 开始操作号码 【1750008】
2024-01-25 17:36:26 GSD getOne 第 1 次 等待 3 秒
2024-01-25 17:36:29 查询号码 【1750008】，返回信息 {"status":"ok","msg":"北京-北京","gid":"133195","time_insert":"2021-06-26 17:20"}
2024-01-25 17:36:29 查询号码 【1750008】，GSD为【"北京-北京"】

2024-01-25 17:36:30 开始第 116 次操作

2024-01-25 17:36:30 开始操作号码 【1750009】
2024-01-25 17:36:53 GSD getOne 第 1 次 等待 3 秒
2024-01-25 17:36:56 查询号码 【1750009】，返回信息 {"status":"ok","msg":"北京-北京","gid":"133198","time_insert":"2021-06-26 17:20"}
2024-01-25 17:36:56 查询号码 【1750009】，GSD为【"北京-北京"】

