2024-04-11 00:15:40 开始第 3129 次操作

2024-04-11 00:15:40 开始操作号码 【1643023】
2024-04-11 00:15:48 GSD getOne 第 1 次 等待 3 秒
2024-04-11 00:15:51 查询号码 【1643023】，返回信息 {"status":"ok","msg":"-","gid":"576488","time_insert":"2023-03-07 23:07"}
2024-04-11 00:15:51 查询号码 【1643023】，GSD为【"-"】
2024-04-11 00:15:51 ok && -
2024-04-11 00:15:53 CHB 1643023?1712765751 第 1 次 等待 3 秒
2024-04-11 00:15:56 CHB 1643023?1712765751 第 1 次 获取到号码【1643023】GSD
2024-04-11 00:15:56 未获取到号码【1643023】GSD，可能号码格式错误
2024-04-11 00:15:56 获取到号码【1643023】的GSD为【-】
2024-04-11 00:16:01 GSD insert 第 1 次 等待 3 秒
2024-04-11 00:16:04 {"status":"bad","gid":"576488","msg":"添加失败！号码【1643023(-|-)】已存在！"}
2024-04-11 00:16:04 随机等待 194 秒，约 3 分钟
2024-04-11 00:16:04 下次操作: 2024-04-11 00:19:18

2024-04-11 00:19:18 开始第 3130 次操作

2024-04-11 00:19:18 开始操作号码 【1643024】
2024-04-11 00:19:23 GSD getOne 第 1 次 等待 3 秒
2024-04-11 00:19:26 查询号码 【1643024】，返回信息 {"status":"ok","msg":"-","gid":"576515","time_insert":"2023-03-07 23:30"}
2024-04-11 00:19:26 查询号码 【1643024】，GSD为【"-"】
2024-04-11 00:19:26 ok && -
2024-04-11 00:19:28 CHB 1643024?1712765966 第 1 次 等待 3 秒
2024-04-11 00:19:31 CHB 1643024?1712765966 第 1 次 获取到号码【1643024】GSD
2024-04-11 00:19:32 未获取到号码【1643024】GSD，可能号码格式错误
2024-04-11 00:19:32 获取到号码【1643024】的GSD为【-】
2024-04-11 00:19:38 GSD insert 第 1 次 等待 3 秒
2024-04-11 00:19:41 {"status":"bad","gid":"576515","msg":"添加失败！号码【1643024(-|-)】已存在！"}
2024-04-11 00:19:41 随机等待 214 秒，约 3 分钟
2024-04-11 00:19:41 下次操作: 2024-04-11 00:23:15

2024-04-11 00:23:15 开始第 3131 次操作

2024-04-11 00:23:15 开始操作号码 【1643025】
2024-04-11 00:23:20 GSD getOne 第 1 次 等待 3 秒
2024-04-11 00:23:23 查询号码 【1643025】，返回信息 {"status":"ok","msg":"-","gid":"576531","time_insert":"2023-03-07 23:43"}
2024-04-11 00:23:23 查询号码 【1643025】，GSD为【"-"】
2024-04-11 00:23:23 ok && -
2024-04-11 00:23:25 CHB 1643025?1712766203 第 1 次 等待 3 秒
2024-04-11 00:23:28 CHB 1643025?1712766203 第 1 次 获取到号码【1643025】GSD
2024-04-11 00:23:28 未获取到号码【1643025】GSD，可能号码格式错误
2024-04-11 00:23:28 获取到号码【1643025】的GSD为【-】
2024-04-11 00:23:33 GSD insert 第 1 次 等待 3 秒
2024-04-11 00:23:36 {"status":"bad","gid":"576531","msg":"添加失败！号码【1643025(-|-)】已存在！"}
2024-04-11 00:23:36 随机等待 125 秒，约 2 分钟
2024-04-11 00:23:36 下次操作: 2024-04-11 00:25:41

2024-04-11 00:25:41 开始第 3132 次操作

2024-04-11 00:25:41 开始操作号码 【1643026】
2024-04-11 00:25:46 GSD getOne 第 1 次 等待 3 秒
2024-04-11 00:25:49 查询号码 【1643026】，返回信息 {"status":"ok","msg":"-","gid":"576566","time_insert":"2023-03-08 00:07"}
2024-04-11 00:25:49 查询号码 【1643026】，GSD为【"-"】
2024-04-11 00:25:49 ok && -
2024-04-11 00:25:51 CHB 1643026?1712766349 第 1 次 等待 3 秒
2024-04-11 00:25:54 CHB 1643026?1712766349 第 1 次 获取到号码【1643026】GSD
2024-04-11 00:25:54 未获取到号码【1643026】GSD，可能号码格式错误
2024-04-11 00:25:54 获取到号码【1643026】的GSD为【-】
2024-04-11 00:25:59 GSD insert 第 1 次 等待 3 秒
2024-04-11 00:26:02 {"status":"bad","gid":"576566","msg":"添加失败！号码【1643026(-|-)】已存在！"}

2024-04-11 00:38:55 开始第 3133 次操作

2024-04-11 00:38:55 开始操作号码 【1643027】
2024-04-11 00:39:00 GSD getOne 第 1 次 等待 3 秒
2024-04-11 00:39:03 查询号码 【1643027】，返回信息 {"status":"ok","msg":"-","gid":"576581","time_insert":"2023-03-08 00:22"}
2024-04-11 00:39:03 查询号码 【1643027】，GSD为【"-"】
2024-04-11 00:39:03 ok && -
2024-04-11 00:39:06 CHB 1643027?1712767143 第 1 次 等待 3 秒
2024-04-11 00:39:09 CHB 1643027?1712767143 第 1 次 获取到号码【1643027】GSD
2024-04-11 00:39:09 未获取到号码【1643027】GSD，可能号码格式错误
2024-04-11 00:39:09 获取到号码【1643027】的GSD为【-】
2024-04-11 00:39:14 GSD insert 第 1 次 等待 3 秒
2024-04-11 00:39:17 {"status":"bad","gid":"576581","msg":"添加失败！号码【1643027(-|-)】已存在！"}
2024-04-11 00:39:17 随机等待 227 秒，约 3 分钟
2024-04-11 00:39:17 下次操作: 2024-04-11 00:43:04

2024-04-11 00:43:04 开始第 3134 次操作

2024-04-11 00:43:04 开始操作号码 【1643028】
2024-04-11 00:43:09 GSD getOne 第 1 次 等待 3 秒
2024-04-11 00:43:12 查询号码 【1643028】，返回信息 {"status":"ok","msg":"-","gid":"576604","time_insert":"2023-03-08 00:43"}
2024-04-11 00:43:12 查询号码 【1643028】，GSD为【"-"】
2024-04-11 00:43:12 ok && -
2024-04-11 00:43:14 CHB 1643028?1712767392 第 1 次 等待 3 秒
2024-04-11 00:43:18 CHB 1643028?1712767392 第 1 次 获取到号码【1643028】GSD
2024-04-11 00:43:18 未获取到号码【1643028】GSD，可能号码格式错误
2024-04-11 00:43:18 获取到号码【1643028】的GSD为【-】
2024-04-11 00:43:28 GSD insert 第 1 次 等待 3 秒
2024-04-11 00:43:31 {"status":"bad","gid":"576604","msg":"添加失败！号码【1643028(-|-)】已存在！"}
2024-04-11 00:43:31 随机等待 145 秒，约 2 分钟
2024-04-11 00:43:31 下次操作: 2024-04-11 00:45:56

2024-04-11 00:45:56 开始第 3135 次操作

2024-04-11 00:45:56 开始操作号码 【1643029】
2024-04-11 00:46:01 GSD getOne 第 1 次 等待 3 秒
2024-04-11 00:46:04 查询号码 【1643029】，返回信息 {"status":"ok","msg":"-","gid":"576622","time_insert":"2023-03-08 00:56"}
2024-04-11 00:46:04 查询号码 【1643029】，GSD为【"-"】
2024-04-11 00:46:04 ok && -
2024-04-11 00:46:08 CHB 1643029?1712767564 第 1 次 等待 3 秒
2024-04-11 00:46:11 CHB 1643029?1712767564 第 1 次 获取到号码【1643029】GSD
2024-04-11 00:46:11 未获取到号码【1643029】GSD，可能号码格式错误
2024-04-11 00:46:11 获取到号码【1643029】的GSD为【-】
2024-04-11 00:46:17 GSD insert 第 1 次 等待 3 秒
2024-04-11 00:46:20 {"status":"bad","gid":"576622","msg":"添加失败！号码【1643029(-|-)】已存在！"}
2024-04-11 00:46:20 随机等待 116 秒，约 1 分钟
2024-04-11 00:46:20 下次操作: 2024-04-11 00:48:16

2024-04-11 00:48:16 开始第 3136 次操作

2024-04-11 00:48:16 开始操作号码 【1643030】
2024-04-11 00:48:20 GSD getOne 第 1 次 等待 3 秒
2024-04-11 00:48:23 查询号码 【1643030】，返回信息 {"status":"ok","msg":"-","gid":"576640","time_insert":"2023-03-08 01:10"}
2024-04-11 00:48:23 查询号码 【1643030】，GSD为【"-"】
2024-04-11 00:48:23 ok && -
2024-04-11 00:48:26 CHB 1643030?1712767703 第 1 次 等待 3 秒
2024-04-11 00:48:29 CHB 1643030?1712767703 第 1 次 获取到号码【1643030】GSD
2024-04-11 00:48:29 未获取到号码【1643030】GSD，可能号码格式错误
2024-04-11 00:48:29 获取到号码【1643030】的GSD为【-】
2024-04-11 00:48:35 GSD insert 第 1 次 等待 3 秒
2024-04-11 00:48:38 {"status":"bad","gid":"576640","msg":"添加失败！号码【1643030(-|-)】已存在！"}

2024-04-11 01:09:14 开始第 3137 次操作

2024-04-11 01:09:14 开始操作号码 【1643031】
2024-04-11 01:09:19 GSD getOne 第 1 次 等待 3 秒
2024-04-11 01:09:22 查询号码 【1643031】，返回信息 {"status":"ok","msg":"-","gid":"576655","time_insert":"2023-03-08 01:22"}
2024-04-11 01:09:22 查询号码 【1643031】，GSD为【"-"】
2024-04-11 01:09:22 ok && -
2024-04-11 01:09:24 CHB 1643031?1712768962 第 1 次 等待 3 秒
2024-04-11 01:09:27 CHB 1643031?1712768962 第 1 次 获取到号码【1643031】GSD
2024-04-11 01:09:27 未获取到号码【1643031】GSD，可能号码格式错误
2024-04-11 01:09:27 获取到号码【1643031】的GSD为【-】
2024-04-11 01:09:32 GSD insert 第 1 次 等待 3 秒
2024-04-11 01:09:35 {"status":"bad","gid":"576655","msg":"添加失败！号码【1643031(-|-)】已存在！"}
2024-04-11 01:09:35 随机等待 183 秒，约 3 分钟
2024-04-11 01:09:35 下次操作: 2024-04-11 01:12:38

2024-04-11 01:12:38 开始第 3138 次操作

2024-04-11 01:12:38 开始操作号码 【1643032】
2024-04-11 01:12:43 GSD getOne 第 1 次 等待 3 秒
2024-04-11 01:12:46 查询号码 【1643032】，返回信息 {"status":"ok","msg":"-","gid":"576668","time_insert":"2023-03-08 01:32"}
2024-04-11 01:12:46 查询号码 【1643032】，GSD为【"-"】
2024-04-11 01:12:46 ok && -
2024-04-11 01:12:48 CHB 1643032?1712769166 第 1 次 等待 3 秒
2024-04-11 01:12:51 CHB 1643032?1712769166 第 1 次 获取到号码【1643032】GSD
2024-04-11 01:12:51 未获取到号码【1643032】GSD，可能号码格式错误
2024-04-11 01:12:51 获取到号码【1643032】的GSD为【-】
2024-04-11 01:12:57 GSD insert 第 1 次 等待 3 秒
2024-04-11 01:13:00 {"status":"bad","gid":"576668","msg":"添加失败！号码【1643032(-|-)】已存在！"}
2024-04-11 01:13:00 随机等待 134 秒，约 2 分钟
2024-04-11 01:13:00 下次操作: 2024-04-11 01:15:14

2024-04-11 01:15:14 开始第 3139 次操作

2024-04-11 01:15:14 开始操作号码 【1643033】
2024-04-11 01:15:22 GSD getOne 第 1 次 等待 3 秒
2024-04-11 01:15:25 查询号码 【1643033】，返回信息 {"status":"ok","msg":"-","gid":"576690","time_insert":"2023-03-08 01:48"}
2024-04-11 01:15:25 查询号码 【1643033】，GSD为【"-"】
2024-04-11 01:15:25 ok && -
2024-04-11 01:15:27 CHB 1643033?1712769325 第 1 次 等待 3 秒
2024-04-11 01:15:30 CHB 1643033?1712769325 第 1 次 获取到号码【1643033】GSD
2024-04-11 01:15:30 未获取到号码【1643033】GSD，可能号码格式错误
2024-04-11 01:15:30 获取到号码【1643033】的GSD为【-】
2024-04-11 01:15:34 GSD insert 第 1 次 等待 3 秒
2024-04-11 01:15:37 {"status":"bad","gid":"576690","msg":"添加失败！号码【1643033(-|-)】已存在！"}
2024-04-11 01:15:37 随机等待 191 秒，约 3 分钟
2024-04-11 01:15:37 下次操作: 2024-04-11 01:18:48

2024-04-11 01:18:48 开始第 3140 次操作

2024-04-11 01:18:48 开始操作号码 【1643034】
2024-04-11 01:18:53 GSD getOne 第 1 次 等待 3 秒
2024-04-11 01:18:56 查询号码 【1643034】，返回信息 {"status":"ok","msg":"-","gid":"576722","time_insert":"2023-03-08 02:10"}
2024-04-11 01:18:56 查询号码 【1643034】，GSD为【"-"】
2024-04-11 01:18:56 ok && -
2024-04-11 01:18:58 CHB 1643034?1712769536 第 1 次 等待 3 秒
2024-04-11 01:19:01 CHB 1643034?1712769536 第 1 次 获取到号码【1643034】GSD
2024-04-11 01:19:01 未获取到号码【1643034】GSD，可能号码格式错误
2024-04-11 01:19:01 获取到号码【1643034】的GSD为【-】
2024-04-11 01:19:06 GSD insert 第 1 次 等待 3 秒
2024-04-11 01:19:09 {"status":"bad","gid":"576722","msg":"添加失败！号码【1643034(-|-)】已存在！"}

2024-04-11 01:34:40 开始第 3141 次操作

2024-04-11 01:34:40 开始操作号码 【1643035】
2024-04-11 01:34:45 GSD getOne 第 1 次 等待 3 秒
2024-04-11 01:34:48 查询号码 【1643035】，返回信息 {"status":"ok","msg":"-","gid":"576744","time_insert":"2023-03-08 02:30"}
2024-04-11 01:34:48 查询号码 【1643035】，GSD为【"-"】
2024-04-11 01:34:48 ok && -
2024-04-11 01:34:51 CHB 1643035?1712770488 第 1 次 等待 3 秒
2024-04-11 01:34:54 CHB 1643035?1712770488 第 1 次 获取到号码【1643035】GSD
2024-04-11 01:34:54 未获取到号码【1643035】GSD，可能号码格式错误
2024-04-11 01:34:54 获取到号码【1643035】的GSD为【-】
2024-04-11 01:34:59 GSD insert 第 1 次 等待 3 秒
2024-04-11 01:35:02 {"status":"bad","gid":"576744","msg":"添加失败！号码【1643035(-|-)】已存在！"}
2024-04-11 01:35:02 随机等待 103 秒，约 1 分钟
2024-04-11 01:35:02 下次操作: 2024-04-11 01:36:45

2024-04-11 01:36:45 开始第 3142 次操作

2024-04-11 01:36:45 开始操作号码 【1643036】
2024-04-11 01:36:50 GSD getOne 第 1 次 等待 3 秒
2024-04-11 01:36:53 查询号码 【1643036】，返回信息 {"status":"ok","msg":"-","gid":"576775","time_insert":"2023-03-08 02:52"}
2024-04-11 01:36:53 查询号码 【1643036】，GSD为【"-"】
2024-04-11 01:36:53 ok && -
2024-04-11 01:36:56 CHB 1643036?1712770613 第 1 次 等待 3 秒
2024-04-11 01:36:59 CHB 1643036?1712770613 第 1 次 获取到号码【1643036】GSD
2024-04-11 01:36:59 未获取到号码【1643036】GSD，可能号码格式错误
2024-04-11 01:36:59 获取到号码【1643036】的GSD为【-】
2024-04-11 01:37:03 GSD insert 第 1 次 等待 3 秒
2024-04-11 01:37:06 {"status":"bad","gid":"576775","msg":"添加失败！号码【1643036(-|-)】已存在！"}
2024-04-11 01:37:06 随机等待 128 秒，约 2 分钟
2024-04-11 01:37:06 下次操作: 2024-04-11 01:39:14

2024-04-11 01:39:14 开始第 3143 次操作

2024-04-11 01:39:14 开始操作号码 【1643037】
2024-04-11 01:39:19 GSD getOne 第 1 次 等待 3 秒
2024-04-11 01:39:22 查询号码 【1643037】，返回信息 {"status":"ok","msg":"-","gid":"576797","time_insert":"2023-03-08 03:10"}
2024-04-11 01:39:22 查询号码 【1643037】，GSD为【"-"】
2024-04-11 01:39:22 ok && -
2024-04-11 01:39:25 CHB 1643037?1712770762 第 1 次 等待 3 秒
2024-04-11 01:39:28 CHB 1643037?1712770762 第 1 次 获取到号码【1643037】GSD
2024-04-11 01:39:28 未获取到号码【1643037】GSD，可能号码格式错误
2024-04-11 01:39:28 获取到号码【1643037】的GSD为【-】
2024-04-11 01:39:32 GSD insert 第 1 次 等待 3 秒
2024-04-11 01:39:35 {"status":"bad","gid":"576797","msg":"添加失败！号码【1643037(-|-)】已存在！"}
2024-04-11 01:39:35 随机等待 161 秒，约 2 分钟
2024-04-11 01:39:35 下次操作: 2024-04-11 01:42:16

2024-04-11 01:42:16 开始第 3144 次操作

2024-04-11 01:42:16 开始操作号码 【1643038】
2024-04-11 01:42:21 GSD getOne 第 1 次 等待 3 秒
2024-04-11 01:42:24 查询号码 【1643038】，返回信息 {"status":"ok","msg":"-","gid":"576830","time_insert":"2023-03-08 03:31"}
2024-04-11 01:42:24 查询号码 【1643038】，GSD为【"-"】
2024-04-11 01:42:24 ok && -
2024-04-11 01:42:27 CHB 1643038?1712770944 第 1 次 等待 3 秒
2024-04-11 01:42:30 CHB 1643038?1712770944 第 1 次 获取到号码【1643038】GSD
2024-04-11 01:42:30 未获取到号码【1643038】GSD，可能号码格式错误
2024-04-11 01:42:30 获取到号码【1643038】的GSD为【-】
2024-04-11 01:42:34 GSD insert 第 1 次 等待 3 秒
2024-04-11 01:42:37 {"status":"bad","gid":"576830","msg":"添加失败！号码【1643038(-|-)】已存在！"}

2024-04-11 02:15:00 开始第 3145 次操作

2024-04-11 02:15:00 开始操作号码 【1643039】
2024-04-11 02:15:05 GSD getOne 第 1 次 等待 3 秒
2024-04-11 02:15:08 查询号码 【1643039】，返回信息 {"status":"ok","msg":"-","gid":"576850","time_insert":"2023-03-08 03:43"}
2024-04-11 02:15:09 查询号码 【1643039】，GSD为【"-"】
2024-04-11 02:15:09 ok && -
2024-04-11 02:15:11 CHB 1643039?1712772909 第 1 次 等待 3 秒
2024-04-11 02:15:14 CHB 1643039?1712772909 第 1 次 获取到号码【1643039】GSD
2024-04-11 02:15:14 未获取到号码【1643039】GSD，可能号码格式错误
2024-04-11 02:15:14 获取到号码【1643039】的GSD为【-】
2024-04-11 02:15:23 GSD insert 第 1 次 等待 3 秒
2024-04-11 02:15:26 {"status":"bad","gid":"576850","msg":"添加失败！号码【1643039(-|-)】已存在！"}
2024-04-11 02:15:26 随机等待 154 秒，约 2 分钟
2024-04-11 02:15:26 下次操作: 2024-04-11 02:18:00

2024-04-11 02:18:00 开始第 3146 次操作

2024-04-11 02:18:00 开始操作号码 【1643040】
2024-04-11 02:18:05 GSD getOne 第 1 次 等待 3 秒
2024-04-11 02:18:08 查询号码 【1643040】，返回信息 {"status":"ok","msg":"-","gid":"576866","time_insert":"2023-03-08 03:52"}
2024-04-11 02:18:08 查询号码 【1643040】，GSD为【"-"】
2024-04-11 02:18:08 ok && -
2024-04-11 02:18:10 CHB 1643040?1712773088 第 1 次 等待 3 秒
2024-04-11 02:18:13 CHB 1643040?1712773088 第 1 次 获取到号码【1643040】GSD
2024-04-11 02:18:13 未获取到号码【1643040】GSD，可能号码格式错误
2024-04-11 02:18:13 获取到号码【1643040】的GSD为【-】
2024-04-11 02:18:18 GSD insert 第 1 次 等待 3 秒
2024-04-11 02:18:21 {"status":"bad","gid":"576866","msg":"添加失败！号码【1643040(-|-)】已存在！"}
2024-04-11 02:18:21 随机等待 101 秒，约 1 分钟
2024-04-11 02:18:21 下次操作: 2024-04-11 02:20:02

2024-04-11 02:20:02 开始第 3147 次操作

2024-04-11 02:20:02 开始操作号码 【1643041】
2024-04-11 02:20:06 GSD getOne 第 1 次 等待 3 秒
2024-04-11 02:20:09 查询号码 【1643041】，返回信息 {"status":"ok","msg":"-","gid":"576888","time_insert":"2023-03-08 04:09"}
2024-04-11 02:20:10 查询号码 【1643041】，GSD为【"-"】
2024-04-11 02:20:10 ok && -
2024-04-11 02:20:11 CHB 1643041?1712773210 第 1 次 等待 3 秒
2024-04-11 02:20:14 CHB 1643041?1712773210 第 1 次 获取到号码【1643041】GSD
2024-04-11 02:20:15 未获取到号码【1643041】GSD，可能号码格式错误
2024-04-11 02:20:15 获取到号码【1643041】的GSD为【-】
2024-04-11 02:20:21 GSD insert 第 1 次 等待 3 秒
2024-04-11 02:20:24 {"status":"bad","gid":"576888","msg":"添加失败！号码【1643041(-|-)】已存在！"}
2024-04-11 02:20:24 随机等待 95 秒，约 1 分钟
2024-04-11 02:20:24 下次操作: 2024-04-11 02:21:59

2024-04-11 02:21:59 开始第 3148 次操作

2024-04-11 02:21:59 开始操作号码 【1643042】
2024-04-11 02:22:04 GSD getOne 第 1 次 等待 3 秒
2024-04-11 02:22:07 查询号码 【1643042】，返回信息 {"status":"ok","msg":"-","gid":"576914","time_insert":"2023-03-08 04:30"}
2024-04-11 02:22:07 查询号码 【1643042】，GSD为【"-"】
2024-04-11 02:22:07 ok && -
2024-04-11 02:22:09 CHB 1643042?1712773327 第 1 次 等待 3 秒
2024-04-11 02:22:12 CHB 1643042?1712773327 第 1 次 获取到号码【1643042】GSD
2024-04-11 02:22:12 未获取到号码【1643042】GSD，可能号码格式错误
2024-04-11 02:22:12 获取到号码【1643042】的GSD为【-】
2024-04-11 02:22:16 GSD insert 第 1 次 等待 3 秒
2024-04-11 02:22:19 {"status":"bad","gid":"576914","msg":"添加失败！号码【1643042(-|-)】已存在！"}

2024-04-11 02:57:18 开始第 3149 次操作

2024-04-11 02:57:18 开始操作号码 【1643043】
2024-04-11 02:57:24 GSD getOne 第 1 次 等待 3 秒
2024-04-11 02:57:27 查询号码 【1643043】，返回信息 {"status":"ok","msg":"-","gid":"576931","time_insert":"2023-03-08 04:41"}
2024-04-11 02:57:27 查询号码 【1643043】，GSD为【"-"】
2024-04-11 02:57:27 ok && -
2024-04-11 02:57:29 CHB 1643043?1712775447 第 1 次 等待 3 秒
2024-04-11 02:57:32 CHB 1643043?1712775447 第 1 次 获取到号码【1643043】GSD
2024-04-11 02:57:32 未获取到号码【1643043】GSD，可能号码格式错误
2024-04-11 02:57:32 获取到号码【1643043】的GSD为【-】
2024-04-11 02:57:39 GSD insert 第 1 次 等待 3 秒
2024-04-11 02:57:42 {"status":"bad","gid":"576931","msg":"添加失败！号码【1643043(-|-)】已存在！"}
2024-04-11 02:57:42 随机等待 172 秒，约 2 分钟
2024-04-11 02:57:42 下次操作: 2024-04-11 03:00:34

2024-04-11 03:00:34 开始第 3150 次操作

2024-04-11 03:00:34 开始操作号码 【1643044】
2024-04-11 03:00:38 GSD getOne 第 1 次 等待 3 秒
2024-04-11 03:00:41 查询号码 【1643044】，返回信息 {"status":"ok","msg":"-","gid":"576951","time_insert":"2023-03-08 04:54"}
2024-04-11 03:00:41 查询号码 【1643044】，GSD为【"-"】
2024-04-11 03:00:41 ok && -
2024-04-11 03:00:43 CHB 1643044?1712775641 第 1 次 等待 3 秒
2024-04-11 03:00:46 CHB 1643044?1712775641 第 1 次 获取到号码【1643044】GSD
2024-04-11 03:00:46 未获取到号码【1643044】GSD，可能号码格式错误
2024-04-11 03:00:46 获取到号码【1643044】的GSD为【-】
2024-04-11 03:00:51 GSD insert 第 1 次 等待 3 秒
2024-04-11 03:00:54 {"status":"bad","gid":"576951","msg":"添加失败！号码【1643044(-|-)】已存在！"}
2024-04-11 03:00:54 随机等待 229 秒，约 3 分钟
2024-04-11 03:00:54 下次操作: 2024-04-11 03:04:43

2024-04-11 03:04:43 开始第 3151 次操作

2024-04-11 03:04:43 开始操作号码 【1643045】
2024-04-11 03:04:48 GSD getOne 第 1 次 等待 3 秒
2024-04-11 03:04:51 查询号码 【1643045】，返回信息 {"status":"ok","msg":"-","gid":"576962","time_insert":"2023-03-08 05:03"}
2024-04-11 03:04:51 查询号码 【1643045】，GSD为【"-"】
2024-04-11 03:04:51 ok && -
2024-04-11 03:04:53 CHB 1643045?1712775891 第 1 次 等待 3 秒
2024-04-11 03:04:56 CHB 1643045?1712775891 第 1 次 获取到号码【1643045】GSD
2024-04-11 03:04:56 未获取到号码【1643045】GSD，可能号码格式错误
2024-04-11 03:04:56 获取到号码【1643045】的GSD为【-】
2024-04-11 03:05:01 GSD insert 第 1 次 等待 3 秒
2024-04-11 03:05:04 {"status":"bad","gid":"576962","msg":"添加失败！号码【1643045(-|-)】已存在！"}
2024-04-11 03:05:04 随机等待 199 秒，约 3 分钟
2024-04-11 03:05:04 下次操作: 2024-04-11 03:08:23

2024-04-11 03:08:23 开始第 3152 次操作

2024-04-11 03:08:23 开始操作号码 【1643046】
2024-04-11 03:08:28 GSD getOne 第 1 次 等待 3 秒
2024-04-11 03:08:31 查询号码 【1643046】，返回信息 {"status":"ok","msg":"-","gid":"576986","time_insert":"2023-03-08 05:22"}
2024-04-11 03:08:31 查询号码 【1643046】，GSD为【"-"】
2024-04-11 03:08:31 ok && -
2024-04-11 03:08:33 CHB 1643046?1712776111 第 1 次 等待 3 秒
2024-04-11 03:08:36 CHB 1643046?1712776111 第 1 次 获取到号码【1643046】GSD
2024-04-11 03:08:36 未获取到号码【1643046】GSD，可能号码格式错误
2024-04-11 03:08:36 获取到号码【1643046】的GSD为【-】
2024-04-11 03:08:42 GSD insert 第 1 次 等待 3 秒
2024-04-11 03:08:45 {"status":"bad","gid":"576986","msg":"添加失败！号码【1643046(-|-)】已存在！"}

2024-04-11 03:11:49 开始第 3153 次操作

2024-04-11 03:11:49 开始操作号码 【1643047】
2024-04-11 03:11:54 GSD getOne 第 1 次 等待 3 秒
2024-04-11 03:11:57 查询号码 【1643047】，返回信息 {"status":"ok","msg":"-","gid":"577009","time_insert":"2023-03-08 05:37"}
2024-04-11 03:11:57 查询号码 【1643047】，GSD为【"-"】
2024-04-11 03:11:57 ok && -
2024-04-11 03:12:00 CHB 1643047?1712776317 第 1 次 等待 3 秒
2024-04-11 03:12:03 CHB 1643047?1712776317 第 1 次 获取到号码【1643047】GSD
2024-04-11 03:12:03 未获取到号码【1643047】GSD，可能号码格式错误
2024-04-11 03:12:03 获取到号码【1643047】的GSD为【-】
2024-04-11 03:12:08 GSD insert 第 1 次 等待 3 秒
2024-04-11 03:12:11 {"status":"bad","gid":"577009","msg":"添加失败！号码【1643047(-|-)】已存在！"}
2024-04-11 03:12:11 随机等待 121 秒，约 2 分钟
2024-04-11 03:12:11 下次操作: 2024-04-11 03:14:12

2024-04-11 03:14:12 开始第 3154 次操作

2024-04-11 03:14:12 开始操作号码 【1643048】
2024-04-11 03:14:17 GSD getOne 第 1 次 等待 3 秒
2024-04-11 03:14:20 查询号码 【1643048】，返回信息 {"status":"ok","msg":"-","gid":"577045","time_insert":"2023-03-08 05:59"}
2024-04-11 03:14:20 查询号码 【1643048】，GSD为【"-"】
2024-04-11 03:14:20 ok && -
2024-04-11 03:14:22 CHB 1643048?1712776460 第 1 次 等待 3 秒
2024-04-11 03:14:25 CHB 1643048?1712776460 第 1 次 获取到号码【1643048】GSD
2024-04-11 03:14:25 未获取到号码【1643048】GSD，可能号码格式错误
2024-04-11 03:14:25 获取到号码【1643048】的GSD为【-】
2024-04-11 03:14:30 GSD insert 第 1 次 等待 3 秒
2024-04-11 03:14:33 {"status":"bad","gid":"577045","msg":"添加失败！号码【1643048(-|-)】已存在！"}
2024-04-11 03:14:33 随机等待 197 秒，约 3 分钟
2024-04-11 03:14:33 下次操作: 2024-04-11 03:17:50

2024-04-11 03:17:50 开始第 3155 次操作

2024-04-11 03:17:50 开始操作号码 【1643049】
2024-04-11 03:17:55 GSD getOne 第 1 次 等待 3 秒
2024-04-11 03:17:58 查询号码 【1643049】，返回信息 {"status":"ok","msg":"-","gid":"577072","time_insert":"2023-03-08 06:21"}
2024-04-11 03:17:58 查询号码 【1643049】，GSD为【"-"】
2024-04-11 03:17:58 ok && -
2024-04-11 03:18:01 CHB 1643049?1712776678 第 1 次 等待 3 秒
2024-04-11 03:18:04 CHB 1643049?1712776678 第 1 次 获取到号码【1643049】GSD
2024-04-11 03:18:04 未获取到号码【1643049】GSD，可能号码格式错误
2024-04-11 03:18:04 获取到号码【1643049】的GSD为【-】
2024-04-11 03:18:09 GSD insert 第 1 次 等待 3 秒
2024-04-11 03:18:12 {"status":"bad","gid":"577072","msg":"添加失败！号码【1643049(-|-)】已存在！"}
2024-04-11 03:18:12 随机等待 95 秒，约 1 分钟
2024-04-11 03:18:12 下次操作: 2024-04-11 03:19:47

2024-04-11 03:19:47 开始第 3156 次操作

2024-04-11 03:19:47 开始操作号码 【1643050】
2024-04-11 03:19:51 GSD getOne 第 1 次 等待 3 秒
2024-04-11 03:19:54 查询号码 【1643050】，返回信息 {"status":"ok","msg":"-","gid":"577086","time_insert":"2023-03-08 06:33"}
2024-04-11 03:19:55 查询号码 【1643050】，GSD为【"-"】
2024-04-11 03:19:55 ok && -
2024-04-11 03:19:57 CHB 1643050?1712776795 第 1 次 等待 3 秒
2024-04-11 03:20:00 CHB 1643050?1712776795 第 1 次 获取到号码【1643050】GSD
2024-04-11 03:20:00 未获取到号码【1643050】GSD，可能号码格式错误
2024-04-11 03:20:00 获取到号码【1643050】的GSD为【-】
2024-04-11 03:20:05 GSD insert 第 1 次 等待 3 秒
2024-04-11 03:20:08 {"status":"bad","gid":"577086","msg":"添加失败！号码【1643050(-|-)】已存在！"}

2024-04-11 03:33:54 开始第 3157 次操作

2024-04-11 03:33:54 开始操作号码 【1643051】
2024-04-11 03:33:58 GSD getOne 第 1 次 等待 3 秒
2024-04-11 03:34:01 查询号码 【1643051】，返回信息 {"status":"ok","msg":"-","gid":"577103","time_insert":"2023-03-08 06:44"}
2024-04-11 03:34:01 查询号码 【1643051】，GSD为【"-"】
2024-04-11 03:34:01 ok && -
2024-04-11 03:34:03 CHB 1643051?1712777641 第 1 次 等待 3 秒
2024-04-11 03:34:06 CHB 1643051?1712777641 第 1 次 获取到号码【1643051】GSD
2024-04-11 03:34:07 未获取到号码【1643051】GSD，可能号码格式错误
2024-04-11 03:34:07 获取到号码【1643051】的GSD为【-】
2024-04-11 03:34:11 GSD insert 第 1 次 等待 3 秒
2024-04-11 03:34:14 {"status":"bad","gid":"577103","msg":"添加失败！号码【1643051(-|-)】已存在！"}
2024-04-11 03:34:14 随机等待 103 秒，约 1 分钟
2024-04-11 03:34:14 下次操作: 2024-04-11 03:35:57

2024-04-11 03:35:57 开始第 3158 次操作

2024-04-11 03:35:57 开始操作号码 【1643052】
2024-04-11 03:36:03 GSD getOne 第 1 次 等待 3 秒
2024-04-11 03:36:06 查询号码 【1643052】，返回信息 {"status":"ok","msg":"-","gid":"577127","time_insert":"2023-03-08 06:57"}
2024-04-11 03:36:06 查询号码 【1643052】，GSD为【"-"】
2024-04-11 03:36:06 ok && -
2024-04-11 03:36:08 CHB 1643052?1712777766 第 1 次 等待 3 秒
2024-04-11 03:36:11 CHB 1643052?1712777766 第 1 次 获取到号码【1643052】GSD
2024-04-11 03:36:11 未获取到号码【1643052】GSD，可能号码格式错误
2024-04-11 03:36:11 获取到号码【1643052】的GSD为【-】
2024-04-11 03:36:17 GSD insert 第 1 次 等待 3 秒
2024-04-11 03:36:20 {"status":"bad","gid":"577127","msg":"添加失败！号码【1643052(-|-)】已存在！"}
2024-04-11 03:36:20 随机等待 129 秒，约 2 分钟
2024-04-11 03:36:20 下次操作: 2024-04-11 03:38:29

2024-04-11 03:38:29 开始第 3159 次操作

2024-04-11 03:38:29 开始操作号码 【1643053】
2024-04-11 03:38:33 GSD getOne 第 1 次 等待 3 秒
2024-04-11 03:38:37 查询号码 【1643053】，返回信息 {"status":"ok","msg":"-","gid":"577146","time_insert":"2023-03-08 07:14"}
2024-04-11 03:38:37 查询号码 【1643053】，GSD为【"-"】
2024-04-11 03:38:37 ok && -
2024-04-11 03:38:39 CHB 1643053?1712777917 第 1 次 等待 3 秒
2024-04-11 03:38:42 CHB 1643053?1712777917 第 1 次 获取到号码【1643053】GSD
2024-04-11 03:38:42 未获取到号码【1643053】GSD，可能号码格式错误
2024-04-11 03:38:42 获取到号码【1643053】的GSD为【-】
2024-04-11 03:38:47 GSD insert 第 1 次 等待 3 秒
2024-04-11 03:38:50 {"status":"bad","gid":"577146","msg":"添加失败！号码【1643053(-|-)】已存在！"}
2024-04-11 03:38:50 随机等待 214 秒，约 3 分钟
2024-04-11 03:38:50 下次操作: 2024-04-11 03:42:24

2024-04-11 03:42:24 开始第 3160 次操作

2024-04-11 03:42:24 开始操作号码 【1643054】
2024-04-11 03:42:28 GSD getOne 第 1 次 等待 3 秒
2024-04-11 03:42:31 查询号码 【1643054】，返回信息 {"status":"ok","msg":"-","gid":"577172","time_insert":"2023-03-08 07:32"}
2024-04-11 03:42:31 查询号码 【1643054】，GSD为【"-"】
2024-04-11 03:42:31 ok && -
2024-04-11 03:42:33 CHB 1643054?1712778151 第 1 次 等待 3 秒
2024-04-11 03:42:36 CHB 1643054?1712778151 第 1 次 获取到号码【1643054】GSD
2024-04-11 03:42:37 未获取到号码【1643054】GSD，可能号码格式错误
2024-04-11 03:42:37 获取到号码【1643054】的GSD为【-】
2024-04-11 03:42:41 GSD insert 第 1 次 等待 3 秒
2024-04-11 03:42:44 {"status":"bad","gid":"577172","msg":"添加失败！号码【1643054(-|-)】已存在！"}

