2023-11-19 00:12:27 开始第 9613 次操作

2023-11-19 00:12:27 开始操作号码 【1969505】
2023-11-19 00:12:33 GSD getOne 第 1 次 等待 3 秒
2023-11-19 00:12:36 查询号码 【1969505】，返回信息 {"status":"ok","msg":"-","gid":"592453","time_insert":"2023-03-15 14:53"}
2023-11-19 00:12:36 查询号码 【1969505】，GSD为【"-"】
2023-11-19 00:12:36 ok && -
2023-11-19 00:12:39 CHB 1969505?1700323956 第 1 次 等待 3 秒
2023-11-19 00:12:42 CHB 1969505?1700323956 第 1 次 获取到号码【1969505】GSD
2023-11-19 00:12:42 未获取到号码【1969505】GSD，可能号码格式错误
2023-11-19 00:12:42 获取到号码【1969505】的GSD为【-】
2023-11-19 00:12:50 GSD insert 第 1 次 等待 3 秒
2023-11-19 00:12:53 {"status":"bad","gid":"592453","msg":"添加失败！号码【1969505(-|-)】已存在！"}
2023-11-19 00:12:53 随机等待 121 秒，约 2 分钟
2023-11-19 00:12:53 下次操作: 2023-11-19 00:14:54

2023-11-19 00:14:54 开始第 9614 次操作

2023-11-19 00:14:54 开始操作号码 【1969506】
2023-11-19 00:14:58 GSD getOne 第 1 次 等待 3 秒
2023-11-19 00:15:01 查询号码 【1969506】，返回信息 {"status":"ok","msg":"-","gid":"592456","time_insert":"2023-03-15 14:55"}
2023-11-19 00:15:01 查询号码 【1969506】，GSD为【"-"】
2023-11-19 00:15:01 ok && -
2023-11-19 00:16:12 CHB 1969506?1700324101 第 1 次 等待 3 秒
2023-11-19 00:16:15 CHB 1969506?1700324101 第 1 次 获取到号码【1969506】GSD
2023-11-19 00:16:15 未获取到号码【1969506】GSD，可能号码格式错误
2023-11-19 00:16:15 获取到号码【1969506】的GSD为【-】
2023-11-19 00:16:19 GSD insert 第 1 次 等待 3 秒
2023-11-19 00:16:22 {"status":"bad","gid":"592456","msg":"添加失败！号码【1969506(-|-)】已存在！"}
2023-11-19 00:16:22 随机等待 186 秒，约 3 分钟
2023-11-19 00:16:22 下次操作: 2023-11-19 00:19:28

2023-11-19 00:19:28 开始第 9615 次操作

2023-11-19 00:19:28 开始操作号码 【1969507】
2023-11-19 00:19:36 GSD getOne 第 1 次 等待 3 秒
2023-11-19 00:19:39 查询号码 【1969507】，返回信息 {"status":"ok","msg":"-","gid":"592458","time_insert":"2023-03-15 14:57"}
2023-11-19 00:19:39 查询号码 【1969507】，GSD为【"-"】
2023-11-19 00:19:39 ok && -
2023-11-19 00:19:42 CHB 1969507?1700324379 第 1 次 等待 3 秒
2023-11-19 00:19:45 CHB 1969507?1700324379 第 1 次 获取到号码【1969507】GSD
2023-11-19 00:19:45 未获取到号码【1969507】GSD，可能号码格式错误
2023-11-19 00:19:45 获取到号码【1969507】的GSD为【-】
2023-11-19 00:19:49 GSD insert 第 1 次 等待 3 秒
2023-11-19 00:19:52 {"status":"bad","gid":"592458","msg":"添加失败！号码【1969507(-|-)】已存在！"}
2023-11-19 00:19:52 随机等待 124 秒，约 2 分钟
2023-11-19 00:19:52 下次操作: 2023-11-19 00:21:56

2023-11-19 00:21:56 开始第 9616 次操作

2023-11-19 00:21:56 开始操作号码 【1969508】
2023-11-19 00:22:03 GSD getOne 第 1 次 等待 3 秒
2023-11-19 00:22:06 查询号码 【1969508】，返回信息 {"status":"ok","msg":"-","gid":"592462","time_insert":"2023-03-15 15:00"}
2023-11-19 00:22:06 查询号码 【1969508】，GSD为【"-"】
2023-11-19 00:22:06 ok && -
2023-11-19 00:22:09 CHB 1969508?1700324526 第 1 次 等待 3 秒
2023-11-19 00:22:12 CHB 1969508?1700324526 第 1 次 获取到号码【1969508】GSD
2023-11-19 00:22:12 未获取到号码【1969508】GSD，可能号码格式错误
2023-11-19 00:22:12 获取到号码【1969508】的GSD为【-】
2023-11-19 00:22:18 GSD insert 第 1 次 等待 3 秒
2023-11-19 00:22:21 {"status":"bad","gid":"592462","msg":"添加失败！号码【1969508(-|-)】已存在！"}

