2024-04-23 00:13:22 开始第 5169 次操作

2024-04-23 00:13:22 开始操作号码 【1645063】
2024-04-23 00:13:32 GSD getOne 第 1 次 等待 3 秒
2024-04-23 00:13:35 查询号码 【1645063】，返回信息 {"status":"ok","msg":"-","gid":"624563","time_insert":"2023-03-30 23:12"}
2024-04-23 00:13:35 查询号码 【1645063】，GSD为【"-"】
2024-04-23 00:13:35 ok && -
2024-04-23 00:13:37 CHB 1645063?1713802415 第 1 次 等待 3 秒
2024-04-23 00:13:40 CHB 1645063?1713802415 第 1 次 获取到号码【1645063】GSD
2024-04-23 00:13:40 未获取到号码【1645063】GSD，可能号码格式错误
2024-04-23 00:13:40 获取到号码【1645063】的GSD为【-】
2024-04-23 00:13:46 GSD insert 第 1 次 等待 3 秒
2024-04-23 00:13:49 {"status":"bad","gid":"624563","msg":"添加失败！号码【1645063(-|-)】已存在！"}
2024-04-23 00:13:49 随机等待 108 秒，约 1 分钟
2024-04-23 00:13:49 下次操作: 2024-04-23 00:15:37

2024-04-23 00:15:37 开始第 5170 次操作

2024-04-23 00:15:37 开始操作号码 【1645064】
2024-04-23 00:15:43 GSD getOne 第 1 次 等待 3 秒
2024-04-23 00:15:46 查询号码 【1645064】，返回信息 {"status":"ok","msg":"-","gid":"624579","time_insert":"2023-03-30 23:24"}
2024-04-23 00:15:46 查询号码 【1645064】，GSD为【"-"】
2024-04-23 00:15:46 ok && -
2024-04-23 00:15:49 CHB 1645064?1713802546 第 1 次 等待 3 秒
2024-04-23 00:15:52 CHB 1645064?1713802546 第 1 次 获取到号码【1645064】GSD
2024-04-23 00:15:52 未获取到号码【1645064】GSD，可能号码格式错误
2024-04-23 00:15:52 获取到号码【1645064】的GSD为【-】
2024-04-23 00:16:00 GSD insert 第 1 次 等待 3 秒
2024-04-23 00:16:03 {"status":"bad","gid":"624579","msg":"添加失败！号码【1645064(-|-)】已存在！"}
2024-04-23 00:16:03 随机等待 94 秒，约 1 分钟
2024-04-23 00:16:03 下次操作: 2024-04-23 00:17:37

2024-04-23 00:17:37 开始第 5171 次操作

2024-04-23 00:17:37 开始操作号码 【1645065】
2024-04-23 00:17:43 GSD getOne 第 1 次 等待 3 秒
2024-04-23 00:17:46 查询号码 【1645065】，返回信息 {"status":"ok","msg":"-","gid":"624607","time_insert":"2023-03-30 23:38"}
2024-04-23 00:17:46 查询号码 【1645065】，GSD为【"-"】
2024-04-23 00:17:46 ok && -
2024-04-23 00:17:49 CHB 1645065?1713802666 第 1 次 等待 3 秒
2024-04-23 00:17:52 CHB 1645065?1713802666 第 1 次 获取到号码【1645065】GSD
2024-04-23 00:17:52 未获取到号码【1645065】GSD，可能号码格式错误
2024-04-23 00:17:52 获取到号码【1645065】的GSD为【-】
2024-04-23 00:18:03 GSD insert 第 1 次 等待 3 秒
2024-04-23 00:18:06 {"status":"bad","gid":"624607","msg":"添加失败！号码【1645065(-|-)】已存在！"}
2024-04-23 00:18:06 随机等待 196 秒，约 3 分钟
2024-04-23 00:18:06 下次操作: 2024-04-23 00:21:22

2024-04-23 00:21:22 开始第 5172 次操作

2024-04-23 00:21:22 开始操作号码 【1645066】
2024-04-23 00:21:27 GSD getOne 第 1 次 等待 3 秒
2024-04-23 00:21:30 查询号码 【1645066】，返回信息 {"status":"ok","msg":"-","gid":"624632","time_insert":"2023-03-30 23:51"}
2024-04-23 00:21:30 查询号码 【1645066】，GSD为【"-"】
2024-04-23 00:21:30 ok && -
2024-04-23 00:21:36 CHB 1645066?1713802890 第 1 次 等待 3 秒
2024-04-23 00:21:39 CHB 1645066?1713802890 第 1 次 获取到号码【1645066】GSD
2024-04-23 00:21:39 未获取到号码【1645066】GSD，可能号码格式错误
2024-04-23 00:21:39 获取到号码【1645066】的GSD为【-】
2024-04-23 00:21:45 GSD insert 第 1 次 等待 3 秒
2024-04-23 00:21:48 {"status":"bad","gid":"624632","msg":"添加失败！号码【1645066(-|-)】已存在！"}

