2024-11-27 00:29:29 开始第 6777 次操作

2024-11-27 00:29:29 开始操作号码 【1326776】
2024-11-27 00:29:30 GSD getOne 第 1 次 等待 3 秒
2024-11-27 00:29:33 查询号码 【1326776】，返回信息 {"status":"ok","msg":"广东-汕头","gid":"232977","time_insert":"2021-07-09 18:38"}
2024-11-27 00:29:33 查询号码 【1326776】，GSD为【"广东-汕头"】

2024-11-27 00:29:34 开始第 6778 次操作

2024-11-27 00:29:34 开始操作号码 【1326777】
2024-11-27 00:29:35 GSD getOne 第 1 次 等待 3 秒
2024-11-27 00:29:38 查询号码 【1326777】，返回信息 {"status":"ok","msg":"广东-汕头","gid":"232976","time_insert":"2021-07-09 18:38"}
2024-11-27 00:29:38 查询号码 【1326777】，GSD为【"广东-汕头"】

2024-11-27 00:29:39 开始第 6779 次操作

2024-11-27 00:29:39 开始操作号码 【1326778】
2024-11-27 00:29:41 GSD getOne 第 1 次 等待 3 秒
2024-11-27 00:29:44 查询号码 【1326778】，返回信息 {"status":"ok","msg":"广东-汕头","gid":"232972","time_insert":"2021-07-09 18:38"}
2024-11-27 00:29:44 查询号码 【1326778】，GSD为【"广东-汕头"】

2024-11-27 00:29:46 开始第 6780 次操作

2024-11-27 00:29:46 开始操作号码 【1326779】
2024-11-27 00:29:47 GSD getOne 第 1 次 等待 3 秒
2024-11-27 00:29:50 查询号码 【1326779】，返回信息 {"status":"ok","msg":"广东-汕头","gid":"232971","time_insert":"2021-07-09 18:37"}
2024-11-27 00:29:50 查询号码 【1326779】，GSD为【"广东-汕头"】

