2024-11-16 00:27:32 开始第 4973 次操作

2024-11-16 00:27:32 开始操作号码 【1324972】
2024-11-16 00:27:33 GSD getOne 第 1 次 等待 3 秒
2024-11-16 00:27:36 查询号码 【1324972】，返回信息 {"status":"ok","msg":"广东-广州","gid":"253746","time_insert":"2021-07-12 04:52"}
2024-11-16 00:27:37 查询号码 【1324972】，GSD为【"广东-广州"】

2024-11-16 00:27:38 开始第 4974 次操作

2024-11-16 00:27:38 开始操作号码 【1324973】
2024-11-16 00:27:39 GSD getOne 第 1 次 等待 3 秒
2024-11-16 00:27:42 查询号码 【1324973】，返回信息 {"status":"ok","msg":"广东-广州","gid":"253742","time_insert":"2021-07-12 04:51"}
2024-11-16 00:27:42 查询号码 【1324973】，GSD为【"广东-广州"】

2024-11-16 00:27:43 开始第 4975 次操作

2024-11-16 00:27:43 开始操作号码 【1324974】
2024-11-16 00:27:44 GSD getOne 第 1 次 等待 3 秒
2024-11-16 00:27:47 查询号码 【1324974】，返回信息 {"status":"ok","msg":"广东-广州","gid":"253735","time_insert":"2021-07-12 04:50"}
2024-11-16 00:27:47 查询号码 【1324974】，GSD为【"广东-广州"】

2024-11-16 00:27:48 开始第 4976 次操作

2024-11-16 00:27:48 开始操作号码 【1324975】
2024-11-16 00:27:49 GSD getOne 第 1 次 等待 3 秒
2024-11-16 00:27:52 查询号码 【1324975】，返回信息 {"status":"ok","msg":"广东-广州","gid":"253727","time_insert":"2021-07-12 04:50"}
2024-11-16 00:27:52 查询号码 【1324975】，GSD为【"广东-广州"】

2024-11-16 00:47:38 开始第 4977 次操作

2024-11-16 00:47:38 开始操作号码 【1324976】
2024-11-16 00:47:39 GSD getOne 第 1 次 等待 3 秒
2024-11-16 00:47:42 查询号码 【1324976】，返回信息 {"status":"ok","msg":"广东-广州","gid":"253719","time_insert":"2021-07-12 04:49"}
2024-11-16 00:47:42 查询号码 【1324976】，GSD为【"广东-广州"】

2024-11-16 00:47:43 开始第 4978 次操作

2024-11-16 00:47:43 开始操作号码 【1324977】
2024-11-16 00:47:44 GSD getOne 第 1 次 等待 3 秒
2024-11-16 00:47:47 查询号码 【1324977】，返回信息 {"status":"ok","msg":"广东-广州","gid":"253708","time_insert":"2021-07-12 04:48"}
2024-11-16 00:47:47 查询号码 【1324977】，GSD为【"广东-广州"】

2024-11-16 00:47:49 开始第 4979 次操作

2024-11-16 00:47:49 开始操作号码 【1324978】
2024-11-16 00:47:50 GSD getOne 第 1 次 等待 3 秒
2024-11-16 00:47:53 查询号码 【1324978】，返回信息 {"status":"ok","msg":"广东-广州","gid":"253695","time_insert":"2021-07-12 04:48"}
2024-11-16 00:47:53 查询号码 【1324978】，GSD为【"广东-广州"】

2024-11-16 00:47:54 开始第 4980 次操作

2024-11-16 00:47:54 开始操作号码 【1324979】
2024-11-16 00:47:55 GSD getOne 第 1 次 等待 3 秒
2024-11-16 00:47:58 查询号码 【1324979】，返回信息 {"status":"ok","msg":"广东-广州","gid":"253682","time_insert":"2021-07-12 04:47"}
2024-11-16 00:47:58 查询号码 【1324979】，GSD为【"广东-广州"】

