2024-05-13 00:13:04 开始第 8833 次操作

2024-05-13 00:13:04 开始操作号码 【1648726】
2024-05-13 00:13:13 GSD getOne 第 1 次 等待 3 秒
2024-05-13 00:13:16 查询号码 【1648726】，返回信息 {"status":"ok","msg":"-","gid":"664725","time_insert":"2023-04-19 17:36"}
2024-05-13 00:13:16 查询号码 【1648726】，GSD为【"-"】
2024-05-13 00:13:16 ok && -
2024-05-13 00:13:19 CHB 1648726?1715530396 第 1 次 等待 3 秒
2024-05-13 00:13:22 CHB 1648726?1715530396 第 1 次 获取到号码【1648726】GSD
2024-05-13 00:13:22 未获取到号码【1648726】GSD，可能号码格式错误
2024-05-13 00:13:22 获取到号码【1648726】的GSD为【-】
2024-05-13 00:13:28 GSD insert 第 1 次 等待 3 秒
2024-05-13 00:13:31 {"status":"bad","gid":"664725","msg":"添加失败！号码【1648726(-|-)】已存在！"}
2024-05-13 00:13:31 随机等待 80 秒，约 1 分钟
2024-05-13 00:13:31 下次操作: 2024-05-13 00:14:51

2024-05-13 00:14:51 开始第 8834 次操作

2024-05-13 00:14:51 开始操作号码 【1648727】
2024-05-13 00:14:57 GSD getOne 第 1 次 等待 3 秒
2024-05-13 00:15:00 查询号码 【1648727】，返回信息 {"status":"ok","msg":"-","gid":"664720","time_insert":"2023-04-19 17:33"}
2024-05-13 00:15:00 查询号码 【1648727】，GSD为【"-"】
2024-05-13 00:15:00 ok && -
2024-05-13 00:15:03 CHB 1648727?1715530500 第 1 次 等待 3 秒
2024-05-13 00:15:06 CHB 1648727?1715530500 第 1 次 获取到号码【1648727】GSD
2024-05-13 00:15:06 未获取到号码【1648727】GSD，可能号码格式错误
2024-05-13 00:15:06 获取到号码【1648727】的GSD为【-】
2024-05-13 00:15:14 GSD insert 第 1 次 等待 3 秒
2024-05-13 00:15:17 {"status":"bad","gid":"664720","msg":"添加失败！号码【1648727(-|-)】已存在！"}
2024-05-13 00:15:17 随机等待 215 秒，约 3 分钟
2024-05-13 00:15:17 下次操作: 2024-05-13 00:18:52

2024-05-13 00:18:52 开始第 8835 次操作

2024-05-13 00:18:52 开始操作号码 【1648728】
2024-05-13 00:18:57 GSD getOne 第 1 次 等待 3 秒
2024-05-13 00:19:00 查询号码 【1648728】，返回信息 {"status":"ok","msg":"-","gid":"664712","time_insert":"2023-04-19 17:29"}
2024-05-13 00:19:01 查询号码 【1648728】，GSD为【"-"】
2024-05-13 00:19:01 ok && -
2024-05-13 00:19:04 CHB 1648728?1715530741 第 1 次 等待 3 秒
2024-05-13 00:19:07 CHB 1648728?1715530741 第 1 次 获取到号码【1648728】GSD
2024-05-13 00:19:07 未获取到号码【1648728】GSD，可能号码格式错误
2024-05-13 00:19:07 获取到号码【1648728】的GSD为【-】
2024-05-13 00:19:12 GSD insert 第 1 次 等待 3 秒
2024-05-13 00:19:15 {"status":"bad","gid":"664712","msg":"添加失败！号码【1648728(-|-)】已存在！"}
2024-05-13 00:19:15 随机等待 226 秒，约 3 分钟
2024-05-13 00:19:15 下次操作: 2024-05-13 00:23:01

2024-05-13 00:23:01 开始第 8836 次操作

2024-05-13 00:23:01 开始操作号码 【1648729】
2024-05-13 00:23:10 GSD getOne 第 1 次 等待 3 秒
2024-05-13 00:23:13 查询号码 【1648729】，返回信息 {"status":"ok","msg":"-","gid":"664708","time_insert":"2023-04-19 17:26"}
2024-05-13 00:23:13 查询号码 【1648729】，GSD为【"-"】
2024-05-13 00:23:13 ok && -
2024-05-13 00:23:16 CHB 1648729?1715530993 第 1 次 等待 3 秒
2024-05-13 00:23:19 CHB 1648729?1715530993 第 1 次 获取到号码【1648729】GSD
2024-05-13 00:23:19 未获取到号码【1648729】GSD，可能号码格式错误
2024-05-13 00:23:19 获取到号码【1648729】的GSD为【-】
2024-05-13 00:23:24 GSD insert 第 1 次 等待 3 秒
2024-05-13 00:23:27 {"status":"bad","gid":"664708","msg":"添加失败！号码【1648729(-|-)】已存在！"}

2024-05-13 00:35:44 开始第 8837 次操作

2024-05-13 00:35:44 开始操作号码 【1648730】
2024-05-13 00:35:52 GSD getOne 第 1 次 等待 3 秒
2024-05-13 00:35:55 查询号码 【1648730】，返回信息 {"status":"ok","msg":"-","gid":"664705","time_insert":"2023-04-19 17:24"}
2024-05-13 00:35:55 查询号码 【1648730】，GSD为【"-"】
2024-05-13 00:35:55 ok && -
2024-05-13 00:35:58 CHB 1648730?1715531755 第 1 次 等待 3 秒
2024-05-13 00:36:01 CHB 1648730?1715531755 第 1 次 获取到号码【1648730】GSD
2024-05-13 00:36:01 未获取到号码【1648730】GSD，可能号码格式错误
2024-05-13 00:36:01 获取到号码【1648730】的GSD为【-】
2024-05-13 00:36:08 GSD insert 第 1 次 等待 3 秒
2024-05-13 00:36:11 {"status":"bad","gid":"664705","msg":"添加失败！号码【1648730(-|-)】已存在！"}
2024-05-13 00:36:11 随机等待 162 秒，约 2 分钟
2024-05-13 00:36:11 下次操作: 2024-05-13 00:38:53

2024-05-13 00:38:53 开始第 8838 次操作

2024-05-13 00:38:53 开始操作号码 【1648731】
2024-05-13 00:38:58 GSD getOne 第 1 次 等待 3 秒
2024-05-13 00:39:01 查询号码 【1648731】，返回信息 {"status":"ok","msg":"-","gid":"664702","time_insert":"2023-04-19 17:22"}
2024-05-13 00:39:01 查询号码 【1648731】，GSD为【"-"】
2024-05-13 00:39:01 ok && -
2024-05-13 00:39:04 CHB 1648731?1715531941 第 1 次 等待 3 秒
2024-05-13 00:39:07 CHB 1648731?1715531941 第 1 次 获取到号码【1648731】GSD
2024-05-13 00:39:07 未获取到号码【1648731】GSD，可能号码格式错误
2024-05-13 00:39:07 获取到号码【1648731】的GSD为【-】
2024-05-13 00:39:14 GSD insert 第 1 次 等待 3 秒
2024-05-13 00:39:17 {"status":"bad","gid":"664702","msg":"添加失败！号码【1648731(-|-)】已存在！"}
2024-05-13 00:39:17 随机等待 230 秒，约 3 分钟
2024-05-13 00:39:17 下次操作: 2024-05-13 00:43:07

2024-05-13 00:43:07 开始第 8839 次操作

2024-05-13 00:43:07 开始操作号码 【1648732】
2024-05-13 00:43:17 GSD getOne 第 1 次 等待 3 秒
2024-05-13 00:43:20 查询号码 【1648732】，返回信息 {"status":"ok","msg":"-","gid":"664691","time_insert":"2023-04-19 17:16"}
2024-05-13 00:43:20 查询号码 【1648732】，GSD为【"-"】
2024-05-13 00:43:20 ok && -
2024-05-13 00:43:23 CHB 1648732?1715532200 第 1 次 等待 3 秒
2024-05-13 00:43:26 CHB 1648732?1715532200 第 1 次 获取到号码【1648732】GSD
2024-05-13 00:43:26 未获取到号码【1648732】GSD，可能号码格式错误
2024-05-13 00:43:26 获取到号码【1648732】的GSD为【-】
2024-05-13 00:43:31 GSD insert 第 1 次 等待 3 秒
2024-05-13 00:43:34 {"status":"bad","gid":"664691","msg":"添加失败！号码【1648732(-|-)】已存在！"}
2024-05-13 00:43:34 随机等待 131 秒，约 2 分钟
2024-05-13 00:43:34 下次操作: 2024-05-13 00:45:45

2024-05-13 00:45:45 开始第 8840 次操作

2024-05-13 00:45:45 开始操作号码 【1648733】
2024-05-13 00:45:50 GSD getOne 第 1 次 等待 3 秒
2024-05-13 00:45:53 查询号码 【1648733】，返回信息 {"status":"ok","msg":"-","gid":"664686","time_insert":"2023-04-19 17:13"}
2024-05-13 00:45:53 查询号码 【1648733】，GSD为【"-"】
2024-05-13 00:45:53 ok && -
2024-05-13 00:45:56 CHB 1648733?1715532353 第 1 次 等待 3 秒
2024-05-13 00:45:59 CHB 1648733?1715532353 第 1 次 获取到号码【1648733】GSD
2024-05-13 00:45:59 未获取到号码【1648733】GSD，可能号码格式错误
2024-05-13 00:45:59 获取到号码【1648733】的GSD为【-】
2024-05-13 00:46:12 GSD insert 第 1 次 等待 3 秒
2024-05-13 00:46:15 {"status":"bad","gid":"664686","msg":"添加失败！号码【1648733(-|-)】已存在！"}

