2024-01-03 00:12:19 开始第 6825 次操作

2024-01-03 00:12:19 开始操作号码 【1866718】
2024-01-03 00:12:23 GSD getOne 第 1 次 等待 3 秒
2024-01-03 00:12:26 查询号码 【1866718】，返回信息 {"status":"ok","msg":"浙江-杭州","gid":"439917","time_insert":"2021-07-30 03:06"}
2024-01-03 00:12:26 查询号码 【1866718】，GSD为【"浙江-杭州"】

2024-01-03 00:12:27 开始第 6826 次操作

2024-01-03 00:12:27 开始操作号码 【1866719】
2024-01-03 00:12:30 GSD getOne 第 1 次 等待 3 秒
2024-01-03 00:12:33 查询号码 【1866719】，返回信息 {"status":"ok","msg":"浙江-杭州","gid":"40947","time_insert":"2017-11-05 16:36","time_update":"2021-01-22 06:22"}
2024-01-03 00:12:33 查询号码 【1866719】，GSD为【"浙江-杭州"】

2024-01-03 00:12:34 开始第 6827 次操作

2024-01-03 00:12:34 开始操作号码 【1866720】
2024-01-03 00:12:37 GSD getOne 第 1 次 等待 3 秒
2024-01-03 00:12:40 查询号码 【1866720】，返回信息 {"status":"ok","msg":"浙江-湖州","gid":"439907","time_insert":"2021-07-30 03:05"}
2024-01-03 00:12:40 查询号码 【1866720】，GSD为【"浙江-湖州"】

2024-01-03 00:12:41 开始第 6828 次操作

2024-01-03 00:12:41 开始操作号码 【1866721】
2024-01-03 00:12:45 GSD getOne 第 1 次 等待 3 秒
2024-01-03 00:12:48 查询号码 【1866721】，返回信息 {"status":"ok","msg":"浙江-湖州","gid":"439899","time_insert":"2021-07-30 03:05"}
2024-01-03 00:12:49 查询号码 【1866721】，GSD为【"浙江-湖州"】

2024-01-03 00:36:58 开始第 6829 次操作

2024-01-03 00:36:58 开始操作号码 【1866722】
2024-01-03 00:37:02 GSD getOne 第 1 次 等待 3 秒
2024-01-03 00:37:05 查询号码 【1866722】，返回信息 {"status":"ok","msg":"浙江-湖州","gid":"439888","time_insert":"2021-07-30 03:04"}
2024-01-03 00:37:05 查询号码 【1866722】，GSD为【"浙江-湖州"】

2024-01-03 00:37:06 开始第 6830 次操作

2024-01-03 00:37:06 开始操作号码 【1866723】
2024-01-03 00:37:09 GSD getOne 第 1 次 等待 3 秒
2024-01-03 00:37:12 查询号码 【1866723】，返回信息 {"status":"ok","msg":"浙江-湖州","gid":"439876","time_insert":"2021-07-30 03:03"}
2024-01-03 00:37:12 查询号码 【1866723】，GSD为【"浙江-湖州"】

2024-01-03 00:37:13 开始第 6831 次操作

2024-01-03 00:37:13 开始操作号码 【1866724】
2024-01-03 00:37:16 GSD getOne 第 1 次 等待 3 秒
2024-01-03 00:37:19 查询号码 【1866724】，返回信息 {"status":"ok","msg":"浙江-湖州","gid":"439865","time_insert":"2021-07-30 03:03"}
2024-01-03 00:37:19 查询号码 【1866724】，GSD为【"浙江-湖州"】

2024-01-03 00:37:20 开始第 6832 次操作

2024-01-03 00:37:20 开始操作号码 【1866725】
2024-01-03 00:37:23 GSD getOne 第 1 次 等待 3 秒
2024-01-03 00:37:26 查询号码 【1866725】，返回信息 {"status":"ok","msg":"浙江-湖州","gid":"439854","time_insert":"2021-07-30 03:02"}
2024-01-03 00:37:26 查询号码 【1866725】，GSD为【"浙江-湖州"】

