2024-01-07 00:12:33 开始第 7561 次操作

2024-01-07 00:12:33 开始操作号码 【1867454】
2024-01-07 00:12:37 GSD getOne 第 1 次 等待 3 秒
2024-01-07 00:12:40 查询号码 【1867454】，返回信息 {"status":"ok","msg":"湖南-怀化","gid":"432548","time_insert":"2021-07-29 11:04"}
2024-01-07 00:12:40 查询号码 【1867454】，GSD为【"湖南-怀化"】

2024-01-07 00:12:41 开始第 7562 次操作

2024-01-07 00:12:41 开始操作号码 【1867455】
2024-01-07 00:12:45 GSD getOne 第 1 次 等待 3 秒
2024-01-07 00:12:48 查询号码 【1867455】，返回信息 {"status":"ok","msg":"湖南-怀化","gid":"432538","time_insert":"2021-07-29 11:04"}
2024-01-07 00:12:48 查询号码 【1867455】，GSD为【"湖南-怀化"】

2024-01-07 00:12:49 开始第 7563 次操作

2024-01-07 00:12:49 开始操作号码 【1867456】
2024-01-07 00:12:52 GSD getOne 第 1 次 等待 3 秒
2024-01-07 00:12:55 查询号码 【1867456】，返回信息 {"status":"ok","msg":"湖南-怀化","gid":"432528","time_insert":"2021-07-29 11:03"}
2024-01-07 00:12:55 查询号码 【1867456】，GSD为【"湖南-怀化"】

2024-01-07 00:12:56 开始第 7564 次操作

2024-01-07 00:12:56 开始操作号码 【1867457】
2024-01-07 00:12:59 GSD getOne 第 1 次 等待 3 秒
2024-01-07 00:13:02 查询号码 【1867457】，返回信息 {"status":"ok","msg":"湖南-怀化","gid":"432517","time_insert":"2021-07-29 11:03"}
2024-01-07 00:13:02 查询号码 【1867457】，GSD为【"湖南-怀化"】

