2024-01-16 00:14:01 开始第 9201 次操作

2024-01-16 00:14:01 开始操作号码 【1869094】
2024-01-16 00:14:05 GSD getOne 第 1 次 等待 3 秒
2024-01-16 00:14:08 查询号码 【1869094】，返回信息 {"status":"ok","msg":"新疆-博乐","gid":"419982","time_insert":"2021-07-28 02:54"}
2024-01-16 00:14:08 查询号码 【1869094】，GSD为【"新疆-博乐"】

2024-01-16 00:14:09 开始第 9202 次操作

2024-01-16 00:14:09 开始操作号码 【1869095】
2024-01-16 00:14:14 GSD getOne 第 1 次 等待 3 秒
2024-01-16 00:14:17 查询号码 【1869095】，返回信息 {"status":"ok","msg":"新疆-奎屯","gid":"419971","time_insert":"2021-07-28 02:54"}
2024-01-16 00:14:17 查询号码 【1869095】，GSD为【"新疆-奎屯"】

2024-01-16 00:14:18 开始第 9203 次操作

2024-01-16 00:14:18 开始操作号码 【1869096】
2024-01-16 00:14:22 GSD getOne 第 1 次 等待 3 秒
2024-01-16 00:14:25 查询号码 【1869096】，返回信息 {"status":"ok","msg":"新疆-乌鲁木齐","gid":"419963","time_insert":"2021-07-28 02:53"}
2024-01-16 00:14:25 查询号码 【1869096】，GSD为【"新疆-乌鲁木齐"】

2024-01-16 00:14:26 开始第 9204 次操作

2024-01-16 00:14:26 开始操作号码 【1869097】
2024-01-16 00:14:30 GSD getOne 第 1 次 等待 3 秒
2024-01-16 00:14:33 查询号码 【1869097】，返回信息 {"status":"ok","msg":"新疆-乌鲁木齐","gid":"55984","time_insert":"2021-03-12 11:30"}
2024-01-16 00:14:33 查询号码 【1869097】，GSD为【"新疆-乌鲁木齐"】

