2024-09-20 00:17:13 开始第 5525 次操作

2024-09-20 00:17:13 开始操作号码 【1425523】
2024-09-20 00:17:15 GSD getOne 第 1 次 等待 3 秒
2024-09-20 00:17:18 查询号码 【1425523】，返回信息 {"status":"ok","msg":"-","gid":"632719","time_insert":"2023-04-03 22:52"}
2024-09-20 00:17:18 查询号码 【1425523】，GSD为【"-"】
2024-09-20 00:17:18 ok && -
2024-09-20 00:17:20 CHB 1425523?1726762638 第 1 次 等待 3 秒
2024-09-20 00:17:23 CHB 1425523?1726762638 第 1 次 获取到号码【1425523】GSD
2024-09-20 00:17:24 未获取到号码【1425523】GSD，可能号码格式错误
2024-09-20 00:17:24 获取到号码【1425523】的GSD为【-】
2024-09-20 00:17:28 GSD insert 第 1 次 等待 3 秒
2024-09-20 00:17:31 {"status":"bad","gid":"632719","msg":"添加失败！号码【1425523(-|-)】已存在！"}
2024-09-20 00:17:31 随机等待 76 秒，约 1 分钟
2024-09-20 00:17:31 下次操作: 2024-09-20 00:18:47

2024-09-20 00:18:47 开始第 5526 次操作

2024-09-20 00:18:47 开始操作号码 【1425524】
2024-09-20 00:18:50 GSD getOne 第 1 次 等待 3 秒
2024-09-20 00:18:53 查询号码 【1425524】，返回信息 {"status":"ok","msg":"-","gid":"632750","time_insert":"2023-04-03 23:15"}
2024-09-20 00:18:53 查询号码 【1425524】，GSD为【"-"】
2024-09-20 00:18:53 ok && -
2024-09-20 00:18:54 CHB 1425524?1726762733 第 1 次 等待 3 秒
2024-09-20 00:18:57 CHB 1425524?1726762733 第 1 次 获取到号码【1425524】GSD
2024-09-20 00:18:57 未获取到号码【1425524】GSD，可能号码格式错误
2024-09-20 00:18:57 获取到号码【1425524】的GSD为【-】
2024-09-20 00:18:59 GSD insert 第 1 次 等待 3 秒
2024-09-20 00:19:02 {"status":"bad","gid":"632750","msg":"添加失败！号码【1425524(-|-)】已存在！"}
2024-09-20 00:19:02 随机等待 192 秒，约 3 分钟
2024-09-20 00:19:02 下次操作: 2024-09-20 00:22:14

2024-09-20 00:22:14 开始第 5527 次操作

2024-09-20 00:22:14 开始操作号码 【1425525】
2024-09-20 00:22:16 GSD getOne 第 1 次 等待 3 秒
2024-09-20 00:22:19 查询号码 【1425525】，返回信息 {"status":"ok","msg":"-","gid":"632767","time_insert":"2023-04-03 23:29"}
2024-09-20 00:22:19 查询号码 【1425525】，GSD为【"-"】
2024-09-20 00:22:19 ok && -
2024-09-20 00:22:21 CHB 1425525?1726762939 第 1 次 等待 3 秒
2024-09-20 00:22:24 CHB 1425525?1726762939 第 1 次 获取到号码【1425525】GSD
2024-09-20 00:22:24 未获取到号码【1425525】GSD，可能号码格式错误
2024-09-20 00:22:24 获取到号码【1425525】的GSD为【-】
2024-09-20 00:22:26 GSD insert 第 1 次 等待 3 秒
2024-09-20 00:22:29 {"status":"bad","gid":"632767","msg":"添加失败！号码【1425525(-|-)】已存在！"}
2024-09-20 00:22:29 随机等待 87 秒，约 1 分钟
2024-09-20 00:22:29 下次操作: 2024-09-20 00:23:56

2024-09-20 00:23:56 开始第 5528 次操作

2024-09-20 00:23:56 开始操作号码 【1425526】
2024-09-20 00:23:59 GSD getOne 第 1 次 等待 3 秒
2024-09-20 00:24:02 查询号码 【1425526】，返回信息 {"status":"ok","msg":"-","gid":"632804","time_insert":"2023-04-03 23:49"}
2024-09-20 00:24:02 查询号码 【1425526】，GSD为【"-"】
2024-09-20 00:24:02 ok && -
2024-09-20 00:24:05 CHB 1425526?1726763042 第 1 次 等待 3 秒
2024-09-20 00:24:08 CHB 1425526?1726763042 第 1 次 获取到号码【1425526】GSD
2024-09-20 00:24:08 未获取到号码【1425526】GSD，可能号码格式错误
2024-09-20 00:24:08 获取到号码【1425526】的GSD为【-】
2024-09-20 00:24:10 GSD insert 第 1 次 等待 3 秒
2024-09-20 00:24:13 {"status":"bad","gid":"632804","msg":"添加失败！号码【1425526(-|-)】已存在！"}

2024-09-20 00:42:50 开始第 5529 次操作

2024-09-20 00:42:50 开始操作号码 【1425527】
2024-09-20 00:42:53 GSD getOne 第 1 次 等待 3 秒
2024-09-20 00:42:56 查询号码 【1425527】，返回信息 {"status":"ok","msg":"-","gid":"632828","time_insert":"2023-04-04 00:02"}
2024-09-20 00:42:56 查询号码 【1425527】，GSD为【"-"】
2024-09-20 00:42:56 ok && -
2024-09-20 00:42:58 CHB 1425527?1726764176 第 1 次 等待 3 秒
2024-09-20 00:43:01 CHB 1425527?1726764176 第 1 次 获取到号码【1425527】GSD
2024-09-20 00:43:01 未获取到号码【1425527】GSD，可能号码格式错误
2024-09-20 00:43:01 获取到号码【1425527】的GSD为【-】
2024-09-20 00:43:03 GSD insert 第 1 次 等待 3 秒
2024-09-20 00:43:06 {"status":"bad","gid":"632828","msg":"添加失败！号码【1425527(-|-)】已存在！"}
2024-09-20 00:43:06 随机等待 151 秒，约 2 分钟
2024-09-20 00:43:06 下次操作: 2024-09-20 00:45:37

2024-09-20 00:45:37 开始第 5530 次操作

2024-09-20 00:45:37 开始操作号码 【1425528】
2024-09-20 00:45:39 GSD getOne 第 1 次 等待 3 秒
2024-09-20 00:45:42 查询号码 【1425528】，返回信息 {"status":"ok","msg":"-","gid":"632840","time_insert":"2023-04-04 00:11"}
2024-09-20 00:45:42 查询号码 【1425528】，GSD为【"-"】
2024-09-20 00:45:42 ok && -
2024-09-20 00:45:47 CHB 1425528?1726764342 第 1 次 等待 3 秒
2024-09-20 00:45:50 CHB 1425528?1726764342 第 1 次 获取到号码【1425528】GSD
2024-09-20 00:45:50 未获取到号码【1425528】GSD，可能号码格式错误
2024-09-20 00:45:50 获取到号码【1425528】的GSD为【-】
2024-09-20 00:45:52 GSD insert 第 1 次 等待 3 秒
2024-09-20 00:45:55 {"status":"bad","gid":"632840","msg":"添加失败！号码【1425528(-|-)】已存在！"}
2024-09-20 00:45:55 随机等待 224 秒，约 3 分钟
2024-09-20 00:45:55 下次操作: 2024-09-20 00:49:39

2024-09-20 00:49:39 开始第 5531 次操作

2024-09-20 00:49:39 开始操作号码 【1425529】
2024-09-20 00:49:41 GSD getOne 第 1 次 等待 3 秒
2024-09-20 00:49:44 查询号码 【1425529】，返回信息 {"status":"ok","msg":"-","gid":"632860","time_insert":"2023-04-04 00:27"}
2024-09-20 00:49:44 查询号码 【1425529】，GSD为【"-"】
2024-09-20 00:49:44 ok && -
2024-09-20 00:49:46 CHB 1425529?1726764584 第 1 次 等待 3 秒
2024-09-20 00:49:49 CHB 1425529?1726764584 第 1 次 获取到号码【1425529】GSD
2024-09-20 00:49:49 未获取到号码【1425529】GSD，可能号码格式错误
2024-09-20 00:49:49 获取到号码【1425529】的GSD为【-】
2024-09-20 00:49:51 GSD insert 第 1 次 等待 3 秒
2024-09-20 00:49:54 {"status":"bad","gid":"632860","msg":"添加失败！号码【1425529(-|-)】已存在！"}
2024-09-20 00:49:54 随机等待 104 秒，约 1 分钟
2024-09-20 00:49:54 下次操作: 2024-09-20 00:51:38

2024-09-20 00:51:38 开始第 5532 次操作

2024-09-20 00:51:38 开始操作号码 【1425530】
2024-09-20 00:51:41 GSD getOne 第 1 次 等待 3 秒
2024-09-20 00:51:44 查询号码 【1425530】，返回信息 {"status":"ok","msg":"-","gid":"632898","time_insert":"2023-04-04 00:50"}
2024-09-20 00:51:44 查询号码 【1425530】，GSD为【"-"】
2024-09-20 00:51:44 ok && -
2024-09-20 00:51:45 CHB 1425530?1726764704 第 1 次 等待 3 秒
2024-09-20 00:51:48 CHB 1425530?1726764704 第 1 次 获取到号码【1425530】GSD
2024-09-20 00:51:48 未获取到号码【1425530】GSD，可能号码格式错误
2024-09-20 00:51:48 获取到号码【1425530】的GSD为【-】
2024-09-20 00:51:50 GSD insert 第 1 次 等待 3 秒
2024-09-20 00:51:53 {"status":"bad","gid":"632898","msg":"添加失败！号码【1425530(-|-)】已存在！"}

2024-09-20 01:12:54 开始第 5533 次操作

2024-09-20 01:12:54 开始操作号码 【1425531】
2024-09-20 01:12:57 GSD getOne 第 1 次 等待 3 秒
2024-09-20 01:13:00 查询号码 【1425531】，返回信息 {"status":"ok","msg":"-","gid":"632929","time_insert":"2023-04-04 01:09"}
2024-09-20 01:13:00 查询号码 【1425531】，GSD为【"-"】
2024-09-20 01:13:00 ok && -
2024-09-20 01:13:01 CHB 1425531?1726765980 第 1 次 等待 3 秒
2024-09-20 01:13:04 CHB 1425531?1726765980 第 1 次 获取到号码【1425531】GSD
2024-09-20 01:13:05 未获取到号码【1425531】GSD，可能号码格式错误
2024-09-20 01:13:05 获取到号码【1425531】的GSD为【-】
2024-09-20 01:13:07 GSD insert 第 1 次 等待 3 秒
2024-09-20 01:13:10 {"status":"bad","gid":"632929","msg":"添加失败！号码【1425531(-|-)】已存在！"}
2024-09-20 01:13:10 随机等待 199 秒，约 3 分钟
2024-09-20 01:13:10 下次操作: 2024-09-20 01:16:29

2024-09-20 01:16:29 开始第 5534 次操作

2024-09-20 01:16:29 开始操作号码 【1425532】
2024-09-20 01:16:31 GSD getOne 第 1 次 等待 3 秒
2024-09-20 01:16:34 查询号码 【1425532】，返回信息 {"status":"ok","msg":"-","gid":"632942","time_insert":"2023-04-04 01:17"}
2024-09-20 01:16:34 查询号码 【1425532】，GSD为【"-"】
2024-09-20 01:16:34 ok && -
2024-09-20 01:16:36 CHB 1425532?1726766194 第 1 次 等待 3 秒
2024-09-20 01:16:39 CHB 1425532?1726766194 第 1 次 获取到号码【1425532】GSD
2024-09-20 01:16:39 未获取到号码【1425532】GSD，可能号码格式错误
2024-09-20 01:16:39 获取到号码【1425532】的GSD为【-】
2024-09-20 01:16:41 GSD insert 第 1 次 等待 3 秒
2024-09-20 01:16:44 {"status":"bad","gid":"632942","msg":"添加失败！号码【1425532(-|-)】已存在！"}
2024-09-20 01:16:44 随机等待 205 秒，约 3 分钟
2024-09-20 01:16:44 下次操作: 2024-09-20 01:20:09

2024-09-20 01:20:09 开始第 5535 次操作

2024-09-20 01:20:09 开始操作号码 【1425533】
2024-09-20 01:20:11 GSD getOne 第 1 次 等待 3 秒
2024-09-20 01:20:14 查询号码 【1425533】，返回信息 {"status":"ok","msg":"-","gid":"632956","time_insert":"2023-04-04 01:28"}
2024-09-20 01:20:14 查询号码 【1425533】，GSD为【"-"】
2024-09-20 01:20:14 ok && -
2024-09-20 01:20:15 CHB 1425533?1726766414 第 1 次 等待 3 秒
2024-09-20 01:20:18 CHB 1425533?1726766414 第 1 次 获取到号码【1425533】GSD
2024-09-20 01:20:19 未获取到号码【1425533】GSD，可能号码格式错误
2024-09-20 01:20:19 获取到号码【1425533】的GSD为【-】
2024-09-20 01:20:37 GSD insert 第 1 次 等待 3 秒
2024-09-20 01:20:40 {"status":"bad","gid":"632956","msg":"添加失败！号码【1425533(-|-)】已存在！"}
2024-09-20 01:20:40 随机等待 112 秒，约 1 分钟
2024-09-20 01:20:40 下次操作: 2024-09-20 01:22:32

2024-09-20 01:22:32 开始第 5536 次操作

2024-09-20 01:22:32 开始操作号码 【1425534】
2024-09-20 01:22:34 GSD getOne 第 1 次 等待 3 秒
2024-09-20 01:22:37 查询号码 【1425534】，返回信息 {"status":"ok","msg":"-","gid":"632984","time_insert":"2023-04-04 01:41"}
2024-09-20 01:22:37 查询号码 【1425534】，GSD为【"-"】
2024-09-20 01:22:37 ok && -
2024-09-20 01:22:38 CHB 1425534?1726766557 第 1 次 等待 3 秒
2024-09-20 01:22:41 CHB 1425534?1726766557 第 1 次 获取到号码【1425534】GSD
2024-09-20 01:22:41 未获取到号码【1425534】GSD，可能号码格式错误
2024-09-20 01:22:41 获取到号码【1425534】的GSD为【-】
2024-09-20 01:22:44 GSD insert 第 1 次 等待 3 秒
2024-09-20 01:22:47 {"status":"bad","gid":"632984","msg":"添加失败！号码【1425534(-|-)】已存在！"}

2024-09-20 01:36:30 开始第 5537 次操作

2024-09-20 01:36:30 开始操作号码 【1425535】
2024-09-20 01:36:32 GSD getOne 第 1 次 等待 3 秒
2024-09-20 01:36:35 查询号码 【1425535】，返回信息 {"status":"ok","msg":"-","gid":"633007","time_insert":"2023-04-04 01:55"}
2024-09-20 01:36:35 查询号码 【1425535】，GSD为【"-"】
2024-09-20 01:36:35 ok && -
2024-09-20 01:36:37 CHB 1425535?1726767395 第 1 次 等待 3 秒
2024-09-20 01:36:40 CHB 1425535?1726767395 第 1 次 获取到号码【1425535】GSD
2024-09-20 01:36:40 未获取到号码【1425535】GSD，可能号码格式错误
2024-09-20 01:36:40 获取到号码【1425535】的GSD为【-】
2024-09-20 01:36:42 GSD insert 第 1 次 等待 3 秒
2024-09-20 01:36:45 {"status":"bad","gid":"633007","msg":"添加失败！号码【1425535(-|-)】已存在！"}
2024-09-20 01:36:45 随机等待 66 秒，约 1 分钟
2024-09-20 01:36:45 下次操作: 2024-09-20 01:37:51

2024-09-20 01:37:51 开始第 5538 次操作

2024-09-20 01:37:51 开始操作号码 【1425536】
2024-09-20 01:37:53 GSD getOne 第 1 次 等待 3 秒
2024-09-20 01:37:56 查询号码 【1425536】，返回信息 {"status":"ok","msg":"-","gid":"633022","time_insert":"2023-04-04 02:05"}
2024-09-20 01:37:56 查询号码 【1425536】，GSD为【"-"】
2024-09-20 01:37:56 ok && -
2024-09-20 01:37:58 CHB 1425536?1726767476 第 1 次 等待 3 秒
2024-09-20 01:38:01 CHB 1425536?1726767476 第 1 次 获取到号码【1425536】GSD
2024-09-20 01:38:01 未获取到号码【1425536】GSD，可能号码格式错误
2024-09-20 01:38:01 获取到号码【1425536】的GSD为【-】
2024-09-20 01:38:03 GSD insert 第 1 次 等待 3 秒
2024-09-20 01:38:06 {"status":"bad","gid":"633022","msg":"添加失败！号码【1425536(-|-)】已存在！"}
2024-09-20 01:38:06 随机等待 74 秒，约 1 分钟
2024-09-20 01:38:06 下次操作: 2024-09-20 01:39:20

2024-09-20 01:39:20 开始第 5539 次操作

2024-09-20 01:39:20 开始操作号码 【1425537】
2024-09-20 01:39:22 GSD getOne 第 1 次 等待 3 秒
2024-09-20 01:39:25 查询号码 【1425537】，返回信息 {"status":"ok","msg":"-","gid":"633049","time_insert":"2023-04-04 02:26"}
2024-09-20 01:39:26 查询号码 【1425537】，GSD为【"-"】
2024-09-20 01:39:26 ok && -
2024-09-20 01:39:27 CHB 1425537?1726767566 第 1 次 等待 3 秒
2024-09-20 01:39:30 CHB 1425537?1726767566 第 1 次 获取到号码【1425537】GSD
2024-09-20 01:39:30 未获取到号码【1425537】GSD，可能号码格式错误
2024-09-20 01:39:30 获取到号码【1425537】的GSD为【-】
2024-09-20 01:39:32 GSD insert 第 1 次 等待 3 秒
2024-09-20 01:39:35 {"status":"bad","gid":"633049","msg":"添加失败！号码【1425537(-|-)】已存在！"}
2024-09-20 01:39:35 随机等待 215 秒，约 3 分钟
2024-09-20 01:39:35 下次操作: 2024-09-20 01:43:10

2024-09-20 01:43:10 开始第 5540 次操作

2024-09-20 01:43:10 开始操作号码 【1425538】
2024-09-20 01:43:13 GSD getOne 第 1 次 等待 3 秒
2024-09-20 01:43:16 查询号码 【1425538】，返回信息 {"status":"ok","msg":"-","gid":"633082","time_insert":"2023-04-04 02:49"}
2024-09-20 01:43:16 查询号码 【1425538】，GSD为【"-"】
2024-09-20 01:43:16 ok && -
2024-09-20 01:43:18 CHB 1425538?1726767796 第 1 次 等待 3 秒
2024-09-20 01:43:21 CHB 1425538?1726767796 第 1 次 获取到号码【1425538】GSD
2024-09-20 01:43:21 未获取到号码【1425538】GSD，可能号码格式错误
2024-09-20 01:43:21 获取到号码【1425538】的GSD为【-】
2024-09-20 01:43:23 GSD insert 第 1 次 等待 3 秒
2024-09-20 01:43:26 {"status":"bad","gid":"633082","msg":"添加失败！号码【1425538(-|-)】已存在！"}

