2024-06-12 00:15:10 开始第 237 次操作

2024-06-12 00:15:10 开始操作号码 【1530120】
2024-06-12 00:15:20 GSD getOne 第 1 次 等待 3 秒
2024-06-12 00:15:23 查询号码 【1530120】，返回信息 {"status":"ok","msg":"北京-北京","gid":"79717","time_insert":"2021-06-04 13:44","time_update":"2021-06-04 13:49"}
2024-06-12 00:15:23 查询号码 【1530120】，GSD为【"北京-北京"】

2024-06-12 00:15:24 开始第 238 次操作

2024-06-12 00:15:24 开始操作号码 【1530121】
2024-06-12 00:15:30 GSD getOne 第 1 次 等待 3 秒
2024-06-12 00:15:33 查询号码 【1530121】，返回信息 {"status":"ok","msg":"北京-北京","gid":"79735","time_insert":"2021-06-04 14:03"}
2024-06-12 00:15:33 查询号码 【1530121】，GSD为【"北京-北京"】

2024-06-12 00:15:34 开始第 239 次操作

2024-06-12 00:15:34 开始操作号码 【1530122】
2024-06-12 00:15:40 GSD getOne 第 1 次 等待 3 秒
2024-06-12 00:15:43 查询号码 【1530122】，返回信息 {"status":"ok","msg":"北京-北京","gid":"79755","time_insert":"2021-06-04 14:23"}
2024-06-12 00:15:43 查询号码 【1530122】，GSD为【"北京-北京"】

2024-06-12 00:15:44 开始第 240 次操作

2024-06-12 00:15:44 开始操作号码 【1530123】
2024-06-12 00:15:50 GSD getOne 第 1 次 等待 3 秒
2024-06-12 00:15:53 查询号码 【1530123】，返回信息 {"status":"ok","msg":"北京-北京","gid":"79765","time_insert":"2021-06-04 14:31"}
2024-06-12 00:15:53 查询号码 【1530123】，GSD为【"北京-北京"】

2024-06-12 00:39:18 开始第 241 次操作

2024-06-12 00:39:18 开始操作号码 【1530124】
2024-06-12 00:39:28 GSD getOne 第 1 次 等待 3 秒
2024-06-12 00:39:31 查询号码 【1530124】，返回信息 {"status":"ok","msg":"北京-北京","gid":"79792","time_insert":"2021-06-04 14:51"}
2024-06-12 00:39:31 查询号码 【1530124】，GSD为【"北京-北京"】

2024-06-12 00:39:32 开始第 242 次操作

2024-06-12 00:39:32 开始操作号码 【1530125】
2024-06-12 00:39:37 GSD getOne 第 1 次 等待 3 秒
2024-06-12 00:39:40 查询号码 【1530125】，返回信息 {"status":"ok","msg":"北京-北京","gid":"79818","time_insert":"2021-06-04 15:07"}
2024-06-12 00:39:40 查询号码 【1530125】，GSD为【"北京-北京"】

2024-06-12 00:39:41 开始第 243 次操作

2024-06-12 00:39:41 开始操作号码 【1530126】
2024-06-12 00:39:47 GSD getOne 第 1 次 等待 3 秒
2024-06-12 00:39:50 查询号码 【1530126】，返回信息 {"status":"ok","msg":"北京-北京","gid":"79847","time_insert":"2021-06-04 15:27"}
2024-06-12 00:39:50 查询号码 【1530126】，GSD为【"北京-北京"】

2024-06-12 00:39:51 开始第 244 次操作

2024-06-12 00:39:51 开始操作号码 【1530127】
2024-06-12 00:39:57 GSD getOne 第 1 次 等待 3 秒
2024-06-12 00:40:00 查询号码 【1530127】，返回信息 {"status":"ok","msg":"北京-北京","gid":"79878","time_insert":"2021-06-04 15:46"}
2024-06-12 00:40:00 查询号码 【1530127】，GSD为【"北京-北京"】

