2021-07-18 00:00:33 开始第 24 次操作

2021-07-18 00:00:33 开始操作号码 【1784910】
2021-07-18 00:00:37 GSD getOne 第 1 次 等待 3 秒
2021-07-18 00:00:40 查询号码 【1784910】，返回信息 {"status":"bad","msg":""}
2021-07-18 00:00:40 查询号码 【1784910】，GSD为【""】
2021-07-18 00:00:40 bad
2021-07-18 00:00:41 CHB 1784910?1626537640 第 1 次 等待 3 秒
2021-07-18 00:00:44 CHB 1784910?1626537640 第 1 次 获取到号码【1784910】GSD
2021-07-18 00:00:44 获取到号码【1784910】的GSD为【江苏-盐城】
2021-07-18 00:01:19 GSD insert 第 1 次 等待 3 秒
2021-07-18 00:01:22 {"status":"ok","gid":308526,"msg":"添加成功！"}
2021-07-18 00:01:22 下次操作: 2021-07-18 00:01:37

2021-07-18 00:01:37 开始第 25 次操作

2021-07-18 00:01:37 开始操作号码 【1784909】
2021-07-18 00:01:44 GSD getOne 第 1 次 等待 3 秒
2021-07-18 00:01:47 查询号码 【1784909】，返回信息 {"status":"bad","msg":""}
2021-07-18 00:01:47 查询号码 【1784909】，GSD为【""】
2021-07-18 00:01:47 bad
2021-07-18 00:01:49 CHB 1784909?1626537707 第 1 次 等待 3 秒
2021-07-18 00:01:52 CHB 1784909?1626537707 第 1 次 获取到号码【1784909】GSD
2021-07-18 00:01:52 获取到号码【1784909】的GSD为【江苏-连云港】
2021-07-18 00:01:55 GSD insert 第 1 次 等待 3 秒
2021-07-18 00:01:58 {"status":"ok","gid":308534,"msg":"添加成功！"}
2021-07-18 00:01:58 下次操作: 2021-07-18 00:02:12

2021-07-18 00:02:12 开始第 26 次操作

2021-07-18 00:02:12 开始操作号码 【1784908】
2021-07-18 00:02:15 GSD getOne 第 1 次 等待 3 秒
2021-07-18 00:02:18 查询号码 【1784908】，返回信息 {"status":"bad","msg":""}
2021-07-18 00:02:18 查询号码 【1784908】，GSD为【""】
2021-07-18 00:02:18 bad
2021-07-18 00:02:20 CHB 1784908?1626537738 第 1 次 等待 3 秒
2021-07-18 00:02:23 CHB 1784908?1626537738 第 1 次 获取到号码【1784908】GSD
2021-07-18 00:02:23 获取到号码【1784908】的GSD为【江苏-连云港】
2021-07-18 00:02:26 GSD insert 第 1 次 等待 3 秒
2021-07-18 00:02:29 {"status":"ok","gid":308541,"msg":"添加成功！"}
2021-07-18 00:02:29 下次操作: 2021-07-18 00:02:51

2021-07-18 00:02:51 开始第 27 次操作

2021-07-18 00:02:51 开始操作号码 【1784907】
2021-07-18 00:02:53 GSD getOne 第 1 次 等待 3 秒
2021-07-18 00:02:56 查询号码 【1784907】，返回信息 {"status":"bad","msg":""}
2021-07-18 00:02:56 查询号码 【1784907】，GSD为【""】
2021-07-18 00:02:56 bad
2021-07-18 00:02:58 CHB 1784907?1626537776 第 1 次 等待 3 秒
2021-07-18 00:03:01 CHB 1784907?1626537776 第 1 次 获取到号码【1784907】GSD
2021-07-18 00:03:01 获取到号码【1784907】的GSD为【江苏-连云港】
2021-07-18 00:03:03 GSD insert 第 1 次 等待 3 秒
2021-07-18 00:03:06 {"status":"ok","gid":308551,"msg":"添加成功！"}
2021-07-18 00:03:06 下次操作: 2021-07-18 00:03:18

2021-07-18 00:03:18 开始第 28 次操作

2021-07-18 00:03:18 开始操作号码 【1784906】
2021-07-18 00:03:21 GSD getOne 第 1 次 等待 3 秒
2021-07-18 00:03:24 查询号码 【1784906】，返回信息 {"status":"bad","msg":""}
2021-07-18 00:03:24 查询号码 【1784906】，GSD为【""】
2021-07-18 00:03:24 bad
2021-07-18 00:03:25 CHB 1784906?1626537804 第 1 次 等待 3 秒
2021-07-18 00:03:28 CHB 1784906?1626537804 第 1 次 获取到号码【1784906】GSD
2021-07-18 00:03:28 获取到号码【1784906】的GSD为【江苏-连云港】
2021-07-18 00:03:34 GSD insert 第 1 次 等待 3 秒
2021-07-18 00:03:37 {"status":"ok","gid":308557,"msg":"添加成功！"}
2021-07-18 00:03:37 下次操作: 2021-07-18 00:03:54

2021-07-18 00:03:54 开始第 29 次操作

2021-07-18 00:03:54 开始操作号码 【1784905】
2021-07-18 00:04:01 GSD getOne 第 1 次 等待 3 秒
2021-07-18 00:04:04 查询号码 【1784905】，返回信息 {"status":"bad","msg":""}
2021-07-18 00:04:04 查询号码 【1784905】，GSD为【""】
2021-07-18 00:04:04 bad
2021-07-18 00:04:06 CHB 1784905?1626537844 第 1 次 等待 3 秒
2021-07-18 00:04:09 CHB 1784905?1626537844 第 1 次 获取到号码【1784905】GSD
2021-07-18 00:04:09 获取到号码【1784905】的GSD为【江苏-连云港】
2021-07-18 00:04:12 GSD insert 第 1 次 等待 3 秒
2021-07-18 00:04:15 {"status":"ok","gid":308568,"msg":"添加成功！"}
2021-07-18 00:04:15 下次操作: 2021-07-18 00:04:29

2021-07-18 00:04:29 开始第 30 次操作

2021-07-18 00:04:29 开始操作号码 【1784904】
2021-07-18 00:04:31 GSD getOne 第 1 次 等待 3 秒
2021-07-18 00:04:34 查询号码 【1784904】，返回信息 {"status":"bad","msg":""}
2021-07-18 00:04:34 查询号码 【1784904】，GSD为【""】
2021-07-18 00:04:34 bad
2021-07-18 00:04:36 CHB 1784904?1626537874 第 1 次 等待 3 秒
2021-07-18 00:04:39 CHB 1784904?1626537874 第 1 次 获取到号码【1784904】GSD
2021-07-18 00:04:39 获取到号码【1784904】的GSD为【江苏-连云港】
2021-07-18 00:04:41 GSD insert 第 1 次 等待 3 秒
2021-07-18 00:04:44 {"status":"ok","gid":308576,"msg":"添加成功！"}
2021-07-18 00:04:44 下次操作: 2021-07-18 00:05:05

2021-07-18 00:05:05 开始第 31 次操作

2021-07-18 00:05:05 开始操作号码 【1784903】
2021-07-18 00:05:08 GSD getOne 第 1 次 等待 3 秒
2021-07-18 00:05:11 查询号码 【1784903】，返回信息 {"status":"bad","msg":""}
2021-07-18 00:05:11 查询号码 【1784903】，GSD为【""】
2021-07-18 00:05:11 bad
2021-07-18 00:05:12 CHB 1784903?1626537911 第 1 次 等待 3 秒
2021-07-18 00:05:15 CHB 1784903?1626537911 第 1 次 获取到号码【1784903】GSD
2021-07-18 00:05:15 获取到号码【1784903】的GSD为【江苏-连云港】
2021-07-18 00:05:20 GSD insert 第 1 次 等待 3 秒
2021-07-18 00:05:23 {"status":"ok","gid":308586,"msg":"添加成功！"}
2021-07-18 00:05:23 下次操作: 2021-07-18 00:05:47

2021-07-18 00:05:47 开始第 32 次操作

2021-07-18 00:05:47 开始操作号码 【1784902】
2021-07-18 00:05:50 GSD getOne 第 1 次 等待 3 秒
2021-07-18 00:05:53 查询号码 【1784902】，返回信息 {"status":"bad","msg":""}
2021-07-18 00:05:53 查询号码 【1784902】，GSD为【""】
2021-07-18 00:05:53 bad
2021-07-18 00:05:54 CHB 1784902?1626537953 第 1 次 等待 3 秒
2021-07-18 00:05:57 CHB 1784902?1626537953 第 1 次 获取到号码【1784902】GSD
2021-07-18 00:05:58 获取到号码【1784902】的GSD为【江苏-连云港】
2021-07-18 00:06:04 GSD insert 第 1 次 等待 3 秒
2021-07-18 00:06:07 {"status":"ok","gid":308599,"msg":"添加成功！"}
2021-07-18 00:06:07 下次操作: 2021-07-18 00:06:27

2021-07-18 00:06:27 开始第 33 次操作

2021-07-18 00:06:27 开始操作号码 【1784901】
2021-07-18 00:06:30 GSD getOne 第 1 次 等待 3 秒
2021-07-18 00:06:33 查询号码 【1784901】，返回信息 {"status":"bad","msg":""}
2021-07-18 00:06:33 查询号码 【1784901】，GSD为【""】
2021-07-18 00:06:33 bad
2021-07-18 00:06:34 CHB 1784901?1626537993 第 1 次 等待 3 秒
2021-07-18 00:06:37 CHB 1784901?1626537993 第 1 次 获取到号码【1784901】GSD
2021-07-18 00:06:38 获取到号码【1784901】的GSD为【江苏-连云港】
2021-07-18 00:06:40 GSD insert 第 1 次 等待 3 秒
2021-07-18 00:06:43 {"status":"ok","gid":308606,"msg":"添加成功！"}
2021-07-18 00:06:43 下次操作: 2021-07-18 00:06:58

2021-07-18 00:06:58 开始第 34 次操作

2021-07-18 00:06:58 开始操作号码 【1784900】
2021-07-18 00:07:01 GSD getOne 第 1 次 等待 3 秒
2021-07-18 00:07:04 查询号码 【1784900】，返回信息 {"status":"bad","msg":""}
2021-07-18 00:07:04 查询号码 【1784900】，GSD为【""】
2021-07-18 00:07:04 bad
2021-07-18 00:07:05 CHB 1784900?1626538024 第 1 次 等待 3 秒
2021-07-18 00:07:08 CHB 1784900?1626538024 第 1 次 获取到号码【1784900】GSD
2021-07-18 00:07:08 获取到号码【1784900】的GSD为【江苏-连云港】
2021-07-18 00:07:11 GSD insert 第 1 次 等待 3 秒
2021-07-18 00:07:14 {"status":"ok","gid":308613,"msg":"添加成功！"}
2021-07-18 00:07:14 下次操作: 2021-07-18 00:07:31

2021-07-18 00:07:31 开始第 35 次操作

2021-07-18 00:07:31 开始操作号码 【1784899】
2021-07-18 00:07:37 GSD getOne 第 1 次 等待 3 秒
2021-07-18 00:07:40 查询号码 【1784899】，返回信息 {"status":"bad","msg":""}
2021-07-18 00:07:40 查询号码 【1784899】，GSD为【""】
2021-07-18 00:07:40 bad
2021-07-18 00:07:42 CHB 1784899?1626538060 第 1 次 等待 3 秒
2021-07-18 00:07:45 CHB 1784899?1626538060 第 1 次 获取到号码【1784899】GSD
2021-07-18 00:07:45 获取到号码【1784899】的GSD为【吉林-白山】
2021-07-18 00:07:48 GSD insert 第 1 次 等待 3 秒
2021-07-18 00:07:51 {"status":"ok","gid":308622,"msg":"添加成功！"}
2021-07-18 00:07:51 下次操作: 2021-07-18 00:08:07

2021-07-18 00:08:07 开始第 36 次操作

2021-07-18 00:08:07 开始操作号码 【1784898】
2021-07-18 00:08:14 GSD getOne 第 1 次 等待 3 秒
2021-07-18 00:08:17 查询号码 【1784898】，返回信息 {"status":"bad","msg":""}
2021-07-18 00:08:17 查询号码 【1784898】，GSD为【""】
2021-07-18 00:08:17 bad
2021-07-18 00:08:19 CHB 1784898?1626538097 第 1 次 等待 3 秒
2021-07-18 00:08:22 CHB 1784898?1626538097 第 1 次 获取到号码【1784898】GSD
2021-07-18 00:08:22 获取到号码【1784898】的GSD为【吉林-松原】
2021-07-18 00:08:29 GSD insert 第 1 次 等待 3 秒
2021-07-18 00:08:32 {"status":"ok","gid":308631,"msg":"添加成功！"}
2021-07-18 00:08:32 下次操作: 2021-07-18 00:08:48

2021-07-18 00:08:48 开始第 37 次操作

2021-07-18 00:08:48 开始操作号码 【1784897】
2021-07-18 00:08:50 GSD getOne 第 1 次 等待 3 秒
2021-07-18 00:08:53 查询号码 【1784897】，返回信息 {"status":"bad","msg":""}
2021-07-18 00:08:53 查询号码 【1784897】，GSD为【""】
2021-07-18 00:08:53 bad
2021-07-18 00:08:55 CHB 1784897?1626538133 第 1 次 等待 3 秒
2021-07-18 00:08:58 CHB 1784897?1626538133 第 1 次 获取到号码【1784897】GSD
2021-07-18 00:08:58 获取到号码【1784897】的GSD为【吉林-辽源】
2021-07-18 00:09:01 GSD insert 第 1 次 等待 3 秒
2021-07-18 00:09:04 {"status":"ok","gid":308640,"msg":"添加成功！"}
2021-07-18 00:09:05 下次操作: 2021-07-18 00:09:25

2021-07-18 00:09:25 开始第 38 次操作

2021-07-18 00:09:25 开始操作号码 【1784896】
2021-07-18 00:09:27 GSD getOne 第 1 次 等待 3 秒
2021-07-18 00:09:30 查询号码 【1784896】，返回信息 {"status":"bad","msg":""}
2021-07-18 00:09:31 查询号码 【1784896】，GSD为【""】
2021-07-18 00:09:31 bad
2021-07-18 00:09:32 CHB 1784896?1626538171 第 1 次 等待 3 秒
2021-07-18 00:09:35 CHB 1784896?1626538171 第 1 次 获取到号码【1784896】GSD
2021-07-18 00:09:35 获取到号码【1784896】的GSD为【吉林-白城】
2021-07-18 00:09:39 GSD insert 第 1 次 等待 3 秒
2021-07-18 00:09:42 {"status":"ok","gid":308648,"msg":"添加成功！"}
2021-07-18 00:09:42 下次操作: 2021-07-18 00:10:05

2021-07-18 00:10:05 开始第 39 次操作

2021-07-18 00:10:05 开始操作号码 【1784895】
2021-07-18 00:10:12 GSD getOne 第 1 次 等待 3 秒
2021-07-18 00:10:15 查询号码 【1784895】，返回信息 {"status":"bad","msg":""}
2021-07-18 00:10:15 查询号码 【1784895】，GSD为【""】
2021-07-18 00:10:15 bad
2021-07-18 00:10:17 CHB 1784895?1626538215 第 1 次 等待 3 秒
2021-07-18 00:10:20 CHB 1784895?1626538215 第 1 次 获取到号码【1784895】GSD
2021-07-18 00:10:20 获取到号码【1784895】的GSD为【吉林-通化】
2021-07-18 00:10:25 GSD insert 第 1 次 等待 3 秒
2021-07-18 00:10:28 {"status":"ok","gid":308658,"msg":"添加成功！"}
2021-07-18 00:10:28 下次操作: 2021-07-18 00:10:41

2021-07-18 00:10:41 开始第 40 次操作

2021-07-18 00:10:41 开始操作号码 【1784894】
2021-07-18 00:10:53 GSD getOne 第 1 次 等待 3 秒
2021-07-18 00:10:56 查询号码 【1784894】，返回信息 {"status":"bad","msg":""}
2021-07-18 00:10:56 查询号码 【1784894】，GSD为【""】
2021-07-18 00:10:56 bad
2021-07-18 00:10:57 CHB 1784894?1626538256 第 1 次 等待 3 秒
2021-07-18 00:11:00 CHB 1784894?1626538256 第 1 次 获取到号码【1784894】GSD
2021-07-18 00:11:00 获取到号码【1784894】的GSD为【吉林-四平】
2021-07-18 00:11:04 GSD insert 第 1 次 等待 3 秒
2021-07-18 00:11:07 {"status":"ok","gid":308666,"msg":"添加成功！"}

