2024-03-08 00:12:30 开始第 7849 次操作

2024-03-08 00:12:30 开始操作号码 【1757742】
2024-03-08 00:12:35 GSD getOne 第 1 次 等待 3 秒
2024-03-08 00:12:38 查询号码 【1757742】，返回信息 {"status":"ok","msg":"广西-崇左","gid":"221699","time_insert":"2021-07-08 10:52"}
2024-03-08 00:12:38 查询号码 【1757742】，GSD为【"广西-崇左"】

2024-03-08 00:12:39 开始第 7850 次操作

2024-03-08 00:12:39 开始操作号码 【1757743】
2024-03-08 00:12:45 GSD getOne 第 1 次 等待 3 秒
2024-03-08 00:12:48 查询号码 【1757743】，返回信息 {"status":"ok","msg":"广西-百色","gid":"221707","time_insert":"2021-07-08 10:52"}
2024-03-08 00:12:48 查询号码 【1757743】，GSD为【"广西-百色"】

2024-03-08 00:12:49 开始第 7851 次操作

2024-03-08 00:12:49 开始操作号码 【1757744】
2024-03-08 00:12:54 GSD getOne 第 1 次 等待 3 秒
2024-03-08 00:12:57 查询号码 【1757744】，返回信息 {"status":"ok","msg":"广西-百色","gid":"221719","time_insert":"2021-07-08 10:53"}
2024-03-08 00:12:57 查询号码 【1757744】，GSD为【"广西-百色"】

2024-03-08 00:12:58 开始第 7852 次操作

2024-03-08 00:12:58 开始操作号码 【1757745】
2024-03-08 00:13:03 GSD getOne 第 1 次 等待 3 秒
2024-03-08 00:13:06 查询号码 【1757745】，返回信息 {"status":"ok","msg":"广西-百色","gid":"221723","time_insert":"2021-07-08 10:53"}
2024-03-08 00:13:06 查询号码 【1757745】，GSD为【"广西-百色"】

