2024-01-02 00:13:00 开始第 6641 次操作

2024-01-02 00:13:00 开始操作号码 【1866534】
2024-01-02 00:13:04 GSD getOne 第 1 次 等待 3 秒
2024-01-02 00:13:07 查询号码 【1866534】，返回信息 {"status":"ok","msg":"广东-深圳","gid":"40927","time_insert":"2014-08-08 14:35","time_update":"2020-10-02 01:00"}
2024-01-02 00:13:07 查询号码 【1866534】，GSD为【"广东-深圳"】

2024-01-02 00:13:08 开始第 6642 次操作

2024-01-02 00:13:08 开始操作号码 【1866535】
2024-01-02 00:13:10 GSD getOne 第 1 次 等待 3 秒
2024-01-02 00:13:13 查询号码 【1866535】，返回信息 {"status":"ok","msg":"广东-深圳","gid":"441884","time_insert":"2021-07-30 06:59"}
2024-01-02 00:13:14 查询号码 【1866535】，GSD为【"广东-深圳"】

2024-01-02 00:13:15 开始第 6643 次操作

2024-01-02 00:13:15 开始操作号码 【1866536】
2024-01-02 00:13:18 GSD getOne 第 1 次 等待 3 秒
2024-01-02 00:13:21 查询号码 【1866536】，返回信息 {"status":"ok","msg":"广东-深圳","gid":"441870","time_insert":"2021-07-30 06:58","time_update":"2021-08-05 11:06"}
2024-01-02 00:13:21 查询号码 【1866536】，GSD为【"广东-深圳"】

2024-01-02 00:13:22 开始第 6644 次操作

2024-01-02 00:13:22 开始操作号码 【1866537】
2024-01-02 00:13:24 GSD getOne 第 1 次 等待 3 秒
2024-01-02 00:13:27 查询号码 【1866537】，返回信息 {"status":"ok","msg":"广东-深圳","gid":"441859","time_insert":"2021-07-30 06:57"}
2024-01-02 00:13:27 查询号码 【1866537】，GSD为【"广东-深圳"】

