2023-10-04 00:13:34 开始第 1405 次操作

2023-10-04 00:13:34 开始操作号码 【1961404】
2023-10-04 00:13:39 GSD getOne 第 1 次 等待 3 秒
2023-10-04 00:13:42 查询号码 【1961404】，返回信息 {"status":"ok","msg":"-","gid":"543589","time_insert":"2023-02-20 22:52"}
2023-10-04 00:13:42 查询号码 【1961404】，GSD为【"-"】
2023-10-04 00:13:42 ok && -
2023-10-04 00:13:45 CHB 1961404?1696349622 第 1 次 等待 3 秒
2023-10-04 00:13:48 CHB 1961404?1696349622 第 1 次 获取到号码【1961404】GSD
2023-10-04 00:13:48 未获取到号码【1961404】GSD，可能号码格式错误
2023-10-04 00:13:48 获取到号码【1961404】的GSD为【-】
2023-10-04 00:13:50 GSD insert 第 1 次 等待 3 秒
2023-10-04 00:13:53 {"status":"bad","gid":"543589","msg":"添加失败！号码【1961404(-|-)】已存在！"}
2023-10-04 00:13:53 随机等待 207 秒，约 3 分钟
2023-10-04 00:13:53 下次操作: 2023-10-04 00:17:20

2023-10-04 00:17:20 开始第 1406 次操作

2023-10-04 00:17:20 开始操作号码 【1961405】
2023-10-04 00:17:26 GSD getOne 第 1 次 等待 3 秒
2023-10-04 00:17:29 查询号码 【1961405】，返回信息 {"status":"ok","msg":"-","gid":"543591","time_insert":"2023-02-20 22:54"}
2023-10-04 00:17:29 查询号码 【1961405】，GSD为【"-"】
2023-10-04 00:17:29 ok && -
2023-10-04 00:17:31 CHB 1961405?1696349849 第 1 次 等待 3 秒
2023-10-04 00:17:34 CHB 1961405?1696349849 第 1 次 获取到号码【1961405】GSD
2023-10-04 00:17:34 未获取到号码【1961405】GSD，可能号码格式错误
2023-10-04 00:17:34 获取到号码【1961405】的GSD为【-】
2023-10-04 00:17:38 GSD insert 第 1 次 等待 3 秒
2023-10-04 00:17:41 {"status":"bad","gid":"543591","msg":"添加失败！号码【1961405(-|-)】已存在！"}
2023-10-04 00:17:41 随机等待 161 秒，约 2 分钟
2023-10-04 00:17:41 下次操作: 2023-10-04 00:20:22

2023-10-04 00:20:22 开始第 1407 次操作

2023-10-04 00:20:22 开始操作号码 【1961406】
2023-10-04 00:20:27 GSD getOne 第 1 次 等待 3 秒
2023-10-04 00:20:30 查询号码 【1961406】，返回信息 {"status":"ok","msg":"-","gid":"543594","time_insert":"2023-02-20 22:56"}
2023-10-04 00:20:30 查询号码 【1961406】，GSD为【"-"】
2023-10-04 00:20:30 ok && -
2023-10-04 00:20:31 CHB 1961406?1696350030 第 1 次 等待 3 秒
2023-10-04 00:20:34 CHB 1961406?1696350030 第 1 次 获取到号码【1961406】GSD
2023-10-04 00:20:34 未获取到号码【1961406】GSD，可能号码格式错误
2023-10-04 00:20:34 获取到号码【1961406】的GSD为【-】
2023-10-04 00:20:39 GSD insert 第 1 次 等待 3 秒
2023-10-04 00:20:42 {"status":"bad","gid":"543594","msg":"添加失败！号码【1961406(-|-)】已存在！"}
2023-10-04 00:20:42 随机等待 208 秒，约 3 分钟
2023-10-04 00:20:42 下次操作: 2023-10-04 00:24:10

2023-10-04 00:24:10 开始第 1408 次操作

2023-10-04 00:24:10 开始操作号码 【1961407】
2023-10-04 00:24:16 GSD getOne 第 1 次 等待 3 秒
2023-10-04 00:24:19 查询号码 【1961407】，返回信息 {"status":"ok","msg":"-","gid":"543598","time_insert":"2023-02-20 22:58"}
2023-10-04 00:24:19 查询号码 【1961407】，GSD为【"-"】
2023-10-04 00:24:19 ok && -
2023-10-04 00:24:21 CHB 1961407?1696350259 第 1 次 等待 3 秒
2023-10-04 00:24:24 CHB 1961407?1696350259 第 1 次 获取到号码【1961407】GSD
2023-10-04 00:24:24 未获取到号码【1961407】GSD，可能号码格式错误
2023-10-04 00:24:24 获取到号码【1961407】的GSD为【-】
2023-10-04 00:24:28 GSD insert 第 1 次 等待 3 秒
2023-10-04 00:24:31 {"status":"bad","gid":"543598","msg":"添加失败！号码【1961407(-|-)】已存在！"}

2023-10-04 00:38:31 开始第 1409 次操作

2023-10-04 00:38:31 开始操作号码 【1961408】
2023-10-04 00:38:35 GSD getOne 第 1 次 等待 3 秒
2023-10-04 00:38:38 查询号码 【1961408】，返回信息 {"status":"ok","msg":"-","gid":"543614","time_insert":"2023-02-20 23:10"}
2023-10-04 00:38:38 查询号码 【1961408】，GSD为【"-"】
2023-10-04 00:38:38 ok && -
2023-10-04 00:38:40 CHB 1961408?1696351118 第 1 次 等待 3 秒
2023-10-04 00:38:43 CHB 1961408?1696351118 第 1 次 获取到号码【1961408】GSD
2023-10-04 00:38:43 未获取到号码【1961408】GSD，可能号码格式错误
2023-10-04 00:38:43 获取到号码【1961408】的GSD为【-】
2023-10-04 00:38:52 GSD insert 第 1 次 等待 3 秒
2023-10-04 00:38:55 {"status":"bad","gid":"543614","msg":"添加失败！号码【1961408(-|-)】已存在！"}
2023-10-04 00:38:55 随机等待 121 秒，约 2 分钟
2023-10-04 00:38:55 下次操作: 2023-10-04 00:40:56

2023-10-04 00:40:56 开始第 1410 次操作

2023-10-04 00:40:56 开始操作号码 【1961409】
2023-10-04 00:41:01 GSD getOne 第 1 次 等待 3 秒
2023-10-04 00:41:04 查询号码 【1961409】，返回信息 {"status":"ok","msg":"-","gid":"543619","time_insert":"2023-02-20 23:13"}
2023-10-04 00:41:04 查询号码 【1961409】，GSD为【"-"】
2023-10-04 00:41:04 ok && -
2023-10-04 00:41:06 CHB 1961409?1696351264 第 1 次 等待 3 秒
2023-10-04 00:41:09 CHB 1961409?1696351264 第 1 次 获取到号码【1961409】GSD
2023-10-04 00:41:09 未获取到号码【1961409】GSD，可能号码格式错误
2023-10-04 00:41:09 获取到号码【1961409】的GSD为【-】
2023-10-04 00:41:13 GSD insert 第 1 次 等待 3 秒
2023-10-04 00:41:16 {"status":"bad","gid":"543619","msg":"添加失败！号码【1961409(-|-)】已存在！"}
2023-10-04 00:41:16 随机等待 118 秒，约 1 分钟
2023-10-04 00:41:16 下次操作: 2023-10-04 00:43:14

2023-10-04 00:43:14 开始第 1411 次操作

2023-10-04 00:43:14 开始操作号码 【1961410】
2023-10-04 00:43:18 GSD getOne 第 1 次 等待 3 秒
2023-10-04 00:43:21 查询号码 【1961410】，返回信息 {"status":"ok","msg":"-","gid":"543624","time_insert":"2023-02-20 23:15"}
2023-10-04 00:43:21 查询号码 【1961410】，GSD为【"-"】
2023-10-04 00:43:21 ok && -
2023-10-04 00:43:23 CHB 1961410?1696351401 第 1 次 等待 3 秒
2023-10-04 00:43:26 CHB 1961410?1696351401 第 1 次 获取到号码【1961410】GSD
2023-10-04 00:43:26 未获取到号码【1961410】GSD，可能号码格式错误
2023-10-04 00:43:26 获取到号码【1961410】的GSD为【-】
2023-10-04 00:43:30 GSD insert 第 1 次 等待 3 秒
2023-10-04 00:43:33 {"status":"bad","gid":"543624","msg":"添加失败！号码【1961410(-|-)】已存在！"}
2023-10-04 00:43:33 随机等待 157 秒，约 2 分钟
2023-10-04 00:43:33 下次操作: 2023-10-04 00:46:10

2023-10-04 00:46:10 开始第 1412 次操作

2023-10-04 00:46:10 开始操作号码 【1961411】
2023-10-04 00:46:12 GSD getOne 第 1 次 等待 3 秒
2023-10-04 00:46:15 查询号码 【1961411】，返回信息 {"status":"ok","msg":"-","gid":"543628","time_insert":"2023-02-20 23:17"}
2023-10-04 00:46:15 查询号码 【1961411】，GSD为【"-"】
2023-10-04 00:46:15 ok && -
2023-10-04 00:46:18 CHB 1961411?1696351575 第 1 次 等待 3 秒
2023-10-04 00:46:21 CHB 1961411?1696351575 第 1 次 获取到号码【1961411】GSD
2023-10-04 00:46:21 未获取到号码【1961411】GSD，可能号码格式错误
2023-10-04 00:46:21 获取到号码【1961411】的GSD为【-】
2023-10-04 00:46:24 GSD insert 第 1 次 等待 3 秒
2023-10-04 00:46:27 {"status":"bad","gid":"543628","msg":"添加失败！号码【1961411(-|-)】已存在！"}

2023-10-04 01:09:28 开始第 1413 次操作

2023-10-04 01:09:28 开始操作号码 【1961412】
2023-10-04 01:09:30 GSD getOne 第 1 次 等待 3 秒
2023-10-04 01:09:33 查询号码 【1961412】，返回信息 {"status":"ok","msg":"-","gid":"543641","time_insert":"2023-02-20 23:26"}
2023-10-04 01:09:34 查询号码 【1961412】，GSD为【"-"】
2023-10-04 01:09:34 ok && -
2023-10-04 01:09:36 CHB 1961412?1696352974 第 1 次 等待 3 秒
2023-10-04 01:09:39 CHB 1961412?1696352974 第 1 次 获取到号码【1961412】GSD
2023-10-04 01:09:39 未获取到号码【1961412】GSD，可能号码格式错误
2023-10-04 01:09:39 获取到号码【1961412】的GSD为【-】
2023-10-04 01:09:41 GSD insert 第 1 次 等待 3 秒
2023-10-04 01:09:44 {"status":"bad","gid":"543641","msg":"添加失败！号码【1961412(-|-)】已存在！"}
2023-10-04 01:09:44 随机等待 203 秒，约 3 分钟
2023-10-04 01:09:44 下次操作: 2023-10-04 01:13:07

2023-10-04 01:13:07 开始第 1414 次操作

2023-10-04 01:13:07 开始操作号码 【1961413】
2023-10-04 01:13:10 GSD getOne 第 1 次 等待 3 秒
2023-10-04 01:13:13 查询号码 【1961413】，返回信息 {"status":"ok","msg":"-","gid":"543643","time_insert":"2023-02-20 23:28"}
2023-10-04 01:13:13 查询号码 【1961413】，GSD为【"-"】
2023-10-04 01:13:13 ok && -
2023-10-04 01:13:14 CHB 1961413?1696353193 第 1 次 等待 3 秒
2023-10-04 01:13:17 CHB 1961413?1696353193 第 1 次 获取到号码【1961413】GSD
2023-10-04 01:13:17 未获取到号码【1961413】GSD，可能号码格式错误
2023-10-04 01:13:17 获取到号码【1961413】的GSD为【-】
2023-10-04 01:13:21 GSD insert 第 1 次 等待 3 秒
2023-10-04 01:13:24 {"status":"bad","gid":"543643","msg":"添加失败！号码【1961413(-|-)】已存在！"}
2023-10-04 01:13:24 随机等待 140 秒，约 2 分钟
2023-10-04 01:13:24 下次操作: 2023-10-04 01:15:44

2023-10-04 01:15:44 开始第 1415 次操作

2023-10-04 01:15:44 开始操作号码 【1961414】
2023-10-04 01:15:46 GSD getOne 第 1 次 等待 3 秒
2023-10-04 01:15:49 查询号码 【1961414】，返回信息 {"status":"ok","msg":"-","gid":"543648","time_insert":"2023-02-20 23:30"}
2023-10-04 01:15:49 查询号码 【1961414】，GSD为【"-"】
2023-10-04 01:15:49 ok && -
2023-10-04 01:15:55 CHB 1961414?1696353349 第 1 次 等待 3 秒
2023-10-04 01:15:58 CHB 1961414?1696353349 第 1 次 获取到号码【1961414】GSD
2023-10-04 01:15:58 未获取到号码【1961414】GSD，可能号码格式错误
2023-10-04 01:15:58 获取到号码【1961414】的GSD为【-】
2023-10-04 01:16:05 GSD insert 第 1 次 等待 3 秒
2023-10-04 01:16:08 {"status":"bad","gid":"543648","msg":"添加失败！号码【1961414(-|-)】已存在！"}
2023-10-04 01:16:08 随机等待 75 秒，约 1 分钟
2023-10-04 01:16:08 下次操作: 2023-10-04 01:17:23

2023-10-04 01:17:23 开始第 1416 次操作

2023-10-04 01:17:23 开始操作号码 【1961415】
2023-10-04 01:17:26 GSD getOne 第 1 次 等待 3 秒
2023-10-04 01:17:29 查询号码 【1961415】，返回信息 {"status":"ok","msg":"-","gid":"543653","time_insert":"2023-02-20 23:33"}
2023-10-04 01:17:29 查询号码 【1961415】，GSD为【"-"】
2023-10-04 01:17:29 ok && -
2023-10-04 01:17:31 CHB 1961415?1696353449 第 1 次 等待 3 秒
2023-10-04 01:17:34 CHB 1961415?1696353449 第 1 次 获取到号码【1961415】GSD
2023-10-04 01:17:34 未获取到号码【1961415】GSD，可能号码格式错误
2023-10-04 01:17:34 获取到号码【1961415】的GSD为【-】
2023-10-04 01:17:39 GSD insert 第 1 次 等待 3 秒
2023-10-04 01:17:42 {"status":"bad","gid":"543653","msg":"添加失败！号码【1961415(-|-)】已存在！"}

