2024-10-03 00:18:11 开始第 7761 次操作

2024-10-03 00:18:11 开始操作号码 【1427757】
2024-10-03 00:18:13 GSD getOne 第 1 次 等待 3 秒
2024-10-03 00:18:16 查询号码 【1427757】，返回信息 {"status":"ok","msg":"-","gid":"682275","time_insert":"2023-04-28 10:40"}
2024-10-03 00:18:16 查询号码 【1427757】，GSD为【"-"】
2024-10-03 00:18:16 ok && -
2024-10-03 00:18:19 CHB 1427757?1727885896 第 1 次 等待 3 秒
2024-10-03 00:18:22 CHB 1427757?1727885896 第 1 次 获取到号码【1427757】GSD
2024-10-03 00:18:22 未获取到号码【1427757】GSD，可能号码格式错误
2024-10-03 00:18:22 获取到号码【1427757】的GSD为【-】
2024-10-03 00:18:24 GSD insert 第 1 次 等待 3 秒
2024-10-03 00:18:27 {"status":"bad","gid":"682275","msg":"添加失败！号码【1427757(-|-)】已存在！"}
2024-10-03 00:18:27 随机等待 85 秒，约 1 分钟
2024-10-03 00:18:27 下次操作: 2024-10-03 00:19:52

2024-10-03 00:19:52 开始第 7762 次操作

2024-10-03 00:19:52 开始操作号码 【1427758】
2024-10-03 00:19:54 GSD getOne 第 1 次 等待 3 秒
2024-10-03 00:19:57 查询号码 【1427758】，返回信息 {"status":"ok","msg":"-","gid":"682294","time_insert":"2023-04-28 10:52"}
2024-10-03 00:19:57 查询号码 【1427758】，GSD为【"-"】
2024-10-03 00:19:57 ok && -
2024-10-03 00:19:59 CHB 1427758?1727885997 第 1 次 等待 3 秒
2024-10-03 00:20:02 CHB 1427758?1727885997 第 1 次 获取到号码【1427758】GSD
2024-10-03 00:20:02 未获取到号码【1427758】GSD，可能号码格式错误
2024-10-03 00:20:02 获取到号码【1427758】的GSD为【-】
2024-10-03 00:20:04 GSD insert 第 1 次 等待 3 秒
2024-10-03 00:20:07 {"status":"bad","gid":"682294","msg":"添加失败！号码【1427758(-|-)】已存在！"}
2024-10-03 00:20:07 随机等待 90 秒，约 1 分钟
2024-10-03 00:20:07 下次操作: 2024-10-03 00:21:37

2024-10-03 00:21:37 开始第 7763 次操作

2024-10-03 00:21:37 开始操作号码 【1427759】
2024-10-03 00:21:42 GSD getOne 第 1 次 等待 3 秒
2024-10-03 00:21:45 查询号码 【1427759】，返回信息 {"status":"ok","msg":"-","gid":"682315","time_insert":"2023-04-28 11:05"}
2024-10-03 00:21:45 查询号码 【1427759】，GSD为【"-"】
2024-10-03 00:21:45 ok && -
2024-10-03 00:21:46 CHB 1427759?1727886105 第 1 次 等待 3 秒
2024-10-03 00:21:49 CHB 1427759?1727886105 第 1 次 获取到号码【1427759】GSD
2024-10-03 00:21:50 未获取到号码【1427759】GSD，可能号码格式错误
2024-10-03 00:21:50 获取到号码【1427759】的GSD为【-】
2024-10-03 00:21:51 GSD insert 第 1 次 等待 3 秒
2024-10-03 00:21:54 {"status":"bad","gid":"682315","msg":"添加失败！号码【1427759(-|-)】已存在！"}
2024-10-03 00:21:54 随机等待 159 秒，约 2 分钟
2024-10-03 00:21:54 下次操作: 2024-10-03 00:24:33

2024-10-03 00:24:33 开始第 7764 次操作

2024-10-03 00:24:33 开始操作号码 【1427760】
2024-10-03 00:24:38 GSD getOne 第 1 次 等待 3 秒
2024-10-03 00:24:41 查询号码 【1427760】，返回信息 {"status":"ok","msg":"-","gid":"682335","time_insert":"2023-04-28 11:17"}
2024-10-03 00:24:41 查询号码 【1427760】，GSD为【"-"】
2024-10-03 00:24:41 ok && -
2024-10-03 00:24:42 CHB 1427760?1727886281 第 1 次 等待 3 秒
2024-10-03 00:24:45 CHB 1427760?1727886281 第 1 次 获取到号码【1427760】GSD
2024-10-03 00:24:45 未获取到号码【1427760】GSD，可能号码格式错误
2024-10-03 00:24:45 获取到号码【1427760】的GSD为【-】
2024-10-03 00:24:47 GSD insert 第 1 次 等待 3 秒
2024-10-03 00:24:50 {"status":"bad","gid":"682335","msg":"添加失败！号码【1427760(-|-)】已存在！"}

