2024-09-12 00:17:00 开始第 4145 次操作

2024-09-12 00:17:00 开始操作号码 【1424144】
2024-09-12 00:17:11 GSD getOne 第 1 次 等待 3 秒
2024-09-12 00:17:14 查询号码 【1424144】，返回信息 {"status":"ok","msg":"-","gid":"601630","time_insert":"2023-03-19 23:50"}
2024-09-12 00:17:14 查询号码 【1424144】，GSD为【"-"】
2024-09-12 00:17:14 ok && -
2024-09-12 00:17:17 CHB 1424144?1726071434 第 1 次 等待 3 秒
2024-09-12 00:17:20 CHB 1424144?1726071434 第 1 次 获取到号码【1424144】GSD
2024-09-12 00:17:20 未获取到号码【1424144】GSD，可能号码格式错误
2024-09-12 00:17:20 获取到号码【1424144】的GSD为【-】
2024-09-12 00:17:27 GSD insert 第 1 次 等待 3 秒
2024-09-12 00:17:30 {"status":"bad","gid":"601630","msg":"添加失败！号码【1424144(-|-)】已存在！"}
2024-09-12 00:17:30 随机等待 138 秒，约 2 分钟
2024-09-12 00:17:30 下次操作: 2024-09-12 00:19:48

2024-09-12 00:19:49 开始第 4146 次操作

2024-09-12 00:19:49 开始操作号码 【1424145】
2024-09-12 00:19:56 GSD getOne 第 1 次 等待 3 秒
2024-09-12 00:19:59 查询号码 【1424145】，返回信息 {"status":"ok","msg":"-","gid":"601647","time_insert":"2023-03-20 00:00"}
2024-09-12 00:19:59 查询号码 【1424145】，GSD为【"-"】
2024-09-12 00:19:59 ok && -
2024-09-12 00:20:01 CHB 1424145?1726071599 第 1 次 等待 3 秒
2024-09-12 00:20:04 CHB 1424145?1726071599 第 1 次 获取到号码【1424145】GSD
2024-09-12 00:20:04 未获取到号码【1424145】GSD，可能号码格式错误
2024-09-12 00:20:04 获取到号码【1424145】的GSD为【-】
2024-09-12 00:20:13 GSD insert 第 1 次 等待 3 秒
2024-09-12 00:20:16 {"status":"bad","gid":"601647","msg":"添加失败！号码【1424145(-|-)】已存在！"}
2024-09-12 00:20:16 随机等待 128 秒，约 2 分钟
2024-09-12 00:20:16 下次操作: 2024-09-12 00:22:24

2024-09-12 00:22:24 开始第 4147 次操作

2024-09-12 00:22:24 开始操作号码 【1424146】
2024-09-12 00:22:33 GSD getOne 第 1 次 等待 3 秒
2024-09-12 00:22:36 查询号码 【1424146】，返回信息 {"status":"ok","msg":"-","gid":"601662","time_insert":"2023-03-20 00:09"}
2024-09-12 00:22:36 查询号码 【1424146】，GSD为【"-"】
2024-09-12 00:22:36 ok && -
2024-09-12 00:22:38 CHB 1424146?1726071756 第 1 次 等待 3 秒
2024-09-12 00:22:41 CHB 1424146?1726071756 第 1 次 获取到号码【1424146】GSD
2024-09-12 00:22:41 未获取到号码【1424146】GSD，可能号码格式错误
2024-09-12 00:22:41 获取到号码【1424146】的GSD为【-】
2024-09-12 00:22:49 GSD insert 第 1 次 等待 3 秒
2024-09-12 00:22:52 {"status":"bad","gid":"601662","msg":"添加失败！号码【1424146(-|-)】已存在！"}
2024-09-12 00:22:52 随机等待 95 秒，约 1 分钟
2024-09-12 00:22:52 下次操作: 2024-09-12 00:24:27

2024-09-12 00:24:27 开始第 4148 次操作

2024-09-12 00:24:27 开始操作号码 【1424147】
2024-09-12 00:24:35 GSD getOne 第 1 次 等待 3 秒
2024-09-12 00:24:38 查询号码 【1424147】，返回信息 {"status":"ok","msg":"-","gid":"601675","time_insert":"2023-03-20 00:20"}
2024-09-12 00:24:38 查询号码 【1424147】，GSD为【"-"】
2024-09-12 00:24:38 ok && -
2024-09-12 00:24:39 CHB 1424147?1726071878 第 1 次 等待 3 秒
2024-09-12 00:24:42 CHB 1424147?1726071878 第 1 次 获取到号码【1424147】GSD
2024-09-12 00:24:42 未获取到号码【1424147】GSD，可能号码格式错误
2024-09-12 00:24:42 获取到号码【1424147】的GSD为【-】
2024-09-12 00:24:50 GSD insert 第 1 次 等待 3 秒
2024-09-12 00:24:53 {"status":"bad","gid":"601675","msg":"添加失败！号码【1424147(-|-)】已存在！"}

