2024-11-22 00:28:07 开始第 5953 次操作

2024-11-22 00:28:07 开始操作号码 【1325952】
2024-11-22 00:28:08 GSD getOne 第 1 次 等待 3 秒
2024-11-22 00:28:11 查询号码 【1325952】，返回信息 {"status":"ok","msg":"宁夏-石嘴山","gid":"242811","time_insert":"2021-07-10 21:41"}
2024-11-22 00:28:11 查询号码 【1325952】，GSD为【"宁夏-石嘴山"】

2024-11-22 00:28:12 开始第 5954 次操作

2024-11-22 00:28:12 开始操作号码 【1325953】
2024-11-22 00:28:13 GSD getOne 第 1 次 等待 3 秒
2024-11-22 00:28:16 查询号码 【1325953】，返回信息 {"status":"ok","msg":"宁夏-吴忠","gid":"242796","time_insert":"2021-07-10 21:40"}
2024-11-22 00:28:16 查询号码 【1325953】，GSD为【"宁夏-吴忠"】

2024-11-22 00:28:17 开始第 5955 次操作

2024-11-22 00:28:17 开始操作号码 【1325954】
2024-11-22 00:28:18 GSD getOne 第 1 次 等待 3 秒
2024-11-22 00:28:21 查询号码 【1325954】，返回信息 {"status":"ok","msg":"宁夏-固原","gid":"242782","time_insert":"2021-07-10 21:39"}
2024-11-22 00:28:21 查询号码 【1325954】，GSD为【"宁夏-固原"】

2024-11-22 00:28:22 开始第 5956 次操作

2024-11-22 00:28:22 开始操作号码 【1325955】
2024-11-22 00:28:23 GSD getOne 第 1 次 等待 3 秒
2024-11-22 00:28:26 查询号码 【1325955】，返回信息 {"status":"ok","msg":"宁夏-中卫","gid":"242768","time_insert":"2021-07-10 21:39"}
2024-11-22 00:28:26 查询号码 【1325955】，GSD为【"宁夏-中卫"】

