2021-07-16 00:00:17 开始第 20 次操作

2021-07-16 00:00:17 开始操作号码 【1786731】
2021-07-16 00:00:20 GSD getOne 第 1 次 等待 3 秒
2021-07-16 00:00:23 查询号码 【1786731】，返回信息 {"status":"bad","msg":""}
2021-07-16 00:00:23 查询号码 【1786731】，GSD为【""】
2021-07-16 00:00:23 bad
2021-07-16 00:00:25 CHB 1786731?1626364823 第 1 次 等待 3 秒
2021-07-16 00:00:28 CHB 1786731?1626364823 第 1 次 获取到号码【1786731】GSD
2021-07-16 00:00:28 获取到号码【1786731】的GSD为【陕西-延安】
2021-07-16 00:00:32 GSD insert 第 1 次 等待 3 秒
2021-07-16 00:00:35 {"status":"ok","gid":288340,"msg":"添加成功！"}
2021-07-16 00:00:35 下次操作: 2021-07-16 00:00:53

2021-07-16 00:00:53 开始第 21 次操作

2021-07-16 00:00:53 开始操作号码 【1786730】
2021-07-16 00:00:56 GSD getOne 第 1 次 等待 3 秒
2021-07-16 00:00:59 查询号码 【1786730】，返回信息 {"status":"bad","msg":""}
2021-07-16 00:00:59 查询号码 【1786730】，GSD为【""】
2021-07-16 00:00:59 bad
2021-07-16 00:01:04 CHB 1786730?1626364859 第 1 次 等待 3 秒
2021-07-16 00:01:07 CHB 1786730?1626364859 第 1 次 获取到号码【1786730】GSD
2021-07-16 00:01:07 获取到号码【1786730】的GSD为【陕西-咸阳】
2021-07-16 00:01:11 GSD insert 第 1 次 等待 3 秒
2021-07-16 00:01:14 {"status":"ok","gid":288348,"msg":"添加成功！"}
2021-07-16 00:01:14 下次操作: 2021-07-16 00:01:28

2021-07-16 00:01:28 开始第 22 次操作

2021-07-16 00:01:28 开始操作号码 【1786729】
2021-07-16 00:01:38 GSD getOne 第 1 次 等待 3 秒
2021-07-16 00:01:41 查询号码 【1786729】，返回信息 {"status":"bad","msg":""}
2021-07-16 00:01:41 查询号码 【1786729】，GSD为【""】
2021-07-16 00:01:41 bad
2021-07-16 00:01:43 CHB 1786729?1626364901 第 1 次 等待 3 秒
2021-07-16 00:01:46 CHB 1786729?1626364901 第 1 次 获取到号码【1786729】GSD
2021-07-16 00:01:46 获取到号码【1786729】的GSD为【山西-临汾】
2021-07-16 00:02:14 GSD insert 第 1 次 等待 3 秒
2021-07-16 00:02:17 {"status":"ok","gid":288362,"msg":"添加成功！"}
2021-07-16 00:02:17 下次操作: 2021-07-16 00:02:37

2021-07-16 00:02:37 开始第 23 次操作

2021-07-16 00:02:37 开始操作号码 【1786728】
2021-07-16 00:02:40 GSD getOne 第 1 次 等待 3 秒
2021-07-16 00:02:43 查询号码 【1786728】，返回信息 {"status":"bad","msg":""}
2021-07-16 00:02:43 查询号码 【1786728】，GSD为【""】
2021-07-16 00:02:43 bad
2021-07-16 00:02:44 CHB 1786728?1626364963 第 1 次 等待 3 秒
2021-07-16 00:02:47 CHB 1786728?1626364963 第 1 次 获取到号码【1786728】GSD
2021-07-16 00:02:47 获取到号码【1786728】的GSD为【山西-吕梁】
2021-07-16 00:02:50 GSD insert 第 1 次 等待 3 秒
2021-07-16 00:02:53 {"status":"ok","gid":288370,"msg":"添加成功！"}
2021-07-16 00:02:53 下次操作: 2021-07-16 00:03:08

2021-07-16 00:03:08 开始第 24 次操作

2021-07-16 00:03:08 开始操作号码 【1786727】
2021-07-16 00:03:13 GSD getOne 第 1 次 等待 3 秒
2021-07-16 00:03:16 查询号码 【1786727】，返回信息 {"status":"bad","msg":""}
2021-07-16 00:03:16 查询号码 【1786727】，GSD为【""】
2021-07-16 00:03:16 bad
2021-07-16 00:03:17 CHB 1786727?1626364996 第 1 次 等待 3 秒
2021-07-16 00:03:20 CHB 1786727?1626364996 第 1 次 获取到号码【1786727】GSD
2021-07-16 00:03:21 获取到号码【1786727】的GSD为【山西-晋中】
2021-07-16 00:03:29 GSD insert 第 1 次 等待 3 秒
2021-07-16 00:03:32 {"status":"ok","gid":288376,"msg":"添加成功！"}
2021-07-16 00:03:32 下次操作: 2021-07-16 00:03:50

2021-07-16 00:03:50 开始第 25 次操作

2021-07-16 00:03:50 开始操作号码 【1786726】
2021-07-16 00:03:52 GSD getOne 第 1 次 等待 3 秒
2021-07-16 00:03:55 查询号码 【1786726】，返回信息 {"status":"bad","msg":""}
2021-07-16 00:03:55 查询号码 【1786726】，GSD为【""】
2021-07-16 00:03:55 bad
2021-07-16 00:03:57 CHB 1786726?1626365035 第 1 次 等待 3 秒
2021-07-16 00:04:00 CHB 1786726?1626365035 第 1 次 获取到号码【1786726】GSD
2021-07-16 00:04:00 获取到号码【1786726】的GSD为【山西-忻州】
2021-07-16 00:04:03 GSD insert 第 1 次 等待 3 秒
2021-07-16 00:04:06 {"status":"ok","gid":288385,"msg":"添加成功！"}
2021-07-16 00:04:06 下次操作: 2021-07-16 00:04:22

2021-07-16 00:04:22 开始第 26 次操作

2021-07-16 00:04:22 开始操作号码 【1786725】
2021-07-16 00:04:25 GSD getOne 第 1 次 等待 3 秒
2021-07-16 00:04:28 查询号码 【1786725】，返回信息 {"status":"bad","msg":""}
2021-07-16 00:04:28 查询号码 【1786725】，GSD为【""】
2021-07-16 00:04:28 bad
2021-07-16 00:04:29 CHB 1786725?1626365068 第 1 次 等待 3 秒
2021-07-16 00:04:32 CHB 1786725?1626365068 第 1 次 获取到号码【1786725】GSD
2021-07-16 00:04:32 获取到号码【1786725】的GSD为【山西-朔州】
2021-07-16 00:04:35 GSD insert 第 1 次 等待 3 秒
2021-07-16 00:04:38 {"status":"ok","gid":288391,"msg":"添加成功！"}
2021-07-16 00:04:38 下次操作: 2021-07-16 00:04:52

2021-07-16 00:04:52 开始第 27 次操作

2021-07-16 00:04:52 开始操作号码 【1786724】
2021-07-16 00:04:55 GSD getOne 第 1 次 等待 3 秒
2021-07-16 00:04:58 查询号码 【1786724】，返回信息 {"status":"bad","msg":""}
2021-07-16 00:04:58 查询号码 【1786724】，GSD为【""】
2021-07-16 00:04:58 bad
2021-07-16 00:04:59 CHB 1786724?1626365098 第 1 次 等待 3 秒
2021-07-16 00:05:02 CHB 1786724?1626365098 第 1 次 获取到号码【1786724】GSD
2021-07-16 00:05:02 获取到号码【1786724】的GSD为【山西-晋城】
2021-07-16 00:05:15 GSD insert 第 1 次 等待 3 秒
2021-07-16 00:05:18 {"status":"ok","gid":288402,"msg":"添加成功！"}
2021-07-16 00:05:18 下次操作: 2021-07-16 00:05:34

2021-07-16 00:05:35 开始第 28 次操作

2021-07-16 00:05:35 开始操作号码 【1786723】
2021-07-16 00:05:40 GSD getOne 第 1 次 等待 3 秒
2021-07-16 00:05:43 查询号码 【1786723】，返回信息 {"status":"bad","msg":""}
2021-07-16 00:05:43 查询号码 【1786723】，GSD为【""】
2021-07-16 00:05:43 bad
2021-07-16 00:05:45 CHB 1786723?1626365143 第 1 次 等待 3 秒
2021-07-16 00:05:48 CHB 1786723?1626365143 第 1 次 获取到号码【1786723】GSD
2021-07-16 00:05:48 获取到号码【1786723】的GSD为【山西-长治】
2021-07-16 00:05:58 GSD insert 第 1 次 等待 3 秒
2021-07-16 00:06:01 {"status":"ok","gid":288411,"msg":"添加成功！"}
2021-07-16 00:06:01 下次操作: 2021-07-16 00:06:22

2021-07-16 00:06:22 开始第 29 次操作

2021-07-16 00:06:22 开始操作号码 【1786722】
2021-07-16 00:06:28 GSD getOne 第 1 次 等待 3 秒
2021-07-16 00:06:31 查询号码 【1786722】，返回信息 {"status":"bad","msg":""}
2021-07-16 00:06:31 查询号码 【1786722】，GSD为【""】
2021-07-16 00:06:31 bad
2021-07-16 00:06:33 CHB 1786722?1626365191 第 1 次 等待 3 秒
2021-07-16 00:06:36 CHB 1786722?1626365191 第 1 次 获取到号码【1786722】GSD
2021-07-16 00:06:36 获取到号码【1786722】的GSD为【山西-阳泉】
2021-07-16 00:06:38 GSD insert 第 1 次 等待 3 秒
2021-07-16 00:06:41 {"status":"ok","gid":288419,"msg":"添加成功！"}
2021-07-16 00:06:41 下次操作: 2021-07-16 00:06:59

2021-07-16 00:06:59 开始第 30 次操作

2021-07-16 00:06:59 开始操作号码 【1786721】
2021-07-16 00:07:02 GSD getOne 第 1 次 等待 3 秒
2021-07-16 00:07:05 查询号码 【1786721】，返回信息 {"status":"bad","msg":""}
2021-07-16 00:07:05 查询号码 【1786721】，GSD为【""】
2021-07-16 00:07:05 bad
2021-07-16 00:07:07 CHB 1786721?1626365225 第 1 次 等待 3 秒
2021-07-16 00:07:10 CHB 1786721?1626365225 第 1 次 获取到号码【1786721】GSD
2021-07-16 00:07:10 获取到号码【1786721】的GSD为【山西-大同】
2021-07-16 00:07:12 GSD insert 第 1 次 等待 3 秒
2021-07-16 00:07:15 {"status":"ok","gid":288427,"msg":"添加成功！"}
2021-07-16 00:07:15 下次操作: 2021-07-16 00:07:35

2021-07-16 00:07:35 开始第 31 次操作

2021-07-16 00:07:35 开始操作号码 【1786720】
2021-07-16 00:07:39 GSD getOne 第 1 次 等待 3 秒
2021-07-16 00:07:42 查询号码 【1786720】，返回信息 {"status":"bad","msg":""}
2021-07-16 00:07:42 查询号码 【1786720】，GSD为【""】
2021-07-16 00:07:42 bad
2021-07-16 00:07:44 CHB 1786720?1626365262 第 1 次 等待 3 秒
2021-07-16 00:07:47 CHB 1786720?1626365262 第 1 次 获取到号码【1786720】GSD
2021-07-16 00:07:47 获取到号码【1786720】的GSD为【山西-太原】
2021-07-16 00:08:46 GSD insert 第 1 次 等待 3 秒
2021-07-16 00:08:49 {"status":"ok","gid":288442,"msg":"添加成功！"}
2021-07-16 00:08:49 下次操作: 2021-07-16 00:09:02

2021-07-16 00:09:02 开始第 32 次操作

2021-07-16 00:09:03 开始操作号码 【1786719】
2021-07-16 00:09:15 GSD getOne 第 1 次 等待 3 秒
2021-07-16 00:09:18 查询号码 【1786719】，返回信息 {"status":"bad","msg":""}
2021-07-16 00:09:18 查询号码 【1786719】，GSD为【""】
2021-07-16 00:09:18 bad
2021-07-16 00:09:20 CHB 1786719?1626365358 第 1 次 等待 3 秒
2021-07-16 00:09:23 CHB 1786719?1626365358 第 1 次 获取到号码【1786719】GSD
2021-07-16 00:09:23 获取到号码【1786719】的GSD为【山东-临沂】
2021-07-16 00:09:37 GSD insert 第 1 次 等待 3 秒
2021-07-16 00:09:40 {"status":"ok","gid":288449,"msg":"添加成功！"}
2021-07-16 00:09:40 下次操作: 2021-07-16 00:09:57

2021-07-16 00:09:57 开始第 33 次操作

2021-07-16 00:09:57 开始操作号码 【1786718】
2021-07-16 00:10:04 GSD getOne 第 1 次 等待 3 秒
2021-07-16 00:10:07 查询号码 【1786718】，返回信息 {"status":"bad","msg":""}
2021-07-16 00:10:07 查询号码 【1786718】，GSD为【""】
2021-07-16 00:10:07 bad
2021-07-16 00:10:08 CHB 1786718?1626365407 第 1 次 等待 3 秒
2021-07-16 00:10:11 CHB 1786718?1626365407 第 1 次 获取到号码【1786718】GSD
2021-07-16 00:10:11 获取到号码【1786718】的GSD为【山东-泰安】
2021-07-16 00:10:14 GSD insert 第 1 次 等待 3 秒
2021-07-16 00:10:17 {"status":"ok","gid":288458,"msg":"添加成功！"}
2021-07-16 00:10:17 下次操作: 2021-07-16 00:10:31

2021-07-16 00:10:31 开始第 34 次操作

2021-07-16 00:10:31 开始操作号码 【1786717】
2021-07-16 00:10:35 GSD getOne 第 1 次 等待 3 秒
2021-07-16 00:10:38 查询号码 【1786717】，返回信息 {"status":"bad","msg":""}
2021-07-16 00:10:38 查询号码 【1786717】，GSD为【""】
2021-07-16 00:10:38 bad
2021-07-16 00:10:40 CHB 1786717?1626365438 第 1 次 等待 3 秒
2021-07-16 00:10:43 CHB 1786717?1626365438 第 1 次 获取到号码【1786717】GSD
2021-07-16 00:10:43 获取到号码【1786717】的GSD为【山东-济宁】
2021-07-16 00:10:46 GSD insert 第 1 次 等待 3 秒
2021-07-16 00:10:49 {"status":"ok","gid":288465,"msg":"添加成功！"}
2021-07-16 00:10:49 下次操作: 2021-07-16 00:11:08

2021-07-16 00:11:08 开始第 35 次操作

2021-07-16 00:11:08 开始操作号码 【1786716】
2021-07-16 00:11:11 GSD getOne 第 1 次 等待 3 秒
2021-07-16 00:11:14 查询号码 【1786716】，返回信息 {"status":"bad","msg":""}
2021-07-16 00:11:14 查询号码 【1786716】，GSD为【""】
2021-07-16 00:11:14 bad
2021-07-16 00:11:16 CHB 1786716?1626365474 第 1 次 等待 3 秒
2021-07-16 00:11:19 CHB 1786716?1626365474 第 1 次 获取到号码【1786716】GSD
2021-07-16 00:11:19 获取到号码【1786716】的GSD为【山东-潍坊】
2021-07-16 00:11:26 GSD insert 第 1 次 等待 3 秒
2021-07-16 00:11:29 {"status":"ok","gid":288473,"msg":"添加成功！"}
2021-07-16 00:11:29 下次操作: 2021-07-16 00:11:43

2021-07-16 00:11:43 开始第 36 次操作

2021-07-16 00:11:43 开始操作号码 【1786715】
2021-07-16 00:11:48 GSD getOne 第 1 次 等待 3 秒
2021-07-16 00:11:51 查询号码 【1786715】，返回信息 {"status":"bad","msg":""}
2021-07-16 00:11:51 查询号码 【1786715】，GSD为【""】
2021-07-16 00:11:51 bad
2021-07-16 00:11:53 CHB 1786715?1626365511 第 1 次 等待 3 秒
2021-07-16 00:11:56 CHB 1786715?1626365511 第 1 次 获取到号码【1786715】GSD
2021-07-16 00:11:56 获取到号码【1786715】的GSD为【山东-烟台】
2021-07-16 00:12:01 GSD insert 第 1 次 等待 3 秒
2021-07-16 00:12:04 {"status":"ok","gid":288480,"msg":"添加成功！"}
2021-07-16 00:12:04 下次操作: 2021-07-16 00:12:22

2021-07-16 00:12:22 开始第 37 次操作

2021-07-16 00:12:22 开始操作号码 【1786714】
2021-07-16 00:12:25 GSD getOne 第 1 次 等待 3 秒
2021-07-16 00:12:28 查询号码 【1786714】，返回信息 {"status":"bad","msg":""}
2021-07-16 00:12:29 查询号码 【1786714】，GSD为【""】
2021-07-16 00:12:29 bad
2021-07-16 00:12:30 CHB 1786714?1626365549 第 1 次 等待 3 秒
2021-07-16 00:12:33 CHB 1786714?1626365549 第 1 次 获取到号码【1786714】GSD
2021-07-16 00:12:33 获取到号码【1786714】的GSD为【山东-德州】
2021-07-16 00:13:11 GSD insert 第 1 次 等待 3 秒
2021-07-16 00:13:14 {"status":"ok","gid":288492,"msg":"添加成功！"}
2021-07-16 00:13:14 下次操作: 2021-07-16 00:13:29

2021-07-16 00:13:29 开始第 38 次操作

2021-07-16 00:13:29 开始操作号码 【1786713】
2021-07-16 00:13:52 GSD getOne 第 1 次 等待 3 秒
2021-07-16 00:13:55 查询号码 【1786713】，返回信息 {"status":"bad","msg":""}
2021-07-16 00:13:55 查询号码 【1786713】，GSD为【""】
2021-07-16 00:13:55 bad
2021-07-16 00:13:59 CHB 1786713?1626365635 第 1 次 等待 3 秒
2021-07-16 00:14:02 CHB 1786713?1626365635 第 1 次 获取到号码【1786713】GSD
2021-07-16 00:14:03 获取到号码【1786713】的GSD为【山东-淄博】
2021-07-16 00:15:10 GSD insert 第 1 次 等待 3 秒
2021-07-16 00:15:13 {"status":"ok","gid":288504,"msg":"添加成功！"}
2021-07-16 00:15:13 下次操作: 2021-07-16 00:15:27

2021-07-16 00:15:27 开始第 39 次操作

2021-07-16 00:15:27 开始操作号码 【1786712】
2021-07-16 00:15:31 GSD getOne 第 1 次 等待 3 秒
2021-07-16 00:15:34 查询号码 【1786712】，返回信息 {"status":"bad","msg":""}
2021-07-16 00:15:34 查询号码 【1786712】，GSD为【""】
2021-07-16 00:15:34 bad
2021-07-16 00:15:36 CHB 1786712?1626365734 第 1 次 等待 3 秒
2021-07-16 00:15:39 CHB 1786712?1626365734 第 1 次 获取到号码【1786712】GSD
2021-07-16 00:15:39 获取到号码【1786712】的GSD为【山东-青岛】
2021-07-16 00:16:44 GSD insert 第 1 次 等待 3 秒
2021-07-16 00:16:47 {"status":"ok","gid":288512,"msg":"添加成功！"}
2021-07-16 00:16:47 下次操作: 2021-07-16 00:17:08

2021-07-16 00:17:08 开始第 40 次操作

2021-07-16 00:17:08 开始操作号码 【1786711】
2021-07-16 00:17:23 GSD getOne 第 1 次 等待 3 秒
2021-07-16 00:17:26 查询号码 【1786711】，返回信息 {"status":"bad","msg":""}
2021-07-16 00:17:26 查询号码 【1786711】，GSD为【""】
2021-07-16 00:17:26 bad
2021-07-16 00:17:27 CHB 1786711?1626365846 第 1 次 等待 3 秒
2021-07-16 00:17:30 CHB 1786711?1626365846 第 1 次 获取到号码【1786711】GSD
2021-07-16 00:17:30 获取到号码【1786711】的GSD为【山东-济南】
2021-07-16 00:17:36 GSD insert 第 1 次 等待 3 秒
2021-07-16 00:17:39 {"status":"ok","gid":288519,"msg":"添加成功！"}

