2023-10-23 00:12:32 开始第 4689 次操作

2023-10-23 00:12:32 开始操作号码 【1964593】
2023-10-23 00:12:36 GSD getOne 第 1 次 等待 3 秒
2023-10-23 00:12:39 查询号码 【1964593】，返回信息 {"status":"ok","msg":"-","gid":"563702","time_insert":"2023-03-01 21:54"}
2023-10-23 00:12:39 查询号码 【1964593】，GSD为【"-"】
2023-10-23 00:12:39 ok && -
2023-10-23 00:12:46 CHB 1964593?1697991159 第 1 次 等待 3 秒
2023-10-23 00:12:49 CHB 1964593?1697991159 第 1 次 获取到号码【1964593】GSD
2023-10-23 00:12:49 未获取到号码【1964593】GSD，可能号码格式错误
2023-10-23 00:12:49 获取到号码【1964593】的GSD为【-】
2023-10-23 00:12:52 GSD insert 第 1 次 等待 3 秒
2023-10-23 00:12:55 {"status":"bad","gid":"563702","msg":"添加失败！号码【1964593(-|-)】已存在！"}
2023-10-23 00:12:55 随机等待 66 秒，约 1 分钟
2023-10-23 00:12:55 下次操作: 2023-10-23 00:14:01

2023-10-23 00:14:01 开始第 4690 次操作

2023-10-23 00:14:01 开始操作号码 【1964594】
2023-10-23 00:14:04 GSD getOne 第 1 次 等待 3 秒
2023-10-23 00:14:07 查询号码 【1964594】，返回信息 {"status":"ok","msg":"-","gid":"563704","time_insert":"2023-03-01 21:54"}
2023-10-23 00:14:07 查询号码 【1964594】，GSD为【"-"】
2023-10-23 00:14:07 ok && -
2023-10-23 00:14:09 CHB 1964594?1697991247 第 1 次 等待 3 秒
2023-10-23 00:14:12 CHB 1964594?1697991247 第 1 次 获取到号码【1964594】GSD
2023-10-23 00:14:12 未获取到号码【1964594】GSD，可能号码格式错误
2023-10-23 00:14:12 获取到号码【1964594】的GSD为【-】
2023-10-23 00:14:16 GSD insert 第 1 次 等待 3 秒
2023-10-23 00:14:19 {"status":"bad","gid":"563704","msg":"添加失败！号码【1964594(-|-)】已存在！"}
2023-10-23 00:14:19 随机等待 79 秒，约 1 分钟
2023-10-23 00:14:19 下次操作: 2023-10-23 00:15:38

2023-10-23 00:15:38 开始第 4691 次操作

2023-10-23 00:15:38 开始操作号码 【1964595】
2023-10-23 00:15:40 GSD getOne 第 1 次 等待 3 秒
2023-10-23 00:15:43 查询号码 【1964595】，返回信息 {"status":"ok","msg":"-","gid":"563710","time_insert":"2023-03-01 21:57"}
2023-10-23 00:15:43 查询号码 【1964595】，GSD为【"-"】
2023-10-23 00:15:43 ok && -
2023-10-23 00:15:46 CHB 1964595?1697991343 第 1 次 等待 3 秒
2023-10-23 00:15:49 CHB 1964595?1697991343 第 1 次 获取到号码【1964595】GSD
2023-10-23 00:15:49 未获取到号码【1964595】GSD，可能号码格式错误
2023-10-23 00:15:49 获取到号码【1964595】的GSD为【-】
2023-10-23 00:16:05 GSD insert 第 1 次 等待 3 秒
2023-10-23 00:16:08 {"status":"bad","gid":"563710","msg":"添加失败！号码【1964595(-|-)】已存在！"}
2023-10-23 00:16:08 随机等待 115 秒，约 1 分钟
2023-10-23 00:16:08 下次操作: 2023-10-23 00:18:03

2023-10-23 00:18:03 开始第 4692 次操作

2023-10-23 00:18:03 开始操作号码 【1964596】
2023-10-23 00:18:06 GSD getOne 第 1 次 等待 3 秒
2023-10-23 00:18:09 查询号码 【1964596】，返回信息 {"status":"ok","msg":"-","gid":"563716","time_insert":"2023-03-01 21:59"}
2023-10-23 00:18:09 查询号码 【1964596】，GSD为【"-"】
2023-10-23 00:18:09 ok && -
2023-10-23 00:18:11 CHB 1964596?1697991489 第 1 次 等待 3 秒
2023-10-23 00:18:14 CHB 1964596?1697991489 第 1 次 获取到号码【1964596】GSD
2023-10-23 00:18:14 未获取到号码【1964596】GSD，可能号码格式错误
2023-10-23 00:18:14 获取到号码【1964596】的GSD为【-】
2023-10-23 00:18:21 GSD insert 第 1 次 等待 3 秒
2023-10-23 00:18:24 {"status":"bad","gid":"563716","msg":"添加失败！号码【1964596(-|-)】已存在！"}

