2024-12-17 00:29:25 开始第 9949 次操作

2024-12-17 00:29:25 开始操作号码 【1329948】
2024-12-17 00:29:27 GSD getOne 第 1 次 等待 3 秒
2024-12-17 00:29:30 查询号码 【1329948】，返回信息 {"status":"ok","msg":"广西-河池","gid":"198816","time_insert":"2021-07-05 15:46"}
2024-12-17 00:29:30 查询号码 【1329948】，GSD为【"广西-河池"】

2024-12-17 00:29:31 开始第 9950 次操作

2024-12-17 00:29:31 开始操作号码 【1329949】
2024-12-17 00:29:32 GSD getOne 第 1 次 等待 3 秒
2024-12-17 00:29:35 查询号码 【1329949】，返回信息 {"status":"ok","msg":"广西-柳州","gid":"198805","time_insert":"2021-07-05 15:45"}
2024-12-17 00:29:35 查询号码 【1329949】，GSD为【"广西-柳州"】

2024-12-17 00:29:36 开始第 9951 次操作

2024-12-17 00:29:36 开始操作号码 【1329950】
2024-12-17 00:29:37 GSD getOne 第 1 次 等待 3 秒
2024-12-17 00:29:40 查询号码 【1329950】，返回信息 {"status":"ok","msg":"宁夏-银川","gid":"2707","time_insert":"2017-11-09 20:24","time_update":"2020-12-22 05:48"}
2024-12-17 00:29:40 查询号码 【1329950】，GSD为【"宁夏-银川"】

2024-12-17 00:29:41 开始第 9952 次操作

2024-12-17 00:29:41 开始操作号码 【1329951】
2024-12-17 00:29:42 GSD getOne 第 1 次 等待 3 秒
2024-12-17 00:29:45 查询号码 【1329951】，返回信息 {"status":"ok","msg":"宁夏-银川","gid":"198787","time_insert":"2021-07-05 15:44"}
2024-12-17 00:29:45 查询号码 【1329951】，GSD为【"宁夏-银川"】

2024-12-17 00:50:38 开始第 9953 次操作

2024-12-17 00:50:38 开始操作号码 【1329952】
2024-12-17 00:50:40 GSD getOne 第 1 次 等待 3 秒
2024-12-17 00:50:43 查询号码 【1329952】，返回信息 {"status":"ok","msg":"宁夏-石嘴山","gid":"198776","time_insert":"2021-07-05 15:43"}
2024-12-17 00:50:43 查询号码 【1329952】，GSD为【"宁夏-石嘴山"】

2024-12-17 00:50:44 开始第 9954 次操作

2024-12-17 00:50:44 开始操作号码 【1329953】
2024-12-17 00:50:45 GSD getOne 第 1 次 等待 3 秒
2024-12-17 00:50:48 查询号码 【1329953】，返回信息 {"status":"ok","msg":"宁夏-吴忠","gid":"198764","time_insert":"2021-07-05 15:42"}
2024-12-17 00:50:48 查询号码 【1329953】，GSD为【"宁夏-吴忠"】

2024-12-17 00:50:49 开始第 9955 次操作

2024-12-17 00:50:49 开始操作号码 【1329954】
2024-12-17 00:50:50 GSD getOne 第 1 次 等待 3 秒
2024-12-17 00:50:53 查询号码 【1329954】，返回信息 {"status":"ok","msg":"宁夏-固原","gid":"198752","time_insert":"2021-07-05 15:42"}
2024-12-17 00:50:54 查询号码 【1329954】，GSD为【"宁夏-固原"】

2024-12-17 00:50:55 开始第 9956 次操作

2024-12-17 00:50:55 开始操作号码 【1329955】
2024-12-17 00:50:56 GSD getOne 第 1 次 等待 3 秒
2024-12-17 00:50:59 查询号码 【1329955】，返回信息 {"status":"ok","msg":"宁夏-中卫","gid":"198740","time_insert":"2021-07-05 15:41"}
2024-12-17 00:50:59 查询号码 【1329955】，GSD为【"宁夏-中卫"】

2024-12-17 01:18:23 开始第 9957 次操作

2024-12-17 01:18:23 开始操作号码 【1329956】
2024-12-17 01:18:24 GSD getOne 第 1 次 等待 3 秒
2024-12-17 01:18:27 查询号码 【1329956】，返回信息 {"status":"ok","msg":"宁夏-吴忠","gid":"198730","time_insert":"2021-07-05 15:40"}
2024-12-17 01:18:27 查询号码 【1329956】，GSD为【"宁夏-吴忠"】

2024-12-17 01:18:28 开始第 9958 次操作

2024-12-17 01:18:28 开始操作号码 【1329957】
2024-12-17 01:18:29 GSD getOne 第 1 次 等待 3 秒
2024-12-17 01:18:32 查询号码 【1329957】，返回信息 {"status":"ok","msg":"宁夏-中卫","gid":"198715","time_insert":"2021-07-05 15:39"}
2024-12-17 01:18:33 查询号码 【1329957】，GSD为【"宁夏-中卫"】

2024-12-17 01:18:34 开始第 9959 次操作

2024-12-17 01:18:34 开始操作号码 【1329958】
2024-12-17 01:18:35 GSD getOne 第 1 次 等待 3 秒
2024-12-17 01:18:38 查询号码 【1329958】，返回信息 {"status":"ok","msg":"宁夏-银川","gid":"198699","time_insert":"2021-07-05 15:38"}
2024-12-17 01:18:38 查询号码 【1329958】，GSD为【"宁夏-银川"】

2024-12-17 01:18:39 开始第 9960 次操作

2024-12-17 01:18:39 开始操作号码 【1329959】
2024-12-17 01:18:40 GSD getOne 第 1 次 等待 3 秒
2024-12-17 01:18:43 查询号码 【1329959】，返回信息 {"status":"ok","msg":"宁夏-固原","gid":"198690","time_insert":"2021-07-05 15:37"}
2024-12-17 01:18:43 查询号码 【1329959】，GSD为【"宁夏-固原"】

2024-12-17 01:40:47 开始第 9961 次操作

2024-12-17 01:40:47 开始操作号码 【1329960】
2024-12-17 01:40:49 GSD getOne 第 1 次 等待 3 秒
2024-12-17 01:40:52 查询号码 【1329960】，返回信息 {"status":"ok","msg":"广西-柳州","gid":"198682","time_insert":"2021-07-05 15:37"}
2024-12-17 01:40:52 查询号码 【1329960】，GSD为【"广西-柳州"】

2024-12-17 01:40:53 开始第 9962 次操作

2024-12-17 01:40:53 开始操作号码 【1329961】
2024-12-17 01:40:54 GSD getOne 第 1 次 等待 3 秒
2024-12-17 01:40:57 查询号码 【1329961】，返回信息 {"status":"ok","msg":"广西-柳州","gid":"198673","time_insert":"2021-07-05 15:36"}
2024-12-17 01:40:57 查询号码 【1329961】，GSD为【"广西-柳州"】

2024-12-17 01:40:58 开始第 9963 次操作

2024-12-17 01:40:58 开始操作号码 【1329962】
2024-12-17 01:40:59 GSD getOne 第 1 次 等待 3 秒
2024-12-17 01:41:02 查询号码 【1329962】，返回信息 {"status":"ok","msg":"广西-柳州","gid":"198668","time_insert":"2021-07-05 15:35"}
2024-12-17 01:41:02 查询号码 【1329962】，GSD为【"广西-柳州"】

2024-12-17 01:41:03 开始第 9964 次操作

2024-12-17 01:41:03 开始操作号码 【1329963】
2024-12-17 01:41:04 GSD getOne 第 1 次 等待 3 秒
2024-12-17 01:41:07 查询号码 【1329963】，返回信息 {"status":"ok","msg":"广西-桂林","gid":"198664","time_insert":"2021-07-05 15:34"}
2024-12-17 01:41:07 查询号码 【1329963】，GSD为【"广西-桂林"】

2024-12-17 02:31:34 开始第 9965 次操作

2024-12-17 02:31:34 开始操作号码 【1329964】
2024-12-17 02:31:35 GSD getOne 第 1 次 等待 3 秒
2024-12-17 02:31:38 查询号码 【1329964】，返回信息 {"status":"ok","msg":"广西-柳州","gid":"198661","time_insert":"2021-07-05 15:33"}
2024-12-17 02:31:38 查询号码 【1329964】，GSD为【"广西-柳州"】

2024-12-17 02:31:39 开始第 9966 次操作

2024-12-17 02:31:39 开始操作号码 【1329965】
2024-12-17 02:31:40 GSD getOne 第 1 次 等待 3 秒
2024-12-17 02:31:43 查询号码 【1329965】，返回信息 {"status":"ok","msg":"广西-玉林","gid":"198656","time_insert":"2021-07-05 15:32"}
2024-12-17 02:31:43 查询号码 【1329965】，GSD为【"广西-玉林"】

2024-12-17 02:31:44 开始第 9967 次操作

2024-12-17 02:31:44 开始操作号码 【1329966】
2024-12-17 02:31:45 GSD getOne 第 1 次 等待 3 秒
2024-12-17 02:31:48 查询号码 【1329966】，返回信息 {"status":"ok","msg":"广西-玉林","gid":"198646","time_insert":"2021-07-05 15:26"}
2024-12-17 02:31:48 查询号码 【1329966】，GSD为【"广西-玉林"】

2024-12-17 02:31:49 开始第 9968 次操作

2024-12-17 02:31:49 开始操作号码 【1329967】
2024-12-17 02:31:51 GSD getOne 第 1 次 等待 3 秒
2024-12-17 02:31:54 查询号码 【1329967】，返回信息 {"status":"ok","msg":"广西-玉林","gid":"198645","time_insert":"2021-07-05 15:25"}
2024-12-17 02:31:54 查询号码 【1329967】，GSD为【"广西-玉林"】

