2024-01-11 00:14:20 开始第 8289 次操作

2024-01-11 00:14:20 开始操作号码 【1868182】
2024-01-11 00:14:23 GSD getOne 第 1 次 等待 3 秒
2024-01-11 00:14:26 查询号码 【1868182】，返回信息 {"status":"ok","msg":"陕西-西安","gid":"426667","time_insert":"2021-07-28 19:03"}
2024-01-11 00:14:26 查询号码 【1868182】，GSD为【"陕西-西安"】

2024-01-11 00:14:27 开始第 8290 次操作

2024-01-11 00:14:27 开始操作号码 【1868183】
2024-01-11 00:14:30 GSD getOne 第 1 次 等待 3 秒
2024-01-11 00:14:33 查询号码 【1868183】，返回信息 {"status":"ok","msg":"陕西-西安","gid":"426663","time_insert":"2021-07-28 19:03"}
2024-01-11 00:14:33 查询号码 【1868183】，GSD为【"陕西-西安"】

2024-01-11 00:14:34 开始第 8291 次操作

2024-01-11 00:14:34 开始操作号码 【1868184】
2024-01-11 00:14:38 GSD getOne 第 1 次 等待 3 秒
2024-01-11 00:14:41 查询号码 【1868184】，返回信息 {"status":"ok","msg":"陕西-西安","gid":"426658","time_insert":"2021-07-28 19:02"}
2024-01-11 00:14:41 查询号码 【1868184】，GSD为【"陕西-西安"】

2024-01-11 00:14:42 开始第 8292 次操作

2024-01-11 00:14:42 开始操作号码 【1868185】
2024-01-11 00:14:45 GSD getOne 第 1 次 等待 3 秒
2024-01-11 00:14:48 查询号码 【1868185】，返回信息 {"status":"ok","msg":"陕西-西安","gid":"41166","time_insert":"2017-02-01 10:54","time_update":"2020-12-10 09:01"}
2024-01-11 00:14:48 查询号码 【1868185】，GSD为【"陕西-西安"】

2024-01-11 00:38:36 开始第 8293 次操作

2024-01-11 00:38:36 开始操作号码 【1868186】
2024-01-11 00:38:40 GSD getOne 第 1 次 等待 3 秒
2024-01-11 00:38:43 查询号码 【1868186】，返回信息 {"status":"ok","msg":"陕西-西安","gid":"426651","time_insert":"2021-07-28 19:02"}
2024-01-11 00:38:43 查询号码 【1868186】，GSD为【"陕西-西安"】

2024-01-11 00:38:44 开始第 8294 次操作

2024-01-11 00:38:44 开始操作号码 【1868187】
2024-01-11 00:38:47 GSD getOne 第 1 次 等待 3 秒
2024-01-11 00:38:50 查询号码 【1868187】，返回信息 {"status":"ok","msg":"陕西-西安","gid":"426644","time_insert":"2021-07-28 19:01"}
2024-01-11 00:38:50 查询号码 【1868187】，GSD为【"陕西-西安"】

2024-01-11 00:38:51 开始第 8295 次操作

2024-01-11 00:38:51 开始操作号码 【1868188】
2024-01-11 00:38:54 GSD getOne 第 1 次 等待 3 秒
2024-01-11 00:38:57 查询号码 【1868188】，返回信息 {"status":"ok","msg":"陕西-西安","gid":"426635","time_insert":"2021-07-28 19:00"}
2024-01-11 00:38:57 查询号码 【1868188】，GSD为【"陕西-西安"】

2024-01-11 00:38:58 开始第 8296 次操作

2024-01-11 00:38:58 开始操作号码 【1868189】
2024-01-11 00:39:01 GSD getOne 第 1 次 等待 3 秒
2024-01-11 00:39:04 查询号码 【1868189】，返回信息 {"status":"ok","msg":"陕西-西安","gid":"426625","time_insert":"2021-07-28 19:00"}
2024-01-11 00:39:04 查询号码 【1868189】，GSD为【"陕西-西安"】

