2023-10-03 00:13:14 开始第 1221 次操作

2023-10-03 00:13:14 开始操作号码 【1961220】
2023-10-03 00:13:17 GSD getOne 第 1 次 等待 3 秒
2023-10-03 00:13:20 查询号码 【1961220】，返回信息 {"status":"ok","msg":"天津-天津","gid":"542522","time_insert":"2023-02-20 11:48"}
2023-10-03 00:13:20 查询号码 【1961220】，GSD为【"天津-天津"】

2023-10-03 00:13:21 开始第 1222 次操作

2023-10-03 00:13:21 开始操作号码 【1961221】
2023-10-03 00:13:26 GSD getOne 第 1 次 等待 3 秒
2023-10-03 00:13:29 查询号码 【1961221】，返回信息 {"status":"ok","msg":"天津-天津","gid":"542526","time_insert":"2023-02-20 11:50"}
2023-10-03 00:13:29 查询号码 【1961221】，GSD为【"天津-天津"】

2023-10-03 00:13:30 开始第 1223 次操作

2023-10-03 00:13:30 开始操作号码 【1961222】
2023-10-03 00:13:33 GSD getOne 第 1 次 等待 3 秒
2023-10-03 00:13:36 查询号码 【1961222】，返回信息 {"status":"ok","msg":"天津-天津","gid":"542528","time_insert":"2023-02-20 11:53"}
2023-10-03 00:13:36 查询号码 【1961222】，GSD为【"天津-天津"】

2023-10-03 00:13:37 开始第 1224 次操作

2023-10-03 00:13:37 开始操作号码 【1961223】
2023-10-03 00:13:40 GSD getOne 第 1 次 等待 3 秒
2023-10-03 00:13:43 查询号码 【1961223】，返回信息 {"status":"ok","msg":"天津-天津","gid":"542533","time_insert":"2023-02-20 11:55"}
2023-10-03 00:13:43 查询号码 【1961223】，GSD为【"天津-天津"】

2023-10-03 00:36:57 开始第 1225 次操作

2023-10-03 00:36:57 开始操作号码 【1961224】
2023-10-03 00:36:59 GSD getOne 第 1 次 等待 3 秒
2023-10-03 00:37:02 查询号码 【1961224】，返回信息 {"status":"ok","msg":"天津-天津","gid":"542553","time_insert":"2023-02-20 12:12"}
2023-10-03 00:37:02 查询号码 【1961224】，GSD为【"天津-天津"】

2023-10-03 00:37:03 开始第 1226 次操作

2023-10-03 00:37:03 开始操作号码 【1961225】
2023-10-03 00:37:06 GSD getOne 第 1 次 等待 3 秒
2023-10-03 00:37:09 查询号码 【1961225】，返回信息 {"status":"ok","msg":"天津-天津","gid":"542557","time_insert":"2023-02-20 12:14"}
2023-10-03 00:37:09 查询号码 【1961225】，GSD为【"天津-天津"】

2023-10-03 00:37:10 开始第 1227 次操作

2023-10-03 00:37:10 开始操作号码 【1961226】
2023-10-03 00:37:12 GSD getOne 第 1 次 等待 3 秒
2023-10-03 00:37:15 查询号码 【1961226】，返回信息 {"status":"ok","msg":"天津-天津","gid":"542563","time_insert":"2023-02-20 12:16"}
2023-10-03 00:37:15 查询号码 【1961226】，GSD为【"天津-天津"】

2023-10-03 00:37:16 开始第 1228 次操作

2023-10-03 00:37:16 开始操作号码 【1961227】
2023-10-03 00:37:19 GSD getOne 第 1 次 等待 3 秒
2023-10-03 00:37:22 查询号码 【1961227】，返回信息 {"status":"ok","msg":"天津-天津","gid":"542570","time_insert":"2023-02-20 12:19"}
2023-10-03 00:37:22 查询号码 【1961227】，GSD为【"天津-天津"】

2023-10-03 01:09:40 开始第 1229 次操作

2023-10-03 01:09:40 开始操作号码 【1961228】
2023-10-03 01:09:43 GSD getOne 第 1 次 等待 3 秒
2023-10-03 01:09:46 查询号码 【1961228】，返回信息 {"status":"ok","msg":"天津-天津","gid":"542587","time_insert":"2023-02-20 12:33"}
2023-10-03 01:09:46 查询号码 【1961228】，GSD为【"天津-天津"】

2023-10-03 01:09:48 开始第 1230 次操作

2023-10-03 01:09:48 开始操作号码 【1961229】
2023-10-03 01:09:50 GSD getOne 第 1 次 等待 3 秒
2023-10-03 01:09:53 查询号码 【1961229】，返回信息 {"status":"ok","msg":"天津-天津","gid":"542591","time_insert":"2023-02-20 12:36"}
2023-10-03 01:09:53 查询号码 【1961229】，GSD为【"天津-天津"】

2023-10-03 01:09:54 开始第 1231 次操作

2023-10-03 01:09:54 开始操作号码 【1961230】
2023-10-03 01:09:57 GSD getOne 第 1 次 等待 3 秒
2023-10-03 01:10:00 查询号码 【1961230】，返回信息 {"status":"ok","msg":"重庆-重庆","gid":"542596","time_insert":"2023-02-20 12:39"}
2023-10-03 01:10:00 查询号码 【1961230】，GSD为【"重庆-重庆"】

2023-10-03 01:10:01 开始第 1232 次操作

2023-10-03 01:10:01 开始操作号码 【1961231】
2023-10-03 01:10:04 GSD getOne 第 1 次 等待 3 秒
2023-10-03 01:10:07 查询号码 【1961231】，返回信息 {"status":"ok","msg":"重庆-重庆","gid":"542600","time_insert":"2023-02-20 12:40"}
2023-10-03 01:10:07 查询号码 【1961231】，GSD为【"重庆-重庆"】

2023-10-03 01:34:27 开始第 1233 次操作

2023-10-03 01:34:27 开始操作号码 【1961232】
2023-10-03 01:34:39 GSD getOne 第 1 次 等待 3 秒
2023-10-03 01:34:42 查询号码 【1961232】，返回信息 {"status":"ok","msg":"重庆-重庆","gid":"542606","time_insert":"2023-02-20 12:44"}
2023-10-03 01:34:42 查询号码 【1961232】，GSD为【"重庆-重庆"】

2023-10-03 01:34:43 开始第 1234 次操作

2023-10-03 01:34:43 开始操作号码 【1961233】
2023-10-03 01:34:46 GSD getOne 第 1 次 等待 3 秒
2023-10-03 01:34:49 查询号码 【1961233】，返回信息 {"status":"ok","msg":"重庆-重庆","gid":"542610","time_insert":"2023-02-20 12:46"}
2023-10-03 01:34:49 查询号码 【1961233】，GSD为【"重庆-重庆"】

2023-10-03 01:34:50 开始第 1235 次操作

2023-10-03 01:34:50 开始操作号码 【1961234】
2023-10-03 01:34:53 GSD getOne 第 1 次 等待 3 秒
2023-10-03 01:34:56 查询号码 【1961234】，返回信息 {"status":"ok","msg":"重庆-重庆","gid":"542616","time_insert":"2023-02-20 12:49"}
2023-10-03 01:34:56 查询号码 【1961234】，GSD为【"重庆-重庆"】

2023-10-03 01:34:57 开始第 1236 次操作

2023-10-03 01:34:57 开始操作号码 【1961235】
2023-10-03 01:34:59 GSD getOne 第 1 次 等待 3 秒
2023-10-03 01:35:02 查询号码 【1961235】，返回信息 {"status":"ok","msg":"重庆-重庆","gid":"542620","time_insert":"2023-02-20 12:52"}
2023-10-03 01:35:02 查询号码 【1961235】，GSD为【"重庆-重庆"】

