2024-04-16 00:13:20 开始第 3889 次操作

2024-04-16 00:13:20 开始操作号码 【1643783】
2024-04-16 00:13:24 GSD getOne 第 1 次 等待 3 秒
2024-04-16 00:13:27 查询号码 【1643783】，返回信息 {"status":"ok","msg":"-","gid":"594539","time_insert":"2023-03-16 14:01"}
2024-04-16 00:13:28 查询号码 【1643783】，GSD为【"-"】
2024-04-16 00:13:28 ok && -
2024-04-16 00:13:29 CHB 1643783?1713197608 第 1 次 等待 3 秒
2024-04-16 00:13:32 CHB 1643783?1713197608 第 1 次 获取到号码【1643783】GSD
2024-04-16 00:13:32 未获取到号码【1643783】GSD，可能号码格式错误
2024-04-16 00:13:32 获取到号码【1643783】的GSD为【-】
2024-04-16 00:13:37 GSD insert 第 1 次 等待 3 秒
2024-04-16 00:13:40 {"status":"bad","gid":"594539","msg":"添加失败！号码【1643783(-|-)】已存在！"}
2024-04-16 00:13:40 随机等待 143 秒，约 2 分钟
2024-04-16 00:13:40 下次操作: 2024-04-16 00:16:03

2024-04-16 00:16:03 开始第 3890 次操作

2024-04-16 00:16:03 开始操作号码 【1643784】
2024-04-16 00:16:08 GSD getOne 第 1 次 等待 3 秒
2024-04-16 00:16:11 查询号码 【1643784】，返回信息 {"status":"ok","msg":"-","gid":"594549","time_insert":"2023-03-16 14:12"}
2024-04-16 00:16:11 查询号码 【1643784】，GSD为【"-"】
2024-04-16 00:16:11 ok && -
2024-04-16 00:16:12 CHB 1643784?1713197771 第 1 次 等待 3 秒
2024-04-16 00:16:15 CHB 1643784?1713197771 第 1 次 获取到号码【1643784】GSD
2024-04-16 00:16:16 未获取到号码【1643784】GSD，可能号码格式错误
2024-04-16 00:16:16 获取到号码【1643784】的GSD为【-】
2024-04-16 00:16:21 GSD insert 第 1 次 等待 3 秒
2024-04-16 00:16:24 {"status":"bad","gid":"594549","msg":"添加失败！号码【1643784(-|-)】已存在！"}
2024-04-16 00:16:24 随机等待 158 秒，约 2 分钟
2024-04-16 00:16:24 下次操作: 2024-04-16 00:19:02

2024-04-16 00:19:02 开始第 3891 次操作

2024-04-16 00:19:02 开始操作号码 【1643785】
2024-04-16 00:19:07 GSD getOne 第 1 次 等待 3 秒
2024-04-16 00:19:10 查询号码 【1643785】，返回信息 {"status":"ok","msg":"-","gid":"594582","time_insert":"2023-03-16 14:32"}
2024-04-16 00:19:10 查询号码 【1643785】，GSD为【"-"】
2024-04-16 00:19:10 ok && -
2024-04-16 00:19:12 CHB 1643785?1713197950 第 1 次 等待 3 秒
2024-04-16 00:19:15 CHB 1643785?1713197950 第 1 次 获取到号码【1643785】GSD
2024-04-16 00:19:15 未获取到号码【1643785】GSD，可能号码格式错误
2024-04-16 00:19:15 获取到号码【1643785】的GSD为【-】
2024-04-16 00:19:19 GSD insert 第 1 次 等待 3 秒
2024-04-16 00:19:22 {"status":"bad","gid":"594582","msg":"添加失败！号码【1643785(-|-)】已存在！"}
2024-04-16 00:19:22 随机等待 211 秒，约 3 分钟
2024-04-16 00:19:22 下次操作: 2024-04-16 00:22:53

2024-04-16 00:22:53 开始第 3892 次操作

2024-04-16 00:22:53 开始操作号码 【1643786】
2024-04-16 00:22:58 GSD getOne 第 1 次 等待 3 秒
2024-04-16 00:23:01 查询号码 【1643786】，返回信息 {"status":"ok","msg":"-","gid":"594599","time_insert":"2023-03-16 14:46"}
2024-04-16 00:23:01 查询号码 【1643786】，GSD为【"-"】
2024-04-16 00:23:01 ok && -
2024-04-16 00:23:02 CHB 1643786?1713198181 第 1 次 等待 3 秒
2024-04-16 00:23:05 CHB 1643786?1713198181 第 1 次 获取到号码【1643786】GSD
2024-04-16 00:23:05 未获取到号码【1643786】GSD，可能号码格式错误
2024-04-16 00:23:05 获取到号码【1643786】的GSD为【-】
2024-04-16 00:23:11 GSD insert 第 1 次 等待 3 秒
2024-04-16 00:23:14 {"status":"bad","gid":"594599","msg":"添加失败！号码【1643786(-|-)】已存在！"}

2024-04-16 00:34:05 开始第 3893 次操作

2024-04-16 00:34:05 开始操作号码 【1643787】
2024-04-16 00:34:11 GSD getOne 第 1 次 等待 3 秒
2024-04-16 00:34:14 查询号码 【1643787】，返回信息 {"status":"ok","msg":"-","gid":"594619","time_insert":"2023-03-16 14:56"}
2024-04-16 00:34:14 查询号码 【1643787】，GSD为【"-"】
2024-04-16 00:34:14 ok && -
2024-04-16 00:34:16 CHB 1643787?1713198854 第 1 次 等待 3 秒
2024-04-16 00:34:19 CHB 1643787?1713198854 第 1 次 获取到号码【1643787】GSD
2024-04-16 00:34:19 未获取到号码【1643787】GSD，可能号码格式错误
2024-04-16 00:34:19 获取到号码【1643787】的GSD为【-】
2024-04-16 00:34:24 GSD insert 第 1 次 等待 3 秒
2024-04-16 00:34:27 {"status":"bad","gid":"594619","msg":"添加失败！号码【1643787(-|-)】已存在！"}
2024-04-16 00:34:27 随机等待 165 秒，约 2 分钟
2024-04-16 00:34:27 下次操作: 2024-04-16 00:37:12

2024-04-16 00:37:12 开始第 3894 次操作

2024-04-16 00:37:12 开始操作号码 【1643788】
2024-04-16 00:37:21 GSD getOne 第 1 次 等待 3 秒
2024-04-16 00:37:24 查询号码 【1643788】，返回信息 {"status":"ok","msg":"-","gid":"594634","time_insert":"2023-03-16 15:06"}
2024-04-16 00:37:24 查询号码 【1643788】，GSD为【"-"】
2024-04-16 00:37:24 ok && -
2024-04-16 00:37:26 CHB 1643788?1713199044 第 1 次 等待 3 秒
2024-04-16 00:37:29 CHB 1643788?1713199044 第 1 次 获取到号码【1643788】GSD
2024-04-16 00:37:29 未获取到号码【1643788】GSD，可能号码格式错误
2024-04-16 00:37:29 获取到号码【1643788】的GSD为【-】
2024-04-16 00:37:35 GSD insert 第 1 次 等待 3 秒
2024-04-16 00:37:38 {"status":"bad","gid":"594634","msg":"添加失败！号码【1643788(-|-)】已存在！"}
2024-04-16 00:37:38 随机等待 151 秒，约 2 分钟
2024-04-16 00:37:38 下次操作: 2024-04-16 00:40:09

2024-04-16 00:40:09 开始第 3895 次操作

2024-04-16 00:40:09 开始操作号码 【1643789】
2024-04-16 00:40:13 GSD getOne 第 1 次 等待 3 秒
2024-04-16 00:40:16 查询号码 【1643789】，返回信息 {"status":"ok","msg":"-","gid":"594671","time_insert":"2023-03-16 15:30"}
2024-04-16 00:40:17 查询号码 【1643789】，GSD为【"-"】
2024-04-16 00:40:17 ok && -
2024-04-16 00:40:19 CHB 1643789?1713199217 第 1 次 等待 3 秒
2024-04-16 00:40:22 CHB 1643789?1713199217 第 1 次 获取到号码【1643789】GSD
2024-04-16 00:40:22 未获取到号码【1643789】GSD，可能号码格式错误
2024-04-16 00:40:22 获取到号码【1643789】的GSD为【-】
2024-04-16 00:40:27 GSD insert 第 1 次 等待 3 秒
2024-04-16 00:40:30 {"status":"bad","gid":"594671","msg":"添加失败！号码【1643789(-|-)】已存在！"}
2024-04-16 00:40:30 随机等待 136 秒，约 2 分钟
2024-04-16 00:40:30 下次操作: 2024-04-16 00:42:46

2024-04-16 00:42:46 开始第 3896 次操作

2024-04-16 00:42:46 开始操作号码 【1643790】
2024-04-16 00:42:51 GSD getOne 第 1 次 等待 3 秒
2024-04-16 00:42:54 查询号码 【1643790】，返回信息 {"status":"ok","msg":"-","gid":"594691","time_insert":"2023-03-16 15:41"}
2024-04-16 00:42:54 查询号码 【1643790】，GSD为【"-"】
2024-04-16 00:42:54 ok && -
2024-04-16 00:42:56 CHB 1643790?1713199374 第 1 次 等待 3 秒
2024-04-16 00:42:59 CHB 1643790?1713199374 第 1 次 获取到号码【1643790】GSD
2024-04-16 00:42:59 未获取到号码【1643790】GSD，可能号码格式错误
2024-04-16 00:42:59 获取到号码【1643790】的GSD为【-】
2024-04-16 00:43:04 GSD insert 第 1 次 等待 3 秒
2024-04-16 00:43:07 {"status":"bad","gid":"594691","msg":"添加失败！号码【1643790(-|-)】已存在！"}

2024-04-16 01:09:34 开始第 3897 次操作

2024-04-16 01:09:34 开始操作号码 【1643791】
2024-04-16 01:09:39 GSD getOne 第 1 次 等待 3 秒
2024-04-16 01:09:42 查询号码 【1643791】，返回信息 {"status":"ok","msg":"-","gid":"594716","time_insert":"2023-03-16 15:55"}
2024-04-16 01:09:42 查询号码 【1643791】，GSD为【"-"】
2024-04-16 01:09:42 ok && -
2024-04-16 01:09:45 CHB 1643791?1713200982 第 1 次 等待 3 秒
2024-04-16 01:09:48 CHB 1643791?1713200982 第 1 次 获取到号码【1643791】GSD
2024-04-16 01:09:48 未获取到号码【1643791】GSD，可能号码格式错误
2024-04-16 01:09:48 获取到号码【1643791】的GSD为【-】
2024-04-16 01:09:53 GSD insert 第 1 次 等待 3 秒
2024-04-16 01:09:56 {"status":"bad","gid":"594716","msg":"添加失败！号码【1643791(-|-)】已存在！"}
2024-04-16 01:09:56 随机等待 226 秒，约 3 分钟
2024-04-16 01:09:56 下次操作: 2024-04-16 01:13:42

2024-04-16 01:13:42 开始第 3898 次操作

2024-04-16 01:13:42 开始操作号码 【1643792】
2024-04-16 01:13:49 GSD getOne 第 1 次 等待 3 秒
2024-04-16 01:13:52 查询号码 【1643792】，返回信息 {"status":"ok","msg":"-","gid":"594733","time_insert":"2023-03-16 16:06"}
2024-04-16 01:13:52 查询号码 【1643792】，GSD为【"-"】
2024-04-16 01:13:52 ok && -
2024-04-16 01:13:56 CHB 1643792?1713201232 第 1 次 等待 3 秒
2024-04-16 01:13:59 CHB 1643792?1713201232 第 1 次 获取到号码【1643792】GSD
2024-04-16 01:13:59 未获取到号码【1643792】GSD，可能号码格式错误
2024-04-16 01:13:59 获取到号码【1643792】的GSD为【-】
2024-04-16 01:14:05 GSD insert 第 1 次 等待 3 秒
2024-04-16 01:14:08 {"status":"bad","gid":"594733","msg":"添加失败！号码【1643792(-|-)】已存在！"}
2024-04-16 01:14:08 随机等待 218 秒，约 3 分钟
2024-04-16 01:14:08 下次操作: 2024-04-16 01:17:46

2024-04-16 01:17:46 开始第 3899 次操作

2024-04-16 01:17:46 开始操作号码 【1643793】
2024-04-16 01:17:51 GSD getOne 第 1 次 等待 3 秒
2024-04-16 01:17:54 查询号码 【1643793】，返回信息 {"status":"ok","msg":"-","gid":"594751","time_insert":"2023-03-16 16:18"}
2024-04-16 01:17:54 查询号码 【1643793】，GSD为【"-"】
2024-04-16 01:17:54 ok && -
2024-04-16 01:17:56 CHB 1643793?1713201474 第 1 次 等待 3 秒
2024-04-16 01:17:59 CHB 1643793?1713201474 第 1 次 获取到号码【1643793】GSD
2024-04-16 01:17:59 未获取到号码【1643793】GSD，可能号码格式错误
2024-04-16 01:17:59 获取到号码【1643793】的GSD为【-】
2024-04-16 01:18:06 GSD insert 第 1 次 等待 3 秒
2024-04-16 01:18:09 {"status":"bad","gid":"594751","msg":"添加失败！号码【1643793(-|-)】已存在！"}
2024-04-16 01:18:09 随机等待 188 秒，约 3 分钟
2024-04-16 01:18:09 下次操作: 2024-04-16 01:21:17

2024-04-16 01:21:17 开始第 3900 次操作

2024-04-16 01:21:17 开始操作号码 【1643794】
2024-04-16 01:21:22 GSD getOne 第 1 次 等待 3 秒
2024-04-16 01:21:25 查询号码 【1643794】，返回信息 {"status":"ok","msg":"-","gid":"594772","time_insert":"2023-03-16 16:34"}
2024-04-16 01:21:25 查询号码 【1643794】，GSD为【"-"】
2024-04-16 01:21:25 ok && -
2024-04-16 01:21:29 CHB 1643794?1713201685 第 1 次 等待 3 秒
2024-04-16 01:21:32 CHB 1643794?1713201685 第 1 次 获取到号码【1643794】GSD
2024-04-16 01:21:32 未获取到号码【1643794】GSD，可能号码格式错误
2024-04-16 01:21:32 获取到号码【1643794】的GSD为【-】
2024-04-16 01:21:36 GSD insert 第 1 次 等待 3 秒
2024-04-16 01:21:39 {"status":"bad","gid":"594772","msg":"添加失败！号码【1643794(-|-)】已存在！"}

