2024-02-15 00:13:15 开始第 3845 次操作

2024-02-15 00:13:15 开始操作号码 【1753738】
2024-02-15 00:13:21 GSD getOne 第 1 次 等待 3 秒
2024-02-15 00:13:24 查询号码 【1753738】，返回信息 {"status":"ok","msg":"河南-新乡","gid":"172659","time_insert":"2021-07-02 08:07"}
2024-02-15 00:13:24 查询号码 【1753738】，GSD为【"河南-新乡"】

2024-02-15 00:13:25 开始第 3846 次操作

2024-02-15 00:13:25 开始操作号码 【1753739】
2024-02-15 00:13:31 GSD getOne 第 1 次 等待 3 秒
2024-02-15 00:13:34 查询号码 【1753739】，返回信息 {"status":"ok","msg":"河南-新乡","gid":"172660","time_insert":"2021-07-02 08:08"}
2024-02-15 00:13:34 查询号码 【1753739】，GSD为【"河南-新乡"】

2024-02-15 00:13:35 开始第 3847 次操作

2024-02-15 00:13:35 开始操作号码 【1753740】
2024-02-15 00:13:41 GSD getOne 第 1 次 等待 3 秒
2024-02-15 00:13:44 查询号码 【1753740】，返回信息 {"status":"ok","msg":"河南-许昌","gid":"55213","time_insert":"2021-03-04 14:47"}
2024-02-15 00:13:44 查询号码 【1753740】，GSD为【"河南-许昌"】

2024-02-15 00:13:45 开始第 3848 次操作

2024-02-15 00:13:45 开始操作号码 【1753741】
2024-02-15 00:13:53 GSD getOne 第 1 次 等待 3 秒
2024-02-15 00:13:56 查询号码 【1753741】，返回信息 {"status":"ok","msg":"河南-许昌","gid":"172662","time_insert":"2021-07-02 08:09"}
2024-02-15 00:13:56 查询号码 【1753741】，GSD为【"河南-许昌"】

2024-02-15 00:36:07 开始第 3849 次操作

2024-02-15 00:36:07 开始操作号码 【1753742】
2024-02-15 00:36:13 GSD getOne 第 1 次 等待 3 秒
2024-02-15 00:36:16 查询号码 【1753742】，返回信息 {"status":"ok","msg":"河南-许昌","gid":"172883","time_insert":"2021-07-02 10:15"}
2024-02-15 00:36:16 查询号码 【1753742】，GSD为【"河南-许昌"】

2024-02-15 00:36:17 开始第 3850 次操作

2024-02-15 00:36:17 开始操作号码 【1753743】
2024-02-15 00:36:22 GSD getOne 第 1 次 等待 3 秒
2024-02-15 00:36:25 查询号码 【1753743】，返回信息 {"status":"ok","msg":"河南-许昌","gid":"172887","time_insert":"2021-07-02 10:15"}
2024-02-15 00:36:25 查询号码 【1753743】，GSD为【"河南-许昌"】

2024-02-15 00:36:26 开始第 3851 次操作

2024-02-15 00:36:26 开始操作号码 【1753744】
2024-02-15 00:36:31 GSD getOne 第 1 次 等待 3 秒
2024-02-15 00:36:34 查询号码 【1753744】，返回信息 {"status":"ok","msg":"河南-许昌","gid":"172889","time_insert":"2021-07-02 10:16"}
2024-02-15 00:36:34 查询号码 【1753744】，GSD为【"河南-许昌"】

2024-02-15 00:36:35 开始第 3852 次操作

2024-02-15 00:36:35 开始操作号码 【1753745】
2024-02-15 00:36:42 GSD getOne 第 1 次 等待 3 秒
2024-02-15 00:36:45 查询号码 【1753745】，返回信息 {"status":"ok","msg":"河南-许昌","gid":"172892","time_insert":"2021-07-02 10:16"}
2024-02-15 00:36:45 查询号码 【1753745】，GSD为【"河南-许昌"】

2024-02-15 01:09:35 开始第 3853 次操作

2024-02-15 01:09:35 开始操作号码 【1753746】
2024-02-15 01:09:40 GSD getOne 第 1 次 等待 3 秒
2024-02-15 01:09:43 查询号码 【1753746】，返回信息 {"status":"ok","msg":"河南-许昌","gid":"172897","time_insert":"2021-07-02 10:17"}
2024-02-15 01:09:43 查询号码 【1753746】，GSD为【"河南-许昌"】

2024-02-15 01:09:44 开始第 3854 次操作

2024-02-15 01:09:44 开始操作号码 【1753747】
2024-02-15 01:09:49 GSD getOne 第 1 次 等待 3 秒
2024-02-15 01:09:52 查询号码 【1753747】，返回信息 {"status":"ok","msg":"河南-许昌","gid":"172902","time_insert":"2021-07-02 10:17"}
2024-02-15 01:09:52 查询号码 【1753747】，GSD为【"河南-许昌"】

2024-02-15 01:09:53 开始第 3855 次操作

2024-02-15 01:09:53 开始操作号码 【1753748】
2024-02-15 01:09:57 GSD getOne 第 1 次 等待 3 秒
2024-02-15 01:10:00 查询号码 【1753748】，返回信息 {"status":"ok","msg":"河南-许昌","gid":"172905","time_insert":"2021-07-02 10:18"}
2024-02-15 01:10:00 查询号码 【1753748】，GSD为【"河南-许昌"】

2024-02-15 01:10:01 开始第 3856 次操作

2024-02-15 01:10:01 开始操作号码 【1753749】
2024-02-15 01:10:06 GSD getOne 第 1 次 等待 3 秒
2024-02-15 01:10:09 查询号码 【1753749】，返回信息 {"status":"ok","msg":"河南-许昌","gid":"172908","time_insert":"2021-07-02 10:18"}
2024-02-15 01:10:09 查询号码 【1753749】，GSD为【"河南-许昌"】

