2024-02-13 00:13:02 开始第 3477 次操作

2024-02-13 00:13:02 开始操作号码 【1753370】
2024-02-13 00:13:09 GSD getOne 第 1 次 等待 3 秒
2024-02-13 00:13:12 查询号码 【1753370】，返回信息 {"status":"ok","msg":"河北-沧州","gid":"168596","time_insert":"2021-07-01 19:00"}
2024-02-13 00:13:12 查询号码 【1753370】，GSD为【"河北-沧州"】

2024-02-13 00:13:13 开始第 3478 次操作

2024-02-13 00:13:13 开始操作号码 【1753371】
2024-02-13 00:13:18 GSD getOne 第 1 次 等待 3 秒
2024-02-13 00:13:21 查询号码 【1753371】，返回信息 {"status":"ok","msg":"河北-沧州","gid":"168600","time_insert":"2021-07-01 19:01"}
2024-02-13 00:13:21 查询号码 【1753371】，GSD为【"河北-沧州"】

2024-02-13 00:13:22 开始第 3479 次操作

2024-02-13 00:13:22 开始操作号码 【1753372】
2024-02-13 00:13:26 GSD getOne 第 1 次 等待 3 秒
2024-02-13 00:13:29 查询号码 【1753372】，返回信息 {"status":"ok","msg":"河北-沧州","gid":"168608","time_insert":"2021-07-01 19:01"}
2024-02-13 00:13:29 查询号码 【1753372】，GSD为【"河北-沧州"】

2024-02-13 00:13:30 开始第 3480 次操作

2024-02-13 00:13:30 开始操作号码 【1753373】
2024-02-13 00:13:35 GSD getOne 第 1 次 等待 3 秒
2024-02-13 00:13:38 查询号码 【1753373】，返回信息 {"status":"ok","msg":"河北-沧州","gid":"168613","time_insert":"2021-07-01 19:02"}
2024-02-13 00:13:38 查询号码 【1753373】，GSD为【"河北-沧州"】

