2024-12-06 00:29:36 开始第 8201 次操作

2024-12-06 00:29:36 开始操作号码 【1328200】
2024-12-06 00:29:37 GSD getOne 第 1 次 等待 3 秒
2024-12-06 00:29:40 查询号码 【1328200】，返回信息 {"status":"ok","msg":"浙江-杭州","gid":"218383","time_insert":"2021-07-08 01:14"}
2024-12-06 00:29:40 查询号码 【1328200】，GSD为【"浙江-杭州"】

2024-12-06 00:29:41 开始第 8202 次操作

2024-12-06 00:29:41 开始操作号码 【1328201】
2024-12-06 00:29:42 GSD getOne 第 1 次 等待 3 秒
2024-12-06 00:29:45 查询号码 【1328201】，返回信息 {"status":"ok","msg":"浙江-杭州","gid":"218368","time_insert":"2021-07-08 01:13"}
2024-12-06 00:29:45 查询号码 【1328201】，GSD为【"浙江-杭州"】

2024-12-06 00:29:46 开始第 8203 次操作

2024-12-06 00:29:46 开始操作号码 【1328202】
2024-12-06 00:29:47 GSD getOne 第 1 次 等待 3 秒
2024-12-06 00:29:50 查询号码 【1328202】，返回信息 {"status":"ok","msg":"浙江-杭州","gid":"218357","time_insert":"2021-07-08 01:12"}
2024-12-06 00:29:50 查询号码 【1328202】，GSD为【"浙江-杭州"】

2024-12-06 00:29:51 开始第 8204 次操作

2024-12-06 00:29:51 开始操作号码 【1328203】
2024-12-06 00:29:52 GSD getOne 第 1 次 等待 3 秒
2024-12-06 00:29:55 查询号码 【1328203】，返回信息 {"status":"ok","msg":"浙江-杭州","gid":"218347","time_insert":"2021-07-08 01:11"}
2024-12-06 00:29:55 查询号码 【1328203】，GSD为【"浙江-杭州"】

