2023-12-04 00:12:18 开始第 1317 次操作

2023-12-04 00:12:18 开始操作号码 【1861210】
2023-12-04 00:12:25 GSD getOne 第 1 次 等待 3 秒
2023-12-04 00:12:28 查询号码 【1861210】，返回信息 {"status":"ok","msg":"北京-北京","gid":"428383","time_insert":"2021-07-29 00:05"}
2023-12-04 00:12:28 查询号码 【1861210】，GSD为【"北京-北京"】

2023-12-04 00:12:29 开始第 1318 次操作

2023-12-04 00:12:29 开始操作号码 【1861211】
2023-12-04 00:12:34 GSD getOne 第 1 次 等待 3 秒
2023-12-04 00:12:37 查询号码 【1861211】，返回信息 {"status":"ok","msg":"北京-北京","gid":"428510","time_insert":"2021-07-29 00:16"}
2023-12-04 00:12:37 查询号码 【1861211】，GSD为【"北京-北京"】

2023-12-04 00:12:38 开始第 1319 次操作

2023-12-04 00:12:38 开始操作号码 【1861212】
2023-12-04 00:12:42 GSD getOne 第 1 次 等待 3 秒
2023-12-04 00:12:45 查询号码 【1861212】，返回信息 {"status":"ok","msg":"北京-北京","gid":"428594","time_insert":"2021-07-29 00:27"}
2023-12-04 00:12:45 查询号码 【1861212】，GSD为【"北京-北京"】

2023-12-04 00:12:46 开始第 1320 次操作

2023-12-04 00:12:46 开始操作号码 【1861213】
2023-12-04 00:12:49 GSD getOne 第 1 次 等待 3 秒
2023-12-04 00:12:52 查询号码 【1861213】，返回信息 {"status":"ok","msg":"北京-北京","gid":"428626","time_insert":"2021-07-29 00:38"}
2023-12-04 00:12:53 查询号码 【1861213】，GSD为【"北京-北京"】

