2024-03-04 00:11:19 开始第 7161 次操作

2024-03-04 00:11:19 开始操作号码 【1757054】
2024-03-04 00:11:24 GSD getOne 第 1 次 等待 3 秒
2024-03-04 00:11:27 查询号码 【1757054】，返回信息 {"status":"ok","msg":"湖南-郴州","gid":"212762","time_insert":"2021-07-07 07:48"}
2024-03-04 00:11:27 查询号码 【1757054】，GSD为【"湖南-郴州"】

2024-03-04 00:11:28 开始第 7162 次操作

2024-03-04 00:11:28 开始操作号码 【1757055】
2024-03-04 00:11:35 GSD getOne 第 1 次 等待 3 秒
2024-03-04 00:11:38 查询号码 【1757055】，返回信息 {"status":"ok","msg":"湖南-郴州","gid":"212771","time_insert":"2021-07-07 07:49"}
2024-03-04 00:11:38 查询号码 【1757055】，GSD为【"湖南-郴州"】

2024-03-04 00:11:39 开始第 7163 次操作

2024-03-04 00:11:39 开始操作号码 【1757056】
2024-03-04 00:11:44 GSD getOne 第 1 次 等待 3 秒
2024-03-04 00:11:47 查询号码 【1757056】，返回信息 {"status":"ok","msg":"湖南-郴州","gid":"212781","time_insert":"2021-07-07 07:50"}
2024-03-04 00:11:47 查询号码 【1757056】，GSD为【"湖南-郴州"】

2024-03-04 00:11:48 开始第 7164 次操作

2024-03-04 00:11:48 开始操作号码 【1757057】
2024-03-04 00:11:52 GSD getOne 第 1 次 等待 3 秒
2024-03-04 00:11:55 查询号码 【1757057】，返回信息 {"status":"ok","msg":"湖南-郴州","gid":"212792","time_insert":"2021-07-07 07:51"}
2024-03-04 00:11:55 查询号码 【1757057】，GSD为【"湖南-郴州"】

