2024-02-07 00:12:36 开始第 2373 次操作

2024-02-07 00:12:36 开始操作号码 【1752266】
2024-02-07 00:12:40 GSD getOne 第 1 次 等待 3 秒
2024-02-07 00:12:43 查询号码 【1752266】，返回信息 {"status":"ok","msg":"天津-天津","gid":"156292","time_insert":"2021-06-29 21:45"}
2024-02-07 00:12:43 查询号码 【1752266】，GSD为【"天津-天津"】

2024-02-07 00:12:44 开始第 2374 次操作

2024-02-07 00:12:44 开始操作号码 【1752267】
2024-02-07 00:12:48 GSD getOne 第 1 次 等待 3 秒
2024-02-07 00:12:51 查询号码 【1752267】，返回信息 {"status":"ok","msg":"天津-天津","gid":"156296","time_insert":"2021-06-29 21:45"}
2024-02-07 00:12:51 查询号码 【1752267】，GSD为【"天津-天津"】

2024-02-07 00:12:52 开始第 2375 次操作

2024-02-07 00:12:52 开始操作号码 【1752268】
2024-02-07 00:12:57 GSD getOne 第 1 次 等待 3 秒
2024-02-07 00:13:00 查询号码 【1752268】，返回信息 {"status":"ok","msg":"天津-天津","gid":"156300","time_insert":"2021-06-29 21:46"}
2024-02-07 00:13:00 查询号码 【1752268】，GSD为【"天津-天津"】

2024-02-07 00:13:01 开始第 2376 次操作

2024-02-07 00:13:01 开始操作号码 【1752269】
2024-02-07 00:13:05 GSD getOne 第 1 次 等待 3 秒
2024-02-07 00:13:08 查询号码 【1752269】，返回信息 {"status":"ok","msg":"天津-天津","gid":"156305","time_insert":"2021-06-29 21:46"}
2024-02-07 00:13:08 查询号码 【1752269】，GSD为【"天津-天津"】

2024-02-07 00:35:50 开始第 2377 次操作

2024-02-07 00:35:50 开始操作号码 【1752270】
2024-02-07 00:35:55 GSD getOne 第 1 次 等待 3 秒
2024-02-07 00:35:58 查询号码 【1752270】，返回信息 {"status":"ok","msg":"天津-天津","gid":"156310","time_insert":"2021-06-29 21:46"}
2024-02-07 00:35:58 查询号码 【1752270】，GSD为【"天津-天津"】

2024-02-07 00:35:59 开始第 2378 次操作

2024-02-07 00:35:59 开始操作号码 【1752271】
2024-02-07 00:36:02 GSD getOne 第 1 次 等待 3 秒
2024-02-07 00:36:05 查询号码 【1752271】，返回信息 {"status":"ok","msg":"天津-天津","gid":"156314","time_insert":"2021-06-29 21:47"}
2024-02-07 00:36:06 查询号码 【1752271】，GSD为【"天津-天津"】

2024-02-07 00:36:07 开始第 2379 次操作

2024-02-07 00:36:07 开始操作号码 【1752272】
2024-02-07 00:36:11 GSD getOne 第 1 次 等待 3 秒
2024-02-07 00:36:14 查询号码 【1752272】，返回信息 {"status":"ok","msg":"天津-天津","gid":"156319","time_insert":"2021-06-29 21:47"}
2024-02-07 00:36:14 查询号码 【1752272】，GSD为【"天津-天津"】

2024-02-07 00:36:15 开始第 2380 次操作

2024-02-07 00:36:15 开始操作号码 【1752273】
2024-02-07 00:36:19 GSD getOne 第 1 次 等待 3 秒
2024-02-07 00:36:22 查询号码 【1752273】，返回信息 {"status":"ok","msg":"天津-天津","gid":"156325","time_insert":"2021-06-29 21:48"}
2024-02-07 00:36:22 查询号码 【1752273】，GSD为【"天津-天津"】

2024-02-07 01:09:26 开始第 2381 次操作

2024-02-07 01:09:26 开始操作号码 【1752274】
2024-02-07 01:09:31 GSD getOne 第 1 次 等待 3 秒
2024-02-07 01:09:34 查询号码 【1752274】，返回信息 {"status":"ok","msg":"天津-天津","gid":"156334","time_insert":"2021-06-29 21:48"}
2024-02-07 01:09:34 查询号码 【1752274】，GSD为【"天津-天津"】

2024-02-07 01:09:35 开始第 2382 次操作

2024-02-07 01:09:35 开始操作号码 【1752275】
2024-02-07 01:09:39 GSD getOne 第 1 次 等待 3 秒
2024-02-07 01:09:42 查询号码 【1752275】，返回信息 {"status":"ok","msg":"天津-天津","gid":"156342","time_insert":"2021-06-29 21:49"}
2024-02-07 01:09:42 查询号码 【1752275】，GSD为【"天津-天津"】

2024-02-07 01:09:43 开始第 2383 次操作

2024-02-07 01:09:43 开始操作号码 【1752276】
2024-02-07 01:09:47 GSD getOne 第 1 次 等待 3 秒
2024-02-07 01:09:50 查询号码 【1752276】，返回信息 {"status":"ok","msg":"天津-天津","gid":"156350","time_insert":"2021-06-29 21:50"}
2024-02-07 01:09:50 查询号码 【1752276】，GSD为【"天津-天津"】

2024-02-07 01:09:51 开始第 2384 次操作

2024-02-07 01:09:51 开始操作号码 【1752277】
2024-02-07 01:09:56 GSD getOne 第 1 次 等待 3 秒
2024-02-07 01:09:59 查询号码 【1752277】，返回信息 {"status":"ok","msg":"天津-天津","gid":"156359","time_insert":"2021-06-29 21:51"}
2024-02-07 01:09:59 查询号码 【1752277】，GSD为【"天津-天津"】

2024-02-07 01:34:12 开始第 2385 次操作

2024-02-07 01:34:12 开始操作号码 【1752278】
2024-02-07 01:34:20 GSD getOne 第 1 次 等待 3 秒
2024-02-07 01:34:23 查询号码 【1752278】，返回信息 {"status":"ok","msg":"天津-天津","gid":"156366","time_insert":"2021-06-29 21:52"}
2024-02-07 01:34:23 查询号码 【1752278】，GSD为【"天津-天津"】

2024-02-07 01:34:24 开始第 2386 次操作

2024-02-07 01:34:24 开始操作号码 【1752279】
2024-02-07 01:34:28 GSD getOne 第 1 次 等待 3 秒
2024-02-07 01:34:31 查询号码 【1752279】，返回信息 {"status":"ok","msg":"天津-天津","gid":"156374","time_insert":"2021-06-29 21:52"}
2024-02-07 01:34:31 查询号码 【1752279】，GSD为【"天津-天津"】

2024-02-07 01:34:32 开始第 2387 次操作

2024-02-07 01:34:32 开始操作号码 【1752280】
2024-02-07 01:34:37 GSD getOne 第 1 次 等待 3 秒
2024-02-07 01:34:40 查询号码 【1752280】，返回信息 {"status":"ok","msg":"天津-天津","gid":"156378","time_insert":"2021-06-29 21:53"}
2024-02-07 01:34:40 查询号码 【1752280】，GSD为【"天津-天津"】

2024-02-07 01:34:41 开始第 2388 次操作

2024-02-07 01:34:41 开始操作号码 【1752281】
2024-02-07 01:34:45 GSD getOne 第 1 次 等待 3 秒
2024-02-07 01:34:48 查询号码 【1752281】，返回信息 {"status":"ok","msg":"天津-天津","gid":"156383","time_insert":"2021-06-29 21:53"}
2024-02-07 01:34:48 查询号码 【1752281】，GSD为【"天津-天津"】

