2024-05-06 00:13:00 开始第 7553 次操作

2024-05-06 00:13:00 开始操作号码 【1647447】
2024-05-06 00:13:08 GSD getOne 第 1 次 等待 3 秒
2024-05-06 00:13:11 查询号码 【1647447】，返回信息 {"status":"ok","msg":"-","gid":"671414","time_insert":"2023-04-22 20:15"}
2024-05-06 00:13:11 查询号码 【1647447】，GSD为【"-"】
2024-05-06 00:13:11 ok && -
2024-05-06 00:13:14 CHB 1647447?1714925591 第 1 次 等待 3 秒
2024-05-06 00:13:17 CHB 1647447?1714925591 第 1 次 获取到号码【1647447】GSD
2024-05-06 00:13:17 未获取到号码【1647447】GSD，可能号码格式错误
2024-05-06 00:13:17 获取到号码【1647447】的GSD为【-】
2024-05-06 00:13:24 GSD insert 第 1 次 等待 3 秒
2024-05-06 00:13:27 {"status":"bad","gid":"671414","msg":"添加失败！号码【1647447(-|-)】已存在！"}
2024-05-06 00:13:27 随机等待 87 秒，约 1 分钟
2024-05-06 00:13:27 下次操作: 2024-05-06 00:14:54

2024-05-06 00:14:54 开始第 7554 次操作

2024-05-06 00:14:54 开始操作号码 【1647448】
2024-05-06 00:15:01 GSD getOne 第 1 次 等待 3 秒
2024-05-06 00:15:04 查询号码 【1647448】，返回信息 {"status":"ok","msg":"-","gid":"671402","time_insert":"2023-04-22 20:00"}
2024-05-06 00:15:04 查询号码 【1647448】，GSD为【"-"】
2024-05-06 00:15:04 ok && -
2024-05-06 00:15:06 CHB 1647448?1714925704 第 1 次 等待 3 秒
2024-05-06 00:15:09 CHB 1647448?1714925704 第 1 次 获取到号码【1647448】GSD
2024-05-06 00:15:09 未获取到号码【1647448】GSD，可能号码格式错误
2024-05-06 00:15:09 获取到号码【1647448】的GSD为【-】
2024-05-06 00:15:23 GSD insert 第 1 次 等待 3 秒
2024-05-06 00:15:26 {"status":"bad","gid":"671402","msg":"添加失败！号码【1647448(-|-)】已存在！"}
2024-05-06 00:15:26 随机等待 67 秒，约 1 分钟
2024-05-06 00:15:26 下次操作: 2024-05-06 00:16:33

2024-05-06 00:16:33 开始第 7555 次操作

2024-05-06 00:16:33 开始操作号码 【1647449】
2024-05-06 00:16:38 GSD getOne 第 1 次 等待 3 秒
2024-05-06 00:16:41 查询号码 【1647449】，返回信息 {"status":"ok","msg":"-","gid":"671398","time_insert":"2023-04-22 19:58"}
2024-05-06 00:16:41 查询号码 【1647449】，GSD为【"-"】
2024-05-06 00:16:41 ok && -
2024-05-06 00:16:43 CHB 1647449?1714925801 第 1 次 等待 3 秒
2024-05-06 00:16:46 CHB 1647449?1714925801 第 1 次 获取到号码【1647449】GSD
2024-05-06 00:16:46 未获取到号码【1647449】GSD，可能号码格式错误
2024-05-06 00:16:46 获取到号码【1647449】的GSD为【-】
2024-05-06 00:16:52 GSD insert 第 1 次 等待 3 秒
2024-05-06 00:16:55 {"status":"bad","gid":"671398","msg":"添加失败！号码【1647449(-|-)】已存在！"}
2024-05-06 00:16:55 随机等待 96 秒，约 1 分钟
2024-05-06 00:16:55 下次操作: 2024-05-06 00:18:31

2024-05-06 00:18:31 开始第 7556 次操作

2024-05-06 00:18:31 开始操作号码 【1647450】
2024-05-06 00:18:36 GSD getOne 第 1 次 等待 3 秒
2024-05-06 00:18:39 查询号码 【1647450】，返回信息 {"status":"ok","msg":"-","gid":"671396","time_insert":"2023-04-22 19:55"}
2024-05-06 00:18:39 查询号码 【1647450】，GSD为【"-"】
2024-05-06 00:18:39 ok && -
2024-05-06 00:18:41 CHB 1647450?1714925919 第 1 次 等待 3 秒
2024-05-06 00:18:44 CHB 1647450?1714925919 第 1 次 获取到号码【1647450】GSD
2024-05-06 00:18:44 未获取到号码【1647450】GSD，可能号码格式错误
2024-05-06 00:18:44 获取到号码【1647450】的GSD为【-】
2024-05-06 00:18:50 GSD insert 第 1 次 等待 3 秒
2024-05-06 00:18:53 {"status":"bad","gid":"671396","msg":"添加失败！号码【1647450(-|-)】已存在！"}

2024-05-06 00:35:48 开始第 7557 次操作

2024-05-06 00:35:48 开始操作号码 【1647451】
2024-05-06 00:35:56 GSD getOne 第 1 次 等待 3 秒
2024-05-06 00:35:59 查询号码 【1647451】，返回信息 {"status":"ok","msg":"-","gid":"671391","time_insert":"2023-04-22 19:53"}
2024-05-06 00:35:59 查询号码 【1647451】，GSD为【"-"】
2024-05-06 00:35:59 ok && -
2024-05-06 00:36:02 CHB 1647451?1714926959 第 1 次 等待 3 秒
2024-05-06 00:36:05 CHB 1647451?1714926959 第 1 次 获取到号码【1647451】GSD
2024-05-06 00:36:05 未获取到号码【1647451】GSD，可能号码格式错误
2024-05-06 00:36:05 获取到号码【1647451】的GSD为【-】
2024-05-06 00:36:13 GSD insert 第 1 次 等待 3 秒
2024-05-06 00:36:16 {"status":"bad","gid":"671391","msg":"添加失败！号码【1647451(-|-)】已存在！"}
2024-05-06 00:36:16 随机等待 147 秒，约 2 分钟
2024-05-06 00:36:16 下次操作: 2024-05-06 00:38:43

2024-05-06 00:38:43 开始第 7558 次操作

2024-05-06 00:38:43 开始操作号码 【1647452】
2024-05-06 00:38:54 GSD getOne 第 1 次 等待 3 秒
2024-05-06 00:38:57 查询号码 【1647452】，返回信息 {"status":"ok","msg":"-","gid":"671388","time_insert":"2023-04-22 19:50"}
2024-05-06 00:38:57 查询号码 【1647452】，GSD为【"-"】
2024-05-06 00:38:57 ok && -
2024-05-06 00:39:00 CHB 1647452?1714927137 第 1 次 等待 3 秒
2024-05-06 00:39:03 CHB 1647452?1714927137 第 1 次 获取到号码【1647452】GSD
2024-05-06 00:39:03 未获取到号码【1647452】GSD，可能号码格式错误
2024-05-06 00:39:03 获取到号码【1647452】的GSD为【-】
2024-05-06 00:39:09 GSD insert 第 1 次 等待 3 秒
2024-05-06 00:39:12 {"status":"bad","gid":"671388","msg":"添加失败！号码【1647452(-|-)】已存在！"}
2024-05-06 00:39:12 随机等待 139 秒，约 2 分钟
2024-05-06 00:39:12 下次操作: 2024-05-06 00:41:31

2024-05-06 00:41:31 开始第 7559 次操作

2024-05-06 00:41:31 开始操作号码 【1647453】
2024-05-06 00:41:40 GSD getOne 第 1 次 等待 3 秒
2024-05-06 00:41:43 查询号码 【1647453】，返回信息 {"status":"ok","msg":"-","gid":"671381","time_insert":"2023-04-22 19:47"}
2024-05-06 00:41:43 查询号码 【1647453】，GSD为【"-"】
2024-05-06 00:41:43 ok && -
2024-05-06 00:41:46 CHB 1647453?1714927303 第 1 次 等待 3 秒
2024-05-06 00:41:49 CHB 1647453?1714927303 第 1 次 获取到号码【1647453】GSD
2024-05-06 00:41:49 未获取到号码【1647453】GSD，可能号码格式错误
2024-05-06 00:41:49 获取到号码【1647453】的GSD为【-】
2024-05-06 00:41:55 GSD insert 第 1 次 等待 3 秒
2024-05-06 00:41:58 {"status":"bad","gid":"671381","msg":"添加失败！号码【1647453(-|-)】已存在！"}
2024-05-06 00:41:58 随机等待 218 秒，约 3 分钟
2024-05-06 00:41:58 下次操作: 2024-05-06 00:45:36

2024-05-06 00:45:36 开始第 7560 次操作

2024-05-06 00:45:36 开始操作号码 【1647454】
2024-05-06 00:45:54 GSD getOne 第 1 次 等待 3 秒
2024-05-06 00:45:57 查询号码 【1647454】，返回信息 {"status":"ok","msg":"-","gid":"671377","time_insert":"2023-04-22 19:44"}
2024-05-06 00:45:57 查询号码 【1647454】，GSD为【"-"】
2024-05-06 00:45:57 ok && -
2024-05-06 00:46:00 CHB 1647454?1714927557 第 1 次 等待 3 秒
2024-05-06 00:46:03 CHB 1647454?1714927557 第 1 次 获取到号码【1647454】GSD
2024-05-06 00:46:03 未获取到号码【1647454】GSD，可能号码格式错误
2024-05-06 00:46:03 获取到号码【1647454】的GSD为【-】
2024-05-06 00:46:12 GSD insert 第 1 次 等待 3 秒
2024-05-06 00:46:15 {"status":"bad","gid":"671377","msg":"添加失败！号码【1647454(-|-)】已存在！"}

2024-05-06 01:08:52 开始第 7561 次操作

2024-05-06 01:08:52 开始操作号码 【1647455】
2024-05-06 01:08:58 GSD getOne 第 1 次 等待 3 秒
2024-05-06 01:09:01 查询号码 【1647455】，返回信息 {"status":"ok","msg":"-","gid":"671374","time_insert":"2023-04-22 19:43"}
2024-05-06 01:09:01 查询号码 【1647455】，GSD为【"-"】
2024-05-06 01:09:01 ok && -
2024-05-06 01:09:03 CHB 1647455?1714928941 第 1 次 等待 3 秒
2024-05-06 01:09:06 CHB 1647455?1714928941 第 1 次 获取到号码【1647455】GSD
2024-05-06 01:09:06 未获取到号码【1647455】GSD，可能号码格式错误
2024-05-06 01:09:06 获取到号码【1647455】的GSD为【-】
2024-05-06 01:09:11 GSD insert 第 1 次 等待 3 秒
2024-05-06 01:09:14 {"status":"bad","gid":"671374","msg":"添加失败！号码【1647455(-|-)】已存在！"}
2024-05-06 01:09:14 随机等待 152 秒，约 2 分钟
2024-05-06 01:09:14 下次操作: 2024-05-06 01:11:46

2024-05-06 01:11:46 开始第 7562 次操作

2024-05-06 01:11:46 开始操作号码 【1647456】
2024-05-06 01:11:51 GSD getOne 第 1 次 等待 3 秒
2024-05-06 01:11:54 查询号码 【1647456】，返回信息 {"status":"ok","msg":"-","gid":"671370","time_insert":"2023-04-22 19:40"}
2024-05-06 01:11:54 查询号码 【1647456】，GSD为【"-"】
2024-05-06 01:11:54 ok && -
2024-05-06 01:11:56 CHB 1647456?1714929114 第 1 次 等待 3 秒
2024-05-06 01:11:59 CHB 1647456?1714929114 第 1 次 获取到号码【1647456】GSD
2024-05-06 01:11:59 未获取到号码【1647456】GSD，可能号码格式错误
2024-05-06 01:11:59 获取到号码【1647456】的GSD为【-】
2024-05-06 01:12:04 GSD insert 第 1 次 等待 3 秒
2024-05-06 01:12:07 {"status":"bad","gid":"671370","msg":"添加失败！号码【1647456(-|-)】已存在！"}
2024-05-06 01:12:07 随机等待 222 秒，约 3 分钟
2024-05-06 01:12:07 下次操作: 2024-05-06 01:15:49

2024-05-06 01:15:49 开始第 7563 次操作

2024-05-06 01:15:49 开始操作号码 【1647457】
2024-05-06 01:15:57 GSD getOne 第 1 次 等待 3 秒
2024-05-06 01:16:00 查询号码 【1647457】，返回信息 {"status":"ok","msg":"-","gid":"671367","time_insert":"2023-04-22 19:37"}
2024-05-06 01:16:00 查询号码 【1647457】，GSD为【"-"】
2024-05-06 01:16:00 ok && -
2024-05-06 01:16:02 CHB 1647457?1714929360 第 1 次 等待 3 秒
2024-05-06 01:16:05 CHB 1647457?1714929360 第 1 次 获取到号码【1647457】GSD
2024-05-06 01:16:05 未获取到号码【1647457】GSD，可能号码格式错误
2024-05-06 01:16:05 获取到号码【1647457】的GSD为【-】
2024-05-06 01:16:09 GSD insert 第 1 次 等待 3 秒
2024-05-06 01:16:12 {"status":"bad","gid":"671367","msg":"添加失败！号码【1647457(-|-)】已存在！"}
2024-05-06 01:16:12 随机等待 79 秒，约 1 分钟
2024-05-06 01:16:12 下次操作: 2024-05-06 01:17:31

2024-05-06 01:17:31 开始第 7564 次操作

2024-05-06 01:17:31 开始操作号码 【1647458】
2024-05-06 01:17:41 GSD getOne 第 1 次 等待 3 秒
2024-05-06 01:17:44 查询号码 【1647458】，返回信息 {"status":"ok","msg":"-","gid":"671363","time_insert":"2023-04-22 19:35"}
2024-05-06 01:17:44 查询号码 【1647458】，GSD为【"-"】
2024-05-06 01:17:44 ok && -
2024-05-06 01:17:46 CHB 1647458?1714929464 第 1 次 等待 3 秒
2024-05-06 01:17:49 CHB 1647458?1714929464 第 1 次 获取到号码【1647458】GSD
2024-05-06 01:17:49 未获取到号码【1647458】GSD，可能号码格式错误
2024-05-06 01:17:49 获取到号码【1647458】的GSD为【-】
2024-05-06 01:17:56 GSD insert 第 1 次 等待 3 秒
2024-05-06 01:17:59 {"status":"bad","gid":"671363","msg":"添加失败！号码【1647458(-|-)】已存在！"}

