2024-02-01 00:12:31 开始第 1269 次操作

2024-02-01 00:12:31 开始操作号码 【1751162】
2024-02-01 00:12:35 GSD getOne 第 1 次 等待 3 秒
2024-02-01 00:12:38 查询号码 【1751162】，返回信息 {"status":"ok","msg":"上海-上海","gid":"144903","time_insert":"2021-06-28 06:53"}
2024-02-01 00:12:38 查询号码 【1751162】，GSD为【"上海-上海"】

2024-02-01 00:12:39 开始第 1270 次操作

2024-02-01 00:12:39 开始操作号码 【1751163】
2024-02-01 00:12:44 GSD getOne 第 1 次 等待 3 秒
2024-02-01 00:12:47 查询号码 【1751163】，返回信息 {"status":"ok","msg":"上海-上海","gid":"144913","time_insert":"2021-06-28 06:54"}
2024-02-01 00:12:47 查询号码 【1751163】，GSD为【"上海-上海"】

2024-02-01 00:12:48 开始第 1271 次操作

2024-02-01 00:12:48 开始操作号码 【1751164】
2024-02-01 00:12:52 GSD getOne 第 1 次 等待 3 秒
2024-02-01 00:12:55 查询号码 【1751164】，返回信息 {"status":"ok","msg":"上海-上海","gid":"144921","time_insert":"2021-06-28 06:55"}
2024-02-01 00:12:55 查询号码 【1751164】，GSD为【"上海-上海"】

2024-02-01 00:12:56 开始第 1272 次操作

2024-02-01 00:12:56 开始操作号码 【1751165】
2024-02-01 00:13:00 GSD getOne 第 1 次 等待 3 秒
2024-02-01 00:13:03 查询号码 【1751165】，返回信息 {"status":"ok","msg":"上海-上海","gid":"144930","time_insert":"2021-06-28 06:55"}
2024-02-01 00:13:03 查询号码 【1751165】，GSD为【"上海-上海"】

