2024-03-12 00:12:48 开始第 8585 次操作

2024-03-12 00:12:48 开始操作号码 【1758478】
2024-03-12 00:12:52 GSD getOne 第 1 次 等待 3 秒
2024-03-12 00:12:55 查询号码 【1758478】，返回信息 {"status":"ok","msg":"贵州-遵义","gid":"231355","time_insert":"2021-07-09 13:48"}
2024-03-12 00:12:56 查询号码 【1758478】，GSD为【"贵州-遵义"】

2024-03-12 00:12:57 开始第 8586 次操作

2024-03-12 00:12:57 开始操作号码 【1758479】
2024-03-12 00:13:01 GSD getOne 第 1 次 等待 3 秒
2024-03-12 00:13:04 查询号码 【1758479】，返回信息 {"status":"ok","msg":"贵州-遵义","gid":"231365","time_insert":"2021-07-09 13:49"}
2024-03-12 00:13:04 查询号码 【1758479】，GSD为【"贵州-遵义"】

2024-03-12 00:13:05 开始第 8587 次操作

2024-03-12 00:13:05 开始操作号码 【1758480】
2024-03-12 00:13:10 GSD getOne 第 1 次 等待 3 秒
2024-03-12 00:13:13 查询号码 【1758480】，返回信息 {"status":"ok","msg":"贵州-安顺","gid":"231374","time_insert":"2021-07-09 13:50"}
2024-03-12 00:13:13 查询号码 【1758480】，GSD为【"贵州-安顺"】

2024-03-12 00:13:14 开始第 8588 次操作

2024-03-12 00:13:14 开始操作号码 【1758481】
2024-03-12 00:13:18 GSD getOne 第 1 次 等待 3 秒
2024-03-12 00:13:21 查询号码 【1758481】，返回信息 {"status":"ok","msg":"贵州-安顺","gid":"231379","time_insert":"2021-07-09 13:51"}
2024-03-12 00:13:21 查询号码 【1758481】，GSD为【"贵州-安顺"】

