2024-08-01 00:14:46 开始第 9237 次操作

2024-08-01 00:14:46 开始操作号码 【1539119】
2024-08-01 00:14:56 GSD getOne 第 1 次 等待 3 秒
2024-08-01 00:14:59 查询号码 【1539119】，返回信息 {"status":"ok","msg":"内蒙古-呼伦贝尔","gid":"375714","time_insert":"2021-07-24 09:44","time_update":"2021-07-30 12:09"}
2024-08-01 00:14:59 查询号码 【1539119】，GSD为【"内蒙古-呼伦贝尔"】

2024-08-01 00:15:00 开始第 9238 次操作

2024-08-01 00:15:00 开始操作号码 【1539120】
2024-08-01 00:15:08 GSD getOne 第 1 次 等待 3 秒
2024-08-01 00:15:11 查询号码 【1539120】，返回信息 {"status":"ok","msg":"内蒙古-包头","gid":"375702","time_insert":"2021-07-24 09:43"}
2024-08-01 00:15:12 查询号码 【1539120】，GSD为【"内蒙古-包头"】

2024-08-01 00:15:13 开始第 9239 次操作

2024-08-01 00:15:13 开始操作号码 【1539121】
2024-08-01 00:15:22 GSD getOne 第 1 次 等待 3 秒
2024-08-01 00:15:25 查询号码 【1539121】，返回信息 {"status":"ok","msg":"内蒙古-包头","gid":"375689","time_insert":"2021-07-24 09:43"}
2024-08-01 00:15:25 查询号码 【1539121】，GSD为【"内蒙古-包头"】

2024-08-01 00:15:26 开始第 9240 次操作

2024-08-01 00:15:26 开始操作号码 【1539122】
2024-08-01 00:15:34 GSD getOne 第 1 次 等待 3 秒
2024-08-01 00:15:37 查询号码 【1539122】，返回信息 {"status":"ok","msg":"内蒙古-乌兰察布","gid":"375678","time_insert":"2021-07-24 09:42"}
2024-08-01 00:15:37 查询号码 【1539122】，GSD为【"内蒙古-乌兰察布"】

2024-08-01 00:39:06 开始第 9241 次操作

2024-08-01 00:39:06 开始操作号码 【1539123】
2024-08-01 00:39:17 GSD getOne 第 1 次 等待 3 秒
2024-08-01 00:39:20 查询号码 【1539123】，返回信息 {"status":"ok","msg":"内蒙古-赤峰","gid":"375667","time_insert":"2021-07-24 09:41"}
2024-08-01 00:39:20 查询号码 【1539123】，GSD为【"内蒙古-赤峰"】

2024-08-01 00:39:21 开始第 9242 次操作

2024-08-01 00:39:21 开始操作号码 【1539124】
2024-08-01 00:39:30 GSD getOne 第 1 次 等待 3 秒
2024-08-01 00:39:33 查询号码 【1539124】，返回信息 {"status":"ok","msg":"内蒙古-赤峰","gid":"375652","time_insert":"2021-07-24 09:40"}
2024-08-01 00:39:33 查询号码 【1539124】，GSD为【"内蒙古-赤峰"】

2024-08-01 00:39:34 开始第 9243 次操作

2024-08-01 00:39:34 开始操作号码 【1539125】
2024-08-01 00:39:42 GSD getOne 第 1 次 等待 3 秒
2024-08-01 00:39:45 查询号码 【1539125】，返回信息 {"status":"ok","msg":"内蒙古-鄂尔多斯","gid":"375639","time_insert":"2021-07-24 09:40"}
2024-08-01 00:39:45 查询号码 【1539125】，GSD为【"内蒙古-鄂尔多斯"】

2024-08-01 00:39:46 开始第 9244 次操作

2024-08-01 00:39:46 开始操作号码 【1539126】
2024-08-01 00:39:56 GSD getOne 第 1 次 等待 3 秒
2024-08-01 00:39:59 查询号码 【1539126】，返回信息 {"status":"ok","msg":"内蒙古-鄂尔多斯","gid":"375627","time_insert":"2021-07-24 09:39"}
2024-08-01 00:39:59 查询号码 【1539126】，GSD为【"内蒙古-鄂尔多斯"】

2024-08-01 01:12:41 开始第 9245 次操作

2024-08-01 01:12:41 开始操作号码 【1539127】
2024-08-01 01:12:54 GSD getOne 第 1 次 等待 3 秒
2024-08-01 01:12:57 查询号码 【1539127】，返回信息 {"status":"ok","msg":"内蒙古-鄂尔多斯","gid":"375392","time_insert":"2021-07-24 08:01"}
2024-08-01 01:12:57 查询号码 【1539127】，GSD为【"内蒙古-鄂尔多斯"】

2024-08-01 01:12:58 开始第 9246 次操作

2024-08-01 01:12:58 开始操作号码 【1539128】
2024-08-01 01:13:06 GSD getOne 第 1 次 等待 3 秒
2024-08-01 01:13:10 查询号码 【1539128】，返回信息 {"status":"ok","msg":"内蒙古-兴安盟","gid":"375389","time_insert":"2021-07-24 08:01"}
2024-08-01 01:13:10 查询号码 【1539128】，GSD为【"内蒙古-兴安盟"】

2024-08-01 01:13:11 开始第 9247 次操作

2024-08-01 01:13:11 开始操作号码 【1539129】
2024-08-01 01:13:21 GSD getOne 第 1 次 等待 3 秒
2024-08-01 01:13:24 查询号码 【1539129】，返回信息 {"status":"ok","msg":"内蒙古-兴安盟","gid":"375383","time_insert":"2021-07-24 08:01"}
2024-08-01 01:13:24 查询号码 【1539129】，GSD为【"内蒙古-兴安盟"】

2024-08-01 01:13:25 开始第 9248 次操作

2024-08-01 01:13:25 开始操作号码 【1539130】
2024-08-01 01:13:35 GSD getOne 第 1 次 等待 3 秒
2024-08-01 01:13:38 查询号码 【1539130】，返回信息 {"status":"ok","msg":"云南-楚雄","gid":"375381","time_insert":"2021-07-24 08:00"}
2024-08-01 01:13:39 查询号码 【1539130】，GSD为【"云南-楚雄"】

2024-08-01 01:35:43 开始第 9249 次操作

2024-08-01 01:35:43 开始操作号码 【1539131】
2024-08-01 01:35:51 GSD getOne 第 1 次 等待 3 秒
2024-08-01 01:35:54 查询号码 【1539131】，返回信息 {"status":"ok","msg":"云南-红河","gid":"21501","time_insert":"2018-05-01 09:58","time_update":"2020-11-30 20:18"}
2024-08-01 01:35:54 查询号码 【1539131】，GSD为【"云南-红河"】

2024-08-01 01:35:55 开始第 9250 次操作

2024-08-01 01:35:55 开始操作号码 【1539132】
2024-08-01 01:36:04 GSD getOne 第 1 次 等待 3 秒
2024-08-01 01:36:07 查询号码 【1539132】，返回信息 {"status":"ok","msg":"云南-红河","gid":"375375","time_insert":"2021-07-24 07:59"}
2024-08-01 01:36:07 查询号码 【1539132】，GSD为【"云南-红河"】

2024-08-01 01:36:08 开始第 9251 次操作

2024-08-01 01:36:08 开始操作号码 【1539133】
2024-08-01 01:36:16 GSD getOne 第 1 次 等待 3 秒
2024-08-01 01:36:19 查询号码 【1539133】，返回信息 {"status":"ok","msg":"云南-昆明","gid":"51015","time_insert":"2021-04-22 09:02"}
2024-08-01 01:36:19 查询号码 【1539133】，GSD为【"云南-昆明"】

2024-08-01 01:36:20 开始第 9252 次操作

2024-08-01 01:36:20 开始操作号码 【1539134】
2024-08-01 01:36:28 GSD getOne 第 1 次 等待 3 秒
2024-08-01 01:36:31 查询号码 【1539134】，返回信息 {"status":"ok","msg":"云南-昆明","gid":"375367","time_insert":"2021-07-24 07:59"}
2024-08-01 01:36:31 查询号码 【1539134】，GSD为【"云南-昆明"】

