2024-06-27 00:15:14 开始第 2941 次操作

2024-06-27 00:15:14 开始操作号码 【1532824】
2024-06-27 00:15:37 GSD getOne 第 1 次 等待 3 秒
2024-06-27 00:15:40 查询号码 【1532824】，返回信息 {"status":"ok","msg":"四川-达州","gid":"20844","time_insert":"2016-10-09 20:56","time_update":"2020-10-21 20:09"}
2024-06-27 00:15:40 查询号码 【1532824】，GSD为【"四川-达州"】

2024-06-27 00:15:41 开始第 2942 次操作

2024-06-27 00:15:41 开始操作号码 【1532825】
2024-06-27 00:15:59 GSD getOne 第 1 次 等待 3 秒
2024-06-27 00:16:02 查询号码 【1532825】，返回信息 {"status":"ok","msg":"四川-巴中","gid":"20845","time_insert":"2018-06-23 09:51","time_update":"2020-10-21 20:13"}
2024-06-27 00:16:02 查询号码 【1532825】，GSD为【"四川-巴中"】

2024-06-27 00:16:03 开始第 2943 次操作

2024-06-27 00:16:03 开始操作号码 【1532826】
2024-06-27 00:16:23 GSD getOne 第 1 次 等待 3 秒
2024-06-27 00:16:26 查询号码 【1532826】，返回信息 {"status":"ok","msg":"四川-巴中","gid":"20846","time_insert":"2018-08-01 13:48","time_update":"2020-10-21 20:18"}
2024-06-27 00:16:26 查询号码 【1532826】，GSD为【"四川-巴中"】

2024-06-27 00:16:27 开始第 2944 次操作

2024-06-27 00:16:27 开始操作号码 【1532827】
2024-06-27 00:16:41 GSD getOne 第 1 次 等待 3 秒
2024-06-27 00:16:44 查询号码 【1532827】，返回信息 {"status":"ok","msg":"四川-巴中","gid":"20847","time_insert":"2018-01-22 13:40","time_update":"2020-10-21 20:21"}
2024-06-27 00:16:44 查询号码 【1532827】，GSD为【"四川-巴中"】

