2024-01-06 00:12:22 开始第 7377 次操作

2024-01-06 00:12:22 开始操作号码 【1867270】
2024-01-06 00:12:26 GSD getOne 第 1 次 等待 3 秒
2024-01-06 00:12:29 查询号码 【1867270】，返回信息 {"status":"ok","msg":"湖北-襄阳","gid":"434439","time_insert":"2021-07-29 15:10"}
2024-01-06 00:12:29 查询号码 【1867270】，GSD为【"湖北-襄阳"】

2024-01-06 00:12:30 开始第 7378 次操作

2024-01-06 00:12:30 开始操作号码 【1867271】
2024-01-06 00:12:34 GSD getOne 第 1 次 等待 3 秒
2024-01-06 00:12:37 查询号码 【1867271】，返回信息 {"status":"ok","msg":"湖北-襄阳","gid":"434435","time_insert":"2021-07-29 15:10"}
2024-01-06 00:12:37 查询号码 【1867271】，GSD为【"湖北-襄阳"】

2024-01-06 00:12:38 开始第 7379 次操作

2024-01-06 00:12:38 开始操作号码 【1867272】
2024-01-06 00:12:41 GSD getOne 第 1 次 等待 3 秒
2024-01-06 00:12:44 查询号码 【1867272】，返回信息 {"status":"ok","msg":"湖北-襄阳","gid":"434430","time_insert":"2021-07-29 15:09"}
2024-01-06 00:12:44 查询号码 【1867272】，GSD为【"湖北-襄阳"】

2024-01-06 00:12:45 开始第 7380 次操作

2024-01-06 00:12:45 开始操作号码 【1867273】
2024-01-06 00:12:48 GSD getOne 第 1 次 等待 3 秒
2024-01-06 00:12:51 查询号码 【1867273】，返回信息 {"status":"ok","msg":"湖北-随州","gid":"434421","time_insert":"2021-07-29 15:09"}
2024-01-06 00:12:51 查询号码 【1867273】，GSD为【"湖北-随州"】

2024-01-06 00:37:47 开始第 7381 次操作

2024-01-06 00:37:47 开始操作号码 【1867274】
2024-01-06 00:37:53 GSD getOne 第 1 次 等待 3 秒
2024-01-06 00:37:56 查询号码 【1867274】，返回信息 {"status":"ok","msg":"湖北-随州","gid":"434415","time_insert":"2021-07-29 15:08"}
2024-01-06 00:37:56 查询号码 【1867274】，GSD为【"湖北-随州"】

2024-01-06 00:37:57 开始第 7382 次操作

2024-01-06 00:37:57 开始操作号码 【1867275】
2024-01-06 00:38:00 GSD getOne 第 1 次 等待 3 秒
2024-01-06 00:38:03 查询号码 【1867275】，返回信息 {"status":"ok","msg":"湖北-武汉","gid":"434403","time_insert":"2021-07-29 15:08"}
2024-01-06 00:38:03 查询号码 【1867275】，GSD为【"湖北-武汉"】

2024-01-06 00:38:04 开始第 7383 次操作

2024-01-06 00:38:04 开始操作号码 【1867276】
2024-01-06 00:38:07 GSD getOne 第 1 次 等待 3 秒
2024-01-06 00:38:10 查询号码 【1867276】，返回信息 {"status":"ok","msg":"湖北-武汉","gid":"434394","time_insert":"2021-07-29 15:07"}
2024-01-06 00:38:10 查询号码 【1867276】，GSD为【"湖北-武汉"】

2024-01-06 00:38:11 开始第 7384 次操作

2024-01-06 00:38:11 开始操作号码 【1867277】
2024-01-06 00:38:14 GSD getOne 第 1 次 等待 3 秒
2024-01-06 00:38:17 查询号码 【1867277】，返回信息 {"status":"ok","msg":"湖北-武汉","gid":"41019","time_insert":"2017-04-19 11:23","time_update":"2020-09-19 03:44"}
2024-01-06 00:38:17 查询号码 【1867277】，GSD为【"湖北-武汉"】

2024-01-06 01:10:14 开始第 7385 次操作

2024-01-06 01:10:14 开始操作号码 【1867278】
2024-01-06 01:10:17 GSD getOne 第 1 次 等待 3 秒
2024-01-06 01:10:20 查询号码 【1867278】，返回信息 {"status":"ok","msg":"湖北-武汉","gid":"434386","time_insert":"2021-07-29 15:06"}
2024-01-06 01:10:20 查询号码 【1867278】，GSD为【"湖北-武汉"】

2024-01-06 01:10:21 开始第 7386 次操作

2024-01-06 01:10:21 开始操作号码 【1867279】
2024-01-06 01:10:24 GSD getOne 第 1 次 等待 3 秒
2024-01-06 01:10:27 查询号码 【1867279】，返回信息 {"status":"ok","msg":"湖北-武汉","gid":"434378","time_insert":"2021-07-29 15:06"}
2024-01-06 01:10:27 查询号码 【1867279】，GSD为【"湖北-武汉"】

2024-01-06 01:10:28 开始第 7387 次操作

2024-01-06 01:10:28 开始操作号码 【1867280】
2024-01-06 01:10:31 GSD getOne 第 1 次 等待 3 秒
2024-01-06 01:10:34 查询号码 【1867280】，返回信息 {"status":"ok","msg":"湖北-武汉","gid":"41020","time_insert":"2017-07-10 21:34","time_update":"2020-09-19 03:48"}
2024-01-06 01:10:34 查询号码 【1867280】，GSD为【"湖北-武汉"】

2024-01-06 01:10:35 开始第 7388 次操作

2024-01-06 01:10:35 开始操作号码 【1867281】
2024-01-06 01:10:38 GSD getOne 第 1 次 等待 3 秒
2024-01-06 01:10:41 查询号码 【1867281】，返回信息 {"status":"ok","msg":"湖北-武汉","gid":"41021","time_insert":"2017-04-19 11:23","time_update":"2020-09-19 03:52"}
2024-01-06 01:10:41 查询号码 【1867281】，GSD为【"湖北-武汉"】

2024-01-06 01:35:05 开始第 7389 次操作

2024-01-06 01:35:05 开始操作号码 【1867282】
2024-01-06 01:35:08 GSD getOne 第 1 次 等待 3 秒
2024-01-06 01:35:11 查询号码 【1867282】，返回信息 {"status":"ok","msg":"湖北-武汉","gid":"434367","time_insert":"2021-07-29 15:05"}
2024-01-06 01:35:11 查询号码 【1867282】，GSD为【"湖北-武汉"】

2024-01-06 01:35:12 开始第 7390 次操作

2024-01-06 01:35:12 开始操作号码 【1867283】
2024-01-06 01:35:15 GSD getOne 第 1 次 等待 3 秒
2024-01-06 01:35:18 查询号码 【1867283】，返回信息 {"status":"ok","msg":"湖北-武汉","gid":"41022","time_insert":"2017-04-19 11:23","time_update":"2020-09-19 03:57"}
2024-01-06 01:35:18 查询号码 【1867283】，GSD为【"湖北-武汉"】

2024-01-06 01:35:19 开始第 7391 次操作

2024-01-06 01:35:19 开始操作号码 【1867284】
2024-01-06 01:35:23 GSD getOne 第 1 次 等待 3 秒
2024-01-06 01:35:26 查询号码 【1867284】，返回信息 {"status":"ok","msg":"湖北-武汉","gid":"434357","time_insert":"2021-07-29 15:04"}
2024-01-06 01:35:26 查询号码 【1867284】，GSD为【"湖北-武汉"】

2024-01-06 01:35:27 开始第 7392 次操作

2024-01-06 01:35:27 开始操作号码 【1867285】
2024-01-06 01:35:30 GSD getOne 第 1 次 等待 3 秒
2024-01-06 01:35:33 查询号码 【1867285】，返回信息 {"status":"ok","msg":"湖北-武汉","gid":"41023","time_insert":"2017-04-19 11:23","time_update":"2020-09-19 04:01"}
2024-01-06 01:35:33 查询号码 【1867285】，GSD为【"湖北-武汉"】

2024-01-06 02:13:20 开始第 7393 次操作

2024-01-06 02:13:20 开始操作号码 【1867286】
2024-01-06 02:13:22 GSD getOne 第 1 次 等待 3 秒
2024-01-06 02:13:25 查询号码 【1867286】，返回信息 {"status":"ok","msg":"湖北-武汉","gid":"434347","time_insert":"2021-07-29 15:03"}
2024-01-06 02:13:26 查询号码 【1867286】，GSD为【"湖北-武汉"】

2024-01-06 02:13:27 开始第 7394 次操作

2024-01-06 02:13:27 开始操作号码 【1867287】
2024-01-06 02:13:29 GSD getOne 第 1 次 等待 3 秒
2024-01-06 02:13:32 查询号码 【1867287】，返回信息 {"status":"ok","msg":"湖北-武汉","gid":"434339","time_insert":"2021-07-29 15:03"}
2024-01-06 02:13:32 查询号码 【1867287】，GSD为【"湖北-武汉"】

2024-01-06 02:13:33 开始第 7395 次操作

2024-01-06 02:13:33 开始操作号码 【1867288】
2024-01-06 02:13:36 GSD getOne 第 1 次 等待 3 秒
2024-01-06 02:13:39 查询号码 【1867288】，返回信息 {"status":"ok","msg":"湖北-武汉","gid":"434331","time_insert":"2021-07-29 15:02"}
2024-01-06 02:13:39 查询号码 【1867288】，GSD为【"湖北-武汉"】

2024-01-06 02:13:40 开始第 7396 次操作

2024-01-06 02:13:40 开始操作号码 【1867289】
2024-01-06 02:13:43 GSD getOne 第 1 次 等待 3 秒
2024-01-06 02:13:46 查询号码 【1867289】，返回信息 {"status":"ok","msg":"湖北-武汉","gid":"434321","time_insert":"2021-07-29 15:01"}
2024-01-06 02:13:46 查询号码 【1867289】，GSD为【"湖北-武汉"】

2024-01-06 02:34:56 开始第 7397 次操作

2024-01-06 02:34:56 开始操作号码 【1867290】
2024-01-06 02:34:59 GSD getOne 第 1 次 等待 3 秒
2024-01-06 02:35:02 查询号码 【1867290】，返回信息 {"status":"ok","msg":"湖北-宜昌","gid":"434310","time_insert":"2021-07-29 15:01"}
2024-01-06 02:35:02 查询号码 【1867290】，GSD为【"湖北-宜昌"】

2024-01-06 02:35:03 开始第 7398 次操作

2024-01-06 02:35:03 开始操作号码 【1867291】
2024-01-06 02:35:06 GSD getOne 第 1 次 等待 3 秒
2024-01-06 02:35:09 查询号码 【1867291】，返回信息 {"status":"ok","msg":"湖北-武汉","gid":"434301","time_insert":"2021-07-29 15:00"}
2024-01-06 02:35:09 查询号码 【1867291】，GSD为【"湖北-武汉"】

2024-01-06 02:35:10 开始第 7399 次操作

2024-01-06 02:35:10 开始操作号码 【1867292】
2024-01-06 02:35:14 GSD getOne 第 1 次 等待 3 秒
2024-01-06 02:35:17 查询号码 【1867292】，返回信息 {"status":"ok","msg":"湖北-武汉","gid":"41024","time_insert":"2018-07-07 15:54","time_update":"2020-09-19 04:04"}
2024-01-06 02:35:17 查询号码 【1867292】，GSD为【"湖北-武汉"】

2024-01-06 02:35:18 开始第 7400 次操作

2024-01-06 02:35:18 开始操作号码 【1867293】
2024-01-06 02:35:21 GSD getOne 第 1 次 等待 3 秒
2024-01-06 02:35:24 查询号码 【1867293】，返回信息 {"status":"ok","msg":"湖北-武汉","gid":"434288","time_insert":"2021-07-29 14:59"}
2024-01-06 02:35:24 查询号码 【1867293】，GSD为【"湖北-武汉"】

2024-01-06 03:08:49 开始第 7401 次操作

2024-01-06 03:08:49 开始操作号码 【1867294】
2024-01-06 03:08:53 GSD getOne 第 1 次 等待 3 秒
2024-01-06 03:08:56 查询号码 【1867294】，返回信息 {"status":"ok","msg":"湖北-武汉","gid":"434281","time_insert":"2021-07-29 14:58"}
2024-01-06 03:08:56 查询号码 【1867294】，GSD为【"湖北-武汉"】

2024-01-06 03:08:57 开始第 7402 次操作

2024-01-06 03:08:57 开始操作号码 【1867295】
2024-01-06 03:08:59 GSD getOne 第 1 次 等待 3 秒
2024-01-06 03:09:02 查询号码 【1867295】，返回信息 {"status":"ok","msg":"湖北-武汉","gid":"434271","time_insert":"2021-07-29 14:58"}
2024-01-06 03:09:02 查询号码 【1867295】，GSD为【"湖北-武汉"】

2024-01-06 03:09:03 开始第 7403 次操作

2024-01-06 03:09:03 开始操作号码 【1867296】
2024-01-06 03:09:06 GSD getOne 第 1 次 等待 3 秒
2024-01-06 03:09:09 查询号码 【1867296】，返回信息 {"status":"ok","msg":"湖北-武汉","gid":"434265","time_insert":"2021-07-29 14:57"}
2024-01-06 03:09:09 查询号码 【1867296】，GSD为【"湖北-武汉"】

2024-01-06 03:09:10 开始第 7404 次操作

2024-01-06 03:09:10 开始操作号码 【1867297】
2024-01-06 03:09:13 GSD getOne 第 1 次 等待 3 秒
2024-01-06 03:09:16 查询号码 【1867297】，返回信息 {"status":"ok","msg":"湖北-武汉","gid":"434254","time_insert":"2021-07-29 14:56"}
2024-01-06 03:09:16 查询号码 【1867297】，GSD为【"湖北-武汉"】

2024-01-06 03:34:23 开始第 7405 次操作

2024-01-06 03:34:23 开始操作号码 【1867298】
2024-01-06 03:34:27 GSD getOne 第 1 次 等待 3 秒
2024-01-06 03:34:30 查询号码 【1867298】，返回信息 {"status":"ok","msg":"湖北-武汉","gid":"434248","time_insert":"2021-07-29 14:55"}
2024-01-06 03:34:30 查询号码 【1867298】，GSD为【"湖北-武汉"】

2024-01-06 03:34:31 开始第 7406 次操作

2024-01-06 03:34:31 开始操作号码 【1867299】
2024-01-06 03:34:34 GSD getOne 第 1 次 等待 3 秒
2024-01-06 03:34:37 查询号码 【1867299】，返回信息 {"status":"ok","msg":"湖北-武汉","gid":"84520","time_insert":"2021-06-07 14:07","time_update":"2021-06-19 00:02"}
2024-01-06 03:34:37 查询号码 【1867299】，GSD为【"湖北-武汉"】

2024-01-06 03:34:38 开始第 7407 次操作

2024-01-06 03:34:38 开始操作号码 【1867300】
2024-01-06 03:34:41 GSD getOne 第 1 次 等待 3 秒
2024-01-06 03:34:44 查询号码 【1867300】，返回信息 {"status":"ok","msg":"湖南-岳阳","gid":"434241","time_insert":"2021-07-29 14:55"}
2024-01-06 03:34:44 查询号码 【1867300】，GSD为【"湖南-岳阳"】

2024-01-06 03:34:45 开始第 7408 次操作

2024-01-06 03:34:45 开始操作号码 【1867301】
2024-01-06 03:34:48 GSD getOne 第 1 次 等待 3 秒
2024-01-06 03:34:51 查询号码 【1867301】，返回信息 {"status":"ok","msg":"湖南-岳阳","gid":"434234","time_insert":"2021-07-29 14:54"}
2024-01-06 03:34:51 查询号码 【1867301】，GSD为【"湖南-岳阳"】

2024-01-06 04:11:20 开始第 7409 次操作

2024-01-06 04:11:20 开始操作号码 【1867302】
2024-01-06 04:11:23 GSD getOne 第 1 次 等待 3 秒
2024-01-06 04:11:26 查询号码 【1867302】，返回信息 {"status":"ok","msg":"湖南-岳阳","gid":"41025","time_insert":"2019-10-22 13:45","time_update":"2020-09-24 01:39"}
2024-01-06 04:11:26 查询号码 【1867302】，GSD为【"湖南-岳阳"】

2024-01-06 04:11:27 开始第 7410 次操作

2024-01-06 04:11:27 开始操作号码 【1867303】
2024-01-06 04:11:30 GSD getOne 第 1 次 等待 3 秒
2024-01-06 04:11:33 查询号码 【1867303】，返回信息 {"status":"ok","msg":"湖南-岳阳","gid":"434224","time_insert":"2021-07-29 14:53"}
2024-01-06 04:11:33 查询号码 【1867303】，GSD为【"湖南-岳阳"】

2024-01-06 04:11:34 开始第 7411 次操作

2024-01-06 04:11:34 开始操作号码 【1867304】
2024-01-06 04:11:37 GSD getOne 第 1 次 等待 3 秒
2024-01-06 04:11:40 查询号码 【1867304】，返回信息 {"status":"ok","msg":"湖南-岳阳","gid":"434212","time_insert":"2021-07-29 14:52","time_update":"2021-08-05 11:39"}
2024-01-06 04:11:40 查询号码 【1867304】，GSD为【"湖南-岳阳"】

2024-01-06 04:11:41 开始第 7412 次操作

2024-01-06 04:11:41 开始操作号码 【1867305】
2024-01-06 04:11:44 GSD getOne 第 1 次 等待 3 秒
2024-01-06 04:11:47 查询号码 【1867305】，返回信息 {"status":"ok","msg":"湖南-岳阳","gid":"434090","time_insert":"2021-07-29 14:02"}
2024-01-06 04:11:47 查询号码 【1867305】，GSD为【"湖南-岳阳"】

