2021-07-10 00:00:25 开始第 27 次操作

2021-07-10 00:00:25 开始操作号码 【1316542】
2021-07-10 00:00:34 GSD getOne 第 1 次 等待 1 秒
2021-07-10 00:00:35 查询号码 【1316542】，返回信息 {"status":"bad","msg":""}
2021-07-10 00:00:35 查询号码 【1316542】，GSD为【""】
2021-07-10 00:00:35 bad
2021-07-10 00:00:41 CHB 1316542?1625846435 第 1 次 等待 1 秒
2021-07-10 00:00:42 CHB 1316542?1625846435 第 1 次 获取到号码【1316542】GSD
2021-07-10 00:00:42 获取到号码【1316542】的GSD为【山东-青岛】
2021-07-10 00:00:48 GSD insert 第 1 次 等待 1 秒
2021-07-10 00:00:49 {"status":"ok","msg":"添加成功！234996"}
2021-07-10 00:00:49 下次操作: 2021-07-10 00:01:04

2021-07-10 00:01:04 开始第 28 次操作

2021-07-10 00:01:04 开始操作号码 【1316541】
2021-07-10 00:01:08 GSD getOne 第 1 次 等待 1 秒
2021-07-10 00:01:09 查询号码 【1316541】，返回信息 {"status":"bad","msg":""}
2021-07-10 00:01:09 查询号码 【1316541】，GSD为【""】
2021-07-10 00:01:09 bad
2021-07-10 00:01:11 CHB 1316541?1625846469 第 1 次 等待 1 秒
2021-07-10 00:01:12 CHB 1316541?1625846469 第 1 次 获取到号码【1316541】GSD
2021-07-10 00:01:12 获取到号码【1316541】的GSD为【山东-济南】
2021-07-10 00:01:17 GSD insert 第 1 次 等待 1 秒
2021-07-10 00:01:18 {"status":"ok","msg":"添加成功！235002"}
2021-07-10 00:01:18 下次操作: 2021-07-10 00:01:34

2021-07-10 00:01:34 开始第 29 次操作

2021-07-10 00:01:34 开始操作号码 【1316540】
2021-07-10 00:01:39 GSD getOne 第 1 次 等待 1 秒
2021-07-10 00:01:40 查询号码 【1316540】，返回信息 {"status":"bad","msg":""}
2021-07-10 00:01:40 查询号码 【1316540】，GSD为【""】
2021-07-10 00:01:40 bad
2021-07-10 00:01:42 CHB 1316540?1625846500 第 1 次 等待 1 秒
2021-07-10 00:01:43 CHB 1316540?1625846500 第 1 次 获取到号码【1316540】GSD
2021-07-10 00:01:43 获取到号码【1316540】的GSD为【山东-聊城】
2021-07-10 00:01:48 GSD insert 第 1 次 等待 1 秒
2021-07-10 00:01:49 {"status":"ok","msg":"添加成功！235011"}
2021-07-10 00:01:49 下次操作: 2021-07-10 00:02:00

2021-07-10 00:02:00 开始第 30 次操作

2021-07-10 00:02:00 开始操作号码 【1316539】
2021-07-10 00:02:07 GSD getOne 第 1 次 等待 1 秒
2021-07-10 00:02:08 查询号码 【1316539】，返回信息 {"status":"ok","msg":"山东-临沂","time_insert":"2021-04-21 16:57"}
2021-07-10 00:02:08 查询号码 【1316539】，GSD为【"山东-临沂"】

2021-07-10 00:02:08 开始第 30 次操作

2021-07-10 00:02:08 开始操作号码 【1316538】
2021-07-10 00:02:12 GSD getOne 第 1 次 等待 1 秒
2021-07-10 00:02:13 查询号码 【1316538】，返回信息 {"status":"bad","msg":""}
2021-07-10 00:02:13 查询号码 【1316538】，GSD为【""】
2021-07-10 00:02:13 bad
2021-07-10 00:02:15 CHB 1316538?1625846533 第 1 次 等待 1 秒
2021-07-10 00:02:16 CHB 1316538?1625846533 第 1 次 获取到号码【1316538】GSD
2021-07-10 00:02:16 获取到号码【1316538】的GSD为【山东-泰安】
2021-07-10 00:02:18 GSD insert 第 1 次 等待 1 秒
2021-07-10 00:02:19 {"status":"ok","msg":"添加成功！235017"}

2021-07-10 01:03:32 开始第 1 次操作

2021-07-10 01:03:32 开始操作号码 【1316537】
2021-07-10 01:03:35 GSD getOne 第 1 次 等待 1 秒
2021-07-10 01:03:36 查询号码 【1316537】，返回信息 {"status":"bad","msg":""}
2021-07-10 01:03:36 查询号码 【1316537】，GSD为【""】
2021-07-10 01:03:36 bad
2021-07-10 01:03:38 CHB 1316537?1625850216 第 1 次 等待 1 秒
2021-07-10 01:03:39 CHB 1316537?1625850216 第 1 次 获取到号码【1316537】GSD
2021-07-10 01:03:39 获取到号码【1316537】的GSD为【山东-济宁】
2021-07-10 01:03:41 GSD insert 第 1 次 等待 1 秒
2021-07-10 01:03:42 {"status":"ok","msg":"添加成功！235238"}
2021-07-10 01:03:42 下次操作: 2021-07-10 01:03:49

2021-07-10 01:03:49 开始第 2 次操作

2021-07-10 01:03:49 开始操作号码 【1316536】
2021-07-10 01:03:55 GSD getOne 第 1 次 等待 1 秒
2021-07-10 01:03:56 查询号码 【1316536】，返回信息 {"status":"bad","msg":""}
2021-07-10 01:03:56 查询号码 【1316536】，GSD为【""】
2021-07-10 01:03:56 bad
2021-07-10 01:03:57 CHB 1316536?1625850236 第 1 次 等待 1 秒
2021-07-10 01:03:58 CHB 1316536?1625850236 第 1 次 获取到号码【1316536】GSD
2021-07-10 01:03:58 获取到号码【1316536】的GSD为【山东-潍坊】
2021-07-10 01:04:03 GSD insert 第 1 次 等待 1 秒
2021-07-10 01:04:04 {"status":"ok","msg":"添加成功！235241"}
2021-07-10 01:04:04 下次操作: 2021-07-10 01:04:17

2021-07-10 01:04:17 开始第 3 次操作

2021-07-10 01:04:17 开始操作号码 【1316535】
2021-07-10 01:04:21 GSD getOne 第 1 次 等待 1 秒
2021-07-10 01:04:22 查询号码 【1316535】，返回信息 {"status":"bad","msg":""}
2021-07-10 01:04:22 查询号码 【1316535】，GSD为【""】
2021-07-10 01:04:22 bad
2021-07-10 01:04:26 CHB 1316535?1625850262 第 1 次 等待 1 秒
2021-07-10 01:04:27 CHB 1316535?1625850262 第 1 次 获取到号码【1316535】GSD
2021-07-10 01:04:27 获取到号码【1316535】的GSD为【山东-烟台】
2021-07-10 01:04:32 GSD insert 第 1 次 等待 1 秒
2021-07-10 01:04:33 {"status":"ok","msg":"添加成功！235244"}
2021-07-10 01:04:33 下次操作: 2021-07-10 01:04:50

2021-07-10 01:04:50 开始第 4 次操作

2021-07-10 01:04:50 开始操作号码 【1316534】
2021-07-10 01:04:56 GSD getOne 第 1 次 等待 1 秒
2021-07-10 01:04:57 查询号码 【1316534】，返回信息 {"status":"bad","msg":""}
2021-07-10 01:04:57 查询号码 【1316534】，GSD为【""】
2021-07-10 01:04:57 bad
2021-07-10 01:04:59 CHB 1316534?1625850297 第 1 次 等待 1 秒
2021-07-10 01:05:00 CHB 1316534?1625850297 第 1 次 获取到号码【1316534】GSD
2021-07-10 01:05:00 获取到号码【1316534】的GSD为【山东-德州】
2021-07-10 01:05:04 GSD insert 第 1 次 等待 1 秒
2021-07-10 01:05:05 {"status":"ok","msg":"添加成功！235249"}
2021-07-10 01:05:05 下次操作: 2021-07-10 01:05:20

2021-07-10 01:05:20 开始第 5 次操作

2021-07-10 01:05:20 开始操作号码 【1316533】
2021-07-10 01:05:26 GSD getOne 第 1 次 等待 1 秒
2021-07-10 01:05:27 查询号码 【1316533】，返回信息 {"status":"bad","msg":""}
2021-07-10 01:05:28 查询号码 【1316533】，GSD为【""】
2021-07-10 01:05:28 bad
2021-07-10 01:05:30 CHB 1316533?1625850328 第 1 次 等待 1 秒
2021-07-10 01:05:31 CHB 1316533?1625850328 第 1 次 获取到号码【1316533】GSD
2021-07-10 01:05:31 获取到号码【1316533】的GSD为【山东-淄博】
2021-07-10 01:05:38 GSD insert 第 1 次 等待 1 秒
2021-07-10 01:05:39 {"status":"ok","msg":"添加成功！235255"}
2021-07-10 01:05:39 下次操作: 2021-07-10 01:05:57

2021-07-10 01:05:57 开始第 6 次操作

2021-07-10 01:05:57 开始操作号码 【1316532】
2021-07-10 01:05:59 GSD getOne 第 1 次 等待 1 秒
2021-07-10 01:06:00 查询号码 【1316532】，返回信息 {"status":"bad","msg":""}
2021-07-10 01:06:01 查询号码 【1316532】，GSD为【""】
2021-07-10 01:06:01 bad
2021-07-10 01:06:03 CHB 1316532?1625850361 第 1 次 等待 1 秒
2021-07-10 01:06:04 CHB 1316532?1625850361 第 1 次 获取到号码【1316532】GSD
2021-07-10 01:06:04 获取到号码【1316532】的GSD为【山东-青岛】
2021-07-10 01:06:09 GSD insert 第 1 次 等待 1 秒
2021-07-10 01:06:10 {"status":"ok","msg":"添加成功！235260"}
2021-07-10 01:06:10 下次操作: 2021-07-10 01:06:16

2021-07-10 01:06:16 开始第 7 次操作

2021-07-10 01:06:16 开始操作号码 【1316531】
2021-07-10 01:06:18 GSD getOne 第 1 次 等待 1 秒
2021-07-10 01:06:19 查询号码 【1316531】，返回信息 {"status":"bad","msg":""}
2021-07-10 01:06:20 查询号码 【1316531】，GSD为【""】
2021-07-10 01:06:20 bad
2021-07-10 01:06:21 CHB 1316531?1625850380 第 1 次 等待 1 秒
2021-07-10 01:06:22 CHB 1316531?1625850380 第 1 次 获取到号码【1316531】GSD
2021-07-10 01:06:22 获取到号码【1316531】的GSD为【山东-济南】
2021-07-10 01:06:28 GSD insert 第 1 次 等待 1 秒
2021-07-10 01:06:29 {"status":"ok","msg":"添加成功！235266"}
2021-07-10 01:06:29 下次操作: 2021-07-10 01:06:37

2021-07-10 01:06:37 开始第 8 次操作

2021-07-10 01:06:37 开始操作号码 【1316530】
2021-07-10 01:06:43 GSD getOne 第 1 次 等待 1 秒
2021-07-10 01:06:44 查询号码 【1316530】，返回信息 {"status":"bad","msg":""}
2021-07-10 01:06:44 查询号码 【1316530】，GSD为【""】
2021-07-10 01:06:44 bad
2021-07-10 01:06:47 CHB 1316530?1625850404 第 1 次 等待 1 秒
2021-07-10 01:06:48 CHB 1316530?1625850404 第 1 次 获取到号码【1316530】GSD
2021-07-10 01:06:48 获取到号码【1316530】的GSD为【山东-菏泽】
2021-07-10 01:06:52 GSD insert 第 1 次 等待 1 秒
2021-07-10 01:06:53 {"status":"ok","msg":"添加成功！235270"}
2021-07-10 01:06:53 下次操作: 2021-07-10 01:07:06

2021-07-10 01:07:06 开始第 9 次操作

2021-07-10 01:07:06 开始操作号码 【1316529】
2021-07-10 01:07:14 GSD getOne 第 1 次 等待 1 秒
2021-07-10 01:07:15 查询号码 【1316529】，返回信息 {"status":"bad","msg":""}
2021-07-10 01:07:15 查询号码 【1316529】，GSD为【""】
2021-07-10 01:07:15 bad
2021-07-10 01:07:17 CHB 1316529?1625850435 第 1 次 等待 1 秒
2021-07-10 01:07:18 CHB 1316529?1625850435 第 1 次 获取到号码【1316529】GSD
2021-07-10 01:07:18 获取到号码【1316529】的GSD为【山东-临沂】
2021-07-10 01:07:21 GSD insert 第 1 次 等待 1 秒
2021-07-10 01:07:22 {"status":"ok","msg":"添加成功！235277"}
2021-07-10 01:07:22 下次操作: 2021-07-10 01:07:33

2021-07-10 01:07:33 开始第 10 次操作

2021-07-10 01:07:33 开始操作号码 【1316528】
2021-07-10 01:07:35 GSD getOne 第 1 次 等待 1 秒
2021-07-10 01:07:36 查询号码 【1316528】，返回信息 {"status":"bad","msg":""}
2021-07-10 01:07:36 查询号码 【1316528】，GSD为【""】
2021-07-10 01:07:36 bad
2021-07-10 01:07:40 CHB 1316528?1625850456 第 1 次 等待 1 秒
2021-07-10 01:07:41 CHB 1316528?1625850456 第 1 次 获取到号码【1316528】GSD
2021-07-10 01:07:41 获取到号码【1316528】的GSD为【山东-临沂】
2021-07-10 01:07:43 GSD insert 第 1 次 等待 1 秒
2021-07-10 01:07:44 {"status":"ok","msg":"添加成功！235282"}
2021-07-10 01:07:44 下次操作: 2021-07-10 01:07:52

2021-07-10 01:07:52 开始第 11 次操作

2021-07-10 01:07:52 开始操作号码 【1316527】
2021-07-10 01:07:58 GSD getOne 第 1 次 等待 1 秒
2021-07-10 01:07:59 查询号码 【1316527】，返回信息 {"status":"bad","msg":""}
2021-07-10 01:07:59 查询号码 【1316527】，GSD为【""】
2021-07-10 01:07:59 bad
2021-07-10 01:08:01 CHB 1316527?1625850479 第 1 次 等待 1 秒
2021-07-10 01:08:02 CHB 1316527?1625850479 第 1 次 获取到号码【1316527】GSD
2021-07-10 01:08:02 获取到号码【1316527】的GSD为【山东-临沂】
2021-07-10 01:08:04 GSD insert 第 1 次 等待 1 秒
2021-07-10 01:08:05 {"status":"ok","msg":"添加成功！235288"}
2021-07-10 01:08:05 下次操作: 2021-07-10 01:08:22

2021-07-10 01:08:22 开始第 12 次操作

2021-07-10 01:08:22 开始操作号码 【1316526】
2021-07-10 01:08:30 GSD getOne 第 1 次 等待 1 秒
2021-07-10 01:08:31 查询号码 【1316526】，返回信息 {"status":"bad","msg":""}
2021-07-10 01:08:31 查询号码 【1316526】，GSD为【""】
2021-07-10 01:08:31 bad
2021-07-10 01:08:34 CHB 1316526?1625850511 第 1 次 等待 1 秒
2021-07-10 01:08:35 CHB 1316526?1625850511 第 1 次 获取到号码【1316526】GSD
2021-07-10 01:08:36 获取到号码【1316526】的GSD为【山东-潍坊】
2021-07-10 01:08:41 GSD insert 第 1 次 等待 1 秒
2021-07-10 01:08:42 {"status":"ok","msg":"添加成功！235294"}
2021-07-10 01:08:42 下次操作: 2021-07-10 01:08:58

2021-07-10 01:08:58 开始第 13 次操作

2021-07-10 01:08:58 开始操作号码 【1316525】
2021-07-10 01:09:03 GSD getOne 第 1 次 等待 1 秒
2021-07-10 01:09:04 查询号码 【1316525】，返回信息 {"status":"bad","msg":""}
2021-07-10 01:09:04 查询号码 【1316525】，GSD为【""】
2021-07-10 01:09:04 bad
2021-07-10 01:09:06 CHB 1316525?1625850544 第 1 次 等待 1 秒
2021-07-10 01:09:07 CHB 1316525?1625850544 第 1 次 获取到号码【1316525】GSD
2021-07-10 01:09:08 获取到号码【1316525】的GSD为【山东-东营】
2021-07-10 01:09:14 GSD insert 第 1 次 等待 1 秒
2021-07-10 01:09:15 {"status":"ok","msg":"添加成功！235303"}
2021-07-10 01:09:15 下次操作: 2021-07-10 01:09:22

2021-07-10 01:09:22 开始第 14 次操作

2021-07-10 01:09:22 开始操作号码 【1316524】
2021-07-10 01:09:24 GSD getOne 第 1 次 等待 1 秒
2021-07-10 01:09:25 查询号码 【1316524】，返回信息 {"status":"bad","msg":""}
2021-07-10 01:09:26 查询号码 【1316524】，GSD为【""】
2021-07-10 01:09:26 bad
2021-07-10 01:09:28 CHB 1316524?1625850566 第 1 次 等待 1 秒
2021-07-10 01:09:29 CHB 1316524?1625850566 第 1 次 获取到号码【1316524】GSD
2021-07-10 01:09:30 获取到号码【1316524】的GSD为【山东-德州】
2021-07-10 01:09:37 GSD insert 第 1 次 等待 1 秒
2021-07-10 01:09:38 {"status":"ok","msg":"添加成功！235308"}
2021-07-10 01:09:38 下次操作: 2021-07-10 01:09:52

2021-07-10 01:09:52 开始第 15 次操作

2021-07-10 01:09:52 开始操作号码 【1316523】
2021-07-10 01:09:57 GSD getOne 第 1 次 等待 1 秒
2021-07-10 01:09:58 查询号码 【1316523】，返回信息 {"status":"bad","msg":""}
2021-07-10 01:09:58 查询号码 【1316523】，GSD为【""】
2021-07-10 01:09:58 bad
2021-07-10 01:10:00 CHB 1316523?1625850598 第 1 次 等待 1 秒
2021-07-10 01:10:01 CHB 1316523?1625850598 第 1 次 获取到号码【1316523】GSD
2021-07-10 01:10:01 获取到号码【1316523】的GSD为【山东-德州】
2021-07-10 01:10:04 GSD insert 第 1 次 等待 1 秒
2021-07-10 01:10:05 {"status":"ok","msg":"添加成功！235313"}
2021-07-10 01:10:05 下次操作: 2021-07-10 01:10:19

2021-07-10 01:10:20 开始第 16 次操作

2021-07-10 01:10:20 开始操作号码 【1316522】
2021-07-10 01:10:23 GSD getOne 第 1 次 等待 1 秒
2021-07-10 01:10:24 查询号码 【1316522】，返回信息 {"status":"bad","msg":""}
2021-07-10 01:10:24 查询号码 【1316522】，GSD为【""】
2021-07-10 01:10:24 bad
2021-07-10 01:10:26 CHB 1316522?1625850624 第 1 次 等待 1 秒
2021-07-10 01:10:27 CHB 1316522?1625850624 第 1 次 获取到号码【1316522】GSD
2021-07-10 01:10:27 获取到号码【1316522】的GSD为【山东-枣庄】
2021-07-10 01:10:32 GSD insert 第 1 次 等待 1 秒
2021-07-10 01:10:33 {"status":"ok","msg":"添加成功！235318"}
2021-07-10 01:10:33 下次操作: 2021-07-10 01:10:46

2021-07-10 01:10:46 开始第 17 次操作

2021-07-10 01:10:46 开始操作号码 【1316521】
2021-07-10 01:10:48 GSD getOne 第 1 次 等待 1 秒
2021-07-10 01:10:49 查询号码 【1316521】，返回信息 {"status":"bad","msg":""}
2021-07-10 01:10:50 查询号码 【1316521】，GSD为【""】
2021-07-10 01:10:50 bad
2021-07-10 01:10:51 CHB 1316521?1625850650 第 1 次 等待 1 秒
2021-07-10 01:10:52 CHB 1316521?1625850650 第 1 次 获取到号码【1316521】GSD
2021-07-10 01:10:52 获取到号码【1316521】的GSD为【山东-枣庄】
2021-07-10 01:10:56 GSD insert 第 1 次 等待 1 秒
2021-07-10 01:10:57 {"status":"ok","msg":"添加成功！235322"}
2021-07-10 01:10:57 下次操作: 2021-07-10 01:11:10

2021-07-10 01:11:10 开始第 18 次操作

2021-07-10 01:11:10 开始操作号码 【1316520】
2021-07-10 01:11:15 GSD getOne 第 1 次 等待 1 秒
2021-07-10 01:11:16 查询号码 【1316520】，返回信息 {"status":"bad","msg":""}
2021-07-10 01:11:16 查询号码 【1316520】，GSD为【""】
2021-07-10 01:11:16 bad
2021-07-10 01:11:19 CHB 1316520?1625850676 第 1 次 等待 1 秒
2021-07-10 01:11:20 CHB 1316520?1625850676 第 1 次 获取到号码【1316520】GSD
2021-07-10 01:11:20 获取到号码【1316520】的GSD为【山东-日照】
2021-07-10 01:11:24 GSD insert 第 1 次 等待 1 秒
2021-07-10 01:11:25 {"status":"ok","msg":"添加成功！235330"}
2021-07-10 01:11:25 下次操作: 2021-07-10 01:11:39

2021-07-10 01:11:39 开始第 19 次操作

2021-07-10 01:11:39 开始操作号码 【1316519】
2021-07-10 01:11:41 GSD getOne 第 1 次 等待 1 秒
2021-07-10 01:11:42 查询号码 【1316519】，返回信息 {"status":"bad","msg":""}
2021-07-10 01:11:42 查询号码 【1316519】，GSD为【""】
2021-07-10 01:11:42 bad
2021-07-10 01:11:50 CHB 1316519?1625850702 第 1 次 等待 1 秒
2021-07-10 01:11:51 CHB 1316519?1625850702 第 1 次 获取到号码【1316519】GSD
2021-07-10 01:11:51 获取到号码【1316519】的GSD为【山东-济宁】
2021-07-10 01:11:56 GSD insert 第 1 次 等待 1 秒
2021-07-10 01:11:57 {"status":"ok","msg":"添加成功！235338"}
2021-07-10 01:11:57 下次操作: 2021-07-10 01:12:04

2021-07-10 01:12:04 开始第 20 次操作

2021-07-10 01:12:04 开始操作号码 【1316518】
2021-07-10 01:12:07 GSD getOne 第 1 次 等待 1 秒
2021-07-10 01:12:08 查询号码 【1316518】，返回信息 {"status":"bad","msg":""}
2021-07-10 01:12:08 查询号码 【1316518】，GSD为【""】
2021-07-10 01:12:08 bad
2021-07-10 01:12:10 CHB 1316518?1625850728 第 1 次 等待 1 秒
2021-07-10 01:12:11 CHB 1316518?1625850728 第 1 次 获取到号码【1316518】GSD
2021-07-10 01:12:11 获取到号码【1316518】的GSD为【山东-济宁】
2021-07-10 01:12:13 GSD insert 第 1 次 等待 1 秒
2021-07-10 01:12:14 {"status":"ok","msg":"添加成功！235342"}
2021-07-10 01:12:14 下次操作: 2021-07-10 01:12:23

2021-07-10 01:12:23 开始第 21 次操作

2021-07-10 01:12:23 开始操作号码 【1316517】
2021-07-10 01:12:28 GSD getOne 第 1 次 等待 1 秒
2021-07-10 01:12:29 查询号码 【1316517】，返回信息 {"status":"bad","msg":""}
2021-07-10 01:12:29 查询号码 【1316517】，GSD为【""】
2021-07-10 01:12:29 bad
2021-07-10 01:12:31 CHB 1316517?1625850749 第 1 次 等待 1 秒
2021-07-10 01:12:32 CHB 1316517?1625850749 第 1 次 获取到号码【1316517】GSD
2021-07-10 01:12:32 获取到号码【1316517】的GSD为【山东-济宁】
2021-07-10 01:12:37 GSD insert 第 1 次 等待 1 秒
2021-07-10 01:12:38 {"status":"ok","msg":"添加成功！235346"}
2021-07-10 01:12:38 下次操作: 2021-07-10 01:12:55

2021-07-10 01:12:55 开始第 22 次操作

2021-07-10 01:12:55 开始操作号码 【1316516】
2021-07-10 01:13:01 GSD getOne 第 1 次 等待 1 秒
2021-07-10 01:13:02 查询号码 【1316516】，返回信息 {"status":"bad","msg":""}
2021-07-10 01:13:02 查询号码 【1316516】，GSD为【""】
2021-07-10 01:13:02 bad
2021-07-10 01:13:08 CHB 1316516?1625850782 第 1 次 等待 1 秒
2021-07-10 01:13:09 CHB 1316516?1625850782 第 1 次 获取到号码【1316516】GSD
2021-07-10 01:13:09 获取到号码【1316516】的GSD为【山东-青岛】
2021-07-10 01:13:15 GSD insert 第 1 次 等待 1 秒
2021-07-10 01:13:16 {"status":"ok","msg":"添加成功！235352"}
2021-07-10 01:13:16 下次操作: 2021-07-10 01:13:26

2021-07-10 01:13:26 开始第 23 次操作

2021-07-10 01:13:26 开始操作号码 【1316515】
2021-07-10 01:13:32 GSD getOne 第 1 次 等待 1 秒
2021-07-10 01:13:33 查询号码 【1316515】，返回信息 {"status":"bad","msg":""}
2021-07-10 01:13:33 查询号码 【1316515】，GSD为【""】
2021-07-10 01:13:33 bad
2021-07-10 01:13:35 CHB 1316515?1625850813 第 1 次 等待 1 秒
2021-07-10 01:13:36 CHB 1316515?1625850813 第 1 次 获取到号码【1316515】GSD
2021-07-10 01:13:36 获取到号码【1316515】的GSD为【山东-青岛】
2021-07-10 01:13:45 GSD insert 第 1 次 等待 1 秒
2021-07-10 01:13:46 {"status":"ok","msg":"添加成功！235359"}
2021-07-10 01:13:46 下次操作: 2021-07-10 01:14:02

2021-07-10 01:14:02 开始第 24 次操作

2021-07-10 01:14:02 开始操作号码 【1316514】
2021-07-10 01:14:05 GSD getOne 第 1 次 等待 1 秒
2021-07-10 01:14:06 查询号码 【1316514】，返回信息 {"status":"bad","msg":""}
2021-07-10 01:14:06 查询号码 【1316514】，GSD为【""】
2021-07-10 01:14:06 bad
2021-07-10 01:14:08 CHB 1316514?1625850846 第 1 次 等待 1 秒
2021-07-10 01:14:09 CHB 1316514?1625850846 第 1 次 获取到号码【1316514】GSD
2021-07-10 01:14:09 获取到号码【1316514】的GSD为【山东-济南】
2021-07-10 01:14:14 GSD insert 第 1 次 等待 1 秒
2021-07-10 01:14:15 {"status":"ok","msg":"添加成功！235364"}
2021-07-10 01:14:15 下次操作: 2021-07-10 01:14:33

2021-07-10 01:14:33 开始第 25 次操作

2021-07-10 01:14:33 开始操作号码 【1316513】
2021-07-10 01:14:36 GSD getOne 第 1 次 等待 1 秒
2021-07-10 01:14:37 查询号码 【1316513】，返回信息 {"status":"bad","msg":""}
2021-07-10 01:14:37 查询号码 【1316513】，GSD为【""】
2021-07-10 01:14:37 bad
2021-07-10 01:14:40 CHB 1316513?1625850877 第 1 次 等待 1 秒
2021-07-10 01:14:41 CHB 1316513?1625850877 第 1 次 获取到号码【1316513】GSD
2021-07-10 01:14:41 获取到号码【1316513】的GSD为【山东-济南】
2021-07-10 01:14:49 GSD insert 第 1 次 等待 1 秒
2021-07-10 01:14:50 {"status":"ok","msg":"添加成功！235370"}
2021-07-10 01:14:50 下次操作: 2021-07-10 01:15:08

2021-07-10 01:15:08 开始第 26 次操作

2021-07-10 01:15:08 开始操作号码 【1316512】
2021-07-10 01:15:13 GSD getOne 第 1 次 等待 1 秒
2021-07-10 01:15:14 查询号码 【1316512】，返回信息 {"status":"bad","msg":""}
2021-07-10 01:15:14 查询号码 【1316512】，GSD为【""】
2021-07-10 01:15:14 bad
2021-07-10 01:15:17 CHB 1316512?1625850914 第 1 次 等待 1 秒
2021-07-10 01:15:18 CHB 1316512?1625850914 第 1 次 获取到号码【1316512】GSD
2021-07-10 01:15:18 获取到号码【1316512】的GSD为【山东-济南】
2021-07-10 01:15:22 GSD insert 第 1 次 等待 1 秒
2021-07-10 01:15:23 {"status":"ok","msg":"添加成功！235374"}
2021-07-10 01:15:23 下次操作: 2021-07-10 01:15:29

2021-07-10 01:15:29 开始第 27 次操作

2021-07-10 01:15:29 开始操作号码 【1316511】
2021-07-10 01:15:33 GSD getOne 第 1 次 等待 1 秒
2021-07-10 01:15:34 查询号码 【1316511】，返回信息 {"status":"bad","msg":""}
2021-07-10 01:15:34 查询号码 【1316511】，GSD为【""】
2021-07-10 01:15:34 bad
2021-07-10 01:15:37 CHB 1316511?1625850934 第 1 次 等待 1 秒
2021-07-10 01:15:38 CHB 1316511?1625850934 第 1 次 获取到号码【1316511】GSD
2021-07-10 01:15:38 获取到号码【1316511】的GSD为【山东-济南】
2021-07-10 01:15:41 GSD insert 第 1 次 等待 1 秒
2021-07-10 01:15:42 {"status":"ok","msg":"添加成功！235376"}
2021-07-10 01:15:42 下次操作: 2021-07-10 01:15:59

2021-07-10 01:15:59 开始第 28 次操作

2021-07-10 01:15:59 开始操作号码 【1316510】
2021-07-10 01:16:06 GSD getOne 第 1 次 等待 1 秒
2021-07-10 01:16:07 查询号码 【1316510】，返回信息 {"status":"bad","msg":""}
2021-07-10 01:16:07 查询号码 【1316510】，GSD为【""】
2021-07-10 01:16:07 bad
2021-07-10 01:16:10 CHB 1316510?1625850967 第 1 次 等待 1 秒
2021-07-10 01:16:11 CHB 1316510?1625850967 第 1 次 获取到号码【1316510】GSD
2021-07-10 01:16:11 获取到号码【1316510】的GSD为【山东-济南】
2021-07-10 01:16:15 GSD insert 第 1 次 等待 1 秒
2021-07-10 01:16:16 {"status":"ok","msg":"添加成功！235381"}
2021-07-10 01:16:16 下次操作: 2021-07-10 01:16:34

2021-07-10 01:16:34 开始第 29 次操作

2021-07-10 01:16:34 开始操作号码 【1316509】
2021-07-10 01:16:36 GSD getOne 第 1 次 等待 1 秒
2021-07-10 01:16:37 查询号码 【1316509】，返回信息 {"status":"bad","msg":""}
2021-07-10 01:16:37 查询号码 【1316509】，GSD为【""】
2021-07-10 01:16:37 bad
2021-07-10 01:16:40 CHB 1316509?1625850997 第 1 次 等待 1 秒
2021-07-10 01:16:41 CHB 1316509?1625850997 第 1 次 获取到号码【1316509】GSD
2021-07-10 01:16:41 获取到号码【1316509】的GSD为【山东-青岛】
2021-07-10 01:16:44 GSD insert 第 1 次 等待 1 秒
2021-07-10 01:16:45 {"status":"ok","msg":"添加成功！235385"}
2021-07-10 01:16:45 下次操作: 2021-07-10 01:17:00

2021-07-10 01:17:00 开始第 30 次操作

2021-07-10 01:17:00 开始操作号码 【1316508】
2021-07-10 01:17:05 GSD getOne 第 1 次 等待 1 秒
2021-07-10 01:17:06 查询号码 【1316508】，返回信息 {"status":"bad","msg":""}
2021-07-10 01:17:06 查询号码 【1316508】，GSD为【""】
2021-07-10 01:17:06 bad
2021-07-10 01:17:08 CHB 1316508?1625851026 第 1 次 等待 1 秒
2021-07-10 01:17:09 CHB 1316508?1625851026 第 1 次 获取到号码【1316508】GSD
2021-07-10 01:17:09 获取到号码【1316508】的GSD为【山东-青岛】
2021-07-10 01:17:11 GSD insert 第 1 次 等待 1 秒
2021-07-10 01:17:12 {"status":"ok","msg":"添加成功！235389"}

2021-07-10 01:43:40 开始第 1 次操作

2021-07-10 01:43:40 开始操作号码 【1316507】
2021-07-10 01:43:44 GSD getOne 第 1 次 等待 1 秒
2021-07-10 01:43:45 查询号码 【1316507】，返回信息 {"status":"bad","msg":""}
2021-07-10 01:43:45 查询号码 【1316507】，GSD为【""】
2021-07-10 01:43:45 bad
2021-07-10 01:43:47 CHB 1316507?1625852625 第 1 次 等待 1 秒
2021-07-10 01:43:48 CHB 1316507?1625852625 第 1 次 获取到号码【1316507】GSD
2021-07-10 01:43:48 获取到号码【1316507】的GSD为【山东-青岛】
2021-07-10 01:44:09 GSD insert 第 1 次 等待 1 秒
2021-07-10 01:44:10 {"status":"ok","msg":"添加成功！235494"}
2021-07-10 01:44:10 下次操作: 2021-07-10 01:44:22

2021-07-10 01:44:22 开始第 2 次操作

2021-07-10 01:44:22 开始操作号码 【1316506】
2021-07-10 01:44:27 GSD getOne 第 1 次 等待 1 秒
2021-07-10 01:44:28 查询号码 【1316506】，返回信息 {"status":"bad","msg":""}
2021-07-10 01:44:28 查询号码 【1316506】，GSD为【""】
2021-07-10 01:44:28 bad
2021-07-10 01:44:31 CHB 1316506?1625852668 第 1 次 等待 1 秒
2021-07-10 01:44:32 CHB 1316506?1625852668 第 1 次 获取到号码【1316506】GSD
2021-07-10 01:44:33 获取到号码【1316506】的GSD为【山东-青岛】
2021-07-10 01:44:50 GSD insert 第 1 次 等待 1 秒
2021-07-10 01:44:51 {"status":"ok","msg":"添加成功！235506"}
2021-07-10 01:44:51 下次操作: 2021-07-10 01:45:05

2021-07-10 01:45:06 开始第 3 次操作

2021-07-10 01:45:06 开始操作号码 【1316505】
2021-07-10 01:45:11 GSD getOne 第 1 次 等待 1 秒
2021-07-10 01:45:12 查询号码 【1316505】，返回信息 {"status":"bad","msg":""}
2021-07-10 01:45:12 查询号码 【1316505】，GSD为【""】
2021-07-10 01:45:12 bad
2021-07-10 01:45:14 CHB 1316505?1625852712 第 1 次 等待 1 秒
2021-07-10 01:45:15 CHB 1316505?1625852712 第 1 次 获取到号码【1316505】GSD
2021-07-10 01:45:15 获取到号码【1316505】的GSD为【山东-青岛】
2021-07-10 01:45:33 GSD insert 第 1 次 等待 1 秒
2021-07-10 01:45:34 {"status":"ok","msg":"添加成功！235515"}
2021-07-10 01:45:34 下次操作: 2021-07-10 01:45:52

2021-07-10 01:45:52 开始第 4 次操作

2021-07-10 01:45:52 开始操作号码 【1316504】
2021-07-10 01:45:56 GSD getOne 第 1 次 等待 1 秒
2021-07-10 01:45:57 查询号码 【1316504】，返回信息 {"status":"bad","msg":""}
2021-07-10 01:45:58 查询号码 【1316504】，GSD为【""】
2021-07-10 01:45:58 bad
2021-07-10 01:46:00 CHB 1316504?1625852758 第 1 次 等待 1 秒
2021-07-10 01:46:01 CHB 1316504?1625852758 第 1 次 获取到号码【1316504】GSD
2021-07-10 01:46:01 获取到号码【1316504】的GSD为【山东-青岛】
2021-07-10 01:46:21 GSD insert 第 1 次 等待 1 秒
2021-07-10 01:46:22 {"status":"ok","msg":"添加成功！235526"}
2021-07-10 01:46:22 下次操作: 2021-07-10 01:46:37

2021-07-10 01:46:37 开始第 5 次操作

2021-07-10 01:46:37 开始操作号码 【1316503】
2021-07-10 01:46:41 GSD getOne 第 1 次 等待 1 秒
2021-07-10 01:46:42 查询号码 【1316503】，返回信息 {"status":"bad","msg":""}
2021-07-10 01:46:42 查询号码 【1316503】，GSD为【""】
2021-07-10 01:46:42 bad
2021-07-10 01:46:44 CHB 1316503?1625852802 第 1 次 等待 1 秒
2021-07-10 01:46:45 CHB 1316503?1625852802 第 1 次 获取到号码【1316503】GSD
2021-07-10 01:46:45 获取到号码【1316503】的GSD为【山东-青岛】
2021-07-10 01:47:04 GSD insert 第 1 次 等待 1 秒
2021-07-10 01:47:05 {"status":"ok","msg":"添加成功！235536"}
2021-07-10 01:47:05 下次操作: 2021-07-10 01:47:13

2021-07-10 01:47:13 开始第 6 次操作

2021-07-10 01:47:13 开始操作号码 【1316502】
2021-07-10 01:47:23 GSD getOne 第 1 次 等待 1 秒
2021-07-10 01:47:24 查询号码 【1316502】，返回信息 {"status":"bad","msg":""}
2021-07-10 01:47:24 查询号码 【1316502】，GSD为【""】
2021-07-10 01:47:24 bad
2021-07-10 01:47:26 CHB 1316502?1625852844 第 1 次 等待 1 秒
2021-07-10 01:47:27 CHB 1316502?1625852844 第 1 次 获取到号码【1316502】GSD
2021-07-10 01:47:27 获取到号码【1316502】的GSD为【山东-青岛】
2021-07-10 01:47:48 GSD insert 第 1 次 等待 1 秒
2021-07-10 01:47:49 {"status":"ok","msg":"添加成功！235546"}
2021-07-10 01:47:49 下次操作: 2021-07-10 01:47:59

2021-07-10 01:47:59 开始第 7 次操作

2021-07-10 01:47:59 开始操作号码 【1316501】
2021-07-10 01:48:10 GSD getOne 第 1 次 等待 1 秒
2021-07-10 01:48:11 查询号码 【1316501】，返回信息 {"status":"bad","msg":""}
2021-07-10 01:48:11 查询号码 【1316501】，GSD为【""】
2021-07-10 01:48:11 bad
2021-07-10 01:48:13 CHB 1316501?1625852891 第 1 次 等待 1 秒
2021-07-10 01:48:14 CHB 1316501?1625852891 第 1 次 获取到号码【1316501】GSD
2021-07-10 01:48:14 获取到号码【1316501】的GSD为【山东-青岛】
2021-07-10 01:48:32 GSD insert 第 1 次 等待 1 秒
2021-07-10 01:48:33 {"status":"ok","msg":"添加成功！235555"}
2021-07-10 01:48:33 下次操作: 2021-07-10 01:48:42

2021-07-10 01:48:42 开始第 8 次操作

2021-07-10 01:48:42 开始操作号码 【1316500】
2021-07-10 01:48:51 GSD getOne 第 1 次 等待 1 秒
2021-07-10 01:48:52 查询号码 【1316500】，返回信息 {"status":"bad","msg":""}
2021-07-10 01:48:52 查询号码 【1316500】，GSD为【""】
2021-07-10 01:48:52 bad
2021-07-10 01:48:54 CHB 1316500?1625852932 第 1 次 等待 1 秒
2021-07-10 01:48:55 CHB 1316500?1625852932 第 1 次 获取到号码【1316500】GSD
2021-07-10 01:48:55 获取到号码【1316500】的GSD为【山东-青岛】
2021-07-10 01:49:15 GSD insert 第 1 次 等待 1 秒
2021-07-10 01:49:16 {"status":"ok","msg":"添加成功！235563"}
2021-07-10 01:49:16 下次操作: 2021-07-10 01:49:28

2021-07-10 01:49:28 开始第 9 次操作

2021-07-10 01:49:28 开始操作号码 【1316499】
2021-07-10 01:49:34 GSD getOne 第 1 次 等待 1 秒
2021-07-10 01:49:35 查询号码 【1316499】，返回信息 {"status":"bad","msg":""}
2021-07-10 01:49:36 查询号码 【1316499】，GSD为【""】
2021-07-10 01:49:36 bad
2021-07-10 01:49:37 CHB 1316499?1625852976 第 1 次 等待 1 秒
2021-07-10 01:49:38 CHB 1316499?1625852976 第 1 次 获取到号码【1316499】GSD
2021-07-10 01:49:38 获取到号码【1316499】的GSD为【浙江-宁波】
2021-07-10 01:49:57 GSD insert 第 1 次 等待 1 秒
2021-07-10 01:49:58 {"status":"ok","msg":"添加成功！235572"}
2021-07-10 01:49:58 下次操作: 2021-07-10 01:50:10

2021-07-10 01:50:10 开始第 10 次操作

2021-07-10 01:50:10 开始操作号码 【1316498】
2021-07-10 01:50:19 GSD getOne 第 1 次 等待 1 秒
2021-07-10 01:50:20 查询号码 【1316498】，返回信息 {"status":"bad","msg":""}
2021-07-10 01:50:20 查询号码 【1316498】，GSD为【""】
2021-07-10 01:50:20 bad
2021-07-10 01:50:23 CHB 1316498?1625853020 第 1 次 等待 1 秒
2021-07-10 01:50:24 CHB 1316498?1625853020 第 1 次 获取到号码【1316498】GSD
2021-07-10 01:50:24 获取到号码【1316498】的GSD为【浙江-宁波】
2021-07-10 01:50:41 GSD insert 第 1 次 等待 1 秒
2021-07-10 01:50:42 {"status":"ok","msg":"添加成功！235581"}
2021-07-10 01:50:42 下次操作: 2021-07-10 01:50:51

2021-07-10 01:50:51 开始第 11 次操作

2021-07-10 01:50:51 开始操作号码 【1316497】
2021-07-10 01:51:01 GSD getOne 第 1 次 等待 1 秒
2021-07-10 01:51:02 查询号码 【1316497】，返回信息 {"status":"bad","msg":""}
2021-07-10 01:51:02 查询号码 【1316497】，GSD为【""】
2021-07-10 01:51:02 bad
2021-07-10 01:51:05 CHB 1316497?1625853062 第 1 次 等待 1 秒
2021-07-10 01:51:06 CHB 1316497?1625853062 第 1 次 获取到号码【1316497】GSD
2021-07-10 01:51:06 获取到号码【1316497】的GSD为【浙江-宁波】
2021-07-10 01:51:25 GSD insert 第 1 次 等待 1 秒
2021-07-10 01:51:26 {"status":"ok","msg":"添加成功！235589"}
2021-07-10 01:51:26 下次操作: 2021-07-10 01:51:34

2021-07-10 01:51:34 开始第 12 次操作

2021-07-10 01:51:34 开始操作号码 【1316496】
2021-07-10 01:51:45 GSD getOne 第 1 次 等待 1 秒
2021-07-10 01:51:46 查询号码 【1316496】，返回信息 {"status":"bad","msg":""}
2021-07-10 01:51:46 查询号码 【1316496】，GSD为【""】
2021-07-10 01:51:46 bad
2021-07-10 01:51:48 CHB 1316496?1625853106 第 1 次 等待 1 秒
2021-07-10 01:51:49 CHB 1316496?1625853106 第 1 次 获取到号码【1316496】GSD
2021-07-10 01:51:49 获取到号码【1316496】的GSD为【浙江-宁波】
2021-07-10 01:52:08 GSD insert 第 1 次 等待 1 秒
2021-07-10 01:52:09 {"status":"ok","msg":"添加成功！235597"}
2021-07-10 01:52:09 下次操作: 2021-07-10 01:52:22

2021-07-10 01:52:22 开始第 13 次操作

2021-07-10 01:52:22 开始操作号码 【1316495】
2021-07-10 01:52:29 GSD getOne 第 1 次 等待 1 秒
2021-07-10 01:52:30 查询号码 【1316495】，返回信息 {"status":"bad","msg":""}
2021-07-10 01:52:30 查询号码 【1316495】，GSD为【""】
2021-07-10 01:52:30 bad
2021-07-10 01:52:32 CHB 1316495?1625853150 第 1 次 等待 1 秒
2021-07-10 01:52:33 CHB 1316495?1625853150 第 1 次 获取到号码【1316495】GSD
2021-07-10 01:52:33 获取到号码【1316495】的GSD为【浙江-杭州】
2021-07-10 01:52:51 GSD insert 第 1 次 等待 1 秒
2021-07-10 01:52:52 {"status":"ok","msg":"添加成功！235605"}
2021-07-10 01:52:52 下次操作: 2021-07-10 01:53:01

2021-07-10 01:53:01 开始第 14 次操作

2021-07-10 01:53:01 开始操作号码 【1316494】
2021-07-10 01:53:10 GSD getOne 第 1 次 等待 1 秒
2021-07-10 01:53:11 查询号码 【1316494】，返回信息 {"status":"bad","msg":""}
2021-07-10 01:53:11 查询号码 【1316494】，GSD为【""】
2021-07-10 01:53:11 bad
2021-07-10 01:53:13 CHB 1316494?1625853191 第 1 次 等待 1 秒
2021-07-10 01:53:14 CHB 1316494?1625853191 第 1 次 获取到号码【1316494】GSD
2021-07-10 01:53:14 获取到号码【1316494】的GSD为【浙江-杭州】
2021-07-10 01:53:38 GSD insert 第 1 次 等待 1 秒
2021-07-10 01:53:39 {"status":"ok","msg":"添加成功！235616"}
2021-07-10 01:53:39 下次操作: 2021-07-10 01:53:54

2021-07-10 01:53:54 开始第 15 次操作

2021-07-10 01:53:54 开始操作号码 【1316493】
2021-07-10 01:53:59 GSD getOne 第 1 次 等待 1 秒
2021-07-10 01:54:00 查询号码 【1316493】，返回信息 {"status":"bad","msg":""}
2021-07-10 01:54:00 查询号码 【1316493】，GSD为【""】
2021-07-10 01:54:00 bad
2021-07-10 01:54:02 CHB 1316493?1625853240 第 1 次 等待 1 秒
2021-07-10 01:54:03 CHB 1316493?1625853240 第 1 次 获取到号码【1316493】GSD
2021-07-10 01:54:03 获取到号码【1316493】的GSD为【浙江-嘉兴】
2021-07-10 01:54:23 GSD insert 第 1 次 等待 1 秒
2021-07-10 01:54:24 {"status":"ok","msg":"添加成功！235626"}
2021-07-10 01:54:24 下次操作: 2021-07-10 01:54:33

2021-07-10 01:54:33 开始第 16 次操作

2021-07-10 01:54:33 开始操作号码 【1316492】
2021-07-10 01:54:42 GSD getOne 第 1 次 等待 1 秒
2021-07-10 01:54:43 查询号码 【1316492】，返回信息 {"status":"bad","msg":""}
2021-07-10 01:54:43 查询号码 【1316492】，GSD为【""】
2021-07-10 01:54:43 bad
2021-07-10 01:54:45 CHB 1316492?1625853283 第 1 次 等待 1 秒
2021-07-10 01:54:46 CHB 1316492?1625853283 第 1 次 获取到号码【1316492】GSD
2021-07-10 01:54:46 获取到号码【1316492】的GSD为【浙江-温州】
2021-07-10 01:55:05 GSD insert 第 1 次 等待 1 秒
2021-07-10 01:55:06 {"status":"ok","msg":"添加成功！235634"}
2021-07-10 01:55:06 下次操作: 2021-07-10 01:55:24

2021-07-10 01:55:24 开始第 17 次操作

2021-07-10 01:55:24 开始操作号码 【1316491】
2021-07-10 01:55:29 GSD getOne 第 1 次 等待 1 秒
2021-07-10 01:55:30 查询号码 【1316491】，返回信息 {"status":"bad","msg":""}
2021-07-10 01:55:30 查询号码 【1316491】，GSD为【""】
2021-07-10 01:55:30 bad
2021-07-10 01:55:32 CHB 1316491?1625853330 第 1 次 等待 1 秒
2021-07-10 01:55:33 CHB 1316491?1625853330 第 1 次 获取到号码【1316491】GSD
2021-07-10 01:55:33 获取到号码【1316491】的GSD为【浙江-温州】
2021-07-10 01:55:37 GSD insert 第 1 次 等待 1 秒
2021-07-10 01:55:38 {"status":"ok","msg":"添加成功！235639"}
2021-07-10 01:55:38 下次操作: 2021-07-10 01:55:47

2021-07-10 01:55:47 开始第 18 次操作

2021-07-10 01:55:47 开始操作号码 【1316490】
2021-07-10 01:55:50 GSD getOne 第 1 次 等待 1 秒
2021-07-10 01:55:51 查询号码 【1316490】，返回信息 {"status":"bad","msg":""}
2021-07-10 01:55:51 查询号码 【1316490】，GSD为【""】
2021-07-10 01:55:51 bad
2021-07-10 01:55:53 CHB 1316490?1625853351 第 1 次 等待 1 秒
2021-07-10 01:55:54 CHB 1316490?1625853351 第 1 次 获取到号码【1316490】GSD
2021-07-10 01:55:54 获取到号码【1316490】的GSD为【浙江-温州】
2021-07-10 01:55:56 GSD insert 第 1 次 等待 1 秒
2021-07-10 01:55:57 {"status":"ok","msg":"添加成功！235644"}
2021-07-10 01:55:57 下次操作: 2021-07-10 01:56:03

2021-07-10 01:56:03 开始第 19 次操作

2021-07-10 01:56:03 开始操作号码 【1316489】
2021-07-10 01:56:07 GSD getOne 第 1 次 等待 1 秒
2021-07-10 01:56:08 查询号码 【1316489】，返回信息 {"status":"bad","msg":""}
2021-07-10 01:56:08 查询号码 【1316489】，GSD为【""】
2021-07-10 01:56:08 bad
2021-07-10 01:56:10 CHB 1316489?1625853368 第 1 次 等待 1 秒
2021-07-10 01:56:11 CHB 1316489?1625853368 第 1 次 获取到号码【1316489】GSD
2021-07-10 01:56:11 获取到号码【1316489】的GSD为【福建-厦门】
2021-07-10 01:56:13 GSD insert 第 1 次 等待 1 秒
2021-07-10 01:56:14 {"status":"ok","msg":"添加成功！235647"}
2021-07-10 01:56:14 下次操作: 2021-07-10 01:56:24

2021-07-10 01:56:24 开始第 20 次操作

2021-07-10 01:56:24 开始操作号码 【1316488】
2021-07-10 01:56:27 GSD getOne 第 1 次 等待 1 秒
2021-07-10 01:56:28 查询号码 【1316488】，返回信息 {"status":"bad","msg":""}
2021-07-10 01:56:28 查询号码 【1316488】，GSD为【""】
2021-07-10 01:56:28 bad
2021-07-10 01:56:31 CHB 1316488?1625853388 第 1 次 等待 1 秒
2021-07-10 01:56:32 CHB 1316488?1625853388 第 1 次 获取到号码【1316488】GSD
2021-07-10 01:56:32 获取到号码【1316488】的GSD为【福建-厦门】
2021-07-10 01:56:35 GSD insert 第 1 次 等待 1 秒
2021-07-10 01:56:36 {"status":"ok","msg":"添加成功！235651"}
2021-07-10 01:56:36 下次操作: 2021-07-10 01:56:50

2021-07-10 01:56:50 开始第 21 次操作

2021-07-10 01:56:50 开始操作号码 【1316487】
2021-07-10 01:56:55 GSD getOne 第 1 次 等待 1 秒
2021-07-10 01:56:56 查询号码 【1316487】，返回信息 {"status":"bad","msg":""}
2021-07-10 01:56:56 查询号码 【1316487】，GSD为【""】
2021-07-10 01:56:56 bad
2021-07-10 01:56:58 CHB 1316487?1625853416 第 1 次 等待 1 秒
2021-07-10 01:56:59 CHB 1316487?1625853416 第 1 次 获取到号码【1316487】GSD
2021-07-10 01:56:59 获取到号码【1316487】的GSD为【福建-厦门】
2021-07-10 01:57:18 GSD insert 第 1 次 等待 1 秒
2021-07-10 01:57:19 {"status":"ok","msg":"添加成功！235660"}
2021-07-10 01:57:19 下次操作: 2021-07-10 01:57:32

2021-07-10 01:57:32 开始第 22 次操作

2021-07-10 01:57:32 开始操作号码 【1316486】
2021-07-10 01:57:38 GSD getOne 第 1 次 等待 1 秒
2021-07-10 01:57:39 查询号码 【1316486】，返回信息 {"status":"bad","msg":""}
2021-07-10 01:57:39 查询号码 【1316486】，GSD为【""】
2021-07-10 01:57:39 bad
2021-07-10 01:57:41 CHB 1316486?1625853459 第 1 次 等待 1 秒
2021-07-10 01:57:42 CHB 1316486?1625853459 第 1 次 获取到号码【1316486】GSD
2021-07-10 01:57:42 获取到号码【1316486】的GSD为【福建-莆田】
2021-07-10 01:58:00 GSD insert 第 1 次 等待 1 秒
2021-07-10 01:58:01 {"status":"ok","msg":"添加成功！235666"}
2021-07-10 01:58:01 下次操作: 2021-07-10 01:58:07

2021-07-10 01:58:07 开始第 23 次操作

2021-07-10 01:58:07 开始操作号码 【1316485】
2021-07-10 01:58:25 GSD getOne 第 1 次 等待 1 秒
2021-07-10 01:58:26 查询号码 【1316485】，返回信息 {"status":"bad","msg":""}
2021-07-10 01:58:26 查询号码 【1316485】，GSD为【""】
2021-07-10 01:58:26 bad
2021-07-10 01:58:28 CHB 1316485?1625853506 第 1 次 等待 1 秒
2021-07-10 01:58:29 CHB 1316485?1625853506 第 1 次 获取到号码【1316485】GSD
2021-07-10 01:58:29 获取到号码【1316485】的GSD为【福建-莆田】
2021-07-10 01:58:48 GSD insert 第 1 次 等待 1 秒
2021-07-10 01:58:49 {"status":"ok","msg":"添加成功！235673"}
2021-07-10 01:58:49 下次操作: 2021-07-10 01:58:55

2021-07-10 01:58:55 开始第 24 次操作

2021-07-10 01:58:55 开始操作号码 【1316484】
2021-07-10 01:59:13 GSD getOne 第 1 次 等待 1 秒
2021-07-10 01:59:14 查询号码 【1316484】，返回信息 {"status":"bad","msg":""}
2021-07-10 01:59:14 查询号码 【1316484】，GSD为【""】
2021-07-10 01:59:14 bad
2021-07-10 01:59:16 CHB 1316484?1625853554 第 1 次 等待 1 秒
2021-07-10 01:59:17 CHB 1316484?1625853554 第 1 次 获取到号码【1316484】GSD
2021-07-10 01:59:17 获取到号码【1316484】的GSD为【福建-漳州】
2021-07-10 01:59:35 GSD insert 第 1 次 等待 1 秒
2021-07-10 01:59:36 {"status":"ok","msg":"添加成功！235676"}
2021-07-10 01:59:36 下次操作: 2021-07-10 01:59:46

2021-07-10 01:59:46 开始第 25 次操作

2021-07-10 01:59:46 开始操作号码 【1316483】
2021-07-10 01:59:56 GSD getOne 第 1 次 等待 1 秒
2021-07-10 01:59:57 查询号码 【1316483】，返回信息 {"status":"bad","msg":""}
2021-07-10 01:59:57 查询号码 【1316483】，GSD为【""】
2021-07-10 01:59:57 bad
2021-07-10 01:59:58 CHB 1316483?1625853597 第 1 次 等待 1 秒
2021-07-10 01:59:59 CHB 1316483?1625853597 第 1 次 获取到号码【1316483】GSD
2021-07-10 02:00:00 获取到号码【1316483】的GSD为【福建-漳州】
2021-07-10 02:00:19 GSD insert 第 1 次 等待 1 秒
2021-07-10 02:00:20 {"status":"ok","msg":"添加成功！235680"}
2021-07-10 02:00:20 下次操作: 2021-07-10 02:00:32

2021-07-10 02:00:32 开始第 26 次操作

2021-07-10 02:00:32 开始操作号码 【1316482】
2021-07-10 02:00:37 GSD getOne 第 1 次 等待 1 秒
2021-07-10 02:00:38 查询号码 【1316482】，返回信息 {"status":"ok","msg":"福建-福州","time_insert":"2014-03-23 12:02","time_update":"2020-09-06 16:14"}
2021-07-10 02:00:39 查询号码 【1316482】，GSD为【"福建-福州"】

2021-07-10 02:00:39 开始第 26 次操作

2021-07-10 02:00:39 开始操作号码 【1316481】
2021-07-10 02:01:00 GSD getOne 第 1 次 等待 1 秒
2021-07-10 02:01:01 查询号码 【1316481】，返回信息 {"status":"bad","msg":""}
2021-07-10 02:01:01 查询号码 【1316481】，GSD为【""】
2021-07-10 02:01:01 bad
2021-07-10 02:01:02 CHB 1316481?1625853661 第 1 次 等待 1 秒
2021-07-10 02:01:03 CHB 1316481?1625853661 第 1 次 获取到号码【1316481】GSD
2021-07-10 02:01:03 获取到号码【1316481】的GSD为【福建-福州】
2021-07-10 02:01:24 GSD insert 第 1 次 等待 1 秒
2021-07-10 02:01:25 {"status":"ok","msg":"添加成功！235687"}
2021-07-10 02:01:25 下次操作: 2021-07-10 02:01:37

2021-07-10 02:01:37 开始第 27 次操作

2021-07-10 02:01:37 开始操作号码 【1316480】
2021-07-10 02:01:43 GSD getOne 第 1 次 等待 1 秒
2021-07-10 02:01:44 查询号码 【1316480】，返回信息 {"status":"bad","msg":""}
2021-07-10 02:01:44 查询号码 【1316480】，GSD为【""】
2021-07-10 02:01:44 bad
2021-07-10 02:01:45 CHB 1316480?1625853704 第 1 次 等待 1 秒
2021-07-10 02:01:46 CHB 1316480?1625853704 第 1 次 获取到号码【1316480】GSD
2021-07-10 02:01:46 获取到号码【1316480】的GSD为【福建-福州】
2021-07-10 02:02:07 GSD insert 第 1 次 等待 1 秒
2021-07-10 02:02:08 {"status":"ok","msg":"添加成功！235690"}
2021-07-10 02:02:08 下次操作: 2021-07-10 02:02:21

2021-07-10 02:02:21 开始第 28 次操作

2021-07-10 02:02:21 开始操作号码 【1316479】
2021-07-10 02:02:28 GSD getOne 第 1 次 等待 1 秒
2021-07-10 02:02:29 查询号码 【1316479】，返回信息 {"status":"bad","msg":""}
2021-07-10 02:02:29 查询号码 【1316479】，GSD为【""】
2021-07-10 02:02:29 bad
2021-07-10 02:02:30 CHB 1316479?1625853749 第 1 次 等待 1 秒
2021-07-10 02:02:31 CHB 1316479?1625853749 第 1 次 获取到号码【1316479】GSD
2021-07-10 02:02:31 获取到号码【1316479】的GSD为【广东-深圳】
2021-07-10 02:02:51 GSD insert 第 1 次 等待 1 秒
2021-07-10 02:02:52 {"status":"ok","msg":"添加成功！235693"}
2021-07-10 02:02:52 下次操作: 2021-07-10 02:03:08

2021-07-10 02:03:08 开始第 29 次操作

2021-07-10 02:03:08 开始操作号码 【1316478】
2021-07-10 02:03:12 GSD getOne 第 1 次 等待 1 秒
2021-07-10 02:03:13 查询号码 【1316478】，返回信息 {"status":"bad","msg":""}
2021-07-10 02:03:13 查询号码 【1316478】，GSD为【""】
2021-07-10 02:03:13 bad
2021-07-10 02:03:14 CHB 1316478?1625853793 第 1 次 等待 1 秒
2021-07-10 02:03:15 CHB 1316478?1625853793 第 1 次 获取到号码【1316478】GSD
2021-07-10 02:03:15 获取到号码【1316478】的GSD为【广东-深圳】
2021-07-10 02:03:33 GSD insert 第 1 次 等待 1 秒
2021-07-10 02:03:34 {"status":"ok","msg":"添加成功！235699"}
2021-07-10 02:03:34 下次操作: 2021-07-10 02:03:44

2021-07-10 02:03:44 开始第 30 次操作

2021-07-10 02:03:44 开始操作号码 【1316477】
2021-07-10 02:03:54 GSD getOne 第 1 次 等待 1 秒
2021-07-10 02:03:55 查询号码 【1316477】，返回信息 {"status":"bad","msg":""}
2021-07-10 02:03:55 查询号码 【1316477】，GSD为【""】
2021-07-10 02:03:55 bad
2021-07-10 02:03:57 CHB 1316477?1625853835 第 1 次 等待 1 秒
2021-07-10 02:03:58 CHB 1316477?1625853835 第 1 次 获取到号码【1316477】GSD
2021-07-10 02:03:58 获取到号码【1316477】的GSD为【广东-深圳】
2021-07-10 02:04:16 GSD insert 第 1 次 等待 1 秒
2021-07-10 02:04:17 {"status":"ok","msg":"添加成功！235703"}

2021-07-10 02:50:08 开始第 1 次操作

2021-07-10 02:50:08 开始操作号码 【1316476】
2021-07-10 02:50:12 GSD getOne 第 1 次 等待 1 秒
2021-07-10 02:50:13 查询号码 【1316476】，返回信息 {"status":"bad","msg":""}
2021-07-10 02:50:13 查询号码 【1316476】，GSD为【""】
2021-07-10 02:50:13 bad
2021-07-10 02:50:14 CHB 1316476?1625856613 第 1 次 等待 1 秒
2021-07-10 02:50:15 CHB 1316476?1625856613 第 1 次 获取到号码【1316476】GSD
2021-07-10 02:50:15 获取到号码【1316476】的GSD为【广东-深圳】
2021-07-10 02:50:20 GSD insert 第 1 次 等待 1 秒
2021-07-10 02:50:21 {"status":"ok","msg":"添加成功！235816"}
2021-07-10 02:50:21 下次操作: 2021-07-10 02:50:30

2021-07-10 02:50:30 开始第 2 次操作

2021-07-10 02:50:30 开始操作号码 【1316475】
2021-07-10 02:50:34 GSD getOne 第 1 次 等待 1 秒
2021-07-10 02:50:35 查询号码 【1316475】，返回信息 {"status":"bad","msg":""}
2021-07-10 02:50:35 查询号码 【1316475】，GSD为【""】
2021-07-10 02:50:35 bad
2021-07-10 02:50:36 CHB 1316475?1625856635 第 1 次 等待 1 秒
2021-07-10 02:50:37 CHB 1316475?1625856635 第 1 次 获取到号码【1316475】GSD
2021-07-10 02:50:37 获取到号码【1316475】的GSD为【广东-深圳】
2021-07-10 02:50:40 GSD insert 第 1 次 等待 1 秒
2021-07-10 02:50:41 {"status":"ok","msg":"添加成功！235819"}
2021-07-10 02:50:41 下次操作: 2021-07-10 02:50:50

2021-07-10 02:50:50 开始第 3 次操作

2021-07-10 02:50:50 开始操作号码 【1316474】
2021-07-10 02:50:52 GSD getOne 第 1 次 等待 1 秒
2021-07-10 02:50:53 查询号码 【1316474】，返回信息 {"status":"bad","msg":""}
2021-07-10 02:50:53 查询号码 【1316474】，GSD为【""】
2021-07-10 02:50:53 bad
2021-07-10 02:50:55 CHB 1316474?1625856653 第 1 次 等待 1 秒
2021-07-10 02:50:56 CHB 1316474?1625856653 第 1 次 获取到号码【1316474】GSD
2021-07-10 02:50:56 获取到号码【1316474】的GSD为【广东-深圳】
2021-07-10 02:50:59 GSD insert 第 1 次 等待 1 秒
2021-07-10 02:51:00 {"status":"ok","msg":"添加成功！235823"}
2021-07-10 02:51:00 下次操作: 2021-07-10 02:51:15

2021-07-10 02:51:15 开始第 4 次操作

2021-07-10 02:51:15 开始操作号码 【1316473】
2021-07-10 02:51:18 GSD getOne 第 1 次 等待 1 秒
2021-07-10 02:51:19 查询号码 【1316473】，返回信息 {"status":"bad","msg":""}
2021-07-10 02:51:19 查询号码 【1316473】，GSD为【""】
2021-07-10 02:51:19 bad
2021-07-10 02:51:20 CHB 1316473?1625856679 第 1 次 等待 1 秒
2021-07-10 02:51:21 CHB 1316473?1625856679 第 1 次 获取到号码【1316473】GSD
2021-07-10 02:51:21 获取到号码【1316473】的GSD为【广东-深圳】
2021-07-10 02:51:25 GSD insert 第 1 次 等待 1 秒
2021-07-10 02:51:26 {"status":"ok","msg":"添加成功！235828"}
2021-07-10 02:51:26 下次操作: 2021-07-10 02:51:38

2021-07-10 02:51:39 开始第 5 次操作

2021-07-10 02:51:39 开始操作号码 【1316472】
2021-07-10 02:51:42 GSD getOne 第 1 次 等待 1 秒
2021-07-10 02:51:43 查询号码 【1316472】，返回信息 {"status":"bad","msg":""}
2021-07-10 02:51:44 查询号码 【1316472】，GSD为【""】
2021-07-10 02:51:44 bad
2021-07-10 02:51:45 CHB 1316472?1625856704 第 1 次 等待 1 秒
2021-07-10 02:51:46 CHB 1316472?1625856704 第 1 次 获取到号码【1316472】GSD
2021-07-10 02:51:46 获取到号码【1316472】的GSD为【广东-深圳】
2021-07-10 02:51:48 GSD insert 第 1 次 等待 1 秒
2021-07-10 02:51:49 {"status":"ok","msg":"添加成功！235831"}
2021-07-10 02:51:49 下次操作: 2021-07-10 02:52:01

2021-07-10 02:52:01 开始第 6 次操作

2021-07-10 02:52:01 开始操作号码 【1316471】
2021-07-10 02:52:04 GSD getOne 第 1 次 等待 1 秒
2021-07-10 02:52:05 查询号码 【1316471】，返回信息 {"status":"bad","msg":""}
2021-07-10 02:52:05 查询号码 【1316471】，GSD为【""】
2021-07-10 02:52:05 bad
2021-07-10 02:52:06 CHB 1316471?1625856725 第 1 次 等待 1 秒
2021-07-10 02:52:07 CHB 1316471?1625856725 第 1 次 获取到号码【1316471】GSD
2021-07-10 02:52:07 获取到号码【1316471】的GSD为【广东-深圳】
2021-07-10 02:52:10 GSD insert 第 1 次 等待 1 秒
2021-07-10 02:52:11 {"status":"ok","msg":"添加成功！235835"}
2021-07-10 02:52:11 下次操作: 2021-07-10 02:52:27

2021-07-10 02:52:27 开始第 7 次操作

2021-07-10 02:52:27 开始操作号码 【1316470】
2021-07-10 02:52:31 GSD getOne 第 1 次 等待 1 秒
2021-07-10 02:52:32 查询号码 【1316470】，返回信息 {"status":"bad","msg":""}
2021-07-10 02:52:32 查询号码 【1316470】，GSD为【""】
2021-07-10 02:52:32 bad
2021-07-10 02:52:33 CHB 1316470?1625856752 第 1 次 等待 1 秒
2021-07-10 02:52:34 CHB 1316470?1625856752 第 1 次 获取到号码【1316470】GSD
2021-07-10 02:52:34 获取到号码【1316470】的GSD为【广东-深圳】
2021-07-10 02:52:37 GSD insert 第 1 次 等待 1 秒
2021-07-10 02:52:38 {"status":"ok","msg":"添加成功！235840"}
2021-07-10 02:52:38 下次操作: 2021-07-10 02:52:56

2021-07-10 02:52:56 开始第 8 次操作

2021-07-10 02:52:56 开始操作号码 【1316469】
2021-07-10 02:52:59 GSD getOne 第 1 次 等待 1 秒
2021-07-10 02:53:00 查询号码 【1316469】，返回信息 {"status":"bad","msg":""}
2021-07-10 02:53:00 查询号码 【1316469】，GSD为【""】
2021-07-10 02:53:00 bad
2021-07-10 02:53:01 CHB 1316469?1625856780 第 1 次 等待 1 秒
2021-07-10 02:53:02 CHB 1316469?1625856780 第 1 次 获取到号码【1316469】GSD
2021-07-10 02:53:02 获取到号码【1316469】的GSD为【湖北-武汉】
2021-07-10 02:53:06 GSD insert 第 1 次 等待 1 秒
2021-07-10 02:53:07 {"status":"ok","msg":"添加成功！235848"}
2021-07-10 02:53:07 下次操作: 2021-07-10 02:53:20

2021-07-10 02:53:20 开始第 9 次操作

2021-07-10 02:53:20 开始操作号码 【1316468】
2021-07-10 02:53:26 GSD getOne 第 1 次 等待 1 秒
2021-07-10 02:53:27 查询号码 【1316468】，返回信息 {"status":"bad","msg":""}
2021-07-10 02:53:27 查询号码 【1316468】，GSD为【""】
2021-07-10 02:53:27 bad
2021-07-10 02:53:28 CHB 1316468?1625856807 第 1 次 等待 1 秒
2021-07-10 02:53:29 CHB 1316468?1625856807 第 1 次 获取到号码【1316468】GSD
2021-07-10 02:53:29 获取到号码【1316468】的GSD为【湖北-武汉】
2021-07-10 02:53:32 GSD insert 第 1 次 等待 1 秒
2021-07-10 02:53:33 {"status":"ok","msg":"添加成功！235853"}
2021-07-10 02:53:33 下次操作: 2021-07-10 02:53:39

2021-07-10 02:53:39 开始第 10 次操作

2021-07-10 02:53:39 开始操作号码 【1316467】
2021-07-10 02:53:43 GSD getOne 第 1 次 等待 1 秒
2021-07-10 02:53:44 查询号码 【1316467】，返回信息 {"status":"bad","msg":""}
2021-07-10 02:53:44 查询号码 【1316467】，GSD为【""】
2021-07-10 02:53:44 bad
2021-07-10 02:53:45 CHB 1316467?1625856824 第 1 次 等待 1 秒
2021-07-10 02:53:46 CHB 1316467?1625856824 第 1 次 获取到号码【1316467】GSD
2021-07-10 02:53:46 获取到号码【1316467】的GSD为【湖北-武汉】
2021-07-10 02:53:49 GSD insert 第 1 次 等待 1 秒
2021-07-10 02:53:50 {"status":"ok","msg":"添加成功！235856"}
2021-07-10 02:53:50 下次操作: 2021-07-10 02:53:58

2021-07-10 02:53:58 开始第 11 次操作

2021-07-10 02:53:58 开始操作号码 【1316466】
2021-07-10 02:54:00 GSD getOne 第 1 次 等待 1 秒
2021-07-10 02:54:01 查询号码 【1316466】，返回信息 {"status":"bad","msg":""}
2021-07-10 02:54:01 查询号码 【1316466】，GSD为【""】
2021-07-10 02:54:01 bad
2021-07-10 02:54:03 CHB 1316466?1625856841 第 1 次 等待 1 秒
2021-07-10 02:54:04 CHB 1316466?1625856841 第 1 次 获取到号码【1316466】GSD
2021-07-10 02:54:04 获取到号码【1316466】的GSD为【湖北-武汉】
2021-07-10 02:54:08 GSD insert 第 1 次 等待 1 秒
2021-07-10 02:54:09 {"status":"ok","msg":"添加成功！235860"}
2021-07-10 02:54:09 下次操作: 2021-07-10 02:54:19

2021-07-10 02:54:19 开始第 12 次操作

2021-07-10 02:54:19 开始操作号码 【1316465】
2021-07-10 02:54:23 GSD getOne 第 1 次 等待 1 秒
2021-07-10 02:54:24 查询号码 【1316465】，返回信息 {"status":"bad","msg":""}
2021-07-10 02:54:24 查询号码 【1316465】，GSD为【""】
2021-07-10 02:54:24 bad
2021-07-10 02:54:25 CHB 1316465?1625856864 第 1 次 等待 1 秒
2021-07-10 02:54:26 CHB 1316465?1625856864 第 1 次 获取到号码【1316465】GSD
2021-07-10 02:54:26 获取到号码【1316465】的GSD为【湖北-武汉】
2021-07-10 02:54:33 GSD insert 第 1 次 等待 1 秒
2021-07-10 02:54:34 {"status":"ok","msg":"添加成功！235867"}
2021-07-10 02:54:34 下次操作: 2021-07-10 02:54:52

2021-07-10 02:54:52 开始第 13 次操作

2021-07-10 02:54:52 开始操作号码 【1316464】
2021-07-10 02:54:55 GSD getOne 第 1 次 等待 1 秒
2021-07-10 02:54:56 查询号码 【1316464】，返回信息 {"status":"bad","msg":""}
2021-07-10 02:54:56 查询号码 【1316464】，GSD为【""】
2021-07-10 02:54:56 bad
2021-07-10 02:54:57 CHB 1316464?1625856896 第 1 次 等待 1 秒
2021-07-10 02:54:58 CHB 1316464?1625856896 第 1 次 获取到号码【1316464】GSD
2021-07-10 02:54:58 获取到号码【1316464】的GSD为【湖北-武汉】
2021-07-10 02:55:01 GSD insert 第 1 次 等待 1 秒
2021-07-10 02:55:02 {"status":"ok","msg":"添加成功！235872"}
2021-07-10 02:55:02 下次操作: 2021-07-10 02:55:17

2021-07-10 02:55:17 开始第 14 次操作

2021-07-10 02:55:17 开始操作号码 【1316463】
2021-07-10 02:55:21 GSD getOne 第 1 次 等待 1 秒
2021-07-10 02:55:22 查询号码 【1316463】，返回信息 {"status":"bad","msg":""}
2021-07-10 02:55:22 查询号码 【1316463】，GSD为【""】
2021-07-10 02:55:22 bad
2021-07-10 02:55:23 CHB 1316463?1625856922 第 1 次 等待 1 秒
2021-07-10 02:55:24 CHB 1316463?1625856922 第 1 次 获取到号码【1316463】GSD
2021-07-10 02:55:24 获取到号码【1316463】的GSD为【湖北-武汉】
2021-07-10 02:55:30 GSD insert 第 1 次 等待 1 秒
2021-07-10 02:55:31 {"status":"ok","msg":"添加成功！235877"}
2021-07-10 02:55:31 下次操作: 2021-07-10 02:55:44

2021-07-10 02:55:44 开始第 15 次操作

2021-07-10 02:55:44 开始操作号码 【1316462】
2021-07-10 02:55:47 GSD getOne 第 1 次 等待 1 秒
2021-07-10 02:55:48 查询号码 【1316462】，返回信息 {"status":"bad","msg":""}
2021-07-10 02:55:48 查询号码 【1316462】，GSD为【""】
2021-07-10 02:55:48 bad
2021-07-10 02:55:50 CHB 1316462?1625856948 第 1 次 等待 1 秒
2021-07-10 02:55:51 CHB 1316462?1625856948 第 1 次 获取到号码【1316462】GSD
2021-07-10 02:55:51 获取到号码【1316462】的GSD为【湖北-武汉】
2021-07-10 02:55:55 GSD insert 第 1 次 等待 1 秒
2021-07-10 02:55:56 {"status":"ok","msg":"添加成功！235881"}
2021-07-10 02:55:56 下次操作: 2021-07-10 02:56:02

2021-07-10 02:56:02 开始第 16 次操作

2021-07-10 02:56:02 开始操作号码 【1316461】
2021-07-10 02:56:04 GSD getOne 第 1 次 等待 1 秒
2021-07-10 02:56:05 查询号码 【1316461】，返回信息 {"status":"bad","msg":""}
2021-07-10 02:56:05 查询号码 【1316461】，GSD为【""】
2021-07-10 02:56:05 bad
2021-07-10 02:56:06 CHB 1316461?1625856965 第 1 次 等待 1 秒
2021-07-10 02:56:07 CHB 1316461?1625856965 第 1 次 获取到号码【1316461】GSD
2021-07-10 02:56:07 获取到号码【1316461】的GSD为【湖北-武汉】
2021-07-10 02:56:10 GSD insert 第 1 次 等待 1 秒
2021-07-10 02:56:11 {"status":"ok","msg":"添加成功！235885"}
2021-07-10 02:56:11 下次操作: 2021-07-10 02:56:17

2021-07-10 02:56:17 开始第 17 次操作

2021-07-10 02:56:17 开始操作号码 【1316460】
2021-07-10 02:56:19 GSD getOne 第 1 次 等待 1 秒
2021-07-10 02:56:20 查询号码 【1316460】，返回信息 {"status":"bad","msg":""}
2021-07-10 02:56:20 查询号码 【1316460】，GSD为【""】
2021-07-10 02:56:20 bad
2021-07-10 02:56:22 CHB 1316460?1625856980 第 1 次 等待 1 秒
2021-07-10 02:56:23 CHB 1316460?1625856980 第 1 次 获取到号码【1316460】GSD
2021-07-10 02:56:23 获取到号码【1316460】的GSD为【湖北-武汉】
2021-07-10 02:56:26 GSD insert 第 1 次 等待 1 秒
2021-07-10 02:56:27 {"status":"ok","msg":"添加成功！235887"}
2021-07-10 02:56:27 下次操作: 2021-07-10 02:56:45

2021-07-10 02:56:45 开始第 18 次操作

2021-07-10 02:56:45 开始操作号码 【1316459】
2021-07-10 02:56:49 GSD getOne 第 1 次 等待 1 秒
2021-07-10 02:56:50 查询号码 【1316459】，返回信息 {"status":"bad","msg":""}
2021-07-10 02:56:50 查询号码 【1316459】，GSD为【""】
2021-07-10 02:56:50 bad
2021-07-10 02:56:52 CHB 1316459?1625857010 第 1 次 等待 1 秒
2021-07-10 02:56:53 CHB 1316459?1625857010 第 1 次 获取到号码【1316459】GSD
2021-07-10 02:56:53 获取到号码【1316459】的GSD为【辽宁-大连】
2021-07-10 02:56:57 GSD insert 第 1 次 等待 1 秒
2021-07-10 02:56:58 {"status":"ok","msg":"添加成功！235895"}
2021-07-10 02:56:58 下次操作: 2021-07-10 02:57:05

2021-07-10 02:57:05 开始第 19 次操作

2021-07-10 02:57:05 开始操作号码 【1316458】
2021-07-10 02:57:08 GSD getOne 第 1 次 等待 1 秒
2021-07-10 02:57:09 查询号码 【1316458】，返回信息 {"status":"bad","msg":""}
2021-07-10 02:57:09 查询号码 【1316458】，GSD为【""】
2021-07-10 02:57:09 bad
2021-07-10 02:57:11 CHB 1316458?1625857029 第 1 次 等待 1 秒
2021-07-10 02:57:12 CHB 1316458?1625857029 第 1 次 获取到号码【1316458】GSD
2021-07-10 02:57:12 获取到号码【1316458】的GSD为【辽宁-大连】
2021-07-10 02:57:16 GSD insert 第 1 次 等待 1 秒
2021-07-10 02:57:17 {"status":"ok","msg":"添加成功！235900"}
2021-07-10 02:57:17 下次操作: 2021-07-10 02:57:27

2021-07-10 02:57:27 开始第 20 次操作

2021-07-10 02:57:27 开始操作号码 【1316457】
2021-07-10 02:57:29 GSD getOne 第 1 次 等待 1 秒
2021-07-10 02:57:30 查询号码 【1316457】，返回信息 {"status":"bad","msg":""}
2021-07-10 02:57:31 查询号码 【1316457】，GSD为【""】
2021-07-10 02:57:31 bad
2021-07-10 02:57:32 CHB 1316457?1625857051 第 1 次 等待 1 秒
2021-07-10 02:57:33 CHB 1316457?1625857051 第 1 次 获取到号码【1316457】GSD
2021-07-10 02:57:33 获取到号码【1316457】的GSD为【辽宁-大连】
2021-07-10 02:57:35 GSD insert 第 1 次 等待 1 秒
2021-07-10 02:57:36 {"status":"ok","msg":"添加成功！235904"}
2021-07-10 02:57:36 下次操作: 2021-07-10 02:57:44

2021-07-10 02:57:44 开始第 21 次操作

2021-07-10 02:57:44 开始操作号码 【1316456】
2021-07-10 02:57:47 GSD getOne 第 1 次 等待 1 秒
2021-07-10 02:57:48 查询号码 【1316456】，返回信息 {"status":"bad","msg":""}
2021-07-10 02:57:48 查询号码 【1316456】，GSD为【""】
2021-07-10 02:57:48 bad
2021-07-10 02:57:49 CHB 1316456?1625857068 第 1 次 等待 1 秒
2021-07-10 02:57:50 CHB 1316456?1625857068 第 1 次 获取到号码【1316456】GSD
2021-07-10 02:57:50 获取到号码【1316456】的GSD为【辽宁-大连】
2021-07-10 02:57:53 GSD insert 第 1 次 等待 1 秒
2021-07-10 02:57:54 {"status":"ok","msg":"添加成功！235909"}
2021-07-10 02:57:54 下次操作: 2021-07-10 02:58:06

2021-07-10 02:58:06 开始第 22 次操作

2021-07-10 02:58:06 开始操作号码 【1316455】
2021-07-10 02:58:08 GSD getOne 第 1 次 等待 1 秒
2021-07-10 02:58:09 查询号码 【1316455】，返回信息 {"status":"bad","msg":""}
2021-07-10 02:58:09 查询号码 【1316455】，GSD为【""】
2021-07-10 02:58:09 bad
2021-07-10 02:58:11 CHB 1316455?1625857089 第 1 次 等待 1 秒
2021-07-10 02:58:12 CHB 1316455?1625857089 第 1 次 获取到号码【1316455】GSD
2021-07-10 02:58:12 获取到号码【1316455】的GSD为【辽宁-大连】
2021-07-10 02:58:16 GSD insert 第 1 次 等待 1 秒
2021-07-10 02:58:17 {"status":"ok","msg":"添加成功！235915"}
2021-07-10 02:58:17 下次操作: 2021-07-10 02:58:34

2021-07-10 02:58:34 开始第 23 次操作

2021-07-10 02:58:34 开始操作号码 【1316454】
2021-07-10 02:58:38 GSD getOne 第 1 次 等待 1 秒
2021-07-10 02:58:39 查询号码 【1316454】，返回信息 {"status":"bad","msg":""}
2021-07-10 02:58:39 查询号码 【1316454】，GSD为【""】
2021-07-10 02:58:39 bad
2021-07-10 02:58:41 CHB 1316454?1625857119 第 1 次 等待 1 秒
2021-07-10 02:58:42 CHB 1316454?1625857119 第 1 次 获取到号码【1316454】GSD
2021-07-10 02:58:42 获取到号码【1316454】的GSD为【辽宁-大连】
2021-07-10 02:58:46 GSD insert 第 1 次 等待 1 秒
2021-07-10 02:58:47 {"status":"ok","msg":"添加成功！235923"}
2021-07-10 02:58:47 下次操作: 2021-07-10 02:58:53

2021-07-10 02:58:53 开始第 24 次操作

2021-07-10 02:58:53 开始操作号码 【1316453】
2021-07-10 02:58:55 GSD getOne 第 1 次 等待 1 秒
2021-07-10 02:58:56 查询号码 【1316453】，返回信息 {"status":"bad","msg":""}
2021-07-10 02:58:56 查询号码 【1316453】，GSD为【""】
2021-07-10 02:58:56 bad
2021-07-10 02:58:57 CHB 1316453?1625857136 第 1 次 等待 1 秒
2021-07-10 02:58:58 CHB 1316453?1625857136 第 1 次 获取到号码【1316453】GSD
2021-07-10 02:58:58 获取到号码【1316453】的GSD为【辽宁-大连】
2021-07-10 02:59:01 GSD insert 第 1 次 等待 1 秒
2021-07-10 02:59:02 {"status":"ok","msg":"添加成功！235929"}
2021-07-10 02:59:02 下次操作: 2021-07-10 02:59:12

2021-07-10 02:59:12 开始第 25 次操作

2021-07-10 02:59:12 开始操作号码 【1316452】
2021-07-10 02:59:16 GSD getOne 第 1 次 等待 1 秒
2021-07-10 02:59:17 查询号码 【1316452】，返回信息 {"status":"bad","msg":""}
2021-07-10 02:59:17 查询号码 【1316452】，GSD为【""】
2021-07-10 02:59:17 bad
2021-07-10 02:59:18 CHB 1316452?1625857157 第 1 次 等待 1 秒
2021-07-10 02:59:19 CHB 1316452?1625857157 第 1 次 获取到号码【1316452】GSD
2021-07-10 02:59:19 获取到号码【1316452】的GSD为【辽宁-大连】
2021-07-10 02:59:23 GSD insert 第 1 次 等待 1 秒
2021-07-10 02:59:24 {"status":"ok","msg":"添加成功！235936"}
2021-07-10 02:59:24 下次操作: 2021-07-10 02:59:36

2021-07-10 02:59:36 开始第 26 次操作

2021-07-10 02:59:36 开始操作号码 【1316451】
2021-07-10 02:59:39 GSD getOne 第 1 次 等待 1 秒
2021-07-10 02:59:40 查询号码 【1316451】，返回信息 {"status":"bad","msg":""}
2021-07-10 02:59:40 查询号码 【1316451】，GSD为【""】
2021-07-10 02:59:40 bad
2021-07-10 02:59:41 CHB 1316451?1625857180 第 1 次 等待 1 秒
2021-07-10 02:59:42 CHB 1316451?1625857180 第 1 次 获取到号码【1316451】GSD
2021-07-10 02:59:42 获取到号码【1316451】的GSD为【辽宁-大连】
2021-07-10 02:59:45 GSD insert 第 1 次 等待 1 秒
2021-07-10 02:59:46 {"status":"ok","msg":"添加成功！235943"}
2021-07-10 02:59:46 下次操作: 2021-07-10 03:00:02

2021-07-10 03:00:02 开始第 27 次操作

2021-07-10 03:00:02 开始操作号码 【1316450】
2021-07-10 03:00:04 GSD getOne 第 1 次 等待 1 秒
2021-07-10 03:00:05 查询号码 【1316450】，返回信息 {"status":"bad","msg":""}
2021-07-10 03:00:05 查询号码 【1316450】，GSD为【""】
2021-07-10 03:00:05 bad
2021-07-10 03:00:07 CHB 1316450?1625857205 第 1 次 等待 1 秒
2021-07-10 03:00:08 CHB 1316450?1625857205 第 1 次 获取到号码【1316450】GSD
2021-07-10 03:00:08 获取到号码【1316450】的GSD为【辽宁-大连】
2021-07-10 03:00:11 GSD insert 第 1 次 等待 1 秒
2021-07-10 03:00:12 {"status":"ok","msg":"添加成功！235952"}
2021-07-10 03:00:12 下次操作: 2021-07-10 03:00:27

2021-07-10 03:00:27 开始第 28 次操作

2021-07-10 03:00:27 开始操作号码 【1316449】
2021-07-10 03:00:29 GSD getOne 第 1 次 等待 1 秒
2021-07-10 03:00:30 查询号码 【1316449】，返回信息 {"status":"bad","msg":""}
2021-07-10 03:00:30 查询号码 【1316449】，GSD为【""】
2021-07-10 03:00:30 bad
2021-07-10 03:00:32 CHB 1316449?1625857230 第 1 次 等待 1 秒
2021-07-10 03:00:33 CHB 1316449?1625857230 第 1 次 获取到号码【1316449】GSD
2021-07-10 03:00:33 获取到号码【1316449】的GSD为【重庆-重庆】
2021-07-10 03:00:37 GSD insert 第 1 次 等待 1 秒
2021-07-10 03:00:38 {"status":"ok","msg":"添加成功！235960"}
2021-07-10 03:00:38 下次操作: 2021-07-10 03:00:49

2021-07-10 03:00:49 开始第 29 次操作

2021-07-10 03:00:49 开始操作号码 【1316448】
2021-07-10 03:00:51 GSD getOne 第 1 次 等待 1 秒
2021-07-10 03:00:52 查询号码 【1316448】，返回信息 {"status":"bad","msg":""}
2021-07-10 03:00:52 查询号码 【1316448】，GSD为【""】
2021-07-10 03:00:52 bad
2021-07-10 03:00:53 CHB 1316448?1625857252 第 1 次 等待 1 秒
2021-07-10 03:00:54 CHB 1316448?1625857252 第 1 次 获取到号码【1316448】GSD
2021-07-10 03:00:54 获取到号码【1316448】的GSD为【重庆-重庆】
2021-07-10 03:00:57 GSD insert 第 1 次 等待 1 秒
2021-07-10 03:00:58 {"status":"ok","msg":"添加成功！235962"}
2021-07-10 03:00:58 下次操作: 2021-07-10 03:01:10

2021-07-10 03:01:10 开始第 30 次操作

2021-07-10 03:01:10 开始操作号码 【1316447】
2021-07-10 03:01:13 GSD getOne 第 1 次 等待 1 秒
2021-07-10 03:01:14 查询号码 【1316447】，返回信息 {"status":"bad","msg":""}
2021-07-10 03:01:14 查询号码 【1316447】，GSD为【""】
2021-07-10 03:01:14 bad
2021-07-10 03:01:15 CHB 1316447?1625857274 第 1 次 等待 1 秒
2021-07-10 03:01:16 CHB 1316447?1625857274 第 1 次 获取到号码【1316447】GSD
2021-07-10 03:01:16 获取到号码【1316447】的GSD为【重庆-重庆】
2021-07-10 03:01:20 GSD insert 第 1 次 等待 1 秒
2021-07-10 03:01:21 {"status":"ok","msg":"添加成功！235967"}

2021-07-10 03:36:35 开始第 1 次操作

2021-07-10 03:36:35 开始操作号码 【1316446】
2021-07-10 03:36:39 GSD getOne 第 1 次 等待 1 秒
2021-07-10 03:36:40 查询号码 【1316446】，返回信息 {"status":"bad","msg":""}
2021-07-10 03:36:41 查询号码 【1316446】，GSD为【""】
2021-07-10 03:36:41 bad
2021-07-10 03:36:42 CHB 1316446?1625859401 第 1 次 等待 1 秒
2021-07-10 03:36:43 CHB 1316446?1625859401 第 1 次 获取到号码【1316446】GSD
2021-07-10 03:36:43 获取到号码【1316446】的GSD为【重庆-重庆】
2021-07-10 03:36:47 GSD insert 第 1 次 等待 1 秒
2021-07-10 03:36:48 {"status":"ok","msg":"添加成功！236157"}
2021-07-10 03:36:48 下次操作: 2021-07-10 03:36:56

2021-07-10 03:36:56 开始第 2 次操作

2021-07-10 03:36:56 开始操作号码 【1316445】
2021-07-10 03:36:59 GSD getOne 第 1 次 等待 1 秒
2021-07-10 03:37:00 查询号码 【1316445】，返回信息 {"status":"ok","msg":"重庆-重庆","time_insert":"2021-04-22 10:29"}
2021-07-10 03:37:00 查询号码 【1316445】，GSD为【"重庆-重庆"】

2021-07-10 03:37:00 开始第 2 次操作

2021-07-10 03:37:00 开始操作号码 【1316444】
2021-07-10 03:37:02 GSD getOne 第 1 次 等待 1 秒
2021-07-10 03:37:03 查询号码 【1316444】，返回信息 {"status":"ok","msg":"重庆-重庆","time_insert":"2017-05-10 16:05","time_update":"2021-01-03 07:45"}
2021-07-10 03:37:03 查询号码 【1316444】，GSD为【"重庆-重庆"】

2021-07-10 03:37:03 开始第 2 次操作

2021-07-10 03:37:03 开始操作号码 【1316443】
2021-07-10 03:37:06 GSD getOne 第 1 次 等待 1 秒
2021-07-10 03:37:07 查询号码 【1316443】，返回信息 {"status":"ok","msg":"重庆-重庆","time_insert":"2021-04-28 16:59"}
2021-07-10 03:37:07 查询号码 【1316443】，GSD为【"重庆-重庆"】

2021-07-10 03:37:07 开始第 2 次操作

2021-07-10 03:37:07 开始操作号码 【1316442】
2021-07-10 03:37:09 GSD getOne 第 1 次 等待 1 秒
2021-07-10 03:37:10 查询号码 【1316442】，返回信息 {"status":"bad","msg":""}
2021-07-10 03:37:10 查询号码 【1316442】，GSD为【""】
2021-07-10 03:37:10 bad
2021-07-10 03:37:12 CHB 1316442?1625859430 第 1 次 等待 1 秒
2021-07-10 03:37:13 CHB 1316442?1625859430 第 1 次 获取到号码【1316442】GSD
2021-07-10 03:37:13 获取到号码【1316442】的GSD为【重庆-重庆】
2021-07-10 03:37:15 GSD insert 第 1 次 等待 1 秒
2021-07-10 03:37:16 {"status":"ok","msg":"添加成功！236164"}
2021-07-10 03:37:16 下次操作: 2021-07-10 03:37:30

2021-07-10 03:37:30 开始第 3 次操作

2021-07-10 03:37:30 开始操作号码 【1316441】
2021-07-10 03:37:33 GSD getOne 第 1 次 等待 1 秒
2021-07-10 03:37:34 查询号码 【1316441】，返回信息 {"status":"bad","msg":""}
2021-07-10 03:37:34 查询号码 【1316441】，GSD为【""】
2021-07-10 03:37:34 bad
2021-07-10 03:37:35 CHB 1316441?1625859454 第 1 次 等待 1 秒
2021-07-10 03:37:36 CHB 1316441?1625859454 第 1 次 获取到号码【1316441】GSD
2021-07-10 03:37:36 获取到号码【1316441】的GSD为【重庆-重庆】
2021-07-10 03:37:41 GSD insert 第 1 次 等待 1 秒
2021-07-10 03:37:42 {"status":"ok","msg":"添加成功！236171"}
2021-07-10 03:37:42 下次操作: 2021-07-10 03:37:57

2021-07-10 03:37:57 开始第 4 次操作

2021-07-10 03:37:57 开始操作号码 【1316440】
2021-07-10 03:37:59 GSD getOne 第 1 次 等待 1 秒
2021-07-10 03:38:00 查询号码 【1316440】，返回信息 {"status":"bad","msg":""}
2021-07-10 03:38:00 查询号码 【1316440】，GSD为【""】
2021-07-10 03:38:00 bad
2021-07-10 03:38:02 CHB 1316440?1625859480 第 1 次 等待 1 秒
2021-07-10 03:38:03 CHB 1316440?1625859480 第 1 次 获取到号码【1316440】GSD
2021-07-10 03:38:03 获取到号码【1316440】的GSD为【重庆-重庆】
2021-07-10 03:38:06 GSD insert 第 1 次 等待 1 秒
2021-07-10 03:38:07 {"status":"ok","msg":"添加成功！236177"}
2021-07-10 03:38:07 下次操作: 2021-07-10 03:38:17

2021-07-10 03:38:17 开始第 5 次操作

2021-07-10 03:38:17 开始操作号码 【1316439】
2021-07-10 03:38:19 GSD getOne 第 1 次 等待 1 秒
2021-07-10 03:38:20 查询号码 【1316439】，返回信息 {"status":"bad","msg":""}
2021-07-10 03:38:20 查询号码 【1316439】，GSD为【""】
2021-07-10 03:38:20 bad
2021-07-10 03:38:22 CHB 1316439?1625859500 第 1 次 等待 1 秒
2021-07-10 03:38:23 CHB 1316439?1625859500 第 1 次 获取到号码【1316439】GSD
2021-07-10 03:38:23 获取到号码【1316439】的GSD为【河南-郑州】
2021-07-10 03:38:27 GSD insert 第 1 次 等待 1 秒
2021-07-10 03:38:28 {"status":"ok","msg":"添加成功！236186"}
2021-07-10 03:38:28 下次操作: 2021-07-10 03:38:45

2021-07-10 03:38:45 开始第 6 次操作

2021-07-10 03:38:45 开始操作号码 【1316438】
2021-07-10 03:38:49 GSD getOne 第 1 次 等待 1 秒
2021-07-10 03:38:50 查询号码 【1316438】，返回信息 {"status":"bad","msg":""}
2021-07-10 03:38:50 查询号码 【1316438】，GSD为【""】
2021-07-10 03:38:50 bad
2021-07-10 03:38:51 CHB 1316438?1625859530 第 1 次 等待 1 秒
2021-07-10 03:38:52 CHB 1316438?1625859530 第 1 次 获取到号码【1316438】GSD
2021-07-10 03:38:52 获取到号码【1316438】的GSD为【河南-郑州】
2021-07-10 03:38:57 GSD insert 第 1 次 等待 1 秒
2021-07-10 03:38:58 {"status":"ok","msg":"添加成功！236195"}
2021-07-10 03:38:58 下次操作: 2021-07-10 03:39:11

2021-07-10 03:39:11 开始第 7 次操作

2021-07-10 03:39:11 开始操作号码 【1316437】
2021-07-10 03:39:13 GSD getOne 第 1 次 等待 1 秒
2021-07-10 03:39:14 查询号码 【1316437】，返回信息 {"status":"bad","msg":""}
2021-07-10 03:39:14 查询号码 【1316437】，GSD为【""】
2021-07-10 03:39:14 bad
2021-07-10 03:39:16 CHB 1316437?1625859554 第 1 次 等待 1 秒
2021-07-10 03:39:17 CHB 1316437?1625859554 第 1 次 获取到号码【1316437】GSD
2021-07-10 03:39:17 获取到号码【1316437】的GSD为【河南-郑州】
2021-07-10 03:39:21 GSD insert 第 1 次 等待 1 秒
2021-07-10 03:39:22 {"status":"ok","msg":"添加成功！236204"}
2021-07-10 03:39:22 下次操作: 2021-07-10 03:39:28

2021-07-10 03:39:28 开始第 8 次操作

2021-07-10 03:39:28 开始操作号码 【1316436】
2021-07-10 03:39:32 GSD getOne 第 1 次 等待 1 秒
2021-07-10 03:39:33 查询号码 【1316436】，返回信息 {"status":"bad","msg":""}
2021-07-10 03:39:33 查询号码 【1316436】，GSD为【""】
2021-07-10 03:39:33 bad
2021-07-10 03:39:34 CHB 1316436?1625859573 第 1 次 等待 1 秒
2021-07-10 03:39:35 CHB 1316436?1625859573 第 1 次 获取到号码【1316436】GSD
2021-07-10 03:39:35 获取到号码【1316436】的GSD为【河南-郑州】
2021-07-10 03:39:38 GSD insert 第 1 次 等待 1 秒
2021-07-10 03:39:39 {"status":"ok","msg":"添加成功！236209"}
2021-07-10 03:39:39 下次操作: 2021-07-10 03:39:57

2021-07-10 03:39:57 开始第 9 次操作

2021-07-10 03:39:57 开始操作号码 【1316435】
2021-07-10 03:39:59 GSD getOne 第 1 次 等待 1 秒
2021-07-10 03:40:00 查询号码 【1316435】，返回信息 {"status":"bad","msg":""}
2021-07-10 03:40:00 查询号码 【1316435】，GSD为【""】
2021-07-10 03:40:00 bad
2021-07-10 03:40:02 CHB 1316435?1625859600 第 1 次 等待 1 秒
2021-07-10 03:40:03 CHB 1316435?1625859600 第 1 次 获取到号码【1316435】GSD
2021-07-10 03:40:03 获取到号码【1316435】的GSD为【河南-郑州】
2021-07-10 03:40:06 GSD insert 第 1 次 等待 1 秒
2021-07-10 03:40:07 {"status":"ok","msg":"添加成功！236220"}
2021-07-10 03:40:08 下次操作: 2021-07-10 03:40:16

2021-07-10 03:40:16 开始第 10 次操作

2021-07-10 03:40:16 开始操作号码 【1316434】
2021-07-10 03:40:18 GSD getOne 第 1 次 等待 1 秒
2021-07-10 03:40:19 查询号码 【1316434】，返回信息 {"status":"bad","msg":""}
2021-07-10 03:40:19 查询号码 【1316434】，GSD为【""】
2021-07-10 03:40:19 bad
2021-07-10 03:40:21 CHB 1316434?1625859619 第 1 次 等待 1 秒
2021-07-10 03:40:22 CHB 1316434?1625859619 第 1 次 获取到号码【1316434】GSD
2021-07-10 03:40:22 获取到号码【1316434】的GSD为【河南-郑州】
2021-07-10 03:40:25 GSD insert 第 1 次 等待 1 秒
2021-07-10 03:40:26 {"status":"ok","msg":"添加成功！236227"}
2021-07-10 03:40:26 下次操作: 2021-07-10 03:40:40

2021-07-10 03:40:40 开始第 11 次操作

2021-07-10 03:40:40 开始操作号码 【1316433】
2021-07-10 03:40:44 GSD getOne 第 1 次 等待 1 秒
2021-07-10 03:40:45 查询号码 【1316433】，返回信息 {"status":"bad","msg":""}
2021-07-10 03:40:45 查询号码 【1316433】，GSD为【""】
2021-07-10 03:40:45 bad
2021-07-10 03:40:46 CHB 1316433?1625859645 第 1 次 等待 1 秒
2021-07-10 03:40:47 CHB 1316433?1625859645 第 1 次 获取到号码【1316433】GSD
2021-07-10 03:40:47 获取到号码【1316433】的GSD为【河南-郑州】
2021-07-10 03:40:51 GSD insert 第 1 次 等待 1 秒
2021-07-10 03:40:52 {"status":"ok","msg":"添加成功！236236"}
2021-07-10 03:40:52 下次操作: 2021-07-10 03:41:00

2021-07-10 03:41:00 开始第 12 次操作

2021-07-10 03:41:00 开始操作号码 【1316432】
2021-07-10 03:41:04 GSD getOne 第 1 次 等待 1 秒
2021-07-10 03:41:05 查询号码 【1316432】，返回信息 {"status":"bad","msg":""}
2021-07-10 03:41:05 查询号码 【1316432】，GSD为【""】
2021-07-10 03:41:05 bad
2021-07-10 03:41:06 CHB 1316432?1625859665 第 1 次 等待 1 秒
2021-07-10 03:41:07 CHB 1316432?1625859665 第 1 次 获取到号码【1316432】GSD
2021-07-10 03:41:07 获取到号码【1316432】的GSD为【河南-郑州】
2021-07-10 03:41:11 GSD insert 第 1 次 等待 1 秒
2021-07-10 03:41:12 {"status":"ok","msg":"添加成功！236242"}
2021-07-10 03:41:12 下次操作: 2021-07-10 03:41:28

2021-07-10 03:41:28 开始第 13 次操作

2021-07-10 03:41:28 开始操作号码 【1316431】
2021-07-10 03:41:31 GSD getOne 第 1 次 等待 1 秒
2021-07-10 03:41:32 查询号码 【1316431】，返回信息 {"status":"bad","msg":""}
2021-07-10 03:41:32 查询号码 【1316431】，GSD为【""】
2021-07-10 03:41:32 bad
2021-07-10 03:41:33 CHB 1316431?1625859692 第 1 次 等待 1 秒
2021-07-10 03:41:34 CHB 1316431?1625859692 第 1 次 获取到号码【1316431】GSD
2021-07-10 03:41:34 获取到号码【1316431】的GSD为【河南-郑州】
2021-07-10 03:41:40 GSD insert 第 1 次 等待 1 秒
2021-07-10 03:41:41 {"status":"ok","msg":"添加成功！236251"}
2021-07-10 03:41:41 下次操作: 2021-07-10 03:41:59

2021-07-10 03:41:59 开始第 14 次操作

2021-07-10 03:41:59 开始操作号码 【1316430】
2021-07-10 03:42:01 GSD getOne 第 1 次 等待 1 秒
2021-07-10 03:42:02 查询号码 【1316430】，返回信息 {"status":"bad","msg":""}
2021-07-10 03:42:02 查询号码 【1316430】，GSD为【""】
2021-07-10 03:42:02 bad
2021-07-10 03:42:04 CHB 1316430?1625859722 第 1 次 等待 1 秒
2021-07-10 03:42:05 CHB 1316430?1625859722 第 1 次 获取到号码【1316430】GSD
2021-07-10 03:42:05 获取到号码【1316430】的GSD为【河南-郑州】
2021-07-10 03:42:08 GSD insert 第 1 次 等待 1 秒
2021-07-10 03:42:09 {"status":"ok","msg":"添加成功！236260"}
2021-07-10 03:42:09 下次操作: 2021-07-10 03:42:26

2021-07-10 03:42:26 开始第 15 次操作

2021-07-10 03:42:26 开始操作号码 【1316429】
2021-07-10 03:42:28 GSD getOne 第 1 次 等待 1 秒
2021-07-10 03:42:29 查询号码 【1316429】，返回信息 {"status":"bad","msg":""}
2021-07-10 03:42:29 查询号码 【1316429】，GSD为【""】
2021-07-10 03:42:29 bad
2021-07-10 03:42:30 CHB 1316429?1625859749 第 1 次 等待 1 秒
2021-07-10 03:42:31 CHB 1316429?1625859749 第 1 次 获取到号码【1316429】GSD
2021-07-10 03:42:31 获取到号码【1316429】的GSD为【北京-北京】
2021-07-10 03:42:34 GSD insert 第 1 次 等待 1 秒
2021-07-10 03:42:35 {"status":"ok","msg":"添加成功！236273"}
2021-07-10 03:42:35 下次操作: 2021-07-10 03:42:43

2021-07-10 03:42:43 开始第 16 次操作

2021-07-10 03:42:43 开始操作号码 【1316428】
2021-07-10 03:42:45 GSD getOne 第 1 次 等待 1 秒
2021-07-10 03:42:46 查询号码 【1316428】，返回信息 {"status":"bad","msg":""}
2021-07-10 03:42:46 查询号码 【1316428】，GSD为【""】
2021-07-10 03:42:46 bad
2021-07-10 03:42:48 CHB 1316428?1625859766 第 1 次 等待 1 秒
2021-07-10 03:42:49 CHB 1316428?1625859766 第 1 次 获取到号码【1316428】GSD
2021-07-10 03:42:49 获取到号码【1316428】的GSD为【北京-北京】
2021-07-10 03:42:53 GSD insert 第 1 次 等待 1 秒
2021-07-10 03:42:54 {"status":"ok","msg":"添加成功！236277"}
2021-07-10 03:42:54 下次操作: 2021-07-10 03:43:02

2021-07-10 03:43:02 开始第 17 次操作

2021-07-10 03:43:02 开始操作号码 【1316427】
2021-07-10 03:43:04 GSD getOne 第 1 次 等待 1 秒
2021-07-10 03:43:05 查询号码 【1316427】，返回信息 {"status":"bad","msg":""}
2021-07-10 03:43:05 查询号码 【1316427】，GSD为【""】
2021-07-10 03:43:05 bad
2021-07-10 03:43:07 CHB 1316427?1625859785 第 1 次 等待 1 秒
2021-07-10 03:43:08 CHB 1316427?1625859785 第 1 次 获取到号码【1316427】GSD
2021-07-10 03:43:08 获取到号码【1316427】的GSD为【北京-北京】
2021-07-10 03:43:11 GSD insert 第 1 次 等待 1 秒
2021-07-10 03:43:12 {"status":"ok","msg":"添加成功！236285"}
2021-07-10 03:43:12 下次操作: 2021-07-10 03:43:22

2021-07-10 03:43:22 开始第 18 次操作

2021-07-10 03:43:22 开始操作号码 【1316426】
2021-07-10 03:43:26 GSD getOne 第 1 次 等待 1 秒
2021-07-10 03:43:27 查询号码 【1316426】，返回信息 {"status":"bad","msg":""}
2021-07-10 03:43:27 查询号码 【1316426】，GSD为【""】
2021-07-10 03:43:27 bad
2021-07-10 03:43:28 CHB 1316426?1625859807 第 1 次 等待 1 秒
2021-07-10 03:43:29 CHB 1316426?1625859807 第 1 次 获取到号码【1316426】GSD
2021-07-10 03:43:29 获取到号码【1316426】的GSD为【北京-北京】
2021-07-10 03:43:31 GSD insert 第 1 次 等待 1 秒
2021-07-10 03:43:32 {"status":"ok","msg":"添加成功！236289"}
2021-07-10 03:43:32 下次操作: 2021-07-10 03:43:40

2021-07-10 03:43:40 开始第 19 次操作

2021-07-10 03:43:40 开始操作号码 【1316425】
2021-07-10 03:43:43 GSD getOne 第 1 次 等待 1 秒
2021-07-10 03:43:44 查询号码 【1316425】，返回信息 {"status":"bad","msg":""}
2021-07-10 03:43:44 查询号码 【1316425】，GSD为【""】
2021-07-10 03:43:44 bad
2021-07-10 03:43:45 CHB 1316425?1625859824 第 1 次 等待 1 秒
2021-07-10 03:43:46 CHB 1316425?1625859824 第 1 次 获取到号码【1316425】GSD
2021-07-10 03:43:46 获取到号码【1316425】的GSD为【北京-北京】
2021-07-10 03:43:50 GSD insert 第 1 次 等待 1 秒
2021-07-10 03:43:51 {"status":"ok","msg":"添加成功！236295"}
2021-07-10 03:43:51 下次操作: 2021-07-10 03:44:02

2021-07-10 03:44:02 开始第 20 次操作

2021-07-10 03:44:02 开始操作号码 【1316424】
2021-07-10 03:44:04 GSD getOne 第 1 次 等待 1 秒
2021-07-10 03:44:05 查询号码 【1316424】，返回信息 {"status":"bad","msg":""}
2021-07-10 03:44:06 查询号码 【1316424】，GSD为【""】
2021-07-10 03:44:06 bad
2021-07-10 03:44:07 CHB 1316424?1625859846 第 1 次 等待 1 秒
2021-07-10 03:44:08 CHB 1316424?1625859846 第 1 次 获取到号码【1316424】GSD
2021-07-10 03:44:08 获取到号码【1316424】的GSD为【北京-北京】
2021-07-10 03:44:12 GSD insert 第 1 次 等待 1 秒
2021-07-10 03:44:13 {"status":"ok","msg":"添加成功！236302"}
2021-07-10 03:44:13 下次操作: 2021-07-10 03:44:28

2021-07-10 03:44:28 开始第 21 次操作

2021-07-10 03:44:28 开始操作号码 【1316423】
2021-07-10 03:44:30 GSD getOne 第 1 次 等待 1 秒
2021-07-10 03:44:31 查询号码 【1316423】，返回信息 {"status":"bad","msg":""}
2021-07-10 03:44:32 查询号码 【1316423】，GSD为【""】
2021-07-10 03:44:32 bad
2021-07-10 03:44:33 CHB 1316423?1625859872 第 1 次 等待 1 秒
2021-07-10 03:44:34 CHB 1316423?1625859872 第 1 次 获取到号码【1316423】GSD
2021-07-10 03:44:34 获取到号码【1316423】的GSD为【北京-北京】
2021-07-10 03:44:38 GSD insert 第 1 次 等待 1 秒
2021-07-10 03:44:39 {"status":"ok","msg":"添加成功！236309"}
2021-07-10 03:44:39 下次操作: 2021-07-10 03:44:50

2021-07-10 03:44:50 开始第 22 次操作

2021-07-10 03:44:50 开始操作号码 【1316422】
2021-07-10 03:44:53 GSD getOne 第 1 次 等待 1 秒
2021-07-10 03:44:55 查询号码 【1316422】，返回信息 {"status":"bad","msg":""}
2021-07-10 03:44:55 查询号码 【1316422】，GSD为【""】
2021-07-10 03:44:55 bad
2021-07-10 03:44:56 CHB 1316422?1625859895 第 1 次 等待 1 秒
2021-07-10 03:44:57 CHB 1316422?1625859895 第 1 次 获取到号码【1316422】GSD
2021-07-10 03:44:57 获取到号码【1316422】的GSD为【北京-北京】
2021-07-10 03:44:59 GSD insert 第 1 次 等待 1 秒
2021-07-10 03:45:00 {"status":"ok","msg":"添加成功！236317"}
2021-07-10 03:45:00 下次操作: 2021-07-10 03:45:09

2021-07-10 03:45:09 开始第 23 次操作

2021-07-10 03:45:09 开始操作号码 【1316421】
2021-07-10 03:45:13 GSD getOne 第 1 次 等待 1 秒
2021-07-10 03:45:14 查询号码 【1316421】，返回信息 {"status":"bad","msg":""}
2021-07-10 03:45:14 查询号码 【1316421】，GSD为【""】
2021-07-10 03:45:14 bad
2021-07-10 03:45:15 CHB 1316421?1625859914 第 1 次 等待 1 秒
2021-07-10 03:45:16 CHB 1316421?1625859914 第 1 次 获取到号码【1316421】GSD
2021-07-10 03:45:16 获取到号码【1316421】的GSD为【北京-北京】
2021-07-10 03:45:18 GSD insert 第 1 次 等待 1 秒
2021-07-10 03:45:19 {"status":"ok","msg":"添加成功！236324"}
2021-07-10 03:45:19 下次操作: 2021-07-10 03:45:37

2021-07-10 03:45:37 开始第 24 次操作

2021-07-10 03:45:37 开始操作号码 【1316420】
2021-07-10 03:45:40 GSD getOne 第 1 次 等待 1 秒
2021-07-10 03:45:41 查询号码 【1316420】，返回信息 {"status":"bad","msg":""}
2021-07-10 03:45:41 查询号码 【1316420】，GSD为【""】
2021-07-10 03:45:41 bad
2021-07-10 03:45:43 CHB 1316420?1625859941 第 1 次 等待 1 秒
2021-07-10 03:45:44 CHB 1316420?1625859941 第 1 次 获取到号码【1316420】GSD
2021-07-10 03:45:44 获取到号码【1316420】的GSD为【北京-北京】
2021-07-10 03:45:47 GSD insert 第 1 次 等待 1 秒
2021-07-10 03:45:48 {"status":"ok","msg":"添加成功！236334"}
2021-07-10 03:45:48 下次操作: 2021-07-10 03:46:01

2021-07-10 03:46:01 开始第 25 次操作

2021-07-10 03:46:01 开始操作号码 【1316419】
2021-07-10 03:46:09 GSD getOne 第 1 次 等待 1 秒
2021-07-10 03:46:10 查询号码 【1316419】，返回信息 {"status":"bad","msg":""}
2021-07-10 03:46:10 查询号码 【1316419】，GSD为【""】
2021-07-10 03:46:10 bad
2021-07-10 03:46:11 CHB 1316419?1625859970 第 1 次 等待 1 秒
2021-07-10 03:46:12 CHB 1316419?1625859970 第 1 次 获取到号码【1316419】GSD
2021-07-10 03:46:12 获取到号码【1316419】的GSD为【湖北-武汉】
2021-07-10 03:46:15 GSD insert 第 1 次 等待 1 秒
2021-07-10 03:46:16 {"status":"ok","msg":"添加成功！236342"}
2021-07-10 03:46:16 下次操作: 2021-07-10 03:46:30

2021-07-10 03:46:30 开始第 26 次操作

2021-07-10 03:46:30 开始操作号码 【1316418】
2021-07-10 03:46:41 GSD getOne 第 1 次 等待 1 秒
2021-07-10 03:46:42 查询号码 【1316418】，返回信息 {"status":"bad","msg":""}
2021-07-10 03:46:42 查询号码 【1316418】，GSD为【""】
2021-07-10 03:46:42 bad
2021-07-10 03:46:44 CHB 1316418?1625860002 第 1 次 等待 1 秒
2021-07-10 03:46:45 CHB 1316418?1625860002 第 1 次 获取到号码【1316418】GSD
2021-07-10 03:46:45 获取到号码【1316418】的GSD为【湖北-武汉】
2021-07-10 03:46:49 GSD insert 第 1 次 等待 1 秒
2021-07-10 03:46:50 {"status":"ok","msg":"添加成功！236349"}
2021-07-10 03:46:50 下次操作: 2021-07-10 03:46:58

2021-07-10 03:46:58 开始第 27 次操作

2021-07-10 03:46:58 开始操作号码 【1316417】
2021-07-10 03:47:02 GSD getOne 第 1 次 等待 1 秒
2021-07-10 03:47:03 查询号码 【1316417】，返回信息 {"status":"bad","msg":""}
2021-07-10 03:47:03 查询号码 【1316417】，GSD为【""】
2021-07-10 03:47:03 bad
2021-07-10 03:47:04 CHB 1316417?1625860023 第 1 次 等待 1 秒
2021-07-10 03:47:05 CHB 1316417?1625860023 第 1 次 获取到号码【1316417】GSD
2021-07-10 03:47:05 获取到号码【1316417】的GSD为【湖北-武汉】
2021-07-10 03:47:08 GSD insert 第 1 次 等待 1 秒
2021-07-10 03:47:09 {"status":"ok","msg":"添加成功！236354"}
2021-07-10 03:47:09 下次操作: 2021-07-10 03:47:17

2021-07-10 03:47:17 开始第 28 次操作

2021-07-10 03:47:17 开始操作号码 【1316416】
2021-07-10 03:47:20 GSD getOne 第 1 次 等待 1 秒
2021-07-10 03:47:21 查询号码 【1316416】，返回信息 {"status":"ok","msg":"湖北-武汉","time_insert":"2017-04-19 11:23","time_update":"2020-09-14 19:53"}
2021-07-10 03:47:21 查询号码 【1316416】，GSD为【"湖北-武汉"】

2021-07-10 03:47:21 开始第 28 次操作

2021-07-10 03:47:21 开始操作号码 【1316415】
2021-07-10 03:47:25 GSD getOne 第 1 次 等待 1 秒
2021-07-10 03:47:26 查询号码 【1316415】，返回信息 {"status":"bad","msg":""}
2021-07-10 03:47:26 查询号码 【1316415】，GSD为【""】
2021-07-10 03:47:26 bad
2021-07-10 03:47:28 CHB 1316415?1625860046 第 1 次 等待 1 秒
2021-07-10 03:47:29 CHB 1316415?1625860046 第 1 次 获取到号码【1316415】GSD
2021-07-10 03:47:29 获取到号码【1316415】的GSD为【湖北-武汉】
2021-07-10 03:47:33 GSD insert 第 1 次 等待 1 秒
2021-07-10 03:47:34 {"status":"ok","msg":"添加成功！236358"}
2021-07-10 03:47:34 下次操作: 2021-07-10 03:47:43

2021-07-10 03:47:43 开始第 29 次操作

2021-07-10 03:47:43 开始操作号码 【1316414】
2021-07-10 03:47:45 GSD getOne 第 1 次 等待 1 秒
2021-07-10 03:47:46 查询号码 【1316414】，返回信息 {"status":"bad","msg":""}
2021-07-10 03:47:46 查询号码 【1316414】，GSD为【""】
2021-07-10 03:47:46 bad
2021-07-10 03:47:47 CHB 1316414?1625860066 第 1 次 等待 1 秒
2021-07-10 03:47:48 CHB 1316414?1625860066 第 1 次 获取到号码【1316414】GSD
2021-07-10 03:47:48 获取到号码【1316414】的GSD为【湖北-武汉】
2021-07-10 03:47:52 GSD insert 第 1 次 等待 1 秒
2021-07-10 03:47:53 {"status":"ok","msg":"添加成功！236364"}
2021-07-10 03:47:53 下次操作: 2021-07-10 03:48:03

2021-07-10 03:48:03 开始第 30 次操作

2021-07-10 03:48:03 开始操作号码 【1316413】
2021-07-10 03:48:06 GSD getOne 第 1 次 等待 1 秒
2021-07-10 03:48:07 查询号码 【1316413】，返回信息 {"status":"bad","msg":""}
2021-07-10 03:48:07 查询号码 【1316413】，GSD为【""】
2021-07-10 03:48:07 bad
2021-07-10 03:48:08 CHB 1316413?1625860087 第 1 次 等待 1 秒
2021-07-10 03:48:09 CHB 1316413?1625860087 第 1 次 获取到号码【1316413】GSD
2021-07-10 03:48:09 获取到号码【1316413】的GSD为【湖北-武汉】
2021-07-10 03:48:12 GSD insert 第 1 次 等待 1 秒
2021-07-10 03:48:13 {"status":"ok","msg":"添加成功！236370"}

2021-07-10 04:38:09 开始第 1 次操作

2021-07-10 04:38:09 开始操作号码 【1316412】
2021-07-10 04:38:13 GSD getOne 第 1 次 等待 1 秒
2021-07-10 04:38:14 查询号码 【1316412】，返回信息 {"status":"bad","msg":""}
2021-07-10 04:38:14 查询号码 【1316412】，GSD为【""】
2021-07-10 04:38:14 bad
2021-07-10 04:38:16 CHB 1316412?1625863094 第 1 次 等待 1 秒
2021-07-10 04:38:17 CHB 1316412?1625863094 第 1 次 获取到号码【1316412】GSD
2021-07-10 04:38:17 获取到号码【1316412】的GSD为【湖北-武汉】
2021-07-10 04:38:19 GSD insert 第 1 次 等待 1 秒
2021-07-10 04:38:20 {"status":"ok","msg":"添加成功！236509"}
2021-07-10 04:38:20 下次操作: 2021-07-10 04:38:26

2021-07-10 04:38:26 开始第 2 次操作

2021-07-10 04:38:26 开始操作号码 【1316411】
2021-07-10 04:38:29 GSD getOne 第 1 次 等待 1 秒
2021-07-10 04:38:30 查询号码 【1316411】，返回信息 {"status":"ok","msg":"湖北-武汉","time_insert":"2018-05-18 22:25","time_update":"2020-09-14 19:53"}
2021-07-10 04:38:30 查询号码 【1316411】，GSD为【"湖北-武汉"】

2021-07-10 04:38:30 开始第 2 次操作

2021-07-10 04:38:30 开始操作号码 【1316410】
2021-07-10 04:38:34 GSD getOne 第 1 次 等待 1 秒
2021-07-10 04:38:35 查询号码 【1316410】，返回信息 {"status":"bad","msg":""}
2021-07-10 04:38:35 查询号码 【1316410】，GSD为【""】
2021-07-10 04:38:35 bad
2021-07-10 04:38:36 CHB 1316410?1625863115 第 1 次 等待 1 秒
2021-07-10 04:38:37 CHB 1316410?1625863115 第 1 次 获取到号码【1316410】GSD
2021-07-10 04:38:37 获取到号码【1316410】的GSD为【湖北-武汉】
2021-07-10 04:38:41 GSD insert 第 1 次 等待 1 秒
2021-07-10 04:38:42 {"status":"ok","msg":"添加成功！236512"}
2021-07-10 04:38:42 下次操作: 2021-07-10 04:39:00

2021-07-10 04:39:00 开始第 3 次操作

2021-07-10 04:39:00 开始操作号码 【1316409】
2021-07-10 04:39:03 GSD getOne 第 1 次 等待 1 秒
2021-07-10 04:39:04 查询号码 【1316409】，返回信息 {"status":"bad","msg":""}
2021-07-10 04:39:04 查询号码 【1316409】，GSD为【""】
2021-07-10 04:39:04 bad
2021-07-10 04:39:05 CHB 1316409?1625863144 第 1 次 等待 1 秒
2021-07-10 04:39:06 CHB 1316409?1625863144 第 1 次 获取到号码【1316409】GSD
2021-07-10 04:39:06 获取到号码【1316409】的GSD为【天津-天津】
2021-07-10 04:39:10 GSD insert 第 1 次 等待 1 秒
2021-07-10 04:39:11 {"status":"ok","msg":"添加成功！236515"}
2021-07-10 04:39:11 下次操作: 2021-07-10 04:39:20

2021-07-10 04:39:20 开始第 4 次操作

2021-07-10 04:39:20 开始操作号码 【1316408】
2021-07-10 04:39:23 GSD getOne 第 1 次 等待 1 秒
2021-07-10 04:39:24 查询号码 【1316408】，返回信息 {"status":"bad","msg":""}
2021-07-10 04:39:24 查询号码 【1316408】，GSD为【""】
2021-07-10 04:39:24 bad
2021-07-10 04:39:25 CHB 1316408?1625863164 第 1 次 等待 1 秒
2021-07-10 04:39:26 CHB 1316408?1625863164 第 1 次 获取到号码【1316408】GSD
2021-07-10 04:39:26 获取到号码【1316408】的GSD为【天津-天津】
2021-07-10 04:39:30 GSD insert 第 1 次 等待 1 秒
2021-07-10 04:39:31 {"status":"ok","msg":"添加成功！236520"}
2021-07-10 04:39:31 下次操作: 2021-07-10 04:39:40

2021-07-10 04:39:40 开始第 5 次操作

2021-07-10 04:39:40 开始操作号码 【1316407】
2021-07-10 04:39:42 GSD getOne 第 1 次 等待 1 秒
2021-07-10 04:39:43 查询号码 【1316407】，返回信息 {"status":"bad","msg":""}
2021-07-10 04:39:43 查询号码 【1316407】，GSD为【""】
2021-07-10 04:39:43 bad
2021-07-10 04:39:45 CHB 1316407?1625863183 第 1 次 等待 1 秒
2021-07-10 04:39:46 CHB 1316407?1625863183 第 1 次 获取到号码【1316407】GSD
2021-07-10 04:39:46 获取到号码【1316407】的GSD为【天津-天津】
2021-07-10 04:39:50 GSD insert 第 1 次 等待 1 秒
2021-07-10 04:39:51 {"status":"ok","msg":"添加成功！236524"}
2021-07-10 04:39:51 下次操作: 2021-07-10 04:40:02

2021-07-10 04:40:02 开始第 6 次操作

2021-07-10 04:40:02 开始操作号码 【1316406】
2021-07-10 04:40:04 GSD getOne 第 1 次 等待 1 秒
2021-07-10 04:40:05 查询号码 【1316406】，返回信息 {"status":"bad","msg":""}
2021-07-10 04:40:05 查询号码 【1316406】，GSD为【""】
2021-07-10 04:40:05 bad
2021-07-10 04:40:07 CHB 1316406?1625863205 第 1 次 等待 1 秒
2021-07-10 04:40:08 CHB 1316406?1625863205 第 1 次 获取到号码【1316406】GSD
2021-07-10 04:40:08 获取到号码【1316406】的GSD为【天津-天津】
2021-07-10 04:40:12 GSD insert 第 1 次 等待 1 秒
2021-07-10 04:40:13 {"status":"ok","msg":"添加成功！236528"}
2021-07-10 04:40:13 下次操作: 2021-07-10 04:40:26

2021-07-10 04:40:26 开始第 7 次操作

2021-07-10 04:40:26 开始操作号码 【1316405】
2021-07-10 04:40:30 GSD getOne 第 1 次 等待 1 秒
2021-07-10 04:40:31 查询号码 【1316405】，返回信息 {"status":"bad","msg":""}
2021-07-10 04:40:31 查询号码 【1316405】，GSD为【""】
2021-07-10 04:40:31 bad
2021-07-10 04:40:33 CHB 1316405?1625863231 第 1 次 等待 1 秒
2021-07-10 04:40:34 CHB 1316405?1625863231 第 1 次 获取到号码【1316405】GSD
2021-07-10 04:40:34 获取到号码【1316405】的GSD为【天津-天津】
2021-07-10 04:40:36 GSD insert 第 1 次 等待 1 秒
2021-07-10 04:40:37 {"status":"ok","msg":"添加成功！236534"}
2021-07-10 04:40:38 下次操作: 2021-07-10 04:40:48

2021-07-10 04:40:48 开始第 8 次操作

2021-07-10 04:40:48 开始操作号码 【1316404】
2021-07-10 04:40:50 GSD getOne 第 1 次 等待 1 秒
2021-07-10 04:40:51 查询号码 【1316404】，返回信息 {"status":"bad","msg":""}
2021-07-10 04:40:51 查询号码 【1316404】，GSD为【""】
2021-07-10 04:40:51 bad
2021-07-10 04:40:53 CHB 1316404?1625863251 第 1 次 等待 1 秒
2021-07-10 04:40:54 CHB 1316404?1625863251 第 1 次 获取到号码【1316404】GSD
2021-07-10 04:40:54 获取到号码【1316404】的GSD为【天津-天津】
2021-07-10 04:40:56 GSD insert 第 1 次 等待 1 秒
2021-07-10 04:40:57 {"status":"ok","msg":"添加成功！236541"}
2021-07-10 04:40:57 下次操作: 2021-07-10 04:41:14

2021-07-10 04:41:14 开始第 9 次操作

2021-07-10 04:41:14 开始操作号码 【1316403】
2021-07-10 04:41:18 GSD getOne 第 1 次 等待 1 秒
2021-07-10 04:41:19 查询号码 【1316403】，返回信息 {"status":"bad","msg":""}
2021-07-10 04:41:19 查询号码 【1316403】，GSD为【""】
2021-07-10 04:41:19 bad
2021-07-10 04:41:21 CHB 1316403?1625863279 第 1 次 等待 1 秒
2021-07-10 04:41:22 CHB 1316403?1625863279 第 1 次 获取到号码【1316403】GSD
2021-07-10 04:41:22 获取到号码【1316403】的GSD为【天津-天津】
2021-07-10 04:41:25 GSD insert 第 1 次 等待 1 秒
2021-07-10 04:41:26 {"status":"ok","msg":"添加成功！236548"}
2021-07-10 04:41:26 下次操作: 2021-07-10 04:41:44

2021-07-10 04:41:44 开始第 10 次操作

2021-07-10 04:41:44 开始操作号码 【1316402】
2021-07-10 04:41:47 GSD getOne 第 1 次 等待 1 秒
2021-07-10 04:41:48 查询号码 【1316402】，返回信息 {"status":"bad","msg":""}
2021-07-10 04:41:48 查询号码 【1316402】，GSD为【""】
2021-07-10 04:41:48 bad
2021-07-10 04:41:49 CHB 1316402?1625863308 第 1 次 等待 1 秒
2021-07-10 04:41:50 CHB 1316402?1625863308 第 1 次 获取到号码【1316402】GSD
2021-07-10 04:41:50 获取到号码【1316402】的GSD为【天津-天津】
2021-07-10 04:41:52 GSD insert 第 1 次 等待 1 秒
2021-07-10 04:41:53 {"status":"ok","msg":"添加成功！236557"}
2021-07-10 04:41:53 下次操作: 2021-07-10 04:42:10

2021-07-10 04:42:10 开始第 11 次操作

2021-07-10 04:42:10 开始操作号码 【1316401】
2021-07-10 04:42:13 GSD getOne 第 1 次 等待 1 秒
2021-07-10 04:42:14 查询号码 【1316401】，返回信息 {"status":"bad","msg":""}
2021-07-10 04:42:14 查询号码 【1316401】，GSD为【""】
2021-07-10 04:42:14 bad
2021-07-10 04:42:15 CHB 1316401?1625863334 第 1 次 等待 1 秒
2021-07-10 04:42:16 CHB 1316401?1625863334 第 1 次 获取到号码【1316401】GSD
2021-07-10 04:42:16 获取到号码【1316401】的GSD为【天津-天津】
2021-07-10 04:42:19 GSD insert 第 1 次 等待 1 秒
2021-07-10 04:42:20 {"status":"ok","msg":"添加成功！236565"}
2021-07-10 04:42:20 下次操作: 2021-07-10 04:42:37

2021-07-10 04:42:37 开始第 12 次操作

2021-07-10 04:42:37 开始操作号码 【1316400】
2021-07-10 04:42:39 GSD getOne 第 1 次 等待 1 秒
2021-07-10 04:42:40 查询号码 【1316400】，返回信息 {"status":"bad","msg":""}
2021-07-10 04:42:40 查询号码 【1316400】，GSD为【""】
2021-07-10 04:42:40 bad
2021-07-10 04:42:41 CHB 1316400?1625863360 第 1 次 等待 1 秒
2021-07-10 04:42:42 CHB 1316400?1625863360 第 1 次 获取到号码【1316400】GSD
2021-07-10 04:42:42 获取到号码【1316400】的GSD为【天津-天津】
2021-07-10 04:42:45 GSD insert 第 1 次 等待 1 秒
2021-07-10 04:42:46 {"status":"ok","msg":"添加成功！236576"}
2021-07-10 04:42:46 下次操作: 2021-07-10 04:42:52

2021-07-10 04:42:52 开始第 13 次操作

2021-07-10 04:42:52 开始操作号码 【1316399】
2021-07-10 04:42:54 GSD getOne 第 1 次 等待 1 秒
2021-07-10 04:42:55 查询号码 【1316399】，返回信息 {"status":"bad","msg":""}
2021-07-10 04:42:55 查询号码 【1316399】，GSD为【""】
2021-07-10 04:42:55 bad
2021-07-10 04:42:57 CHB 1316399?1625863375 第 1 次 等待 1 秒
2021-07-10 04:42:58 CHB 1316399?1625863375 第 1 次 获取到号码【1316399】GSD
2021-07-10 04:42:58 获取到号码【1316399】的GSD为【福建-厦门】
2021-07-10 04:43:02 GSD insert 第 1 次 等待 1 秒
2021-07-10 04:43:03 {"status":"ok","msg":"添加成功！236582"}
2021-07-10 04:43:03 下次操作: 2021-07-10 04:43:09

2021-07-10 04:43:09 开始第 14 次操作

2021-07-10 04:43:09 开始操作号码 【1316398】
2021-07-10 04:43:11 GSD getOne 第 1 次 等待 1 秒
2021-07-10 04:43:12 查询号码 【1316398】，返回信息 {"status":"bad","msg":""}
2021-07-10 04:43:13 查询号码 【1316398】，GSD为【""】
2021-07-10 04:43:13 bad
2021-07-10 04:43:14 CHB 1316398?1625863393 第 1 次 等待 1 秒
2021-07-10 04:43:15 CHB 1316398?1625863393 第 1 次 获取到号码【1316398】GSD
2021-07-10 04:43:15 获取到号码【1316398】的GSD为【福建-漳州】
2021-07-10 04:43:17 GSD insert 第 1 次 等待 1 秒
2021-07-10 04:43:18 {"status":"ok","msg":"添加成功！236587"}
2021-07-10 04:43:19 下次操作: 2021-07-10 04:43:29

2021-07-10 04:43:29 开始第 15 次操作

2021-07-10 04:43:29 开始操作号码 【1316397】
2021-07-10 04:43:32 GSD getOne 第 1 次 等待 1 秒
2021-07-10 04:43:33 查询号码 【1316397】，返回信息 {"status":"bad","msg":""}
2021-07-10 04:43:33 查询号码 【1316397】，GSD为【""】
2021-07-10 04:43:33 bad
2021-07-10 04:43:35 CHB 1316397?1625863413 第 1 次 等待 1 秒
2021-07-10 04:43:36 CHB 1316397?1625863413 第 1 次 获取到号码【1316397】GSD
2021-07-10 04:43:36 获取到号码【1316397】的GSD为【福建-漳州】
2021-07-10 04:43:38 GSD insert 第 1 次 等待 1 秒
2021-07-10 04:43:39 {"status":"ok","msg":"添加成功！236593"}
2021-07-10 04:43:39 下次操作: 2021-07-10 04:43:50

2021-07-10 04:43:50 开始第 16 次操作

2021-07-10 04:43:50 开始操作号码 【1316396】
2021-07-10 04:43:53 GSD getOne 第 1 次 等待 1 秒
2021-07-10 04:43:54 查询号码 【1316396】，返回信息 {"status":"bad","msg":""}
2021-07-10 04:43:54 查询号码 【1316396】，GSD为【""】
2021-07-10 04:43:54 bad
2021-07-10 04:43:55 CHB 1316396?1625863434 第 1 次 等待 1 秒
2021-07-10 04:43:56 CHB 1316396?1625863434 第 1 次 获取到号码【1316396】GSD
2021-07-10 04:43:56 获取到号码【1316396】的GSD为【福建-泉州】
2021-07-10 04:44:01 GSD insert 第 1 次 等待 1 秒
2021-07-10 04:44:02 {"status":"ok","msg":"添加成功！236601"}
2021-07-10 04:44:02 下次操作: 2021-07-10 04:44:08

2021-07-10 04:44:08 开始第 17 次操作

2021-07-10 04:44:08 开始操作号码 【1316395】
2021-07-10 04:44:12 GSD getOne 第 1 次 等待 1 秒
2021-07-10 04:44:13 查询号码 【1316395】，返回信息 {"status":"bad","msg":""}
2021-07-10 04:44:14 查询号码 【1316395】，GSD为【""】
2021-07-10 04:44:14 bad
2021-07-10 04:44:15 CHB 1316395?1625863454 第 1 次 等待 1 秒
2021-07-10 04:44:16 CHB 1316395?1625863454 第 1 次 获取到号码【1316395】GSD
2021-07-10 04:44:16 获取到号码【1316395】的GSD为【福建-泉州】
2021-07-10 04:44:18 GSD insert 第 1 次 等待 1 秒
2021-07-10 04:44:19 {"status":"ok","msg":"添加成功！236605"}
2021-07-10 04:44:19 下次操作: 2021-07-10 04:44:33

2021-07-10 04:44:33 开始第 18 次操作

2021-07-10 04:44:33 开始操作号码 【1316394】
2021-07-10 04:44:36 GSD getOne 第 1 次 等待 1 秒
2021-07-10 04:44:37 查询号码 【1316394】，返回信息 {"status":"bad","msg":""}
2021-07-10 04:44:37 查询号码 【1316394】，GSD为【""】
2021-07-10 04:44:37 bad
2021-07-10 04:44:38 CHB 1316394?1625863477 第 1 次 等待 1 秒
2021-07-10 04:44:39 CHB 1316394?1625863477 第 1 次 获取到号码【1316394】GSD
2021-07-10 04:44:39 获取到号码【1316394】的GSD为【福建-泉州】
2021-07-10 04:44:42 GSD insert 第 1 次 等待 1 秒
2021-07-10 04:44:43 {"status":"ok","msg":"添加成功！236613"}
2021-07-10 04:44:43 下次操作: 2021-07-10 04:44:59

2021-07-10 04:44:59 开始第 19 次操作

2021-07-10 04:44:59 开始操作号码 【1316393】
2021-07-10 04:45:03 GSD getOne 第 1 次 等待 1 秒
2021-07-10 04:45:04 查询号码 【1316393】，返回信息 {"status":"bad","msg":""}
2021-07-10 04:45:04 查询号码 【1316393】，GSD为【""】
2021-07-10 04:45:04 bad
2021-07-10 04:45:06 CHB 1316393?1625863504 第 1 次 等待 1 秒
2021-07-10 04:45:07 CHB 1316393?1625863504 第 1 次 获取到号码【1316393】GSD
2021-07-10 04:45:07 获取到号码【1316393】的GSD为【福建-泉州】
2021-07-10 04:45:09 GSD insert 第 1 次 等待 1 秒
2021-07-10 04:45:10 {"status":"ok","msg":"添加成功！236618"}
2021-07-10 04:45:10 下次操作: 2021-07-10 04:45:23

2021-07-10 04:45:23 开始第 20 次操作

2021-07-10 04:45:23 开始操作号码 【1316392】
2021-07-10 04:45:27 GSD getOne 第 1 次 等待 1 秒
2021-07-10 04:45:28 查询号码 【1316392】，返回信息 {"status":"bad","msg":""}
2021-07-10 04:45:28 查询号码 【1316392】，GSD为【""】
2021-07-10 04:45:28 bad
2021-07-10 04:45:29 CHB 1316392?1625863528 第 1 次 等待 1 秒
2021-07-10 04:45:30 CHB 1316392?1625863528 第 1 次 获取到号码【1316392】GSD
2021-07-10 04:45:30 获取到号码【1316392】的GSD为【福建-泉州】
2021-07-10 04:45:34 GSD insert 第 1 次 等待 1 秒
2021-07-10 04:45:35 {"status":"ok","msg":"添加成功！236626"}
2021-07-10 04:45:35 下次操作: 2021-07-10 04:45:53

2021-07-10 04:45:53 开始第 21 次操作

2021-07-10 04:45:53 开始操作号码 【1316391】
2021-07-10 04:45:57 GSD getOne 第 1 次 等待 1 秒
2021-07-10 04:45:58 查询号码 【1316391】，返回信息 {"status":"bad","msg":""}
2021-07-10 04:45:58 查询号码 【1316391】，GSD为【""】
2021-07-10 04:45:58 bad
2021-07-10 04:45:59 CHB 1316391?1625863558 第 1 次 等待 1 秒
2021-07-10 04:46:00 CHB 1316391?1625863558 第 1 次 获取到号码【1316391】GSD
2021-07-10 04:46:00 获取到号码【1316391】的GSD为【福建-泉州】
2021-07-10 04:46:03 GSD insert 第 1 次 等待 1 秒
2021-07-10 04:46:04 {"status":"ok","msg":"添加成功！236637"}
2021-07-10 04:46:04 下次操作: 2021-07-10 04:46:10

2021-07-10 04:46:10 开始第 22 次操作

2021-07-10 04:46:10 开始操作号码 【1316390】
2021-07-10 04:46:13 GSD getOne 第 1 次 等待 1 秒
2021-07-10 04:46:14 查询号码 【1316390】，返回信息 {"status":"ok","msg":"福建-厦门","time_insert":"2018-08-16 17:34","time_update":"2020-09-06 18:21"}
2021-07-10 04:46:14 查询号码 【1316390】，GSD为【"福建-厦门"】

2021-07-10 04:46:14 开始第 22 次操作

2021-07-10 04:46:14 开始操作号码 【1316389】
2021-07-10 04:46:16 GSD getOne 第 1 次 等待 1 秒
2021-07-10 04:46:17 查询号码 【1316389】，返回信息 {"status":"bad","msg":""}
2021-07-10 04:46:17 查询号码 【1316389】，GSD为【""】
2021-07-10 04:46:17 bad
2021-07-10 04:46:18 CHB 1316389?1625863577 第 1 次 等待 1 秒
2021-07-10 04:46:19 CHB 1316389?1625863577 第 1 次 获取到号码【1316389】GSD
2021-07-10 04:46:20 获取到号码【1316389】的GSD为【福建-福州】
2021-07-10 04:46:22 GSD insert 第 1 次 等待 1 秒
2021-07-10 04:46:23 {"status":"ok","msg":"添加成功！236644"}
2021-07-10 04:46:23 下次操作: 2021-07-10 04:46:36

2021-07-10 04:46:36 开始第 23 次操作

2021-07-10 04:46:36 开始操作号码 【1316388】
2021-07-10 04:46:40 GSD getOne 第 1 次 等待 1 秒
2021-07-10 04:46:41 查询号码 【1316388】，返回信息 {"status":"ok","msg":"福建-福州","time_insert":"2018-07-22 13:33","time_update":"2020-09-06 18:17"}
2021-07-10 04:46:41 查询号码 【1316388】，GSD为【"福建-福州"】

2021-07-10 04:46:41 开始第 23 次操作

2021-07-10 04:46:41 开始操作号码 【1316387】
2021-07-10 04:46:44 GSD getOne 第 1 次 等待 1 秒
2021-07-10 04:46:45 查询号码 【1316387】，返回信息 {"status":"bad","msg":""}
2021-07-10 04:46:45 查询号码 【1316387】，GSD为【""】
2021-07-10 04:46:45 bad
2021-07-10 04:46:46 CHB 1316387?1625863605 第 1 次 等待 1 秒
2021-07-10 04:46:47 CHB 1316387?1625863605 第 1 次 获取到号码【1316387】GSD
2021-07-10 04:46:47 获取到号码【1316387】的GSD为【福建-福州】
2021-07-10 04:46:51 GSD insert 第 1 次 等待 1 秒
2021-07-10 04:46:52 {"status":"ok","msg":"添加成功！236651"}
2021-07-10 04:46:52 下次操作: 2021-07-10 04:47:05

2021-07-10 04:47:05 开始第 24 次操作

2021-07-10 04:47:05 开始操作号码 【1316386】
2021-07-10 04:47:09 GSD getOne 第 1 次 等待 1 秒
2021-07-10 04:47:10 查询号码 【1316386】，返回信息 {"status":"bad","msg":""}
2021-07-10 04:47:10 查询号码 【1316386】，GSD为【""】
2021-07-10 04:47:10 bad
2021-07-10 04:47:12 CHB 1316386?1625863630 第 1 次 等待 1 秒
2021-07-10 04:47:13 CHB 1316386?1625863630 第 1 次 获取到号码【1316386】GSD
2021-07-10 04:47:13 获取到号码【1316386】的GSD为【福建-莆田】
2021-07-10 04:47:17 GSD insert 第 1 次 等待 1 秒
2021-07-10 04:47:18 {"status":"ok","msg":"添加成功！236658"}
2021-07-10 04:47:18 下次操作: 2021-07-10 04:47:28

2021-07-10 04:47:28 开始第 25 次操作

2021-07-10 04:47:28 开始操作号码 【1316385】
2021-07-10 04:47:31 GSD getOne 第 1 次 等待 1 秒
2021-07-10 04:47:32 查询号码 【1316385】，返回信息 {"status":"bad","msg":""}
2021-07-10 04:47:33 查询号码 【1316385】，GSD为【""】
2021-07-10 04:47:33 bad
2021-07-10 04:47:34 CHB 1316385?1625863653 第 1 次 等待 1 秒
2021-07-10 04:47:35 CHB 1316385?1625863653 第 1 次 获取到号码【1316385】GSD
2021-07-10 04:47:35 获取到号码【1316385】的GSD为【福建-宁德】
2021-07-10 04:47:38 GSD insert 第 1 次 等待 1 秒
2021-07-10 04:47:39 {"status":"ok","msg":"添加成功！236668"}
2021-07-10 04:47:39 下次操作: 2021-07-10 04:47:56

2021-07-10 04:47:56 开始第 26 次操作

2021-07-10 04:47:56 开始操作号码 【1316384】
2021-07-10 04:47:58 GSD getOne 第 1 次 等待 1 秒
2021-07-10 04:47:59 查询号码 【1316384】，返回信息 {"status":"bad","msg":""}
2021-07-10 04:47:59 查询号码 【1316384】，GSD为【""】
2021-07-10 04:47:59 bad
2021-07-10 04:48:00 CHB 1316384?1625863679 第 1 次 等待 1 秒
2021-07-10 04:48:01 CHB 1316384?1625863679 第 1 次 获取到号码【1316384】GSD
2021-07-10 04:48:02 获取到号码【1316384】的GSD为【河南-三门峡】
2021-07-10 04:48:05 GSD insert 第 1 次 等待 1 秒
2021-07-10 04:48:06 {"status":"ok","msg":"添加成功！236673"}
2021-07-10 04:48:06 下次操作: 2021-07-10 04:48:22

2021-07-10 04:48:22 开始第 27 次操作

2021-07-10 04:48:22 开始操作号码 【1316383】
2021-07-10 04:48:26 GSD getOne 第 1 次 等待 1 秒
2021-07-10 04:48:27 查询号码 【1316383】，返回信息 {"status":"bad","msg":""}
2021-07-10 04:48:28 查询号码 【1316383】，GSD为【""】
2021-07-10 04:48:28 bad
2021-07-10 04:48:29 CHB 1316383?1625863708 第 1 次 等待 1 秒
2021-07-10 04:48:30 CHB 1316383?1625863708 第 1 次 获取到号码【1316383】GSD
2021-07-10 04:48:30 获取到号码【1316383】的GSD为【福建-宁德】
2021-07-10 04:48:34 GSD insert 第 1 次 等待 1 秒
2021-07-10 04:48:35 {"status":"ok","msg":"添加成功！236679"}
2021-07-10 04:48:35 下次操作: 2021-07-10 04:48:53

2021-07-10 04:48:53 开始第 28 次操作

2021-07-10 04:48:53 开始操作号码 【1316382】
2021-07-10 04:48:57 GSD getOne 第 1 次 等待 1 秒
2021-07-10 04:48:58 查询号码 【1316382】，返回信息 {"status":"ok","msg":"福建-三明","time_insert":"2015-06-04 09:16","time_update":"2020-09-06 18:14"}
2021-07-10 04:48:58 查询号码 【1316382】，GSD为【"福建-三明"】

2021-07-10 04:48:58 开始第 28 次操作

2021-07-10 04:48:58 开始操作号码 【1316381】
2021-07-10 04:49:01 GSD getOne 第 1 次 等待 1 秒
2021-07-10 04:49:02 查询号码 【1316381】，返回信息 {"status":"ok","msg":"福建-龙岩","time_insert":"2019-09-05 09:05","time_update":"2020-09-06 18:47"}
2021-07-10 04:49:02 查询号码 【1316381】，GSD为【"福建-龙岩"】

2021-07-10 04:49:02 开始第 28 次操作

2021-07-10 04:49:02 开始操作号码 【1316380】
2021-07-10 04:49:04 GSD getOne 第 1 次 等待 1 秒
2021-07-10 04:49:05 查询号码 【1316380】，返回信息 {"status":"bad","msg":""}
2021-07-10 04:49:05 查询号码 【1316380】，GSD为【""】
2021-07-10 04:49:05 bad
2021-07-10 04:49:07 CHB 1316380?1625863745 第 1 次 等待 1 秒
2021-07-10 04:49:08 CHB 1316380?1625863745 第 1 次 获取到号码【1316380】GSD
2021-07-10 04:49:08 获取到号码【1316380】的GSD为【福建-南平】
2021-07-10 04:49:12 GSD insert 第 1 次 等待 1 秒
2021-07-10 04:49:13 {"status":"ok","msg":"添加成功！236689"}
2021-07-10 04:49:13 下次操作: 2021-07-10 04:49:26

2021-07-10 04:49:26 开始第 29 次操作

2021-07-10 04:49:26 开始操作号码 【1316379】
2021-07-10 04:49:28 GSD getOne 第 1 次 等待 1 秒
2021-07-10 04:49:29 查询号码 【1316379】，返回信息 {"status":"bad","msg":""}
2021-07-10 04:49:29 查询号码 【1316379】，GSD为【""】
2021-07-10 04:49:29 bad
2021-07-10 04:49:30 CHB 1316379?1625863769 第 1 次 等待 1 秒
2021-07-10 04:49:31 CHB 1316379?1625863769 第 1 次 获取到号码【1316379】GSD
2021-07-10 04:49:31 获取到号码【1316379】的GSD为【广东-深圳】
2021-07-10 04:49:34 GSD insert 第 1 次 等待 1 秒
2021-07-10 04:49:35 {"status":"ok","msg":"添加成功！236696"}
2021-07-10 04:49:35 下次操作: 2021-07-10 04:49:43

2021-07-10 04:49:43 开始第 30 次操作

2021-07-10 04:49:43 开始操作号码 【1316378】
2021-07-10 04:49:47 GSD getOne 第 1 次 等待 1 秒
2021-07-10 04:49:48 查询号码 【1316378】，返回信息 {"status":"bad","msg":""}
2021-07-10 04:49:48 查询号码 【1316378】，GSD为【""】
2021-07-10 04:49:48 bad
2021-07-10 04:49:49 CHB 1316378?1625863788 第 1 次 等待 1 秒
2021-07-10 04:49:50 CHB 1316378?1625863788 第 1 次 获取到号码【1316378】GSD
2021-07-10 04:49:50 获取到号码【1316378】的GSD为【广东-深圳】
2021-07-10 04:49:53 GSD insert 第 1 次 等待 1 秒
2021-07-10 04:49:54 {"status":"ok","msg":"添加成功！236702"}

