2023-11-11 00:13:28 开始第 8157 次操作

2023-11-11 00:13:28 开始操作号码 【1968049】
2023-11-11 00:13:31 GSD getOne 第 1 次 等待 3 秒
2023-11-11 00:13:34 查询号码 【1968049】，返回信息 {"status":"ok","msg":"-","gid":"584175","time_insert":"2023-03-11 18:25"}
2023-11-11 00:13:34 查询号码 【1968049】，GSD为【"-"】
2023-11-11 00:13:34 ok && -
2023-11-11 00:13:40 CHB 1968049?1699632814 第 1 次 等待 3 秒
2023-11-11 00:13:43 CHB 1968049?1699632814 第 1 次 获取到号码【1968049】GSD
2023-11-11 00:13:43 未获取到号码【1968049】GSD，可能号码格式错误
2023-11-11 00:13:43 获取到号码【1968049】的GSD为【-】
2023-11-11 00:13:50 GSD insert 第 1 次 等待 3 秒
2023-11-11 00:13:53 {"status":"bad","gid":"584175","msg":"添加失败！号码【1968049(-|-)】已存在！"}
2023-11-11 00:13:53 随机等待 231 秒，约 3 分钟
2023-11-11 00:13:53 下次操作: 2023-11-11 00:17:44

2023-11-11 00:17:44 开始第 8158 次操作

2023-11-11 00:17:44 开始操作号码 【1968050】
2023-11-11 00:17:51 GSD getOne 第 1 次 等待 3 秒
2023-11-11 00:17:54 查询号码 【1968050】，返回信息 {"status":"ok","msg":"-","gid":"584178","time_insert":"2023-03-11 18:27"}
2023-11-11 00:17:54 查询号码 【1968050】，GSD为【"-"】
2023-11-11 00:17:54 ok && -
2023-11-11 00:17:57 CHB 1968050?1699633074 第 1 次 等待 3 秒
2023-11-11 00:18:00 CHB 1968050?1699633074 第 1 次 获取到号码【1968050】GSD
2023-11-11 00:18:00 未获取到号码【1968050】GSD，可能号码格式错误
2023-11-11 00:18:00 获取到号码【1968050】的GSD为【-】
2023-11-11 00:18:13 GSD insert 第 1 次 等待 3 秒
2023-11-11 00:18:16 {"status":"bad","gid":"584178","msg":"添加失败！号码【1968050(-|-)】已存在！"}
2023-11-11 00:18:16 随机等待 89 秒，约 1 分钟
2023-11-11 00:18:16 下次操作: 2023-11-11 00:19:45

2023-11-11 00:19:45 开始第 8159 次操作

2023-11-11 00:19:45 开始操作号码 【1968051】
2023-11-11 00:19:49 GSD getOne 第 1 次 等待 3 秒
2023-11-11 00:19:52 查询号码 【1968051】，返回信息 {"status":"ok","msg":"-","gid":"584182","time_insert":"2023-03-11 18:30"}
2023-11-11 00:19:52 查询号码 【1968051】，GSD为【"-"】
2023-11-11 00:19:52 ok && -
2023-11-11 00:19:56 CHB 1968051?1699633192 第 1 次 等待 3 秒
2023-11-11 00:19:59 CHB 1968051?1699633192 第 1 次 获取到号码【1968051】GSD
2023-11-11 00:19:59 未获取到号码【1968051】GSD，可能号码格式错误
2023-11-11 00:19:59 获取到号码【1968051】的GSD为【-】
2023-11-11 00:20:02 GSD insert 第 1 次 等待 3 秒
2023-11-11 00:20:05 {"status":"bad","gid":"584182","msg":"添加失败！号码【1968051(-|-)】已存在！"}
2023-11-11 00:20:05 随机等待 188 秒，约 3 分钟
2023-11-11 00:20:05 下次操作: 2023-11-11 00:23:13

2023-11-11 00:23:13 开始第 8160 次操作

2023-11-11 00:23:13 开始操作号码 【1968052】
2023-11-11 00:23:16 GSD getOne 第 1 次 等待 3 秒
2023-11-11 00:23:19 查询号码 【1968052】，返回信息 {"status":"ok","msg":"-","gid":"584185","time_insert":"2023-03-11 18:32"}
2023-11-11 00:23:19 查询号码 【1968052】，GSD为【"-"】
2023-11-11 00:23:19 ok && -
2023-11-11 00:23:22 CHB 1968052?1699633399 第 1 次 等待 3 秒
2023-11-11 00:23:25 CHB 1968052?1699633399 第 1 次 获取到号码【1968052】GSD
2023-11-11 00:23:25 未获取到号码【1968052】GSD，可能号码格式错误
2023-11-11 00:23:25 获取到号码【1968052】的GSD为【-】
2023-11-11 00:23:31 GSD insert 第 1 次 等待 3 秒
2023-11-11 00:23:34 {"status":"bad","gid":"584185","msg":"添加失败！号码【1968052(-|-)】已存在！"}

2023-11-11 00:37:35 开始第 8161 次操作

2023-11-11 00:37:35 开始操作号码 【1968053】
2023-11-11 00:37:40 GSD getOne 第 1 次 等待 3 秒
2023-11-11 00:37:43 查询号码 【1968053】，返回信息 {"status":"ok","msg":"-","gid":"584186","time_insert":"2023-03-11 18:34"}
2023-11-11 00:37:43 查询号码 【1968053】，GSD为【"-"】
2023-11-11 00:37:43 ok && -
2023-11-11 00:37:47 CHB 1968053?1699634263 第 1 次 等待 3 秒
2023-11-11 00:37:50 CHB 1968053?1699634263 第 1 次 获取到号码【1968053】GSD
2023-11-11 00:37:50 未获取到号码【1968053】GSD，可能号码格式错误
2023-11-11 00:37:50 获取到号码【1968053】的GSD为【-】
2023-11-11 00:37:53 GSD insert 第 1 次 等待 3 秒
2023-11-11 00:37:56 {"status":"bad","gid":"584186","msg":"添加失败！号码【1968053(-|-)】已存在！"}
2023-11-11 00:37:56 随机等待 200 秒，约 3 分钟
2023-11-11 00:37:56 下次操作: 2023-11-11 00:41:16

2023-11-11 00:41:16 开始第 8162 次操作

2023-11-11 00:41:16 开始操作号码 【1968054】
2023-11-11 00:41:20 GSD getOne 第 1 次 等待 3 秒
2023-11-11 00:41:23 查询号码 【1968054】，返回信息 {"status":"ok","msg":"-","gid":"584189","time_insert":"2023-03-11 18:35"}
2023-11-11 00:41:23 查询号码 【1968054】，GSD为【"-"】
2023-11-11 00:41:23 ok && -
2023-11-11 00:41:27 CHB 1968054?1699634483 第 1 次 等待 3 秒
2023-11-11 00:41:30 CHB 1968054?1699634483 第 1 次 获取到号码【1968054】GSD
2023-11-11 00:41:30 未获取到号码【1968054】GSD，可能号码格式错误
2023-11-11 00:41:30 获取到号码【1968054】的GSD为【-】
2023-11-11 00:41:38 GSD insert 第 1 次 等待 3 秒
2023-11-11 00:41:41 {"status":"bad","gid":"584189","msg":"添加失败！号码【1968054(-|-)】已存在！"}
2023-11-11 00:41:41 随机等待 200 秒，约 3 分钟
2023-11-11 00:41:41 下次操作: 2023-11-11 00:45:01

2023-11-11 00:45:01 开始第 8163 次操作

2023-11-11 00:45:01 开始操作号码 【1968055】
2023-11-11 00:45:04 GSD getOne 第 1 次 等待 3 秒
2023-11-11 00:45:07 查询号码 【1968055】，返回信息 {"status":"ok","msg":"-","gid":"584193","time_insert":"2023-03-11 18:38"}
2023-11-11 00:45:07 查询号码 【1968055】，GSD为【"-"】
2023-11-11 00:45:07 ok && -
2023-11-11 00:45:09 CHB 1968055?1699634707 第 1 次 等待 3 秒
2023-11-11 00:45:12 CHB 1968055?1699634707 第 1 次 获取到号码【1968055】GSD
2023-11-11 00:45:12 未获取到号码【1968055】GSD，可能号码格式错误
2023-11-11 00:45:12 获取到号码【1968055】的GSD为【-】
2023-11-11 00:45:16 GSD insert 第 1 次 等待 3 秒
2023-11-11 00:45:19 {"status":"bad","gid":"584193","msg":"添加失败！号码【1968055(-|-)】已存在！"}
2023-11-11 00:45:19 随机等待 153 秒，约 2 分钟
2023-11-11 00:45:19 下次操作: 2023-11-11 00:47:52

2023-11-11 00:47:52 开始第 8164 次操作

2023-11-11 00:47:52 开始操作号码 【1968056】
2023-11-11 00:47:58 GSD getOne 第 1 次 等待 3 秒
2023-11-11 00:48:01 查询号码 【1968056】，返回信息 {"status":"ok","msg":"-","gid":"584199","time_insert":"2023-03-11 18:41"}
2023-11-11 00:48:01 查询号码 【1968056】，GSD为【"-"】
2023-11-11 00:48:01 ok && -
2023-11-11 00:48:04 CHB 1968056?1699634881 第 1 次 等待 3 秒
2023-11-11 00:48:07 CHB 1968056?1699634881 第 1 次 获取到号码【1968056】GSD
2023-11-11 00:48:07 未获取到号码【1968056】GSD，可能号码格式错误
2023-11-11 00:48:07 获取到号码【1968056】的GSD为【-】
2023-11-11 00:48:10 GSD insert 第 1 次 等待 3 秒
2023-11-11 00:48:13 {"status":"bad","gid":"584199","msg":"添加失败！号码【1968056(-|-)】已存在！"}

2023-11-11 01:09:28 开始第 8165 次操作

2023-11-11 01:09:28 开始操作号码 【1968057】
2023-11-11 01:09:32 GSD getOne 第 1 次 等待 3 秒
2023-11-11 01:09:35 查询号码 【1968057】，返回信息 {"status":"ok","msg":"-","gid":"584205","time_insert":"2023-03-11 18:43"}
2023-11-11 01:09:35 查询号码 【1968057】，GSD为【"-"】
2023-11-11 01:09:35 ok && -
2023-11-11 01:09:37 CHB 1968057?1699636175 第 1 次 等待 3 秒
2023-11-11 01:09:40 CHB 1968057?1699636175 第 1 次 获取到号码【1968057】GSD
2023-11-11 01:09:40 未获取到号码【1968057】GSD，可能号码格式错误
2023-11-11 01:09:40 获取到号码【1968057】的GSD为【-】
2023-11-11 01:09:45 GSD insert 第 1 次 等待 3 秒
2023-11-11 01:09:48 {"status":"bad","gid":"584205","msg":"添加失败！号码【1968057(-|-)】已存在！"}
2023-11-11 01:09:48 随机等待 74 秒，约 1 分钟
2023-11-11 01:09:48 下次操作: 2023-11-11 01:11:02

2023-11-11 01:11:02 开始第 8166 次操作

2023-11-11 01:11:02 开始操作号码 【1968058】
2023-11-11 01:11:05 GSD getOne 第 1 次 等待 3 秒
2023-11-11 01:11:08 查询号码 【1968058】，返回信息 {"status":"ok","msg":"-","gid":"584209","time_insert":"2023-03-11 18:45"}
2023-11-11 01:11:08 查询号码 【1968058】，GSD为【"-"】
2023-11-11 01:11:08 ok && -
2023-11-11 01:11:10 CHB 1968058?1699636268 第 1 次 等待 3 秒
2023-11-11 01:11:13 CHB 1968058?1699636268 第 1 次 获取到号码【1968058】GSD
2023-11-11 01:11:13 未获取到号码【1968058】GSD，可能号码格式错误
2023-11-11 01:11:13 获取到号码【1968058】的GSD为【-】
2023-11-11 01:11:16 GSD insert 第 1 次 等待 3 秒
2023-11-11 01:11:19 {"status":"bad","gid":"584209","msg":"添加失败！号码【1968058(-|-)】已存在！"}
2023-11-11 01:11:19 随机等待 179 秒，约 2 分钟
2023-11-11 01:11:19 下次操作: 2023-11-11 01:14:18

2023-11-11 01:14:18 开始第 8167 次操作

2023-11-11 01:14:18 开始操作号码 【1968059】
2023-11-11 01:14:30 GSD getOne 第 1 次 等待 3 秒
2023-11-11 01:14:33 查询号码 【1968059】，返回信息 {"status":"ok","msg":"-","gid":"584212","time_insert":"2023-03-11 18:47"}
2023-11-11 01:14:33 查询号码 【1968059】，GSD为【"-"】
2023-11-11 01:14:33 ok && -
2023-11-11 01:14:34 CHB 1968059?1699636473 第 1 次 等待 3 秒
2023-11-11 01:14:37 CHB 1968059?1699636473 第 1 次 获取到号码【1968059】GSD
2023-11-11 01:14:37 未获取到号码【1968059】GSD，可能号码格式错误
2023-11-11 01:14:37 获取到号码【1968059】的GSD为【-】
2023-11-11 01:14:41 GSD insert 第 1 次 等待 3 秒
2023-11-11 01:14:44 {"status":"bad","gid":"584212","msg":"添加失败！号码【1968059(-|-)】已存在！"}
2023-11-11 01:14:44 随机等待 94 秒，约 1 分钟
2023-11-11 01:14:44 下次操作: 2023-11-11 01:16:18

2023-11-11 01:16:18 开始第 8168 次操作

2023-11-11 01:16:18 开始操作号码 【1968060】
2023-11-11 01:16:21 GSD getOne 第 1 次 等待 3 秒
2023-11-11 01:16:24 查询号码 【1968060】，返回信息 {"status":"ok","msg":"-","gid":"584215","time_insert":"2023-03-11 18:49"}
2023-11-11 01:16:24 查询号码 【1968060】，GSD为【"-"】
2023-11-11 01:16:24 ok && -
2023-11-11 01:16:26 CHB 1968060?1699636584 第 1 次 等待 3 秒
2023-11-11 01:16:29 CHB 1968060?1699636584 第 1 次 获取到号码【1968060】GSD
2023-11-11 01:16:29 未获取到号码【1968060】GSD，可能号码格式错误
2023-11-11 01:16:29 获取到号码【1968060】的GSD为【-】
2023-11-11 01:16:35 GSD insert 第 1 次 等待 3 秒
2023-11-11 01:16:38 {"status":"bad","gid":"584215","msg":"添加失败！号码【1968060(-|-)】已存在！"}

