2024-04-10 00:12:35 开始第 2945 次操作

2024-04-10 00:12:35 开始操作号码 【1642839】
2024-04-10 00:12:41 GSD getOne 第 1 次 等待 3 秒
2024-04-10 00:12:44 查询号码 【1642839】，返回信息 {"status":"ok","msg":"-","gid":"572330","time_insert":"2023-03-05 23:32"}
2024-04-10 00:12:44 查询号码 【1642839】，GSD为【"-"】
2024-04-10 00:12:44 ok && -
2024-04-10 00:12:46 CHB 1642839?1712679164 第 1 次 等待 3 秒
2024-04-10 00:12:49 CHB 1642839?1712679164 第 1 次 获取到号码【1642839】GSD
2024-04-10 00:12:49 未获取到号码【1642839】GSD，可能号码格式错误
2024-04-10 00:12:49 获取到号码【1642839】的GSD为【-】
2024-04-10 00:12:55 GSD insert 第 1 次 等待 3 秒
2024-04-10 00:12:58 {"status":"bad","gid":"572330","msg":"添加失败！号码【1642839(-|-)】已存在！"}
2024-04-10 00:12:58 随机等待 66 秒，约 1 分钟
2024-04-10 00:12:58 下次操作: 2024-04-10 00:14:04

2024-04-10 00:14:04 开始第 2946 次操作

2024-04-10 00:14:04 开始操作号码 【1642840】
2024-04-10 00:14:09 GSD getOne 第 1 次 等待 3 秒
2024-04-10 00:14:12 查询号码 【1642840】，返回信息 {"status":"ok","msg":"-","gid":"572371","time_insert":"2023-03-05 23:54"}
2024-04-10 00:14:12 查询号码 【1642840】，GSD为【"-"】
2024-04-10 00:14:12 ok && -
2024-04-10 00:14:14 CHB 1642840?1712679252 第 1 次 等待 3 秒
2024-04-10 00:14:17 CHB 1642840?1712679252 第 1 次 获取到号码【1642840】GSD
2024-04-10 00:14:17 未获取到号码【1642840】GSD，可能号码格式错误
2024-04-10 00:14:17 获取到号码【1642840】的GSD为【-】
2024-04-10 00:14:22 GSD insert 第 1 次 等待 3 秒
2024-04-10 00:14:25 {"status":"bad","gid":"572371","msg":"添加失败！号码【1642840(-|-)】已存在！"}
2024-04-10 00:14:25 随机等待 79 秒，约 1 分钟
2024-04-10 00:14:25 下次操作: 2024-04-10 00:15:44

2024-04-10 00:15:44 开始第 2947 次操作

2024-04-10 00:15:44 开始操作号码 【1642841】
2024-04-10 00:15:49 GSD getOne 第 1 次 等待 3 秒
2024-04-10 00:15:52 查询号码 【1642841】，返回信息 {"status":"ok","msg":"-","gid":"572405","time_insert":"2023-03-06 00:17"}
2024-04-10 00:15:52 查询号码 【1642841】，GSD为【"-"】
2024-04-10 00:15:52 ok && -
2024-04-10 00:15:55 CHB 1642841?1712679352 第 1 次 等待 3 秒
2024-04-10 00:15:58 CHB 1642841?1712679352 第 1 次 获取到号码【1642841】GSD
2024-04-10 00:15:58 未获取到号码【1642841】GSD，可能号码格式错误
2024-04-10 00:15:58 获取到号码【1642841】的GSD为【-】
2024-04-10 00:16:04 GSD insert 第 1 次 等待 3 秒
2024-04-10 00:16:07 {"status":"bad","gid":"572405","msg":"添加失败！号码【1642841(-|-)】已存在！"}
2024-04-10 00:16:07 随机等待 96 秒，约 1 分钟
2024-04-10 00:16:07 下次操作: 2024-04-10 00:17:43

2024-04-10 00:17:43 开始第 2948 次操作

2024-04-10 00:17:43 开始操作号码 【1642842】
2024-04-10 00:17:48 GSD getOne 第 1 次 等待 3 秒
2024-04-10 00:17:51 查询号码 【1642842】，返回信息 {"status":"ok","msg":"-","gid":"572432","time_insert":"2023-03-06 00:37"}
2024-04-10 00:17:51 查询号码 【1642842】，GSD为【"-"】
2024-04-10 00:17:51 ok && -
2024-04-10 00:17:53 CHB 1642842?1712679471 第 1 次 等待 3 秒
2024-04-10 00:17:56 CHB 1642842?1712679471 第 1 次 获取到号码【1642842】GSD
2024-04-10 00:17:56 未获取到号码【1642842】GSD，可能号码格式错误
2024-04-10 00:17:56 获取到号码【1642842】的GSD为【-】
2024-04-10 00:18:02 GSD insert 第 1 次 等待 3 秒
2024-04-10 00:18:05 {"status":"bad","gid":"572432","msg":"添加失败！号码【1642842(-|-)】已存在！"}

