2021-07-14 00:00:03 开始第 25 次操作

2021-07-14 00:00:03 开始操作号码 【1788474】
2021-07-14 00:00:21 GSD getOne 第 1 次 等待 1 秒
2021-07-14 00:00:22 查询号码 【1788474】，返回信息 {"status":"bad","msg":""}
2021-07-14 00:00:22 查询号码 【1788474】，GSD为【""】
2021-07-14 00:00:22 bad
2021-07-14 00:00:24 CHB 1788474?1626192022 第 1 次 等待 1 秒
2021-07-14 00:00:25 CHB 1788474?1626192022 第 1 次 获取到号码【1788474】GSD
2021-07-14 00:00:25 获取到号码【1788474】的GSD为【河南-南阳】
2021-07-14 00:00:27 GSD insert 第 1 次 等待 1 秒
2021-07-14 00:00:29 {"status":"ok","gid":269563,"msg":"添加成功！"}
2021-07-14 00:00:29 下次操作: 2021-07-14 00:00:38

2021-07-14 00:00:38 开始第 26 次操作

2021-07-14 00:00:38 开始操作号码 【1788473】
2021-07-14 00:00:40 GSD getOne 第 1 次 等待 1 秒
2021-07-14 00:00:41 查询号码 【1788473】，返回信息 {"status":"ok","msg":"-","gid":"175601","time_insert":"2021-07-02 18:06"}
2021-07-14 00:00:41 查询号码 【1788473】，GSD为【"-"】
2021-07-14 00:00:41 ok && -
2021-07-14 00:00:48 CHB 1788473?1626192041 第 1 次 等待 1 秒
2021-07-14 00:00:49 CHB 1788473?1626192041 第 1 次 获取到号码【1788473】GSD
2021-07-14 00:00:49 获取到号码【1788473】的GSD为【河南-南阳】
2021-07-14 00:00:53 GSD insert 第 1 次 等待 1 秒
2021-07-14 00:00:54 {"status":"ok","gid":"175601","msg":"添加号码已存在，但为‘-’，修改为【河南-南阳】成功！"}
2021-07-14 00:00:54 下次操作: 2021-07-14 00:01:06

2021-07-14 00:01:06 开始第 27 次操作

2021-07-14 00:01:06 开始操作号码 【1788472】
2021-07-14 00:01:09 GSD getOne 第 1 次 等待 1 秒
2021-07-14 00:01:10 查询号码 【1788472】，返回信息 {"status":"ok","msg":"河南-南阳","gid":"55434","time_insert":"2020-04-19 21:26"}
2021-07-14 00:01:10 查询号码 【1788472】，GSD为【"河南-南阳"】

2021-07-14 00:01:10 开始第 27 次操作

2021-07-14 00:01:10 开始操作号码 【1788471】
2021-07-14 00:01:14 GSD getOne 第 1 次 等待 1 秒
2021-07-14 00:01:15 查询号码 【1788471】，返回信息 {"status":"bad","msg":""}
2021-07-14 00:01:15 查询号码 【1788471】，GSD为【""】
2021-07-14 00:01:15 bad
2021-07-14 00:01:18 CHB 1788471?1626192075 第 1 次 等待 1 秒
2021-07-14 00:01:19 CHB 1788471?1626192075 第 1 次 获取到号码【1788471】GSD
2021-07-14 00:01:19 获取到号码【1788471】的GSD为【河南-南阳】
2021-07-14 00:01:23 GSD insert 第 1 次 等待 1 秒
2021-07-14 00:01:24 {"status":"ok","gid":269578,"msg":"添加成功！"}
2021-07-14 00:01:24 下次操作: 2021-07-14 00:01:33

2021-07-14 00:01:33 开始第 28 次操作

2021-07-14 00:01:33 开始操作号码 【1788470】
2021-07-14 00:01:36 GSD getOne 第 1 次 等待 1 秒
2021-07-14 00:01:37 查询号码 【1788470】，返回信息 {"status":"bad","msg":""}
2021-07-14 00:01:37 查询号码 【1788470】，GSD为【""】
2021-07-14 00:01:37 bad
2021-07-14 00:01:38 CHB 1788470?1626192097 第 1 次 等待 1 秒
2021-07-14 00:01:39 CHB 1788470?1626192097 第 1 次 获取到号码【1788470】GSD
2021-07-14 00:01:39 获取到号码【1788470】的GSD为【河南-南阳】
2021-07-14 00:01:44 GSD insert 第 1 次 等待 1 秒
2021-07-14 00:01:45 {"status":"ok","gid":269585,"msg":"添加成功！"}
2021-07-14 00:01:45 下次操作: 2021-07-14 00:01:57

2021-07-14 00:01:57 开始第 29 次操作

2021-07-14 00:01:57 开始操作号码 【1788469】
2021-07-14 00:01:59 GSD getOne 第 1 次 等待 1 秒
2021-07-14 00:02:00 查询号码 【1788469】，返回信息 {"status":"bad","msg":""}
2021-07-14 00:02:00 查询号码 【1788469】，GSD为【""】
2021-07-14 00:02:00 bad
2021-07-14 00:02:03 CHB 1788469?1626192120 第 1 次 等待 1 秒
2021-07-14 00:02:04 CHB 1788469?1626192120 第 1 次 获取到号码【1788469】GSD
2021-07-14 00:02:04 获取到号码【1788469】的GSD为【安徽-合肥】
2021-07-14 00:02:10 GSD insert 第 1 次 等待 1 秒
2021-07-14 00:02:11 {"status":"ok","gid":269593,"msg":"添加成功！"}
2021-07-14 00:02:11 下次操作: 2021-07-14 00:02:29

2021-07-14 00:02:29 开始第 30 次操作

2021-07-14 00:02:29 开始操作号码 【1788468】
2021-07-14 00:02:32 GSD getOne 第 1 次 等待 1 秒
2021-07-14 00:02:33 查询号码 【1788468】，返回信息 {"status":"bad","msg":""}
2021-07-14 00:02:33 查询号码 【1788468】，GSD为【""】
2021-07-14 00:02:33 bad
2021-07-14 00:02:35 CHB 1788468?1626192153 第 1 次 等待 1 秒
2021-07-14 00:02:36 CHB 1788468?1626192153 第 1 次 获取到号码【1788468】GSD
2021-07-14 00:02:36 获取到号码【1788468】的GSD为【安徽-滁州】
2021-07-14 00:02:39 GSD insert 第 1 次 等待 1 秒
2021-07-14 00:02:40 {"status":"ok","gid":269601,"msg":"添加成功！"}

2021-07-14 01:03:16 开始第 1 次操作

2021-07-14 01:03:16 开始操作号码 【1788467】
2021-07-14 01:03:20 GSD getOne 第 1 次 等待 1 秒
2021-07-14 01:03:21 查询号码 【1788467】，返回信息 {"status":"bad","msg":""}
2021-07-14 01:03:21 查询号码 【1788467】，GSD为【""】
2021-07-14 01:03:21 bad
2021-07-14 01:03:23 CHB 1788467?1626195801 第 1 次 等待 1 秒
2021-07-14 01:03:24 CHB 1788467?1626195801 第 1 次 获取到号码【1788467】GSD
2021-07-14 01:03:24 获取到号码【1788467】的GSD为【安徽-宿州】
2021-07-14 01:03:28 GSD insert 第 1 次 等待 1 秒
2021-07-14 01:03:29 {"status":"ok","gid":269776,"msg":"添加成功！"}
2021-07-14 01:03:29 下次操作: 2021-07-14 01:03:37

2021-07-14 01:03:37 开始第 2 次操作

2021-07-14 01:03:37 开始操作号码 【1788466】
2021-07-14 01:03:40 GSD getOne 第 1 次 等待 1 秒
2021-07-14 01:03:41 查询号码 【1788466】，返回信息 {"status":"bad","msg":""}
2021-07-14 01:03:41 查询号码 【1788466】，GSD为【""】
2021-07-14 01:03:41 bad
2021-07-14 01:03:47 CHB 1788466?1626195821 第 1 次 等待 1 秒
2021-07-14 01:03:48 CHB 1788466?1626195821 第 1 次 获取到号码【1788466】GSD
2021-07-14 01:03:48 获取到号码【1788466】的GSD为【安徽-亳州】
2021-07-14 01:03:53 GSD insert 第 1 次 等待 1 秒
2021-07-14 01:03:54 {"status":"ok","gid":269783,"msg":"添加成功！"}
2021-07-14 01:03:55 下次操作: 2021-07-14 01:04:12

2021-07-14 01:04:12 开始第 3 次操作

2021-07-14 01:04:12 开始操作号码 【1788465】
2021-07-14 01:04:18 GSD getOne 第 1 次 等待 1 秒
2021-07-14 01:04:19 查询号码 【1788465】，返回信息 {"status":"bad","msg":""}
2021-07-14 01:04:19 查询号码 【1788465】，GSD为【""】
2021-07-14 01:04:19 bad
2021-07-14 01:04:22 CHB 1788465?1626195859 第 1 次 等待 1 秒
2021-07-14 01:04:23 CHB 1788465?1626195859 第 1 次 获取到号码【1788465】GSD
2021-07-14 01:04:23 获取到号码【1788465】的GSD为【安徽-阜阳】
2021-07-14 01:04:27 GSD insert 第 1 次 等待 1 秒
2021-07-14 01:04:28 {"status":"ok","gid":269793,"msg":"添加成功！"}
2021-07-14 01:04:28 下次操作: 2021-07-14 01:04:40

2021-07-14 01:04:40 开始第 4 次操作

2021-07-14 01:04:40 开始操作号码 【1788464】
2021-07-14 01:04:57 GSD getOne 第 1 次 等待 1 秒
2021-07-14 01:04:58 查询号码 【1788464】，返回信息 {"status":"bad","msg":""}
2021-07-14 01:04:58 查询号码 【1788464】，GSD为【""】
2021-07-14 01:04:58 bad
2021-07-14 01:05:02 CHB 1788464?1626195898 第 1 次 等待 1 秒
2021-07-14 01:05:03 CHB 1788464?1626195898 第 1 次 获取到号码【1788464】GSD
2021-07-14 01:05:03 获取到号码【1788464】的GSD为【安徽-安庆】
2021-07-14 01:05:13 GSD insert 第 1 次 等待 1 秒
2021-07-14 01:05:14 {"status":"ok","gid":269804,"msg":"添加成功！"}
2021-07-14 01:05:14 下次操作: 2021-07-14 01:05:25

2021-07-14 01:05:25 开始第 5 次操作

2021-07-14 01:05:25 开始操作号码 【1788463】
2021-07-14 01:05:28 GSD getOne 第 1 次 等待 1 秒
2021-07-14 01:05:29 查询号码 【1788463】，返回信息 {"status":"bad","msg":""}
2021-07-14 01:05:29 查询号码 【1788463】，GSD为【""】
2021-07-14 01:05:29 bad
2021-07-14 01:05:33 CHB 1788463?1626195929 第 1 次 等待 1 秒
2021-07-14 01:05:34 CHB 1788463?1626195929 第 1 次 获取到号码【1788463】GSD
2021-07-14 01:05:34 获取到号码【1788463】的GSD为【安徽-蚌埠】
2021-07-14 01:05:37 GSD insert 第 1 次 等待 1 秒
2021-07-14 01:05:38 {"status":"ok","gid":269813,"msg":"添加成功！"}
2021-07-14 01:05:38 下次操作: 2021-07-14 01:05:44

2021-07-14 01:05:44 开始第 6 次操作

2021-07-14 01:05:44 开始操作号码 【1788462】
2021-07-14 01:05:51 GSD getOne 第 1 次 等待 1 秒
2021-07-14 01:05:52 查询号码 【1788462】，返回信息 {"status":"bad","msg":""}
2021-07-14 01:05:52 查询号码 【1788462】，GSD为【""】
2021-07-14 01:05:52 bad
2021-07-14 01:05:54 CHB 1788462?1626195952 第 1 次 等待 1 秒
2021-07-14 01:05:55 CHB 1788462?1626195952 第 1 次 获取到号码【1788462】GSD
2021-07-14 01:05:55 获取到号码【1788462】的GSD为【安徽-合肥】
2021-07-14 01:06:03 GSD insert 第 1 次 等待 1 秒
2021-07-14 01:06:04 {"status":"ok","gid":269822,"msg":"添加成功！"}
2021-07-14 01:06:04 下次操作: 2021-07-14 01:06:20

2021-07-14 01:06:20 开始第 7 次操作

2021-07-14 01:06:20 开始操作号码 【1788461】
2021-07-14 01:06:23 GSD getOne 第 1 次 等待 1 秒
2021-07-14 01:06:24 查询号码 【1788461】，返回信息 {"status":"bad","msg":""}
2021-07-14 01:06:24 查询号码 【1788461】，GSD为【""】
2021-07-14 01:06:24 bad
2021-07-14 01:06:26 CHB 1788461?1626195984 第 1 次 等待 1 秒
2021-07-14 01:06:27 CHB 1788461?1626195984 第 1 次 获取到号码【1788461】GSD
2021-07-14 01:06:27 获取到号码【1788461】的GSD为【安徽-亳州】
2021-07-14 01:06:32 GSD insert 第 1 次 等待 1 秒
2021-07-14 01:06:33 {"status":"ok","gid":269829,"msg":"添加成功！"}
2021-07-14 01:06:33 下次操作: 2021-07-14 01:06:51

2021-07-14 01:06:51 开始第 8 次操作

2021-07-14 01:06:51 开始操作号码 【1788460】
2021-07-14 01:06:55 GSD getOne 第 1 次 等待 1 秒
2021-07-14 01:06:56 查询号码 【1788460】，返回信息 {"status":"bad","msg":""}
2021-07-14 01:06:56 查询号码 【1788460】，GSD为【""】
2021-07-14 01:06:56 bad
2021-07-14 01:06:59 CHB 1788460?1626196016 第 1 次 等待 1 秒
2021-07-14 01:07:00 CHB 1788460?1626196016 第 1 次 获取到号码【1788460】GSD
2021-07-14 01:07:00 获取到号码【1788460】的GSD为【安徽-池州】
2021-07-14 01:07:05 GSD insert 第 1 次 等待 1 秒
2021-07-14 01:07:06 {"status":"ok","gid":269840,"msg":"添加成功！"}
2021-07-14 01:07:06 下次操作: 2021-07-14 01:07:22

2021-07-14 01:07:22 开始第 9 次操作

2021-07-14 01:07:22 开始操作号码 【1788459】
2021-07-14 01:07:26 GSD getOne 第 1 次 等待 1 秒
2021-07-14 01:07:27 查询号码 【1788459】，返回信息 {"status":"bad","msg":""}
2021-07-14 01:07:27 查询号码 【1788459】，GSD为【""】
2021-07-14 01:07:27 bad
2021-07-14 01:07:29 CHB 1788459?1626196047 第 1 次 等待 1 秒
2021-07-14 01:07:30 CHB 1788459?1626196047 第 1 次 获取到号码【1788459】GSD
2021-07-14 01:07:30 获取到号码【1788459】的GSD为【安徽-宣城】
2021-07-14 01:07:35 GSD insert 第 1 次 等待 1 秒
2021-07-14 01:07:36 {"status":"ok","gid":269851,"msg":"添加成功！"}
2021-07-14 01:07:36 下次操作: 2021-07-14 01:07:52

2021-07-14 01:07:52 开始第 10 次操作

2021-07-14 01:07:52 开始操作号码 【1788458】
2021-07-14 01:07:55 GSD getOne 第 1 次 等待 1 秒
2021-07-14 01:07:56 查询号码 【1788458】，返回信息 {"status":"bad","msg":""}
2021-07-14 01:07:57 查询号码 【1788458】，GSD为【""】
2021-07-14 01:07:57 bad
2021-07-14 01:08:02 CHB 1788458?1626196077 第 1 次 等待 1 秒
2021-07-14 01:08:03 CHB 1788458?1626196077 第 1 次 获取到号码【1788458】GSD
2021-07-14 01:08:03 获取到号码【1788458】的GSD为【安徽-六安】
2021-07-14 01:08:08 GSD insert 第 1 次 等待 1 秒
2021-07-14 01:08:09 {"status":"ok","gid":269862,"msg":"添加成功！"}
2021-07-14 01:08:09 下次操作: 2021-07-14 01:08:23

2021-07-14 01:08:23 开始第 11 次操作

2021-07-14 01:08:23 开始操作号码 【1788457】
2021-07-14 01:08:26 GSD getOne 第 1 次 等待 1 秒
2021-07-14 01:08:27 查询号码 【1788457】，返回信息 {"status":"bad","msg":""}
2021-07-14 01:08:27 查询号码 【1788457】，GSD为【""】
2021-07-14 01:08:27 bad
2021-07-14 01:08:29 CHB 1788457?1626196107 第 1 次 等待 1 秒
2021-07-14 01:08:30 CHB 1788457?1626196107 第 1 次 获取到号码【1788457】GSD
2021-07-14 01:08:30 获取到号码【1788457】的GSD为【安徽-滁州】
2021-07-14 01:08:33 GSD insert 第 1 次 等待 1 秒
2021-07-14 01:08:34 {"status":"ok","gid":269869,"msg":"添加成功！"}
2021-07-14 01:08:34 下次操作: 2021-07-14 01:08:48

2021-07-14 01:08:48 开始第 12 次操作

2021-07-14 01:08:48 开始操作号码 【1788456】
2021-07-14 01:09:01 GSD getOne 第 1 次 等待 1 秒
2021-07-14 01:09:02 查询号码 【1788456】，返回信息 {"status":"bad","msg":""}
2021-07-14 01:09:02 查询号码 【1788456】，GSD为【""】
2021-07-14 01:09:02 bad
2021-07-14 01:09:05 CHB 1788456?1626196142 第 1 次 等待 1 秒
2021-07-14 01:09:06 CHB 1788456?1626196142 第 1 次 获取到号码【1788456】GSD
2021-07-14 01:09:06 获取到号码【1788456】的GSD为【安徽-宿州】
2021-07-14 01:09:10 GSD insert 第 1 次 等待 1 秒
2021-07-14 01:09:11 {"status":"ok","gid":269880,"msg":"添加成功！"}
2021-07-14 01:09:11 下次操作: 2021-07-14 01:09:25

2021-07-14 01:09:25 开始第 13 次操作

2021-07-14 01:09:25 开始操作号码 【1788455】
2021-07-14 01:09:29 GSD getOne 第 1 次 等待 1 秒
2021-07-14 01:09:30 查询号码 【1788455】，返回信息 {"status":"bad","msg":""}
2021-07-14 01:09:30 查询号码 【1788455】，GSD为【""】
2021-07-14 01:09:30 bad
2021-07-14 01:09:33 CHB 1788455?1626196170 第 1 次 等待 1 秒
2021-07-14 01:09:34 CHB 1788455?1626196170 第 1 次 获取到号码【1788455】GSD
2021-07-14 01:09:34 获取到号码【1788455】的GSD为【安徽-阜阳】
2021-07-14 01:09:39 GSD insert 第 1 次 等待 1 秒
2021-07-14 01:09:40 {"status":"ok","gid":269890,"msg":"添加成功！"}
2021-07-14 01:09:40 下次操作: 2021-07-14 01:09:46

2021-07-14 01:09:46 开始第 14 次操作

2021-07-14 01:09:46 开始操作号码 【1788454】
2021-07-14 01:09:53 GSD getOne 第 1 次 等待 1 秒
2021-07-14 01:09:54 查询号码 【1788454】，返回信息 {"status":"bad","msg":""}
2021-07-14 01:09:54 查询号码 【1788454】，GSD为【""】
2021-07-14 01:09:54 bad
2021-07-14 01:09:56 CHB 1788454?1626196194 第 1 次 等待 1 秒
2021-07-14 01:09:57 CHB 1788454?1626196194 第 1 次 获取到号码【1788454】GSD
2021-07-14 01:09:57 获取到号码【1788454】的GSD为【安徽-黄山】
2021-07-14 01:10:01 GSD insert 第 1 次 等待 1 秒
2021-07-14 01:10:02 {"status":"ok","gid":269897,"msg":"添加成功！"}
2021-07-14 01:10:02 下次操作: 2021-07-14 01:10:17

2021-07-14 01:10:17 开始第 15 次操作

2021-07-14 01:10:17 开始操作号码 【1788453】
2021-07-14 01:10:20 GSD getOne 第 1 次 等待 1 秒
2021-07-14 01:10:21 查询号码 【1788453】，返回信息 {"status":"bad","msg":""}
2021-07-14 01:10:21 查询号码 【1788453】，GSD为【""】
2021-07-14 01:10:21 bad
2021-07-14 01:10:23 CHB 1788453?1626196221 第 1 次 等待 1 秒
2021-07-14 01:10:24 CHB 1788453?1626196221 第 1 次 获取到号码【1788453】GSD
2021-07-14 01:10:24 获取到号码【1788453】的GSD为【安徽-安庆】
2021-07-14 01:10:30 GSD insert 第 1 次 等待 1 秒
2021-07-14 01:10:31 {"status":"ok","gid":269908,"msg":"添加成功！"}
2021-07-14 01:10:31 下次操作: 2021-07-14 01:10:39

2021-07-14 01:10:39 开始第 16 次操作

2021-07-14 01:10:39 开始操作号码 【1788452】
2021-07-14 01:10:53 GSD getOne 第 1 次 等待 1 秒
2021-07-14 01:10:54 查询号码 【1788452】，返回信息 {"status":"bad","msg":""}
2021-07-14 01:10:54 查询号码 【1788452】，GSD为【""】
2021-07-14 01:10:54 bad
2021-07-14 01:10:57 CHB 1788452?1626196254 第 1 次 等待 1 秒
2021-07-14 01:10:58 CHB 1788452?1626196254 第 1 次 获取到号码【1788452】GSD
2021-07-14 01:10:58 获取到号码【1788452】的GSD为【安徽-合肥】
2021-07-14 01:11:06 GSD insert 第 1 次 等待 1 秒
2021-07-14 01:11:07 {"status":"ok","gid":269917,"msg":"添加成功！"}
2021-07-14 01:11:07 下次操作: 2021-07-14 01:11:15

2021-07-14 01:11:15 开始第 17 次操作

2021-07-14 01:11:15 开始操作号码 【1788451】
2021-07-14 01:11:18 GSD getOne 第 1 次 等待 1 秒
2021-07-14 01:11:19 查询号码 【1788451】，返回信息 {"status":"bad","msg":""}
2021-07-14 01:11:19 查询号码 【1788451】，GSD为【""】
2021-07-14 01:11:19 bad
2021-07-14 01:11:21 CHB 1788451?1626196279 第 1 次 等待 1 秒
2021-07-14 01:11:22 CHB 1788451?1626196279 第 1 次 获取到号码【1788451】GSD
2021-07-14 01:11:22 获取到号码【1788451】的GSD为【安徽-淮北】
2021-07-14 01:11:25 GSD insert 第 1 次 等待 1 秒
2021-07-14 01:11:26 {"status":"ok","gid":269923,"msg":"添加成功！"}
2021-07-14 01:11:26 下次操作: 2021-07-14 01:11:34

2021-07-14 01:11:34 开始第 18 次操作

2021-07-14 01:11:34 开始操作号码 【1788450】
2021-07-14 01:11:38 GSD getOne 第 1 次 等待 1 秒
2021-07-14 01:11:39 查询号码 【1788450】，返回信息 {"status":"bad","msg":""}
2021-07-14 01:11:39 查询号码 【1788450】，GSD为【""】
2021-07-14 01:11:39 bad
2021-07-14 01:11:42 CHB 1788450?1626196299 第 1 次 等待 1 秒
2021-07-14 01:11:43 CHB 1788450?1626196299 第 1 次 获取到号码【1788450】GSD
2021-07-14 01:11:43 获取到号码【1788450】的GSD为【安徽-马鞍山】
2021-07-14 01:11:51 GSD insert 第 1 次 等待 1 秒
2021-07-14 01:11:52 {"status":"ok","gid":269931,"msg":"添加成功！"}
2021-07-14 01:11:52 下次操作: 2021-07-14 01:12:05

2021-07-14 01:12:05 开始第 19 次操作

2021-07-14 01:12:05 开始操作号码 【1788449】
2021-07-14 01:12:08 GSD getOne 第 1 次 等待 1 秒
2021-07-14 01:12:09 查询号码 【1788449】，返回信息 {"status":"bad","msg":""}
2021-07-14 01:12:09 查询号码 【1788449】，GSD为【""】
2021-07-14 01:12:09 bad
2021-07-14 01:12:15 CHB 1788449?1626196329 第 1 次 等待 1 秒
2021-07-14 01:12:16 CHB 1788449?1626196329 第 1 次 获取到号码【1788449】GSD
2021-07-14 01:12:16 获取到号码【1788449】的GSD为【安徽-淮南】
2021-07-14 01:12:19 GSD insert 第 1 次 等待 1 秒
2021-07-14 01:12:20 {"status":"ok","gid":269943,"msg":"添加成功！"}
2021-07-14 01:12:20 下次操作: 2021-07-14 01:12:36

2021-07-14 01:12:36 开始第 20 次操作

2021-07-14 01:12:36 开始操作号码 【1788448】
2021-07-14 01:12:39 GSD getOne 第 1 次 等待 1 秒
2021-07-14 01:12:40 查询号码 【1788448】，返回信息 {"status":"bad","msg":""}
2021-07-14 01:12:40 查询号码 【1788448】，GSD为【""】
2021-07-14 01:12:40 bad
2021-07-14 01:12:43 CHB 1788448?1626196360 第 1 次 等待 1 秒
2021-07-14 01:12:44 CHB 1788448?1626196360 第 1 次 获取到号码【1788448】GSD
2021-07-14 01:12:44 获取到号码【1788448】的GSD为【安徽-蚌埠】
2021-07-14 01:12:56 GSD insert 第 1 次 等待 1 秒
2021-07-14 01:12:57 {"status":"ok","gid":269952,"msg":"添加成功！"}
2021-07-14 01:12:57 下次操作: 2021-07-14 01:13:13

2021-07-14 01:13:13 开始第 21 次操作

2021-07-14 01:13:13 开始操作号码 【1788447】
2021-07-14 01:13:19 GSD getOne 第 1 次 等待 1 秒
2021-07-14 01:13:20 查询号码 【1788447】，返回信息 {"status":"bad","msg":""}
2021-07-14 01:13:20 查询号码 【1788447】，GSD为【""】
2021-07-14 01:13:20 bad
2021-07-14 01:13:23 CHB 1788447?1626196400 第 1 次 等待 1 秒
2021-07-14 01:13:24 CHB 1788447?1626196400 第 1 次 获取到号码【1788447】GSD
2021-07-14 01:13:24 获取到号码【1788447】的GSD为【安徽-芜湖】
2021-07-14 01:13:28 GSD insert 第 1 次 等待 1 秒
2021-07-14 01:13:29 {"status":"ok","gid":269960,"msg":"添加成功！"}
2021-07-14 01:13:29 下次操作: 2021-07-14 01:13:38

2021-07-14 01:13:38 开始第 22 次操作

2021-07-14 01:13:38 开始操作号码 【1788446】
2021-07-14 01:13:41 GSD getOne 第 1 次 等待 1 秒
2021-07-14 01:13:42 查询号码 【1788446】，返回信息 {"status":"bad","msg":""}
2021-07-14 01:13:42 查询号码 【1788446】，GSD为【""】
2021-07-14 01:13:42 bad
2021-07-14 01:13:58 CHB 1788446?1626196422 第 1 次 等待 1 秒
2021-07-14 01:13:59 CHB 1788446?1626196422 第 1 次 获取到号码【1788446】GSD
2021-07-14 01:13:59 未获取到号码【1788446】GSD，查号吧 522 错误
2021-07-14 01:13:59 获取到号码【1788446】的GSD为【-】
2021-07-14 01:14:02 GSD insert 第 1 次 等待 1 秒
2021-07-14 01:14:03 {"status":"ok","gid":269972,"msg":"添加成功！"}
2021-07-14 01:14:03 下次操作: 2021-07-14 01:14:21

2021-07-14 01:14:21 开始第 23 次操作

2021-07-14 01:14:21 开始操作号码 【1788445】
2021-07-14 01:14:26 GSD getOne 第 1 次 等待 1 秒
2021-07-14 01:14:27 查询号码 【1788445】，返回信息 {"status":"bad","msg":""}
2021-07-14 01:14:27 查询号码 【1788445】，GSD为【""】
2021-07-14 01:14:27 bad
2021-07-14 01:14:30 CHB 1788445?1626196467 第 1 次 等待 1 秒
2021-07-14 01:14:31 CHB 1788445?1626196467 第 1 次 获取到号码【1788445】GSD
2021-07-14 01:14:31 获取到号码【1788445】的GSD为【安徽-合肥】
2021-07-14 01:14:35 GSD insert 第 1 次 等待 1 秒
2021-07-14 01:14:36 {"status":"ok","gid":269980,"msg":"添加成功！"}
2021-07-14 01:14:36 下次操作: 2021-07-14 01:14:50

2021-07-14 01:14:50 开始第 24 次操作

2021-07-14 01:14:50 开始操作号码 【1788444】
2021-07-14 01:15:04 GSD getOne 第 1 次 等待 1 秒
2021-07-14 01:15:05 查询号码 【1788444】，返回信息 {"status":"bad","msg":""}
2021-07-14 01:15:05 查询号码 【1788444】，GSD为【""】
2021-07-14 01:15:05 bad
2021-07-14 01:15:07 CHB 1788444?1626196505 第 1 次 等待 1 秒
2021-07-14 01:15:08 CHB 1788444?1626196505 第 1 次 获取到号码【1788444】GSD
2021-07-14 01:15:08 获取到号码【1788444】的GSD为【安徽-铜陵】
2021-07-14 01:15:14 GSD insert 第 1 次 等待 1 秒
2021-07-14 01:15:15 {"status":"ok","gid":269991,"msg":"添加成功！"}
2021-07-14 01:15:15 下次操作: 2021-07-14 01:15:25

2021-07-14 01:15:25 开始第 25 次操作

2021-07-14 01:15:25 开始操作号码 【1788443】
2021-07-14 01:15:31 GSD getOne 第 1 次 等待 1 秒
2021-07-14 01:15:32 查询号码 【1788443】，返回信息 {"status":"bad","msg":""}
2021-07-14 01:15:33 查询号码 【1788443】，GSD为【""】
2021-07-14 01:15:33 bad
2021-07-14 01:15:35 CHB 1788443?1626196533 第 1 次 等待 1 秒
2021-07-14 01:15:36 CHB 1788443?1626196533 第 1 次 获取到号码【1788443】GSD
2021-07-14 01:15:36 获取到号码【1788443】的GSD为【安徽-宣城】
2021-07-14 01:15:40 GSD insert 第 1 次 等待 1 秒
2021-07-14 01:15:41 {"status":"ok","gid":269999,"msg":"添加成功！"}
2021-07-14 01:15:41 下次操作: 2021-07-14 01:15:49

2021-07-14 01:15:49 开始第 26 次操作

2021-07-14 01:15:49 开始操作号码 【1788442】
2021-07-14 01:15:52 GSD getOne 第 1 次 等待 1 秒
2021-07-14 01:15:53 查询号码 【1788442】，返回信息 {"status":"bad","msg":""}
2021-07-14 01:15:54 查询号码 【1788442】，GSD为【""】
2021-07-14 01:15:54 bad
2021-07-14 01:15:55 CHB 1788442?1626196554 第 1 次 等待 1 秒
2021-07-14 01:15:56 CHB 1788442?1626196554 第 1 次 获取到号码【1788442】GSD
2021-07-14 01:15:56 获取到号码【1788442】的GSD为【安徽-六安】
2021-07-14 01:16:03 GSD insert 第 1 次 等待 1 秒
2021-07-14 01:16:04 {"status":"ok","gid":270006,"msg":"添加成功！"}
2021-07-14 01:16:04 下次操作: 2021-07-14 01:16:19

2021-07-14 01:16:19 开始第 27 次操作

2021-07-14 01:16:19 开始操作号码 【1788441】
2021-07-14 01:16:26 GSD getOne 第 1 次 等待 1 秒
2021-07-14 01:16:27 查询号码 【1788441】，返回信息 {"status":"bad","msg":""}
2021-07-14 01:16:27 查询号码 【1788441】，GSD为【""】
2021-07-14 01:16:27 bad
2021-07-14 01:16:29 CHB 1788441?1626196587 第 1 次 等待 1 秒
2021-07-14 01:16:30 CHB 1788441?1626196587 第 1 次 获取到号码【1788441】GSD
2021-07-14 01:16:30 获取到号码【1788441】的GSD为【安徽-滁州】
2021-07-14 01:16:38 GSD insert 第 1 次 等待 1 秒
2021-07-14 01:16:39 {"status":"ok","gid":270016,"msg":"添加成功！"}
2021-07-14 01:16:39 下次操作: 2021-07-14 01:16:56

2021-07-14 01:16:56 开始第 28 次操作

2021-07-14 01:16:56 开始操作号码 【1788440】
2021-07-14 01:17:03 GSD getOne 第 1 次 等待 1 秒
2021-07-14 01:17:04 查询号码 【1788440】，返回信息 {"status":"bad","msg":""}
2021-07-14 01:17:04 查询号码 【1788440】，GSD为【""】
2021-07-14 01:17:04 bad
2021-07-14 01:17:07 CHB 1788440?1626196624 第 1 次 等待 1 秒
2021-07-14 01:17:08 CHB 1788440?1626196624 第 1 次 获取到号码【1788440】GSD
2021-07-14 01:17:08 获取到号码【1788440】的GSD为【安徽-宿州】
2021-07-14 01:17:16 GSD insert 第 1 次 等待 1 秒
2021-07-14 01:17:17 {"status":"ok","gid":270022,"msg":"添加成功！"}
2021-07-14 01:17:17 下次操作: 2021-07-14 01:17:33

2021-07-14 01:17:34 开始第 29 次操作

2021-07-14 01:17:34 开始操作号码 【1788439】
2021-07-14 01:17:36 GSD getOne 第 1 次 等待 1 秒
2021-07-14 01:17:37 查询号码 【1788439】，返回信息 {"status":"bad","msg":""}
2021-07-14 01:17:37 查询号码 【1788439】，GSD为【""】
2021-07-14 01:17:37 bad
2021-07-14 01:17:39 CHB 1788439?1626196657 第 1 次 等待 1 秒
2021-07-14 01:17:40 CHB 1788439?1626196657 第 1 次 获取到号码【1788439】GSD
2021-07-14 01:17:40 获取到号码【1788439】的GSD为【安徽-阜阳】
2021-07-14 01:17:43 GSD insert 第 1 次 等待 1 秒
2021-07-14 01:17:44 {"status":"ok","gid":270026,"msg":"添加成功！"}
2021-07-14 01:17:44 下次操作: 2021-07-14 01:18:00

2021-07-14 01:18:00 开始第 30 次操作

2021-07-14 01:18:00 开始操作号码 【1788438】
2021-07-14 01:18:09 GSD getOne 第 1 次 等待 1 秒
2021-07-14 01:18:10 查询号码 【1788438】，返回信息 {"status":"bad","msg":""}
2021-07-14 01:18:10 查询号码 【1788438】，GSD为【""】
2021-07-14 01:18:10 bad
2021-07-14 01:18:12 CHB 1788438?1626196690 第 1 次 等待 1 秒
2021-07-14 01:18:13 CHB 1788438?1626196690 第 1 次 获取到号码【1788438】GSD
2021-07-14 01:18:13 获取到号码【1788438】的GSD为【安徽-合肥】
2021-07-14 01:18:22 GSD insert 第 1 次 等待 1 秒
2021-07-14 01:18:23 {"status":"ok","gid":270035,"msg":"添加成功！"}

