2024-11-21 00:28:06 开始第 5793 次操作

2024-11-21 00:28:06 开始操作号码 【1325792】
2024-11-21 00:28:07 GSD getOne 第 1 次 等待 3 秒
2024-11-21 00:28:10 查询号码 【1325792】，返回信息 {"status":"ok","msg":"江西-九江","gid":"244855","time_insert":"2021-07-11 03:29"}
2024-11-21 00:28:10 查询号码 【1325792】，GSD为【"江西-九江"】

2024-11-21 00:28:11 开始第 5794 次操作

2024-11-21 00:28:11 开始操作号码 【1325793】
2024-11-21 00:28:12 GSD getOne 第 1 次 等待 3 秒
2024-11-21 00:28:15 查询号码 【1325793】，返回信息 {"status":"ok","msg":"江西-上饶","gid":"244853","time_insert":"2021-07-11 03:28"}
2024-11-21 00:28:15 查询号码 【1325793】，GSD为【"江西-上饶"】

2024-11-21 00:28:16 开始第 5795 次操作

2024-11-21 00:28:16 开始操作号码 【1325794】
2024-11-21 00:28:17 GSD getOne 第 1 次 等待 3 秒
2024-11-21 00:28:20 查询号码 【1325794】，返回信息 {"status":"ok","msg":"江西-抚州","gid":"244852","time_insert":"2021-07-11 03:28"}
2024-11-21 00:28:20 查询号码 【1325794】，GSD为【"江西-抚州"】

2024-11-21 00:28:21 开始第 5796 次操作

2024-11-21 00:28:21 开始操作号码 【1325795】
2024-11-21 00:28:22 GSD getOne 第 1 次 等待 3 秒
2024-11-21 00:28:25 查询号码 【1325795】，返回信息 {"status":"ok","msg":"江西-宜春","gid":"244850","time_insert":"2021-07-11 03:27"}
2024-11-21 00:28:25 查询号码 【1325795】，GSD为【"江西-宜春"】

2024-11-21 00:49:39 开始第 5797 次操作

2024-11-21 00:49:39 开始操作号码 【1325796】
2024-11-21 00:49:40 GSD getOne 第 1 次 等待 3 秒
2024-11-21 00:49:43 查询号码 【1325796】，返回信息 {"status":"ok","msg":"江西-吉安","gid":"2354","time_insert":"2020-04-16 09:29","time_update":"2020-09-08 21:26"}
2024-11-21 00:49:43 查询号码 【1325796】，GSD为【"江西-吉安"】

2024-11-21 00:49:44 开始第 5798 次操作

2024-11-21 00:49:44 开始操作号码 【1325797】
2024-11-21 00:49:45 GSD getOne 第 1 次 等待 3 秒
2024-11-21 00:49:48 查询号码 【1325797】，返回信息 {"status":"ok","msg":"江西-赣州","gid":"244843","time_insert":"2021-07-11 03:25"}
2024-11-21 00:49:48 查询号码 【1325797】，GSD为【"江西-赣州"】

2024-11-21 00:49:49 开始第 5799 次操作

2024-11-21 00:49:49 开始操作号码 【1325798】
2024-11-21 00:49:50 GSD getOne 第 1 次 等待 3 秒
2024-11-21 00:49:53 查询号码 【1325798】，返回信息 {"status":"ok","msg":"江西-景德镇","gid":"244840","time_insert":"2021-07-11 03:25"}
2024-11-21 00:49:53 查询号码 【1325798】，GSD为【"江西-景德镇"】

2024-11-21 00:49:54 开始第 5800 次操作

2024-11-21 00:49:54 开始操作号码 【1325799】
2024-11-21 00:49:55 GSD getOne 第 1 次 等待 3 秒
2024-11-21 00:49:58 查询号码 【1325799】，返回信息 {"status":"ok","msg":"江西-萍乡","gid":"244838","time_insert":"2021-07-11 03:24"}
2024-11-21 00:49:58 查询号码 【1325799】，GSD为【"江西-萍乡"】

