2024-06-17 00:12:53 开始第 1133 次操作

2024-06-17 00:12:53 开始操作号码 【1531016】
2024-06-17 00:12:59 GSD getOne 第 1 次 等待 3 秒
2024-06-17 00:13:02 查询号码 【1531016】，返回信息 {"status":"ok","msg":"重庆-重庆","gid":"50710","time_insert":"2021-04-21 16:58"}
2024-06-17 00:13:02 查询号码 【1531016】，GSD为【"重庆-重庆"】

2024-06-17 00:13:03 开始第 1134 次操作

2024-06-17 00:13:03 开始操作号码 【1531017】
2024-06-17 00:13:09 GSD getOne 第 1 次 等待 3 秒
2024-06-17 00:13:12 查询号码 【1531017】，返回信息 {"status":"ok","msg":"重庆-重庆","gid":"50522","time_insert":"2021-04-21 16:38"}
2024-06-17 00:13:12 查询号码 【1531017】，GSD为【"重庆-重庆"】

2024-06-17 00:13:13 开始第 1135 次操作

2024-06-17 00:13:13 开始操作号码 【1531018】
2024-06-17 00:13:24 GSD getOne 第 1 次 等待 3 秒
2024-06-17 00:13:27 查询号码 【1531018】，返回信息 {"status":"ok","msg":"重庆-重庆","gid":"20655","time_insert":"2017-04-17 10:17","time_update":"2021-06-03 14:48"}
2024-06-17 00:13:27 查询号码 【1531018】，GSD为【"重庆-重庆"】

2024-06-17 00:13:28 开始第 1136 次操作

2024-06-17 00:13:28 开始操作号码 【1531019】
2024-06-17 00:13:35 GSD getOne 第 1 次 等待 3 秒
2024-06-17 00:13:38 查询号码 【1531019】，返回信息 {"status":"ok","msg":"重庆-重庆","gid":"20656","time_insert":"2017-04-17 10:17","time_update":"2021-06-03 15:05"}
2024-06-17 00:13:38 查询号码 【1531019】，GSD为【"重庆-重庆"】

2024-06-17 00:37:16 开始第 1137 次操作

2024-06-17 00:37:16 开始操作号码 【1531020】
2024-06-17 00:37:30 GSD getOne 第 1 次 等待 3 秒
2024-06-17 00:37:33 查询号码 【1531020】，返回信息 {"status":"ok","msg":"重庆-重庆","gid":"20657","time_insert":"2017-04-17 10:17","time_update":"2021-06-03 15:19"}
2024-06-17 00:37:33 查询号码 【1531020】，GSD为【"重庆-重庆"】

2024-06-17 00:37:34 开始第 1138 次操作

2024-06-17 00:37:34 开始操作号码 【1531021】
2024-06-17 00:37:46 GSD getOne 第 1 次 等待 3 秒
2024-06-17 00:37:49 查询号码 【1531021】，返回信息 {"status":"ok","msg":"重庆-重庆","gid":"20658","time_insert":"2018-03-07 09:26","time_update":"2021-06-03 15:31"}
2024-06-17 00:37:49 查询号码 【1531021】，GSD为【"重庆-重庆"】

2024-06-17 00:37:50 开始第 1139 次操作

2024-06-17 00:37:50 开始操作号码 【1531022】
2024-06-17 00:38:21 GSD getOne 第 1 次 等待 3 秒
2024-06-17 00:38:24 查询号码 【1531022】，返回信息 {"status":"ok","msg":"重庆-重庆","gid":"20659","time_insert":"2017-12-04 14:43","time_update":"2021-06-03 15:48"}
2024-06-17 00:38:24 查询号码 【1531022】，GSD为【"重庆-重庆"】

2024-06-17 00:38:25 开始第 1140 次操作

2024-06-17 00:38:26 开始操作号码 【1531023】
2024-06-17 00:38:45 GSD getOne 第 1 次 等待 3 秒
2024-06-17 00:38:48 查询号码 【1531023】，返回信息 {"status":"ok","msg":"重庆-重庆","gid":"20660","time_insert":"2017-05-11 09:33","time_update":"2021-06-03 16:02"}
2024-06-17 00:38:48 查询号码 【1531023】，GSD为【"重庆-重庆"】

2024-06-17 01:09:37 开始第 1141 次操作

2024-06-17 01:09:37 开始操作号码 【1531024】
2024-06-17 01:09:42 GSD getOne 第 1 次 等待 3 秒
2024-06-17 01:09:45 查询号码 【1531024】，返回信息 {"status":"ok","msg":"重庆-重庆","gid":"20661","time_insert":"2017-04-13 14:55","time_update":"2021-06-03 16:19"}
2024-06-17 01:09:45 查询号码 【1531024】，GSD为【"重庆-重庆"】

2024-06-17 01:09:46 开始第 1142 次操作

2024-06-17 01:09:46 开始操作号码 【1531025】
2024-06-17 01:09:53 GSD getOne 第 1 次 等待 3 秒
2024-06-17 01:09:56 查询号码 【1531025】，返回信息 {"status":"ok","msg":"重庆-重庆","gid":"20662","time_insert":"2018-09-12 11:10","time_update":"2021-06-03 16:31"}
2024-06-17 01:09:56 查询号码 【1531025】，GSD为【"重庆-重庆"】

2024-06-17 01:09:57 开始第 1143 次操作

2024-06-17 01:09:57 开始操作号码 【1531026】
2024-06-17 01:10:02 GSD getOne 第 1 次 等待 3 秒
2024-06-17 01:10:05 查询号码 【1531026】，返回信息 {"status":"ok","msg":"重庆-重庆","gid":"98760","time_insert":"2021-06-16 00:01"}
2024-06-17 01:10:05 查询号码 【1531026】，GSD为【"重庆-重庆"】

2024-06-17 01:10:06 开始第 1144 次操作

2024-06-17 01:10:06 开始操作号码 【1531027】
2024-06-17 01:10:13 GSD getOne 第 1 次 等待 3 秒
2024-06-17 01:10:16 查询号码 【1531027】，返回信息 {"status":"ok","msg":"重庆-重庆","gid":"20663","time_insert":"2017-04-17 10:17","time_update":"2021-06-03 16:48"}
2024-06-17 01:10:16 查询号码 【1531027】，GSD为【"重庆-重庆"】

2024-06-17 01:34:33 开始第 1145 次操作

2024-06-17 01:34:33 开始操作号码 【1531028】
2024-06-17 01:34:49 GSD getOne 第 1 次 等待 3 秒
2024-06-17 01:34:52 查询号码 【1531028】，返回信息 {"status":"ok","msg":"重庆-重庆","gid":"20664","time_insert":"2017-04-20 10:11","time_update":"2021-06-03 17:02"}
2024-06-17 01:34:52 查询号码 【1531028】，GSD为【"重庆-重庆"】

2024-06-17 01:34:53 开始第 1146 次操作

2024-06-17 01:34:53 开始操作号码 【1531029】
2024-06-17 01:35:03 GSD getOne 第 1 次 等待 3 秒
2024-06-17 01:35:06 查询号码 【1531029】，返回信息 {"status":"ok","msg":"重庆-重庆","gid":"20665","time_insert":"2017-05-30 10:52","time_update":"2021-06-03 17:15"}
2024-06-17 01:35:06 查询号码 【1531029】，GSD为【"重庆-重庆"】

2024-06-17 01:35:07 开始第 1147 次操作

2024-06-17 01:35:07 开始操作号码 【1531030】
2024-06-17 01:35:15 GSD getOne 第 1 次 等待 3 秒
2024-06-17 01:35:18 查询号码 【1531030】，返回信息 {"status":"ok","msg":"重庆-重庆","gid":"20666","time_insert":"2017-05-30 10:52","time_update":"2021-06-03 17:45"}
2024-06-17 01:35:18 查询号码 【1531030】，GSD为【"重庆-重庆"】

2024-06-17 01:35:19 开始第 1148 次操作

2024-06-17 01:35:19 开始操作号码 【1531031】
2024-06-17 01:35:27 GSD getOne 第 1 次 等待 3 秒
2024-06-17 01:35:30 查询号码 【1531031】，返回信息 {"status":"ok","msg":"重庆-重庆","gid":"20667","time_insert":"2017-04-17 10:17","time_update":"2021-06-03 18:01"}
2024-06-17 01:35:30 查询号码 【1531031】，GSD为【"重庆-重庆"】

2024-06-17 02:14:56 开始第 1149 次操作

2024-06-17 02:14:56 开始操作号码 【1531032】
2024-06-17 02:15:03 GSD getOne 第 1 次 等待 3 秒
2024-06-17 02:15:06 查询号码 【1531032】，返回信息 {"status":"ok","msg":"重庆-重庆","gid":"98835","time_insert":"2021-06-16 01:12"}
2024-06-17 02:15:06 查询号码 【1531032】，GSD为【"重庆-重庆"】

2024-06-17 02:15:07 开始第 1150 次操作

2024-06-17 02:15:07 开始操作号码 【1531033】
2024-06-17 02:15:19 GSD getOne 第 1 次 等待 3 秒
2024-06-17 02:15:22 查询号码 【1531033】，返回信息 {"status":"ok","msg":"重庆-重庆","gid":"98859","time_insert":"2021-06-16 01:31"}
2024-06-17 02:15:22 查询号码 【1531033】，GSD为【"重庆-重庆"】

2024-06-17 02:15:23 开始第 1151 次操作

2024-06-17 02:15:23 开始操作号码 【1531034】
2024-06-17 02:15:28 GSD getOne 第 1 次 等待 3 秒
2024-06-17 02:15:31 查询号码 【1531034】，返回信息 {"status":"ok","msg":"重庆-重庆","gid":"98877","time_insert":"2021-06-16 01:48"}
2024-06-17 02:15:31 查询号码 【1531034】，GSD为【"重庆-重庆"】

2024-06-17 02:15:32 开始第 1152 次操作

2024-06-17 02:15:32 开始操作号码 【1531035】
2024-06-17 02:16:45 GSD getOne 第 1 次 等待 3 秒
2024-06-17 02:16:48 查询号码 【1531035】，返回信息 {"status":"ok","msg":"重庆-重庆","gid":"20668","time_insert":"2014-11-16 17:22","time_update":"2021-06-03 18:19"}
2024-06-17 02:16:48 查询号码 【1531035】，GSD为【"重庆-重庆"】

2024-06-17 02:36:38 开始第 1153 次操作

2024-06-17 02:36:38 开始操作号码 【1531036】
2024-06-17 02:36:44 GSD getOne 第 1 次 等待 3 秒
2024-06-17 02:36:47 查询号码 【1531036】，返回信息 {"status":"ok","msg":"重庆-重庆","gid":"98896","time_insert":"2021-06-16 02:04"}
2024-06-17 02:36:47 查询号码 【1531036】，GSD为【"重庆-重庆"】

2024-06-17 02:36:48 开始第 1154 次操作

2024-06-17 02:36:48 开始操作号码 【1531037】
2024-06-17 02:36:53 GSD getOne 第 1 次 等待 3 秒
2024-06-17 02:36:56 查询号码 【1531037】，返回信息 {"status":"ok","msg":"重庆-重庆","gid":"20669","time_insert":"2017-05-10 16:05","time_update":"2021-06-03 18:32"}
2024-06-17 02:36:56 查询号码 【1531037】，GSD为【"重庆-重庆"】

2024-06-17 02:36:57 开始第 1155 次操作

2024-06-17 02:36:57 开始操作号码 【1531038】
2024-06-17 02:37:03 GSD getOne 第 1 次 等待 3 秒
2024-06-17 02:37:06 查询号码 【1531038】，返回信息 {"status":"ok","msg":"重庆-重庆","gid":"20670","time_insert":"2017-07-18 11:48","time_update":"2021-01-10 16:55"}
2024-06-17 02:37:06 查询号码 【1531038】，GSD为【"重庆-重庆"】

2024-06-17 02:37:07 开始第 1156 次操作

2024-06-17 02:37:07 开始操作号码 【1531039】
2024-06-17 02:37:12 GSD getOne 第 1 次 等待 3 秒
2024-06-17 02:37:15 查询号码 【1531039】，返回信息 {"status":"ok","msg":"重庆-重庆","gid":"98917","time_insert":"2021-06-16 02:23"}
2024-06-17 02:37:15 查询号码 【1531039】，GSD为【"重庆-重庆"】

2024-06-17 03:10:57 开始第 1157 次操作

2024-06-17 03:10:57 开始操作号码 【1531040】
2024-06-17 03:11:03 GSD getOne 第 1 次 等待 3 秒
2024-06-17 03:11:06 查询号码 【1531040】，返回信息 {"status":"ok","msg":"重庆-重庆","gid":"20671","time_insert":"2017-04-17 10:17","time_update":"2021-06-03 18:47"}
2024-06-17 03:11:06 查询号码 【1531040】，GSD为【"重庆-重庆"】

2024-06-17 03:11:07 开始第 1158 次操作

2024-06-17 03:11:07 开始操作号码 【1531041】
2024-06-17 03:11:12 GSD getOne 第 1 次 等待 3 秒
2024-06-17 03:11:15 查询号码 【1531041】，返回信息 {"status":"ok","msg":"重庆-重庆","gid":"20672","time_insert":"2016-11-14 20:57","time_update":"2021-01-10 17:07"}
2024-06-17 03:11:15 查询号码 【1531041】，GSD为【"重庆-重庆"】

2024-06-17 03:11:16 开始第 1159 次操作

2024-06-17 03:11:16 开始操作号码 【1531042】
2024-06-17 03:11:21 GSD getOne 第 1 次 等待 3 秒
2024-06-17 03:11:24 查询号码 【1531042】，返回信息 {"status":"ok","msg":"重庆-重庆","gid":"20673","time_insert":"2017-04-17 10:17","time_update":"2021-06-03 19:01"}
2024-06-17 03:11:24 查询号码 【1531042】，GSD为【"重庆-重庆"】

2024-06-17 03:11:25 开始第 1160 次操作

2024-06-17 03:11:25 开始操作号码 【1531043】
2024-06-17 03:11:30 GSD getOne 第 1 次 等待 3 秒
2024-06-17 03:11:33 查询号码 【1531043】，返回信息 {"status":"ok","msg":"重庆-重庆","gid":"20674","time_insert":"2017-04-17 10:17","time_update":"2021-01-10 17:22"}
2024-06-17 03:11:33 查询号码 【1531043】，GSD为【"重庆-重庆"】

