2024-03-03 00:12:10 开始第 6977 次操作

2024-03-03 00:12:10 开始操作号码 【1756870】
2024-03-03 00:12:15 GSD getOne 第 1 次 等待 3 秒
2024-03-03 00:12:18 查询号码 【1756870】，返回信息 {"status":"ok","msg":"山东-济宁","gid":"210478","time_insert":"2021-07-07 01:37"}
2024-03-03 00:12:18 查询号码 【1756870】，GSD为【"山东-济宁"】

2024-03-03 00:12:19 开始第 6978 次操作

2024-03-03 00:12:19 开始操作号码 【1756871】
2024-03-03 00:12:26 GSD getOne 第 1 次 等待 3 秒
2024-03-03 00:12:29 查询号码 【1756871】，返回信息 {"status":"ok","msg":"山东-济宁","gid":"210482","time_insert":"2021-07-07 01:38"}
2024-03-03 00:12:29 查询号码 【1756871】，GSD为【"山东-济宁"】

2024-03-03 00:12:30 开始第 6979 次操作

2024-03-03 00:12:30 开始操作号码 【1756872】
2024-03-03 00:12:35 GSD getOne 第 1 次 等待 3 秒
2024-03-03 00:12:38 查询号码 【1756872】，返回信息 {"status":"ok","msg":"山东-济宁","gid":"210483","time_insert":"2021-07-07 01:38"}
2024-03-03 00:12:38 查询号码 【1756872】，GSD为【"山东-济宁"】

2024-03-03 00:12:39 开始第 6980 次操作

2024-03-03 00:12:39 开始操作号码 【1756873】
2024-03-03 00:12:43 GSD getOne 第 1 次 等待 3 秒
2024-03-03 00:12:46 查询号码 【1756873】，返回信息 {"status":"ok","msg":"山东-济宁","gid":"210489","time_insert":"2021-07-07 01:39"}
2024-03-03 00:12:46 查询号码 【1756873】，GSD为【"山东-济宁"】

2024-03-03 00:34:12 开始第 6981 次操作

2024-03-03 00:34:12 开始操作号码 【1756874】
2024-03-03 00:34:18 GSD getOne 第 1 次 等待 3 秒
2024-03-03 00:34:21 查询号码 【1756874】，返回信息 {"status":"ok","msg":"山东-济宁","gid":"210492","time_insert":"2021-07-07 01:39"}
2024-03-03 00:34:21 查询号码 【1756874】，GSD为【"山东-济宁"】

2024-03-03 00:34:22 开始第 6982 次操作

2024-03-03 00:34:22 开始操作号码 【1756875】
2024-03-03 00:34:27 GSD getOne 第 1 次 等待 3 秒
2024-03-03 00:34:30 查询号码 【1756875】，返回信息 {"status":"ok","msg":"山东-济宁","gid":"210496","time_insert":"2021-07-07 01:40"}
2024-03-03 00:34:30 查询号码 【1756875】，GSD为【"山东-济宁"】

2024-03-03 00:34:31 开始第 6983 次操作

2024-03-03 00:34:31 开始操作号码 【1756876】
2024-03-03 00:34:36 GSD getOne 第 1 次 等待 3 秒
2024-03-03 00:34:39 查询号码 【1756876】，返回信息 {"status":"ok","msg":"山东-济宁","gid":"210502","time_insert":"2021-07-07 01:40"}
2024-03-03 00:34:39 查询号码 【1756876】，GSD为【"山东-济宁"】

2024-03-03 00:34:40 开始第 6984 次操作

2024-03-03 00:34:40 开始操作号码 【1756877】
2024-03-03 00:34:45 GSD getOne 第 1 次 等待 3 秒
2024-03-03 00:34:48 查询号码 【1756877】，返回信息 {"status":"ok","msg":"山东-济宁","gid":"210505","time_insert":"2021-07-07 01:41"}
2024-03-03 00:34:48 查询号码 【1756877】，GSD为【"山东-济宁"】

2024-03-03 01:08:20 开始第 6985 次操作

2024-03-03 01:08:20 开始操作号码 【1756878】
2024-03-03 01:08:26 GSD getOne 第 1 次 等待 3 秒
2024-03-03 01:08:29 查询号码 【1756878】，返回信息 {"status":"ok","msg":"山东-济宁","gid":"210508","time_insert":"2021-07-07 01:41"}
2024-03-03 01:08:29 查询号码 【1756878】，GSD为【"山东-济宁"】

2024-03-03 01:08:30 开始第 6986 次操作

2024-03-03 01:08:30 开始操作号码 【1756879】
2024-03-03 01:08:34 GSD getOne 第 1 次 等待 3 秒
2024-03-03 01:08:37 查询号码 【1756879】，返回信息 {"status":"ok","msg":"山东-济宁","gid":"210511","time_insert":"2021-07-07 01:41"}
2024-03-03 01:08:37 查询号码 【1756879】，GSD为【"山东-济宁"】

2024-03-03 01:08:38 开始第 6987 次操作

2024-03-03 01:08:38 开始操作号码 【1756880】
2024-03-03 01:08:42 GSD getOne 第 1 次 等待 3 秒
2024-03-03 01:08:45 查询号码 【1756880】，返回信息 {"status":"ok","msg":"山东-济宁","gid":"210516","time_insert":"2021-07-07 01:42"}
2024-03-03 01:08:46 查询号码 【1756880】，GSD为【"山东-济宁"】

2024-03-03 01:08:47 开始第 6988 次操作

2024-03-03 01:08:47 开始操作号码 【1756881】
2024-03-03 01:08:55 GSD getOne 第 1 次 等待 3 秒
2024-03-03 01:08:58 查询号码 【1756881】，返回信息 {"status":"ok","msg":"山东-济宁","gid":"210522","time_insert":"2021-07-07 01:42"}
2024-03-03 01:08:58 查询号码 【1756881】，GSD为【"山东-济宁"】

