2024-07-02 00:14:24 开始第 3841 次操作

2024-07-02 00:14:24 开始操作号码 【1533723】
2024-07-02 00:14:38 GSD getOne 第 1 次 等待 3 秒
2024-07-02 00:14:41 查询号码 【1533723】，返回信息 {"status":"ok","msg":"湖北-武汉","gid":"366107","time_insert":"2021-07-23 13:28"}
2024-07-02 00:14:41 查询号码 【1533723】，GSD为【"湖北-武汉"】

2024-07-02 00:14:42 开始第 3842 次操作

2024-07-02 00:14:42 开始操作号码 【1533724】
2024-07-02 00:14:56 GSD getOne 第 1 次 等待 3 秒
2024-07-02 00:14:59 查询号码 【1533724】，返回信息 {"status":"ok","msg":"湖北-武汉","gid":"366270","time_insert":"2021-07-23 13:46"}
2024-07-02 00:14:59 查询号码 【1533724】，GSD为【"湖北-武汉"】

2024-07-02 00:15:00 开始第 3843 次操作

2024-07-02 00:15:00 开始操作号码 【1533725】
2024-07-02 00:15:15 GSD getOne 第 1 次 等待 3 秒
2024-07-02 00:15:18 查询号码 【1533725】，返回信息 {"status":"ok","msg":"湖北-武汉","gid":"366473","time_insert":"2021-07-23 14:02"}
2024-07-02 00:15:18 查询号码 【1533725】，GSD为【"湖北-武汉"】

2024-07-02 00:15:19 开始第 3844 次操作

2024-07-02 00:15:19 开始操作号码 【1533726】
2024-07-02 00:15:34 GSD getOne 第 1 次 等待 3 秒
2024-07-02 00:15:37 查询号码 【1533726】，返回信息 {"status":"ok","msg":"湖北-武汉","gid":"366581","time_insert":"2021-07-23 14:21"}
2024-07-02 00:15:37 查询号码 【1533726】，GSD为【"湖北-武汉"】

