2024-04-05 00:13:20 开始第 2029 次操作

2024-04-05 00:13:20 开始操作号码 【1641923】
2024-04-05 00:13:29 GSD getOne 第 1 次 等待 3 秒
2024-04-05 00:13:32 查询号码 【1641923】，返回信息 {"status":"ok","msg":"-","gid":"552034","time_insert":"2023-02-24 16:16"}
2024-04-05 00:13:32 查询号码 【1641923】，GSD为【"-"】
2024-04-05 00:13:32 ok && -
2024-04-05 00:13:40 CHB 1641923?1712247212 第 1 次 等待 3 秒
2024-04-05 00:13:43 CHB 1641923?1712247212 第 1 次 获取到号码【1641923】GSD
2024-04-05 00:13:43 未获取到号码【1641923】GSD，可能号码格式错误
2024-04-05 00:13:43 获取到号码【1641923】的GSD为【-】
2024-04-05 00:13:49 GSD insert 第 1 次 等待 3 秒
2024-04-05 00:13:52 {"status":"bad","gid":"552034","msg":"添加失败！号码【1641923(-|-)】已存在！"}
2024-04-05 00:13:52 随机等待 73 秒，约 1 分钟
2024-04-05 00:13:52 下次操作: 2024-04-05 00:15:05

2024-04-05 00:15:05 开始第 2030 次操作

2024-04-05 00:15:05 开始操作号码 【1641924】
2024-04-05 00:15:10 GSD getOne 第 1 次 等待 3 秒
2024-04-05 00:15:13 查询号码 【1641924】，返回信息 {"status":"ok","msg":"-","gid":"552058","time_insert":"2023-02-24 16:32"}
2024-04-05 00:15:13 查询号码 【1641924】，GSD为【"-"】
2024-04-05 00:15:13 ok && -
2024-04-05 00:15:15 CHB 1641924?1712247313 第 1 次 等待 3 秒
2024-04-05 00:15:18 CHB 1641924?1712247313 第 1 次 获取到号码【1641924】GSD
2024-04-05 00:15:18 未获取到号码【1641924】GSD，可能号码格式错误
2024-04-05 00:15:18 获取到号码【1641924】的GSD为【-】
2024-04-05 00:15:23 GSD insert 第 1 次 等待 3 秒
2024-04-05 00:15:26 {"status":"bad","gid":"552058","msg":"添加失败！号码【1641924(-|-)】已存在！"}
2024-04-05 00:15:26 随机等待 161 秒，约 2 分钟
2024-04-05 00:15:26 下次操作: 2024-04-05 00:18:07

2024-04-05 00:18:07 开始第 2031 次操作

2024-04-05 00:18:07 开始操作号码 【1641925】
2024-04-05 00:18:12 GSD getOne 第 1 次 等待 3 秒
2024-04-05 00:18:15 查询号码 【1641925】，返回信息 {"status":"ok","msg":"-","gid":"552077","time_insert":"2023-02-24 16:46"}
2024-04-05 00:18:15 查询号码 【1641925】，GSD为【"-"】
2024-04-05 00:18:15 ok && -
2024-04-05 00:18:21 CHB 1641925?1712247495 第 1 次 等待 3 秒
2024-04-05 00:18:24 CHB 1641925?1712247495 第 1 次 获取到号码【1641925】GSD
2024-04-05 00:18:24 未获取到号码【1641925】GSD，可能号码格式错误
2024-04-05 00:18:24 获取到号码【1641925】的GSD为【-】
2024-04-05 00:18:28 GSD insert 第 1 次 等待 3 秒
2024-04-05 00:18:31 {"status":"bad","gid":"552077","msg":"添加失败！号码【1641925(-|-)】已存在！"}
2024-04-05 00:18:31 随机等待 176 秒，约 2 分钟
2024-04-05 00:18:31 下次操作: 2024-04-05 00:21:27

2024-04-05 00:21:27 开始第 2032 次操作

2024-04-05 00:21:27 开始操作号码 【1641926】
2024-04-05 00:21:39 GSD getOne 第 1 次 等待 3 秒
2024-04-05 00:21:42 查询号码 【1641926】，返回信息 {"status":"ok","msg":"-","gid":"552107","time_insert":"2023-02-24 17:04"}
2024-04-05 00:21:42 查询号码 【1641926】，GSD为【"-"】
2024-04-05 00:21:42 ok && -
2024-04-05 00:21:49 CHB 1641926?1712247702 第 1 次 等待 3 秒
2024-04-05 00:21:52 CHB 1641926?1712247702 第 1 次 获取到号码【1641926】GSD
2024-04-05 00:21:52 未获取到号码【1641926】GSD，可能号码格式错误
2024-04-05 00:21:52 获取到号码【1641926】的GSD为【-】
2024-04-05 00:21:58 GSD insert 第 1 次 等待 3 秒
2024-04-05 00:22:01 {"status":"bad","gid":"552107","msg":"添加失败！号码【1641926(-|-)】已存在！"}

2024-04-05 00:36:42 开始第 2033 次操作

2024-04-05 00:36:42 开始操作号码 【1641927】
2024-04-05 00:36:48 GSD getOne 第 1 次 等待 3 秒
2024-04-05 00:36:51 查询号码 【1641927】，返回信息 {"status":"ok","msg":"-","gid":"552119","time_insert":"2023-02-24 17:12"}
2024-04-05 00:36:51 查询号码 【1641927】，GSD为【"-"】
2024-04-05 00:36:51 ok && -
2024-04-05 00:36:58 CHB 1641927?1712248611 第 1 次 等待 3 秒
2024-04-05 00:37:01 CHB 1641927?1712248611 第 1 次 获取到号码【1641927】GSD
2024-04-05 00:37:01 未获取到号码【1641927】GSD，可能号码格式错误
2024-04-05 00:37:01 获取到号码【1641927】的GSD为【-】
2024-04-05 00:37:06 GSD insert 第 1 次 等待 3 秒
2024-04-05 00:37:09 {"status":"bad","gid":"552119","msg":"添加失败！号码【1641927(-|-)】已存在！"}
2024-04-05 00:37:09 随机等待 120 秒，约 2 分钟
2024-04-05 00:37:09 下次操作: 2024-04-05 00:39:09

2024-04-05 00:39:09 开始第 2034 次操作

2024-04-05 00:39:09 开始操作号码 【1641928】
2024-04-05 00:39:15 GSD getOne 第 1 次 等待 3 秒
2024-04-05 00:39:18 查询号码 【1641928】，返回信息 {"status":"ok","msg":"-","gid":"552134","time_insert":"2023-02-24 17:22"}
2024-04-05 00:39:18 查询号码 【1641928】，GSD为【"-"】
2024-04-05 00:39:18 ok && -
2024-04-05 00:39:21 CHB 1641928?1712248758 第 1 次 等待 3 秒
2024-04-05 00:39:24 CHB 1641928?1712248758 第 1 次 获取到号码【1641928】GSD
2024-04-05 00:39:24 未获取到号码【1641928】GSD，可能号码格式错误
2024-04-05 00:39:24 获取到号码【1641928】的GSD为【-】
2024-04-05 00:39:29 GSD insert 第 1 次 等待 3 秒
2024-04-05 00:39:32 {"status":"bad","gid":"552134","msg":"添加失败！号码【1641928(-|-)】已存在！"}
2024-04-05 00:39:32 随机等待 230 秒，约 3 分钟
2024-04-05 00:39:32 下次操作: 2024-04-05 00:43:22

2024-04-05 00:43:22 开始第 2035 次操作

2024-04-05 00:43:22 开始操作号码 【1641929】
2024-04-05 00:43:28 GSD getOne 第 1 次 等待 3 秒
2024-04-05 00:43:31 查询号码 【1641929】，返回信息 {"status":"ok","msg":"-","gid":"552154","time_insert":"2023-02-24 17:32"}
2024-04-05 00:43:31 查询号码 【1641929】，GSD为【"-"】
2024-04-05 00:43:31 ok && -
2024-04-05 00:43:33 CHB 1641929?1712249011 第 1 次 等待 3 秒
2024-04-05 00:43:36 CHB 1641929?1712249011 第 1 次 获取到号码【1641929】GSD
2024-04-05 00:43:36 未获取到号码【1641929】GSD，可能号码格式错误
2024-04-05 00:43:36 获取到号码【1641929】的GSD为【-】
2024-04-05 00:43:40 GSD insert 第 1 次 等待 3 秒
2024-04-05 00:43:43 {"status":"bad","gid":"552154","msg":"添加失败！号码【1641929(-|-)】已存在！"}
2024-04-05 00:43:43 随机等待 101 秒，约 1 分钟
2024-04-05 00:43:43 下次操作: 2024-04-05 00:45:24

2024-04-05 00:45:24 开始第 2036 次操作

2024-04-05 00:45:24 开始操作号码 【1641930】
2024-04-05 00:45:30 GSD getOne 第 1 次 等待 3 秒
2024-04-05 00:45:33 查询号码 【1641930】，返回信息 {"status":"ok","msg":"-","gid":"552191","time_insert":"2023-02-24 17:51"}
2024-04-05 00:45:33 查询号码 【1641930】，GSD为【"-"】
2024-04-05 00:45:33 ok && -
2024-04-05 00:45:40 CHB 1641930?1712249133 第 1 次 等待 3 秒
2024-04-05 00:45:43 CHB 1641930?1712249133 第 1 次 获取到号码【1641930】GSD
2024-04-05 00:45:43 未获取到号码【1641930】GSD，可能号码格式错误
2024-04-05 00:45:43 获取到号码【1641930】的GSD为【-】
2024-04-05 00:45:47 GSD insert 第 1 次 等待 3 秒
2024-04-05 00:45:50 {"status":"bad","gid":"552191","msg":"添加失败！号码【1641930(-|-)】已存在！"}

