2024-02-23 00:13:02 开始第 5317 次操作

2024-02-23 00:13:02 开始操作号码 【1755210】
2024-02-23 00:13:08 GSD getOne 第 1 次 等待 3 秒
2024-02-23 00:13:11 查询号码 【1755210】，返回信息 {"status":"ok","msg":"江苏-南京","gid":"190283","time_insert":"2021-07-04 13:39"}
2024-02-23 00:13:11 查询号码 【1755210】，GSD为【"江苏-南京"】

2024-02-23 00:13:12 开始第 5318 次操作

2024-02-23 00:13:12 开始操作号码 【1755211】
2024-02-23 00:13:17 GSD getOne 第 1 次 等待 3 秒
2024-02-23 00:13:20 查询号码 【1755211】，返回信息 {"status":"ok","msg":"江苏-南京","gid":"190288","time_insert":"2021-07-04 13:39"}
2024-02-23 00:13:20 查询号码 【1755211】，GSD为【"江苏-南京"】

2024-02-23 00:13:21 开始第 5319 次操作

2024-02-23 00:13:21 开始操作号码 【1755212】
2024-02-23 00:13:26 GSD getOne 第 1 次 等待 3 秒
2024-02-23 00:13:29 查询号码 【1755212】，返回信息 {"status":"ok","msg":"江苏-南京","gid":"29895","time_insert":"2018-12-24 22:32","time_update":"2021-01-22 02:46"}
2024-02-23 00:13:29 查询号码 【1755212】，GSD为【"江苏-南京"】

2024-02-23 00:13:30 开始第 5320 次操作

2024-02-23 00:13:30 开始操作号码 【1755213】
2024-02-23 00:13:37 GSD getOne 第 1 次 等待 3 秒
2024-02-23 00:13:40 查询号码 【1755213】，返回信息 {"status":"ok","msg":"江苏-南京","gid":"190299","time_insert":"2021-07-04 13:40"}
2024-02-23 00:13:41 查询号码 【1755213】，GSD为【"江苏-南京"】

