2024-10-28 00:25:52 开始第 1761 次操作

2024-10-28 00:25:52 开始操作号码 【1321760】
2024-10-28 00:25:53 GSD getOne 第 1 次 等待 3 秒
2024-10-28 00:25:56 查询号码 【1321760】，返回信息 {"status":"ok","msg":"广东-中山","gid":"75938","time_insert":"2021-06-01 16:55"}
2024-10-28 00:25:56 查询号码 【1321760】，GSD为【"广东-中山"】

2024-10-28 00:25:57 开始第 1762 次操作

2024-10-28 00:25:57 开始操作号码 【1321761】
2024-10-28 00:26:00 GSD getOne 第 1 次 等待 3 秒
2024-10-28 00:26:03 查询号码 【1321761】，返回信息 {"status":"ok","msg":"广东-河源","gid":"75955","time_insert":"2021-06-01 17:12"}
2024-10-28 00:26:03 查询号码 【1321761】，GSD为【"广东-河源"】

2024-10-28 00:26:04 开始第 1763 次操作

2024-10-28 00:26:04 开始操作号码 【1321762】
2024-10-28 00:26:05 GSD getOne 第 1 次 等待 3 秒
2024-10-28 00:26:08 查询号码 【1321762】，返回信息 {"status":"ok","msg":"广东-河源","gid":"75971","time_insert":"2021-06-01 17:35"}
2024-10-28 00:26:08 查询号码 【1321762】，GSD为【"广东-河源"】

2024-10-28 00:26:09 开始第 1764 次操作

2024-10-28 00:26:09 开始操作号码 【1321763】
2024-10-28 00:26:10 GSD getOne 第 1 次 等待 3 秒
2024-10-28 00:26:13 查询号码 【1321763】，返回信息 {"status":"ok","msg":"广东-清远","gid":"2017","time_insert":"2015-11-16 09:48","time_update":"2021-05-05 23:37"}
2024-10-28 00:26:13 查询号码 【1321763】，GSD为【"广东-清远"】

