2024-01-31 00:13:05 开始第 1085 次操作

2024-01-31 00:13:05 开始操作号码 【1750978】
2024-01-31 00:13:10 GSD getOne 第 1 次 等待 3 秒
2024-01-31 00:13:13 查询号码 【1750978】，返回信息 {"status":"ok","msg":"青海-西宁","gid":"55188","time_insert":"2021-01-03 09:53"}
2024-01-31 00:13:13 查询号码 【1750978】，GSD为【"青海-西宁"】

2024-01-31 00:13:15 开始第 1086 次操作

2024-01-31 00:13:15 开始操作号码 【1750979】
2024-01-31 00:13:19 GSD getOne 第 1 次 等待 3 秒
2024-01-31 00:13:22 查询号码 【1750979】，返回信息 {"status":"ok","msg":"青海-格尔木","gid":"143062","time_insert":"2021-06-28 01:19"}
2024-01-31 00:13:22 查询号码 【1750979】，GSD为【"青海-格尔木"】

2024-01-31 00:13:23 开始第 1087 次操作

2024-01-31 00:13:23 开始操作号码 【1750980】
2024-01-31 00:13:27 GSD getOne 第 1 次 等待 3 秒
2024-01-31 00:13:30 查询号码 【1750980】，返回信息 {"status":"ok","msg":"西藏-拉萨","gid":"143066","time_insert":"2021-06-28 01:20"}
2024-01-31 00:13:30 查询号码 【1750980】，GSD为【"西藏-拉萨"】

2024-01-31 00:13:31 开始第 1088 次操作

2024-01-31 00:13:31 开始操作号码 【1750981】
2024-01-31 00:13:35 GSD getOne 第 1 次 等待 3 秒
2024-01-31 00:13:38 查询号码 【1750981】，返回信息 {"status":"ok","msg":"西藏-拉萨","gid":"143072","time_insert":"2021-06-28 01:21"}
2024-01-31 00:13:38 查询号码 【1750981】，GSD为【"西藏-拉萨"】

2024-01-31 00:37:41 开始第 1089 次操作

2024-01-31 00:37:41 开始操作号码 【1750982】
2024-01-31 00:37:45 GSD getOne 第 1 次 等待 3 秒
2024-01-31 00:37:48 查询号码 【1750982】，返回信息 {"status":"ok","msg":"西藏-日喀则","gid":"143076","time_insert":"2021-06-28 01:22"}
2024-01-31 00:37:48 查询号码 【1750982】，GSD为【"西藏-日喀则"】

2024-01-31 00:37:49 开始第 1090 次操作

2024-01-31 00:37:49 开始操作号码 【1750983】
2024-01-31 00:37:53 GSD getOne 第 1 次 等待 3 秒
2024-01-31 00:37:57 查询号码 【1750983】，返回信息 {"status":"ok","msg":"西藏-山南","gid":"143083","time_insert":"2021-06-28 01:22"}
2024-01-31 00:37:57 查询号码 【1750983】，GSD为【"西藏-山南"】

2024-01-31 00:37:58 开始第 1091 次操作

2024-01-31 00:37:58 开始操作号码 【1750984】
2024-01-31 00:38:02 GSD getOne 第 1 次 等待 3 秒
2024-01-31 00:38:05 查询号码 【1750984】，返回信息 {"status":"ok","msg":"西藏-林芝","gid":"143086","time_insert":"2021-06-28 01:23"}
2024-01-31 00:38:05 查询号码 【1750984】，GSD为【"西藏-林芝"】

2024-01-31 00:38:06 开始第 1092 次操作

2024-01-31 00:38:06 开始操作号码 【1750985】
2024-01-31 00:38:13 GSD getOne 第 1 次 等待 3 秒
2024-01-31 00:38:16 查询号码 【1750985】，返回信息 {"status":"ok","msg":"西藏-昌都","gid":"143089","time_insert":"2021-06-28 01:24"}
2024-01-31 00:38:16 查询号码 【1750985】，GSD为【"西藏-昌都"】

