2024-09-24 00:16:55 开始第 6225 次操作

2024-09-24 00:16:55 开始操作号码 【1426223】
2024-09-24 00:16:57 GSD getOne 第 1 次 等待 3 秒
2024-09-24 00:17:00 查询号码 【1426223】，返回信息 {"status":"ok","msg":"-","gid":"647705","time_insert":"2023-04-11 18:27"}
2024-09-24 00:17:00 查询号码 【1426223】，GSD为【"-"】
2024-09-24 00:17:00 ok && -
2024-09-24 00:17:07 CHB 1426223?1727108220 第 1 次 等待 3 秒
2024-09-24 00:17:10 CHB 1426223?1727108220 第 1 次 获取到号码【1426223】GSD
2024-09-24 00:17:10 未获取到号码【1426223】GSD，可能号码格式错误
2024-09-24 00:17:10 获取到号码【1426223】的GSD为【-】
2024-09-24 00:17:12 GSD insert 第 1 次 等待 3 秒
2024-09-24 00:17:15 {"status":"bad","gid":"647705","msg":"添加失败！号码【1426223(-|-)】已存在！"}
2024-09-24 00:17:15 随机等待 204 秒，约 3 分钟
2024-09-24 00:17:15 下次操作: 2024-09-24 00:20:39

2024-09-24 00:20:39 开始第 6226 次操作

2024-09-24 00:20:39 开始操作号码 【1426224】
2024-09-24 00:20:41 GSD getOne 第 1 次 等待 3 秒
2024-09-24 00:20:44 查询号码 【1426224】，返回信息 {"status":"ok","msg":"-","gid":"647726","time_insert":"2023-04-11 18:38"}
2024-09-24 00:20:45 查询号码 【1426224】，GSD为【"-"】
2024-09-24 00:20:45 ok && -
2024-09-24 00:20:46 CHB 1426224?1727108445 第 1 次 等待 3 秒
2024-09-24 00:20:49 CHB 1426224?1727108445 第 1 次 获取到号码【1426224】GSD
2024-09-24 00:20:49 未获取到号码【1426224】GSD，可能号码格式错误
2024-09-24 00:20:49 获取到号码【1426224】的GSD为【-】
2024-09-24 00:20:51 GSD insert 第 1 次 等待 3 秒
2024-09-24 00:20:54 {"status":"bad","gid":"647726","msg":"添加失败！号码【1426224(-|-)】已存在！"}
2024-09-24 00:20:55 随机等待 112 秒，约 1 分钟
2024-09-24 00:20:55 下次操作: 2024-09-24 00:22:47

2024-09-24 00:22:47 开始第 6227 次操作

2024-09-24 00:22:47 开始操作号码 【1426225】
2024-09-24 00:22:49 GSD getOne 第 1 次 等待 3 秒
2024-09-24 00:22:52 查询号码 【1426225】，返回信息 {"status":"ok","msg":"-","gid":"647759","time_insert":"2023-04-11 18:57"}
2024-09-24 00:22:52 查询号码 【1426225】，GSD为【"-"】
2024-09-24 00:22:52 ok && -
2024-09-24 00:22:53 CHB 1426225?1727108572 第 1 次 等待 3 秒
2024-09-24 00:22:56 CHB 1426225?1727108572 第 1 次 获取到号码【1426225】GSD
2024-09-24 00:22:57 未获取到号码【1426225】GSD，可能号码格式错误
2024-09-24 00:22:57 获取到号码【1426225】的GSD为【-】
2024-09-24 00:22:59 GSD insert 第 1 次 等待 3 秒
2024-09-24 00:23:02 {"status":"bad","gid":"647759","msg":"添加失败！号码【1426225(-|-)】已存在！"}
2024-09-24 00:23:02 随机等待 179 秒，约 2 分钟
2024-09-24 00:23:02 下次操作: 2024-09-24 00:26:01

2024-09-24 00:26:01 开始第 6228 次操作

2024-09-24 00:26:01 开始操作号码 【1426226】
2024-09-24 00:26:03 GSD getOne 第 1 次 等待 3 秒
2024-09-24 00:26:06 查询号码 【1426226】，返回信息 {"status":"ok","msg":"-","gid":"647783","time_insert":"2023-04-11 19:18"}
2024-09-24 00:26:06 查询号码 【1426226】，GSD为【"-"】
2024-09-24 00:26:06 ok && -
2024-09-24 00:26:08 CHB 1426226?1727108766 第 1 次 等待 3 秒
2024-09-24 00:26:11 CHB 1426226?1727108766 第 1 次 获取到号码【1426226】GSD
2024-09-24 00:26:11 未获取到号码【1426226】GSD，可能号码格式错误
2024-09-24 00:26:11 获取到号码【1426226】的GSD为【-】
2024-09-24 00:26:13 GSD insert 第 1 次 等待 3 秒
2024-09-24 00:26:16 {"status":"bad","gid":"647783","msg":"添加失败！号码【1426226(-|-)】已存在！"}

