2021-07-12 00:00:00 开始第 16 次操作

2021-07-12 00:00:00 开始操作号码 【1789922】
2021-07-12 00:00:12 GSD getOne 第 1 次 等待 1 秒
2021-07-12 00:00:13 查询号码 【1789922】，返回信息 {"status":"bad","msg":""}
2021-07-12 00:00:14 查询号码 【1789922】，GSD为【""】
2021-07-12 00:00:14 bad
2021-07-12 00:00:16 CHB 1789922?1626019214 第 1 次 等待 1 秒
2021-07-12 00:00:17 CHB 1789922?1626019214 第 1 次 获取到号码【1789922】GSD
2021-07-12 00:00:17 获取到号码【1789922】的GSD为【新疆-昌吉】
2021-07-12 00:00:36 GSD insert 第 1 次 等待 1 秒
2021-07-12 00:00:37 {"status":"ok","msg":"添加成功！251944"}
2021-07-12 00:00:37 下次操作: 2021-07-12 00:00:54

2021-07-12 00:00:54 开始第 17 次操作

2021-07-12 00:00:54 开始操作号码 【1789921】
2021-07-12 00:00:58 GSD getOne 第 1 次 等待 1 秒
2021-07-12 00:00:59 查询号码 【1789921】，返回信息 {"status":"bad","msg":""}
2021-07-12 00:00:59 查询号码 【1789921】，GSD为【""】
2021-07-12 00:00:59 bad
2021-07-12 00:01:03 CHB 1789921?1626019259 第 1 次 等待 1 秒
2021-07-12 00:01:04 CHB 1789921?1626019259 第 1 次 获取到号码【1789921】GSD
2021-07-12 00:01:04 获取到号码【1789921】的GSD为【新疆-伊犁】
2021-07-12 00:01:41 GSD insert 第 1 次 等待 1 秒
2021-07-12 00:01:42 {"status":"ok","msg":"添加成功！251953"}
2021-07-12 00:01:42 下次操作: 2021-07-12 00:01:53

2021-07-12 00:01:53 开始第 18 次操作

2021-07-12 00:01:53 开始操作号码 【1789920】
2021-07-12 00:02:12 GSD getOne 第 1 次 等待 1 秒
2021-07-12 00:02:13 查询号码 【1789920】，返回信息 {"status":"bad","msg":""}
2021-07-12 00:02:13 查询号码 【1789920】，GSD为【""】
2021-07-12 00:02:13 bad
2021-07-12 00:02:18 CHB 1789920?1626019333 第 1 次 等待 1 秒
2021-07-12 00:02:19 CHB 1789920?1626019333 第 1 次 获取到号码【1789920】GSD
2021-07-12 00:02:19 获取到号码【1789920】的GSD为【新疆-伊犁】
2021-07-12 00:02:57 GSD insert 第 1 次 等待 1 秒
2021-07-12 00:02:59 {"status":"ok","msg":"添加成功！251960"}
2021-07-12 00:02:59 下次操作: 2021-07-12 00:03:11

2021-07-12 00:03:11 开始第 19 次操作

2021-07-12 00:03:11 开始操作号码 【1789919】
2021-07-12 00:03:20 GSD getOne 第 1 次 等待 1 秒
2021-07-12 00:03:21 查询号码 【1789919】，返回信息 {"status":"bad","msg":""}
2021-07-12 00:03:21 查询号码 【1789919】，GSD为【""】
2021-07-12 00:03:21 bad
2021-07-12 00:03:24 CHB 1789919?1626019401 第 1 次 等待 1 秒
2021-07-12 00:03:25 CHB 1789919?1626019401 第 1 次 获取到号码【1789919】GSD
2021-07-12 00:03:25 获取到号码【1789919】的GSD为【陕西-铜川】
2021-07-12 00:03:49 GSD insert 第 1 次 等待 1 秒
2021-07-12 00:03:50 {"status":"ok","msg":"添加成功！251965"}
2021-07-12 00:03:50 下次操作: 2021-07-12 00:03:56

2021-07-12 00:03:56 开始第 20 次操作

2021-07-12 00:03:56 开始操作号码 【1789918】
2021-07-12 00:06:07 GSD getOne 第 1 次 等待 1 秒
2021-07-12 00:08:18 GSD getOne 第 2 次 等待 1 秒
2021-07-12 00:08:23 GSD getOne 第 3 次 等待 1 秒
2021-07-12 00:08:24 查询号码 【1789918】，返回信息 {"status":"bad","msg":""}
2021-07-12 00:08:24 查询号码 【1789918】，GSD为【""】
2021-07-12 00:08:24 bad
2021-07-12 00:08:26 CHB 1789918?1626019704 第 1 次 等待 1 秒
2021-07-12 00:08:27 CHB 1789918?1626019704 第 1 次 获取到号码【1789918】GSD
2021-07-12 00:08:28 获取到号码【1789918】的GSD为【陕西-咸阳】
2021-07-12 00:08:48 GSD insert 第 1 次 等待 1 秒
2021-07-12 00:08:49 {"status":"ok","msg":"添加成功！251997"}
2021-07-12 00:08:49 下次操作: 2021-07-12 00:08:55

2021-07-12 00:08:55 开始第 21 次操作

2021-07-12 00:08:55 开始操作号码 【1789917】
2021-07-12 00:09:17 GSD getOne 第 1 次 等待 1 秒
2021-07-12 00:09:18 查询号码 【1789917】，返回信息 {"status":"bad","msg":""}
2021-07-12 00:09:18 查询号码 【1789917】，GSD为【""】
2021-07-12 00:09:18 bad
2021-07-12 00:09:41 CHB 1789917?1626019758 第 1 次 等待 1 秒
2021-07-12 00:09:42 CHB 1789917?1626019758 第 1 次 获取到号码【1789917】GSD
2021-07-12 00:09:42 获取到号码【1789917】的GSD为【陕西-宝鸡】
2021-07-12 00:09:52 GSD insert 第 1 次 等待 1 秒
2021-07-12 00:09:53 {"status":"ok","msg":"添加成功！252001"}
2021-07-12 00:09:53 下次操作: 2021-07-12 00:10:01

2021-07-12 00:10:01 开始第 22 次操作

2021-07-12 00:10:01 开始操作号码 【1789916】
2021-07-12 00:10:12 GSD getOne 第 1 次 等待 1 秒
2021-07-12 00:10:13 查询号码 【1789916】，返回信息 {"status":"bad","msg":""}
2021-07-12 00:10:13 查询号码 【1789916】，GSD为【""】
2021-07-12 00:10:13 bad
2021-07-12 00:10:19 CHB 1789916?1626019813 第 1 次 等待 1 秒
2021-07-12 00:10:20 CHB 1789916?1626019813 第 1 次 获取到号码【1789916】GSD
2021-07-12 00:10:20 获取到号码【1789916】的GSD为【陕西-汉中】
2021-07-12 00:10:42 GSD insert 第 1 次 等待 1 秒
2021-07-12 00:10:43 {"status":"ok","msg":"添加成功！252004"}
2021-07-12 00:10:43 下次操作: 2021-07-12 00:10:53

2021-07-12 00:10:53 开始第 23 次操作

2021-07-12 00:10:53 开始操作号码 【1789915】
2021-07-12 00:11:14 GSD getOne 第 1 次 等待 1 秒
2021-07-12 00:11:15 查询号码 【1789915】，返回信息 {"status":"bad","msg":""}
2021-07-12 00:11:15 查询号码 【1789915】，GSD为【""】
2021-07-12 00:11:15 bad
2021-07-12 00:11:19 CHB 1789915?1626019875 第 1 次 等待 1 秒
2021-07-12 00:11:20 CHB 1789915?1626019875 第 1 次 获取到号码【1789915】GSD
2021-07-12 00:11:20 获取到号码【1789915】的GSD为【陕西-安康】
2021-07-12 00:11:41 GSD insert 第 1 次 等待 1 秒
2021-07-12 00:11:42 {"status":"ok","msg":"添加成功！252011"}
2021-07-12 00:11:42 下次操作: 2021-07-12 00:11:54

2021-07-12 00:11:54 开始第 24 次操作

2021-07-12 00:11:54 开始操作号码 【1789914】
2021-07-12 00:12:02 GSD getOne 第 1 次 等待 1 秒
2021-07-12 00:12:03 查询号码 【1789914】，返回信息 {"status":"bad","msg":""}
2021-07-12 00:12:03 查询号码 【1789914】，GSD为【""】
2021-07-12 00:12:03 bad
2021-07-12 00:12:05 CHB 1789914?1626019923 第 1 次 等待 1 秒
2021-07-12 00:12:06 CHB 1789914?1626019923 第 1 次 获取到号码【1789914】GSD
2021-07-12 00:12:06 获取到号码【1789914】的GSD为【陕西-商洛】
2021-07-12 00:12:26 GSD insert 第 1 次 等待 1 秒
2021-07-12 00:12:27 {"status":"ok","msg":"添加成功！252017"}
2021-07-12 00:12:27 下次操作: 2021-07-12 00:12:34

2021-07-12 00:12:34 开始第 25 次操作

2021-07-12 00:12:34 开始操作号码 【1789913】
2021-07-12 00:12:53 GSD getOne 第 1 次 等待 1 秒
2021-07-12 00:12:54 查询号码 【1789913】，返回信息 {"status":"bad","msg":""}
2021-07-12 00:12:54 查询号码 【1789913】，GSD为【""】
2021-07-12 00:12:54 bad
2021-07-12 00:12:56 CHB 1789913?1626019974 第 1 次 等待 1 秒
2021-07-12 00:12:57 CHB 1789913?1626019974 第 1 次 获取到号码【1789913】GSD
2021-07-12 00:12:57 获取到号码【1789913】的GSD为【陕西-渭南】
2021-07-12 00:13:36 GSD insert 第 1 次 等待 1 秒
2021-07-12 00:13:37 {"status":"ok","msg":"添加成功！252022"}
2021-07-12 00:13:37 下次操作: 2021-07-12 00:13:47

2021-07-12 00:13:47 开始第 26 次操作

2021-07-12 00:13:47 开始操作号码 【1789912】
2021-07-12 00:14:01 GSD getOne 第 1 次 等待 1 秒
2021-07-12 00:14:02 查询号码 【1789912】，返回信息 {"status":"bad","msg":""}
2021-07-12 00:14:02 查询号码 【1789912】，GSD为【""】
2021-07-12 00:14:02 bad
2021-07-12 00:14:05 CHB 1789912?1626020042 第 1 次 等待 1 秒
2021-07-12 00:14:06 CHB 1789912?1626020042 第 1 次 获取到号码【1789912】GSD
2021-07-12 00:14:06 获取到号码【1789912】的GSD为【陕西-榆林】
2021-07-12 00:14:30 GSD insert 第 1 次 等待 1 秒
2021-07-12 00:14:31 {"status":"ok","msg":"添加成功！252025"}
2021-07-12 00:14:31 下次操作: 2021-07-12 00:14:38

2021-07-12 00:14:38 开始第 27 次操作

2021-07-12 00:14:38 开始操作号码 【1789911】
2021-07-12 00:14:58 GSD getOne 第 1 次 等待 1 秒
2021-07-12 00:14:59 查询号码 【1789911】，返回信息 {"status":"bad","msg":""}
2021-07-12 00:15:00 查询号码 【1789911】，GSD为【""】
2021-07-12 00:15:00 bad
2021-07-12 00:15:02 CHB 1789911?1626020100 第 1 次 等待 1 秒
2021-07-12 00:15:03 CHB 1789911?1626020100 第 1 次 获取到号码【1789911】GSD
2021-07-12 00:15:03 获取到号码【1789911】的GSD为【陕西-延安】
2021-07-12 00:15:23 GSD insert 第 1 次 等待 1 秒
2021-07-12 00:15:24 {"status":"ok","msg":"添加成功！252029"}
2021-07-12 00:15:24 下次操作: 2021-07-12 00:15:31

2021-07-12 00:15:31 开始第 28 次操作

2021-07-12 00:15:31 开始操作号码 【1789910】
2021-07-12 00:15:54 GSD getOne 第 1 次 等待 1 秒
2021-07-12 00:15:55 查询号码 【1789910】，返回信息 {"status":"bad","msg":""}
2021-07-12 00:15:55 查询号码 【1789910】，GSD为【""】
2021-07-12 00:15:55 bad
2021-07-12 00:15:57 CHB 1789910?1626020155 第 1 次 等待 1 秒
2021-07-12 00:15:58 CHB 1789910?1626020155 第 1 次 获取到号码【1789910】GSD
2021-07-12 00:15:58 获取到号码【1789910】的GSD为【陕西-西安】
2021-07-12 00:16:44 GSD insert 第 1 次 等待 1 秒
2021-07-12 00:16:45 {"status":"ok","msg":"添加成功！252036"}
2021-07-12 00:16:45 下次操作: 2021-07-12 00:16:55

2021-07-12 00:16:55 开始第 29 次操作

2021-07-12 00:16:55 开始操作号码 【1789909】
2021-07-12 00:17:10 GSD getOne 第 1 次 等待 1 秒
2021-07-12 00:17:11 查询号码 【1789909】，返回信息 {"status":"bad","msg":""}
2021-07-12 00:17:11 查询号码 【1789909】，GSD为【""】
2021-07-12 00:17:11 bad
2021-07-12 00:17:14 CHB 1789909?1626020231 第 1 次 等待 1 秒
2021-07-12 00:17:15 CHB 1789909?1626020231 第 1 次 获取到号码【1789909】GSD
2021-07-12 00:17:15 获取到号码【1789909】的GSD为【西藏-日喀则】
2021-07-12 00:17:50 GSD insert 第 1 次 等待 1 秒
2021-07-12 00:17:51 {"status":"ok","msg":"添加成功！252039"}
2021-07-12 00:17:51 下次操作: 2021-07-12 00:18:03

2021-07-12 00:18:03 开始第 30 次操作

2021-07-12 00:18:03 开始操作号码 【1789908】
2021-07-12 00:18:10 GSD getOne 第 1 次 等待 1 秒
2021-07-12 00:18:11 查询号码 【1789908】，返回信息 {"status":"bad","msg":""}
2021-07-12 00:18:11 查询号码 【1789908】，GSD为【""】
2021-07-12 00:18:11 bad
2021-07-12 00:18:14 CHB 1789908?1626020291 第 1 次 等待 1 秒
2021-07-12 00:18:15 CHB 1789908?1626020291 第 1 次 获取到号码【1789908】GSD
2021-07-12 00:18:15 获取到号码【1789908】的GSD为【西藏-拉萨】
2021-07-12 00:18:35 GSD insert 第 1 次 等待 1 秒
2021-07-12 00:18:36 {"status":"ok","msg":"添加成功！252040"}

