2024-06-30 00:14:01 开始第 3485 次操作

2024-06-30 00:14:01 开始操作号码 【1533367】
2024-06-30 00:14:15 GSD getOne 第 1 次 等待 3 秒
2024-06-30 00:14:18 查询号码 【1533367】，返回信息 {"status":"ok","msg":"山西-临汾","gid":"305371","time_insert":"2021-07-17 17:35"}
2024-06-30 00:14:18 查询号码 【1533367】，GSD为【"山西-临汾"】

2024-06-30 00:14:19 开始第 3486 次操作

2024-06-30 00:14:19 开始操作号码 【1533368】
2024-06-30 00:14:36 GSD getOne 第 1 次 等待 3 秒
2024-06-30 00:14:39 查询号码 【1533368】，返回信息 {"status":"ok","msg":"山西-太原","gid":"305589","time_insert":"2021-07-17 17:55"}
2024-06-30 00:14:39 查询号码 【1533368】，GSD为【"山西-太原"】

2024-06-30 00:14:40 开始第 3487 次操作

2024-06-30 00:14:40 开始操作号码 【1533369】
2024-06-30 00:14:54 GSD getOne 第 1 次 等待 3 秒
2024-06-30 00:14:57 查询号码 【1533369】，返回信息 {"status":"ok","msg":"山西-运城","gid":"305808","time_insert":"2021-07-17 18:15"}
2024-06-30 00:14:57 查询号码 【1533369】，GSD为【"山西-运城"】

2024-06-30 00:14:58 开始第 3488 次操作

2024-06-30 00:14:58 开始操作号码 【1533370】
2024-06-30 00:15:15 GSD getOne 第 1 次 等待 3 秒
2024-06-30 00:15:18 查询号码 【1533370】，返回信息 {"status":"ok","msg":"河南-商丘","gid":"305846","time_insert":"2021-07-17 18:31"}
2024-06-30 00:15:18 查询号码 【1533370】，GSD为【"河南-商丘"】

