2024-08-20 00:15:53 开始第 109 次操作

2024-08-20 00:15:53 开始操作号码 【1420108】
2024-08-20 00:16:01 GSD getOne 第 1 次 等待 3 秒
2024-08-20 00:16:04 查询号码 【1420108】，返回信息 {"status":"ok","msg":"-","gid":"520682","time_insert":"2023-02-07 16:23"}
2024-08-20 00:16:04 查询号码 【1420108】，GSD为【"-"】
2024-08-20 00:16:04 ok && -
2024-08-20 00:16:07 CHB 1420108?1724084164 第 1 次 等待 3 秒
2024-08-20 00:16:10 CHB 1420108?1724084164 第 1 次 获取到号码【1420108】GSD
2024-08-20 00:16:10 未获取到号码【1420108】GSD，可能号码格式错误
2024-08-20 00:16:10 获取到号码【1420108】的GSD为【-】
2024-08-20 00:16:20 GSD insert 第 1 次 等待 3 秒
2024-08-20 00:16:23 {"status":"bad","gid":"520682","msg":"添加失败！号码【1420108(-|-)】已存在！"}
2024-08-20 00:16:23 随机等待 69 秒，约 1 分钟
2024-08-20 00:16:23 下次操作: 2024-08-20 00:17:32

2024-08-20 00:17:32 开始第 110 次操作

2024-08-20 00:17:32 开始操作号码 【1420109】
2024-08-20 00:17:40 GSD getOne 第 1 次 等待 3 秒
2024-08-20 00:17:43 查询号码 【1420109】，返回信息 {"status":"ok","msg":"-","gid":"520689","time_insert":"2023-02-07 16:38"}
2024-08-20 00:17:43 查询号码 【1420109】，GSD为【"-"】
2024-08-20 00:17:43 ok && -
2024-08-20 00:17:46 CHB 1420109?1724084263 第 1 次 等待 3 秒
2024-08-20 00:17:49 CHB 1420109?1724084263 第 1 次 获取到号码【1420109】GSD
2024-08-20 00:17:49 未获取到号码【1420109】GSD，可能号码格式错误
2024-08-20 00:17:49 获取到号码【1420109】的GSD为【-】
2024-08-20 00:18:00 GSD insert 第 1 次 等待 3 秒
2024-08-20 00:18:04 {"status":"bad","gid":"520689","msg":"添加失败！号码【1420109(-|-)】已存在！"}
2024-08-20 00:18:04 随机等待 127 秒，约 2 分钟
2024-08-20 00:18:04 下次操作: 2024-08-20 00:20:11

2024-08-20 00:20:11 开始第 111 次操作

2024-08-20 00:20:11 开始操作号码 【1420110】
2024-08-20 00:20:20 GSD getOne 第 1 次 等待 3 秒
2024-08-20 00:20:23 查询号码 【1420110】，返回信息 {"status":"ok","msg":"-","gid":"520695","time_insert":"2023-02-07 16:50"}
2024-08-20 00:20:23 查询号码 【1420110】，GSD为【"-"】
2024-08-20 00:20:23 ok && -
2024-08-20 00:20:26 CHB 1420110?1724084423 第 1 次 等待 3 秒
2024-08-20 00:20:29 CHB 1420110?1724084423 第 1 次 获取到号码【1420110】GSD
2024-08-20 00:20:29 未获取到号码【1420110】GSD，可能号码格式错误
2024-08-20 00:20:29 获取到号码【1420110】的GSD为【-】
2024-08-20 00:20:40 GSD insert 第 1 次 等待 3 秒
2024-08-20 00:20:43 {"status":"bad","gid":"520695","msg":"添加失败！号码【1420110(-|-)】已存在！"}
2024-08-20 00:20:43 随机等待 155 秒，约 2 分钟
2024-08-20 00:20:43 下次操作: 2024-08-20 00:23:18

2024-08-20 00:23:18 开始第 112 次操作

2024-08-20 00:23:18 开始操作号码 【1420111】
2024-08-20 00:23:26 GSD getOne 第 1 次 等待 3 秒
2024-08-20 00:23:29 查询号码 【1420111】，返回信息 {"status":"ok","msg":"-","gid":"520703","time_insert":"2023-02-07 17:05"}
2024-08-20 00:23:29 查询号码 【1420111】，GSD为【"-"】
2024-08-20 00:23:29 ok && -
2024-08-20 00:23:31 CHB 1420111?1724084609 第 1 次 等待 3 秒
2024-08-20 00:23:34 CHB 1420111?1724084609 第 1 次 获取到号码【1420111】GSD
2024-08-20 00:23:34 未获取到号码【1420111】GSD，可能号码格式错误
2024-08-20 00:23:34 获取到号码【1420111】的GSD为【-】
2024-08-20 00:23:43 GSD insert 第 1 次 等待 3 秒
2024-08-20 00:23:46 {"status":"bad","gid":"520703","msg":"添加失败！号码【1420111(-|-)】已存在！"}

