2024-05-12 00:13:09 开始第 8653 次操作

2024-05-12 00:13:09 开始操作号码 【1648546】
2024-05-12 00:13:20 GSD getOne 第 1 次 等待 3 秒
2024-05-12 00:13:23 查询号码 【1648546】，返回信息 {"status":"ok","msg":"-","gid":"665682","time_insert":"2023-04-20 03:55"}
2024-05-12 00:13:23 查询号码 【1648546】，GSD为【"-"】
2024-05-12 00:13:23 ok && -
2024-05-12 00:13:26 CHB 1648546?1715444003 第 1 次 等待 3 秒
2024-05-12 00:13:29 CHB 1648546?1715444003 第 1 次 获取到号码【1648546】GSD
2024-05-12 00:13:29 未获取到号码【1648546】GSD，可能号码格式错误
2024-05-12 00:13:29 获取到号码【1648546】的GSD为【-】
2024-05-12 00:13:36 GSD insert 第 1 次 等待 3 秒
2024-05-12 00:13:39 {"status":"bad","gid":"665682","msg":"添加失败！号码【1648546(-|-)】已存在！"}
2024-05-12 00:13:39 随机等待 129 秒，约 2 分钟
2024-05-12 00:13:39 下次操作: 2024-05-12 00:15:48

2024-05-12 00:15:48 开始第 8654 次操作

2024-05-12 00:15:48 开始操作号码 【1648547】
2024-05-12 00:15:58 GSD getOne 第 1 次 等待 3 秒
2024-05-12 00:16:01 查询号码 【1648547】，返回信息 {"status":"ok","msg":"-","gid":"665678","time_insert":"2023-04-20 03:53"}
2024-05-12 00:16:01 查询号码 【1648547】，GSD为【"-"】
2024-05-12 00:16:01 ok && -
2024-05-12 00:16:03 CHB 1648547?1715444161 第 1 次 等待 3 秒
2024-05-12 00:16:06 CHB 1648547?1715444161 第 1 次 获取到号码【1648547】GSD
2024-05-12 00:16:06 未获取到号码【1648547】GSD，可能号码格式错误
2024-05-12 00:16:06 获取到号码【1648547】的GSD为【-】
2024-05-12 00:16:11 GSD insert 第 1 次 等待 3 秒
2024-05-12 00:16:14 {"status":"bad","gid":"665678","msg":"添加失败！号码【1648547(-|-)】已存在！"}
2024-05-12 00:16:14 随机等待 125 秒，约 2 分钟
2024-05-12 00:16:14 下次操作: 2024-05-12 00:18:19

2024-05-12 00:18:19 开始第 8655 次操作

2024-05-12 00:18:19 开始操作号码 【1648548】
2024-05-12 00:18:29 GSD getOne 第 1 次 等待 3 秒
2024-05-12 00:18:32 查询号码 【1648548】，返回信息 {"status":"ok","msg":"-","gid":"665671","time_insert":"2023-04-20 03:49"}
2024-05-12 00:18:32 查询号码 【1648548】，GSD为【"-"】
2024-05-12 00:18:32 ok && -
2024-05-12 00:18:35 CHB 1648548?1715444312 第 1 次 等待 3 秒
2024-05-12 00:18:38 CHB 1648548?1715444312 第 1 次 获取到号码【1648548】GSD
2024-05-12 00:18:38 未获取到号码【1648548】GSD，可能号码格式错误
2024-05-12 00:18:38 获取到号码【1648548】的GSD为【-】
2024-05-12 00:18:46 GSD insert 第 1 次 等待 3 秒
2024-05-12 00:18:49 {"status":"bad","gid":"665671","msg":"添加失败！号码【1648548(-|-)】已存在！"}
2024-05-12 00:18:49 随机等待 189 秒，约 3 分钟
2024-05-12 00:18:49 下次操作: 2024-05-12 00:21:58

2024-05-12 00:21:58 开始第 8656 次操作

2024-05-12 00:21:58 开始操作号码 【1648549】
2024-05-12 00:22:03 GSD getOne 第 1 次 等待 3 秒
2024-05-12 00:22:06 查询号码 【1648549】，返回信息 {"status":"ok","msg":"-","gid":"665668","time_insert":"2023-04-20 03:47"}
2024-05-12 00:22:06 查询号码 【1648549】，GSD为【"-"】
2024-05-12 00:22:06 ok && -
2024-05-12 00:27:07 CHB 1648549?1715444526 第 1 次 等待 3 秒
2024-05-12 00:27:10 CHB 1648549?1715444526 第 1 次 未获取到 等待 96 秒 下次操作: 2024-05-12 00:28:46
2024-05-12 00:28:49 CHB 1648549?1715444926 第 2 次 等待 3 秒
2024-05-12 00:28:52 CHB 1648549?1715444926 第 2 次 获取到号码【1648549】GSD
2024-05-12 00:28:52 未获取到号码【1648549】GSD，可能号码格式错误
2024-05-12 00:28:52 获取到号码【1648549】的GSD为【-】
2024-05-12 00:29:01 GSD insert 第 1 次 等待 3 秒
2024-05-12 00:29:04 {"status":"bad","gid":"665668","msg":"添加失败！号码【1648549(-|-)】已存在！"}

2024-05-12 00:35:06 开始第 8657 次操作

2024-05-12 00:35:06 开始操作号码 【1648550】
2024-05-12 00:35:11 GSD getOne 第 1 次 等待 3 秒
2024-05-12 00:35:14 查询号码 【1648550】，返回信息 {"status":"ok","msg":"-","gid":"665663","time_insert":"2023-04-20 03:45"}
2024-05-12 00:35:14 查询号码 【1648550】，GSD为【"-"】
2024-05-12 00:35:14 ok && -
2024-05-12 00:35:17 CHB 1648550?1715445314 第 1 次 等待 3 秒
2024-05-12 00:35:20 CHB 1648550?1715445314 第 1 次 获取到号码【1648550】GSD
2024-05-12 00:35:20 未获取到号码【1648550】GSD，可能号码格式错误
2024-05-12 00:35:20 获取到号码【1648550】的GSD为【-】
2024-05-12 00:35:29 GSD insert 第 1 次 等待 3 秒
2024-05-12 00:35:32 {"status":"bad","gid":"665663","msg":"添加失败！号码【1648550(-|-)】已存在！"}
2024-05-12 00:35:32 随机等待 200 秒，约 3 分钟
2024-05-12 00:35:32 下次操作: 2024-05-12 00:38:52

2024-05-12 00:38:52 开始第 8658 次操作

2024-05-12 00:38:52 开始操作号码 【1648551】
2024-05-12 00:38:57 GSD getOne 第 1 次 等待 3 秒
2024-05-12 00:39:00 查询号码 【1648551】，返回信息 {"status":"ok","msg":"-","gid":"665657","time_insert":"2023-04-20 03:43"}
2024-05-12 00:39:00 查询号码 【1648551】，GSD为【"-"】
2024-05-12 00:39:00 ok && -
2024-05-12 00:39:02 CHB 1648551?1715445540 第 1 次 等待 3 秒
2024-05-12 00:39:05 CHB 1648551?1715445540 第 1 次 获取到号码【1648551】GSD
2024-05-12 00:39:05 未获取到号码【1648551】GSD，可能号码格式错误
2024-05-12 00:39:05 获取到号码【1648551】的GSD为【-】
2024-05-12 00:39:14 GSD insert 第 1 次 等待 3 秒
2024-05-12 00:39:17 {"status":"bad","gid":"665657","msg":"添加失败！号码【1648551(-|-)】已存在！"}
2024-05-12 00:39:17 随机等待 128 秒，约 2 分钟
2024-05-12 00:39:17 下次操作: 2024-05-12 00:41:25

2024-05-12 00:41:25 开始第 8659 次操作

2024-05-12 00:41:26 开始操作号码 【1648552】
2024-05-12 00:41:35 GSD getOne 第 1 次 等待 3 秒
2024-05-12 00:41:38 查询号码 【1648552】，返回信息 {"status":"ok","msg":"-","gid":"665656","time_insert":"2023-04-20 03:41"}
2024-05-12 00:41:38 查询号码 【1648552】，GSD为【"-"】
2024-05-12 00:41:38 ok && -
2024-05-12 00:41:41 CHB 1648552?1715445698 第 1 次 等待 3 秒
2024-05-12 00:41:44 CHB 1648552?1715445698 第 1 次 获取到号码【1648552】GSD
2024-05-12 00:41:44 未获取到号码【1648552】GSD，可能号码格式错误
2024-05-12 00:41:44 获取到号码【1648552】的GSD为【-】
2024-05-12 00:41:50 GSD insert 第 1 次 等待 3 秒
2024-05-12 00:41:53 {"status":"bad","gid":"665656","msg":"添加失败！号码【1648552(-|-)】已存在！"}
2024-05-12 00:41:53 随机等待 91 秒，约 1 分钟
2024-05-12 00:41:53 下次操作: 2024-05-12 00:43:24

2024-05-12 00:43:24 开始第 8660 次操作

2024-05-12 00:43:24 开始操作号码 【1648553】
2024-05-12 00:43:32 GSD getOne 第 1 次 等待 3 秒
2024-05-12 00:43:35 查询号码 【1648553】，返回信息 {"status":"ok","msg":"-","gid":"665652","time_insert":"2023-04-20 03:38"}
2024-05-12 00:43:36 查询号码 【1648553】，GSD为【"-"】
2024-05-12 00:43:36 ok && -
2024-05-12 00:43:38 CHB 1648553?1715445816 第 1 次 等待 3 秒
2024-05-12 00:43:41 CHB 1648553?1715445816 第 1 次 获取到号码【1648553】GSD
2024-05-12 00:43:41 未获取到号码【1648553】GSD，可能号码格式错误
2024-05-12 00:43:41 获取到号码【1648553】的GSD为【-】
2024-05-12 00:43:49 GSD insert 第 1 次 等待 3 秒
2024-05-12 00:43:52 {"status":"bad","gid":"665652","msg":"添加失败！号码【1648553(-|-)】已存在！"}

2024-05-12 01:11:01 开始第 8661 次操作

2024-05-12 01:11:01 开始操作号码 【1648554】
2024-05-12 01:11:14 GSD getOne 第 1 次 等待 3 秒
2024-05-12 01:11:17 查询号码 【1648554】，返回信息 {"status":"ok","msg":"-","gid":"665649","time_insert":"2023-04-20 03:36"}
2024-05-12 01:11:17 查询号码 【1648554】，GSD为【"-"】
2024-05-12 01:11:17 ok && -
2024-05-12 01:11:20 CHB 1648554?1715447477 第 1 次 等待 3 秒
2024-05-12 01:11:23 CHB 1648554?1715447477 第 1 次 获取到号码【1648554】GSD
2024-05-12 01:11:23 未获取到号码【1648554】GSD，可能号码格式错误
2024-05-12 01:11:23 获取到号码【1648554】的GSD为【-】
2024-05-12 01:11:29 GSD insert 第 1 次 等待 3 秒
2024-05-12 01:11:32 {"status":"bad","gid":"665649","msg":"添加失败！号码【1648554(-|-)】已存在！"}
2024-05-12 01:11:32 随机等待 80 秒，约 1 分钟
2024-05-12 01:11:32 下次操作: 2024-05-12 01:12:52

2024-05-12 01:12:52 开始第 8662 次操作

2024-05-12 01:12:52 开始操作号码 【1648555】
2024-05-12 01:12:58 GSD getOne 第 1 次 等待 3 秒
2024-05-12 01:13:01 查询号码 【1648555】，返回信息 {"status":"ok","msg":"-","gid":"665644","time_insert":"2023-04-20 03:33"}
2024-05-12 01:13:01 查询号码 【1648555】，GSD为【"-"】
2024-05-12 01:13:01 ok && -
2024-05-12 01:13:03 CHB 1648555?1715447581 第 1 次 等待 3 秒
2024-05-12 01:13:06 CHB 1648555?1715447581 第 1 次 获取到号码【1648555】GSD
2024-05-12 01:13:06 未获取到号码【1648555】GSD，可能号码格式错误
2024-05-12 01:13:06 获取到号码【1648555】的GSD为【-】
2024-05-12 01:13:14 GSD insert 第 1 次 等待 3 秒
2024-05-12 01:13:18 {"status":"bad","gid":"665644","msg":"添加失败！号码【1648555(-|-)】已存在！"}
2024-05-12 01:13:18 随机等待 187 秒，约 3 分钟
2024-05-12 01:13:18 下次操作: 2024-05-12 01:16:25

2024-05-12 01:16:25 开始第 8663 次操作

2024-05-12 01:16:25 开始操作号码 【1648556】
2024-05-12 01:16:30 GSD getOne 第 1 次 等待 3 秒
2024-05-12 01:16:33 查询号码 【1648556】，返回信息 {"status":"ok","msg":"-","gid":"665633","time_insert":"2023-04-20 03:25"}
2024-05-12 01:16:33 查询号码 【1648556】，GSD为【"-"】
2024-05-12 01:16:33 ok && -
2024-05-12 01:16:35 CHB 1648556?1715447793 第 1 次 等待 3 秒
2024-05-12 01:16:38 CHB 1648556?1715447793 第 1 次 获取到号码【1648556】GSD
2024-05-12 01:16:38 未获取到号码【1648556】GSD，可能号码格式错误
2024-05-12 01:16:38 获取到号码【1648556】的GSD为【-】
2024-05-12 01:16:44 GSD insert 第 1 次 等待 3 秒
2024-05-12 01:16:47 {"status":"bad","gid":"665633","msg":"添加失败！号码【1648556(-|-)】已存在！"}
2024-05-12 01:16:47 随机等待 206 秒，约 3 分钟
2024-05-12 01:16:47 下次操作: 2024-05-12 01:20:13

2024-05-12 01:20:13 开始第 8664 次操作

2024-05-12 01:20:13 开始操作号码 【1648557】
2024-05-12 01:20:18 GSD getOne 第 1 次 等待 3 秒
2024-05-12 01:20:21 查询号码 【1648557】，返回信息 {"status":"ok","msg":"-","gid":"665629","time_insert":"2023-04-20 03:22"}
2024-05-12 01:20:22 查询号码 【1648557】，GSD为【"-"】
2024-05-12 01:20:22 ok && -
2024-05-12 01:20:24 CHB 1648557?1715448022 第 1 次 等待 3 秒
2024-05-12 01:20:27 CHB 1648557?1715448022 第 1 次 获取到号码【1648557】GSD
2024-05-12 01:20:27 未获取到号码【1648557】GSD，可能号码格式错误
2024-05-12 01:20:27 获取到号码【1648557】的GSD为【-】
2024-05-12 01:20:32 GSD insert 第 1 次 等待 3 秒
2024-05-12 01:20:35 {"status":"bad","gid":"665629","msg":"添加失败！号码【1648557(-|-)】已存在！"}

