2024-10-20 00:25:13 开始第 417 次操作

2024-10-20 00:25:13 开始操作号码 【1320416】
2024-10-20 00:25:15 GSD getOne 第 1 次 等待 3 秒
2024-10-20 00:25:18 查询号码 【1320416】，返回信息 {"status":"ok","msg":"辽宁-锦州","gid":"57572","time_insert":"2021-05-12 00:39"}
2024-10-20 00:25:18 查询号码 【1320416】，GSD为【"辽宁-锦州"】

2024-10-20 00:25:19 开始第 418 次操作

2024-10-20 00:25:19 开始操作号码 【1320417】
2024-10-20 00:25:20 GSD getOne 第 1 次 等待 3 秒
2024-10-20 00:25:23 查询号码 【1320417】，返回信息 {"status":"ok","msg":"辽宁-营口","gid":"57578","time_insert":"2021-05-12 03:25"}
2024-10-20 00:25:23 查询号码 【1320417】，GSD为【"辽宁-营口"】

2024-10-20 00:25:24 开始第 419 次操作

2024-10-20 00:25:24 开始操作号码 【1320418】
2024-10-20 00:25:25 GSD getOne 第 1 次 等待 3 秒
2024-10-20 00:25:28 查询号码 【1320418】，返回信息 {"status":"ok","msg":"辽宁-阜新","gid":"57581","time_insert":"2021-05-12 03:49"}
2024-10-20 00:25:29 查询号码 【1320418】，GSD为【"辽宁-阜新"】

2024-10-20 00:25:30 开始第 420 次操作

2024-10-20 00:25:30 开始操作号码 【1320419】
2024-10-20 00:25:31 GSD getOne 第 1 次 等待 3 秒
2024-10-20 00:25:34 查询号码 【1320419】，返回信息 {"status":"ok","msg":"辽宁-辽阳","gid":"57585","time_insert":"2021-05-12 05:07"}
2024-10-20 00:25:34 查询号码 【1320419】，GSD为【"辽宁-辽阳"】

