2024-08-30 00:16:35 开始第 1897 次操作

2024-08-30 00:16:35 开始操作号码 【1421896】
2024-08-30 00:16:43 GSD getOne 第 1 次 等待 3 秒
2024-08-30 00:16:46 查询号码 【1421896】，返回信息 {"status":"ok","msg":"-","gid":"551385","time_insert":"2023-02-24 09:09"}
2024-08-30 00:16:46 查询号码 【1421896】，GSD为【"-"】
2024-08-30 00:16:46 ok && -
2024-08-30 00:16:48 CHB 1421896?1724948206 第 1 次 等待 3 秒
2024-08-30 00:16:51 CHB 1421896?1724948206 第 1 次 获取到号码【1421896】GSD
2024-08-30 00:16:51 未获取到号码【1421896】GSD，可能号码格式错误
2024-08-30 00:16:51 获取到号码【1421896】的GSD为【-】
2024-08-30 00:17:00 GSD insert 第 1 次 等待 3 秒
2024-08-30 00:17:03 {"status":"bad","gid":"551385","msg":"添加失败！号码【1421896(-|-)】已存在！"}
2024-08-30 00:17:03 随机等待 130 秒，约 2 分钟
2024-08-30 00:17:03 下次操作: 2024-08-30 00:19:13

2024-08-30 00:19:13 开始第 1898 次操作

2024-08-30 00:19:13 开始操作号码 【1421897】
2024-08-30 00:19:21 GSD getOne 第 1 次 等待 3 秒
2024-08-30 00:19:24 查询号码 【1421897】，返回信息 {"status":"ok","msg":"-","gid":"551404","time_insert":"2023-02-24 09:25"}
2024-08-30 00:19:24 查询号码 【1421897】，GSD为【"-"】
2024-08-30 00:19:24 ok && -
2024-08-30 00:19:26 CHB 1421897?1724948364 第 1 次 等待 3 秒
2024-08-30 00:19:29 CHB 1421897?1724948364 第 1 次 获取到号码【1421897】GSD
2024-08-30 00:19:29 未获取到号码【1421897】GSD，可能号码格式错误
2024-08-30 00:19:29 获取到号码【1421897】的GSD为【-】
2024-08-30 00:19:39 GSD insert 第 1 次 等待 3 秒
2024-08-30 00:19:42 {"status":"bad","gid":"551404","msg":"添加失败！号码【1421897(-|-)】已存在！"}
2024-08-30 00:19:42 随机等待 117 秒，约 1 分钟
2024-08-30 00:19:42 下次操作: 2024-08-30 00:21:39

2024-08-30 00:21:39 开始第 1899 次操作

2024-08-30 00:21:39 开始操作号码 【1421898】
2024-08-30 00:21:40 GSD getOne 第 1 次 等待 3 秒
2024-08-30 00:21:43 查询号码 【1421898】，返回信息 {"status":"ok","msg":"-","gid":"551414","time_insert":"2023-02-24 09:34"}
2024-08-30 00:21:43 查询号码 【1421898】，GSD为【"-"】
2024-08-30 00:21:43 ok && -
2024-08-30 00:21:46 CHB 1421898?1724948503 第 1 次 等待 3 秒
2024-08-30 00:21:49 CHB 1421898?1724948503 第 1 次 获取到号码【1421898】GSD
2024-08-30 00:21:49 未获取到号码【1421898】GSD，可能号码格式错误
2024-08-30 00:21:49 获取到号码【1421898】的GSD为【-】
2024-08-30 00:21:57 GSD insert 第 1 次 等待 3 秒
2024-08-30 00:22:00 {"status":"bad","gid":"551414","msg":"添加失败！号码【1421898(-|-)】已存在！"}
2024-08-30 00:22:00 随机等待 171 秒，约 2 分钟
2024-08-30 00:22:00 下次操作: 2024-08-30 00:24:51

2024-08-30 00:24:51 开始第 1900 次操作

2024-08-30 00:24:51 开始操作号码 【1421899】
2024-08-30 00:24:58 GSD getOne 第 1 次 等待 3 秒
2024-08-30 00:25:01 查询号码 【1421899】，返回信息 {"status":"ok","msg":"-","gid":"551437","time_insert":"2023-02-24 09:52"}
2024-08-30 00:25:01 查询号码 【1421899】，GSD为【"-"】
2024-08-30 00:25:01 ok && -
2024-08-30 00:25:05 CHB 1421899?1724948701 第 1 次 等待 3 秒
2024-08-30 00:25:08 CHB 1421899?1724948701 第 1 次 获取到号码【1421899】GSD
2024-08-30 00:25:08 未获取到号码【1421899】GSD，可能号码格式错误
2024-08-30 00:25:08 获取到号码【1421899】的GSD为【-】
2024-08-30 00:25:16 GSD insert 第 1 次 等待 3 秒
2024-08-30 00:25:19 {"status":"bad","gid":"551437","msg":"添加失败！号码【1421899(-|-)】已存在！"}

