2021-07-03 00:00:13 开始第 14 次操作

2021-07-03 00:00:13 开始操作号码 【1766382】
2021-07-03 00:00:17 GSD getOne 第 1 次 等待 1 秒
2021-07-03 00:00:18 查询号码 【1766382】，返回信息 {"status":"bad","msg":""}
2021-07-03 00:00:18 查询号码 【1766382】，GSD为【""】
2021-07-03 00:00:18 bad
2021-07-03 00:00:20 CHB 1766382?1625241618 第 1 次 等待 1 秒
2021-07-03 00:00:21 CHB 1766382?1625241618 第 1 次 获取到号码【1766382】GSD
2021-07-03 00:00:21 获取到号码【1766382】的GSD为【山东-烟台】
2021-07-03 00:00:28 GSD insert 第 1 次 等待 1 秒
2021-07-03 00:00:29 {"status":"ok","msg":"添加成功！177487"}
2021-07-03 00:00:29 下次操作: 2021-07-03 00:00:35

2021-07-03 00:00:35 开始第 15 次操作

2021-07-03 00:00:35 开始操作号码 【1766381】
2021-07-03 00:00:38 GSD getOne 第 1 次 等待 1 秒
2021-07-03 00:00:39 查询号码 【1766381】，返回信息 {"status":"bad","msg":""}
2021-07-03 00:00:39 查询号码 【1766381】，GSD为【""】
2021-07-03 00:00:39 bad
2021-07-03 00:00:40 CHB 1766381?1625241639 第 1 次 等待 1 秒
2021-07-03 00:00:41 CHB 1766381?1625241639 第 1 次 获取到号码【1766381】GSD
2021-07-03 00:00:41 获取到号码【1766381】的GSD为【山东-烟台】
2021-07-03 00:00:45 GSD insert 第 1 次 等待 1 秒
2021-07-03 00:00:46 {"status":"ok","msg":"添加成功！177493"}
2021-07-03 00:00:46 下次操作: 2021-07-03 00:00:57

2021-07-03 00:00:57 开始第 16 次操作

2021-07-03 00:00:57 开始操作号码 【1766380】
2021-07-03 00:01:01 GSD getOne 第 1 次 等待 1 秒
2021-07-03 00:01:02 查询号码 【1766380】，返回信息 {"status":"bad","msg":""}
2021-07-03 00:01:02 查询号码 【1766380】，GSD为【""】
2021-07-03 00:01:02 bad
2021-07-03 00:01:03 CHB 1766380?1625241662 第 1 次 等待 1 秒
2021-07-03 00:01:04 CHB 1766380?1625241662 第 1 次 获取到号码【1766380】GSD
2021-07-03 00:01:04 获取到号码【1766380】的GSD为【山东-烟台】
2021-07-03 00:01:11 GSD insert 第 1 次 等待 1 秒
2021-07-03 00:01:12 {"status":"ok","msg":"添加成功！177497"}
2021-07-03 00:01:12 下次操作: 2021-07-03 00:01:19

2021-07-03 00:01:19 开始第 17 次操作

2021-07-03 00:01:19 开始操作号码 【1766379】
2021-07-03 00:01:22 GSD getOne 第 1 次 等待 1 秒
2021-07-03 00:01:23 查询号码 【1766379】，返回信息 {"status":"bad","msg":""}
2021-07-03 00:01:23 查询号码 【1766379】，GSD为【""】
2021-07-03 00:01:23 bad
2021-07-03 00:01:24 CHB 1766379?1625241683 第 1 次 等待 1 秒
2021-07-03 00:01:25 CHB 1766379?1625241683 第 1 次 获取到号码【1766379】GSD
2021-07-03 00:01:25 获取到号码【1766379】的GSD为【山东-济南】
2021-07-03 00:01:42 GSD insert 第 1 次 等待 1 秒
2021-07-03 00:01:43 {"status":"ok","msg":"添加成功！177506"}
2021-07-03 00:01:43 下次操作: 2021-07-03 00:01:59

2021-07-03 00:01:59 开始第 18 次操作

2021-07-03 00:01:59 开始操作号码 【1766378】
2021-07-03 00:02:04 GSD getOne 第 1 次 等待 1 秒
2021-07-03 00:02:05 查询号码 【1766378】，返回信息 {"status":"bad","msg":""}
2021-07-03 00:02:05 查询号码 【1766378】，GSD为【""】
2021-07-03 00:02:05 bad
2021-07-03 00:02:08 CHB 1766378?1625241725 第 1 次 等待 1 秒
2021-07-03 00:02:09 CHB 1766378?1625241725 第 1 次 获取到号码【1766378】GSD
2021-07-03 00:02:09 获取到号码【1766378】的GSD为【山东-济南】
2021-07-03 00:02:12 GSD insert 第 1 次 等待 1 秒
2021-07-03 00:02:13 {"status":"ok","msg":"添加成功！177511"}
2021-07-03 00:02:14 下次操作: 2021-07-03 00:02:21

2021-07-03 00:02:22 开始第 19 次操作

2021-07-03 00:02:22 开始操作号码 【1766377】
2021-07-03 00:02:26 GSD getOne 第 1 次 等待 1 秒
2021-07-03 00:02:27 查询号码 【1766377】，返回信息 {"status":"bad","msg":""}
2021-07-03 00:02:27 查询号码 【1766377】，GSD为【""】
2021-07-03 00:02:27 bad
2021-07-03 00:02:30 CHB 1766377?1625241747 第 1 次 等待 1 秒
2021-07-03 00:02:31 CHB 1766377?1625241747 第 1 次 获取到号码【1766377】GSD
2021-07-03 00:02:31 获取到号码【1766377】的GSD为【山东-济南】
2021-07-03 00:02:36 GSD insert 第 1 次 等待 1 秒
2021-07-03 00:02:37 {"status":"ok","msg":"添加成功！177518"}
2021-07-03 00:02:37 下次操作: 2021-07-03 00:02:48

2021-07-03 00:02:48 开始第 20 次操作

2021-07-03 00:02:48 开始操作号码 【1766376】
2021-07-03 00:02:55 GSD getOne 第 1 次 等待 1 秒
2021-07-03 00:02:56 查询号码 【1766376】，返回信息 {"status":"bad","msg":""}
2021-07-03 00:02:56 查询号码 【1766376】，GSD为【""】
2021-07-03 00:02:56 bad
2021-07-03 00:02:57 CHB 1766376?1625241776 第 1 次 等待 1 秒
2021-07-03 00:02:58 CHB 1766376?1625241776 第 1 次 获取到号码【1766376】GSD
2021-07-03 00:02:59 获取到号码【1766376】的GSD为【山东-济南】
2021-07-03 00:03:02 GSD insert 第 1 次 等待 1 秒
2021-07-03 00:03:03 {"status":"ok","msg":"添加成功！177521"}
2021-07-03 00:03:03 下次操作: 2021-07-03 00:03:19

2021-07-03 00:03:19 开始第 21 次操作

2021-07-03 00:03:19 开始操作号码 【1766375】
2021-07-03 00:03:23 GSD getOne 第 1 次 等待 1 秒
2021-07-03 00:03:24 查询号码 【1766375】，返回信息 {"status":"bad","msg":""}
2021-07-03 00:03:24 查询号码 【1766375】，GSD为【""】
2021-07-03 00:03:24 bad
2021-07-03 00:03:25 CHB 1766375?1625241804 第 1 次 等待 1 秒
2021-07-03 00:03:26 CHB 1766375?1625241804 第 1 次 获取到号码【1766375】GSD
2021-07-03 00:03:26 获取到号码【1766375】的GSD为【山东-济南】
2021-07-03 00:03:33 GSD insert 第 1 次 等待 1 秒
2021-07-03 00:03:34 {"status":"ok","msg":"添加成功！177528"}
2021-07-03 00:03:34 下次操作: 2021-07-03 00:03:48

2021-07-03 00:03:48 开始第 22 次操作

2021-07-03 00:03:48 开始操作号码 【1766374】
2021-07-03 00:03:52 GSD getOne 第 1 次 等待 1 秒
2021-07-03 00:03:53 查询号码 【1766374】，返回信息 {"status":"bad","msg":""}
2021-07-03 00:03:53 查询号码 【1766374】，GSD为【""】
2021-07-03 00:03:53 bad
2021-07-03 00:03:55 CHB 1766374?1625241833 第 1 次 等待 1 秒
2021-07-03 00:03:56 CHB 1766374?1625241833 第 1 次 获取到号码【1766374】GSD
2021-07-03 00:03:56 获取到号码【1766374】的GSD为【山东-济南】
2021-07-03 00:04:00 GSD insert 第 1 次 等待 1 秒
2021-07-03 00:04:01 {"status":"ok","msg":"添加成功！177532"}
2021-07-03 00:04:01 下次操作: 2021-07-03 00:04:09

2021-07-03 00:04:09 开始第 23 次操作

2021-07-03 00:04:09 开始操作号码 【1766373】
2021-07-03 00:04:18 GSD getOne 第 1 次 等待 1 秒
2021-07-03 00:04:19 查询号码 【1766373】，返回信息 {"status":"bad","msg":""}
2021-07-03 00:04:19 查询号码 【1766373】，GSD为【""】
2021-07-03 00:04:19 bad
2021-07-03 00:04:21 CHB 1766373?1625241859 第 1 次 等待 1 秒
2021-07-03 00:04:22 CHB 1766373?1625241859 第 1 次 获取到号码【1766373】GSD
2021-07-03 00:04:22 获取到号码【1766373】的GSD为【山东-济南】
2021-07-03 00:04:25 GSD insert 第 1 次 等待 1 秒
2021-07-03 00:04:26 {"status":"ok","msg":"添加成功！177541"}
2021-07-03 00:04:26 下次操作: 2021-07-03 00:04:36

2021-07-03 00:04:36 开始第 24 次操作

2021-07-03 00:04:36 开始操作号码 【1766372】
2021-07-03 00:04:43 GSD getOne 第 1 次 等待 1 秒
2021-07-03 00:04:44 查询号码 【1766372】，返回信息 {"status":"bad","msg":""}
2021-07-03 00:04:44 查询号码 【1766372】，GSD为【""】
2021-07-03 00:04:44 bad
2021-07-03 00:04:45 CHB 1766372?1625241884 第 1 次 等待 1 秒
2021-07-03 00:04:46 CHB 1766372?1625241884 第 1 次 获取到号码【1766372】GSD
2021-07-03 00:04:46 获取到号码【1766372】的GSD为【山东-济南】
2021-07-03 00:04:55 GSD insert 第 1 次 等待 1 秒
2021-07-03 00:04:56 {"status":"ok","msg":"添加成功！177548"}
2021-07-03 00:04:56 下次操作: 2021-07-03 00:05:08

2021-07-03 00:05:08 开始第 25 次操作

2021-07-03 00:05:08 开始操作号码 【1766371】
2021-07-03 00:05:17 GSD getOne 第 1 次 等待 1 秒
2021-07-03 00:05:18 查询号码 【1766371】，返回信息 {"status":"bad","msg":""}
2021-07-03 00:05:18 查询号码 【1766371】，GSD为【""】
2021-07-03 00:05:18 bad
2021-07-03 00:05:20 CHB 1766371?1625241918 第 1 次 等待 1 秒
2021-07-03 00:05:21 CHB 1766371?1625241918 第 1 次 获取到号码【1766371】GSD
2021-07-03 00:05:21 获取到号码【1766371】的GSD为【山东-济南】
2021-07-03 00:05:24 GSD insert 第 1 次 等待 1 秒
2021-07-03 00:05:25 {"status":"ok","msg":"添加成功！177557"}
2021-07-03 00:05:25 下次操作: 2021-07-03 00:05:37

2021-07-03 00:05:37 开始第 26 次操作

2021-07-03 00:05:37 开始操作号码 【1766370】
2021-07-03 00:05:44 GSD getOne 第 1 次 等待 1 秒
2021-07-03 00:05:45 查询号码 【1766370】，返回信息 {"status":"bad","msg":""}
2021-07-03 00:05:45 查询号码 【1766370】，GSD为【""】
2021-07-03 00:05:45 bad
2021-07-03 00:05:46 CHB 1766370?1625241945 第 1 次 等待 1 秒
2021-07-03 00:05:47 CHB 1766370?1625241945 第 1 次 获取到号码【1766370】GSD
2021-07-03 00:05:47 获取到号码【1766370】的GSD为【山东-济南】
2021-07-03 00:05:51 GSD insert 第 1 次 等待 1 秒
2021-07-03 00:05:52 {"status":"ok","msg":"添加成功！177561"}
2021-07-03 00:05:52 下次操作: 2021-07-03 00:05:59

2021-07-03 00:05:59 开始第 27 次操作

2021-07-03 00:05:59 开始操作号码 【1766369】
2021-07-03 00:06:05 GSD getOne 第 1 次 等待 1 秒
2021-07-03 00:06:06 查询号码 【1766369】，返回信息 {"status":"bad","msg":""}
2021-07-03 00:06:06 查询号码 【1766369】，GSD为【""】
2021-07-03 00:06:06 bad
2021-07-03 00:06:07 CHB 1766369?1625241966 第 1 次 等待 1 秒
2021-07-03 00:06:08 CHB 1766369?1625241966 第 1 次 获取到号码【1766369】GSD
2021-07-03 00:06:08 获取到号码【1766369】的GSD为【山东-潍坊】
2021-07-03 00:06:12 GSD insert 第 1 次 等待 1 秒
2021-07-03 00:06:13 {"status":"ok","msg":"添加成功！177566"}
2021-07-03 00:06:13 下次操作: 2021-07-03 00:06:30

2021-07-03 00:06:30 开始第 28 次操作

2021-07-03 00:06:30 开始操作号码 【1766368】
2021-07-03 00:06:35 GSD getOne 第 1 次 等待 1 秒
2021-07-03 00:06:36 查询号码 【1766368】，返回信息 {"status":"bad","msg":""}
2021-07-03 00:06:36 查询号码 【1766368】，GSD为【""】
2021-07-03 00:06:36 bad
2021-07-03 00:06:38 CHB 1766368?1625241996 第 1 次 等待 1 秒
2021-07-03 00:06:39 CHB 1766368?1625241996 第 1 次 获取到号码【1766368】GSD
2021-07-03 00:06:39 获取到号码【1766368】的GSD为【山东-潍坊】
2021-07-03 00:06:42 GSD insert 第 1 次 等待 1 秒
2021-07-03 00:06:43 {"status":"ok","msg":"添加成功！177571"}
2021-07-03 00:06:43 下次操作: 2021-07-03 00:06:49

2021-07-03 00:06:49 开始第 29 次操作

2021-07-03 00:06:49 开始操作号码 【1766367】
2021-07-03 00:06:55 GSD getOne 第 1 次 等待 1 秒
2021-07-03 00:06:56 查询号码 【1766367】，返回信息 {"status":"bad","msg":""}
2021-07-03 00:06:56 查询号码 【1766367】，GSD为【""】
2021-07-03 00:06:56 bad
2021-07-03 00:06:57 CHB 1766367?1625242016 第 1 次 等待 1 秒
2021-07-03 00:06:58 CHB 1766367?1625242016 第 1 次 获取到号码【1766367】GSD
2021-07-03 00:06:58 获取到号码【1766367】的GSD为【山东-潍坊】
2021-07-03 00:07:05 GSD insert 第 1 次 等待 1 秒
2021-07-03 00:07:06 {"status":"ok","msg":"添加成功！177576"}
2021-07-03 00:07:06 下次操作: 2021-07-03 00:07:15

2021-07-03 00:07:15 开始第 30 次操作

2021-07-03 00:07:15 开始操作号码 【1766366】
2021-07-03 00:07:19 GSD getOne 第 1 次 等待 1 秒
2021-07-03 00:07:20 查询号码 【1766366】，返回信息 {"status":"bad","msg":""}
2021-07-03 00:07:20 查询号码 【1766366】，GSD为【""】
2021-07-03 00:07:20 bad
2021-07-03 00:07:21 CHB 1766366?1625242040 第 1 次 等待 1 秒
2021-07-03 00:07:22 CHB 1766366?1625242040 第 1 次 获取到号码【1766366】GSD
2021-07-03 00:07:22 获取到号码【1766366】的GSD为【山东-潍坊】
2021-07-03 00:07:26 GSD insert 第 1 次 等待 1 秒
2021-07-03 00:07:27 {"status":"ok","msg":"添加成功！177580"}

