2024-07-26 00:15:38 开始第 8153 次操作

2024-07-26 00:15:38 开始操作号码 【1538035】
2024-07-26 00:15:50 GSD getOne 第 1 次 等待 3 秒
2024-07-26 00:15:53 查询号码 【1538035】，返回信息 {"status":"ok","msg":"江苏-扬州","gid":"386819","time_insert":"2021-07-25 07:45"}
2024-07-26 00:15:53 查询号码 【1538035】，GSD为【"江苏-扬州"】

2024-07-26 00:15:54 开始第 8154 次操作

2024-07-26 00:15:54 开始操作号码 【1538036】
2024-07-26 00:16:03 GSD getOne 第 1 次 等待 3 秒
2024-07-26 00:16:06 查询号码 【1538036】，返回信息 {"status":"ok","msg":"江苏-扬州","gid":"386810","time_insert":"2021-07-25 07:45"}
2024-07-26 00:16:06 查询号码 【1538036】，GSD为【"江苏-扬州"】

2024-07-26 00:16:07 开始第 8155 次操作

2024-07-26 00:16:07 开始操作号码 【1538037】
2024-07-26 00:16:15 GSD getOne 第 1 次 等待 3 秒
2024-07-26 00:16:18 查询号码 【1538037】，返回信息 {"status":"ok","msg":"江苏-扬州","gid":"386802","time_insert":"2021-07-25 07:44"}
2024-07-26 00:16:18 查询号码 【1538037】，GSD为【"江苏-扬州"】

2024-07-26 00:16:19 开始第 8156 次操作

2024-07-26 00:16:19 开始操作号码 【1538038】
2024-07-26 00:16:27 GSD getOne 第 1 次 等待 3 秒
2024-07-26 00:16:30 查询号码 【1538038】，返回信息 {"status":"ok","msg":"江苏-扬州","gid":"386791","time_insert":"2021-07-25 07:44"}
2024-07-26 00:16:30 查询号码 【1538038】，GSD为【"江苏-扬州"】

2024-07-26 00:40:10 开始第 8157 次操作

2024-07-26 00:40:10 开始操作号码 【1538039】
2024-07-26 00:40:19 GSD getOne 第 1 次 等待 3 秒
2024-07-26 00:40:22 查询号码 【1538039】，返回信息 {"status":"ok","msg":"江苏-扬州","gid":"386781","time_insert":"2021-07-25 07:43"}
2024-07-26 00:40:22 查询号码 【1538039】，GSD为【"江苏-扬州"】

2024-07-26 00:40:23 开始第 8158 次操作

2024-07-26 00:40:23 开始操作号码 【1538040】
2024-07-26 00:40:32 GSD getOne 第 1 次 等待 3 秒
2024-07-26 00:40:35 查询号码 【1538040】，返回信息 {"status":"ok","msg":"江苏-南京","gid":"386773","time_insert":"2021-07-25 07:43"}
2024-07-26 00:40:35 查询号码 【1538040】，GSD为【"江苏-南京"】

2024-07-26 00:40:36 开始第 8159 次操作

2024-07-26 00:40:36 开始操作号码 【1538041】
2024-07-26 00:40:44 GSD getOne 第 1 次 等待 3 秒
2024-07-26 00:40:47 查询号码 【1538041】，返回信息 {"status":"ok","msg":"江苏-南京","gid":"386762","time_insert":"2021-07-25 07:42"}
2024-07-26 00:40:47 查询号码 【1538041】，GSD为【"江苏-南京"】

2024-07-26 00:40:48 开始第 8160 次操作

2024-07-26 00:40:48 开始操作号码 【1538042】
2024-07-26 00:40:55 GSD getOne 第 1 次 等待 3 秒
2024-07-26 00:40:58 查询号码 【1538042】，返回信息 {"status":"ok","msg":"江苏-南京","gid":"386754","time_insert":"2021-07-25 07:41"}
2024-07-26 00:40:58 查询号码 【1538042】，GSD为【"江苏-南京"】

