2023-11-17 00:14:44 开始第 9249 次操作

2023-11-17 00:14:44 开始操作号码 【1969141】
2023-11-17 00:14:48 GSD getOne 第 1 次 等待 3 秒
2023-11-17 00:14:51 查询号码 【1969141】，返回信息 {"status":"ok","msg":"-","gid":"590209","time_insert":"2023-03-14 13:25"}
2023-11-17 00:14:51 查询号码 【1969141】，GSD为【"-"】
2023-11-17 00:14:51 ok && -
2023-11-17 00:14:54 CHB 1969141?1700151291 第 1 次 等待 3 秒
2023-11-17 00:14:57 CHB 1969141?1700151291 第 1 次 获取到号码【1969141】GSD
2023-11-17 00:14:57 未获取到号码【1969141】GSD，可能号码格式错误
2023-11-17 00:14:57 获取到号码【1969141】的GSD为【-】
2023-11-17 00:15:02 GSD insert 第 1 次 等待 3 秒
2023-11-17 00:15:05 {"status":"bad","gid":"590209","msg":"添加失败！号码【1969141(-|-)】已存在！"}
2023-11-17 00:15:05 随机等待 93 秒，约 1 分钟
2023-11-17 00:15:05 下次操作: 2023-11-17 00:16:38

2023-11-17 00:16:38 开始第 9250 次操作

2023-11-17 00:16:38 开始操作号码 【1969142】
2023-11-17 00:16:42 GSD getOne 第 1 次 等待 3 秒
2023-11-17 00:16:45 查询号码 【1969142】，返回信息 {"status":"ok","msg":"-","gid":"590212","time_insert":"2023-03-14 13:26"}
2023-11-17 00:16:45 查询号码 【1969142】，GSD为【"-"】
2023-11-17 00:16:45 ok && -
2023-11-17 00:16:48 CHB 1969142?1700151405 第 1 次 等待 3 秒
2023-11-17 00:16:51 CHB 1969142?1700151405 第 1 次 获取到号码【1969142】GSD
2023-11-17 00:16:51 未获取到号码【1969142】GSD，可能号码格式错误
2023-11-17 00:16:51 获取到号码【1969142】的GSD为【-】
2023-11-17 00:16:55 GSD insert 第 1 次 等待 3 秒
2023-11-17 00:16:58 {"status":"bad","gid":"590212","msg":"添加失败！号码【1969142(-|-)】已存在！"}
2023-11-17 00:16:58 随机等待 224 秒，约 3 分钟
2023-11-17 00:16:58 下次操作: 2023-11-17 00:20:42

2023-11-17 00:20:42 开始第 9251 次操作

2023-11-17 00:20:42 开始操作号码 【1969143】
2023-11-17 00:20:46 GSD getOne 第 1 次 等待 3 秒
2023-11-17 00:20:49 查询号码 【1969143】，返回信息 {"status":"ok","msg":"-","gid":"590214","time_insert":"2023-03-14 13:28"}
2023-11-17 00:20:50 查询号码 【1969143】，GSD为【"-"】
2023-11-17 00:20:50 ok && -
2023-11-17 00:20:52 CHB 1969143?1700151650 第 1 次 等待 3 秒
2023-11-17 00:20:55 CHB 1969143?1700151650 第 1 次 获取到号码【1969143】GSD
2023-11-17 00:20:55 未获取到号码【1969143】GSD，可能号码格式错误
2023-11-17 00:20:55 获取到号码【1969143】的GSD为【-】
2023-11-17 00:21:00 GSD insert 第 1 次 等待 3 秒
2023-11-17 00:21:03 {"status":"bad","gid":"590214","msg":"添加失败！号码【1969143(-|-)】已存在！"}
2023-11-17 00:21:03 随机等待 137 秒，约 2 分钟
2023-11-17 00:21:03 下次操作: 2023-11-17 00:23:20

2023-11-17 00:23:20 开始第 9252 次操作

2023-11-17 00:23:20 开始操作号码 【1969144】
2023-11-17 00:23:24 GSD getOne 第 1 次 等待 3 秒
2023-11-17 00:23:27 查询号码 【1969144】，返回信息 {"status":"ok","msg":"-","gid":"590219","time_insert":"2023-03-14 13:31"}
2023-11-17 00:23:27 查询号码 【1969144】，GSD为【"-"】
2023-11-17 00:23:27 ok && -
2023-11-17 00:23:30 CHB 1969144?1700151807 第 1 次 等待 3 秒
2023-11-17 00:23:33 CHB 1969144?1700151807 第 1 次 获取到号码【1969144】GSD
2023-11-17 00:23:33 未获取到号码【1969144】GSD，可能号码格式错误
2023-11-17 00:23:33 获取到号码【1969144】的GSD为【-】
2023-11-17 00:23:37 GSD insert 第 1 次 等待 3 秒
2023-11-17 00:23:40 {"status":"bad","gid":"590219","msg":"添加失败！号码【1969144(-|-)】已存在！"}

2023-11-17 00:39:40 开始第 9253 次操作

2023-11-17 00:39:40 开始操作号码 【1969145】
2023-11-17 00:39:45 GSD getOne 第 1 次 等待 3 秒
2023-11-17 00:39:48 查询号码 【1969145】，返回信息 {"status":"ok","msg":"-","gid":"590223","time_insert":"2023-03-14 13:33"}
2023-11-17 00:39:48 查询号码 【1969145】，GSD为【"-"】
2023-11-17 00:39:48 ok && -
2023-11-17 00:39:50 CHB 1969145?1700152788 第 1 次 等待 3 秒
2023-11-17 00:39:53 CHB 1969145?1700152788 第 1 次 获取到号码【1969145】GSD
2023-11-17 00:39:53 未获取到号码【1969145】GSD，可能号码格式错误
2023-11-17 00:39:53 获取到号码【1969145】的GSD为【-】
2023-11-17 00:39:58 GSD insert 第 1 次 等待 3 秒
2023-11-17 00:40:01 {"status":"bad","gid":"590223","msg":"添加失败！号码【1969145(-|-)】已存在！"}
2023-11-17 00:40:01 随机等待 230 秒，约 3 分钟
2023-11-17 00:40:01 下次操作: 2023-11-17 00:43:51

2023-11-17 00:43:51 开始第 9254 次操作

2023-11-17 00:43:51 开始操作号码 【1969146】
2023-11-17 00:43:54 GSD getOne 第 1 次 等待 3 秒
2023-11-17 00:43:57 查询号码 【1969146】，返回信息 {"status":"ok","msg":"-","gid":"590225","time_insert":"2023-03-14 13:35"}
2023-11-17 00:43:57 查询号码 【1969146】，GSD为【"-"】
2023-11-17 00:43:57 ok && -
2023-11-17 00:43:59 CHB 1969146?1700153037 第 1 次 等待 3 秒
2023-11-17 00:44:02 CHB 1969146?1700153037 第 1 次 获取到号码【1969146】GSD
2023-11-17 00:44:02 未获取到号码【1969146】GSD，可能号码格式错误
2023-11-17 00:44:02 获取到号码【1969146】的GSD为【-】
2023-11-17 00:44:06 GSD insert 第 1 次 等待 3 秒
2023-11-17 00:44:09 {"status":"bad","gid":"590225","msg":"添加失败！号码【1969146(-|-)】已存在！"}
2023-11-17 00:44:09 随机等待 186 秒，约 3 分钟
2023-11-17 00:44:09 下次操作: 2023-11-17 00:47:15

2023-11-17 00:47:15 开始第 9255 次操作

2023-11-17 00:47:15 开始操作号码 【1969147】
2023-11-17 00:47:18 GSD getOne 第 1 次 等待 3 秒
2023-11-17 00:47:21 查询号码 【1969147】，返回信息 {"status":"ok","msg":"-","gid":"590228","time_insert":"2023-03-14 13:37"}
2023-11-17 00:47:21 查询号码 【1969147】，GSD为【"-"】
2023-11-17 00:47:21 ok && -
2023-11-17 00:47:23 CHB 1969147?1700153241 第 1 次 等待 3 秒
2023-11-17 00:47:26 CHB 1969147?1700153241 第 1 次 获取到号码【1969147】GSD
2023-11-17 00:47:26 未获取到号码【1969147】GSD，可能号码格式错误
2023-11-17 00:47:26 获取到号码【1969147】的GSD为【-】
2023-11-17 00:47:29 GSD insert 第 1 次 等待 3 秒
2023-11-17 00:47:32 {"status":"bad","gid":"590228","msg":"添加失败！号码【1969147(-|-)】已存在！"}
2023-11-17 00:47:32 随机等待 223 秒，约 3 分钟
2023-11-17 00:47:32 下次操作: 2023-11-17 00:51:15

2023-11-17 00:51:15 开始第 9256 次操作

2023-11-17 00:51:15 开始操作号码 【1969148】
2023-11-17 00:51:18 GSD getOne 第 1 次 等待 3 秒
2023-11-17 00:51:21 查询号码 【1969148】，返回信息 {"status":"ok","msg":"-","gid":"590235","time_insert":"2023-03-14 13:39"}
2023-11-17 00:51:21 查询号码 【1969148】，GSD为【"-"】
2023-11-17 00:51:21 ok && -
2023-11-17 00:51:24 CHB 1969148?1700153481 第 1 次 等待 3 秒
2023-11-17 00:51:27 CHB 1969148?1700153481 第 1 次 获取到号码【1969148】GSD
2023-11-17 00:51:27 未获取到号码【1969148】GSD，可能号码格式错误
2023-11-17 00:51:27 获取到号码【1969148】的GSD为【-】
2023-11-17 00:51:31 GSD insert 第 1 次 等待 3 秒
2023-11-17 00:51:34 {"status":"bad","gid":"590235","msg":"添加失败！号码【1969148(-|-)】已存在！"}

