2023-10-05 00:13:51 开始第 1589 次操作

2023-10-05 00:13:51 开始操作号码 【1961588】
2023-10-05 00:13:55 GSD getOne 第 1 次 等待 3 秒
2023-10-05 00:13:58 查询号码 【1961588】，返回信息 {"status":"ok","msg":"-","gid":"544731","time_insert":"2023-02-21 11:24"}
2023-10-05 00:13:58 查询号码 【1961588】，GSD为【"-"】
2023-10-05 00:13:58 ok && -
2023-10-05 00:14:02 CHB 1961588?1696436038 第 1 次 等待 3 秒
2023-10-05 00:14:05 CHB 1961588?1696436038 第 1 次 获取到号码【1961588】GSD
2023-10-05 00:14:05 未获取到号码【1961588】GSD，可能号码格式错误
2023-10-05 00:14:05 获取到号码【1961588】的GSD为【-】
2023-10-05 00:14:08 GSD insert 第 1 次 等待 3 秒
2023-10-05 00:14:11 {"status":"bad","gid":"544731","msg":"添加失败！号码【1961588(-|-)】已存在！"}
2023-10-05 00:14:11 随机等待 202 秒，约 3 分钟
2023-10-05 00:14:11 下次操作: 2023-10-05 00:17:33

2023-10-05 00:17:33 开始第 1590 次操作

2023-10-05 00:17:33 开始操作号码 【1961589】
2023-10-05 00:17:37 GSD getOne 第 1 次 等待 3 秒
2023-10-05 00:17:40 查询号码 【1961589】，返回信息 {"status":"ok","msg":"-","gid":"544735","time_insert":"2023-02-21 11:26"}
2023-10-05 00:17:40 查询号码 【1961589】，GSD为【"-"】
2023-10-05 00:17:40 ok && -
2023-10-05 00:17:43 CHB 1961589?1696436260 第 1 次 等待 3 秒
2023-10-05 00:17:46 CHB 1961589?1696436260 第 1 次 获取到号码【1961589】GSD
2023-10-05 00:17:46 未获取到号码【1961589】GSD，可能号码格式错误
2023-10-05 00:17:46 获取到号码【1961589】的GSD为【-】
2023-10-05 00:17:49 GSD insert 第 1 次 等待 3 秒
2023-10-05 00:17:52 {"status":"bad","gid":"544735","msg":"添加失败！号码【1961589(-|-)】已存在！"}
2023-10-05 00:17:52 随机等待 162 秒，约 2 分钟
2023-10-05 00:17:52 下次操作: 2023-10-05 00:20:34

2023-10-05 00:20:34 开始第 1591 次操作

2023-10-05 00:20:34 开始操作号码 【1961590】
2023-10-05 00:20:37 GSD getOne 第 1 次 等待 3 秒
2023-10-05 00:20:40 查询号码 【1961590】，返回信息 {"status":"ok","msg":"-","gid":"544738","time_insert":"2023-02-21 11:28"}
2023-10-05 00:20:40 查询号码 【1961590】，GSD为【"-"】
2023-10-05 00:20:40 ok && -
2023-10-05 00:20:43 CHB 1961590?1696436440 第 1 次 等待 3 秒
2023-10-05 00:20:46 CHB 1961590?1696436440 第 1 次 获取到号码【1961590】GSD
2023-10-05 00:20:46 未获取到号码【1961590】GSD，可能号码格式错误
2023-10-05 00:20:46 获取到号码【1961590】的GSD为【-】
2023-10-05 00:20:52 GSD insert 第 1 次 等待 3 秒
2023-10-05 00:20:55 {"status":"bad","gid":"544738","msg":"添加失败！号码【1961590(-|-)】已存在！"}
2023-10-05 00:20:55 随机等待 95 秒，约 1 分钟
2023-10-05 00:20:55 下次操作: 2023-10-05 00:22:30

2023-10-05 00:22:30 开始第 1592 次操作

2023-10-05 00:22:30 开始操作号码 【1961591】
2023-10-05 00:22:33 GSD getOne 第 1 次 等待 3 秒
2023-10-05 00:22:36 查询号码 【1961591】，返回信息 {"status":"ok","msg":"-","gid":"544741","time_insert":"2023-02-21 11:30"}
2023-10-05 00:22:36 查询号码 【1961591】，GSD为【"-"】
2023-10-05 00:22:36 ok && -
2023-10-05 00:22:38 CHB 1961591?1696436556 第 1 次 等待 3 秒
2023-10-05 00:22:41 CHB 1961591?1696436556 第 1 次 获取到号码【1961591】GSD
2023-10-05 00:22:41 未获取到号码【1961591】GSD，可能号码格式错误
2023-10-05 00:22:41 获取到号码【1961591】的GSD为【-】
2023-10-05 00:22:44 GSD insert 第 1 次 等待 3 秒
2023-10-05 00:22:47 {"status":"bad","gid":"544741","msg":"添加失败！号码【1961591(-|-)】已存在！"}

2023-10-05 00:37:25 开始第 1593 次操作

2023-10-05 00:37:25 开始操作号码 【1961592】
2023-10-05 00:37:28 GSD getOne 第 1 次 等待 3 秒
2023-10-05 00:37:31 查询号码 【1961592】，返回信息 {"status":"ok","msg":"-","gid":"544753","time_insert":"2023-02-21 11:37"}
2023-10-05 00:37:31 查询号码 【1961592】，GSD为【"-"】
2023-10-05 00:37:31 ok && -
2023-10-05 00:37:34 CHB 1961592?1696437451 第 1 次 等待 3 秒
2023-10-05 00:37:37 CHB 1961592?1696437451 第 1 次 获取到号码【1961592】GSD
2023-10-05 00:37:37 未获取到号码【1961592】GSD，可能号码格式错误
2023-10-05 00:37:37 获取到号码【1961592】的GSD为【-】
2023-10-05 00:37:41 GSD insert 第 1 次 等待 3 秒
2023-10-05 00:37:44 {"status":"bad","gid":"544753","msg":"添加失败！号码【1961592(-|-)】已存在！"}
2023-10-05 00:37:44 随机等待 218 秒，约 3 分钟
2023-10-05 00:37:44 下次操作: 2023-10-05 00:41:22

2023-10-05 00:41:22 开始第 1594 次操作

2023-10-05 00:41:22 开始操作号码 【1961593】
2023-10-05 00:41:27 GSD getOne 第 1 次 等待 3 秒
2023-10-05 00:41:30 查询号码 【1961593】，返回信息 {"status":"ok","msg":"-","gid":"544757","time_insert":"2023-02-21 11:39"}
2023-10-05 00:41:30 查询号码 【1961593】，GSD为【"-"】
2023-10-05 00:41:30 ok && -
2023-10-05 00:41:32 CHB 1961593?1696437690 第 1 次 等待 3 秒
2023-10-05 00:41:35 CHB 1961593?1696437690 第 1 次 获取到号码【1961593】GSD
2023-10-05 00:41:35 未获取到号码【1961593】GSD，可能号码格式错误
2023-10-05 00:41:35 获取到号码【1961593】的GSD为【-】
2023-10-05 00:41:39 GSD insert 第 1 次 等待 3 秒
2023-10-05 00:41:42 {"status":"bad","gid":"544757","msg":"添加失败！号码【1961593(-|-)】已存在！"}
2023-10-05 00:41:42 随机等待 131 秒，约 2 分钟
2023-10-05 00:41:42 下次操作: 2023-10-05 00:43:53

2023-10-05 00:43:53 开始第 1595 次操作

2023-10-05 00:43:53 开始操作号码 【1961594】
2023-10-05 00:43:56 GSD getOne 第 1 次 等待 3 秒
2023-10-05 00:43:59 查询号码 【1961594】，返回信息 {"status":"ok","msg":"-","gid":"544761","time_insert":"2023-02-21 11:43"}
2023-10-05 00:43:59 查询号码 【1961594】，GSD为【"-"】
2023-10-05 00:43:59 ok && -
2023-10-05 00:44:02 CHB 1961594?1696437839 第 1 次 等待 3 秒
2023-10-05 00:44:05 CHB 1961594?1696437839 第 1 次 获取到号码【1961594】GSD
2023-10-05 00:44:05 未获取到号码【1961594】GSD，可能号码格式错误
2023-10-05 00:44:05 获取到号码【1961594】的GSD为【-】
2023-10-05 00:44:11 GSD insert 第 1 次 等待 3 秒
2023-10-05 00:44:14 {"status":"bad","gid":"544761","msg":"添加失败！号码【1961594(-|-)】已存在！"}
2023-10-05 00:44:14 随机等待 83 秒，约 1 分钟
2023-10-05 00:44:14 下次操作: 2023-10-05 00:45:37

2023-10-05 00:45:37 开始第 1596 次操作

2023-10-05 00:45:37 开始操作号码 【1961595】
2023-10-05 00:45:40 GSD getOne 第 1 次 等待 3 秒
2023-10-05 00:45:43 查询号码 【1961595】，返回信息 {"status":"ok","msg":"-","gid":"544767","time_insert":"2023-02-21 11:45"}
2023-10-05 00:45:43 查询号码 【1961595】，GSD为【"-"】
2023-10-05 00:45:43 ok && -
2023-10-05 00:45:49 CHB 1961595?1696437943 第 1 次 等待 3 秒
2023-10-05 00:45:52 CHB 1961595?1696437943 第 1 次 获取到号码【1961595】GSD
2023-10-05 00:45:52 未获取到号码【1961595】GSD，可能号码格式错误
2023-10-05 00:45:52 获取到号码【1961595】的GSD为【-】
2023-10-05 00:45:55 GSD insert 第 1 次 等待 3 秒
2023-10-05 00:45:58 {"status":"bad","gid":"544767","msg":"添加失败！号码【1961595(-|-)】已存在！"}

