2024-03-25 00:11:59 开始第 107 次操作
2024-03-25 00:11:59 号码【175（0000 ---> 9999）】处理完毕
2024-03-25 00:34:04 开始第 107 次操作
2024-03-25 00:34:04 号码【175（0000 ---> 9999）】处理完毕
2024-03-25 01:09:31 开始第 107 次操作
2024-03-25 01:09:31 号码【175（0000 ---> 9999）】处理完毕
2024-03-25 01:35:06 开始第 107 次操作
2024-03-25 01:35:06 号码【175（0000 ---> 9999）】处理完毕
2024-03-25 02:14:48 开始第 107 次操作
2024-03-25 02:14:48 号码【175（0000 ---> 9999）】处理完毕
2024-03-25 02:34:30 开始第 107 次操作
2024-03-25 02:34:30 号码【175（0000 ---> 9999）】处理完毕
2024-03-25 03:09:44 开始第 107 次操作
2024-03-25 03:09:44 号码【175（0000 ---> 9999）】处理完毕
2024-03-25 03:33:58 开始第 107 次操作
2024-03-25 03:33:58 号码【175（0000 ---> 9999）】处理完毕
2024-03-25 04:10:04 开始第 107 次操作
2024-03-25 04:10:04 号码【175（0000 ---> 9999）】处理完毕
2024-03-25 04:35:17 开始第 107 次操作
2024-03-25 04:35:17 号码【175（0000 ---> 9999）】处理完毕
2024-03-25 05:08:50 开始第 107 次操作
2024-03-25 05:08:50 号码【175（0000 ---> 9999）】处理完毕
2024-03-25 05:34:15 开始第 107 次操作
2024-03-25 05:34:15 号码【175（0000 ---> 9999）】处理完毕
2024-03-25 06:10:57 开始第 107 次操作
2024-03-25 06:10:57 号码【175（0000 ---> 9999）】处理完毕
2024-03-25 06:34:48 开始第 107 次操作
2024-03-25 06:34:48 号码【175（0000 ---> 9999）】处理完毕
2024-03-25 07:11:52 开始第 107 次操作
2024-03-25 07:11:52 号码【175（0000 ---> 9999）】处理完毕
2024-03-25 07:34:28 开始第 107 次操作
2024-03-25 07:34:28 号码【175（0000 ---> 9999）】处理完毕
2024-03-25 08:50:19 开始第 107 次操作
2024-03-25 08:50:19 号码【175（0000 ---> 9999）】处理完毕
2024-03-25 09:46:42 开始第 107 次操作
2024-03-25 09:46:42 号码【175（0000 ---> 9999）】处理完毕
2024-03-25 10:19:39 开始第 107 次操作
2024-03-25 10:19:39 号码【175（0000 ---> 9999）】处理完毕
2024-03-25 10:36:16 开始第 107 次操作
2024-03-25 10:36:16 号码【175（0000 ---> 9999）】处理完毕
2024-03-25 11:13:16 开始第 107 次操作
2024-03-25 11:13:16 号码【175（0000 ---> 9999）】处理完毕
2024-03-25 11:34:22 开始第 107 次操作
2024-03-25 11:34:22 号码【175（0000 ---> 9999）】处理完毕
2024-03-25 12:13:37 开始第 107 次操作
2024-03-25 12:13:37 号码【175（0000 ---> 9999）】处理完毕
2024-03-25 12:35:03 开始第 107 次操作
2024-03-25 12:35:03 号码【175（0000 ---> 9999）】处理完毕
2024-03-25 13:11:53 开始第 107 次操作
2024-03-25 13:11:53 号码【175（0000 ---> 9999）】处理完毕
2024-03-25 13:33:52 开始第 107 次操作
2024-03-25 13:33:52 号码【175（0000 ---> 9999）】处理完毕
2024-03-25 13:59:36 开始第 107 次操作

2024-03-25 13:59:36 开始操作号码 【1640001】
2024-03-25 13:59:41 GSD getOne 第 1 次 等待 3 秒
2024-03-25 13:59:44 查询号码 【1640001】，返回信息 {"status":"ok","msg":"-","gid":"521439","time_insert":"2023-02-08 11:31"}
2024-03-25 13:59:44 查询号码 【1640001】，GSD为【"-"】
2024-03-25 13:59:44 ok && -
2024-03-25 13:59:47 CHB 1640001?1711346384 第 1 次 等待 3 秒
2024-03-25 13:59:50 CHB 1640001?1711346384 第 1 次 获取到号码【1640001】GSD
2024-03-25 13:59:50 未获取到号码【1640001】GSD，可能号码格式错误
2024-03-25 13:59:50 获取到号码【1640001】的GSD为【-】
2024-03-25 13:59:55 GSD insert 第 1 次 等待 3 秒
2024-03-25 13:59:58 {"status":"bad","gid":"521439","msg":"添加失败！号码【1640001(-|-)】已存在！"}
2024-03-25 13:59:58 随机等待 132 秒，约 2 分钟
2024-03-25 13:59:58 下次操作: 2024-03-25 14:02:10

2024-03-25 14:02:10 开始第 108 次操作

2024-03-25 14:02:10 开始操作号码 【1640002】
2024-03-25 14:02:15 GSD getOne 第 1 次 等待 3 秒
2024-03-25 14:02:18 查询号码 【1640002】，返回信息 {"status":"ok","msg":"-","gid":"521451","time_insert":"2023-02-08 11:41"}
2024-03-25 14:02:19 查询号码 【1640002】，GSD为【"-"】
2024-03-25 14:02:19 ok && -
2024-03-25 14:02:21 CHB 1640002?1711346539 第 1 次 等待 3 秒
2024-03-25 14:02:24 CHB 1640002?1711346539 第 1 次 获取到号码【1640002】GSD
2024-03-25 14:02:24 未获取到号码【1640002】GSD，可能号码格式错误
2024-03-25 14:02:24 获取到号码【1640002】的GSD为【-】
2024-03-25 14:02:29 GSD insert 第 1 次 等待 3 秒
2024-03-25 14:02:32 {"status":"bad","gid":"521451","msg":"添加失败！号码【1640002(-|-)】已存在！"}

