2024-05-01 00:14:30 开始第 6637 次操作

2024-05-01 00:14:30 开始操作号码 【1646531】
2024-05-01 00:14:37 GSD getOne 第 1 次 等待 3 秒
2024-05-01 00:14:40 查询号码 【1646531】，返回信息 {"status":"ok","msg":"-","gid":"658894","time_insert":"2023-04-17 00:01"}
2024-05-01 00:14:41 查询号码 【1646531】，GSD为【"-"】
2024-05-01 00:14:41 ok && -
2024-05-01 00:14:43 CHB 1646531?1714493681 第 1 次 等待 3 秒
2024-05-01 00:14:46 CHB 1646531?1714493681 第 1 次 获取到号码【1646531】GSD
2024-05-01 00:14:46 未获取到号码【1646531】GSD，可能号码格式错误
2024-05-01 00:14:47 获取到号码【1646531】的GSD为【-】
2024-05-01 00:14:52 GSD insert 第 1 次 等待 3 秒
2024-05-01 00:14:55 {"status":"bad","gid":"658894","msg":"添加失败！号码【1646531(-|-)】已存在！"}
2024-05-01 00:14:55 随机等待 148 秒，约 2 分钟
2024-05-01 00:14:55 下次操作: 2024-05-01 00:17:23

2024-05-01 00:17:23 开始第 6638 次操作

2024-05-01 00:17:23 开始操作号码 【1646532】
2024-05-01 00:17:28 GSD getOne 第 1 次 等待 3 秒
2024-05-01 00:17:31 查询号码 【1646532】，返回信息 {"status":"ok","msg":"-","gid":"658920","time_insert":"2023-04-17 00:22"}
2024-05-01 00:17:31 查询号码 【1646532】，GSD为【"-"】
2024-05-01 00:17:31 ok && -
2024-05-01 00:17:34 CHB 1646532?1714493851 第 1 次 等待 3 秒
2024-05-01 00:17:37 CHB 1646532?1714493851 第 1 次 获取到号码【1646532】GSD
2024-05-01 00:17:37 未获取到号码【1646532】GSD，可能号码格式错误
2024-05-01 00:17:37 获取到号码【1646532】的GSD为【-】
2024-05-01 00:17:43 GSD insert 第 1 次 等待 3 秒
2024-05-01 00:17:46 {"status":"bad","gid":"658920","msg":"添加失败！号码【1646532(-|-)】已存在！"}
2024-05-01 00:17:46 随机等待 79 秒，约 1 分钟
2024-05-01 00:17:46 下次操作: 2024-05-01 00:19:05

2024-05-01 00:19:05 开始第 6639 次操作

2024-05-01 00:19:05 开始操作号码 【1646533】
2024-05-01 00:19:22 GSD getOne 第 1 次 等待 3 秒
2024-05-01 00:19:25 查询号码 【1646533】，返回信息 {"status":"ok","msg":"-","gid":"658936","time_insert":"2023-04-17 00:33"}
2024-05-01 00:19:25 查询号码 【1646533】，GSD为【"-"】
2024-05-01 00:19:25 ok && -
2024-05-01 00:19:27 CHB 1646533?1714493965 第 1 次 等待 3 秒
2024-05-01 00:19:30 CHB 1646533?1714493965 第 1 次 获取到号码【1646533】GSD
2024-05-01 00:19:31 未获取到号码【1646533】GSD，可能号码格式错误
2024-05-01 00:19:31 获取到号码【1646533】的GSD为【-】
2024-05-01 00:19:37 GSD insert 第 1 次 等待 3 秒
2024-05-01 00:19:40 {"status":"bad","gid":"658936","msg":"添加失败！号码【1646533(-|-)】已存在！"}
2024-05-01 00:19:40 随机等待 201 秒，约 3 分钟
2024-05-01 00:19:40 下次操作: 2024-05-01 00:23:01

2024-05-01 00:23:01 开始第 6640 次操作

2024-05-01 00:23:01 开始操作号码 【1646534】
2024-05-01 00:23:09 GSD getOne 第 1 次 等待 3 秒
2024-05-01 00:23:12 查询号码 【1646534】，返回信息 {"status":"ok","msg":"-","gid":"658970","time_insert":"2023-04-17 00:53"}
2024-05-01 00:23:12 查询号码 【1646534】，GSD为【"-"】
2024-05-01 00:23:12 ok && -
2024-05-01 00:23:15 CHB 1646534?1714494192 第 1 次 等待 3 秒
2024-05-01 00:23:18 CHB 1646534?1714494192 第 1 次 获取到号码【1646534】GSD
2024-05-01 00:23:18 未获取到号码【1646534】GSD，可能号码格式错误
2024-05-01 00:23:18 获取到号码【1646534】的GSD为【-】
2024-05-01 00:23:28 GSD insert 第 1 次 等待 3 秒
2024-05-01 00:23:31 {"status":"bad","gid":"658970","msg":"添加失败！号码【1646534(-|-)】已存在！"}

2024-05-01 00:37:44 开始第 6641 次操作

2024-05-01 00:37:44 开始操作号码 【1646535】
2024-05-01 00:37:53 GSD getOne 第 1 次 等待 3 秒
2024-05-01 00:37:56 查询号码 【1646535】，返回信息 {"status":"ok","msg":"-","gid":"659000","time_insert":"2023-04-17 01:13"}
2024-05-01 00:37:56 查询号码 【1646535】，GSD为【"-"】
2024-05-01 00:37:56 ok && -
2024-05-01 00:37:58 CHB 1646535?1714495076 第 1 次 等待 3 秒
2024-05-01 00:38:01 CHB 1646535?1714495076 第 1 次 获取到号码【1646535】GSD
2024-05-01 00:38:01 未获取到号码【1646535】GSD，可能号码格式错误
2024-05-01 00:38:01 获取到号码【1646535】的GSD为【-】
2024-05-01 00:38:08 GSD insert 第 1 次 等待 3 秒
2024-05-01 00:38:11 {"status":"bad","gid":"659000","msg":"添加失败！号码【1646535(-|-)】已存在！"}
2024-05-01 00:38:11 随机等待 126 秒，约 2 分钟
2024-05-01 00:38:11 下次操作: 2024-05-01 00:40:17

2024-05-01 00:40:17 开始第 6642 次操作

2024-05-01 00:40:17 开始操作号码 【1646536】
2024-05-01 00:40:23 GSD getOne 第 1 次 等待 3 秒
2024-05-01 00:40:26 查询号码 【1646536】，返回信息 {"status":"ok","msg":"-","gid":"659033","time_insert":"2023-04-17 01:34"}
2024-05-01 00:40:26 查询号码 【1646536】，GSD为【"-"】
2024-05-01 00:40:26 ok && -
2024-05-01 00:40:32 CHB 1646536?1714495226 第 1 次 等待 3 秒
2024-05-01 00:40:35 CHB 1646536?1714495226 第 1 次 获取到号码【1646536】GSD
2024-05-01 00:40:35 未获取到号码【1646536】GSD，可能号码格式错误
2024-05-01 00:40:35 获取到号码【1646536】的GSD为【-】
2024-05-01 00:40:50 GSD insert 第 1 次 等待 3 秒
2024-05-01 00:40:53 {"status":"bad","gid":"659033","msg":"添加失败！号码【1646536(-|-)】已存在！"}
2024-05-01 00:40:53 随机等待 166 秒，约 2 分钟
2024-05-01 00:40:53 下次操作: 2024-05-01 00:43:39

2024-05-01 00:43:39 开始第 6643 次操作

2024-05-01 00:43:39 开始操作号码 【1646537】
2024-05-01 00:43:44 GSD getOne 第 1 次 等待 3 秒
2024-05-01 00:43:47 查询号码 【1646537】，返回信息 {"status":"ok","msg":"-","gid":"659064","time_insert":"2023-04-17 01:52"}
2024-05-01 00:43:47 查询号码 【1646537】，GSD为【"-"】
2024-05-01 00:43:47 ok && -
2024-05-01 00:43:49 CHB 1646537?1714495427 第 1 次 等待 3 秒
2024-05-01 00:43:52 CHB 1646537?1714495427 第 1 次 获取到号码【1646537】GSD
2024-05-01 00:43:52 未获取到号码【1646537】GSD，可能号码格式错误
2024-05-01 00:43:52 获取到号码【1646537】的GSD为【-】
2024-05-01 00:43:59 GSD insert 第 1 次 等待 3 秒
2024-05-01 00:44:02 {"status":"bad","gid":"659064","msg":"添加失败！号码【1646537(-|-)】已存在！"}
2024-05-01 00:44:02 随机等待 69 秒，约 1 分钟
2024-05-01 00:44:02 下次操作: 2024-05-01 00:45:11

2024-05-01 00:45:11 开始第 6644 次操作

2024-05-01 00:45:11 开始操作号码 【1646538】
2024-05-01 00:45:16 GSD getOne 第 1 次 等待 3 秒
2024-05-01 00:45:19 查询号码 【1646538】，返回信息 {"status":"ok","msg":"-","gid":"659092","time_insert":"2023-04-17 02:13"}
2024-05-01 00:45:19 查询号码 【1646538】，GSD为【"-"】
2024-05-01 00:45:19 ok && -
2024-05-01 00:45:23 CHB 1646538?1714495519 第 1 次 等待 3 秒
2024-05-01 00:45:26 CHB 1646538?1714495519 第 1 次 获取到号码【1646538】GSD
2024-05-01 00:45:26 未获取到号码【1646538】GSD，可能号码格式错误
2024-05-01 00:45:26 获取到号码【1646538】的GSD为【-】
2024-05-01 00:45:32 GSD insert 第 1 次 等待 3 秒
2024-05-01 00:45:35 {"status":"bad","gid":"659092","msg":"添加失败！号码【1646538(-|-)】已存在！"}

