2021-07-23 00:00:16 开始第 20 次操作

2021-07-23 00:00:16 开始操作号码 【1469380】
2021-07-23 00:00:21 GSD getOne 第 1 次 等待 3 秒
2021-07-23 00:00:24 查询号码 【1469380】，返回信息 {"status":"bad","msg":""}
2021-07-23 00:00:24 查询号码 【1469380】，GSD为【""】
2021-07-23 00:00:24 bad
2021-07-23 00:00:26 CHB 1469380?1626969624 第 1 次 等待 3 秒
2021-07-23 00:00:29 CHB 1469380?1626969624 第 1 次 获取到号码【1469380】GSD
2021-07-23 00:00:29 未获取到号码【1469380】GSD，可能号码格式错误
2021-07-23 00:00:29 获取到号码【1469380】的GSD为【-】
2021-07-23 00:00:34 GSD insert 第 1 次 等待 3 秒
2021-07-23 00:00:37 {"status":"ok","gid":360189,"msg":"添加成功！"}
2021-07-23 00:00:37 下次操作: 2021-07-23 00:00:50

2021-07-23 00:00:50 开始第 21 次操作

2021-07-23 00:00:50 开始操作号码 【1469379】
2021-07-23 00:00:55 GSD getOne 第 1 次 等待 3 秒
2021-07-23 00:00:58 查询号码 【1469379】，返回信息 {"status":"bad","msg":""}
2021-07-23 00:00:58 查询号码 【1469379】，GSD为【""】
2021-07-23 00:00:58 bad
2021-07-23 00:01:00 CHB 1469379?1626969658 第 1 次 等待 3 秒
2021-07-23 00:01:03 CHB 1469379?1626969658 第 1 次 获取到号码【1469379】GSD
2021-07-23 00:01:03 未获取到号码【1469379】GSD，可能号码格式错误
2021-07-23 00:01:03 获取到号码【1469379】的GSD为【-】
2021-07-23 00:01:06 GSD insert 第 1 次 等待 3 秒
2021-07-23 00:01:09 {"status":"ok","gid":360198,"msg":"添加成功！"}
2021-07-23 00:01:09 下次操作: 2021-07-23 00:01:30

2021-07-23 00:01:30 开始第 22 次操作

2021-07-23 00:01:30 开始操作号码 【1469378】
2021-07-23 00:01:35 GSD getOne 第 1 次 等待 3 秒
2021-07-23 00:01:38 查询号码 【1469378】，返回信息 {"status":"bad","msg":""}
2021-07-23 00:01:38 查询号码 【1469378】，GSD为【""】
2021-07-23 00:01:38 bad
2021-07-23 00:01:40 CHB 1469378?1626969698 第 1 次 等待 3 秒
2021-07-23 00:01:43 CHB 1469378?1626969698 第 1 次 获取到号码【1469378】GSD
2021-07-23 00:01:43 未获取到号码【1469378】GSD，可能号码格式错误
2021-07-23 00:01:43 获取到号码【1469378】的GSD为【-】
2021-07-23 00:01:46 GSD insert 第 1 次 等待 3 秒
2021-07-23 00:01:49 {"status":"ok","gid":360206,"msg":"添加成功！"}
2021-07-23 00:01:49 下次操作: 2021-07-23 00:02:05

2021-07-23 00:02:05 开始第 23 次操作

2021-07-23 00:02:05 开始操作号码 【1469377】
2021-07-23 00:02:07 GSD getOne 第 1 次 等待 3 秒
2021-07-23 00:02:10 查询号码 【1469377】，返回信息 {"status":"bad","msg":""}
2021-07-23 00:02:11 查询号码 【1469377】，GSD为【""】
2021-07-23 00:02:11 bad
2021-07-23 00:02:12 CHB 1469377?1626969731 第 1 次 等待 3 秒
2021-07-23 00:02:15 CHB 1469377?1626969731 第 1 次 获取到号码【1469377】GSD
2021-07-23 00:02:15 未获取到号码【1469377】GSD，可能号码格式错误
2021-07-23 00:02:15 获取到号码【1469377】的GSD为【-】
2021-07-23 00:02:19 GSD insert 第 1 次 等待 3 秒
2021-07-23 00:02:22 {"status":"ok","gid":360210,"msg":"添加成功！"}
2021-07-23 00:02:22 下次操作: 2021-07-23 00:02:42

2021-07-23 00:02:42 开始第 24 次操作

2021-07-23 00:02:42 开始操作号码 【1469376】
2021-07-23 00:02:45 GSD getOne 第 1 次 等待 3 秒
2021-07-23 00:02:48 查询号码 【1469376】，返回信息 {"status":"bad","msg":""}
2021-07-23 00:02:48 查询号码 【1469376】，GSD为【""】
2021-07-23 00:02:48 bad
2021-07-23 00:02:50 CHB 1469376?1626969768 第 1 次 等待 3 秒
2021-07-23 00:02:53 CHB 1469376?1626969768 第 1 次 获取到号码【1469376】GSD
2021-07-23 00:02:53 未获取到号码【1469376】GSD，可能号码格式错误
2021-07-23 00:02:53 获取到号码【1469376】的GSD为【-】
2021-07-23 00:02:56 GSD insert 第 1 次 等待 3 秒
2021-07-23 00:02:59 {"status":"ok","gid":360221,"msg":"添加成功！"}
2021-07-23 00:02:59 下次操作: 2021-07-23 00:03:14

2021-07-23 00:03:14 开始第 25 次操作

2021-07-23 00:03:14 开始操作号码 【1469375】
2021-07-23 00:03:17 GSD getOne 第 1 次 等待 3 秒
2021-07-23 00:03:20 查询号码 【1469375】，返回信息 {"status":"bad","msg":""}
2021-07-23 00:03:20 查询号码 【1469375】，GSD为【""】
2021-07-23 00:03:20 bad
2021-07-23 00:03:22 CHB 1469375?1626969800 第 1 次 等待 3 秒
2021-07-23 00:03:25 CHB 1469375?1626969800 第 1 次 获取到号码【1469375】GSD
2021-07-23 00:03:25 未获取到号码【1469375】GSD，可能号码格式错误
2021-07-23 00:03:25 获取到号码【1469375】的GSD为【-】
2021-07-23 00:03:30 GSD insert 第 1 次 等待 3 秒
2021-07-23 00:03:33 {"status":"ok","gid":360228,"msg":"添加成功！"}
2021-07-23 00:03:33 下次操作: 2021-07-23 00:03:47

2021-07-23 00:03:47 开始第 26 次操作

2021-07-23 00:03:47 开始操作号码 【1469374】
2021-07-23 00:03:50 GSD getOne 第 1 次 等待 3 秒
2021-07-23 00:03:53 查询号码 【1469374】，返回信息 {"status":"bad","msg":""}
2021-07-23 00:03:53 查询号码 【1469374】，GSD为【""】
2021-07-23 00:03:53 bad
2021-07-23 00:03:55 CHB 1469374?1626969833 第 1 次 等待 3 秒
2021-07-23 00:03:58 CHB 1469374?1626969833 第 1 次 获取到号码【1469374】GSD
2021-07-23 00:03:58 未获取到号码【1469374】GSD，可能号码格式错误
2021-07-23 00:03:58 获取到号码【1469374】的GSD为【-】
2021-07-23 00:04:01 GSD insert 第 1 次 等待 3 秒
2021-07-23 00:04:04 {"status":"ok","gid":360233,"msg":"添加成功！"}
2021-07-23 00:04:04 下次操作: 2021-07-23 00:04:28

2021-07-23 00:04:28 开始第 27 次操作

2021-07-23 00:04:28 开始操作号码 【1469373】
2021-07-23 00:04:30 GSD getOne 第 1 次 等待 3 秒
2021-07-23 00:04:33 查询号码 【1469373】，返回信息 {"status":"bad","msg":""}
2021-07-23 00:04:34 查询号码 【1469373】，GSD为【""】
2021-07-23 00:04:34 bad
2021-07-23 00:04:35 CHB 1469373?1626969874 第 1 次 等待 3 秒
2021-07-23 00:04:38 CHB 1469373?1626969874 第 1 次 获取到号码【1469373】GSD
2021-07-23 00:04:38 未获取到号码【1469373】GSD，可能号码格式错误
2021-07-23 00:04:38 获取到号码【1469373】的GSD为【-】
2021-07-23 00:04:41 GSD insert 第 1 次 等待 3 秒
2021-07-23 00:04:44 {"status":"ok","gid":360244,"msg":"添加成功！"}
2021-07-23 00:04:44 下次操作: 2021-07-23 00:05:03

2021-07-23 00:05:03 开始第 28 次操作

2021-07-23 00:05:03 开始操作号码 【1469372】
2021-07-23 00:05:11 GSD getOne 第 1 次 等待 3 秒
2021-07-23 00:05:14 查询号码 【1469372】，返回信息 {"status":"bad","msg":""}
2021-07-23 00:05:14 查询号码 【1469372】，GSD为【""】
2021-07-23 00:05:14 bad
2021-07-23 00:05:15 CHB 1469372?1626969914 第 1 次 等待 3 秒
2021-07-23 00:05:18 CHB 1469372?1626969914 第 1 次 获取到号码【1469372】GSD
2021-07-23 00:05:18 未获取到号码【1469372】GSD，可能号码格式错误
2021-07-23 00:05:18 获取到号码【1469372】的GSD为【-】
2021-07-23 00:05:36 GSD insert 第 1 次 等待 3 秒
2021-07-23 00:05:39 {"status":"ok","gid":360254,"msg":"添加成功！"}
2021-07-23 00:05:39 下次操作: 2021-07-23 00:05:54

2021-07-23 00:05:54 开始第 29 次操作

2021-07-23 00:05:54 开始操作号码 【1469371】
2021-07-23 00:05:59 GSD getOne 第 1 次 等待 3 秒
2021-07-23 00:06:03 查询号码 【1469371】，返回信息 {"status":"bad","msg":""}
2021-07-23 00:06:03 查询号码 【1469371】，GSD为【""】
2021-07-23 00:06:03 bad
2021-07-23 00:06:04 CHB 1469371?1626969963 第 1 次 等待 3 秒
2021-07-23 00:06:07 CHB 1469371?1626969963 第 1 次 获取到号码【1469371】GSD
2021-07-23 00:06:07 未获取到号码【1469371】GSD，可能号码格式错误
2021-07-23 00:06:07 获取到号码【1469371】的GSD为【-】
2021-07-23 00:06:10 GSD insert 第 1 次 等待 3 秒
2021-07-23 00:06:13 {"status":"ok","gid":360262,"msg":"添加成功！"}
2021-07-23 00:06:13 下次操作: 2021-07-23 00:06:31

2021-07-23 00:06:31 开始第 30 次操作

2021-07-23 00:06:31 开始操作号码 【1469370】
2021-07-23 00:06:34 GSD getOne 第 1 次 等待 3 秒
2021-07-23 00:06:37 查询号码 【1469370】，返回信息 {"status":"bad","msg":""}
2021-07-23 00:06:37 查询号码 【1469370】，GSD为【""】
2021-07-23 00:06:37 bad
2021-07-23 00:06:39 CHB 1469370?1626969997 第 1 次 等待 3 秒
2021-07-23 00:06:42 CHB 1469370?1626969997 第 1 次 获取到号码【1469370】GSD
2021-07-23 00:06:42 未获取到号码【1469370】GSD，可能号码格式错误
2021-07-23 00:06:42 获取到号码【1469370】的GSD为【-】
2021-07-23 00:06:48 GSD insert 第 1 次 等待 3 秒
2021-07-23 00:06:51 {"status":"ok","gid":360269,"msg":"添加成功！"}
2021-07-23 00:06:51 下次操作: 2021-07-23 00:07:04

2021-07-23 00:07:04 开始第 31 次操作

2021-07-23 00:07:04 开始操作号码 【1469369】
2021-07-23 00:07:08 GSD getOne 第 1 次 等待 3 秒
2021-07-23 00:07:11 查询号码 【1469369】，返回信息 {"status":"bad","msg":""}
2021-07-23 00:07:11 查询号码 【1469369】，GSD为【""】
2021-07-23 00:07:11 bad
2021-07-23 00:07:13 CHB 1469369?1626970031 第 1 次 等待 3 秒
2021-07-23 00:07:16 CHB 1469369?1626970031 第 1 次 获取到号码【1469369】GSD
2021-07-23 00:07:16 未获取到号码【1469369】GSD，可能号码格式错误
2021-07-23 00:07:16 获取到号码【1469369】的GSD为【-】
2021-07-23 00:07:20 GSD insert 第 1 次 等待 3 秒
2021-07-23 00:07:23 {"status":"ok","gid":360277,"msg":"添加成功！"}
2021-07-23 00:07:23 下次操作: 2021-07-23 00:07:39

2021-07-23 00:07:39 开始第 32 次操作

2021-07-23 00:07:39 开始操作号码 【1469368】
2021-07-23 00:07:42 GSD getOne 第 1 次 等待 3 秒
2021-07-23 00:07:45 查询号码 【1469368】，返回信息 {"status":"bad","msg":""}
2021-07-23 00:07:45 查询号码 【1469368】，GSD为【""】
2021-07-23 00:07:45 bad
2021-07-23 00:07:47 CHB 1469368?1626970065 第 1 次 等待 3 秒
2021-07-23 00:07:50 CHB 1469368?1626970065 第 1 次 获取到号码【1469368】GSD
2021-07-23 00:07:50 未获取到号码【1469368】GSD，可能号码格式错误
2021-07-23 00:07:50 获取到号码【1469368】的GSD为【-】
2021-07-23 00:07:52 GSD insert 第 1 次 等待 3 秒
2021-07-23 00:07:55 {"status":"ok","gid":360285,"msg":"添加成功！"}
2021-07-23 00:07:55 下次操作: 2021-07-23 00:08:13

2021-07-23 00:08:13 开始第 33 次操作

2021-07-23 00:08:13 开始操作号码 【1469367】
2021-07-23 00:08:18 GSD getOne 第 1 次 等待 3 秒
2021-07-23 00:08:21 查询号码 【1469367】，返回信息 {"status":"bad","msg":""}
2021-07-23 00:08:21 查询号码 【1469367】，GSD为【""】
2021-07-23 00:08:21 bad
2021-07-23 00:08:23 CHB 1469367?1626970101 第 1 次 等待 3 秒
2021-07-23 00:08:26 CHB 1469367?1626970101 第 1 次 获取到号码【1469367】GSD
2021-07-23 00:08:26 未获取到号码【1469367】GSD，可能号码格式错误
2021-07-23 00:08:26 获取到号码【1469367】的GSD为【-】
2021-07-23 00:08:29 GSD insert 第 1 次 等待 3 秒
2021-07-23 00:08:32 {"status":"ok","gid":360294,"msg":"添加成功！"}
2021-07-23 00:08:32 下次操作: 2021-07-23 00:08:54

2021-07-23 00:08:54 开始第 34 次操作

2021-07-23 00:08:54 开始操作号码 【1469366】
2021-07-23 00:08:57 GSD getOne 第 1 次 等待 3 秒
2021-07-23 00:09:00 查询号码 【1469366】，返回信息 {"status":"bad","msg":""}
2021-07-23 00:09:00 查询号码 【1469366】，GSD为【""】
2021-07-23 00:09:00 bad
2021-07-23 00:09:01 CHB 1469366?1626970140 第 1 次 等待 3 秒
2021-07-23 00:09:04 CHB 1469366?1626970140 第 1 次 获取到号码【1469366】GSD
2021-07-23 00:09:04 未获取到号码【1469366】GSD，可能号码格式错误
2021-07-23 00:09:04 获取到号码【1469366】的GSD为【-】
2021-07-23 00:09:10 GSD insert 第 1 次 等待 3 秒
2021-07-23 00:09:13 {"status":"ok","gid":360302,"msg":"添加成功！"}
2021-07-23 00:09:13 下次操作: 2021-07-23 00:09:37

2021-07-23 00:09:37 开始第 35 次操作

2021-07-23 00:09:37 开始操作号码 【1469365】
2021-07-23 00:09:40 GSD getOne 第 1 次 等待 3 秒
2021-07-23 00:09:43 查询号码 【1469365】，返回信息 {"status":"bad","msg":""}
2021-07-23 00:09:43 查询号码 【1469365】，GSD为【""】
2021-07-23 00:09:43 bad
2021-07-23 00:09:45 CHB 1469365?1626970183 第 1 次 等待 3 秒
2021-07-23 00:09:48 CHB 1469365?1626970183 第 1 次 获取到号码【1469365】GSD
2021-07-23 00:09:48 未获取到号码【1469365】GSD，可能号码格式错误
2021-07-23 00:09:48 获取到号码【1469365】的GSD为【-】
2021-07-23 00:09:53 GSD insert 第 1 次 等待 3 秒
2021-07-23 00:09:56 {"status":"ok","gid":360312,"msg":"添加成功！"}
2021-07-23 00:09:56 下次操作: 2021-07-23 00:10:17

2021-07-23 00:10:17 开始第 36 次操作

2021-07-23 00:10:17 开始操作号码 【1469364】
2021-07-23 00:10:20 GSD getOne 第 1 次 等待 3 秒
2021-07-23 00:10:23 查询号码 【1469364】，返回信息 {"status":"bad","msg":""}
2021-07-23 00:10:23 查询号码 【1469364】，GSD为【""】
2021-07-23 00:10:23 bad
2021-07-23 00:10:25 CHB 1469364?1626970223 第 1 次 等待 3 秒
2021-07-23 00:10:28 CHB 1469364?1626970223 第 1 次 获取到号码【1469364】GSD
2021-07-23 00:10:28 未获取到号码【1469364】GSD，可能号码格式错误
2021-07-23 00:10:28 获取到号码【1469364】的GSD为【-】
2021-07-23 00:10:39 GSD insert 第 1 次 等待 3 秒
2021-07-23 00:10:42 {"status":"ok","gid":360322,"msg":"添加成功！"}
2021-07-23 00:10:42 下次操作: 2021-07-23 00:11:06

2021-07-23 00:11:06 开始第 37 次操作

2021-07-23 00:11:06 开始操作号码 【1469363】
2021-07-23 00:11:09 GSD getOne 第 1 次 等待 3 秒
2021-07-23 00:11:12 查询号码 【1469363】，返回信息 {"status":"bad","msg":""}
2021-07-23 00:11:12 查询号码 【1469363】，GSD为【""】
2021-07-23 00:11:12 bad
2021-07-23 00:11:14 CHB 1469363?1626970272 第 1 次 等待 3 秒
2021-07-23 00:11:17 CHB 1469363?1626970272 第 1 次 获取到号码【1469363】GSD
2021-07-23 00:11:17 未获取到号码【1469363】GSD，可能号码格式错误
2021-07-23 00:11:17 获取到号码【1469363】的GSD为【-】
2021-07-23 00:11:21 GSD insert 第 1 次 等待 3 秒
2021-07-23 00:11:24 {"status":"ok","gid":360330,"msg":"添加成功！"}
2021-07-23 00:11:24 下次操作: 2021-07-23 00:11:36

2021-07-23 00:11:36 开始第 38 次操作

2021-07-23 00:11:36 开始操作号码 【1469362】
2021-07-23 00:11:57 GSD getOne 第 1 次 等待 3 秒
2021-07-23 00:12:00 查询号码 【1469362】，返回信息 {"status":"bad","msg":""}
2021-07-23 00:12:00 查询号码 【1469362】，GSD为【""】
2021-07-23 00:12:00 bad
2021-07-23 00:12:02 CHB 1469362?1626970320 第 1 次 等待 3 秒
2021-07-23 00:12:05 CHB 1469362?1626970320 第 1 次 获取到号码【1469362】GSD
2021-07-23 00:12:05 未获取到号码【1469362】GSD，可能号码格式错误
2021-07-23 00:12:05 获取到号码【1469362】的GSD为【-】
2021-07-23 00:12:16 GSD insert 第 1 次 等待 3 秒
2021-07-23 00:12:19 {"status":"ok","gid":360344,"msg":"添加成功！"}
2021-07-23 00:12:19 下次操作: 2021-07-23 00:12:43

2021-07-23 00:12:44 开始第 39 次操作

2021-07-23 00:12:44 开始操作号码 【1469361】
2021-07-23 00:12:47 GSD getOne 第 1 次 等待 3 秒
2021-07-23 00:12:50 查询号码 【1469361】，返回信息 {"status":"bad","msg":""}
2021-07-23 00:12:50 查询号码 【1469361】，GSD为【""】
2021-07-23 00:12:50 bad
2021-07-23 00:12:52 CHB 1469361?1626970370 第 1 次 等待 3 秒
2021-07-23 00:12:55 CHB 1469361?1626970370 第 1 次 获取到号码【1469361】GSD
2021-07-23 00:12:55 未获取到号码【1469361】GSD，可能号码格式错误
2021-07-23 00:12:55 获取到号码【1469361】的GSD为【-】
2021-07-23 00:12:59 GSD insert 第 1 次 等待 3 秒
2021-07-23 00:13:02 {"status":"ok","gid":360349,"msg":"添加成功！"}
2021-07-23 00:13:02 下次操作: 2021-07-23 00:13:16

2021-07-23 00:13:16 开始第 40 次操作

2021-07-23 00:13:16 开始操作号码 【1469360】
2021-07-23 00:13:23 GSD getOne 第 1 次 等待 3 秒
2021-07-23 00:13:26 查询号码 【1469360】，返回信息 {"status":"bad","msg":""}
2021-07-23 00:13:26 查询号码 【1469360】，GSD为【""】
2021-07-23 00:13:26 bad
2021-07-23 00:13:28 CHB 1469360?1626970406 第 1 次 等待 3 秒
2021-07-23 00:13:31 CHB 1469360?1626970406 第 1 次 获取到号码【1469360】GSD
2021-07-23 00:13:31 未获取到号码【1469360】GSD，可能号码格式错误
2021-07-23 00:13:31 获取到号码【1469360】的GSD为【-】
2021-07-23 00:13:43 GSD insert 第 1 次 等待 3 秒
2021-07-23 00:13:46 {"status":"ok","gid":360357,"msg":"添加成功！"}

2021-07-23 01:04:16 开始第 1 次操作

2021-07-23 01:04:16 开始操作号码 【1469359】
2021-07-23 01:04:19 GSD getOne 第 1 次 等待 3 秒
2021-07-23 01:04:22 查询号码 【1469359】，返回信息 {"status":"bad","msg":""}
2021-07-23 01:04:22 查询号码 【1469359】，GSD为【""】
2021-07-23 01:04:22 bad
2021-07-23 01:04:23 CHB 1469359?1626973462 第 1 次 等待 3 秒
2021-07-23 01:04:26 CHB 1469359?1626973462 第 1 次 获取到号码【1469359】GSD
2021-07-23 01:04:27 未获取到号码【1469359】GSD，可能号码格式错误
2021-07-23 01:04:27 获取到号码【1469359】的GSD为【-】
2021-07-23 01:04:46 GSD insert 第 1 次 等待 3 秒
2021-07-23 01:04:49 {"status":"ok","gid":360513,"msg":"添加成功！"}
2021-07-23 01:04:49 下次操作: 2021-07-23 01:05:13

2021-07-23 01:05:13 开始第 2 次操作

2021-07-23 01:05:13 开始操作号码 【1469358】
2021-07-23 01:05:16 GSD getOne 第 1 次 等待 3 秒
2021-07-23 01:05:19 查询号码 【1469358】，返回信息 {"status":"bad","msg":""}
2021-07-23 01:05:19 查询号码 【1469358】，GSD为【""】
2021-07-23 01:05:19 bad
2021-07-23 01:05:21 CHB 1469358?1626973519 第 1 次 等待 3 秒
2021-07-23 01:05:24 CHB 1469358?1626973519 第 1 次 获取到号码【1469358】GSD
2021-07-23 01:05:24 未获取到号码【1469358】GSD，可能号码格式错误
2021-07-23 01:05:24 获取到号码【1469358】的GSD为【-】
2021-07-23 01:05:35 GSD insert 第 1 次 等待 3 秒
2021-07-23 01:05:38 {"status":"ok","gid":360524,"msg":"添加成功！"}
2021-07-23 01:05:38 下次操作: 2021-07-23 01:05:53

2021-07-23 01:05:53 开始第 3 次操作

2021-07-23 01:05:53 开始操作号码 【1469357】
2021-07-23 01:05:57 GSD getOne 第 1 次 等待 3 秒
2021-07-23 01:06:00 查询号码 【1469357】，返回信息 {"status":"bad","msg":""}
2021-07-23 01:06:00 查询号码 【1469357】，GSD为【""】
2021-07-23 01:06:00 bad
2021-07-23 01:06:02 CHB 1469357?1626973560 第 1 次 等待 3 秒
2021-07-23 01:06:05 CHB 1469357?1626973560 第 1 次 获取到号码【1469357】GSD
2021-07-23 01:06:05 未获取到号码【1469357】GSD，可能号码格式错误
2021-07-23 01:06:05 获取到号码【1469357】的GSD为【-】
2021-07-23 01:06:07 GSD insert 第 1 次 等待 3 秒
2021-07-23 01:06:10 {"status":"ok","gid":360531,"msg":"添加成功！"}
2021-07-23 01:06:10 下次操作: 2021-07-23 01:06:26

2021-07-23 01:06:26 开始第 4 次操作

2021-07-23 01:06:26 开始操作号码 【1469356】
2021-07-23 01:06:29 GSD getOne 第 1 次 等待 3 秒
2021-07-23 01:06:32 查询号码 【1469356】，返回信息 {"status":"bad","msg":""}
2021-07-23 01:06:32 查询号码 【1469356】，GSD为【""】
2021-07-23 01:06:32 bad
2021-07-23 01:06:35 CHB 1469356?1626973592 第 1 次 等待 3 秒
2021-07-23 01:06:38 CHB 1469356?1626973592 第 1 次 获取到号码【1469356】GSD
2021-07-23 01:06:38 未获取到号码【1469356】GSD，可能号码格式错误
2021-07-23 01:06:38 获取到号码【1469356】的GSD为【-】
2021-07-23 01:06:43 GSD insert 第 1 次 等待 3 秒
2021-07-23 01:06:46 {"status":"ok","gid":360540,"msg":"添加成功！"}
2021-07-23 01:06:46 下次操作: 2021-07-23 01:07:10

2021-07-23 01:07:10 开始第 5 次操作

2021-07-23 01:07:10 开始操作号码 【1469355】
2021-07-23 01:07:15 GSD getOne 第 1 次 等待 3 秒
2021-07-23 01:07:18 查询号码 【1469355】，返回信息 {"status":"bad","msg":""}
2021-07-23 01:07:18 查询号码 【1469355】，GSD为【""】
2021-07-23 01:07:18 bad
2021-07-23 01:07:20 CHB 1469355?1626973638 第 1 次 等待 3 秒
2021-07-23 01:07:23 CHB 1469355?1626973638 第 1 次 获取到号码【1469355】GSD
2021-07-23 01:07:23 未获取到号码【1469355】GSD，可能号码格式错误
2021-07-23 01:07:23 获取到号码【1469355】的GSD为【-】
2021-07-23 01:07:25 GSD insert 第 1 次 等待 3 秒
2021-07-23 01:07:28 {"status":"ok","gid":360549,"msg":"添加成功！"}
2021-07-23 01:07:28 下次操作: 2021-07-23 01:07:50

2021-07-23 01:07:50 开始第 6 次操作

2021-07-23 01:07:50 开始操作号码 【1469354】
2021-07-23 01:07:56 GSD getOne 第 1 次 等待 3 秒
2021-07-23 01:07:59 查询号码 【1469354】，返回信息 {"status":"bad","msg":""}
2021-07-23 01:07:59 查询号码 【1469354】，GSD为【""】
2021-07-23 01:07:59 bad
2021-07-23 01:08:01 CHB 1469354?1626973679 第 1 次 等待 3 秒
2021-07-23 01:08:04 CHB 1469354?1626973679 第 1 次 获取到号码【1469354】GSD
2021-07-23 01:08:04 未获取到号码【1469354】GSD，可能号码格式错误
2021-07-23 01:08:04 获取到号码【1469354】的GSD为【-】
2021-07-23 01:08:06 GSD insert 第 1 次 等待 3 秒
2021-07-23 01:08:09 {"status":"ok","gid":360560,"msg":"添加成功！"}
2021-07-23 01:08:09 下次操作: 2021-07-23 01:08:30

2021-07-23 01:08:31 开始第 7 次操作

2021-07-23 01:08:31 开始操作号码 【1469353】
2021-07-23 01:08:33 GSD getOne 第 1 次 等待 3 秒
2021-07-23 01:08:36 查询号码 【1469353】，返回信息 {"status":"bad","msg":""}
2021-07-23 01:08:36 查询号码 【1469353】，GSD为【""】
2021-07-23 01:08:36 bad
2021-07-23 01:08:38 CHB 1469353?1626973716 第 1 次 等待 3 秒
2021-07-23 01:08:41 CHB 1469353?1626973716 第 1 次 获取到号码【1469353】GSD
2021-07-23 01:08:41 未获取到号码【1469353】GSD，可能号码格式错误
2021-07-23 01:08:41 获取到号码【1469353】的GSD为【-】
2021-07-23 01:08:43 GSD insert 第 1 次 等待 3 秒
2021-07-23 01:08:46 {"status":"ok","gid":360573,"msg":"添加成功！"}
2021-07-23 01:08:46 下次操作: 2021-07-23 01:09:01

2021-07-23 01:09:01 开始第 8 次操作

2021-07-23 01:09:01 开始操作号码 【1469352】
2021-07-23 01:09:06 GSD getOne 第 1 次 等待 3 秒
2021-07-23 01:09:09 查询号码 【1469352】，返回信息 {"status":"bad","msg":""}
2021-07-23 01:09:09 查询号码 【1469352】，GSD为【""】
2021-07-23 01:09:09 bad
2021-07-23 01:09:11 CHB 1469352?1626973749 第 1 次 等待 3 秒
2021-07-23 01:09:14 CHB 1469352?1626973749 第 1 次 获取到号码【1469352】GSD
2021-07-23 01:09:14 未获取到号码【1469352】GSD，可能号码格式错误
2021-07-23 01:09:14 获取到号码【1469352】的GSD为【-】
2021-07-23 01:09:18 GSD insert 第 1 次 等待 3 秒
2021-07-23 01:09:21 {"status":"ok","gid":360581,"msg":"添加成功！"}
2021-07-23 01:09:21 下次操作: 2021-07-23 01:09:39

2021-07-23 01:09:40 开始第 9 次操作

2021-07-23 01:09:40 开始操作号码 【1469351】
2021-07-23 01:09:42 GSD getOne 第 1 次 等待 3 秒
2021-07-23 01:09:45 查询号码 【1469351】，返回信息 {"status":"bad","msg":""}
2021-07-23 01:09:45 查询号码 【1469351】，GSD为【""】
2021-07-23 01:09:45 bad
2021-07-23 01:09:47 CHB 1469351?1626973785 第 1 次 等待 3 秒
2021-07-23 01:09:50 CHB 1469351?1626973785 第 1 次 获取到号码【1469351】GSD
2021-07-23 01:09:50 未获取到号码【1469351】GSD，可能号码格式错误
2021-07-23 01:09:50 获取到号码【1469351】的GSD为【-】
2021-07-23 01:09:52 GSD insert 第 1 次 等待 3 秒
2021-07-23 01:09:55 {"status":"ok","gid":360589,"msg":"添加成功！"}
2021-07-23 01:09:55 下次操作: 2021-07-23 01:10:14

2021-07-23 01:10:14 开始第 10 次操作

2021-07-23 01:10:14 开始操作号码 【1469350】
2021-07-23 01:10:17 GSD getOne 第 1 次 等待 3 秒
2021-07-23 01:10:20 查询号码 【1469350】，返回信息 {"status":"bad","msg":""}
2021-07-23 01:10:20 查询号码 【1469350】，GSD为【""】
2021-07-23 01:10:20 bad
2021-07-23 01:10:21 CHB 1469350?1626973820 第 1 次 等待 3 秒
2021-07-23 01:10:24 CHB 1469350?1626973820 第 1 次 获取到号码【1469350】GSD
2021-07-23 01:10:24 未获取到号码【1469350】GSD，可能号码格式错误
2021-07-23 01:10:24 获取到号码【1469350】的GSD为【-】
2021-07-23 01:10:32 GSD insert 第 1 次 等待 3 秒
2021-07-23 01:10:35 {"status":"ok","gid":360598,"msg":"添加成功！"}
2021-07-23 01:10:35 下次操作: 2021-07-23 01:10:59

2021-07-23 01:10:59 开始第 11 次操作

2021-07-23 01:10:59 开始操作号码 【1469349】
2021-07-23 01:11:02 GSD getOne 第 1 次 等待 3 秒
2021-07-23 01:11:05 查询号码 【1469349】，返回信息 {"status":"bad","msg":""}
2021-07-23 01:11:05 查询号码 【1469349】，GSD为【""】
2021-07-23 01:11:05 bad
2021-07-23 01:11:07 CHB 1469349?1626973865 第 1 次 等待 3 秒
2021-07-23 01:11:10 CHB 1469349?1626973865 第 1 次 获取到号码【1469349】GSD
2021-07-23 01:11:10 未获取到号码【1469349】GSD，可能号码格式错误
2021-07-23 01:11:10 获取到号码【1469349】的GSD为【-】
2021-07-23 01:11:12 GSD insert 第 1 次 等待 3 秒
2021-07-23 01:11:15 {"status":"ok","gid":360608,"msg":"添加成功！"}
2021-07-23 01:11:15 下次操作: 2021-07-23 01:11:34

2021-07-23 01:11:34 开始第 12 次操作

2021-07-23 01:11:34 开始操作号码 【1469348】
2021-07-23 01:11:37 GSD getOne 第 1 次 等待 3 秒
2021-07-23 01:11:40 查询号码 【1469348】，返回信息 {"status":"bad","msg":""}
2021-07-23 01:11:40 查询号码 【1469348】，GSD为【""】
2021-07-23 01:11:40 bad
2021-07-23 01:11:43 CHB 1469348?1626973900 第 1 次 等待 3 秒
2021-07-23 01:11:46 CHB 1469348?1626973900 第 1 次 获取到号码【1469348】GSD
2021-07-23 01:11:46 未获取到号码【1469348】GSD，可能号码格式错误
2021-07-23 01:11:46 获取到号码【1469348】的GSD为【-】
2021-07-23 01:11:51 GSD insert 第 1 次 等待 3 秒
2021-07-23 01:11:54 {"status":"ok","gid":360618,"msg":"添加成功！"}
2021-07-23 01:11:54 下次操作: 2021-07-23 01:12:17

2021-07-23 01:12:17 开始第 13 次操作

2021-07-23 01:12:17 开始操作号码 【1469347】
2021-07-23 01:12:20 GSD getOne 第 1 次 等待 3 秒
2021-07-23 01:12:23 查询号码 【1469347】，返回信息 {"status":"bad","msg":""}
2021-07-23 01:12:23 查询号码 【1469347】，GSD为【""】
2021-07-23 01:12:23 bad
2021-07-23 01:12:25 CHB 1469347?1626973943 第 1 次 等待 3 秒
2021-07-23 01:12:28 CHB 1469347?1626973943 第 1 次 获取到号码【1469347】GSD
2021-07-23 01:12:28 未获取到号码【1469347】GSD，可能号码格式错误
2021-07-23 01:12:28 获取到号码【1469347】的GSD为【-】
2021-07-23 01:12:31 GSD insert 第 1 次 等待 3 秒
2021-07-23 01:12:34 {"status":"ok","gid":360629,"msg":"添加成功！"}
2021-07-23 01:12:34 下次操作: 2021-07-23 01:12:46

2021-07-23 01:12:46 开始第 14 次操作

2021-07-23 01:12:46 开始操作号码 【1469346】
2021-07-23 01:12:49 GSD getOne 第 1 次 等待 3 秒
2021-07-23 01:12:52 查询号码 【1469346】，返回信息 {"status":"bad","msg":""}
2021-07-23 01:12:52 查询号码 【1469346】，GSD为【""】
2021-07-23 01:12:52 bad
2021-07-23 01:12:54 CHB 1469346?1626973972 第 1 次 等待 3 秒
2021-07-23 01:12:57 CHB 1469346?1626973972 第 1 次 获取到号码【1469346】GSD
2021-07-23 01:12:57 未获取到号码【1469346】GSD，可能号码格式错误
2021-07-23 01:12:57 获取到号码【1469346】的GSD为【-】
2021-07-23 01:12:59 GSD insert 第 1 次 等待 3 秒
2021-07-23 01:13:02 {"status":"ok","gid":360635,"msg":"添加成功！"}
2021-07-23 01:13:02 下次操作: 2021-07-23 01:13:18

2021-07-23 01:13:18 开始第 15 次操作

2021-07-23 01:13:18 开始操作号码 【1469345】
2021-07-23 01:13:21 GSD getOne 第 1 次 等待 3 秒
2021-07-23 01:13:24 查询号码 【1469345】，返回信息 {"status":"bad","msg":""}
2021-07-23 01:13:24 查询号码 【1469345】，GSD为【""】
2021-07-23 01:13:24 bad
2021-07-23 01:13:25 CHB 1469345?1626974004 第 1 次 等待 3 秒
2021-07-23 01:13:28 CHB 1469345?1626974004 第 1 次 获取到号码【1469345】GSD
2021-07-23 01:13:28 未获取到号码【1469345】GSD，可能号码格式错误
2021-07-23 01:13:28 获取到号码【1469345】的GSD为【-】
2021-07-23 01:13:31 GSD insert 第 1 次 等待 3 秒
2021-07-23 01:13:34 {"status":"ok","gid":360646,"msg":"添加成功！"}
2021-07-23 01:13:34 下次操作: 2021-07-23 01:13:57

2021-07-23 01:13:57 开始第 16 次操作

2021-07-23 01:13:57 开始操作号码 【1469344】
2021-07-23 01:14:00 GSD getOne 第 1 次 等待 3 秒
2021-07-23 01:14:03 查询号码 【1469344】，返回信息 {"status":"bad","msg":""}
2021-07-23 01:14:03 查询号码 【1469344】，GSD为【""】
2021-07-23 01:14:03 bad
2021-07-23 01:14:06 CHB 1469344?1626974043 第 1 次 等待 3 秒
2021-07-23 01:14:09 CHB 1469344?1626974043 第 1 次 获取到号码【1469344】GSD
2021-07-23 01:14:09 未获取到号码【1469344】GSD，可能号码格式错误
2021-07-23 01:14:09 获取到号码【1469344】的GSD为【-】
2021-07-23 01:14:13 GSD insert 第 1 次 等待 3 秒
2021-07-23 01:14:16 {"status":"ok","gid":360657,"msg":"添加成功！"}
2021-07-23 01:14:16 下次操作: 2021-07-23 01:14:28

2021-07-23 01:14:28 开始第 17 次操作

2021-07-23 01:14:28 开始操作号码 【1469343】
2021-07-23 01:14:30 GSD getOne 第 1 次 等待 3 秒
2021-07-23 01:14:34 查询号码 【1469343】，返回信息 {"status":"bad","msg":""}
2021-07-23 01:14:34 查询号码 【1469343】，GSD为【""】
2021-07-23 01:14:34 bad
2021-07-23 01:14:36 CHB 1469343?1626974074 第 1 次 等待 3 秒
2021-07-23 01:14:39 CHB 1469343?1626974074 第 1 次 获取到号码【1469343】GSD
2021-07-23 01:14:39 未获取到号码【1469343】GSD，可能号码格式错误
2021-07-23 01:14:39 获取到号码【1469343】的GSD为【-】
2021-07-23 01:14:42 GSD insert 第 1 次 等待 3 秒
2021-07-23 01:14:45 {"status":"ok","gid":360665,"msg":"添加成功！"}
2021-07-23 01:14:45 下次操作: 2021-07-23 01:15:04

2021-07-23 01:15:04 开始第 18 次操作

2021-07-23 01:15:04 开始操作号码 【1469342】
2021-07-23 01:15:06 GSD getOne 第 1 次 等待 3 秒
2021-07-23 01:15:09 查询号码 【1469342】，返回信息 {"status":"bad","msg":""}
2021-07-23 01:15:09 查询号码 【1469342】，GSD为【""】
2021-07-23 01:15:09 bad
2021-07-23 01:15:11 CHB 1469342?1626974109 第 1 次 等待 3 秒
2021-07-23 01:15:14 CHB 1469342?1626974109 第 1 次 获取到号码【1469342】GSD
2021-07-23 01:15:14 未获取到号码【1469342】GSD，可能号码格式错误
2021-07-23 01:15:14 获取到号码【1469342】的GSD为【-】
2021-07-23 01:15:17 GSD insert 第 1 次 等待 3 秒
2021-07-23 01:15:20 {"status":"ok","gid":360673,"msg":"添加成功！"}
2021-07-23 01:15:20 下次操作: 2021-07-23 01:15:33

2021-07-23 01:15:33 开始第 19 次操作

2021-07-23 01:15:33 开始操作号码 【1469341】
2021-07-23 01:15:36 GSD getOne 第 1 次 等待 3 秒
2021-07-23 01:15:39 查询号码 【1469341】，返回信息 {"status":"bad","msg":""}
2021-07-23 01:15:39 查询号码 【1469341】，GSD为【""】
2021-07-23 01:15:39 bad
2021-07-23 01:15:40 CHB 1469341?1626974139 第 1 次 等待 3 秒
2021-07-23 01:15:43 CHB 1469341?1626974139 第 1 次 获取到号码【1469341】GSD
2021-07-23 01:15:43 未获取到号码【1469341】GSD，可能号码格式错误
2021-07-23 01:15:43 获取到号码【1469341】的GSD为【-】
2021-07-23 01:15:45 GSD insert 第 1 次 等待 3 秒
2021-07-23 01:15:48 {"status":"ok","gid":360681,"msg":"添加成功！"}
2021-07-23 01:15:48 下次操作: 2021-07-23 01:16:00

2021-07-23 01:16:00 开始第 20 次操作

2021-07-23 01:16:00 开始操作号码 【1469340】
2021-07-23 01:16:03 GSD getOne 第 1 次 等待 3 秒
2021-07-23 01:16:06 查询号码 【1469340】，返回信息 {"status":"bad","msg":""}
2021-07-23 01:16:06 查询号码 【1469340】，GSD为【""】
2021-07-23 01:16:06 bad
2021-07-23 01:16:09 CHB 1469340?1626974166 第 1 次 等待 3 秒
2021-07-23 01:16:12 CHB 1469340?1626974166 第 1 次 获取到号码【1469340】GSD
2021-07-23 01:16:12 未获取到号码【1469340】GSD，可能号码格式错误
2021-07-23 01:16:12 获取到号码【1469340】的GSD为【-】
2021-07-23 01:16:15 GSD insert 第 1 次 等待 3 秒
2021-07-23 01:16:18 {"status":"ok","gid":360688,"msg":"添加成功！"}
2021-07-23 01:16:18 下次操作: 2021-07-23 01:16:42

2021-07-23 01:16:42 开始第 21 次操作

2021-07-23 01:16:42 开始操作号码 【1469339】
2021-07-23 01:16:47 GSD getOne 第 1 次 等待 3 秒
2021-07-23 01:16:50 查询号码 【1469339】，返回信息 {"status":"bad","msg":""}
2021-07-23 01:16:50 查询号码 【1469339】，GSD为【""】
2021-07-23 01:16:50 bad
2021-07-23 01:16:53 CHB 1469339?1626974210 第 1 次 等待 3 秒
2021-07-23 01:16:56 CHB 1469339?1626974210 第 1 次 获取到号码【1469339】GSD
2021-07-23 01:16:56 未获取到号码【1469339】GSD，可能号码格式错误
2021-07-23 01:16:56 获取到号码【1469339】的GSD为【-】
2021-07-23 01:16:58 GSD insert 第 1 次 等待 3 秒
2021-07-23 01:17:01 {"status":"ok","gid":360700,"msg":"添加成功！"}
2021-07-23 01:17:01 下次操作: 2021-07-23 01:17:17

2021-07-23 01:17:17 开始第 22 次操作

2021-07-23 01:17:17 开始操作号码 【1469338】
2021-07-23 01:17:21 GSD getOne 第 1 次 等待 3 秒
2021-07-23 01:17:24 查询号码 【1469338】，返回信息 {"status":"bad","msg":""}
2021-07-23 01:17:24 查询号码 【1469338】，GSD为【""】
2021-07-23 01:17:24 bad
2021-07-23 01:17:26 CHB 1469338?1626974244 第 1 次 等待 3 秒
2021-07-23 01:17:29 CHB 1469338?1626974244 第 1 次 获取到号码【1469338】GSD
2021-07-23 01:17:29 未获取到号码【1469338】GSD，可能号码格式错误
2021-07-23 01:17:29 获取到号码【1469338】的GSD为【-】
2021-07-23 01:17:31 GSD insert 第 1 次 等待 3 秒
2021-07-23 01:17:34 {"status":"ok","gid":360707,"msg":"添加成功！"}
2021-07-23 01:17:34 下次操作: 2021-07-23 01:17:48

2021-07-23 01:17:48 开始第 23 次操作

2021-07-23 01:17:48 开始操作号码 【1469337】
2021-07-23 01:17:51 GSD getOne 第 1 次 等待 3 秒
2021-07-23 01:17:54 查询号码 【1469337】，返回信息 {"status":"bad","msg":""}
2021-07-23 01:17:54 查询号码 【1469337】，GSD为【""】
2021-07-23 01:17:54 bad
2021-07-23 01:17:56 CHB 1469337?1626974274 第 1 次 等待 3 秒
2021-07-23 01:17:59 CHB 1469337?1626974274 第 1 次 获取到号码【1469337】GSD
2021-07-23 01:17:59 未获取到号码【1469337】GSD，可能号码格式错误
2021-07-23 01:17:59 获取到号码【1469337】的GSD为【-】
2021-07-23 01:18:01 GSD insert 第 1 次 等待 3 秒
2021-07-23 01:18:04 {"status":"ok","gid":360718,"msg":"添加成功！"}
2021-07-23 01:18:04 下次操作: 2021-07-23 01:18:21

2021-07-23 01:18:21 开始第 24 次操作

2021-07-23 01:18:21 开始操作号码 【1469336】
2021-07-23 01:18:25 GSD getOne 第 1 次 等待 3 秒
2021-07-23 01:18:28 查询号码 【1469336】，返回信息 {"status":"bad","msg":""}
2021-07-23 01:18:28 查询号码 【1469336】，GSD为【""】
2021-07-23 01:18:28 bad
2021-07-23 01:18:30 CHB 1469336?1626974308 第 1 次 等待 3 秒
2021-07-23 01:18:33 CHB 1469336?1626974308 第 1 次 获取到号码【1469336】GSD
2021-07-23 01:18:33 未获取到号码【1469336】GSD，可能号码格式错误
2021-07-23 01:18:33 获取到号码【1469336】的GSD为【-】
2021-07-23 01:18:35 GSD insert 第 1 次 等待 3 秒
2021-07-23 01:18:38 {"status":"ok","gid":360728,"msg":"添加成功！"}
2021-07-23 01:18:38 下次操作: 2021-07-23 01:18:54

2021-07-23 01:18:54 开始第 25 次操作

2021-07-23 01:18:54 开始操作号码 【1469335】
2021-07-23 01:18:57 GSD getOne 第 1 次 等待 3 秒
2021-07-23 01:19:00 查询号码 【1469335】，返回信息 {"status":"bad","msg":""}
2021-07-23 01:19:00 查询号码 【1469335】，GSD为【""】
2021-07-23 01:19:00 bad
2021-07-23 01:19:03 CHB 1469335?1626974340 第 1 次 等待 3 秒
2021-07-23 01:19:06 CHB 1469335?1626974340 第 1 次 获取到号码【1469335】GSD
2021-07-23 01:19:06 未获取到号码【1469335】GSD，可能号码格式错误
2021-07-23 01:19:06 获取到号码【1469335】的GSD为【-】
2021-07-23 01:19:08 GSD insert 第 1 次 等待 3 秒
2021-07-23 01:19:11 {"status":"ok","gid":360736,"msg":"添加成功！"}
2021-07-23 01:19:11 下次操作: 2021-07-23 01:19:23

2021-07-23 01:19:23 开始第 26 次操作

2021-07-23 01:19:23 开始操作号码 【1469334】
2021-07-23 01:19:33 GSD getOne 第 1 次 等待 3 秒
2021-07-23 01:19:36 查询号码 【1469334】，返回信息 {"status":"bad","msg":""}
2021-07-23 01:19:36 查询号码 【1469334】，GSD为【""】
2021-07-23 01:19:36 bad
2021-07-23 01:19:38 CHB 1469334?1626974376 第 1 次 等待 3 秒
2021-07-23 01:19:41 CHB 1469334?1626974376 第 1 次 获取到号码【1469334】GSD
2021-07-23 01:19:41 未获取到号码【1469334】GSD，可能号码格式错误
2021-07-23 01:19:41 获取到号码【1469334】的GSD为【-】
2021-07-23 01:19:44 GSD insert 第 1 次 等待 3 秒
2021-07-23 01:19:47 {"status":"ok","gid":360745,"msg":"添加成功！"}
2021-07-23 01:19:47 下次操作: 2021-07-23 01:20:10

2021-07-23 01:20:10 开始第 27 次操作

2021-07-23 01:20:10 开始操作号码 【1469333】
2021-07-23 01:20:13 GSD getOne 第 1 次 等待 3 秒
2021-07-23 01:20:16 查询号码 【1469333】，返回信息 {"status":"bad","msg":""}
2021-07-23 01:20:16 查询号码 【1469333】，GSD为【""】
2021-07-23 01:20:16 bad
2021-07-23 01:20:18 CHB 1469333?1626974416 第 1 次 等待 3 秒
2021-07-23 01:20:21 CHB 1469333?1626974416 第 1 次 获取到号码【1469333】GSD
2021-07-23 01:20:21 未获取到号码【1469333】GSD，可能号码格式错误
2021-07-23 01:20:21 获取到号码【1469333】的GSD为【-】
2021-07-23 01:20:25 GSD insert 第 1 次 等待 3 秒
2021-07-23 01:20:28 {"status":"ok","gid":360759,"msg":"添加成功！"}
2021-07-23 01:20:28 下次操作: 2021-07-23 01:20:44

2021-07-23 01:20:44 开始第 28 次操作

2021-07-23 01:20:44 开始操作号码 【1469332】
2021-07-23 01:20:46 GSD getOne 第 1 次 等待 3 秒
2021-07-23 01:20:49 查询号码 【1469332】，返回信息 {"status":"bad","msg":""}
2021-07-23 01:20:49 查询号码 【1469332】，GSD为【""】
2021-07-23 01:20:49 bad
2021-07-23 01:20:51 CHB 1469332?1626974449 第 1 次 等待 3 秒
2021-07-23 01:20:54 CHB 1469332?1626974449 第 1 次 获取到号码【1469332】GSD
2021-07-23 01:20:55 未获取到号码【1469332】GSD，可能号码格式错误
2021-07-23 01:20:55 获取到号码【1469332】的GSD为【-】
2021-07-23 01:20:59 GSD insert 第 1 次 等待 3 秒
2021-07-23 01:21:02 {"status":"ok","gid":360768,"msg":"添加成功！"}
2021-07-23 01:21:02 下次操作: 2021-07-23 01:21:25

2021-07-23 01:21:25 开始第 29 次操作

2021-07-23 01:21:25 开始操作号码 【1469331】
2021-07-23 01:21:27 GSD getOne 第 1 次 等待 3 秒
2021-07-23 01:21:30 查询号码 【1469331】，返回信息 {"status":"bad","msg":""}
2021-07-23 01:21:30 查询号码 【1469331】，GSD为【""】
2021-07-23 01:21:30 bad
2021-07-23 01:21:32 CHB 1469331?1626974490 第 1 次 等待 3 秒
2021-07-23 01:21:35 CHB 1469331?1626974490 第 1 次 获取到号码【1469331】GSD
2021-07-23 01:21:35 未获取到号码【1469331】GSD，可能号码格式错误
2021-07-23 01:21:35 获取到号码【1469331】的GSD为【-】
2021-07-23 01:21:37 GSD insert 第 1 次 等待 3 秒
2021-07-23 01:21:40 {"status":"ok","gid":360777,"msg":"添加成功！"}
2021-07-23 01:21:40 下次操作: 2021-07-23 01:21:53

2021-07-23 01:21:53 开始第 30 次操作

2021-07-23 01:21:53 开始操作号码 【1469330】
2021-07-23 01:21:56 GSD getOne 第 1 次 等待 3 秒
2021-07-23 01:21:59 查询号码 【1469330】，返回信息 {"status":"bad","msg":""}
2021-07-23 01:21:59 查询号码 【1469330】，GSD为【""】
2021-07-23 01:21:59 bad
2021-07-23 01:22:01 CHB 1469330?1626974519 第 1 次 等待 3 秒
2021-07-23 01:22:04 CHB 1469330?1626974519 第 1 次 获取到号码【1469330】GSD
2021-07-23 01:22:04 未获取到号码【1469330】GSD，可能号码格式错误
2021-07-23 01:22:04 获取到号码【1469330】的GSD为【-】
2021-07-23 01:22:06 GSD insert 第 1 次 等待 3 秒
2021-07-23 01:22:09 {"status":"ok","gid":360784,"msg":"添加成功！"}
2021-07-23 01:22:09 下次操作: 2021-07-23 01:22:22

2021-07-23 01:22:22 开始第 31 次操作

2021-07-23 01:22:22 开始操作号码 【1469329】
2021-07-23 01:22:25 GSD getOne 第 1 次 等待 3 秒
2021-07-23 01:22:28 查询号码 【1469329】，返回信息 {"status":"bad","msg":""}
2021-07-23 01:22:28 查询号码 【1469329】，GSD为【""】
2021-07-23 01:22:28 bad
2021-07-23 01:22:30 CHB 1469329?1626974548 第 1 次 等待 3 秒
2021-07-23 01:22:33 CHB 1469329?1626974548 第 1 次 获取到号码【1469329】GSD
2021-07-23 01:22:33 未获取到号码【1469329】GSD，可能号码格式错误
2021-07-23 01:22:33 获取到号码【1469329】的GSD为【-】
2021-07-23 01:22:40 GSD insert 第 1 次 等待 3 秒
2021-07-23 01:22:43 {"status":"ok","gid":360792,"msg":"添加成功！"}
2021-07-23 01:22:43 下次操作: 2021-07-23 01:23:04

2021-07-23 01:23:04 开始第 32 次操作

2021-07-23 01:23:04 开始操作号码 【1469328】
2021-07-23 01:23:07 GSD getOne 第 1 次 等待 3 秒
2021-07-23 01:23:10 查询号码 【1469328】，返回信息 {"status":"bad","msg":""}
2021-07-23 01:23:10 查询号码 【1469328】，GSD为【""】
2021-07-23 01:23:10 bad
2021-07-23 01:23:13 CHB 1469328?1626974590 第 1 次 等待 3 秒
2021-07-23 01:23:16 CHB 1469328?1626974590 第 1 次 获取到号码【1469328】GSD
2021-07-23 01:23:16 未获取到号码【1469328】GSD，可能号码格式错误
2021-07-23 01:23:16 获取到号码【1469328】的GSD为【-】
2021-07-23 01:23:19 GSD insert 第 1 次 等待 3 秒
2021-07-23 01:23:22 {"status":"ok","gid":360801,"msg":"添加成功！"}
2021-07-23 01:23:22 下次操作: 2021-07-23 01:23:43

2021-07-23 01:23:43 开始第 33 次操作

2021-07-23 01:23:43 开始操作号码 【1469327】
2021-07-23 01:23:45 GSD getOne 第 1 次 等待 3 秒
2021-07-23 01:23:48 查询号码 【1469327】，返回信息 {"status":"bad","msg":""}
2021-07-23 01:23:48 查询号码 【1469327】，GSD为【""】
2021-07-23 01:23:48 bad
2021-07-23 01:23:50 CHB 1469327?1626974628 第 1 次 等待 3 秒
2021-07-23 01:23:53 CHB 1469327?1626974628 第 1 次 获取到号码【1469327】GSD
2021-07-23 01:23:53 未获取到号码【1469327】GSD，可能号码格式错误
2021-07-23 01:23:53 获取到号码【1469327】的GSD为【-】
2021-07-23 01:23:56 GSD insert 第 1 次 等待 3 秒
2021-07-23 01:23:59 {"status":"ok","gid":360814,"msg":"添加成功！"}
2021-07-23 01:23:59 下次操作: 2021-07-23 01:24:17

2021-07-23 01:24:17 开始第 34 次操作

2021-07-23 01:24:17 开始操作号码 【1469326】
2021-07-23 01:24:20 GSD getOne 第 1 次 等待 3 秒
2021-07-23 01:24:23 查询号码 【1469326】，返回信息 {"status":"bad","msg":""}
2021-07-23 01:24:23 查询号码 【1469326】，GSD为【""】
2021-07-23 01:24:23 bad
2021-07-23 01:24:25 CHB 1469326?1626974663 第 1 次 等待 3 秒
2021-07-23 01:24:28 CHB 1469326?1626974663 第 1 次 获取到号码【1469326】GSD
2021-07-23 01:24:28 未获取到号码【1469326】GSD，可能号码格式错误
2021-07-23 01:24:28 获取到号码【1469326】的GSD为【-】
2021-07-23 01:24:31 GSD insert 第 1 次 等待 3 秒
2021-07-23 01:24:34 {"status":"ok","gid":360822,"msg":"添加成功！"}
2021-07-23 01:24:34 下次操作: 2021-07-23 01:24:47

2021-07-23 01:24:48 开始第 35 次操作

2021-07-23 01:24:48 开始操作号码 【1469325】
2021-07-23 01:24:51 GSD getOne 第 1 次 等待 3 秒
2021-07-23 01:24:54 查询号码 【1469325】，返回信息 {"status":"bad","msg":""}
2021-07-23 01:24:54 查询号码 【1469325】，GSD为【""】
2021-07-23 01:24:54 bad
2021-07-23 01:24:55 CHB 1469325?1626974694 第 1 次 等待 3 秒
2021-07-23 01:24:58 CHB 1469325?1626974694 第 1 次 获取到号码【1469325】GSD
2021-07-23 01:24:59 未获取到号码【1469325】GSD，可能号码格式错误
2021-07-23 01:24:59 获取到号码【1469325】的GSD为【-】
2021-07-23 01:25:01 GSD insert 第 1 次 等待 3 秒
2021-07-23 01:25:04 {"status":"ok","gid":360832,"msg":"添加成功！"}
2021-07-23 01:25:04 下次操作: 2021-07-23 01:25:19

2021-07-23 01:25:19 开始第 36 次操作

2021-07-23 01:25:19 开始操作号码 【1469324】
2021-07-23 01:25:22 GSD getOne 第 1 次 等待 3 秒
2021-07-23 01:25:25 查询号码 【1469324】，返回信息 {"status":"bad","msg":""}
2021-07-23 01:25:25 查询号码 【1469324】，GSD为【""】
2021-07-23 01:25:25 bad
2021-07-23 01:25:27 CHB 1469324?1626974725 第 1 次 等待 3 秒
2021-07-23 01:25:30 CHB 1469324?1626974725 第 1 次 获取到号码【1469324】GSD
2021-07-23 01:25:30 未获取到号码【1469324】GSD，可能号码格式错误
2021-07-23 01:25:30 获取到号码【1469324】的GSD为【-】
2021-07-23 01:25:32 GSD insert 第 1 次 等待 3 秒
2021-07-23 01:25:35 {"status":"ok","gid":360840,"msg":"添加成功！"}
2021-07-23 01:25:35 下次操作: 2021-07-23 01:25:54

2021-07-23 01:25:54 开始第 37 次操作

2021-07-23 01:25:54 开始操作号码 【1469323】
2021-07-23 01:25:58 GSD getOne 第 1 次 等待 3 秒
2021-07-23 01:26:01 查询号码 【1469323】，返回信息 {"status":"bad","msg":""}
2021-07-23 01:26:01 查询号码 【1469323】，GSD为【""】
2021-07-23 01:26:01 bad
2021-07-23 01:26:04 CHB 1469323?1626974761 第 1 次 等待 3 秒
2021-07-23 01:26:07 CHB 1469323?1626974761 第 1 次 获取到号码【1469323】GSD
2021-07-23 01:26:07 未获取到号码【1469323】GSD，可能号码格式错误
2021-07-23 01:26:07 获取到号码【1469323】的GSD为【-】
2021-07-23 01:26:09 GSD insert 第 1 次 等待 3 秒
2021-07-23 01:26:12 {"status":"ok","gid":360849,"msg":"添加成功！"}
2021-07-23 01:26:12 下次操作: 2021-07-23 01:26:32

2021-07-23 01:26:32 开始第 38 次操作

2021-07-23 01:26:32 开始操作号码 【1469322】
2021-07-23 01:26:37 GSD getOne 第 1 次 等待 3 秒
2021-07-23 01:26:40 查询号码 【1469322】，返回信息 {"status":"bad","msg":""}
2021-07-23 01:26:40 查询号码 【1469322】，GSD为【""】
2021-07-23 01:26:40 bad
2021-07-23 01:26:43 CHB 1469322?1626974800 第 1 次 等待 3 秒
2021-07-23 01:26:46 CHB 1469322?1626974800 第 1 次 获取到号码【1469322】GSD
2021-07-23 01:26:46 未获取到号码【1469322】GSD，可能号码格式错误
2021-07-23 01:26:46 获取到号码【1469322】的GSD为【-】
2021-07-23 01:26:48 GSD insert 第 1 次 等待 3 秒
2021-07-23 01:26:51 {"status":"ok","gid":360856,"msg":"添加成功！"}
2021-07-23 01:26:51 下次操作: 2021-07-23 01:27:12

2021-07-23 01:27:12 开始第 39 次操作

2021-07-23 01:27:12 开始操作号码 【1469321】
2021-07-23 01:27:16 GSD getOne 第 1 次 等待 3 秒
2021-07-23 01:27:19 查询号码 【1469321】，返回信息 {"status":"bad","msg":""}
2021-07-23 01:27:19 查询号码 【1469321】，GSD为【""】
2021-07-23 01:27:19 bad
2021-07-23 01:27:20 CHB 1469321?1626974839 第 1 次 等待 3 秒
2021-07-23 01:27:23 CHB 1469321?1626974839 第 1 次 获取到号码【1469321】GSD
2021-07-23 01:27:23 未获取到号码【1469321】GSD，可能号码格式错误
2021-07-23 01:27:23 获取到号码【1469321】的GSD为【-】
2021-07-23 01:27:26 GSD insert 第 1 次 等待 3 秒
2021-07-23 01:27:29 {"status":"ok","gid":360867,"msg":"添加成功！"}
2021-07-23 01:27:29 下次操作: 2021-07-23 01:27:48

2021-07-23 01:27:48 开始第 40 次操作

2021-07-23 01:27:48 开始操作号码 【1469320】
2021-07-23 01:27:51 GSD getOne 第 1 次 等待 3 秒
2021-07-23 01:27:54 查询号码 【1469320】，返回信息 {"status":"bad","msg":""}
2021-07-23 01:27:54 查询号码 【1469320】，GSD为【""】
2021-07-23 01:27:54 bad
2021-07-23 01:27:55 CHB 1469320?1626974874 第 1 次 等待 3 秒
2021-07-23 01:27:58 CHB 1469320?1626974874 第 1 次 获取到号码【1469320】GSD
2021-07-23 01:27:58 未获取到号码【1469320】GSD，可能号码格式错误
2021-07-23 01:27:58 获取到号码【1469320】的GSD为【-】
2021-07-23 01:28:01 GSD insert 第 1 次 等待 3 秒
2021-07-23 01:28:04 {"status":"ok","gid":360875,"msg":"添加成功！"}

