2024-12-08 00:25:57 开始第 8525 次操作

2024-12-08 00:25:57 开始操作号码 【1328524】
2024-12-08 00:25:58 GSD getOne 第 1 次 等待 3 秒
2024-12-08 00:26:01 查询号码 【1328524】，返回信息 {"status":"ok","msg":"江苏-泰州","gid":"214748","time_insert":"2021-07-07 14:56"}
2024-12-08 00:26:01 查询号码 【1328524】，GSD为【"江苏-泰州"】

2024-12-08 00:26:02 开始第 8526 次操作

2024-12-08 00:26:02 开始操作号码 【1328525】
2024-12-08 00:26:05 GSD getOne 第 1 次 等待 3 秒
2024-12-08 00:26:08 查询号码 【1328525】，返回信息 {"status":"ok","msg":"江苏-泰州","gid":"214742","time_insert":"2021-07-07 14:55"}
2024-12-08 00:26:08 查询号码 【1328525】，GSD为【"江苏-泰州"】

2024-12-08 00:26:09 开始第 8527 次操作

2024-12-08 00:26:09 开始操作号码 【1328526】
2024-12-08 00:26:10 GSD getOne 第 1 次 等待 3 秒
2024-12-08 00:26:13 查询号码 【1328526】，返回信息 {"status":"ok","msg":"江苏-泰州","gid":"214737","time_insert":"2021-07-07 14:54"}
2024-12-08 00:26:13 查询号码 【1328526】，GSD为【"江苏-泰州"】

2024-12-08 00:26:14 开始第 8528 次操作

2024-12-08 00:26:14 开始操作号码 【1328527】
2024-12-08 00:26:15 GSD getOne 第 1 次 等待 3 秒
2024-12-08 00:26:18 查询号码 【1328527】，返回信息 {"status":"ok","msg":"江苏-宿迁","gid":"214733","time_insert":"2021-07-07 14:53"}
2024-12-08 00:26:18 查询号码 【1328527】，GSD为【"江苏-宿迁"】

