2021-07-28 00:00:48 开始第 16 次操作

2021-07-28 00:00:48 开始操作号码 【1889554】
2021-07-28 00:00:51 GSD getOne 第 1 次 等待 3 秒
2021-07-28 00:00:54 查询号码 【1889554】，返回信息 {"status":"bad","msg":""}
2021-07-28 00:00:54 查询号码 【1889554】，GSD为【""】
2021-07-28 00:00:54 bad
2021-07-28 00:00:56 CHB 1889554?1627401654 第 1 次 等待 3 秒
2021-07-28 00:00:59 CHB 1889554?1627401654 第 1 次 获取到号码【1889554】GSD
2021-07-28 00:00:59 获取到号码【1889554】的GSD为【安徽-阜阳】
2021-07-28 00:01:17 GSD insert 第 1 次 等待 3 秒
2021-07-28 00:01:20 {"status":"ok","gid":418607,"msg":"添加成功！"}
2021-07-28 00:01:20 下次操作: 2021-07-28 00:01:36

2021-07-28 00:01:36 开始第 17 次操作

2021-07-28 00:01:36 开始操作号码 【1889553】
2021-07-28 00:01:39 GSD getOne 第 1 次 等待 3 秒
2021-07-28 00:01:42 查询号码 【1889553】，返回信息 {"status":"bad","msg":""}
2021-07-28 00:01:42 查询号码 【1889553】，GSD为【""】
2021-07-28 00:01:42 bad
2021-07-28 00:01:44 CHB 1889553?1627401702 第 1 次 等待 3 秒
2021-07-28 00:01:47 CHB 1889553?1627401702 第 1 次 获取到号码【1889553】GSD
2021-07-28 00:01:47 获取到号码【1889553】的GSD为【安徽-阜阳】
2021-07-28 00:02:08 GSD insert 第 1 次 等待 3 秒
2021-07-28 00:02:11 {"status":"ok","gid":418622,"msg":"添加成功！"}
2021-07-28 00:02:11 下次操作: 2021-07-28 00:02:27

2021-07-28 00:02:27 开始第 18 次操作

2021-07-28 00:02:27 开始操作号码 【1889552】
2021-07-28 00:02:30 GSD getOne 第 1 次 等待 3 秒
2021-07-28 00:02:33 查询号码 【1889552】，返回信息 {"status":"bad","msg":""}
2021-07-28 00:02:33 查询号码 【1889552】，GSD为【""】
2021-07-28 00:02:33 bad
2021-07-28 00:02:36 CHB 1889552?1627401753 第 1 次 等待 3 秒
2021-07-28 00:02:39 CHB 1889552?1627401753 第 1 次 获取到号码【1889552】GSD
2021-07-28 00:02:39 获取到号码【1889552】的GSD为【安徽-阜阳】
2021-07-28 00:02:58 GSD insert 第 1 次 等待 3 秒
2021-07-28 00:03:01 {"status":"ok","gid":418637,"msg":"添加成功！"}
2021-07-28 00:03:01 下次操作: 2021-07-28 00:03:21

2021-07-28 00:03:21 开始第 19 次操作

2021-07-28 00:03:21 开始操作号码 【1889551】
2021-07-28 00:03:24 GSD getOne 第 1 次 等待 3 秒
2021-07-28 00:03:27 查询号码 【1889551】，返回信息 {"status":"bad","msg":""}
2021-07-28 00:03:27 查询号码 【1889551】，GSD为【""】
2021-07-28 00:03:27 bad
2021-07-28 00:03:28 CHB 1889551?1627401807 第 1 次 等待 3 秒
2021-07-28 00:03:31 CHB 1889551?1627401807 第 1 次 获取到号码【1889551】GSD
2021-07-28 00:03:31 未获取到号码【1889551】GSD，查号吧 400 错误
2021-07-28 00:03:31 获取到号码【1889551】的GSD为【-】
2021-07-28 00:04:06 GSD insert 第 1 次 等待 3 秒
2021-07-28 00:04:09 {"status":"ok","gid":418652,"msg":"添加成功！"}
2021-07-28 00:04:09 下次操作: 2021-07-28 00:04:23

2021-07-28 00:04:23 开始第 20 次操作

2021-07-28 00:04:23 开始操作号码 【1889550】
2021-07-28 00:04:27 GSD getOne 第 1 次 等待 3 秒
2021-07-28 00:04:30 查询号码 【1889550】，返回信息 {"status":"bad","msg":""}
2021-07-28 00:04:30 查询号码 【1889550】，GSD为【""】
2021-07-28 00:04:30 bad
2021-07-28 00:04:32 CHB 1889550?1627401870 第 1 次 等待 3 秒
2021-07-28 00:04:35 CHB 1889550?1627401870 第 1 次 获取到号码【1889550】GSD
2021-07-28 00:04:35 获取到号码【1889550】的GSD为【安徽-阜阳】
2021-07-28 00:04:55 GSD insert 第 1 次 等待 3 秒
2021-07-28 00:04:59 {"status":"ok","gid":418665,"msg":"添加成功！"}
2021-07-28 00:04:59 下次操作: 2021-07-28 00:05:17

2021-07-28 00:05:17 开始第 21 次操作

2021-07-28 00:05:17 开始操作号码 【1889549】
2021-07-28 00:05:19 GSD getOne 第 1 次 等待 3 秒
2021-07-28 00:05:22 查询号码 【1889549】，返回信息 {"status":"bad","msg":""}
2021-07-28 00:05:22 查询号码 【1889549】，GSD为【""】
2021-07-28 00:05:22 bad
2021-07-28 00:05:24 CHB 1889549?1627401922 第 1 次 等待 3 秒
2021-07-28 00:05:27 CHB 1889549?1627401922 第 1 次 获取到号码【1889549】GSD
2021-07-28 00:05:27 获取到号码【1889549】的GSD为【安徽-宿州】
2021-07-28 00:05:45 GSD insert 第 1 次 等待 3 秒
2021-07-28 00:05:48 {"status":"ok","gid":418678,"msg":"添加成功！"}
2021-07-28 00:05:48 下次操作: 2021-07-28 00:06:12

2021-07-28 00:06:12 开始第 22 次操作

2021-07-28 00:06:12 开始操作号码 【1889548】
2021-07-28 00:06:20 GSD getOne 第 1 次 等待 3 秒
2021-07-28 00:06:23 查询号码 【1889548】，返回信息 {"status":"bad","msg":""}
2021-07-28 00:06:23 查询号码 【1889548】，GSD为【""】
2021-07-28 00:06:23 bad
2021-07-28 00:06:26 CHB 1889548?1627401984 第 1 次 等待 3 秒
2021-07-28 00:06:29 CHB 1889548?1627401984 第 1 次 获取到号码【1889548】GSD
2021-07-28 00:06:29 获取到号码【1889548】的GSD为【安徽-宿州】
2021-07-28 00:06:48 GSD insert 第 1 次 等待 3 秒
2021-07-28 00:06:51 {"status":"ok","gid":418692,"msg":"添加成功！"}
2021-07-28 00:06:51 下次操作: 2021-07-28 00:07:14

2021-07-28 00:07:14 开始第 23 次操作

2021-07-28 00:07:14 开始操作号码 【1889547】
2021-07-28 00:07:17 GSD getOne 第 1 次 等待 3 秒
2021-07-28 00:07:20 查询号码 【1889547】，返回信息 {"status":"bad","msg":""}
2021-07-28 00:07:20 查询号码 【1889547】，GSD为【""】
2021-07-28 00:07:20 bad
2021-07-28 00:07:23 CHB 1889547?1627402040 第 1 次 等待 3 秒
2021-07-28 00:07:26 CHB 1889547?1627402040 第 1 次 获取到号码【1889547】GSD
2021-07-28 00:07:26 获取到号码【1889547】的GSD为【安徽-宿州】
2021-07-28 00:07:53 GSD insert 第 1 次 等待 3 秒
2021-07-28 00:07:56 {"status":"ok","gid":418710,"msg":"添加成功！"}
2021-07-28 00:07:56 下次操作: 2021-07-28 00:08:09

2021-07-28 00:08:09 开始第 24 次操作

2021-07-28 00:08:09 开始操作号码 【1889546】
2021-07-28 00:08:15 GSD getOne 第 1 次 等待 3 秒
2021-07-28 00:08:18 查询号码 【1889546】，返回信息 {"status":"bad","msg":""}
2021-07-28 00:08:18 查询号码 【1889546】，GSD为【""】
2021-07-28 00:08:18 bad
2021-07-28 00:08:21 CHB 1889546?1627402098 第 1 次 等待 3 秒
2021-07-28 00:08:24 CHB 1889546?1627402098 第 1 次 获取到号码【1889546】GSD
2021-07-28 00:08:24 获取到号码【1889546】的GSD为【安徽-宿州】
2021-07-28 00:08:45 GSD insert 第 1 次 等待 3 秒
2021-07-28 00:08:48 {"status":"ok","gid":418721,"msg":"添加成功！"}
2021-07-28 00:08:48 下次操作: 2021-07-28 00:09:12

2021-07-28 00:09:12 开始第 25 次操作

2021-07-28 00:09:12 开始操作号码 【1889545】
2021-07-28 00:09:17 GSD getOne 第 1 次 等待 3 秒
2021-07-28 00:09:20 查询号码 【1889545】，返回信息 {"status":"bad","msg":""}
2021-07-28 00:09:21 查询号码 【1889545】，GSD为【""】
2021-07-28 00:09:21 bad
2021-07-28 00:09:23 CHB 1889545?1627402161 第 1 次 等待 3 秒
2021-07-28 00:09:26 CHB 1889545?1627402161 第 1 次 获取到号码【1889545】GSD
2021-07-28 00:09:26 获取到号码【1889545】的GSD为【安徽-宿州】
2021-07-28 00:09:45 GSD insert 第 1 次 等待 3 秒
2021-07-28 00:09:48 {"status":"ok","gid":418738,"msg":"添加成功！"}
2021-07-28 00:09:48 下次操作: 2021-07-28 00:10:04

2021-07-28 00:10:04 开始第 26 次操作

2021-07-28 00:10:04 开始操作号码 【1889544】
2021-07-28 00:10:09 GSD getOne 第 1 次 等待 3 秒
2021-07-28 00:10:12 查询号码 【1889544】，返回信息 {"status":"bad","msg":""}
2021-07-28 00:10:12 查询号码 【1889544】，GSD为【""】
2021-07-28 00:10:12 bad
2021-07-28 00:10:15 CHB 1889544?1627402212 第 1 次 等待 3 秒
2021-07-28 00:10:18 CHB 1889544?1627402212 第 1 次 获取到号码【1889544】GSD
2021-07-28 00:10:18 获取到号码【1889544】的GSD为【安徽-亳州】
2021-07-28 00:10:37 GSD insert 第 1 次 等待 3 秒
2021-07-28 00:10:40 {"status":"ok","gid":418749,"msg":"添加成功！"}
2021-07-28 00:10:40 下次操作: 2021-07-28 00:10:52

2021-07-28 00:10:52 开始第 27 次操作

2021-07-28 00:10:52 开始操作号码 【1889543】
2021-07-28 00:11:01 GSD getOne 第 1 次 等待 3 秒
2021-07-28 00:11:04 查询号码 【1889543】，返回信息 {"status":"bad","msg":""}
2021-07-28 00:11:04 查询号码 【1889543】，GSD为【""】
2021-07-28 00:11:04 bad
2021-07-28 00:11:06 CHB 1889543?1627402264 第 1 次 等待 3 秒
2021-07-28 00:11:09 CHB 1889543?1627402264 第 1 次 获取到号码【1889543】GSD
2021-07-28 00:11:09 获取到号码【1889543】的GSD为【安徽-亳州】
2021-07-28 00:11:25 GSD insert 第 1 次 等待 3 秒
2021-07-28 00:11:28 {"status":"ok","gid":418761,"msg":"添加成功！"}
2021-07-28 00:11:28 下次操作: 2021-07-28 00:11:41

2021-07-28 00:11:41 开始第 28 次操作

2021-07-28 00:11:41 开始操作号码 【1889542】
2021-07-28 00:11:47 GSD getOne 第 1 次 等待 3 秒
2021-07-28 00:11:50 查询号码 【1889542】，返回信息 {"status":"bad","msg":""}
2021-07-28 00:11:50 查询号码 【1889542】，GSD为【""】
2021-07-28 00:11:50 bad
2021-07-28 00:11:52 CHB 1889542?1627402310 第 1 次 等待 3 秒
2021-07-28 00:11:55 CHB 1889542?1627402310 第 1 次 获取到号码【1889542】GSD
2021-07-28 00:11:55 获取到号码【1889542】的GSD为【安徽-亳州】
2021-07-28 00:12:15 GSD insert 第 1 次 等待 3 秒
2021-07-28 00:12:18 {"status":"ok","gid":418773,"msg":"添加成功！"}
2021-07-28 00:12:18 下次操作: 2021-07-28 00:12:39

2021-07-28 00:12:39 开始第 29 次操作

2021-07-28 00:12:39 开始操作号码 【1889541】
2021-07-28 00:12:42 GSD getOne 第 1 次 等待 3 秒
2021-07-28 00:12:45 查询号码 【1889541】，返回信息 {"status":"bad","msg":""}
2021-07-28 00:12:45 查询号码 【1889541】，GSD为【""】
2021-07-28 00:12:45 bad
2021-07-28 00:12:48 CHB 1889541?1627402365 第 1 次 等待 3 秒
2021-07-28 00:12:51 CHB 1889541?1627402365 第 1 次 获取到号码【1889541】GSD
2021-07-28 00:12:51 获取到号码【1889541】的GSD为【安徽-亳州】
2021-07-28 00:13:09 GSD insert 第 1 次 等待 3 秒
2021-07-28 00:13:12 {"status":"ok","gid":418785,"msg":"添加成功！"}
2021-07-28 00:13:12 下次操作: 2021-07-28 00:13:34

2021-07-28 00:13:34 开始第 30 次操作

2021-07-28 00:13:34 开始操作号码 【1889540】
2021-07-28 00:13:37 GSD getOne 第 1 次 等待 3 秒
2021-07-28 00:13:40 查询号码 【1889540】，返回信息 {"status":"bad","msg":""}
2021-07-28 00:13:40 查询号码 【1889540】，GSD为【""】
2021-07-28 00:13:40 bad
2021-07-28 00:13:41 CHB 1889540?1627402420 第 1 次 等待 3 秒
2021-07-28 00:13:44 CHB 1889540?1627402420 第 1 次 获取到号码【1889540】GSD
2021-07-28 00:13:45 获取到号码【1889540】的GSD为【安徽-亳州】
2021-07-28 00:14:03 GSD insert 第 1 次 等待 3 秒
2021-07-28 00:14:06 {"status":"ok","gid":418799,"msg":"添加成功！"}
2021-07-28 00:14:06 下次操作: 2021-07-28 00:14:21

2021-07-28 00:14:21 开始第 31 次操作

2021-07-28 00:14:21 开始操作号码 【1889539】
2021-07-28 00:14:26 GSD getOne 第 1 次 等待 3 秒
2021-07-28 00:14:29 查询号码 【1889539】，返回信息 {"status":"bad","msg":""}
2021-07-28 00:14:29 查询号码 【1889539】，GSD为【""】
2021-07-28 00:14:29 bad
2021-07-28 00:14:32 CHB 1889539?1627402469 第 1 次 等待 3 秒
2021-07-28 00:14:35 CHB 1889539?1627402469 第 1 次 获取到号码【1889539】GSD
2021-07-28 00:14:35 获取到号码【1889539】的GSD为【安徽-芜湖】
2021-07-28 00:14:55 GSD insert 第 1 次 等待 3 秒
2021-07-28 00:14:58 {"status":"ok","gid":418808,"msg":"添加成功！"}
2021-07-28 00:14:58 下次操作: 2021-07-28 00:15:14

2021-07-28 00:15:14 开始第 32 次操作

2021-07-28 00:15:14 开始操作号码 【1889538】
2021-07-28 00:15:21 GSD getOne 第 1 次 等待 3 秒
2021-07-28 00:15:24 查询号码 【1889538】，返回信息 {"status":"bad","msg":""}
2021-07-28 00:15:24 查询号码 【1889538】，GSD为【""】
2021-07-28 00:15:24 bad
2021-07-28 00:15:26 CHB 1889538?1627402524 第 1 次 等待 3 秒
2021-07-28 00:15:29 CHB 1889538?1627402524 第 1 次 获取到号码【1889538】GSD
2021-07-28 00:15:29 获取到号码【1889538】的GSD为【安徽-芜湖】
2021-07-28 00:15:47 GSD insert 第 1 次 等待 3 秒
2021-07-28 00:15:50 {"status":"ok","gid":418815,"msg":"添加成功！"}
2021-07-28 00:15:50 下次操作: 2021-07-28 00:16:09

2021-07-28 00:16:09 开始第 33 次操作

2021-07-28 00:16:09 开始操作号码 【1889537】
2021-07-28 00:16:14 GSD getOne 第 1 次 等待 3 秒
2021-07-28 00:16:17 查询号码 【1889537】，返回信息 {"status":"bad","msg":""}
2021-07-28 00:16:17 查询号码 【1889537】，GSD为【""】
2021-07-28 00:16:17 bad
2021-07-28 00:16:23 CHB 1889537?1627402577 第 1 次 等待 3 秒
2021-07-28 00:16:26 CHB 1889537?1627402577 第 1 次 获取到号码【1889537】GSD
2021-07-28 00:16:26 获取到号码【1889537】的GSD为【安徽-芜湖】
2021-07-28 00:16:36 GSD insert 第 1 次 等待 3 秒
2021-07-28 00:16:39 {"status":"ok","gid":418824,"msg":"添加成功！"}
2021-07-28 00:16:39 下次操作: 2021-07-28 00:16:57

2021-07-28 00:16:57 开始第 34 次操作

2021-07-28 00:16:57 开始操作号码 【1889536】
2021-07-28 00:17:04 GSD getOne 第 1 次 等待 3 秒
2021-07-28 00:17:07 查询号码 【1889536】，返回信息 {"status":"bad","msg":""}
2021-07-28 00:17:07 查询号码 【1889536】，GSD为【""】
2021-07-28 00:17:07 bad
2021-07-28 00:17:09 CHB 1889536?1627402627 第 1 次 等待 3 秒
2021-07-28 00:17:12 CHB 1889536?1627402627 第 1 次 获取到号码【1889536】GSD
2021-07-28 00:17:12 获取到号码【1889536】的GSD为【安徽-芜湖】
2021-07-28 00:17:32 GSD insert 第 1 次 等待 3 秒
2021-07-28 00:17:35 {"status":"ok","gid":418834,"msg":"添加成功！"}
2021-07-28 00:17:35 下次操作: 2021-07-28 00:17:54

2021-07-28 00:17:54 开始第 35 次操作

2021-07-28 00:17:54 开始操作号码 【1889535】
2021-07-28 00:18:01 GSD getOne 第 1 次 等待 3 秒
2021-07-28 00:18:04 查询号码 【1889535】，返回信息 {"status":"bad","msg":""}
2021-07-28 00:18:04 查询号码 【1889535】，GSD为【""】
2021-07-28 00:18:04 bad
2021-07-28 00:18:07 CHB 1889535?1627402684 第 1 次 等待 3 秒
2021-07-28 00:18:10 CHB 1889535?1627402684 第 1 次 获取到号码【1889535】GSD
2021-07-28 00:18:10 获取到号码【1889535】的GSD为【安徽-芜湖】
2021-07-28 00:18:28 GSD insert 第 1 次 等待 3 秒
2021-07-28 00:18:31 {"status":"ok","gid":418846,"msg":"添加成功！"}
2021-07-28 00:18:31 下次操作: 2021-07-28 00:18:50

2021-07-28 00:18:50 开始第 36 次操作

2021-07-28 00:18:50 开始操作号码 【1889534】
2021-07-28 00:18:55 GSD getOne 第 1 次 等待 3 秒
2021-07-28 00:18:58 查询号码 【1889534】，返回信息 {"status":"bad","msg":""}
2021-07-28 00:18:58 查询号码 【1889534】，GSD为【""】
2021-07-28 00:18:58 bad
2021-07-28 00:19:00 CHB 1889534?1627402738 第 1 次 等待 3 秒
2021-07-28 00:19:03 CHB 1889534?1627402738 第 1 次 获取到号码【1889534】GSD
2021-07-28 00:19:03 获取到号码【1889534】的GSD为【安徽-芜湖】
2021-07-28 00:19:22 GSD insert 第 1 次 等待 3 秒
2021-07-28 00:19:25 {"status":"ok","gid":418853,"msg":"添加成功！"}
2021-07-28 00:19:25 下次操作: 2021-07-28 00:19:40

2021-07-28 00:19:40 开始第 37 次操作

2021-07-28 00:19:40 开始操作号码 【1889533】
2021-07-28 00:19:43 GSD getOne 第 1 次 等待 3 秒
2021-07-28 00:19:46 查询号码 【1889533】，返回信息 {"status":"bad","msg":""}
2021-07-28 00:19:46 查询号码 【1889533】，GSD为【""】
2021-07-28 00:19:46 bad
2021-07-28 00:19:49 CHB 1889533?1627402786 第 1 次 等待 3 秒
2021-07-28 00:19:52 CHB 1889533?1627402786 第 1 次 获取到号码【1889533】GSD
2021-07-28 00:19:52 获取到号码【1889533】的GSD为【安徽-芜湖】
2021-07-28 00:20:14 GSD insert 第 1 次 等待 3 秒
2021-07-28 00:20:17 {"status":"ok","gid":418860,"msg":"添加成功！"}
2021-07-28 00:20:17 下次操作: 2021-07-28 00:20:33

2021-07-28 00:20:33 开始第 38 次操作

2021-07-28 00:20:33 开始操作号码 【1889532】
2021-07-28 00:20:36 GSD getOne 第 1 次 等待 3 秒
2021-07-28 00:20:39 查询号码 【1889532】，返回信息 {"status":"bad","msg":""}
2021-07-28 00:20:39 查询号码 【1889532】，GSD为【""】
2021-07-28 00:20:39 bad
2021-07-28 00:20:41 CHB 1889532?1627402839 第 1 次 等待 3 秒
2021-07-28 00:20:44 CHB 1889532?1627402839 第 1 次 获取到号码【1889532】GSD
2021-07-28 00:20:44 获取到号码【1889532】的GSD为【安徽-芜湖】
2021-07-28 00:21:02 GSD insert 第 1 次 等待 3 秒
2021-07-28 00:21:05 {"status":"ok","gid":418866,"msg":"添加成功！"}
2021-07-28 00:21:05 下次操作: 2021-07-28 00:21:19

2021-07-28 00:21:19 开始第 39 次操作

2021-07-28 00:21:19 开始操作号码 【1889531】
2021-07-28 00:21:24 GSD getOne 第 1 次 等待 3 秒
2021-07-28 00:21:27 查询号码 【1889531】，返回信息 {"status":"bad","msg":""}
2021-07-28 00:21:27 查询号码 【1889531】，GSD为【""】
2021-07-28 00:21:27 bad
2021-07-28 00:21:31 CHB 1889531?1627402887 第 1 次 等待 3 秒
2021-07-28 00:21:34 CHB 1889531?1627402887 第 1 次 获取到号码【1889531】GSD
2021-07-28 00:21:34 获取到号码【1889531】的GSD为【安徽-芜湖】
2021-07-28 00:21:53 GSD insert 第 1 次 等待 3 秒
2021-07-28 00:21:56 {"status":"ok","gid":418875,"msg":"添加成功！"}
2021-07-28 00:21:56 下次操作: 2021-07-28 00:22:11

2021-07-28 00:22:11 开始第 40 次操作

2021-07-28 00:22:11 开始操作号码 【1889530】
2021-07-28 00:22:14 GSD getOne 第 1 次 等待 3 秒
2021-07-28 00:22:17 查询号码 【1889530】，返回信息 {"status":"bad","msg":""}
2021-07-28 00:22:17 查询号码 【1889530】，GSD为【""】
2021-07-28 00:22:17 bad
2021-07-28 00:22:19 CHB 1889530?1627402937 第 1 次 等待 3 秒
2021-07-28 00:22:22 CHB 1889530?1627402937 第 1 次 获取到号码【1889530】GSD
2021-07-28 00:22:22 获取到号码【1889530】的GSD为【安徽-芜湖】
2021-07-28 00:22:41 GSD insert 第 1 次 等待 3 秒
2021-07-28 00:22:44 {"status":"ok","gid":418883,"msg":"添加成功！"}

