2024-02-25 00:11:15 开始第 5685 次操作

2024-02-25 00:11:15 开始操作号码 【1755578】
2024-02-25 00:11:20 GSD getOne 第 1 次 等待 3 秒
2024-02-25 00:11:23 查询号码 【1755578】，返回信息 {"status":"ok","msg":"安徽-宿州","gid":"194754","time_insert":"2021-07-05 02:55"}
2024-02-25 00:11:23 查询号码 【1755578】，GSD为【"安徽-宿州"】

2024-02-25 00:11:24 开始第 5686 次操作

2024-02-25 00:11:24 开始操作号码 【1755579】
2024-02-25 00:11:29 GSD getOne 第 1 次 等待 3 秒
2024-02-25 00:11:32 查询号码 【1755579】，返回信息 {"status":"ok","msg":"安徽-宿州","gid":"194759","time_insert":"2021-07-05 02:56"}
2024-02-25 00:11:32 查询号码 【1755579】，GSD为【"安徽-宿州"】

2024-02-25 00:11:33 开始第 5687 次操作

2024-02-25 00:11:33 开始操作号码 【1755580】
2024-02-25 00:11:37 GSD getOne 第 1 次 等待 3 秒
2024-02-25 00:11:40 查询号码 【1755580】，返回信息 {"status":"ok","msg":"安徽-亳州","gid":"194765","time_insert":"2021-07-05 02:56"}
2024-02-25 00:11:40 查询号码 【1755580】，GSD为【"安徽-亳州"】

2024-02-25 00:11:41 开始第 5688 次操作

2024-02-25 00:11:41 开始操作号码 【1755581】
2024-02-25 00:11:46 GSD getOne 第 1 次 等待 3 秒
2024-02-25 00:11:49 查询号码 【1755581】，返回信息 {"status":"ok","msg":"安徽-亳州","gid":"194773","time_insert":"2021-07-05 02:57"}
2024-02-25 00:11:49 查询号码 【1755581】，GSD为【"安徽-亳州"】

2024-02-25 00:33:51 开始第 5689 次操作

2024-02-25 00:33:51 开始操作号码 【1755582】
2024-02-25 00:33:57 GSD getOne 第 1 次 等待 3 秒
2024-02-25 00:34:00 查询号码 【1755582】，返回信息 {"status":"ok","msg":"安徽-亳州","gid":"194779","time_insert":"2021-07-05 02:57"}
2024-02-25 00:34:00 查询号码 【1755582】，GSD为【"安徽-亳州"】

2024-02-25 00:34:01 开始第 5690 次操作

2024-02-25 00:34:01 开始操作号码 【1755583】
2024-02-25 00:34:07 GSD getOne 第 1 次 等待 3 秒
2024-02-25 00:34:10 查询号码 【1755583】，返回信息 {"status":"ok","msg":"安徽-亳州","gid":"194783","time_insert":"2021-07-05 02:57"}
2024-02-25 00:34:10 查询号码 【1755583】，GSD为【"安徽-亳州"】

2024-02-25 00:34:11 开始第 5691 次操作

2024-02-25 00:34:11 开始操作号码 【1755584】
2024-02-25 00:34:16 GSD getOne 第 1 次 等待 3 秒
2024-02-25 00:34:19 查询号码 【1755584】，返回信息 {"status":"ok","msg":"安徽-亳州","gid":"194788","time_insert":"2021-07-05 02:58"}
2024-02-25 00:34:19 查询号码 【1755584】，GSD为【"安徽-亳州"】

2024-02-25 00:34:20 开始第 5692 次操作

2024-02-25 00:34:20 开始操作号码 【1755585】
2024-02-25 00:34:25 GSD getOne 第 1 次 等待 3 秒
2024-02-25 00:34:28 查询号码 【1755585】，返回信息 {"status":"ok","msg":"安徽-阜阳","gid":"194792","time_insert":"2021-07-05 02:58"}
2024-02-25 00:34:28 查询号码 【1755585】，GSD为【"安徽-阜阳"】

2024-02-25 01:10:39 开始第 5693 次操作

2024-02-25 01:10:39 开始操作号码 【1755586】
2024-02-25 01:10:45 GSD getOne 第 1 次 等待 3 秒
2024-02-25 01:10:48 查询号码 【1755586】，返回信息 {"status":"ok","msg":"安徽-阜阳","gid":"194798","time_insert":"2021-07-05 02:59"}
2024-02-25 01:10:48 查询号码 【1755586】，GSD为【"安徽-阜阳"】

2024-02-25 01:10:49 开始第 5694 次操作

2024-02-25 01:10:49 开始操作号码 【1755587】
2024-02-25 01:10:55 GSD getOne 第 1 次 等待 3 秒
2024-02-25 01:10:58 查询号码 【1755587】，返回信息 {"status":"ok","msg":"安徽-阜阳","gid":"194803","time_insert":"2021-07-05 02:59"}
2024-02-25 01:10:58 查询号码 【1755587】，GSD为【"安徽-阜阳"】

2024-02-25 01:10:59 开始第 5695 次操作

2024-02-25 01:10:59 开始操作号码 【1755588】
2024-02-25 01:11:04 GSD getOne 第 1 次 等待 3 秒
2024-02-25 01:11:07 查询号码 【1755588】，返回信息 {"status":"ok","msg":"安徽-阜阳","gid":"194806","time_insert":"2021-07-05 03:00"}
2024-02-25 01:11:07 查询号码 【1755588】，GSD为【"安徽-阜阳"】

2024-02-25 01:11:08 开始第 5696 次操作

2024-02-25 01:11:08 开始操作号码 【1755589】
2024-02-25 01:11:12 GSD getOne 第 1 次 等待 3 秒
2024-02-25 01:11:15 查询号码 【1755589】，返回信息 {"status":"ok","msg":"安徽-阜阳","gid":"194811","time_insert":"2021-07-05 03:00"}
2024-02-25 01:11:15 查询号码 【1755589】，GSD为【"安徽-阜阳"】

