2024-03-26 00:13:24 开始第 189 次操作

2024-03-26 00:13:24 开始操作号码 【1640083】
2024-03-26 00:13:29 GSD getOne 第 1 次 等待 3 秒
2024-03-26 00:13:32 查询号码 【1640083】，返回信息 {"status":"ok","msg":"-","gid":"522270","time_insert":"2023-02-09 00:40"}
2024-03-26 00:13:32 查询号码 【1640083】，GSD为【"-"】
2024-03-26 00:13:32 ok && -
2024-03-26 00:13:34 CHB 1640083?1711383212 第 1 次 等待 3 秒
2024-03-26 00:13:37 CHB 1640083?1711383212 第 1 次 获取到号码【1640083】GSD
2024-03-26 00:13:37 未获取到号码【1640083】GSD，可能号码格式错误
2024-03-26 00:13:37 获取到号码【1640083】的GSD为【-】
2024-03-26 00:13:42 GSD insert 第 1 次 等待 3 秒
2024-03-26 00:13:45 {"status":"bad","gid":"522270","msg":"添加失败！号码【1640083(-|-)】已存在！"}
2024-03-26 00:13:45 随机等待 190 秒，约 3 分钟
2024-03-26 00:13:45 下次操作: 2024-03-26 00:16:55

2024-03-26 00:16:55 开始第 190 次操作

2024-03-26 00:16:55 开始操作号码 【1640084】
2024-03-26 00:17:00 GSD getOne 第 1 次 等待 3 秒
2024-03-26 00:17:03 查询号码 【1640084】，返回信息 {"status":"ok","msg":"-","gid":"522280","time_insert":"2023-02-09 00:50"}
2024-03-26 00:17:03 查询号码 【1640084】，GSD为【"-"】
2024-03-26 00:17:03 ok && -
2024-03-26 00:17:05 CHB 1640084?1711383423 第 1 次 等待 3 秒
2024-03-26 00:17:08 CHB 1640084?1711383423 第 1 次 获取到号码【1640084】GSD
2024-03-26 00:17:08 未获取到号码【1640084】GSD，可能号码格式错误
2024-03-26 00:17:08 获取到号码【1640084】的GSD为【-】
2024-03-26 00:17:14 GSD insert 第 1 次 等待 3 秒
2024-03-26 00:17:17 {"status":"bad","gid":"522280","msg":"添加失败！号码【1640084(-|-)】已存在！"}
2024-03-26 00:17:17 随机等待 73 秒，约 1 分钟
2024-03-26 00:17:17 下次操作: 2024-03-26 00:18:30

2024-03-26 00:18:30 开始第 191 次操作

2024-03-26 00:18:30 开始操作号码 【1640085】
2024-03-26 00:18:35 GSD getOne 第 1 次 等待 3 秒
2024-03-26 00:18:38 查询号码 【1640085】，返回信息 {"status":"ok","msg":"-","gid":"522291","time_insert":"2023-02-09 01:01"}
2024-03-26 00:18:38 查询号码 【1640085】，GSD为【"-"】
2024-03-26 00:18:38 ok && -
2024-03-26 00:18:40 CHB 1640085?1711383518 第 1 次 等待 3 秒
2024-03-26 00:18:43 CHB 1640085?1711383518 第 1 次 获取到号码【1640085】GSD
2024-03-26 00:18:43 未获取到号码【1640085】GSD，可能号码格式错误
2024-03-26 00:18:43 获取到号码【1640085】的GSD为【-】
2024-03-26 00:18:50 GSD insert 第 1 次 等待 3 秒
2024-03-26 00:18:53 {"status":"bad","gid":"522291","msg":"添加失败！号码【1640085(-|-)】已存在！"}
2024-03-26 00:18:53 随机等待 78 秒，约 1 分钟
2024-03-26 00:18:53 下次操作: 2024-03-26 00:20:11

2024-03-26 00:20:11 开始第 192 次操作

2024-03-26 00:20:11 开始操作号码 【1640086】
2024-03-26 00:20:15 GSD getOne 第 1 次 等待 3 秒
2024-03-26 00:20:18 查询号码 【1640086】，返回信息 {"status":"ok","msg":"-","gid":"522303","time_insert":"2023-02-09 01:09"}
2024-03-26 00:20:18 查询号码 【1640086】，GSD为【"-"】
2024-03-26 00:20:18 ok && -
2024-03-26 00:20:20 CHB 1640086?1711383618 第 1 次 等待 3 秒
2024-03-26 00:20:23 CHB 1640086?1711383618 第 1 次 获取到号码【1640086】GSD
2024-03-26 00:20:24 未获取到号码【1640086】GSD，可能号码格式错误
2024-03-26 00:20:24 获取到号码【1640086】的GSD为【-】
2024-03-26 00:20:28 GSD insert 第 1 次 等待 3 秒
2024-03-26 00:20:31 {"status":"bad","gid":"522303","msg":"添加失败！号码【1640086(-|-)】已存在！"}

2024-03-26 00:36:02 开始第 193 次操作

2024-03-26 00:36:02 开始操作号码 【1640087】
2024-03-26 00:36:07 GSD getOne 第 1 次 等待 3 秒
2024-03-26 00:36:10 查询号码 【1640087】，返回信息 {"status":"ok","msg":"-","gid":"522315","time_insert":"2023-02-09 01:19"}
2024-03-26 00:36:10 查询号码 【1640087】，GSD为【"-"】
2024-03-26 00:36:10 ok && -
2024-03-26 00:36:13 CHB 1640087?1711384570 第 1 次 等待 3 秒
2024-03-26 00:36:16 CHB 1640087?1711384570 第 1 次 获取到号码【1640087】GSD
2024-03-26 00:36:16 未获取到号码【1640087】GSD，可能号码格式错误
2024-03-26 00:36:16 获取到号码【1640087】的GSD为【-】
2024-03-26 00:36:21 GSD insert 第 1 次 等待 3 秒
2024-03-26 00:36:24 {"status":"bad","gid":"522315","msg":"添加失败！号码【1640087(-|-)】已存在！"}
2024-03-26 00:36:24 随机等待 100 秒，约 1 分钟
2024-03-26 00:36:24 下次操作: 2024-03-26 00:38:04

2024-03-26 00:38:04 开始第 194 次操作

2024-03-26 00:38:04 开始操作号码 【1640088】
2024-03-26 00:38:10 GSD getOne 第 1 次 等待 3 秒
2024-03-26 00:38:13 查询号码 【1640088】，返回信息 {"status":"ok","msg":"-","gid":"522322","time_insert":"2023-02-09 01:29"}
2024-03-26 00:38:13 查询号码 【1640088】，GSD为【"-"】
2024-03-26 00:38:13 ok && -
2024-03-26 00:38:15 CHB 1640088?1711384693 第 1 次 等待 3 秒
2024-03-26 00:38:18 CHB 1640088?1711384693 第 1 次 获取到号码【1640088】GSD
2024-03-26 00:38:18 未获取到号码【1640088】GSD，可能号码格式错误
2024-03-26 00:38:18 获取到号码【1640088】的GSD为【-】
2024-03-26 00:38:24 GSD insert 第 1 次 等待 3 秒
2024-03-26 00:38:27 {"status":"bad","gid":"522322","msg":"添加失败！号码【1640088(-|-)】已存在！"}
2024-03-26 00:38:27 随机等待 155 秒，约 2 分钟
2024-03-26 00:38:27 下次操作: 2024-03-26 00:41:02

2024-03-26 00:41:02 开始第 195 次操作

2024-03-26 00:41:02 开始操作号码 【1640089】
2024-03-26 00:41:07 GSD getOne 第 1 次 等待 3 秒
2024-03-26 00:41:10 查询号码 【1640089】，返回信息 {"status":"ok","msg":"-","gid":"522333","time_insert":"2023-02-09 01:39"}
2024-03-26 00:41:10 查询号码 【1640089】，GSD为【"-"】
2024-03-26 00:41:10 ok && -
2024-03-26 00:41:12 CHB 1640089?1711384870 第 1 次 等待 3 秒
2024-03-26 00:41:15 CHB 1640089?1711384870 第 1 次 获取到号码【1640089】GSD
2024-03-26 00:41:15 未获取到号码【1640089】GSD，可能号码格式错误
2024-03-26 00:41:15 获取到号码【1640089】的GSD为【-】
2024-03-26 00:41:20 GSD insert 第 1 次 等待 3 秒
2024-03-26 00:41:23 {"status":"bad","gid":"522333","msg":"添加失败！号码【1640089(-|-)】已存在！"}
2024-03-26 00:41:23 随机等待 183 秒，约 3 分钟
2024-03-26 00:41:23 下次操作: 2024-03-26 00:44:26

2024-03-26 00:44:26 开始第 196 次操作

2024-03-26 00:44:26 开始操作号码 【1640090】
2024-03-26 00:44:32 GSD getOne 第 1 次 等待 3 秒
2024-03-26 00:44:35 查询号码 【1640090】，返回信息 {"status":"ok","msg":"-","gid":"522345","time_insert":"2023-02-09 01:47"}
2024-03-26 00:44:35 查询号码 【1640090】，GSD为【"-"】
2024-03-26 00:44:35 ok && -
2024-03-26 00:44:37 CHB 1640090?1711385075 第 1 次 等待 3 秒
2024-03-26 00:44:40 CHB 1640090?1711385075 第 1 次 获取到号码【1640090】GSD
2024-03-26 00:44:40 未获取到号码【1640090】GSD，可能号码格式错误
2024-03-26 00:44:40 获取到号码【1640090】的GSD为【-】
2024-03-26 00:44:45 GSD insert 第 1 次 等待 3 秒
2024-03-26 00:44:48 {"status":"bad","gid":"522345","msg":"添加失败！号码【1640090(-|-)】已存在！"}

