2024-04-17 00:13:45 开始第 4073 次操作

2024-04-17 00:13:45 开始操作号码 【1643967】
2024-04-17 00:13:52 GSD getOne 第 1 次 等待 3 秒
2024-04-17 00:13:55 查询号码 【1643967】，返回信息 {"status":"ok","msg":"-","gid":"598586","time_insert":"2023-03-18 14:36"}
2024-04-17 00:13:55 查询号码 【1643967】，GSD为【"-"】
2024-04-17 00:13:55 ok && -
2024-04-17 00:13:58 CHB 1643967?1713284035 第 1 次 等待 3 秒
2024-04-17 00:14:01 CHB 1643967?1713284035 第 1 次 获取到号码【1643967】GSD
2024-04-17 00:14:01 未获取到号码【1643967】GSD，可能号码格式错误
2024-04-17 00:14:01 获取到号码【1643967】的GSD为【-】
2024-04-17 00:14:07 GSD insert 第 1 次 等待 3 秒
2024-04-17 00:14:10 {"status":"bad","gid":"598586","msg":"添加失败！号码【1643967(-|-)】已存在！"}
2024-04-17 00:14:10 随机等待 98 秒，约 1 分钟
2024-04-17 00:14:10 下次操作: 2024-04-17 00:15:48

2024-04-17 00:15:48 开始第 4074 次操作

2024-04-17 00:15:48 开始操作号码 【1643968】
2024-04-17 00:15:53 GSD getOne 第 1 次 等待 3 秒
2024-04-17 00:15:56 查询号码 【1643968】，返回信息 {"status":"ok","msg":"-","gid":"598619","time_insert":"2023-03-18 14:56"}
2024-04-17 00:15:56 查询号码 【1643968】，GSD为【"-"】
2024-04-17 00:15:56 ok && -
2024-04-17 00:15:59 CHB 1643968?1713284156 第 1 次 等待 3 秒
2024-04-17 00:16:02 CHB 1643968?1713284156 第 1 次 获取到号码【1643968】GSD
2024-04-17 00:16:02 未获取到号码【1643968】GSD，可能号码格式错误
2024-04-17 00:16:02 获取到号码【1643968】的GSD为【-】
2024-04-17 00:16:09 GSD insert 第 1 次 等待 3 秒
2024-04-17 00:16:12 {"status":"bad","gid":"598619","msg":"添加失败！号码【1643968(-|-)】已存在！"}
2024-04-17 00:16:12 随机等待 189 秒，约 3 分钟
2024-04-17 00:16:12 下次操作: 2024-04-17 00:19:21

2024-04-17 00:19:21 开始第 4075 次操作

2024-04-17 00:19:21 开始操作号码 【1643969】
2024-04-17 00:19:26 GSD getOne 第 1 次 等待 3 秒
2024-04-17 00:19:29 查询号码 【1643969】，返回信息 {"status":"ok","msg":"-","gid":"598637","time_insert":"2023-03-18 15:08"}
2024-04-17 00:19:29 查询号码 【1643969】，GSD为【"-"】
2024-04-17 00:19:29 ok && -
2024-04-17 00:19:31 CHB 1643969?1713284369 第 1 次 等待 3 秒
2024-04-17 00:19:34 CHB 1643969?1713284369 第 1 次 获取到号码【1643969】GSD
2024-04-17 00:19:34 未获取到号码【1643969】GSD，可能号码格式错误
2024-04-17 00:19:34 获取到号码【1643969】的GSD为【-】
2024-04-17 00:19:39 GSD insert 第 1 次 等待 3 秒
2024-04-17 00:19:42 {"status":"bad","gid":"598637","msg":"添加失败！号码【1643969(-|-)】已存在！"}
2024-04-17 00:19:42 随机等待 139 秒，约 2 分钟
2024-04-17 00:19:42 下次操作: 2024-04-17 00:22:01

2024-04-17 00:22:01 开始第 4076 次操作

2024-04-17 00:22:01 开始操作号码 【1643970】
2024-04-17 00:22:06 GSD getOne 第 1 次 等待 3 秒
2024-04-17 00:22:09 查询号码 【1643970】，返回信息 {"status":"ok","msg":"-","gid":"598681","time_insert":"2023-03-18 15:32"}
2024-04-17 00:22:09 查询号码 【1643970】，GSD为【"-"】
2024-04-17 00:22:09 ok && -
2024-04-17 00:22:12 CHB 1643970?1713284529 第 1 次 等待 3 秒
2024-04-17 00:22:15 CHB 1643970?1713284529 第 1 次 获取到号码【1643970】GSD
2024-04-17 00:22:15 未获取到号码【1643970】GSD，可能号码格式错误
2024-04-17 00:22:15 获取到号码【1643970】的GSD为【-】
2024-04-17 00:22:24 GSD insert 第 1 次 等待 3 秒
2024-04-17 00:22:27 {"status":"bad","gid":"598681","msg":"添加失败！号码【1643970(-|-)】已存在！"}

