2024-07-06 00:14:16 开始第 4561 次操作

2024-07-06 00:14:16 开始操作号码 【1534443】
2024-07-06 00:14:26 GSD getOne 第 1 次 等待 3 秒
2024-07-06 00:14:29 查询号码 【1534443】，返回信息 {"status":"ok","msg":"湖南-湘西","gid":"427491","time_insert":"2021-07-28 21:40"}
2024-07-06 00:14:29 查询号码 【1534443】，GSD为【"湖南-湘西"】

2024-07-06 00:14:30 开始第 4562 次操作

2024-07-06 00:14:30 开始操作号码 【1534444】
2024-07-06 00:14:41 GSD getOne 第 1 次 等待 3 秒
2024-07-06 00:14:44 查询号码 【1534444】，返回信息 {"status":"ok","msg":"湖南-张家界","gid":"427484","time_insert":"2021-07-28 21:39"}
2024-07-06 00:14:44 查询号码 【1534444】，GSD为【"湖南-张家界"】

2024-07-06 00:14:45 开始第 4563 次操作

2024-07-06 00:14:45 开始操作号码 【1534445】
2024-07-06 00:14:53 GSD getOne 第 1 次 等待 3 秒
2024-07-06 00:14:56 查询号码 【1534445】，返回信息 {"status":"ok","msg":"湖南-怀化","gid":"21059","time_insert":"2019-07-16 16:32","time_update":"2020-09-22 19:49"}
2024-07-06 00:14:56 查询号码 【1534445】，GSD为【"湖南-怀化"】

2024-07-06 00:14:57 开始第 4564 次操作

2024-07-06 00:14:57 开始操作号码 【1534446】
2024-07-06 00:15:15 GSD getOne 第 1 次 等待 3 秒
2024-07-06 00:15:18 查询号码 【1534446】，返回信息 {"status":"ok","msg":"湖南-永州","gid":"427475","time_insert":"2021-07-28 21:37"}
2024-07-06 00:15:18 查询号码 【1534446】，GSD为【"湖南-永州"】

