2024-08-05 00:13:07 开始第 9957 次操作

2024-08-05 00:13:07 开始操作号码 【1539839】
2024-08-05 00:13:16 GSD getOne 第 1 次 等待 3 秒
2024-08-05 00:13:19 查询号码 【1539839】，返回信息 {"status":"ok","msg":"云南-昆明","gid":"367850","time_insert":"2021-07-23 16:53"}
2024-08-05 00:13:19 查询号码 【1539839】，GSD为【"云南-昆明"】

2024-08-05 00:13:20 开始第 9958 次操作

2024-08-05 00:13:20 开始操作号码 【1539840】
2024-08-05 00:13:31 GSD getOne 第 1 次 等待 3 秒
2024-08-05 00:13:34 查询号码 【1539840】，返回信息 {"status":"ok","msg":"云南-昆明","gid":"367842","time_insert":"2021-07-23 16:52"}
2024-08-05 00:13:34 查询号码 【1539840】，GSD为【"云南-昆明"】

2024-08-05 00:13:35 开始第 9959 次操作

2024-08-05 00:13:35 开始操作号码 【1539841】
2024-08-05 00:13:44 GSD getOne 第 1 次 等待 3 秒
2024-08-05 00:13:47 查询号码 【1539841】，返回信息 {"status":"ok","msg":"云南-昆明","gid":"367832","time_insert":"2021-07-23 16:52"}
2024-08-05 00:13:47 查询号码 【1539841】，GSD为【"云南-昆明"】

2024-08-05 00:13:48 开始第 9960 次操作

2024-08-05 00:13:48 开始操作号码 【1539842】
2024-08-05 00:14:02 GSD getOne 第 1 次 等待 3 秒
2024-08-05 00:14:05 查询号码 【1539842】，返回信息 {"status":"ok","msg":"云南-昆明","gid":"367826","time_insert":"2021-07-23 16:51"}
2024-08-05 00:14:05 查询号码 【1539842】，GSD为【"云南-昆明"】

