2024-01-26 00:14:30 开始第 165 次操作

2024-01-26 00:14:30 开始操作号码 【1750058】
2024-01-26 00:14:54 GSD getOne 第 1 次 等待 3 秒
2024-01-26 00:14:57 查询号码 【1750058】，返回信息 {"status":"ok","msg":"北京-北京","gid":"133568","time_insert":"2021-06-26 18:08"}
2024-01-26 00:14:57 查询号码 【1750058】，GSD为【"北京-北京"】

2024-01-26 00:14:58 开始第 166 次操作

2024-01-26 00:14:58 开始操作号码 【1750059】
2024-01-26 00:15:22 GSD getOne 第 1 次 等待 3 秒
2024-01-26 00:15:25 查询号码 【1750059】，返回信息 {"status":"ok","msg":"北京-北京","gid":"133575","time_insert":"2021-06-26 18:09"}
2024-01-26 00:15:25 查询号码 【1750059】，GSD为【"北京-北京"】

2024-01-26 00:15:26 开始第 167 次操作

2024-01-26 00:15:26 开始操作号码 【1750060】
2024-01-26 00:15:50 GSD getOne 第 1 次 等待 3 秒
2024-01-26 00:15:53 查询号码 【1750060】，返回信息 {"status":"ok","msg":"北京-北京","gid":"133642","time_insert":"2021-06-26 18:44"}
2024-01-26 00:15:53 查询号码 【1750060】，GSD为【"北京-北京"】

2024-01-26 00:15:54 开始第 168 次操作

2024-01-26 00:15:54 开始操作号码 【1750061】
2024-01-26 00:16:17 GSD getOne 第 1 次 等待 3 秒
2024-01-26 00:16:20 查询号码 【1750061】，返回信息 {"status":"ok","msg":"北京-北京","gid":"133651","time_insert":"2021-06-26 18:45"}
2024-01-26 00:16:20 查询号码 【1750061】，GSD为【"北京-北京"】

