2024-06-23 00:14:14 开始第 2221 次操作

2024-06-23 00:14:14 开始操作号码 【1532104】
2024-06-23 00:14:34 GSD getOne 第 1 次 等待 3 秒
2024-06-23 00:14:37 查询号码 【1532104】，返回信息 {"status":"ok","msg":"北京-北京","gid":"168037","time_insert":"2021-07-01 17:29"}
2024-06-23 00:14:37 查询号码 【1532104】，GSD为【"北京-北京"】

2024-06-23 00:14:38 开始第 2222 次操作

2024-06-23 00:14:38 开始操作号码 【1532105】
2024-06-23 00:14:52 GSD getOne 第 1 次 等待 3 秒
2024-06-23 00:14:55 查询号码 【1532105】，返回信息 {"status":"ok","msg":"北京-北京","gid":"172798","time_insert":"2021-07-02 09:39"}
2024-06-23 00:14:55 查询号码 【1532105】，GSD为【"北京-北京"】

2024-06-23 00:14:56 开始第 2223 次操作

2024-06-23 00:14:56 开始操作号码 【1532106】
2024-06-23 00:15:15 GSD getOne 第 1 次 等待 3 秒
2024-06-23 00:15:18 查询号码 【1532106】，返回信息 {"status":"ok","msg":"北京-北京","gid":"172841","time_insert":"2021-07-02 09:56"}
2024-06-23 00:15:18 查询号码 【1532106】，GSD为【"北京-北京"】

2024-06-23 00:15:19 开始第 2224 次操作

2024-06-23 00:15:19 开始操作号码 【1532107】
2024-06-23 00:15:33 GSD getOne 第 1 次 等待 3 秒
2024-06-23 00:15:36 查询号码 【1532107】，返回信息 {"status":"ok","msg":"北京-北京","gid":"172874","time_insert":"2021-07-02 10:11"}
2024-06-23 00:15:36 查询号码 【1532107】，GSD为【"北京-北京"】

