2024-07-08 00:13:03 开始第 4925 次操作

2024-07-08 00:13:03 开始操作号码 【1534807】
2024-07-08 00:13:12 GSD getOne 第 1 次 等待 3 秒
2024-07-08 00:13:15 查询号码 【1534807】，返回信息 {"status":"ok","msg":"甘肃-嘉峪关","gid":"424279","time_insert":"2021-07-28 13:04"}
2024-07-08 00:13:15 查询号码 【1534807】，GSD为【"甘肃-嘉峪关"】

2024-07-08 00:13:16 开始第 4926 次操作

2024-07-08 00:13:16 开始操作号码 【1534808】
2024-07-08 00:13:24 GSD getOne 第 1 次 等待 3 秒
2024-07-08 00:13:27 查询号码 【1534808】，返回信息 {"status":"ok","msg":"甘肃-天水","gid":"424272","time_insert":"2021-07-28 13:04"}
2024-07-08 00:13:27 查询号码 【1534808】，GSD为【"甘肃-天水"】

2024-07-08 00:13:28 开始第 4927 次操作

2024-07-08 00:13:28 开始操作号码 【1534809】
2024-07-08 00:13:36 GSD getOne 第 1 次 等待 3 秒
2024-07-08 00:13:39 查询号码 【1534809】，返回信息 {"status":"ok","msg":"甘肃-陇南","gid":"424265","time_insert":"2021-07-28 13:03","time_update":"2021-07-29 07:16"}
2024-07-08 00:13:40 查询号码 【1534809】，GSD为【"甘肃-陇南"】

2024-07-08 00:13:41 开始第 4928 次操作

2024-07-08 00:13:41 开始操作号码 【1534810】
2024-07-08 00:13:50 GSD getOne 第 1 次 等待 3 秒
2024-07-08 00:13:53 查询号码 【1534810】，返回信息 {"status":"ok","msg":"四川-德阳","gid":"21075","time_insert":"2014-06-22 17:16","time_update":"2020-10-22 00:51"}
2024-07-08 00:13:53 查询号码 【1534810】，GSD为【"四川-德阳"】

