2024-03-18 00:11:41 开始第 9689 次操作

2024-03-18 00:11:41 开始操作号码 【1759582】
2024-03-18 00:11:46 GSD getOne 第 1 次 等待 3 秒
2024-03-18 00:11:49 查询号码 【1759582】，返回信息 {"status":"ok","msg":"广西-南宁","gid":"245799","time_insert":"2021-07-11 05:49"}
2024-03-18 00:11:49 查询号码 【1759582】，GSD为【"广西-南宁"】

2024-03-18 00:11:50 开始第 9690 次操作

2024-03-18 00:11:50 开始操作号码 【1759583】
2024-03-18 00:11:55 GSD getOne 第 1 次 等待 3 秒
2024-03-18 00:11:58 查询号码 【1759583】，返回信息 {"status":"ok","msg":"广西-南宁","gid":"245804","time_insert":"2021-07-11 05:49"}
2024-03-18 00:11:58 查询号码 【1759583】，GSD为【"广西-南宁"】

2024-03-18 00:11:59 开始第 9691 次操作

2024-03-18 00:11:59 开始操作号码 【1759584】
2024-03-18 00:12:03 GSD getOne 第 1 次 等待 3 秒
2024-03-18 00:12:06 查询号码 【1759584】，返回信息 {"status":"ok","msg":"广西-南宁","gid":"245809","time_insert":"2021-07-11 05:50"}
2024-03-18 00:12:06 查询号码 【1759584】，GSD为【"广西-南宁"】

2024-03-18 00:12:07 开始第 9692 次操作

2024-03-18 00:12:07 开始操作号码 【1759585】
2024-03-18 00:12:12 GSD getOne 第 1 次 等待 3 秒
2024-03-18 00:12:15 查询号码 【1759585】，返回信息 {"status":"ok","msg":"广西-南宁","gid":"245815","time_insert":"2021-07-11 05:50"}
2024-03-18 00:12:15 查询号码 【1759585】，GSD为【"广西-南宁"】

