2024-10-23 00:26:55 开始第 917 次操作

2024-10-23 00:26:55 开始操作号码 【1320916】
2024-10-23 00:26:57 GSD getOne 第 1 次 等待 3 秒
2024-10-23 00:27:00 查询号码 【1320916】，返回信息 {"status":"ok","msg":"陕西-汉中","gid":"63160","time_insert":"2021-05-20 17:21"}
2024-10-23 00:27:00 查询号码 【1320916】，GSD为【"陕西-汉中"】

2024-10-23 00:27:01 开始第 918 次操作

2024-10-23 00:27:01 开始操作号码 【1320917】
2024-10-23 00:27:02 GSD getOne 第 1 次 等待 3 秒
2024-10-23 00:27:05 查询号码 【1320917】，返回信息 {"status":"ok","msg":"陕西-宝鸡","gid":"63171","time_insert":"2021-05-20 17:48"}
2024-10-23 00:27:05 查询号码 【1320917】，GSD为【"陕西-宝鸡"】

2024-10-23 00:27:06 开始第 919 次操作

2024-10-23 00:27:06 开始操作号码 【1320918】
2024-10-23 00:27:07 GSD getOne 第 1 次 等待 3 秒
2024-10-23 00:27:10 查询号码 【1320918】，返回信息 {"status":"ok","msg":"陕西-渭南","gid":"63192","time_insert":"2021-05-20 18:16"}
2024-10-23 00:27:10 查询号码 【1320918】，GSD为【"陕西-渭南"】

2024-10-23 00:27:11 开始第 920 次操作

2024-10-23 00:27:11 开始操作号码 【1320919】
2024-10-23 00:27:12 GSD getOne 第 1 次 等待 3 秒
2024-10-23 00:27:15 查询号码 【1320919】，返回信息 {"status":"ok","msg":"陕西-铜川","gid":"63215","time_insert":"2021-05-20 18:46"}
2024-10-23 00:27:15 查询号码 【1320919】，GSD为【"陕西-铜川"】

2024-10-23 00:47:06 开始第 921 次操作

2024-10-23 00:47:06 开始操作号码 【1320920】
2024-10-23 00:47:07 GSD getOne 第 1 次 等待 3 秒
2024-10-23 00:47:10 查询号码 【1320920】，返回信息 {"status":"ok","msg":"陕西-宝鸡","gid":"63229","time_insert":"2021-05-20 19:08"}
2024-10-23 00:47:11 查询号码 【1320920】，GSD为【"陕西-宝鸡"】

2024-10-23 00:47:12 开始第 922 次操作

2024-10-23 00:47:12 开始操作号码 【1320921】
2024-10-23 00:47:14 GSD getOne 第 1 次 等待 3 秒
2024-10-23 00:47:17 查询号码 【1320921】，返回信息 {"status":"ok","msg":"陕西-宝鸡","gid":"63246","time_insert":"2021-05-20 19:32"}
2024-10-23 00:47:17 查询号码 【1320921】，GSD为【"陕西-宝鸡"】

2024-10-23 00:47:18 开始第 923 次操作

2024-10-23 00:47:18 开始操作号码 【1320922】
2024-10-23 00:47:19 GSD getOne 第 1 次 等待 3 秒
2024-10-23 00:47:22 查询号码 【1320922】，返回信息 {"status":"ok","msg":"陕西-宝鸡","gid":"63259","time_insert":"2021-05-20 19:53"}
2024-10-23 00:47:22 查询号码 【1320922】，GSD为【"陕西-宝鸡"】

2024-10-23 00:47:23 开始第 924 次操作

2024-10-23 00:47:23 开始操作号码 【1320923】
2024-10-23 00:47:24 GSD getOne 第 1 次 等待 3 秒
2024-10-23 00:47:27 查询号码 【1320923】，返回信息 {"status":"ok","msg":"陕西-宝鸡","gid":"63271","time_insert":"2021-05-20 20:08"}
2024-10-23 00:47:27 查询号码 【1320923】，GSD为【"陕西-宝鸡"】

2024-10-23 01:18:25 开始第 925 次操作

2024-10-23 01:18:25 开始操作号码 【1320924】
2024-10-23 01:18:26 GSD getOne 第 1 次 等待 3 秒
2024-10-23 01:18:29 查询号码 【1320924】，返回信息 {"status":"ok","msg":"陕西-汉中","gid":"63293","time_insert":"2021-05-20 20:35"}
2024-10-23 01:18:29 查询号码 【1320924】，GSD为【"陕西-汉中"】

2024-10-23 01:18:30 开始第 926 次操作

2024-10-23 01:18:30 开始操作号码 【1320925】
2024-10-23 01:18:31 GSD getOne 第 1 次 等待 3 秒
2024-10-23 01:18:34 查询号码 【1320925】，返回信息 {"status":"ok","msg":"陕西-汉中","gid":"63311","time_insert":"2021-05-20 21:04"}
2024-10-23 01:18:34 查询号码 【1320925】，GSD为【"陕西-汉中"】

2024-10-23 01:18:35 开始第 927 次操作

2024-10-23 01:18:35 开始操作号码 【1320926】
2024-10-23 01:18:36 GSD getOne 第 1 次 等待 3 秒
2024-10-23 01:18:39 查询号码 【1320926】，返回信息 {"status":"ok","msg":"陕西-汉中","gid":"63328","time_insert":"2021-05-20 21:27"}
2024-10-23 01:18:39 查询号码 【1320926】，GSD为【"陕西-汉中"】

2024-10-23 01:18:40 开始第 928 次操作

2024-10-23 01:18:40 开始操作号码 【1320927】
2024-10-23 01:18:41 GSD getOne 第 1 次 等待 3 秒
2024-10-23 01:18:44 查询号码 【1320927】，返回信息 {"status":"ok","msg":"陕西-汉中","gid":"63346","time_insert":"2021-05-20 21:54"}
2024-10-23 01:18:44 查询号码 【1320927】，GSD为【"陕西-汉中"】

