2023-10-29 00:11:37 开始第 5785 次操作

2023-10-29 00:11:37 开始操作号码 【1965689】
2023-10-29 00:11:40 GSD getOne 第 1 次 等待 3 秒
2023-10-29 00:11:43 查询号码 【1965689】，返回信息 {"status":"ok","msg":"-","gid":"570421","time_insert":"2023-03-05 02:00"}
2023-10-29 00:11:43 查询号码 【1965689】，GSD为【"-"】
2023-10-29 00:11:43 ok && -
2023-10-29 00:11:45 CHB 1965689?1698509503 第 1 次 等待 3 秒
2023-10-29 00:11:48 CHB 1965689?1698509503 第 1 次 获取到号码【1965689】GSD
2023-10-29 00:11:48 未获取到号码【1965689】GSD，可能号码格式错误
2023-10-29 00:11:48 获取到号码【1965689】的GSD为【-】
2023-10-29 00:11:51 GSD insert 第 1 次 等待 3 秒
2023-10-29 00:11:54 {"status":"bad","gid":"570421","msg":"添加失败！号码【1965689(-|-)】已存在！"}
2023-10-29 00:11:54 随机等待 199 秒，约 3 分钟
2023-10-29 00:11:54 下次操作: 2023-10-29 00:15:13

2023-10-29 00:15:13 开始第 5786 次操作

2023-10-29 00:15:13 开始操作号码 【1965690】
2023-10-29 00:16:15 GSD getOne 第 1 次 等待 3 秒
2023-10-29 00:16:18 查询号码 【1965690】，返回信息 {"status":"ok","msg":"-","gid":"570438","time_insert":"2023-03-05 02:11"}
2023-10-29 00:16:18 查询号码 【1965690】，GSD为【"-"】
2023-10-29 00:16:18 ok && -
2023-10-29 00:16:19 CHB 1965690?1698509778 第 1 次 等待 3 秒
2023-10-29 00:16:22 CHB 1965690?1698509778 第 1 次 获取到号码【1965690】GSD
2023-10-29 00:16:22 未获取到号码【1965690】GSD，可能号码格式错误
2023-10-29 00:16:22 获取到号码【1965690】的GSD为【-】
2023-10-29 00:16:26 GSD insert 第 1 次 等待 3 秒
2023-10-29 00:16:29 {"status":"bad","gid":"570438","msg":"添加失败！号码【1965690(-|-)】已存在！"}
2023-10-29 00:16:29 随机等待 188 秒，约 3 分钟
2023-10-29 00:16:29 下次操作: 2023-10-29 00:19:37

2023-10-29 00:19:37 开始第 5787 次操作

2023-10-29 00:19:37 开始操作号码 【1965691】
2023-10-29 00:19:50 GSD getOne 第 1 次 等待 3 秒
2023-10-29 00:19:53 查询号码 【1965691】，返回信息 {"status":"ok","msg":"-","gid":"570439","time_insert":"2023-03-05 02:13"}
2023-10-29 00:19:53 查询号码 【1965691】，GSD为【"-"】
2023-10-29 00:19:53 ok && -
2023-10-29 00:19:54 CHB 1965691?1698509993 第 1 次 等待 3 秒
2023-10-29 00:19:57 CHB 1965691?1698509993 第 1 次 获取到号码【1965691】GSD
2023-10-29 00:19:57 未获取到号码【1965691】GSD，可能号码格式错误
2023-10-29 00:19:57 获取到号码【1965691】的GSD为【-】
2023-10-29 00:20:01 GSD insert 第 1 次 等待 3 秒
2023-10-29 00:20:04 {"status":"bad","gid":"570439","msg":"添加失败！号码【1965691(-|-)】已存在！"}
2023-10-29 00:20:04 随机等待 109 秒，约 1 分钟
2023-10-29 00:20:04 下次操作: 2023-10-29 00:21:53

2023-10-29 00:21:53 开始第 5788 次操作

2023-10-29 00:21:53 开始操作号码 【1965692】
2023-10-29 00:21:59 GSD getOne 第 1 次 等待 3 秒
2023-10-29 00:22:02 查询号码 【1965692】，返回信息 {"status":"ok","msg":"-","gid":"570441","time_insert":"2023-03-05 02:16"}
2023-10-29 00:22:02 查询号码 【1965692】，GSD为【"-"】
2023-10-29 00:22:02 ok && -
2023-10-29 00:22:04 CHB 1965692?1698510122 第 1 次 等待 3 秒
2023-10-29 00:22:07 CHB 1965692?1698510122 第 1 次 获取到号码【1965692】GSD
2023-10-29 00:22:07 未获取到号码【1965692】GSD，可能号码格式错误
2023-10-29 00:22:07 获取到号码【1965692】的GSD为【-】
2023-10-29 00:22:19 GSD insert 第 1 次 等待 3 秒
2023-10-29 00:22:22 {"status":"bad","gid":"570441","msg":"添加失败！号码【1965692(-|-)】已存在！"}

