2024-06-21 00:15:29 开始第 1857 次操作

2024-06-21 00:15:29 开始操作号码 【1531740】
2024-06-21 00:15:42 GSD getOne 第 1 次 等待 3 秒
2024-06-21 00:15:45 查询号码 【1531740】，返回信息 {"status":"ok","msg":"上海-上海","gid":"130060","time_insert":"2021-06-26 03:38"}
2024-06-21 00:15:45 查询号码 【1531740】，GSD为【"上海-上海"】

2024-06-21 00:15:46 开始第 1858 次操作

2024-06-21 00:15:46 开始操作号码 【1531741】
2024-06-21 00:15:53 GSD getOne 第 1 次 等待 3 秒
2024-06-21 00:15:56 查询号码 【1531741】，返回信息 {"status":"ok","msg":"上海-上海","gid":"130166","time_insert":"2021-06-26 03:54"}
2024-06-21 00:15:56 查询号码 【1531741】，GSD为【"上海-上海"】

2024-06-21 00:15:57 开始第 1859 次操作

2024-06-21 00:15:57 开始操作号码 【1531742】
2024-06-21 00:16:07 GSD getOne 第 1 次 等待 3 秒
2024-06-21 00:16:10 查询号码 【1531742】，返回信息 {"status":"ok","msg":"上海-上海","gid":"130215","time_insert":"2021-06-26 04:12"}
2024-06-21 00:16:10 查询号码 【1531742】，GSD为【"上海-上海"】

2024-06-21 00:16:11 开始第 1860 次操作

2024-06-21 00:16:11 开始操作号码 【1531743】
2024-06-21 00:16:23 GSD getOne 第 1 次 等待 3 秒
2024-06-21 00:16:26 查询号码 【1531743】，返回信息 {"status":"ok","msg":"上海-上海","gid":"130238","time_insert":"2021-06-26 04:28"}
2024-06-21 00:16:26 查询号码 【1531743】，GSD为【"上海-上海"】

