2023-12-26 00:13:01 开始第 5357 次操作

2023-12-26 00:13:01 开始操作号码 【1865250】
2023-12-26 00:13:06 GSD getOne 第 1 次 等待 3 秒
2023-12-26 00:13:09 查询号码 【1865250】，返回信息 {"status":"ok","msg":"江苏-扬州","gid":"456781","time_insert":"2021-07-31 14:17"}
2023-12-26 00:13:10 查询号码 【1865250】，GSD为【"江苏-扬州"】

2023-12-26 00:13:11 开始第 5358 次操作

2023-12-26 00:13:11 开始操作号码 【1865251】
2023-12-26 00:13:14 GSD getOne 第 1 次 等待 3 秒
2023-12-26 00:13:17 查询号码 【1865251】，返回信息 {"status":"ok","msg":"江苏-扬州","gid":"456779","time_insert":"2021-07-31 14:16"}
2023-12-26 00:13:17 查询号码 【1865251】，GSD为【"江苏-扬州"】

2023-12-26 00:13:18 开始第 5359 次操作

2023-12-26 00:13:18 开始操作号码 【1865252】
2023-12-26 00:13:22 GSD getOne 第 1 次 等待 3 秒
2023-12-26 00:13:25 查询号码 【1865252】，返回信息 {"status":"ok","msg":"江苏-扬州","gid":"456777","time_insert":"2021-07-31 14:15"}
2023-12-26 00:13:25 查询号码 【1865252】，GSD为【"江苏-扬州"】

2023-12-26 00:13:26 开始第 5360 次操作

2023-12-26 00:13:26 开始操作号码 【1865253】
2023-12-26 00:13:29 GSD getOne 第 1 次 等待 3 秒
2023-12-26 00:13:32 查询号码 【1865253】，返回信息 {"status":"ok","msg":"江苏-扬州","gid":"456772","time_insert":"2021-07-31 14:14"}
2023-12-26 00:13:32 查询号码 【1865253】，GSD为【"江苏-扬州"】

