2024-08-26 00:15:04 开始第 1185 次操作

2024-08-26 00:15:04 开始操作号码 【1421184】
2024-08-26 00:15:14 GSD getOne 第 1 次 等待 3 秒
2024-08-26 00:15:17 查询号码 【1421184】，返回信息 {"status":"ok","msg":"-","gid":"536448","time_insert":"2023-02-17 20:44"}
2024-08-26 00:15:17 查询号码 【1421184】，GSD为【"-"】
2024-08-26 00:15:17 ok && -
2024-08-26 00:15:19 CHB 1421184?1724602517 第 1 次 等待 3 秒
2024-08-26 00:15:22 CHB 1421184?1724602517 第 1 次 获取到号码【1421184】GSD
2024-08-26 00:15:22 未获取到号码【1421184】GSD，可能号码格式错误
2024-08-26 00:15:22 获取到号码【1421184】的GSD为【-】
2024-08-26 00:15:30 GSD insert 第 1 次 等待 3 秒
2024-08-26 00:15:33 {"status":"bad","gid":"536448","msg":"添加失败！号码【1421184(-|-)】已存在！"}
2024-08-26 00:15:33 随机等待 97 秒，约 1 分钟
2024-08-26 00:15:33 下次操作: 2024-08-26 00:17:10

2024-08-26 00:17:10 开始第 1186 次操作

2024-08-26 00:17:10 开始操作号码 【1421185】
2024-08-26 00:17:17 GSD getOne 第 1 次 等待 3 秒
2024-08-26 00:17:20 查询号码 【1421185】，返回信息 {"status":"ok","msg":"-","gid":"536462","time_insert":"2023-02-17 20:53"}
2024-08-26 00:17:20 查询号码 【1421185】，GSD为【"-"】
2024-08-26 00:17:20 ok && -
2024-08-26 00:17:22 CHB 1421185?1724602640 第 1 次 等待 3 秒
2024-08-26 00:17:25 CHB 1421185?1724602640 第 1 次 获取到号码【1421185】GSD
2024-08-26 00:17:25 未获取到号码【1421185】GSD，可能号码格式错误
2024-08-26 00:17:25 获取到号码【1421185】的GSD为【-】
2024-08-26 00:17:34 GSD insert 第 1 次 等待 3 秒
2024-08-26 00:17:37 {"status":"bad","gid":"536462","msg":"添加失败！号码【1421185(-|-)】已存在！"}
2024-08-26 00:17:37 随机等待 144 秒，约 2 分钟
2024-08-26 00:17:37 下次操作: 2024-08-26 00:20:01

2024-08-26 00:20:01 开始第 1187 次操作

2024-08-26 00:20:01 开始操作号码 【1421186】
2024-08-26 00:20:08 GSD getOne 第 1 次 等待 3 秒
2024-08-26 00:20:11 查询号码 【1421186】，返回信息 {"status":"ok","msg":"-","gid":"536483","time_insert":"2023-02-17 21:08"}
2024-08-26 00:20:12 查询号码 【1421186】，GSD为【"-"】
2024-08-26 00:20:12 ok && -
2024-08-26 00:20:14 CHB 1421186?1724602812 第 1 次 等待 3 秒
2024-08-26 00:20:17 CHB 1421186?1724602812 第 1 次 获取到号码【1421186】GSD
2024-08-26 00:20:17 未获取到号码【1421186】GSD，可能号码格式错误
2024-08-26 00:20:17 获取到号码【1421186】的GSD为【-】
2024-08-26 00:20:26 GSD insert 第 1 次 等待 3 秒
2024-08-26 00:20:29 {"status":"bad","gid":"536483","msg":"添加失败！号码【1421186(-|-)】已存在！"}
2024-08-26 00:20:29 随机等待 68 秒，约 1 分钟
2024-08-26 00:20:29 下次操作: 2024-08-26 00:21:37

2024-08-26 00:21:37 开始第 1188 次操作

2024-08-26 00:21:37 开始操作号码 【1421187】
2024-08-26 00:21:45 GSD getOne 第 1 次 等待 3 秒
2024-08-26 00:21:48 查询号码 【1421187】，返回信息 {"status":"ok","msg":"-","gid":"536501","time_insert":"2023-02-17 21:20"}
2024-08-26 00:21:48 查询号码 【1421187】，GSD为【"-"】
2024-08-26 00:21:48 ok && -
2024-08-26 00:21:50 CHB 1421187?1724602908 第 1 次 等待 3 秒
2024-08-26 00:21:53 CHB 1421187?1724602908 第 1 次 获取到号码【1421187】GSD
2024-08-26 00:21:53 未获取到号码【1421187】GSD，可能号码格式错误
2024-08-26 00:21:53 获取到号码【1421187】的GSD为【-】
2024-08-26 00:22:02 GSD insert 第 1 次 等待 3 秒
2024-08-26 00:22:05 {"status":"bad","gid":"536501","msg":"添加失败！号码【1421187(-|-)】已存在！"}

2024-08-26 00:38:06 开始第 1189 次操作

2024-08-26 00:38:06 开始操作号码 【1421188】
2024-08-26 00:38:14 GSD getOne 第 1 次 等待 3 秒
2024-08-26 00:38:17 查询号码 【1421188】，返回信息 {"status":"ok","msg":"-","gid":"536522","time_insert":"2023-02-17 21:34"}
2024-08-26 00:38:17 查询号码 【1421188】，GSD为【"-"】
2024-08-26 00:38:17 ok && -
2024-08-26 00:38:18 CHB 1421188?1724603897 第 1 次 等待 3 秒
2024-08-26 00:38:21 CHB 1421188?1724603897 第 1 次 获取到号码【1421188】GSD
2024-08-26 00:38:21 未获取到号码【1421188】GSD，可能号码格式错误
2024-08-26 00:38:21 获取到号码【1421188】的GSD为【-】
2024-08-26 00:38:29 GSD insert 第 1 次 等待 3 秒
2024-08-26 00:38:32 {"status":"bad","gid":"536522","msg":"添加失败！号码【1421188(-|-)】已存在！"}
2024-08-26 00:38:32 随机等待 74 秒，约 1 分钟
2024-08-26 00:38:32 下次操作: 2024-08-26 00:39:46

2024-08-26 00:39:46 开始第 1190 次操作

2024-08-26 00:39:46 开始操作号码 【1421189】
2024-08-26 00:39:54 GSD getOne 第 1 次 等待 3 秒
2024-08-26 00:39:57 查询号码 【1421189】，返回信息 {"status":"ok","msg":"-","gid":"536546","time_insert":"2023-02-17 21:47"}
2024-08-26 00:39:57 查询号码 【1421189】，GSD为【"-"】
2024-08-26 00:39:57 ok && -
2024-08-26 00:39:58 CHB 1421189?1724603997 第 1 次 等待 3 秒
2024-08-26 00:40:01 CHB 1421189?1724603997 第 1 次 获取到号码【1421189】GSD
2024-08-26 00:40:01 未获取到号码【1421189】GSD，可能号码格式错误
2024-08-26 00:40:01 获取到号码【1421189】的GSD为【-】
2024-08-26 00:40:09 GSD insert 第 1 次 等待 3 秒
2024-08-26 00:40:12 {"status":"bad","gid":"536546","msg":"添加失败！号码【1421189(-|-)】已存在！"}
2024-08-26 00:40:12 随机等待 170 秒，约 2 分钟
2024-08-26 00:40:12 下次操作: 2024-08-26 00:43:02

2024-08-26 00:43:02 开始第 1191 次操作

2024-08-26 00:43:02 开始操作号码 【1421190】
2024-08-26 00:43:11 GSD getOne 第 1 次 等待 3 秒
2024-08-26 00:43:14 查询号码 【1421190】，返回信息 {"status":"ok","msg":"-","gid":"536576","time_insert":"2023-02-17 22:02"}
2024-08-26 00:43:14 查询号码 【1421190】，GSD为【"-"】
2024-08-26 00:43:14 ok && -
2024-08-26 00:43:16 CHB 1421190?1724604194 第 1 次 等待 3 秒
2024-08-26 00:43:19 CHB 1421190?1724604194 第 1 次 获取到号码【1421190】GSD
2024-08-26 00:43:19 未获取到号码【1421190】GSD，可能号码格式错误
2024-08-26 00:43:19 获取到号码【1421190】的GSD为【-】
2024-08-26 00:43:27 GSD insert 第 1 次 等待 3 秒
2024-08-26 00:43:30 {"status":"bad","gid":"536576","msg":"添加失败！号码【1421190(-|-)】已存在！"}
2024-08-26 00:43:30 随机等待 223 秒，约 3 分钟
2024-08-26 00:43:30 下次操作: 2024-08-26 00:47:13

2024-08-26 00:47:13 开始第 1192 次操作

2024-08-26 00:47:13 开始操作号码 【1421191】
2024-08-26 00:47:21 GSD getOne 第 1 次 等待 3 秒
2024-08-26 00:47:24 查询号码 【1421191】，返回信息 {"status":"ok","msg":"-","gid":"536589","time_insert":"2023-02-17 22:13"}
2024-08-26 00:47:24 查询号码 【1421191】，GSD为【"-"】
2024-08-26 00:47:24 ok && -
2024-08-26 00:47:25 CHB 1421191?1724604444 第 1 次 等待 3 秒
2024-08-26 00:47:28 CHB 1421191?1724604444 第 1 次 获取到号码【1421191】GSD
2024-08-26 00:47:29 未获取到号码【1421191】GSD，可能号码格式错误
2024-08-26 00:47:29 获取到号码【1421191】的GSD为【-】
2024-08-26 00:47:36 GSD insert 第 1 次 等待 3 秒
2024-08-26 00:47:39 {"status":"bad","gid":"536589","msg":"添加失败！号码【1421191(-|-)】已存在！"}

