2024-04-28 00:12:07 开始第 6085 次操作

2024-04-28 00:12:07 开始操作号码 【1645979】
2024-04-28 00:12:12 GSD getOne 第 1 次 等待 3 秒
2024-04-28 00:12:15 查询号码 【1645979】，返回信息 {"status":"ok","msg":"-","gid":"645462","time_insert":"2023-04-10 18:14"}
2024-04-28 00:12:16 查询号码 【1645979】，GSD为【"-"】
2024-04-28 00:12:16 ok && -
2024-04-28 00:12:21 CHB 1645979?1714234336 第 1 次 等待 3 秒
2024-04-28 00:12:24 CHB 1645979?1714234336 第 1 次 获取到号码【1645979】GSD
2024-04-28 00:12:24 未获取到号码【1645979】GSD，可能号码格式错误
2024-04-28 00:12:24 获取到号码【1645979】的GSD为【-】
2024-04-28 00:12:31 GSD insert 第 1 次 等待 3 秒
2024-04-28 00:12:34 {"status":"bad","gid":"645462","msg":"添加失败！号码【1645979(-|-)】已存在！"}
2024-04-28 00:12:34 随机等待 91 秒，约 1 分钟
2024-04-28 00:12:34 下次操作: 2024-04-28 00:14:05

2024-04-28 00:14:05 开始第 6086 次操作

2024-04-28 00:14:05 开始操作号码 【1645980】
2024-04-28 00:14:13 GSD getOne 第 1 次 等待 3 秒
2024-04-28 00:14:16 查询号码 【1645980】，返回信息 {"status":"ok","msg":"-","gid":"645484","time_insert":"2023-04-10 18:29"}
2024-04-28 00:14:16 查询号码 【1645980】，GSD为【"-"】
2024-04-28 00:14:16 ok && -
2024-04-28 00:14:18 CHB 1645980?1714234456 第 1 次 等待 3 秒
2024-04-28 00:14:21 CHB 1645980?1714234456 第 1 次 获取到号码【1645980】GSD
2024-04-28 00:14:21 未获取到号码【1645980】GSD，可能号码格式错误
2024-04-28 00:14:21 获取到号码【1645980】的GSD为【-】
2024-04-28 00:14:28 GSD insert 第 1 次 等待 3 秒
2024-04-28 00:14:31 {"status":"bad","gid":"645484","msg":"添加失败！号码【1645980(-|-)】已存在！"}
2024-04-28 00:14:31 随机等待 108 秒，约 1 分钟
2024-04-28 00:14:31 下次操作: 2024-04-28 00:16:19

2024-04-28 00:16:19 开始第 6087 次操作

2024-04-28 00:16:19 开始操作号码 【1645981】
2024-04-28 00:16:27 GSD getOne 第 1 次 等待 3 秒
2024-04-28 00:16:30 查询号码 【1645981】，返回信息 {"status":"ok","msg":"-","gid":"645502","time_insert":"2023-04-10 18:38"}
2024-04-28 00:16:30 查询号码 【1645981】，GSD为【"-"】
2024-04-28 00:16:30 ok && -
2024-04-28 00:16:33 CHB 1645981?1714234590 第 1 次 等待 3 秒
2024-04-28 00:16:36 CHB 1645981?1714234590 第 1 次 获取到号码【1645981】GSD
2024-04-28 00:16:36 未获取到号码【1645981】GSD，可能号码格式错误
2024-04-28 00:16:36 获取到号码【1645981】的GSD为【-】
2024-04-28 00:16:41 GSD insert 第 1 次 等待 3 秒
2024-04-28 00:16:44 {"status":"bad","gid":"645502","msg":"添加失败！号码【1645981(-|-)】已存在！"}
2024-04-28 00:16:44 随机等待 231 秒，约 3 分钟
2024-04-28 00:16:44 下次操作: 2024-04-28 00:20:35

2024-04-28 00:20:35 开始第 6088 次操作

2024-04-28 00:20:35 开始操作号码 【1645982】
2024-04-28 00:20:40 GSD getOne 第 1 次 等待 3 秒
2024-04-28 00:20:43 查询号码 【1645982】，返回信息 {"status":"ok","msg":"-","gid":"645528","time_insert":"2023-04-10 18:50"}
2024-04-28 00:20:43 查询号码 【1645982】，GSD为【"-"】
2024-04-28 00:20:43 ok && -
2024-04-28 00:20:46 CHB 1645982?1714234843 第 1 次 等待 3 秒
2024-04-28 00:20:49 CHB 1645982?1714234843 第 1 次 获取到号码【1645982】GSD
2024-04-28 00:20:49 未获取到号码【1645982】GSD，可能号码格式错误
2024-04-28 00:20:49 获取到号码【1645982】的GSD为【-】
2024-04-28 00:20:55 GSD insert 第 1 次 等待 3 秒
2024-04-28 00:20:58 {"status":"bad","gid":"645528","msg":"添加失败！号码【1645982(-|-)】已存在！"}

