2024-03-05 00:14:19 开始第 7297 次操作

2024-03-05 00:14:19 开始操作号码 【1757190】
2024-03-05 00:14:24 GSD getOne 第 1 次 等待 3 秒
2024-03-05 00:14:27 查询号码 【1757190】，返回信息 {"status":"ok","msg":"湖北-宜昌","gid":"214272","time_insert":"2021-07-07 13:17"}
2024-03-05 00:14:27 查询号码 【1757190】，GSD为【"湖北-宜昌"】

2024-03-05 00:14:28 开始第 7298 次操作

2024-03-05 00:14:28 开始操作号码 【1757191】
2024-03-05 00:14:32 GSD getOne 第 1 次 等待 3 秒
2024-03-05 00:14:35 查询号码 【1757191】，返回信息 {"status":"ok","msg":"湖北-宜昌","gid":"214276","time_insert":"2021-07-07 13:18"}
2024-03-05 00:14:35 查询号码 【1757191】，GSD为【"湖北-宜昌"】

2024-03-05 00:14:36 开始第 7299 次操作

2024-03-05 00:14:36 开始操作号码 【1757192】
2024-03-05 00:14:40 GSD getOne 第 1 次 等待 3 秒
2024-03-05 00:14:43 查询号码 【1757192】，返回信息 {"status":"ok","msg":"湖北-宜昌","gid":"214281","time_insert":"2021-07-07 13:18"}
2024-03-05 00:14:43 查询号码 【1757192】，GSD为【"湖北-宜昌"】

2024-03-05 00:14:44 开始第 7300 次操作

2024-03-05 00:14:44 开始操作号码 【1757193】
2024-03-05 00:14:49 GSD getOne 第 1 次 等待 3 秒
2024-03-05 00:14:52 查询号码 【1757193】，返回信息 {"status":"ok","msg":"湖北-宜昌","gid":"214287","time_insert":"2021-07-07 13:19"}
2024-03-05 00:14:52 查询号码 【1757193】，GSD为【"湖北-宜昌"】

2024-03-05 00:36:51 开始第 7301 次操作

2024-03-05 00:36:51 开始操作号码 【1757194】
2024-03-05 00:36:56 GSD getOne 第 1 次 等待 3 秒
2024-03-05 00:36:59 查询号码 【1757194】，返回信息 {"status":"ok","msg":"湖北-宜昌","gid":"214289","time_insert":"2021-07-07 13:20"}
2024-03-05 00:36:59 查询号码 【1757194】，GSD为【"湖北-宜昌"】

2024-03-05 00:37:00 开始第 7302 次操作

2024-03-05 00:37:00 开始操作号码 【1757195】
2024-03-05 00:37:05 GSD getOne 第 1 次 等待 3 秒
2024-03-05 00:37:08 查询号码 【1757195】，返回信息 {"status":"ok","msg":"湖北-十堰","gid":"214361","time_insert":"2021-07-07 13:38"}
2024-03-05 00:37:08 查询号码 【1757195】，GSD为【"湖北-十堰"】

2024-03-05 00:37:09 开始第 7303 次操作

2024-03-05 00:37:09 开始操作号码 【1757196】
2024-03-05 00:37:14 GSD getOne 第 1 次 等待 3 秒
2024-03-05 00:37:17 查询号码 【1757196】，返回信息 {"status":"ok","msg":"湖北-十堰","gid":"214372","time_insert":"2021-07-07 13:39"}
2024-03-05 00:37:17 查询号码 【1757196】，GSD为【"湖北-十堰"】

2024-03-05 00:37:18 开始第 7304 次操作

2024-03-05 00:37:18 开始操作号码 【1757197】
2024-03-05 00:37:23 GSD getOne 第 1 次 等待 3 秒
2024-03-05 00:37:26 查询号码 【1757197】，返回信息 {"status":"ok","msg":"湖北-十堰","gid":"214382","time_insert":"2021-07-07 13:39"}
2024-03-05 00:37:26 查询号码 【1757197】，GSD为【"湖北-十堰"】

