2024-07-13 00:14:52 开始第 5825 次操作

2024-07-13 00:14:52 开始操作号码 【1535707】
2024-07-13 00:15:03 GSD getOne 第 1 次 等待 3 秒
2024-07-13 00:15:06 查询号码 【1535707】，返回信息 {"status":"ok","msg":"安徽-安庆","gid":"414723","time_insert":"2021-07-27 16:08"}
2024-07-13 00:15:06 查询号码 【1535707】，GSD为【"安徽-安庆"】

2024-07-13 00:15:07 开始第 5826 次操作

2024-07-13 00:15:07 开始操作号码 【1535708】
2024-07-13 00:15:15 GSD getOne 第 1 次 等待 3 秒
2024-07-13 00:15:18 查询号码 【1535708】，返回信息 {"status":"ok","msg":"安徽-安庆","gid":"414717","time_insert":"2021-07-27 16:07"}
2024-07-13 00:15:18 查询号码 【1535708】，GSD为【"安徽-安庆"】

2024-07-13 00:15:19 开始第 5827 次操作

2024-07-13 00:15:19 开始操作号码 【1535709】
2024-07-13 00:15:26 GSD getOne 第 1 次 等待 3 秒
2024-07-13 00:15:29 查询号码 【1535709】，返回信息 {"status":"ok","msg":"安徽-安庆","gid":"414713","time_insert":"2021-07-27 16:06"}
2024-07-13 00:15:29 查询号码 【1535709】，GSD为【"安徽-安庆"】

2024-07-13 00:15:30 开始第 5828 次操作

2024-07-13 00:15:30 开始操作号码 【1535710】
2024-07-13 00:15:39 GSD getOne 第 1 次 等待 3 秒
2024-07-13 00:15:42 查询号码 【1535710】，返回信息 {"status":"ok","msg":"安徽-滁州","gid":"414707","time_insert":"2021-07-27 16:05"}
2024-07-13 00:15:42 查询号码 【1535710】，GSD为【"安徽-滁州"】

2024-07-13 00:38:26 开始第 5829 次操作

2024-07-13 00:38:26 开始操作号码 【1535711】
2024-07-13 00:38:34 GSD getOne 第 1 次 等待 3 秒
2024-07-13 00:38:37 查询号码 【1535711】，返回信息 {"status":"ok","msg":"安徽-滁州","gid":"414701","time_insert":"2021-07-27 16:04"}
2024-07-13 00:38:37 查询号码 【1535711】，GSD为【"安徽-滁州"】

2024-07-13 00:38:38 开始第 5830 次操作

2024-07-13 00:38:38 开始操作号码 【1535712】
2024-07-13 00:38:46 GSD getOne 第 1 次 等待 3 秒
2024-07-13 00:38:49 查询号码 【1535712】，返回信息 {"status":"ok","msg":"安徽-滁州","gid":"414696","time_insert":"2021-07-27 16:03"}
2024-07-13 00:38:49 查询号码 【1535712】，GSD为【"安徽-滁州"】

2024-07-13 00:38:50 开始第 5831 次操作

2024-07-13 00:38:50 开始操作号码 【1535713】
2024-07-13 00:38:58 GSD getOne 第 1 次 等待 3 秒
2024-07-13 00:39:01 查询号码 【1535713】，返回信息 {"status":"ok","msg":"安徽-滁州","gid":"414691","time_insert":"2021-07-27 16:02"}
2024-07-13 00:39:01 查询号码 【1535713】，GSD为【"安徽-滁州"】

2024-07-13 00:39:02 开始第 5832 次操作

2024-07-13 00:39:02 开始操作号码 【1535714】
2024-07-13 00:39:15 GSD getOne 第 1 次 等待 3 秒
2024-07-13 00:39:18 查询号码 【1535714】，返回信息 {"status":"ok","msg":"安徽-滁州","gid":"414682","time_insert":"2021-07-27 16:02"}
2024-07-13 00:39:18 查询号码 【1535714】，GSD为【"安徽-滁州"】

2024-07-13 01:11:42 开始第 5833 次操作

2024-07-13 01:11:42 开始操作号码 【1535715】
2024-07-13 01:11:50 GSD getOne 第 1 次 等待 3 秒
2024-07-13 01:11:53 查询号码 【1535715】，返回信息 {"status":"ok","msg":"安徽-六安","gid":"414673","time_insert":"2021-07-27 16:01"}
2024-07-13 01:11:53 查询号码 【1535715】，GSD为【"安徽-六安"】

2024-07-13 01:11:54 开始第 5834 次操作

2024-07-13 01:11:54 开始操作号码 【1535716】
2024-07-13 01:12:03 GSD getOne 第 1 次 等待 3 秒
2024-07-13 01:12:06 查询号码 【1535716】，返回信息 {"status":"ok","msg":"安徽-六安","gid":"414663","time_insert":"2021-07-27 16:00"}
2024-07-13 01:12:06 查询号码 【1535716】，GSD为【"安徽-六安"】

2024-07-13 01:12:07 开始第 5835 次操作

2024-07-13 01:12:07 开始操作号码 【1535717】
2024-07-13 01:12:15 GSD getOne 第 1 次 等待 3 秒
2024-07-13 01:12:18 查询号码 【1535717】，返回信息 {"status":"ok","msg":"安徽-六安","gid":"414652","time_insert":"2021-07-27 15:59"}
2024-07-13 01:12:18 查询号码 【1535717】，GSD为【"安徽-六安"】

2024-07-13 01:12:19 开始第 5836 次操作

2024-07-13 01:12:19 开始操作号码 【1535718】
2024-07-13 01:12:28 GSD getOne 第 1 次 等待 3 秒
2024-07-13 01:12:31 查询号码 【1535718】，返回信息 {"status":"ok","msg":"安徽-六安","gid":"414639","time_insert":"2021-07-27 15:58"}
2024-07-13 01:12:31 查询号码 【1535718】，GSD为【"安徽-六安"】

2024-07-13 01:34:48 开始第 5837 次操作

2024-07-13 01:34:48 开始操作号码 【1535719】
2024-07-13 01:34:58 GSD getOne 第 1 次 等待 3 秒
2024-07-13 01:35:01 查询号码 【1535719】，返回信息 {"status":"ok","msg":"安徽-六安","gid":"414629","time_insert":"2021-07-27 15:57"}
2024-07-13 01:35:02 查询号码 【1535719】，GSD为【"安徽-六安"】

2024-07-13 01:35:03 开始第 5838 次操作

2024-07-13 01:35:03 开始操作号码 【1535720】
2024-07-13 01:35:10 GSD getOne 第 1 次 等待 3 秒
2024-07-13 01:35:13 查询号码 【1535720】，返回信息 {"status":"ok","msg":"安徽-安庆","gid":"414618","time_insert":"2021-07-27 15:56"}
2024-07-13 01:35:13 查询号码 【1535720】，GSD为【"安徽-安庆"】

2024-07-13 01:35:14 开始第 5839 次操作

2024-07-13 01:35:14 开始操作号码 【1535721】
2024-07-13 01:35:23 GSD getOne 第 1 次 等待 3 秒
2024-07-13 01:35:26 查询号码 【1535721】，返回信息 {"status":"ok","msg":"安徽-安庆","gid":"414604","time_insert":"2021-07-27 15:55"}
2024-07-13 01:35:26 查询号码 【1535721】，GSD为【"安徽-安庆"】

2024-07-13 01:35:27 开始第 5840 次操作

2024-07-13 01:35:27 开始操作号码 【1535722】
2024-07-13 01:35:34 GSD getOne 第 1 次 等待 3 秒
2024-07-13 01:35:37 查询号码 【1535722】，返回信息 {"status":"ok","msg":"安徽-安庆","gid":"414591","time_insert":"2021-07-27 15:54"}
2024-07-13 01:35:37 查询号码 【1535722】，GSD为【"安徽-安庆"】

