2021-07-11 00:00:29 开始第 21 次操作

2021-07-11 00:00:29 开始操作号码 【1315734】
2021-07-11 00:00:46 GSD getOne 第 1 次 等待 1 秒
2021-07-11 00:00:47 查询号码 【1315734】，返回信息 {"status":"bad","msg":""}
2021-07-11 00:00:48 查询号码 【1315734】，GSD为【""】
2021-07-11 00:00:48 bad
2021-07-11 00:00:49 CHB 1315734?1625932848 第 1 次 等待 1 秒
2021-07-11 00:00:50 CHB 1315734?1625932848 第 1 次 获取到号码【1315734】GSD
2021-07-11 00:00:50 获取到号码【1315734】的GSD为【浙江-嘉兴】
2021-07-11 00:01:08 GSD insert 第 1 次 等待 1 秒
2021-07-11 00:01:09 {"status":"ok","msg":"添加成功！243695"}
2021-07-11 00:01:09 下次操作: 2021-07-11 00:01:17

2021-07-11 00:01:17 开始第 22 次操作

2021-07-11 00:01:17 开始操作号码 【1315733】
2021-07-11 00:01:26 GSD getOne 第 1 次 等待 1 秒
2021-07-11 00:01:27 查询号码 【1315733】，返回信息 {"status":"bad","msg":""}
2021-07-11 00:01:27 查询号码 【1315733】，GSD为【""】
2021-07-11 00:01:27 bad
2021-07-11 00:01:31 CHB 1315733?1625932887 第 1 次 等待 1 秒
2021-07-11 00:01:32 CHB 1315733?1625932887 第 1 次 获取到号码【1315733】GSD
2021-07-11 00:01:32 获取到号码【1315733】的GSD为【浙江-嘉兴】
2021-07-11 00:01:50 GSD insert 第 1 次 等待 1 秒
2021-07-11 00:01:51 {"status":"ok","msg":"添加成功！243699"}
2021-07-11 00:01:51 下次操作: 2021-07-11 00:02:09

2021-07-11 00:02:09 开始第 23 次操作

2021-07-11 00:02:09 开始操作号码 【1315732】
2021-07-11 00:02:13 GSD getOne 第 1 次 等待 1 秒
2021-07-11 00:02:14 查询号码 【1315732】，返回信息 {"status":"bad","msg":""}
2021-07-11 00:02:14 查询号码 【1315732】，GSD为【""】
2021-07-11 00:02:14 bad
2021-07-11 00:02:17 CHB 1315732?1625932934 第 1 次 等待 1 秒
2021-07-11 00:02:18 CHB 1315732?1625932934 第 1 次 获取到号码【1315732】GSD
2021-07-11 00:02:19 获取到号码【1315732】的GSD为【浙江-嘉兴】
2021-07-11 00:02:37 GSD insert 第 1 次 等待 1 秒
2021-07-11 00:02:38 {"status":"ok","msg":"添加成功！243703"}
2021-07-11 00:02:38 下次操作: 2021-07-11 00:02:55

2021-07-11 00:02:55 开始第 24 次操作

2021-07-11 00:02:55 开始操作号码 【1315731】
2021-07-11 00:02:59 GSD getOne 第 1 次 等待 1 秒
2021-07-11 00:03:00 查询号码 【1315731】，返回信息 {"status":"bad","msg":""}
2021-07-11 00:03:00 查询号码 【1315731】，GSD为【""】
2021-07-11 00:03:00 bad
2021-07-11 00:03:02 CHB 1315731?1625932980 第 1 次 等待 1 秒
2021-07-11 00:03:03 CHB 1315731?1625932980 第 1 次 获取到号码【1315731】GSD
2021-07-11 00:03:03 获取到号码【1315731】的GSD为【浙江-嘉兴】
2021-07-11 00:03:20 GSD insert 第 1 次 等待 1 秒
2021-07-11 00:03:21 {"status":"ok","msg":"添加成功！243707"}
2021-07-11 00:03:21 下次操作: 2021-07-11 00:03:38

2021-07-11 00:03:38 开始第 25 次操作

2021-07-11 00:03:38 开始操作号码 【1315730】
2021-07-11 00:03:43 GSD getOne 第 1 次 等待 1 秒
2021-07-11 00:03:44 查询号码 【1315730】，返回信息 {"status":"bad","msg":""}
2021-07-11 00:03:44 查询号码 【1315730】，GSD为【""】
2021-07-11 00:03:44 bad
2021-07-11 00:03:46 CHB 1315730?1625933024 第 1 次 等待 1 秒
2021-07-11 00:03:47 CHB 1315730?1625933024 第 1 次 获取到号码【1315730】GSD
2021-07-11 00:03:47 获取到号码【1315730】的GSD为【浙江-嘉兴】
2021-07-11 00:04:04 GSD insert 第 1 次 等待 1 秒
2021-07-11 00:04:05 {"status":"ok","msg":"添加成功！243709"}
2021-07-11 00:04:05 下次操作: 2021-07-11 00:04:19

2021-07-11 00:04:19 开始第 26 次操作

2021-07-11 00:04:19 开始操作号码 【1315729】
2021-07-11 00:04:23 GSD getOne 第 1 次 等待 1 秒
2021-07-11 00:04:24 查询号码 【1315729】，返回信息 {"status":"bad","msg":""}
2021-07-11 00:04:24 查询号码 【1315729】，GSD为【""】
2021-07-11 00:04:24 bad
2021-07-11 00:04:25 CHB 1315729?1625933064 第 1 次 等待 1 秒
2021-07-11 00:04:26 CHB 1315729?1625933064 第 1 次 获取到号码【1315729】GSD
2021-07-11 00:04:26 获取到号码【1315729】的GSD为【浙江-湖州】
2021-07-11 00:04:44 GSD insert 第 1 次 等待 1 秒
2021-07-11 00:04:45 {"status":"ok","msg":"添加成功！243717"}
2021-07-11 00:04:45 下次操作: 2021-07-11 00:05:03

2021-07-11 00:05:03 开始第 27 次操作

2021-07-11 00:05:03 开始操作号码 【1315728】
2021-07-11 00:05:07 GSD getOne 第 1 次 等待 1 秒
2021-07-11 00:05:08 查询号码 【1315728】，返回信息 {"status":"bad","msg":""}
2021-07-11 00:05:08 查询号码 【1315728】，GSD为【""】
2021-07-11 00:05:08 bad
2021-07-11 00:05:09 CHB 1315728?1625933108 第 1 次 等待 1 秒
2021-07-11 00:05:10 CHB 1315728?1625933108 第 1 次 获取到号码【1315728】GSD
2021-07-11 00:05:10 获取到号码【1315728】的GSD为【浙江-湖州】
2021-07-11 00:05:28 GSD insert 第 1 次 等待 1 秒
2021-07-11 00:05:29 {"status":"ok","msg":"添加成功！243722"}
2021-07-11 00:05:29 下次操作: 2021-07-11 00:05:43

2021-07-11 00:05:43 开始第 28 次操作

2021-07-11 00:05:43 开始操作号码 【1315727】
2021-07-11 00:05:48 GSD getOne 第 1 次 等待 1 秒
2021-07-11 00:05:49 查询号码 【1315727】，返回信息 {"status":"bad","msg":""}
2021-07-11 00:05:49 查询号码 【1315727】，GSD为【""】
2021-07-11 00:05:49 bad
2021-07-11 00:05:50 CHB 1315727?1625933149 第 1 次 等待 1 秒
2021-07-11 00:05:51 CHB 1315727?1625933149 第 1 次 获取到号码【1315727】GSD
2021-07-11 00:05:51 获取到号码【1315727】的GSD为【浙江-湖州】
2021-07-11 00:06:09 GSD insert 第 1 次 等待 1 秒
2021-07-11 00:06:10 {"status":"ok","msg":"添加成功！243725"}
2021-07-11 00:06:10 下次操作: 2021-07-11 00:06:16

2021-07-11 00:06:16 开始第 29 次操作

2021-07-11 00:06:16 开始操作号码 【1315726】
2021-07-11 00:06:34 GSD getOne 第 1 次 等待 1 秒
2021-07-11 00:06:35 查询号码 【1315726】，返回信息 {"status":"bad","msg":""}
2021-07-11 00:06:35 查询号码 【1315726】，GSD为【""】
2021-07-11 00:06:35 bad
2021-07-11 00:06:38 CHB 1315726?1625933195 第 1 次 等待 1 秒
2021-07-11 00:06:39 CHB 1315726?1625933195 第 1 次 获取到号码【1315726】GSD
2021-07-11 00:06:39 获取到号码【1315726】的GSD为【浙江-湖州】
2021-07-11 00:06:56 GSD insert 第 1 次 等待 1 秒
2021-07-11 00:06:57 {"status":"ok","msg":"添加成功！243729"}
2021-07-11 00:06:57 下次操作: 2021-07-11 00:07:06

2021-07-11 00:07:06 开始第 30 次操作

2021-07-11 00:07:06 开始操作号码 【1315725】
2021-07-11 00:07:16 GSD getOne 第 1 次 等待 1 秒
2021-07-11 00:07:17 查询号码 【1315725】，返回信息 {"status":"bad","msg":""}
2021-07-11 00:07:17 查询号码 【1315725】，GSD为【""】
2021-07-11 00:07:17 bad
2021-07-11 00:07:19 CHB 1315725?1625933237 第 1 次 等待 1 秒
2021-07-11 00:07:20 CHB 1315725?1625933237 第 1 次 获取到号码【1315725】GSD
2021-07-11 00:07:20 获取到号码【1315725】的GSD为【浙江-湖州】
2021-07-11 00:07:37 GSD insert 第 1 次 等待 1 秒
2021-07-11 00:07:38 {"status":"ok","msg":"添加成功！243733"}

2021-07-11 01:00:27 开始第 1 次操作

2021-07-11 01:00:27 开始操作号码 【1315724】
2021-07-11 01:00:29 GSD getOne 第 1 次 等待 1 秒
2021-07-11 01:00:31 查询号码 【1315724】，返回信息 {"status":"bad","msg":""}
2021-07-11 01:00:31 查询号码 【1315724】，GSD为【""】
2021-07-11 01:00:31 bad
2021-07-11 01:00:34 CHB 1315724?1625936431 第 1 次 等待 1 秒
2021-07-11 01:00:35 CHB 1315724?1625936431 第 1 次 获取到号码【1315724】GSD
2021-07-11 01:00:35 获取到号码【1315724】的GSD为【浙江-湖州】
2021-07-11 01:00:58 GSD insert 第 1 次 等待 1 秒
2021-07-11 01:00:59 {"status":"ok","msg":"添加成功！243837"}
2021-07-11 01:00:59 下次操作: 2021-07-11 01:01:11

2021-07-11 01:01:11 开始第 2 次操作

2021-07-11 01:01:11 开始操作号码 【1315723】
2021-07-11 01:01:22 GSD getOne 第 1 次 等待 1 秒
2021-07-11 01:01:23 查询号码 【1315723】，返回信息 {"status":"bad","msg":""}
2021-07-11 01:01:24 查询号码 【1315723】，GSD为【""】
2021-07-11 01:01:24 bad
2021-07-11 01:02:26 CHB 1315723?1625936484 第 1 次 等待 1 秒
2021-07-11 01:02:27 CHB 1315723?1625936484 第 1 次 获取到号码【1315723】GSD
2021-07-11 01:02:27 未获取到号码【1315723】GSD，查号吧 525 错误
2021-07-11 01:02:27 获取到号码【1315723】的GSD为【-】
2021-07-11 01:02:50 GSD insert 第 1 次 等待 1 秒
2021-07-11 01:02:51 {"status":"ok","msg":"添加成功！243858"}
2021-07-11 01:02:51 下次操作: 2021-07-11 01:02:58

2021-07-11 01:02:58 开始第 3 次操作

2021-07-11 01:02:58 开始操作号码 【1315722】
2021-07-11 01:04:08 GSD getOne 第 1 次 等待 1 秒
2021-07-11 01:04:09 查询号码 【1315722】，返回信息 {"status":"bad","msg":""}
2021-07-11 01:04:09 查询号码 【1315722】，GSD为【""】
2021-07-11 01:04:09 bad
2021-07-11 01:04:12 CHB 1315722?1625936649 第 1 次 等待 1 秒
2021-07-11 01:04:13 CHB 1315722?1625936649 第 1 次 获取到号码【1315722】GSD
2021-07-11 01:04:13 获取到号码【1315722】的GSD为【浙江-湖州】
2021-07-11 01:04:53 GSD insert 第 1 次 等待 1 秒
2021-07-11 01:04:54 {"status":"ok","msg":"添加成功！243886"}
2021-07-11 01:04:54 下次操作: 2021-07-11 01:05:07

2021-07-11 01:05:07 开始第 4 次操作

2021-07-11 01:05:07 开始操作号码 【1315721】
2021-07-11 01:05:18 GSD getOne 第 1 次 等待 1 秒
2021-07-11 01:05:19 查询号码 【1315721】，返回信息 {"status":"bad","msg":""}
2021-07-11 01:05:19 查询号码 【1315721】，GSD为【""】
2021-07-11 01:05:19 bad
2021-07-11 01:05:21 CHB 1315721?1625936719 第 1 次 等待 1 秒
2021-07-11 01:05:22 CHB 1315721?1625936719 第 1 次 获取到号码【1315721】GSD
2021-07-11 01:05:23 获取到号码【1315721】的GSD为【浙江-湖州】
2021-07-11 01:05:44 GSD insert 第 1 次 等待 1 秒
2021-07-11 01:05:45 {"status":"ok","msg":"添加成功！243899"}
2021-07-11 01:05:45 下次操作: 2021-07-11 01:05:57

2021-07-11 01:05:57 开始第 5 次操作

2021-07-11 01:05:57 开始操作号码 【1315720】
2021-07-11 01:06:02 GSD getOne 第 1 次 等待 1 秒
2021-07-11 01:06:03 查询号码 【1315720】，返回信息 {"status":"bad","msg":""}
2021-07-11 01:06:03 查询号码 【1315720】，GSD为【""】
2021-07-11 01:06:03 bad
2021-07-11 01:06:06 CHB 1315720?1625936763 第 1 次 等待 1 秒
2021-07-11 01:06:07 CHB 1315720?1625936763 第 1 次 获取到号码【1315720】GSD
2021-07-11 01:06:07 获取到号码【1315720】的GSD为【浙江-湖州】
2021-07-11 01:06:24 GSD insert 第 1 次 等待 1 秒
2021-07-11 01:06:25 {"status":"ok","msg":"添加成功！243913"}
2021-07-11 01:06:25 下次操作: 2021-07-11 01:06:42

2021-07-11 01:06:42 开始第 6 次操作

2021-07-11 01:06:42 开始操作号码 【1315719】
2021-07-11 01:06:45 GSD getOne 第 1 次 等待 1 秒
2021-07-11 01:06:46 查询号码 【1315719】，返回信息 {"status":"bad","msg":""}
2021-07-11 01:06:46 查询号码 【1315719】，GSD为【""】
2021-07-11 01:06:46 bad
2021-07-11 01:06:47 CHB 1315719?1625936806 第 1 次 等待 1 秒
2021-07-11 01:06:48 CHB 1315719?1625936806 第 1 次 获取到号码【1315719】GSD
2021-07-11 01:06:48 获取到号码【1315719】的GSD为【浙江-杭州】
2021-07-11 01:07:06 GSD insert 第 1 次 等待 1 秒
2021-07-11 01:07:07 {"status":"ok","msg":"添加成功！243922"}
2021-07-11 01:07:07 下次操作: 2021-07-11 01:07:20

2021-07-11 01:07:20 开始第 7 次操作

2021-07-11 01:07:20 开始操作号码 【1315718】
2021-07-11 01:07:30 GSD getOne 第 1 次 等待 1 秒
2021-07-11 01:07:31 查询号码 【1315718】，返回信息 {"status":"bad","msg":""}
2021-07-11 01:07:31 查询号码 【1315718】，GSD为【""】
2021-07-11 01:07:31 bad
2021-07-11 01:07:33 CHB 1315718?1625936851 第 1 次 等待 1 秒
2021-07-11 01:07:34 CHB 1315718?1625936851 第 1 次 获取到号码【1315718】GSD
2021-07-11 01:07:34 获取到号码【1315718】的GSD为【浙江-杭州】
2021-07-11 01:07:52 GSD insert 第 1 次 等待 1 秒
2021-07-11 01:07:53 {"status":"ok","msg":"添加成功！243936"}
2021-07-11 01:07:53 下次操作: 2021-07-11 01:08:03

2021-07-11 01:08:03 开始第 8 次操作

2021-07-11 01:08:03 开始操作号码 【1315717】
2021-07-11 01:08:14 GSD getOne 第 1 次 等待 1 秒
2021-07-11 01:08:15 查询号码 【1315717】，返回信息 {"status":"ok","msg":"浙江-杭州","time_insert":"2017-04-20 15:28","time_update":"2020-08-27 11:49"}
2021-07-11 01:08:15 查询号码 【1315717】，GSD为【"浙江-杭州"】

2021-07-11 01:08:15 开始第 8 次操作

2021-07-11 01:08:15 开始操作号码 【1315716】
2021-07-11 01:08:34 GSD getOne 第 1 次 等待 1 秒
2021-07-11 01:08:35 查询号码 【1315716】，返回信息 {"status":"bad","msg":""}
2021-07-11 01:08:35 查询号码 【1315716】，GSD为【""】
2021-07-11 01:08:35 bad
2021-07-11 01:08:36 CHB 1315716?1625936915 第 1 次 等待 1 秒
2021-07-11 01:08:37 CHB 1315716?1625936915 第 1 次 获取到号码【1315716】GSD
2021-07-11 01:08:37 获取到号码【1315716】的GSD为【浙江-杭州】
2021-07-11 01:08:57 GSD insert 第 1 次 等待 1 秒
2021-07-11 01:08:58 {"status":"ok","msg":"添加成功！243958"}
2021-07-11 01:08:58 下次操作: 2021-07-11 01:09:07

2021-07-11 01:09:07 开始第 9 次操作

2021-07-11 01:09:07 开始操作号码 【1315715】
2021-07-11 01:09:19 GSD getOne 第 1 次 等待 1 秒
2021-07-11 01:09:20 查询号码 【1315715】，返回信息 {"status":"bad","msg":""}
2021-07-11 01:09:20 查询号码 【1315715】，GSD为【""】
2021-07-11 01:09:20 bad
2021-07-11 01:09:22 CHB 1315715?1625936960 第 1 次 等待 1 秒
2021-07-11 01:09:23 CHB 1315715?1625936960 第 1 次 获取到号码【1315715】GSD
2021-07-11 01:09:23 获取到号码【1315715】的GSD为【浙江-杭州】
2021-07-11 01:09:42 GSD insert 第 1 次 等待 1 秒
2021-07-11 01:09:43 {"status":"ok","msg":"添加成功！243972"}
2021-07-11 01:09:43 下次操作: 2021-07-11 01:09:56

2021-07-11 01:09:56 开始第 10 次操作

2021-07-11 01:09:56 开始操作号码 【1315714】
2021-07-11 01:10:01 GSD getOne 第 1 次 等待 1 秒
2021-07-11 01:10:02 查询号码 【1315714】，返回信息 {"status":"bad","msg":""}
2021-07-11 01:10:02 查询号码 【1315714】，GSD为【""】
2021-07-11 01:10:02 bad
2021-07-11 01:10:04 CHB 1315714?1625937002 第 1 次 等待 1 秒
2021-07-11 01:10:05 CHB 1315714?1625937002 第 1 次 获取到号码【1315714】GSD
2021-07-11 01:10:06 获取到号码【1315714】的GSD为【浙江-杭州】
2021-07-11 01:10:25 GSD insert 第 1 次 等待 1 秒
2021-07-11 01:10:26 {"status":"ok","msg":"添加成功！243983"}
2021-07-11 01:10:26 下次操作: 2021-07-11 01:10:33

2021-07-11 01:10:33 开始第 11 次操作

2021-07-11 01:10:33 开始操作号码 【1315713】
2021-07-11 01:10:52 GSD getOne 第 1 次 等待 1 秒
2021-07-11 01:10:53 查询号码 【1315713】，返回信息 {"status":"bad","msg":""}
2021-07-11 01:10:53 查询号码 【1315713】，GSD为【""】
2021-07-11 01:10:53 bad
2021-07-11 01:10:55 CHB 1315713?1625937053 第 1 次 等待 1 秒
2021-07-11 01:10:56 CHB 1315713?1625937053 第 1 次 获取到号码【1315713】GSD
2021-07-11 01:10:56 获取到号码【1315713】的GSD为【浙江-杭州】
2021-07-11 01:12:23 GSD insert 第 1 次 等待 1 秒
2021-07-11 01:12:24 {"status":"ok","msg":"添加成功！244012"}
2021-07-11 01:12:24 下次操作: 2021-07-11 01:12:31

2021-07-11 01:12:31 开始第 12 次操作

2021-07-11 01:12:31 开始操作号码 【1315712】
2021-07-11 01:12:50 GSD getOne 第 1 次 等待 1 秒
2021-07-11 01:12:51 查询号码 【1315712】，返回信息 {"status":"bad","msg":""}
2021-07-11 01:12:51 查询号码 【1315712】，GSD为【""】
2021-07-11 01:12:51 bad
2021-07-11 01:12:53 CHB 1315712?1625937171 第 1 次 等待 1 秒
2021-07-11 01:12:54 CHB 1315712?1625937171 第 1 次 获取到号码【1315712】GSD
2021-07-11 01:12:54 获取到号码【1315712】的GSD为【浙江-杭州】
2021-07-11 01:13:12 GSD insert 第 1 次 等待 1 秒
2021-07-11 01:13:13 {"status":"ok","msg":"添加成功！244026"}
2021-07-11 01:13:13 下次操作: 2021-07-11 01:13:19

2021-07-11 01:13:19 开始第 13 次操作

2021-07-11 01:13:19 开始操作号码 【1315711】
2021-07-11 01:13:40 GSD getOne 第 1 次 等待 1 秒
2021-07-11 01:13:41 查询号码 【1315711】，返回信息 {"status":"bad","msg":""}
2021-07-11 01:13:41 查询号码 【1315711】，GSD为【""】
2021-07-11 01:13:41 bad
2021-07-11 01:13:44 CHB 1315711?1625937221 第 1 次 等待 1 秒
2021-07-11 01:13:45 CHB 1315711?1625937221 第 1 次 获取到号码【1315711】GSD
2021-07-11 01:13:45 获取到号码【1315711】的GSD为【浙江-杭州】
2021-07-11 01:14:04 GSD insert 第 1 次 等待 1 秒
2021-07-11 01:14:05 {"status":"ok","msg":"添加成功！244042"}
2021-07-11 01:14:05 下次操作: 2021-07-11 01:14:12

2021-07-11 01:14:12 开始第 14 次操作

2021-07-11 01:14:12 开始操作号码 【1315710】
2021-07-11 01:14:29 GSD getOne 第 1 次 等待 1 秒
2021-07-11 01:14:30 查询号码 【1315710】，返回信息 {"status":"bad","msg":""}
2021-07-11 01:14:30 查询号码 【1315710】，GSD为【""】
2021-07-11 01:14:31 bad
2021-07-11 01:14:32 CHB 1315710?1625937271 第 1 次 等待 1 秒
2021-07-11 01:14:33 CHB 1315710?1625937271 第 1 次 获取到号码【1315710】GSD
2021-07-11 01:14:33 获取到号码【1315710】的GSD为【浙江-杭州】
2021-07-11 01:14:54 GSD insert 第 1 次 等待 1 秒
2021-07-11 01:14:55 {"status":"ok","msg":"添加成功！244053"}
2021-07-11 01:14:55 下次操作: 2021-07-11 01:15:07

2021-07-11 01:15:07 开始第 15 次操作

2021-07-11 01:15:07 开始操作号码 【1315709】
2021-07-11 01:15:19 GSD getOne 第 1 次 等待 1 秒
2021-07-11 01:15:20 查询号码 【1315709】，返回信息 {"status":"bad","msg":""}
2021-07-11 01:15:20 查询号码 【1315709】，GSD为【""】
2021-07-11 01:15:20 bad
2021-07-11 01:15:21 CHB 1315709?1625937320 第 1 次 等待 1 秒
2021-07-11 01:15:22 CHB 1315709?1625937320 第 1 次 获取到号码【1315709】GSD
2021-07-11 01:15:22 获取到号码【1315709】的GSD为【浙江-衢州】
2021-07-11 01:15:40 GSD insert 第 1 次 等待 1 秒
2021-07-11 01:15:41 {"status":"ok","msg":"添加成功！244060"}
2021-07-11 01:15:41 下次操作: 2021-07-11 01:15:55

2021-07-11 01:15:55 开始第 16 次操作

2021-07-11 01:15:55 开始操作号码 【1315708】
2021-07-11 01:16:04 GSD getOne 第 1 次 等待 1 秒
2021-07-11 01:16:05 查询号码 【1315708】，返回信息 {"status":"bad","msg":""}
2021-07-11 01:16:06 查询号码 【1315708】，GSD为【""】
2021-07-11 01:16:06 bad
2021-07-11 01:16:07 CHB 1315708?1625937366 第 1 次 等待 1 秒
2021-07-11 01:16:08 CHB 1315708?1625937366 第 1 次 获取到号码【1315708】GSD
2021-07-11 01:16:08 获取到号码【1315708】的GSD为【浙江-衢州】
2021-07-11 01:16:26 GSD insert 第 1 次 等待 1 秒
2021-07-11 01:16:27 {"status":"ok","msg":"添加成功！244063"}
2021-07-11 01:16:27 下次操作: 2021-07-11 01:16:37

2021-07-11 01:16:37 开始第 17 次操作

2021-07-11 01:16:37 开始操作号码 【1315707】
2021-07-11 01:16:55 GSD getOne 第 1 次 等待 1 秒
2021-07-11 01:16:56 查询号码 【1315707】，返回信息 {"status":"bad","msg":""}
2021-07-11 01:16:56 查询号码 【1315707】，GSD为【""】
2021-07-11 01:16:56 bad
2021-07-11 01:16:58 CHB 1315707?1625937416 第 1 次 等待 1 秒
2021-07-11 01:16:59 CHB 1315707?1625937416 第 1 次 获取到号码【1315707】GSD
2021-07-11 01:16:59 获取到号码【1315707】的GSD为【浙江-衢州】
2021-07-11 01:17:35 GSD insert 第 1 次 等待 1 秒
2021-07-11 01:17:36 {"status":"ok","msg":"添加成功！244069"}
2021-07-11 01:17:36 下次操作: 2021-07-11 01:17:51

2021-07-11 01:17:52 开始第 18 次操作

2021-07-11 01:17:52 开始操作号码 【1315706】
2021-07-11 01:17:54 GSD getOne 第 1 次 等待 1 秒
2021-07-11 01:17:55 查询号码 【1315706】，返回信息 {"status":"bad","msg":""}
2021-07-11 01:17:55 查询号码 【1315706】，GSD为【""】
2021-07-11 01:17:55 bad
2021-07-11 01:17:57 CHB 1315706?1625937475 第 1 次 等待 1 秒
2021-07-11 01:17:58 CHB 1315706?1625937475 第 1 次 获取到号码【1315706】GSD
2021-07-11 01:17:58 获取到号码【1315706】的GSD为【浙江-衢州】
2021-07-11 01:18:15 GSD insert 第 1 次 等待 1 秒
2021-07-11 01:18:16 {"status":"ok","msg":"添加成功！244072"}
2021-07-11 01:18:16 下次操作: 2021-07-11 01:18:25

2021-07-11 01:18:25 开始第 19 次操作

2021-07-11 01:18:25 开始操作号码 【1315705】
2021-07-11 01:18:35 GSD getOne 第 1 次 等待 1 秒
2021-07-11 01:18:36 查询号码 【1315705】，返回信息 {"status":"bad","msg":""}
2021-07-11 01:18:36 查询号码 【1315705】，GSD为【""】
2021-07-11 01:18:36 bad
2021-07-11 01:18:38 CHB 1315705?1625937516 第 1 次 等待 1 秒
2021-07-11 01:18:39 CHB 1315705?1625937516 第 1 次 获取到号码【1315705】GSD
2021-07-11 01:18:39 获取到号码【1315705】的GSD为【浙江-衢州】
2021-07-11 01:19:13 GSD insert 第 1 次 等待 1 秒
2021-07-11 01:19:14 {"status":"ok","msg":"添加成功！244077"}
2021-07-11 01:19:14 下次操作: 2021-07-11 01:19:26

2021-07-11 01:19:26 开始第 20 次操作

2021-07-11 01:19:26 开始操作号码 【1315704】
2021-07-11 01:19:51 GSD getOne 第 1 次 等待 1 秒
2021-07-11 01:19:52 查询号码 【1315704】，返回信息 {"status":"bad","msg":""}
2021-07-11 01:19:52 查询号码 【1315704】，GSD为【""】
2021-07-11 01:19:52 bad
2021-07-11 01:19:53 CHB 1315704?1625937592 第 1 次 等待 1 秒
2021-07-11 01:19:54 CHB 1315704?1625937592 第 1 次 获取到号码【1315704】GSD
2021-07-11 01:19:54 获取到号码【1315704】的GSD为【浙江-衢州】
2021-07-11 01:20:13 GSD insert 第 1 次 等待 1 秒
2021-07-11 01:20:14 {"status":"ok","msg":"添加成功！244082"}
2021-07-11 01:20:14 下次操作: 2021-07-11 01:20:25

2021-07-11 01:20:25 开始第 21 次操作

2021-07-11 01:20:25 开始操作号码 【1315703】
2021-07-11 01:20:34 GSD getOne 第 1 次 等待 1 秒
2021-07-11 01:20:35 查询号码 【1315703】，返回信息 {"status":"bad","msg":""}
2021-07-11 01:20:35 查询号码 【1315703】，GSD为【""】
2021-07-11 01:20:35 bad
2021-07-11 01:20:38 CHB 1315703?1625937635 第 1 次 等待 1 秒
2021-07-11 01:20:39 CHB 1315703?1625937635 第 1 次 获取到号码【1315703】GSD
2021-07-11 01:20:39 获取到号码【1315703】的GSD为【浙江-衢州】
2021-07-11 01:20:57 GSD insert 第 1 次 等待 1 秒
2021-07-11 01:20:58 {"status":"ok","msg":"添加成功！244085"}
2021-07-11 01:20:58 下次操作: 2021-07-11 01:21:05

2021-07-11 01:21:05 开始第 22 次操作

2021-07-11 01:21:05 开始操作号码 【1315702】
2021-07-11 01:21:25 GSD getOne 第 1 次 等待 1 秒
2021-07-11 01:21:26 查询号码 【1315702】，返回信息 {"status":"bad","msg":""}
2021-07-11 01:21:26 查询号码 【1315702】，GSD为【""】
2021-07-11 01:21:26 bad
2021-07-11 01:21:27 CHB 1315702?1625937686 第 1 次 等待 1 秒
2021-07-11 01:21:28 CHB 1315702?1625937686 第 1 次 获取到号码【1315702】GSD
2021-07-11 01:21:29 获取到号码【1315702】的GSD为【浙江-衢州】
2021-07-11 01:21:47 GSD insert 第 1 次 等待 1 秒
2021-07-11 01:21:48 {"status":"ok","msg":"添加成功！244089"}
2021-07-11 01:21:48 下次操作: 2021-07-11 01:22:06

2021-07-11 01:22:06 开始第 23 次操作

2021-07-11 01:22:06 开始操作号码 【1315701】
2021-07-11 01:22:11 GSD getOne 第 1 次 等待 1 秒
2021-07-11 01:22:12 查询号码 【1315701】，返回信息 {"status":"bad","msg":""}
2021-07-11 01:22:12 查询号码 【1315701】，GSD为【""】
2021-07-11 01:22:12 bad
2021-07-11 01:22:13 CHB 1315701?1625937732 第 1 次 等待 1 秒
2021-07-11 01:22:14 CHB 1315701?1625937732 第 1 次 获取到号码【1315701】GSD
2021-07-11 01:22:14 获取到号码【1315701】的GSD为【浙江-衢州】
2021-07-11 01:22:35 GSD insert 第 1 次 等待 1 秒
2021-07-11 01:22:36 {"status":"ok","msg":"添加成功！244094"}
2021-07-11 01:22:36 下次操作: 2021-07-11 01:22:46

2021-07-11 01:22:46 开始第 24 次操作

2021-07-11 01:22:46 开始操作号码 【1315700】
2021-07-11 01:22:56 GSD getOne 第 1 次 等待 1 秒
2021-07-11 01:22:57 查询号码 【1315700】，返回信息 {"status":"bad","msg":""}
2021-07-11 01:22:58 查询号码 【1315700】，GSD为【""】
2021-07-11 01:22:58 bad
2021-07-11 01:23:03 CHB 1315700?1625937778 第 1 次 等待 1 秒
2021-07-11 01:23:04 CHB 1315700?1625937778 第 1 次 获取到号码【1315700】GSD
2021-07-11 01:23:04 获取到号码【1315700】的GSD为【浙江-衢州】
2021-07-11 01:23:25 GSD insert 第 1 次 等待 1 秒
2021-07-11 01:23:26 {"status":"ok","msg":"添加成功！244100"}
2021-07-11 01:23:26 下次操作: 2021-07-11 01:23:33

2021-07-11 01:23:33 开始第 25 次操作

2021-07-11 01:23:33 开始操作号码 【1315699】
2021-07-11 01:23:51 GSD getOne 第 1 次 等待 1 秒
2021-07-11 01:23:52 查询号码 【1315699】，返回信息 {"status":"bad","msg":""}
2021-07-11 01:23:52 查询号码 【1315699】，GSD为【""】
2021-07-11 01:23:52 bad
2021-07-11 01:23:53 CHB 1315699?1625937832 第 1 次 等待 1 秒
2021-07-11 01:23:54 CHB 1315699?1625937832 第 1 次 获取到号码【1315699】GSD
2021-07-11 01:23:54 获取到号码【1315699】的GSD为【山东-日照】
2021-07-11 01:24:30 GSD insert 第 1 次 等待 1 秒
2021-07-11 01:24:31 {"status":"ok","msg":"添加成功！244103"}
2021-07-11 01:24:31 下次操作: 2021-07-11 01:24:48

2021-07-11 01:24:48 开始第 26 次操作

2021-07-11 01:24:48 开始操作号码 【1315698】
2021-07-11 01:24:53 GSD getOne 第 1 次 等待 1 秒
2021-07-11 01:24:54 查询号码 【1315698】，返回信息 {"status":"bad","msg":""}
2021-07-11 01:24:54 查询号码 【1315698】，GSD为【""】
2021-07-11 01:24:54 bad
2021-07-11 01:24:55 CHB 1315698?1625937894 第 1 次 等待 1 秒
2021-07-11 01:24:56 CHB 1315698?1625937894 第 1 次 获取到号码【1315698】GSD
2021-07-11 01:24:56 获取到号码【1315698】的GSD为【山东-淄博】
2021-07-11 01:25:23 GSD insert 第 1 次 等待 1 秒
2021-07-11 01:25:24 {"status":"ok","msg":"添加成功！244107"}
2021-07-11 01:25:24 下次操作: 2021-07-11 01:25:39

2021-07-11 01:25:39 开始第 27 次操作

2021-07-11 01:25:39 开始操作号码 【1315697】
2021-07-11 01:25:42 GSD getOne 第 1 次 等待 1 秒
2021-07-11 01:25:43 查询号码 【1315697】，返回信息 {"status":"bad","msg":""}
2021-07-11 01:25:43 查询号码 【1315697】，GSD为【""】
2021-07-11 01:25:43 bad
2021-07-11 01:25:44 CHB 1315697?1625937943 第 1 次 等待 1 秒
2021-07-11 01:25:45 CHB 1315697?1625937943 第 1 次 获取到号码【1315697】GSD
2021-07-11 01:25:45 获取到号码【1315697】的GSD为【山东-泰安】
2021-07-11 01:26:07 GSD insert 第 1 次 等待 1 秒
2021-07-11 01:26:08 {"status":"ok","msg":"添加成功！244108"}
2021-07-11 01:26:08 下次操作: 2021-07-11 01:26:17

2021-07-11 01:26:17 开始第 28 次操作

2021-07-11 01:26:17 开始操作号码 【1315696】
2021-07-11 01:26:27 GSD getOne 第 1 次 等待 1 秒
2021-07-11 01:26:28 查询号码 【1315696】，返回信息 {"status":"bad","msg":""}
2021-07-11 01:26:28 查询号码 【1315696】，GSD为【""】
2021-07-11 01:26:28 bad
2021-07-11 01:26:29 CHB 1315696?1625937988 第 1 次 等待 1 秒
2021-07-11 01:26:30 CHB 1315696?1625937988 第 1 次 获取到号码【1315696】GSD
2021-07-11 01:26:30 获取到号码【1315696】的GSD为【山东-潍坊】
2021-07-11 01:26:54 GSD insert 第 1 次 等待 1 秒
2021-07-11 01:26:55 {"status":"ok","msg":"添加成功！244110"}
2021-07-11 01:26:55 下次操作: 2021-07-11 01:27:04

2021-07-11 01:27:04 开始第 29 次操作

2021-07-11 01:27:04 开始操作号码 【1315695】
2021-07-11 01:27:25 GSD getOne 第 1 次 等待 1 秒
2021-07-11 01:27:26 查询号码 【1315695】，返回信息 {"status":"bad","msg":""}
2021-07-11 01:27:26 查询号码 【1315695】，GSD为【""】
2021-07-11 01:27:26 bad
2021-07-11 01:27:28 CHB 1315695?1625938046 第 1 次 等待 1 秒
2021-07-11 01:27:29 CHB 1315695?1625938046 第 1 次 获取到号码【1315695】GSD
2021-07-11 01:27:29 获取到号码【1315695】的GSD为【山东-烟台】
2021-07-11 01:27:48 GSD insert 第 1 次 等待 1 秒
2021-07-11 01:27:49 {"status":"ok","msg":"添加成功！244115"}
2021-07-11 01:27:49 下次操作: 2021-07-11 01:28:03

2021-07-11 01:28:03 开始第 30 次操作

2021-07-11 01:28:03 开始操作号码 【1315694】
2021-07-11 01:28:08 GSD getOne 第 1 次 等待 1 秒
2021-07-11 01:28:09 查询号码 【1315694】，返回信息 {"status":"bad","msg":""}
2021-07-11 01:28:09 查询号码 【1315694】，GSD为【""】
2021-07-11 01:28:09 bad
2021-07-11 01:28:11 CHB 1315694?1625938089 第 1 次 等待 1 秒
2021-07-11 01:28:12 CHB 1315694?1625938089 第 1 次 获取到号码【1315694】GSD
2021-07-11 01:28:12 获取到号码【1315694】的GSD为【山东-烟台】
2021-07-11 01:28:30 GSD insert 第 1 次 等待 1 秒
2021-07-11 01:28:31 {"status":"ok","msg":"添加成功！244117"}

