2024-10-01 00:18:03 开始第 7417 次操作

2024-10-01 00:18:03 开始操作号码 【1427414】
2024-10-01 00:18:05 GSD getOne 第 1 次 等待 3 秒
2024-10-01 00:18:08 查询号码 【1427414】，返回信息 {"status":"ok","msg":"-","gid":"674666","time_insert":"2023-04-24 16:07"}
2024-10-01 00:18:08 查询号码 【1427414】，GSD为【"-"】
2024-10-01 00:18:08 ok && -
2024-10-01 00:18:10 CHB 1427414?1727713088 第 1 次 等待 3 秒
2024-10-01 00:18:13 CHB 1427414?1727713088 第 1 次 获取到号码【1427414】GSD
2024-10-01 00:18:13 未获取到号码【1427414】GSD，可能号码格式错误
2024-10-01 00:18:13 获取到号码【1427414】的GSD为【-】
2024-10-01 00:18:15 GSD insert 第 1 次 等待 3 秒
2024-10-01 00:18:18 {"status":"bad","gid":"674666","msg":"添加失败！号码【1427414(-|-)】已存在！"}
2024-10-01 00:18:18 随机等待 205 秒，约 3 分钟
2024-10-01 00:18:18 下次操作: 2024-10-01 00:21:43

2024-10-01 00:21:43 开始第 7418 次操作

2024-10-01 00:21:43 开始操作号码 【1427415】
2024-10-01 00:21:47 GSD getOne 第 1 次 等待 3 秒
2024-10-01 00:21:50 查询号码 【1427415】，返回信息 {"status":"ok","msg":"-","gid":"674680","time_insert":"2023-04-24 16:17"}
2024-10-01 00:21:50 查询号码 【1427415】，GSD为【"-"】
2024-10-01 00:21:50 ok && -
2024-10-01 00:21:52 CHB 1427415?1727713310 第 1 次 等待 3 秒
2024-10-01 00:21:55 CHB 1427415?1727713310 第 1 次 获取到号码【1427415】GSD
2024-10-01 00:21:55 未获取到号码【1427415】GSD，可能号码格式错误
2024-10-01 00:21:55 获取到号码【1427415】的GSD为【-】
2024-10-01 00:21:56 GSD insert 第 1 次 等待 3 秒
2024-10-01 00:21:59 {"status":"bad","gid":"674680","msg":"添加失败！号码【1427415(-|-)】已存在！"}
2024-10-01 00:21:59 随机等待 199 秒，约 3 分钟
2024-10-01 00:21:59 下次操作: 2024-10-01 00:25:18

2024-10-01 00:25:18 开始第 7419 次操作

2024-10-01 00:25:18 开始操作号码 【1427416】
2024-10-01 00:25:20 GSD getOne 第 1 次 等待 3 秒
2024-10-01 00:25:23 查询号码 【1427416】，返回信息 {"status":"ok","msg":"-","gid":"674711","time_insert":"2023-04-24 16:38"}
2024-10-01 00:25:23 查询号码 【1427416】，GSD为【"-"】
2024-10-01 00:25:23 ok && -
2024-10-01 00:25:25 CHB 1427416?1727713523 第 1 次 等待 3 秒
2024-10-01 00:25:28 CHB 1427416?1727713523 第 1 次 获取到号码【1427416】GSD
2024-10-01 00:25:28 未获取到号码【1427416】GSD，可能号码格式错误
2024-10-01 00:25:28 获取到号码【1427416】的GSD为【-】
2024-10-01 00:25:30 GSD insert 第 1 次 等待 3 秒
2024-10-01 00:25:33 {"status":"bad","gid":"674711","msg":"添加失败！号码【1427416(-|-)】已存在！"}
2024-10-01 00:25:33 随机等待 222 秒，约 3 分钟
2024-10-01 00:25:33 下次操作: 2024-10-01 00:29:15

2024-10-01 00:29:15 开始第 7420 次操作

2024-10-01 00:29:15 开始操作号码 【1427417】
2024-10-01 00:29:17 GSD getOne 第 1 次 等待 3 秒
2024-10-01 00:29:20 查询号码 【1427417】，返回信息 {"status":"ok","msg":"-","gid":"674740","time_insert":"2023-04-24 16:58"}
2024-10-01 00:29:20 查询号码 【1427417】，GSD为【"-"】
2024-10-01 00:29:20 ok && -
2024-10-01 00:29:21 CHB 1427417?1727713760 第 1 次 等待 3 秒
2024-10-01 00:29:24 CHB 1427417?1727713760 第 1 次 获取到号码【1427417】GSD
2024-10-01 00:29:25 未获取到号码【1427417】GSD，可能号码格式错误
2024-10-01 00:29:25 获取到号码【1427417】的GSD为【-】
2024-10-01 00:29:26 GSD insert 第 1 次 等待 3 秒
2024-10-01 00:29:29 {"status":"bad","gid":"674740","msg":"添加失败！号码【1427417(-|-)】已存在！"}

