2023-10-28 00:12:55 开始第 5601 次操作

2023-10-28 00:12:55 开始操作号码 【1965505】
2023-10-28 00:13:02 GSD getOne 第 1 次 等待 3 秒
2023-10-28 00:13:05 查询号码 【1965505】，返回信息 {"status":"ok","msg":"安徽-滁州","gid":"569475","time_insert":"2023-03-04 15:39"}
2023-10-28 00:13:05 查询号码 【1965505】，GSD为【"安徽-滁州"】

2023-10-28 00:13:06 开始第 5602 次操作

2023-10-28 00:13:06 开始操作号码 【1965506】
2023-10-28 00:13:09 GSD getOne 第 1 次 等待 3 秒
2023-10-28 00:13:12 查询号码 【1965506】，返回信息 {"status":"ok","msg":"安徽-滁州","gid":"569482","time_insert":"2023-03-04 15:42"}
2023-10-28 00:13:13 查询号码 【1965506】，GSD为【"安徽-滁州"】

2023-10-28 00:13:14 开始第 5603 次操作

2023-10-28 00:13:14 开始操作号码 【1965507】
2023-10-28 00:13:24 GSD getOne 第 1 次 等待 3 秒
2023-10-28 00:13:27 查询号码 【1965507】，返回信息 {"status":"ok","msg":"安徽-滁州","gid":"569488","time_insert":"2023-03-04 15:45"}
2023-10-28 00:13:27 查询号码 【1965507】，GSD为【"安徽-滁州"】

2023-10-28 00:13:28 开始第 5604 次操作

2023-10-28 00:13:28 开始操作号码 【1965508】
2023-10-28 00:13:38 GSD getOne 第 1 次 等待 3 秒
2023-10-28 00:13:41 查询号码 【1965508】，返回信息 {"status":"ok","msg":"安徽-滁州","gid":"569493","time_insert":"2023-03-04 15:48"}
2023-10-28 00:13:41 查询号码 【1965508】，GSD为【"安徽-滁州"】

