2024-04-18 00:14:15 开始第 4257 次操作

2024-04-18 00:14:15 开始操作号码 【1644151】
2024-04-18 00:14:20 GSD getOne 第 1 次 等待 3 秒
2024-04-18 00:14:23 查询号码 【1644151】，返回信息 {"status":"ok","msg":"-","gid":"603069","time_insert":"2023-03-20 16:00"}
2024-04-18 00:14:23 查询号码 【1644151】，GSD为【"-"】
2024-04-18 00:14:23 ok && -
2024-04-18 00:14:26 CHB 1644151?1713370463 第 1 次 等待 3 秒
2024-04-18 00:14:29 CHB 1644151?1713370463 第 1 次 获取到号码【1644151】GSD
2024-04-18 00:14:29 未获取到号码【1644151】GSD，可能号码格式错误
2024-04-18 00:14:29 获取到号码【1644151】的GSD为【-】
2024-04-18 00:14:34 GSD insert 第 1 次 等待 3 秒
2024-04-18 00:14:37 {"status":"bad","gid":"603069","msg":"添加失败！号码【1644151(-|-)】已存在！"}
2024-04-18 00:14:37 随机等待 213 秒，约 3 分钟
2024-04-18 00:14:37 下次操作: 2024-04-18 00:18:10

2024-04-18 00:18:10 开始第 4258 次操作

2024-04-18 00:18:10 开始操作号码 【1644152】
2024-04-18 00:18:15 GSD getOne 第 1 次 等待 3 秒
2024-04-18 00:18:18 查询号码 【1644152】，返回信息 {"status":"ok","msg":"-","gid":"603076","time_insert":"2023-03-20 16:09"}
2024-04-18 00:18:18 查询号码 【1644152】，GSD为【"-"】
2024-04-18 00:18:18 ok && -
2024-04-18 00:18:24 CHB 1644152?1713370698 第 1 次 等待 3 秒
2024-04-18 00:18:27 CHB 1644152?1713370698 第 1 次 获取到号码【1644152】GSD
2024-04-18 00:18:27 未获取到号码【1644152】GSD，可能号码格式错误
2024-04-18 00:18:27 获取到号码【1644152】的GSD为【-】
2024-04-18 00:18:32 GSD insert 第 1 次 等待 3 秒
2024-04-18 00:18:35 {"status":"bad","gid":"603076","msg":"添加失败！号码【1644152(-|-)】已存在！"}
2024-04-18 00:18:35 随机等待 229 秒，约 3 分钟
2024-04-18 00:18:35 下次操作: 2024-04-18 00:22:24

2024-04-18 00:22:24 开始第 4259 次操作

2024-04-18 00:22:24 开始操作号码 【1644153】
2024-04-18 00:22:30 GSD getOne 第 1 次 等待 3 秒
2024-04-18 00:22:33 查询号码 【1644153】，返回信息 {"status":"ok","msg":"-","gid":"603108","time_insert":"2023-03-20 16:32"}
2024-04-18 00:22:34 查询号码 【1644153】，GSD为【"-"】
2024-04-18 00:22:34 ok && -
2024-04-18 00:22:37 CHB 1644153?1713370954 第 1 次 等待 3 秒
2024-04-18 00:22:40 CHB 1644153?1713370954 第 1 次 获取到号码【1644153】GSD
2024-04-18 00:22:40 未获取到号码【1644153】GSD，可能号码格式错误
2024-04-18 00:22:40 获取到号码【1644153】的GSD为【-】
2024-04-18 00:22:45 GSD insert 第 1 次 等待 3 秒
2024-04-18 00:22:48 {"status":"bad","gid":"603108","msg":"添加失败！号码【1644153(-|-)】已存在！"}
2024-04-18 00:22:48 随机等待 190 秒，约 3 分钟
2024-04-18 00:22:48 下次操作: 2024-04-18 00:25:58

2024-04-18 00:25:58 开始第 4260 次操作

2024-04-18 00:25:58 开始操作号码 【1644154】
2024-04-18 00:26:03 GSD getOne 第 1 次 等待 3 秒
2024-04-18 00:26:06 查询号码 【1644154】，返回信息 {"status":"ok","msg":"-","gid":"603128","time_insert":"2023-03-20 16:44"}
2024-04-18 00:26:06 查询号码 【1644154】，GSD为【"-"】
2024-04-18 00:26:06 ok && -
2024-04-18 00:26:09 CHB 1644154?1713371166 第 1 次 等待 3 秒
2024-04-18 00:26:12 CHB 1644154?1713371166 第 1 次 获取到号码【1644154】GSD
2024-04-18 00:26:12 未获取到号码【1644154】GSD，可能号码格式错误
2024-04-18 00:26:12 获取到号码【1644154】的GSD为【-】
2024-04-18 00:26:17 GSD insert 第 1 次 等待 3 秒
2024-04-18 00:26:20 {"status":"bad","gid":"603128","msg":"添加失败！号码【1644154(-|-)】已存在！"}

