2024-08-04 00:14:34 开始第 9777 次操作

2024-08-04 00:14:34 开始操作号码 【1539659】
2024-08-04 00:14:46 GSD getOne 第 1 次 等待 3 秒
2024-08-04 00:14:49 查询号码 【1539659】，返回信息 {"status":"ok","msg":"福建-泉州","gid":"21556","time_insert":"2016-08-21 00:47","time_update":"2020-09-05 01:31"}
2024-08-04 00:14:49 查询号码 【1539659】，GSD为【"福建-泉州"】

2024-08-04 00:14:50 开始第 9778 次操作

2024-08-04 00:14:50 开始操作号码 【1539660】
2024-08-04 00:15:07 GSD getOne 第 1 次 等待 3 秒
2024-08-04 00:15:10 查询号码 【1539660】，返回信息 {"status":"ok","msg":"福建-泉州","gid":"369815","time_insert":"2021-07-23 21:04"}
2024-08-04 00:15:10 查询号码 【1539660】，GSD为【"福建-泉州"】

2024-08-04 00:15:11 开始第 9779 次操作

2024-08-04 00:15:11 开始操作号码 【1539661】
2024-08-04 00:15:22 GSD getOne 第 1 次 等待 3 秒
2024-08-04 00:15:25 查询号码 【1539661】，返回信息 {"status":"ok","msg":"福建-泉州","gid":"369805","time_insert":"2021-07-23 21:03"}
2024-08-04 00:15:26 查询号码 【1539661】，GSD为【"福建-泉州"】

2024-08-04 00:15:27 开始第 9780 次操作

2024-08-04 00:15:27 开始操作号码 【1539662】
2024-08-04 00:15:43 GSD getOne 第 1 次 等待 3 秒
2024-08-04 00:15:46 查询号码 【1539662】，返回信息 {"status":"ok","msg":"福建-泉州","gid":"369795","time_insert":"2021-07-23 21:03"}
2024-08-04 00:15:46 查询号码 【1539662】，GSD为【"福建-泉州"】

2024-08-04 00:38:23 开始第 9781 次操作

2024-08-04 00:38:23 开始操作号码 【1539663】
2024-08-04 00:38:41 GSD getOne 第 1 次 等待 3 秒
2024-08-04 00:38:44 查询号码 【1539663】，返回信息 {"status":"ok","msg":"福建-泉州","gid":"369787","time_insert":"2021-07-23 21:02"}
2024-08-04 00:38:44 查询号码 【1539663】，GSD为【"福建-泉州"】

2024-08-04 00:38:45 开始第 9782 次操作

2024-08-04 00:38:45 开始操作号码 【1539664】
2024-08-04 00:38:56 GSD getOne 第 1 次 等待 3 秒
2024-08-04 00:38:59 查询号码 【1539664】，返回信息 {"status":"ok","msg":"福建-泉州","gid":"369780","time_insert":"2021-07-23 21:01"}
2024-08-04 00:38:59 查询号码 【1539664】，GSD为【"福建-泉州"】

2024-08-04 00:39:00 开始第 9783 次操作

2024-08-04 00:39:00 开始操作号码 【1539665】
2024-08-04 00:39:12 GSD getOne 第 1 次 等待 3 秒
2024-08-04 00:39:15 查询号码 【1539665】，返回信息 {"status":"ok","msg":"福建-泉州","gid":"369772","time_insert":"2021-07-23 21:01"}
2024-08-04 00:39:15 查询号码 【1539665】，GSD为【"福建-泉州"】

2024-08-04 00:39:16 开始第 9784 次操作

2024-08-04 00:39:16 开始操作号码 【1539666】
2024-08-04 00:39:23 GSD getOne 第 1 次 等待 3 秒
2024-08-04 00:39:26 查询号码 【1539666】，返回信息 {"status":"ok","msg":"福建-泉州","gid":"369765","time_insert":"2021-07-23 21:00"}
2024-08-04 00:39:26 查询号码 【1539666】，GSD为【"福建-泉州"】

