2024-11-15 00:27:21 开始第 4809 次操作

2024-11-15 00:27:21 开始操作号码 【1324808】
2024-11-15 00:27:23 GSD getOne 第 1 次 等待 3 秒
2024-11-15 00:27:26 查询号码 【1324808】，返回信息 {"status":"ok","msg":"上海-上海","gid":"2307","time_insert":"2017-04-20 16:08","time_update":"2020-12-31 02:41"}
2024-11-15 00:27:26 查询号码 【1324808】，GSD为【"上海-上海"】

2024-11-15 00:27:27 开始第 4810 次操作

2024-11-15 00:27:27 开始操作号码 【1324809】
2024-11-15 00:27:28 GSD getOne 第 1 次 等待 3 秒
2024-11-15 00:27:31 查询号码 【1324809】，返回信息 {"status":"ok","msg":"上海-上海","gid":"246780","time_insert":"2021-07-11 08:56"}
2024-11-15 00:27:31 查询号码 【1324809】，GSD为【"上海-上海"】

2024-11-15 00:27:32 开始第 4811 次操作

2024-11-15 00:27:32 开始操作号码 【1324810】
2024-11-15 00:27:33 GSD getOne 第 1 次 等待 3 秒
2024-11-15 00:27:36 查询号码 【1324810】，返回信息 {"status":"ok","msg":"上海-上海","gid":"246815","time_insert":"2021-07-11 09:14"}
2024-11-15 00:27:36 查询号码 【1324810】，GSD为【"上海-上海"】

2024-11-15 00:27:37 开始第 4812 次操作

2024-11-15 00:27:37 开始操作号码 【1324811】
2024-11-15 00:27:38 GSD getOne 第 1 次 等待 3 秒
2024-11-15 00:27:41 查询号码 【1324811】，返回信息 {"status":"ok","msg":"上海-上海","gid":"246848","time_insert":"2021-07-11 09:33"}
2024-11-15 00:27:41 查询号码 【1324811】，GSD为【"上海-上海"】

