2024-09-27 00:17:47 开始第 6733 次操作

2024-09-27 00:17:47 开始操作号码 【1426731】
2024-09-27 00:17:49 GSD getOne 第 1 次 等待 3 秒
2024-09-27 00:17:52 查询号码 【1426731】，返回信息 {"status":"ok","msg":"-","gid":"659399","time_insert":"2023-04-17 05:24"}
2024-09-27 00:17:52 查询号码 【1426731】，GSD为【"-"】
2024-09-27 00:17:52 ok && -
2024-09-27 00:17:54 CHB 1426731?1727367472 第 1 次 等待 3 秒
2024-09-27 00:17:57 CHB 1426731?1727367472 第 1 次 获取到号码【1426731】GSD
2024-09-27 00:17:57 未获取到号码【1426731】GSD，可能号码格式错误
2024-09-27 00:17:57 获取到号码【1426731】的GSD为【-】
2024-09-27 00:17:59 GSD insert 第 1 次 等待 3 秒
2024-09-27 00:18:02 {"status":"bad","gid":"659399","msg":"添加失败！号码【1426731(-|-)】已存在！"}
2024-09-27 00:18:02 随机等待 189 秒，约 3 分钟
2024-09-27 00:18:02 下次操作: 2024-09-27 00:21:11

2024-09-27 00:21:11 开始第 6734 次操作

2024-09-27 00:21:11 开始操作号码 【1426732】
2024-09-27 00:21:15 GSD getOne 第 1 次 等待 3 秒
2024-09-27 00:21:18 查询号码 【1426732】，返回信息 {"status":"ok","msg":"-","gid":"659415","time_insert":"2023-04-17 05:32"}
2024-09-27 00:21:18 查询号码 【1426732】，GSD为【"-"】
2024-09-27 00:21:18 ok && -
2024-09-27 00:21:20 CHB 1426732?1727367678 第 1 次 等待 3 秒
2024-09-27 00:21:23 CHB 1426732?1727367678 第 1 次 获取到号码【1426732】GSD
2024-09-27 00:21:23 未获取到号码【1426732】GSD，可能号码格式错误
2024-09-27 00:21:23 获取到号码【1426732】的GSD为【-】
2024-09-27 00:21:25 GSD insert 第 1 次 等待 3 秒
2024-09-27 00:21:28 {"status":"bad","gid":"659415","msg":"添加失败！号码【1426732(-|-)】已存在！"}
2024-09-27 00:21:28 随机等待 100 秒，约 1 分钟
2024-09-27 00:21:28 下次操作: 2024-09-27 00:23:08

2024-09-27 00:23:08 开始第 6735 次操作

2024-09-27 00:23:08 开始操作号码 【1426733】
2024-09-27 00:23:10 GSD getOne 第 1 次 等待 3 秒
2024-09-27 00:23:13 查询号码 【1426733】，返回信息 {"status":"ok","msg":"-","gid":"659439","time_insert":"2023-04-17 05:47"}
2024-09-27 00:23:13 查询号码 【1426733】，GSD为【"-"】
2024-09-27 00:23:13 ok && -
2024-09-27 00:23:14 CHB 1426733?1727367793 第 1 次 等待 3 秒
2024-09-27 00:23:17 CHB 1426733?1727367793 第 1 次 获取到号码【1426733】GSD
2024-09-27 00:23:17 未获取到号码【1426733】GSD，可能号码格式错误
2024-09-27 00:23:17 获取到号码【1426733】的GSD为【-】
2024-09-27 00:23:19 GSD insert 第 1 次 等待 3 秒
2024-09-27 00:23:22 {"status":"bad","gid":"659439","msg":"添加失败！号码【1426733(-|-)】已存在！"}
2024-09-27 00:23:22 随机等待 92 秒，约 1 分钟
2024-09-27 00:23:22 下次操作: 2024-09-27 00:24:54

2024-09-27 00:24:54 开始第 6736 次操作

2024-09-27 00:24:54 开始操作号码 【1426734】
2024-09-27 00:24:56 GSD getOne 第 1 次 等待 3 秒
2024-09-27 00:24:59 查询号码 【1426734】，返回信息 {"status":"ok","msg":"-","gid":"659474","time_insert":"2023-04-17 06:09"}
2024-09-27 00:24:59 查询号码 【1426734】，GSD为【"-"】
2024-09-27 00:24:59 ok && -
2024-09-27 00:25:01 CHB 1426734?1727367899 第 1 次 等待 3 秒
2024-09-27 00:25:04 CHB 1426734?1727367899 第 1 次 获取到号码【1426734】GSD
2024-09-27 00:25:04 未获取到号码【1426734】GSD，可能号码格式错误
2024-09-27 00:25:04 获取到号码【1426734】的GSD为【-】
2024-09-27 00:25:20 GSD insert 第 1 次 等待 3 秒
2024-09-27 00:25:23 {"status":"bad","gid":"659474","msg":"添加失败！号码【1426734(-|-)】已存在！"}

2024-09-27 00:43:24 开始第 6737 次操作

2024-09-27 00:43:24 开始操作号码 【1426735】
2024-09-27 00:43:27 GSD getOne 第 1 次 等待 3 秒
2024-09-27 00:43:30 查询号码 【1426735】，返回信息 {"status":"ok","msg":"-","gid":"659501","time_insert":"2023-04-17 06:27"}
2024-09-27 00:43:30 查询号码 【1426735】，GSD为【"-"】
2024-09-27 00:43:30 ok && -
2024-09-27 00:43:32 CHB 1426735?1727369010 第 1 次 等待 3 秒
2024-09-27 00:43:35 CHB 1426735?1727369010 第 1 次 获取到号码【1426735】GSD
2024-09-27 00:43:35 未获取到号码【1426735】GSD，可能号码格式错误
2024-09-27 00:43:35 获取到号码【1426735】的GSD为【-】
2024-09-27 00:43:36 GSD insert 第 1 次 等待 3 秒
2024-09-27 00:43:39 {"status":"bad","gid":"659501","msg":"添加失败！号码【1426735(-|-)】已存在！"}
2024-09-27 00:43:39 随机等待 148 秒，约 2 分钟
2024-09-27 00:43:39 下次操作: 2024-09-27 00:46:07

2024-09-27 00:46:07 开始第 6738 次操作

2024-09-27 00:46:07 开始操作号码 【1426736】
2024-09-27 00:46:11 GSD getOne 第 1 次 等待 3 秒
2024-09-27 00:46:14 查询号码 【1426736】，返回信息 {"status":"ok","msg":"-","gid":"659516","time_insert":"2023-04-17 06:37"}
2024-09-27 00:46:14 查询号码 【1426736】，GSD为【"-"】
2024-09-27 00:46:14 ok && -
2024-09-27 00:46:16 CHB 1426736?1727369174 第 1 次 等待 3 秒
2024-09-27 00:46:19 CHB 1426736?1727369174 第 1 次 获取到号码【1426736】GSD
2024-09-27 00:46:19 未获取到号码【1426736】GSD，可能号码格式错误
2024-09-27 00:46:19 获取到号码【1426736】的GSD为【-】
2024-09-27 00:46:36 GSD insert 第 1 次 等待 3 秒
2024-09-27 00:46:39 {"status":"bad","gid":"659516","msg":"添加失败！号码【1426736(-|-)】已存在！"}
2024-09-27 00:46:39 随机等待 161 秒，约 2 分钟
2024-09-27 00:46:39 下次操作: 2024-09-27 00:49:20

2024-09-27 00:49:20 开始第 6739 次操作

2024-09-27 00:49:20 开始操作号码 【1426737】
2024-09-27 00:49:22 GSD getOne 第 1 次 等待 3 秒
2024-09-27 00:49:25 查询号码 【1426737】，返回信息 {"status":"ok","msg":"-","gid":"659550","time_insert":"2023-04-17 06:58"}
2024-09-27 00:49:25 查询号码 【1426737】，GSD为【"-"】
2024-09-27 00:49:25 ok && -
2024-09-27 00:49:26 CHB 1426737?1727369365 第 1 次 等待 3 秒
2024-09-27 00:49:29 CHB 1426737?1727369365 第 1 次 获取到号码【1426737】GSD
2024-09-27 00:49:29 未获取到号码【1426737】GSD，可能号码格式错误
2024-09-27 00:49:29 获取到号码【1426737】的GSD为【-】
2024-09-27 00:49:31 GSD insert 第 1 次 等待 3 秒
2024-09-27 00:49:34 {"status":"bad","gid":"659550","msg":"添加失败！号码【1426737(-|-)】已存在！"}
2024-09-27 00:49:34 随机等待 203 秒，约 3 分钟
2024-09-27 00:49:34 下次操作: 2024-09-27 00:52:57

2024-09-27 00:52:57 开始第 6740 次操作

2024-09-27 00:52:57 开始操作号码 【1426738】
2024-09-27 00:52:59 GSD getOne 第 1 次 等待 3 秒
2024-09-27 00:53:02 查询号码 【1426738】，返回信息 {"status":"ok","msg":"-","gid":"659563","time_insert":"2023-04-17 07:07"}
2024-09-27 00:53:02 查询号码 【1426738】，GSD为【"-"】
2024-09-27 00:53:02 ok && -
2024-09-27 00:53:04 CHB 1426738?1727369582 第 1 次 等待 3 秒
2024-09-27 00:53:07 CHB 1426738?1727369582 第 1 次 获取到号码【1426738】GSD
2024-09-27 00:53:07 未获取到号码【1426738】GSD，可能号码格式错误
2024-09-27 00:53:07 获取到号码【1426738】的GSD为【-】
2024-09-27 00:53:10 GSD insert 第 1 次 等待 3 秒
2024-09-27 00:53:13 {"status":"bad","gid":"659563","msg":"添加失败！号码【1426738(-|-)】已存在！"}

2024-09-27 01:14:35 开始第 6741 次操作

2024-09-27 01:14:35 开始操作号码 【1426739】
2024-09-27 01:14:37 GSD getOne 第 1 次 等待 3 秒
2024-09-27 01:14:40 查询号码 【1426739】，返回信息 {"status":"ok","msg":"-","gid":"659588","time_insert":"2023-04-17 07:23"}
2024-09-27 01:14:40 查询号码 【1426739】，GSD为【"-"】
2024-09-27 01:14:40 ok && -
2024-09-27 01:14:42 CHB 1426739?1727370880 第 1 次 等待 3 秒
2024-09-27 01:14:45 CHB 1426739?1727370880 第 1 次 获取到号码【1426739】GSD
2024-09-27 01:14:45 未获取到号码【1426739】GSD，可能号码格式错误
2024-09-27 01:14:45 获取到号码【1426739】的GSD为【-】
2024-09-27 01:14:47 GSD insert 第 1 次 等待 3 秒
2024-09-27 01:14:50 {"status":"bad","gid":"659588","msg":"添加失败！号码【1426739(-|-)】已存在！"}
2024-09-27 01:14:50 随机等待 137 秒，约 2 分钟
2024-09-27 01:14:50 下次操作: 2024-09-27 01:17:07

2024-09-27 01:17:07 开始第 6742 次操作

2024-09-27 01:17:07 开始操作号码 【1426740】
2024-09-27 01:17:10 GSD getOne 第 1 次 等待 3 秒
2024-09-27 01:17:13 查询号码 【1426740】，返回信息 {"status":"ok","msg":"-","gid":"659622","time_insert":"2023-04-17 07:45"}
2024-09-27 01:17:13 查询号码 【1426740】，GSD为【"-"】
2024-09-27 01:17:13 ok && -
2024-09-27 01:17:15 CHB 1426740?1727371033 第 1 次 等待 3 秒
2024-09-27 01:17:18 CHB 1426740?1727371033 第 1 次 获取到号码【1426740】GSD
2024-09-27 01:17:18 未获取到号码【1426740】GSD，可能号码格式错误
2024-09-27 01:17:18 获取到号码【1426740】的GSD为【-】
2024-09-27 01:17:20 GSD insert 第 1 次 等待 3 秒
2024-09-27 01:17:23 {"status":"bad","gid":"659622","msg":"添加失败！号码【1426740(-|-)】已存在！"}
2024-09-27 01:17:23 随机等待 167 秒，约 2 分钟
2024-09-27 01:17:23 下次操作: 2024-09-27 01:20:10

2024-09-27 01:20:10 开始第 6743 次操作

2024-09-27 01:20:10 开始操作号码 【1426741】
2024-09-27 01:20:15 GSD getOne 第 1 次 等待 3 秒
2024-09-27 01:20:18 查询号码 【1426741】，返回信息 {"status":"ok","msg":"-","gid":"659642","time_insert":"2023-04-17 07:59"}
2024-09-27 01:20:18 查询号码 【1426741】，GSD为【"-"】
2024-09-27 01:20:18 ok && -
2024-09-27 01:20:20 CHB 1426741?1727371218 第 1 次 等待 3 秒
2024-09-27 01:20:23 CHB 1426741?1727371218 第 1 次 获取到号码【1426741】GSD
2024-09-27 01:20:23 未获取到号码【1426741】GSD，可能号码格式错误
2024-09-27 01:20:23 获取到号码【1426741】的GSD为【-】
2024-09-27 01:20:25 GSD insert 第 1 次 等待 3 秒
2024-09-27 01:20:28 {"status":"bad","gid":"659642","msg":"添加失败！号码【1426741(-|-)】已存在！"}
2024-09-27 01:20:28 随机等待 202 秒，约 3 分钟
2024-09-27 01:20:28 下次操作: 2024-09-27 01:23:50

2024-09-27 01:23:50 开始第 6744 次操作

2024-09-27 01:23:50 开始操作号码 【1426742】
2024-09-27 01:23:53 GSD getOne 第 1 次 等待 3 秒
2024-09-27 01:23:56 查询号码 【1426742】，返回信息 {"status":"ok","msg":"-","gid":"659651","time_insert":"2023-04-17 08:08"}
2024-09-27 01:23:56 查询号码 【1426742】，GSD为【"-"】
2024-09-27 01:23:56 ok && -
2024-09-27 01:23:58 CHB 1426742?1727371436 第 1 次 等待 3 秒
2024-09-27 01:24:01 CHB 1426742?1727371436 第 1 次 获取到号码【1426742】GSD
2024-09-27 01:24:01 未获取到号码【1426742】GSD，可能号码格式错误
2024-09-27 01:24:01 获取到号码【1426742】的GSD为【-】
2024-09-27 01:24:04 GSD insert 第 1 次 等待 3 秒
2024-09-27 01:24:07 {"status":"bad","gid":"659651","msg":"添加失败！号码【1426742(-|-)】已存在！"}

2024-09-27 01:39:12 开始第 6745 次操作

2024-09-27 01:39:12 开始操作号码 【1426743】
2024-09-27 01:39:29 GSD getOne 第 1 次 等待 3 秒
2024-09-27 01:39:32 查询号码 【1426743】，返回信息 {"status":"ok","msg":"-","gid":"659664","time_insert":"2023-04-17 08:20"}
2024-09-27 01:39:32 查询号码 【1426743】，GSD为【"-"】
2024-09-27 01:39:32 ok && -
2024-09-27 01:39:34 CHB 1426743?1727372372 第 1 次 等待 3 秒
2024-09-27 01:39:37 CHB 1426743?1727372372 第 1 次 获取到号码【1426743】GSD
2024-09-27 01:39:37 未获取到号码【1426743】GSD，可能号码格式错误
2024-09-27 01:39:37 获取到号码【1426743】的GSD为【-】
2024-09-27 01:39:38 GSD insert 第 1 次 等待 3 秒
2024-09-27 01:39:41 {"status":"bad","gid":"659664","msg":"添加失败！号码【1426743(-|-)】已存在！"}
2024-09-27 01:39:41 随机等待 220 秒，约 3 分钟
2024-09-27 01:39:41 下次操作: 2024-09-27 01:43:21

2024-09-27 01:43:21 开始第 6746 次操作

2024-09-27 01:43:21 开始操作号码 【1426744】
2024-09-27 01:43:23 GSD getOne 第 1 次 等待 3 秒
2024-09-27 01:43:26 查询号码 【1426744】，返回信息 {"status":"ok","msg":"-","gid":"659680","time_insert":"2023-04-17 08:38"}
2024-09-27 01:43:26 查询号码 【1426744】，GSD为【"-"】
2024-09-27 01:43:26 ok && -
2024-09-27 01:43:28 CHB 1426744?1727372606 第 1 次 等待 3 秒
2024-09-27 01:43:31 CHB 1426744?1727372606 第 1 次 获取到号码【1426744】GSD
2024-09-27 01:43:31 未获取到号码【1426744】GSD，可能号码格式错误
2024-09-27 01:43:31 获取到号码【1426744】的GSD为【-】
2024-09-27 01:43:33 GSD insert 第 1 次 等待 3 秒
2024-09-27 01:43:36 {"status":"bad","gid":"659680","msg":"添加失败！号码【1426744(-|-)】已存在！"}
2024-09-27 01:43:36 随机等待 233 秒，约 3 分钟
2024-09-27 01:43:36 下次操作: 2024-09-27 01:47:29

2024-09-27 01:47:29 开始第 6747 次操作

2024-09-27 01:47:29 开始操作号码 【1426745】
2024-09-27 01:47:31 GSD getOne 第 1 次 等待 3 秒
2024-09-27 01:47:34 查询号码 【1426745】，返回信息 {"status":"ok","msg":"-","gid":"659687","time_insert":"2023-04-17 08:47"}
2024-09-27 01:47:34 查询号码 【1426745】，GSD为【"-"】
2024-09-27 01:47:34 ok && -
2024-09-27 01:47:35 CHB 1426745?1727372854 第 1 次 等待 3 秒
2024-09-27 01:47:39 CHB 1426745?1727372854 第 1 次 获取到号码【1426745】GSD
2024-09-27 01:47:39 未获取到号码【1426745】GSD，可能号码格式错误
2024-09-27 01:47:39 获取到号码【1426745】的GSD为【-】
2024-09-27 01:47:40 GSD insert 第 1 次 等待 3 秒
2024-09-27 01:47:43 {"status":"bad","gid":"659687","msg":"添加失败！号码【1426745(-|-)】已存在！"}
2024-09-27 01:47:43 随机等待 66 秒，约 1 分钟
2024-09-27 01:47:43 下次操作: 2024-09-27 01:48:49

2024-09-27 01:48:49 开始第 6748 次操作

2024-09-27 01:48:49 开始操作号码 【1426746】
2024-09-27 01:48:52 GSD getOne 第 1 次 等待 3 秒
2024-09-27 01:48:55 查询号码 【1426746】，返回信息 {"status":"ok","msg":"-","gid":"659712","time_insert":"2023-04-17 09:07"}
2024-09-27 01:48:55 查询号码 【1426746】，GSD为【"-"】
2024-09-27 01:48:55 ok && -
2024-09-27 01:48:57 CHB 1426746?1727372935 第 1 次 等待 3 秒
2024-09-27 01:49:00 CHB 1426746?1727372935 第 1 次 获取到号码【1426746】GSD
2024-09-27 01:49:00 未获取到号码【1426746】GSD，可能号码格式错误
2024-09-27 01:49:00 获取到号码【1426746】的GSD为【-】
2024-09-27 01:49:03 GSD insert 第 1 次 等待 3 秒
2024-09-27 01:49:06 {"status":"bad","gid":"659712","msg":"添加失败！号码【1426746(-|-)】已存在！"}

2024-09-27 02:17:48 开始第 6749 次操作

2024-09-27 02:17:48 开始操作号码 【1426747】
2024-09-27 02:17:50 GSD getOne 第 1 次 等待 3 秒
2024-09-27 02:17:53 查询号码 【1426747】，返回信息 {"status":"ok","msg":"-","gid":"659729","time_insert":"2023-04-17 09:23"}
2024-09-27 02:17:53 查询号码 【1426747】，GSD为【"-"】
2024-09-27 02:17:53 ok && -
2024-09-27 02:17:55 CHB 1426747?1727374673 第 1 次 等待 3 秒
2024-09-27 02:17:58 CHB 1426747?1727374673 第 1 次 获取到号码【1426747】GSD
2024-09-27 02:17:58 未获取到号码【1426747】GSD，可能号码格式错误
2024-09-27 02:17:58 获取到号码【1426747】的GSD为【-】
2024-09-27 02:17:59 GSD insert 第 1 次 等待 3 秒
2024-09-27 02:18:02 {"status":"bad","gid":"659729","msg":"添加失败！号码【1426747(-|-)】已存在！"}
2024-09-27 02:18:02 随机等待 67 秒，约 1 分钟
2024-09-27 02:18:02 下次操作: 2024-09-27 02:19:09

2024-09-27 02:19:09 开始第 6750 次操作

2024-09-27 02:19:09 开始操作号码 【1426748】
2024-09-27 02:19:11 GSD getOne 第 1 次 等待 3 秒
2024-09-27 02:19:14 查询号码 【1426748】，返回信息 {"status":"ok","msg":"-","gid":"659747","time_insert":"2023-04-17 09:43"}
2024-09-27 02:19:14 查询号码 【1426748】，GSD为【"-"】
2024-09-27 02:19:14 ok && -
2024-09-27 02:19:16 CHB 1426748?1727374754 第 1 次 等待 3 秒
2024-09-27 02:19:19 CHB 1426748?1727374754 第 1 次 获取到号码【1426748】GSD
2024-09-27 02:19:19 未获取到号码【1426748】GSD，可能号码格式错误
2024-09-27 02:19:19 获取到号码【1426748】的GSD为【-】
2024-09-27 02:19:21 GSD insert 第 1 次 等待 3 秒
2024-09-27 02:19:24 {"status":"bad","gid":"659747","msg":"添加失败！号码【1426748(-|-)】已存在！"}
2024-09-27 02:19:24 随机等待 168 秒，约 2 分钟
2024-09-27 02:19:24 下次操作: 2024-09-27 02:22:12

2024-09-27 02:22:12 开始第 6751 次操作

2024-09-27 02:22:12 开始操作号码 【1426749】
2024-09-27 02:22:14 GSD getOne 第 1 次 等待 3 秒
2024-09-27 02:22:17 查询号码 【1426749】，返回信息 {"status":"ok","msg":"-","gid":"659756","time_insert":"2023-04-17 09:52"}
2024-09-27 02:22:17 查询号码 【1426749】，GSD为【"-"】
2024-09-27 02:22:17 ok && -
2024-09-27 02:22:18 CHB 1426749?1727374937 第 1 次 等待 3 秒
2024-09-27 02:22:21 CHB 1426749?1727374937 第 1 次 获取到号码【1426749】GSD
2024-09-27 02:22:21 未获取到号码【1426749】GSD，可能号码格式错误
2024-09-27 02:22:21 获取到号码【1426749】的GSD为【-】
2024-09-27 02:22:23 GSD insert 第 1 次 等待 3 秒
2024-09-27 02:22:26 {"status":"bad","gid":"659756","msg":"添加失败！号码【1426749(-|-)】已存在！"}
2024-09-27 02:22:26 随机等待 68 秒，约 1 分钟
2024-09-27 02:22:26 下次操作: 2024-09-27 02:23:34

2024-09-27 02:23:34 开始第 6752 次操作

2024-09-27 02:23:34 开始操作号码 【1426750】
2024-09-27 02:23:36 GSD getOne 第 1 次 等待 3 秒
2024-09-27 02:23:39 查询号码 【1426750】，返回信息 {"status":"ok","msg":"-","gid":"659779","time_insert":"2023-04-17 10:12"}
2024-09-27 02:23:39 查询号码 【1426750】，GSD为【"-"】
2024-09-27 02:23:39 ok && -
2024-09-27 02:23:41 CHB 1426750?1727375019 第 1 次 等待 3 秒
2024-09-27 02:23:44 CHB 1426750?1727375019 第 1 次 获取到号码【1426750】GSD
2024-09-27 02:23:44 未获取到号码【1426750】GSD，可能号码格式错误
2024-09-27 02:23:44 获取到号码【1426750】的GSD为【-】
2024-09-27 02:23:46 GSD insert 第 1 次 等待 3 秒
2024-09-27 02:23:49 {"status":"bad","gid":"659779","msg":"添加失败！号码【1426750(-|-)】已存在！"}

2024-09-27 02:42:18 开始第 6753 次操作

2024-09-27 02:42:18 开始操作号码 【1426751】
2024-09-27 02:42:21 GSD getOne 第 1 次 等待 3 秒
2024-09-27 02:42:24 查询号码 【1426751】，返回信息 {"status":"ok","msg":"-","gid":"659797","time_insert":"2023-04-17 10:27"}
2024-09-27 02:42:24 查询号码 【1426751】，GSD为【"-"】
2024-09-27 02:42:24 ok && -
2024-09-27 02:42:59 CHB 1426751?1727376144 第 1 次 等待 3 秒
2024-09-27 02:43:02 CHB 1426751?1727376144 第 1 次 获取到号码【1426751】GSD
2024-09-27 02:43:02 未获取到号码【1426751】GSD，可能号码格式错误
2024-09-27 02:43:02 获取到号码【1426751】的GSD为【-】
2024-09-27 02:43:04 GSD insert 第 1 次 等待 3 秒
2024-09-27 02:43:07 {"status":"bad","gid":"659797","msg":"添加失败！号码【1426751(-|-)】已存在！"}
2024-09-27 02:43:07 随机等待 143 秒，约 2 分钟
2024-09-27 02:43:07 下次操作: 2024-09-27 02:45:30

2024-09-27 02:45:30 开始第 6754 次操作

2024-09-27 02:45:30 开始操作号码 【1426752】
2024-09-27 02:45:32 GSD getOne 第 1 次 等待 3 秒
2024-09-27 02:45:35 查询号码 【1426752】，返回信息 {"status":"ok","msg":"-","gid":"659812","time_insert":"2023-04-17 10:36"}
2024-09-27 02:45:35 查询号码 【1426752】，GSD为【"-"】
2024-09-27 02:45:35 ok && -
2024-09-27 02:46:43 CHB 1426752?1727376335 第 1 次 等待 3 秒
2024-09-27 02:46:46 CHB 1426752?1727376335 第 1 次 获取到号码【1426752】GSD
2024-09-27 02:46:47 未获取到号码【1426752】GSD，可能号码格式错误
2024-09-27 02:46:47 获取到号码【1426752】的GSD为【-】
2024-09-27 02:46:49 GSD insert 第 1 次 等待 3 秒
2024-09-27 02:46:52 {"status":"bad","gid":"659812","msg":"添加失败！号码【1426752(-|-)】已存在！"}
2024-09-27 02:46:52 随机等待 97 秒，约 1 分钟
2024-09-27 02:46:52 下次操作: 2024-09-27 02:48:29

2024-09-27 02:48:29 开始第 6755 次操作

2024-09-27 02:48:29 开始操作号码 【1426753】
2024-09-27 02:48:31 GSD getOne 第 1 次 等待 3 秒
2024-09-27 02:48:34 查询号码 【1426753】，返回信息 {"status":"ok","msg":"-","gid":"659831","time_insert":"2023-04-17 10:52"}
2024-09-27 02:48:34 查询号码 【1426753】，GSD为【"-"】
2024-09-27 02:48:34 ok && -
2024-09-27 02:48:36 CHB 1426753?1727376514 第 1 次 等待 3 秒
2024-09-27 02:48:39 CHB 1426753?1727376514 第 1 次 获取到号码【1426753】GSD
2024-09-27 02:48:39 未获取到号码【1426753】GSD，可能号码格式错误
2024-09-27 02:48:39 获取到号码【1426753】的GSD为【-】
2024-09-27 02:48:42 GSD insert 第 1 次 等待 3 秒
2024-09-27 02:48:45 {"status":"bad","gid":"659831","msg":"添加失败！号码【1426753(-|-)】已存在！"}
2024-09-27 02:48:45 随机等待 199 秒，约 3 分钟
2024-09-27 02:48:45 下次操作: 2024-09-27 02:52:04

2024-09-27 02:52:04 开始第 6756 次操作

2024-09-27 02:52:04 开始操作号码 【1426754】
2024-09-27 02:52:06 GSD getOne 第 1 次 等待 3 秒
2024-09-27 02:52:09 查询号码 【1426754】，返回信息 {"status":"ok","msg":"-","gid":"659854","time_insert":"2023-04-17 11:07"}
2024-09-27 02:52:09 查询号码 【1426754】，GSD为【"-"】
2024-09-27 02:52:09 ok && -
2024-09-27 02:52:11 CHB 1426754?1727376729 第 1 次 等待 3 秒
2024-09-27 02:52:14 CHB 1426754?1727376729 第 1 次 获取到号码【1426754】GSD
2024-09-27 02:52:14 未获取到号码【1426754】GSD，可能号码格式错误
2024-09-27 02:52:14 获取到号码【1426754】的GSD为【-】
2024-09-27 02:52:16 GSD insert 第 1 次 等待 3 秒
2024-09-27 02:52:19 {"status":"bad","gid":"659854","msg":"添加失败！号码【1426754(-|-)】已存在！"}

2024-09-27 03:11:15 开始第 6757 次操作

2024-09-27 03:11:15 开始操作号码 【1426755】
2024-09-27 03:11:17 GSD getOne 第 1 次 等待 3 秒
2024-09-27 03:11:20 查询号码 【1426755】，返回信息 {"status":"ok","msg":"-","gid":"659875","time_insert":"2023-04-17 11:20"}
2024-09-27 03:11:20 查询号码 【1426755】，GSD为【"-"】
2024-09-27 03:11:20 ok && -
2024-09-27 03:11:22 CHB 1426755?1727377880 第 1 次 等待 3 秒
2024-09-27 03:11:25 CHB 1426755?1727377880 第 1 次 获取到号码【1426755】GSD
2024-09-27 03:11:25 未获取到号码【1426755】GSD，可能号码格式错误
2024-09-27 03:11:25 获取到号码【1426755】的GSD为【-】
2024-09-27 03:11:27 GSD insert 第 1 次 等待 3 秒
2024-09-27 03:11:30 {"status":"bad","gid":"659875","msg":"添加失败！号码【1426755(-|-)】已存在！"}
2024-09-27 03:11:30 随机等待 150 秒，约 2 分钟
2024-09-27 03:11:30 下次操作: 2024-09-27 03:14:00

2024-09-27 03:14:00 开始第 6758 次操作

2024-09-27 03:14:00 开始操作号码 【1426756】
2024-09-27 03:14:02 GSD getOne 第 1 次 等待 3 秒
2024-09-27 03:14:05 查询号码 【1426756】，返回信息 {"status":"ok","msg":"-","gid":"659911","time_insert":"2023-04-17 11:41"}
2024-09-27 03:14:05 查询号码 【1426756】，GSD为【"-"】
2024-09-27 03:14:05 ok && -
2024-09-27 03:14:08 CHB 1426756?1727378045 第 1 次 等待 3 秒
2024-09-27 03:14:11 CHB 1426756?1727378045 第 1 次 获取到号码【1426756】GSD
2024-09-27 03:14:11 未获取到号码【1426756】GSD，可能号码格式错误
2024-09-27 03:14:11 获取到号码【1426756】的GSD为【-】
2024-09-27 03:14:14 GSD insert 第 1 次 等待 3 秒
2024-09-27 03:14:17 {"status":"bad","gid":"659911","msg":"添加失败！号码【1426756(-|-)】已存在！"}
2024-09-27 03:14:17 随机等待 148 秒，约 2 分钟
2024-09-27 03:14:17 下次操作: 2024-09-27 03:16:45

2024-09-27 03:16:45 开始第 6759 次操作

2024-09-27 03:16:45 开始操作号码 【1426757】
2024-09-27 03:16:47 GSD getOne 第 1 次 等待 3 秒
2024-09-27 03:16:50 查询号码 【1426757】，返回信息 {"status":"ok","msg":"-","gid":"659942","time_insert":"2023-04-17 11:58"}
2024-09-27 03:16:50 查询号码 【1426757】，GSD为【"-"】
2024-09-27 03:16:50 ok && -
2024-09-27 03:16:52 CHB 1426757?1727378210 第 1 次 等待 3 秒
2024-09-27 03:16:55 CHB 1426757?1727378210 第 1 次 获取到号码【1426757】GSD
2024-09-27 03:16:55 未获取到号码【1426757】GSD，可能号码格式错误
2024-09-27 03:16:55 获取到号码【1426757】的GSD为【-】
2024-09-27 03:16:57 GSD insert 第 1 次 等待 3 秒
2024-09-27 03:17:00 {"status":"bad","gid":"659942","msg":"添加失败！号码【1426757(-|-)】已存在！"}
2024-09-27 03:17:00 随机等待 85 秒，约 1 分钟
2024-09-27 03:17:00 下次操作: 2024-09-27 03:18:25

2024-09-27 03:18:25 开始第 6760 次操作

2024-09-27 03:18:25 开始操作号码 【1426758】
2024-09-27 03:18:26 GSD getOne 第 1 次 等待 3 秒
2024-09-27 03:18:30 查询号码 【1426758】，返回信息 {"status":"ok","msg":"-","gid":"659968","time_insert":"2023-04-17 12:17"}
2024-09-27 03:18:30 查询号码 【1426758】，GSD为【"-"】
2024-09-27 03:18:30 ok && -
2024-09-27 03:18:31 CHB 1426758?1727378310 第 1 次 等待 3 秒
2024-09-27 03:18:34 CHB 1426758?1727378310 第 1 次 获取到号码【1426758】GSD
2024-09-27 03:18:34 未获取到号码【1426758】GSD，可能号码格式错误
2024-09-27 03:18:34 获取到号码【1426758】的GSD为【-】
2024-09-27 03:18:37 GSD insert 第 1 次 等待 3 秒
2024-09-27 03:18:40 {"status":"bad","gid":"659968","msg":"添加失败！号码【1426758(-|-)】已存在！"}

