2023-10-12 00:07:57 开始第 2811 次操作

2023-10-12 00:07:57 开始操作号码 【1962799】
2023-10-12 00:10:07 GSD getOne 第 1 次 等待 3 秒
2023-10-12 00:12:21 GSD getOne 第 2 次 等待 3 秒
2023-10-12 00:14:34 GSD getOne 第 3 次 等待 3 秒
2023-10-12 00:16:47 GSD getOne 第 4 次 等待 3 秒
2023-10-12 00:19:00 GSD getOne 第 5 次 等待 3 秒
2023-10-12 00:21:13 GSD getOne 第 6 次 等待 3 秒
2023-10-12 00:23:26 GSD getOne 第 7 次 等待 3 秒
2023-10-12 00:25:39 GSD getOne 第 8 次 等待 3 秒
2023-10-12 00:27:52 GSD getOne 第 9 次 等待 3 秒
2023-10-12 00:30:05 GSD getOne 第 10 次 等待 3 秒
2023-10-12 00:30:09 查询号码 【1962799】，返回信息 
2023-10-12 00:30:09 查询失败，3 秒后重新查询
2023-10-12 00:32:23 GSD getOne 第 1 次 等待 3 秒
2023-10-12 00:34:36 GSD getOne 第 2 次 等待 3 秒
2023-10-12 00:36:49 GSD getOne 第 3 次 等待 3 秒
2023-10-12 00:39:02 GSD getOne 第 4 次 等待 3 秒
2023-10-12 00:41:15 GSD getOne 第 5 次 等待 3 秒
2023-10-12 00:43:28 GSD getOne 第 6 次 等待 3 秒
2023-10-12 00:45:41 GSD getOne 第 7 次 等待 3 秒
2023-10-12 00:47:55 GSD getOne 第 8 次 等待 3 秒
2023-10-12 00:50:08 GSD getOne 第 9 次 等待 3 秒
2023-10-12 00:52:21 GSD getOne 第 10 次 等待 3 秒
2023-10-12 00:52:24 查询号码 【1962799】，返回信息 
2023-10-12 00:52:24 查询失败，结束本次操作，期待下次成功~
2023-10-12 00:52:24 随机等待 125 秒，约 2 分钟
2023-10-12 00:52:24 下次操作: 2023-10-12 00:54:29

2023-10-12 00:54:29 开始第 2812 次操作

2023-10-12 00:54:29 开始操作号码 【1962799】
2023-10-12 00:56:39 GSD getOne 第 1 次 等待 3 秒
2023-10-12 00:58:52 GSD getOne 第 2 次 等待 3 秒
2023-10-12 01:01:05 GSD getOne 第 3 次 等待 3 秒
2023-10-12 01:03:18 GSD getOne 第 4 次 等待 3 秒
2023-10-12 01:05:31 GSD getOne 第 5 次 等待 3 秒
2023-10-12 01:07:44 GSD getOne 第 6 次 等待 3 秒
2023-10-12 01:09:58 GSD getOne 第 7 次 等待 3 秒
2023-10-12 01:12:11 GSD getOne 第 8 次 等待 3 秒
2023-10-12 01:14:24 GSD getOne 第 9 次 等待 3 秒
2023-10-12 01:16:37 GSD getOne 第 10 次 等待 3 秒
2023-10-12 01:16:40 查询号码 【1962799】，返回信息 
2023-10-12 01:16:40 查询失败，3 秒后重新查询
2023-10-12 01:18:54 GSD getOne 第 1 次 等待 3 秒
2023-10-12 01:21:07 GSD getOne 第 2 次 等待 3 秒
2023-10-12 01:23:20 GSD getOne 第 3 次 等待 3 秒
2023-10-12 01:25:33 GSD getOne 第 4 次 等待 3 秒
2023-10-12 01:27:47 GSD getOne 第 5 次 等待 3 秒
2023-10-12 01:30:00 GSD getOne 第 6 次 等待 3 秒
2023-10-12 01:32:13 GSD getOne 第 7 次 等待 3 秒
2023-10-12 01:34:26 GSD getOne 第 8 次 等待 3 秒
2023-10-12 01:36:39 GSD getOne 第 9 次 等待 3 秒
2023-10-12 01:38:52 GSD getOne 第 10 次 等待 3 秒
2023-10-12 01:38:55 查询号码 【1962799】，返回信息 
2023-10-12 01:38:55 查询失败，结束本次操作，期待下次成功~

