2024-01-18 00:14:25 开始第 9569 次操作

2024-01-18 00:14:25 开始操作号码 【1869462】
2024-01-18 00:14:29 GSD getOne 第 1 次 等待 3 秒
2024-01-18 00:14:32 查询号码 【1869462】，返回信息 {"status":"ok","msg":"安徽-阜阳","gid":"415871","time_insert":"2021-07-27 18:42"}
2024-01-18 00:14:32 查询号码 【1869462】，GSD为【"安徽-阜阳"】

2024-01-18 00:14:33 开始第 9570 次操作

2024-01-18 00:14:33 开始操作号码 【1869463】
2024-01-18 00:14:39 GSD getOne 第 1 次 等待 3 秒
2024-01-18 00:14:42 查询号码 【1869463】，返回信息 {"status":"ok","msg":"安徽-阜阳","gid":"415734","time_insert":"2021-07-27 18:07"}
2024-01-18 00:14:42 查询号码 【1869463】，GSD为【"安徽-阜阳"】

2024-01-18 00:14:43 开始第 9571 次操作

2024-01-18 00:14:43 开始操作号码 【1869464】
2024-01-18 00:14:48 GSD getOne 第 1 次 等待 3 秒
2024-01-18 00:14:51 查询号码 【1869464】，返回信息 {"status":"ok","msg":"安徽-马鞍山","gid":"415725","time_insert":"2021-07-27 18:07"}
2024-01-18 00:14:51 查询号码 【1869464】，GSD为【"安徽-马鞍山"】

2024-01-18 00:14:52 开始第 9572 次操作

2024-01-18 00:14:52 开始操作号码 【1869465】
2024-01-18 00:14:56 GSD getOne 第 1 次 等待 3 秒
2024-01-18 00:14:59 查询号码 【1869465】，返回信息 {"status":"ok","msg":"安徽-滁州","gid":"415718","time_insert":"2021-07-27 18:06"}
2024-01-18 00:14:59 查询号码 【1869465】，GSD为【"安徽-滁州"】

2024-01-18 00:39:07 开始第 9573 次操作

2024-01-18 00:39:07 开始操作号码 【1869466】
2024-01-18 00:39:12 GSD getOne 第 1 次 等待 3 秒
2024-01-18 00:39:15 查询号码 【1869466】，返回信息 {"status":"ok","msg":"安徽-合肥","gid":"415708","time_insert":"2021-07-27 18:05"}
2024-01-18 00:39:15 查询号码 【1869466】，GSD为【"安徽-合肥"】

2024-01-18 00:39:16 开始第 9574 次操作

2024-01-18 00:39:16 开始操作号码 【1869467】
2024-01-18 00:39:20 GSD getOne 第 1 次 等待 3 秒
2024-01-18 00:39:23 查询号码 【1869467】，返回信息 {"status":"ok","msg":"安徽-宿州","gid":"415700","time_insert":"2021-07-27 18:05"}
2024-01-18 00:39:23 查询号码 【1869467】，GSD为【"安徽-宿州"】

2024-01-18 00:39:24 开始第 9575 次操作

2024-01-18 00:39:24 开始操作号码 【1869468】
2024-01-18 00:39:28 GSD getOne 第 1 次 等待 3 秒
2024-01-18 00:39:31 查询号码 【1869468】，返回信息 {"status":"ok","msg":"安徽-阜阳","gid":"415690","time_insert":"2021-07-27 18:04"}
2024-01-18 00:39:31 查询号码 【1869468】，GSD为【"安徽-阜阳"】

2024-01-18 00:39:32 开始第 9576 次操作

2024-01-18 00:39:32 开始操作号码 【1869469】
2024-01-18 00:39:36 GSD getOne 第 1 次 等待 3 秒
2024-01-18 00:39:39 查询号码 【1869469】，返回信息 {"status":"ok","msg":"安徽-亳州","gid":"415679","time_insert":"2021-07-27 18:04"}
2024-01-18 00:39:39 查询号码 【1869469】，GSD为【"安徽-亳州"】

