2023-10-01 00:11:38 开始第 853 次操作

2023-10-01 00:11:38 开始操作号码 【1960852】
2023-10-01 00:11:42 GSD getOne 第 1 次 等待 3 秒
2023-10-01 00:11:45 查询号码 【1960852】，返回信息 {"status":"ok","msg":"贵州-遵义","gid":"540249","time_insert":"2023-02-19 12:53"}
2023-10-01 00:11:45 查询号码 【1960852】，GSD为【"贵州-遵义"】

2023-10-01 00:11:46 开始第 854 次操作

2023-10-01 00:11:46 开始操作号码 【1960853】
2023-10-01 00:11:53 GSD getOne 第 1 次 等待 3 秒
2023-10-01 00:11:56 查询号码 【1960853】，返回信息 {"status":"ok","msg":"贵州-安顺","gid":"540252","time_insert":"2023-02-19 12:55"}
2023-10-01 00:11:56 查询号码 【1960853】，GSD为【"贵州-安顺"】

2023-10-01 00:11:57 开始第 855 次操作

2023-10-01 00:11:57 开始操作号码 【1960854】
2023-10-01 00:12:00 GSD getOne 第 1 次 等待 3 秒
2023-10-01 00:12:03 查询号码 【1960854】，返回信息 {"status":"ok","msg":"贵州-黔南","gid":"540257","time_insert":"2023-02-19 12:58"}
2023-10-01 00:12:03 查询号码 【1960854】，GSD为【"贵州-黔南"】

2023-10-01 00:12:05 开始第 856 次操作

2023-10-01 00:12:05 开始操作号码 【1960855】
2023-10-01 00:12:06 GSD getOne 第 1 次 等待 3 秒
2023-10-01 00:12:09 查询号码 【1960855】，返回信息 {"status":"ok","msg":"贵州-黔东南","gid":"540262","time_insert":"2023-02-19 13:01"}
2023-10-01 00:12:09 查询号码 【1960855】，GSD为【"贵州-黔东南"】

2023-10-01 00:35:13 开始第 857 次操作

2023-10-01 00:35:13 开始操作号码 【1960856】
2023-10-01 00:35:16 GSD getOne 第 1 次 等待 3 秒
2023-10-01 00:35:19 查询号码 【1960856】，返回信息 {"status":"ok","msg":"贵州-铜仁","gid":"540274","time_insert":"2023-02-19 13:08"}
2023-10-01 00:35:19 查询号码 【1960856】，GSD为【"贵州-铜仁"】

2023-10-01 00:35:20 开始第 858 次操作

2023-10-01 00:35:20 开始操作号码 【1960857】
2023-10-01 00:35:22 GSD getOne 第 1 次 等待 3 秒
2023-10-01 00:35:25 查询号码 【1960857】，返回信息 {"status":"ok","msg":"贵州-毕节","gid":"540278","time_insert":"2023-02-19 13:10"}
2023-10-01 00:35:25 查询号码 【1960857】，GSD为【"贵州-毕节"】

2023-10-01 00:35:26 开始第 859 次操作

2023-10-01 00:35:26 开始操作号码 【1960858】
2023-10-01 00:35:29 GSD getOne 第 1 次 等待 3 秒
2023-10-01 00:35:32 查询号码 【1960858】，返回信息 {"status":"ok","msg":"贵州-六盘水","gid":"540281","time_insert":"2023-02-19 13:13"}
2023-10-01 00:35:32 查询号码 【1960858】，GSD为【"贵州-六盘水"】

2023-10-01 00:35:33 开始第 860 次操作

2023-10-01 00:35:33 开始操作号码 【1960859】
2023-10-01 00:35:36 GSD getOne 第 1 次 等待 3 秒
2023-10-01 00:35:39 查询号码 【1960859】，返回信息 {"status":"ok","msg":"贵州-黔西南","gid":"540287","time_insert":"2023-02-19 13:16"}
2023-10-01 00:35:39 查询号码 【1960859】，GSD为【"贵州-黔西南"】

2023-10-01 01:08:06 开始第 861 次操作

2023-10-01 01:08:06 开始操作号码 【1960860】
2023-10-01 01:08:08 GSD getOne 第 1 次 等待 3 秒
2023-10-01 01:08:11 查询号码 【1960860】，返回信息 {"status":"ok","msg":"-","gid":"540299","time_insert":"2023-02-19 13:23"}
2023-10-01 01:08:11 查询号码 【1960860】，GSD为【"-"】
2023-10-01 01:08:11 ok && -
2023-10-01 01:08:13 CHB 1960860?1696093691 第 1 次 等待 3 秒
2023-10-01 01:08:16 CHB 1960860?1696093691 第 1 次 获取到号码【1960860】GSD
2023-10-01 01:08:16 未获取到号码【1960860】GSD，可能号码格式错误
2023-10-01 01:08:16 获取到号码【1960860】的GSD为【-】
2023-10-01 01:08:18 GSD insert 第 1 次 等待 3 秒
2023-10-01 01:08:21 {"status":"bad","gid":"540299","msg":"添加失败！号码【1960860(-|-)】已存在！"}
2023-10-01 01:08:21 随机等待 78 秒，约 1 分钟
2023-10-01 01:08:21 下次操作: 2023-10-01 01:09:39

2023-10-01 01:09:39 开始第 862 次操作

2023-10-01 01:09:39 开始操作号码 【1960861】
2023-10-01 01:09:41 GSD getOne 第 1 次 等待 3 秒
2023-10-01 01:09:44 查询号码 【1960861】，返回信息 {"status":"ok","msg":"-","gid":"540301","time_insert":"2023-02-19 13:26"}
2023-10-01 01:09:44 查询号码 【1960861】，GSD为【"-"】
2023-10-01 01:09:44 ok && -
2023-10-01 01:09:46 CHB 1960861?1696093784 第 1 次 等待 3 秒
2023-10-01 01:09:49 CHB 1960861?1696093784 第 1 次 获取到号码【1960861】GSD
2023-10-01 01:09:49 未获取到号码【1960861】GSD，可能号码格式错误
2023-10-01 01:09:50 获取到号码【1960861】的GSD为【-】
2023-10-01 01:09:51 GSD insert 第 1 次 等待 3 秒
2023-10-01 01:09:54 {"status":"bad","gid":"540301","msg":"添加失败！号码【1960861(-|-)】已存在！"}
2023-10-01 01:09:54 随机等待 142 秒，约 2 分钟
2023-10-01 01:09:54 下次操作: 2023-10-01 01:12:16

2023-10-01 01:12:16 开始第 863 次操作

2023-10-01 01:12:16 开始操作号码 【1960862】
2023-10-01 01:12:19 GSD getOne 第 1 次 等待 3 秒
2023-10-01 01:12:22 查询号码 【1960862】，返回信息 {"status":"ok","msg":"-","gid":"540307","time_insert":"2023-02-19 13:29"}
2023-10-01 01:12:22 查询号码 【1960862】，GSD为【"-"】
2023-10-01 01:12:22 ok && -
2023-10-01 01:12:24 CHB 1960862?1696093942 第 1 次 等待 3 秒
2023-10-01 01:12:27 CHB 1960862?1696093942 第 1 次 获取到号码【1960862】GSD
2023-10-01 01:12:27 未获取到号码【1960862】GSD，可能号码格式错误
2023-10-01 01:12:27 获取到号码【1960862】的GSD为【-】
2023-10-01 01:12:30 GSD insert 第 1 次 等待 3 秒
2023-10-01 01:12:33 {"status":"bad","gid":"540307","msg":"添加失败！号码【1960862(-|-)】已存在！"}
2023-10-01 01:12:33 随机等待 164 秒，约 2 分钟
2023-10-01 01:12:33 下次操作: 2023-10-01 01:15:17

2023-10-01 01:15:17 开始第 864 次操作

2023-10-01 01:15:17 开始操作号码 【1960863】
2023-10-01 01:15:28 GSD getOne 第 1 次 等待 3 秒
2023-10-01 01:15:31 查询号码 【1960863】，返回信息 {"status":"ok","msg":"-","gid":"540314","time_insert":"2023-02-19 13:32"}
2023-10-01 01:15:31 查询号码 【1960863】，GSD为【"-"】
2023-10-01 01:15:31 ok && -
2023-10-01 01:15:33 CHB 1960863?1696094131 第 1 次 等待 3 秒
2023-10-01 01:15:36 CHB 1960863?1696094131 第 1 次 获取到号码【1960863】GSD
2023-10-01 01:15:36 未获取到号码【1960863】GSD，可能号码格式错误
2023-10-01 01:15:36 获取到号码【1960863】的GSD为【-】
2023-10-01 01:15:39 GSD insert 第 1 次 等待 3 秒
2023-10-01 01:15:42 {"status":"bad","gid":"540314","msg":"添加失败！号码【1960863(-|-)】已存在！"}

