2024-04-20 00:13:07 开始第 4617 次操作

2024-04-20 00:13:07 开始操作号码 【1644511】
2024-04-20 00:13:12 GSD getOne 第 1 次 等待 3 秒
2024-04-20 00:13:15 查询号码 【1644511】，返回信息 {"status":"ok","msg":"-","gid":"611895","time_insert":"2023-03-24 16:45"}
2024-04-20 00:13:15 查询号码 【1644511】，GSD为【"-"】
2024-04-20 00:13:15 ok && -
2024-04-20 00:13:18 CHB 1644511?1713543195 第 1 次 等待 3 秒
2024-04-20 00:13:21 CHB 1644511?1713543195 第 1 次 获取到号码【1644511】GSD
2024-04-20 00:13:21 未获取到号码【1644511】GSD，可能号码格式错误
2024-04-20 00:13:21 获取到号码【1644511】的GSD为【-】
2024-04-20 00:13:28 GSD insert 第 1 次 等待 3 秒
2024-04-20 00:13:31 {"status":"bad","gid":"611895","msg":"添加失败！号码【1644511(-|-)】已存在！"}
2024-04-20 00:13:31 随机等待 174 秒，约 2 分钟
2024-04-20 00:13:31 下次操作: 2024-04-20 00:16:25

2024-04-20 00:16:25 开始第 4618 次操作

2024-04-20 00:16:25 开始操作号码 【1644512】
2024-04-20 00:16:30 GSD getOne 第 1 次 等待 3 秒
2024-04-20 00:16:33 查询号码 【1644512】，返回信息 {"status":"ok","msg":"-","gid":"611925","time_insert":"2023-03-24 17:07"}
2024-04-20 00:16:33 查询号码 【1644512】，GSD为【"-"】
2024-04-20 00:16:33 ok && -
2024-04-20 00:16:39 CHB 1644512?1713543393 第 1 次 等待 3 秒
2024-04-20 00:16:42 CHB 1644512?1713543393 第 1 次 获取到号码【1644512】GSD
2024-04-20 00:16:42 未获取到号码【1644512】GSD，可能号码格式错误
2024-04-20 00:16:42 获取到号码【1644512】的GSD为【-】
2024-04-20 00:16:49 GSD insert 第 1 次 等待 3 秒
2024-04-20 00:16:52 {"status":"bad","gid":"611925","msg":"添加失败！号码【1644512(-|-)】已存在！"}
2024-04-20 00:16:52 随机等待 199 秒，约 3 分钟
2024-04-20 00:16:52 下次操作: 2024-04-20 00:20:11

2024-04-20 00:20:11 开始第 4619 次操作

2024-04-20 00:20:11 开始操作号码 【1644513】
2024-04-20 00:20:15 GSD getOne 第 1 次 等待 3 秒
2024-04-20 00:20:18 查询号码 【1644513】，返回信息 {"status":"ok","msg":"-","gid":"611951","time_insert":"2023-03-24 17:23"}
2024-04-20 00:20:18 查询号码 【1644513】，GSD为【"-"】
2024-04-20 00:20:18 ok && -
2024-04-20 00:20:22 CHB 1644513?1713543618 第 1 次 等待 3 秒
2024-04-20 00:20:25 CHB 1644513?1713543618 第 1 次 获取到号码【1644513】GSD
2024-04-20 00:20:25 未获取到号码【1644513】GSD，可能号码格式错误
2024-04-20 00:20:25 获取到号码【1644513】的GSD为【-】
2024-04-20 00:20:30 GSD insert 第 1 次 等待 3 秒
2024-04-20 00:20:33 {"status":"bad","gid":"611951","msg":"添加失败！号码【1644513(-|-)】已存在！"}
2024-04-20 00:20:33 随机等待 165 秒，约 2 分钟
2024-04-20 00:20:33 下次操作: 2024-04-20 00:23:18

2024-04-20 00:23:18 开始第 4620 次操作

2024-04-20 00:23:18 开始操作号码 【1644514】
2024-04-20 00:23:27 GSD getOne 第 1 次 等待 3 秒
2024-04-20 00:23:30 查询号码 【1644514】，返回信息 {"status":"ok","msg":"-","gid":"611993","time_insert":"2023-03-24 17:47"}
2024-04-20 00:23:30 查询号码 【1644514】，GSD为【"-"】
2024-04-20 00:23:30 ok && -
2024-04-20 00:23:32 CHB 1644514?1713543810 第 1 次 等待 3 秒
2024-04-20 00:23:35 CHB 1644514?1713543810 第 1 次 获取到号码【1644514】GSD
2024-04-20 00:23:35 未获取到号码【1644514】GSD，可能号码格式错误
2024-04-20 00:23:35 获取到号码【1644514】的GSD为【-】
2024-04-20 00:23:41 GSD insert 第 1 次 等待 3 秒
2024-04-20 00:23:44 {"status":"bad","gid":"611993","msg":"添加失败！号码【1644514(-|-)】已存在！"}

