2021-07-29 00:00:31 开始第 12 次操作

2021-07-29 00:00:31 开始操作号码 【1888455】
2021-07-29 00:00:34 GSD getOne 第 1 次 等待 3 秒
2021-07-29 00:00:37 查询号码 【1888455】，返回信息 {"status":"bad","msg":""}
2021-07-29 00:00:37 查询号码 【1888455】，GSD为【""】
2021-07-29 00:00:37 bad
2021-07-29 00:00:39 CHB 1888455?1627488037 第 1 次 等待 3 秒
2021-07-29 00:00:42 CHB 1888455?1627488037 第 1 次 获取到号码【1888455】GSD
2021-07-29 00:00:42 获取到号码【1888455】的GSD为【四川-成都】
2021-07-29 00:00:45 GSD insert 第 1 次 等待 3 秒
2021-07-29 00:00:48 {"status":"ok","gid":428340,"msg":"添加成功！"}
2021-07-29 00:00:48 下次操作: 2021-07-29 00:01:12

2021-07-29 00:01:12 开始第 13 次操作

2021-07-29 00:01:12 开始操作号码 【1888454】
2021-07-29 00:01:15 GSD getOne 第 1 次 等待 3 秒
2021-07-29 00:01:18 查询号码 【1888454】，返回信息 {"status":"bad","msg":""}
2021-07-29 00:01:18 查询号码 【1888454】，GSD为【""】
2021-07-29 00:01:18 bad
2021-07-29 00:01:20 CHB 1888454?1627488078 第 1 次 等待 3 秒
2021-07-29 00:01:23 CHB 1888454?1627488078 第 1 次 获取到号码【1888454】GSD
2021-07-29 00:01:23 获取到号码【1888454】的GSD为【四川-成都】
2021-07-29 00:01:27 GSD insert 第 1 次 等待 3 秒
2021-07-29 00:01:30 {"status":"ok","gid":428342,"msg":"添加成功！"}
2021-07-29 00:01:30 下次操作: 2021-07-29 00:01:48

2021-07-29 00:01:48 开始第 14 次操作

2021-07-29 00:01:48 开始操作号码 【1888453】
2021-07-29 00:01:52 GSD getOne 第 1 次 等待 3 秒
2021-07-29 00:01:55 查询号码 【1888453】，返回信息 {"status":"bad","msg":""}
2021-07-29 00:01:55 查询号码 【1888453】，GSD为【""】
2021-07-29 00:01:55 bad
2021-07-29 00:01:57 CHB 1888453?1627488115 第 1 次 等待 3 秒
2021-07-29 00:02:00 CHB 1888453?1627488115 第 1 次 获取到号码【1888453】GSD
2021-07-29 00:02:00 获取到号码【1888453】的GSD为【四川-成都】
2021-07-29 00:02:03 GSD insert 第 1 次 等待 3 秒
2021-07-29 00:02:06 {"status":"ok","gid":428346,"msg":"添加成功！"}
2021-07-29 00:02:06 下次操作: 2021-07-29 00:02:24

2021-07-29 00:02:24 开始第 15 次操作

2021-07-29 00:02:24 开始操作号码 【1888452】
2021-07-29 00:02:31 GSD getOne 第 1 次 等待 3 秒
2021-07-29 00:02:34 查询号码 【1888452】，返回信息 {"status":"bad","msg":""}
2021-07-29 00:02:34 查询号码 【1888452】，GSD为【""】
2021-07-29 00:02:34 bad
2021-07-29 00:02:35 CHB 1888452?1627488154 第 1 次 等待 3 秒
2021-07-29 00:02:38 CHB 1888452?1627488154 第 1 次 获取到号码【1888452】GSD
2021-07-29 00:02:38 获取到号码【1888452】的GSD为【四川-成都】
2021-07-29 00:02:44 GSD insert 第 1 次 等待 3 秒
2021-07-29 00:02:47 {"status":"ok","gid":428355,"msg":"添加成功！"}
2021-07-29 00:02:47 下次操作: 2021-07-29 00:03:07

2021-07-29 00:03:07 开始第 16 次操作

2021-07-29 00:03:07 开始操作号码 【1888451】
2021-07-29 00:03:12 GSD getOne 第 1 次 等待 3 秒
2021-07-29 00:03:15 查询号码 【1888451】，返回信息 {"status":"ok","msg":"四川-成都","gid":"44657","time_insert":"2019-06-22 10:49","time_update":"2021-01-22 09:18"}
2021-07-29 00:03:15 查询号码 【1888451】，GSD为【"四川-成都"】

2021-07-29 00:03:15 开始第 16 次操作

2021-07-29 00:03:15 开始操作号码 【1888450】
2021-07-29 00:03:35 GSD getOne 第 1 次 等待 3 秒
2021-07-29 00:03:38 查询号码 【1888450】，返回信息 {"status":"bad","msg":""}
2021-07-29 00:03:38 查询号码 【1888450】，GSD为【""】
2021-07-29 00:03:38 bad
2021-07-29 00:03:41 CHB 1888450?1627488218 第 1 次 等待 3 秒
2021-07-29 00:03:44 CHB 1888450?1627488218 第 1 次 获取到号码【1888450】GSD
2021-07-29 00:03:44 获取到号码【1888450】的GSD为【四川-成都】
2021-07-29 00:03:56 GSD insert 第 1 次 等待 3 秒
2021-07-29 00:03:59 {"status":"ok","gid":428369,"msg":"添加成功！"}
2021-07-29 00:03:59 下次操作: 2021-07-29 00:04:14

2021-07-29 00:04:14 开始第 17 次操作

2021-07-29 00:04:14 开始操作号码 【1888449】
2021-07-29 00:04:25 GSD getOne 第 1 次 等待 3 秒
2021-07-29 00:04:28 查询号码 【1888449】，返回信息 {"status":"bad","msg":""}
2021-07-29 00:04:28 查询号码 【1888449】，GSD为【""】
2021-07-29 00:04:28 bad
2021-07-29 00:04:30 CHB 1888449?1627488268 第 1 次 等待 3 秒
2021-07-29 00:04:33 CHB 1888449?1627488268 第 1 次 获取到号码【1888449】GSD
2021-07-29 00:04:33 获取到号码【1888449】的GSD为【四川-成都】
2021-07-29 00:04:42 GSD insert 第 1 次 等待 3 秒
2021-07-29 00:04:45 {"status":"ok","gid":428377,"msg":"添加成功！"}
2021-07-29 00:04:45 下次操作: 2021-07-29 00:05:02

2021-07-29 00:05:02 开始第 18 次操作

2021-07-29 00:05:02 开始操作号码 【1888448】
2021-07-29 00:05:07 GSD getOne 第 1 次 等待 3 秒
2021-07-29 00:05:10 查询号码 【1888448】，返回信息 {"status":"bad","msg":""}
2021-07-29 00:05:10 查询号码 【1888448】，GSD为【""】
2021-07-29 00:05:10 bad
2021-07-29 00:05:12 CHB 1888448?1627488310 第 1 次 等待 3 秒
2021-07-29 00:05:15 CHB 1888448?1627488310 第 1 次 获取到号码【1888448】GSD
2021-07-29 00:05:15 获取到号码【1888448】的GSD为【四川-成都】
2021-07-29 00:05:18 GSD insert 第 1 次 等待 3 秒
2021-07-29 00:05:21 {"status":"ok","gid":428385,"msg":"添加成功！"}
2021-07-29 00:05:21 下次操作: 2021-07-29 00:05:43

2021-07-29 00:05:43 开始第 19 次操作

2021-07-29 00:05:43 开始操作号码 【1888447】
2021-07-29 00:05:52 GSD getOne 第 1 次 等待 3 秒
2021-07-29 00:05:55 查询号码 【1888447】，返回信息 {"status":"bad","msg":""}
2021-07-29 00:05:55 查询号码 【1888447】，GSD为【""】
2021-07-29 00:05:55 bad
2021-07-29 00:05:57 CHB 1888447?1627488355 第 1 次 等待 3 秒
2021-07-29 00:06:00 CHB 1888447?1627488355 第 1 次 获取到号码【1888447】GSD
2021-07-29 00:06:00 获取到号码【1888447】的GSD为【四川-成都】
2021-07-29 00:06:03 GSD insert 第 1 次 等待 3 秒
2021-07-29 00:06:06 {"status":"ok","gid":428392,"msg":"添加成功！"}
2021-07-29 00:06:06 下次操作: 2021-07-29 00:06:21

2021-07-29 00:06:21 开始第 20 次操作

2021-07-29 00:06:21 开始操作号码 【1888446】
2021-07-29 00:06:24 GSD getOne 第 1 次 等待 3 秒
2021-07-29 00:06:27 查询号码 【1888446】，返回信息 {"status":"bad","msg":""}
2021-07-29 00:06:27 查询号码 【1888446】，GSD为【""】
2021-07-29 00:06:27 bad
2021-07-29 00:06:29 CHB 1888446?1627488387 第 1 次 等待 3 秒
2021-07-29 00:06:32 CHB 1888446?1627488387 第 1 次 获取到号码【1888446】GSD
2021-07-29 00:06:32 获取到号码【1888446】的GSD为【四川-成都】
2021-07-29 00:06:38 GSD insert 第 1 次 等待 3 秒
2021-07-29 00:06:41 {"status":"ok","gid":428399,"msg":"添加成功！"}
2021-07-29 00:06:41 下次操作: 2021-07-29 00:06:58

2021-07-29 00:06:58 开始第 21 次操作

2021-07-29 00:06:58 开始操作号码 【1888445】
2021-07-29 00:07:01 GSD getOne 第 1 次 等待 3 秒
2021-07-29 00:07:04 查询号码 【1888445】，返回信息 {"status":"bad","msg":""}
2021-07-29 00:07:04 查询号码 【1888445】，GSD为【""】
2021-07-29 00:07:04 bad
2021-07-29 00:07:05 CHB 1888445?1627488424 第 1 次 等待 3 秒
2021-07-29 00:07:08 CHB 1888445?1627488424 第 1 次 获取到号码【1888445】GSD
2021-07-29 00:07:09 获取到号码【1888445】的GSD为【四川-成都】
2021-07-29 00:07:14 GSD insert 第 1 次 等待 3 秒
2021-07-29 00:07:17 {"status":"ok","gid":428406,"msg":"添加成功！"}
2021-07-29 00:07:17 下次操作: 2021-07-29 00:07:33

2021-07-29 00:07:33 开始第 22 次操作

2021-07-29 00:07:33 开始操作号码 【1888444】
2021-07-29 00:07:39 GSD getOne 第 1 次 等待 3 秒
2021-07-29 00:07:42 查询号码 【1888444】，返回信息 {"status":"bad","msg":""}
2021-07-29 00:07:42 查询号码 【1888444】，GSD为【""】
2021-07-29 00:07:42 bad
2021-07-29 00:07:44 CHB 1888444?1627488462 第 1 次 等待 3 秒
2021-07-29 00:07:47 CHB 1888444?1627488462 第 1 次 获取到号码【1888444】GSD
2021-07-29 00:07:47 获取到号码【1888444】的GSD为【四川-成都】
2021-07-29 00:07:51 GSD insert 第 1 次 等待 3 秒
2021-07-29 00:07:54 {"status":"ok","gid":428415,"msg":"添加成功！"}
2021-07-29 00:07:54 下次操作: 2021-07-29 00:08:07

2021-07-29 00:08:07 开始第 23 次操作

2021-07-29 00:08:07 开始操作号码 【1888443】
2021-07-29 00:08:14 GSD getOne 第 1 次 等待 3 秒
2021-07-29 00:08:17 查询号码 【1888443】，返回信息 {"status":"bad","msg":""}
2021-07-29 00:08:17 查询号码 【1888443】，GSD为【""】
2021-07-29 00:08:17 bad
2021-07-29 00:08:18 CHB 1888443?1627488497 第 1 次 等待 3 秒
2021-07-29 00:08:21 CHB 1888443?1627488497 第 1 次 获取到号码【1888443】GSD
2021-07-29 00:08:22 获取到号码【1888443】的GSD为【四川-成都】
2021-07-29 00:08:25 GSD insert 第 1 次 等待 3 秒
2021-07-29 00:08:28 {"status":"ok","gid":428421,"msg":"添加成功！"}
2021-07-29 00:08:28 下次操作: 2021-07-29 00:08:51

2021-07-29 00:08:51 开始第 24 次操作

2021-07-29 00:08:51 开始操作号码 【1888442】
2021-07-29 00:08:58 GSD getOne 第 1 次 等待 3 秒
2021-07-29 00:09:01 查询号码 【1888442】，返回信息 {"status":"bad","msg":""}
2021-07-29 00:09:01 查询号码 【1888442】，GSD为【""】
2021-07-29 00:09:01 bad
2021-07-29 00:09:03 CHB 1888442?1627488541 第 1 次 等待 3 秒
2021-07-29 00:09:06 CHB 1888442?1627488541 第 1 次 获取到号码【1888442】GSD
2021-07-29 00:09:06 获取到号码【1888442】的GSD为【四川-成都】
2021-07-29 00:09:13 GSD insert 第 1 次 等待 3 秒
2021-07-29 00:09:16 {"status":"ok","gid":428434,"msg":"添加成功！"}
2021-07-29 00:09:16 下次操作: 2021-07-29 00:09:38

2021-07-29 00:09:38 开始第 25 次操作

2021-07-29 00:09:38 开始操作号码 【1888441】
2021-07-29 00:09:45 GSD getOne 第 1 次 等待 3 秒
2021-07-29 00:09:48 查询号码 【1888441】，返回信息 {"status":"bad","msg":""}
2021-07-29 00:09:48 查询号码 【1888441】，GSD为【""】
2021-07-29 00:09:48 bad
2021-07-29 00:09:50 CHB 1888441?1627488588 第 1 次 等待 3 秒
2021-07-29 00:09:53 CHB 1888441?1627488588 第 1 次 获取到号码【1888441】GSD
2021-07-29 00:09:53 获取到号码【1888441】的GSD为【四川-成都】
2021-07-29 00:09:56 GSD insert 第 1 次 等待 3 秒
2021-07-29 00:09:59 {"status":"ok","gid":428441,"msg":"添加成功！"}
2021-07-29 00:09:59 下次操作: 2021-07-29 00:10:18

2021-07-29 00:10:18 开始第 26 次操作

2021-07-29 00:10:18 开始操作号码 【1888440】
2021-07-29 00:10:22 GSD getOne 第 1 次 等待 3 秒
2021-07-29 00:10:25 查询号码 【1888440】，返回信息 {"status":"bad","msg":""}
2021-07-29 00:10:25 查询号码 【1888440】，GSD为【""】
2021-07-29 00:10:25 bad
2021-07-29 00:10:27 CHB 1888440?1627488625 第 1 次 等待 3 秒
2021-07-29 00:10:30 CHB 1888440?1627488625 第 1 次 获取到号码【1888440】GSD
2021-07-29 00:10:30 未获取到号码【1888440】GSD，查号吧 400 错误
2021-07-29 00:10:30 获取到号码【1888440】的GSD为【-】
2021-07-29 00:10:32 GSD insert 第 1 次 等待 3 秒
2021-07-29 00:10:35 {"status":"ok","gid":428447,"msg":"添加成功！"}
2021-07-29 00:10:35 下次操作: 2021-07-29 00:10:59

2021-07-29 00:10:59 开始第 27 次操作

2021-07-29 00:10:59 开始操作号码 【1888439】
2021-07-29 00:11:06 GSD getOne 第 1 次 等待 3 秒
2021-07-29 00:11:09 查询号码 【1888439】，返回信息 {"status":"bad","msg":""}
2021-07-29 00:11:09 查询号码 【1888439】，GSD为【""】
2021-07-29 00:11:09 bad
2021-07-29 00:11:11 CHB 1888439?1627488669 第 1 次 等待 3 秒
2021-07-29 00:11:14 CHB 1888439?1627488669 第 1 次 获取到号码【1888439】GSD
2021-07-29 00:11:14 获取到号码【1888439】的GSD为【四川-成都】
2021-07-29 00:11:19 GSD insert 第 1 次 等待 3 秒
2021-07-29 00:11:22 {"status":"ok","gid":428457,"msg":"添加成功！"}
2021-07-29 00:11:22 下次操作: 2021-07-29 00:11:41

2021-07-29 00:11:41 开始第 28 次操作

2021-07-29 00:11:41 开始操作号码 【1888438】
2021-07-29 00:11:45 GSD getOne 第 1 次 等待 3 秒
2021-07-29 00:11:48 查询号码 【1888438】，返回信息 {"status":"bad","msg":""}
2021-07-29 00:11:48 查询号码 【1888438】，GSD为【""】
2021-07-29 00:11:48 bad
2021-07-29 00:11:50 CHB 1888438?1627488708 第 1 次 等待 3 秒
2021-07-29 00:11:53 CHB 1888438?1627488708 第 1 次 获取到号码【1888438】GSD
2021-07-29 00:11:53 获取到号码【1888438】的GSD为【四川-成都】
2021-07-29 00:11:57 GSD insert 第 1 次 等待 3 秒
2021-07-29 00:12:00 {"status":"ok","gid":428462,"msg":"添加成功！"}
2021-07-29 00:12:00 下次操作: 2021-07-29 00:12:22

2021-07-29 00:12:22 开始第 29 次操作

2021-07-29 00:12:22 开始操作号码 【1888437】
2021-07-29 00:12:30 GSD getOne 第 1 次 等待 3 秒
2021-07-29 00:12:33 查询号码 【1888437】，返回信息 {"status":"ok","msg":"四川-成都","gid":"44656","time_insert":"2020-04-16 11:23","time_update":"2020-11-14 03:48"}
2021-07-29 00:12:33 查询号码 【1888437】，GSD为【"四川-成都"】

2021-07-29 00:12:33 开始第 29 次操作

2021-07-29 00:12:33 开始操作号码 【1888436】
2021-07-29 00:12:36 GSD getOne 第 1 次 等待 3 秒
2021-07-29 00:12:39 查询号码 【1888436】，返回信息 {"status":"bad","msg":""}
2021-07-29 00:12:39 查询号码 【1888436】，GSD为【""】
2021-07-29 00:12:39 bad
2021-07-29 00:12:41 CHB 1888436?1627488759 第 1 次 等待 3 秒
2021-07-29 00:12:44 CHB 1888436?1627488759 第 1 次 获取到号码【1888436】GSD
2021-07-29 00:12:44 获取到号码【1888436】的GSD为【四川-成都】
2021-07-29 00:12:47 GSD insert 第 1 次 等待 3 秒
2021-07-29 00:12:50 {"status":"ok","gid":428471,"msg":"添加成功！"}
2021-07-29 00:12:50 下次操作: 2021-07-29 00:13:11

2021-07-29 00:13:11 开始第 30 次操作

2021-07-29 00:13:11 开始操作号码 【1888435】
2021-07-29 00:13:16 GSD getOne 第 1 次 等待 3 秒
2021-07-29 00:13:19 查询号码 【1888435】，返回信息 {"status":"bad","msg":""}
2021-07-29 00:13:19 查询号码 【1888435】，GSD为【""】
2021-07-29 00:13:19 bad
2021-07-29 00:13:21 CHB 1888435?1627488799 第 1 次 等待 3 秒
2021-07-29 00:13:24 CHB 1888435?1627488799 第 1 次 获取到号码【1888435】GSD
2021-07-29 00:13:24 获取到号码【1888435】的GSD为【四川-成都】
2021-07-29 00:13:27 GSD insert 第 1 次 等待 3 秒
2021-07-29 00:13:30 {"status":"ok","gid":428480,"msg":"添加成功！"}
2021-07-29 00:13:30 下次操作: 2021-07-29 00:13:43

2021-07-29 00:13:43 开始第 31 次操作

2021-07-29 00:13:43 开始操作号码 【1888434】
2021-07-29 00:13:47 GSD getOne 第 1 次 等待 3 秒
2021-07-29 00:13:50 查询号码 【1888434】，返回信息 {"status":"bad","msg":""}
2021-07-29 00:13:50 查询号码 【1888434】，GSD为【""】
2021-07-29 00:13:50 bad
2021-07-29 00:13:52 CHB 1888434?1627488830 第 1 次 等待 3 秒
2021-07-29 00:13:55 CHB 1888434?1627488830 第 1 次 获取到号码【1888434】GSD
2021-07-29 00:13:55 获取到号码【1888434】的GSD为【四川-成都】
2021-07-29 00:13:58 GSD insert 第 1 次 等待 3 秒
2021-07-29 00:14:01 {"status":"ok","gid":428486,"msg":"添加成功！"}
2021-07-29 00:14:01 下次操作: 2021-07-29 00:14:22

2021-07-29 00:14:22 开始第 32 次操作

2021-07-29 00:14:22 开始操作号码 【1888433】
2021-07-29 00:14:24 GSD getOne 第 1 次 等待 3 秒
2021-07-29 00:14:27 查询号码 【1888433】，返回信息 {"status":"bad","msg":""}
2021-07-29 00:14:28 查询号码 【1888433】，GSD为【""】
2021-07-29 00:14:28 bad
2021-07-29 00:14:29 CHB 1888433?1627488868 第 1 次 等待 3 秒
2021-07-29 00:14:32 CHB 1888433?1627488868 第 1 次 获取到号码【1888433】GSD
2021-07-29 00:14:32 获取到号码【1888433】的GSD为【四川-成都】
2021-07-29 00:14:35 GSD insert 第 1 次 等待 3 秒
2021-07-29 00:14:38 {"status":"ok","gid":428492,"msg":"添加成功！"}
2021-07-29 00:14:38 下次操作: 2021-07-29 00:14:51

2021-07-29 00:14:51 开始第 33 次操作

2021-07-29 00:14:51 开始操作号码 【1888432】
2021-07-29 00:15:00 GSD getOne 第 1 次 等待 3 秒
2021-07-29 00:15:03 查询号码 【1888432】，返回信息 {"status":"ok","msg":"四川-成都","gid":"52109","time_insert":"2021-04-22 14:28"}
2021-07-29 00:15:03 查询号码 【1888432】，GSD为【"四川-成都"】

2021-07-29 00:15:03 开始第 33 次操作

2021-07-29 00:15:03 开始操作号码 【1888431】
2021-07-29 00:15:09 GSD getOne 第 1 次 等待 3 秒
2021-07-29 00:15:12 查询号码 【1888431】，返回信息 {"status":"ok","msg":"四川-成都","gid":"98153","time_insert":"2021-06-15 15:07","time_update":"2021-06-21 18:01"}
2021-07-29 00:15:12 查询号码 【1888431】，GSD为【"四川-成都"】

2021-07-29 00:15:12 开始第 33 次操作

2021-07-29 00:15:12 开始操作号码 【1888430】
2021-07-29 00:15:15 GSD getOne 第 1 次 等待 3 秒
2021-07-29 00:15:18 查询号码 【1888430】，返回信息 {"status":"bad","msg":""}
2021-07-29 00:15:18 查询号码 【1888430】，GSD为【""】
2021-07-29 00:15:18 bad
2021-07-29 00:15:20 CHB 1888430?1627488918 第 1 次 等待 3 秒
2021-07-29 00:15:23 CHB 1888430?1627488918 第 1 次 获取到号码【1888430】GSD
2021-07-29 00:15:23 获取到号码【1888430】的GSD为【四川-成都】
2021-07-29 00:15:29 GSD insert 第 1 次 等待 3 秒
2021-07-29 00:15:32 {"status":"ok","gid":428503,"msg":"添加成功！"}
2021-07-29 00:15:32 下次操作: 2021-07-29 00:15:51

2021-07-29 00:15:52 开始第 34 次操作

2021-07-29 00:15:52 开始操作号码 【1888429】
2021-07-29 00:16:04 GSD getOne 第 1 次 等待 3 秒
2021-07-29 00:16:07 查询号码 【1888429】，返回信息 {"status":"ok","msg":"四川-成都","gid":"44655","time_insert":"2020-07-30 21:51","time_update":"2020-11-14 03:44"}
2021-07-29 00:16:07 查询号码 【1888429】，GSD为【"四川-成都"】

2021-07-29 00:16:07 开始第 34 次操作

2021-07-29 00:16:07 开始操作号码 【1888428】
2021-07-29 00:16:16 GSD getOne 第 1 次 等待 3 秒
2021-07-29 00:16:19 查询号码 【1888428】，返回信息 {"status":"bad","msg":""}
2021-07-29 00:16:19 查询号码 【1888428】，GSD为【""】
2021-07-29 00:16:19 bad
2021-07-29 00:16:21 CHB 1888428?1627488979 第 1 次 等待 3 秒
2021-07-29 00:16:24 CHB 1888428?1627488979 第 1 次 获取到号码【1888428】GSD
2021-07-29 00:16:24 获取到号码【1888428】的GSD为【四川-成都】
2021-07-29 00:16:32 GSD insert 第 1 次 等待 3 秒
2021-07-29 00:16:35 {"status":"ok","gid":428514,"msg":"添加成功！"}
2021-07-29 00:16:35 下次操作: 2021-07-29 00:16:57

2021-07-29 00:16:57 开始第 35 次操作

2021-07-29 00:16:57 开始操作号码 【1888427】
2021-07-29 00:17:01 GSD getOne 第 1 次 等待 3 秒
2021-07-29 00:17:04 查询号码 【1888427】，返回信息 {"status":"bad","msg":""}
2021-07-29 00:17:04 查询号码 【1888427】，GSD为【""】
2021-07-29 00:17:04 bad
2021-07-29 00:17:06 CHB 1888427?1627489024 第 1 次 等待 3 秒
2021-07-29 00:17:09 CHB 1888427?1627489024 第 1 次 获取到号码【1888427】GSD
2021-07-29 00:17:09 获取到号码【1888427】的GSD为【四川-成都】
2021-07-29 00:17:14 GSD insert 第 1 次 等待 3 秒
2021-07-29 00:17:17 {"status":"ok","gid":428524,"msg":"添加成功！"}
2021-07-29 00:17:17 下次操作: 2021-07-29 00:17:36

2021-07-29 00:17:36 开始第 36 次操作

2021-07-29 00:17:36 开始操作号码 【1888426】
2021-07-29 00:17:40 GSD getOne 第 1 次 等待 3 秒
2021-07-29 00:17:43 查询号码 【1888426】，返回信息 {"status":"ok","msg":"四川-成都","gid":"44654","time_insert":"2020-03-08 09:43","time_update":"2020-11-14 03:41"}
2021-07-29 00:17:43 查询号码 【1888426】，GSD为【"四川-成都"】

2021-07-29 00:17:43 开始第 36 次操作

2021-07-29 00:17:43 开始操作号码 【1888425】
2021-07-29 00:17:46 GSD getOne 第 1 次 等待 3 秒
2021-07-29 00:17:49 查询号码 【1888425】，返回信息 {"status":"bad","msg":""}
2021-07-29 00:17:49 查询号码 【1888425】，GSD为【""】
2021-07-29 00:17:49 bad
2021-07-29 00:17:51 CHB 1888425?1627489069 第 1 次 等待 3 秒
2021-07-29 00:17:54 CHB 1888425?1627489069 第 1 次 获取到号码【1888425】GSD
2021-07-29 00:17:54 获取到号码【1888425】的GSD为【四川-成都】
2021-07-29 00:17:57 GSD insert 第 1 次 等待 3 秒
2021-07-29 00:18:00 {"status":"ok","gid":428533,"msg":"添加成功！"}
2021-07-29 00:18:00 下次操作: 2021-07-29 00:18:24

2021-07-29 00:18:24 开始第 37 次操作

2021-07-29 00:18:24 开始操作号码 【1888424】
2021-07-29 00:18:27 GSD getOne 第 1 次 等待 3 秒
2021-07-29 00:18:30 查询号码 【1888424】，返回信息 {"status":"bad","msg":""}
2021-07-29 00:18:30 查询号码 【1888424】，GSD为【""】
2021-07-29 00:18:30 bad
2021-07-29 00:18:32 CHB 1888424?1627489110 第 1 次 等待 3 秒
2021-07-29 00:18:35 CHB 1888424?1627489110 第 1 次 获取到号码【1888424】GSD
2021-07-29 00:18:35 获取到号码【1888424】的GSD为【四川-成都】
2021-07-29 00:18:38 GSD insert 第 1 次 等待 3 秒
2021-07-29 00:18:41 {"status":"ok","gid":428539,"msg":"添加成功！"}
2021-07-29 00:18:41 下次操作: 2021-07-29 00:19:02

2021-07-29 00:19:02 开始第 38 次操作

2021-07-29 00:19:02 开始操作号码 【1888423】
2021-07-29 00:19:08 GSD getOne 第 1 次 等待 3 秒
2021-07-29 00:19:11 查询号码 【1888423】，返回信息 {"status":"ok","msg":"四川-成都","gid":"94871","time_insert":"2021-06-13 15:29","time_update":"2021-06-21 17:49"}
2021-07-29 00:19:11 查询号码 【1888423】，GSD为【"四川-成都"】

2021-07-29 00:19:11 开始第 38 次操作

2021-07-29 00:19:11 开始操作号码 【1888422】
2021-07-29 00:19:14 GSD getOne 第 1 次 等待 3 秒
2021-07-29 00:19:17 查询号码 【1888422】，返回信息 {"status":"bad","msg":""}
2021-07-29 00:19:17 查询号码 【1888422】，GSD为【""】
2021-07-29 00:19:17 bad
2021-07-29 00:19:19 CHB 1888422?1627489157 第 1 次 等待 3 秒
2021-07-29 00:19:22 CHB 1888422?1627489157 第 1 次 获取到号码【1888422】GSD
2021-07-29 00:19:22 获取到号码【1888422】的GSD为【四川-成都】
2021-07-29 00:19:25 GSD insert 第 1 次 等待 3 秒
2021-07-29 00:19:28 {"status":"ok","gid":428547,"msg":"添加成功！"}
2021-07-29 00:19:28 下次操作: 2021-07-29 00:19:49

2021-07-29 00:19:49 开始第 39 次操作

2021-07-29 00:19:49 开始操作号码 【1888421】
2021-07-29 00:19:55 GSD getOne 第 1 次 等待 3 秒
2021-07-29 00:19:58 查询号码 【1888421】，返回信息 {"status":"ok","msg":"四川-成都","gid":"44653","time_insert":"2020-05-06 17:30","time_update":"2020-11-14 03:40"}
2021-07-29 00:19:58 查询号码 【1888421】，GSD为【"四川-成都"】

2021-07-29 00:19:58 开始第 39 次操作

2021-07-29 00:19:58 开始操作号码 【1888420】
2021-07-29 00:20:03 GSD getOne 第 1 次 等待 3 秒
2021-07-29 00:20:06 查询号码 【1888420】，返回信息 {"status":"bad","msg":""}
2021-07-29 00:20:06 查询号码 【1888420】，GSD为【""】
2021-07-29 00:20:06 bad
2021-07-29 00:20:08 CHB 1888420?1627489206 第 1 次 等待 3 秒
2021-07-29 00:20:11 CHB 1888420?1627489206 第 1 次 获取到号码【1888420】GSD
2021-07-29 00:20:11 获取到号码【1888420】的GSD为【四川-成都】
2021-07-29 00:20:29 GSD insert 第 1 次 等待 3 秒
2021-07-29 00:20:32 {"status":"ok","gid":428555,"msg":"添加成功！"}
2021-07-29 00:20:32 下次操作: 2021-07-29 00:20:46

2021-07-29 00:20:46 开始第 40 次操作

2021-07-29 00:20:46 开始操作号码 【1888419】
2021-07-29 00:20:54 GSD getOne 第 1 次 等待 3 秒
2021-07-29 00:20:57 查询号码 【1888419】，返回信息 {"status":"ok","msg":"四川-成都","gid":"44652","time_insert":"2018-09-21 06:52","time_update":"2020-11-14 03:35"}
2021-07-29 00:20:57 查询号码 【1888419】，GSD为【"四川-成都"】

2021-07-29 00:20:57 开始第 40 次操作

2021-07-29 00:20:57 开始操作号码 【1888418】
2021-07-29 00:21:00 GSD getOne 第 1 次 等待 3 秒
2021-07-29 00:21:03 查询号码 【1888418】，返回信息 {"status":"bad","msg":""}
2021-07-29 00:21:03 查询号码 【1888418】，GSD为【""】
2021-07-29 00:21:03 bad
2021-07-29 00:21:04 CHB 1888418?1627489263 第 1 次 等待 3 秒
2021-07-29 00:21:07 CHB 1888418?1627489263 第 1 次 获取到号码【1888418】GSD
2021-07-29 00:21:07 获取到号码【1888418】的GSD为【四川-成都】
2021-07-29 00:21:11 GSD insert 第 1 次 等待 3 秒
2021-07-29 00:21:14 {"status":"ok","gid":428560,"msg":"添加成功！"}

2021-07-29 01:03:57 开始第 1 次操作

2021-07-29 01:03:57 开始操作号码 【1888417】
2021-07-29 01:04:03 GSD getOne 第 1 次 等待 3 秒
2021-07-29 01:04:06 查询号码 【1888417】，返回信息 {"status":"bad","msg":""}
2021-07-29 01:04:06 查询号码 【1888417】，GSD为【""】
2021-07-29 01:04:06 bad
2021-07-29 01:04:08 CHB 1888417?1627491846 第 1 次 等待 3 秒
2021-07-29 01:04:11 CHB 1888417?1627491846 第 1 次 获取到号码【1888417】GSD
2021-07-29 01:04:11 获取到号码【1888417】的GSD为【四川-成都】
2021-07-29 01:04:50 GSD insert 第 1 次 等待 3 秒
2021-07-29 01:04:53 {"status":"ok","gid":428669,"msg":"添加成功！"}
2021-07-29 01:04:53 下次操作: 2021-07-29 01:05:09

2021-07-29 01:05:09 开始第 2 次操作

2021-07-29 01:05:09 开始操作号码 【1888416】
2021-07-29 01:05:12 GSD getOne 第 1 次 等待 3 秒
2021-07-29 01:05:15 查询号码 【1888416】，返回信息 {"status":"bad","msg":""}
2021-07-29 01:05:16 查询号码 【1888416】，GSD为【""】
2021-07-29 01:05:16 bad
2021-07-29 01:05:17 CHB 1888416?1627491916 第 1 次 等待 3 秒
2021-07-29 01:05:20 CHB 1888416?1627491916 第 1 次 获取到号码【1888416】GSD
2021-07-29 01:05:20 获取到号码【1888416】的GSD为【四川-成都】
2021-07-29 01:05:23 GSD insert 第 1 次 等待 3 秒
2021-07-29 01:05:26 {"status":"ok","gid":428675,"msg":"添加成功！"}
2021-07-29 01:05:26 下次操作: 2021-07-29 01:05:44

2021-07-29 01:05:44 开始第 3 次操作

2021-07-29 01:05:44 开始操作号码 【1888415】
2021-07-29 01:05:48 GSD getOne 第 1 次 等待 3 秒
2021-07-29 01:05:51 查询号码 【1888415】，返回信息 {"status":"ok","msg":"四川-成都","gid":"44651","time_insert":"2019-11-11 21:54","time_update":"2020-11-14 03:31"}
2021-07-29 01:05:51 查询号码 【1888415】，GSD为【"四川-成都"】

2021-07-29 01:05:51 开始第 3 次操作

2021-07-29 01:05:51 开始操作号码 【1888414】
2021-07-29 01:05:57 GSD getOne 第 1 次 等待 3 秒
2021-07-29 01:06:00 查询号码 【1888414】，返回信息 {"status":"bad","msg":""}
2021-07-29 01:06:00 查询号码 【1888414】，GSD为【""】
2021-07-29 01:06:00 bad
2021-07-29 01:06:01 CHB 1888414?1627491960 第 1 次 等待 3 秒
2021-07-29 01:06:04 CHB 1888414?1627491960 第 1 次 获取到号码【1888414】GSD
2021-07-29 01:06:05 获取到号码【1888414】的GSD为【四川-成都】
2021-07-29 01:06:08 GSD insert 第 1 次 等待 3 秒
2021-07-29 01:06:11 {"status":"ok","gid":428682,"msg":"添加成功！"}
2021-07-29 01:06:11 下次操作: 2021-07-29 01:06:33

2021-07-29 01:06:33 开始第 4 次操作

2021-07-29 01:06:33 开始操作号码 【1888413】
2021-07-29 01:06:39 GSD getOne 第 1 次 等待 3 秒
2021-07-29 01:06:42 查询号码 【1888413】，返回信息 {"status":"bad","msg":""}
2021-07-29 01:06:42 查询号码 【1888413】，GSD为【""】
2021-07-29 01:06:42 bad
2021-07-29 01:06:44 CHB 1888413?1627492002 第 1 次 等待 3 秒
2021-07-29 01:06:47 CHB 1888413?1627492002 第 1 次 获取到号码【1888413】GSD
2021-07-29 01:06:47 获取到号码【1888413】的GSD为【四川-成都】
2021-07-29 01:06:50 GSD insert 第 1 次 等待 3 秒
2021-07-29 01:06:53 {"status":"ok","gid":428690,"msg":"添加成功！"}
2021-07-29 01:06:53 下次操作: 2021-07-29 01:07:14

2021-07-29 01:07:14 开始第 5 次操作

2021-07-29 01:07:14 开始操作号码 【1888412】
2021-07-29 01:08:21 GSD getOne 第 1 次 等待 3 秒
2021-07-29 01:08:24 查询号码 【1888412】，返回信息 {"status":"bad","msg":""}
2021-07-29 01:08:24 查询号码 【1888412】，GSD为【""】
2021-07-29 01:08:24 bad
2021-07-29 01:08:26 CHB 1888412?1627492104 第 1 次 等待 3 秒
2021-07-29 01:08:29 CHB 1888412?1627492104 第 1 次 获取到号码【1888412】GSD
2021-07-29 01:08:29 获取到号码【1888412】的GSD为【四川-成都】
2021-07-29 01:08:32 GSD insert 第 1 次 等待 3 秒
2021-07-29 01:08:35 {"status":"ok","gid":428707,"msg":"添加成功！"}
2021-07-29 01:08:35 下次操作: 2021-07-29 01:08:57

2021-07-29 01:08:57 开始第 6 次操作

2021-07-29 01:08:57 开始操作号码 【1888411】
2021-07-29 01:09:00 GSD getOne 第 1 次 等待 3 秒
2021-07-29 01:09:03 查询号码 【1888411】，返回信息 {"status":"bad","msg":""}
2021-07-29 01:09:03 查询号码 【1888411】，GSD为【""】
2021-07-29 01:09:03 bad
2021-07-29 01:09:05 CHB 1888411?1627492143 第 1 次 等待 3 秒
2021-07-29 01:09:08 CHB 1888411?1627492143 第 1 次 获取到号码【1888411】GSD
2021-07-29 01:09:08 获取到号码【1888411】的GSD为【四川-成都】
2021-07-29 01:09:11 GSD insert 第 1 次 等待 3 秒
2021-07-29 01:09:14 {"status":"ok","gid":428717,"msg":"添加成功！"}
2021-07-29 01:09:14 下次操作: 2021-07-29 01:09:35

2021-07-29 01:09:35 开始第 7 次操作

2021-07-29 01:09:35 开始操作号码 【1888410】
2021-07-29 01:09:39 GSD getOne 第 1 次 等待 3 秒
2021-07-29 01:09:42 查询号码 【1888410】，返回信息 {"status":"bad","msg":""}
2021-07-29 01:09:42 查询号码 【1888410】，GSD为【""】
2021-07-29 01:09:42 bad
2021-07-29 01:09:44 CHB 1888410?1627492182 第 1 次 等待 3 秒
2021-07-29 01:09:47 CHB 1888410?1627492182 第 1 次 获取到号码【1888410】GSD
2021-07-29 01:09:47 获取到号码【1888410】的GSD为【四川-成都】
2021-07-29 01:09:54 GSD insert 第 1 次 等待 3 秒
2021-07-29 01:09:57 {"status":"ok","gid":428725,"msg":"添加成功！"}
2021-07-29 01:09:57 下次操作: 2021-07-29 01:10:19

2021-07-29 01:10:19 开始第 8 次操作

2021-07-29 01:10:19 开始操作号码 【1888409】
2021-07-29 01:10:22 GSD getOne 第 1 次 等待 3 秒
2021-07-29 01:10:25 查询号码 【1888409】，返回信息 {"status":"bad","msg":""}
2021-07-29 01:10:25 查询号码 【1888409】，GSD为【""】
2021-07-29 01:10:25 bad
2021-07-29 01:10:26 CHB 1888409?1627492225 第 1 次 等待 3 秒
2021-07-29 01:10:29 CHB 1888409?1627492225 第 1 次 获取到号码【1888409】GSD
2021-07-29 01:10:30 获取到号码【1888409】的GSD为【四川-成都】
2021-07-29 01:10:32 GSD insert 第 1 次 等待 3 秒
2021-07-29 01:10:35 {"status":"ok","gid":428733,"msg":"添加成功！"}
2021-07-29 01:10:35 下次操作: 2021-07-29 01:10:58

2021-07-29 01:10:58 开始第 9 次操作

2021-07-29 01:10:58 开始操作号码 【1888408】
2021-07-29 01:11:04 GSD getOne 第 1 次 等待 3 秒
2021-07-29 01:11:07 查询号码 【1888408】，返回信息 {"status":"bad","msg":""}
2021-07-29 01:11:07 查询号码 【1888408】，GSD为【""】
2021-07-29 01:11:07 bad
2021-07-29 01:11:09 CHB 1888408?1627492267 第 1 次 等待 3 秒
2021-07-29 01:11:12 CHB 1888408?1627492267 第 1 次 获取到号码【1888408】GSD
2021-07-29 01:11:12 获取到号码【1888408】的GSD为【四川-成都】
2021-07-29 01:11:16 GSD insert 第 1 次 等待 3 秒
2021-07-29 01:11:19 {"status":"ok","gid":428741,"msg":"添加成功！"}
2021-07-29 01:11:19 下次操作: 2021-07-29 01:11:32

2021-07-29 01:11:32 开始第 10 次操作

2021-07-29 01:11:32 开始操作号码 【1888407】
2021-07-29 01:11:35 GSD getOne 第 1 次 等待 3 秒
2021-07-29 01:11:38 查询号码 【1888407】，返回信息 {"status":"bad","msg":""}
2021-07-29 01:11:38 查询号码 【1888407】，GSD为【""】
2021-07-29 01:11:38 bad
2021-07-29 01:11:39 CHB 1888407?1627492298 第 1 次 等待 3 秒
2021-07-29 01:11:42 CHB 1888407?1627492298 第 1 次 获取到号码【1888407】GSD
2021-07-29 01:11:42 获取到号码【1888407】的GSD为【四川-成都】
2021-07-29 01:11:52 GSD insert 第 1 次 等待 3 秒
2021-07-29 01:11:56 {"status":"ok","gid":428747,"msg":"添加成功！"}
2021-07-29 01:11:56 下次操作: 2021-07-29 01:12:11

2021-07-29 01:12:11 开始第 11 次操作

2021-07-29 01:12:11 开始操作号码 【1888406】
2021-07-29 01:12:13 GSD getOne 第 1 次 等待 3 秒
2021-07-29 01:12:16 查询号码 【1888406】，返回信息 {"status":"bad","msg":""}
2021-07-29 01:12:16 查询号码 【1888406】，GSD为【""】
2021-07-29 01:12:16 bad
2021-07-29 01:12:18 CHB 1888406?1627492336 第 1 次 等待 3 秒
2021-07-29 01:12:21 CHB 1888406?1627492336 第 1 次 获取到号码【1888406】GSD
2021-07-29 01:12:21 获取到号码【1888406】的GSD为【四川-成都】
2021-07-29 01:12:24 GSD insert 第 1 次 等待 3 秒
2021-07-29 01:12:27 {"status":"ok","gid":428752,"msg":"添加成功！"}
2021-07-29 01:12:27 下次操作: 2021-07-29 01:12:50

2021-07-29 01:12:50 开始第 12 次操作

2021-07-29 01:12:50 开始操作号码 【1888405】
2021-07-29 01:12:55 GSD getOne 第 1 次 等待 3 秒
2021-07-29 01:12:58 查询号码 【1888405】，返回信息 {"status":"bad","msg":""}
2021-07-29 01:12:58 查询号码 【1888405】，GSD为【""】
2021-07-29 01:12:58 bad
2021-07-29 01:13:00 CHB 1888405?1627492378 第 1 次 等待 3 秒
2021-07-29 01:13:03 CHB 1888405?1627492378 第 1 次 获取到号码【1888405】GSD
2021-07-29 01:13:03 获取到号码【1888405】的GSD为【四川-成都】
2021-07-29 01:13:13 GSD insert 第 1 次 等待 3 秒
2021-07-29 01:13:16 {"status":"ok","gid":428759,"msg":"添加成功！"}
2021-07-29 01:13:16 下次操作: 2021-07-29 01:13:30

2021-07-29 01:13:30 开始第 13 次操作

2021-07-29 01:13:30 开始操作号码 【1888404】
2021-07-29 01:13:35 GSD getOne 第 1 次 等待 3 秒
2021-07-29 01:13:38 查询号码 【1888404】，返回信息 {"status":"ok","msg":"四川-成都","gid":"44650","time_insert":"2020-05-15 01:51","time_update":"2020-11-14 03:26"}
2021-07-29 01:13:38 查询号码 【1888404】，GSD为【"四川-成都"】

2021-07-29 01:13:38 开始第 13 次操作

2021-07-29 01:13:38 开始操作号码 【1888403】
2021-07-29 01:13:41 GSD getOne 第 1 次 等待 3 秒
2021-07-29 01:13:44 查询号码 【1888403】，返回信息 {"status":"bad","msg":""}
2021-07-29 01:13:44 查询号码 【1888403】，GSD为【""】
2021-07-29 01:13:44 bad
2021-07-29 01:13:46 CHB 1888403?1627492424 第 1 次 等待 3 秒
2021-07-29 01:13:49 CHB 1888403?1627492424 第 1 次 获取到号码【1888403】GSD
2021-07-29 01:13:49 获取到号码【1888403】的GSD为【四川-成都】
2021-07-29 01:14:02 GSD insert 第 1 次 等待 3 秒
2021-07-29 01:14:05 {"status":"ok","gid":428769,"msg":"添加成功！"}
2021-07-29 01:14:05 下次操作: 2021-07-29 01:14:21

2021-07-29 01:14:21 开始第 14 次操作

2021-07-29 01:14:21 开始操作号码 【1888402】
2021-07-29 01:14:27 GSD getOne 第 1 次 等待 3 秒
2021-07-29 01:14:30 查询号码 【1888402】，返回信息 {"status":"ok","msg":"四川-成都","gid":"44649","time_insert":"2018-04-25 15:33","time_update":"2020-11-14 03:22"}
2021-07-29 01:14:30 查询号码 【1888402】，GSD为【"四川-成都"】

2021-07-29 01:14:30 开始第 14 次操作

2021-07-29 01:14:30 开始操作号码 【1888401】
2021-07-29 01:14:35 GSD getOne 第 1 次 等待 3 秒
2021-07-29 01:14:38 查询号码 【1888401】，返回信息 {"status":"bad","msg":""}
2021-07-29 01:14:38 查询号码 【1888401】，GSD为【""】
2021-07-29 01:14:38 bad
2021-07-29 01:14:39 CHB 1888401?1627492478 第 1 次 等待 3 秒
2021-07-29 01:14:42 CHB 1888401?1627492478 第 1 次 获取到号码【1888401】GSD
2021-07-29 01:14:42 获取到号码【1888401】的GSD为【四川-成都】
2021-07-29 01:14:49 GSD insert 第 1 次 等待 3 秒
2021-07-29 01:14:52 {"status":"ok","gid":428776,"msg":"添加成功！"}
2021-07-29 01:14:52 下次操作: 2021-07-29 01:15:13

2021-07-29 01:15:13 开始第 15 次操作

2021-07-29 01:15:13 开始操作号码 【1888400】
2021-07-29 01:15:16 GSD getOne 第 1 次 等待 3 秒
2021-07-29 01:15:19 查询号码 【1888400】，返回信息 {"status":"bad","msg":""}
2021-07-29 01:15:19 查询号码 【1888400】，GSD为【""】
2021-07-29 01:15:19 bad
2021-07-29 01:15:21 CHB 1888400?1627492519 第 1 次 等待 3 秒
2021-07-29 01:15:24 CHB 1888400?1627492519 第 1 次 获取到号码【1888400】GSD
2021-07-29 01:15:24 获取到号码【1888400】的GSD为【四川-成都】
2021-07-29 01:15:28 GSD insert 第 1 次 等待 3 秒
2021-07-29 01:15:31 {"status":"ok","gid":428785,"msg":"添加成功！"}
2021-07-29 01:15:31 下次操作: 2021-07-29 01:15:46

2021-07-29 01:15:46 开始第 16 次操作

2021-07-29 01:15:46 开始操作号码 【1888399】
2021-07-29 01:15:49 GSD getOne 第 1 次 等待 3 秒
2021-07-29 01:15:52 查询号码 【1888399】，返回信息 {"status":"bad","msg":""}
2021-07-29 01:15:52 查询号码 【1888399】，GSD为【""】
2021-07-29 01:15:52 bad
2021-07-29 01:15:53 CHB 1888399?1627492552 第 1 次 等待 3 秒
2021-07-29 01:15:56 CHB 1888399?1627492552 第 1 次 获取到号码【1888399】GSD
2021-07-29 01:15:56 获取到号码【1888399】的GSD为【重庆-重庆】
2021-07-29 01:16:00 GSD insert 第 1 次 等待 3 秒
2021-07-29 01:16:03 {"status":"ok","gid":428793,"msg":"添加成功！"}
2021-07-29 01:16:03 下次操作: 2021-07-29 01:16:23

2021-07-29 01:16:23 开始第 17 次操作

2021-07-29 01:16:23 开始操作号码 【1888398】
2021-07-29 01:17:02 GSD getOne 第 1 次 等待 3 秒
2021-07-29 01:17:05 查询号码 【1888398】，返回信息 {"status":"bad","msg":""}
2021-07-29 01:17:05 查询号码 【1888398】，GSD为【""】
2021-07-29 01:17:05 bad
2021-07-29 01:17:06 CHB 1888398?1627492625 第 1 次 等待 3 秒
2021-07-29 01:17:09 CHB 1888398?1627492625 第 1 次 获取到号码【1888398】GSD
2021-07-29 01:17:09 获取到号码【1888398】的GSD为【重庆-重庆】
2021-07-29 01:17:12 GSD insert 第 1 次 等待 3 秒
2021-07-29 01:17:15 {"status":"ok","gid":428803,"msg":"添加成功！"}
2021-07-29 01:17:15 下次操作: 2021-07-29 01:17:32

2021-07-29 01:17:32 开始第 18 次操作

2021-07-29 01:17:32 开始操作号码 【1888397】
2021-07-29 01:17:37 GSD getOne 第 1 次 等待 3 秒
2021-07-29 01:17:40 查询号码 【1888397】，返回信息 {"status":"ok","msg":"重庆-重庆","gid":"44648","time_insert":"2016-04-14 11:29","time_update":"2021-01-19 23:00"}
2021-07-29 01:17:40 查询号码 【1888397】，GSD为【"重庆-重庆"】

2021-07-29 01:17:40 开始第 18 次操作

2021-07-29 01:17:40 开始操作号码 【1888396】
2021-07-29 01:17:45 GSD getOne 第 1 次 等待 3 秒
2021-07-29 01:17:48 查询号码 【1888396】，返回信息 {"status":"bad","msg":""}
2021-07-29 01:17:48 查询号码 【1888396】，GSD为【""】
2021-07-29 01:17:48 bad
2021-07-29 01:17:50 CHB 1888396?1627492668 第 1 次 等待 3 秒
2021-07-29 01:17:53 CHB 1888396?1627492668 第 1 次 获取到号码【1888396】GSD
2021-07-29 01:17:53 获取到号码【1888396】的GSD为【重庆-重庆】
2021-07-29 01:17:56 GSD insert 第 1 次 等待 3 秒
2021-07-29 01:17:59 {"status":"ok","gid":428810,"msg":"添加成功！"}
2021-07-29 01:17:59 下次操作: 2021-07-29 01:18:19

2021-07-29 01:18:19 开始第 19 次操作

2021-07-29 01:18:19 开始操作号码 【1888395】
2021-07-29 01:18:24 GSD getOne 第 1 次 等待 3 秒
2021-07-29 01:18:27 查询号码 【1888395】，返回信息 {"status":"bad","msg":""}
2021-07-29 01:18:28 查询号码 【1888395】，GSD为【""】
2021-07-29 01:18:28 bad
2021-07-29 01:18:29 CHB 1888395?1627492708 第 1 次 等待 3 秒
2021-07-29 01:18:32 CHB 1888395?1627492708 第 1 次 获取到号码【1888395】GSD
2021-07-29 01:18:32 获取到号码【1888395】的GSD为【重庆-重庆】
2021-07-29 01:18:36 GSD insert 第 1 次 等待 3 秒
2021-07-29 01:18:39 {"status":"ok","gid":428819,"msg":"添加成功！"}
2021-07-29 01:18:39 下次操作: 2021-07-29 01:18:52

2021-07-29 01:18:52 开始第 20 次操作

2021-07-29 01:18:52 开始操作号码 【1888394】
2021-07-29 01:18:55 GSD getOne 第 1 次 等待 3 秒
2021-07-29 01:18:58 查询号码 【1888394】，返回信息 {"status":"ok","msg":"重庆-重庆","gid":"44647","time_insert":"2017-06-10 13:20","time_update":"2021-01-19 22:53"}
2021-07-29 01:18:58 查询号码 【1888394】，GSD为【"重庆-重庆"】

2021-07-29 01:18:58 开始第 20 次操作

2021-07-29 01:18:58 开始操作号码 【1888393】
2021-07-29 01:19:01 GSD getOne 第 1 次 等待 3 秒
2021-07-29 01:19:04 查询号码 【1888393】，返回信息 {"status":"ok","msg":"重庆-重庆","gid":"44646","time_insert":"2018-08-11 21:25","time_update":"2021-01-19 22:47"}
2021-07-29 01:19:04 查询号码 【1888393】，GSD为【"重庆-重庆"】

2021-07-29 01:19:04 开始第 20 次操作

2021-07-29 01:19:04 开始操作号码 【1888392】
2021-07-29 01:19:08 GSD getOne 第 1 次 等待 3 秒
2021-07-29 01:19:11 查询号码 【1888392】，返回信息 {"status":"ok","msg":"重庆-重庆","gid":"44645","time_insert":"2018-03-15 11:55","time_update":"2021-01-19 22:39"}
2021-07-29 01:19:11 查询号码 【1888392】，GSD为【"重庆-重庆"】

2021-07-29 01:19:11 开始第 20 次操作

2021-07-29 01:19:11 开始操作号码 【1888391】
2021-07-29 01:19:14 GSD getOne 第 1 次 等待 3 秒
2021-07-29 01:19:17 查询号码 【1888391】，返回信息 {"status":"ok","msg":"重庆-重庆","gid":"44644","time_insert":"2017-04-09 21:23","time_update":"2021-01-19 22:32"}
2021-07-29 01:19:17 查询号码 【1888391】，GSD为【"重庆-重庆"】

2021-07-29 01:19:18 开始第 20 次操作

2021-07-29 01:19:18 开始操作号码 【1888390】
2021-07-29 01:19:23 GSD getOne 第 1 次 等待 3 秒
2021-07-29 01:19:26 查询号码 【1888390】，返回信息 {"status":"bad","msg":""}
2021-07-29 01:19:26 查询号码 【1888390】，GSD为【""】
2021-07-29 01:19:26 bad
2021-07-29 01:19:28 CHB 1888390?1627492766 第 1 次 等待 3 秒
2021-07-29 01:19:31 CHB 1888390?1627492766 第 1 次 获取到号码【1888390】GSD
2021-07-29 01:19:31 获取到号码【1888390】的GSD为【重庆-重庆】
2021-07-29 01:19:34 GSD insert 第 1 次 等待 3 秒
2021-07-29 01:19:37 {"status":"ok","gid":428828,"msg":"添加成功！"}
2021-07-29 01:19:37 下次操作: 2021-07-29 01:19:59

2021-07-29 01:19:59 开始第 21 次操作

2021-07-29 01:19:59 开始操作号码 【1888389】
2021-07-29 01:20:02 GSD getOne 第 1 次 等待 3 秒
2021-07-29 01:20:05 查询号码 【1888389】，返回信息 {"status":"ok","msg":"重庆-重庆","gid":"44643","time_insert":"2016-12-20 13:51","time_update":"2021-01-19 22:24"}
2021-07-29 01:20:05 查询号码 【1888389】，GSD为【"重庆-重庆"】

2021-07-29 01:20:05 开始第 21 次操作

2021-07-29 01:20:05 开始操作号码 【1888388】
2021-07-29 01:20:09 GSD getOne 第 1 次 等待 3 秒
2021-07-29 01:20:12 查询号码 【1888388】，返回信息 {"status":"ok","msg":"重庆-重庆","gid":"52729","time_insert":"2021-04-27 23:57"}
2021-07-29 01:20:12 查询号码 【1888388】，GSD为【"重庆-重庆"】

2021-07-29 01:20:12 开始第 21 次操作

2021-07-29 01:20:12 开始操作号码 【1888387】
2021-07-29 01:20:15 GSD getOne 第 1 次 等待 3 秒
2021-07-29 01:20:18 查询号码 【1888387】，返回信息 {"status":"ok","msg":"重庆-重庆","gid":"44642","time_insert":"2017-03-15 23:02","time_update":"2021-01-19 22:17"}
2021-07-29 01:20:18 查询号码 【1888387】，GSD为【"重庆-重庆"】

2021-07-29 01:20:18 开始第 21 次操作

2021-07-29 01:20:18 开始操作号码 【1888386】
2021-07-29 01:20:21 GSD getOne 第 1 次 等待 3 秒
2021-07-29 01:20:24 查询号码 【1888386】，返回信息 {"status":"bad","msg":""}
2021-07-29 01:20:24 查询号码 【1888386】，GSD为【""】
2021-07-29 01:20:24 bad
2021-07-29 01:20:25 CHB 1888386?1627492824 第 1 次 等待 3 秒
2021-07-29 01:20:28 CHB 1888386?1627492824 第 1 次 获取到号码【1888386】GSD
2021-07-29 01:20:28 获取到号码【1888386】的GSD为【重庆-重庆】
2021-07-29 01:20:32 GSD insert 第 1 次 等待 3 秒
2021-07-29 01:20:35 {"status":"ok","gid":428841,"msg":"添加成功！"}
2021-07-29 01:20:35 下次操作: 2021-07-29 01:20:47

2021-07-29 01:20:47 开始第 22 次操作

2021-07-29 01:20:47 开始操作号码 【1888385】
2021-07-29 01:20:51 GSD getOne 第 1 次 等待 3 秒
2021-07-29 01:20:54 查询号码 【1888385】，返回信息 {"status":"ok","msg":"重庆-重庆","gid":"44641","time_insert":"2017-03-21 20:07","time_update":"2021-01-19 22:10"}
2021-07-29 01:20:54 查询号码 【1888385】，GSD为【"重庆-重庆"】

2021-07-29 01:20:54 开始第 22 次操作

2021-07-29 01:20:54 开始操作号码 【1888384】
2021-07-29 01:21:00 GSD getOne 第 1 次 等待 3 秒
2021-07-29 01:21:03 查询号码 【1888384】，返回信息 {"status":"ok","msg":"重庆-重庆","gid":"44640","time_insert":"2017-03-15 00:16","time_update":"2021-01-19 22:03"}
2021-07-29 01:21:03 查询号码 【1888384】，GSD为【"重庆-重庆"】

2021-07-29 01:21:03 开始第 22 次操作

2021-07-29 01:21:03 开始操作号码 【1888383】
2021-07-29 01:21:10 GSD getOne 第 1 次 等待 3 秒
2021-07-29 01:21:13 查询号码 【1888383】，返回信息 {"status":"bad","msg":""}
2021-07-29 01:21:13 查询号码 【1888383】，GSD为【""】
2021-07-29 01:21:13 bad
2021-07-29 01:21:14 CHB 1888383?1627492873 第 1 次 等待 3 秒
2021-07-29 01:21:17 CHB 1888383?1627492873 第 1 次 获取到号码【1888383】GSD
2021-07-29 01:21:17 获取到号码【1888383】的GSD为【重庆-重庆】
2021-07-29 01:21:20 GSD insert 第 1 次 等待 3 秒
2021-07-29 01:21:23 {"status":"ok","gid":428850,"msg":"添加成功！"}
2021-07-29 01:21:23 下次操作: 2021-07-29 01:21:46

2021-07-29 01:21:46 开始第 23 次操作

2021-07-29 01:21:46 开始操作号码 【1888382】
2021-07-29 01:21:49 GSD getOne 第 1 次 等待 3 秒
2021-07-29 01:21:52 查询号码 【1888382】，返回信息 {"status":"bad","msg":""}
2021-07-29 01:21:52 查询号码 【1888382】，GSD为【""】
2021-07-29 01:21:52 bad
2021-07-29 01:21:54 CHB 1888382?1627492912 第 1 次 等待 3 秒
2021-07-29 01:21:57 CHB 1888382?1627492912 第 1 次 获取到号码【1888382】GSD
2021-07-29 01:21:57 获取到号码【1888382】的GSD为【重庆-重庆】
2021-07-29 01:22:00 GSD insert 第 1 次 等待 3 秒
2021-07-29 01:22:03 {"status":"ok","gid":428858,"msg":"添加成功！"}
2021-07-29 01:22:03 下次操作: 2021-07-29 01:22:16

2021-07-29 01:22:16 开始第 24 次操作

2021-07-29 01:22:16 开始操作号码 【1888381】
2021-07-29 01:22:19 GSD getOne 第 1 次 等待 3 秒
2021-07-29 01:22:22 查询号码 【1888381】，返回信息 {"status":"ok","msg":"重庆-重庆","gid":"50905","time_insert":"2021-04-21 17:42"}
2021-07-29 01:22:22 查询号码 【1888381】，GSD为【"重庆-重庆"】

2021-07-29 01:22:22 开始第 24 次操作

2021-07-29 01:22:22 开始操作号码 【1888380】
2021-07-29 01:22:30 GSD getOne 第 1 次 等待 3 秒
2021-07-29 01:22:33 查询号码 【1888380】，返回信息 {"status":"bad","msg":""}
2021-07-29 01:22:33 查询号码 【1888380】，GSD为【""】
2021-07-29 01:22:33 bad
2021-07-29 01:22:35 CHB 1888380?1627492953 第 1 次 等待 3 秒
2021-07-29 01:22:38 CHB 1888380?1627492953 第 1 次 获取到号码【1888380】GSD
2021-07-29 01:22:38 获取到号码【1888380】的GSD为【重庆-重庆】
2021-07-29 01:22:42 GSD insert 第 1 次 等待 3 秒
2021-07-29 01:22:45 {"status":"ok","gid":428864,"msg":"添加成功！"}
2021-07-29 01:22:45 下次操作: 2021-07-29 01:23:08

2021-07-29 01:23:08 开始第 25 次操作

2021-07-29 01:23:08 开始操作号码 【1888379】
2021-07-29 01:23:10 GSD getOne 第 1 次 等待 3 秒
2021-07-29 01:23:13 查询号码 【1888379】，返回信息 {"status":"ok","msg":"重庆-重庆","gid":"44639","time_insert":"2015-03-14 00:02","time_update":"2021-01-19 22:01"}
2021-07-29 01:23:14 查询号码 【1888379】，GSD为【"重庆-重庆"】

2021-07-29 01:23:14 开始第 25 次操作

2021-07-29 01:23:14 开始操作号码 【1888378】
2021-07-29 01:23:16 GSD getOne 第 1 次 等待 3 秒
2021-07-29 01:23:19 查询号码 【1888378】，返回信息 {"status":"ok","msg":"重庆-重庆","gid":"44638","time_insert":"2017-04-22 12:25","time_update":"2021-01-19 21:55"}
2021-07-29 01:23:20 查询号码 【1888378】，GSD为【"重庆-重庆"】

2021-07-29 01:23:20 开始第 25 次操作

2021-07-29 01:23:20 开始操作号码 【1888377】
2021-07-29 01:23:22 GSD getOne 第 1 次 等待 3 秒
2021-07-29 01:23:25 查询号码 【1888377】，返回信息 {"status":"ok","msg":"重庆-重庆","gid":"44637","time_insert":"2015-08-19 11:48","time_update":"2021-01-19 21:48"}
2021-07-29 01:23:26 查询号码 【1888377】，GSD为【"重庆-重庆"】

2021-07-29 01:23:26 开始第 25 次操作

2021-07-29 01:23:26 开始操作号码 【1888376】
2021-07-29 01:23:28 GSD getOne 第 1 次 等待 3 秒
2021-07-29 01:23:31 查询号码 【1888376】，返回信息 {"status":"ok","msg":"重庆-重庆","gid":"44636","time_insert":"2017-03-24 20:30","time_update":"2021-01-19 21:40"}
2021-07-29 01:23:31 查询号码 【1888376】，GSD为【"重庆-重庆"】

2021-07-29 01:23:31 开始第 25 次操作

2021-07-29 01:23:31 开始操作号码 【1888375】
2021-07-29 01:23:34 GSD getOne 第 1 次 等待 3 秒
2021-07-29 01:23:37 查询号码 【1888375】，返回信息 {"status":"bad","msg":""}
2021-07-29 01:23:37 查询号码 【1888375】，GSD为【""】
2021-07-29 01:23:37 bad
2021-07-29 01:23:39 CHB 1888375?1627493017 第 1 次 等待 3 秒
2021-07-29 01:23:42 CHB 1888375?1627493017 第 1 次 获取到号码【1888375】GSD
2021-07-29 01:23:42 获取到号码【1888375】的GSD为【重庆-重庆】
2021-07-29 01:23:45 GSD insert 第 1 次 等待 3 秒
2021-07-29 01:23:48 {"status":"ok","gid":428875,"msg":"添加成功！"}
2021-07-29 01:23:48 下次操作: 2021-07-29 01:24:00

2021-07-29 01:24:00 开始第 26 次操作

2021-07-29 01:24:00 开始操作号码 【1888374】
2021-07-29 01:24:03 GSD getOne 第 1 次 等待 3 秒
2021-07-29 01:24:06 查询号码 【1888374】，返回信息 {"status":"ok","msg":"重庆-重庆","gid":"44635","time_insert":"2017-08-09 18:25","time_update":"2021-01-19 21:35"}
2021-07-29 01:24:06 查询号码 【1888374】，GSD为【"重庆-重庆"】

2021-07-29 01:24:06 开始第 26 次操作

2021-07-29 01:24:06 开始操作号码 【1888373】
2021-07-29 01:24:09 GSD getOne 第 1 次 等待 3 秒
2021-07-29 01:24:12 查询号码 【1888373】，返回信息 {"status":"ok","msg":"重庆-重庆","gid":"44634","time_insert":"2018-09-22 15:51","time_update":"2021-01-19 21:33"}
2021-07-29 01:24:12 查询号码 【1888373】，GSD为【"重庆-重庆"】

2021-07-29 01:24:12 开始第 26 次操作

2021-07-29 01:24:12 开始操作号码 【1888372】
2021-07-29 01:24:16 GSD getOne 第 1 次 等待 3 秒
2021-07-29 01:24:19 查询号码 【1888372】，返回信息 {"status":"bad","msg":""}
2021-07-29 01:24:19 查询号码 【1888372】，GSD为【""】
2021-07-29 01:24:19 bad
2021-07-29 01:24:21 CHB 1888372?1627493059 第 1 次 等待 3 秒
2021-07-29 01:24:24 CHB 1888372?1627493059 第 1 次 获取到号码【1888372】GSD
2021-07-29 01:24:24 获取到号码【1888372】的GSD为【重庆-重庆】
2021-07-29 01:24:27 GSD insert 第 1 次 等待 3 秒
2021-07-29 01:24:30 {"status":"ok","gid":428882,"msg":"添加成功！"}
2021-07-29 01:24:30 下次操作: 2021-07-29 01:24:49

2021-07-29 01:24:49 开始第 27 次操作

2021-07-29 01:24:49 开始操作号码 【1888371】
2021-07-29 01:24:52 GSD getOne 第 1 次 等待 3 秒
2021-07-29 01:24:55 查询号码 【1888371】，返回信息 {"status":"ok","msg":"重庆-重庆","gid":"44633","time_insert":"2015-05-03 15:32","time_update":"2021-01-19 21:27"}
2021-07-29 01:24:55 查询号码 【1888371】，GSD为【"重庆-重庆"】

2021-07-29 01:24:55 开始第 27 次操作

2021-07-29 01:24:55 开始操作号码 【1888370】
2021-07-29 01:24:58 GSD getOne 第 1 次 等待 3 秒
2021-07-29 01:25:01 查询号码 【1888370】，返回信息 {"status":"ok","msg":"重庆-重庆","gid":"44632","time_insert":"2018-07-13 13:36","time_update":"2021-01-19 21:20"}
2021-07-29 01:25:01 查询号码 【1888370】，GSD为【"重庆-重庆"】

2021-07-29 01:25:01 开始第 27 次操作

2021-07-29 01:25:01 开始操作号码 【1888369】
2021-07-29 01:25:05 GSD getOne 第 1 次 等待 3 秒
2021-07-29 01:25:08 查询号码 【1888369】，返回信息 {"status":"bad","msg":""}
2021-07-29 01:25:08 查询号码 【1888369】，GSD为【""】
2021-07-29 01:25:08 bad
2021-07-29 01:25:09 CHB 1888369?1627493108 第 1 次 等待 3 秒
2021-07-29 01:25:12 CHB 1888369?1627493108 第 1 次 获取到号码【1888369】GSD
2021-07-29 01:25:12 获取到号码【1888369】的GSD为【重庆-万州】
2021-07-29 01:25:18 GSD insert 第 1 次 等待 3 秒
2021-07-29 01:25:21 {"status":"ok","gid":428891,"msg":"添加成功！"}
2021-07-29 01:25:21 下次操作: 2021-07-29 01:25:33

2021-07-29 01:25:33 开始第 28 次操作

2021-07-29 01:25:33 开始操作号码 【1888368】
2021-07-29 01:25:36 GSD getOne 第 1 次 等待 3 秒
2021-07-29 01:25:39 查询号码 【1888368】，返回信息 {"status":"ok","msg":"重庆-万州","gid":"44631","time_insert":"2017-06-08 07:37","time_update":"2021-01-19 21:06"}
2021-07-29 01:25:39 查询号码 【1888368】，GSD为【"重庆-万州"】

2021-07-29 01:25:39 开始第 28 次操作

2021-07-29 01:25:39 开始操作号码 【1888367】
2021-07-29 01:25:44 GSD getOne 第 1 次 等待 3 秒
2021-07-29 01:25:47 查询号码 【1888367】，返回信息 {"status":"bad","msg":""}
2021-07-29 01:25:47 查询号码 【1888367】，GSD为【""】
2021-07-29 01:25:47 bad
2021-07-29 01:25:49 CHB 1888367?1627493147 第 1 次 等待 3 秒
2021-07-29 01:25:52 CHB 1888367?1627493147 第 1 次 获取到号码【1888367】GSD
2021-07-29 01:25:52 获取到号码【1888367】的GSD为【重庆-万州】
2021-07-29 01:25:56 GSD insert 第 1 次 等待 3 秒
2021-07-29 01:25:59 {"status":"ok","gid":428900,"msg":"添加成功！"}
2021-07-29 01:25:59 下次操作: 2021-07-29 01:26:14

2021-07-29 01:26:14 开始第 29 次操作

2021-07-29 01:26:14 开始操作号码 【1888366】
2021-07-29 01:26:22 GSD getOne 第 1 次 等待 3 秒
2021-07-29 01:26:25 查询号码 【1888366】，返回信息 {"status":"bad","msg":""}
2021-07-29 01:26:25 查询号码 【1888366】，GSD为【""】
2021-07-29 01:26:25 bad
2021-07-29 01:26:27 CHB 1888366?1627493185 第 1 次 等待 3 秒
2021-07-29 01:26:30 CHB 1888366?1627493185 第 1 次 获取到号码【1888366】GSD
2021-07-29 01:26:30 获取到号码【1888366】的GSD为【重庆-万州】
2021-07-29 01:27:35 GSD insert 第 1 次 等待 3 秒
2021-07-29 01:27:38 {"status":"ok","gid":428912,"msg":"添加成功！"}
2021-07-29 01:27:38 下次操作: 2021-07-29 01:28:01

2021-07-29 01:28:01 开始第 30 次操作

2021-07-29 01:28:01 开始操作号码 【1888365】
2021-07-29 01:28:04 GSD getOne 第 1 次 等待 3 秒
2021-07-29 01:28:07 查询号码 【1888365】，返回信息 {"status":"ok","msg":"重庆-万州","gid":"44630","time_insert":"2020-01-13 21:58","time_update":"2021-01-19 20:59"}
2021-07-29 01:28:07 查询号码 【1888365】，GSD为【"重庆-万州"】

2021-07-29 01:28:07 开始第 30 次操作

2021-07-29 01:28:07 开始操作号码 【1888364】
2021-07-29 01:28:45 GSD getOne 第 1 次 等待 3 秒
2021-07-29 01:28:48 查询号码 【1888364】，返回信息 {"status":"bad","msg":""}
2021-07-29 01:28:48 查询号码 【1888364】，GSD为【""】
2021-07-29 01:28:48 bad
2021-07-29 01:28:49 CHB 1888364?1627493328 第 1 次 等待 3 秒
2021-07-29 01:28:52 CHB 1888364?1627493328 第 1 次 获取到号码【1888364】GSD
2021-07-29 01:28:52 获取到号码【1888364】的GSD为【重庆-万州】
2021-07-29 01:28:55 GSD insert 第 1 次 等待 3 秒
2021-07-29 01:28:58 {"status":"ok","gid":428922,"msg":"添加成功！"}
2021-07-29 01:28:58 下次操作: 2021-07-29 01:29:16

2021-07-29 01:29:16 开始第 31 次操作

2021-07-29 01:29:16 开始操作号码 【1888363】
2021-07-29 01:29:19 GSD getOne 第 1 次 等待 3 秒
2021-07-29 01:29:22 查询号码 【1888363】，返回信息 {"status":"ok","msg":"重庆-万州","gid":"44629","time_insert":"2019-11-06 18:54","time_update":"2021-01-19 20:57"}
2021-07-29 01:29:22 查询号码 【1888363】，GSD为【"重庆-万州"】

2021-07-29 01:29:22 开始第 31 次操作

2021-07-29 01:29:22 开始操作号码 【1888362】
2021-07-29 01:29:25 GSD getOne 第 1 次 等待 3 秒
2021-07-29 01:29:28 查询号码 【1888362】，返回信息 {"status":"ok","msg":"重庆-万州","gid":"44628","time_insert":"2017-05-30 10:52","time_update":"2021-01-19 20:51"}
2021-07-29 01:29:28 查询号码 【1888362】，GSD为【"重庆-万州"】

2021-07-29 01:29:28 开始第 31 次操作

2021-07-29 01:29:28 开始操作号码 【1888361】
2021-07-29 01:29:32 GSD getOne 第 1 次 等待 3 秒
2021-07-29 01:29:35 查询号码 【1888361】，返回信息 {"status":"ok","msg":"重庆-万州","gid":"44627","time_insert":"2018-09-30 14:15","time_update":"2021-01-19 20:45"}
2021-07-29 01:29:35 查询号码 【1888361】，GSD为【"重庆-万州"】

2021-07-29 01:29:35 开始第 31 次操作

2021-07-29 01:29:35 开始操作号码 【1888360】
2021-07-29 01:29:40 GSD getOne 第 1 次 等待 3 秒
2021-07-29 01:29:43 查询号码 【1888360】，返回信息 {"status":"ok","msg":"重庆-万州","gid":"44626","time_insert":"2017-05-30 10:52","time_update":"2021-01-19 20:44"}
2021-07-29 01:29:43 查询号码 【1888360】，GSD为【"重庆-万州"】

2021-07-29 01:29:43 开始第 31 次操作

2021-07-29 01:29:43 开始操作号码 【1888359】
2021-07-29 01:29:47 GSD getOne 第 1 次 等待 3 秒
2021-07-29 01:29:50 查询号码 【1888359】，返回信息 {"status":"ok","msg":"重庆-万州","gid":"44625","time_insert":"2019-02-11 08:47","time_update":"2021-01-19 20:37"}
2021-07-29 01:29:50 查询号码 【1888359】，GSD为【"重庆-万州"】

2021-07-29 01:29:50 开始第 31 次操作

2021-07-29 01:29:50 开始操作号码 【1888358】
2021-07-29 01:29:53 GSD getOne 第 1 次 等待 3 秒
2021-07-29 01:29:56 查询号码 【1888358】，返回信息 {"status":"bad","msg":""}
2021-07-29 01:29:56 查询号码 【1888358】，GSD为【""】
2021-07-29 01:29:56 bad
2021-07-29 01:29:57 CHB 1888358?1627493396 第 1 次 等待 3 秒
2021-07-29 01:30:00 CHB 1888358?1627493396 第 1 次 获取到号码【1888358】GSD
2021-07-29 01:30:01 获取到号码【1888358】的GSD为【重庆-万州】
2021-07-29 01:30:06 GSD insert 第 1 次 等待 3 秒
2021-07-29 01:30:09 {"status":"ok","gid":428932,"msg":"添加成功！"}
2021-07-29 01:30:09 下次操作: 2021-07-29 01:30:22

2021-07-29 01:30:22 开始第 32 次操作

2021-07-29 01:30:22 开始操作号码 【1888357】
2021-07-29 01:30:25 GSD getOne 第 1 次 等待 3 秒
2021-07-29 01:30:28 查询号码 【1888357】，返回信息 {"status":"bad","msg":""}
2021-07-29 01:30:28 查询号码 【1888357】，GSD为【""】
2021-07-29 01:30:28 bad
2021-07-29 01:30:30 CHB 1888357?1627493428 第 1 次 等待 3 秒
2021-07-29 01:30:33 CHB 1888357?1627493428 第 1 次 获取到号码【1888357】GSD
2021-07-29 01:30:33 获取到号码【1888357】的GSD为【重庆-万州】
2021-07-29 01:30:36 GSD insert 第 1 次 等待 3 秒
2021-07-29 01:30:39 {"status":"ok","gid":428936,"msg":"添加成功！"}
2021-07-29 01:30:39 下次操作: 2021-07-29 01:31:02

2021-07-29 01:31:02 开始第 33 次操作

2021-07-29 01:31:02 开始操作号码 【1888356】
2021-07-29 01:31:04 GSD getOne 第 1 次 等待 3 秒
2021-07-29 01:31:07 查询号码 【1888356】，返回信息 {"status":"bad","msg":""}
2021-07-29 01:31:08 查询号码 【1888356】，GSD为【""】
2021-07-29 01:31:08 bad
2021-07-29 01:31:09 CHB 1888356?1627493468 第 1 次 等待 3 秒
2021-07-29 01:31:12 CHB 1888356?1627493468 第 1 次 获取到号码【1888356】GSD
2021-07-29 01:31:12 获取到号码【1888356】的GSD为【重庆-万州】
2021-07-29 01:31:16 GSD insert 第 1 次 等待 3 秒
2021-07-29 01:31:19 {"status":"ok","gid":428941,"msg":"添加成功！"}
2021-07-29 01:31:19 下次操作: 2021-07-29 01:31:43

2021-07-29 01:31:43 开始第 34 次操作

2021-07-29 01:31:43 开始操作号码 【1888355】
2021-07-29 01:31:46 GSD getOne 第 1 次 等待 3 秒
2021-07-29 01:31:49 查询号码 【1888355】，返回信息 {"status":"ok","msg":"重庆-万州","gid":"44624","time_insert":"2017-05-14 16:29","time_update":"2021-01-19 20:31"}
2021-07-29 01:31:49 查询号码 【1888355】，GSD为【"重庆-万州"】

2021-07-29 01:31:49 开始第 34 次操作

2021-07-29 01:31:49 开始操作号码 【1888354】
2021-07-29 01:31:53 GSD getOne 第 1 次 等待 3 秒
2021-07-29 01:31:56 查询号码 【1888354】，返回信息 {"status":"ok","msg":"重庆-万州","gid":"44623","time_insert":"2017-08-14 11:47","time_update":"2021-01-19 20:25"}
2021-07-29 01:31:56 查询号码 【1888354】，GSD为【"重庆-万州"】

2021-07-29 01:31:56 开始第 34 次操作

2021-07-29 01:31:56 开始操作号码 【1888353】
2021-07-29 01:32:00 GSD getOne 第 1 次 等待 3 秒
2021-07-29 01:32:03 查询号码 【1888353】，返回信息 {"status":"ok","msg":"重庆-万州","gid":"44622","time_insert":"2017-05-11 09:33","time_update":"2021-01-19 20:19"}
2021-07-29 01:32:03 查询号码 【1888353】，GSD为【"重庆-万州"】

2021-07-29 01:32:03 开始第 34 次操作

2021-07-29 01:32:03 开始操作号码 【1888352】
2021-07-29 01:32:06 GSD getOne 第 1 次 等待 3 秒
2021-07-29 01:32:09 查询号码 【1888352】，返回信息 {"status":"bad","msg":""}
2021-07-29 01:32:09 查询号码 【1888352】，GSD为【""】
2021-07-29 01:32:09 bad
2021-07-29 01:32:11 CHB 1888352?1627493529 第 1 次 等待 3 秒
2021-07-29 01:32:14 CHB 1888352?1627493529 第 1 次 获取到号码【1888352】GSD
2021-07-29 01:32:14 获取到号码【1888352】的GSD为【重庆-万州】
2021-07-29 01:32:16 GSD insert 第 1 次 等待 3 秒
2021-07-29 01:32:19 {"status":"ok","gid":428943,"msg":"添加成功！"}
2021-07-29 01:32:19 下次操作: 2021-07-29 01:32:43

2021-07-29 01:32:43 开始第 35 次操作

2021-07-29 01:32:43 开始操作号码 【1888351】
2021-07-29 01:32:47 GSD getOne 第 1 次 等待 3 秒
2021-07-29 01:32:50 查询号码 【1888351】，返回信息 {"status":"ok","msg":"重庆-万州","gid":"44621","time_insert":"2018-07-15 09:10","time_update":"2021-01-19 20:14"}
2021-07-29 01:32:50 查询号码 【1888351】，GSD为【"重庆-万州"】

2021-07-29 01:32:50 开始第 35 次操作

2021-07-29 01:32:50 开始操作号码 【1888350】
2021-07-29 01:33:28 GSD getOne 第 1 次 等待 3 秒
2021-07-29 01:33:31 查询号码 【1888350】，返回信息 {"status":"bad","msg":""}
2021-07-29 01:33:31 查询号码 【1888350】，GSD为【""】
2021-07-29 01:33:31 bad
2021-07-29 01:33:33 CHB 1888350?1627493611 第 1 次 等待 3 秒
2021-07-29 01:33:36 CHB 1888350?1627493611 第 1 次 获取到号码【1888350】GSD
2021-07-29 01:33:36 获取到号码【1888350】的GSD为【重庆-万州】
2021-07-29 01:33:41 GSD insert 第 1 次 等待 3 秒
2021-07-29 01:33:44 {"status":"ok","gid":428949,"msg":"添加成功！"}
2021-07-29 01:33:44 下次操作: 2021-07-29 01:34:08

2021-07-29 01:34:09 开始第 36 次操作

2021-07-29 01:34:09 开始操作号码 【1888349】
2021-07-29 01:34:11 GSD getOne 第 1 次 等待 3 秒
2021-07-29 01:34:14 查询号码 【1888349】，返回信息 {"status":"bad","msg":""}
2021-07-29 01:34:15 查询号码 【1888349】，GSD为【""】
2021-07-29 01:34:15 bad
2021-07-29 01:34:16 CHB 1888349?1627493655 第 1 次 等待 3 秒
2021-07-29 01:34:19 CHB 1888349?1627493655 第 1 次 获取到号码【1888349】GSD
2021-07-29 01:34:19 获取到号码【1888349】的GSD为【重庆-重庆】
2021-07-29 01:34:29 GSD insert 第 1 次 等待 3 秒
2021-07-29 01:34:32 {"status":"ok","gid":428951,"msg":"添加成功！"}
2021-07-29 01:34:32 下次操作: 2021-07-29 01:34:54

2021-07-29 01:34:54 开始第 37 次操作

2021-07-29 01:34:54 开始操作号码 【1888348】
2021-07-29 01:34:57 GSD getOne 第 1 次 等待 3 秒
2021-07-29 01:35:00 查询号码 【1888348】，返回信息 {"status":"bad","msg":""}
2021-07-29 01:35:00 查询号码 【1888348】，GSD为【""】
2021-07-29 01:35:00 bad
2021-07-29 01:35:01 CHB 1888348?1627493700 第 1 次 等待 3 秒
2021-07-29 01:35:04 CHB 1888348?1627493700 第 1 次 获取到号码【1888348】GSD
2021-07-29 01:35:04 未获取到号码【1888348】GSD，查号吧 400 错误
2021-07-29 01:35:04 获取到号码【1888348】的GSD为【-】
2021-07-29 01:35:07 GSD insert 第 1 次 等待 3 秒
2021-07-29 01:35:10 {"status":"ok","gid":428954,"msg":"添加成功！"}
2021-07-29 01:35:10 下次操作: 2021-07-29 01:35:28

2021-07-29 01:35:28 开始第 38 次操作

2021-07-29 01:35:28 开始操作号码 【1888347】
2021-07-29 01:35:31 GSD getOne 第 1 次 等待 3 秒
2021-07-29 01:35:34 查询号码 【1888347】，返回信息 {"status":"bad","msg":""}
2021-07-29 01:35:34 查询号码 【1888347】，GSD为【""】
2021-07-29 01:35:34 bad
2021-07-29 01:35:36 CHB 1888347?1627493734 第 1 次 等待 3 秒
2021-07-29 01:35:39 CHB 1888347?1627493734 第 1 次 获取到号码【1888347】GSD
2021-07-29 01:35:39 获取到号码【1888347】的GSD为【重庆-重庆】
2021-07-29 01:35:42 GSD insert 第 1 次 等待 3 秒
2021-07-29 01:35:45 {"status":"ok","gid":428955,"msg":"添加成功！"}
2021-07-29 01:35:45 下次操作: 2021-07-29 01:35:58

2021-07-29 01:35:58 开始第 39 次操作

2021-07-29 01:35:58 开始操作号码 【1888346】
2021-07-29 01:36:01 GSD getOne 第 1 次 等待 3 秒
2021-07-29 01:36:04 查询号码 【1888346】，返回信息 {"status":"bad","msg":""}
2021-07-29 01:36:04 查询号码 【1888346】，GSD为【""】
2021-07-29 01:36:04 bad
2021-07-29 01:36:06 CHB 1888346?1627493764 第 1 次 等待 3 秒
2021-07-29 01:36:09 CHB 1888346?1627493764 第 1 次 获取到号码【1888346】GSD
2021-07-29 01:36:09 获取到号码【1888346】的GSD为【重庆-重庆】
2021-07-29 01:36:12 GSD insert 第 1 次 等待 3 秒
2021-07-29 01:36:15 {"status":"ok","gid":428958,"msg":"添加成功！"}
2021-07-29 01:36:15 下次操作: 2021-07-29 01:36:27

2021-07-29 01:36:27 开始第 40 次操作

2021-07-29 01:36:27 开始操作号码 【1888345】
2021-07-29 01:36:30 GSD getOne 第 1 次 等待 3 秒
2021-07-29 01:36:33 查询号码 【1888345】，返回信息 {"status":"bad","msg":""}
2021-07-29 01:36:33 查询号码 【1888345】，GSD为【""】
2021-07-29 01:36:33 bad
2021-07-29 01:36:35 CHB 1888345?1627493793 第 1 次 等待 3 秒
2021-07-29 01:36:38 CHB 1888345?1627493793 第 1 次 获取到号码【1888345】GSD
2021-07-29 01:36:38 获取到号码【1888345】的GSD为【重庆-重庆】
2021-07-29 01:36:41 GSD insert 第 1 次 等待 3 秒
2021-07-29 01:36:44 {"status":"ok","gid":428960,"msg":"添加成功！"}

