2024-10-10 00:17:14 开始第 8969 次操作

2024-10-10 00:17:14 开始操作号码 【1428965】
2024-10-10 00:17:17 GSD getOne 第 1 次 等待 3 秒
2024-10-10 00:17:20 查询号码 【1428965】，返回信息 {"status":"ok","msg":"-","gid":"693952","time_insert":"2023-05-05 23:22"}
2024-10-10 00:17:20 查询号码 【1428965】，GSD为【"-"】
2024-10-10 00:17:20 ok && -
2024-10-10 00:17:22 CHB 1428965?1728490640 第 1 次 等待 3 秒
2024-10-10 00:17:25 CHB 1428965?1728490640 第 1 次 获取到号码【1428965】GSD
2024-10-10 00:17:25 未获取到号码【1428965】GSD，可能号码格式错误
2024-10-10 00:17:25 获取到号码【1428965】的GSD为【-】
2024-10-10 00:17:27 GSD insert 第 1 次 等待 3 秒
2024-10-10 00:17:30 {"status":"bad","gid":"693952","msg":"添加失败！号码【1428965(-|-)】已存在！"}
2024-10-10 00:17:30 随机等待 199 秒，约 3 分钟
2024-10-10 00:17:30 下次操作: 2024-10-10 00:20:49

2024-10-10 00:20:49 开始第 8970 次操作

2024-10-10 00:20:49 开始操作号码 【1428966】
2024-10-10 00:20:51 GSD getOne 第 1 次 等待 3 秒
2024-10-10 00:20:54 查询号码 【1428966】，返回信息 {"status":"ok","msg":"-","gid":"693932","time_insert":"2023-05-05 23:05"}
2024-10-10 00:20:54 查询号码 【1428966】，GSD为【"-"】
2024-10-10 00:20:54 ok && -
2024-10-10 00:20:56 CHB 1428966?1728490854 第 1 次 等待 3 秒
2024-10-10 00:20:59 CHB 1428966?1728490854 第 1 次 获取到号码【1428966】GSD
2024-10-10 00:20:59 未获取到号码【1428966】GSD，可能号码格式错误
2024-10-10 00:20:59 获取到号码【1428966】的GSD为【-】
2024-10-10 00:21:01 GSD insert 第 1 次 等待 3 秒
2024-10-10 00:21:04 {"status":"bad","gid":"693932","msg":"添加失败！号码【1428966(-|-)】已存在！"}
2024-10-10 00:21:04 随机等待 119 秒，约 1 分钟
2024-10-10 00:21:04 下次操作: 2024-10-10 00:23:03

2024-10-10 00:23:03 开始第 8971 次操作

2024-10-10 00:23:03 开始操作号码 【1428967】
2024-10-10 00:23:08 GSD getOne 第 1 次 等待 3 秒
2024-10-10 00:23:11 查询号码 【1428967】，返回信息 {"status":"ok","msg":"-","gid":"693919","time_insert":"2023-05-05 22:49"}
2024-10-10 00:23:11 查询号码 【1428967】，GSD为【"-"】
2024-10-10 00:23:11 ok && -
2024-10-10 00:23:13 CHB 1428967?1728490991 第 1 次 等待 3 秒
2024-10-10 00:23:16 CHB 1428967?1728490991 第 1 次 获取到号码【1428967】GSD
2024-10-10 00:23:16 未获取到号码【1428967】GSD，可能号码格式错误
2024-10-10 00:23:16 获取到号码【1428967】的GSD为【-】
2024-10-10 00:23:21 GSD insert 第 1 次 等待 3 秒
2024-10-10 00:23:24 {"status":"bad","gid":"693919","msg":"添加失败！号码【1428967(-|-)】已存在！"}
2024-10-10 00:23:24 随机等待 106 秒，约 1 分钟
2024-10-10 00:23:24 下次操作: 2024-10-10 00:25:10

2024-10-10 00:25:10 开始第 8972 次操作

2024-10-10 00:25:10 开始操作号码 【1428968】
2024-10-10 00:25:39 GSD getOne 第 1 次 等待 3 秒
2024-10-10 00:25:42 查询号码 【1428968】，返回信息 {"status":"ok","msg":"-","gid":"693906","time_insert":"2023-05-05 22:36"}
2024-10-10 00:25:42 查询号码 【1428968】，GSD为【"-"】
2024-10-10 00:25:42 ok && -
2024-10-10 00:25:43 CHB 1428968?1728491142 第 1 次 等待 3 秒
2024-10-10 00:25:46 CHB 1428968?1728491142 第 1 次 获取到号码【1428968】GSD
2024-10-10 00:25:47 未获取到号码【1428968】GSD，可能号码格式错误
2024-10-10 00:25:47 获取到号码【1428968】的GSD为【-】
2024-10-10 00:25:52 GSD insert 第 1 次 等待 3 秒
2024-10-10 00:25:55 {"status":"bad","gid":"693906","msg":"添加失败！号码【1428968(-|-)】已存在！"}

