2024-03-11 00:12:21 开始第 8401 次操作

2024-03-11 00:12:21 开始操作号码 【1758294】
2024-03-11 00:12:27 GSD getOne 第 1 次 等待 3 秒
2024-03-11 00:12:30 查询号码 【1758294】，返回信息 {"status":"ok","msg":"山西-太原","gid":"228982","time_insert":"2021-07-09 06:51"}
2024-03-11 00:12:30 查询号码 【1758294】，GSD为【"山西-太原"】

2024-03-11 00:12:31 开始第 8402 次操作

2024-03-11 00:12:31 开始操作号码 【1758295】
2024-03-11 00:12:37 GSD getOne 第 1 次 等待 3 秒
2024-03-11 00:12:40 查询号码 【1758295】，返回信息 {"status":"ok","msg":"山西-太原","gid":"228989","time_insert":"2021-07-09 06:52","time_update":"2021-08-07 08:46"}
2024-03-11 00:12:40 查询号码 【1758295】，GSD为【"山西-太原"】

2024-03-11 00:12:41 开始第 8403 次操作

2024-03-11 00:12:41 开始操作号码 【1758296】
2024-03-11 00:12:46 GSD getOne 第 1 次 等待 3 秒
2024-03-11 00:12:49 查询号码 【1758296】，返回信息 {"status":"ok","msg":"山西-太原","gid":"228997","time_insert":"2021-07-09 06:53"}
2024-03-11 00:12:49 查询号码 【1758296】，GSD为【"山西-太原"】

2024-03-11 00:12:50 开始第 8404 次操作

2024-03-11 00:12:50 开始操作号码 【1758297】
2024-03-11 00:12:54 GSD getOne 第 1 次 等待 3 秒
2024-03-11 00:12:57 查询号码 【1758297】，返回信息 {"status":"ok","msg":"山西-太原","gid":"229005","time_insert":"2021-07-09 06:53"}
2024-03-11 00:12:57 查询号码 【1758297】，GSD为【"山西-太原"】

2024-03-11 00:35:49 开始第 8405 次操作

2024-03-11 00:35:49 开始操作号码 【1758298】
2024-03-11 00:35:53 GSD getOne 第 1 次 等待 3 秒
2024-03-11 00:35:56 查询号码 【1758298】，返回信息 {"status":"ok","msg":"山西-太原","gid":"229011","time_insert":"2021-07-09 06:54"}
2024-03-11 00:35:56 查询号码 【1758298】，GSD为【"山西-太原"】

2024-03-11 00:35:57 开始第 8406 次操作

2024-03-11 00:35:57 开始操作号码 【1758299】
2024-03-11 00:36:03 GSD getOne 第 1 次 等待 3 秒
2024-03-11 00:36:06 查询号码 【1758299】，返回信息 {"status":"ok","msg":"山西-太原","gid":"229019","time_insert":"2021-07-09 06:55"}
2024-03-11 00:36:06 查询号码 【1758299】，GSD为【"山西-太原"】

2024-03-11 00:36:07 开始第 8407 次操作

2024-03-11 00:36:07 开始操作号码 【1758300】
2024-03-11 00:36:12 GSD getOne 第 1 次 等待 3 秒
2024-03-11 00:36:15 查询号码 【1758300】，返回信息 {"status":"ok","msg":"四川-宜宾","gid":"229025","time_insert":"2021-07-09 06:56"}
2024-03-11 00:36:15 查询号码 【1758300】，GSD为【"四川-宜宾"】

2024-03-11 00:36:16 开始第 8408 次操作

2024-03-11 00:36:16 开始操作号码 【1758301】
2024-03-11 00:36:20 GSD getOne 第 1 次 等待 3 秒
2024-03-11 00:36:23 查询号码 【1758301】，返回信息 {"status":"ok","msg":"四川-宜宾","gid":"229031","time_insert":"2021-07-09 06:56"}
2024-03-11 00:36:23 查询号码 【1758301】，GSD为【"四川-宜宾"】

2024-03-11 01:09:54 开始第 8409 次操作

2024-03-11 01:09:54 开始操作号码 【1758302】
2024-03-11 01:09:58 GSD getOne 第 1 次 等待 3 秒
2024-03-11 01:10:01 查询号码 【1758302】，返回信息 {"status":"ok","msg":"四川-宜宾","gid":"229039","time_insert":"2021-07-09 06:57"}
2024-03-11 01:10:01 查询号码 【1758302】，GSD为【"四川-宜宾"】

2024-03-11 01:10:02 开始第 8410 次操作

2024-03-11 01:10:02 开始操作号码 【1758303】
2024-03-11 01:10:07 GSD getOne 第 1 次 等待 3 秒
2024-03-11 01:10:10 查询号码 【1758303】，返回信息 {"status":"ok","msg":"四川-宜宾","gid":"229047","time_insert":"2021-07-09 06:58"}
2024-03-11 01:10:10 查询号码 【1758303】，GSD为【"四川-宜宾"】

2024-03-11 01:10:11 开始第 8411 次操作

2024-03-11 01:10:11 开始操作号码 【1758304】
2024-03-11 01:10:15 GSD getOne 第 1 次 等待 3 秒
2024-03-11 01:10:18 查询号码 【1758304】，返回信息 {"status":"ok","msg":"四川-宜宾","gid":"229053","time_insert":"2021-07-09 06:59"}
2024-03-11 01:10:18 查询号码 【1758304】，GSD为【"四川-宜宾"】

2024-03-11 01:10:19 开始第 8412 次操作

2024-03-11 01:10:19 开始操作号码 【1758305】
2024-03-11 01:10:24 GSD getOne 第 1 次 等待 3 秒
2024-03-11 01:10:27 查询号码 【1758305】，返回信息 {"status":"ok","msg":"四川-宜宾","gid":"229063","time_insert":"2021-07-09 06:59"}
2024-03-11 01:10:27 查询号码 【1758305】，GSD为【"四川-宜宾"】

2024-03-11 01:34:04 开始第 8413 次操作

2024-03-11 01:34:04 开始操作号码 【1758306】
2024-03-11 01:34:09 GSD getOne 第 1 次 等待 3 秒
2024-03-11 01:34:12 查询号码 【1758306】，返回信息 {"status":"ok","msg":"四川-宜宾","gid":"229069","time_insert":"2021-07-09 07:00"}
2024-03-11 01:34:12 查询号码 【1758306】，GSD为【"四川-宜宾"】

2024-03-11 01:34:13 开始第 8414 次操作

2024-03-11 01:34:13 开始操作号码 【1758307】
2024-03-11 01:34:18 GSD getOne 第 1 次 等待 3 秒
2024-03-11 01:34:21 查询号码 【1758307】，返回信息 {"status":"ok","msg":"四川-宜宾","gid":"229074","time_insert":"2021-07-09 07:01"}
2024-03-11 01:34:21 查询号码 【1758307】，GSD为【"四川-宜宾"】

2024-03-11 01:34:22 开始第 8415 次操作

2024-03-11 01:34:22 开始操作号码 【1758308】
2024-03-11 01:34:26 GSD getOne 第 1 次 等待 3 秒
2024-03-11 01:34:29 查询号码 【1758308】，返回信息 {"status":"ok","msg":"四川-宜宾","gid":"229081","time_insert":"2021-07-09 07:02"}
2024-03-11 01:34:29 查询号码 【1758308】，GSD为【"四川-宜宾"】

2024-03-11 01:34:30 开始第 8416 次操作

2024-03-11 01:34:30 开始操作号码 【1758309】
2024-03-11 01:34:34 GSD getOne 第 1 次 等待 3 秒
2024-03-11 01:34:37 查询号码 【1758309】，返回信息 {"status":"ok","msg":"四川-宜宾","gid":"229087","time_insert":"2021-07-09 07:02"}
2024-03-11 01:34:37 查询号码 【1758309】，GSD为【"四川-宜宾"】

2024-03-11 02:11:30 开始第 8417 次操作

2024-03-11 02:11:30 开始操作号码 【1758310】
2024-03-11 02:11:34 GSD getOne 第 1 次 等待 3 秒
2024-03-11 02:11:37 查询号码 【1758310】，返回信息 {"status":"ok","msg":"四川-遂宁","gid":"229092","time_insert":"2021-07-09 07:03"}
2024-03-11 02:11:37 查询号码 【1758310】，GSD为【"四川-遂宁"】

2024-03-11 02:11:38 开始第 8418 次操作

2024-03-11 02:11:38 开始操作号码 【1758311】
2024-03-11 02:11:43 GSD getOne 第 1 次 等待 3 秒
2024-03-11 02:11:46 查询号码 【1758311】，返回信息 {"status":"ok","msg":"四川-宜宾","gid":"229098","time_insert":"2021-07-09 07:04"}
2024-03-11 02:11:46 查询号码 【1758311】，GSD为【"四川-宜宾"】

2024-03-11 02:11:47 开始第 8419 次操作

2024-03-11 02:11:47 开始操作号码 【1758312】
2024-03-11 02:11:51 GSD getOne 第 1 次 等待 3 秒
2024-03-11 02:11:54 查询号码 【1758312】，返回信息 {"status":"ok","msg":"四川-宜宾","gid":"229213","time_insert":"2021-07-09 07:41"}
2024-03-11 02:11:54 查询号码 【1758312】，GSD为【"四川-宜宾"】

2024-03-11 02:11:55 开始第 8420 次操作

2024-03-11 02:11:55 开始操作号码 【1758313】
2024-03-11 02:11:59 GSD getOne 第 1 次 等待 3 秒
2024-03-11 02:12:02 查询号码 【1758313】，返回信息 {"status":"ok","msg":"四川-宜宾","gid":"229225","time_insert":"2021-07-09 07:42"}
2024-03-11 02:12:02 查询号码 【1758313】，GSD为【"四川-宜宾"】

