2024-07-27 00:15:41 开始第 8333 次操作

2024-07-27 00:15:41 开始操作号码 【1538215】
2024-07-27 00:15:50 GSD getOne 第 1 次 等待 3 秒
2024-07-27 00:15:53 查询号码 【1538215】，返回信息 {"status":"ok","msg":"辽宁-大连","gid":"384580","time_insert":"2021-07-25 03:19"}
2024-07-27 00:15:53 查询号码 【1538215】，GSD为【"辽宁-大连"】

2024-07-27 00:15:54 开始第 8334 次操作

2024-07-27 00:15:54 开始操作号码 【1538216】
2024-07-27 00:15:55 GSD getOne 第 1 次 等待 3 秒
2024-07-27 00:16:07 GSD getOne 第 2 次 等待 3 秒
2024-07-27 00:16:10 查询号码 【1538216】，返回信息 {"status":"ok","msg":"辽宁-大连","gid":"384575","time_insert":"2021-07-25 03:18"}
2024-07-27 00:16:10 查询号码 【1538216】，GSD为【"辽宁-大连"】

2024-07-27 00:16:11 开始第 8335 次操作

2024-07-27 00:16:11 开始操作号码 【1538217】
2024-07-27 00:16:20 GSD getOne 第 1 次 等待 3 秒
2024-07-27 00:16:23 查询号码 【1538217】，返回信息 {"status":"ok","msg":"辽宁-大连","gid":"384571","time_insert":"2021-07-25 03:17"}
2024-07-27 00:16:23 查询号码 【1538217】，GSD为【"辽宁-大连"】

2024-07-27 00:16:24 开始第 8336 次操作

2024-07-27 00:16:24 开始操作号码 【1538218】
2024-07-27 00:16:27 GSD getOne 第 1 次 等待 3 秒
2024-07-27 00:16:38 GSD getOne 第 2 次 等待 3 秒
2024-07-27 00:16:41 查询号码 【1538218】，返回信息 {"status":"ok","msg":"辽宁-大连","gid":"384566","time_insert":"2021-07-25 03:16"}
2024-07-27 00:16:41 查询号码 【1538218】，GSD为【"辽宁-大连"】

