2024-07-23 00:15:16 开始第 7613 次操作

2024-07-23 00:15:16 开始操作号码 【1537495】
2024-07-23 00:15:24 GSD getOne 第 1 次 等待 3 秒
2024-07-23 00:15:27 查询号码 【1537495】，返回信息 {"status":"ok","msg":"内蒙古-鄂尔多斯","gid":"392849","time_insert":"2021-07-25 19:38"}
2024-07-23 00:15:27 查询号码 【1537495】，GSD为【"内蒙古-鄂尔多斯"】

2024-07-23 00:15:28 开始第 7614 次操作

2024-07-23 00:15:28 开始操作号码 【1537496】
2024-07-23 00:15:36 GSD getOne 第 1 次 等待 3 秒
2024-07-23 00:15:39 查询号码 【1537496】，返回信息 {"status":"ok","msg":"内蒙古-通辽","gid":"392837","time_insert":"2021-07-25 19:38"}
2024-07-23 00:15:39 查询号码 【1537496】，GSD为【"内蒙古-通辽"】

2024-07-23 00:15:40 开始第 7615 次操作

2024-07-23 00:15:40 开始操作号码 【1537497】
2024-07-23 00:15:48 GSD getOne 第 1 次 等待 3 秒
2024-07-23 00:15:51 查询号码 【1537497】，返回信息 {"status":"ok","msg":"内蒙古-通辽","gid":"392826","time_insert":"2021-07-25 19:37"}
2024-07-23 00:15:51 查询号码 【1537497】，GSD为【"内蒙古-通辽"】

2024-07-23 00:15:52 开始第 7616 次操作

2024-07-23 00:15:52 开始操作号码 【1537498】
2024-07-23 00:15:59 GSD getOne 第 1 次 等待 3 秒
2024-07-23 00:16:02 查询号码 【1537498】，返回信息 {"status":"ok","msg":"内蒙古-锡林郭勒","gid":"392818","time_insert":"2021-07-25 19:37"}
2024-07-23 00:16:02 查询号码 【1537498】，GSD为【"内蒙古-锡林郭勒"】

