2024-12-14 00:28:22 开始第 9465 次操作

2024-12-14 00:28:22 开始操作号码 【1329464】
2024-12-14 00:28:23 GSD getOne 第 1 次 等待 3 秒
2024-12-14 00:28:26 查询号码 【1329464】，返回信息 {"status":"ok","msg":"山西-晋城","gid":"204147","time_insert":"2021-07-06 07:05"}
2024-12-14 00:28:26 查询号码 【1329464】，GSD为【"山西-晋城"】

2024-12-14 00:28:27 开始第 9466 次操作

2024-12-14 00:28:27 开始操作号码 【1329465】
2024-12-14 00:28:28 GSD getOne 第 1 次 等待 3 秒
2024-12-14 00:28:31 查询号码 【1329465】，返回信息 {"status":"ok","msg":"山西-吕梁","gid":"204143","time_insert":"2021-07-06 07:05"}
2024-12-14 00:28:31 查询号码 【1329465】，GSD为【"山西-吕梁"】

2024-12-14 00:28:32 开始第 9467 次操作

2024-12-14 00:28:32 开始操作号码 【1329466】
2024-12-14 00:28:33 GSD getOne 第 1 次 等待 3 秒
2024-12-14 00:28:36 查询号码 【1329466】，返回信息 {"status":"ok","msg":"山西-晋中","gid":"204134","time_insert":"2021-07-06 07:04"}
2024-12-14 00:28:36 查询号码 【1329466】，GSD为【"山西-晋中"】

2024-12-14 00:28:37 开始第 9468 次操作

2024-12-14 00:28:37 开始操作号码 【1329467】
2024-12-14 00:28:38 GSD getOne 第 1 次 等待 3 秒
2024-12-14 00:28:41 查询号码 【1329467】，返回信息 {"status":"ok","msg":"山西-运城","gid":"204128","time_insert":"2021-07-06 07:03"}
2024-12-14 00:28:41 查询号码 【1329467】，GSD为【"山西-运城"】

2024-12-14 00:48:35 开始第 9469 次操作

2024-12-14 00:48:35 开始操作号码 【1329468】
2024-12-14 00:48:36 GSD getOne 第 1 次 等待 3 秒
2024-12-14 00:48:39 查询号码 【1329468】，返回信息 {"status":"ok","msg":"山西-临汾","gid":"204120","time_insert":"2021-07-06 07:02"}
2024-12-14 00:48:39 查询号码 【1329468】，GSD为【"山西-临汾"】

2024-12-14 00:48:40 开始第 9470 次操作

2024-12-14 00:48:40 开始操作号码 【1329469】
2024-12-14 00:48:41 GSD getOne 第 1 次 等待 3 秒
2024-12-14 00:48:44 查询号码 【1329469】，返回信息 {"status":"ok","msg":"山西-朔州","gid":"204112","time_insert":"2021-07-06 07:01"}
2024-12-14 00:48:44 查询号码 【1329469】，GSD为【"山西-朔州"】

2024-12-14 00:48:45 开始第 9471 次操作

2024-12-14 00:48:45 开始操作号码 【1329470】
2024-12-14 00:48:46 GSD getOne 第 1 次 等待 3 秒
2024-12-14 00:48:49 查询号码 【1329470】，返回信息 {"status":"ok","msg":"内蒙古-呼伦贝尔","gid":"204105","time_insert":"2021-07-06 07:00"}
2024-12-14 00:48:49 查询号码 【1329470】，GSD为【"内蒙古-呼伦贝尔"】

2024-12-14 00:48:50 开始第 9472 次操作

2024-12-14 00:48:50 开始操作号码 【1329471】
2024-12-14 00:48:51 GSD getOne 第 1 次 等待 3 秒
2024-12-14 00:48:54 查询号码 【1329471】，返回信息 {"status":"ok","msg":"内蒙古-呼和浩特","gid":"204098","time_insert":"2021-07-06 07:00"}
2024-12-14 00:48:54 查询号码 【1329471】，GSD为【"内蒙古-呼和浩特"】

