2024-11-05 00:26:15 开始第 3097 次操作

2024-11-05 00:26:15 开始操作号码 【1323096】
2024-11-05 00:26:16 GSD getOne 第 1 次 等待 3 秒
2024-11-05 00:26:19 查询号码 【1323096】，返回信息 {"status":"ok","msg":"河北-邢台","gid":"106094","time_insert":"2021-06-19 13:18"}
2024-11-05 00:26:19 查询号码 【1323096】，GSD为【"河北-邢台"】

2024-11-05 00:26:20 开始第 3098 次操作

2024-11-05 00:26:20 开始操作号码 【1323097】
2024-11-05 00:26:21 GSD getOne 第 1 次 等待 3 秒
2024-11-05 00:26:24 查询号码 【1323097】，返回信息 {"status":"ok","msg":"河北-邢台","gid":"106126","time_insert":"2021-06-19 13:47"}
2024-11-05 00:26:24 查询号码 【1323097】，GSD为【"河北-邢台"】

2024-11-05 00:26:25 开始第 3099 次操作

2024-11-05 00:26:25 开始操作号码 【1323098】
2024-11-05 00:26:26 GSD getOne 第 1 次 等待 3 秒
2024-11-05 00:26:29 查询号码 【1323098】，返回信息 {"status":"ok","msg":"河北-邢台","gid":"106158","time_insert":"2021-06-19 14:14"}
2024-11-05 00:26:29 查询号码 【1323098】，GSD为【"河北-邢台"】

2024-11-05 00:26:30 开始第 3100 次操作

2024-11-05 00:26:30 开始操作号码 【1323099】
2024-11-05 00:26:32 GSD getOne 第 1 次 等待 3 秒
2024-11-05 00:26:35 查询号码 【1323099】，返回信息 {"status":"ok","msg":"河北-邢台","gid":"106183","time_insert":"2021-06-19 14:35"}
2024-11-05 00:26:35 查询号码 【1323099】，GSD为【"河北-邢台"】

