2023-12-25 00:12:37 开始第 5173 次操作

2023-12-25 00:12:37 开始操作号码 【1865066】
2023-12-25 00:12:51 GSD getOne 第 1 次 等待 3 秒
2023-12-25 00:12:54 查询号码 【1865066】，返回信息 {"status":"ok","msg":"福建-南平","gid":"459113","time_insert":"2021-07-31 18:55"}
2023-12-25 00:12:55 查询号码 【1865066】，GSD为【"福建-南平"】

2023-12-25 00:12:56 开始第 5174 次操作

2023-12-25 00:12:56 开始操作号码 【1865067】
2023-12-25 00:13:10 GSD getOne 第 1 次 等待 3 秒
2023-12-25 00:13:13 查询号码 【1865067】，返回信息 {"status":"ok","msg":"福建-泉州","gid":"459104","time_insert":"2021-07-31 18:54"}
2023-12-25 00:13:13 查询号码 【1865067】，GSD为【"福建-泉州"】

2023-12-25 00:13:14 开始第 5175 次操作

2023-12-25 00:13:14 开始操作号码 【1865068】
2023-12-25 00:13:25 GSD getOne 第 1 次 等待 3 秒
2023-12-25 00:13:28 查询号码 【1865068】，返回信息 {"status":"ok","msg":"福建-南平","gid":"459089","time_insert":"2021-07-31 18:53"}
2023-12-25 00:13:28 查询号码 【1865068】，GSD为【"福建-南平"】

2023-12-25 00:13:29 开始第 5176 次操作

2023-12-25 00:13:29 开始操作号码 【1865069】
2023-12-25 00:13:33 GSD getOne 第 1 次 等待 3 秒
2023-12-25 00:13:36 查询号码 【1865069】，返回信息 {"status":"ok","msg":"福建-漳州","gid":"40827","time_insert":"2017-08-21 10:59","time_update":"2020-09-06 08:44"}
2023-12-25 00:13:36 查询号码 【1865069】，GSD为【"福建-漳州"】

