2024-07-03 00:16:12 开始第 4021 次操作

2024-07-03 00:16:12 开始操作号码 【1533903】
2024-07-03 00:16:20 GSD getOne 第 1 次 等待 3 秒
2024-07-03 00:16:23 查询号码 【1533903】，返回信息 {"status":"ok","msg":"陕西-西安","gid":"389620","time_insert":"2021-07-25 13:42"}
2024-07-03 00:16:24 查询号码 【1533903】，GSD为【"陕西-西安"】

2024-07-03 00:16:25 开始第 4022 次操作

2024-07-03 00:16:25 开始操作号码 【1533904】
2024-07-03 00:16:33 GSD getOne 第 1 次 等待 3 秒
2024-07-03 00:16:36 查询号码 【1533904】，返回信息 {"status":"ok","msg":"陕西-西安","gid":"389896","time_insert":"2021-07-25 13:59"}
2024-07-03 00:16:36 查询号码 【1533904】，GSD为【"陕西-西安"】

2024-07-03 00:16:37 开始第 4023 次操作

2024-07-03 00:16:37 开始操作号码 【1533905】
2024-07-03 00:16:45 GSD getOne 第 1 次 等待 3 秒
2024-07-03 00:16:48 查询号码 【1533905】，返回信息 {"status":"ok","msg":"陕西-西安","gid":"390007","time_insert":"2021-07-25 14:19"}
2024-07-03 00:16:48 查询号码 【1533905】，GSD为【"陕西-西安"】

2024-07-03 00:16:49 开始第 4024 次操作

2024-07-03 00:16:49 开始操作号码 【1533906】
2024-07-03 00:16:58 GSD getOne 第 1 次 等待 3 秒
2024-07-03 00:17:01 查询号码 【1533906】，返回信息 {"status":"ok","msg":"陕西-西安","gid":"390048","time_insert":"2021-07-25 14:38"}
2024-07-03 00:17:01 查询号码 【1533906】，GSD为【"陕西-西安"】

