2023-10-22 00:12:06 开始第 4505 次操作

2023-10-22 00:12:06 开始操作号码 【1964409】
2023-10-22 00:12:12 GSD getOne 第 1 次 等待 3 秒
2023-10-22 00:12:15 查询号码 【1964409】，返回信息 {"status":"ok","msg":"-","gid":"562459","time_insert":"2023-03-01 05:00"}
2023-10-22 00:12:15 查询号码 【1964409】，GSD为【"-"】
2023-10-22 00:12:15 ok && -
2023-10-22 00:12:17 CHB 1964409?1697904735 第 1 次 等待 3 秒
2023-10-22 00:12:20 CHB 1964409?1697904735 第 1 次 获取到号码【1964409】GSD
2023-10-22 00:12:20 未获取到号码【1964409】GSD，可能号码格式错误
2023-10-22 00:12:20 获取到号码【1964409】的GSD为【-】
2023-10-22 00:12:26 GSD insert 第 1 次 等待 3 秒
2023-10-22 00:12:29 {"status":"bad","gid":"562459","msg":"添加失败！号码【1964409(-|-)】已存在！"}
2023-10-22 00:12:29 随机等待 209 秒，约 3 分钟
2023-10-22 00:12:29 下次操作: 2023-10-22 00:15:58

2023-10-22 00:15:58 开始第 4506 次操作

2023-10-22 00:15:58 开始操作号码 【1964410】
2023-10-22 00:16:01 GSD getOne 第 1 次 等待 3 秒
2023-10-22 00:16:05 查询号码 【1964410】，返回信息 {"status":"ok","msg":"-","gid":"562472","time_insert":"2023-03-01 05:09"}
2023-10-22 00:16:05 查询号码 【1964410】，GSD为【"-"】
2023-10-22 00:16:05 ok && -
2023-10-22 00:16:06 CHB 1964410?1697904965 第 1 次 等待 3 秒
2023-10-22 00:16:09 CHB 1964410?1697904965 第 1 次 获取到号码【1964410】GSD
2023-10-22 00:16:09 未获取到号码【1964410】GSD，可能号码格式错误
2023-10-22 00:16:09 获取到号码【1964410】的GSD为【-】
2023-10-22 00:16:23 GSD insert 第 1 次 等待 3 秒
2023-10-22 00:16:26 {"status":"bad","gid":"562472","msg":"添加失败！号码【1964410(-|-)】已存在！"}
2023-10-22 00:16:26 随机等待 178 秒，约 2 分钟
2023-10-22 00:16:26 下次操作: 2023-10-22 00:19:24

2023-10-22 00:19:24 开始第 4507 次操作

2023-10-22 00:19:24 开始操作号码 【1964411】
2023-10-22 00:19:27 GSD getOne 第 1 次 等待 3 秒
2023-10-22 00:19:30 查询号码 【1964411】，返回信息 {"status":"ok","msg":"-","gid":"562475","time_insert":"2023-03-01 05:10"}
2023-10-22 00:19:30 查询号码 【1964411】，GSD为【"-"】
2023-10-22 00:19:30 ok && -
2023-10-22 00:19:37 CHB 1964411?1697905170 第 1 次 等待 3 秒
2023-10-22 00:19:40 CHB 1964411?1697905170 第 1 次 获取到号码【1964411】GSD
2023-10-22 00:19:40 未获取到号码【1964411】GSD，可能号码格式错误
2023-10-22 00:19:40 获取到号码【1964411】的GSD为【-】
2023-10-22 00:19:43 GSD insert 第 1 次 等待 3 秒
2023-10-22 00:19:46 {"status":"bad","gid":"562475","msg":"添加失败！号码【1964411(-|-)】已存在！"}
2023-10-22 00:19:46 随机等待 76 秒，约 1 分钟
2023-10-22 00:19:46 下次操作: 2023-10-22 00:21:02

2023-10-22 00:21:02 开始第 4508 次操作

2023-10-22 00:21:02 开始操作号码 【1964412】
2023-10-22 00:21:06 GSD getOne 第 1 次 等待 3 秒
2023-10-22 00:21:09 查询号码 【1964412】，返回信息 {"status":"ok","msg":"-","gid":"562478","time_insert":"2023-03-01 05:12"}
2023-10-22 00:21:09 查询号码 【1964412】，GSD为【"-"】
2023-10-22 00:21:09 ok && -
2023-10-22 00:21:11 CHB 1964412?1697905269 第 1 次 等待 3 秒
2023-10-22 00:21:14 CHB 1964412?1697905269 第 1 次 获取到号码【1964412】GSD
2023-10-22 00:21:14 未获取到号码【1964412】GSD，可能号码格式错误
2023-10-22 00:21:14 获取到号码【1964412】的GSD为【-】
2023-10-22 00:21:24 GSD insert 第 1 次 等待 3 秒
2023-10-22 00:21:27 {"status":"bad","gid":"562478","msg":"添加失败！号码【1964412(-|-)】已存在！"}

2023-10-22 00:36:19 开始第 4509 次操作

2023-10-22 00:36:19 开始操作号码 【1964413】
2023-10-22 00:36:25 GSD getOne 第 1 次 等待 3 秒
2023-10-22 00:36:28 查询号码 【1964413】，返回信息 {"status":"ok","msg":"-","gid":"562483","time_insert":"2023-03-01 05:14"}
2023-10-22 00:36:28 查询号码 【1964413】，GSD为【"-"】
2023-10-22 00:36:28 ok && -
2023-10-22 00:36:30 CHB 1964413?1697906188 第 1 次 等待 3 秒
2023-10-22 00:36:33 CHB 1964413?1697906188 第 1 次 获取到号码【1964413】GSD
2023-10-22 00:36:33 未获取到号码【1964413】GSD，可能号码格式错误
2023-10-22 00:36:33 获取到号码【1964413】的GSD为【-】
2023-10-22 00:36:39 GSD insert 第 1 次 等待 3 秒
2023-10-22 00:36:42 {"status":"bad","gid":"562483","msg":"添加失败！号码【1964413(-|-)】已存在！"}
2023-10-22 00:36:42 随机等待 159 秒，约 2 分钟
2023-10-22 00:36:42 下次操作: 2023-10-22 00:39:21

2023-10-22 00:39:21 开始第 4510 次操作

2023-10-22 00:39:21 开始操作号码 【1964414】
2023-10-22 00:39:45 GSD getOne 第 1 次 等待 3 秒
2023-10-22 00:39:48 查询号码 【1964414】，返回信息 {"status":"ok","msg":"-","gid":"562494","time_insert":"2023-03-01 05:23"}
2023-10-22 00:39:48 查询号码 【1964414】，GSD为【"-"】
2023-10-22 00:39:48 ok && -
2023-10-22 00:39:50 CHB 1964414?1697906388 第 1 次 等待 3 秒
2023-10-22 00:39:53 CHB 1964414?1697906388 第 1 次 获取到号码【1964414】GSD
2023-10-22 00:39:53 未获取到号码【1964414】GSD，可能号码格式错误
2023-10-22 00:39:53 获取到号码【1964414】的GSD为【-】
2023-10-22 00:39:57 GSD insert 第 1 次 等待 3 秒
2023-10-22 00:40:00 {"status":"bad","gid":"562494","msg":"添加失败！号码【1964414(-|-)】已存在！"}
2023-10-22 00:40:00 随机等待 94 秒，约 1 分钟
2023-10-22 00:40:00 下次操作: 2023-10-22 00:41:34

2023-10-22 00:41:34 开始第 4511 次操作

2023-10-22 00:41:34 开始操作号码 【1964415】
2023-10-22 00:41:38 GSD getOne 第 1 次 等待 3 秒
2023-10-22 00:41:41 查询号码 【1964415】，返回信息 {"status":"ok","msg":"-","gid":"562498","time_insert":"2023-03-01 05:25"}
2023-10-22 00:41:41 查询号码 【1964415】，GSD为【"-"】
2023-10-22 00:41:41 ok && -
2023-10-22 00:41:43 CHB 1964415?1697906501 第 1 次 等待 3 秒
2023-10-22 00:41:46 CHB 1964415?1697906501 第 1 次 获取到号码【1964415】GSD
2023-10-22 00:41:46 未获取到号码【1964415】GSD，可能号码格式错误
2023-10-22 00:41:46 获取到号码【1964415】的GSD为【-】
2023-10-22 00:41:52 GSD insert 第 1 次 等待 3 秒
2023-10-22 00:41:55 {"status":"bad","gid":"562498","msg":"添加失败！号码【1964415(-|-)】已存在！"}
2023-10-22 00:41:55 随机等待 213 秒，约 3 分钟
2023-10-22 00:41:55 下次操作: 2023-10-22 00:45:28

2023-10-22 00:45:28 开始第 4512 次操作

2023-10-22 00:45:28 开始操作号码 【1964416】
2023-10-22 00:45:52 GSD getOne 第 1 次 等待 3 秒
2023-10-22 00:45:55 查询号码 【1964416】，返回信息 {"status":"ok","msg":"-","gid":"562501","time_insert":"2023-03-01 05:27"}
2023-10-22 00:45:55 查询号码 【1964416】，GSD为【"-"】
2023-10-22 00:45:55 ok && -
2023-10-22 00:45:57 CHB 1964416?1697906755 第 1 次 等待 3 秒
2023-10-22 00:46:00 CHB 1964416?1697906755 第 1 次 获取到号码【1964416】GSD
2023-10-22 00:46:00 未获取到号码【1964416】GSD，可能号码格式错误
2023-10-22 00:46:00 获取到号码【1964416】的GSD为【-】
2023-10-22 00:46:03 GSD insert 第 1 次 等待 3 秒
2023-10-22 00:46:06 {"status":"bad","gid":"562501","msg":"添加失败！号码【1964416(-|-)】已存在！"}

