2023-12-03 00:12:18 开始第 1133 次操作

2023-12-03 00:12:18 开始操作号码 【1861026】
2023-12-03 00:12:26 GSD getOne 第 1 次 等待 3 秒
2023-12-03 00:12:29 查询号码 【1861026】，返回信息 {"status":"ok","msg":"北京-北京","gid":"412290","time_insert":"2021-07-27 11:30"}
2023-12-03 00:12:29 查询号码 【1861026】，GSD为【"北京-北京"】

2023-12-03 00:12:30 开始第 1134 次操作

2023-12-03 00:12:30 开始操作号码 【1861027】
2023-12-03 00:12:34 GSD getOne 第 1 次 等待 3 秒
2023-12-03 00:12:37 查询号码 【1861027】，返回信息 {"status":"ok","msg":"北京-北京","gid":"412309","time_insert":"2021-07-27 11:41"}
2023-12-03 00:12:37 查询号码 【1861027】，GSD为【"北京-北京"】

2023-12-03 00:12:38 开始第 1135 次操作

2023-12-03 00:12:38 开始操作号码 【1861028】
2023-12-03 00:12:49 GSD getOne 第 1 次 等待 3 秒
2023-12-03 00:12:52 查询号码 【1861028】，返回信息 {"status":"ok","msg":"北京-北京","gid":"412408","time_insert":"2021-07-27 11:52"}
2023-12-03 00:12:52 查询号码 【1861028】，GSD为【"北京-北京"】

2023-12-03 00:12:53 开始第 1136 次操作

2023-12-03 00:12:53 开始操作号码 【1861029】
2023-12-03 00:12:56 GSD getOne 第 1 次 等待 3 秒
2023-12-03 00:12:59 查询号码 【1861029】，返回信息 {"status":"ok","msg":"北京-北京","gid":"412642","time_insert":"2021-07-27 12:06"}
2023-12-03 00:12:59 查询号码 【1861029】，GSD为【"北京-北京"】

