2023-11-09 00:13:50 开始第 7789 次操作

2023-11-09 00:13:50 开始操作号码 【1967681】
2023-11-09 00:13:56 GSD getOne 第 1 次 等待 3 秒
2023-11-09 00:13:59 查询号码 【1967681】，返回信息 {"status":"ok","msg":"-","gid":"582304","time_insert":"2023-03-10 19:33"}
2023-11-09 00:13:59 查询号码 【1967681】，GSD为【"-"】
2023-11-09 00:13:59 ok && -
2023-11-09 00:14:01 CHB 1967681?1699460039 第 1 次 等待 3 秒
2023-11-09 00:14:04 CHB 1967681?1699460039 第 1 次 获取到号码【1967681】GSD
2023-11-09 00:14:04 未获取到号码【1967681】GSD，可能号码格式错误
2023-11-09 00:14:04 获取到号码【1967681】的GSD为【-】
2023-11-09 00:14:08 GSD insert 第 1 次 等待 3 秒
2023-11-09 00:14:11 {"status":"bad","gid":"582304","msg":"添加失败！号码【1967681(-|-)】已存在！"}
2023-11-09 00:14:11 随机等待 133 秒，约 2 分钟
2023-11-09 00:14:11 下次操作: 2023-11-09 00:16:24

2023-11-09 00:16:24 开始第 7790 次操作

2023-11-09 00:16:24 开始操作号码 【1967682】
2023-11-09 00:16:27 GSD getOne 第 1 次 等待 3 秒
2023-11-09 00:16:30 查询号码 【1967682】，返回信息 {"status":"ok","msg":"-","gid":"582307","time_insert":"2023-03-10 19:35"}
2023-11-09 00:16:30 查询号码 【1967682】，GSD为【"-"】
2023-11-09 00:16:30 ok && -
2023-11-09 00:16:34 CHB 1967682?1699460190 第 1 次 等待 3 秒
2023-11-09 00:16:37 CHB 1967682?1699460190 第 1 次 获取到号码【1967682】GSD
2023-11-09 00:16:37 未获取到号码【1967682】GSD，可能号码格式错误
2023-11-09 00:16:37 获取到号码【1967682】的GSD为【-】
2023-11-09 00:17:00 GSD insert 第 1 次 等待 3 秒
2023-11-09 00:17:03 {"status":"bad","gid":"582307","msg":"添加失败！号码【1967682(-|-)】已存在！"}
2023-11-09 00:17:03 随机等待 194 秒，约 3 分钟
2023-11-09 00:17:03 下次操作: 2023-11-09 00:20:17

2023-11-09 00:20:17 开始第 7791 次操作

2023-11-09 00:20:17 开始操作号码 【1967683】
2023-11-09 00:20:20 GSD getOne 第 1 次 等待 3 秒
2023-11-09 00:20:23 查询号码 【1967683】，返回信息 {"status":"ok","msg":"-","gid":"582312","time_insert":"2023-03-10 19:37"}
2023-11-09 00:20:23 查询号码 【1967683】，GSD为【"-"】
2023-11-09 00:20:23 ok && -
2023-11-09 00:20:26 CHB 1967683?1699460423 第 1 次 等待 3 秒
2023-11-09 00:20:29 CHB 1967683?1699460423 第 1 次 获取到号码【1967683】GSD
2023-11-09 00:20:29 未获取到号码【1967683】GSD，可能号码格式错误
2023-11-09 00:20:29 获取到号码【1967683】的GSD为【-】
2023-11-09 00:20:36 GSD insert 第 1 次 等待 3 秒
2023-11-09 00:20:39 {"status":"bad","gid":"582312","msg":"添加失败！号码【1967683(-|-)】已存在！"}
2023-11-09 00:20:39 随机等待 104 秒，约 1 分钟
2023-11-09 00:20:39 下次操作: 2023-11-09 00:22:23

2023-11-09 00:22:23 开始第 7792 次操作

2023-11-09 00:22:23 开始操作号码 【1967684】
2023-11-09 00:22:27 GSD getOne 第 1 次 等待 3 秒
2023-11-09 00:22:30 查询号码 【1967684】，返回信息 {"status":"ok","msg":"-","gid":"582317","time_insert":"2023-03-10 19:40"}
2023-11-09 00:22:31 查询号码 【1967684】，GSD为【"-"】
2023-11-09 00:22:31 ok && -
2023-11-09 00:22:35 CHB 1967684?1699460551 第 1 次 等待 3 秒
2023-11-09 00:22:38 CHB 1967684?1699460551 第 1 次 获取到号码【1967684】GSD
2023-11-09 00:22:38 未获取到号码【1967684】GSD，可能号码格式错误
2023-11-09 00:22:38 获取到号码【1967684】的GSD为【-】
2023-11-09 00:22:42 GSD insert 第 1 次 等待 3 秒
2023-11-09 00:22:45 {"status":"bad","gid":"582317","msg":"添加失败！号码【1967684(-|-)】已存在！"}

2023-11-09 00:38:28 开始第 7793 次操作

2023-11-09 00:38:28 开始操作号码 【1967685】
2023-11-09 00:38:31 GSD getOne 第 1 次 等待 3 秒
2023-11-09 00:38:34 查询号码 【1967685】，返回信息 {"status":"ok","msg":"-","gid":"582321","time_insert":"2023-03-10 19:42"}
2023-11-09 00:38:34 查询号码 【1967685】，GSD为【"-"】
2023-11-09 00:38:34 ok && -
2023-11-09 00:38:36 CHB 1967685?1699461514 第 1 次 等待 3 秒
2023-11-09 00:38:39 CHB 1967685?1699461514 第 1 次 获取到号码【1967685】GSD
2023-11-09 00:38:39 未获取到号码【1967685】GSD，可能号码格式错误
2023-11-09 00:38:39 获取到号码【1967685】的GSD为【-】
2023-11-09 00:38:45 GSD insert 第 1 次 等待 3 秒
2023-11-09 00:38:48 {"status":"bad","gid":"582321","msg":"添加失败！号码【1967685(-|-)】已存在！"}
2023-11-09 00:38:48 随机等待 103 秒，约 1 分钟
2023-11-09 00:38:48 下次操作: 2023-11-09 00:40:31

2023-11-09 00:40:31 开始第 7794 次操作

2023-11-09 00:40:31 开始操作号码 【1967686】
2023-11-09 00:40:36 GSD getOne 第 1 次 等待 3 秒
2023-11-09 00:40:39 查询号码 【1967686】，返回信息 {"status":"ok","msg":"-","gid":"582324","time_insert":"2023-03-10 19:45"}
2023-11-09 00:40:39 查询号码 【1967686】，GSD为【"-"】
2023-11-09 00:40:39 ok && -
2023-11-09 00:40:41 CHB 1967686?1699461639 第 1 次 等待 3 秒
2023-11-09 00:40:44 CHB 1967686?1699461639 第 1 次 获取到号码【1967686】GSD
2023-11-09 00:40:44 未获取到号码【1967686】GSD，可能号码格式错误
2023-11-09 00:40:44 获取到号码【1967686】的GSD为【-】
2023-11-09 00:40:47 GSD insert 第 1 次 等待 3 秒
2023-11-09 00:40:50 {"status":"bad","gid":"582324","msg":"添加失败！号码【1967686(-|-)】已存在！"}
2023-11-09 00:40:50 随机等待 129 秒，约 2 分钟
2023-11-09 00:40:50 下次操作: 2023-11-09 00:42:59

2023-11-09 00:42:59 开始第 7795 次操作

2023-11-09 00:42:59 开始操作号码 【1967687】
2023-11-09 00:43:08 GSD getOne 第 1 次 等待 3 秒
2023-11-09 00:43:11 查询号码 【1967687】，返回信息 {"status":"ok","msg":"-","gid":"582327","time_insert":"2023-03-10 19:48"}
2023-11-09 00:43:11 查询号码 【1967687】，GSD为【"-"】
2023-11-09 00:43:11 ok && -
2023-11-09 00:43:14 CHB 1967687?1699461791 第 1 次 等待 3 秒
2023-11-09 00:43:17 CHB 1967687?1699461791 第 1 次 获取到号码【1967687】GSD
2023-11-09 00:43:17 未获取到号码【1967687】GSD，可能号码格式错误
2023-11-09 00:43:17 获取到号码【1967687】的GSD为【-】
2023-11-09 00:43:21 GSD insert 第 1 次 等待 3 秒
2023-11-09 00:43:24 {"status":"bad","gid":"582327","msg":"添加失败！号码【1967687(-|-)】已存在！"}
2023-11-09 00:43:24 随机等待 126 秒，约 2 分钟
2023-11-09 00:43:24 下次操作: 2023-11-09 00:45:30

2023-11-09 00:45:30 开始第 7796 次操作

2023-11-09 00:45:30 开始操作号码 【1967688】
2023-11-09 00:45:36 GSD getOne 第 1 次 等待 3 秒
2023-11-09 00:45:39 查询号码 【1967688】，返回信息 {"status":"ok","msg":"-","gid":"582333","time_insert":"2023-03-10 19:50"}
2023-11-09 00:45:39 查询号码 【1967688】，GSD为【"-"】
2023-11-09 00:45:39 ok && -
2023-11-09 00:45:41 CHB 1967688?1699461939 第 1 次 等待 3 秒
2023-11-09 00:45:44 CHB 1967688?1699461939 第 1 次 获取到号码【1967688】GSD
2023-11-09 00:45:44 未获取到号码【1967688】GSD，可能号码格式错误
2023-11-09 00:45:44 获取到号码【1967688】的GSD为【-】
2023-11-09 00:45:47 GSD insert 第 1 次 等待 3 秒
2023-11-09 00:45:50 {"status":"bad","gid":"582333","msg":"添加失败！号码【1967688(-|-)】已存在！"}

2023-11-09 01:09:38 开始第 7797 次操作

2023-11-09 01:09:38 开始操作号码 【1967689】
2023-11-09 01:09:42 GSD getOne 第 1 次 等待 3 秒
2023-11-09 01:09:45 查询号码 【1967689】，返回信息 {"status":"ok","msg":"-","gid":"582336","time_insert":"2023-03-10 19:52"}
2023-11-09 01:09:45 查询号码 【1967689】，GSD为【"-"】
2023-11-09 01:09:45 ok && -
2023-11-09 01:09:48 CHB 1967689?1699463385 第 1 次 等待 3 秒
2023-11-09 01:09:51 CHB 1967689?1699463385 第 1 次 获取到号码【1967689】GSD
2023-11-09 01:09:51 未获取到号码【1967689】GSD，可能号码格式错误
2023-11-09 01:09:51 获取到号码【1967689】的GSD为【-】
2023-11-09 01:09:55 GSD insert 第 1 次 等待 3 秒
2023-11-09 01:09:58 {"status":"bad","gid":"582336","msg":"添加失败！号码【1967689(-|-)】已存在！"}
2023-11-09 01:09:58 随机等待 178 秒，约 2 分钟
2023-11-09 01:09:58 下次操作: 2023-11-09 01:12:56

2023-11-09 01:12:56 开始第 7798 次操作

2023-11-09 01:12:56 开始操作号码 【1967690】
2023-11-09 01:13:05 GSD getOne 第 1 次 等待 3 秒
2023-11-09 01:13:08 查询号码 【1967690】，返回信息 {"status":"ok","msg":"-","gid":"582341","time_insert":"2023-03-10 19:54"}
2023-11-09 01:13:08 查询号码 【1967690】，GSD为【"-"】
2023-11-09 01:13:08 ok && -
2023-11-09 01:13:11 CHB 1967690?1699463588 第 1 次 等待 3 秒
2023-11-09 01:13:14 CHB 1967690?1699463588 第 1 次 获取到号码【1967690】GSD
2023-11-09 01:13:15 未获取到号码【1967690】GSD，可能号码格式错误
2023-11-09 01:13:15 获取到号码【1967690】的GSD为【-】
2023-11-09 01:13:18 GSD insert 第 1 次 等待 3 秒
2023-11-09 01:13:21 {"status":"bad","gid":"582341","msg":"添加失败！号码【1967690(-|-)】已存在！"}
2023-11-09 01:13:21 随机等待 138 秒，约 2 分钟
2023-11-09 01:13:21 下次操作: 2023-11-09 01:15:39

2023-11-09 01:15:39 开始第 7799 次操作

2023-11-09 01:15:39 开始操作号码 【1967691】
2023-11-09 01:15:52 GSD getOne 第 1 次 等待 3 秒
2023-11-09 01:15:55 查询号码 【1967691】，返回信息 {"status":"ok","msg":"-","gid":"582347","time_insert":"2023-03-10 19:56"}
2023-11-09 01:15:55 查询号码 【1967691】，GSD为【"-"】
2023-11-09 01:15:55 ok && -
2023-11-09 01:15:57 CHB 1967691?1699463755 第 1 次 等待 3 秒
2023-11-09 01:16:00 CHB 1967691?1699463755 第 1 次 获取到号码【1967691】GSD
2023-11-09 01:16:00 未获取到号码【1967691】GSD，可能号码格式错误
2023-11-09 01:16:00 获取到号码【1967691】的GSD为【-】
2023-11-09 01:16:04 GSD insert 第 1 次 等待 3 秒
2023-11-09 01:16:07 {"status":"bad","gid":"582347","msg":"添加失败！号码【1967691(-|-)】已存在！"}
2023-11-09 01:16:07 随机等待 105 秒，约 1 分钟
2023-11-09 01:16:07 下次操作: 2023-11-09 01:17:52

2023-11-09 01:17:52 开始第 7800 次操作

2023-11-09 01:17:52 开始操作号码 【1967692】
2023-11-09 01:17:55 GSD getOne 第 1 次 等待 3 秒
2023-11-09 01:17:58 查询号码 【1967692】，返回信息 {"status":"ok","msg":"-","gid":"582353","time_insert":"2023-03-10 19:59"}
2023-11-09 01:17:58 查询号码 【1967692】，GSD为【"-"】
2023-11-09 01:17:58 ok && -
2023-11-09 01:18:01 CHB 1967692?1699463878 第 1 次 等待 3 秒
2023-11-09 01:18:04 CHB 1967692?1699463878 第 1 次 获取到号码【1967692】GSD
2023-11-09 01:18:04 未获取到号码【1967692】GSD，可能号码格式错误
2023-11-09 01:18:04 获取到号码【1967692】的GSD为【-】
2023-11-09 01:18:08 GSD insert 第 1 次 等待 3 秒
2023-11-09 01:18:11 {"status":"bad","gid":"582353","msg":"添加失败！号码【1967692(-|-)】已存在！"}

