2024-07-07 00:13:05 开始第 4745 次操作

2024-07-07 00:13:05 开始操作号码 【1534627】
2024-07-07 00:13:14 GSD getOne 第 1 次 等待 3 秒
2024-07-07 00:13:17 查询号码 【1534627】，返回信息 {"status":"ok","msg":"河南-鹤壁","gid":"425757","time_insert":"2021-07-28 16:59"}
2024-07-07 00:13:17 查询号码 【1534627】，GSD为【"河南-鹤壁"】

2024-07-07 00:13:18 开始第 4746 次操作

2024-07-07 00:13:18 开始操作号码 【1534628】
2024-07-07 00:13:27 GSD getOne 第 1 次 等待 3 秒
2024-07-07 00:13:30 查询号码 【1534628】，返回信息 {"status":"ok","msg":"河南-鹤壁","gid":"425751","time_insert":"2021-07-28 16:58"}
2024-07-07 00:13:30 查询号码 【1534628】，GSD为【"河南-鹤壁"】

2024-07-07 00:13:31 开始第 4747 次操作

2024-07-07 00:13:31 开始操作号码 【1534629】
2024-07-07 00:13:41 GSD getOne 第 1 次 等待 3 秒
2024-07-07 00:13:44 查询号码 【1534629】，返回信息 {"status":"ok","msg":"河南-鹤壁","gid":"425746","time_insert":"2021-07-28 16:58"}
2024-07-07 00:13:44 查询号码 【1534629】，GSD为【"河南-鹤壁"】

2024-07-07 00:13:45 开始第 4748 次操作

2024-07-07 00:13:45 开始操作号码 【1534630】
2024-07-07 00:13:59 GSD getOne 第 1 次 等待 3 秒
2024-07-07 00:14:02 查询号码 【1534630】，返回信息 {"status":"ok","msg":"河南-濮阳","gid":"21062","time_insert":"2017-10-01 09:52","time_update":"2020-09-12 09:53"}
2024-07-07 00:14:02 查询号码 【1534630】，GSD为【"河南-濮阳"】

2024-07-07 00:37:53 开始第 4749 次操作

2024-07-07 00:37:53 开始操作号码 【1534631】
2024-07-07 00:38:02 GSD getOne 第 1 次 等待 3 秒
2024-07-07 00:38:05 查询号码 【1534631】，返回信息 {"status":"ok","msg":"河南-濮阳","gid":"425739","time_insert":"2021-07-28 16:57"}
2024-07-07 00:38:05 查询号码 【1534631】，GSD为【"河南-濮阳"】

2024-07-07 00:38:06 开始第 4750 次操作

2024-07-07 00:38:06 开始操作号码 【1534632】
2024-07-07 00:38:14 GSD getOne 第 1 次 等待 3 秒
2024-07-07 00:38:17 查询号码 【1534632】，返回信息 {"status":"ok","msg":"河南-濮阳","gid":"54406","time_insert":"2020-12-16 15:02"}
2024-07-07 00:38:17 查询号码 【1534632】，GSD为【"河南-濮阳"】

2024-07-07 00:38:18 开始第 4751 次操作

2024-07-07 00:38:18 开始操作号码 【1534633】
2024-07-07 00:38:27 GSD getOne 第 1 次 等待 3 秒
2024-07-07 00:38:30 查询号码 【1534633】，返回信息 {"status":"ok","msg":"河南-濮阳","gid":"54407","time_insert":"2021-04-02 08:28"}
2024-07-07 00:38:30 查询号码 【1534633】，GSD为【"河南-濮阳"】

2024-07-07 00:38:31 开始第 4752 次操作

2024-07-07 00:38:31 开始操作号码 【1534634】
2024-07-07 00:38:40 GSD getOne 第 1 次 等待 3 秒
2024-07-07 00:38:43 查询号码 【1534634】，返回信息 {"status":"ok","msg":"河南-驻马店","gid":"425731","time_insert":"2021-07-28 16:56"}
2024-07-07 00:38:43 查询号码 【1534634】，GSD为【"河南-驻马店"】

