2024-02-19 00:12:29 开始第 4581 次操作

2024-02-19 00:12:29 开始操作号码 【1754474】
2024-02-19 00:12:34 GSD getOne 第 1 次 等待 3 秒
2024-02-19 00:12:37 查询号码 【1754474】，返回信息 {"status":"ok","msg":"-","gid":"180970","time_insert":"2021-07-03 11:50"}
2024-02-19 00:12:37 查询号码 【1754474】，GSD为【"-"】
2024-02-19 00:12:37 ok && -
2024-02-19 00:12:40 CHB 1754474?1708272757 第 1 次 等待 3 秒
2024-02-19 00:12:43 CHB 1754474?1708272757 第 1 次 获取到号码【1754474】GSD
2024-02-19 00:12:43 未获取到号码【1754474】GSD，可能号码格式错误
2024-02-19 00:12:43 获取到号码【1754474】的GSD为【-】
2024-02-19 00:12:47 GSD insert 第 1 次 等待 3 秒
2024-02-19 00:12:50 {"status":"bad","gid":"180970","msg":"添加失败！号码【1754474(-|-)】已存在！"}
2024-02-19 00:12:50 随机等待 212 秒，约 3 分钟
2024-02-19 00:12:50 下次操作: 2024-02-19 00:16:22

2024-02-19 00:16:22 开始第 4582 次操作

2024-02-19 00:16:22 开始操作号码 【1754475】
2024-02-19 00:16:26 GSD getOne 第 1 次 等待 3 秒
2024-02-19 00:16:29 查询号码 【1754475】，返回信息 {"status":"ok","msg":"-","gid":"180981","time_insert":"2021-07-03 11:51"}
2024-02-19 00:16:30 查询号码 【1754475】，GSD为【"-"】
2024-02-19 00:16:30 ok && -
2024-02-19 00:16:33 CHB 1754475?1708272990 第 1 次 等待 3 秒
2024-02-19 00:16:36 CHB 1754475?1708272990 第 1 次 获取到号码【1754475】GSD
2024-02-19 00:16:36 未获取到号码【1754475】GSD，可能号码格式错误
2024-02-19 00:16:36 获取到号码【1754475】的GSD为【-】
2024-02-19 00:16:42 GSD insert 第 1 次 等待 3 秒
2024-02-19 00:16:45 {"status":"bad","gid":"180981","msg":"添加失败！号码【1754475(-|-)】已存在！"}
2024-02-19 00:16:45 随机等待 132 秒，约 2 分钟
2024-02-19 00:16:45 下次操作: 2024-02-19 00:18:57

2024-02-19 00:18:57 开始第 4583 次操作

2024-02-19 00:18:57 开始操作号码 【1754476】
2024-02-19 00:19:01 GSD getOne 第 1 次 等待 3 秒
2024-02-19 00:19:04 查询号码 【1754476】，返回信息 {"status":"ok","msg":"-","gid":"180991","time_insert":"2021-07-03 11:52"}
2024-02-19 00:19:04 查询号码 【1754476】，GSD为【"-"】
2024-02-19 00:19:04 ok && -
2024-02-19 00:19:07 CHB 1754476?1708273144 第 1 次 等待 3 秒
2024-02-19 00:19:10 CHB 1754476?1708273144 第 1 次 获取到号码【1754476】GSD
2024-02-19 00:19:10 未获取到号码【1754476】GSD，可能号码格式错误
2024-02-19 00:19:10 获取到号码【1754476】的GSD为【-】
2024-02-19 00:19:15 GSD insert 第 1 次 等待 3 秒
2024-02-19 00:19:18 {"status":"bad","gid":"180991","msg":"添加失败！号码【1754476(-|-)】已存在！"}
2024-02-19 00:19:18 随机等待 215 秒，约 3 分钟
2024-02-19 00:19:18 下次操作: 2024-02-19 00:22:53

2024-02-19 00:22:53 开始第 4584 次操作

2024-02-19 00:22:53 开始操作号码 【1754477】
2024-02-19 00:23:01 GSD getOne 第 1 次 等待 3 秒
2024-02-19 00:23:04 查询号码 【1754477】，返回信息 {"status":"ok","msg":"-","gid":"181002","time_insert":"2021-07-03 11:53"}
2024-02-19 00:23:04 查询号码 【1754477】，GSD为【"-"】
2024-02-19 00:23:04 ok && -
2024-02-19 00:23:07 CHB 1754477?1708273384 第 1 次 等待 3 秒
2024-02-19 00:23:10 CHB 1754477?1708273384 第 1 次 获取到号码【1754477】GSD
2024-02-19 00:23:10 未获取到号码【1754477】GSD，可能号码格式错误
2024-02-19 00:23:10 获取到号码【1754477】的GSD为【-】
2024-02-19 00:23:17 GSD insert 第 1 次 等待 3 秒
2024-02-19 00:23:20 {"status":"bad","gid":"181002","msg":"添加失败！号码【1754477(-|-)】已存在！"}

