2024-11-09 00:31:31 开始第 3781 次操作

2024-11-09 00:31:31 开始操作号码 【1323780】
2024-11-09 00:31:32 GSD getOne 第 1 次 等待 3 秒
2024-11-09 00:31:35 查询号码 【1323780】，返回信息 {"status":"ok","msg":"广西-南宁","gid":"141014","time_insert":"2021-06-27 18:45"}
2024-11-09 00:31:35 查询号码 【1323780】，GSD为【"广西-南宁"】

2024-11-09 00:31:36 开始第 3782 次操作

2024-11-09 00:31:36 开始操作号码 【1323781】
2024-11-09 00:31:37 GSD getOne 第 1 次 等待 3 秒
2024-11-09 00:31:40 查询号码 【1323781】，返回信息 {"status":"ok","msg":"广西-南宁","gid":"141211","time_insert":"2021-06-27 18:58"}
2024-11-09 00:31:40 查询号码 【1323781】，GSD为【"广西-南宁"】

2024-11-09 00:31:41 开始第 3783 次操作

2024-11-09 00:31:41 开始操作号码 【1323782】
2024-11-09 00:31:42 GSD getOne 第 1 次 等待 3 秒
2024-11-09 00:31:45 查询号码 【1323782】，返回信息 {"status":"ok","msg":"广西-柳州","gid":"141280","time_insert":"2021-06-27 19:11"}
2024-11-09 00:31:45 查询号码 【1323782】，GSD为【"广西-柳州"】

2024-11-09 00:31:46 开始第 3784 次操作

2024-11-09 00:31:46 开始操作号码 【1323783】
2024-11-09 00:31:47 GSD getOne 第 1 次 等待 3 秒
2024-11-09 00:31:50 查询号码 【1323783】，返回信息 {"status":"ok","msg":"广西-桂林","gid":"141294","time_insert":"2021-06-27 19:21"}
2024-11-09 00:31:50 查询号码 【1323783】，GSD为【"广西-桂林"】

