2023-09-29 00:13:22 开始第 485 次操作

2023-09-29 00:13:22 开始操作号码 【1960484】
2023-09-29 00:13:24 GSD getOne 第 1 次 等待 3 秒
2023-09-29 00:13:27 查询号码 【1960484】，返回信息 {"status":"ok","msg":"内蒙古-乌兰察布","gid":"538172","time_insert":"2023-02-18 14:53"}
2023-09-29 00:13:27 查询号码 【1960484】，GSD为【"内蒙古-乌兰察布"】

2023-09-29 00:13:28 开始第 486 次操作

2023-09-29 00:13:28 开始操作号码 【1960485】
2023-09-29 00:13:29 GSD getOne 第 1 次 等待 3 秒
2023-09-29 00:13:32 查询号码 【1960485】，返回信息 {"status":"ok","msg":"内蒙古-通辽","gid":"538176","time_insert":"2023-02-18 14:55"}
2023-09-29 00:13:32 查询号码 【1960485】，GSD为【"内蒙古-通辽"】

2023-09-29 00:13:33 开始第 487 次操作

2023-09-29 00:13:33 开始操作号码 【1960486】
2023-09-29 00:13:44 GSD getOne 第 1 次 等待 3 秒
2023-09-29 00:13:47 查询号码 【1960486】，返回信息 {"status":"ok","msg":"内蒙古-赤峰","gid":"538181","time_insert":"2023-02-18 14:57"}
2023-09-29 00:13:47 查询号码 【1960486】，GSD为【"内蒙古-赤峰"】

2023-09-29 00:13:48 开始第 488 次操作

2023-09-29 00:13:48 开始操作号码 【1960487】
2023-09-29 00:13:50 GSD getOne 第 1 次 等待 3 秒
2023-09-29 00:13:53 查询号码 【1960487】，返回信息 {"status":"ok","msg":"内蒙古-鄂尔多斯","gid":"538184","time_insert":"2023-02-18 14:59"}
2023-09-29 00:13:53 查询号码 【1960487】，GSD为【"内蒙古-鄂尔多斯"】

2023-09-29 00:37:31 开始第 489 次操作

2023-09-29 00:37:31 开始操作号码 【1960488】
2023-09-29 00:37:35 GSD getOne 第 1 次 等待 3 秒
2023-09-29 00:37:38 查询号码 【1960488】，返回信息 {"status":"ok","msg":"内蒙古-巴彦淖尔","gid":"538196","time_insert":"2023-02-18 15:08"}
2023-09-29 00:37:38 查询号码 【1960488】，GSD为【"内蒙古-巴彦淖尔"】

2023-09-29 00:37:39 开始第 490 次操作

2023-09-29 00:37:39 开始操作号码 【1960489】
2023-09-29 00:37:43 GSD getOne 第 1 次 等待 3 秒
2023-09-29 00:37:46 查询号码 【1960489】，返回信息 {"status":"ok","msg":"内蒙古-巴彦淖尔","gid":"538201","time_insert":"2023-02-18 15:11"}
2023-09-29 00:37:46 查询号码 【1960489】，GSD为【"内蒙古-巴彦淖尔"】

2023-09-29 00:37:47 开始第 491 次操作

2023-09-29 00:37:47 开始操作号码 【1960490】
2023-09-29 00:37:51 GSD getOne 第 1 次 等待 3 秒
2023-09-29 00:37:54 查询号码 【1960490】，返回信息 {"status":"ok","msg":"-","gid":"538204","time_insert":"2023-02-18 15:14"}
2023-09-29 00:37:54 查询号码 【1960490】，GSD为【"-"】
2023-09-29 00:37:54 ok && -
2023-09-29 00:37:58 CHB 1960490?1695919074 第 1 次 等待 3 秒
2023-09-29 00:38:01 CHB 1960490?1695919074 第 1 次 获取到号码【1960490】GSD
2023-09-29 00:38:02 未获取到号码【1960490】GSD，可能号码格式错误
2023-09-29 00:38:02 获取到号码【1960490】的GSD为【-】
2023-09-29 00:38:03 GSD insert 第 1 次 等待 3 秒
2023-09-29 00:38:06 {"status":"bad","gid":"538204","msg":"添加失败！号码【1960490(-|-)】已存在！"}
2023-09-29 00:38:06 随机等待 72 秒，约 1 分钟
2023-09-29 00:38:06 下次操作: 2023-09-29 00:39:18

2023-09-29 00:39:18 开始第 492 次操作

2023-09-29 00:39:18 开始操作号码 【1960491】
2023-09-29 00:39:23 GSD getOne 第 1 次 等待 3 秒
2023-09-29 00:39:26 查询号码 【1960491】，返回信息 {"status":"ok","msg":"-","gid":"538208","time_insert":"2023-02-18 15:17"}
2023-09-29 00:39:26 查询号码 【1960491】，GSD为【"-"】
2023-09-29 00:39:26 ok && -
2023-09-29 00:39:29 CHB 1960491?1695919166 第 1 次 等待 3 秒
2023-09-29 00:39:32 CHB 1960491?1695919166 第 1 次 获取到号码【1960491】GSD
2023-09-29 00:39:32 未获取到号码【1960491】GSD，可能号码格式错误
2023-09-29 00:39:32 获取到号码【1960491】的GSD为【-】
2023-09-29 00:39:33 GSD insert 第 1 次 等待 3 秒
2023-09-29 00:39:36 {"status":"bad","gid":"538208","msg":"添加失败！号码【1960491(-|-)】已存在！"}

