2024-01-29 00:11:16 开始第 717 次操作

2024-01-29 00:11:16 开始操作号码 【1750610】
2024-01-29 00:11:20 GSD getOne 第 1 次 等待 3 秒
2024-01-29 00:11:23 查询号码 【1750610】，返回信息 {"status":"ok","msg":"江苏-泰州","gid":"139221","time_insert":"2021-06-27 13:06"}
2024-01-29 00:11:23 查询号码 【1750610】，GSD为【"江苏-泰州"】

2024-01-29 00:11:24 开始第 718 次操作

2024-01-29 00:11:24 开始操作号码 【1750611】
2024-01-29 00:11:36 GSD getOne 第 1 次 等待 3 秒
2024-01-29 00:11:39 查询号码 【1750611】，返回信息 {"status":"ok","msg":"江苏-泰州","gid":"139226","time_insert":"2021-06-27 13:07"}
2024-01-29 00:11:39 查询号码 【1750611】，GSD为【"江苏-泰州"】

2024-01-29 00:11:40 开始第 719 次操作

2024-01-29 00:11:40 开始操作号码 【1750612】
2024-01-29 00:11:45 GSD getOne 第 1 次 等待 3 秒
2024-01-29 00:11:48 查询号码 【1750612】，返回信息 {"status":"ok","msg":"江苏-连云港","gid":"139231","time_insert":"2021-06-27 13:07"}
2024-01-29 00:11:48 查询号码 【1750612】，GSD为【"江苏-连云港"】

2024-01-29 00:11:49 开始第 720 次操作

2024-01-29 00:11:49 开始操作号码 【1750613】
2024-01-29 00:11:53 GSD getOne 第 1 次 等待 3 秒
2024-01-29 00:11:56 查询号码 【1750613】，返回信息 {"status":"ok","msg":"江苏-连云港","gid":"139236","time_insert":"2021-06-27 13:07"}
2024-01-29 00:11:56 查询号码 【1750613】，GSD为【"江苏-连云港"】

