2023-12-08 00:14:36 开始第 2049 次操作

2023-12-08 00:14:36 开始操作号码 【1861942】
2023-12-08 00:14:41 GSD getOne 第 1 次 等待 3 秒
2023-12-08 00:14:44 查询号码 【1861942】，返回信息 {"status":"ok","msg":"北京-北京","gid":"491386","time_insert":"2021-08-03 17:31"}
2023-12-08 00:14:44 查询号码 【1861942】，GSD为【"北京-北京"】

2023-12-08 00:14:45 开始第 2050 次操作

2023-12-08 00:14:45 开始操作号码 【1861943】
2023-12-08 00:14:49 GSD getOne 第 1 次 等待 3 秒
2023-12-08 00:14:52 查询号码 【1861943】，返回信息 {"status":"ok","msg":"北京-北京","gid":"491380","time_insert":"2021-08-03 17:30"}
2023-12-08 00:14:52 查询号码 【1861943】，GSD为【"北京-北京"】

2023-12-08 00:14:53 开始第 2051 次操作

2023-12-08 00:14:53 开始操作号码 【1861944】
2023-12-08 00:14:56 GSD getOne 第 1 次 等待 3 秒
2023-12-08 00:14:59 查询号码 【1861944】，返回信息 {"status":"ok","msg":"北京-北京","gid":"491372","time_insert":"2021-08-03 17:29"}
2023-12-08 00:14:59 查询号码 【1861944】，GSD为【"北京-北京"】

2023-12-08 00:15:00 开始第 2052 次操作

2023-12-08 00:15:00 开始操作号码 【1861945】
2023-12-08 00:15:05 GSD getOne 第 1 次 等待 3 秒
2023-12-08 00:15:08 查询号码 【1861945】，返回信息 {"status":"ok","msg":"北京-北京","gid":"491363","time_insert":"2021-08-03 17:28"}
2023-12-08 00:15:08 查询号码 【1861945】，GSD为【"北京-北京"】

