2024-01-04 00:13:30 开始第 7009 次操作

2024-01-04 00:13:30 开始操作号码 【1866902】
2024-01-04 00:13:33 GSD getOne 第 1 次 等待 3 秒
2024-01-04 00:13:36 查询号码 【1866902】，返回信息 {"status":"ok","msg":"云南-昆明","gid":"438092","time_insert":"2021-07-29 22:55"}
2024-01-04 00:13:36 查询号码 【1866902】，GSD为【"云南-昆明"】

2024-01-04 00:13:37 开始第 7010 次操作

2024-01-04 00:13:37 开始操作号码 【1866903】
2024-01-04 00:13:40 GSD getOne 第 1 次 等待 3 秒
2024-01-04 00:13:43 查询号码 【1866903】，返回信息 {"status":"ok","msg":"云南-昆明","gid":"438082","time_insert":"2021-07-29 22:54"}
2024-01-04 00:13:43 查询号码 【1866903】，GSD为【"云南-昆明"】

2024-01-04 00:13:44 开始第 7011 次操作

2024-01-04 00:13:44 开始操作号码 【1866904】
2024-01-04 00:13:47 GSD getOne 第 1 次 等待 3 秒
2024-01-04 00:13:50 查询号码 【1866904】，返回信息 {"status":"ok","msg":"云南-昆明","gid":"438070","time_insert":"2021-07-29 22:53"}
2024-01-04 00:13:50 查询号码 【1866904】，GSD为【"云南-昆明"】

2024-01-04 00:13:51 开始第 7012 次操作

2024-01-04 00:13:51 开始操作号码 【1866905】
2024-01-04 00:13:53 GSD getOne 第 1 次 等待 3 秒
2024-01-04 00:13:56 查询号码 【1866905】，返回信息 {"status":"ok","msg":"云南-昆明","gid":"438061","time_insert":"2021-07-29 22:53"}
2024-01-04 00:13:57 查询号码 【1866905】，GSD为【"云南-昆明"】

2024-01-04 00:37:26 开始第 7013 次操作

2024-01-04 00:37:26 开始操作号码 【1866906】
2024-01-04 00:37:30 GSD getOne 第 1 次 等待 3 秒
2024-01-04 00:37:33 查询号码 【1866906】，返回信息 {"status":"ok","msg":"云南-昆明","gid":"438050","time_insert":"2021-07-29 22:52"}
2024-01-04 00:37:33 查询号码 【1866906】，GSD为【"云南-昆明"】

2024-01-04 00:37:34 开始第 7014 次操作

2024-01-04 00:37:34 开始操作号码 【1866907】
2024-01-04 00:37:36 GSD getOne 第 1 次 等待 3 秒
2024-01-04 00:37:39 查询号码 【1866907】，返回信息 {"status":"ok","msg":"云南-昆明","gid":"438037","time_insert":"2021-07-29 22:51"}
2024-01-04 00:37:39 查询号码 【1866907】，GSD为【"云南-昆明"】

2024-01-04 00:37:40 开始第 7015 次操作

2024-01-04 00:37:40 开始操作号码 【1866908】
2024-01-04 00:37:43 GSD getOne 第 1 次 等待 3 秒
2024-01-04 00:37:46 查询号码 【1866908】，返回信息 {"status":"ok","msg":"云南-昆明","gid":"40962","time_insert":"2016-10-23 20:53","time_update":"2020-12-06 06:41"}
2024-01-04 00:37:46 查询号码 【1866908】，GSD为【"云南-昆明"】

2024-01-04 00:37:47 开始第 7016 次操作

2024-01-04 00:37:47 开始操作号码 【1866909】
2024-01-04 00:37:50 GSD getOne 第 1 次 等待 3 秒
2024-01-04 00:37:53 查询号码 【1866909】，返回信息 {"status":"ok","msg":"云南-昆明","gid":"438021","time_insert":"2021-07-29 22:50"}
2024-01-04 00:37:53 查询号码 【1866909】，GSD为【"云南-昆明"】

2024-01-04 01:10:04 开始第 7017 次操作

2024-01-04 01:10:04 开始操作号码 【1866910】
2024-01-04 01:10:08 GSD getOne 第 1 次 等待 3 秒
2024-01-04 01:10:11 查询号码 【1866910】，返回信息 {"status":"ok","msg":"云南-昆明","gid":"40963","time_insert":"2018-07-12 15:30","time_update":"2020-12-06 06:44"}
2024-01-04 01:10:11 查询号码 【1866910】，GSD为【"云南-昆明"】

2024-01-04 01:10:12 开始第 7018 次操作

2024-01-04 01:10:12 开始操作号码 【1866911】
2024-01-04 01:10:15 GSD getOne 第 1 次 等待 3 秒
2024-01-04 01:10:18 查询号码 【1866911】，返回信息 {"status":"ok","msg":"云南-昆明","gid":"438001","time_insert":"2021-07-29 22:48"}
2024-01-04 01:10:18 查询号码 【1866911】，GSD为【"云南-昆明"】

2024-01-04 01:10:19 开始第 7019 次操作

2024-01-04 01:10:19 开始操作号码 【1866912】
2024-01-04 01:10:22 GSD getOne 第 1 次 等待 3 秒
2024-01-04 01:10:25 查询号码 【1866912】，返回信息 {"status":"ok","msg":"云南-临沧","gid":"437989","time_insert":"2021-07-29 22:47"}
2024-01-04 01:10:25 查询号码 【1866912】，GSD为【"云南-临沧"】

2024-01-04 01:10:26 开始第 7020 次操作

2024-01-04 01:10:26 开始操作号码 【1866913】
2024-01-04 01:10:29 GSD getOne 第 1 次 等待 3 秒
2024-01-04 01:10:32 查询号码 【1866913】，返回信息 {"status":"ok","msg":"云南-临沧","gid":"437981","time_insert":"2021-07-29 22:47"}
2024-01-04 01:10:32 查询号码 【1866913】，GSD为【"云南-临沧"】

2024-01-04 01:34:14 开始第 7021 次操作

2024-01-04 01:34:14 开始操作号码 【1866914】
2024-01-04 01:34:18 GSD getOne 第 1 次 等待 3 秒
2024-01-04 01:34:21 查询号码 【1866914】，返回信息 {"status":"ok","msg":"云南-临沧","gid":"437967","time_insert":"2021-07-29 22:46"}
2024-01-04 01:34:21 查询号码 【1866914】，GSD为【"云南-临沧"】

2024-01-04 01:34:22 开始第 7022 次操作

2024-01-04 01:34:22 开始操作号码 【1866915】
2024-01-04 01:34:25 GSD getOne 第 1 次 等待 3 秒
2024-01-04 01:34:28 查询号码 【1866915】，返回信息 {"status":"ok","msg":"云南-西双版纳","gid":"437957","time_insert":"2021-07-29 22:45"}
2024-01-04 01:34:28 查询号码 【1866915】，GSD为【"云南-西双版纳"】

2024-01-04 01:34:29 开始第 7023 次操作

2024-01-04 01:34:29 开始操作号码 【1866916】
2024-01-04 01:34:32 GSD getOne 第 1 次 等待 3 秒
2024-01-04 01:34:35 查询号码 【1866916】，返回信息 {"status":"ok","msg":"云南-昆明","gid":"40964","time_insert":"2018-04-20 16:28","time_update":"2020-12-06 06:49"}
2024-01-04 01:34:35 查询号码 【1866916】，GSD为【"云南-昆明"】

2024-01-04 01:34:36 开始第 7024 次操作

2024-01-04 01:34:36 开始操作号码 【1866917】
2024-01-04 01:34:39 GSD getOne 第 1 次 等待 3 秒
2024-01-04 01:34:42 查询号码 【1866917】，返回信息 {"status":"ok","msg":"云南-昆明","gid":"40965","time_insert":"2016-11-08 15:58","time_update":"2020-12-06 06:53"}
2024-01-04 01:34:42 查询号码 【1866917】，GSD为【"云南-昆明"】

2024-01-04 02:13:40 开始第 7025 次操作

2024-01-04 02:13:40 开始操作号码 【1866918】
2024-01-04 02:13:43 GSD getOne 第 1 次 等待 3 秒
2024-01-04 02:13:46 查询号码 【1866918】，返回信息 {"status":"ok","msg":"云南-西双版纳","gid":"40966","time_insert":"2016-04-09 09:50","time_update":"2021-01-22 07:33"}
2024-01-04 02:13:46 查询号码 【1866918】，GSD为【"云南-西双版纳"】

2024-01-04 02:13:47 开始第 7026 次操作

2024-01-04 02:13:47 开始操作号码 【1866919】
2024-01-04 02:13:50 GSD getOne 第 1 次 等待 3 秒
2024-01-04 02:13:53 查询号码 【1866919】，返回信息 {"status":"ok","msg":"云南-西双版纳","gid":"437934","time_insert":"2021-07-29 22:43"}
2024-01-04 02:13:53 查询号码 【1866919】，GSD为【"云南-西双版纳"】

2024-01-04 02:13:54 开始第 7027 次操作

2024-01-04 02:13:54 开始操作号码 【1866920】
2024-01-04 02:13:57 GSD getOne 第 1 次 等待 3 秒
2024-01-04 02:14:00 查询号码 【1866920】，返回信息 {"status":"ok","msg":"云南-昆明","gid":"437920","time_insert":"2021-07-29 22:42"}
2024-01-04 02:14:00 查询号码 【1866920】，GSD为【"云南-昆明"】

2024-01-04 02:14:01 开始第 7028 次操作

2024-01-04 02:14:01 开始操作号码 【1866921】
2024-01-04 02:14:03 GSD getOne 第 1 次 等待 3 秒
2024-01-04 02:14:06 查询号码 【1866921】，返回信息 {"status":"ok","msg":"云南-昆明","gid":"437894","time_insert":"2021-07-29 22:38"}
2024-01-04 02:14:06 查询号码 【1866921】，GSD为【"云南-昆明"】

2024-01-04 02:35:17 开始第 7029 次操作

2024-01-04 02:35:17 开始操作号码 【1866922】
2024-01-04 02:35:20 GSD getOne 第 1 次 等待 3 秒
2024-01-04 02:35:23 查询号码 【1866922】，返回信息 {"status":"ok","msg":"云南-昆明","gid":"40967","time_insert":"2018-08-13 15:03","time_update":"2020-12-06 06:57"}
2024-01-04 02:35:23 查询号码 【1866922】，GSD为【"云南-昆明"】

2024-01-04 02:35:24 开始第 7030 次操作

2024-01-04 02:35:24 开始操作号码 【1866923】
2024-01-04 02:35:27 GSD getOne 第 1 次 等待 3 秒
2024-01-04 02:35:30 查询号码 【1866923】，返回信息 {"status":"ok","msg":"云南-怒江","gid":"437805","time_insert":"2021-07-29 22:07"}
2024-01-04 02:35:30 查询号码 【1866923】，GSD为【"云南-怒江"】

2024-01-04 02:35:31 开始第 7031 次操作

2024-01-04 02:35:31 开始操作号码 【1866924】
2024-01-04 02:35:33 GSD getOne 第 1 次 等待 3 秒
2024-01-04 02:35:36 查询号码 【1866924】，返回信息 {"status":"ok","msg":"云南-怒江","gid":"437802","time_insert":"2021-07-29 22:06"}
2024-01-04 02:35:36 查询号码 【1866924】，GSD为【"云南-怒江"】

2024-01-04 02:35:37 开始第 7032 次操作

2024-01-04 02:35:37 开始操作号码 【1866925】
2024-01-04 02:35:40 GSD getOne 第 1 次 等待 3 秒
2024-01-04 02:35:43 查询号码 【1866925】，返回信息 {"status":"ok","msg":"云南-德宏","gid":"437800","time_insert":"2021-07-29 22:05"}
2024-01-04 02:35:43 查询号码 【1866925】，GSD为【"云南-德宏"】

