2021-07-19 00:00:25 开始第 17 次操作

2021-07-19 00:00:25 开始操作号码 【1783959】
2021-07-19 00:00:31 GSD getOne 第 1 次 等待 3 秒
2021-07-19 00:00:34 查询号码 【1783959】，返回信息 {"status":"bad","msg":""}
2021-07-19 00:00:34 查询号码 【1783959】，GSD为【""】
2021-07-19 00:00:34 bad
2021-07-19 00:00:35 CHB 1783959?1626624034 第 1 次 等待 3 秒
2021-07-19 00:00:38 CHB 1783959?1626624034 第 1 次 获取到号码【1783959】GSD
2021-07-19 00:00:38 获取到号码【1783959】的GSD为【河南-平顶山】
2021-07-19 00:00:55 GSD insert 第 1 次 等待 3 秒
2021-07-19 00:00:58 {"status":"ok","gid":320473,"msg":"添加成功！"}
2021-07-19 00:00:58 下次操作: 2021-07-19 00:01:10

2021-07-19 00:01:10 开始第 18 次操作

2021-07-19 00:01:10 开始操作号码 【1783958】
2021-07-19 00:01:44 GSD getOne 第 1 次 等待 3 秒
2021-07-19 00:01:47 查询号码 【1783958】，返回信息 {"status":"ok","msg":"河南-平顶山","gid":"55427","time_insert":"2020-05-12 21:10"}
2021-07-19 00:01:47 查询号码 【1783958】，GSD为【"河南-平顶山"】

2021-07-19 00:01:47 开始第 18 次操作

2021-07-19 00:01:47 开始操作号码 【1783957】
2021-07-19 00:01:51 GSD getOne 第 1 次 等待 3 秒
2021-07-19 00:01:54 查询号码 【1783957】，返回信息 {"status":"bad","msg":""}
2021-07-19 00:01:54 查询号码 【1783957】，GSD为【""】
2021-07-19 00:01:54 bad
2021-07-19 00:01:56 CHB 1783957?1626624114 第 1 次 等待 3 秒
2021-07-19 00:01:59 CHB 1783957?1626624114 第 1 次 获取到号码【1783957】GSD
2021-07-19 00:01:59 获取到号码【1783957】的GSD为【河南-南阳】
2021-07-19 00:02:03 GSD insert 第 1 次 等待 3 秒
2021-07-19 00:02:06 {"status":"ok","gid":320486,"msg":"添加成功！"}
2021-07-19 00:02:06 下次操作: 2021-07-19 00:02:18

2021-07-19 00:02:18 开始第 19 次操作

2021-07-19 00:02:18 开始操作号码 【1783956】
2021-07-19 00:02:37 GSD getOne 第 1 次 等待 3 秒
2021-07-19 00:02:40 查询号码 【1783956】，返回信息 {"status":"ok","msg":"河南-南阳","gid":"55426","time_insert":"2020-09-06 17:59"}
2021-07-19 00:02:40 查询号码 【1783956】，GSD为【"河南-南阳"】

2021-07-19 00:02:40 开始第 19 次操作

2021-07-19 00:02:40 开始操作号码 【1783955】
2021-07-19 00:03:46 GSD getOne 第 1 次 等待 3 秒
2021-07-19 00:03:49 查询号码 【1783955】，返回信息 {"status":"bad","msg":""}
2021-07-19 00:03:49 查询号码 【1783955】，GSD为【""】
2021-07-19 00:03:49 bad
2021-07-19 00:03:51 CHB 1783955?1626624229 第 1 次 等待 3 秒
2021-07-19 00:03:54 CHB 1783955?1626624229 第 1 次 获取到号码【1783955】GSD
2021-07-19 00:03:54 获取到号码【1783955】的GSD为【河南-南阳】
2021-07-19 00:04:00 GSD insert 第 1 次 等待 3 秒
2021-07-19 00:04:03 {"status":"ok","gid":320506,"msg":"添加成功！"}
2021-07-19 00:04:03 下次操作: 2021-07-19 00:04:19

2021-07-19 00:04:19 开始第 20 次操作

2021-07-19 00:04:19 开始操作号码 【1783954】
2021-07-19 00:04:34 GSD getOne 第 1 次 等待 3 秒
2021-07-19 00:04:37 查询号码 【1783954】，返回信息 {"status":"bad","msg":""}
2021-07-19 00:04:37 查询号码 【1783954】，GSD为【""】
2021-07-19 00:04:37 bad
2021-07-19 00:04:39 CHB 1783954?1626624277 第 1 次 等待 3 秒
2021-07-19 00:04:42 CHB 1783954?1626624277 第 1 次 获取到号码【1783954】GSD
2021-07-19 00:04:42 获取到号码【1783954】的GSD为【河南-南阳】
2021-07-19 00:05:53 GSD insert 第 1 次 等待 3 秒
2021-07-19 00:05:56 {"status":"ok","gid":320523,"msg":"添加成功！"}
2021-07-19 00:05:56 下次操作: 2021-07-19 00:06:15

2021-07-19 00:06:15 开始第 21 次操作

2021-07-19 00:06:15 开始操作号码 【1783953】
2021-07-19 00:06:18 GSD getOne 第 1 次 等待 3 秒
2021-07-19 00:06:21 查询号码 【1783953】，返回信息 {"status":"ok","msg":"河南-南阳","gid":"31603","time_insert":"2017-06-20 09:29","time_update":"2020-09-12 03:26"}
2021-07-19 00:06:21 查询号码 【1783953】，GSD为【"河南-南阳"】

2021-07-19 00:06:21 开始第 21 次操作

2021-07-19 00:06:21 开始操作号码 【1783952】
2021-07-19 00:06:31 GSD getOne 第 1 次 等待 3 秒
2021-07-19 00:06:34 查询号码 【1783952】，返回信息 {"status":"bad","msg":""}
2021-07-19 00:06:34 查询号码 【1783952】，GSD为【""】
2021-07-19 00:06:34 bad
2021-07-19 00:06:35 CHB 1783952?1626624394 第 1 次 等待 3 秒
2021-07-19 00:06:38 CHB 1783952?1626624394 第 1 次 获取到号码【1783952】GSD
2021-07-19 00:06:39 获取到号码【1783952】的GSD为【河南-漯河】
2021-07-19 00:06:54 GSD insert 第 1 次 等待 3 秒
2021-07-19 00:06:57 {"status":"ok","gid":320530,"msg":"添加成功！"}
2021-07-19 00:06:57 下次操作: 2021-07-19 00:07:18

2021-07-19 00:07:18 开始第 22 次操作

2021-07-19 00:07:18 开始操作号码 【1783951】
2021-07-19 00:07:21 GSD getOne 第 1 次 等待 3 秒
2021-07-19 00:07:24 查询号码 【1783951】，返回信息 {"status":"ok","msg":"河南-漯河","gid":"55425","time_insert":"2020-12-07 09:20"}
2021-07-19 00:07:24 查询号码 【1783951】，GSD为【"河南-漯河"】

2021-07-19 00:07:24 开始第 22 次操作

2021-07-19 00:07:24 开始操作号码 【1783950】
2021-07-19 00:07:27 GSD getOne 第 1 次 等待 3 秒
2021-07-19 00:07:30 查询号码 【1783950】，返回信息 {"status":"bad","msg":""}
2021-07-19 00:07:30 查询号码 【1783950】，GSD为【""】
2021-07-19 00:07:30 bad
2021-07-19 00:07:32 CHB 1783950?1626624450 第 1 次 等待 3 秒
2021-07-19 00:07:35 CHB 1783950?1626624450 第 1 次 获取到号码【1783950】GSD
2021-07-19 00:07:35 获取到号码【1783950】的GSD为【河南-漯河】
2021-07-19 00:07:41 GSD insert 第 1 次 等待 3 秒
2021-07-19 00:07:44 {"status":"ok","gid":320540,"msg":"添加成功！"}
2021-07-19 00:07:44 下次操作: 2021-07-19 00:08:05

2021-07-19 00:08:05 开始第 23 次操作

2021-07-19 00:08:05 开始操作号码 【1783949】
2021-07-19 00:08:26 GSD getOne 第 1 次 等待 3 秒
2021-07-19 00:08:29 查询号码 【1783949】，返回信息 {"status":"bad","msg":""}
2021-07-19 00:08:29 查询号码 【1783949】，GSD为【""】
2021-07-19 00:08:29 bad
2021-07-19 00:08:30 CHB 1783949?1626624509 第 1 次 等待 3 秒
2021-07-19 00:08:33 CHB 1783949?1626624509 第 1 次 获取到号码【1783949】GSD
2021-07-19 00:08:34 获取到号码【1783949】的GSD为【河南-周口】
2021-07-19 00:08:41 GSD insert 第 1 次 等待 3 秒
2021-07-19 00:08:44 {"status":"ok","gid":320552,"msg":"添加成功！"}
2021-07-19 00:08:44 下次操作: 2021-07-19 00:09:00

2021-07-19 00:09:00 开始第 24 次操作

2021-07-19 00:09:00 开始操作号码 【1783948】
2021-07-19 00:10:10 GSD getOne 第 1 次 等待 3 秒
2021-07-19 00:10:13 查询号码 【1783948】，返回信息 {"status":"ok","msg":"河南-周口","gid":"133168","time_insert":"2021-06-26 17:11","time_update":"2021-07-01 10:54"}
2021-07-19 00:10:13 查询号码 【1783948】，GSD为【"河南-周口"】

2021-07-19 00:10:13 开始第 24 次操作

2021-07-19 00:10:13 开始操作号码 【1783947】
2021-07-19 00:10:44 GSD getOne 第 1 次 等待 3 秒
2021-07-19 00:10:47 查询号码 【1783947】，返回信息 {"status":"bad","msg":""}
2021-07-19 00:10:47 查询号码 【1783947】，GSD为【""】
2021-07-19 00:10:47 bad
2021-07-19 00:10:49 CHB 1783947?1626624648 第 1 次 等待 3 秒
2021-07-19 00:10:52 CHB 1783947?1626624648 第 1 次 获取到号码【1783947】GSD
2021-07-19 00:10:52 获取到号码【1783947】的GSD为【河南-周口】
2021-07-19 00:10:57 GSD insert 第 1 次 等待 3 秒
2021-07-19 00:11:00 {"status":"ok","gid":320580,"msg":"添加成功！"}
2021-07-19 00:11:00 下次操作: 2021-07-19 00:11:18

2021-07-19 00:11:18 开始第 25 次操作

2021-07-19 00:11:18 开始操作号码 【1783946】
2021-07-19 00:11:24 GSD getOne 第 1 次 等待 3 秒
2021-07-19 00:11:27 查询号码 【1783946】，返回信息 {"status":"bad","msg":""}
2021-07-19 00:11:27 查询号码 【1783946】，GSD为【""】
2021-07-19 00:11:27 bad
2021-07-19 00:11:29 CHB 1783946?1626624687 第 1 次 等待 3 秒
2021-07-19 00:11:32 CHB 1783946?1626624687 第 1 次 获取到号码【1783946】GSD
2021-07-19 00:11:32 获取到号码【1783946】的GSD为【河南-周口】
2021-07-19 00:11:40 GSD insert 第 1 次 等待 3 秒
2021-07-19 00:11:43 {"status":"ok","gid":320589,"msg":"添加成功！"}
2021-07-19 00:11:43 下次操作: 2021-07-19 00:11:55

2021-07-19 00:11:55 开始第 26 次操作

2021-07-19 00:11:55 开始操作号码 【1783945】
2021-07-19 00:12:01 GSD getOne 第 1 次 等待 3 秒
2021-07-19 00:12:04 查询号码 【1783945】，返回信息 {"status":"bad","msg":""}
2021-07-19 00:12:05 查询号码 【1783945】，GSD为【""】
2021-07-19 00:12:05 bad
2021-07-19 00:12:08 CHB 1783945?1626624725 第 1 次 等待 3 秒
2021-07-19 00:12:11 CHB 1783945?1626624725 第 1 次 获取到号码【1783945】GSD
2021-07-19 00:12:11 获取到号码【1783945】的GSD为【河南-周口】
2021-07-19 00:13:00 GSD insert 第 1 次 等待 3 秒
2021-07-19 00:13:03 {"status":"ok","gid":320599,"msg":"添加成功！"}
2021-07-19 00:13:03 下次操作: 2021-07-19 00:13:21

2021-07-19 00:13:21 开始第 27 次操作

2021-07-19 00:13:21 开始操作号码 【1783944】
2021-07-19 00:13:54 GSD getOne 第 1 次 等待 3 秒
2021-07-19 00:13:57 查询号码 【1783944】，返回信息 {"status":"bad","msg":""}
2021-07-19 00:13:57 查询号码 【1783944】，GSD为【""】
2021-07-19 00:13:57 bad
2021-07-19 00:13:59 CHB 1783944?1626624837 第 1 次 等待 3 秒
2021-07-19 00:14:02 CHB 1783944?1626624837 第 1 次 获取到号码【1783944】GSD
2021-07-19 00:14:02 获取到号码【1783944】的GSD为【河南-周口】
2021-07-19 00:14:12 GSD insert 第 1 次 等待 3 秒
2021-07-19 00:14:15 {"status":"ok","gid":320613,"msg":"添加成功！"}
2021-07-19 00:14:15 下次操作: 2021-07-19 00:14:39

2021-07-19 00:14:39 开始第 28 次操作

2021-07-19 00:14:39 开始操作号码 【1783943】
2021-07-19 00:14:44 GSD getOne 第 1 次 等待 3 秒
2021-07-19 00:14:47 查询号码 【1783943】，返回信息 {"status":"bad","msg":""}
2021-07-19 00:14:47 查询号码 【1783943】，GSD为【""】
2021-07-19 00:14:47 bad
2021-07-19 00:14:49 CHB 1783943?1626624887 第 1 次 等待 3 秒
2021-07-19 00:14:52 CHB 1783943?1626624887 第 1 次 获取到号码【1783943】GSD
2021-07-19 00:14:52 获取到号码【1783943】的GSD为【河南-周口】
2021-07-19 00:15:25 GSD insert 第 1 次 等待 3 秒
2021-07-19 00:15:28 {"status":"ok","gid":320622,"msg":"添加成功！"}
2021-07-19 00:15:28 下次操作: 2021-07-19 00:15:43

2021-07-19 00:15:43 开始第 29 次操作

2021-07-19 00:15:43 开始操作号码 【1783942】
2021-07-19 00:15:46 GSD getOne 第 1 次 等待 3 秒
2021-07-19 00:15:49 查询号码 【1783942】，返回信息 {"status":"bad","msg":""}
2021-07-19 00:15:49 查询号码 【1783942】，GSD为【""】
2021-07-19 00:15:49 bad
2021-07-19 00:15:54 CHB 1783942?1626624949 第 1 次 等待 3 秒
2021-07-19 00:15:57 CHB 1783942?1626624949 第 1 次 获取到号码【1783942】GSD
2021-07-19 00:15:57 获取到号码【1783942】的GSD为【河南-周口】
2021-07-19 00:16:20 GSD insert 第 1 次 等待 3 秒
2021-07-19 00:16:23 {"status":"ok","gid":320630,"msg":"添加成功！"}
2021-07-19 00:16:23 下次操作: 2021-07-19 00:16:39

2021-07-19 00:16:39 开始第 30 次操作

2021-07-19 00:16:39 开始操作号码 【1783941】
2021-07-19 00:16:43 GSD getOne 第 1 次 等待 3 秒
2021-07-19 00:16:46 查询号码 【1783941】，返回信息 {"status":"bad","msg":""}
2021-07-19 00:16:46 查询号码 【1783941】，GSD为【""】
2021-07-19 00:16:46 bad
2021-07-19 00:16:48 CHB 1783941?1626625006 第 1 次 等待 3 秒
2021-07-19 00:16:51 CHB 1783941?1626625006 第 1 次 获取到号码【1783941】GSD
2021-07-19 00:16:51 获取到号码【1783941】的GSD为【河南-周口】
2021-07-19 00:17:20 GSD insert 第 1 次 等待 3 秒
2021-07-19 00:17:23 {"status":"ok","gid":320639,"msg":"添加成功！"}
2021-07-19 00:17:23 下次操作: 2021-07-19 00:17:45

2021-07-19 00:17:45 开始第 31 次操作

2021-07-19 00:17:45 开始操作号码 【1783940】
2021-07-19 00:18:47 GSD getOne 第 1 次 等待 3 秒
2021-07-19 00:18:50 查询号码 【1783940】，返回信息 {"status":"bad","msg":""}
2021-07-19 00:18:50 查询号码 【1783940】，GSD为【""】
2021-07-19 00:18:50 bad
2021-07-19 00:18:52 CHB 1783940?1626625130 第 1 次 等待 3 秒
2021-07-19 00:18:55 CHB 1783940?1626625130 第 1 次 获取到号码【1783940】GSD
2021-07-19 00:18:55 获取到号码【1783940】的GSD为【河南-周口】
2021-07-19 00:18:59 GSD insert 第 1 次 等待 3 秒
2021-07-19 00:19:02 {"status":"ok","gid":320656,"msg":"添加成功！"}
2021-07-19 00:19:02 下次操作: 2021-07-19 00:19:25

2021-07-19 00:19:25 开始第 32 次操作

2021-07-19 00:19:25 开始操作号码 【1783939】
2021-07-19 00:19:31 GSD getOne 第 1 次 等待 3 秒
2021-07-19 00:19:34 查询号码 【1783939】，返回信息 {"status":"bad","msg":""}
2021-07-19 00:19:34 查询号码 【1783939】，GSD为【""】
2021-07-19 00:19:34 bad
2021-07-19 00:19:36 CHB 1783939?1626625174 第 1 次 等待 3 秒
2021-07-19 00:19:39 CHB 1783939?1626625174 第 1 次 获取到号码【1783939】GSD
2021-07-19 00:19:39 获取到号码【1783939】的GSD为【河南-平顶山】
2021-07-19 00:19:43 GSD insert 第 1 次 等待 3 秒
2021-07-19 00:19:46 {"status":"ok","gid":320664,"msg":"添加成功！"}
2021-07-19 00:19:46 下次操作: 2021-07-19 00:20:06

2021-07-19 00:20:06 开始第 33 次操作

2021-07-19 00:20:06 开始操作号码 【1783938】
2021-07-19 00:20:17 GSD getOne 第 1 次 等待 3 秒
2021-07-19 00:20:20 查询号码 【1783938】，返回信息 {"status":"bad","msg":""}
2021-07-19 00:20:20 查询号码 【1783938】，GSD为【""】
2021-07-19 00:20:20 bad
2021-07-19 00:20:22 CHB 1783938?1626625220 第 1 次 等待 3 秒
2021-07-19 00:20:25 CHB 1783938?1626625220 第 1 次 获取到号码【1783938】GSD
2021-07-19 00:20:26 获取到号码【1783938】的GSD为【河南-平顶山】
2021-07-19 00:20:57 GSD insert 第 1 次 等待 3 秒
2021-07-19 00:21:00 {"status":"ok","gid":320671,"msg":"添加成功！"}
2021-07-19 00:21:00 下次操作: 2021-07-19 00:21:14

2021-07-19 00:21:14 开始第 34 次操作

2021-07-19 00:21:14 开始操作号码 【1783937】
2021-07-19 00:22:18 GSD getOne 第 1 次 等待 3 秒
2021-07-19 00:22:21 查询号码 【1783937】，返回信息 {"status":"bad","msg":""}
2021-07-19 00:22:21 查询号码 【1783937】，GSD为【""】
2021-07-19 00:22:21 bad
2021-07-19 00:22:23 CHB 1783937?1626625341 第 1 次 等待 3 秒
2021-07-19 00:22:26 CHB 1783937?1626625341 第 1 次 获取到号码【1783937】GSD
2021-07-19 00:22:26 获取到号码【1783937】的GSD为【河南-洛阳】
2021-07-19 00:22:39 GSD insert 第 1 次 等待 3 秒
2021-07-19 00:22:42 {"status":"ok","gid":320692,"msg":"添加成功！"}
2021-07-19 00:22:42 下次操作: 2021-07-19 00:23:00

2021-07-19 00:23:00 开始第 35 次操作

2021-07-19 00:23:00 开始操作号码 【1783936】
2021-07-19 00:23:08 GSD getOne 第 1 次 等待 3 秒
2021-07-19 00:23:11 查询号码 【1783936】，返回信息 {"status":"ok","msg":"河南-濮阳","gid":"55424","time_insert":"2020-11-19 20:31"}
2021-07-19 00:23:11 查询号码 【1783936】，GSD为【"河南-濮阳"】

2021-07-19 00:23:11 开始第 35 次操作

2021-07-19 00:23:11 开始操作号码 【1783935】
2021-07-19 00:23:14 GSD getOne 第 1 次 等待 3 秒
2021-07-19 00:23:17 查询号码 【1783935】，返回信息 {"status":"bad","msg":""}
2021-07-19 00:23:17 查询号码 【1783935】，GSD为【""】
2021-07-19 00:23:17 bad
2021-07-19 00:23:19 CHB 1783935?1626625397 第 1 次 等待 3 秒
2021-07-19 00:23:22 CHB 1783935?1626625397 第 1 次 获取到号码【1783935】GSD
2021-07-19 00:23:22 获取到号码【1783935】的GSD为【河南-濮阳】
2021-07-19 00:23:25 GSD insert 第 1 次 等待 3 秒
2021-07-19 00:23:28 {"status":"ok","gid":320696,"msg":"添加成功！"}
2021-07-19 00:23:28 下次操作: 2021-07-19 00:23:41

2021-07-19 00:23:41 开始第 36 次操作

2021-07-19 00:23:41 开始操作号码 【1783934】
2021-07-19 00:23:47 GSD getOne 第 1 次 等待 3 秒
2021-07-19 00:23:50 查询号码 【1783934】，返回信息 {"status":"bad","msg":""}
2021-07-19 00:23:50 查询号码 【1783934】，GSD为【""】
2021-07-19 00:23:50 bad
2021-07-19 00:23:52 CHB 1783934?1626625430 第 1 次 等待 3 秒
2021-07-19 00:23:55 CHB 1783934?1626625430 第 1 次 获取到号码【1783934】GSD
2021-07-19 00:23:55 获取到号码【1783934】的GSD为【河南-濮阳】
2021-07-19 00:23:58 GSD insert 第 1 次 等待 3 秒
2021-07-19 00:24:01 {"status":"ok","gid":320703,"msg":"添加成功！"}
2021-07-19 00:24:01 下次操作: 2021-07-19 00:24:18

2021-07-19 00:24:18 开始第 37 次操作

2021-07-19 00:24:18 开始操作号码 【1783933】
2021-07-19 00:24:26 GSD getOne 第 1 次 等待 3 秒
2021-07-19 00:24:29 查询号码 【1783933】，返回信息 {"status":"ok","msg":"河南-濮阳","gid":"31602","time_insert":"2017-05-11 16:02","time_update":"2020-09-12 11:17"}
2021-07-19 00:24:29 查询号码 【1783933】，GSD为【"河南-濮阳"】

2021-07-19 00:24:29 开始第 37 次操作

2021-07-19 00:24:29 开始操作号码 【1783932】
2021-07-19 00:24:52 GSD getOne 第 1 次 等待 3 秒
2021-07-19 00:24:55 查询号码 【1783932】，返回信息 {"status":"bad","msg":""}
2021-07-19 00:24:55 查询号码 【1783932】，GSD为【""】
2021-07-19 00:24:55 bad
2021-07-19 00:25:00 CHB 1783932?1626625495 第 1 次 等待 3 秒
2021-07-19 00:25:03 CHB 1783932?1626625495 第 1 次 获取到号码【1783932】GSD
2021-07-19 00:25:03 获取到号码【1783932】的GSD为【河南-濮阳】
2021-07-19 00:25:07 GSD insert 第 1 次 等待 3 秒
2021-07-19 00:25:10 {"status":"ok","gid":320712,"msg":"添加成功！"}
2021-07-19 00:25:10 下次操作: 2021-07-19 00:25:33

2021-07-19 00:25:33 开始第 38 次操作

2021-07-19 00:25:33 开始操作号码 【1783931】
2021-07-19 00:25:41 GSD getOne 第 1 次 等待 3 秒
2021-07-19 00:25:44 查询号码 【1783931】，返回信息 {"status":"bad","msg":""}
2021-07-19 00:25:44 查询号码 【1783931】，GSD为【""】
2021-07-19 00:25:44 bad
2021-07-19 00:25:47 CHB 1783931?1626625544 第 1 次 等待 3 秒
2021-07-19 00:25:50 CHB 1783931?1626625544 第 1 次 获取到号码【1783931】GSD
2021-07-19 00:25:50 获取到号码【1783931】的GSD为【河南-濮阳】
2021-07-19 00:26:05 GSD insert 第 1 次 等待 3 秒
2021-07-19 00:26:08 {"status":"ok","gid":320722,"msg":"添加成功！"}
2021-07-19 00:26:08 下次操作: 2021-07-19 00:26:32

2021-07-19 00:26:32 开始第 39 次操作

2021-07-19 00:26:32 开始操作号码 【1783930】
2021-07-19 00:26:36 GSD getOne 第 1 次 等待 3 秒
2021-07-19 00:26:39 查询号码 【1783930】，返回信息 {"status":"ok","msg":"河南-濮阳","gid":"55423","time_insert":"2020-11-07 17:13"}
2021-07-19 00:26:39 查询号码 【1783930】，GSD为【"河南-濮阳"】

2021-07-19 00:26:39 开始第 39 次操作

2021-07-19 00:26:39 开始操作号码 【1783929】
2021-07-19 00:27:46 GSD getOne 第 1 次 等待 3 秒
2021-07-19 00:27:49 查询号码 【1783929】，返回信息 {"status":"bad","msg":""}
2021-07-19 00:27:49 查询号码 【1783929】，GSD为【""】
2021-07-19 00:27:49 bad
2021-07-19 00:27:51 CHB 1783929?1626625669 第 1 次 等待 3 秒
2021-07-19 00:27:54 CHB 1783929?1626625669 第 1 次 获取到号码【1783929】GSD
2021-07-19 00:27:54 获取到号码【1783929】的GSD为【河南-开封】
2021-07-19 00:27:58 GSD insert 第 1 次 等待 3 秒
2021-07-19 00:28:01 {"status":"ok","gid":320735,"msg":"添加成功！"}
2021-07-19 00:28:01 下次操作: 2021-07-19 00:28:16

2021-07-19 00:28:16 开始第 40 次操作

2021-07-19 00:28:16 开始操作号码 【1783928】
2021-07-19 00:28:20 GSD getOne 第 1 次 等待 3 秒
2021-07-19 00:28:23 查询号码 【1783928】，返回信息 {"status":"bad","msg":""}
2021-07-19 00:28:23 查询号码 【1783928】，GSD为【""】
2021-07-19 00:28:23 bad
2021-07-19 00:28:25 CHB 1783928?1626625703 第 1 次 等待 3 秒
2021-07-19 00:28:28 CHB 1783928?1626625703 第 1 次 获取到号码【1783928】GSD
2021-07-19 00:28:28 获取到号码【1783928】的GSD为【河南-开封】
2021-07-19 00:28:42 GSD insert 第 1 次 等待 3 秒
2021-07-19 00:28:45 {"status":"ok","gid":320739,"msg":"添加成功！"}

