2021-07-21 00:00:44 开始第 10 次操作

2021-07-21 00:00:44 开始操作号码 【1781991】
2021-07-21 00:00:44 GSD getOne 第 1 次 等待 3 秒
2021-07-21 00:00:47 GSD getOne 第 2 次 等待 3 秒
2021-07-21 00:00:51 GSD getOne 第 3 次 等待 3 秒
2021-07-21 00:00:54 GSD getOne 第 4 次 等待 3 秒
2021-07-21 00:00:58 GSD getOne 第 5 次 等待 3 秒
2021-07-21 00:01:01 GSD getOne 第 6 次 等待 3 秒
2021-07-21 00:01:05 GSD getOne 第 7 次 等待 3 秒
2021-07-21 00:01:08 GSD getOne 第 8 次 等待 3 秒
2021-07-21 00:01:12 GSD getOne 第 9 次 等待 3 秒
2021-07-21 00:01:15 GSD getOne 第 10 次 等待 3 秒
2021-07-21 00:01:18 查询号码 【1781991】，返回信息 
2021-07-21 00:01:18 查询失败，3 秒后重新查询
2021-07-21 00:01:22 GSD getOne 第 1 次 等待 3 秒
2021-07-21 00:01:25 GSD getOne 第 2 次 等待 3 秒
2021-07-21 00:01:29 GSD getOne 第 3 次 等待 3 秒
2021-07-21 00:01:32 GSD getOne 第 4 次 等待 3 秒
2021-07-21 00:01:36 GSD getOne 第 5 次 等待 3 秒
2021-07-21 00:01:39 GSD getOne 第 6 次 等待 3 秒
2021-07-21 00:01:43 GSD getOne 第 7 次 等待 3 秒
2021-07-21 00:01:46 GSD getOne 第 8 次 等待 3 秒
2021-07-21 00:01:50 GSD getOne 第 9 次 等待 3 秒
2021-07-21 00:01:53 GSD getOne 第 10 次 等待 3 秒
2021-07-21 00:01:56 查询号码 【1781991】，返回信息 
2021-07-21 00:01:56 查询失败，结束本次操作，期待下次成功~
2021-07-21 00:01:56 下次操作: 2021-07-21 00:02:09

2021-07-21 00:02:09 开始第 11 次操作

2021-07-21 00:02:09 开始操作号码 【1781991】
2021-07-21 00:02:10 GSD getOne 第 1 次 等待 3 秒
2021-07-21 00:02:13 GSD getOne 第 2 次 等待 3 秒
2021-07-21 00:02:18 GSD getOne 第 3 次 等待 3 秒
2021-07-21 00:02:21 GSD getOne 第 4 次 等待 3 秒
2021-07-21 00:02:25 GSD getOne 第 5 次 等待 3 秒
2021-07-21 00:02:28 GSD getOne 第 6 次 等待 3 秒
2021-07-21 00:02:32 GSD getOne 第 7 次 等待 3 秒
2021-07-21 00:02:35 GSD getOne 第 8 次 等待 3 秒
2021-07-21 00:02:39 GSD getOne 第 9 次 等待 3 秒
2021-07-21 00:02:42 GSD getOne 第 10 次 等待 3 秒
2021-07-21 00:02:45 查询号码 【1781991】，返回信息 
2021-07-21 00:02:45 查询失败，3 秒后重新查询
2021-07-21 00:02:49 GSD getOne 第 1 次 等待 3 秒
2021-07-21 00:02:52 GSD getOne 第 2 次 等待 3 秒
2021-07-21 00:02:56 GSD getOne 第 3 次 等待 3 秒
2021-07-21 00:02:59 GSD getOne 第 4 次 等待 3 秒
2021-07-21 00:03:03 GSD getOne 第 5 次 等待 3 秒
2021-07-21 00:03:06 GSD getOne 第 6 次 等待 3 秒
2021-07-21 00:03:10 GSD getOne 第 7 次 等待 3 秒
2021-07-21 00:03:13 GSD getOne 第 8 次 等待 3 秒
2021-07-21 00:03:17 GSD getOne 第 9 次 等待 3 秒
2021-07-21 00:03:20 GSD getOne 第 10 次 等待 3 秒
2021-07-21 00:03:23 查询号码 【1781991】，返回信息 
2021-07-21 00:03:23 查询失败，结束本次操作，期待下次成功~
2021-07-21 00:03:23 下次操作: 2021-07-21 00:03:36

2021-07-21 00:03:36 开始第 12 次操作

2021-07-21 00:03:36 开始操作号码 【1781991】
2021-07-21 00:03:37 GSD getOne 第 1 次 等待 3 秒
2021-07-21 00:03:40 GSD getOne 第 2 次 等待 3 秒
2021-07-21 00:03:44 GSD getOne 第 3 次 等待 3 秒
2021-07-21 00:03:47 GSD getOne 第 4 次 等待 3 秒
2021-07-21 00:03:51 GSD getOne 第 5 次 等待 3 秒
2021-07-21 00:03:54 GSD getOne 第 6 次 等待 3 秒
2021-07-21 00:03:58 GSD getOne 第 7 次 等待 3 秒
2021-07-21 00:04:01 GSD getOne 第 8 次 等待 3 秒
2021-07-21 00:04:05 GSD getOne 第 9 次 等待 3 秒
2021-07-21 00:04:08 GSD getOne 第 10 次 等待 3 秒
2021-07-21 00:04:11 查询号码 【1781991】，返回信息 
2021-07-21 00:04:11 查询失败，3 秒后重新查询
2021-07-21 00:04:15 GSD getOne 第 1 次 等待 3 秒
2021-07-21 00:04:18 GSD getOne 第 2 次 等待 3 秒
2021-07-21 00:04:22 GSD getOne 第 3 次 等待 3 秒
2021-07-21 00:04:25 GSD getOne 第 4 次 等待 3 秒
2021-07-21 00:04:29 GSD getOne 第 5 次 等待 3 秒
2021-07-21 00:04:32 GSD getOne 第 6 次 等待 3 秒
2021-07-21 00:04:36 GSD getOne 第 7 次 等待 3 秒
2021-07-21 00:04:39 GSD getOne 第 8 次 等待 3 秒
2021-07-21 00:04:43 GSD getOne 第 9 次 等待 3 秒
2021-07-21 00:04:46 GSD getOne 第 10 次 等待 3 秒
2021-07-21 00:04:49 查询号码 【1781991】，返回信息 
2021-07-21 00:04:49 查询失败，结束本次操作，期待下次成功~
2021-07-21 00:04:49 下次操作: 2021-07-21 00:05:08

2021-07-21 00:05:08 开始第 13 次操作

2021-07-21 00:05:08 开始操作号码 【1781991】
2021-07-21 00:05:09 GSD getOne 第 1 次 等待 3 秒
2021-07-21 00:05:12 GSD getOne 第 2 次 等待 3 秒
2021-07-21 00:05:16 GSD getOne 第 3 次 等待 3 秒
2021-07-21 00:05:19 GSD getOne 第 4 次 等待 3 秒
2021-07-21 00:05:23 GSD getOne 第 5 次 等待 3 秒
2021-07-21 00:05:26 GSD getOne 第 6 次 等待 3 秒
2021-07-21 00:05:30 GSD getOne 第 7 次 等待 3 秒
2021-07-21 00:05:34 GSD getOne 第 8 次 等待 3 秒
2021-07-21 00:05:37 GSD getOne 第 9 次 等待 3 秒
2021-07-21 00:05:41 GSD getOne 第 10 次 等待 3 秒
2021-07-21 00:05:44 查询号码 【1781991】，返回信息 
2021-07-21 00:05:44 查询失败，3 秒后重新查询
2021-07-21 00:05:47 GSD getOne 第 1 次 等待 3 秒
2021-07-21 00:05:50 GSD getOne 第 2 次 等待 3 秒
2021-07-21 00:05:54 GSD getOne 第 3 次 等待 3 秒
2021-07-21 00:05:58 GSD getOne 第 4 次 等待 3 秒
2021-07-21 00:06:01 GSD getOne 第 5 次 等待 3 秒
2021-07-21 00:06:04 GSD getOne 第 6 次 等待 3 秒
2021-07-21 00:06:08 GSD getOne 第 7 次 等待 3 秒
2021-07-21 00:06:11 GSD getOne 第 8 次 等待 3 秒
2021-07-21 00:06:15 GSD getOne 第 9 次 等待 3 秒
2021-07-21 00:06:18 GSD getOne 第 10 次 等待 3 秒
2021-07-21 00:06:21 查询号码 【1781991】，返回信息 
2021-07-21 00:06:21 查询失败，结束本次操作，期待下次成功~
2021-07-21 00:06:21 下次操作: 2021-07-21 00:06:35

2021-07-21 00:06:35 开始第 14 次操作

2021-07-21 00:06:35 开始操作号码 【1781991】
2021-07-21 00:06:36 GSD getOne 第 1 次 等待 3 秒
2021-07-21 00:06:39 GSD getOne 第 2 次 等待 3 秒
2021-07-21 00:06:43 GSD getOne 第 3 次 等待 3 秒
2021-07-21 00:06:46 GSD getOne 第 4 次 等待 3 秒
2021-07-21 00:06:50 GSD getOne 第 5 次 等待 3 秒
2021-07-21 00:06:54 GSD getOne 第 6 次 等待 3 秒
2021-07-21 00:06:57 GSD getOne 第 7 次 等待 3 秒
2021-07-21 00:07:01 GSD getOne 第 8 次 等待 3 秒
2021-07-21 00:07:04 GSD getOne 第 9 次 等待 3 秒
2021-07-21 00:07:08 GSD getOne 第 10 次 等待 3 秒
2021-07-21 00:07:11 查询号码 【1781991】，返回信息 
2021-07-21 00:07:11 查询失败，3 秒后重新查询
2021-07-21 00:07:14 GSD getOne 第 1 次 等待 3 秒
2021-07-21 00:07:18 GSD getOne 第 2 次 等待 3 秒
2021-07-21 00:07:21 GSD getOne 第 3 次 等待 3 秒
2021-07-21 00:07:26 GSD getOne 第 4 次 等待 3 秒
2021-07-21 00:07:29 GSD getOne 第 5 次 等待 3 秒
2021-07-21 00:07:33 GSD getOne 第 6 次 等待 3 秒
2021-07-21 00:07:36 GSD getOne 第 7 次 等待 3 秒
2021-07-21 00:07:40 GSD getOne 第 8 次 等待 3 秒
2021-07-21 00:07:43 GSD getOne 第 9 次 等待 3 秒
2021-07-21 00:07:47 GSD getOne 第 10 次 等待 3 秒
2021-07-21 00:07:50 查询号码 【1781991】，返回信息 
2021-07-21 00:07:50 查询失败，结束本次操作，期待下次成功~
2021-07-21 00:07:50 下次操作: 2021-07-21 00:08:07

2021-07-21 00:08:07 开始第 15 次操作

2021-07-21 00:08:07 开始操作号码 【1781991】
2021-07-21 00:08:07 GSD getOne 第 1 次 等待 3 秒
2021-07-21 00:08:11 GSD getOne 第 2 次 等待 3 秒
2021-07-21 00:08:14 GSD getOne 第 3 次 等待 3 秒
2021-07-21 00:08:18 GSD getOne 第 4 次 等待 3 秒
2021-07-21 00:08:21 GSD getOne 第 5 次 等待 3 秒
2021-07-21 00:08:25 GSD getOne 第 6 次 等待 3 秒
2021-07-21 00:08:28 GSD getOne 第 7 次 等待 3 秒
2021-07-21 00:08:32 GSD getOne 第 8 次 等待 3 秒
2021-07-21 00:08:35 GSD getOne 第 9 次 等待 3 秒
2021-07-21 00:08:39 GSD getOne 第 10 次 等待 3 秒
2021-07-21 00:08:42 查询号码 【1781991】，返回信息 
2021-07-21 00:08:42 查询失败，3 秒后重新查询
2021-07-21 00:08:45 GSD getOne 第 1 次 等待 3 秒
2021-07-21 00:08:49 GSD getOne 第 2 次 等待 3 秒
2021-07-21 00:08:52 GSD getOne 第 3 次 等待 3 秒
2021-07-21 00:08:56 GSD getOne 第 4 次 等待 3 秒
2021-07-21 00:08:59 GSD getOne 第 5 次 等待 3 秒
2021-07-21 00:09:03 GSD getOne 第 6 次 等待 3 秒
2021-07-21 00:09:06 GSD getOne 第 7 次 等待 3 秒
2021-07-21 00:09:10 GSD getOne 第 8 次 等待 3 秒
2021-07-21 00:09:13 GSD getOne 第 9 次 等待 3 秒
2021-07-21 00:09:17 GSD getOne 第 10 次 等待 3 秒
2021-07-21 00:09:20 查询号码 【1781991】，返回信息 
2021-07-21 00:09:20 查询失败，结束本次操作，期待下次成功~
2021-07-21 00:09:20 下次操作: 2021-07-21 00:09:35

2021-07-21 00:09:35 开始第 16 次操作

2021-07-21 00:09:35 开始操作号码 【1781991】
2021-07-21 00:09:35 GSD getOne 第 1 次 等待 3 秒
2021-07-21 00:09:39 GSD getOne 第 2 次 等待 3 秒
2021-07-21 00:09:42 GSD getOne 第 3 次 等待 3 秒
2021-07-21 00:09:46 GSD getOne 第 4 次 等待 3 秒
2021-07-21 00:09:49 GSD getOne 第 5 次 等待 3 秒
2021-07-21 00:09:52 GSD getOne 第 6 次 等待 3 秒
2021-07-21 00:09:56 GSD getOne 第 7 次 等待 3 秒
2021-07-21 00:09:59 GSD getOne 第 8 次 等待 3 秒
2021-07-21 00:10:03 GSD getOne 第 9 次 等待 3 秒
2021-07-21 00:10:06 GSD getOne 第 10 次 等待 3 秒
2021-07-21 00:10:09 查询号码 【1781991】，返回信息 
2021-07-21 00:10:09 查询失败，3 秒后重新查询
2021-07-21 00:10:13 GSD getOne 第 1 次 等待 3 秒
2021-07-21 00:10:16 GSD getOne 第 2 次 等待 3 秒
2021-07-21 00:10:20 GSD getOne 第 3 次 等待 3 秒
2021-07-21 00:10:23 GSD getOne 第 4 次 等待 3 秒
2021-07-21 00:10:27 GSD getOne 第 5 次 等待 3 秒
2021-07-21 00:10:30 GSD getOne 第 6 次 等待 3 秒
2021-07-21 00:10:34 GSD getOne 第 7 次 等待 3 秒
2021-07-21 00:10:37 GSD getOne 第 8 次 等待 3 秒
2021-07-21 00:10:41 GSD getOne 第 9 次 等待 3 秒
2021-07-21 00:10:44 GSD getOne 第 10 次 等待 3 秒
2021-07-21 00:10:47 查询号码 【1781991】，返回信息 
2021-07-21 00:10:47 查询失败，结束本次操作，期待下次成功~
2021-07-21 00:10:47 下次操作: 2021-07-21 00:11:08

2021-07-21 00:11:08 开始第 17 次操作

2021-07-21 00:11:08 开始操作号码 【1781991】
2021-07-21 00:11:09 GSD getOne 第 1 次 等待 3 秒
2021-07-21 00:11:12 GSD getOne 第 2 次 等待 3 秒
2021-07-21 00:11:16 GSD getOne 第 3 次 等待 3 秒
2021-07-21 00:11:20 GSD getOne 第 4 次 等待 3 秒
2021-07-21 00:11:23 GSD getOne 第 5 次 等待 3 秒
2021-07-21 00:11:27 GSD getOne 第 6 次 等待 3 秒
2021-07-21 00:11:30 GSD getOne 第 7 次 等待 3 秒
2021-07-21 00:11:34 GSD getOne 第 8 次 等待 3 秒
2021-07-21 00:11:37 GSD getOne 第 9 次 等待 3 秒
2021-07-21 00:11:41 GSD getOne 第 10 次 等待 3 秒
2021-07-21 00:11:44 查询号码 【1781991】，返回信息 
2021-07-21 00:11:44 查询失败，3 秒后重新查询
2021-07-21 00:11:47 GSD getOne 第 1 次 等待 3 秒
2021-07-21 00:11:51 GSD getOne 第 2 次 等待 3 秒
2021-07-21 00:11:55 GSD getOne 第 3 次 等待 3 秒
2021-07-21 00:11:58 GSD getOne 第 4 次 等待 3 秒
2021-07-21 00:12:01 GSD getOne 第 5 次 等待 3 秒
2021-07-21 00:12:05 GSD getOne 第 6 次 等待 3 秒
2021-07-21 00:12:08 GSD getOne 第 7 次 等待 3 秒
2021-07-21 00:12:12 GSD getOne 第 8 次 等待 3 秒
2021-07-21 00:12:15 GSD getOne 第 9 次 等待 3 秒
2021-07-21 00:12:19 GSD getOne 第 10 次 等待 3 秒
2021-07-21 00:12:22 查询号码 【1781991】，返回信息 
2021-07-21 00:12:22 查询失败，结束本次操作，期待下次成功~
2021-07-21 00:12:22 下次操作: 2021-07-21 00:12:35

2021-07-21 00:12:35 开始第 18 次操作

2021-07-21 00:12:35 开始操作号码 【1781991】
2021-07-21 00:12:36 GSD getOne 第 1 次 等待 3 秒
2021-07-21 00:12:39 GSD getOne 第 2 次 等待 3 秒
2021-07-21 00:12:42 GSD getOne 第 3 次 等待 3 秒
2021-07-21 00:12:46 GSD getOne 第 4 次 等待 3 秒
2021-07-21 00:12:49 GSD getOne 第 5 次 等待 3 秒
2021-07-21 00:12:53 GSD getOne 第 6 次 等待 3 秒
2021-07-21 00:12:56 GSD getOne 第 7 次 等待 3 秒
2021-07-21 00:13:00 GSD getOne 第 8 次 等待 3 秒
2021-07-21 00:13:03 GSD getOne 第 9 次 等待 3 秒
2021-07-21 00:13:07 GSD getOne 第 10 次 等待 3 秒
2021-07-21 00:13:10 查询号码 【1781991】，返回信息 
2021-07-21 00:13:10 查询失败，3 秒后重新查询
2021-07-21 00:13:13 GSD getOne 第 1 次 等待 3 秒
2021-07-21 00:13:17 GSD getOne 第 2 次 等待 3 秒
2021-07-21 00:13:20 GSD getOne 第 3 次 等待 3 秒
2021-07-21 00:13:24 GSD getOne 第 4 次 等待 3 秒
2021-07-21 00:13:27 GSD getOne 第 5 次 等待 3 秒
2021-07-21 00:13:31 GSD getOne 第 6 次 等待 3 秒
2021-07-21 00:13:34 GSD getOne 第 7 次 等待 3 秒
2021-07-21 00:13:38 GSD getOne 第 8 次 等待 3 秒
2021-07-21 00:13:41 GSD getOne 第 9 次 等待 3 秒
2021-07-21 00:13:45 GSD getOne 第 10 次 等待 3 秒
2021-07-21 00:13:48 查询号码 【1781991】，返回信息 
2021-07-21 00:13:48 查询失败，结束本次操作，期待下次成功~
2021-07-21 00:13:48 下次操作: 2021-07-21 00:14:12

2021-07-21 00:14:12 开始第 19 次操作

2021-07-21 00:14:12 开始操作号码 【1781991】
2021-07-21 00:14:12 GSD getOne 第 1 次 等待 3 秒
2021-07-21 00:14:16 GSD getOne 第 2 次 等待 3 秒
2021-07-21 00:14:20 GSD getOne 第 3 次 等待 3 秒
2021-07-21 00:14:24 GSD getOne 第 4 次 等待 3 秒
2021-07-21 00:14:27 GSD getOne 第 5 次 等待 3 秒
2021-07-21 00:14:31 GSD getOne 第 6 次 等待 3 秒
2021-07-21 00:14:34 GSD getOne 第 7 次 等待 3 秒
2021-07-21 00:14:38 GSD getOne 第 8 次 等待 3 秒
2021-07-21 00:14:41 GSD getOne 第 9 次 等待 3 秒
2021-07-21 00:14:45 GSD getOne 第 10 次 等待 3 秒
2021-07-21 00:14:48 查询号码 【1781991】，返回信息 
2021-07-21 00:14:48 查询失败，3 秒后重新查询
2021-07-21 00:14:51 GSD getOne 第 1 次 等待 3 秒
2021-07-21 00:14:55 GSD getOne 第 2 次 等待 3 秒
2021-07-21 00:14:58 GSD getOne 第 3 次 等待 3 秒
2021-07-21 00:15:02 GSD getOne 第 4 次 等待 3 秒
2021-07-21 00:15:05 GSD getOne 第 5 次 等待 3 秒
2021-07-21 00:15:09 GSD getOne 第 6 次 等待 3 秒
2021-07-21 00:15:12 GSD getOne 第 7 次 等待 3 秒
2021-07-21 00:15:16 GSD getOne 第 8 次 等待 3 秒
2021-07-21 00:15:19 GSD getOne 第 9 次 等待 3 秒
2021-07-21 00:15:23 GSD getOne 第 10 次 等待 3 秒
2021-07-21 00:15:26 查询号码 【1781991】，返回信息 
2021-07-21 00:15:26 查询失败，结束本次操作，期待下次成功~
2021-07-21 00:15:26 下次操作: 2021-07-21 00:15:48

2021-07-21 00:15:48 开始第 20 次操作

2021-07-21 00:15:48 开始操作号码 【1781991】
2021-07-21 00:15:48 GSD getOne 第 1 次 等待 3 秒
2021-07-21 00:15:52 GSD getOne 第 2 次 等待 3 秒
2021-07-21 00:15:55 GSD getOne 第 3 次 等待 3 秒
2021-07-21 00:15:59 GSD getOne 第 4 次 等待 3 秒
2021-07-21 00:16:02 GSD getOne 第 5 次 等待 3 秒
2021-07-21 00:16:06 GSD getOne 第 6 次 等待 3 秒
2021-07-21 00:16:09 GSD getOne 第 7 次 等待 3 秒
2021-07-21 00:16:13 GSD getOne 第 8 次 等待 3 秒
2021-07-21 00:16:16 GSD getOne 第 9 次 等待 3 秒
2021-07-21 00:16:20 GSD getOne 第 10 次 等待 3 秒
2021-07-21 00:16:23 查询号码 【1781991】，返回信息 
2021-07-21 00:16:23 查询失败，3 秒后重新查询
2021-07-21 00:16:26 GSD getOne 第 1 次 等待 3 秒
2021-07-21 00:16:30 GSD getOne 第 2 次 等待 3 秒
2021-07-21 00:16:33 GSD getOne 第 3 次 等待 3 秒
2021-07-21 00:16:37 GSD getOne 第 4 次 等待 3 秒
2021-07-21 00:16:40 GSD getOne 第 5 次 等待 3 秒
2021-07-21 00:16:44 GSD getOne 第 6 次 等待 3 秒
2021-07-21 00:16:47 GSD getOne 第 7 次 等待 3 秒
2021-07-21 00:16:51 GSD getOne 第 8 次 等待 3 秒
2021-07-21 00:16:54 GSD getOne 第 9 次 等待 3 秒
2021-07-21 00:16:58 GSD getOne 第 10 次 等待 3 秒
2021-07-21 00:17:01 查询号码 【1781991】，返回信息 
2021-07-21 00:17:01 查询失败，结束本次操作，期待下次成功~
2021-07-21 00:17:01 下次操作: 2021-07-21 00:17:24

2021-07-21 00:17:24 开始第 21 次操作

2021-07-21 00:17:24 开始操作号码 【1781991】
2021-07-21 00:17:24 GSD getOne 第 1 次 等待 3 秒
2021-07-21 00:17:28 GSD getOne 第 2 次 等待 3 秒
2021-07-21 00:17:31 GSD getOne 第 3 次 等待 3 秒
2021-07-21 00:17:35 GSD getOne 第 4 次 等待 3 秒
2021-07-21 00:17:38 GSD getOne 第 5 次 等待 3 秒
2021-07-21 00:17:42 GSD getOne 第 6 次 等待 3 秒
2021-07-21 00:17:45 GSD getOne 第 7 次 等待 3 秒
2021-07-21 00:17:49 GSD getOne 第 8 次 等待 3 秒
2021-07-21 00:17:52 GSD getOne 第 9 次 等待 3 秒
2021-07-21 00:17:56 GSD getOne 第 10 次 等待 3 秒
2021-07-21 00:17:59 查询号码 【1781991】，返回信息 
2021-07-21 00:17:59 查询失败，3 秒后重新查询
2021-07-21 00:18:02 GSD getOne 第 1 次 等待 3 秒
2021-07-21 00:18:06 GSD getOne 第 2 次 等待 3 秒
2021-07-21 00:18:09 GSD getOne 第 3 次 等待 3 秒
2021-07-21 00:18:13 GSD getOne 第 4 次 等待 3 秒
2021-07-21 00:18:16 GSD getOne 第 5 次 等待 3 秒
2021-07-21 00:18:20 GSD getOne 第 6 次 等待 3 秒
2021-07-21 00:18:23 GSD getOne 第 7 次 等待 3 秒
2021-07-21 00:18:27 GSD getOne 第 8 次 等待 3 秒
2021-07-21 00:18:30 GSD getOne 第 9 次 等待 3 秒
2021-07-21 00:18:34 GSD getOne 第 10 次 等待 3 秒
2021-07-21 00:18:37 查询号码 【1781991】，返回信息 
2021-07-21 00:18:37 查询失败，结束本次操作，期待下次成功~
2021-07-21 00:18:37 下次操作: 2021-07-21 00:19:00

2021-07-21 00:19:00 开始第 22 次操作

2021-07-21 00:19:00 开始操作号码 【1781991】
2021-07-21 00:19:00 GSD getOne 第 1 次 等待 3 秒
2021-07-21 00:19:04 GSD getOne 第 2 次 等待 3 秒
2021-07-21 00:19:07 GSD getOne 第 3 次 等待 3 秒
2021-07-21 00:19:11 GSD getOne 第 4 次 等待 3 秒
2021-07-21 00:19:14 GSD getOne 第 5 次 等待 3 秒
2021-07-21 00:19:18 GSD getOne 第 6 次 等待 3 秒
2021-07-21 00:19:21 GSD getOne 第 7 次 等待 3 秒
2021-07-21 00:19:25 GSD getOne 第 8 次 等待 3 秒
2021-07-21 00:19:28 GSD getOne 第 9 次 等待 3 秒
2021-07-21 00:19:32 GSD getOne 第 10 次 等待 3 秒
2021-07-21 00:19:35 查询号码 【1781991】，返回信息 
2021-07-21 00:19:35 查询失败，3 秒后重新查询
2021-07-21 00:19:38 GSD getOne 第 1 次 等待 3 秒
2021-07-21 00:19:42 GSD getOne 第 2 次 等待 3 秒
2021-07-21 00:19:45 GSD getOne 第 3 次 等待 3 秒
2021-07-21 00:19:49 GSD getOne 第 4 次 等待 3 秒
2021-07-21 00:19:52 GSD getOne 第 5 次 等待 3 秒
2021-07-21 00:19:56 GSD getOne 第 6 次 等待 3 秒
2021-07-21 00:19:59 GSD getOne 第 7 次 等待 3 秒
2021-07-21 00:20:03 GSD getOne 第 8 次 等待 3 秒
2021-07-21 00:20:06 GSD getOne 第 9 次 等待 3 秒
2021-07-21 00:20:10 GSD getOne 第 10 次 等待 3 秒
2021-07-21 00:20:13 查询号码 【1781991】，返回信息 
2021-07-21 00:20:13 查询失败，结束本次操作，期待下次成功~
2021-07-21 00:20:13 下次操作: 2021-07-21 00:20:33

2021-07-21 00:20:33 开始第 23 次操作

2021-07-21 00:20:33 开始操作号码 【1781991】
2021-07-21 00:20:33 GSD getOne 第 1 次 等待 3 秒
2021-07-21 00:20:37 GSD getOne 第 2 次 等待 3 秒
2021-07-21 00:20:40 GSD getOne 第 3 次 等待 3 秒
2021-07-21 00:20:44 GSD getOne 第 4 次 等待 3 秒
2021-07-21 00:20:47 GSD getOne 第 5 次 等待 3 秒
2021-07-21 00:20:51 GSD getOne 第 6 次 等待 3 秒
2021-07-21 00:20:54 GSD getOne 第 7 次 等待 3 秒
2021-07-21 00:20:58 GSD getOne 第 8 次 等待 3 秒
2021-07-21 00:21:01 GSD getOne 第 9 次 等待 3 秒
2021-07-21 00:21:05 GSD getOne 第 10 次 等待 3 秒
2021-07-21 00:21:08 查询号码 【1781991】，返回信息 
2021-07-21 00:21:08 查询失败，3 秒后重新查询
2021-07-21 00:21:11 GSD getOne 第 1 次 等待 3 秒
2021-07-21 00:21:15 GSD getOne 第 2 次 等待 3 秒
2021-07-21 00:21:18 GSD getOne 第 3 次 等待 3 秒
2021-07-21 00:21:22 GSD getOne 第 4 次 等待 3 秒
2021-07-21 00:21:25 GSD getOne 第 5 次 等待 3 秒
2021-07-21 00:21:29 GSD getOne 第 6 次 等待 3 秒
2021-07-21 00:21:32 GSD getOne 第 7 次 等待 3 秒
2021-07-21 00:21:36 GSD getOne 第 8 次 等待 3 秒
2021-07-21 00:21:39 GSD getOne 第 9 次 等待 3 秒
2021-07-21 00:21:43 GSD getOne 第 10 次 等待 3 秒
2021-07-21 00:21:46 查询号码 【1781991】，返回信息 
2021-07-21 00:21:46 查询失败，结束本次操作，期待下次成功~
2021-07-21 00:21:46 下次操作: 2021-07-21 00:22:01

2021-07-21 00:22:01 开始第 24 次操作

2021-07-21 00:22:01 开始操作号码 【1781991】
2021-07-21 00:22:01 GSD getOne 第 1 次 等待 3 秒
2021-07-21 00:22:05 GSD getOne 第 2 次 等待 3 秒
2021-07-21 00:22:08 GSD getOne 第 3 次 等待 3 秒
2021-07-21 00:22:12 GSD getOne 第 4 次 等待 3 秒
2021-07-21 00:22:15 GSD getOne 第 5 次 等待 3 秒
2021-07-21 00:22:19 GSD getOne 第 6 次 等待 3 秒
2021-07-21 00:22:22 GSD getOne 第 7 次 等待 3 秒
2021-07-21 00:22:26 GSD getOne 第 8 次 等待 3 秒
2021-07-21 00:22:29 GSD getOne 第 9 次 等待 3 秒
2021-07-21 00:22:33 GSD getOne 第 10 次 等待 3 秒
2021-07-21 00:22:36 查询号码 【1781991】，返回信息 
2021-07-21 00:22:36 查询失败，3 秒后重新查询
2021-07-21 00:22:39 GSD getOne 第 1 次 等待 3 秒
2021-07-21 00:22:43 GSD getOne 第 2 次 等待 3 秒
2021-07-21 00:22:46 GSD getOne 第 3 次 等待 3 秒
2021-07-21 00:22:50 GSD getOne 第 4 次 等待 3 秒
2021-07-21 00:22:53 GSD getOne 第 5 次 等待 3 秒
2021-07-21 00:22:57 GSD getOne 第 6 次 等待 3 秒
2021-07-21 00:23:00 GSD getOne 第 7 次 等待 3 秒
2021-07-21 00:23:04 GSD getOne 第 8 次 等待 3 秒
2021-07-21 00:23:07 GSD getOne 第 9 次 等待 3 秒
2021-07-21 00:23:11 GSD getOne 第 10 次 等待 3 秒
2021-07-21 00:23:14 查询号码 【1781991】，返回信息 
2021-07-21 00:23:14 查询失败，结束本次操作，期待下次成功~
2021-07-21 00:23:14 下次操作: 2021-07-21 00:23:37

2021-07-21 00:23:37 开始第 25 次操作

2021-07-21 00:23:37 开始操作号码 【1781991】
2021-07-21 00:23:37 GSD getOne 第 1 次 等待 3 秒
2021-07-21 00:23:41 GSD getOne 第 2 次 等待 3 秒
2021-07-21 00:23:44 GSD getOne 第 3 次 等待 3 秒
2021-07-21 00:23:48 GSD getOne 第 4 次 等待 3 秒
2021-07-21 00:23:51 GSD getOne 第 5 次 等待 3 秒
2021-07-21 00:23:55 GSD getOne 第 6 次 等待 3 秒
2021-07-21 00:23:58 GSD getOne 第 7 次 等待 3 秒
2021-07-21 00:24:02 GSD getOne 第 8 次 等待 3 秒
2021-07-21 00:24:05 GSD getOne 第 9 次 等待 3 秒
2021-07-21 00:24:09 GSD getOne 第 10 次 等待 3 秒
2021-07-21 00:24:12 查询号码 【1781991】，返回信息 
2021-07-21 00:24:12 查询失败，3 秒后重新查询
2021-07-21 00:24:15 GSD getOne 第 1 次 等待 3 秒
2021-07-21 00:24:19 GSD getOne 第 2 次 等待 3 秒
2021-07-21 00:24:22 GSD getOne 第 3 次 等待 3 秒
2021-07-21 00:24:26 GSD getOne 第 4 次 等待 3 秒
2021-07-21 00:24:29 GSD getOne 第 5 次 等待 3 秒
2021-07-21 00:24:33 GSD getOne 第 6 次 等待 3 秒
2021-07-21 00:24:36 GSD getOne 第 7 次 等待 3 秒
2021-07-21 00:24:40 GSD getOne 第 8 次 等待 3 秒
2021-07-21 00:24:43 GSD getOne 第 9 次 等待 3 秒
2021-07-21 00:24:47 GSD getOne 第 10 次 等待 3 秒
2021-07-21 00:24:50 查询号码 【1781991】，返回信息 
2021-07-21 00:24:50 查询失败，结束本次操作，期待下次成功~
2021-07-21 00:24:50 下次操作: 2021-07-21 00:25:09

2021-07-21 00:25:09 开始第 26 次操作

2021-07-21 00:25:09 开始操作号码 【1781991】
2021-07-21 00:25:10 GSD getOne 第 1 次 等待 3 秒
2021-07-21 00:25:13 GSD getOne 第 2 次 等待 3 秒
2021-07-21 00:25:17 GSD getOne 第 3 次 等待 3 秒
2021-07-21 00:25:20 GSD getOne 第 4 次 等待 3 秒
2021-07-21 00:25:23 GSD getOne 第 5 次 等待 3 秒
2021-07-21 00:25:27 GSD getOne 第 6 次 等待 3 秒
2021-07-21 00:25:30 GSD getOne 第 7 次 等待 3 秒
2021-07-21 00:25:34 GSD getOne 第 8 次 等待 3 秒
2021-07-21 00:25:37 GSD getOne 第 9 次 等待 3 秒
2021-07-21 00:25:41 GSD getOne 第 10 次 等待 3 秒
2021-07-21 00:25:44 查询号码 【1781991】，返回信息 
2021-07-21 00:25:44 查询失败，3 秒后重新查询
2021-07-21 00:25:47 GSD getOne 第 1 次 等待 3 秒
2021-07-21 00:25:51 GSD getOne 第 2 次 等待 3 秒
2021-07-21 00:25:54 GSD getOne 第 3 次 等待 3 秒
2021-07-21 00:25:58 GSD getOne 第 4 次 等待 3 秒
2021-07-21 00:26:01 GSD getOne 第 5 次 等待 3 秒
2021-07-21 00:26:05 GSD getOne 第 6 次 等待 3 秒
2021-07-21 00:26:08 GSD getOne 第 7 次 等待 3 秒
2021-07-21 00:26:12 GSD getOne 第 8 次 等待 3 秒
2021-07-21 00:26:15 GSD getOne 第 9 次 等待 3 秒
2021-07-21 00:26:22 GSD getOne 第 10 次 等待 3 秒
2021-07-21 00:26:25 查询号码 【1781991】，返回信息 
2021-07-21 00:26:25 查询失败，结束本次操作，期待下次成功~
2021-07-21 00:26:25 下次操作: 2021-07-21 00:26:40

2021-07-21 00:26:40 开始第 27 次操作

2021-07-21 00:26:40 开始操作号码 【1781991】
2021-07-21 00:26:40 GSD getOne 第 1 次 等待 3 秒
2021-07-21 00:26:44 GSD getOne 第 2 次 等待 3 秒
2021-07-21 00:26:47 GSD getOne 第 3 次 等待 3 秒
2021-07-21 00:26:51 GSD getOne 第 4 次 等待 3 秒
2021-07-21 00:26:54 GSD getOne 第 5 次 等待 3 秒
2021-07-21 00:26:58 GSD getOne 第 6 次 等待 3 秒
2021-07-21 00:27:01 GSD getOne 第 7 次 等待 3 秒
2021-07-21 00:27:05 GSD getOne 第 8 次 等待 3 秒
2021-07-21 00:27:08 GSD getOne 第 9 次 等待 3 秒
2021-07-21 00:27:12 GSD getOne 第 10 次 等待 3 秒
2021-07-21 00:27:15 查询号码 【1781991】，返回信息 
2021-07-21 00:27:15 查询失败，3 秒后重新查询
2021-07-21 00:27:18 GSD getOne 第 1 次 等待 3 秒
2021-07-21 00:27:22 GSD getOne 第 2 次 等待 3 秒
2021-07-21 00:27:26 GSD getOne 第 3 次 等待 3 秒
2021-07-21 00:27:29 GSD getOne 第 4 次 等待 3 秒
2021-07-21 00:27:33 GSD getOne 第 5 次 等待 3 秒
2021-07-21 00:27:36 GSD getOne 第 6 次 等待 3 秒
2021-07-21 00:27:40 GSD getOne 第 7 次 等待 3 秒
2021-07-21 00:27:43 GSD getOne 第 8 次 等待 3 秒
2021-07-21 00:27:47 GSD getOne 第 9 次 等待 3 秒
2021-07-21 00:27:50 GSD getOne 第 10 次 等待 3 秒
2021-07-21 00:27:53 查询号码 【1781991】，返回信息 
2021-07-21 00:27:53 查询失败，结束本次操作，期待下次成功~
2021-07-21 00:27:53 下次操作: 2021-07-21 00:28:08

2021-07-21 00:28:08 开始第 28 次操作

2021-07-21 00:28:08 开始操作号码 【1781991】
2021-07-21 00:28:09 GSD getOne 第 1 次 等待 3 秒
2021-07-21 00:28:12 GSD getOne 第 2 次 等待 3 秒
2021-07-21 00:28:16 GSD getOne 第 3 次 等待 3 秒
2021-07-21 00:28:19 GSD getOne 第 4 次 等待 3 秒
2021-07-21 00:28:23 GSD getOne 第 5 次 等待 3 秒
2021-07-21 00:28:26 GSD getOne 第 6 次 等待 3 秒
2021-07-21 00:28:30 GSD getOne 第 7 次 等待 3 秒
2021-07-21 00:28:33 GSD getOne 第 8 次 等待 3 秒
2021-07-21 00:28:37 GSD getOne 第 9 次 等待 3 秒
2021-07-21 00:28:40 GSD getOne 第 10 次 等待 3 秒
2021-07-21 00:28:43 查询号码 【1781991】，返回信息 
2021-07-21 00:28:43 查询失败，3 秒后重新查询
2021-07-21 00:28:47 GSD getOne 第 1 次 等待 3 秒
2021-07-21 00:28:50 GSD getOne 第 2 次 等待 3 秒
2021-07-21 00:28:54 GSD getOne 第 3 次 等待 3 秒
2021-07-21 00:28:57 GSD getOne 第 4 次 等待 3 秒
2021-07-21 00:29:01 GSD getOne 第 5 次 等待 3 秒
2021-07-21 00:29:04 GSD getOne 第 6 次 等待 3 秒
2021-07-21 00:29:08 GSD getOne 第 7 次 等待 3 秒
2021-07-21 00:29:11 GSD getOne 第 8 次 等待 3 秒
2021-07-21 00:29:15 GSD getOne 第 9 次 等待 3 秒
2021-07-21 00:29:18 GSD getOne 第 10 次 等待 3 秒
2021-07-21 00:29:21 查询号码 【1781991】，返回信息 
2021-07-21 00:29:21 查询失败，结束本次操作，期待下次成功~
2021-07-21 00:29:21 下次操作: 2021-07-21 00:29:43

2021-07-21 00:29:43 开始第 29 次操作

2021-07-21 00:29:43 开始操作号码 【1781991】
2021-07-21 00:29:44 GSD getOne 第 1 次 等待 3 秒
2021-07-21 00:29:47 GSD getOne 第 2 次 等待 3 秒
2021-07-21 00:29:51 GSD getOne 第 3 次 等待 3 秒
2021-07-21 00:29:54 GSD getOne 第 4 次 等待 3 秒
2021-07-21 00:29:58 GSD getOne 第 5 次 等待 3 秒
2021-07-21 00:30:01 GSD getOne 第 6 次 等待 3 秒
2021-07-21 00:30:05 GSD getOne 第 7 次 等待 3 秒
2021-07-21 00:30:08 GSD getOne 第 8 次 等待 3 秒
2021-07-21 00:30:13 GSD getOne 第 9 次 等待 3 秒
2021-07-21 00:30:16 GSD getOne 第 10 次 等待 3 秒
2021-07-21 00:30:19 查询号码 【1781991】，返回信息 
2021-07-21 00:30:19 查询失败，3 秒后重新查询
2021-07-21 00:30:22 GSD getOne 第 1 次 等待 3 秒
2021-07-21 00:30:26 GSD getOne 第 2 次 等待 3 秒
2021-07-21 00:30:29 GSD getOne 第 3 次 等待 3 秒
2021-07-21 00:30:33 GSD getOne 第 4 次 等待 3 秒
2021-07-21 00:30:37 GSD getOne 第 5 次 等待 3 秒
2021-07-21 00:30:40 GSD getOne 第 6 次 等待 3 秒
2021-07-21 00:30:44 GSD getOne 第 7 次 等待 3 秒
2021-07-21 00:30:47 GSD getOne 第 8 次 等待 3 秒
2021-07-21 00:30:51 GSD getOne 第 9 次 等待 3 秒
2021-07-21 00:30:54 GSD getOne 第 10 次 等待 3 秒
2021-07-21 00:30:57 查询号码 【1781991】，返回信息 
2021-07-21 00:30:57 查询失败，结束本次操作，期待下次成功~
2021-07-21 00:30:57 下次操作: 2021-07-21 00:31:13

2021-07-21 00:31:13 开始第 30 次操作

2021-07-21 00:31:13 开始操作号码 【1781991】
2021-07-21 00:31:13 GSD getOne 第 1 次 等待 3 秒
2021-07-21 00:31:17 GSD getOne 第 2 次 等待 3 秒
2021-07-21 00:31:20 GSD getOne 第 3 次 等待 3 秒
2021-07-21 00:31:24 GSD getOne 第 4 次 等待 3 秒
2021-07-21 00:31:28 GSD getOne 第 5 次 等待 3 秒
2021-07-21 00:31:31 GSD getOne 第 6 次 等待 3 秒
2021-07-21 00:31:35 GSD getOne 第 7 次 等待 3 秒
2021-07-21 00:31:38 GSD getOne 第 8 次 等待 3 秒
2021-07-21 00:31:41 GSD getOne 第 9 次 等待 3 秒
2021-07-21 00:31:45 GSD getOne 第 10 次 等待 3 秒
2021-07-21 00:31:48 查询号码 【1781991】，返回信息 
2021-07-21 00:31:48 查询失败，3 秒后重新查询
2021-07-21 00:31:51 GSD getOne 第 1 次 等待 3 秒
2021-07-21 00:31:55 GSD getOne 第 2 次 等待 3 秒
2021-07-21 00:31:58 GSD getOne 第 3 次 等待 3 秒
2021-07-21 00:32:02 GSD getOne 第 4 次 等待 3 秒
2021-07-21 00:32:05 GSD getOne 第 5 次 等待 3 秒
2021-07-21 00:32:09 GSD getOne 第 6 次 等待 3 秒
2021-07-21 00:32:12 GSD getOne 第 7 次 等待 3 秒
2021-07-21 00:32:16 GSD getOne 第 8 次 等待 3 秒
2021-07-21 00:32:19 GSD getOne 第 9 次 等待 3 秒
2021-07-21 00:32:23 GSD getOne 第 10 次 等待 3 秒
2021-07-21 00:32:26 查询号码 【1781991】，返回信息 
2021-07-21 00:32:26 查询失败，结束本次操作，期待下次成功~
2021-07-21 00:32:26 下次操作: 2021-07-21 00:32:38

2021-07-21 00:32:38 开始第 31 次操作

2021-07-21 00:32:38 开始操作号码 【1781991】
2021-07-21 00:32:38 GSD getOne 第 1 次 等待 3 秒
2021-07-21 00:32:42 GSD getOne 第 2 次 等待 3 秒
2021-07-21 00:32:45 GSD getOne 第 3 次 等待 3 秒
2021-07-21 00:32:49 GSD getOne 第 4 次 等待 3 秒
2021-07-21 00:32:52 GSD getOne 第 5 次 等待 3 秒
2021-07-21 00:32:56 GSD getOne 第 6 次 等待 3 秒
2021-07-21 00:32:59 GSD getOne 第 7 次 等待 3 秒
2021-07-21 00:33:03 GSD getOne 第 8 次 等待 3 秒
2021-07-21 00:33:06 GSD getOne 第 9 次 等待 3 秒
2021-07-21 00:33:10 GSD getOne 第 10 次 等待 3 秒
2021-07-21 00:33:13 查询号码 【1781991】，返回信息 
2021-07-21 00:33:13 查询失败，3 秒后重新查询
2021-07-21 00:33:16 GSD getOne 第 1 次 等待 3 秒
2021-07-21 00:33:20 GSD getOne 第 2 次 等待 3 秒
2021-07-21 00:33:23 GSD getOne 第 3 次 等待 3 秒
2021-07-21 00:33:27 GSD getOne 第 4 次 等待 3 秒
2021-07-21 00:33:30 GSD getOne 第 5 次 等待 3 秒
2021-07-21 00:33:34 GSD getOne 第 6 次 等待 3 秒
2021-07-21 00:33:37 GSD getOne 第 7 次 等待 3 秒
2021-07-21 00:33:41 GSD getOne 第 8 次 等待 3 秒
2021-07-21 00:33:44 GSD getOne 第 9 次 等待 3 秒
2021-07-21 00:33:48 GSD getOne 第 10 次 等待 3 秒
2021-07-21 00:33:51 查询号码 【1781991】，返回信息 
2021-07-21 00:33:51 查询失败，结束本次操作，期待下次成功~
2021-07-21 00:33:51 下次操作: 2021-07-21 00:34:08

2021-07-21 00:34:08 开始第 32 次操作

2021-07-21 00:34:08 开始操作号码 【1781991】
2021-07-21 00:34:08 GSD getOne 第 1 次 等待 3 秒
2021-07-21 00:34:12 GSD getOne 第 2 次 等待 3 秒
2021-07-21 00:34:15 GSD getOne 第 3 次 等待 3 秒
2021-07-21 00:34:19 GSD getOne 第 4 次 等待 3 秒
2021-07-21 00:34:22 GSD getOne 第 5 次 等待 3 秒
2021-07-21 00:34:26 GSD getOne 第 6 次 等待 3 秒
2021-07-21 00:34:29 GSD getOne 第 7 次 等待 3 秒
2021-07-21 00:34:33 GSD getOne 第 8 次 等待 3 秒
2021-07-21 00:34:36 GSD getOne 第 9 次 等待 3 秒
2021-07-21 00:34:40 GSD getOne 第 10 次 等待 3 秒
2021-07-21 00:34:43 查询号码 【1781991】，返回信息 
2021-07-21 00:34:43 查询失败，3 秒后重新查询
2021-07-21 00:34:46 GSD getOne 第 1 次 等待 3 秒
2021-07-21 00:34:50 GSD getOne 第 2 次 等待 3 秒
2021-07-21 00:34:53 GSD getOne 第 3 次 等待 3 秒
2021-07-21 00:34:57 GSD getOne 第 4 次 等待 3 秒
2021-07-21 00:35:00 GSD getOne 第 5 次 等待 3 秒
2021-07-21 00:35:04 GSD getOne 第 6 次 等待 3 秒
2021-07-21 00:35:07 GSD getOne 第 7 次 等待 3 秒
2021-07-21 00:35:11 GSD getOne 第 8 次 等待 3 秒
2021-07-21 00:35:14 GSD getOne 第 9 次 等待 3 秒
2021-07-21 00:35:18 GSD getOne 第 10 次 等待 3 秒
2021-07-21 00:35:21 查询号码 【1781991】，返回信息 
2021-07-21 00:35:21 查询失败，结束本次操作，期待下次成功~
2021-07-21 00:35:21 下次操作: 2021-07-21 00:35:45

2021-07-21 00:35:45 开始第 33 次操作

2021-07-21 00:35:45 开始操作号码 【1781991】
2021-07-21 00:35:45 GSD getOne 第 1 次 等待 3 秒
2021-07-21 00:35:49 GSD getOne 第 2 次 等待 3 秒
2021-07-21 00:35:52 GSD getOne 第 3 次 等待 3 秒
2021-07-21 00:35:56 GSD getOne 第 4 次 等待 3 秒
2021-07-21 00:35:59 GSD getOne 第 5 次 等待 3 秒
2021-07-21 00:36:03 GSD getOne 第 6 次 等待 3 秒
2021-07-21 00:36:06 GSD getOne 第 7 次 等待 3 秒
2021-07-21 00:36:10 GSD getOne 第 8 次 等待 3 秒
2021-07-21 00:36:13 GSD getOne 第 9 次 等待 3 秒
2021-07-21 00:36:17 GSD getOne 第 10 次 等待 3 秒
2021-07-21 00:36:20 查询号码 【1781991】，返回信息 
2021-07-21 00:36:20 查询失败，3 秒后重新查询
2021-07-21 00:36:23 GSD getOne 第 1 次 等待 3 秒
2021-07-21 00:36:26 GSD getOne 第 2 次 等待 3 秒
2021-07-21 00:36:30 GSD getOne 第 3 次 等待 3 秒
2021-07-21 00:36:33 GSD getOne 第 4 次 等待 3 秒
2021-07-21 00:36:37 GSD getOne 第 5 次 等待 3 秒
2021-07-21 00:36:40 GSD getOne 第 6 次 等待 3 秒
2021-07-21 00:36:44 GSD getOne 第 7 次 等待 3 秒
2021-07-21 00:36:47 GSD getOne 第 8 次 等待 3 秒
2021-07-21 00:36:51 GSD getOne 第 9 次 等待 3 秒
2021-07-21 00:36:55 GSD getOne 第 10 次 等待 3 秒
2021-07-21 00:36:58 查询号码 【1781991】，返回信息 
2021-07-21 00:36:58 查询失败，结束本次操作，期待下次成功~
2021-07-21 00:36:58 下次操作: 2021-07-21 00:37:11

2021-07-21 00:37:11 开始第 34 次操作

2021-07-21 00:37:11 开始操作号码 【1781991】
2021-07-21 00:37:11 GSD getOne 第 1 次 等待 3 秒
2021-07-21 00:37:15 GSD getOne 第 2 次 等待 3 秒
2021-07-21 00:37:18 GSD getOne 第 3 次 等待 3 秒
2021-07-21 00:37:22 GSD getOne 第 4 次 等待 3 秒
2021-07-21 00:37:25 GSD getOne 第 5 次 等待 3 秒
2021-07-21 00:37:29 GSD getOne 第 6 次 等待 3 秒
2021-07-21 00:37:32 GSD getOne 第 7 次 等待 3 秒
2021-07-21 00:37:36 GSD getOne 第 8 次 等待 3 秒
2021-07-21 00:37:39 GSD getOne 第 9 次 等待 3 秒
2021-07-21 00:37:43 GSD getOne 第 10 次 等待 3 秒
2021-07-21 00:37:46 查询号码 【1781991】，返回信息 
2021-07-21 00:37:46 查询失败，3 秒后重新查询
2021-07-21 00:37:49 GSD getOne 第 1 次 等待 3 秒
2021-07-21 00:37:53 GSD getOne 第 2 次 等待 3 秒
2021-07-21 00:37:57 GSD getOne 第 3 次 等待 3 秒
2021-07-21 00:38:00 GSD getOne 第 4 次 等待 3 秒
2021-07-21 00:38:04 GSD getOne 第 5 次 等待 3 秒
2021-07-21 00:38:07 GSD getOne 第 6 次 等待 3 秒
2021-07-21 00:38:11 GSD getOne 第 7 次 等待 3 秒
2021-07-21 00:38:15 GSD getOne 第 8 次 等待 3 秒
2021-07-21 00:38:19 GSD getOne 第 9 次 等待 3 秒
2021-07-21 00:38:22 GSD getOne 第 10 次 等待 3 秒
2021-07-21 00:38:25 查询号码 【1781991】，返回信息 
2021-07-21 00:38:25 查询失败，结束本次操作，期待下次成功~
2021-07-21 00:38:25 下次操作: 2021-07-21 00:38:45

2021-07-21 00:38:45 开始第 35 次操作

2021-07-21 00:38:45 开始操作号码 【1781991】
2021-07-21 00:38:46 GSD getOne 第 1 次 等待 3 秒
2021-07-21 00:38:49 GSD getOne 第 2 次 等待 3 秒
2021-07-21 00:38:53 GSD getOne 第 3 次 等待 3 秒
2021-07-21 00:38:56 GSD getOne 第 4 次 等待 3 秒
2021-07-21 00:39:00 GSD getOne 第 5 次 等待 3 秒
2021-07-21 00:39:03 GSD getOne 第 6 次 等待 3 秒
2021-07-21 00:39:07 GSD getOne 第 7 次 等待 3 秒
2021-07-21 00:39:10 GSD getOne 第 8 次 等待 3 秒
2021-07-21 00:39:14 GSD getOne 第 9 次 等待 3 秒
2021-07-21 00:39:17 GSD getOne 第 10 次 等待 3 秒
2021-07-21 00:39:20 查询号码 【1781991】，返回信息 
2021-07-21 00:39:20 查询失败，3 秒后重新查询
2021-07-21 00:39:24 GSD getOne 第 1 次 等待 3 秒
2021-07-21 00:39:27 GSD getOne 第 2 次 等待 3 秒
2021-07-21 00:39:30 GSD getOne 第 3 次 等待 3 秒
2021-07-21 00:39:34 GSD getOne 第 4 次 等待 3 秒
2021-07-21 00:39:37 GSD getOne 第 5 次 等待 3 秒
2021-07-21 00:39:41 GSD getOne 第 6 次 等待 3 秒
2021-07-21 00:39:44 GSD getOne 第 7 次 等待 3 秒
2021-07-21 00:39:48 GSD getOne 第 8 次 等待 3 秒
2021-07-21 00:39:51 GSD getOne 第 9 次 等待 3 秒
2021-07-21 00:39:55 GSD getOne 第 10 次 等待 3 秒
2021-07-21 00:39:58 查询号码 【1781991】，返回信息 
2021-07-21 00:39:58 查询失败，结束本次操作，期待下次成功~
2021-07-21 00:39:58 下次操作: 2021-07-21 00:40:11

2021-07-21 00:40:11 开始第 36 次操作

2021-07-21 00:40:11 开始操作号码 【1781991】
2021-07-21 00:40:12 GSD getOne 第 1 次 等待 3 秒
2021-07-21 00:40:15 GSD getOne 第 2 次 等待 3 秒
2021-07-21 00:40:19 GSD getOne 第 3 次 等待 3 秒
2021-07-21 00:40:22 GSD getOne 第 4 次 等待 3 秒
2021-07-21 00:40:26 GSD getOne 第 5 次 等待 3 秒
2021-07-21 00:40:29 GSD getOne 第 6 次 等待 3 秒
2021-07-21 00:40:33 GSD getOne 第 7 次 等待 3 秒
2021-07-21 00:40:36 GSD getOne 第 8 次 等待 3 秒
2021-07-21 00:40:40 GSD getOne 第 9 次 等待 3 秒
2021-07-21 00:40:43 GSD getOne 第 10 次 等待 3 秒
2021-07-21 00:40:46 查询号码 【1781991】，返回信息 
2021-07-21 00:40:46 查询失败，3 秒后重新查询
2021-07-21 00:40:50 GSD getOne 第 1 次 等待 3 秒
2021-07-21 00:40:53 GSD getOne 第 2 次 等待 3 秒
2021-07-21 00:40:57 GSD getOne 第 3 次 等待 3 秒
2021-07-21 00:41:00 GSD getOne 第 4 次 等待 3 秒
2021-07-21 00:41:04 GSD getOne 第 5 次 等待 3 秒
2021-07-21 00:41:07 GSD getOne 第 6 次 等待 3 秒
2021-07-21 00:41:10 GSD getOne 第 7 次 等待 3 秒
2021-07-21 00:41:14 GSD getOne 第 8 次 等待 3 秒
2021-07-21 00:41:17 GSD getOne 第 9 次 等待 3 秒
2021-07-21 00:41:21 GSD getOne 第 10 次 等待 3 秒
2021-07-21 00:41:24 查询号码 【1781991】，返回信息 
2021-07-21 00:41:24 查询失败，结束本次操作，期待下次成功~
2021-07-21 00:41:24 下次操作: 2021-07-21 00:41:48

2021-07-21 00:41:48 开始第 37 次操作

2021-07-21 00:41:48 开始操作号码 【1781991】
2021-07-21 00:41:49 GSD getOne 第 1 次 等待 3 秒
2021-07-21 00:41:52 GSD getOne 第 2 次 等待 3 秒
2021-07-21 00:41:56 GSD getOne 第 3 次 等待 3 秒
2021-07-21 00:41:59 GSD getOne 第 4 次 等待 3 秒
2021-07-21 00:42:03 GSD getOne 第 5 次 等待 3 秒
2021-07-21 00:42:06 GSD getOne 第 6 次 等待 3 秒
2021-07-21 00:42:10 GSD getOne 第 7 次 等待 3 秒
2021-07-21 00:42:13 GSD getOne 第 8 次 等待 3 秒
2021-07-21 00:42:17 GSD getOne 第 9 次 等待 3 秒
2021-07-21 00:42:20 GSD getOne 第 10 次 等待 3 秒
2021-07-21 00:42:23 查询号码 【1781991】，返回信息 
2021-07-21 00:42:23 查询失败，3 秒后重新查询
2021-07-21 00:42:26 GSD getOne 第 1 次 等待 3 秒
2021-07-21 00:42:30 GSD getOne 第 2 次 等待 3 秒
2021-07-21 00:42:34 GSD getOne 第 3 次 等待 3 秒
2021-07-21 00:42:37 GSD getOne 第 4 次 等待 3 秒
2021-07-21 00:42:40 GSD getOne 第 5 次 等待 3 秒
2021-07-21 00:42:44 GSD getOne 第 6 次 等待 3 秒
2021-07-21 00:42:47 GSD getOne 第 7 次 等待 3 秒
2021-07-21 00:42:51 GSD getOne 第 8 次 等待 3 秒
2021-07-21 00:42:54 GSD getOne 第 9 次 等待 3 秒
2021-07-21 00:42:58 GSD getOne 第 10 次 等待 3 秒
2021-07-21 00:43:01 查询号码 【1781991】，返回信息 
2021-07-21 00:43:01 查询失败，结束本次操作，期待下次成功~
2021-07-21 00:43:01 下次操作: 2021-07-21 00:43:13

2021-07-21 00:43:13 开始第 38 次操作

2021-07-21 00:43:13 开始操作号码 【1781991】
2021-07-21 00:43:13 GSD getOne 第 1 次 等待 3 秒
2021-07-21 00:43:17 GSD getOne 第 2 次 等待 3 秒
2021-07-21 00:43:21 GSD getOne 第 3 次 等待 3 秒
2021-07-21 00:43:24 GSD getOne 第 4 次 等待 3 秒
2021-07-21 00:43:28 GSD getOne 第 5 次 等待 3 秒
2021-07-21 00:43:31 GSD getOne 第 6 次 等待 3 秒
2021-07-21 00:43:35 GSD getOne 第 7 次 等待 3 秒
2021-07-21 00:43:38 GSD getOne 第 8 次 等待 3 秒
2021-07-21 00:43:42 GSD getOne 第 9 次 等待 3 秒
2021-07-21 00:43:45 GSD getOne 第 10 次 等待 3 秒
2021-07-21 00:43:48 查询号码 【1781991】，返回信息 
2021-07-21 00:43:48 查询失败，3 秒后重新查询
2021-07-21 00:43:51 GSD getOne 第 1 次 等待 3 秒
2021-07-21 00:43:55 GSD getOne 第 2 次 等待 3 秒
2021-07-21 00:43:59 GSD getOne 第 3 次 等待 3 秒
2021-07-21 00:44:02 GSD getOne 第 4 次 等待 3 秒
2021-07-21 00:44:05 GSD getOne 第 5 次 等待 3 秒
2021-07-21 00:44:09 GSD getOne 第 6 次 等待 3 秒
2021-07-21 00:44:12 GSD getOne 第 7 次 等待 3 秒
2021-07-21 00:44:16 GSD getOne 第 8 次 等待 3 秒
2021-07-21 00:44:20 GSD getOne 第 9 次 等待 3 秒
2021-07-21 00:44:23 GSD getOne 第 10 次 等待 3 秒
2021-07-21 00:44:26 查询号码 【1781991】，返回信息 
2021-07-21 00:44:26 查询失败，结束本次操作，期待下次成功~
2021-07-21 00:44:26 下次操作: 2021-07-21 00:44:43

2021-07-21 00:44:43 开始第 39 次操作

2021-07-21 00:44:43 开始操作号码 【1781991】
2021-07-21 00:44:44 GSD getOne 第 1 次 等待 3 秒
2021-07-21 00:44:47 GSD getOne 第 2 次 等待 3 秒
2021-07-21 00:44:51 GSD getOne 第 3 次 等待 3 秒
2021-07-21 00:44:54 GSD getOne 第 4 次 等待 3 秒
2021-07-21 00:44:57 GSD getOne 第 5 次 等待 3 秒
2021-07-21 00:45:01 GSD getOne 第 6 次 等待 3 秒
2021-07-21 00:45:04 GSD getOne 第 7 次 等待 3 秒
2021-07-21 00:45:08 GSD getOne 第 8 次 等待 3 秒
2021-07-21 00:45:11 GSD getOne 第 9 次 等待 3 秒
2021-07-21 00:45:15 GSD getOne 第 10 次 等待 3 秒
2021-07-21 00:45:18 查询号码 【1781991】，返回信息 
2021-07-21 00:45:18 查询失败，3 秒后重新查询
2021-07-21 00:45:22 GSD getOne 第 1 次 等待 3 秒
2021-07-21 00:45:25 GSD getOne 第 2 次 等待 3 秒
2021-07-21 00:45:28 GSD getOne 第 3 次 等待 3 秒
2021-07-21 00:45:32 GSD getOne 第 4 次 等待 3 秒
2021-07-21 00:45:35 GSD getOne 第 5 次 等待 3 秒
2021-07-21 00:45:39 GSD getOne 第 6 次 等待 3 秒
2021-07-21 00:45:42 GSD getOne 第 7 次 等待 3 秒
2021-07-21 00:45:46 GSD getOne 第 8 次 等待 3 秒
2021-07-21 00:45:49 GSD getOne 第 9 次 等待 3 秒
2021-07-21 00:45:53 GSD getOne 第 10 次 等待 3 秒
2021-07-21 00:45:56 查询号码 【1781991】，返回信息 
2021-07-21 00:45:56 查询失败，结束本次操作，期待下次成功~
2021-07-21 00:45:56 下次操作: 2021-07-21 00:46:15

2021-07-21 00:46:15 开始第 40 次操作

2021-07-21 00:46:15 开始操作号码 【1781991】
2021-07-21 00:46:16 GSD getOne 第 1 次 等待 3 秒
2021-07-21 00:46:19 GSD getOne 第 2 次 等待 3 秒
2021-07-21 00:46:22 GSD getOne 第 3 次 等待 3 秒
2021-07-21 00:46:26 GSD getOne 第 4 次 等待 3 秒
2021-07-21 00:46:30 GSD getOne 第 5 次 等待 3 秒
2021-07-21 00:46:33 GSD getOne 第 6 次 等待 3 秒
2021-07-21 00:46:37 GSD getOne 第 7 次 等待 3 秒
2021-07-21 00:46:40 GSD getOne 第 8 次 等待 3 秒
2021-07-21 00:46:44 GSD getOne 第 9 次 等待 3 秒
2021-07-21 00:46:47 GSD getOne 第 10 次 等待 3 秒
2021-07-21 00:46:50 查询号码 【1781991】，返回信息 
2021-07-21 00:46:50 查询失败，3 秒后重新查询
2021-07-21 00:46:54 GSD getOne 第 1 次 等待 3 秒
2021-07-21 00:46:57 GSD getOne 第 2 次 等待 3 秒
2021-07-21 00:47:01 GSD getOne 第 3 次 等待 3 秒
2021-07-21 00:47:04 GSD getOne 第 4 次 等待 3 秒
2021-07-21 00:47:08 GSD getOne 第 5 次 等待 3 秒
2021-07-21 00:47:11 GSD getOne 第 6 次 等待 3 秒
2021-07-21 00:47:14 GSD getOne 第 7 次 等待 3 秒
2021-07-21 00:47:18 GSD getOne 第 8 次 等待 3 秒
2021-07-21 00:47:21 GSD getOne 第 9 次 等待 3 秒
2021-07-21 00:47:25 GSD getOne 第 10 次 等待 3 秒
2021-07-21 00:47:28 查询号码 【1781991】，返回信息 
2021-07-21 00:47:28 查询失败，结束本次操作，期待下次成功~

2021-07-21 01:02:37 开始第 1 次操作

2021-07-21 01:02:37 开始操作号码 【1781991】
2021-07-21 01:02:41 GSD getOne 第 1 次 等待 3 秒
2021-07-21 01:02:44 查询号码 【1781991】，返回信息 {"status":"bad","msg":""}
2021-07-21 01:02:44 查询号码 【1781991】，GSD为【""】
2021-07-21 01:02:44 bad
2021-07-21 01:02:45 CHB 1781991?1626800564 第 1 次 等待 3 秒
2021-07-21 01:02:48 CHB 1781991?1626800564 第 1 次 获取到号码【1781991】GSD
2021-07-21 01:02:48 获取到号码【1781991】的GSD为【广东-佛山】
2021-07-21 01:02:51 GSD insert 第 1 次 等待 3 秒
2021-07-21 01:02:54 {"status":"ok","gid":341592,"msg":"添加成功！"}
2021-07-21 01:02:54 下次操作: 2021-07-21 01:03:10

2021-07-21 01:03:10 开始第 2 次操作

2021-07-21 01:03:10 开始操作号码 【1781990】
2021-07-21 01:03:13 GSD getOne 第 1 次 等待 3 秒
2021-07-21 01:03:16 查询号码 【1781990】，返回信息 {"status":"bad","msg":""}
2021-07-21 01:03:16 查询号码 【1781990】，GSD为【""】
2021-07-21 01:03:16 bad
2021-07-21 01:03:18 CHB 1781990?1626800596 第 1 次 等待 3 秒
2021-07-21 01:03:21 CHB 1781990?1626800596 第 1 次 获取到号码【1781990】GSD
2021-07-21 01:03:21 获取到号码【1781990】的GSD为【广东-佛山】
2021-07-21 01:03:24 GSD insert 第 1 次 等待 3 秒
2021-07-21 01:03:27 {"status":"ok","gid":341596,"msg":"添加成功！"}
2021-07-21 01:03:27 下次操作: 2021-07-21 01:03:49

2021-07-21 01:03:49 开始第 3 次操作

2021-07-21 01:03:49 开始操作号码 【1781989】
2021-07-21 01:03:55 GSD getOne 第 1 次 等待 3 秒
2021-07-21 01:03:58 查询号码 【1781989】，返回信息 {"status":"bad","msg":""}
2021-07-21 01:03:58 查询号码 【1781989】，GSD为【""】
2021-07-21 01:03:58 bad
2021-07-21 01:04:00 CHB 1781989?1626800638 第 1 次 等待 3 秒
2021-07-21 01:04:03 CHB 1781989?1626800638 第 1 次 获取到号码【1781989】GSD
2021-07-21 01:04:03 获取到号码【1781989】的GSD为【广东-佛山】
2021-07-21 01:04:07 GSD insert 第 1 次 等待 3 秒
2021-07-21 01:04:10 {"status":"ok","gid":341602,"msg":"添加成功！"}
2021-07-21 01:04:10 下次操作: 2021-07-21 01:04:29

2021-07-21 01:04:29 开始第 4 次操作

2021-07-21 01:04:29 开始操作号码 【1781988】
2021-07-21 01:04:35 GSD getOne 第 1 次 等待 3 秒
2021-07-21 01:04:38 查询号码 【1781988】，返回信息 {"status":"bad","msg":""}
2021-07-21 01:04:38 查询号码 【1781988】，GSD为【""】
2021-07-21 01:04:38 bad
2021-07-21 01:04:40 CHB 1781988?1626800678 第 1 次 等待 3 秒
2021-07-21 01:04:43 CHB 1781988?1626800678 第 1 次 获取到号码【1781988】GSD
2021-07-21 01:04:43 获取到号码【1781988】的GSD为【广东-佛山】
2021-07-21 01:04:46 GSD insert 第 1 次 等待 3 秒
2021-07-21 01:04:49 {"status":"ok","gid":341610,"msg":"添加成功！"}
2021-07-21 01:04:49 下次操作: 2021-07-21 01:05:10

2021-07-21 01:05:10 开始第 5 次操作

2021-07-21 01:05:10 开始操作号码 【1781987】
2021-07-21 01:05:13 GSD getOne 第 1 次 等待 3 秒
2021-07-21 01:05:16 查询号码 【1781987】，返回信息 {"status":"bad","msg":""}
2021-07-21 01:05:16 查询号码 【1781987】，GSD为【""】
2021-07-21 01:05:16 bad
2021-07-21 01:05:18 CHB 1781987?1626800716 第 1 次 等待 3 秒
2021-07-21 01:05:21 CHB 1781987?1626800716 第 1 次 获取到号码【1781987】GSD
2021-07-21 01:05:21 获取到号码【1781987】的GSD为【广东-佛山】
2021-07-21 01:05:24 GSD insert 第 1 次 等待 3 秒
2021-07-21 01:05:27 {"status":"ok","gid":341617,"msg":"添加成功！"}
2021-07-21 01:05:27 下次操作: 2021-07-21 01:05:39

2021-07-21 01:05:39 开始第 6 次操作

2021-07-21 01:05:39 开始操作号码 【1781986】
2021-07-21 01:05:42 GSD getOne 第 1 次 等待 3 秒
2021-07-21 01:05:45 查询号码 【1781986】，返回信息 {"status":"bad","msg":""}
2021-07-21 01:05:45 查询号码 【1781986】，GSD为【""】
2021-07-21 01:05:45 bad
2021-07-21 01:05:47 CHB 1781986?1626800745 第 1 次 等待 3 秒
2021-07-21 01:05:50 CHB 1781986?1626800745 第 1 次 获取到号码【1781986】GSD
2021-07-21 01:05:50 获取到号码【1781986】的GSD为【广东-佛山】
2021-07-21 01:05:52 GSD insert 第 1 次 等待 3 秒
2021-07-21 01:05:55 {"status":"ok","gid":341620,"msg":"添加成功！"}
2021-07-21 01:05:55 下次操作: 2021-07-21 01:06:12

2021-07-21 01:06:13 开始第 7 次操作

2021-07-21 01:06:13 开始操作号码 【1781985】
2021-07-21 01:06:15 GSD getOne 第 1 次 等待 3 秒
2021-07-21 01:06:18 查询号码 【1781985】，返回信息 {"status":"bad","msg":""}
2021-07-21 01:06:18 查询号码 【1781985】，GSD为【""】
2021-07-21 01:06:18 bad
2021-07-21 01:06:20 CHB 1781985?1626800778 第 1 次 等待 3 秒
2021-07-21 01:06:23 CHB 1781985?1626800778 第 1 次 获取到号码【1781985】GSD
2021-07-21 01:06:23 获取到号码【1781985】的GSD为【广东-佛山】
2021-07-21 01:06:26 GSD insert 第 1 次 等待 3 秒
2021-07-21 01:06:29 {"status":"ok","gid":341627,"msg":"添加成功！"}
2021-07-21 01:06:29 下次操作: 2021-07-21 01:06:41

2021-07-21 01:06:41 开始第 8 次操作

2021-07-21 01:06:41 开始操作号码 【1781984】
2021-07-21 01:06:44 GSD getOne 第 1 次 等待 3 秒
2021-07-21 01:06:47 查询号码 【1781984】，返回信息 {"status":"bad","msg":""}
2021-07-21 01:06:47 查询号码 【1781984】，GSD为【""】
2021-07-21 01:06:47 bad
2021-07-21 01:06:49 CHB 1781984?1626800807 第 1 次 等待 3 秒
2021-07-21 01:06:52 CHB 1781984?1626800807 第 1 次 获取到号码【1781984】GSD
2021-07-21 01:06:52 获取到号码【1781984】的GSD为【广东-广州】
2021-07-21 01:06:55 GSD insert 第 1 次 等待 3 秒
2021-07-21 01:06:58 {"status":"ok","gid":341632,"msg":"添加成功！"}
2021-07-21 01:06:58 下次操作: 2021-07-21 01:07:15

2021-07-21 01:07:15 开始第 9 次操作

2021-07-21 01:07:15 开始操作号码 【1781983】
2021-07-21 01:07:18 GSD getOne 第 1 次 等待 3 秒
2021-07-21 01:07:21 查询号码 【1781983】，返回信息 {"status":"bad","msg":""}
2021-07-21 01:07:21 查询号码 【1781983】，GSD为【""】
2021-07-21 01:07:21 bad
2021-07-21 01:07:23 CHB 1781983?1626800841 第 1 次 等待 3 秒
2021-07-21 01:07:26 CHB 1781983?1626800841 第 1 次 获取到号码【1781983】GSD
2021-07-21 01:07:26 获取到号码【1781983】的GSD为【广东-广州】
2021-07-21 01:07:28 GSD insert 第 1 次 等待 3 秒
2021-07-21 01:07:31 {"status":"ok","gid":341637,"msg":"添加成功！"}
2021-07-21 01:07:31 下次操作: 2021-07-21 01:07:55

2021-07-21 01:07:56 开始第 10 次操作

2021-07-21 01:07:56 开始操作号码 【1781982】
2021-07-21 01:07:59 GSD getOne 第 1 次 等待 3 秒
2021-07-21 01:08:02 查询号码 【1781982】，返回信息 {"status":"bad","msg":""}
2021-07-21 01:08:02 查询号码 【1781982】，GSD为【""】
2021-07-21 01:08:02 bad
2021-07-21 01:08:04 CHB 1781982?1626800882 第 1 次 等待 3 秒
2021-07-21 01:08:07 CHB 1781982?1626800882 第 1 次 获取到号码【1781982】GSD
2021-07-21 01:08:07 获取到号码【1781982】的GSD为【广东-广州】
2021-07-21 01:08:10 GSD insert 第 1 次 等待 3 秒
2021-07-21 01:08:13 {"status":"ok","gid":341644,"msg":"添加成功！"}
2021-07-21 01:08:13 下次操作: 2021-07-21 01:08:28

2021-07-21 01:08:28 开始第 11 次操作

2021-07-21 01:08:28 开始操作号码 【1781981】
2021-07-21 01:08:31 GSD getOne 第 1 次 等待 3 秒
2021-07-21 01:08:34 查询号码 【1781981】，返回信息 {"status":"bad","msg":""}
2021-07-21 01:08:34 查询号码 【1781981】，GSD为【""】
2021-07-21 01:08:34 bad
2021-07-21 01:08:36 CHB 1781981?1626800914 第 1 次 等待 3 秒
2021-07-21 01:08:39 CHB 1781981?1626800914 第 1 次 获取到号码【1781981】GSD
2021-07-21 01:08:39 获取到号码【1781981】的GSD为【广东-广州】
2021-07-21 01:08:42 GSD insert 第 1 次 等待 3 秒
2021-07-21 01:08:45 {"status":"ok","gid":341650,"msg":"添加成功！"}
2021-07-21 01:08:45 下次操作: 2021-07-21 01:09:04

2021-07-21 01:09:04 开始第 12 次操作

2021-07-21 01:09:04 开始操作号码 【1781980】
2021-07-21 01:09:06 GSD getOne 第 1 次 等待 3 秒
2021-07-21 01:09:09 查询号码 【1781980】，返回信息 {"status":"bad","msg":""}
2021-07-21 01:09:10 查询号码 【1781980】，GSD为【""】
2021-07-21 01:09:10 bad
2021-07-21 01:09:11 CHB 1781980?1626800950 第 1 次 等待 3 秒
2021-07-21 01:09:14 CHB 1781980?1626800950 第 1 次 获取到号码【1781980】GSD
2021-07-21 01:09:14 获取到号码【1781980】的GSD为【广东-广州】
2021-07-21 01:09:17 GSD insert 第 1 次 等待 3 秒
2021-07-21 01:09:20 {"status":"ok","gid":341655,"msg":"添加成功！"}
2021-07-21 01:09:20 下次操作: 2021-07-21 01:09:40

2021-07-21 01:09:40 开始第 13 次操作

2021-07-21 01:09:40 开始操作号码 【1781979】
2021-07-21 01:09:43 GSD getOne 第 1 次 等待 3 秒
2021-07-21 01:09:46 查询号码 【1781979】，返回信息 {"status":"bad","msg":""}
2021-07-21 01:09:46 查询号码 【1781979】，GSD为【""】
2021-07-21 01:09:46 bad
2021-07-21 01:09:48 CHB 1781979?1626800986 第 1 次 等待 3 秒
2021-07-21 01:09:51 CHB 1781979?1626800986 第 1 次 获取到号码【1781979】GSD
2021-07-21 01:09:51 获取到号码【1781979】的GSD为【广东-广州】
2021-07-21 01:09:54 GSD insert 第 1 次 等待 3 秒
2021-07-21 01:09:57 {"status":"ok","gid":341662,"msg":"添加成功！"}
2021-07-21 01:09:57 下次操作: 2021-07-21 01:10:19

2021-07-21 01:10:19 开始第 14 次操作

2021-07-21 01:10:19 开始操作号码 【1781978】
2021-07-21 01:10:22 GSD getOne 第 1 次 等待 3 秒
2021-07-21 01:10:25 查询号码 【1781978】，返回信息 {"status":"ok","msg":"广东-广州","gid":"31487","time_insert":"2018-07-27 22:18","time_update":"2020-10-01 04:38"}
2021-07-21 01:10:25 查询号码 【1781978】，GSD为【"广东-广州"】

2021-07-21 01:10:25 开始第 14 次操作

2021-07-21 01:10:25 开始操作号码 【1781977】
2021-07-21 01:10:28 GSD getOne 第 1 次 等待 3 秒
2021-07-21 01:10:31 查询号码 【1781977】，返回信息 {"status":"bad","msg":""}
2021-07-21 01:10:31 查询号码 【1781977】，GSD为【""】
2021-07-21 01:10:31 bad
2021-07-21 01:10:33 CHB 1781977?1626801031 第 1 次 等待 3 秒
2021-07-21 01:10:36 CHB 1781977?1626801031 第 1 次 获取到号码【1781977】GSD
2021-07-21 01:10:36 获取到号码【1781977】的GSD为【广东-广州】
2021-07-21 01:10:39 GSD insert 第 1 次 等待 3 秒
2021-07-21 01:10:42 {"status":"ok","gid":341670,"msg":"添加成功！"}
2021-07-21 01:10:42 下次操作: 2021-07-21 01:10:59

2021-07-21 01:10:59 开始第 15 次操作

2021-07-21 01:10:59 开始操作号码 【1781976】
2021-07-21 01:11:01 GSD getOne 第 1 次 等待 3 秒
2021-07-21 01:11:04 查询号码 【1781976】，返回信息 {"status":"bad","msg":""}
2021-07-21 01:11:05 查询号码 【1781976】，GSD为【""】
2021-07-21 01:11:05 bad
2021-07-21 01:11:06 CHB 1781976?1626801065 第 1 次 等待 3 秒
2021-07-21 01:11:09 CHB 1781976?1626801065 第 1 次 获取到号码【1781976】GSD
2021-07-21 01:11:09 获取到号码【1781976】的GSD为【广东-广州】
2021-07-21 01:11:12 GSD insert 第 1 次 等待 3 秒
2021-07-21 01:11:15 {"status":"ok","gid":341677,"msg":"添加成功！"}
2021-07-21 01:11:15 下次操作: 2021-07-21 01:11:33

2021-07-21 01:11:33 开始第 16 次操作

2021-07-21 01:11:33 开始操作号码 【1781975】
2021-07-21 01:11:36 GSD getOne 第 1 次 等待 3 秒
2021-07-21 01:11:39 查询号码 【1781975】，返回信息 {"status":"bad","msg":""}
2021-07-21 01:11:39 查询号码 【1781975】，GSD为【""】
2021-07-21 01:11:39 bad
2021-07-21 01:11:41 CHB 1781975?1626801099 第 1 次 等待 3 秒
2021-07-21 01:11:44 CHB 1781975?1626801099 第 1 次 获取到号码【1781975】GSD
2021-07-21 01:11:44 获取到号码【1781975】的GSD为【广东-广州】
2021-07-21 01:11:47 GSD insert 第 1 次 等待 3 秒
2021-07-21 01:11:50 {"status":"ok","gid":341682,"msg":"添加成功！"}
2021-07-21 01:11:50 下次操作: 2021-07-21 01:12:09

2021-07-21 01:12:09 开始第 17 次操作

2021-07-21 01:12:09 开始操作号码 【1781974】
2021-07-21 01:12:11 GSD getOne 第 1 次 等待 3 秒
2021-07-21 01:12:14 查询号码 【1781974】，返回信息 {"status":"bad","msg":""}
2021-07-21 01:12:14 查询号码 【1781974】，GSD为【""】
2021-07-21 01:12:14 bad
2021-07-21 01:12:16 CHB 1781974?1626801134 第 1 次 等待 3 秒
2021-07-21 01:12:19 CHB 1781974?1626801134 第 1 次 获取到号码【1781974】GSD
2021-07-21 01:12:19 获取到号码【1781974】的GSD为【广东-广州】
2021-07-21 01:12:22 GSD insert 第 1 次 等待 3 秒
2021-07-21 01:12:25 {"status":"ok","gid":341687,"msg":"添加成功！"}
2021-07-21 01:12:25 下次操作: 2021-07-21 01:12:43

2021-07-21 01:12:43 开始第 18 次操作

2021-07-21 01:12:43 开始操作号码 【1781973】
2021-07-21 01:12:46 GSD getOne 第 1 次 等待 3 秒
2021-07-21 01:12:49 查询号码 【1781973】，返回信息 {"status":"bad","msg":""}
2021-07-21 01:12:49 查询号码 【1781973】，GSD为【""】
2021-07-21 01:12:49 bad
2021-07-21 01:12:51 CHB 1781973?1626801169 第 1 次 等待 3 秒
2021-07-21 01:12:54 CHB 1781973?1626801169 第 1 次 获取到号码【1781973】GSD
2021-07-21 01:12:54 获取到号码【1781973】的GSD为【广东-广州】
2021-07-21 01:12:57 GSD insert 第 1 次 等待 3 秒
2021-07-21 01:13:00 {"status":"ok","gid":341699,"msg":"添加成功！"}
2021-07-21 01:13:00 下次操作: 2021-07-21 01:13:13

2021-07-21 01:13:13 开始第 19 次操作

2021-07-21 01:13:13 开始操作号码 【1781972】
2021-07-21 01:13:16 GSD getOne 第 1 次 等待 3 秒
2021-07-21 01:13:19 查询号码 【1781972】，返回信息 {"status":"bad","msg":""}
2021-07-21 01:13:19 查询号码 【1781972】，GSD为【""】
2021-07-21 01:13:19 bad
2021-07-21 01:13:20 CHB 1781972?1626801199 第 1 次 等待 3 秒
2021-07-21 01:13:23 CHB 1781972?1626801199 第 1 次 获取到号码【1781972】GSD
2021-07-21 01:13:23 获取到号码【1781972】的GSD为【广东-广州】
2021-07-21 01:13:26 GSD insert 第 1 次 等待 3 秒
2021-07-21 01:13:29 {"status":"ok","gid":341705,"msg":"添加成功！"}
2021-07-21 01:13:29 下次操作: 2021-07-21 01:13:50

2021-07-21 01:13:50 开始第 20 次操作

2021-07-21 01:13:50 开始操作号码 【1781971】
2021-07-21 01:13:54 GSD getOne 第 1 次 等待 3 秒
2021-07-21 01:13:57 查询号码 【1781971】，返回信息 {"status":"bad","msg":""}
2021-07-21 01:13:57 查询号码 【1781971】，GSD为【""】
2021-07-21 01:13:57 bad
2021-07-21 01:13:59 CHB 1781971?1626801237 第 1 次 等待 3 秒
2021-07-21 01:14:02 CHB 1781971?1626801237 第 1 次 获取到号码【1781971】GSD
2021-07-21 01:14:02 获取到号码【1781971】的GSD为【广东-广州】
2021-07-21 01:14:04 GSD insert 第 1 次 等待 3 秒
2021-07-21 01:14:07 {"status":"ok","gid":341709,"msg":"添加成功！"}
2021-07-21 01:14:08 下次操作: 2021-07-21 01:14:30

2021-07-21 01:14:30 开始第 21 次操作

2021-07-21 01:14:30 开始操作号码 【1781970】
2021-07-21 01:14:33 GSD getOne 第 1 次 等待 3 秒
2021-07-21 01:14:36 查询号码 【1781970】，返回信息 {"status":"bad","msg":""}
2021-07-21 01:14:36 查询号码 【1781970】，GSD为【""】
2021-07-21 01:14:36 bad
2021-07-21 01:14:38 CHB 1781970?1626801276 第 1 次 等待 3 秒
2021-07-21 01:14:41 CHB 1781970?1626801276 第 1 次 获取到号码【1781970】GSD
2021-07-21 01:14:41 获取到号码【1781970】的GSD为【广东-广州】
2021-07-21 01:14:44 GSD insert 第 1 次 等待 3 秒
2021-07-21 01:14:47 {"status":"ok","gid":341717,"msg":"添加成功！"}
2021-07-21 01:14:47 下次操作: 2021-07-21 01:15:05

2021-07-21 01:15:05 开始第 22 次操作

2021-07-21 01:15:05 开始操作号码 【1781969】
2021-07-21 01:15:08 GSD getOne 第 1 次 等待 3 秒
2021-07-21 01:15:11 查询号码 【1781969】，返回信息 {"status":"bad","msg":""}
2021-07-21 01:15:11 查询号码 【1781969】，GSD为【""】
2021-07-21 01:15:11 bad
2021-07-21 01:15:13 CHB 1781969?1626801311 第 1 次 等待 3 秒
2021-07-21 01:15:16 CHB 1781969?1626801311 第 1 次 获取到号码【1781969】GSD
2021-07-21 01:15:16 获取到号码【1781969】的GSD为【广东-广州】
2021-07-21 01:15:19 GSD insert 第 1 次 等待 3 秒
2021-07-21 01:15:22 {"status":"ok","gid":341725,"msg":"添加成功！"}
2021-07-21 01:15:22 下次操作: 2021-07-21 01:15:42

2021-07-21 01:15:43 开始第 23 次操作

2021-07-21 01:15:43 开始操作号码 【1781968】
2021-07-21 01:15:46 GSD getOne 第 1 次 等待 3 秒
2021-07-21 01:15:49 查询号码 【1781968】，返回信息 {"status":"bad","msg":""}
2021-07-21 01:15:49 查询号码 【1781968】，GSD为【""】
2021-07-21 01:15:49 bad
2021-07-21 01:15:51 CHB 1781968?1626801349 第 1 次 等待 3 秒
2021-07-21 01:15:54 CHB 1781968?1626801349 第 1 次 获取到号码【1781968】GSD
2021-07-21 01:15:54 获取到号码【1781968】的GSD为【广东-广州】
2021-07-21 01:15:57 GSD insert 第 1 次 等待 3 秒
2021-07-21 01:16:00 {"status":"ok","gid":341732,"msg":"添加成功！"}
2021-07-21 01:16:00 下次操作: 2021-07-21 01:16:20

2021-07-21 01:16:20 开始第 24 次操作

2021-07-21 01:16:20 开始操作号码 【1781967】
2021-07-21 01:16:23 GSD getOne 第 1 次 等待 3 秒
2021-07-21 01:16:26 查询号码 【1781967】，返回信息 {"status":"bad","msg":""}
2021-07-21 01:16:26 查询号码 【1781967】，GSD为【""】
2021-07-21 01:16:26 bad
2021-07-21 01:16:28 CHB 1781967?1626801386 第 1 次 等待 3 秒
2021-07-21 01:16:31 CHB 1781967?1626801386 第 1 次 获取到号码【1781967】GSD
2021-07-21 01:16:31 获取到号码【1781967】的GSD为【广东-广州】
2021-07-21 01:16:34 GSD insert 第 1 次 等待 3 秒
2021-07-21 01:16:37 {"status":"ok","gid":341736,"msg":"添加成功！"}
2021-07-21 01:16:37 下次操作: 2021-07-21 01:16:56

2021-07-21 01:16:56 开始第 25 次操作

2021-07-21 01:16:56 开始操作号码 【1781966】
2021-07-21 01:16:59 GSD getOne 第 1 次 等待 3 秒
2021-07-21 01:17:02 查询号码 【1781966】，返回信息 {"status":"bad","msg":""}
2021-07-21 01:17:02 查询号码 【1781966】，GSD为【""】
2021-07-21 01:17:02 bad
2021-07-21 01:17:04 CHB 1781966?1626801422 第 1 次 等待 3 秒
2021-07-21 01:17:07 CHB 1781966?1626801422 第 1 次 获取到号码【1781966】GSD
2021-07-21 01:17:07 获取到号码【1781966】的GSD为【广东-广州】
2021-07-21 01:17:11 GSD insert 第 1 次 等待 3 秒
2021-07-21 01:17:14 {"status":"ok","gid":341743,"msg":"添加成功！"}
2021-07-21 01:17:14 下次操作: 2021-07-21 01:17:33

2021-07-21 01:17:33 开始第 26 次操作

2021-07-21 01:17:33 开始操作号码 【1781965】
2021-07-21 01:17:36 GSD getOne 第 1 次 等待 3 秒
2021-07-21 01:17:39 查询号码 【1781965】，返回信息 {"status":"bad","msg":""}
2021-07-21 01:17:39 查询号码 【1781965】，GSD为【""】
2021-07-21 01:17:39 bad
2021-07-21 01:17:41 CHB 1781965?1626801459 第 1 次 等待 3 秒
2021-07-21 01:17:44 CHB 1781965?1626801459 第 1 次 获取到号码【1781965】GSD
2021-07-21 01:17:44 获取到号码【1781965】的GSD为【广东-广州】
2021-07-21 01:17:47 GSD insert 第 1 次 等待 3 秒
2021-07-21 01:17:50 {"status":"ok","gid":341748,"msg":"添加成功！"}
2021-07-21 01:17:50 下次操作: 2021-07-21 01:18:08

2021-07-21 01:18:08 开始第 27 次操作

2021-07-21 01:18:08 开始操作号码 【1781964】
2021-07-21 01:18:10 GSD getOne 第 1 次 等待 3 秒
2021-07-21 01:18:13 查询号码 【1781964】，返回信息 {"status":"bad","msg":""}
2021-07-21 01:18:14 查询号码 【1781964】，GSD为【""】
2021-07-21 01:18:14 bad
2021-07-21 01:18:15 CHB 1781964?1626801494 第 1 次 等待 3 秒
2021-07-21 01:18:18 CHB 1781964?1626801494 第 1 次 获取到号码【1781964】GSD
2021-07-21 01:18:18 获取到号码【1781964】的GSD为【广东-广州】
2021-07-21 01:18:21 GSD insert 第 1 次 等待 3 秒
2021-07-21 01:18:24 {"status":"ok","gid":341755,"msg":"添加成功！"}
2021-07-21 01:18:24 下次操作: 2021-07-21 01:18:41

2021-07-21 01:18:41 开始第 28 次操作

2021-07-21 01:18:41 开始操作号码 【1781963】
2021-07-21 01:18:44 GSD getOne 第 1 次 等待 3 秒
2021-07-21 01:18:47 查询号码 【1781963】，返回信息 {"status":"bad","msg":""}
2021-07-21 01:18:47 查询号码 【1781963】，GSD为【""】
2021-07-21 01:18:47 bad
2021-07-21 01:19:00 CHB 1781963?1626801527 第 1 次 等待 3 秒
2021-07-21 01:19:03 CHB 1781963?1626801527 第 1 次 获取到号码【1781963】GSD
2021-07-21 01:19:03 获取到号码【1781963】的GSD为【广东-广州】
2021-07-21 01:19:06 GSD insert 第 1 次 等待 3 秒
2021-07-21 01:19:09 {"status":"ok","gid":341761,"msg":"添加成功！"}
2021-07-21 01:19:09 下次操作: 2021-07-21 01:19:21

2021-07-21 01:19:21 开始第 29 次操作

2021-07-21 01:19:21 开始操作号码 【1781962】
2021-07-21 01:19:23 GSD getOne 第 1 次 等待 3 秒
2021-07-21 01:19:26 查询号码 【1781962】，返回信息 {"status":"bad","msg":""}
2021-07-21 01:19:26 查询号码 【1781962】，GSD为【""】
2021-07-21 01:19:26 bad
2021-07-21 01:19:28 CHB 1781962?1626801566 第 1 次 等待 3 秒
2021-07-21 01:19:31 CHB 1781962?1626801566 第 1 次 获取到号码【1781962】GSD
2021-07-21 01:19:31 获取到号码【1781962】的GSD为【广东-广州】
2021-07-21 01:19:34 GSD insert 第 1 次 等待 3 秒
2021-07-21 01:19:37 {"status":"ok","gid":341768,"msg":"添加成功！"}
2021-07-21 01:19:37 下次操作: 2021-07-21 01:19:54

2021-07-21 01:19:54 开始第 30 次操作

2021-07-21 01:19:54 开始操作号码 【1781961】
2021-07-21 01:19:57 GSD getOne 第 1 次 等待 3 秒
2021-07-21 01:20:00 查询号码 【1781961】，返回信息 {"status":"bad","msg":""}
2021-07-21 01:20:00 查询号码 【1781961】，GSD为【""】
2021-07-21 01:20:00 bad
2021-07-21 01:20:02 CHB 1781961?1626801600 第 1 次 等待 3 秒
2021-07-21 01:20:05 CHB 1781961?1626801600 第 1 次 获取到号码【1781961】GSD
2021-07-21 01:20:05 获取到号码【1781961】的GSD为【广东-广州】
2021-07-21 01:20:07 GSD insert 第 1 次 等待 3 秒
2021-07-21 01:20:11 {"status":"ok","gid":341775,"msg":"添加成功！"}
2021-07-21 01:20:11 下次操作: 2021-07-21 01:20:27

2021-07-21 01:20:27 开始第 31 次操作

2021-07-21 01:20:27 开始操作号码 【1781960】
2021-07-21 01:20:29 GSD getOne 第 1 次 等待 3 秒
2021-07-21 01:20:32 查询号码 【1781960】，返回信息 {"status":"bad","msg":""}
2021-07-21 01:20:32 查询号码 【1781960】，GSD为【""】
2021-07-21 01:20:32 bad
2021-07-21 01:20:34 CHB 1781960?1626801632 第 1 次 等待 3 秒
2021-07-21 01:20:37 CHB 1781960?1626801632 第 1 次 获取到号码【1781960】GSD
2021-07-21 01:20:37 获取到号码【1781960】的GSD为【广东-广州】
2021-07-21 01:20:40 GSD insert 第 1 次 等待 3 秒
2021-07-21 01:20:43 {"status":"ok","gid":341778,"msg":"添加成功！"}
2021-07-21 01:20:43 下次操作: 2021-07-21 01:21:03

2021-07-21 01:21:03 开始第 32 次操作

2021-07-21 01:21:03 开始操作号码 【1781959】
2021-07-21 01:21:06 GSD getOne 第 1 次 等待 3 秒
2021-07-21 01:21:09 查询号码 【1781959】，返回信息 {"status":"bad","msg":""}
2021-07-21 01:21:09 查询号码 【1781959】，GSD为【""】
2021-07-21 01:21:09 bad
2021-07-21 01:21:11 CHB 1781959?1626801669 第 1 次 等待 3 秒
2021-07-21 01:21:14 CHB 1781959?1626801669 第 1 次 获取到号码【1781959】GSD
2021-07-21 01:21:14 获取到号码【1781959】的GSD为【广东-广州】
2021-07-21 01:21:21 GSD insert 第 1 次 等待 3 秒
2021-07-21 01:21:24 {"status":"ok","gid":341786,"msg":"添加成功！"}
2021-07-21 01:21:24 下次操作: 2021-07-21 01:21:40

2021-07-21 01:21:40 开始第 33 次操作

2021-07-21 01:21:40 开始操作号码 【1781958】
2021-07-21 01:21:42 GSD getOne 第 1 次 等待 3 秒
2021-07-21 01:21:45 查询号码 【1781958】，返回信息 {"status":"bad","msg":""}
2021-07-21 01:21:45 查询号码 【1781958】，GSD为【""】
2021-07-21 01:21:45 bad
2021-07-21 01:21:47 CHB 1781958?1626801705 第 1 次 等待 3 秒
2021-07-21 01:21:50 CHB 1781958?1626801705 第 1 次 获取到号码【1781958】GSD
2021-07-21 01:21:50 获取到号码【1781958】的GSD为【广东-广州】
2021-07-21 01:21:53 GSD insert 第 1 次 等待 3 秒
2021-07-21 01:21:56 {"status":"ok","gid":341790,"msg":"添加成功！"}
2021-07-21 01:21:56 下次操作: 2021-07-21 01:22:20

2021-07-21 01:22:20 开始第 34 次操作

2021-07-21 01:22:20 开始操作号码 【1781957】
2021-07-21 01:22:23 GSD getOne 第 1 次 等待 3 秒
2021-07-21 01:22:26 查询号码 【1781957】，返回信息 {"status":"bad","msg":""}
2021-07-21 01:22:26 查询号码 【1781957】，GSD为【""】
2021-07-21 01:22:26 bad
2021-07-21 01:22:28 CHB 1781957?1626801746 第 1 次 等待 3 秒
2021-07-21 01:22:31 CHB 1781957?1626801746 第 1 次 获取到号码【1781957】GSD
2021-07-21 01:22:31 获取到号码【1781957】的GSD为【广东-广州】
2021-07-21 01:22:33 GSD insert 第 1 次 等待 3 秒
2021-07-21 01:22:36 {"status":"ok","gid":341798,"msg":"添加成功！"}
2021-07-21 01:22:36 下次操作: 2021-07-21 01:22:51

2021-07-21 01:22:51 开始第 35 次操作

2021-07-21 01:22:51 开始操作号码 【1781956】
2021-07-21 01:22:55 GSD getOne 第 1 次 等待 3 秒
2021-07-21 01:22:58 查询号码 【1781956】，返回信息 {"status":"bad","msg":""}
2021-07-21 01:22:58 查询号码 【1781956】，GSD为【""】
2021-07-21 01:22:58 bad
2021-07-21 01:22:59 CHB 1781956?1626801778 第 1 次 等待 3 秒
2021-07-21 01:23:02 CHB 1781956?1626801778 第 1 次 获取到号码【1781956】GSD
2021-07-21 01:23:02 获取到号码【1781956】的GSD为【广东-广州】
2021-07-21 01:23:05 GSD insert 第 1 次 等待 3 秒
2021-07-21 01:23:08 {"status":"ok","gid":341806,"msg":"添加成功！"}
2021-07-21 01:23:09 下次操作: 2021-07-21 01:23:28

2021-07-21 01:23:28 开始第 36 次操作

2021-07-21 01:23:28 开始操作号码 【1781955】
2021-07-21 01:23:30 GSD getOne 第 1 次 等待 3 秒
2021-07-21 01:23:33 查询号码 【1781955】，返回信息 {"status":"bad","msg":""}
2021-07-21 01:23:33 查询号码 【1781955】，GSD为【""】
2021-07-21 01:23:33 bad
2021-07-21 01:23:35 CHB 1781955?1626801813 第 1 次 等待 3 秒
2021-07-21 01:23:38 CHB 1781955?1626801813 第 1 次 获取到号码【1781955】GSD
2021-07-21 01:23:38 获取到号码【1781955】的GSD为【广东-广州】
2021-07-21 01:23:41 GSD insert 第 1 次 等待 3 秒
2021-07-21 01:23:44 {"status":"ok","gid":341812,"msg":"添加成功！"}
2021-07-21 01:23:44 下次操作: 2021-07-21 01:23:57

2021-07-21 01:23:57 开始第 37 次操作

2021-07-21 01:23:57 开始操作号码 【1781954】
2021-07-21 01:24:00 GSD getOne 第 1 次 等待 3 秒
2021-07-21 01:24:03 查询号码 【1781954】，返回信息 {"status":"bad","msg":""}
2021-07-21 01:24:03 查询号码 【1781954】，GSD为【""】
2021-07-21 01:24:03 bad
2021-07-21 01:24:04 CHB 1781954?1626801843 第 1 次 等待 3 秒
2021-07-21 01:24:07 CHB 1781954?1626801843 第 1 次 获取到号码【1781954】GSD
2021-07-21 01:24:08 获取到号码【1781954】的GSD为【广东-惠州】
2021-07-21 01:24:11 GSD insert 第 1 次 等待 3 秒
2021-07-21 01:24:14 {"status":"ok","gid":341816,"msg":"添加成功！"}
2021-07-21 01:24:14 下次操作: 2021-07-21 01:24:35

2021-07-21 01:24:35 开始第 38 次操作

2021-07-21 01:24:35 开始操作号码 【1781953】
2021-07-21 01:24:37 GSD getOne 第 1 次 等待 3 秒
2021-07-21 01:24:40 查询号码 【1781953】，返回信息 {"status":"bad","msg":""}
2021-07-21 01:24:40 查询号码 【1781953】，GSD为【""】
2021-07-21 01:24:40 bad
2021-07-21 01:24:42 CHB 1781953?1626801880 第 1 次 等待 3 秒
2021-07-21 01:24:45 CHB 1781953?1626801880 第 1 次 获取到号码【1781953】GSD
2021-07-21 01:24:45 获取到号码【1781953】的GSD为【广东-惠州】
2021-07-21 01:24:48 GSD insert 第 1 次 等待 3 秒
2021-07-21 01:24:51 {"status":"ok","gid":341824,"msg":"添加成功！"}
2021-07-21 01:24:51 下次操作: 2021-07-21 01:25:15

2021-07-21 01:25:15 开始第 39 次操作

2021-07-21 01:25:15 开始操作号码 【1781952】
2021-07-21 01:25:18 GSD getOne 第 1 次 等待 3 秒
2021-07-21 01:25:21 查询号码 【1781952】，返回信息 {"status":"bad","msg":""}
2021-07-21 01:25:21 查询号码 【1781952】，GSD为【""】
2021-07-21 01:25:21 bad
2021-07-21 01:25:23 CHB 1781952?1626801921 第 1 次 等待 3 秒
2021-07-21 01:25:26 CHB 1781952?1626801921 第 1 次 获取到号码【1781952】GSD
2021-07-21 01:25:26 获取到号码【1781952】的GSD为【广东-惠州】
2021-07-21 01:25:29 GSD insert 第 1 次 等待 3 秒
2021-07-21 01:25:32 {"status":"ok","gid":341830,"msg":"添加成功！"}
2021-07-21 01:25:32 下次操作: 2021-07-21 01:25:45

2021-07-21 01:25:45 开始第 40 次操作

2021-07-21 01:25:45 开始操作号码 【1781951】
2021-07-21 01:25:48 GSD getOne 第 1 次 等待 3 秒
2021-07-21 01:25:51 查询号码 【1781951】，返回信息 {"status":"bad","msg":""}
2021-07-21 01:25:51 查询号码 【1781951】，GSD为【""】
2021-07-21 01:25:51 bad
2021-07-21 01:25:52 CHB 1781951?1626801951 第 1 次 等待 3 秒
2021-07-21 01:25:55 CHB 1781951?1626801951 第 1 次 获取到号码【1781951】GSD
2021-07-21 01:25:55 获取到号码【1781951】的GSD为【广东-惠州】
2021-07-21 01:25:58 GSD insert 第 1 次 等待 3 秒
2021-07-21 01:26:01 {"status":"ok","gid":341835,"msg":"添加成功！"}

2021-07-21 01:43:29 开始第 1 次操作

2021-07-21 01:43:29 开始操作号码 【1781950】
2021-07-21 01:43:32 GSD getOne 第 1 次 等待 3 秒
2021-07-21 01:43:35 查询号码 【1781950】，返回信息 {"status":"bad","msg":""}
2021-07-21 01:43:35 查询号码 【1781950】，GSD为【""】
2021-07-21 01:43:35 bad
2021-07-21 01:43:37 CHB 1781950?1626803015 第 1 次 等待 3 秒
2021-07-21 01:43:40 CHB 1781950?1626803015 第 1 次 获取到号码【1781950】GSD
2021-07-21 01:43:40 获取到号码【1781950】的GSD为【广东-惠州】
2021-07-21 01:43:43 GSD insert 第 1 次 等待 3 秒
2021-07-21 01:43:46 {"status":"ok","gid":341926,"msg":"添加成功！"}
2021-07-21 01:43:46 下次操作: 2021-07-21 01:44:10

2021-07-21 01:44:10 开始第 2 次操作

2021-07-21 01:44:10 开始操作号码 【1781949】
2021-07-21 01:44:13 GSD getOne 第 1 次 等待 3 秒
2021-07-21 01:44:16 查询号码 【1781949】，返回信息 {"status":"bad","msg":""}
2021-07-21 01:44:16 查询号码 【1781949】，GSD为【""】
2021-07-21 01:44:16 bad
2021-07-21 01:44:18 CHB 1781949?1626803056 第 1 次 等待 3 秒
2021-07-21 01:44:21 CHB 1781949?1626803056 第 1 次 获取到号码【1781949】GSD
2021-07-21 01:44:21 获取到号码【1781949】的GSD为【广东-惠州】
2021-07-21 01:44:24 GSD insert 第 1 次 等待 3 秒
2021-07-21 01:44:27 {"status":"ok","gid":341932,"msg":"添加成功！"}
2021-07-21 01:44:27 下次操作: 2021-07-21 01:44:42

2021-07-21 01:44:42 开始第 3 次操作

2021-07-21 01:44:42 开始操作号码 【1781948】
2021-07-21 01:44:45 GSD getOne 第 1 次 等待 3 秒
2021-07-21 01:44:48 查询号码 【1781948】，返回信息 {"status":"bad","msg":""}
2021-07-21 01:44:48 查询号码 【1781948】，GSD为【""】
2021-07-21 01:44:48 bad
2021-07-21 01:44:50 CHB 1781948?1626803088 第 1 次 等待 3 秒
2021-07-21 01:44:53 CHB 1781948?1626803088 第 1 次 获取到号码【1781948】GSD
2021-07-21 01:44:53 获取到号码【1781948】的GSD为【广东-清远】
2021-07-21 01:44:57 GSD insert 第 1 次 等待 3 秒
2021-07-21 01:45:00 {"status":"ok","gid":341936,"msg":"添加成功！"}
2021-07-21 01:45:01 下次操作: 2021-07-21 01:45:13

2021-07-21 01:45:13 开始第 4 次操作

2021-07-21 01:45:13 开始操作号码 【1781947】
2021-07-21 01:45:15 GSD getOne 第 1 次 等待 3 秒
2021-07-21 01:45:18 查询号码 【1781947】，返回信息 {"status":"bad","msg":""}
2021-07-21 01:45:18 查询号码 【1781947】，GSD为【""】
2021-07-21 01:45:18 bad
2021-07-21 01:45:21 CHB 1781947?1626803118 第 1 次 等待 3 秒
2021-07-21 01:45:24 CHB 1781947?1626803118 第 1 次 获取到号码【1781947】GSD
2021-07-21 01:45:24 获取到号码【1781947】的GSD为【广东-潮州】
2021-07-21 01:45:26 GSD insert 第 1 次 等待 3 秒
2021-07-21 01:45:29 {"status":"ok","gid":341943,"msg":"添加成功！"}
2021-07-21 01:45:30 下次操作: 2021-07-21 01:45:51

2021-07-21 01:45:51 开始第 5 次操作

2021-07-21 01:45:51 开始操作号码 【1781946】
2021-07-21 01:45:53 GSD getOne 第 1 次 等待 3 秒
2021-07-21 01:45:56 查询号码 【1781946】，返回信息 {"status":"bad","msg":""}
2021-07-21 01:45:56 查询号码 【1781946】，GSD为【""】
2021-07-21 01:45:56 bad
2021-07-21 01:45:58 CHB 1781946?1626803156 第 1 次 等待 3 秒
2021-07-21 01:46:01 CHB 1781946?1626803156 第 1 次 获取到号码【1781946】GSD
2021-07-21 01:46:01 获取到号码【1781946】的GSD为【广东-潮州】
2021-07-21 01:46:05 GSD insert 第 1 次 等待 3 秒
2021-07-21 01:46:08 {"status":"ok","gid":341950,"msg":"添加成功！"}
2021-07-21 01:46:08 下次操作: 2021-07-21 01:46:25

2021-07-21 01:46:25 开始第 6 次操作

2021-07-21 01:46:25 开始操作号码 【1781945】
2021-07-21 01:46:28 GSD getOne 第 1 次 等待 3 秒
2021-07-21 01:46:31 查询号码 【1781945】，返回信息 {"status":"bad","msg":""}
2021-07-21 01:46:31 查询号码 【1781945】，GSD为【""】
2021-07-21 01:46:31 bad
2021-07-21 01:46:33 CHB 1781945?1626803191 第 1 次 等待 3 秒
2021-07-21 01:46:36 CHB 1781945?1626803191 第 1 次 获取到号码【1781945】GSD
2021-07-21 01:46:36 获取到号码【1781945】的GSD为【广东-茂名】
2021-07-21 01:46:39 GSD insert 第 1 次 等待 3 秒
2021-07-21 01:46:42 {"status":"ok","gid":341955,"msg":"添加成功！"}
2021-07-21 01:46:42 下次操作: 2021-07-21 01:46:56

2021-07-21 01:46:56 开始第 7 次操作

2021-07-21 01:46:56 开始操作号码 【1781944】
2021-07-21 01:47:01 GSD getOne 第 1 次 等待 3 秒
2021-07-21 01:47:04 查询号码 【1781944】，返回信息 {"status":"bad","msg":""}
2021-07-21 01:47:04 查询号码 【1781944】，GSD为【""】
2021-07-21 01:47:04 bad
2021-07-21 01:47:06 CHB 1781944?1626803224 第 1 次 等待 3 秒
2021-07-21 01:47:09 CHB 1781944?1626803224 第 1 次 获取到号码【1781944】GSD
2021-07-21 01:47:09 获取到号码【1781944】的GSD为【广东-茂名】
2021-07-21 01:47:13 GSD insert 第 1 次 等待 3 秒
2021-07-21 01:47:16 {"status":"ok","gid":341963,"msg":"添加成功！"}
2021-07-21 01:47:16 下次操作: 2021-07-21 01:47:38

2021-07-21 01:47:38 开始第 8 次操作

2021-07-21 01:47:38 开始操作号码 【1781943】
2021-07-21 01:47:40 GSD getOne 第 1 次 等待 3 秒
2021-07-21 01:47:43 查询号码 【1781943】，返回信息 {"status":"bad","msg":""}
2021-07-21 01:47:43 查询号码 【1781943】，GSD为【""】
2021-07-21 01:47:43 bad
2021-07-21 01:47:45 CHB 1781943?1626803263 第 1 次 等待 3 秒
2021-07-21 01:47:48 CHB 1781943?1626803263 第 1 次 获取到号码【1781943】GSD
2021-07-21 01:47:48 获取到号码【1781943】的GSD为【广东-茂名】
2021-07-21 01:47:51 GSD insert 第 1 次 等待 3 秒
2021-07-21 01:47:54 {"status":"ok","gid":341969,"msg":"添加成功！"}
2021-07-21 01:47:54 下次操作: 2021-07-21 01:48:07

2021-07-21 01:48:07 开始第 9 次操作

2021-07-21 01:48:07 开始操作号码 【1781942】
2021-07-21 01:48:10 GSD getOne 第 1 次 等待 3 秒
2021-07-21 01:48:13 查询号码 【1781942】，返回信息 {"status":"bad","msg":""}
2021-07-21 01:48:13 查询号码 【1781942】，GSD为【""】
2021-07-21 01:48:13 bad
2021-07-21 01:48:15 CHB 1781942?1626803293 第 1 次 等待 3 秒
2021-07-21 01:48:18 CHB 1781942?1626803293 第 1 次 获取到号码【1781942】GSD
2021-07-21 01:48:18 获取到号码【1781942】的GSD为【广东-茂名】
2021-07-21 01:48:22 GSD insert 第 1 次 等待 3 秒
2021-07-21 01:48:25 {"status":"ok","gid":341976,"msg":"添加成功！"}
2021-07-21 01:48:25 下次操作: 2021-07-21 01:48:39

2021-07-21 01:48:39 开始第 10 次操作

2021-07-21 01:48:39 开始操作号码 【1781941】
2021-07-21 01:48:41 GSD getOne 第 1 次 等待 3 秒
2021-07-21 01:48:44 查询号码 【1781941】，返回信息 {"status":"bad","msg":""}
2021-07-21 01:48:45 查询号码 【1781941】，GSD为【""】
2021-07-21 01:48:45 bad
2021-07-21 01:48:46 CHB 1781941?1626803325 第 1 次 等待 3 秒
2021-07-21 01:48:49 CHB 1781941?1626803325 第 1 次 获取到号码【1781941】GSD
2021-07-21 01:48:49 获取到号码【1781941】的GSD为【广东-茂名】
2021-07-21 01:48:52 GSD insert 第 1 次 等待 3 秒
2021-07-21 01:48:55 {"status":"ok","gid":341981,"msg":"添加成功！"}
2021-07-21 01:48:55 下次操作: 2021-07-21 01:49:16

2021-07-21 01:49:16 开始第 11 次操作

2021-07-21 01:49:16 开始操作号码 【1781940】
2021-07-21 01:49:19 GSD getOne 第 1 次 等待 3 秒
2021-07-21 01:49:22 查询号码 【1781940】，返回信息 {"status":"bad","msg":""}
2021-07-21 01:49:22 查询号码 【1781940】，GSD为【""】
2021-07-21 01:49:22 bad
2021-07-21 01:49:24 CHB 1781940?1626803362 第 1 次 等待 3 秒
2021-07-21 01:49:27 CHB 1781940?1626803362 第 1 次 获取到号码【1781940】GSD
2021-07-21 01:49:27 获取到号码【1781940】的GSD为【广东-茂名】
2021-07-21 01:49:30 GSD insert 第 1 次 等待 3 秒
2021-07-21 01:49:33 {"status":"ok","gid":341990,"msg":"添加成功！"}
2021-07-21 01:49:33 下次操作: 2021-07-21 01:49:57

2021-07-21 01:49:57 开始第 12 次操作

2021-07-21 01:49:57 开始操作号码 【1781939】
2021-07-21 01:50:00 GSD getOne 第 1 次 等待 3 秒
2021-07-21 01:50:03 查询号码 【1781939】，返回信息 {"status":"bad","msg":""}
2021-07-21 01:50:03 查询号码 【1781939】，GSD为【""】
2021-07-21 01:50:03 bad
2021-07-21 01:50:05 CHB 1781939?1626803403 第 1 次 等待 3 秒
2021-07-21 01:50:08 CHB 1781939?1626803403 第 1 次 获取到号码【1781939】GSD
2021-07-21 01:50:08 获取到号码【1781939】的GSD为【广东-茂名】
2021-07-21 01:50:11 GSD insert 第 1 次 等待 3 秒
2021-07-21 01:50:14 {"status":"ok","gid":341996,"msg":"添加成功！"}
2021-07-21 01:50:14 下次操作: 2021-07-21 01:50:27

2021-07-21 01:50:27 开始第 13 次操作

2021-07-21 01:50:27 开始操作号码 【1781938】
2021-07-21 01:50:29 GSD getOne 第 1 次 等待 3 秒
2021-07-21 01:50:32 查询号码 【1781938】，返回信息 {"status":"bad","msg":""}
2021-07-21 01:50:32 查询号码 【1781938】，GSD为【""】
2021-07-21 01:50:32 bad
2021-07-21 01:50:34 CHB 1781938?1626803432 第 1 次 等待 3 秒
2021-07-21 01:50:37 CHB 1781938?1626803432 第 1 次 获取到号码【1781938】GSD
2021-07-21 01:50:37 获取到号码【1781938】的GSD为【广东-茂名】
2021-07-21 01:50:40 GSD insert 第 1 次 等待 3 秒
2021-07-21 01:50:43 {"status":"ok","gid":342000,"msg":"添加成功！"}
2021-07-21 01:50:43 下次操作: 2021-07-21 01:51:01

2021-07-21 01:51:01 开始第 14 次操作

2021-07-21 01:51:01 开始操作号码 【1781937】
2021-07-21 01:51:05 GSD getOne 第 1 次 等待 3 秒
2021-07-21 01:51:08 查询号码 【1781937】，返回信息 {"status":"bad","msg":""}
2021-07-21 01:51:08 查询号码 【1781937】，GSD为【""】
2021-07-21 01:51:08 bad
2021-07-21 01:51:10 CHB 1781937?1626803468 第 1 次 等待 3 秒
2021-07-21 01:51:13 CHB 1781937?1626803468 第 1 次 获取到号码【1781937】GSD
2021-07-21 01:51:13 获取到号码【1781937】的GSD为【广东-茂名】
2021-07-21 01:51:15 GSD insert 第 1 次 等待 3 秒
2021-07-21 01:51:18 {"status":"ok","gid":342006,"msg":"添加成功！"}
2021-07-21 01:51:18 下次操作: 2021-07-21 01:51:34

2021-07-21 01:51:34 开始第 15 次操作

2021-07-21 01:51:34 开始操作号码 【1781936】
2021-07-21 01:51:37 GSD getOne 第 1 次 等待 3 秒
2021-07-21 01:51:40 查询号码 【1781936】，返回信息 {"status":"bad","msg":""}
2021-07-21 01:51:40 查询号码 【1781936】，GSD为【""】
2021-07-21 01:51:40 bad
2021-07-21 01:51:42 CHB 1781936?1626803500 第 1 次 等待 3 秒
2021-07-21 01:51:45 CHB 1781936?1626803500 第 1 次 获取到号码【1781936】GSD
2021-07-21 01:51:45 获取到号码【1781936】的GSD为【广东-茂名】
2021-07-21 01:51:48 GSD insert 第 1 次 等待 3 秒
2021-07-21 01:51:51 {"status":"ok","gid":342010,"msg":"添加成功！"}
2021-07-21 01:51:51 下次操作: 2021-07-21 01:52:11

2021-07-21 01:52:11 开始第 16 次操作

2021-07-21 01:52:11 开始操作号码 【1781935】
2021-07-21 01:52:14 GSD getOne 第 1 次 等待 3 秒
2021-07-21 01:52:17 查询号码 【1781935】，返回信息 {"status":"bad","msg":""}
2021-07-21 01:52:17 查询号码 【1781935】，GSD为【""】
2021-07-21 01:52:17 bad
2021-07-21 01:52:19 CHB 1781935?1626803537 第 1 次 等待 3 秒
2021-07-21 01:52:22 CHB 1781935?1626803537 第 1 次 获取到号码【1781935】GSD
2021-07-21 01:52:22 获取到号码【1781935】的GSD为【广东-茂名】
2021-07-21 01:52:25 GSD insert 第 1 次 等待 3 秒
2021-07-21 01:52:28 {"status":"ok","gid":342020,"msg":"添加成功！"}
2021-07-21 01:52:28 下次操作: 2021-07-21 01:52:42

2021-07-21 01:52:42 开始第 17 次操作

2021-07-21 01:52:42 开始操作号码 【1781934】
2021-07-21 01:52:45 GSD getOne 第 1 次 等待 3 秒
2021-07-21 01:52:48 查询号码 【1781934】，返回信息 {"status":"ok","msg":"广东-汕尾","gid":"31486","time_insert":"2019-07-27 10:25","time_update":"2020-10-01 04:33"}
2021-07-21 01:52:48 查询号码 【1781934】，GSD为【"广东-汕尾"】

2021-07-21 01:52:48 开始第 17 次操作

2021-07-21 01:52:48 开始操作号码 【1781933】
2021-07-21 01:52:51 GSD getOne 第 1 次 等待 3 秒
2021-07-21 01:52:54 查询号码 【1781933】，返回信息 {"status":"bad","msg":""}
2021-07-21 01:52:54 查询号码 【1781933】，GSD为【""】
2021-07-21 01:52:54 bad
2021-07-21 01:52:56 CHB 1781933?1626803574 第 1 次 等待 3 秒
2021-07-21 01:52:59 CHB 1781933?1626803574 第 1 次 获取到号码【1781933】GSD
2021-07-21 01:52:59 获取到号码【1781933】的GSD为【广东-云浮】
2021-07-21 01:53:02 GSD insert 第 1 次 等待 3 秒
2021-07-21 01:53:05 {"status":"ok","gid":342026,"msg":"添加成功！"}
2021-07-21 01:53:05 下次操作: 2021-07-21 01:53:22

2021-07-21 01:53:22 开始第 18 次操作

2021-07-21 01:53:22 开始操作号码 【1781932】
2021-07-21 01:53:24 GSD getOne 第 1 次 等待 3 秒
2021-07-21 01:53:27 查询号码 【1781932】，返回信息 {"status":"bad","msg":""}
2021-07-21 01:53:27 查询号码 【1781932】，GSD为【""】
2021-07-21 01:53:27 bad
2021-07-21 01:53:29 CHB 1781932?1626803607 第 1 次 等待 3 秒
2021-07-21 01:53:32 CHB 1781932?1626803607 第 1 次 获取到号码【1781932】GSD
2021-07-21 01:53:32 获取到号码【1781932】的GSD为【广东-肇庆】
2021-07-21 01:53:35 GSD insert 第 1 次 等待 3 秒
2021-07-21 01:53:39 {"status":"ok","gid":342033,"msg":"添加成功！"}
2021-07-21 01:53:39 下次操作: 2021-07-21 01:54:03

2021-07-21 01:54:03 开始第 19 次操作

2021-07-21 01:54:03 开始操作号码 【1781931】
2021-07-21 01:54:05 GSD getOne 第 1 次 等待 3 秒
2021-07-21 01:54:08 查询号码 【1781931】，返回信息 {"status":"bad","msg":""}
2021-07-21 01:54:08 查询号码 【1781931】，GSD为【""】
2021-07-21 01:54:08 bad
2021-07-21 01:54:10 CHB 1781931?1626803648 第 1 次 等待 3 秒
2021-07-21 01:54:13 CHB 1781931?1626803648 第 1 次 获取到号码【1781931】GSD
2021-07-21 01:54:13 获取到号码【1781931】的GSD为【广东-韶关】
2021-07-21 01:54:16 GSD insert 第 1 次 等待 3 秒
2021-07-21 01:54:19 {"status":"ok","gid":342039,"msg":"添加成功！"}
2021-07-21 01:54:19 下次操作: 2021-07-21 01:54:33

2021-07-21 01:54:33 开始第 20 次操作

2021-07-21 01:54:33 开始操作号码 【1781930】
2021-07-21 01:54:36 GSD getOne 第 1 次 等待 3 秒
2021-07-21 01:54:39 查询号码 【1781930】，返回信息 {"status":"bad","msg":""}
2021-07-21 01:54:39 查询号码 【1781930】，GSD为【""】
2021-07-21 01:54:39 bad
2021-07-21 01:54:41 CHB 1781930?1626803679 第 1 次 等待 3 秒
2021-07-21 01:54:44 CHB 1781930?1626803679 第 1 次 获取到号码【1781930】GSD
2021-07-21 01:54:44 获取到号码【1781930】的GSD为【广东-云浮】
2021-07-21 01:54:46 GSD insert 第 1 次 等待 3 秒
2021-07-21 01:54:49 {"status":"ok","gid":342044,"msg":"添加成功！"}
2021-07-21 01:54:49 下次操作: 2021-07-21 01:55:09

2021-07-21 01:55:09 开始第 21 次操作

2021-07-21 01:55:09 开始操作号码 【1781929】
2021-07-21 01:55:12 GSD getOne 第 1 次 等待 3 秒
2021-07-21 01:55:15 查询号码 【1781929】，返回信息 {"status":"bad","msg":""}
2021-07-21 01:55:15 查询号码 【1781929】，GSD为【""】
2021-07-21 01:55:15 bad
2021-07-21 01:55:17 CHB 1781929?1626803715 第 1 次 等待 3 秒
2021-07-21 01:55:20 CHB 1781929?1626803715 第 1 次 获取到号码【1781929】GSD
2021-07-21 01:55:20 获取到号码【1781929】的GSD为【广东-潮州】
2021-07-21 01:55:23 GSD insert 第 1 次 等待 3 秒
2021-07-21 01:55:26 {"status":"ok","gid":342050,"msg":"添加成功！"}
2021-07-21 01:55:26 下次操作: 2021-07-21 01:55:43

2021-07-21 01:55:43 开始第 22 次操作

2021-07-21 01:55:43 开始操作号码 【1781928】
2021-07-21 01:55:46 GSD getOne 第 1 次 等待 3 秒
2021-07-21 01:55:49 查询号码 【1781928】，返回信息 {"status":"bad","msg":""}
2021-07-21 01:55:49 查询号码 【1781928】，GSD为【""】
2021-07-21 01:55:49 bad
2021-07-21 01:55:51 CHB 1781928?1626803749 第 1 次 等待 3 秒
2021-07-21 01:55:54 CHB 1781928?1626803749 第 1 次 获取到号码【1781928】GSD
2021-07-21 01:55:54 获取到号码【1781928】的GSD为【广东-韶关】
2021-07-21 01:55:57 GSD insert 第 1 次 等待 3 秒
2021-07-21 01:56:00 {"status":"ok","gid":342056,"msg":"添加成功！"}
2021-07-21 01:56:00 下次操作: 2021-07-21 01:56:23

2021-07-21 01:56:23 开始第 23 次操作

2021-07-21 01:56:23 开始操作号码 【1781927】
2021-07-21 01:56:26 GSD getOne 第 1 次 等待 3 秒
2021-07-21 01:56:29 查询号码 【1781927】，返回信息 {"status":"bad","msg":""}
2021-07-21 01:56:29 查询号码 【1781927】，GSD为【""】
2021-07-21 01:56:29 bad
2021-07-21 01:56:31 CHB 1781927?1626803789 第 1 次 等待 3 秒
2021-07-21 01:56:34 CHB 1781927?1626803789 第 1 次 获取到号码【1781927】GSD
2021-07-21 01:56:34 获取到号码【1781927】的GSD为【广东-梅州】
2021-07-21 01:56:37 GSD insert 第 1 次 等待 3 秒
2021-07-21 01:56:40 {"status":"ok","gid":342062,"msg":"添加成功！"}
2021-07-21 01:56:40 下次操作: 2021-07-21 01:56:54

2021-07-21 01:56:54 开始第 24 次操作

2021-07-21 01:56:54 开始操作号码 【1781926】
2021-07-21 01:56:58 GSD getOne 第 1 次 等待 3 秒
2021-07-21 01:57:01 查询号码 【1781926】，返回信息 {"status":"bad","msg":""}
2021-07-21 01:57:01 查询号码 【1781926】，GSD为【""】
2021-07-21 01:57:01 bad
2021-07-21 01:57:03 CHB 1781926?1626803821 第 1 次 等待 3 秒
2021-07-21 01:57:06 CHB 1781926?1626803821 第 1 次 获取到号码【1781926】GSD
2021-07-21 01:57:06 获取到号码【1781926】的GSD为【广东-揭阳】
2021-07-21 01:57:09 GSD insert 第 1 次 等待 3 秒
2021-07-21 01:57:12 {"status":"ok","gid":342067,"msg":"添加成功！"}
2021-07-21 01:57:12 下次操作: 2021-07-21 01:57:32

2021-07-21 01:57:32 开始第 25 次操作

2021-07-21 01:57:32 开始操作号码 【1781925】
2021-07-21 01:57:35 GSD getOne 第 1 次 等待 3 秒
2021-07-21 01:57:38 查询号码 【1781925】，返回信息 {"status":"bad","msg":""}
2021-07-21 01:57:38 查询号码 【1781925】，GSD为【""】
2021-07-21 01:57:38 bad
2021-07-21 01:57:39 CHB 1781925?1626803858 第 1 次 等待 3 秒
2021-07-21 01:57:42 CHB 1781925?1626803858 第 1 次 获取到号码【1781925】GSD
2021-07-21 01:57:42 获取到号码【1781925】的GSD为【广东-湛江】
2021-07-21 01:57:45 GSD insert 第 1 次 等待 3 秒
2021-07-21 01:57:48 {"status":"ok","gid":342072,"msg":"添加成功！"}
2021-07-21 01:57:48 下次操作: 2021-07-21 01:58:12

2021-07-21 01:58:12 开始第 26 次操作

2021-07-21 01:58:12 开始操作号码 【1781924】
2021-07-21 01:58:15 GSD getOne 第 1 次 等待 3 秒
2021-07-21 01:58:18 查询号码 【1781924】，返回信息 {"status":"bad","msg":""}
2021-07-21 01:58:18 查询号码 【1781924】，GSD为【""】
2021-07-21 01:58:18 bad
2021-07-21 01:58:20 CHB 1781924?1626803898 第 1 次 等待 3 秒
2021-07-21 01:58:23 CHB 1781924?1626803898 第 1 次 获取到号码【1781924】GSD
2021-07-21 01:58:24 获取到号码【1781924】的GSD为【广东-江门】
2021-07-21 01:58:27 GSD insert 第 1 次 等待 3 秒
2021-07-21 01:58:30 {"status":"ok","gid":342080,"msg":"添加成功！"}
2021-07-21 01:58:30 下次操作: 2021-07-21 01:58:48

2021-07-21 01:58:48 开始第 27 次操作

2021-07-21 01:58:48 开始操作号码 【1781923】
2021-07-21 01:58:51 GSD getOne 第 1 次 等待 3 秒
2021-07-21 01:58:54 查询号码 【1781923】，返回信息 {"status":"bad","msg":""}
2021-07-21 01:58:54 查询号码 【1781923】，GSD为【""】
2021-07-21 01:58:54 bad
2021-07-21 01:58:57 CHB 1781923?1626803934 第 1 次 等待 3 秒
2021-07-21 01:59:00 CHB 1781923?1626803934 第 1 次 获取到号码【1781923】GSD
2021-07-21 01:59:00 获取到号码【1781923】的GSD为【广东-梅州】
2021-07-21 01:59:03 GSD insert 第 1 次 等待 3 秒
2021-07-21 01:59:06 {"status":"ok","gid":342086,"msg":"添加成功！"}
2021-07-21 01:59:06 下次操作: 2021-07-21 01:59:27

2021-07-21 01:59:27 开始第 28 次操作

2021-07-21 01:59:27 开始操作号码 【1781922】
2021-07-21 01:59:30 GSD getOne 第 1 次 等待 3 秒
2021-07-21 01:59:33 查询号码 【1781922】，返回信息 {"status":"bad","msg":""}
2021-07-21 01:59:33 查询号码 【1781922】，GSD为【""】
2021-07-21 01:59:33 bad
2021-07-21 01:59:35 CHB 1781922?1626803973 第 1 次 等待 3 秒
2021-07-21 01:59:38 CHB 1781922?1626803973 第 1 次 获取到号码【1781922】GSD
2021-07-21 01:59:38 获取到号码【1781922】的GSD为【广东-江门】
2021-07-21 01:59:41 GSD insert 第 1 次 等待 3 秒
2021-07-21 01:59:44 {"status":"ok","gid":342093,"msg":"添加成功！"}
2021-07-21 01:59:44 下次操作: 2021-07-21 01:59:57

2021-07-21 01:59:57 开始第 29 次操作

2021-07-21 01:59:57 开始操作号码 【1781921】
2021-07-21 02:00:00 GSD getOne 第 1 次 等待 3 秒
2021-07-21 02:00:03 查询号码 【1781921】，返回信息 {"status":"bad","msg":""}
2021-07-21 02:00:03 查询号码 【1781921】，GSD为【""】
2021-07-21 02:00:03 bad
2021-07-21 02:00:05 CHB 1781921?1626804003 第 1 次 等待 3 秒
2021-07-21 02:00:08 CHB 1781921?1626804003 第 1 次 获取到号码【1781921】GSD
2021-07-21 02:00:08 获取到号码【1781921】的GSD为【广东-惠州】
2021-07-21 02:00:12 GSD insert 第 1 次 等待 3 秒
2021-07-21 02:00:15 {"status":"ok","gid":342097,"msg":"添加成功！"}
2021-07-21 02:00:15 下次操作: 2021-07-21 02:00:28

2021-07-21 02:00:28 开始第 30 次操作

2021-07-21 02:00:28 开始操作号码 【1781920】
2021-07-21 02:00:31 GSD getOne 第 1 次 等待 3 秒
2021-07-21 02:00:34 查询号码 【1781920】，返回信息 {"status":"bad","msg":""}
2021-07-21 02:00:34 查询号码 【1781920】，GSD为【""】
2021-07-21 02:00:34 bad
2021-07-21 02:00:36 CHB 1781920?1626804034 第 1 次 等待 3 秒
2021-07-21 02:00:39 CHB 1781920?1626804034 第 1 次 获取到号码【1781920】GSD
2021-07-21 02:00:39 获取到号码【1781920】的GSD为【广东-江门】
2021-07-21 02:00:42 GSD insert 第 1 次 等待 3 秒
2021-07-21 02:00:45 {"status":"ok","gid":342101,"msg":"添加成功！"}
2021-07-21 02:00:45 下次操作: 2021-07-21 02:01:09

2021-07-21 02:01:09 开始第 31 次操作

2021-07-21 02:01:09 开始操作号码 【1781919】
2021-07-21 02:01:12 GSD getOne 第 1 次 等待 3 秒
2021-07-21 02:01:15 查询号码 【1781919】，返回信息 {"status":"bad","msg":""}
2021-07-21 02:01:15 查询号码 【1781919】，GSD为【""】
2021-07-21 02:01:15 bad
2021-07-21 02:01:16 CHB 1781919?1626804075 第 1 次 等待 3 秒
2021-07-21 02:01:19 CHB 1781919?1626804075 第 1 次 获取到号码【1781919】GSD
2021-07-21 02:01:19 获取到号码【1781919】的GSD为【广东-肇庆】
2021-07-21 02:01:22 GSD insert 第 1 次 等待 3 秒
2021-07-21 02:01:25 {"status":"ok","gid":342112,"msg":"添加成功！"}
2021-07-21 02:01:25 下次操作: 2021-07-21 02:01:43

2021-07-21 02:01:43 开始第 32 次操作

2021-07-21 02:01:43 开始操作号码 【1781918】
2021-07-21 02:01:46 GSD getOne 第 1 次 等待 3 秒
2021-07-21 02:01:49 查询号码 【1781918】，返回信息 {"status":"bad","msg":""}
2021-07-21 02:01:49 查询号码 【1781918】，GSD为【""】
2021-07-21 02:01:49 bad
2021-07-21 02:01:51 CHB 1781918?1626804109 第 1 次 等待 3 秒
2021-07-21 02:01:54 CHB 1781918?1626804109 第 1 次 获取到号码【1781918】GSD
2021-07-21 02:01:54 获取到号码【1781918】的GSD为【广东-茂名】
2021-07-21 02:01:57 GSD insert 第 1 次 等待 3 秒
2021-07-21 02:02:00 {"status":"ok","gid":342118,"msg":"添加成功！"}
2021-07-21 02:02:00 下次操作: 2021-07-21 02:02:22

2021-07-21 02:02:22 开始第 33 次操作

2021-07-21 02:02:22 开始操作号码 【1781917】
2021-07-21 02:02:25 GSD getOne 第 1 次 等待 3 秒
2021-07-21 02:02:28 查询号码 【1781917】，返回信息 {"status":"bad","msg":""}
2021-07-21 02:02:28 查询号码 【1781917】，GSD为【""】
2021-07-21 02:02:28 bad
2021-07-21 02:02:30 CHB 1781917?1626804148 第 1 次 等待 3 秒
2021-07-21 02:02:33 CHB 1781917?1626804148 第 1 次 获取到号码【1781917】GSD
2021-07-21 02:02:33 获取到号码【1781917】的GSD为【广东-深圳】
2021-07-21 02:02:36 GSD insert 第 1 次 等待 3 秒
2021-07-21 02:02:39 {"status":"ok","gid":342125,"msg":"添加成功！"}
2021-07-21 02:02:39 下次操作: 2021-07-21 02:02:56

2021-07-21 02:02:56 开始第 34 次操作

2021-07-21 02:02:56 开始操作号码 【1781916】
2021-07-21 02:02:59 GSD getOne 第 1 次 等待 3 秒
2021-07-21 02:03:02 查询号码 【1781916】，返回信息 {"status":"bad","msg":""}
2021-07-21 02:03:02 查询号码 【1781916】，GSD为【""】
2021-07-21 02:03:02 bad
2021-07-21 02:03:04 CHB 1781916?1626804182 第 1 次 等待 3 秒
2021-07-21 02:03:07 CHB 1781916?1626804182 第 1 次 获取到号码【1781916】GSD
2021-07-21 02:03:07 获取到号码【1781916】的GSD为【广东-肇庆】
2021-07-21 02:03:10 GSD insert 第 1 次 等待 3 秒
2021-07-21 02:03:13 {"status":"ok","gid":342131,"msg":"添加成功！"}
2021-07-21 02:03:13 下次操作: 2021-07-21 02:03:27

2021-07-21 02:03:27 开始第 35 次操作

2021-07-21 02:03:27 开始操作号码 【1781915】
2021-07-21 02:03:30 GSD getOne 第 1 次 等待 3 秒
2021-07-21 02:03:33 查询号码 【1781915】，返回信息 {"status":"bad","msg":""}
2021-07-21 02:03:33 查询号码 【1781915】，GSD为【""】
2021-07-21 02:03:33 bad
2021-07-21 02:03:34 CHB 1781915?1626804213 第 1 次 等待 3 秒
2021-07-21 02:03:37 CHB 1781915?1626804213 第 1 次 获取到号码【1781915】GSD
2021-07-21 02:03:37 获取到号码【1781915】的GSD为【广东-揭阳】
2021-07-21 02:03:41 GSD insert 第 1 次 等待 3 秒
2021-07-21 02:03:44 {"status":"ok","gid":342137,"msg":"添加成功！"}
2021-07-21 02:03:44 下次操作: 2021-07-21 02:04:01

2021-07-21 02:04:01 开始第 36 次操作

2021-07-21 02:04:01 开始操作号码 【1781914】
2021-07-21 02:04:04 GSD getOne 第 1 次 等待 3 秒
2021-07-21 02:04:07 查询号码 【1781914】，返回信息 {"status":"bad","msg":""}
2021-07-21 02:04:07 查询号码 【1781914】，GSD为【""】
2021-07-21 02:04:07 bad
2021-07-21 02:04:09 CHB 1781914?1626804247 第 1 次 等待 3 秒
2021-07-21 02:04:12 CHB 1781914?1626804247 第 1 次 获取到号码【1781914】GSD
2021-07-21 02:04:12 获取到号码【1781914】的GSD为【广东-深圳】
2021-07-21 02:04:15 GSD insert 第 1 次 等待 3 秒
2021-07-21 02:04:18 {"status":"ok","gid":342143,"msg":"添加成功！"}
2021-07-21 02:04:18 下次操作: 2021-07-21 02:04:39

2021-07-21 02:04:39 开始第 37 次操作

2021-07-21 02:04:39 开始操作号码 【1781913】
2021-07-21 02:04:42 GSD getOne 第 1 次 等待 3 秒
2021-07-21 02:04:45 查询号码 【1781913】，返回信息 {"status":"bad","msg":""}
2021-07-21 02:04:45 查询号码 【1781913】，GSD为【""】
2021-07-21 02:04:45 bad
2021-07-21 02:04:47 CHB 1781913?1626804285 第 1 次 等待 3 秒
2021-07-21 02:04:50 CHB 1781913?1626804285 第 1 次 获取到号码【1781913】GSD
2021-07-21 02:04:50 获取到号码【1781913】的GSD为【广东-梅州】
2021-07-21 02:04:53 GSD insert 第 1 次 等待 3 秒
2021-07-21 02:04:56 {"status":"ok","gid":342149,"msg":"添加成功！"}
2021-07-21 02:04:56 下次操作: 2021-07-21 02:05:18

2021-07-21 02:05:18 开始第 38 次操作

2021-07-21 02:05:18 开始操作号码 【1781912】
2021-07-21 02:05:20 GSD getOne 第 1 次 等待 3 秒
2021-07-21 02:05:23 查询号码 【1781912】，返回信息 {"status":"bad","msg":""}
2021-07-21 02:05:23 查询号码 【1781912】，GSD为【""】
2021-07-21 02:05:23 bad
2021-07-21 02:05:25 CHB 1781912?1626804323 第 1 次 等待 3 秒
2021-07-21 02:05:28 CHB 1781912?1626804323 第 1 次 获取到号码【1781912】GSD
2021-07-21 02:05:28 获取到号码【1781912】的GSD为【广东-梅州】
2021-07-21 02:05:31 GSD insert 第 1 次 等待 3 秒
2021-07-21 02:05:34 {"status":"ok","gid":342156,"msg":"添加成功！"}
2021-07-21 02:05:34 下次操作: 2021-07-21 02:05:46

2021-07-21 02:05:46 开始第 39 次操作

2021-07-21 02:05:46 开始操作号码 【1781911】
2021-07-21 02:05:49 GSD getOne 第 1 次 等待 3 秒
2021-07-21 02:05:52 查询号码 【1781911】，返回信息 {"status":"bad","msg":""}
2021-07-21 02:05:52 查询号码 【1781911】，GSD为【""】
2021-07-21 02:05:52 bad
2021-07-21 02:05:54 CHB 1781911?1626804352 第 1 次 等待 3 秒
2021-07-21 02:05:57 CHB 1781911?1626804352 第 1 次 获取到号码【1781911】GSD
2021-07-21 02:05:57 获取到号码【1781911】的GSD为【广东-广州】
2021-07-21 02:06:00 GSD insert 第 1 次 等待 3 秒
2021-07-21 02:06:03 {"status":"ok","gid":342160,"msg":"添加成功！"}
2021-07-21 02:06:03 下次操作: 2021-07-21 02:06:22

2021-07-21 02:06:22 开始第 40 次操作

2021-07-21 02:06:22 开始操作号码 【1781910】
2021-07-21 02:06:24 GSD getOne 第 1 次 等待 3 秒
2021-07-21 02:06:27 查询号码 【1781910】，返回信息 {"status":"bad","msg":""}
2021-07-21 02:06:27 查询号码 【1781910】，GSD为【""】
2021-07-21 02:06:27 bad
2021-07-21 02:06:29 CHB 1781910?1626804387 第 1 次 等待 3 秒
2021-07-21 02:06:32 CHB 1781910?1626804387 第 1 次 获取到号码【1781910】GSD
2021-07-21 02:06:32 获取到号码【1781910】的GSD为【广东-阳江】
2021-07-21 02:06:35 GSD insert 第 1 次 等待 3 秒
2021-07-21 02:06:38 {"status":"ok","gid":342165,"msg":"添加成功！"}

