2024-09-30 00:16:41 开始第 7249 次操作

2024-09-30 00:16:41 开始操作号码 【1427246】
2024-09-30 00:17:40 GSD getOne 第 1 次 等待 3 秒
2024-09-30 00:17:43 查询号码 【1427246】，返回信息 {"status":"ok","msg":"-","gid":"671359","time_insert":"2023-04-22 19:32"}
2024-09-30 00:17:43 查询号码 【1427246】，GSD为【"-"】
2024-09-30 00:17:43 ok && -
2024-09-30 00:17:45 CHB 1427246?1727626663 第 1 次 等待 3 秒
2024-09-30 00:17:48 CHB 1427246?1727626663 第 1 次 获取到号码【1427246】GSD
2024-09-30 00:17:48 未获取到号码【1427246】GSD，可能号码格式错误
2024-09-30 00:17:48 获取到号码【1427246】的GSD为【-】
2024-09-30 00:17:50 GSD insert 第 1 次 等待 3 秒
2024-09-30 00:17:53 {"status":"bad","gid":"671359","msg":"添加失败！号码【1427246(-|-)】已存在！"}
2024-09-30 00:17:53 随机等待 222 秒，约 3 分钟
2024-09-30 00:17:53 下次操作: 2024-09-30 00:21:35

2024-09-30 00:21:35 开始第 7250 次操作

2024-09-30 00:21:35 开始操作号码 【1427247】
2024-09-30 00:21:38 GSD getOne 第 1 次 等待 3 秒
2024-09-30 00:21:41 查询号码 【1427247】，返回信息 {"status":"ok","msg":"-","gid":"671383","time_insert":"2023-04-22 19:47"}
2024-09-30 00:21:42 查询号码 【1427247】，GSD为【"-"】
2024-09-30 00:21:42 ok && -
2024-09-30 00:21:44 CHB 1427247?1727626902 第 1 次 等待 3 秒
2024-09-30 00:21:47 CHB 1427247?1727626902 第 1 次 获取到号码【1427247】GSD
2024-09-30 00:21:47 未获取到号码【1427247】GSD，可能号码格式错误
2024-09-30 00:21:47 获取到号码【1427247】的GSD为【-】
2024-09-30 00:21:53 GSD insert 第 1 次 等待 3 秒
2024-09-30 00:21:56 {"status":"bad","gid":"671383","msg":"添加失败！号码【1427247(-|-)】已存在！"}
2024-09-30 00:21:56 随机等待 182 秒，约 3 分钟
2024-09-30 00:21:56 下次操作: 2024-09-30 00:24:58

2024-09-30 00:24:58 开始第 7251 次操作

2024-09-30 00:24:58 开始操作号码 【1427248】
2024-09-30 00:25:00 GSD getOne 第 1 次 等待 3 秒
2024-09-30 00:25:03 查询号码 【1427248】，返回信息 {"status":"ok","msg":"-","gid":"671407","time_insert":"2023-04-22 20:05"}
2024-09-30 00:25:03 查询号码 【1427248】，GSD为【"-"】
2024-09-30 00:25:03 ok && -
2024-09-30 00:25:05 CHB 1427248?1727627103 第 1 次 等待 3 秒
2024-09-30 00:25:08 CHB 1427248?1727627103 第 1 次 获取到号码【1427248】GSD
2024-09-30 00:25:08 未获取到号码【1427248】GSD，可能号码格式错误
2024-09-30 00:25:08 获取到号码【1427248】的GSD为【-】
2024-09-30 00:25:12 GSD insert 第 1 次 等待 3 秒
2024-09-30 00:25:15 {"status":"bad","gid":"671407","msg":"添加失败！号码【1427248(-|-)】已存在！"}
2024-09-30 00:25:15 随机等待 159 秒，约 2 分钟
2024-09-30 00:25:15 下次操作: 2024-09-30 00:27:54

2024-09-30 00:27:54 开始第 7252 次操作

2024-09-30 00:27:54 开始操作号码 【1427249】
2024-09-30 00:27:57 GSD getOne 第 1 次 等待 3 秒
2024-09-30 00:28:00 查询号码 【1427249】，返回信息 {"status":"ok","msg":"-","gid":"671416","time_insert":"2023-04-22 20:16"}
2024-09-30 00:28:00 查询号码 【1427249】，GSD为【"-"】
2024-09-30 00:28:00 ok && -
2024-09-30 00:28:02 CHB 1427249?1727627280 第 1 次 等待 3 秒
2024-09-30 00:28:05 CHB 1427249?1727627280 第 1 次 获取到号码【1427249】GSD
2024-09-30 00:28:05 未获取到号码【1427249】GSD，可能号码格式错误
2024-09-30 00:28:05 获取到号码【1427249】的GSD为【-】
2024-09-30 00:28:07 GSD insert 第 1 次 等待 3 秒
2024-09-30 00:28:10 {"status":"bad","gid":"671416","msg":"添加失败！号码【1427249(-|-)】已存在！"}

