2024-03-27 00:13:22 开始第 373 次操作

2024-03-27 00:13:22 开始操作号码 【1640267】
2024-03-27 00:13:31 GSD getOne 第 1 次 等待 3 秒
2024-03-27 00:13:34 查询号码 【1640267】，返回信息 {"status":"ok","msg":"-","gid":"524265","time_insert":"2023-02-10 08:14"}
2024-03-27 00:13:34 查询号码 【1640267】，GSD为【"-"】
2024-03-27 00:13:34 ok && -
2024-03-27 00:14:06 CHB 1640267?1711469614 第 1 次 等待 3 秒
2024-03-27 00:14:09 CHB 1640267?1711469614 第 1 次 获取到号码【1640267】GSD
2024-03-27 00:14:09 未获取到号码【1640267】GSD，可能号码格式错误
2024-03-27 00:14:09 获取到号码【1640267】的GSD为【-】
2024-03-27 00:14:20 GSD insert 第 1 次 等待 3 秒
2024-03-27 00:14:23 {"status":"bad","gid":"524265","msg":"添加失败！号码【1640267(-|-)】已存在！"}
2024-03-27 00:14:23 随机等待 230 秒，约 3 分钟
2024-03-27 00:14:23 下次操作: 2024-03-27 00:18:13

2024-03-27 00:18:13 开始第 374 次操作

2024-03-27 00:18:13 开始操作号码 【1640268】
2024-03-27 00:18:18 GSD getOne 第 1 次 等待 3 秒
2024-03-27 00:18:21 查询号码 【1640268】，返回信息 {"status":"ok","msg":"-","gid":"524276","time_insert":"2023-02-10 08:26"}
2024-03-27 00:18:21 查询号码 【1640268】，GSD为【"-"】
2024-03-27 00:18:21 ok && -
2024-03-27 00:18:23 CHB 1640268?1711469901 第 1 次 等待 3 秒
2024-03-27 00:18:26 CHB 1640268?1711469901 第 1 次 获取到号码【1640268】GSD
2024-03-27 00:18:26 未获取到号码【1640268】GSD，可能号码格式错误
2024-03-27 00:18:26 获取到号码【1640268】的GSD为【-】
2024-03-27 00:18:31 GSD insert 第 1 次 等待 3 秒
2024-03-27 00:18:34 {"status":"bad","gid":"524276","msg":"添加失败！号码【1640268(-|-)】已存在！"}
2024-03-27 00:18:34 随机等待 183 秒，约 3 分钟
2024-03-27 00:18:34 下次操作: 2024-03-27 00:21:37

2024-03-27 00:21:37 开始第 375 次操作

2024-03-27 00:21:37 开始操作号码 【1640269】
2024-03-27 00:21:42 GSD getOne 第 1 次 等待 3 秒
2024-03-27 00:21:45 查询号码 【1640269】，返回信息 {"status":"ok","msg":"-","gid":"524287","time_insert":"2023-02-10 08:35"}
2024-03-27 00:21:45 查询号码 【1640269】，GSD为【"-"】
2024-03-27 00:21:45 ok && -
2024-03-27 00:21:47 CHB 1640269?1711470105 第 1 次 等待 3 秒
2024-03-27 00:21:50 CHB 1640269?1711470105 第 1 次 获取到号码【1640269】GSD
2024-03-27 00:21:50 未获取到号码【1640269】GSD，可能号码格式错误
2024-03-27 00:21:50 获取到号码【1640269】的GSD为【-】
2024-03-27 00:21:55 GSD insert 第 1 次 等待 3 秒
2024-03-27 00:21:58 {"status":"bad","gid":"524287","msg":"添加失败！号码【1640269(-|-)】已存在！"}
2024-03-27 00:21:58 随机等待 89 秒，约 1 分钟
2024-03-27 00:21:58 下次操作: 2024-03-27 00:23:27

2024-03-27 00:23:27 开始第 376 次操作

2024-03-27 00:23:27 开始操作号码 【1640270】
2024-03-27 00:23:34 GSD getOne 第 1 次 等待 3 秒
2024-03-27 00:23:37 查询号码 【1640270】，返回信息 {"status":"ok","msg":"-","gid":"524294","time_insert":"2023-02-10 08:43"}
2024-03-27 00:23:37 查询号码 【1640270】，GSD为【"-"】
2024-03-27 00:23:37 ok && -
2024-03-27 00:23:39 CHB 1640270?1711470217 第 1 次 等待 3 秒
2024-03-27 00:23:42 CHB 1640270?1711470217 第 1 次 获取到号码【1640270】GSD
2024-03-27 00:23:42 未获取到号码【1640270】GSD，可能号码格式错误
2024-03-27 00:23:42 获取到号码【1640270】的GSD为【-】
2024-03-27 00:23:47 GSD insert 第 1 次 等待 3 秒
2024-03-27 00:23:50 {"status":"bad","gid":"524294","msg":"添加失败！号码【1640270(-|-)】已存在！"}

2024-03-27 00:36:20 开始第 377 次操作

2024-03-27 00:36:20 开始操作号码 【1640271】
2024-03-27 00:36:25 GSD getOne 第 1 次 等待 3 秒
2024-03-27 00:36:28 查询号码 【1640271】，返回信息 {"status":"ok","msg":"-","gid":"524302","time_insert":"2023-02-10 08:52"}
2024-03-27 00:36:28 查询号码 【1640271】，GSD为【"-"】
2024-03-27 00:36:28 ok && -
2024-03-27 00:36:31 CHB 1640271?1711470988 第 1 次 等待 3 秒
2024-03-27 00:36:34 CHB 1640271?1711470988 第 1 次 获取到号码【1640271】GSD
2024-03-27 00:36:34 未获取到号码【1640271】GSD，可能号码格式错误
2024-03-27 00:36:34 获取到号码【1640271】的GSD为【-】
2024-03-27 00:36:39 GSD insert 第 1 次 等待 3 秒
2024-03-27 00:36:42 {"status":"bad","gid":"524302","msg":"添加失败！号码【1640271(-|-)】已存在！"}
2024-03-27 00:36:42 随机等待 204 秒，约 3 分钟
2024-03-27 00:36:42 下次操作: 2024-03-27 00:40:06

2024-03-27 00:40:06 开始第 378 次操作

2024-03-27 00:40:06 开始操作号码 【1640272】
2024-03-27 00:40:13 GSD getOne 第 1 次 等待 3 秒
2024-03-27 00:40:16 查询号码 【1640272】，返回信息 {"status":"ok","msg":"-","gid":"524313","time_insert":"2023-02-10 09:02"}
2024-03-27 00:40:16 查询号码 【1640272】，GSD为【"-"】
2024-03-27 00:40:16 ok && -
2024-03-27 00:40:19 CHB 1640272?1711471216 第 1 次 等待 3 秒
2024-03-27 00:40:22 CHB 1640272?1711471216 第 1 次 获取到号码【1640272】GSD
2024-03-27 00:40:22 未获取到号码【1640272】GSD，可能号码格式错误
2024-03-27 00:40:22 获取到号码【1640272】的GSD为【-】
2024-03-27 00:40:26 GSD insert 第 1 次 等待 3 秒
2024-03-27 00:40:30 {"status":"bad","gid":"524313","msg":"添加失败！号码【1640272(-|-)】已存在！"}
2024-03-27 00:40:30 随机等待 95 秒，约 1 分钟
2024-03-27 00:40:30 下次操作: 2024-03-27 00:42:05

2024-03-27 00:42:05 开始第 379 次操作

2024-03-27 00:42:05 开始操作号码 【1640273】
2024-03-27 00:42:09 GSD getOne 第 1 次 等待 3 秒
2024-03-27 00:42:12 查询号码 【1640273】，返回信息 {"status":"ok","msg":"-","gid":"524327","time_insert":"2023-02-10 09:14"}
2024-03-27 00:42:12 查询号码 【1640273】，GSD为【"-"】
2024-03-27 00:42:12 ok && -
2024-03-27 00:42:15 CHB 1640273?1711471332 第 1 次 等待 3 秒
2024-03-27 00:42:18 CHB 1640273?1711471332 第 1 次 获取到号码【1640273】GSD
2024-03-27 00:42:18 未获取到号码【1640273】GSD，可能号码格式错误
2024-03-27 00:42:18 获取到号码【1640273】的GSD为【-】
2024-03-27 00:42:24 GSD insert 第 1 次 等待 3 秒
2024-03-27 00:42:27 {"status":"bad","gid":"524327","msg":"添加失败！号码【1640273(-|-)】已存在！"}
2024-03-27 00:42:28 随机等待 70 秒，约 1 分钟
2024-03-27 00:42:28 下次操作: 2024-03-27 00:43:38

2024-03-27 00:43:38 开始第 380 次操作

2024-03-27 00:43:38 开始操作号码 【1640274】
2024-03-27 00:43:43 GSD getOne 第 1 次 等待 3 秒
2024-03-27 00:43:46 查询号码 【1640274】，返回信息 {"status":"ok","msg":"-","gid":"524335","time_insert":"2023-02-10 09:23"}
2024-03-27 00:43:46 查询号码 【1640274】，GSD为【"-"】
2024-03-27 00:43:46 ok && -
2024-03-27 00:43:48 CHB 1640274?1711471426 第 1 次 等待 3 秒
2024-03-27 00:43:51 CHB 1640274?1711471426 第 1 次 获取到号码【1640274】GSD
2024-03-27 00:43:51 未获取到号码【1640274】GSD，可能号码格式错误
2024-03-27 00:43:51 获取到号码【1640274】的GSD为【-】
2024-03-27 00:43:56 GSD insert 第 1 次 等待 3 秒
2024-03-27 00:43:59 {"status":"bad","gid":"524335","msg":"添加失败！号码【1640274(-|-)】已存在！"}

2024-03-27 01:09:19 开始第 381 次操作

2024-03-27 01:09:19 开始操作号码 【1640275】
2024-03-27 01:09:24 GSD getOne 第 1 次 等待 3 秒
2024-03-27 01:09:27 查询号码 【1640275】，返回信息 {"status":"ok","msg":"-","gid":"524349","time_insert":"2023-02-10 09:35"}
2024-03-27 01:09:27 查询号码 【1640275】，GSD为【"-"】
2024-03-27 01:09:27 ok && -
2024-03-27 01:09:29 CHB 1640275?1711472967 第 1 次 等待 3 秒
2024-03-27 01:09:32 CHB 1640275?1711472967 第 1 次 获取到号码【1640275】GSD
2024-03-27 01:09:32 未获取到号码【1640275】GSD，可能号码格式错误
2024-03-27 01:09:32 获取到号码【1640275】的GSD为【-】
2024-03-27 01:09:37 GSD insert 第 1 次 等待 3 秒
2024-03-27 01:09:40 {"status":"bad","gid":"524349","msg":"添加失败！号码【1640275(-|-)】已存在！"}
2024-03-27 01:09:40 随机等待 188 秒，约 3 分钟
2024-03-27 01:09:40 下次操作: 2024-03-27 01:12:48

2024-03-27 01:12:48 开始第 382 次操作

2024-03-27 01:12:48 开始操作号码 【1640276】
2024-03-27 01:12:53 GSD getOne 第 1 次 等待 3 秒
2024-03-27 01:12:56 查询号码 【1640276】，返回信息 {"status":"ok","msg":"-","gid":"524361","time_insert":"2023-02-10 09:48"}
2024-03-27 01:12:56 查询号码 【1640276】，GSD为【"-"】
2024-03-27 01:12:56 ok && -
2024-03-27 01:12:58 CHB 1640276?1711473176 第 1 次 等待 3 秒
2024-03-27 01:13:01 CHB 1640276?1711473176 第 1 次 获取到号码【1640276】GSD
2024-03-27 01:13:01 未获取到号码【1640276】GSD，可能号码格式错误
2024-03-27 01:13:01 获取到号码【1640276】的GSD为【-】
2024-03-27 01:13:06 GSD insert 第 1 次 等待 3 秒
2024-03-27 01:13:09 {"status":"bad","gid":"524361","msg":"添加失败！号码【1640276(-|-)】已存在！"}
2024-03-27 01:13:09 随机等待 143 秒，约 2 分钟
2024-03-27 01:13:09 下次操作: 2024-03-27 01:15:32

2024-03-27 01:15:32 开始第 383 次操作

2024-03-27 01:15:32 开始操作号码 【1640277】
2024-03-27 01:15:38 GSD getOne 第 1 次 等待 3 秒
2024-03-27 01:15:41 查询号码 【1640277】，返回信息 {"status":"ok","msg":"-","gid":"524373","time_insert":"2023-02-10 09:58"}
2024-03-27 01:15:41 查询号码 【1640277】，GSD为【"-"】
2024-03-27 01:15:41 ok && -
2024-03-27 01:15:43 CHB 1640277?1711473341 第 1 次 等待 3 秒
2024-03-27 01:15:46 CHB 1640277?1711473341 第 1 次 获取到号码【1640277】GSD
2024-03-27 01:15:46 未获取到号码【1640277】GSD，可能号码格式错误
2024-03-27 01:15:46 获取到号码【1640277】的GSD为【-】
2024-03-27 01:15:51 GSD insert 第 1 次 等待 3 秒
2024-03-27 01:15:54 {"status":"bad","gid":"524373","msg":"添加失败！号码【1640277(-|-)】已存在！"}
2024-03-27 01:15:54 随机等待 200 秒，约 3 分钟
2024-03-27 01:15:54 下次操作: 2024-03-27 01:19:14

2024-03-27 01:19:14 开始第 384 次操作

2024-03-27 01:19:14 开始操作号码 【1640278】
2024-03-27 01:19:19 GSD getOne 第 1 次 等待 3 秒
2024-03-27 01:19:22 查询号码 【1640278】，返回信息 {"status":"ok","msg":"-","gid":"524384","time_insert":"2023-02-10 10:09"}
2024-03-27 01:19:22 查询号码 【1640278】，GSD为【"-"】
2024-03-27 01:19:22 ok && -
2024-03-27 01:19:24 CHB 1640278?1711473562 第 1 次 等待 3 秒
2024-03-27 01:19:27 CHB 1640278?1711473562 第 1 次 获取到号码【1640278】GSD
2024-03-27 01:19:27 未获取到号码【1640278】GSD，可能号码格式错误
2024-03-27 01:19:27 获取到号码【1640278】的GSD为【-】
2024-03-27 01:19:32 GSD insert 第 1 次 等待 3 秒
2024-03-27 01:19:35 {"status":"bad","gid":"524384","msg":"添加失败！号码【1640278(-|-)】已存在！"}

2024-03-27 01:35:09 开始第 385 次操作

2024-03-27 01:35:09 开始操作号码 【1640279】
2024-03-27 01:35:14 GSD getOne 第 1 次 等待 3 秒
2024-03-27 01:35:17 查询号码 【1640279】，返回信息 {"status":"ok","msg":"-","gid":"524395","time_insert":"2023-02-10 10:20"}
2024-03-27 01:35:18 查询号码 【1640279】，GSD为【"-"】
2024-03-27 01:35:18 ok && -
2024-03-27 01:35:20 CHB 1640279?1711474518 第 1 次 等待 3 秒
2024-03-27 01:35:23 CHB 1640279?1711474518 第 1 次 获取到号码【1640279】GSD
2024-03-27 01:35:23 未获取到号码【1640279】GSD，可能号码格式错误
2024-03-27 01:35:23 获取到号码【1640279】的GSD为【-】
2024-03-27 01:35:27 GSD insert 第 1 次 等待 3 秒
2024-03-27 01:35:30 {"status":"bad","gid":"524395","msg":"添加失败！号码【1640279(-|-)】已存在！"}
2024-03-27 01:35:30 随机等待 159 秒，约 2 分钟
2024-03-27 01:35:30 下次操作: 2024-03-27 01:38:09

2024-03-27 01:38:09 开始第 386 次操作

2024-03-27 01:38:09 开始操作号码 【1640280】
2024-03-27 01:38:16 GSD getOne 第 1 次 等待 3 秒
2024-03-27 01:38:19 查询号码 【1640280】，返回信息 {"status":"ok","msg":"-","gid":"524406","time_insert":"2023-02-10 10:31"}
2024-03-27 01:38:19 查询号码 【1640280】，GSD为【"-"】
2024-03-27 01:38:19 ok && -
2024-03-27 01:38:21 CHB 1640280?1711474699 第 1 次 等待 3 秒
2024-03-27 01:38:24 CHB 1640280?1711474699 第 1 次 获取到号码【1640280】GSD
2024-03-27 01:38:24 未获取到号码【1640280】GSD，可能号码格式错误
2024-03-27 01:38:24 获取到号码【1640280】的GSD为【-】
2024-03-27 01:38:30 GSD insert 第 1 次 等待 3 秒
2024-03-27 01:38:33 {"status":"bad","gid":"524406","msg":"添加失败！号码【1640280(-|-)】已存在！"}
2024-03-27 01:38:33 随机等待 168 秒，约 2 分钟
2024-03-27 01:38:33 下次操作: 2024-03-27 01:41:21

2024-03-27 01:41:21 开始第 387 次操作

2024-03-27 01:41:21 开始操作号码 【1640281】
2024-03-27 01:41:26 GSD getOne 第 1 次 等待 3 秒
2024-03-27 01:41:29 查询号码 【1640281】，返回信息 {"status":"ok","msg":"-","gid":"524416","time_insert":"2023-02-10 10:42"}
2024-03-27 01:41:29 查询号码 【1640281】，GSD为【"-"】
2024-03-27 01:41:29 ok && -
2024-03-27 01:41:31 CHB 1640281?1711474889 第 1 次 等待 3 秒
2024-03-27 01:41:34 CHB 1640281?1711474889 第 1 次 获取到号码【1640281】GSD
2024-03-27 01:41:34 未获取到号码【1640281】GSD，可能号码格式错误
2024-03-27 01:41:34 获取到号码【1640281】的GSD为【-】
2024-03-27 01:41:39 GSD insert 第 1 次 等待 3 秒
2024-03-27 01:41:42 {"status":"bad","gid":"524416","msg":"添加失败！号码【1640281(-|-)】已存在！"}
2024-03-27 01:41:42 随机等待 93 秒，约 1 分钟
2024-03-27 01:41:42 下次操作: 2024-03-27 01:43:15

2024-03-27 01:43:15 开始第 388 次操作

2024-03-27 01:43:15 开始操作号码 【1640282】
2024-03-27 01:43:20 GSD getOne 第 1 次 等待 3 秒
2024-03-27 01:43:23 查询号码 【1640282】，返回信息 {"status":"ok","msg":"-","gid":"524425","time_insert":"2023-02-10 10:51"}
2024-03-27 01:43:23 查询号码 【1640282】，GSD为【"-"】
2024-03-27 01:43:23 ok && -
2024-03-27 01:43:25 CHB 1640282?1711475003 第 1 次 等待 3 秒
2024-03-27 01:43:28 CHB 1640282?1711475003 第 1 次 获取到号码【1640282】GSD
2024-03-27 01:43:28 未获取到号码【1640282】GSD，可能号码格式错误
2024-03-27 01:43:28 获取到号码【1640282】的GSD为【-】
2024-03-27 01:43:33 GSD insert 第 1 次 等待 3 秒
2024-03-27 01:43:36 {"status":"bad","gid":"524425","msg":"添加失败！号码【1640282(-|-)】已存在！"}

2024-03-27 02:13:22 开始第 389 次操作

2024-03-27 02:13:22 开始操作号码 【1640283】
2024-03-27 02:13:29 GSD getOne 第 1 次 等待 3 秒
2024-03-27 02:13:32 查询号码 【1640283】，返回信息 {"status":"ok","msg":"-","gid":"524436","time_insert":"2023-02-10 11:02"}
2024-03-27 02:13:32 查询号码 【1640283】，GSD为【"-"】
2024-03-27 02:13:32 ok && -
2024-03-27 02:13:34 CHB 1640283?1711476812 第 1 次 等待 3 秒
2024-03-27 02:13:37 CHB 1640283?1711476812 第 1 次 获取到号码【1640283】GSD
2024-03-27 02:13:37 未获取到号码【1640283】GSD，可能号码格式错误
2024-03-27 02:13:37 获取到号码【1640283】的GSD为【-】
2024-03-27 02:13:42 GSD insert 第 1 次 等待 3 秒
2024-03-27 02:13:45 {"status":"bad","gid":"524436","msg":"添加失败！号码【1640283(-|-)】已存在！"}
2024-03-27 02:13:45 随机等待 121 秒，约 2 分钟
2024-03-27 02:13:45 下次操作: 2024-03-27 02:15:46

2024-03-27 02:15:46 开始第 390 次操作

2024-03-27 02:15:46 开始操作号码 【1640284】
2024-03-27 02:15:51 GSD getOne 第 1 次 等待 3 秒
2024-03-27 02:15:54 查询号码 【1640284】，返回信息 {"status":"ok","msg":"-","gid":"524448","time_insert":"2023-02-10 11:13"}
2024-03-27 02:15:54 查询号码 【1640284】，GSD为【"-"】
2024-03-27 02:15:54 ok && -
2024-03-27 02:15:56 CHB 1640284?1711476954 第 1 次 等待 3 秒
2024-03-27 02:15:59 CHB 1640284?1711476954 第 1 次 获取到号码【1640284】GSD
2024-03-27 02:15:59 未获取到号码【1640284】GSD，可能号码格式错误
2024-03-27 02:15:59 获取到号码【1640284】的GSD为【-】
2024-03-27 02:16:04 GSD insert 第 1 次 等待 3 秒
2024-03-27 02:16:07 {"status":"bad","gid":"524448","msg":"添加失败！号码【1640284(-|-)】已存在！"}
2024-03-27 02:16:07 随机等待 180 秒，约 3 分钟
2024-03-27 02:16:07 下次操作: 2024-03-27 02:19:07

2024-03-27 02:19:07 开始第 391 次操作

2024-03-27 02:19:07 开始操作号码 【1640285】
2024-03-27 02:19:12 GSD getOne 第 1 次 等待 3 秒
2024-03-27 02:19:15 查询号码 【1640285】，返回信息 {"status":"ok","msg":"-","gid":"524459","time_insert":"2023-02-10 11:24"}
2024-03-27 02:19:15 查询号码 【1640285】，GSD为【"-"】
2024-03-27 02:19:15 ok && -
2024-03-27 02:19:17 CHB 1640285?1711477155 第 1 次 等待 3 秒
2024-03-27 02:19:20 CHB 1640285?1711477155 第 1 次 获取到号码【1640285】GSD
2024-03-27 02:19:20 未获取到号码【1640285】GSD，可能号码格式错误
2024-03-27 02:19:20 获取到号码【1640285】的GSD为【-】
2024-03-27 02:19:25 GSD insert 第 1 次 等待 3 秒
2024-03-27 02:19:28 {"status":"bad","gid":"524459","msg":"添加失败！号码【1640285(-|-)】已存在！"}
2024-03-27 02:19:28 随机等待 166 秒，约 2 分钟
2024-03-27 02:19:28 下次操作: 2024-03-27 02:22:14

2024-03-27 02:22:14 开始第 392 次操作

2024-03-27 02:22:14 开始操作号码 【1640286】
2024-03-27 02:22:18 GSD getOne 第 1 次 等待 3 秒
2024-03-27 02:22:21 查询号码 【1640286】，返回信息 {"status":"ok","msg":"-","gid":"524471","time_insert":"2023-02-10 11:34"}
2024-03-27 02:22:22 查询号码 【1640286】，GSD为【"-"】
2024-03-27 02:22:22 ok && -
2024-03-27 02:22:24 CHB 1640286?1711477342 第 1 次 等待 3 秒
2024-03-27 02:22:27 CHB 1640286?1711477342 第 1 次 获取到号码【1640286】GSD
2024-03-27 02:22:27 未获取到号码【1640286】GSD，可能号码格式错误
2024-03-27 02:22:27 获取到号码【1640286】的GSD为【-】
2024-03-27 02:22:31 GSD insert 第 1 次 等待 3 秒
2024-03-27 02:22:34 {"status":"bad","gid":"524471","msg":"添加失败！号码【1640286(-|-)】已存在！"}

2024-03-27 02:34:29 开始第 393 次操作

2024-03-27 02:34:29 开始操作号码 【1640287】
2024-03-27 02:34:34 GSD getOne 第 1 次 等待 3 秒
2024-03-27 02:34:37 查询号码 【1640287】，返回信息 {"status":"ok","msg":"-","gid":"524484","time_insert":"2023-02-10 11:47"}
2024-03-27 02:34:37 查询号码 【1640287】，GSD为【"-"】
2024-03-27 02:34:37 ok && -
2024-03-27 02:34:39 CHB 1640287?1711478077 第 1 次 等待 3 秒
2024-03-27 02:34:42 CHB 1640287?1711478077 第 1 次 获取到号码【1640287】GSD
2024-03-27 02:34:42 未获取到号码【1640287】GSD，可能号码格式错误
2024-03-27 02:34:42 获取到号码【1640287】的GSD为【-】
2024-03-27 02:34:47 GSD insert 第 1 次 等待 3 秒
2024-03-27 02:34:50 {"status":"bad","gid":"524484","msg":"添加失败！号码【1640287(-|-)】已存在！"}
2024-03-27 02:34:50 随机等待 215 秒，约 3 分钟
2024-03-27 02:34:50 下次操作: 2024-03-27 02:38:25

2024-03-27 02:38:25 开始第 394 次操作

2024-03-27 02:38:25 开始操作号码 【1640288】
2024-03-27 02:38:30 GSD getOne 第 1 次 等待 3 秒
2024-03-27 02:38:33 查询号码 【1640288】，返回信息 {"status":"ok","msg":"-","gid":"524494","time_insert":"2023-02-10 11:58"}
2024-03-27 02:38:33 查询号码 【1640288】，GSD为【"-"】
2024-03-27 02:38:33 ok && -
2024-03-27 02:38:36 CHB 1640288?1711478313 第 1 次 等待 3 秒
2024-03-27 02:38:39 CHB 1640288?1711478313 第 1 次 获取到号码【1640288】GSD
2024-03-27 02:38:39 未获取到号码【1640288】GSD，可能号码格式错误
2024-03-27 02:38:39 获取到号码【1640288】的GSD为【-】
2024-03-27 02:38:44 GSD insert 第 1 次 等待 3 秒
2024-03-27 02:38:47 {"status":"bad","gid":"524494","msg":"添加失败！号码【1640288(-|-)】已存在！"}
2024-03-27 02:38:47 随机等待 112 秒，约 1 分钟
2024-03-27 02:38:47 下次操作: 2024-03-27 02:40:39

2024-03-27 02:40:39 开始第 395 次操作

2024-03-27 02:40:39 开始操作号码 【1640289】
2024-03-27 02:40:46 GSD getOne 第 1 次 等待 3 秒
2024-03-27 02:40:49 查询号码 【1640289】，返回信息 {"status":"ok","msg":"-","gid":"524502","time_insert":"2023-02-10 12:07"}
2024-03-27 02:40:49 查询号码 【1640289】，GSD为【"-"】
2024-03-27 02:40:49 ok && -
2024-03-27 02:40:51 CHB 1640289?1711478449 第 1 次 等待 3 秒
2024-03-27 02:40:54 CHB 1640289?1711478449 第 1 次 获取到号码【1640289】GSD
2024-03-27 02:40:54 未获取到号码【1640289】GSD，可能号码格式错误
2024-03-27 02:40:54 获取到号码【1640289】的GSD为【-】
2024-03-27 02:40:59 GSD insert 第 1 次 等待 3 秒
2024-03-27 02:41:02 {"status":"bad","gid":"524502","msg":"添加失败！号码【1640289(-|-)】已存在！"}
2024-03-27 02:41:02 随机等待 86 秒，约 1 分钟
2024-03-27 02:41:02 下次操作: 2024-03-27 02:42:28

2024-03-27 02:42:28 开始第 396 次操作

2024-03-27 02:42:28 开始操作号码 【1640290】
2024-03-27 02:42:33 GSD getOne 第 1 次 等待 3 秒
2024-03-27 02:42:36 查询号码 【1640290】，返回信息 {"status":"ok","msg":"-","gid":"524513","time_insert":"2023-02-10 12:17"}
2024-03-27 02:42:36 查询号码 【1640290】，GSD为【"-"】
2024-03-27 02:42:36 ok && -
2024-03-27 02:42:38 CHB 1640290?1711478556 第 1 次 等待 3 秒
2024-03-27 02:42:41 CHB 1640290?1711478556 第 1 次 获取到号码【1640290】GSD
2024-03-27 02:42:41 未获取到号码【1640290】GSD，可能号码格式错误
2024-03-27 02:42:41 获取到号码【1640290】的GSD为【-】
2024-03-27 02:42:45 GSD insert 第 1 次 等待 3 秒
2024-03-27 02:42:48 {"status":"bad","gid":"524513","msg":"添加失败！号码【1640290(-|-)】已存在！"}

