2024-09-11 00:16:17 开始第 3973 次操作

2024-09-11 00:16:17 开始操作号码 【1423972】
2024-09-11 00:16:26 GSD getOne 第 1 次 等待 3 秒
2024-09-11 00:16:29 查询号码 【1423972】，返回信息 {"status":"ok","msg":"-","gid":"597516","time_insert":"2023-03-18 02:16"}
2024-09-11 00:16:29 查询号码 【1423972】，GSD为【"-"】
2024-09-11 00:16:29 ok && -
2024-09-11 00:16:31 CHB 1423972?1725984989 第 1 次 等待 3 秒
2024-09-11 00:16:34 CHB 1423972?1725984989 第 1 次 获取到号码【1423972】GSD
2024-09-11 00:16:34 未获取到号码【1423972】GSD，可能号码格式错误
2024-09-11 00:16:34 获取到号码【1423972】的GSD为【-】
2024-09-11 00:16:45 GSD insert 第 1 次 等待 3 秒
2024-09-11 00:16:48 {"status":"bad","gid":"597516","msg":"添加失败！号码【1423972(-|-)】已存在！"}
2024-09-11 00:16:48 随机等待 176 秒，约 2 分钟
2024-09-11 00:16:48 下次操作: 2024-09-11 00:19:44

2024-09-11 00:19:44 开始第 3974 次操作

2024-09-11 00:19:44 开始操作号码 【1423973】
2024-09-11 00:19:53 GSD getOne 第 1 次 等待 3 秒
2024-09-11 00:19:56 查询号码 【1423973】，返回信息 {"status":"ok","msg":"-","gid":"597537","time_insert":"2023-03-18 02:33"}
2024-09-11 00:19:56 查询号码 【1423973】，GSD为【"-"】
2024-09-11 00:19:56 ok && -
2024-09-11 00:19:58 CHB 1423973?1725985196 第 1 次 等待 3 秒
2024-09-11 00:20:01 CHB 1423973?1725985196 第 1 次 获取到号码【1423973】GSD
2024-09-11 00:20:01 未获取到号码【1423973】GSD，可能号码格式错误
2024-09-11 00:20:01 获取到号码【1423973】的GSD为【-】
2024-09-11 00:20:11 GSD insert 第 1 次 等待 3 秒
2024-09-11 00:20:14 {"status":"bad","gid":"597537","msg":"添加失败！号码【1423973(-|-)】已存在！"}
2024-09-11 00:20:14 随机等待 112 秒，约 1 分钟
2024-09-11 00:20:14 下次操作: 2024-09-11 00:22:06

2024-09-11 00:22:06 开始第 3975 次操作

2024-09-11 00:22:06 开始操作号码 【1423974】
2024-09-11 00:22:13 GSD getOne 第 1 次 等待 3 秒
2024-09-11 00:22:16 查询号码 【1423974】，返回信息 {"status":"ok","msg":"-","gid":"597575","time_insert":"2023-03-18 02:55"}
2024-09-11 00:22:16 查询号码 【1423974】，GSD为【"-"】
2024-09-11 00:22:16 ok && -
2024-09-11 00:32:31 CHB 1423974?1725985336 第 1 次 等待 3 秒
2024-09-11 00:32:34 CHB 1423974?1725985336 第 1 次 未获取到 等待 102 秒 下次操作: 2024-09-11 00:34:16
2024-09-11 00:34:18 CHB 1423974?1725986056 第 2 次 等待 3 秒
2024-09-11 00:34:21 CHB 1423974?1725986056 第 2 次 获取到号码【1423974】GSD
2024-09-11 00:34:21 未获取到号码【1423974】GSD，可能号码格式错误
2024-09-11 00:34:21 获取到号码【1423974】的GSD为【-】
2024-09-11 00:34:31 GSD insert 第 1 次 等待 3 秒
2024-09-11 00:34:34 {"status":"bad","gid":"597575","msg":"添加失败！号码【1423974(-|-)】已存在！"}
2024-09-11 00:34:34 随机等待 96 秒，约 1 分钟
2024-09-11 00:34:34 下次操作: 2024-09-11 00:36:10

2024-09-11 00:36:10 开始第 3976 次操作

2024-09-11 00:36:10 开始操作号码 【1423975】
2024-09-11 00:36:21 GSD getOne 第 1 次 等待 3 秒
2024-09-11 00:36:24 查询号码 【1423975】，返回信息 {"status":"ok","msg":"-","gid":"597606","time_insert":"2023-03-18 03:14"}
2024-09-11 00:36:24 查询号码 【1423975】，GSD为【"-"】
2024-09-11 00:36:24 ok && -
2024-09-11 00:36:26 CHB 1423975?1725986184 第 1 次 等待 3 秒
2024-09-11 00:36:29 CHB 1423975?1725986184 第 1 次 获取到号码【1423975】GSD
2024-09-11 00:36:29 未获取到号码【1423975】GSD，可能号码格式错误
2024-09-11 00:36:29 获取到号码【1423975】的GSD为【-】
2024-09-11 00:36:37 GSD insert 第 1 次 等待 3 秒
2024-09-11 00:36:40 {"status":"bad","gid":"597606","msg":"添加失败！号码【1423975(-|-)】已存在！"}

2024-09-11 00:41:24 开始第 3977 次操作

2024-09-11 00:41:24 开始操作号码 【1423976】
2024-09-11 00:41:34 GSD getOne 第 1 次 等待 3 秒
2024-09-11 00:41:37 查询号码 【1423976】，返回信息 {"status":"ok","msg":"-","gid":"597640","time_insert":"2023-03-18 03:36"}
2024-09-11 00:41:37 查询号码 【1423976】，GSD为【"-"】
2024-09-11 00:41:37 ok && -
2024-09-11 00:46:37 CHB 1423976?1725986497 第 1 次 等待 3 秒
2024-09-11 00:46:40 CHB 1423976?1725986497 第 1 次 未获取到 等待 146 秒 下次操作: 2024-09-11 00:49:06
2024-09-11 00:49:08 CHB 1423976?1725986946 第 2 次 等待 3 秒
2024-09-11 00:49:11 CHB 1423976?1725986946 第 2 次 获取到号码【1423976】GSD
2024-09-11 00:49:11 未获取到号码【1423976】GSD，可能号码格式错误
2024-09-11 00:49:11 获取到号码【1423976】的GSD为【-】
2024-09-11 00:49:19 GSD insert 第 1 次 等待 3 秒
2024-09-11 00:49:22 {"status":"bad","gid":"597640","msg":"添加失败！号码【1423976(-|-)】已存在！"}
2024-09-11 00:49:22 随机等待 194 秒，约 3 分钟
2024-09-11 00:49:22 下次操作: 2024-09-11 00:52:36

2024-09-11 00:52:36 开始第 3978 次操作

2024-09-11 00:52:36 开始操作号码 【1423977】
2024-09-11 00:52:45 GSD getOne 第 1 次 等待 3 秒
2024-09-11 00:52:48 查询号码 【1423977】，返回信息 {"status":"ok","msg":"-","gid":"597654","time_insert":"2023-03-18 03:45"}
2024-09-11 00:52:48 查询号码 【1423977】，GSD为【"-"】
2024-09-11 00:52:48 ok && -
2024-09-11 00:52:50 CHB 1423977?1725987168 第 1 次 等待 3 秒
2024-09-11 00:52:53 CHB 1423977?1725987168 第 1 次 获取到号码【1423977】GSD
2024-09-11 00:52:53 未获取到号码【1423977】GSD，可能号码格式错误
2024-09-11 00:52:53 获取到号码【1423977】的GSD为【-】
2024-09-11 00:53:02 GSD insert 第 1 次 等待 3 秒
2024-09-11 00:53:05 {"status":"bad","gid":"597654","msg":"添加失败！号码【1423977(-|-)】已存在！"}
2024-09-11 00:53:05 随机等待 164 秒，约 2 分钟
2024-09-11 00:53:05 下次操作: 2024-09-11 00:55:49

2024-09-11 00:55:49 开始第 3979 次操作

2024-09-11 00:55:49 开始操作号码 【1423978】
2024-09-11 00:55:58 GSD getOne 第 1 次 等待 3 秒
2024-09-11 00:56:01 查询号码 【1423978】，返回信息 {"status":"ok","msg":"-","gid":"597685","time_insert":"2023-03-18 04:04"}
2024-09-11 00:56:01 查询号码 【1423978】，GSD为【"-"】
2024-09-11 00:56:01 ok && -
2024-09-11 01:01:01 CHB 1423978?1725987361 第 1 次 等待 3 秒
2024-09-11 01:01:04 CHB 1423978?1725987361 第 1 次 未获取到 等待 178 秒 下次操作: 2024-09-11 01:04:02
2024-09-11 01:04:04 CHB 1423978?1725987842 第 2 次 等待 3 秒
2024-09-11 01:04:07 CHB 1423978?1725987842 第 2 次 获取到号码【1423978】GSD
2024-09-11 01:04:07 未获取到号码【1423978】GSD，可能号码格式错误
2024-09-11 01:04:07 获取到号码【1423978】的GSD为【-】
2024-09-11 01:04:17 GSD insert 第 1 次 等待 3 秒
2024-09-11 01:04:20 {"status":"bad","gid":"597685","msg":"添加失败！号码【1423978(-|-)】已存在！"}
2024-09-11 01:04:20 随机等待 220 秒，约 3 分钟
2024-09-11 01:04:20 下次操作: 2024-09-11 01:08:00

2024-09-11 01:08:00 开始第 3980 次操作

2024-09-11 01:08:00 开始操作号码 【1423979】
2024-09-11 01:08:09 GSD getOne 第 1 次 等待 3 秒
2024-09-11 01:08:12 查询号码 【1423979】，返回信息 {"status":"ok","msg":"-","gid":"597712","time_insert":"2023-03-18 04:25"}
2024-09-11 01:08:12 查询号码 【1423979】，GSD为【"-"】
2024-09-11 01:08:12 ok && -
2024-09-11 01:08:14 CHB 1423979?1725988092 第 1 次 等待 3 秒
2024-09-11 01:08:17 CHB 1423979?1725988092 第 1 次 获取到号码【1423979】GSD
2024-09-11 01:08:17 未获取到号码【1423979】GSD，可能号码格式错误
2024-09-11 01:08:17 获取到号码【1423979】的GSD为【-】
2024-09-11 01:08:25 GSD insert 第 1 次 等待 3 秒
2024-09-11 01:08:28 {"status":"bad","gid":"597712","msg":"添加失败！号码【1423979(-|-)】已存在！"}

2024-09-11 01:12:01 开始第 3981 次操作

2024-09-11 01:12:01 开始操作号码 【1423980】
2024-09-11 01:12:09 GSD getOne 第 1 次 等待 3 秒
2024-09-11 01:12:12 查询号码 【1423980】，返回信息 {"status":"ok","msg":"-","gid":"597736","time_insert":"2023-03-18 04:38"}
2024-09-11 01:12:12 查询号码 【1423980】，GSD为【"-"】
2024-09-11 01:12:12 ok && -
2024-09-11 01:12:15 CHB 1423980?1725988332 第 1 次 等待 3 秒
2024-09-11 01:12:18 CHB 1423980?1725988332 第 1 次 获取到号码【1423980】GSD
2024-09-11 01:12:18 未获取到号码【1423980】GSD，可能号码格式错误
2024-09-11 01:12:18 获取到号码【1423980】的GSD为【-】
2024-09-11 01:12:29 GSD insert 第 1 次 等待 3 秒
2024-09-11 01:12:32 {"status":"bad","gid":"597736","msg":"添加失败！号码【1423980(-|-)】已存在！"}
2024-09-11 01:12:32 随机等待 111 秒，约 1 分钟
2024-09-11 01:12:32 下次操作: 2024-09-11 01:14:23

2024-09-11 01:14:23 开始第 3982 次操作

2024-09-11 01:14:23 开始操作号码 【1423981】
2024-09-11 01:14:32 GSD getOne 第 1 次 等待 3 秒
2024-09-11 01:14:35 查询号码 【1423981】，返回信息 {"status":"ok","msg":"-","gid":"597762","time_insert":"2023-03-18 04:51"}
2024-09-11 01:14:35 查询号码 【1423981】，GSD为【"-"】
2024-09-11 01:14:35 ok && -
2024-09-11 01:14:37 CHB 1423981?1725988475 第 1 次 等待 3 秒
2024-09-11 01:14:40 CHB 1423981?1725988475 第 1 次 获取到号码【1423981】GSD
2024-09-11 01:14:40 未获取到号码【1423981】GSD，可能号码格式错误
2024-09-11 01:14:40 获取到号码【1423981】的GSD为【-】
2024-09-11 01:14:48 GSD insert 第 1 次 等待 3 秒
2024-09-11 01:14:51 {"status":"bad","gid":"597762","msg":"添加失败！号码【1423981(-|-)】已存在！"}
2024-09-11 01:14:51 随机等待 124 秒，约 2 分钟
2024-09-11 01:14:51 下次操作: 2024-09-11 01:16:55

2024-09-11 01:16:55 开始第 3983 次操作

2024-09-11 01:16:55 开始操作号码 【1423982】
2024-09-11 01:17:03 GSD getOne 第 1 次 等待 3 秒
2024-09-11 01:17:06 查询号码 【1423982】，返回信息 {"status":"ok","msg":"-","gid":"597777","time_insert":"2023-03-18 05:01"}
2024-09-11 01:17:06 查询号码 【1423982】，GSD为【"-"】
2024-09-11 01:17:06 ok && -
2024-09-11 01:17:08 CHB 1423982?1725988626 第 1 次 等待 3 秒
2024-09-11 01:17:11 CHB 1423982?1725988626 第 1 次 获取到号码【1423982】GSD
2024-09-11 01:17:11 未获取到号码【1423982】GSD，可能号码格式错误
2024-09-11 01:17:11 获取到号码【1423982】的GSD为【-】
2024-09-11 01:17:20 GSD insert 第 1 次 等待 3 秒
2024-09-11 01:17:23 {"status":"bad","gid":"597777","msg":"添加失败！号码【1423982(-|-)】已存在！"}
2024-09-11 01:17:23 随机等待 149 秒，约 2 分钟
2024-09-11 01:17:23 下次操作: 2024-09-11 01:19:52

2024-09-11 01:19:52 开始第 3984 次操作

2024-09-11 01:19:52 开始操作号码 【1423983】
2024-09-11 01:20:00 GSD getOne 第 1 次 等待 3 秒
2024-09-11 01:20:03 查询号码 【1423983】，返回信息 {"status":"ok","msg":"-","gid":"597810","time_insert":"2023-03-18 05:23"}
2024-09-11 01:20:03 查询号码 【1423983】，GSD为【"-"】
2024-09-11 01:20:03 ok && -
2024-09-11 01:20:08 CHB 1423983?1725988803 第 1 次 等待 3 秒
2024-09-11 01:20:11 CHB 1423983?1725988803 第 1 次 获取到号码【1423983】GSD
2024-09-11 01:20:11 未获取到号码【1423983】GSD，可能号码格式错误
2024-09-11 01:20:11 获取到号码【1423983】的GSD为【-】
2024-09-11 01:20:19 GSD insert 第 1 次 等待 3 秒
2024-09-11 01:20:22 {"status":"bad","gid":"597810","msg":"添加失败！号码【1423983(-|-)】已存在！"}

