2024-08-24 00:16:49 开始第 825 次操作

2024-08-24 00:16:49 开始操作号码 【1420824】
2024-08-24 00:16:59 GSD getOne 第 1 次 等待 3 秒
2024-08-24 00:17:02 查询号码 【1420824】，返回信息 {"status":"ok","msg":"-","gid":"530715","time_insert":"2023-02-14 14:30"}
2024-08-24 00:17:02 查询号码 【1420824】，GSD为【"-"】
2024-08-24 00:17:02 ok && -
2024-08-24 00:17:05 CHB 1420824?1724429822 第 1 次 等待 3 秒
2024-08-24 00:17:08 CHB 1420824?1724429822 第 1 次 获取到号码【1420824】GSD
2024-08-24 00:17:08 未获取到号码【1420824】GSD，可能号码格式错误
2024-08-24 00:17:08 获取到号码【1420824】的GSD为【-】
2024-08-24 00:17:17 GSD insert 第 1 次 等待 3 秒
2024-08-24 00:17:20 {"status":"bad","gid":"530715","msg":"添加失败！号码【1420824(-|-)】已存在！"}
2024-08-24 00:17:20 随机等待 130 秒，约 2 分钟
2024-08-24 00:17:20 下次操作: 2024-08-24 00:19:30

2024-08-24 00:19:30 开始第 826 次操作

2024-08-24 00:19:30 开始操作号码 【1420825】
2024-08-24 00:19:40 GSD getOne 第 1 次 等待 3 秒
2024-08-24 00:19:43 查询号码 【1420825】，返回信息 {"status":"ok","msg":"-","gid":"530729","time_insert":"2023-02-14 14:44"}
2024-08-24 00:19:43 查询号码 【1420825】，GSD为【"-"】
2024-08-24 00:19:43 ok && -
2024-08-24 00:19:45 CHB 1420825?1724429983 第 1 次 等待 3 秒
2024-08-24 00:19:48 CHB 1420825?1724429983 第 1 次 获取到号码【1420825】GSD
2024-08-24 00:19:48 未获取到号码【1420825】GSD，可能号码格式错误
2024-08-24 00:19:48 获取到号码【1420825】的GSD为【-】
2024-08-24 00:19:56 GSD insert 第 1 次 等待 3 秒
2024-08-24 00:19:59 {"status":"bad","gid":"530729","msg":"添加失败！号码【1420825(-|-)】已存在！"}
2024-08-24 00:19:59 随机等待 161 秒，约 2 分钟
2024-08-24 00:19:59 下次操作: 2024-08-24 00:22:40

2024-08-24 00:22:40 开始第 827 次操作

2024-08-24 00:22:40 开始操作号码 【1420826】
2024-08-24 00:22:49 GSD getOne 第 1 次 等待 3 秒
2024-08-24 00:22:52 查询号码 【1420826】，返回信息 {"status":"ok","msg":"-","gid":"530742","time_insert":"2023-02-14 14:55"}
2024-08-24 00:22:52 查询号码 【1420826】，GSD为【"-"】
2024-08-24 00:22:52 ok && -
2024-08-24 00:22:54 CHB 1420826?1724430172 第 1 次 等待 3 秒
2024-08-24 00:22:57 CHB 1420826?1724430172 第 1 次 获取到号码【1420826】GSD
2024-08-24 00:22:57 未获取到号码【1420826】GSD，可能号码格式错误
2024-08-24 00:22:57 获取到号码【1420826】的GSD为【-】
2024-08-24 00:23:06 GSD insert 第 1 次 等待 3 秒
2024-08-24 00:23:09 {"status":"bad","gid":"530742","msg":"添加失败！号码【1420826(-|-)】已存在！"}
2024-08-24 00:23:09 随机等待 155 秒，约 2 分钟
2024-08-24 00:23:09 下次操作: 2024-08-24 00:25:44

2024-08-24 00:25:44 开始第 828 次操作

2024-08-24 00:25:44 开始操作号码 【1420827】
2024-08-24 00:25:52 GSD getOne 第 1 次 等待 3 秒
2024-08-24 00:25:55 查询号码 【1420827】，返回信息 {"status":"ok","msg":"-","gid":"530756","time_insert":"2023-02-14 15:06"}
2024-08-24 00:25:55 查询号码 【1420827】，GSD为【"-"】
2024-08-24 00:25:55 ok && -
2024-08-24 00:25:57 CHB 1420827?1724430355 第 1 次 等待 3 秒
2024-08-24 00:26:00 CHB 1420827?1724430355 第 1 次 获取到号码【1420827】GSD
2024-08-24 00:26:00 未获取到号码【1420827】GSD，可能号码格式错误
2024-08-24 00:26:00 获取到号码【1420827】的GSD为【-】
2024-08-24 00:26:18 GSD insert 第 1 次 等待 3 秒
2024-08-24 00:26:21 {"status":"bad","gid":"530756","msg":"添加失败！号码【1420827(-|-)】已存在！"}

2024-08-24 00:40:48 开始第 829 次操作

2024-08-24 00:40:48 开始操作号码 【1420828】
2024-08-24 00:40:56 GSD getOne 第 1 次 等待 3 秒
2024-08-24 00:40:59 查询号码 【1420828】，返回信息 {"status":"ok","msg":"-","gid":"530771","time_insert":"2023-02-14 15:21"}
2024-08-24 00:40:59 查询号码 【1420828】，GSD为【"-"】
2024-08-24 00:40:59 ok && -
2024-08-24 00:41:01 CHB 1420828?1724431259 第 1 次 等待 3 秒
2024-08-24 00:41:04 CHB 1420828?1724431259 第 1 次 获取到号码【1420828】GSD
2024-08-24 00:41:04 未获取到号码【1420828】GSD，可能号码格式错误
2024-08-24 00:41:04 获取到号码【1420828】的GSD为【-】
2024-08-24 00:41:12 GSD insert 第 1 次 等待 3 秒
2024-08-24 00:41:15 {"status":"bad","gid":"530771","msg":"添加失败！号码【1420828(-|-)】已存在！"}
2024-08-24 00:41:15 随机等待 87 秒，约 1 分钟
2024-08-24 00:41:15 下次操作: 2024-08-24 00:42:42

2024-08-24 00:42:42 开始第 830 次操作

2024-08-24 00:42:42 开始操作号码 【1420829】
2024-08-24 00:42:51 GSD getOne 第 1 次 等待 3 秒
2024-08-24 00:42:54 查询号码 【1420829】，返回信息 {"status":"ok","msg":"-","gid":"530788","time_insert":"2023-02-14 15:36"}
2024-08-24 00:42:54 查询号码 【1420829】，GSD为【"-"】
2024-08-24 00:42:54 ok && -
2024-08-24 00:42:55 CHB 1420829?1724431374 第 1 次 等待 3 秒
2024-08-24 00:42:58 CHB 1420829?1724431374 第 1 次 获取到号码【1420829】GSD
2024-08-24 00:42:58 未获取到号码【1420829】GSD，可能号码格式错误
2024-08-24 00:42:58 获取到号码【1420829】的GSD为【-】
2024-08-24 00:43:07 GSD insert 第 1 次 等待 3 秒
2024-08-24 00:43:10 {"status":"bad","gid":"530788","msg":"添加失败！号码【1420829(-|-)】已存在！"}
2024-08-24 00:43:10 随机等待 208 秒，约 3 分钟
2024-08-24 00:43:10 下次操作: 2024-08-24 00:46:38

2024-08-24 00:46:38 开始第 831 次操作

2024-08-24 00:46:38 开始操作号码 【1420830】
2024-08-24 00:46:45 GSD getOne 第 1 次 等待 3 秒
2024-08-24 00:46:48 查询号码 【1420830】，返回信息 {"status":"ok","msg":"-","gid":"530798","time_insert":"2023-02-14 15:46"}
2024-08-24 00:46:48 查询号码 【1420830】，GSD为【"-"】
2024-08-24 00:46:48 ok && -
2024-08-24 00:46:50 CHB 1420830?1724431608 第 1 次 等待 3 秒
2024-08-24 00:46:53 CHB 1420830?1724431608 第 1 次 获取到号码【1420830】GSD
2024-08-24 00:46:53 未获取到号码【1420830】GSD，可能号码格式错误
2024-08-24 00:46:53 获取到号码【1420830】的GSD为【-】
2024-08-24 00:47:01 GSD insert 第 1 次 等待 3 秒
2024-08-24 00:47:04 {"status":"bad","gid":"530798","msg":"添加失败！号码【1420830(-|-)】已存在！"}
2024-08-24 00:47:04 随机等待 159 秒，约 2 分钟
2024-08-24 00:47:04 下次操作: 2024-08-24 00:49:43

2024-08-24 00:49:43 开始第 832 次操作

2024-08-24 00:49:43 开始操作号码 【1420831】
2024-08-24 00:49:51 GSD getOne 第 1 次 等待 3 秒
2024-08-24 00:49:54 查询号码 【1420831】，返回信息 {"status":"ok","msg":"-","gid":"530818","time_insert":"2023-02-14 16:00"}
2024-08-24 00:49:54 查询号码 【1420831】，GSD为【"-"】
2024-08-24 00:49:54 ok && -
2024-08-24 00:49:57 CHB 1420831?1724431794 第 1 次 等待 3 秒
2024-08-24 00:50:00 CHB 1420831?1724431794 第 1 次 获取到号码【1420831】GSD
2024-08-24 00:50:00 未获取到号码【1420831】GSD，可能号码格式错误
2024-08-24 00:50:00 获取到号码【1420831】的GSD为【-】
2024-08-24 00:50:10 GSD insert 第 1 次 等待 3 秒
2024-08-24 00:50:13 {"status":"bad","gid":"530818","msg":"添加失败！号码【1420831(-|-)】已存在！"}

2024-08-24 01:11:39 开始第 833 次操作

2024-08-24 01:11:39 开始操作号码 【1420832】
2024-08-24 01:11:56 GSD getOne 第 1 次 等待 3 秒
2024-08-24 01:11:59 查询号码 【1420832】，返回信息 {"status":"ok","msg":"-","gid":"530831","time_insert":"2023-02-14 16:11"}
2024-08-24 01:12:00 查询号码 【1420832】，GSD为【"-"】
2024-08-24 01:12:00 ok && -
2024-08-24 01:12:02 CHB 1420832?1724433120 第 1 次 等待 3 秒
2024-08-24 01:12:05 CHB 1420832?1724433120 第 1 次 获取到号码【1420832】GSD
2024-08-24 01:12:05 未获取到号码【1420832】GSD，可能号码格式错误
2024-08-24 01:12:05 获取到号码【1420832】的GSD为【-】
2024-08-24 01:12:14 GSD insert 第 1 次 等待 3 秒
2024-08-24 01:12:17 {"status":"bad","gid":"530831","msg":"添加失败！号码【1420832(-|-)】已存在！"}
2024-08-24 01:12:17 随机等待 171 秒，约 2 分钟
2024-08-24 01:12:17 下次操作: 2024-08-24 01:15:08

2024-08-24 01:15:08 开始第 834 次操作

2024-08-24 01:15:08 开始操作号码 【1420833】
2024-08-24 01:15:16 GSD getOne 第 1 次 等待 3 秒
2024-08-24 01:15:19 查询号码 【1420833】，返回信息 {"status":"ok","msg":"-","gid":"530846","time_insert":"2023-02-14 16:24"}
2024-08-24 01:15:19 查询号码 【1420833】，GSD为【"-"】
2024-08-24 01:15:19 ok && -
2024-08-24 01:15:22 CHB 1420833?1724433319 第 1 次 等待 3 秒
2024-08-24 01:15:25 CHB 1420833?1724433319 第 1 次 获取到号码【1420833】GSD
2024-08-24 01:15:25 未获取到号码【1420833】GSD，可能号码格式错误
2024-08-24 01:15:25 获取到号码【1420833】的GSD为【-】
2024-08-24 01:15:36 GSD insert 第 1 次 等待 3 秒
2024-08-24 01:15:39 {"status":"bad","gid":"530846","msg":"添加失败！号码【1420833(-|-)】已存在！"}
2024-08-24 01:15:39 随机等待 192 秒，约 3 分钟
2024-08-24 01:15:39 下次操作: 2024-08-24 01:18:51

2024-08-24 01:18:51 开始第 835 次操作

2024-08-24 01:18:51 开始操作号码 【1420834】
2024-08-24 01:19:00 GSD getOne 第 1 次 等待 3 秒
2024-08-24 01:19:03 查询号码 【1420834】，返回信息 {"status":"ok","msg":"-","gid":"530859","time_insert":"2023-02-14 16:38"}
2024-08-24 01:19:03 查询号码 【1420834】，GSD为【"-"】
2024-08-24 01:19:03 ok && -
2024-08-24 01:19:05 CHB 1420834?1724433543 第 1 次 等待 3 秒
2024-08-24 01:19:08 CHB 1420834?1724433543 第 1 次 获取到号码【1420834】GSD
2024-08-24 01:19:08 未获取到号码【1420834】GSD，可能号码格式错误
2024-08-24 01:19:08 获取到号码【1420834】的GSD为【-】
2024-08-24 01:19:16 GSD insert 第 1 次 等待 3 秒
2024-08-24 01:19:19 {"status":"bad","gid":"530859","msg":"添加失败！号码【1420834(-|-)】已存在！"}
2024-08-24 01:19:19 随机等待 204 秒，约 3 分钟
2024-08-24 01:19:19 下次操作: 2024-08-24 01:22:43

2024-08-24 01:22:43 开始第 836 次操作

2024-08-24 01:22:43 开始操作号码 【1420835】
2024-08-24 01:22:51 GSD getOne 第 1 次 等待 3 秒
2024-08-24 01:22:54 查询号码 【1420835】，返回信息 {"status":"ok","msg":"-","gid":"530876","time_insert":"2023-02-14 16:51"}
2024-08-24 01:22:54 查询号码 【1420835】，GSD为【"-"】
2024-08-24 01:22:54 ok && -
2024-08-24 01:22:57 CHB 1420835?1724433774 第 1 次 等待 3 秒
2024-08-24 01:23:00 CHB 1420835?1724433774 第 1 次 获取到号码【1420835】GSD
2024-08-24 01:23:00 未获取到号码【1420835】GSD，可能号码格式错误
2024-08-24 01:23:00 获取到号码【1420835】的GSD为【-】
2024-08-24 01:23:08 GSD insert 第 1 次 等待 3 秒
2024-08-24 01:23:11 {"status":"bad","gid":"530876","msg":"添加失败！号码【1420835(-|-)】已存在！"}

2024-08-24 01:36:04 开始第 837 次操作

2024-08-24 01:36:04 开始操作号码 【1420836】
2024-08-24 01:36:12 GSD getOne 第 1 次 等待 3 秒
2024-08-24 01:36:15 查询号码 【1420836】，返回信息 {"status":"ok","msg":"-","gid":"530892","time_insert":"2023-02-14 17:05"}
2024-08-24 01:36:15 查询号码 【1420836】，GSD为【"-"】
2024-08-24 01:36:15 ok && -
2024-08-24 01:36:16 CHB 1420836?1724434575 第 1 次 等待 3 秒
2024-08-24 01:36:20 CHB 1420836?1724434575 第 1 次 获取到号码【1420836】GSD
2024-08-24 01:36:20 未获取到号码【1420836】GSD，可能号码格式错误
2024-08-24 01:36:20 获取到号码【1420836】的GSD为【-】
2024-08-24 01:36:27 GSD insert 第 1 次 等待 3 秒
2024-08-24 01:36:30 {"status":"bad","gid":"530892","msg":"添加失败！号码【1420836(-|-)】已存在！"}
2024-08-24 01:36:30 随机等待 175 秒，约 2 分钟
2024-08-24 01:36:30 下次操作: 2024-08-24 01:39:25

2024-08-24 01:39:25 开始第 838 次操作

2024-08-24 01:39:25 开始操作号码 【1420837】
2024-08-24 01:39:36 GSD getOne 第 1 次 等待 3 秒
2024-08-24 01:39:39 查询号码 【1420837】，返回信息 {"status":"ok","msg":"-","gid":"530911","time_insert":"2023-02-14 17:18"}
2024-08-24 01:39:39 查询号码 【1420837】，GSD为【"-"】
2024-08-24 01:39:39 ok && -
2024-08-24 01:39:41 CHB 1420837?1724434779 第 1 次 等待 3 秒
2024-08-24 01:39:44 CHB 1420837?1724434779 第 1 次 获取到号码【1420837】GSD
2024-08-24 01:39:44 未获取到号码【1420837】GSD，可能号码格式错误
2024-08-24 01:39:44 获取到号码【1420837】的GSD为【-】
2024-08-24 01:39:52 GSD insert 第 1 次 等待 3 秒
2024-08-24 01:39:55 {"status":"bad","gid":"530911","msg":"添加失败！号码【1420837(-|-)】已存在！"}
2024-08-24 01:39:55 随机等待 182 秒，约 3 分钟
2024-08-24 01:39:55 下次操作: 2024-08-24 01:42:57

2024-08-24 01:42:57 开始第 839 次操作

2024-08-24 01:42:57 开始操作号码 【1420838】
2024-08-24 01:43:05 GSD getOne 第 1 次 等待 3 秒
2024-08-24 01:43:08 查询号码 【1420838】，返回信息 {"status":"ok","msg":"-","gid":"530928","time_insert":"2023-02-14 17:31"}
2024-08-24 01:43:08 查询号码 【1420838】，GSD为【"-"】
2024-08-24 01:43:08 ok && -
2024-08-24 01:43:09 CHB 1420838?1724434988 第 1 次 等待 3 秒
2024-08-24 01:43:12 CHB 1420838?1724434988 第 1 次 获取到号码【1420838】GSD
2024-08-24 01:43:12 未获取到号码【1420838】GSD，可能号码格式错误
2024-08-24 01:43:12 获取到号码【1420838】的GSD为【-】
2024-08-24 01:43:20 GSD insert 第 1 次 等待 3 秒
2024-08-24 01:43:23 {"status":"bad","gid":"530928","msg":"添加失败！号码【1420838(-|-)】已存在！"}
2024-08-24 01:43:23 随机等待 155 秒，约 2 分钟
2024-08-24 01:43:23 下次操作: 2024-08-24 01:45:58

2024-08-24 01:45:58 开始第 840 次操作

2024-08-24 01:45:58 开始操作号码 【1420839】
2024-08-24 01:46:05 GSD getOne 第 1 次 等待 3 秒
2024-08-24 01:46:08 查询号码 【1420839】，返回信息 {"status":"ok","msg":"-","gid":"530943","time_insert":"2023-02-14 17:43"}
2024-08-24 01:46:08 查询号码 【1420839】，GSD为【"-"】
2024-08-24 01:46:08 ok && -
2024-08-24 01:46:10 CHB 1420839?1724435168 第 1 次 等待 3 秒
2024-08-24 01:46:13 CHB 1420839?1724435168 第 1 次 获取到号码【1420839】GSD
2024-08-24 01:46:13 未获取到号码【1420839】GSD，可能号码格式错误
2024-08-24 01:46:13 获取到号码【1420839】的GSD为【-】
2024-08-24 01:46:21 GSD insert 第 1 次 等待 3 秒
2024-08-24 01:46:24 {"status":"bad","gid":"530943","msg":"添加失败！号码【1420839(-|-)】已存在！"}

2024-08-24 02:17:17 开始第 841 次操作

2024-08-24 02:17:17 开始操作号码 【1420840】
2024-08-24 02:17:25 GSD getOne 第 1 次 等待 3 秒
2024-08-24 02:17:28 查询号码 【1420840】，返回信息 {"status":"ok","msg":"-","gid":"530956","time_insert":"2023-02-14 17:56"}
2024-08-24 02:17:28 查询号码 【1420840】，GSD为【"-"】
2024-08-24 02:17:28 ok && -
2024-08-24 02:17:33 CHB 1420840?1724437048 第 1 次 等待 3 秒
2024-08-24 02:17:36 CHB 1420840?1724437048 第 1 次 获取到号码【1420840】GSD
2024-08-24 02:17:36 未获取到号码【1420840】GSD，可能号码格式错误
2024-08-24 02:17:36 获取到号码【1420840】的GSD为【-】
2024-08-24 02:17:45 GSD insert 第 1 次 等待 3 秒
2024-08-24 02:17:48 {"status":"bad","gid":"530956","msg":"添加失败！号码【1420840(-|-)】已存在！"}
2024-08-24 02:17:48 随机等待 138 秒，约 2 分钟
2024-08-24 02:17:48 下次操作: 2024-08-24 02:20:06

2024-08-24 02:20:06 开始第 842 次操作

2024-08-24 02:20:06 开始操作号码 【1420841】
2024-08-24 02:20:14 GSD getOne 第 1 次 等待 3 秒
2024-08-24 02:20:17 查询号码 【1420841】，返回信息 {"status":"ok","msg":"-","gid":"530975","time_insert":"2023-02-14 18:10"}
2024-08-24 02:20:17 查询号码 【1420841】，GSD为【"-"】
2024-08-24 02:20:17 ok && -
2024-08-24 02:20:19 CHB 1420841?1724437217 第 1 次 等待 3 秒
2024-08-24 02:20:22 CHB 1420841?1724437217 第 1 次 获取到号码【1420841】GSD
2024-08-24 02:20:22 未获取到号码【1420841】GSD，可能号码格式错误
2024-08-24 02:20:22 获取到号码【1420841】的GSD为【-】
2024-08-24 02:20:29 GSD insert 第 1 次 等待 3 秒
2024-08-24 02:20:32 {"status":"bad","gid":"530975","msg":"添加失败！号码【1420841(-|-)】已存在！"}
2024-08-24 02:20:32 随机等待 135 秒，约 2 分钟
2024-08-24 02:20:32 下次操作: 2024-08-24 02:22:47

2024-08-24 02:22:47 开始第 843 次操作

2024-08-24 02:22:47 开始操作号码 【1420842】
2024-08-24 02:22:55 GSD getOne 第 1 次 等待 3 秒
2024-08-24 02:22:58 查询号码 【1420842】，返回信息 {"status":"ok","msg":"-","gid":"530990","time_insert":"2023-02-14 18:23"}
2024-08-24 02:22:58 查询号码 【1420842】，GSD为【"-"】
2024-08-24 02:22:58 ok && -
2024-08-24 02:23:01 CHB 1420842?1724437378 第 1 次 等待 3 秒
2024-08-24 02:23:04 CHB 1420842?1724437378 第 1 次 获取到号码【1420842】GSD
2024-08-24 02:23:04 未获取到号码【1420842】GSD，可能号码格式错误
2024-08-24 02:23:04 获取到号码【1420842】的GSD为【-】
2024-08-24 02:23:12 GSD insert 第 1 次 等待 3 秒
2024-08-24 02:23:15 {"status":"bad","gid":"530990","msg":"添加失败！号码【1420842(-|-)】已存在！"}
2024-08-24 02:23:15 随机等待 223 秒，约 3 分钟
2024-08-24 02:23:15 下次操作: 2024-08-24 02:26:58

2024-08-24 02:26:58 开始第 844 次操作

2024-08-24 02:26:58 开始操作号码 【1420843】
2024-08-24 02:27:05 GSD getOne 第 1 次 等待 3 秒
2024-08-24 02:27:08 查询号码 【1420843】，返回信息 {"status":"ok","msg":"-","gid":"531006","time_insert":"2023-02-14 18:36"}
2024-08-24 02:27:09 查询号码 【1420843】，GSD为【"-"】
2024-08-24 02:27:09 ok && -
2024-08-24 02:27:10 CHB 1420843?1724437629 第 1 次 等待 3 秒
2024-08-24 02:27:13 CHB 1420843?1724437629 第 1 次 获取到号码【1420843】GSD
2024-08-24 02:27:13 未获取到号码【1420843】GSD，可能号码格式错误
2024-08-24 02:27:13 获取到号码【1420843】的GSD为【-】
2024-08-24 02:27:21 GSD insert 第 1 次 等待 3 秒
2024-08-24 02:27:24 {"status":"bad","gid":"531006","msg":"添加失败！号码【1420843(-|-)】已存在！"}

2024-08-24 02:39:15 开始第 845 次操作

2024-08-24 02:39:15 开始操作号码 【1420844】
2024-08-24 02:39:23 GSD getOne 第 1 次 等待 3 秒
2024-08-24 02:39:26 查询号码 【1420844】，返回信息 {"status":"ok","msg":"-","gid":"531022","time_insert":"2023-02-14 18:48"}
2024-08-24 02:39:26 查询号码 【1420844】，GSD为【"-"】
2024-08-24 02:39:26 ok && -
2024-08-24 02:39:28 CHB 1420844?1724438366 第 1 次 等待 3 秒
2024-08-24 02:39:31 CHB 1420844?1724438366 第 1 次 获取到号码【1420844】GSD
2024-08-24 02:39:31 未获取到号码【1420844】GSD，可能号码格式错误
2024-08-24 02:39:31 获取到号码【1420844】的GSD为【-】
2024-08-24 02:39:39 GSD insert 第 1 次 等待 3 秒
2024-08-24 02:39:42 {"status":"bad","gid":"531022","msg":"添加失败！号码【1420844(-|-)】已存在！"}
2024-08-24 02:39:42 随机等待 180 秒，约 3 分钟
2024-08-24 02:39:42 下次操作: 2024-08-24 02:42:42

2024-08-24 02:42:42 开始第 846 次操作

2024-08-24 02:42:42 开始操作号码 【1420845】
2024-08-24 02:42:50 GSD getOne 第 1 次 等待 3 秒
2024-08-24 02:42:53 查询号码 【1420845】，返回信息 {"status":"ok","msg":"-","gid":"531036","time_insert":"2023-02-14 19:00"}
2024-08-24 02:42:53 查询号码 【1420845】，GSD为【"-"】
2024-08-24 02:42:53 ok && -
2024-08-24 02:42:55 CHB 1420845?1724438573 第 1 次 等待 3 秒
2024-08-24 02:42:58 CHB 1420845?1724438573 第 1 次 获取到号码【1420845】GSD
2024-08-24 02:42:58 未获取到号码【1420845】GSD，可能号码格式错误
2024-08-24 02:42:58 获取到号码【1420845】的GSD为【-】
2024-08-24 02:43:06 GSD insert 第 1 次 等待 3 秒
2024-08-24 02:43:09 {"status":"bad","gid":"531036","msg":"添加失败！号码【1420845(-|-)】已存在！"}
2024-08-24 02:43:09 随机等待 140 秒，约 2 分钟
2024-08-24 02:43:09 下次操作: 2024-08-24 02:45:29

2024-08-24 02:45:29 开始第 847 次操作

2024-08-24 02:45:29 开始操作号码 【1420846】
2024-08-24 02:45:37 GSD getOne 第 1 次 等待 3 秒
2024-08-24 02:45:40 查询号码 【1420846】，返回信息 {"status":"ok","msg":"-","gid":"531051","time_insert":"2023-02-14 19:12"}
2024-08-24 02:45:40 查询号码 【1420846】，GSD为【"-"】
2024-08-24 02:45:40 ok && -
2024-08-24 02:45:42 CHB 1420846?1724438740 第 1 次 等待 3 秒
2024-08-24 02:45:45 CHB 1420846?1724438740 第 1 次 获取到号码【1420846】GSD
2024-08-24 02:45:45 未获取到号码【1420846】GSD，可能号码格式错误
2024-08-24 02:45:45 获取到号码【1420846】的GSD为【-】
2024-08-24 02:45:53 GSD insert 第 1 次 等待 3 秒
2024-08-24 02:45:56 {"status":"bad","gid":"531051","msg":"添加失败！号码【1420846(-|-)】已存在！"}
2024-08-24 02:45:56 随机等待 231 秒，约 3 分钟
2024-08-24 02:45:56 下次操作: 2024-08-24 02:49:47

2024-08-24 02:49:47 开始第 848 次操作

2024-08-24 02:49:47 开始操作号码 【1420847】
2024-08-24 02:49:55 GSD getOne 第 1 次 等待 3 秒
2024-08-24 02:49:58 查询号码 【1420847】，返回信息 {"status":"ok","msg":"-","gid":"531068","time_insert":"2023-02-14 19:25"}
2024-08-24 02:49:58 查询号码 【1420847】，GSD为【"-"】
2024-08-24 02:49:58 ok && -
2024-08-24 02:50:00 CHB 1420847?1724438998 第 1 次 等待 3 秒
2024-08-24 02:50:03 CHB 1420847?1724438998 第 1 次 获取到号码【1420847】GSD
2024-08-24 02:50:03 未获取到号码【1420847】GSD，可能号码格式错误
2024-08-24 02:50:03 获取到号码【1420847】的GSD为【-】
2024-08-24 02:50:11 GSD insert 第 1 次 等待 3 秒
2024-08-24 02:50:14 {"status":"bad","gid":"531068","msg":"添加失败！号码【1420847(-|-)】已存在！"}

