2024-05-04 00:14:09 开始第 7185 次操作

2024-05-04 00:14:09 开始操作号码 【1647079】
2024-05-04 00:14:14 GSD getOne 第 1 次 等待 3 秒
2024-05-04 00:14:17 查询号码 【1647079】，返回信息 {"status":"ok","msg":"-","gid":"673224","time_insert":"2023-04-23 17:35"}
2024-05-04 00:14:17 查询号码 【1647079】，GSD为【"-"】
2024-05-04 00:14:17 ok && -
2024-05-04 00:14:20 CHB 1647079?1714752857 第 1 次 等待 3 秒
2024-05-04 00:14:23 CHB 1647079?1714752857 第 1 次 获取到号码【1647079】GSD
2024-05-04 00:14:23 未获取到号码【1647079】GSD，可能号码格式错误
2024-05-04 00:14:23 获取到号码【1647079】的GSD为【-】
2024-05-04 00:14:28 GSD insert 第 1 次 等待 3 秒
2024-05-04 00:14:31 {"status":"bad","gid":"673224","msg":"添加失败！号码【1647079(-|-)】已存在！"}
2024-05-04 00:14:31 随机等待 67 秒，约 1 分钟
2024-05-04 00:14:31 下次操作: 2024-05-04 00:15:38

2024-05-04 00:15:38 开始第 7186 次操作

2024-05-04 00:15:38 开始操作号码 【1647080】
2024-05-04 00:15:48 GSD getOne 第 1 次 等待 3 秒
2024-05-04 00:15:51 查询号码 【1647080】，返回信息 {"status":"ok","msg":"-","gid":"673220","time_insert":"2023-04-23 17:33"}
2024-05-04 00:15:51 查询号码 【1647080】，GSD为【"-"】
2024-05-04 00:15:51 ok && -
2024-05-04 00:15:53 CHB 1647080?1714752951 第 1 次 等待 3 秒
2024-05-04 00:15:56 CHB 1647080?1714752951 第 1 次 获取到号码【1647080】GSD
2024-05-04 00:15:56 未获取到号码【1647080】GSD，可能号码格式错误
2024-05-04 00:15:56 获取到号码【1647080】的GSD为【-】
2024-05-04 00:16:02 GSD insert 第 1 次 等待 3 秒
2024-05-04 00:16:05 {"status":"bad","gid":"673220","msg":"添加失败！号码【1647080(-|-)】已存在！"}
2024-05-04 00:16:05 随机等待 189 秒，约 3 分钟
2024-05-04 00:16:05 下次操作: 2024-05-04 00:19:14

2024-05-04 00:19:14 开始第 7187 次操作

2024-05-04 00:19:14 开始操作号码 【1647081】
2024-05-04 00:19:22 GSD getOne 第 1 次 等待 3 秒
2024-05-04 00:19:25 查询号码 【1647081】，返回信息 {"status":"ok","msg":"-","gid":"673205","time_insert":"2023-04-23 17:24"}
2024-05-04 00:19:25 查询号码 【1647081】，GSD为【"-"】
2024-05-04 00:19:25 ok && -
2024-05-04 00:19:28 CHB 1647081?1714753165 第 1 次 等待 3 秒
2024-05-04 00:19:31 CHB 1647081?1714753165 第 1 次 获取到号码【1647081】GSD
2024-05-04 00:19:31 未获取到号码【1647081】GSD，可能号码格式错误
2024-05-04 00:19:31 获取到号码【1647081】的GSD为【-】
2024-05-04 00:19:36 GSD insert 第 1 次 等待 3 秒
2024-05-04 00:19:39 {"status":"bad","gid":"673205","msg":"添加失败！号码【1647081(-|-)】已存在！"}
2024-05-04 00:19:39 随机等待 97 秒，约 1 分钟
2024-05-04 00:19:39 下次操作: 2024-05-04 00:21:16

2024-05-04 00:21:16 开始第 7188 次操作

2024-05-04 00:21:16 开始操作号码 【1647082】
2024-05-04 00:21:22 GSD getOne 第 1 次 等待 3 秒
2024-05-04 00:21:25 查询号码 【1647082】，返回信息 {"status":"ok","msg":"-","gid":"673202","time_insert":"2023-04-23 17:22"}
2024-05-04 00:21:25 查询号码 【1647082】，GSD为【"-"】
2024-05-04 00:21:25 ok && -
2024-05-04 00:21:28 CHB 1647082?1714753285 第 1 次 等待 3 秒
2024-05-04 00:21:31 CHB 1647082?1714753285 第 1 次 获取到号码【1647082】GSD
2024-05-04 00:21:31 未获取到号码【1647082】GSD，可能号码格式错误
2024-05-04 00:21:31 获取到号码【1647082】的GSD为【-】
2024-05-04 00:21:38 GSD insert 第 1 次 等待 3 秒
2024-05-04 00:21:41 {"status":"bad","gid":"673202","msg":"添加失败！号码【1647082(-|-)】已存在！"}

