2024-12-04 00:28:36 开始第 7889 次操作

2024-12-04 00:28:36 开始操作号码 【1327888】
2024-12-04 00:28:37 GSD getOne 第 1 次 等待 3 秒
2024-12-04 00:28:40 查询号码 【1327888】，返回信息 {"status":"ok","msg":"湖南-长沙","gid":"220776","time_insert":"2021-07-08 07:39"}
2024-12-04 00:28:40 查询号码 【1327888】，GSD为【"湖南-长沙"】

2024-12-04 00:28:41 开始第 7890 次操作

2024-12-04 00:28:41 开始操作号码 【1327889】
2024-12-04 00:28:42 GSD getOne 第 1 次 等待 3 秒
2024-12-04 00:28:45 查询号码 【1327889】，返回信息 {"status":"ok","msg":"湖南-长沙","gid":"220769","time_insert":"2021-07-08 07:39"}
2024-12-04 00:28:45 查询号码 【1327889】，GSD为【"湖南-长沙"】

2024-12-04 00:28:46 开始第 7891 次操作

2024-12-04 00:28:46 开始操作号码 【1327890】
2024-12-04 00:28:47 GSD getOne 第 1 次 等待 3 秒
2024-12-04 00:28:50 查询号码 【1327890】，返回信息 {"status":"ok","msg":"海南-海口","gid":"220765","time_insert":"2021-07-08 07:38"}
2024-12-04 00:28:50 查询号码 【1327890】，GSD为【"海南-海口"】

2024-12-04 00:28:51 开始第 7892 次操作

2024-12-04 00:28:51 开始操作号码 【1327891】
2024-12-04 00:28:52 GSD getOne 第 1 次 等待 3 秒
2024-12-04 00:28:55 查询号码 【1327891】，返回信息 {"status":"ok","msg":"海南-海口","gid":"220759","time_insert":"2021-07-08 07:38"}
2024-12-04 00:28:55 查询号码 【1327891】，GSD为【"海南-海口"】

2024-12-04 00:51:23 开始第 7893 次操作

2024-12-04 00:51:23 开始操作号码 【1327892】
2024-12-04 00:51:24 GSD getOne 第 1 次 等待 3 秒
2024-12-04 00:51:27 查询号码 【1327892】，返回信息 {"status":"ok","msg":"海南-海口","gid":"220755","time_insert":"2021-07-08 07:37"}
2024-12-04 00:51:27 查询号码 【1327892】，GSD为【"海南-海口"】

2024-12-04 00:51:28 开始第 7894 次操作

2024-12-04 00:51:28 开始操作号码 【1327893】
2024-12-04 00:51:29 GSD getOne 第 1 次 等待 3 秒
2024-12-04 00:51:32 查询号码 【1327893】，返回信息 {"status":"ok","msg":"海南-海口","gid":"220752","time_insert":"2021-07-08 07:37"}
2024-12-04 00:51:32 查询号码 【1327893】，GSD为【"海南-海口"】

2024-12-04 00:51:33 开始第 7895 次操作

2024-12-04 00:51:33 开始操作号码 【1327894】
2024-12-04 00:51:34 GSD getOne 第 1 次 等待 3 秒
2024-12-04 00:51:37 查询号码 【1327894】，返回信息 {"status":"ok","msg":"海南-海口","gid":"220750","time_insert":"2021-07-08 07:36"}
2024-12-04 00:51:37 查询号码 【1327894】，GSD为【"海南-海口"】

2024-12-04 00:51:38 开始第 7896 次操作

2024-12-04 00:51:38 开始操作号码 【1327895】
2024-12-04 00:51:38 GSD getOne 第 1 次 等待 3 秒
2024-12-04 00:51:41 查询号码 【1327895】，返回信息 {"status":"ok","msg":"海南-海口","gid":"220747","time_insert":"2021-07-08 07:36"}
2024-12-04 00:51:41 查询号码 【1327895】，GSD为【"海南-海口"】

2024-12-04 01:22:14 开始第 7897 次操作

2024-12-04 01:22:14 开始操作号码 【1327896】
2024-12-04 01:22:16 GSD getOne 第 1 次 等待 3 秒
2024-12-04 01:22:19 查询号码 【1327896】，返回信息 {"status":"ok","msg":"海南-海口","gid":"220745","time_insert":"2021-07-08 07:36"}
2024-12-04 01:22:19 查询号码 【1327896】，GSD为【"海南-海口"】

2024-12-04 01:22:20 开始第 7898 次操作

2024-12-04 01:22:20 开始操作号码 【1327897】
2024-12-04 01:22:21 GSD getOne 第 1 次 等待 3 秒
2024-12-04 01:22:24 查询号码 【1327897】，返回信息 {"status":"ok","msg":"海南-海口","gid":"220741","time_insert":"2021-07-08 07:35"}
2024-12-04 01:22:24 查询号码 【1327897】，GSD为【"海南-海口"】

2024-12-04 01:22:25 开始第 7899 次操作

2024-12-04 01:22:25 开始操作号码 【1327898】
2024-12-04 01:22:26 GSD getOne 第 1 次 等待 3 秒
2024-12-04 01:22:29 查询号码 【1327898】，返回信息 {"status":"ok","msg":"海南-海口","gid":"220739","time_insert":"2021-07-08 07:35"}
2024-12-04 01:22:29 查询号码 【1327898】，GSD为【"海南-海口"】

2024-12-04 01:22:30 开始第 7900 次操作

2024-12-04 01:22:30 开始操作号码 【1327899】
2024-12-04 01:22:31 GSD getOne 第 1 次 等待 3 秒
2024-12-04 01:22:34 查询号码 【1327899】，返回信息 {"status":"ok","msg":"海南-海口","gid":"220737","time_insert":"2021-07-08 07:34"}
2024-12-04 01:22:34 查询号码 【1327899】，GSD为【"海南-海口"】

