2024-06-19 00:15:17 开始第 1493 次操作

2024-06-19 00:15:17 开始操作号码 【1531376】
2024-06-19 00:15:27 GSD getOne 第 1 次 等待 3 秒
2024-06-19 00:15:30 查询号码 【1531376】，返回信息 {"status":"ok","msg":"北京-北京","gid":"110190","time_insert":"2021-06-21 09:18"}
2024-06-19 00:15:30 查询号码 【1531376】，GSD为【"北京-北京"】

2024-06-19 00:15:31 开始第 1494 次操作

2024-06-19 00:15:31 开始操作号码 【1531377】
2024-06-19 00:15:37 GSD getOne 第 1 次 等待 3 秒
2024-06-19 00:15:40 查询号码 【1531377】，返回信息 {"status":"ok","msg":"北京-北京","gid":"110212","time_insert":"2021-06-21 09:35"}
2024-06-19 00:15:40 查询号码 【1531377】，GSD为【"北京-北京"】

2024-06-19 00:15:41 开始第 1495 次操作

2024-06-19 00:15:41 开始操作号码 【1531378】
2024-06-19 00:15:52 GSD getOne 第 1 次 等待 3 秒
2024-06-19 00:15:55 查询号码 【1531378】，返回信息 {"status":"ok","msg":"北京-北京","gid":"110237","time_insert":"2021-06-21 09:52"}
2024-06-19 00:15:56 查询号码 【1531378】，GSD为【"北京-北京"】

2024-06-19 00:15:57 开始第 1496 次操作

2024-06-19 00:15:57 开始操作号码 【1531379】
2024-06-19 00:16:06 GSD getOne 第 1 次 等待 3 秒
2024-06-19 00:16:09 查询号码 【1531379】，返回信息 {"status":"ok","msg":"北京-北京","gid":"110260","time_insert":"2021-06-21 10:10"}
2024-06-19 00:16:09 查询号码 【1531379】，GSD为【"北京-北京"】

2024-06-19 00:38:56 开始第 1497 次操作

2024-06-19 00:38:56 开始操作号码 【1531380】
2024-06-19 00:39:08 GSD getOne 第 1 次 等待 3 秒
2024-06-19 00:39:11 查询号码 【1531380】，返回信息 {"status":"ok","msg":"北京-北京","gid":"110286","time_insert":"2021-06-21 10:30"}
2024-06-19 00:39:11 查询号码 【1531380】，GSD为【"北京-北京"】

2024-06-19 00:39:12 开始第 1498 次操作

2024-06-19 00:39:12 开始操作号码 【1531381】
2024-06-19 00:39:17 GSD getOne 第 1 次 等待 3 秒
2024-06-19 00:39:20 查询号码 【1531381】，返回信息 {"status":"ok","msg":"北京-北京","gid":"110308","time_insert":"2021-06-21 10:47"}
2024-06-19 00:39:21 查询号码 【1531381】，GSD为【"北京-北京"】

2024-06-19 00:39:22 开始第 1499 次操作

2024-06-19 00:39:22 开始操作号码 【1531382】
2024-06-19 00:39:30 GSD getOne 第 1 次 等待 3 秒
2024-06-19 00:39:33 查询号码 【1531382】，返回信息 {"status":"ok","msg":"北京-北京","gid":"110332","time_insert":"2021-06-21 11:04"}
2024-06-19 00:39:33 查询号码 【1531382】，GSD为【"北京-北京"】

2024-06-19 00:39:34 开始第 1500 次操作

2024-06-19 00:39:34 开始操作号码 【1531383】
2024-06-19 00:39:39 GSD getOne 第 1 次 等待 3 秒
2024-06-19 00:39:42 查询号码 【1531383】，返回信息 {"status":"ok","msg":"北京-北京","gid":"110359","time_insert":"2021-06-21 11:23"}
2024-06-19 00:39:42 查询号码 【1531383】，GSD为【"北京-北京"】

2024-06-19 01:11:43 开始第 1501 次操作

2024-06-19 01:11:43 开始操作号码 【1531384】
2024-06-19 01:12:01 GSD getOne 第 1 次 等待 3 秒
2024-06-19 01:12:04 查询号码 【1531384】，返回信息 {"status":"ok","msg":"北京-北京","gid":"110388","time_insert":"2021-06-21 11:42"}
2024-06-19 01:12:04 查询号码 【1531384】，GSD为【"北京-北京"】

2024-06-19 01:12:05 开始第 1502 次操作

2024-06-19 01:12:05 开始操作号码 【1531385】
2024-06-19 01:12:13 GSD getOne 第 1 次 等待 3 秒
2024-06-19 01:12:16 查询号码 【1531385】，返回信息 {"status":"ok","msg":"北京-北京","gid":"110409","time_insert":"2021-06-21 11:59"}
2024-06-19 01:12:16 查询号码 【1531385】，GSD为【"北京-北京"】

2024-06-19 01:12:17 开始第 1503 次操作

2024-06-19 01:12:17 开始操作号码 【1531386】
2024-06-19 01:12:23 GSD getOne 第 1 次 等待 3 秒
2024-06-19 01:12:26 查询号码 【1531386】，返回信息 {"status":"ok","msg":"北京-北京","gid":"110431","time_insert":"2021-06-21 12:16"}
2024-06-19 01:12:26 查询号码 【1531386】，GSD为【"北京-北京"】

2024-06-19 01:12:27 开始第 1504 次操作

2024-06-19 01:12:27 开始操作号码 【1531387】
2024-06-19 01:12:32 GSD getOne 第 1 次 等待 3 秒
2024-06-19 01:12:35 查询号码 【1531387】，返回信息 {"status":"ok","msg":"北京-北京","gid":"110457","time_insert":"2021-06-21 12:36"}
2024-06-19 01:12:35 查询号码 【1531387】，GSD为【"北京-北京"】

2024-06-19 01:35:29 开始第 1505 次操作

2024-06-19 01:35:29 开始操作号码 【1531388】
2024-06-19 01:35:39 GSD getOne 第 1 次 等待 3 秒
2024-06-19 01:35:42 查询号码 【1531388】，返回信息 {"status":"ok","msg":"北京-北京","gid":"110483","time_insert":"2021-06-21 12:51"}
2024-06-19 01:35:42 查询号码 【1531388】，GSD为【"北京-北京"】

2024-06-19 01:35:43 开始第 1506 次操作

2024-06-19 01:35:43 开始操作号码 【1531389】
2024-06-19 01:35:48 GSD getOne 第 1 次 等待 3 秒
2024-06-19 01:35:51 查询号码 【1531389】，返回信息 {"status":"ok","msg":"北京-北京","gid":"110513","time_insert":"2021-06-21 13:10"}
2024-06-19 01:35:51 查询号码 【1531389】，GSD为【"北京-北京"】

2024-06-19 01:35:52 开始第 1507 次操作

2024-06-19 01:35:53 开始操作号码 【1531390】
2024-06-19 01:35:59 GSD getOne 第 1 次 等待 3 秒
2024-06-19 01:36:02 查询号码 【1531390】，返回信息 {"status":"ok","msg":"北京-北京","gid":"110533","time_insert":"2021-06-21 13:27"}
2024-06-19 01:36:02 查询号码 【1531390】，GSD为【"北京-北京"】

2024-06-19 01:36:03 开始第 1508 次操作

2024-06-19 01:36:03 开始操作号码 【1531391】
2024-06-19 01:36:10 GSD getOne 第 1 次 等待 3 秒
2024-06-19 01:36:13 查询号码 【1531391】，返回信息 {"status":"ok","msg":"北京-北京","gid":"110558","time_insert":"2021-06-21 13:44"}
2024-06-19 01:36:13 查询号码 【1531391】，GSD为【"北京-北京"】

2024-06-19 02:16:07 开始第 1509 次操作

2024-06-19 02:16:07 开始操作号码 【1531392】
2024-06-19 02:16:13 GSD getOne 第 1 次 等待 3 秒
2024-06-19 02:16:16 查询号码 【1531392】，返回信息 {"status":"ok","msg":"北京-北京","gid":"110586","time_insert":"2021-06-21 14:02"}
2024-06-19 02:16:16 查询号码 【1531392】，GSD为【"北京-北京"】

2024-06-19 02:16:17 开始第 1510 次操作

2024-06-19 02:16:17 开始操作号码 【1531393】
2024-06-19 02:16:22 GSD getOne 第 1 次 等待 3 秒
2024-06-19 02:16:25 查询号码 【1531393】，返回信息 {"status":"ok","msg":"北京-北京","gid":"110615","time_insert":"2021-06-21 14:22"}
2024-06-19 02:16:25 查询号码 【1531393】，GSD为【"北京-北京"】

2024-06-19 02:16:26 开始第 1511 次操作

2024-06-19 02:16:26 开始操作号码 【1531394】
2024-06-19 02:16:33 GSD getOne 第 1 次 等待 3 秒
2024-06-19 02:16:36 查询号码 【1531394】，返回信息 {"status":"ok","msg":"北京-北京","gid":"110638","time_insert":"2021-06-21 14:39"}
2024-06-19 02:16:36 查询号码 【1531394】，GSD为【"北京-北京"】

2024-06-19 02:16:37 开始第 1512 次操作

2024-06-19 02:16:37 开始操作号码 【1531395】
2024-06-19 02:16:43 GSD getOne 第 1 次 等待 3 秒
2024-06-19 02:16:46 查询号码 【1531395】，返回信息 {"status":"ok","msg":"北京-北京","gid":"110661","time_insert":"2021-06-21 14:54"}
2024-06-19 02:16:46 查询号码 【1531395】，GSD为【"北京-北京"】

2024-06-19 02:37:50 开始第 1513 次操作

2024-06-19 02:37:50 开始操作号码 【1531396】
2024-06-19 02:37:58 GSD getOne 第 1 次 等待 3 秒
2024-06-19 02:38:01 查询号码 【1531396】，返回信息 {"status":"ok","msg":"北京-北京","gid":"110830","time_insert":"2021-06-21 16:45"}
2024-06-19 02:38:01 查询号码 【1531396】，GSD为【"北京-北京"】

2024-06-19 02:38:02 开始第 1514 次操作

2024-06-19 02:38:02 开始操作号码 【1531397】
2024-06-19 02:38:08 GSD getOne 第 1 次 等待 3 秒
2024-06-19 02:38:11 查询号码 【1531397】，返回信息 {"status":"ok","msg":"北京-北京","gid":"110869","time_insert":"2021-06-21 17:03"}
2024-06-19 02:38:11 查询号码 【1531397】，GSD为【"北京-北京"】

2024-06-19 02:38:12 开始第 1515 次操作

2024-06-19 02:38:12 开始操作号码 【1531398】
2024-06-19 02:38:17 GSD getOne 第 1 次 等待 3 秒
2024-06-19 02:38:20 查询号码 【1531398】，返回信息 {"status":"ok","msg":"北京-北京","gid":"110898","time_insert":"2021-06-21 17:19"}
2024-06-19 02:38:20 查询号码 【1531398】，GSD为【"北京-北京"】

2024-06-19 02:38:21 开始第 1516 次操作

2024-06-19 02:38:21 开始操作号码 【1531399】
2024-06-19 02:38:30 GSD getOne 第 1 次 等待 3 秒
2024-06-19 02:38:33 查询号码 【1531399】，返回信息 {"status":"ok","msg":"北京-北京","gid":"110941","time_insert":"2021-06-21 17:35"}
2024-06-19 02:38:33 查询号码 【1531399】，GSD为【"北京-北京"】

2024-06-19 03:09:34 开始第 1517 次操作

2024-06-19 03:09:34 开始操作号码 【1531400】
2024-06-19 03:09:40 GSD getOne 第 1 次 等待 3 秒
2024-06-19 03:09:43 查询号码 【1531400】，返回信息 {"status":"ok","msg":"山东-日照","gid":"110975","time_insert":"2021-06-21 17:51"}
2024-06-19 03:09:43 查询号码 【1531400】，GSD为【"山东-日照"】

2024-06-19 03:09:44 开始第 1518 次操作

2024-06-19 03:09:44 开始操作号码 【1531401】
2024-06-19 03:09:49 GSD getOne 第 1 次 等待 3 秒
2024-06-19 03:09:52 查询号码 【1531401】，返回信息 {"status":"ok","msg":"山东-日照","gid":"111033","time_insert":"2021-06-21 18:09"}
2024-06-19 03:09:52 查询号码 【1531401】，GSD为【"山东-日照"】

2024-06-19 03:09:53 开始第 1519 次操作

2024-06-19 03:09:53 开始操作号码 【1531402】
2024-06-19 03:10:01 GSD getOne 第 1 次 等待 3 秒
2024-06-19 03:10:04 查询号码 【1531402】，返回信息 {"status":"ok","msg":"山东-日照","gid":"111072","time_insert":"2021-06-21 18:29"}
2024-06-19 03:10:04 查询号码 【1531402】，GSD为【"山东-日照"】

2024-06-19 03:10:05 开始第 1520 次操作

2024-06-19 03:10:05 开始操作号码 【1531403】
2024-06-19 03:10:13 GSD getOne 第 1 次 等待 3 秒
2024-06-19 03:10:16 查询号码 【1531403】，返回信息 {"status":"ok","msg":"山东-威海","gid":"111115","time_insert":"2021-06-21 18:46"}
2024-06-19 03:10:16 查询号码 【1531403】，GSD为【"山东-威海"】

2024-06-19 03:36:21 开始第 1521 次操作

2024-06-19 03:36:21 开始操作号码 【1531404】
2024-06-19 03:36:28 GSD getOne 第 1 次 等待 3 秒
2024-06-19 03:36:31 查询号码 【1531404】，返回信息 {"status":"ok","msg":"山东-威海","gid":"111164","time_insert":"2021-06-21 19:02"}
2024-06-19 03:36:31 查询号码 【1531404】，GSD为【"山东-威海"】

2024-06-19 03:36:32 开始第 1522 次操作

2024-06-19 03:36:32 开始操作号码 【1531405】
2024-06-19 03:36:37 GSD getOne 第 1 次 等待 3 秒
2024-06-19 03:36:40 查询号码 【1531405】，返回信息 {"status":"ok","msg":"山东-威海","gid":"111203","time_insert":"2021-06-21 19:17"}
2024-06-19 03:36:40 查询号码 【1531405】，GSD为【"山东-威海"】

2024-06-19 03:36:41 开始第 1523 次操作

2024-06-19 03:36:41 开始操作号码 【1531406】
2024-06-19 03:36:47 GSD getOne 第 1 次 等待 3 秒
2024-06-19 03:36:50 查询号码 【1531406】，返回信息 {"status":"ok","msg":"山东-威海","gid":"111229","time_insert":"2021-06-21 19:35"}
2024-06-19 03:36:50 查询号码 【1531406】，GSD为【"山东-威海"】

2024-06-19 03:36:51 开始第 1524 次操作

2024-06-19 03:36:51 开始操作号码 【1531407】
2024-06-19 03:36:58 GSD getOne 第 1 次 等待 3 秒
2024-06-19 03:37:01 查询号码 【1531407】，返回信息 {"status":"ok","msg":"山东-临沂","gid":"111260","time_insert":"2021-06-21 19:50"}
2024-06-19 03:37:02 查询号码 【1531407】，GSD为【"山东-临沂"】

