2024-09-02 00:16:36 开始第 2405 次操作

2024-09-02 00:16:36 开始操作号码 【1422404】
2024-09-02 00:16:44 GSD getOne 第 1 次 等待 3 秒
2024-09-02 00:16:47 查询号码 【1422404】，返回信息 {"status":"ok","msg":"-","gid":"561952","time_insert":"2023-02-28 23:54"}
2024-09-02 00:16:47 查询号码 【1422404】，GSD为【"-"】
2024-09-02 00:16:47 ok && -
2024-09-02 00:16:50 CHB 1422404?1725207407 第 1 次 等待 3 秒
2024-09-02 00:16:53 CHB 1422404?1725207407 第 1 次 获取到号码【1422404】GSD
2024-09-02 00:16:54 未获取到号码【1422404】GSD，可能号码格式错误
2024-09-02 00:16:54 获取到号码【1422404】的GSD为【-】
2024-09-02 00:17:01 GSD insert 第 1 次 等待 3 秒
2024-09-02 00:17:04 {"status":"bad","gid":"561952","msg":"添加失败！号码【1422404(-|-)】已存在！"}
2024-09-02 00:17:04 随机等待 143 秒，约 2 分钟
2024-09-02 00:17:04 下次操作: 2024-09-02 00:19:27

2024-09-02 00:19:27 开始第 2406 次操作

2024-09-02 00:19:27 开始操作号码 【1422405】
2024-09-02 00:19:37 GSD getOne 第 1 次 等待 3 秒
2024-09-02 00:19:40 查询号码 【1422405】，返回信息 {"status":"ok","msg":"-","gid":"561977","time_insert":"2023-03-01 00:12"}
2024-09-02 00:19:40 查询号码 【1422405】，GSD为【"-"】
2024-09-02 00:19:40 ok && -
2024-09-02 00:19:41 CHB 1422405?1725207580 第 1 次 等待 3 秒
2024-09-02 00:19:44 CHB 1422405?1725207580 第 1 次 获取到号码【1422405】GSD
2024-09-02 00:19:44 未获取到号码【1422405】GSD，可能号码格式错误
2024-09-02 00:19:44 获取到号码【1422405】的GSD为【-】
2024-09-02 00:19:53 GSD insert 第 1 次 等待 3 秒
2024-09-02 00:19:56 {"status":"bad","gid":"561977","msg":"添加失败！号码【1422405(-|-)】已存在！"}
2024-09-02 00:19:56 随机等待 72 秒，约 1 分钟
2024-09-02 00:19:56 下次操作: 2024-09-02 00:21:08

2024-09-02 00:21:08 开始第 2407 次操作

2024-09-02 00:21:08 开始操作号码 【1422406】
2024-09-02 00:21:15 GSD getOne 第 1 次 等待 3 秒
2024-09-02 00:21:18 查询号码 【1422406】，返回信息 {"status":"ok","msg":"-","gid":"561997","time_insert":"2023-03-01 00:24"}
2024-09-02 00:21:18 查询号码 【1422406】，GSD为【"-"】
2024-09-02 00:21:18 ok && -
2024-09-02 00:21:20 CHB 1422406?1725207678 第 1 次 等待 3 秒
2024-09-02 00:21:23 CHB 1422406?1725207678 第 1 次 获取到号码【1422406】GSD
2024-09-02 00:21:23 未获取到号码【1422406】GSD，可能号码格式错误
2024-09-02 00:21:23 获取到号码【1422406】的GSD为【-】
2024-09-02 00:21:30 GSD insert 第 1 次 等待 3 秒
2024-09-02 00:21:33 {"status":"bad","gid":"561997","msg":"添加失败！号码【1422406(-|-)】已存在！"}
2024-09-02 00:21:33 随机等待 100 秒，约 1 分钟
2024-09-02 00:21:33 下次操作: 2024-09-02 00:23:13

2024-09-02 00:23:13 开始第 2408 次操作

2024-09-02 00:23:13 开始操作号码 【1422407】
2024-09-02 00:23:21 GSD getOne 第 1 次 等待 3 秒
2024-09-02 00:23:24 查询号码 【1422407】，返回信息 {"status":"ok","msg":"-","gid":"562018","time_insert":"2023-03-01 00:41"}
2024-09-02 00:23:24 查询号码 【1422407】，GSD为【"-"】
2024-09-02 00:23:24 ok && -
2024-09-02 00:23:26 CHB 1422407?1725207804 第 1 次 等待 3 秒
2024-09-02 00:23:29 CHB 1422407?1725207804 第 1 次 获取到号码【1422407】GSD
2024-09-02 00:23:29 未获取到号码【1422407】GSD，可能号码格式错误
2024-09-02 00:23:29 获取到号码【1422407】的GSD为【-】
2024-09-02 00:23:37 GSD insert 第 1 次 等待 3 秒
2024-09-02 00:23:40 {"status":"bad","gid":"562018","msg":"添加失败！号码【1422407(-|-)】已存在！"}

