2024-09-29 00:16:05 开始第 7081 次操作

2024-09-29 00:16:05 开始操作号码 【1427078】
2024-09-29 00:16:07 GSD getOne 第 1 次 等待 3 秒
2024-09-29 00:16:10 查询号码 【1427078】，返回信息 {"status":"ok","msg":"-","gid":"667505","time_insert":"2023-04-21 00:14"}
2024-09-29 00:16:10 查询号码 【1427078】，GSD为【"-"】
2024-09-29 00:16:10 ok && -
2024-09-29 00:16:11 CHB 1427078?1727540170 第 1 次 等待 3 秒
2024-09-29 00:16:14 CHB 1427078?1727540170 第 1 次 获取到号码【1427078】GSD
2024-09-29 00:16:14 未获取到号码【1427078】GSD，可能号码格式错误
2024-09-29 00:16:14 获取到号码【1427078】的GSD为【-】
2024-09-29 00:16:16 GSD insert 第 1 次 等待 3 秒
2024-09-29 00:16:19 {"status":"bad","gid":"667505","msg":"添加失败！号码【1427078(-|-)】已存在！"}
2024-09-29 00:16:19 随机等待 138 秒，约 2 分钟
2024-09-29 00:16:19 下次操作: 2024-09-29 00:18:37

2024-09-29 00:18:37 开始第 7082 次操作

2024-09-29 00:18:37 开始操作号码 【1427079】
2024-09-29 00:18:39 GSD getOne 第 1 次 等待 3 秒
2024-09-29 00:18:42 查询号码 【1427079】，返回信息 {"status":"ok","msg":"-","gid":"667522","time_insert":"2023-04-21 00:24"}
2024-09-29 00:18:42 查询号码 【1427079】，GSD为【"-"】
2024-09-29 00:18:42 ok && -
2024-09-29 00:18:43 CHB 1427079?1727540322 第 1 次 等待 3 秒
2024-09-29 00:18:46 CHB 1427079?1727540322 第 1 次 获取到号码【1427079】GSD
2024-09-29 00:18:46 未获取到号码【1427079】GSD，可能号码格式错误
2024-09-29 00:18:46 获取到号码【1427079】的GSD为【-】
2024-09-29 00:18:48 GSD insert 第 1 次 等待 3 秒
2024-09-29 00:18:51 {"status":"bad","gid":"667522","msg":"添加失败！号码【1427079(-|-)】已存在！"}
2024-09-29 00:18:51 随机等待 96 秒，约 1 分钟
2024-09-29 00:18:51 下次操作: 2024-09-29 00:20:27

2024-09-29 00:20:27 开始第 7083 次操作

2024-09-29 00:20:27 开始操作号码 【1427080】
2024-09-29 00:20:29 GSD getOne 第 1 次 等待 3 秒
2024-09-29 00:20:32 查询号码 【1427080】，返回信息 {"status":"ok","msg":"-","gid":"667546","time_insert":"2023-04-21 00:40"}
2024-09-29 00:20:32 查询号码 【1427080】，GSD为【"-"】
2024-09-29 00:20:32 ok && -
2024-09-29 00:20:33 CHB 1427080?1727540432 第 1 次 等待 3 秒
2024-09-29 00:20:36 CHB 1427080?1727540432 第 1 次 获取到号码【1427080】GSD
2024-09-29 00:20:36 未获取到号码【1427080】GSD，可能号码格式错误
2024-09-29 00:20:36 获取到号码【1427080】的GSD为【-】
2024-09-29 00:20:38 GSD insert 第 1 次 等待 3 秒
2024-09-29 00:20:41 {"status":"bad","gid":"667546","msg":"添加失败！号码【1427080(-|-)】已存在！"}
2024-09-29 00:20:41 随机等待 188 秒，约 3 分钟
2024-09-29 00:20:41 下次操作: 2024-09-29 00:23:49

2024-09-29 00:23:49 开始第 7084 次操作

2024-09-29 00:23:49 开始操作号码 【1427081】
2024-09-29 00:23:53 GSD getOne 第 1 次 等待 3 秒
2024-09-29 00:23:56 查询号码 【1427081】，返回信息 {"status":"ok","msg":"-","gid":"667564","time_insert":"2023-04-21 00:52"}
2024-09-29 00:23:56 查询号码 【1427081】，GSD为【"-"】
2024-09-29 00:23:56 ok && -
2024-09-29 00:23:58 CHB 1427081?1727540636 第 1 次 等待 3 秒
2024-09-29 00:24:01 CHB 1427081?1727540636 第 1 次 获取到号码【1427081】GSD
2024-09-29 00:24:01 未获取到号码【1427081】GSD，可能号码格式错误
2024-09-29 00:24:01 获取到号码【1427081】的GSD为【-】
2024-09-29 00:24:02 GSD insert 第 1 次 等待 3 秒
2024-09-29 00:24:05 {"status":"bad","gid":"667564","msg":"添加失败！号码【1427081(-|-)】已存在！"}

2024-09-29 00:40:36 开始第 7085 次操作

2024-09-29 00:40:36 开始操作号码 【1427082】
2024-09-29 00:40:40 GSD getOne 第 1 次 等待 3 秒
2024-09-29 00:40:43 查询号码 【1427082】，返回信息 {"status":"ok","msg":"-","gid":"667584","time_insert":"2023-04-21 01:02"}
2024-09-29 00:40:43 查询号码 【1427082】，GSD为【"-"】
2024-09-29 00:40:43 ok && -
2024-09-29 00:40:45 CHB 1427082?1727541643 第 1 次 等待 3 秒
2024-09-29 00:40:48 CHB 1427082?1727541643 第 1 次 获取到号码【1427082】GSD
2024-09-29 00:40:48 未获取到号码【1427082】GSD，可能号码格式错误
2024-09-29 00:40:48 获取到号码【1427082】的GSD为【-】
2024-09-29 00:40:51 GSD insert 第 1 次 等待 3 秒
2024-09-29 00:40:54 {"status":"bad","gid":"667584","msg":"添加失败！号码【1427082(-|-)】已存在！"}
2024-09-29 00:40:54 随机等待 66 秒，约 1 分钟
2024-09-29 00:40:54 下次操作: 2024-09-29 00:42:00

2024-09-29 00:42:00 开始第 7086 次操作

2024-09-29 00:42:00 开始操作号码 【1427083】
2024-09-29 00:42:03 GSD getOne 第 1 次 等待 3 秒
2024-09-29 00:42:06 查询号码 【1427083】，返回信息 {"status":"ok","msg":"-","gid":"667604","time_insert":"2023-04-21 01:17"}
2024-09-29 00:42:06 查询号码 【1427083】，GSD为【"-"】
2024-09-29 00:42:06 ok && -
2024-09-29 00:42:08 CHB 1427083?1727541726 第 1 次 等待 3 秒
2024-09-29 00:42:11 CHB 1427083?1727541726 第 1 次 获取到号码【1427083】GSD
2024-09-29 00:42:11 未获取到号码【1427083】GSD，可能号码格式错误
2024-09-29 00:42:11 获取到号码【1427083】的GSD为【-】
2024-09-29 00:42:19 GSD insert 第 1 次 等待 3 秒
2024-09-29 00:42:22 {"status":"bad","gid":"667604","msg":"添加失败！号码【1427083(-|-)】已存在！"}
2024-09-29 00:42:22 随机等待 222 秒，约 3 分钟
2024-09-29 00:42:22 下次操作: 2024-09-29 00:46:04

2024-09-29 00:46:04 开始第 7087 次操作

2024-09-29 00:46:04 开始操作号码 【1427084】
2024-09-29 00:46:06 GSD getOne 第 1 次 等待 3 秒
2024-09-29 00:46:09 查询号码 【1427084】，返回信息 {"status":"ok","msg":"-","gid":"667617","time_insert":"2023-04-21 01:26"}
2024-09-29 00:46:09 查询号码 【1427084】，GSD为【"-"】
2024-09-29 00:46:09 ok && -
2024-09-29 00:46:11 CHB 1427084?1727541969 第 1 次 等待 3 秒
2024-09-29 00:46:14 CHB 1427084?1727541969 第 1 次 获取到号码【1427084】GSD
2024-09-29 00:46:14 未获取到号码【1427084】GSD，可能号码格式错误
2024-09-29 00:46:14 获取到号码【1427084】的GSD为【-】
2024-09-29 00:46:16 GSD insert 第 1 次 等待 3 秒
2024-09-29 00:46:19 {"status":"bad","gid":"667617","msg":"添加失败！号码【1427084(-|-)】已存在！"}
2024-09-29 00:46:19 随机等待 166 秒，约 2 分钟
2024-09-29 00:46:19 下次操作: 2024-09-29 00:49:05

2024-09-29 00:49:05 开始第 7088 次操作

2024-09-29 00:49:05 开始操作号码 【1427085】
2024-09-29 00:49:08 GSD getOne 第 1 次 等待 3 秒
2024-09-29 00:49:11 查询号码 【1427085】，返回信息 {"status":"ok","msg":"-","gid":"667637","time_insert":"2023-04-21 01:38"}
2024-09-29 00:49:11 查询号码 【1427085】，GSD为【"-"】
2024-09-29 00:49:11 ok && -
2024-09-29 00:49:17 CHB 1427085?1727542151 第 1 次 等待 3 秒
2024-09-29 00:49:20 CHB 1427085?1727542151 第 1 次 获取到号码【1427085】GSD
2024-09-29 00:49:20 未获取到号码【1427085】GSD，可能号码格式错误
2024-09-29 00:49:20 获取到号码【1427085】的GSD为【-】
2024-09-29 00:49:23 GSD insert 第 1 次 等待 3 秒
2024-09-29 00:49:26 {"status":"bad","gid":"667637","msg":"添加失败！号码【1427085(-|-)】已存在！"}

2024-09-29 01:11:06 开始第 7089 次操作

2024-09-29 01:11:06 开始操作号码 【1427086】
2024-09-29 01:11:09 GSD getOne 第 1 次 等待 3 秒
2024-09-29 01:11:12 查询号码 【1427086】，返回信息 {"status":"ok","msg":"-","gid":"667675","time_insert":"2023-04-21 02:00"}
2024-09-29 01:11:12 查询号码 【1427086】，GSD为【"-"】
2024-09-29 01:11:12 ok && -
2024-09-29 01:11:14 CHB 1427086?1727543472 第 1 次 等待 3 秒
2024-09-29 01:11:17 CHB 1427086?1727543472 第 1 次 获取到号码【1427086】GSD
2024-09-29 01:11:17 未获取到号码【1427086】GSD，可能号码格式错误
2024-09-29 01:11:17 获取到号码【1427086】的GSD为【-】
2024-09-29 01:11:20 GSD insert 第 1 次 等待 3 秒
2024-09-29 01:11:23 {"status":"bad","gid":"667675","msg":"添加失败！号码【1427086(-|-)】已存在！"}
2024-09-29 01:11:23 随机等待 155 秒，约 2 分钟
2024-09-29 01:11:23 下次操作: 2024-09-29 01:13:58

2024-09-29 01:13:58 开始第 7090 次操作

2024-09-29 01:13:58 开始操作号码 【1427087】
2024-09-29 01:14:00 GSD getOne 第 1 次 等待 3 秒
2024-09-29 01:14:03 查询号码 【1427087】，返回信息 {"status":"ok","msg":"-","gid":"667693","time_insert":"2023-04-21 02:13"}
2024-09-29 01:14:03 查询号码 【1427087】，GSD为【"-"】
2024-09-29 01:14:03 ok && -
2024-09-29 01:14:05 CHB 1427087?1727543643 第 1 次 等待 3 秒
2024-09-29 01:14:08 CHB 1427087?1727543643 第 1 次 获取到号码【1427087】GSD
2024-09-29 01:14:08 未获取到号码【1427087】GSD，可能号码格式错误
2024-09-29 01:14:08 获取到号码【1427087】的GSD为【-】
2024-09-29 01:14:10 GSD insert 第 1 次 等待 3 秒
2024-09-29 01:14:13 {"status":"bad","gid":"667693","msg":"添加失败！号码【1427087(-|-)】已存在！"}
2024-09-29 01:14:13 随机等待 186 秒，约 3 分钟
2024-09-29 01:14:13 下次操作: 2024-09-29 01:17:19

2024-09-29 01:17:19 开始第 7091 次操作

2024-09-29 01:17:19 开始操作号码 【1427088】
2024-09-29 01:17:36 GSD getOne 第 1 次 等待 3 秒
2024-09-29 01:17:39 查询号码 【1427088】，返回信息 {"status":"ok","msg":"-","gid":"667711","time_insert":"2023-04-21 02:23"}
2024-09-29 01:17:39 查询号码 【1427088】，GSD为【"-"】
2024-09-29 01:17:39 ok && -
2024-09-29 01:17:41 CHB 1427088?1727543859 第 1 次 等待 3 秒
2024-09-29 01:17:44 CHB 1427088?1727543859 第 1 次 获取到号码【1427088】GSD
2024-09-29 01:17:44 未获取到号码【1427088】GSD，可能号码格式错误
2024-09-29 01:17:44 获取到号码【1427088】的GSD为【-】
2024-09-29 01:18:01 GSD insert 第 1 次 等待 3 秒
2024-09-29 01:18:04 {"status":"bad","gid":"667711","msg":"添加失败！号码【1427088(-|-)】已存在！"}
2024-09-29 01:18:04 随机等待 210 秒，约 3 分钟
2024-09-29 01:18:04 下次操作: 2024-09-29 01:21:34

2024-09-29 01:21:34 开始第 7092 次操作

2024-09-29 01:21:34 开始操作号码 【1427089】
2024-09-29 01:21:51 GSD getOne 第 1 次 等待 3 秒
2024-09-29 01:21:54 查询号码 【1427089】，返回信息 {"status":"ok","msg":"-","gid":"667738","time_insert":"2023-04-21 02:41"}
2024-09-29 01:21:54 查询号码 【1427089】，GSD为【"-"】
2024-09-29 01:21:54 ok && -
2024-09-29 01:21:56 CHB 1427089?1727544114 第 1 次 等待 3 秒
2024-09-29 01:21:59 CHB 1427089?1727544114 第 1 次 获取到号码【1427089】GSD
2024-09-29 01:21:59 未获取到号码【1427089】GSD，可能号码格式错误
2024-09-29 01:21:59 获取到号码【1427089】的GSD为【-】
2024-09-29 01:22:01 GSD insert 第 1 次 等待 3 秒
2024-09-29 01:22:04 {"status":"bad","gid":"667738","msg":"添加失败！号码【1427089(-|-)】已存在！"}

2024-09-29 01:35:17 开始第 7093 次操作

2024-09-29 01:35:17 开始操作号码 【1427090】
2024-09-29 01:35:19 GSD getOne 第 1 次 等待 3 秒
2024-09-29 01:35:22 查询号码 【1427090】，返回信息 {"status":"ok","msg":"-","gid":"667763","time_insert":"2023-04-21 02:55"}
2024-09-29 01:35:22 查询号码 【1427090】，GSD为【"-"】
2024-09-29 01:35:22 ok && -
2024-09-29 01:35:24 CHB 1427090?1727544922 第 1 次 等待 3 秒
2024-09-29 01:35:27 CHB 1427090?1727544922 第 1 次 获取到号码【1427090】GSD
2024-09-29 01:35:28 未获取到号码【1427090】GSD，可能号码格式错误
2024-09-29 01:35:28 获取到号码【1427090】的GSD为【-】
2024-09-29 01:35:31 GSD insert 第 1 次 等待 3 秒
2024-09-29 01:35:34 {"status":"bad","gid":"667763","msg":"添加失败！号码【1427090(-|-)】已存在！"}
2024-09-29 01:35:34 随机等待 83 秒，约 1 分钟
2024-09-29 01:35:34 下次操作: 2024-09-29 01:36:57

2024-09-29 01:36:57 开始第 7094 次操作

2024-09-29 01:36:57 开始操作号码 【1427091】
2024-09-29 01:36:59 GSD getOne 第 1 次 等待 3 秒
2024-09-29 01:37:02 查询号码 【1427091】，返回信息 {"status":"ok","msg":"-","gid":"667797","time_insert":"2023-04-21 03:17"}
2024-09-29 01:37:02 查询号码 【1427091】，GSD为【"-"】
2024-09-29 01:37:02 ok && -
2024-09-29 01:37:03 CHB 1427091?1727545022 第 1 次 等待 3 秒
2024-09-29 01:37:06 CHB 1427091?1727545022 第 1 次 获取到号码【1427091】GSD
2024-09-29 01:37:06 未获取到号码【1427091】GSD，可能号码格式错误
2024-09-29 01:37:06 获取到号码【1427091】的GSD为【-】
2024-09-29 01:37:08 GSD insert 第 1 次 等待 3 秒
2024-09-29 01:37:11 {"status":"bad","gid":"667797","msg":"添加失败！号码【1427091(-|-)】已存在！"}
2024-09-29 01:37:11 随机等待 104 秒，约 1 分钟
2024-09-29 01:37:11 下次操作: 2024-09-29 01:38:55

2024-09-29 01:38:55 开始第 7095 次操作

2024-09-29 01:38:55 开始操作号码 【1427092】
2024-09-29 01:38:58 GSD getOne 第 1 次 等待 3 秒
2024-09-29 01:39:01 查询号码 【1427092】，返回信息 {"status":"ok","msg":"-","gid":"667832","time_insert":"2023-04-21 03:37"}
2024-09-29 01:39:01 查询号码 【1427092】，GSD为【"-"】
2024-09-29 01:39:01 ok && -
2024-09-29 01:39:03 CHB 1427092?1727545141 第 1 次 等待 3 秒
2024-09-29 01:39:06 CHB 1427092?1727545141 第 1 次 获取到号码【1427092】GSD
2024-09-29 01:39:06 未获取到号码【1427092】GSD，可能号码格式错误
2024-09-29 01:39:06 获取到号码【1427092】的GSD为【-】
2024-09-29 01:39:08 GSD insert 第 1 次 等待 3 秒
2024-09-29 01:39:11 {"status":"bad","gid":"667832","msg":"添加失败！号码【1427092(-|-)】已存在！"}
2024-09-29 01:39:11 随机等待 184 秒，约 3 分钟
2024-09-29 01:39:11 下次操作: 2024-09-29 01:42:15

2024-09-29 01:42:15 开始第 7096 次操作

2024-09-29 01:42:15 开始操作号码 【1427093】
2024-09-29 01:42:16 GSD getOne 第 1 次 等待 3 秒
2024-09-29 01:42:19 查询号码 【1427093】，返回信息 {"status":"ok","msg":"-","gid":"667873","time_insert":"2023-04-21 04:00"}
2024-09-29 01:42:19 查询号码 【1427093】，GSD为【"-"】
2024-09-29 01:42:19 ok && -
2024-09-29 01:42:21 CHB 1427093?1727545339 第 1 次 等待 3 秒
2024-09-29 01:42:24 CHB 1427093?1727545339 第 1 次 获取到号码【1427093】GSD
2024-09-29 01:42:24 未获取到号码【1427093】GSD，可能号码格式错误
2024-09-29 01:42:24 获取到号码【1427093】的GSD为【-】
2024-09-29 01:42:26 GSD insert 第 1 次 等待 3 秒
2024-09-29 01:42:29 {"status":"bad","gid":"667873","msg":"添加失败！号码【1427093(-|-)】已存在！"}

2024-09-29 02:40:15 开始第 7097 次操作

2024-09-29 02:40:15 开始操作号码 【1427094】
2024-09-29 02:40:18 GSD getOne 第 1 次 等待 3 秒
2024-09-29 02:40:21 查询号码 【1427094】，返回信息 {"status":"ok","msg":"-","gid":"667888","time_insert":"2023-04-21 04:13"}
2024-09-29 02:40:21 查询号码 【1427094】，GSD为【"-"】
2024-09-29 02:40:21 ok && -
2024-09-29 02:40:22 CHB 1427094?1727548821 第 1 次 等待 3 秒
2024-09-29 02:40:25 CHB 1427094?1727548821 第 1 次 获取到号码【1427094】GSD
2024-09-29 02:40:25 未获取到号码【1427094】GSD，可能号码格式错误
2024-09-29 02:40:25 获取到号码【1427094】的GSD为【-】
2024-09-29 02:40:29 GSD insert 第 1 次 等待 3 秒
2024-09-29 02:40:32 {"status":"bad","gid":"667888","msg":"添加失败！号码【1427094(-|-)】已存在！"}
2024-09-29 02:40:32 随机等待 135 秒，约 2 分钟
2024-09-29 02:40:32 下次操作: 2024-09-29 02:42:47

2024-09-29 02:42:47 开始第 7098 次操作

2024-09-29 02:42:47 开始操作号码 【1427095】
2024-09-29 02:42:49 GSD getOne 第 1 次 等待 3 秒
2024-09-29 02:42:52 查询号码 【1427095】，返回信息 {"status":"ok","msg":"-","gid":"667901","time_insert":"2023-04-21 04:21"}
2024-09-29 02:42:52 查询号码 【1427095】，GSD为【"-"】
2024-09-29 02:42:52 ok && -
2024-09-29 02:42:53 CHB 1427095?1727548972 第 1 次 等待 3 秒
2024-09-29 02:42:56 CHB 1427095?1727548972 第 1 次 获取到号码【1427095】GSD
2024-09-29 02:42:56 未获取到号码【1427095】GSD，可能号码格式错误
2024-09-29 02:42:56 获取到号码【1427095】的GSD为【-】
2024-09-29 02:42:58 GSD insert 第 1 次 等待 3 秒
2024-09-29 02:43:01 {"status":"bad","gid":"667901","msg":"添加失败！号码【1427095(-|-)】已存在！"}
2024-09-29 02:43:02 随机等待 132 秒，约 2 分钟
2024-09-29 02:43:02 下次操作: 2024-09-29 02:45:13

2024-09-29 02:45:14 开始第 7099 次操作

2024-09-29 02:45:14 开始操作号码 【1427096】
2024-09-29 02:45:15 GSD getOne 第 1 次 等待 3 秒
2024-09-29 02:45:18 查询号码 【1427096】，返回信息 {"status":"ok","msg":"-","gid":"667936","time_insert":"2023-04-21 04:42"}
2024-09-29 02:45:18 查询号码 【1427096】，GSD为【"-"】
2024-09-29 02:45:18 ok && -
2024-09-29 02:45:20 CHB 1427096?1727549118 第 1 次 等待 3 秒
2024-09-29 02:45:23 CHB 1427096?1727549118 第 1 次 获取到号码【1427096】GSD
2024-09-29 02:45:23 未获取到号码【1427096】GSD，可能号码格式错误
2024-09-29 02:45:23 获取到号码【1427096】的GSD为【-】
2024-09-29 02:45:25 GSD insert 第 1 次 等待 3 秒
2024-09-29 02:45:28 {"status":"bad","gid":"667936","msg":"添加失败！号码【1427096(-|-)】已存在！"}
2024-09-29 02:45:28 随机等待 98 秒，约 1 分钟
2024-09-29 02:45:28 下次操作: 2024-09-29 02:47:06

2024-09-29 02:47:06 开始第 7100 次操作

2024-09-29 02:47:06 开始操作号码 【1427097】
2024-09-29 02:47:08 GSD getOne 第 1 次 等待 3 秒
2024-09-29 02:47:11 查询号码 【1427097】，返回信息 {"status":"ok","msg":"-","gid":"667959","time_insert":"2023-04-21 04:56"}
2024-09-29 02:47:11 查询号码 【1427097】，GSD为【"-"】
2024-09-29 02:47:11 ok && -
2024-09-29 02:47:12 CHB 1427097?1727549231 第 1 次 等待 3 秒
2024-09-29 02:47:15 CHB 1427097?1727549231 第 1 次 获取到号码【1427097】GSD
2024-09-29 02:47:15 未获取到号码【1427097】GSD，可能号码格式错误
2024-09-29 02:47:15 获取到号码【1427097】的GSD为【-】
2024-09-29 02:47:18 GSD insert 第 1 次 等待 3 秒
2024-09-29 02:47:21 {"status":"bad","gid":"667959","msg":"添加失败！号码【1427097(-|-)】已存在！"}

2024-09-29 03:11:09 开始第 7101 次操作

2024-09-29 03:11:09 开始操作号码 【1427098】
2024-09-29 03:11:11 GSD getOne 第 1 次 等待 3 秒
2024-09-29 03:11:14 查询号码 【1427098】，返回信息 {"status":"ok","msg":"-","gid":"667986","time_insert":"2023-04-21 05:14"}
2024-09-29 03:11:14 查询号码 【1427098】，GSD为【"-"】
2024-09-29 03:11:14 ok && -
2024-09-29 03:11:16 CHB 1427098?1727550674 第 1 次 等待 3 秒
2024-09-29 03:11:19 CHB 1427098?1727550674 第 1 次 获取到号码【1427098】GSD
2024-09-29 03:11:19 未获取到号码【1427098】GSD，可能号码格式错误
2024-09-29 03:11:19 获取到号码【1427098】的GSD为【-】
2024-09-29 03:11:21 GSD insert 第 1 次 等待 3 秒
2024-09-29 03:11:24 {"status":"bad","gid":"667986","msg":"添加失败！号码【1427098(-|-)】已存在！"}
2024-09-29 03:11:24 随机等待 103 秒，约 1 分钟
2024-09-29 03:11:24 下次操作: 2024-09-29 03:13:07

2024-09-29 03:13:07 开始第 7102 次操作

2024-09-29 03:13:07 开始操作号码 【1427099】
2024-09-29 03:13:09 GSD getOne 第 1 次 等待 3 秒
2024-09-29 03:13:12 查询号码 【1427099】，返回信息 {"status":"ok","msg":"-","gid":"668010","time_insert":"2023-04-21 05:28"}
2024-09-29 03:13:12 查询号码 【1427099】，GSD为【"-"】
2024-09-29 03:13:12 ok && -
2024-09-29 03:13:13 CHB 1427099?1727550792 第 1 次 等待 3 秒
2024-09-29 03:13:16 CHB 1427099?1727550792 第 1 次 获取到号码【1427099】GSD
2024-09-29 03:13:16 未获取到号码【1427099】GSD，可能号码格式错误
2024-09-29 03:13:16 获取到号码【1427099】的GSD为【-】
2024-09-29 03:13:18 GSD insert 第 1 次 等待 3 秒
2024-09-29 03:13:22 {"status":"bad","gid":"668010","msg":"添加失败！号码【1427099(-|-)】已存在！"}
2024-09-29 03:13:22 随机等待 78 秒，约 1 分钟
2024-09-29 03:13:22 下次操作: 2024-09-29 03:14:40

2024-09-29 03:14:40 开始第 7103 次操作

2024-09-29 03:14:40 开始操作号码 【1427100】
2024-09-29 03:14:42 GSD getOne 第 1 次 等待 3 秒
2024-09-29 03:14:45 查询号码 【1427100】，返回信息 {"status":"ok","msg":"-","gid":"668033","time_insert":"2023-04-21 05:40"}
2024-09-29 03:14:45 查询号码 【1427100】，GSD为【"-"】
2024-09-29 03:14:45 ok && -
2024-09-29 03:14:47 CHB 1427100?1727550885 第 1 次 等待 3 秒
2024-09-29 03:14:50 CHB 1427100?1727550885 第 1 次 获取到号码【1427100】GSD
2024-09-29 03:14:50 未获取到号码【1427100】GSD，可能号码格式错误
2024-09-29 03:14:50 获取到号码【1427100】的GSD为【-】
2024-09-29 03:14:52 GSD insert 第 1 次 等待 3 秒
2024-09-29 03:14:55 {"status":"bad","gid":"668033","msg":"添加失败！号码【1427100(-|-)】已存在！"}
2024-09-29 03:14:55 随机等待 155 秒，约 2 分钟
2024-09-29 03:14:55 下次操作: 2024-09-29 03:17:30

2024-09-29 03:17:30 开始第 7104 次操作

2024-09-29 03:17:30 开始操作号码 【1427101】
2024-09-29 03:17:32 GSD getOne 第 1 次 等待 3 秒
2024-09-29 03:17:35 查询号码 【1427101】，返回信息 {"status":"ok","msg":"-","gid":"668055","time_insert":"2023-04-21 05:53"}
2024-09-29 03:17:35 查询号码 【1427101】，GSD为【"-"】
2024-09-29 03:17:35 ok && -
2024-09-29 03:17:37 CHB 1427101?1727551055 第 1 次 等待 3 秒
2024-09-29 03:17:40 CHB 1427101?1727551055 第 1 次 获取到号码【1427101】GSD
2024-09-29 03:17:40 未获取到号码【1427101】GSD，可能号码格式错误
2024-09-29 03:17:40 获取到号码【1427101】的GSD为【-】
2024-09-29 03:17:43 GSD insert 第 1 次 等待 3 秒
2024-09-29 03:17:46 {"status":"bad","gid":"668055","msg":"添加失败！号码【1427101(-|-)】已存在！"}

2024-09-29 03:35:21 开始第 7105 次操作

2024-09-29 03:35:21 开始操作号码 【1427102】
2024-09-29 03:35:23 GSD getOne 第 1 次 等待 3 秒
2024-09-29 03:35:26 查询号码 【1427102】，返回信息 {"status":"ok","msg":"-","gid":"668071","time_insert":"2023-04-21 06:02"}
2024-09-29 03:35:26 查询号码 【1427102】，GSD为【"-"】
2024-09-29 03:35:26 ok && -
2024-09-29 03:35:29 CHB 1427102?1727552126 第 1 次 等待 3 秒
2024-09-29 03:35:32 CHB 1427102?1727552126 第 1 次 获取到号码【1427102】GSD
2024-09-29 03:35:32 未获取到号码【1427102】GSD，可能号码格式错误
2024-09-29 03:35:32 获取到号码【1427102】的GSD为【-】
2024-09-29 03:35:38 GSD insert 第 1 次 等待 3 秒
2024-09-29 03:35:41 {"status":"bad","gid":"668071","msg":"添加失败！号码【1427102(-|-)】已存在！"}
2024-09-29 03:35:41 随机等待 92 秒，约 1 分钟
2024-09-29 03:35:41 下次操作: 2024-09-29 03:37:13

2024-09-29 03:37:13 开始第 7106 次操作

2024-09-29 03:37:13 开始操作号码 【1427103】
2024-09-29 03:37:15 GSD getOne 第 1 次 等待 3 秒
2024-09-29 03:37:18 查询号码 【1427103】，返回信息 {"status":"ok","msg":"-","gid":"668098","time_insert":"2023-04-21 06:24"}
2024-09-29 03:37:18 查询号码 【1427103】，GSD为【"-"】
2024-09-29 03:37:18 ok && -
2024-09-29 03:37:20 CHB 1427103?1727552238 第 1 次 等待 3 秒
2024-09-29 03:37:23 CHB 1427103?1727552238 第 1 次 获取到号码【1427103】GSD
2024-09-29 03:37:23 未获取到号码【1427103】GSD，可能号码格式错误
2024-09-29 03:37:23 获取到号码【1427103】的GSD为【-】
2024-09-29 03:37:25 GSD insert 第 1 次 等待 3 秒
2024-09-29 03:37:28 {"status":"bad","gid":"668098","msg":"添加失败！号码【1427103(-|-)】已存在！"}
2024-09-29 03:37:28 随机等待 138 秒，约 2 分钟
2024-09-29 03:37:28 下次操作: 2024-09-29 03:39:46

2024-09-29 03:39:46 开始第 7107 次操作

2024-09-29 03:39:46 开始操作号码 【1427104】
2024-09-29 03:39:48 GSD getOne 第 1 次 等待 3 秒
2024-09-29 03:39:51 查询号码 【1427104】，返回信息 {"status":"ok","msg":"-","gid":"668125","time_insert":"2023-04-21 06:39"}
2024-09-29 03:39:51 查询号码 【1427104】，GSD为【"-"】
2024-09-29 03:39:51 ok && -
2024-09-29 03:39:52 CHB 1427104?1727552391 第 1 次 等待 3 秒
2024-09-29 03:39:55 CHB 1427104?1727552391 第 1 次 获取到号码【1427104】GSD
2024-09-29 03:39:55 未获取到号码【1427104】GSD，可能号码格式错误
2024-09-29 03:39:55 获取到号码【1427104】的GSD为【-】
2024-09-29 03:39:57 GSD insert 第 1 次 等待 3 秒
2024-09-29 03:40:00 {"status":"bad","gid":"668125","msg":"添加失败！号码【1427104(-|-)】已存在！"}
2024-09-29 03:40:00 随机等待 179 秒，约 2 分钟
2024-09-29 03:40:00 下次操作: 2024-09-29 03:42:59

2024-09-29 03:42:59 开始第 7108 次操作

2024-09-29 03:42:59 开始操作号码 【1427105】
2024-09-29 03:43:02 GSD getOne 第 1 次 等待 3 秒
2024-09-29 03:43:05 查询号码 【1427105】，返回信息 {"status":"ok","msg":"-","gid":"668147","time_insert":"2023-04-21 06:51"}
2024-09-29 03:43:05 查询号码 【1427105】，GSD为【"-"】
2024-09-29 03:43:05 ok && -
2024-09-29 03:43:07 CHB 1427105?1727552585 第 1 次 等待 3 秒
2024-09-29 03:43:10 CHB 1427105?1727552585 第 1 次 获取到号码【1427105】GSD
2024-09-29 03:43:10 未获取到号码【1427105】GSD，可能号码格式错误
2024-09-29 03:43:10 获取到号码【1427105】的GSD为【-】
2024-09-29 03:43:13 GSD insert 第 1 次 等待 3 秒
2024-09-29 03:43:16 {"status":"bad","gid":"668147","msg":"添加失败！号码【1427105(-|-)】已存在！"}

