2024-12-03 00:29:04 开始第 7733 次操作

2024-12-03 00:29:04 开始操作号码 【1327732】
2024-12-03 00:29:05 GSD getOne 第 1 次 等待 3 秒
2024-12-03 00:29:08 查询号码 【1327732】，返回信息 {"status":"ok","msg":"湖北-荆州","gid":"222628","time_insert":"2021-07-08 13:13"}
2024-12-03 00:29:08 查询号码 【1327732】，GSD为【"湖北-荆州"】

2024-12-03 00:29:09 开始第 7734 次操作

2024-12-03 00:29:09 开始操作号码 【1327733】
2024-12-03 00:29:10 GSD getOne 第 1 次 等待 3 秒
2024-12-03 00:29:13 查询号码 【1327733】，返回信息 {"status":"ok","msg":"湖北-荆州","gid":"2497","time_insert":"2017-04-19 11:23","time_update":"2020-09-14 23:10"}
2024-12-03 00:29:13 查询号码 【1327733】，GSD为【"湖北-荆州"】

2024-12-03 00:29:14 开始第 7735 次操作

2024-12-03 00:29:14 开始操作号码 【1327734】
2024-12-03 00:29:15 GSD getOne 第 1 次 等待 3 秒
2024-12-03 00:29:18 查询号码 【1327734】，返回信息 {"status":"ok","msg":"湖北-荆州","gid":"222619","time_insert":"2021-07-08 13:12"}
2024-12-03 00:29:18 查询号码 【1327734】，GSD为【"湖北-荆州"】

2024-12-03 00:29:19 开始第 7736 次操作

2024-12-03 00:29:19 开始操作号码 【1327735】
2024-12-03 00:29:21 GSD getOne 第 1 次 等待 3 秒
2024-12-03 00:29:24 查询号码 【1327735】，返回信息 {"status":"ok","msg":"湖北-荆州","gid":"222614","time_insert":"2021-07-08 13:11"}
2024-12-03 00:29:24 查询号码 【1327735】，GSD为【"湖北-荆州"】

2024-12-03 00:50:32 开始第 7737 次操作

2024-12-03 00:50:32 开始操作号码 【1327736】
2024-12-03 00:50:34 GSD getOne 第 1 次 等待 3 秒
2024-12-03 00:50:37 查询号码 【1327736】，返回信息 {"status":"ok","msg":"湖北-荆州","gid":"222608","time_insert":"2021-07-08 13:10"}
2024-12-03 00:50:37 查询号码 【1327736】，GSD为【"湖北-荆州"】

2024-12-03 00:50:38 开始第 7738 次操作

2024-12-03 00:50:38 开始操作号码 【1327737】
2024-12-03 00:50:39 GSD getOne 第 1 次 等待 3 秒
2024-12-03 00:50:42 查询号码 【1327737】，返回信息 {"status":"ok","msg":"湖北-荆州","gid":"222603","time_insert":"2021-07-08 13:09"}
2024-12-03 00:50:42 查询号码 【1327737】，GSD为【"湖北-荆州"】

2024-12-03 00:50:43 开始第 7739 次操作

2024-12-03 00:50:43 开始操作号码 【1327738】
2024-12-03 00:50:44 GSD getOne 第 1 次 等待 3 秒
2024-12-03 00:50:47 查询号码 【1327738】，返回信息 {"status":"ok","msg":"湖北-荆州","gid":"2498","time_insert":"2017-04-19 11:23","time_update":"2020-09-14 23:13"}
2024-12-03 00:50:47 查询号码 【1327738】，GSD为【"湖北-荆州"】

2024-12-03 00:50:48 开始第 7740 次操作

2024-12-03 00:50:48 开始操作号码 【1327739】
2024-12-03 00:50:49 GSD getOne 第 1 次 等待 3 秒
2024-12-03 00:50:52 查询号码 【1327739】，返回信息 {"status":"ok","msg":"湖北-宜昌","gid":"222595","time_insert":"2021-07-08 13:08"}
2024-12-03 00:50:52 查询号码 【1327739】，GSD为【"湖北-宜昌"】

