2024-12-02 00:25:54 开始第 7577 次操作

2024-12-02 00:25:54 开始操作号码 【1327576】
2024-12-02 00:25:56 GSD getOne 第 1 次 等待 3 秒
2024-12-02 00:25:59 查询号码 【1327576】，返回信息 {"status":"ok","msg":"安徽-合肥","gid":"224256","time_insert":"2021-07-08 17:48"}
2024-12-02 00:25:59 查询号码 【1327576】，GSD为【"安徽-合肥"】

2024-12-02 00:26:00 开始第 7578 次操作

2024-12-02 00:26:00 开始操作号码 【1327577】
2024-12-02 00:26:01 GSD getOne 第 1 次 等待 3 秒
2024-12-02 00:26:04 查询号码 【1327577】，返回信息 {"status":"ok","msg":"安徽-合肥","gid":"224247","time_insert":"2021-07-08 17:48"}
2024-12-02 00:26:04 查询号码 【1327577】，GSD为【"安徽-合肥"】

2024-12-02 00:26:05 开始第 7579 次操作

2024-12-02 00:26:05 开始操作号码 【1327578】
2024-12-02 00:26:06 GSD getOne 第 1 次 等待 3 秒
2024-12-02 00:26:09 查询号码 【1327578】，返回信息 {"status":"ok","msg":"安徽-安庆","gid":"2485","time_insert":"2018-04-27 00:50","time_update":"2020-08-07 12:04"}
2024-12-02 00:26:09 查询号码 【1327578】，GSD为【"安徽-安庆"】

2024-12-02 00:26:10 开始第 7580 次操作

2024-12-02 00:26:10 开始操作号码 【1327579】
2024-12-02 00:26:11 GSD getOne 第 1 次 等待 3 秒
2024-12-02 00:26:14 查询号码 【1327579】，返回信息 {"status":"ok","msg":"安徽-合肥","gid":"224238","time_insert":"2021-07-08 17:47"}
2024-12-02 00:26:14 查询号码 【1327579】，GSD为【"安徽-合肥"】

