2024-09-25 00:17:50 开始第 6397 次操作

2024-09-25 00:17:50 开始操作号码 【1426395】
2024-09-25 00:17:53 GSD getOne 第 1 次 等待 3 秒
2024-09-25 00:17:56 查询号码 【1426395】，返回信息 {"status":"ok","msg":"-","gid":"651734","time_insert":"2023-04-13 14:58"}
2024-09-25 00:17:56 查询号码 【1426395】，GSD为【"-"】
2024-09-25 00:17:56 ok && -
2024-09-25 00:17:58 CHB 1426395?1727194676 第 1 次 等待 3 秒
2024-09-25 00:18:01 CHB 1426395?1727194676 第 1 次 获取到号码【1426395】GSD
2024-09-25 00:18:01 未获取到号码【1426395】GSD，可能号码格式错误
2024-09-25 00:18:01 获取到号码【1426395】的GSD为【-】
2024-09-25 00:18:02 GSD insert 第 1 次 等待 3 秒
2024-09-25 00:18:05 {"status":"bad","gid":"651734","msg":"添加失败！号码【1426395(-|-)】已存在！"}
2024-09-25 00:18:05 随机等待 169 秒，约 2 分钟
2024-09-25 00:18:05 下次操作: 2024-09-25 00:20:54

2024-09-25 00:20:54 开始第 6398 次操作

2024-09-25 00:20:54 开始操作号码 【1426396】
2024-09-25 00:20:56 GSD getOne 第 1 次 等待 3 秒
2024-09-25 00:20:59 查询号码 【1426396】，返回信息 {"status":"ok","msg":"-","gid":"651754","time_insert":"2023-04-13 15:12"}
2024-09-25 00:21:00 查询号码 【1426396】，GSD为【"-"】
2024-09-25 00:21:00 ok && -
2024-09-25 00:21:02 CHB 1426396?1727194860 第 1 次 等待 3 秒
2024-09-25 00:21:05 CHB 1426396?1727194860 第 1 次 获取到号码【1426396】GSD
2024-09-25 00:21:05 未获取到号码【1426396】GSD，可能号码格式错误
2024-09-25 00:21:05 获取到号码【1426396】的GSD为【-】
2024-09-25 00:21:08 GSD insert 第 1 次 等待 3 秒
2024-09-25 00:21:11 {"status":"bad","gid":"651754","msg":"添加失败！号码【1426396(-|-)】已存在！"}
2024-09-25 00:21:11 随机等待 199 秒，约 3 分钟
2024-09-25 00:21:11 下次操作: 2024-09-25 00:24:30

2024-09-25 00:24:30 开始第 6399 次操作

2024-09-25 00:24:30 开始操作号码 【1426397】
2024-09-25 00:24:33 GSD getOne 第 1 次 等待 3 秒
2024-09-25 00:24:36 查询号码 【1426397】，返回信息 {"status":"ok","msg":"-","gid":"651768","time_insert":"2023-04-13 15:21"}
2024-09-25 00:24:36 查询号码 【1426397】，GSD为【"-"】
2024-09-25 00:24:36 ok && -
2024-09-25 00:24:38 CHB 1426397?1727195076 第 1 次 等待 3 秒
2024-09-25 00:24:41 CHB 1426397?1727195076 第 1 次 获取到号码【1426397】GSD
2024-09-25 00:24:41 未获取到号码【1426397】GSD，可能号码格式错误
2024-09-25 00:24:41 获取到号码【1426397】的GSD为【-】
2024-09-25 00:24:43 GSD insert 第 1 次 等待 3 秒
2024-09-25 00:24:46 {"status":"bad","gid":"651768","msg":"添加失败！号码【1426397(-|-)】已存在！"}
2024-09-25 00:24:46 随机等待 131 秒，约 2 分钟
2024-09-25 00:24:46 下次操作: 2024-09-25 00:26:57

2024-09-25 00:26:57 开始第 6400 次操作

2024-09-25 00:26:57 开始操作号码 【1426398】
2024-09-25 00:27:00 GSD getOne 第 1 次 等待 3 秒
2024-09-25 00:27:03 查询号码 【1426398】，返回信息 {"status":"ok","msg":"-","gid":"651803","time_insert":"2023-04-13 15:40"}
2024-09-25 00:27:03 查询号码 【1426398】，GSD为【"-"】
2024-09-25 00:27:03 ok && -
2024-09-25 00:27:06 CHB 1426398?1727195223 第 1 次 等待 3 秒
2024-09-25 00:27:09 CHB 1426398?1727195223 第 1 次 获取到号码【1426398】GSD
2024-09-25 00:27:09 未获取到号码【1426398】GSD，可能号码格式错误
2024-09-25 00:27:09 获取到号码【1426398】的GSD为【-】
2024-09-25 00:27:14 GSD insert 第 1 次 等待 3 秒
2024-09-25 00:27:17 {"status":"bad","gid":"651803","msg":"添加失败！号码【1426398(-|-)】已存在！"}

