2024-11-03 00:25:22 开始第 2765 次操作

2024-11-03 00:25:22 开始操作号码 【1322764】
2024-11-03 00:25:24 GSD getOne 第 1 次 等待 3 秒
2024-11-03 00:25:27 查询号码 【1322764】，返回信息 {"status":"ok","msg":"湖北-荆州","gid":"97271","time_insert":"2021-06-15 02:03"}
2024-11-03 00:25:27 查询号码 【1322764】，GSD为【"湖北-荆州"】

2024-11-03 00:25:28 开始第 2766 次操作

2024-11-03 00:25:28 开始操作号码 【1322765】
2024-11-03 00:25:29 GSD getOne 第 1 次 等待 3 秒
2024-11-03 00:25:32 查询号码 【1322765】，返回信息 {"status":"ok","msg":"湖北-荆州","gid":"97298","time_insert":"2021-06-15 02:25"}
2024-11-03 00:25:32 查询号码 【1322765】，GSD为【"湖北-荆州"】

2024-11-03 00:25:33 开始第 2767 次操作

2024-11-03 00:25:33 开始操作号码 【1322766】
2024-11-03 00:25:34 GSD getOne 第 1 次 等待 3 秒
2024-11-03 00:25:37 查询号码 【1322766】，返回信息 {"status":"ok","msg":"湖北-荆州","gid":"97323","time_insert":"2021-06-15 02:49"}
2024-11-03 00:25:37 查询号码 【1322766】，GSD为【"湖北-荆州"】

2024-11-03 00:25:38 开始第 2768 次操作

2024-11-03 00:25:38 开始操作号码 【1322767】
2024-11-03 00:25:39 GSD getOne 第 1 次 等待 3 秒
2024-11-03 00:25:42 查询号码 【1322767】，返回信息 {"status":"ok","msg":"湖北-荆州","gid":"97352","time_insert":"2021-06-15 03:17"}
2024-11-03 00:25:42 查询号码 【1322767】，GSD为【"湖北-荆州"】

2024-11-03 00:45:30 开始第 2769 次操作

2024-11-03 00:45:30 开始操作号码 【1322768】
2024-11-03 00:45:31 GSD getOne 第 1 次 等待 3 秒
2024-11-03 00:45:34 查询号码 【1322768】，返回信息 {"status":"ok","msg":"湖北-荆州","gid":"97381","time_insert":"2021-06-15 03:39"}
2024-11-03 00:45:34 查询号码 【1322768】，GSD为【"湖北-荆州"】

2024-11-03 00:45:35 开始第 2770 次操作

2024-11-03 00:45:35 开始操作号码 【1322769】
2024-11-03 00:45:36 GSD getOne 第 1 次 等待 3 秒
2024-11-03 00:45:39 查询号码 【1322769】，返回信息 {"status":"ok","msg":"湖北-荆州","gid":"97401","time_insert":"2021-06-15 03:58"}
2024-11-03 00:45:39 查询号码 【1322769】，GSD为【"湖北-荆州"】

2024-11-03 00:45:40 开始第 2771 次操作

2024-11-03 00:45:40 开始操作号码 【1322770】
2024-11-03 00:45:41 GSD getOne 第 1 次 等待 3 秒
2024-11-03 00:45:44 查询号码 【1322770】，返回信息 {"status":"ok","msg":"陕西-西安","gid":"97424","time_insert":"2021-06-15 04:18"}
2024-11-03 00:45:44 查询号码 【1322770】，GSD为【"陕西-西安"】

2024-11-03 00:45:45 开始第 2772 次操作

2024-11-03 00:45:45 开始操作号码 【1322771】
2024-11-03 00:45:46 GSD getOne 第 1 次 等待 3 秒
2024-11-03 00:45:49 查询号码 【1322771】，返回信息 {"status":"ok","msg":"陕西-西安","gid":"97443","time_insert":"2021-06-15 04:37"}
2024-11-03 00:45:49 查询号码 【1322771】，GSD为【"陕西-西安"】

2024-11-03 01:16:44 开始第 2773 次操作

2024-11-03 01:16:44 开始操作号码 【1322772】
2024-11-03 01:16:45 GSD getOne 第 1 次 等待 3 秒
2024-11-03 01:16:48 查询号码 【1322772】，返回信息 {"status":"ok","msg":"陕西-西安","gid":"97468","time_insert":"2021-06-15 05:00"}
2024-11-03 01:16:48 查询号码 【1322772】，GSD为【"陕西-西安"】

2024-11-03 01:16:50 开始第 2774 次操作

2024-11-03 01:16:50 开始操作号码 【1322773】
2024-11-03 01:16:51 GSD getOne 第 1 次 等待 3 秒
2024-11-03 01:16:54 查询号码 【1322773】，返回信息 {"status":"ok","msg":"陕西-西安","gid":"97499","time_insert":"2021-06-15 05:29"}
2024-11-03 01:16:54 查询号码 【1322773】，GSD为【"陕西-西安"】

2024-11-03 01:16:55 开始第 2775 次操作

2024-11-03 01:16:55 开始操作号码 【1322774】
2024-11-03 01:16:56 GSD getOne 第 1 次 等待 3 秒
2024-11-03 01:16:59 查询号码 【1322774】，返回信息 {"status":"ok","msg":"陕西-西安","gid":"2169","time_insert":"2017-09-18 21:22","time_update":"2020-12-10 23:33"}
2024-11-03 01:16:59 查询号码 【1322774】，GSD为【"陕西-西安"】

2024-11-03 01:17:00 开始第 2776 次操作

2024-11-03 01:17:00 开始操作号码 【1322775】
2024-11-03 01:17:01 GSD getOne 第 1 次 等待 3 秒
2024-11-03 01:17:04 查询号码 【1322775】，返回信息 {"status":"ok","msg":"陕西-西安","gid":"97528","time_insert":"2021-06-15 05:53"}
2024-11-03 01:17:04 查询号码 【1322775】，GSD为【"陕西-西安"】

2024-11-03 01:37:57 开始第 2777 次操作

2024-11-03 01:37:57 开始操作号码 【1322776】
2024-11-03 01:37:58 GSD getOne 第 1 次 等待 3 秒
2024-11-03 01:38:02 GSD getOne 第 2 次 等待 3 秒
2024-11-03 01:38:05 查询号码 【1322776】，返回信息 {"status":"ok","msg":"陕西-西安","gid":"97556","time_insert":"2021-06-15 06:21"}
2024-11-03 01:38:05 查询号码 【1322776】，GSD为【"陕西-西安"】

2024-11-03 01:38:06 开始第 2778 次操作

2024-11-03 01:38:06 开始操作号码 【1322777】
2024-11-03 01:38:07 GSD getOne 第 1 次 等待 3 秒
2024-11-03 01:38:10 查询号码 【1322777】，返回信息 {"status":"ok","msg":"陕西-西安","gid":"97593","time_insert":"2021-06-15 06:51"}
2024-11-03 01:38:10 查询号码 【1322777】，GSD为【"陕西-西安"】

2024-11-03 01:38:11 开始第 2779 次操作

2024-11-03 01:38:11 开始操作号码 【1322778】
2024-11-03 01:38:12 GSD getOne 第 1 次 等待 3 秒
2024-11-03 01:38:15 查询号码 【1322778】，返回信息 {"status":"ok","msg":"陕西-西安","gid":"97615","time_insert":"2021-06-15 07:11"}
2024-11-03 01:38:15 查询号码 【1322778】，GSD为【"陕西-西安"】

2024-11-03 01:38:16 开始第 2780 次操作

2024-11-03 01:38:16 开始操作号码 【1322779】
2024-11-03 01:38:17 GSD getOne 第 1 次 等待 3 秒
2024-11-03 01:38:20 查询号码 【1322779】，返回信息 {"status":"ok","msg":"陕西-西安","gid":"97634","time_insert":"2021-06-15 07:29"}
2024-11-03 01:38:20 查询号码 【1322779】，GSD为【"陕西-西安"】

2024-11-03 02:26:05 开始第 2781 次操作

2024-11-03 02:26:05 开始操作号码 【1322780】
2024-11-03 02:26:07 GSD getOne 第 1 次 等待 3 秒
2024-11-03 02:26:10 查询号码 【1322780】，返回信息 {"status":"ok","msg":"陕西-西安","gid":"51169","time_insert":"2021-04-22 09:16"}
2024-11-03 02:26:10 查询号码 【1322780】，GSD为【"陕西-西安"】

2024-11-03 02:26:11 开始第 2782 次操作

2024-11-03 02:26:11 开始操作号码 【1322781】
2024-11-03 02:26:12 GSD getOne 第 1 次 等待 3 秒
2024-11-03 02:26:15 查询号码 【1322781】，返回信息 {"status":"ok","msg":"陕西-西安","gid":"97667","time_insert":"2021-06-15 07:54"}
2024-11-03 02:26:15 查询号码 【1322781】，GSD为【"陕西-西安"】

2024-11-03 02:26:16 开始第 2783 次操作

2024-11-03 02:26:16 开始操作号码 【1322782】
2024-11-03 02:26:17 GSD getOne 第 1 次 等待 3 秒
2024-11-03 02:26:20 查询号码 【1322782】，返回信息 {"status":"ok","msg":"陕西-西安","gid":"97694","time_insert":"2021-06-15 08:19"}
2024-11-03 02:26:20 查询号码 【1322782】，GSD为【"陕西-西安"】

2024-11-03 02:26:21 开始第 2784 次操作

2024-11-03 02:26:21 开始操作号码 【1322783】
2024-11-03 02:26:22 GSD getOne 第 1 次 等待 3 秒
2024-11-03 02:26:25 查询号码 【1322783】，返回信息 {"status":"ok","msg":"陕西-西安","gid":"97724","time_insert":"2021-06-15 08:43"}
2024-11-03 02:26:25 查询号码 【1322783】，GSD为【"陕西-西安"】

2024-11-03 02:42:30 开始第 2785 次操作

2024-11-03 02:42:30 开始操作号码 【1322784】
2024-11-03 02:42:31 GSD getOne 第 1 次 等待 3 秒
2024-11-03 02:42:34 查询号码 【1322784】，返回信息 {"status":"ok","msg":"陕西-西安","gid":"97744","time_insert":"2021-06-15 09:02"}
2024-11-03 02:42:34 查询号码 【1322784】，GSD为【"陕西-西安"】

2024-11-03 02:42:35 开始第 2786 次操作

2024-11-03 02:42:35 开始操作号码 【1322785】
2024-11-03 02:42:36 GSD getOne 第 1 次 等待 3 秒
2024-11-03 02:42:39 查询号码 【1322785】，返回信息 {"status":"ok","msg":"陕西-西安","gid":"2170","time_insert":"2017-12-26 19:44","time_update":"2020-12-10 23:29"}
2024-11-03 02:42:39 查询号码 【1322785】，GSD为【"陕西-西安"】

2024-11-03 02:42:40 开始第 2787 次操作

2024-11-03 02:42:40 开始操作号码 【1322786】
2024-11-03 02:42:41 GSD getOne 第 1 次 等待 3 秒
2024-11-03 02:42:44 查询号码 【1322786】，返回信息 {"status":"ok","msg":"陕西-西安","gid":"97778","time_insert":"2021-06-15 09:31"}
2024-11-03 02:42:44 查询号码 【1322786】，GSD为【"陕西-西安"】

2024-11-03 02:42:45 开始第 2788 次操作

2024-11-03 02:42:45 开始操作号码 【1322787】
2024-11-03 02:42:46 GSD getOne 第 1 次 等待 3 秒
2024-11-03 02:42:49 查询号码 【1322787】，返回信息 {"status":"ok","msg":"陕西-西安","gid":"97798","time_insert":"2021-06-15 09:51"}
2024-11-03 02:42:49 查询号码 【1322787】，GSD为【"陕西-西安"】

