2024-07-21 00:13:45 开始第 7257 次操作

2024-07-21 00:13:45 开始操作号码 【1537139】
2024-07-21 00:13:52 GSD getOne 第 1 次 等待 3 秒
2024-07-21 00:13:55 查询号码 【1537139】，返回信息 {"status":"ok","msg":"江苏-宿迁","gid":"397118","time_insert":"2021-07-26 03:54"}
2024-07-21 00:13:55 查询号码 【1537139】，GSD为【"江苏-宿迁"】

2024-07-21 00:13:56 开始第 7258 次操作

2024-07-21 00:13:56 开始操作号码 【1537140】
2024-07-21 00:14:04 GSD getOne 第 1 次 等待 3 秒
2024-07-21 00:14:07 查询号码 【1537140】，返回信息 {"status":"ok","msg":"江苏-淮安","gid":"397108","time_insert":"2021-07-26 03:53"}
2024-07-21 00:14:07 查询号码 【1537140】，GSD为【"江苏-淮安"】

2024-07-21 00:14:08 开始第 7259 次操作

2024-07-21 00:14:08 开始操作号码 【1537141】
2024-07-21 00:14:16 GSD getOne 第 1 次 等待 3 秒
2024-07-21 00:14:19 查询号码 【1537141】，返回信息 {"status":"ok","msg":"江苏-淮安","gid":"397096","time_insert":"2021-07-26 03:52"}
2024-07-21 00:14:19 查询号码 【1537141】，GSD为【"江苏-淮安"】

2024-07-21 00:14:20 开始第 7260 次操作

2024-07-21 00:14:20 开始操作号码 【1537142】
2024-07-21 00:14:28 GSD getOne 第 1 次 等待 3 秒
2024-07-21 00:14:31 查询号码 【1537142】，返回信息 {"status":"ok","msg":"江苏-连云港","gid":"397087","time_insert":"2021-07-26 03:52"}
2024-07-21 00:14:31 查询号码 【1537142】，GSD为【"江苏-连云港"】

