2024-04-22 00:13:15 开始第 4985 次操作

2024-04-22 00:13:15 开始操作号码 【1644879】
2024-04-22 00:13:24 GSD getOne 第 1 次 等待 3 秒
2024-04-22 00:13:27 查询号码 【1644879】，返回信息 {"status":"ok","msg":"-","gid":"620661","time_insert":"2023-03-28 21:03"}
2024-04-22 00:13:27 查询号码 【1644879】，GSD为【"-"】
2024-04-22 00:13:27 ok && -
2024-04-22 00:13:29 CHB 1644879?1713716007 第 1 次 等待 3 秒
2024-04-22 00:13:32 CHB 1644879?1713716007 第 1 次 获取到号码【1644879】GSD
2024-04-22 00:13:32 未获取到号码【1644879】GSD，可能号码格式错误
2024-04-22 00:13:32 获取到号码【1644879】的GSD为【-】
2024-04-22 00:13:39 GSD insert 第 1 次 等待 3 秒
2024-04-22 00:13:42 {"status":"bad","gid":"620661","msg":"添加失败！号码【1644879(-|-)】已存在！"}
2024-04-22 00:13:42 随机等待 154 秒，约 2 分钟
2024-04-22 00:13:42 下次操作: 2024-04-22 00:16:16

2024-04-22 00:16:16 开始第 4986 次操作

2024-04-22 00:16:16 开始操作号码 【1644880】
2024-04-22 00:16:22 GSD getOne 第 1 次 等待 3 秒
2024-04-22 00:16:25 查询号码 【1644880】，返回信息 {"status":"ok","msg":"-","gid":"620680","time_insert":"2023-03-28 21:24"}
2024-04-22 00:16:25 查询号码 【1644880】，GSD为【"-"】
2024-04-22 00:16:25 ok && -
2024-04-22 00:16:27 CHB 1644880?1713716185 第 1 次 等待 3 秒
2024-04-22 00:16:30 CHB 1644880?1713716185 第 1 次 获取到号码【1644880】GSD
2024-04-22 00:16:30 未获取到号码【1644880】GSD，可能号码格式错误
2024-04-22 00:16:30 获取到号码【1644880】的GSD为【-】
2024-04-22 00:16:38 GSD insert 第 1 次 等待 3 秒
2024-04-22 00:16:41 {"status":"bad","gid":"620680","msg":"添加失败！号码【1644880(-|-)】已存在！"}
2024-04-22 00:16:41 随机等待 116 秒，约 1 分钟
2024-04-22 00:16:41 下次操作: 2024-04-22 00:18:37

2024-04-22 00:18:37 开始第 4987 次操作

2024-04-22 00:18:37 开始操作号码 【1644881】
2024-04-22 00:18:45 GSD getOne 第 1 次 等待 3 秒
2024-04-22 00:18:48 查询号码 【1644881】，返回信息 {"status":"ok","msg":"-","gid":"620698","time_insert":"2023-03-28 21:42"}
2024-04-22 00:18:48 查询号码 【1644881】，GSD为【"-"】
2024-04-22 00:18:48 ok && -
2024-04-22 00:18:51 CHB 1644881?1713716328 第 1 次 等待 3 秒
2024-04-22 00:18:54 CHB 1644881?1713716328 第 1 次 获取到号码【1644881】GSD
2024-04-22 00:18:54 未获取到号码【1644881】GSD，可能号码格式错误
2024-04-22 00:18:54 获取到号码【1644881】的GSD为【-】
2024-04-22 00:19:05 GSD insert 第 1 次 等待 3 秒
2024-04-22 00:19:08 {"status":"bad","gid":"620698","msg":"添加失败！号码【1644881(-|-)】已存在！"}
2024-04-22 00:19:09 随机等待 181 秒，约 3 分钟
2024-04-22 00:19:09 下次操作: 2024-04-22 00:22:09

2024-04-22 00:22:10 开始第 4988 次操作

2024-04-22 00:22:10 开始操作号码 【1644882】
2024-04-22 00:22:18 GSD getOne 第 1 次 等待 3 秒
2024-04-22 00:22:21 查询号码 【1644882】，返回信息 {"status":"ok","msg":"-","gid":"620722","time_insert":"2023-03-28 22:03"}
2024-04-22 00:22:21 查询号码 【1644882】，GSD为【"-"】
2024-04-22 00:22:21 ok && -
2024-04-22 00:22:24 CHB 1644882?1713716541 第 1 次 等待 3 秒
2024-04-22 00:22:27 CHB 1644882?1713716541 第 1 次 获取到号码【1644882】GSD
2024-04-22 00:22:27 未获取到号码【1644882】GSD，可能号码格式错误
2024-04-22 00:22:27 获取到号码【1644882】的GSD为【-】
2024-04-22 00:22:34 GSD insert 第 1 次 等待 3 秒
2024-04-22 00:22:37 {"status":"bad","gid":"620722","msg":"添加失败！号码【1644882(-|-)】已存在！"}

2024-04-22 00:35:21 开始第 4989 次操作

2024-04-22 00:35:21 开始操作号码 【1644883】
2024-04-22 00:35:31 GSD getOne 第 1 次 等待 3 秒
2024-04-22 00:35:34 查询号码 【1644883】，返回信息 {"status":"ok","msg":"-","gid":"620732","time_insert":"2023-03-28 22:13"}
2024-04-22 00:35:34 查询号码 【1644883】，GSD为【"-"】
2024-04-22 00:35:34 ok && -
2024-04-22 00:35:36 CHB 1644883?1713717334 第 1 次 等待 3 秒
2024-04-22 00:35:39 CHB 1644883?1713717334 第 1 次 获取到号码【1644883】GSD
2024-04-22 00:35:39 未获取到号码【1644883】GSD，可能号码格式错误
2024-04-22 00:35:39 获取到号码【1644883】的GSD为【-】
2024-04-22 00:35:47 GSD insert 第 1 次 等待 3 秒
2024-04-22 00:35:50 {"status":"bad","gid":"620732","msg":"添加失败！号码【1644883(-|-)】已存在！"}
2024-04-22 00:35:50 随机等待 179 秒，约 2 分钟
2024-04-22 00:35:50 下次操作: 2024-04-22 00:38:49

2024-04-22 00:38:49 开始第 4990 次操作

2024-04-22 00:38:49 开始操作号码 【1644884】
2024-04-22 00:38:53 GSD getOne 第 1 次 等待 3 秒
2024-04-22 00:38:56 查询号码 【1644884】，返回信息 {"status":"ok","msg":"-","gid":"620753","time_insert":"2023-03-28 22:32"}
2024-04-22 00:38:56 查询号码 【1644884】，GSD为【"-"】
2024-04-22 00:38:56 ok && -
2024-04-22 00:38:59 CHB 1644884?1713717536 第 1 次 等待 3 秒
2024-04-22 00:39:02 CHB 1644884?1713717536 第 1 次 获取到号码【1644884】GSD
2024-04-22 00:39:02 未获取到号码【1644884】GSD，可能号码格式错误
2024-04-22 00:39:02 获取到号码【1644884】的GSD为【-】
2024-04-22 00:39:09 GSD insert 第 1 次 等待 3 秒
2024-04-22 00:39:12 {"status":"bad","gid":"620753","msg":"添加失败！号码【1644884(-|-)】已存在！"}
2024-04-22 00:39:12 随机等待 131 秒，约 2 分钟
2024-04-22 00:39:12 下次操作: 2024-04-22 00:41:23

2024-04-22 00:41:23 开始第 4991 次操作

2024-04-22 00:41:23 开始操作号码 【1644885】
2024-04-22 00:41:32 GSD getOne 第 1 次 等待 3 秒
2024-04-22 00:41:35 查询号码 【1644885】，返回信息 {"status":"ok","msg":"-","gid":"620773","time_insert":"2023-03-28 22:50"}
2024-04-22 00:41:35 查询号码 【1644885】，GSD为【"-"】
2024-04-22 00:41:35 ok && -
2024-04-22 00:41:37 CHB 1644885?1713717695 第 1 次 等待 3 秒
2024-04-22 00:41:40 CHB 1644885?1713717695 第 1 次 获取到号码【1644885】GSD
2024-04-22 00:41:40 未获取到号码【1644885】GSD，可能号码格式错误
2024-04-22 00:41:40 获取到号码【1644885】的GSD为【-】
2024-04-22 00:41:50 GSD insert 第 1 次 等待 3 秒
2024-04-22 00:41:53 {"status":"bad","gid":"620773","msg":"添加失败！号码【1644885(-|-)】已存在！"}
2024-04-22 00:41:53 随机等待 151 秒，约 2 分钟
2024-04-22 00:41:53 下次操作: 2024-04-22 00:44:24

2024-04-22 00:44:24 开始第 4992 次操作

2024-04-22 00:44:24 开始操作号码 【1644886】
2024-04-22 00:44:34 GSD getOne 第 1 次 等待 3 秒
2024-04-22 00:44:37 查询号码 【1644886】，返回信息 {"status":"ok","msg":"-","gid":"620797","time_insert":"2023-03-28 23:13"}
2024-04-22 00:44:37 查询号码 【1644886】，GSD为【"-"】
2024-04-22 00:44:37 ok && -
2024-04-22 00:44:40 CHB 1644886?1713717877 第 1 次 等待 3 秒
2024-04-22 00:44:43 CHB 1644886?1713717877 第 1 次 获取到号码【1644886】GSD
2024-04-22 00:44:43 未获取到号码【1644886】GSD，可能号码格式错误
2024-04-22 00:44:43 获取到号码【1644886】的GSD为【-】
2024-04-22 00:44:49 GSD insert 第 1 次 等待 3 秒
2024-04-22 00:44:52 {"status":"bad","gid":"620797","msg":"添加失败！号码【1644886(-|-)】已存在！"}

