2023-11-27 00:12:19 开始第 108 次操作
2023-11-27 00:12:19 号码【196（0000 ---> 9999）】处理完毕
2023-11-27 00:35:58 开始第 108 次操作
2023-11-27 00:35:58 号码【196（0000 ---> 9999）】处理完毕
2023-11-27 01:08:59 开始第 108 次操作
2023-11-27 01:08:59 号码【196（0000 ---> 9999）】处理完毕
2023-11-27 01:34:06 开始第 108 次操作
2023-11-27 01:34:06 号码【196（0000 ---> 9999）】处理完毕
2023-11-27 02:12:08 开始第 108 次操作
2023-11-27 02:12:08 号码【196（0000 ---> 9999）】处理完毕
2023-11-27 02:34:17 开始第 108 次操作
2023-11-27 02:34:17 号码【196（0000 ---> 9999）】处理完毕
2023-11-27 03:08:01 开始第 108 次操作
2023-11-27 03:08:01 号码【196（0000 ---> 9999）】处理完毕
2023-11-27 03:34:14 开始第 108 次操作
2023-11-27 03:34:14 号码【196（0000 ---> 9999）】处理完毕
2023-11-27 04:10:44 开始第 108 次操作
2023-11-27 04:10:44 号码【196（0000 ---> 9999）】处理完毕
2023-11-27 04:34:31 开始第 108 次操作
2023-11-27 04:34:31 号码【196（0000 ---> 9999）】处理完毕
2023-11-27 05:09:32 开始第 108 次操作
2023-11-27 05:09:32 号码【196（0000 ---> 9999）】处理完毕
2023-11-27 05:34:07 开始第 108 次操作
2023-11-27 05:34:07 号码【196（0000 ---> 9999）】处理完毕
2023-11-27 06:09:14 开始第 108 次操作
2023-11-27 06:09:14 号码【196（0000 ---> 9999）】处理完毕
2023-11-27 06:34:06 开始第 108 次操作
2023-11-27 06:34:06 号码【196（0000 ---> 9999）】处理完毕
2023-11-27 07:10:12 开始第 108 次操作
2023-11-27 07:10:12 号码【196（0000 ---> 9999）】处理完毕
2023-11-27 07:34:41 开始第 108 次操作
2023-11-27 07:34:41 号码【196（0000 ---> 9999）】处理完毕
2023-11-27 08:51:26 开始第 108 次操作
2023-11-27 08:51:26 号码【196（0000 ---> 9999）】处理完毕
2023-11-27 09:54:09 开始第 108 次操作
2023-11-27 09:54:09 号码【196（0000 ---> 9999）】处理完毕
2023-11-27 09:57:09 开始第 108 次操作

2023-11-27 09:57:09 开始操作号码 【1860001】
2023-11-27 09:57:13 GSD getOne 第 1 次 等待 3 秒
2023-11-27 09:57:16 查询号码 【1860001】，返回信息 {"status":"ok","msg":"北京-北京","gid":"327723","time_insert":"2021-07-19 16:32"}
2023-11-27 09:57:16 查询号码 【1860001】，GSD为【"北京-北京"】

2023-11-27 10:24:07 开始第 109 次操作

2023-11-27 10:24:07 开始操作号码 【1860002】
2023-11-27 10:24:11 GSD getOne 第 1 次 等待 3 秒
2023-11-27 10:24:14 查询号码 【1860002】，返回信息 {"status":"ok","msg":"北京-北京","gid":"327820","time_insert":"2021-07-19 16:47"}
2023-11-27 10:24:14 查询号码 【1860002】，GSD为【"北京-北京"】

2023-11-27 10:24:15 开始第 110 次操作

2023-11-27 10:24:15 开始操作号码 【1860003】
2023-11-27 10:24:19 GSD getOne 第 1 次 等待 3 秒
2023-11-27 10:24:22 查询号码 【1860003】，返回信息 {"status":"ok","msg":"北京-北京","gid":"327988","time_insert":"2021-07-19 17:00"}
2023-11-27 10:24:22 查询号码 【1860003】，GSD为【"北京-北京"】

2023-11-27 10:24:23 开始第 111 次操作

2023-11-27 10:24:23 开始操作号码 【1860004】
2023-11-27 10:24:26 GSD getOne 第 1 次 等待 3 秒
2023-11-27 10:24:29 查询号码 【1860004】，返回信息 {"status":"ok","msg":"北京-北京","gid":"328128","time_insert":"2021-07-19 17:13"}
2023-11-27 10:24:29 查询号码 【1860004】，GSD为【"北京-北京"】

2023-11-27 10:24:30 开始第 112 次操作

2023-11-27 10:24:30 开始操作号码 【1860005】
2023-11-27 10:24:33 GSD getOne 第 1 次 等待 3 秒
2023-11-27 10:24:36 查询号码 【1860005】，返回信息 {"status":"ok","msg":"北京-北京","gid":"328178","time_insert":"2021-07-19 17:27"}
2023-11-27 10:24:36 查询号码 【1860005】，GSD为【"北京-北京"】

2023-11-27 10:39:58 开始第 113 次操作

2023-11-27 10:39:58 开始操作号码 【1860006】
2023-11-27 10:40:01 GSD getOne 第 1 次 等待 3 秒
2023-11-27 10:40:04 查询号码 【1860006】，返回信息 {"status":"ok","msg":"北京-北京","gid":"328216","time_insert":"2021-07-19 17:41"}
2023-11-27 10:40:04 查询号码 【1860006】，GSD为【"北京-北京"】

2023-11-27 10:40:05 开始第 114 次操作

2023-11-27 10:40:05 开始操作号码 【1860007】
2023-11-27 10:40:09 GSD getOne 第 1 次 等待 3 秒
2023-11-27 10:40:12 查询号码 【1860007】，返回信息 {"status":"ok","msg":"北京-北京","gid":"328373","time_insert":"2021-07-19 17:54"}
2023-11-27 10:40:12 查询号码 【1860007】，GSD为【"北京-北京"】

2023-11-27 10:40:13 开始第 115 次操作

2023-11-27 10:40:13 开始操作号码 【1860008】
2023-11-27 10:40:16 GSD getOne 第 1 次 等待 3 秒
2023-11-27 10:40:19 查询号码 【1860008】，返回信息 {"status":"ok","msg":"北京-北京","gid":"328534","time_insert":"2021-07-19 18:07"}
2023-11-27 10:40:19 查询号码 【1860008】，GSD为【"北京-北京"】

2023-11-27 10:40:20 开始第 116 次操作

2023-11-27 10:40:20 开始操作号码 【1860009】
2023-11-27 10:40:23 GSD getOne 第 1 次 等待 3 秒
2023-11-27 10:40:26 查询号码 【1860009】，返回信息 {"status":"ok","msg":"北京-北京","gid":"328629","time_insert":"2021-07-19 18:22"}
2023-11-27 10:40:27 查询号码 【1860009】，GSD为【"北京-北京"】

2023-11-27 11:11:29 开始第 117 次操作

2023-11-27 11:11:29 开始操作号码 【1860010】
2023-11-27 11:11:32 GSD getOne 第 1 次 等待 3 秒
2023-11-27 11:11:35 查询号码 【1860010】，返回信息 {"status":"ok","msg":"北京-北京","gid":"328658","time_insert":"2021-07-19 18:34"}
2023-11-27 11:11:35 查询号码 【1860010】，GSD为【"北京-北京"】

2023-11-27 11:11:37 开始第 118 次操作

2023-11-27 11:11:37 开始操作号码 【1860011】
2023-11-27 11:11:40 GSD getOne 第 1 次 等待 3 秒
2023-11-27 11:11:43 查询号码 【1860011】，返回信息 {"status":"ok","msg":"北京-北京","gid":"328732","time_insert":"2021-07-19 18:45"}
2023-11-27 11:11:43 查询号码 【1860011】，GSD为【"北京-北京"】

2023-11-27 11:11:44 开始第 119 次操作

2023-11-27 11:11:44 开始操作号码 【1860012】
2023-11-27 11:11:47 GSD getOne 第 1 次 等待 3 秒
2023-11-27 11:11:50 查询号码 【1860012】，返回信息 {"status":"ok","msg":"北京-北京","gid":"328947","time_insert":"2021-07-19 19:00"}
2023-11-27 11:11:50 查询号码 【1860012】，GSD为【"北京-北京"】

2023-11-27 11:11:51 开始第 120 次操作

2023-11-27 11:11:51 开始操作号码 【1860013】
2023-11-27 11:11:55 GSD getOne 第 1 次 等待 3 秒
2023-11-27 11:11:58 查询号码 【1860013】，返回信息 {"status":"ok","msg":"北京-北京","gid":"40371","time_insert":"2017-04-19 11:23","time_update":"2020-12-26 15:08"}
2023-11-27 11:11:58 查询号码 【1860013】，GSD为【"北京-北京"】

