2024-07-29 00:15:01 开始第 8693 次操作

2024-07-29 00:15:01 开始操作号码 【1538575】
2024-07-29 00:15:11 GSD getOne 第 1 次 等待 3 秒
2024-07-29 00:15:14 查询号码 【1538575】，返回信息 {"status":"ok","msg":"安徽-宿州","gid":"380279","time_insert":"2021-07-24 18:45"}
2024-07-29 00:15:14 查询号码 【1538575】，GSD为【"安徽-宿州"】

2024-07-29 00:15:15 开始第 8694 次操作

2024-07-29 00:15:15 开始操作号码 【1538576】
2024-07-29 00:15:31 GSD getOne 第 1 次 等待 3 秒
2024-07-29 00:15:34 查询号码 【1538576】，返回信息 {"status":"ok","msg":"安徽-宿州","gid":"380265","time_insert":"2021-07-24 18:45"}
2024-07-29 00:15:34 查询号码 【1538576】，GSD为【"安徽-宿州"】

2024-07-29 00:15:35 开始第 8695 次操作

2024-07-29 00:15:35 开始操作号码 【1538577】
2024-07-29 00:15:43 GSD getOne 第 1 次 等待 3 秒
2024-07-29 00:15:46 查询号码 【1538577】，返回信息 {"status":"ok","msg":"安徽-宿州","gid":"380249","time_insert":"2021-07-24 18:44"}
2024-07-29 00:15:46 查询号码 【1538577】，GSD为【"安徽-宿州"】

2024-07-29 00:15:47 开始第 8696 次操作

2024-07-29 00:15:47 开始操作号码 【1538578】
2024-07-29 00:15:55 GSD getOne 第 1 次 等待 3 秒
2024-07-29 00:15:58 查询号码 【1538578】，返回信息 {"status":"ok","msg":"安徽-宿州","gid":"380237","time_insert":"2021-07-24 18:43"}
2024-07-29 00:15:58 查询号码 【1538578】，GSD为【"安徽-宿州"】

2024-07-29 00:37:44 开始第 8697 次操作

2024-07-29 00:37:44 开始操作号码 【1538579】
2024-07-29 00:37:52 GSD getOne 第 1 次 等待 3 秒
2024-07-29 00:37:55 查询号码 【1538579】，返回信息 {"status":"ok","msg":"安徽-宿州","gid":"380225","time_insert":"2021-07-24 18:42"}
2024-07-29 00:37:55 查询号码 【1538579】，GSD为【"安徽-宿州"】

2024-07-29 00:37:56 开始第 8698 次操作

2024-07-29 00:37:56 开始操作号码 【1538580】
2024-07-29 00:38:09 GSD getOne 第 1 次 等待 3 秒
2024-07-29 00:38:12 查询号码 【1538580】，返回信息 {"status":"ok","msg":"安徽-阜阳","gid":"380212","time_insert":"2021-07-24 18:41"}
2024-07-29 00:38:12 查询号码 【1538580】，GSD为【"安徽-阜阳"】

2024-07-29 00:38:13 开始第 8699 次操作

2024-07-29 00:38:13 开始操作号码 【1538581】
2024-07-29 00:38:21 GSD getOne 第 1 次 等待 3 秒
2024-07-29 00:38:24 查询号码 【1538581】，返回信息 {"status":"ok","msg":"安徽-阜阳","gid":"380195","time_insert":"2021-07-24 18:39"}
2024-07-29 00:38:24 查询号码 【1538581】，GSD为【"安徽-阜阳"】

2024-07-29 00:38:25 开始第 8700 次操作

2024-07-29 00:38:25 开始操作号码 【1538582】
2024-07-29 00:38:33 GSD getOne 第 1 次 等待 3 秒
2024-07-29 00:38:36 查询号码 【1538582】，返回信息 {"status":"ok","msg":"安徽-阜阳","gid":"380191","time_insert":"2021-07-24 18:38"}
2024-07-29 00:38:36 查询号码 【1538582】，GSD为【"安徽-阜阳"】

2024-07-29 01:10:16 开始第 8701 次操作

2024-07-29 01:10:16 开始操作号码 【1538583】
2024-07-29 01:10:25 GSD getOne 第 1 次 等待 3 秒
2024-07-29 01:10:28 查询号码 【1538583】，返回信息 {"status":"ok","msg":"安徽-阜阳","gid":"380187","time_insert":"2021-07-24 18:38"}
2024-07-29 01:10:28 查询号码 【1538583】，GSD为【"安徽-阜阳"】

2024-07-29 01:10:29 开始第 8702 次操作

2024-07-29 01:10:29 开始操作号码 【1538584】
2024-07-29 01:10:37 GSD getOne 第 1 次 等待 3 秒
2024-07-29 01:10:40 查询号码 【1538584】，返回信息 {"status":"ok","msg":"安徽-阜阳","gid":"380182","time_insert":"2021-07-24 18:37"}
2024-07-29 01:10:40 查询号码 【1538584】，GSD为【"安徽-阜阳"】

2024-07-29 01:10:41 开始第 8703 次操作

2024-07-29 01:10:41 开始操作号码 【1538585】
2024-07-29 01:10:50 GSD getOne 第 1 次 等待 3 秒
2024-07-29 01:10:53 查询号码 【1538585】，返回信息 {"status":"ok","msg":"安徽-蚌埠","gid":"380180","time_insert":"2021-07-24 18:36"}
2024-07-29 01:10:53 查询号码 【1538585】，GSD为【"安徽-蚌埠"】

2024-07-29 01:10:54 开始第 8704 次操作

2024-07-29 01:10:54 开始操作号码 【1538586】
2024-07-29 01:11:02 GSD getOne 第 1 次 等待 3 秒
2024-07-29 01:11:05 查询号码 【1538586】，返回信息 {"status":"ok","msg":"安徽-芜湖","gid":"380178","time_insert":"2021-07-24 18:35"}
2024-07-29 01:11:05 查询号码 【1538586】，GSD为【"安徽-芜湖"】

2024-07-29 01:34:08 开始第 8705 次操作

2024-07-29 01:34:08 开始操作号码 【1538587】
2024-07-29 01:34:18 GSD getOne 第 1 次 等待 3 秒
2024-07-29 01:34:21 查询号码 【1538587】，返回信息 {"status":"ok","msg":"安徽-芜湖","gid":"380176","time_insert":"2021-07-24 18:34"}
2024-07-29 01:34:21 查询号码 【1538587】，GSD为【"安徽-芜湖"】

2024-07-29 01:34:22 开始第 8706 次操作

2024-07-29 01:34:22 开始操作号码 【1538588】
2024-07-29 01:34:31 GSD getOne 第 1 次 等待 3 秒
2024-07-29 01:34:34 查询号码 【1538588】，返回信息 {"status":"ok","msg":"安徽-合肥","gid":"380173","time_insert":"2021-07-24 18:34"}
2024-07-29 01:34:34 查询号码 【1538588】，GSD为【"安徽-合肥"】

2024-07-29 01:34:35 开始第 8707 次操作

2024-07-29 01:34:35 开始操作号码 【1538589】
2024-07-29 01:34:43 GSD getOne 第 1 次 等待 3 秒
2024-07-29 01:34:46 查询号码 【1538589】，返回信息 {"status":"ok","msg":"安徽-合肥","gid":"380169","time_insert":"2021-07-24 18:33"}
2024-07-29 01:34:46 查询号码 【1538589】，GSD为【"安徽-合肥"】

2024-07-29 01:34:47 开始第 8708 次操作

2024-07-29 01:34:47 开始操作号码 【1538590】
2024-07-29 01:34:55 GSD getOne 第 1 次 等待 3 秒
2024-07-29 01:34:58 查询号码 【1538590】，返回信息 {"status":"ok","msg":"安徽-六安","gid":"380167","time_insert":"2021-07-24 18:32"}
2024-07-29 01:34:58 查询号码 【1538590】，GSD为【"安徽-六安"】

2024-07-29 02:15:58 开始第 8709 次操作

2024-07-29 02:15:58 开始操作号码 【1538591】
2024-07-29 02:16:09 GSD getOne 第 1 次 等待 3 秒
2024-07-29 02:16:12 查询号码 【1538591】，返回信息 {"status":"ok","msg":"安徽-六安","gid":"380162","time_insert":"2021-07-24 18:31"}
2024-07-29 02:16:12 查询号码 【1538591】，GSD为【"安徽-六安"】

2024-07-29 02:16:13 开始第 8710 次操作

2024-07-29 02:16:13 开始操作号码 【1538592】
2024-07-29 02:16:20 GSD getOne 第 1 次 等待 3 秒
2024-07-29 02:16:23 查询号码 【1538592】，返回信息 {"status":"ok","msg":"安徽-六安","gid":"380160","time_insert":"2021-07-24 18:30"}
2024-07-29 02:16:23 查询号码 【1538592】，GSD为【"安徽-六安"】

2024-07-29 02:16:24 开始第 8711 次操作

2024-07-29 02:16:24 开始操作号码 【1538593】
2024-07-29 02:16:33 GSD getOne 第 1 次 等待 3 秒
2024-07-29 02:16:36 查询号码 【1538593】，返回信息 {"status":"ok","msg":"安徽-六安","gid":"380156","time_insert":"2021-07-24 18:29"}
2024-07-29 02:16:36 查询号码 【1538593】，GSD为【"安徽-六安"】

2024-07-29 02:16:37 开始第 8712 次操作

2024-07-29 02:16:37 开始操作号码 【1538594】
2024-07-29 02:16:44 GSD getOne 第 1 次 等待 3 秒
2024-07-29 02:16:47 查询号码 【1538594】，返回信息 {"status":"ok","msg":"安徽-六安","gid":"380155","time_insert":"2021-07-24 18:28"}
2024-07-29 02:16:47 查询号码 【1538594】，GSD为【"安徽-六安"】

2024-07-29 02:37:26 开始第 8713 次操作

2024-07-29 02:37:26 开始操作号码 【1538595】
2024-07-29 02:37:34 GSD getOne 第 1 次 等待 3 秒
2024-07-29 02:37:37 查询号码 【1538595】，返回信息 {"status":"ok","msg":"安徽-六安","gid":"380152","time_insert":"2021-07-24 18:27"}
2024-07-29 02:37:37 查询号码 【1538595】，GSD为【"安徽-六安"】

2024-07-29 02:37:38 开始第 8714 次操作

2024-07-29 02:37:38 开始操作号码 【1538596】
2024-07-29 02:37:46 GSD getOne 第 1 次 等待 3 秒
2024-07-29 02:37:49 查询号码 【1538596】，返回信息 {"status":"ok","msg":"安徽-六安","gid":"380149","time_insert":"2021-07-24 18:27"}
2024-07-29 02:37:49 查询号码 【1538596】，GSD为【"安徽-六安"】

2024-07-29 02:37:50 开始第 8715 次操作

2024-07-29 02:37:50 开始操作号码 【1538597】
2024-07-29 02:37:58 GSD getOne 第 1 次 等待 3 秒
2024-07-29 02:38:01 查询号码 【1538597】，返回信息 {"status":"ok","msg":"安徽-六安","gid":"380147","time_insert":"2021-07-24 18:26"}
2024-07-29 02:38:01 查询号码 【1538597】，GSD为【"安徽-六安"】

2024-07-29 02:38:02 开始第 8716 次操作

2024-07-29 02:38:02 开始操作号码 【1538598】
2024-07-29 02:38:10 GSD getOne 第 1 次 等待 3 秒
2024-07-29 02:38:13 查询号码 【1538598】，返回信息 {"status":"ok","msg":"安徽-六安","gid":"380146","time_insert":"2021-07-24 18:25"}
2024-07-29 02:38:13 查询号码 【1538598】，GSD为【"安徽-六安"】

2024-07-29 03:08:59 开始第 8717 次操作

2024-07-29 03:08:59 开始操作号码 【1538599】
2024-07-29 03:09:07 GSD getOne 第 1 次 等待 3 秒
2024-07-29 03:09:10 查询号码 【1538599】，返回信息 {"status":"ok","msg":"安徽-六安","gid":"380145","time_insert":"2021-07-24 18:24"}
2024-07-29 03:09:10 查询号码 【1538599】，GSD为【"安徽-六安"】

2024-07-29 03:09:11 开始第 8718 次操作

2024-07-29 03:09:11 开始操作号码 【1538600】
2024-07-29 03:09:19 GSD getOne 第 1 次 等待 3 秒
2024-07-29 03:09:22 查询号码 【1538600】，返回信息 {"status":"ok","msg":"湖南-衡阳","gid":"380141","time_insert":"2021-07-24 18:23"}
2024-07-29 03:09:22 查询号码 【1538600】，GSD为【"湖南-衡阳"】

2024-07-29 03:09:23 开始第 8719 次操作

2024-07-29 03:09:23 开始操作号码 【1538601】
2024-07-29 03:09:31 GSD getOne 第 1 次 等待 3 秒
2024-07-29 03:09:34 查询号码 【1538601】，返回信息 {"status":"ok","msg":"湖南-衡阳","gid":"380136","time_insert":"2021-07-24 18:23"}
2024-07-29 03:09:34 查询号码 【1538601】，GSD为【"湖南-衡阳"】

2024-07-29 03:09:35 开始第 8720 次操作

2024-07-29 03:09:35 开始操作号码 【1538602】
2024-07-29 03:09:43 GSD getOne 第 1 次 等待 3 秒
2024-07-29 03:09:46 查询号码 【1538602】，返回信息 {"status":"ok","msg":"湖南-衡阳","gid":"380133","time_insert":"2021-07-24 18:22"}
2024-07-29 03:09:46 查询号码 【1538602】，GSD为【"湖南-衡阳"】

