2024-09-15 00:15:51 开始第 4665 次操作

2024-09-15 00:15:51 开始操作号码 【1424663】
2024-09-15 00:16:00 GSD getOne 第 1 次 等待 3 秒
2024-09-15 00:16:03 查询号码 【1424663】，返回信息 {"status":"ok","msg":"-","gid":"613962","time_insert":"2023-03-25 15:57"}
2024-09-15 00:16:03 查询号码 【1424663】，GSD为【"-"】
2024-09-15 00:16:03 ok && -
2024-09-15 00:16:05 CHB 1424663?1726330563 第 1 次 等待 3 秒
2024-09-15 00:16:08 CHB 1424663?1726330563 第 1 次 获取到号码【1424663】GSD
2024-09-15 00:16:08 未获取到号码【1424663】GSD，可能号码格式错误
2024-09-15 00:16:08 获取到号码【1424663】的GSD为【-】
2024-09-15 00:16:15 GSD insert 第 1 次 等待 3 秒
2024-09-15 00:16:18 {"status":"bad","gid":"613962","msg":"添加失败！号码【1424663(-|-)】已存在！"}
2024-09-15 00:16:18 随机等待 232 秒，约 3 分钟
2024-09-15 00:16:18 下次操作: 2024-09-15 00:20:10

2024-09-15 00:20:10 开始第 4666 次操作

2024-09-15 00:20:10 开始操作号码 【1424664】
2024-09-15 00:20:21 GSD getOne 第 1 次 等待 3 秒
2024-09-15 00:20:24 查询号码 【1424664】，返回信息 {"status":"ok","msg":"-","gid":"613979","time_insert":"2023-03-25 16:11"}
2024-09-15 00:20:24 查询号码 【1424664】，GSD为【"-"】
2024-09-15 00:20:24 ok && -
2024-09-15 00:20:26 CHB 1424664?1726330824 第 1 次 等待 3 秒
2024-09-15 00:20:29 CHB 1424664?1726330824 第 1 次 获取到号码【1424664】GSD
2024-09-15 00:20:29 未获取到号码【1424664】GSD，可能号码格式错误
2024-09-15 00:20:29 获取到号码【1424664】的GSD为【-】
2024-09-15 00:20:37 GSD insert 第 1 次 等待 3 秒
2024-09-15 00:20:40 {"status":"bad","gid":"613979","msg":"添加失败！号码【1424664(-|-)】已存在！"}
2024-09-15 00:20:40 随机等待 229 秒，约 3 分钟
2024-09-15 00:20:40 下次操作: 2024-09-15 00:24:29

2024-09-15 00:24:29 开始第 4667 次操作

2024-09-15 00:24:29 开始操作号码 【1424665】
2024-09-15 00:24:36 GSD getOne 第 1 次 等待 3 秒
2024-09-15 00:24:39 查询号码 【1424665】，返回信息 {"status":"ok","msg":"-","gid":"613997","time_insert":"2023-03-25 16:25"}
2024-09-15 00:24:39 查询号码 【1424665】，GSD为【"-"】
2024-09-15 00:24:39 ok && -
2024-09-15 00:24:41 CHB 1424665?1726331079 第 1 次 等待 3 秒
2024-09-15 00:24:44 CHB 1424665?1726331079 第 1 次 获取到号码【1424665】GSD
2024-09-15 00:24:44 未获取到号码【1424665】GSD，可能号码格式错误
2024-09-15 00:24:44 获取到号码【1424665】的GSD为【-】
2024-09-15 00:24:52 GSD insert 第 1 次 等待 3 秒
2024-09-15 00:24:55 {"status":"bad","gid":"613997","msg":"添加失败！号码【1424665(-|-)】已存在！"}
2024-09-15 00:24:55 随机等待 223 秒，约 3 分钟
2024-09-15 00:24:55 下次操作: 2024-09-15 00:28:38

2024-09-15 00:28:38 开始第 4668 次操作

2024-09-15 00:28:38 开始操作号码 【1424666】
2024-09-15 00:28:46 GSD getOne 第 1 次 等待 3 秒
2024-09-15 00:28:49 查询号码 【1424666】，返回信息 {"status":"ok","msg":"-","gid":"614020","time_insert":"2023-03-25 16:39"}
2024-09-15 00:28:49 查询号码 【1424666】，GSD为【"-"】
2024-09-15 00:28:49 ok && -
2024-09-15 00:28:51 CHB 1424666?1726331329 第 1 次 等待 3 秒
2024-09-15 00:28:54 CHB 1424666?1726331329 第 1 次 获取到号码【1424666】GSD
2024-09-15 00:28:54 未获取到号码【1424666】GSD，可能号码格式错误
2024-09-15 00:28:54 获取到号码【1424666】的GSD为【-】
2024-09-15 00:29:01 GSD insert 第 1 次 等待 3 秒
2024-09-15 00:29:04 {"status":"bad","gid":"614020","msg":"添加失败！号码【1424666(-|-)】已存在！"}

