2024-02-09 00:13:01 开始第 2741 次操作

2024-02-09 00:13:01 开始操作号码 【1752634】
2024-02-09 00:13:06 GSD getOne 第 1 次 等待 3 秒
2024-02-09 00:13:09 查询号码 【1752634】，返回信息 {"status":"ok","msg":"湖南-湘潭","gid":"160358","time_insert":"2021-06-30 11:57"}
2024-02-09 00:13:09 查询号码 【1752634】，GSD为【"湖南-湘潭"】

2024-02-09 00:13:10 开始第 2742 次操作

2024-02-09 00:13:10 开始操作号码 【1752635】
2024-02-09 00:13:14 GSD getOne 第 1 次 等待 3 秒
2024-02-09 00:13:17 查询号码 【1752635】，返回信息 {"status":"ok","msg":"湖南-衡阳","gid":"160369","time_insert":"2021-06-30 11:58"}
2024-02-09 00:13:17 查询号码 【1752635】，GSD为【"湖南-衡阳"】

2024-02-09 00:13:18 开始第 2743 次操作

2024-02-09 00:13:18 开始操作号码 【1752636】
2024-02-09 00:13:24 GSD getOne 第 1 次 等待 3 秒
2024-02-09 00:13:27 查询号码 【1752636】，返回信息 {"status":"ok","msg":"湖南-衡阳","gid":"160380","time_insert":"2021-06-30 11:58"}
2024-02-09 00:13:27 查询号码 【1752636】，GSD为【"湖南-衡阳"】

2024-02-09 00:13:28 开始第 2744 次操作

2024-02-09 00:13:28 开始操作号码 【1752637】
2024-02-09 00:13:32 GSD getOne 第 1 次 等待 3 秒
2024-02-09 00:13:35 查询号码 【1752637】，返回信息 {"status":"ok","msg":"湖南-衡阳","gid":"160389","time_insert":"2021-06-30 11:59"}
2024-02-09 00:13:35 查询号码 【1752637】，GSD为【"湖南-衡阳"】

