2024-06-11 00:15:06 开始第 118 次操作
2024-06-11 00:15:06 号码【164（0000 ---> 9999）】处理完毕
2024-06-11 00:38:47 开始第 118 次操作
2024-06-11 00:38:47 号码【164（0000 ---> 9999）】处理完毕
2024-06-11 01:10:08 开始第 118 次操作
2024-06-11 01:10:08 号码【164（0000 ---> 9999）】处理完毕
2024-06-11 01:34:09 开始第 118 次操作
2024-06-11 01:34:09 号码【164（0000 ---> 9999）】处理完毕
2024-06-11 02:15:27 开始第 118 次操作
2024-06-11 02:15:27 号码【164（0000 ---> 9999）】处理完毕
2024-06-11 02:37:17 开始第 118 次操作
2024-06-11 02:37:17 号码【164（0000 ---> 9999）】处理完毕
2024-06-11 03:09:55 开始第 118 次操作
2024-06-11 03:09:55 号码【164（0000 ---> 9999）】处理完毕
2024-06-11 03:34:18 开始第 118 次操作
2024-06-11 03:34:18 号码【164（0000 ---> 9999）】处理完毕
2024-06-11 04:12:14 开始第 118 次操作
2024-06-11 04:12:14 号码【164（0000 ---> 9999）】处理完毕
2024-06-11 04:34:43 开始第 118 次操作
2024-06-11 04:34:43 号码【164（0000 ---> 9999）】处理完毕
2024-06-11 05:11:58 开始第 118 次操作
2024-06-11 05:11:58 号码【164（0000 ---> 9999）】处理完毕
2024-06-11 05:35:38 开始第 118 次操作
2024-06-11 05:35:38 号码【164（0000 ---> 9999）】处理完毕
2024-06-11 06:12:15 开始第 118 次操作
2024-06-11 06:12:15 号码【164（0000 ---> 9999）】处理完毕
2024-06-11 06:35:51 开始第 118 次操作
2024-06-11 06:35:51 号码【164（0000 ---> 9999）】处理完毕
2024-06-11 07:11:28 开始第 118 次操作
2024-06-11 07:11:28 号码【164（0000 ---> 9999）】处理完毕
2024-06-11 07:35:00 开始第 118 次操作
2024-06-11 07:35:00 号码【164（0000 ---> 9999）】处理完毕
2024-06-11 08:31:17 开始第 118 次操作

2024-06-11 08:31:17 开始操作号码 【1530001】
2024-06-11 08:31:25 GSD getOne 第 1 次 等待 3 秒
2024-06-11 08:31:28 查询号码 【1530001】，返回信息 {"status":"ok","msg":"北京-北京","gid":"75999","time_insert":"2021-06-01 18:09"}
2024-06-11 08:31:29 查询号码 【1530001】，GSD为【"北京-北京"】

2024-06-11 08:31:30 开始第 119 次操作

2024-06-11 08:31:30 开始操作号码 【1530002】
2024-06-11 08:31:39 GSD getOne 第 1 次 等待 3 秒
2024-06-11 08:31:42 查询号码 【1530002】，返回信息 {"status":"ok","msg":"北京-北京","gid":"76024","time_insert":"2021-06-01 18:41"}
2024-06-11 08:31:42 查询号码 【1530002】，GSD为【"北京-北京"】

2024-06-11 08:31:43 开始第 120 次操作

2024-06-11 08:31:43 开始操作号码 【1530003】
2024-06-11 08:31:52 GSD getOne 第 1 次 等待 3 秒
2024-06-11 08:31:55 查询号码 【1530003】，返回信息 {"status":"ok","msg":"北京-北京","gid":"76057","time_insert":"2021-06-01 19:16"}
2024-06-11 08:31:55 查询号码 【1530003】，GSD为【"北京-北京"】

2024-06-11 08:54:41 开始第 121 次操作

2024-06-11 08:54:41 开始操作号码 【1530004】
2024-06-11 08:54:50 GSD getOne 第 1 次 等待 3 秒
2024-06-11 08:54:53 查询号码 【1530004】，返回信息 {"status":"ok","msg":"北京-北京","gid":"76084","time_insert":"2021-06-01 19:48"}
2024-06-11 08:54:53 查询号码 【1530004】，GSD为【"北京-北京"】

2024-06-11 08:54:54 开始第 122 次操作

2024-06-11 08:54:54 开始操作号码 【1530005】
2024-06-11 08:54:59 GSD getOne 第 1 次 等待 3 秒
2024-06-11 08:55:02 查询号码 【1530005】，返回信息 {"status":"ok","msg":"北京-北京","gid":"76107","time_insert":"2021-06-01 20:13"}
2024-06-11 08:55:02 查询号码 【1530005】，GSD为【"北京-北京"】

2024-06-11 08:55:03 开始第 123 次操作

2024-06-11 08:55:03 开始操作号码 【1530006】
2024-06-11 08:55:08 GSD getOne 第 1 次 等待 3 秒
2024-06-11 08:55:11 查询号码 【1530006】，返回信息 {"status":"ok","msg":"北京-北京","gid":"76124","time_insert":"2021-06-01 20:31"}
2024-06-11 08:55:11 查询号码 【1530006】，GSD为【"北京-北京"】

2024-06-11 08:55:12 开始第 124 次操作

2024-06-11 08:55:12 开始操作号码 【1530007】
2024-06-11 08:55:20 GSD getOne 第 1 次 等待 3 秒
2024-06-11 08:55:23 查询号码 【1530007】，返回信息 {"status":"ok","msg":"北京-北京","gid":"76147","time_insert":"2021-06-01 20:56"}
2024-06-11 08:55:23 查询号码 【1530007】，GSD为【"北京-北京"】

