2024-09-05 00:16:44 开始第 2921 次操作

2024-09-05 00:16:44 开始操作号码 【1422920】
2024-09-05 00:16:52 GSD getOne 第 1 次 等待 3 秒
2024-09-05 00:16:55 查询号码 【1422920】，返回信息 {"status":"ok","msg":"-","gid":"573827","time_insert":"2023-03-06 16:06"}
2024-09-05 00:16:55 查询号码 【1422920】，GSD为【"-"】
2024-09-05 00:16:55 ok && -
2024-09-05 00:16:57 CHB 1422920?1725466615 第 1 次 等待 3 秒
2024-09-05 00:17:00 CHB 1422920?1725466615 第 1 次 获取到号码【1422920】GSD
2024-09-05 00:17:00 未获取到号码【1422920】GSD，可能号码格式错误
2024-09-05 00:17:00 获取到号码【1422920】的GSD为【-】
2024-09-05 00:17:08 GSD insert 第 1 次 等待 3 秒
2024-09-05 00:17:11 {"status":"bad","gid":"573827","msg":"添加失败！号码【1422920(-|-)】已存在！"}
2024-09-05 00:17:11 随机等待 217 秒，约 3 分钟
2024-09-05 00:17:11 下次操作: 2024-09-05 00:20:48

2024-09-05 00:20:48 开始第 2922 次操作

2024-09-05 00:20:48 开始操作号码 【1422921】
2024-09-05 00:20:58 GSD getOne 第 1 次 等待 3 秒
2024-09-05 00:21:01 查询号码 【1422921】，返回信息 {"status":"ok","msg":"-","gid":"573850","time_insert":"2023-03-06 16:24"}
2024-09-05 00:21:01 查询号码 【1422921】，GSD为【"-"】
2024-09-05 00:21:01 ok && -
2024-09-05 00:21:06 CHB 1422921?1725466861 第 1 次 等待 3 秒
2024-09-05 00:21:09 CHB 1422921?1725466861 第 1 次 获取到号码【1422921】GSD
2024-09-05 00:21:09 未获取到号码【1422921】GSD，可能号码格式错误
2024-09-05 00:21:09 获取到号码【1422921】的GSD为【-】
2024-09-05 00:21:16 GSD insert 第 1 次 等待 3 秒
2024-09-05 00:21:19 {"status":"bad","gid":"573850","msg":"添加失败！号码【1422921(-|-)】已存在！"}
2024-09-05 00:21:19 随机等待 82 秒，约 1 分钟
2024-09-05 00:21:19 下次操作: 2024-09-05 00:22:41

2024-09-05 00:22:41 开始第 2923 次操作

2024-09-05 00:22:41 开始操作号码 【1422922】
2024-09-05 00:22:50 GSD getOne 第 1 次 等待 3 秒
2024-09-05 00:22:53 查询号码 【1422922】，返回信息 {"status":"ok","msg":"-","gid":"573877","time_insert":"2023-03-06 16:45"}
2024-09-05 00:22:53 查询号码 【1422922】，GSD为【"-"】
2024-09-05 00:22:53 ok && -
2024-09-05 00:23:08 CHB 1422922?1725466973 第 1 次 等待 3 秒
2024-09-05 00:23:11 CHB 1422922?1725466973 第 1 次 获取到号码【1422922】GSD
2024-09-05 00:23:11 未获取到号码【1422922】GSD，可能号码格式错误
2024-09-05 00:23:11 获取到号码【1422922】的GSD为【-】
2024-09-05 00:23:19 GSD insert 第 1 次 等待 3 秒
2024-09-05 00:23:22 {"status":"bad","gid":"573877","msg":"添加失败！号码【1422922(-|-)】已存在！"}
2024-09-05 00:23:22 随机等待 224 秒，约 3 分钟
2024-09-05 00:23:22 下次操作: 2024-09-05 00:27:06

2024-09-05 00:27:06 开始第 2924 次操作

2024-09-05 00:27:06 开始操作号码 【1422923】
2024-09-05 00:27:14 GSD getOne 第 1 次 等待 3 秒
2024-09-05 00:27:17 查询号码 【1422923】，返回信息 {"status":"ok","msg":"-","gid":"573911","time_insert":"2023-03-06 17:04"}
2024-09-05 00:27:17 查询号码 【1422923】，GSD为【"-"】
2024-09-05 00:27:17 ok && -
2024-09-05 00:27:21 CHB 1422923?1725467237 第 1 次 等待 3 秒
2024-09-05 00:27:24 CHB 1422923?1725467237 第 1 次 获取到号码【1422923】GSD
2024-09-05 00:27:24 未获取到号码【1422923】GSD，可能号码格式错误
2024-09-05 00:27:24 获取到号码【1422923】的GSD为【-】
2024-09-05 00:27:33 GSD insert 第 1 次 等待 3 秒
2024-09-05 00:27:36 {"status":"bad","gid":"573911","msg":"添加失败！号码【1422923(-|-)】已存在！"}

