2024-10-21 00:24:15 开始第 585 次操作

2024-10-21 00:24:15 开始操作号码 【1320584】
2024-10-21 00:24:17 GSD getOne 第 1 次 等待 3 秒
2024-10-21 00:24:20 查询号码 【1320584】，返回信息 {"status":"ok","msg":"浙江-宁波","gid":"59425","time_insert":"2021-05-15 19:04"}
2024-10-21 00:24:20 查询号码 【1320584】，GSD为【"浙江-宁波"】

2024-10-21 00:24:21 开始第 586 次操作

2024-10-21 00:24:21 开始操作号码 【1320585】
2024-10-21 00:24:22 GSD getOne 第 1 次 等待 3 秒
2024-10-21 00:24:25 查询号码 【1320585】，返回信息 {"status":"ok","msg":"浙江-绍兴","gid":"59433","time_insert":"2021-05-15 19:19"}
2024-10-21 00:24:25 查询号码 【1320585】，GSD为【"浙江-绍兴"】

2024-10-21 00:24:26 开始第 587 次操作

2024-10-21 00:24:26 开始操作号码 【1320586】
2024-10-21 00:24:27 GSD getOne 第 1 次 等待 3 秒
2024-10-21 00:24:30 查询号码 【1320586】，返回信息 {"status":"ok","msg":"浙江-台州","gid":"59442","time_insert":"2021-05-15 19:36","time_update":"2021-05-16 07:43"}
2024-10-21 00:24:30 查询号码 【1320586】，GSD为【"浙江-台州"】

2024-10-21 00:24:31 开始第 588 次操作

2024-10-21 00:24:31 开始操作号码 【1320587】
2024-10-21 00:24:33 GSD getOne 第 1 次 等待 3 秒
2024-10-21 00:24:36 查询号码 【1320587】，返回信息 {"status":"ok","msg":"浙江-温州","gid":"59454","time_insert":"2021-05-15 20:07"}
2024-10-21 00:24:36 查询号码 【1320587】，GSD为【"浙江-温州"】

