2024-11-24 00:25:49 开始第 6289 次操作

2024-11-24 00:25:49 开始操作号码 【1326288】
2024-11-24 00:25:51 GSD getOne 第 1 次 等待 3 秒
2024-11-24 00:25:55 GSD getOne 第 2 次 等待 3 秒
2024-11-24 00:25:58 查询号码 【1326288】，返回信息 {"status":"ok","msg":"上海-上海","gid":"238901","time_insert":"2021-07-10 11:04"}
2024-11-24 00:25:58 查询号码 【1326288】，GSD为【"上海-上海"】

2024-11-24 00:25:59 开始第 6290 次操作

2024-11-24 00:25:59 开始操作号码 【1326289】
2024-11-24 00:26:00 GSD getOne 第 1 次 等待 3 秒
2024-11-24 00:26:03 查询号码 【1326289】，返回信息 {"status":"ok","msg":"上海-上海","gid":"238898","time_insert":"2021-07-10 11:04"}
2024-11-24 00:26:03 查询号码 【1326289】，GSD为【"上海-上海"】

2024-11-24 00:26:04 开始第 6291 次操作

2024-11-24 00:26:04 开始操作号码 【1326290】
2024-11-24 00:26:05 GSD getOne 第 1 次 等待 3 秒
2024-11-24 00:26:08 查询号码 【1326290】，返回信息 {"status":"ok","msg":"上海-上海","gid":"238895","time_insert":"2021-07-10 11:03"}
2024-11-24 00:26:08 查询号码 【1326290】，GSD为【"上海-上海"】

2024-11-24 00:26:09 开始第 6292 次操作

2024-11-24 00:26:09 开始操作号码 【1326291】
2024-11-24 00:26:10 GSD getOne 第 1 次 等待 3 秒
2024-11-24 00:26:16 GSD getOne 第 2 次 等待 3 秒
2024-11-24 00:26:19 查询号码 【1326291】，返回信息 {"status":"ok","msg":"上海-上海","gid":"238889","time_insert":"2021-07-10 11:02"}
2024-11-24 00:26:19 查询号码 【1326291】，GSD为【"上海-上海"】

