2024-12-01 00:25:24 开始第 7417 次操作

2024-12-01 00:25:24 开始操作号码 【1327416】
2024-12-01 00:25:25 GSD getOne 第 1 次 等待 3 秒
2024-12-01 00:25:28 查询号码 【1327416】，返回信息 {"status":"ok","msg":"辽宁-锦州","gid":"225992","time_insert":"2021-07-08 22:45"}
2024-12-01 00:25:28 查询号码 【1327416】，GSD为【"辽宁-锦州"】

2024-12-01 00:25:29 开始第 7418 次操作

2024-12-01 00:25:29 开始操作号码 【1327417】
2024-12-01 00:25:30 GSD getOne 第 1 次 等待 3 秒
2024-12-01 00:25:33 查询号码 【1327417】，返回信息 {"status":"ok","msg":"辽宁-营口","gid":"225986","time_insert":"2021-07-08 22:44"}
2024-12-01 00:25:33 查询号码 【1327417】，GSD为【"辽宁-营口"】

2024-12-01 00:25:34 开始第 7419 次操作

2024-12-01 00:25:34 开始操作号码 【1327418】
2024-12-01 00:25:34 GSD getOne 第 1 次 等待 3 秒
2024-12-01 00:25:37 查询号码 【1327418】，返回信息 {"status":"ok","msg":"辽宁-阜新","gid":"225980","time_insert":"2021-07-08 22:44"}
2024-12-01 00:25:37 查询号码 【1327418】，GSD为【"辽宁-阜新"】

2024-12-01 00:25:38 开始第 7420 次操作

2024-12-01 00:25:38 开始操作号码 【1327419】
2024-12-01 00:25:39 GSD getOne 第 1 次 等待 3 秒
2024-12-01 00:25:42 查询号码 【1327419】，返回信息 {"status":"ok","msg":"辽宁-辽阳","gid":"225977","time_insert":"2021-07-08 22:43"}
2024-12-01 00:25:42 查询号码 【1327419】，GSD为【"辽宁-辽阳"】

