2024-02-22 00:13:31 开始第 5133 次操作

2024-02-22 00:13:31 开始操作号码 【1755026】
2024-02-22 00:13:39 GSD getOne 第 1 次 等待 3 秒
2024-02-22 00:13:42 查询号码 【1755026】，返回信息 {"status":"ok","msg":"河南-商丘","gid":"187987","time_insert":"2021-07-04 06:46"}
2024-02-22 00:13:42 查询号码 【1755026】，GSD为【"河南-商丘"】

2024-02-22 00:13:43 开始第 5134 次操作

2024-02-22 00:13:43 开始操作号码 【1755027】
2024-02-22 00:13:48 GSD getOne 第 1 次 等待 3 秒
2024-02-22 00:13:51 查询号码 【1755027】，返回信息 {"status":"ok","msg":"河南-商丘","gid":"188001","time_insert":"2021-07-04 06:47"}
2024-02-22 00:13:51 查询号码 【1755027】，GSD为【"河南-商丘"】

2024-02-22 00:13:52 开始第 5135 次操作

2024-02-22 00:13:52 开始操作号码 【1755028】
2024-02-22 00:14:00 GSD getOne 第 1 次 等待 3 秒
2024-02-22 00:14:03 查询号码 【1755028】，返回信息 {"status":"ok","msg":"河南-商丘","gid":"188010","time_insert":"2021-07-04 06:48"}
2024-02-22 00:14:03 查询号码 【1755028】，GSD为【"河南-商丘"】

2024-02-22 00:14:04 开始第 5136 次操作

2024-02-22 00:14:04 开始操作号码 【1755029】
2024-02-22 00:14:11 GSD getOne 第 1 次 等待 3 秒
2024-02-22 00:14:14 查询号码 【1755029】，返回信息 {"status":"ok","msg":"河南-商丘","gid":"188020","time_insert":"2021-07-04 06:49"}
2024-02-22 00:14:14 查询号码 【1755029】，GSD为【"河南-商丘"】

2024-02-22 00:36:06 开始第 5137 次操作

2024-02-22 00:36:06 开始操作号码 【1755030】
2024-02-22 00:36:11 GSD getOne 第 1 次 等待 3 秒
2024-02-22 00:36:14 查询号码 【1755030】，返回信息 {"status":"ok","msg":"河南-南阳","gid":"188031","time_insert":"2021-07-04 06:50"}
2024-02-22 00:36:14 查询号码 【1755030】，GSD为【"河南-南阳"】

2024-02-22 00:36:15 开始第 5138 次操作

2024-02-22 00:36:15 开始操作号码 【1755031】
2024-02-22 00:36:21 GSD getOne 第 1 次 等待 3 秒
2024-02-22 00:36:24 查询号码 【1755031】，返回信息 {"status":"ok","msg":"河南-南阳","gid":"188042","time_insert":"2021-07-04 06:50"}
2024-02-22 00:36:24 查询号码 【1755031】，GSD为【"河南-南阳"】

2024-02-22 00:36:25 开始第 5139 次操作

2024-02-22 00:36:25 开始操作号码 【1755032】
2024-02-22 00:36:30 GSD getOne 第 1 次 等待 3 秒
2024-02-22 00:36:33 查询号码 【1755032】，返回信息 {"status":"ok","msg":"河南-南阳","gid":"188054","time_insert":"2021-07-04 06:51"}
2024-02-22 00:36:33 查询号码 【1755032】，GSD为【"河南-南阳"】

2024-02-22 00:36:34 开始第 5140 次操作

2024-02-22 00:36:34 开始操作号码 【1755033】
2024-02-22 00:36:41 GSD getOne 第 1 次 等待 3 秒
2024-02-22 00:36:44 查询号码 【1755033】，返回信息 {"status":"ok","msg":"河南-南阳","gid":"29894","time_insert":"2018-06-15 17:04","time_update":"2020-09-12 01:22"}
2024-02-22 00:36:44 查询号码 【1755033】，GSD为【"河南-南阳"】

