2024-12-16 00:25:40 开始第 9793 次操作

2024-12-16 00:25:40 开始操作号码 【1329792】
2024-12-16 00:25:41 GSD getOne 第 1 次 等待 3 秒
2024-12-16 00:25:44 查询号码 【1329792】，返回信息 {"status":"ok","msg":"湖北-武汉","gid":"2689","time_insert":"2017-04-19 11:23","time_update":"2020-09-15 00:42"}
2024-12-16 00:25:44 查询号码 【1329792】，GSD为【"湖北-武汉"】

2024-12-16 00:25:45 开始第 9794 次操作

2024-12-16 00:25:45 开始操作号码 【1329793】
2024-12-16 00:25:46 GSD getOne 第 1 次 等待 3 秒
2024-12-16 00:25:49 查询号码 【1329793】，返回信息 {"status":"ok","msg":"湖北-武汉","gid":"200278","time_insert":"2021-07-05 19:42"}
2024-12-16 00:25:49 查询号码 【1329793】，GSD为【"湖北-武汉"】

2024-12-16 00:25:50 开始第 9795 次操作

2024-12-16 00:25:50 开始操作号码 【1329794】
2024-12-16 00:25:51 GSD getOne 第 1 次 等待 3 秒
2024-12-16 00:25:55 查询号码 【1329794】，返回信息 {"status":"ok","msg":"湖北-武汉","gid":"200271","time_insert":"2021-07-05 19:42"}
2024-12-16 00:25:55 查询号码 【1329794】，GSD为【"湖北-武汉"】

2024-12-16 00:25:56 开始第 9796 次操作

2024-12-16 00:25:56 开始操作号码 【1329795】
2024-12-16 00:25:57 GSD getOne 第 1 次 等待 3 秒
2024-12-16 00:26:00 查询号码 【1329795】，返回信息 {"status":"ok","msg":"湖北-武汉","gid":"200262","time_insert":"2021-07-05 19:41"}
2024-12-16 00:26:00 查询号码 【1329795】，GSD为【"湖北-武汉"】

