2024-06-20 00:14:36 开始第 1673 次操作

2024-06-20 00:14:36 开始操作号码 【1531556】
2024-06-20 00:14:42 GSD getOne 第 1 次 等待 3 秒
2024-06-20 00:14:45 查询号码 【1531556】，返回信息 {"status":"ok","msg":"山东-济南","gid":"20729","time_insert":"2020-08-04 14:03","time_update":"2021-06-03 19:35"}
2024-06-20 00:14:45 查询号码 【1531556】，GSD为【"山东-济南"】

2024-06-20 00:14:46 开始第 1674 次操作

2024-06-20 00:14:46 开始操作号码 【1531557】
2024-06-20 00:14:53 GSD getOne 第 1 次 等待 3 秒
2024-06-20 00:14:56 查询号码 【1531557】，返回信息 {"status":"ok","msg":"山东-济南","gid":"119032","time_insert":"2021-06-23 18:28"}
2024-06-20 00:14:56 查询号码 【1531557】，GSD为【"山东-济南"】

2024-06-20 00:14:57 开始第 1675 次操作

2024-06-20 00:14:57 开始操作号码 【1531558】
2024-06-20 00:15:07 GSD getOne 第 1 次 等待 3 秒
2024-06-20 00:15:10 查询号码 【1531558】，返回信息 {"status":"ok","msg":"山东-济南","gid":"119056","time_insert":"2021-06-23 18:47"}
2024-06-20 00:15:10 查询号码 【1531558】，GSD为【"山东-济南"】

2024-06-20 00:15:11 开始第 1676 次操作

2024-06-20 00:15:11 开始操作号码 【1531559】
2024-06-20 00:15:16 GSD getOne 第 1 次 等待 3 秒
2024-06-20 00:15:19 查询号码 【1531559】，返回信息 {"status":"ok","msg":"山东-济南","gid":"119137","time_insert":"2021-06-23 19:05"}
2024-06-20 00:15:19 查询号码 【1531559】，GSD为【"山东-济南"】

2024-06-20 00:38:41 开始第 1677 次操作

2024-06-20 00:38:41 开始操作号码 【1531560】
2024-06-20 00:38:48 GSD getOne 第 1 次 等待 3 秒
2024-06-20 00:38:51 查询号码 【1531560】，返回信息 {"status":"ok","msg":"山东-菏泽","gid":"119222","time_insert":"2021-06-23 19:25"}
2024-06-20 00:38:51 查询号码 【1531560】，GSD为【"山东-菏泽"】

2024-06-20 00:38:52 开始第 1678 次操作

2024-06-20 00:38:52 开始操作号码 【1531561】
2024-06-20 00:39:01 GSD getOne 第 1 次 等待 3 秒
2024-06-20 00:39:04 查询号码 【1531561】，返回信息 {"status":"ok","msg":"山东-菏泽","gid":"119271","time_insert":"2021-06-23 19:43"}
2024-06-20 00:39:04 查询号码 【1531561】，GSD为【"山东-菏泽"】

2024-06-20 00:39:05 开始第 1679 次操作

2024-06-20 00:39:05 开始操作号码 【1531562】
2024-06-20 00:39:11 GSD getOne 第 1 次 等待 3 秒
2024-06-20 00:39:14 查询号码 【1531562】，返回信息 {"status":"ok","msg":"山东-菏泽","gid":"119363","time_insert":"2021-06-23 19:59"}
2024-06-20 00:39:14 查询号码 【1531562】，GSD为【"山东-菏泽"】

2024-06-20 00:39:15 开始第 1680 次操作

2024-06-20 00:39:15 开始操作号码 【1531563】
2024-06-20 00:39:24 GSD getOne 第 1 次 等待 3 秒
2024-06-20 00:39:27 查询号码 【1531563】，返回信息 {"status":"ok","msg":"山东-菏泽","gid":"119405","time_insert":"2021-06-23 20:14"}
2024-06-20 00:39:27 查询号码 【1531563】，GSD为【"山东-菏泽"】

2024-06-20 01:11:52 开始第 1681 次操作

2024-06-20 01:11:52 开始操作号码 【1531564】
2024-06-20 01:12:01 GSD getOne 第 1 次 等待 3 秒
2024-06-20 01:12:04 查询号码 【1531564】，返回信息 {"status":"ok","msg":"山东-菏泽","gid":"119426","time_insert":"2021-06-23 20:30"}
2024-06-20 01:12:04 查询号码 【1531564】，GSD为【"山东-菏泽"】

2024-06-20 01:12:05 开始第 1682 次操作

2024-06-20 01:12:05 开始操作号码 【1531565】
2024-06-20 01:12:10 GSD getOne 第 1 次 等待 3 秒
2024-06-20 01:12:13 查询号码 【1531565】，返回信息 {"status":"ok","msg":"山东-菏泽","gid":"119443","time_insert":"2021-06-23 20:47","time_update":"2021-06-23 21:02"}
2024-06-20 01:12:13 查询号码 【1531565】，GSD为【"山东-菏泽"】

2024-06-20 01:12:14 开始第 1683 次操作

2024-06-20 01:12:14 开始操作号码 【1531566】
2024-06-20 01:12:20 GSD getOne 第 1 次 等待 3 秒
2024-06-20 01:12:23 查询号码 【1531566】，返回信息 {"status":"ok","msg":"山东-菏泽","gid":"119463","time_insert":"2021-06-23 21:04"}
2024-06-20 01:12:23 查询号码 【1531566】，GSD为【"山东-菏泽"】

2024-06-20 01:12:24 开始第 1684 次操作

2024-06-20 01:12:24 开始操作号码 【1531567】
2024-06-20 01:12:34 GSD getOne 第 1 次 等待 3 秒
2024-06-20 01:12:37 查询号码 【1531567】，返回信息 {"status":"ok","msg":"山东-菏泽","gid":"119562","time_insert":"2021-06-23 21:23"}
2024-06-20 01:12:37 查询号码 【1531567】，GSD为【"山东-菏泽"】

