2023-10-07 00:13:23 开始第 1957 次操作

2023-10-07 00:13:23 开始操作号码 【1961956】
2023-10-07 00:13:26 GSD getOne 第 1 次 等待 3 秒
2023-10-07 00:13:29 查询号码 【1961956】，返回信息 {"status":"ok","msg":"-","gid":"547015","time_insert":"2023-02-22 11:32"}
2023-10-07 00:13:29 查询号码 【1961956】，GSD为【"-"】
2023-10-07 00:13:29 ok && -
2023-10-07 00:13:32 CHB 1961956?1696608809 第 1 次 等待 3 秒
2023-10-07 00:13:35 CHB 1961956?1696608809 第 1 次 获取到号码【1961956】GSD
2023-10-07 00:13:35 未获取到号码【1961956】GSD，可能号码格式错误
2023-10-07 00:13:35 获取到号码【1961956】的GSD为【-】
2023-10-07 00:13:40 GSD insert 第 1 次 等待 3 秒
2023-10-07 00:13:43 {"status":"bad","gid":"547015","msg":"添加失败！号码【1961956(-|-)】已存在！"}
2023-10-07 00:13:43 随机等待 148 秒，约 2 分钟
2023-10-07 00:13:43 下次操作: 2023-10-07 00:16:11

2023-10-07 00:16:11 开始第 1958 次操作

2023-10-07 00:16:11 开始操作号码 【1961957】
2023-10-07 00:16:18 GSD getOne 第 1 次 等待 3 秒
2023-10-07 00:16:21 查询号码 【1961957】，返回信息 {"status":"ok","msg":"-","gid":"547024","time_insert":"2023-02-22 11:35"}
2023-10-07 00:16:21 查询号码 【1961957】，GSD为【"-"】
2023-10-07 00:16:21 ok && -
2023-10-07 00:16:25 CHB 1961957?1696608981 第 1 次 等待 3 秒
2023-10-07 00:16:28 CHB 1961957?1696608981 第 1 次 获取到号码【1961957】GSD
2023-10-07 00:16:28 未获取到号码【1961957】GSD，可能号码格式错误
2023-10-07 00:16:28 获取到号码【1961957】的GSD为【-】
2023-10-07 00:16:35 GSD insert 第 1 次 等待 3 秒
2023-10-07 00:16:38 {"status":"bad","gid":"547024","msg":"添加失败！号码【1961957(-|-)】已存在！"}
2023-10-07 00:16:38 随机等待 202 秒，约 3 分钟
2023-10-07 00:16:38 下次操作: 2023-10-07 00:20:00

2023-10-07 00:20:00 开始第 1959 次操作

2023-10-07 00:20:00 开始操作号码 【1961958】
2023-10-07 00:20:03 GSD getOne 第 1 次 等待 3 秒
2023-10-07 00:20:06 查询号码 【1961958】，返回信息 {"status":"ok","msg":"-","gid":"547026","time_insert":"2023-02-22 11:37"}
2023-10-07 00:20:06 查询号码 【1961958】，GSD为【"-"】
2023-10-07 00:20:06 ok && -
2023-10-07 00:20:09 CHB 1961958?1696609206 第 1 次 等待 3 秒
2023-10-07 00:20:12 CHB 1961958?1696609206 第 1 次 获取到号码【1961958】GSD
2023-10-07 00:20:12 未获取到号码【1961958】GSD，可能号码格式错误
2023-10-07 00:20:12 获取到号码【1961958】的GSD为【-】
2023-10-07 00:20:24 GSD insert 第 1 次 等待 3 秒
2023-10-07 00:20:27 {"status":"bad","gid":"547026","msg":"添加失败！号码【1961958(-|-)】已存在！"}
2023-10-07 00:20:27 随机等待 161 秒，约 2 分钟
2023-10-07 00:20:27 下次操作: 2023-10-07 00:23:08

2023-10-07 00:23:08 开始第 1960 次操作

2023-10-07 00:23:08 开始操作号码 【1961959】
2023-10-07 00:23:11 GSD getOne 第 1 次 等待 3 秒
2023-10-07 00:23:14 查询号码 【1961959】，返回信息 {"status":"ok","msg":"-","gid":"547029","time_insert":"2023-02-22 11:39"}
2023-10-07 00:23:14 查询号码 【1961959】，GSD为【"-"】
2023-10-07 00:23:14 ok && -
2023-10-07 00:23:16 CHB 1961959?1696609394 第 1 次 等待 3 秒
2023-10-07 00:23:19 CHB 1961959?1696609394 第 1 次 获取到号码【1961959】GSD
2023-10-07 00:23:19 未获取到号码【1961959】GSD，可能号码格式错误
2023-10-07 00:23:19 获取到号码【1961959】的GSD为【-】
2023-10-07 00:23:22 GSD insert 第 1 次 等待 3 秒
2023-10-07 00:23:25 {"status":"bad","gid":"547029","msg":"添加失败！号码【1961959(-|-)】已存在！"}

