2024-06-29 00:14:01 开始第 3301 次操作

2024-06-29 00:14:01 开始操作号码 【1533183】
2024-06-29 00:14:16 GSD getOne 第 1 次 等待 3 秒
2024-06-29 00:14:19 查询号码 【1533183】，返回信息 {"status":"ok","msg":"黑龙江-鸡西","gid":"273576","time_insert":"2021-07-14 11:21"}
2024-06-29 00:14:19 查询号码 【1533183】，GSD为【"黑龙江-鸡西"】

2024-06-29 00:14:20 开始第 3302 次操作

2024-06-29 00:14:20 开始操作号码 【1533184】
2024-06-29 00:14:35 GSD getOne 第 1 次 等待 3 秒
2024-06-29 00:14:38 查询号码 【1533184】，返回信息 {"status":"ok","msg":"黑龙江-齐齐哈尔","gid":"273612","time_insert":"2021-07-14 11:40"}
2024-06-29 00:14:38 查询号码 【1533184】，GSD为【"黑龙江-齐齐哈尔"】

2024-06-29 00:14:39 开始第 3303 次操作

2024-06-29 00:14:39 开始操作号码 【1533185】
2024-06-29 00:14:53 GSD getOne 第 1 次 等待 3 秒
2024-06-29 00:14:56 查询号码 【1533185】，返回信息 {"status":"ok","msg":"黑龙江-鹤岗","gid":"273839","time_insert":"2021-07-14 11:57"}
2024-06-29 00:14:56 查询号码 【1533185】，GSD为【"黑龙江-鹤岗"】

2024-06-29 00:14:57 开始第 3304 次操作

2024-06-29 00:14:57 开始操作号码 【1533186】
2024-06-29 00:15:11 GSD getOne 第 1 次 等待 3 秒
2024-06-29 00:15:14 查询号码 【1533186】，返回信息 {"status":"ok","msg":"黑龙江-牡丹江","gid":"273899","time_insert":"2021-07-14 12:15"}
2024-06-29 00:15:14 查询号码 【1533186】，GSD为【"黑龙江-牡丹江"】

