2024-04-27 00:14:15 开始第 5901 次操作

2024-04-27 00:14:15 开始操作号码 【1645795】
2024-04-27 00:14:33 GSD getOne 第 1 次 等待 3 秒
2024-04-27 00:14:36 查询号码 【1645795】，返回信息 {"status":"ok","msg":"-","gid":"641431","time_insert":"2023-04-08 15:14"}
2024-04-27 00:14:36 查询号码 【1645795】，GSD为【"-"】
2024-04-27 00:14:36 ok && -
2024-04-27 00:14:38 CHB 1645795?1714148076 第 1 次 等待 3 秒
2024-04-27 00:14:41 CHB 1645795?1714148076 第 1 次 获取到号码【1645795】GSD
2024-04-27 00:14:41 未获取到号码【1645795】GSD，可能号码格式错误
2024-04-27 00:14:41 获取到号码【1645795】的GSD为【-】
2024-04-27 00:14:49 GSD insert 第 1 次 等待 3 秒
2024-04-27 00:14:52 {"status":"bad","gid":"641431","msg":"添加失败！号码【1645795(-|-)】已存在！"}
2024-04-27 00:14:52 随机等待 231 秒，约 3 分钟
2024-04-27 00:14:52 下次操作: 2024-04-27 00:18:43

2024-04-27 00:18:43 开始第 5902 次操作

2024-04-27 00:18:43 开始操作号码 【1645796】
2024-04-27 00:18:51 GSD getOne 第 1 次 等待 3 秒
2024-04-27 00:18:54 查询号码 【1645796】，返回信息 {"status":"ok","msg":"-","gid":"641462","time_insert":"2023-04-08 15:35"}
2024-04-27 00:18:54 查询号码 【1645796】，GSD为【"-"】
2024-04-27 00:18:54 ok && -
2024-04-27 00:18:56 CHB 1645796?1714148334 第 1 次 等待 3 秒
2024-04-27 00:18:59 CHB 1645796?1714148334 第 1 次 获取到号码【1645796】GSD
2024-04-27 00:18:59 未获取到号码【1645796】GSD，可能号码格式错误
2024-04-27 00:18:59 获取到号码【1645796】的GSD为【-】
2024-04-27 00:19:08 GSD insert 第 1 次 等待 3 秒
2024-04-27 00:19:11 {"status":"bad","gid":"641462","msg":"添加失败！号码【1645796(-|-)】已存在！"}
2024-04-27 00:19:11 随机等待 112 秒，约 1 分钟
2024-04-27 00:19:11 下次操作: 2024-04-27 00:21:03

2024-04-27 00:21:03 开始第 5903 次操作

2024-04-27 00:21:03 开始操作号码 【1645797】
2024-04-27 00:21:10 GSD getOne 第 1 次 等待 3 秒
2024-04-27 00:21:13 查询号码 【1645797】，返回信息 {"status":"ok","msg":"-","gid":"641495","time_insert":"2023-04-08 15:58"}
2024-04-27 00:21:13 查询号码 【1645797】，GSD为【"-"】
2024-04-27 00:21:13 ok && -
2024-04-27 00:21:15 CHB 1645797?1714148473 第 1 次 等待 3 秒
2024-04-27 00:21:18 CHB 1645797?1714148473 第 1 次 获取到号码【1645797】GSD
2024-04-27 00:21:18 未获取到号码【1645797】GSD，可能号码格式错误
2024-04-27 00:21:18 获取到号码【1645797】的GSD为【-】
2024-04-27 00:21:23 GSD insert 第 1 次 等待 3 秒
2024-04-27 00:21:26 {"status":"bad","gid":"641495","msg":"添加失败！号码【1645797(-|-)】已存在！"}
2024-04-27 00:21:26 随机等待 153 秒，约 2 分钟
2024-04-27 00:21:26 下次操作: 2024-04-27 00:23:59

2024-04-27 00:23:59 开始第 5904 次操作

2024-04-27 00:23:59 开始操作号码 【1645798】
2024-04-27 00:24:06 GSD getOne 第 1 次 等待 3 秒
2024-04-27 00:24:09 查询号码 【1645798】，返回信息 {"status":"ok","msg":"-","gid":"641511","time_insert":"2023-04-08 16:11"}
2024-04-27 00:24:09 查询号码 【1645798】，GSD为【"-"】
2024-04-27 00:24:09 ok && -
2024-04-27 00:24:11 CHB 1645798?1714148649 第 1 次 等待 3 秒
2024-04-27 00:24:14 CHB 1645798?1714148649 第 1 次 获取到号码【1645798】GSD
2024-04-27 00:24:14 未获取到号码【1645798】GSD，可能号码格式错误
2024-04-27 00:24:14 获取到号码【1645798】的GSD为【-】
2024-04-27 00:24:24 GSD insert 第 1 次 等待 3 秒
2024-04-27 00:24:27 {"status":"bad","gid":"641511","msg":"添加失败！号码【1645798(-|-)】已存在！"}

