2024-09-22 00:17:02 开始第 5881 次操作

2024-09-22 00:17:02 开始操作号码 【1425879】
2024-09-22 00:17:04 GSD getOne 第 1 次 等待 3 秒
2024-09-22 00:17:07 查询号码 【1425879】，返回信息 {"status":"ok","msg":"-","gid":"640208","time_insert":"2023-04-07 23:56"}
2024-09-22 00:17:07 查询号码 【1425879】，GSD为【"-"】
2024-09-22 00:17:07 ok && -
2024-09-22 00:17:09 CHB 1425879?1726935427 第 1 次 等待 3 秒
2024-09-22 00:17:12 CHB 1425879?1726935427 第 1 次 获取到号码【1425879】GSD
2024-09-22 00:17:12 未获取到号码【1425879】GSD，可能号码格式错误
2024-09-22 00:17:12 获取到号码【1425879】的GSD为【-】
2024-09-22 00:17:14 GSD insert 第 1 次 等待 3 秒
2024-09-22 00:17:17 {"status":"bad","gid":"640208","msg":"添加失败！号码【1425879(-|-)】已存在！"}
2024-09-22 00:17:17 随机等待 187 秒，约 3 分钟
2024-09-22 00:17:17 下次操作: 2024-09-22 00:20:24

2024-09-22 00:20:24 开始第 5882 次操作

2024-09-22 00:20:24 开始操作号码 【1425880】
2024-09-22 00:20:43 GSD getOne 第 1 次 等待 3 秒
2024-09-22 00:20:46 查询号码 【1425880】，返回信息 {"status":"ok","msg":"-","gid":"640226","time_insert":"2023-04-08 00:10"}
2024-09-22 00:20:46 查询号码 【1425880】，GSD为【"-"】
2024-09-22 00:20:46 ok && -
2024-09-22 00:31:02 CHB 1425880?1726935646 第 1 次 等待 3 秒
2024-09-22 00:31:05 CHB 1425880?1726935646 第 1 次 未获取到 等待 226 秒 下次操作: 2024-09-22 00:34:51
2024-09-22 00:34:53 CHB 1425880?1726936491 第 2 次 等待 3 秒
2024-09-22 00:34:56 CHB 1425880?1726936491 第 2 次 获取到号码【1425880】GSD
2024-09-22 00:34:56 未获取到号码【1425880】GSD，可能号码格式错误
2024-09-22 00:34:56 获取到号码【1425880】的GSD为【-】
2024-09-22 00:34:58 GSD insert 第 1 次 等待 3 秒
2024-09-22 00:35:01 {"status":"bad","gid":"640226","msg":"添加失败！号码【1425880(-|-)】已存在！"}
2024-09-22 00:35:01 随机等待 173 秒，约 2 分钟
2024-09-22 00:35:01 下次操作: 2024-09-22 00:37:54

2024-09-22 00:37:54 开始第 5883 次操作

2024-09-22 00:37:54 开始操作号码 【1425881】
2024-09-22 00:37:57 GSD getOne 第 1 次 等待 3 秒
2024-09-22 00:38:00 查询号码 【1425881】，返回信息 {"status":"ok","msg":"-","gid":"640249","time_insert":"2023-04-08 00:30"}
2024-09-22 00:38:00 查询号码 【1425881】，GSD为【"-"】
2024-09-22 00:38:00 ok && -
2024-09-22 00:38:02 CHB 1425881?1726936680 第 1 次 等待 3 秒
2024-09-22 00:38:05 CHB 1425881?1726936680 第 1 次 获取到号码【1425881】GSD
2024-09-22 00:38:05 未获取到号码【1425881】GSD，可能号码格式错误
2024-09-22 00:38:05 获取到号码【1425881】的GSD为【-】
2024-09-22 00:38:07 GSD insert 第 1 次 等待 3 秒
2024-09-22 00:38:10 {"status":"bad","gid":"640249","msg":"添加失败！号码【1425881(-|-)】已存在！"}
2024-09-22 00:38:10 随机等待 186 秒，约 3 分钟
2024-09-22 00:38:10 下次操作: 2024-09-22 00:41:16

2024-09-22 00:41:16 开始第 5884 次操作

2024-09-22 00:41:16 开始操作号码 【1425882】
2024-09-22 00:41:19 GSD getOne 第 1 次 等待 3 秒
2024-09-22 00:41:22 查询号码 【1425882】，返回信息 {"status":"ok","msg":"-","gid":"640266","time_insert":"2023-04-08 00:42"}
2024-09-22 00:41:22 查询号码 【1425882】，GSD为【"-"】
2024-09-22 00:41:22 ok && -
2024-09-22 00:41:24 CHB 1425882?1726936882 第 1 次 等待 3 秒
2024-09-22 00:41:27 CHB 1425882?1726936882 第 1 次 获取到号码【1425882】GSD
2024-09-22 00:41:27 未获取到号码【1425882】GSD，可能号码格式错误
2024-09-22 00:41:27 获取到号码【1425882】的GSD为【-】
2024-09-22 00:41:29 GSD insert 第 1 次 等待 3 秒
2024-09-22 00:41:32 {"status":"bad","gid":"640266","msg":"添加失败！号码【1425882(-|-)】已存在！"}

