2024-01-08 00:12:25 开始第 7741 次操作

2024-01-08 00:12:25 开始操作号码 【1867634】
2024-01-08 00:12:28 GSD getOne 第 1 次 等待 3 秒
2024-01-08 00:12:31 查询号码 【1867634】，返回信息 {"status":"ok","msg":"广东-深圳","gid":"430649","time_insert":"2021-07-29 06:09"}
2024-01-08 00:12:31 查询号码 【1867634】，GSD为【"广东-深圳"】

2024-01-08 00:12:32 开始第 7742 次操作

2024-01-08 00:12:32 开始操作号码 【1867635】
2024-01-08 00:12:35 GSD getOne 第 1 次 等待 3 秒
2024-01-08 00:12:38 查询号码 【1867635】，返回信息 {"status":"ok","msg":"广东-东莞","gid":"430646","time_insert":"2021-07-29 06:08"}
2024-01-08 00:12:38 查询号码 【1867635】，GSD为【"广东-东莞"】

2024-01-08 00:12:39 开始第 7743 次操作

2024-01-08 00:12:39 开始操作号码 【1867636】
2024-01-08 00:12:41 GSD getOne 第 1 次 等待 3 秒
2024-01-08 00:12:44 查询号码 【1867636】，返回信息 {"status":"ok","msg":"广东-深圳","gid":"430641","time_insert":"2021-07-29 06:08"}
2024-01-08 00:12:45 查询号码 【1867636】，GSD为【"广东-深圳"】

2024-01-08 00:12:46 开始第 7744 次操作

2024-01-08 00:12:46 开始操作号码 【1867637】
2024-01-08 00:12:49 GSD getOne 第 1 次 等待 3 秒
2024-01-08 00:12:52 查询号码 【1867637】，返回信息 {"status":"ok","msg":"广东-深圳","gid":"430635","time_insert":"2021-07-29 06:07"}
2024-01-08 00:12:52 查询号码 【1867637】，GSD为【"广东-深圳"】

