2024-02-02 00:13:06 开始第 1453 次操作

2024-02-02 00:13:06 开始操作号码 【1751346】
2024-02-02 00:13:11 GSD getOne 第 1 次 等待 3 秒
2024-02-02 00:13:14 查询号码 【1751346】，返回信息 {"status":"ok","msg":"河南-三门峡","gid":"146729","time_insert":"2021-06-28 13:42"}
2024-02-02 00:13:14 查询号码 【1751346】，GSD为【"河南-三门峡"】

2024-02-02 00:13:15 开始第 1454 次操作

2024-02-02 00:13:15 开始操作号码 【1751347】
2024-02-02 00:13:23 GSD getOne 第 1 次 等待 3 秒
2024-02-02 00:13:26 查询号码 【1751347】，返回信息 {"status":"ok","msg":"河南-周口","gid":"146740","time_insert":"2021-06-28 13:43"}
2024-02-02 00:13:26 查询号码 【1751347】，GSD为【"河南-周口"】

2024-02-02 00:13:27 开始第 1455 次操作

2024-02-02 00:13:27 开始操作号码 【1751348】
2024-02-02 00:13:38 GSD getOne 第 1 次 等待 3 秒
2024-02-02 00:13:41 查询号码 【1751348】，返回信息 {"status":"ok","msg":"河南-周口","gid":"146750","time_insert":"2021-06-28 13:44"}
2024-02-02 00:13:41 查询号码 【1751348】，GSD为【"河南-周口"】

2024-02-02 00:13:42 开始第 1456 次操作

2024-02-02 00:13:42 开始操作号码 【1751349】
2024-02-02 00:13:47 GSD getOne 第 1 次 等待 3 秒
2024-02-02 00:13:50 查询号码 【1751349】，返回信息 {"status":"ok","msg":"河南-周口","gid":"146759","time_insert":"2021-06-28 13:44"}
2024-02-02 00:13:50 查询号码 【1751349】，GSD为【"河南-周口"】

2024-02-02 00:34:40 开始第 1457 次操作

2024-02-02 00:34:40 开始操作号码 【1751350】
2024-02-02 00:34:44 GSD getOne 第 1 次 等待 3 秒
2024-02-02 00:34:47 查询号码 【1751350】，返回信息 {"status":"ok","msg":"河南-周口","gid":"146767","time_insert":"2021-06-28 13:45"}
2024-02-02 00:34:47 查询号码 【1751350】，GSD为【"河南-周口"】

2024-02-02 00:34:48 开始第 1458 次操作

2024-02-02 00:34:48 开始操作号码 【1751351】
2024-02-02 00:34:52 GSD getOne 第 1 次 等待 3 秒
2024-02-02 00:34:55 查询号码 【1751351】，返回信息 {"status":"ok","msg":"河南-周口","gid":"146775","time_insert":"2021-06-28 13:46"}
2024-02-02 00:34:55 查询号码 【1751351】，GSD为【"河南-周口"】

2024-02-02 00:34:56 开始第 1459 次操作

2024-02-02 00:34:56 开始操作号码 【1751352】
2024-02-02 00:34:59 GSD getOne 第 1 次 等待 3 秒
2024-02-02 00:35:02 查询号码 【1751352】，返回信息 {"status":"ok","msg":"河南-周口","gid":"146783","time_insert":"2021-06-28 13:47"}
2024-02-02 00:35:02 查询号码 【1751352】，GSD为【"河南-周口"】

2024-02-02 00:35:03 开始第 1460 次操作

2024-02-02 00:35:03 开始操作号码 【1751353】
2024-02-02 00:35:07 GSD getOne 第 1 次 等待 3 秒
2024-02-02 00:35:10 查询号码 【1751353】，返回信息 {"status":"ok","msg":"河南-周口","gid":"146794","time_insert":"2021-06-28 13:47"}
2024-02-02 00:35:10 查询号码 【1751353】，GSD为【"河南-周口"】

2024-02-02 01:10:34 开始第 1461 次操作

2024-02-02 01:10:34 开始操作号码 【1751354】
2024-02-02 01:10:38 GSD getOne 第 1 次 等待 3 秒
2024-02-02 01:10:41 查询号码 【1751354】，返回信息 {"status":"ok","msg":"河南-驻马店","gid":"146806","time_insert":"2021-06-28 13:48"}
2024-02-02 01:10:41 查询号码 【1751354】，GSD为【"河南-驻马店"】

2024-02-02 01:10:42 开始第 1462 次操作

2024-02-02 01:10:42 开始操作号码 【1751355】
2024-02-02 01:10:46 GSD getOne 第 1 次 等待 3 秒
2024-02-02 01:10:49 查询号码 【1751355】，返回信息 {"status":"ok","msg":"河南-驻马店","gid":"146815","time_insert":"2021-06-28 13:49"}
2024-02-02 01:10:49 查询号码 【1751355】，GSD为【"河南-驻马店"】

2024-02-02 01:10:51 开始第 1463 次操作

2024-02-02 01:10:51 开始操作号码 【1751356】
2024-02-02 01:10:54 GSD getOne 第 1 次 等待 3 秒
2024-02-02 01:10:57 查询号码 【1751356】，返回信息 {"status":"ok","msg":"河南-驻马店","gid":"146822","time_insert":"2021-06-28 13:50"}
2024-02-02 01:10:57 查询号码 【1751356】，GSD为【"河南-驻马店"】

2024-02-02 01:10:58 开始第 1464 次操作

2024-02-02 01:10:58 开始操作号码 【1751357】
2024-02-02 01:11:03 GSD getOne 第 1 次 等待 3 秒
2024-02-02 01:11:06 查询号码 【1751357】，返回信息 {"status":"ok","msg":"河南-驻马店","gid":"146831","time_insert":"2021-06-28 13:50"}
2024-02-02 01:11:06 查询号码 【1751357】，GSD为【"河南-驻马店"】

