2024-09-14 00:16:02 开始第 4493 次操作

2024-09-14 00:16:02 开始操作号码 【1424492】
2024-09-14 00:16:10 GSD getOne 第 1 次 等待 3 秒
2024-09-14 00:16:13 查询号码 【1424492】，返回信息 {"status":"ok","msg":"-","gid":"610051","time_insert":"2023-03-23 20:19"}
2024-09-14 00:16:13 查询号码 【1424492】，GSD为【"-"】
2024-09-14 00:16:13 ok && -
2024-09-14 00:16:15 CHB 1424492?1726244173 第 1 次 等待 3 秒
2024-09-14 00:16:18 CHB 1424492?1726244173 第 1 次 获取到号码【1424492】GSD
2024-09-14 00:16:19 未获取到号码【1424492】GSD，可能号码格式错误
2024-09-14 00:16:19 获取到号码【1424492】的GSD为【-】
2024-09-14 00:16:26 GSD insert 第 1 次 等待 3 秒
2024-09-14 00:16:29 {"status":"bad","gid":"610051","msg":"添加失败！号码【1424492(-|-)】已存在！"}
2024-09-14 00:16:29 随机等待 169 秒，约 2 分钟
2024-09-14 00:16:29 下次操作: 2024-09-14 00:19:18

2024-09-14 00:19:18 开始第 4494 次操作

2024-09-14 00:19:18 开始操作号码 【1424493】
2024-09-14 00:19:29 GSD getOne 第 1 次 等待 3 秒
2024-09-14 00:19:32 查询号码 【1424493】，返回信息 {"status":"ok","msg":"-","gid":"610065","time_insert":"2023-03-23 20:28"}
2024-09-14 00:19:32 查询号码 【1424493】，GSD为【"-"】
2024-09-14 00:19:32 ok && -
2024-09-14 00:19:34 CHB 1424493?1726244372 第 1 次 等待 3 秒
2024-09-14 00:19:37 CHB 1424493?1726244372 第 1 次 获取到号码【1424493】GSD
2024-09-14 00:19:37 未获取到号码【1424493】GSD，可能号码格式错误
2024-09-14 00:19:37 获取到号码【1424493】的GSD为【-】
2024-09-14 00:19:48 GSD insert 第 1 次 等待 3 秒
2024-09-14 00:19:51 {"status":"bad","gid":"610065","msg":"添加失败！号码【1424493(-|-)】已存在！"}
2024-09-14 00:19:51 随机等待 123 秒，约 2 分钟
2024-09-14 00:19:51 下次操作: 2024-09-14 00:21:54

2024-09-14 00:21:54 开始第 4495 次操作

2024-09-14 00:21:54 开始操作号码 【1424494】
2024-09-14 00:22:05 GSD getOne 第 1 次 等待 3 秒
2024-09-14 00:22:08 查询号码 【1424494】，返回信息 {"status":"ok","msg":"-","gid":"610080","time_insert":"2023-03-23 20:41"}
2024-09-14 00:22:08 查询号码 【1424494】，GSD为【"-"】
2024-09-14 00:22:08 ok && -
2024-09-14 00:22:10 CHB 1424494?1726244528 第 1 次 等待 3 秒
2024-09-14 00:22:13 CHB 1424494?1726244528 第 1 次 获取到号码【1424494】GSD
2024-09-14 00:22:13 未获取到号码【1424494】GSD，可能号码格式错误
2024-09-14 00:22:13 获取到号码【1424494】的GSD为【-】
2024-09-14 00:22:21 GSD insert 第 1 次 等待 3 秒
2024-09-14 00:22:24 {"status":"bad","gid":"610080","msg":"添加失败！号码【1424494(-|-)】已存在！"}
2024-09-14 00:22:24 随机等待 151 秒，约 2 分钟
2024-09-14 00:22:24 下次操作: 2024-09-14 00:24:55

2024-09-14 00:24:55 开始第 4496 次操作

2024-09-14 00:24:55 开始操作号码 【1424495】
2024-09-14 00:25:03 GSD getOne 第 1 次 等待 3 秒
2024-09-14 00:25:06 查询号码 【1424495】，返回信息 {"status":"ok","msg":"-","gid":"610096","time_insert":"2023-03-23 20:53"}
2024-09-14 00:25:06 查询号码 【1424495】，GSD为【"-"】
2024-09-14 00:25:06 ok && -
2024-09-14 00:25:08 CHB 1424495?1726244706 第 1 次 等待 3 秒
2024-09-14 00:25:11 CHB 1424495?1726244706 第 1 次 获取到号码【1424495】GSD
2024-09-14 00:25:11 未获取到号码【1424495】GSD，可能号码格式错误
2024-09-14 00:25:11 获取到号码【1424495】的GSD为【-】
2024-09-14 00:25:19 GSD insert 第 1 次 等待 3 秒
2024-09-14 00:25:22 {"status":"bad","gid":"610096","msg":"添加失败！号码【1424495(-|-)】已存在！"}

