2024-02-29 00:13:04 开始第 6421 次操作

2024-02-29 00:13:04 开始操作号码 【1756314】
2024-02-29 00:13:10 GSD getOne 第 1 次 等待 3 秒
2024-02-29 00:13:13 查询号码 【1756314】，返回信息 {"status":"ok","msg":"山东-威海","gid":"203368","time_insert":"2021-07-06 04:51"}
2024-02-29 00:13:13 查询号码 【1756314】，GSD为【"山东-威海"】

2024-02-29 00:13:14 开始第 6422 次操作

2024-02-29 00:13:14 开始操作号码 【1756315】
2024-02-29 00:13:21 GSD getOne 第 1 次 等待 3 秒
2024-02-29 00:13:24 查询号码 【1756315】，返回信息 {"status":"ok","msg":"山东-威海","gid":"203377","time_insert":"2021-07-06 04:52"}
2024-02-29 00:13:24 查询号码 【1756315】，GSD为【"山东-威海"】

2024-02-29 00:13:25 开始第 6423 次操作

2024-02-29 00:13:25 开始操作号码 【1756316】
2024-02-29 00:13:30 GSD getOne 第 1 次 等待 3 秒
2024-02-29 00:13:33 查询号码 【1756316】，返回信息 {"status":"ok","msg":"山东-威海","gid":"203382","time_insert":"2021-07-06 04:53"}
2024-02-29 00:13:33 查询号码 【1756316】，GSD为【"山东-威海"】

2024-02-29 00:13:34 开始第 6424 次操作

2024-02-29 00:13:34 开始操作号码 【1756317】
2024-02-29 00:13:38 GSD getOne 第 1 次 等待 3 秒
2024-02-29 00:13:41 查询号码 【1756317】，返回信息 {"status":"ok","msg":"山东-威海","gid":"203390","time_insert":"2021-07-06 04:53"}
2024-02-29 00:13:41 查询号码 【1756317】，GSD为【"山东-威海"】

