2024-12-10 00:29:40 开始第 8849 次操作

2024-12-10 00:29:40 开始操作号码 【1328848】
2024-12-10 00:29:41 GSD getOne 第 1 次 等待 3 秒
2024-12-10 00:29:44 查询号码 【1328848】，返回信息 {"status":"ok","msg":"广东-广州","gid":"211205","time_insert":"2021-07-07 03:31"}
2024-12-10 00:29:44 查询号码 【1328848】，GSD为【"广东-广州"】

2024-12-10 00:29:45 开始第 8850 次操作

2024-12-10 00:29:45 开始操作号码 【1328849】
2024-12-10 00:29:46 GSD getOne 第 1 次 等待 3 秒
2024-12-10 00:29:49 查询号码 【1328849】，返回信息 {"status":"ok","msg":"广东-广州","gid":"210963","time_insert":"2021-07-07 02:54"}
2024-12-10 00:29:49 查询号码 【1328849】，GSD为【"广东-广州"】

2024-12-10 00:29:50 开始第 8851 次操作

2024-12-10 00:29:50 开始操作号码 【1328850】
2024-12-10 00:29:51 GSD getOne 第 1 次 等待 3 秒
2024-12-10 00:29:54 查询号码 【1328850】，返回信息 {"status":"ok","msg":"广东-揭阳","gid":"210957","time_insert":"2021-07-07 02:53"}
2024-12-10 00:29:54 查询号码 【1328850】，GSD为【"广东-揭阳"】

2024-12-10 00:29:55 开始第 8852 次操作

2024-12-10 00:29:55 开始操作号码 【1328851】
2024-12-10 00:29:56 GSD getOne 第 1 次 等待 3 秒
2024-12-10 00:29:59 查询号码 【1328851】，返回信息 {"status":"ok","msg":"广东-揭阳","gid":"210952","time_insert":"2021-07-07 02:53"}
2024-12-10 00:29:59 查询号码 【1328851】，GSD为【"广东-揭阳"】

