2023-10-19 00:13:18 开始第 3953 次操作

2023-10-19 00:13:18 开始操作号码 【1963857】
2023-10-19 00:13:22 GSD getOne 第 1 次 等待 3 秒
2023-10-19 00:13:25 查询号码 【1963857】，返回信息 {"status":"ok","msg":"-","gid":"558876","time_insert":"2023-02-27 15:31"}
2023-10-19 00:13:26 查询号码 【1963857】，GSD为【"-"】
2023-10-19 00:13:26 ok && -
2023-10-19 00:13:32 CHB 1963857?1697645606 第 1 次 等待 3 秒
2023-10-19 00:13:35 CHB 1963857?1697645606 第 1 次 获取到号码【1963857】GSD
2023-10-19 00:13:35 未获取到号码【1963857】GSD，可能号码格式错误
2023-10-19 00:13:35 获取到号码【1963857】的GSD为【-】
2023-10-19 00:13:54 GSD insert 第 1 次 等待 3 秒
2023-10-19 00:13:57 {"status":"bad","gid":"558876","msg":"添加失败！号码【1963857(-|-)】已存在！"}
2023-10-19 00:13:57 随机等待 71 秒，约 1 分钟
2023-10-19 00:13:57 下次操作: 2023-10-19 00:15:08

2023-10-19 00:15:08 开始第 3954 次操作

2023-10-19 00:15:08 开始操作号码 【1963858】
2023-10-19 00:15:19 GSD getOne 第 1 次 等待 3 秒
2023-10-19 00:15:22 查询号码 【1963858】，返回信息 {"status":"ok","msg":"-","gid":"558880","time_insert":"2023-02-27 15:33"}
2023-10-19 00:15:22 查询号码 【1963858】，GSD为【"-"】
2023-10-19 00:15:22 ok && -
2023-10-19 00:15:29 CHB 1963858?1697645722 第 1 次 等待 3 秒
2023-10-19 00:15:32 CHB 1963858?1697645722 第 1 次 获取到号码【1963858】GSD
2023-10-19 00:15:32 未获取到号码【1963858】GSD，可能号码格式错误
2023-10-19 00:15:32 获取到号码【1963858】的GSD为【-】
2023-10-19 00:15:39 GSD insert 第 1 次 等待 3 秒
2023-10-19 00:15:42 {"status":"bad","gid":"558880","msg":"添加失败！号码【1963858(-|-)】已存在！"}
2023-10-19 00:15:42 随机等待 86 秒，约 1 分钟
2023-10-19 00:15:42 下次操作: 2023-10-19 00:17:08

2023-10-19 00:17:08 开始第 3955 次操作

2023-10-19 00:17:08 开始操作号码 【1963859】
2023-10-19 00:17:11 GSD getOne 第 1 次 等待 3 秒
2023-10-19 00:17:14 查询号码 【1963859】，返回信息 {"status":"ok","msg":"-","gid":"558885","time_insert":"2023-02-27 15:35"}
2023-10-19 00:17:14 查询号码 【1963859】，GSD为【"-"】
2023-10-19 00:17:14 ok && -
2023-10-19 00:17:15 CHB 1963859?1697645834 第 1 次 等待 3 秒
2023-10-19 00:17:18 CHB 1963859?1697645834 第 1 次 获取到号码【1963859】GSD
2023-10-19 00:17:18 未获取到号码【1963859】GSD，可能号码格式错误
2023-10-19 00:17:18 获取到号码【1963859】的GSD为【-】
2023-10-19 00:17:24 GSD insert 第 1 次 等待 3 秒
2023-10-19 00:17:27 {"status":"bad","gid":"558885","msg":"添加失败！号码【1963859(-|-)】已存在！"}
2023-10-19 00:17:27 随机等待 91 秒，约 1 分钟
2023-10-19 00:17:27 下次操作: 2023-10-19 00:18:58

2023-10-19 00:18:59 开始第 3956 次操作

2023-10-19 00:18:59 开始操作号码 【1963860】
2023-10-19 00:19:04 GSD getOne 第 1 次 等待 3 秒
2023-10-19 00:19:07 查询号码 【1963860】，返回信息 {"status":"ok","msg":"-","gid":"558888","time_insert":"2023-02-27 15:38"}
2023-10-19 00:19:07 查询号码 【1963860】，GSD为【"-"】
2023-10-19 00:19:07 ok && -
2023-10-19 00:19:12 CHB 1963860?1697645947 第 1 次 等待 3 秒
2023-10-19 00:19:15 CHB 1963860?1697645947 第 1 次 获取到号码【1963860】GSD
2023-10-19 00:19:15 未获取到号码【1963860】GSD，可能号码格式错误
2023-10-19 00:19:15 获取到号码【1963860】的GSD为【-】
2023-10-19 00:19:21 GSD insert 第 1 次 等待 3 秒
2023-10-19 00:19:24 {"status":"bad","gid":"558888","msg":"添加失败！号码【1963860(-|-)】已存在！"}

