2024-04-02 00:13:36 开始第 1477 次操作

2024-04-02 00:13:36 开始操作号码 【1641371】
2024-04-02 00:13:41 GSD getOne 第 1 次 等待 3 秒
2024-04-02 00:13:44 查询号码 【1641371】，返回信息 {"status":"ok","msg":"-","gid":"539999","time_insert":"2023-02-19 10:23"}
2024-04-02 00:13:44 查询号码 【1641371】，GSD为【"-"】
2024-04-02 00:13:44 ok && -
2024-04-02 00:13:48 CHB 1641371?1711988024 第 1 次 等待 3 秒
2024-04-02 00:13:51 CHB 1641371?1711988024 第 1 次 获取到号码【1641371】GSD
2024-04-02 00:13:51 未获取到号码【1641371】GSD，可能号码格式错误
2024-04-02 00:13:51 获取到号码【1641371】的GSD为【-】
2024-04-02 00:13:56 GSD insert 第 1 次 等待 3 秒
2024-04-02 00:13:59 {"status":"bad","gid":"539999","msg":"添加失败！号码【1641371(-|-)】已存在！"}
2024-04-02 00:13:59 随机等待 157 秒，约 2 分钟
2024-04-02 00:13:59 下次操作: 2024-04-02 00:16:36

2024-04-02 00:16:36 开始第 1478 次操作

2024-04-02 00:16:36 开始操作号码 【1641372】
2024-04-02 00:16:41 GSD getOne 第 1 次 等待 3 秒
2024-04-02 00:16:44 查询号码 【1641372】，返回信息 {"status":"ok","msg":"-","gid":"540014","time_insert":"2023-02-19 10:32"}
2024-04-02 00:16:44 查询号码 【1641372】，GSD为【"-"】
2024-04-02 00:16:44 ok && -
2024-04-02 00:16:46 CHB 1641372?1711988204 第 1 次 等待 3 秒
2024-04-02 00:16:49 CHB 1641372?1711988204 第 1 次 获取到号码【1641372】GSD
2024-04-02 00:16:49 未获取到号码【1641372】GSD，可能号码格式错误
2024-04-02 00:16:49 获取到号码【1641372】的GSD为【-】
2024-04-02 00:16:54 GSD insert 第 1 次 等待 3 秒
2024-04-02 00:16:57 {"status":"bad","gid":"540014","msg":"添加失败！号码【1641372(-|-)】已存在！"}
2024-04-02 00:16:57 随机等待 173 秒，约 2 分钟
2024-04-02 00:16:57 下次操作: 2024-04-02 00:19:50

2024-04-02 00:19:50 开始第 1479 次操作

2024-04-02 00:19:50 开始操作号码 【1641373】
2024-04-02 00:19:55 GSD getOne 第 1 次 等待 3 秒
2024-04-02 00:19:58 查询号码 【1641373】，返回信息 {"status":"ok","msg":"-","gid":"540031","time_insert":"2023-02-19 10:43"}
2024-04-02 00:19:58 查询号码 【1641373】，GSD为【"-"】
2024-04-02 00:19:58 ok && -
2024-04-02 00:20:00 CHB 1641373?1711988398 第 1 次 等待 3 秒
2024-04-02 00:20:03 CHB 1641373?1711988398 第 1 次 获取到号码【1641373】GSD
2024-04-02 00:20:03 未获取到号码【1641373】GSD，可能号码格式错误
2024-04-02 00:20:03 获取到号码【1641373】的GSD为【-】
2024-04-02 00:20:08 GSD insert 第 1 次 等待 3 秒
2024-04-02 00:20:11 {"status":"bad","gid":"540031","msg":"添加失败！号码【1641373(-|-)】已存在！"}
2024-04-02 00:20:11 随机等待 172 秒，约 2 分钟
2024-04-02 00:20:11 下次操作: 2024-04-02 00:23:03

2024-04-02 00:23:03 开始第 1480 次操作

2024-04-02 00:23:03 开始操作号码 【1641374】
2024-04-02 00:23:08 GSD getOne 第 1 次 等待 3 秒
2024-04-02 00:23:11 查询号码 【1641374】，返回信息 {"status":"ok","msg":"-","gid":"540057","time_insert":"2023-02-19 11:00"}
2024-04-02 00:23:11 查询号码 【1641374】，GSD为【"-"】
2024-04-02 00:23:11 ok && -
2024-04-02 00:23:15 CHB 1641374?1711988591 第 1 次 等待 3 秒
2024-04-02 00:23:18 CHB 1641374?1711988591 第 1 次 获取到号码【1641374】GSD
2024-04-02 00:23:18 未获取到号码【1641374】GSD，可能号码格式错误
2024-04-02 00:23:18 获取到号码【1641374】的GSD为【-】
2024-04-02 00:23:23 GSD insert 第 1 次 等待 3 秒
2024-04-02 00:23:26 {"status":"bad","gid":"540057","msg":"添加失败！号码【1641374(-|-)】已存在！"}

2024-04-02 00:38:40 开始第 1481 次操作

2024-04-02 00:38:40 开始操作号码 【1641375】
2024-04-02 00:38:45 GSD getOne 第 1 次 等待 3 秒
2024-04-02 00:38:48 查询号码 【1641375】，返回信息 {"status":"ok","msg":"-","gid":"540080","time_insert":"2023-02-19 11:13"}
2024-04-02 00:38:48 查询号码 【1641375】，GSD为【"-"】
2024-04-02 00:38:48 ok && -
2024-04-02 00:38:52 CHB 1641375?1711989528 第 1 次 等待 3 秒
2024-04-02 00:38:55 CHB 1641375?1711989528 第 1 次 获取到号码【1641375】GSD
2024-04-02 00:38:55 未获取到号码【1641375】GSD，可能号码格式错误
2024-04-02 00:38:55 获取到号码【1641375】的GSD为【-】
2024-04-02 00:38:59 GSD insert 第 1 次 等待 3 秒
2024-04-02 00:39:02 {"status":"bad","gid":"540080","msg":"添加失败！号码【1641375(-|-)】已存在！"}
2024-04-02 00:39:03 随机等待 74 秒，约 1 分钟
2024-04-02 00:39:03 下次操作: 2024-04-02 00:40:17

2024-04-02 00:40:17 开始第 1482 次操作

2024-04-02 00:40:17 开始操作号码 【1641376】
2024-04-02 00:40:22 GSD getOne 第 1 次 等待 3 秒
2024-04-02 00:40:25 查询号码 【1641376】，返回信息 {"status":"ok","msg":"-","gid":"540096","time_insert":"2023-02-19 11:24"}
2024-04-02 00:40:25 查询号码 【1641376】，GSD为【"-"】
2024-04-02 00:40:25 ok && -
2024-04-02 00:40:28 CHB 1641376?1711989625 第 1 次 等待 3 秒
2024-04-02 00:40:31 CHB 1641376?1711989625 第 1 次 获取到号码【1641376】GSD
2024-04-02 00:40:31 未获取到号码【1641376】GSD，可能号码格式错误
2024-04-02 00:40:31 获取到号码【1641376】的GSD为【-】
2024-04-02 00:40:36 GSD insert 第 1 次 等待 3 秒
2024-04-02 00:40:39 {"status":"bad","gid":"540096","msg":"添加失败！号码【1641376(-|-)】已存在！"}
2024-04-02 00:40:39 随机等待 188 秒，约 3 分钟
2024-04-02 00:40:39 下次操作: 2024-04-02 00:43:47

2024-04-02 00:43:47 开始第 1483 次操作

2024-04-02 00:43:47 开始操作号码 【1641377】
2024-04-02 00:43:52 GSD getOne 第 1 次 等待 3 秒
2024-04-02 00:43:55 查询号码 【1641377】，返回信息 {"status":"ok","msg":"-","gid":"540122","time_insert":"2023-02-19 11:39"}
2024-04-02 00:43:55 查询号码 【1641377】，GSD为【"-"】
2024-04-02 00:43:55 ok && -
2024-04-02 00:44:02 CHB 1641377?1711989835 第 1 次 等待 3 秒
2024-04-02 00:44:05 CHB 1641377?1711989835 第 1 次 获取到号码【1641377】GSD
2024-04-02 00:44:05 未获取到号码【1641377】GSD，可能号码格式错误
2024-04-02 00:44:05 获取到号码【1641377】的GSD为【-】
2024-04-02 00:44:10 GSD insert 第 1 次 等待 3 秒
2024-04-02 00:44:13 {"status":"bad","gid":"540122","msg":"添加失败！号码【1641377(-|-)】已存在！"}
2024-04-02 00:44:13 随机等待 179 秒，约 2 分钟
2024-04-02 00:44:13 下次操作: 2024-04-02 00:47:12

2024-04-02 00:47:12 开始第 1484 次操作

2024-04-02 00:47:12 开始操作号码 【1641378】
2024-04-02 00:47:17 GSD getOne 第 1 次 等待 3 秒
2024-04-02 00:47:20 查询号码 【1641378】，返回信息 {"status":"ok","msg":"-","gid":"540142","time_insert":"2023-02-19 11:51"}
2024-04-02 00:47:20 查询号码 【1641378】，GSD为【"-"】
2024-04-02 00:47:20 ok && -
2024-04-02 00:47:24 CHB 1641378?1711990040 第 1 次 等待 3 秒
2024-04-02 00:47:27 CHB 1641378?1711990040 第 1 次 获取到号码【1641378】GSD
2024-04-02 00:47:27 未获取到号码【1641378】GSD，可能号码格式错误
2024-04-02 00:47:27 获取到号码【1641378】的GSD为【-】
2024-04-02 00:47:33 GSD insert 第 1 次 等待 3 秒
2024-04-02 00:47:36 {"status":"bad","gid":"540142","msg":"添加失败！号码【1641378(-|-)】已存在！"}

