2024-02-20 00:14:46 开始第 4765 次操作

2024-02-20 00:14:46 开始操作号码 【1754658】
2024-02-20 00:14:51 GSD getOne 第 1 次 等待 3 秒
2024-02-20 00:14:54 查询号码 【1754658】，返回信息 {"status":"ok","msg":"黑龙江-哈尔滨","gid":"183255","time_insert":"2021-07-03 17:50"}
2024-02-20 00:14:54 查询号码 【1754658】，GSD为【"黑龙江-哈尔滨"】

2024-02-20 00:14:55 开始第 4766 次操作

2024-02-20 00:14:55 开始操作号码 【1754659】
2024-02-20 00:15:04 GSD getOne 第 1 次 等待 3 秒
2024-02-20 00:15:07 查询号码 【1754659】，返回信息 {"status":"ok","msg":"黑龙江-哈尔滨","gid":"183265","time_insert":"2021-07-03 17:51"}
2024-02-20 00:15:07 查询号码 【1754659】，GSD为【"黑龙江-哈尔滨"】

2024-02-20 00:15:08 开始第 4767 次操作

2024-02-20 00:15:08 开始操作号码 【1754660】
2024-02-20 00:15:12 GSD getOne 第 1 次 等待 3 秒
2024-02-20 00:15:15 查询号码 【1754660】，返回信息 {"status":"ok","msg":"黑龙江-哈尔滨","gid":"183279","time_insert":"2021-07-03 17:52"}
2024-02-20 00:15:15 查询号码 【1754660】，GSD为【"黑龙江-哈尔滨"】

2024-02-20 00:15:16 开始第 4768 次操作

2024-02-20 00:15:16 开始操作号码 【1754661】
2024-02-20 00:15:21 GSD getOne 第 1 次 等待 3 秒
2024-02-20 00:15:24 查询号码 【1754661】，返回信息 {"status":"ok","msg":"黑龙江-哈尔滨","gid":"183290","time_insert":"2021-07-03 17:53"}
2024-02-20 00:15:24 查询号码 【1754661】，GSD为【"黑龙江-哈尔滨"】

