2024-12-05 00:29:50 开始第 8045 次操作

2024-12-05 00:29:50 开始操作号码 【1328044】
2024-12-05 00:29:52 GSD getOne 第 1 次 等待 3 秒
2024-12-05 00:29:55 查询号码 【1328044】，返回信息 {"status":"ok","msg":"山东-日照","gid":"218966","time_insert":"2021-07-08 02:52"}
2024-12-05 00:29:55 查询号码 【1328044】，GSD为【"山东-日照"】

2024-12-05 00:29:56 开始第 8046 次操作

2024-12-05 00:29:56 开始操作号码 【1328045】
2024-12-05 00:29:57 GSD getOne 第 1 次 等待 3 秒
2024-12-05 00:30:00 查询号码 【1328045】，返回信息 {"status":"ok","msg":"山东-聊城","gid":"218961","time_insert":"2021-07-08 02:51"}
2024-12-05 00:30:00 查询号码 【1328045】，GSD为【"山东-聊城"】

2024-12-05 00:30:01 开始第 8047 次操作

2024-12-05 00:30:01 开始操作号码 【1328046】
2024-12-05 00:30:02 GSD getOne 第 1 次 等待 3 秒
2024-12-05 00:30:05 查询号码 【1328046】，返回信息 {"status":"ok","msg":"山东-聊城","gid":"218958","time_insert":"2021-07-08 02:51"}
2024-12-05 00:30:05 查询号码 【1328046】，GSD为【"山东-聊城"】

2024-12-05 00:30:06 开始第 8048 次操作

2024-12-05 00:30:06 开始操作号码 【1328047】
2024-12-05 00:30:07 GSD getOne 第 1 次 等待 3 秒
2024-12-05 00:30:10 查询号码 【1328047】，返回信息 {"status":"ok","msg":"山东-枣庄","gid":"218955","time_insert":"2021-07-08 02:51"}
2024-12-05 00:30:10 查询号码 【1328047】，GSD为【"山东-枣庄"】

2024-12-05 00:52:29 开始第 8049 次操作

2024-12-05 00:52:29 开始操作号码 【1328048】
2024-12-05 00:52:30 GSD getOne 第 1 次 等待 3 秒
2024-12-05 00:52:33 查询号码 【1328048】，返回信息 {"status":"ok","msg":"山东-枣庄","gid":"218947","time_insert":"2021-07-08 02:50"}
2024-12-05 00:52:33 查询号码 【1328048】，GSD为【"山东-枣庄"】

2024-12-05 00:52:34 开始第 8050 次操作

2024-12-05 00:52:34 开始操作号码 【1328049】
2024-12-05 00:52:36 GSD getOne 第 1 次 等待 3 秒
2024-12-05 00:52:39 查询号码 【1328049】，返回信息 {"status":"ok","msg":"山东-济宁","gid":"218943","time_insert":"2021-07-08 02:50"}
2024-12-05 00:52:39 查询号码 【1328049】，GSD为【"山东-济宁"】

2024-12-05 00:52:40 开始第 8051 次操作

2024-12-05 00:52:40 开始操作号码 【1328050】
2024-12-05 00:52:41 GSD getOne 第 1 次 等待 3 秒
2024-12-05 00:52:44 查询号码 【1328050】，返回信息 {"status":"ok","msg":"山东-临沂","gid":"218939","time_insert":"2021-07-08 02:49"}
2024-12-05 00:52:44 查询号码 【1328050】，GSD为【"山东-临沂"】

2024-12-05 00:52:45 开始第 8052 次操作

2024-12-05 00:52:45 开始操作号码 【1328051】
2024-12-05 00:52:46 GSD getOne 第 1 次 等待 3 秒
2024-12-05 00:52:49 查询号码 【1328051】，返回信息 {"status":"ok","msg":"山东-临沂","gid":"218935","time_insert":"2021-07-08 02:49"}
2024-12-05 00:52:49 查询号码 【1328051】，GSD为【"山东-临沂"】

