2023-12-30 00:14:37 开始第 6093 次操作

2023-12-30 00:14:37 开始操作号码 【1865986】
2023-12-30 00:14:41 GSD getOne 第 1 次 等待 3 秒
2023-12-30 00:14:44 查询号码 【1865986】，返回信息 {"status":"ok","msg":"福建-三明","gid":"448043","time_insert":"2021-07-30 20:03"}
2023-12-30 00:14:44 查询号码 【1865986】，GSD为【"福建-三明"】

2023-12-30 00:14:45 开始第 6094 次操作

2023-12-30 00:14:45 开始操作号码 【1865987】
2023-12-30 00:14:49 GSD getOne 第 1 次 等待 3 秒
2023-12-30 00:14:52 查询号码 【1865987】，返回信息 {"status":"ok","msg":"福建-三明","gid":"448036","time_insert":"2021-07-30 20:02"}
2023-12-30 00:14:52 查询号码 【1865987】，GSD为【"福建-三明"】

2023-12-30 00:14:53 开始第 6095 次操作

2023-12-30 00:14:53 开始操作号码 【1865988】
2023-12-30 00:14:57 GSD getOne 第 1 次 等待 3 秒
2023-12-30 00:15:00 查询号码 【1865988】，返回信息 {"status":"ok","msg":"福建-三明","gid":"412112","time_insert":"2021-07-27 11:06","time_update":"2021-07-30 20:02"}
2023-12-30 00:15:00 查询号码 【1865988】，GSD为【"福建-三明"】

2023-12-30 00:15:01 开始第 6096 次操作

2023-12-30 00:15:01 开始操作号码 【1865989】
2023-12-30 00:15:05 GSD getOne 第 1 次 等待 3 秒
2023-12-30 00:15:08 查询号码 【1865989】，返回信息 {"status":"ok","msg":"福建-三明","gid":"448020","time_insert":"2021-07-30 20:01"}
2023-12-30 00:15:08 查询号码 【1865989】，GSD为【"福建-三明"】

