2024-09-28 00:17:20 开始第 6905 次操作

2024-09-28 00:17:20 开始操作号码 【1426903】
2024-09-28 00:17:22 GSD getOne 第 1 次 等待 3 秒
2024-09-28 00:17:25 查询号码 【1426903】，返回信息 {"status":"ok","msg":"-","gid":"663422","time_insert":"2023-04-19 02:49"}
2024-09-28 00:17:26 查询号码 【1426903】，GSD为【"-"】
2024-09-28 00:17:26 ok && -
2024-09-28 00:17:29 CHB 1426903?1727453846 第 1 次 等待 3 秒
2024-09-28 00:17:32 CHB 1426903?1727453846 第 1 次 获取到号码【1426903】GSD
2024-09-28 00:17:32 未获取到号码【1426903】GSD，可能号码格式错误
2024-09-28 00:17:32 获取到号码【1426903】的GSD为【-】
2024-09-28 00:17:34 GSD insert 第 1 次 等待 3 秒
2024-09-28 00:17:37 {"status":"bad","gid":"663422","msg":"添加失败！号码【1426903(-|-)】已存在！"}
2024-09-28 00:17:37 随机等待 147 秒，约 2 分钟
2024-09-28 00:17:37 下次操作: 2024-09-28 00:20:04

2024-09-28 00:20:04 开始第 6906 次操作

2024-09-28 00:20:04 开始操作号码 【1426904】
2024-09-28 00:20:06 GSD getOne 第 1 次 等待 3 秒
2024-09-28 00:20:09 查询号码 【1426904】，返回信息 {"status":"ok","msg":"-","gid":"663451","time_insert":"2023-04-19 03:08"}
2024-09-28 00:20:09 查询号码 【1426904】，GSD为【"-"】
2024-09-28 00:20:09 ok && -
2024-09-28 00:20:12 CHB 1426904?1727454009 第 1 次 等待 3 秒
2024-09-28 00:20:15 CHB 1426904?1727454009 第 1 次 获取到号码【1426904】GSD
2024-09-28 00:20:15 未获取到号码【1426904】GSD，可能号码格式错误
2024-09-28 00:20:15 获取到号码【1426904】的GSD为【-】
2024-09-28 00:20:17 GSD insert 第 1 次 等待 3 秒
2024-09-28 00:20:20 {"status":"bad","gid":"663451","msg":"添加失败！号码【1426904(-|-)】已存在！"}
2024-09-28 00:20:20 随机等待 219 秒，约 3 分钟
2024-09-28 00:20:20 下次操作: 2024-09-28 00:23:59

2024-09-28 00:23:59 开始第 6907 次操作

2024-09-28 00:23:59 开始操作号码 【1426905】
2024-09-28 00:24:02 GSD getOne 第 1 次 等待 3 秒
2024-09-28 00:24:05 查询号码 【1426905】，返回信息 {"status":"ok","msg":"-","gid":"663471","time_insert":"2023-04-19 03:21"}
2024-09-28 00:24:05 查询号码 【1426905】，GSD为【"-"】
2024-09-28 00:24:05 ok && -
2024-09-28 00:24:08 CHB 1426905?1727454245 第 1 次 等待 3 秒
2024-09-28 00:24:11 CHB 1426905?1727454245 第 1 次 获取到号码【1426905】GSD
2024-09-28 00:24:11 未获取到号码【1426905】GSD，可能号码格式错误
2024-09-28 00:24:11 获取到号码【1426905】的GSD为【-】
2024-09-28 00:24:14 GSD insert 第 1 次 等待 3 秒
2024-09-28 00:24:17 {"status":"bad","gid":"663471","msg":"添加失败！号码【1426905(-|-)】已存在！"}
2024-09-28 00:24:17 随机等待 223 秒，约 3 分钟
2024-09-28 00:24:17 下次操作: 2024-09-28 00:28:00

2024-09-28 00:28:00 开始第 6908 次操作

2024-09-28 00:28:00 开始操作号码 【1426906】
2024-09-28 00:28:03 GSD getOne 第 1 次 等待 3 秒
2024-09-28 00:28:06 查询号码 【1426906】，返回信息 {"status":"ok","msg":"-","gid":"663500","time_insert":"2023-04-19 03:38"}
2024-09-28 00:28:06 查询号码 【1426906】，GSD为【"-"】
2024-09-28 00:28:06 ok && -
2024-09-28 00:28:08 CHB 1426906?1727454486 第 1 次 等待 3 秒
2024-09-28 00:28:11 CHB 1426906?1727454486 第 1 次 获取到号码【1426906】GSD
2024-09-28 00:28:11 未获取到号码【1426906】GSD，可能号码格式错误
2024-09-28 00:28:11 获取到号码【1426906】的GSD为【-】
2024-09-28 00:28:13 GSD insert 第 1 次 等待 3 秒
2024-09-28 00:28:16 {"status":"bad","gid":"663500","msg":"添加失败！号码【1426906(-|-)】已存在！"}

2024-09-28 00:42:56 开始第 6909 次操作

2024-09-28 00:42:56 开始操作号码 【1426907】
2024-09-28 00:42:59 GSD getOne 第 1 次 等待 3 秒
2024-09-28 00:43:02 查询号码 【1426907】，返回信息 {"status":"ok","msg":"-","gid":"663527","time_insert":"2023-04-19 03:54"}
2024-09-28 00:43:02 查询号码 【1426907】，GSD为【"-"】
2024-09-28 00:43:02 ok && -
2024-09-28 00:43:04 CHB 1426907?1727455382 第 1 次 等待 3 秒
2024-09-28 00:43:07 CHB 1426907?1727455382 第 1 次 获取到号码【1426907】GSD
2024-09-28 00:43:07 未获取到号码【1426907】GSD，可能号码格式错误
2024-09-28 00:43:07 获取到号码【1426907】的GSD为【-】
2024-09-28 00:43:10 GSD insert 第 1 次 等待 3 秒
2024-09-28 00:43:13 {"status":"bad","gid":"663527","msg":"添加失败！号码【1426907(-|-)】已存在！"}
2024-09-28 00:43:13 随机等待 234 秒，约 3 分钟
2024-09-28 00:43:13 下次操作: 2024-09-28 00:47:07

2024-09-28 00:47:07 开始第 6910 次操作

2024-09-28 00:47:07 开始操作号码 【1426908】
2024-09-28 00:47:09 GSD getOne 第 1 次 等待 3 秒
2024-09-28 00:47:12 查询号码 【1426908】，返回信息 {"status":"ok","msg":"-","gid":"663552","time_insert":"2023-04-19 04:10"}
2024-09-28 00:47:12 查询号码 【1426908】，GSD为【"-"】
2024-09-28 00:47:12 ok && -
2024-09-28 00:47:14 CHB 1426908?1727455632 第 1 次 等待 3 秒
2024-09-28 00:47:17 CHB 1426908?1727455632 第 1 次 获取到号码【1426908】GSD
2024-09-28 00:47:18 未获取到号码【1426908】GSD，可能号码格式错误
2024-09-28 00:47:18 获取到号码【1426908】的GSD为【-】
2024-09-28 00:47:19 GSD insert 第 1 次 等待 3 秒
2024-09-28 00:47:22 {"status":"bad","gid":"663552","msg":"添加失败！号码【1426908(-|-)】已存在！"}
2024-09-28 00:47:22 随机等待 170 秒，约 2 分钟
2024-09-28 00:47:22 下次操作: 2024-09-28 00:50:12

2024-09-28 00:50:12 开始第 6911 次操作

2024-09-28 00:50:12 开始操作号码 【1426909】
2024-09-28 00:50:16 GSD getOne 第 1 次 等待 3 秒
2024-09-28 00:50:19 查询号码 【1426909】，返回信息 {"status":"ok","msg":"-","gid":"663583","time_insert":"2023-04-19 04:32"}
2024-09-28 00:50:19 查询号码 【1426909】，GSD为【"-"】
2024-09-28 00:50:19 ok && -
2024-09-28 00:50:21 CHB 1426909?1727455819 第 1 次 等待 3 秒
2024-09-28 00:50:24 CHB 1426909?1727455819 第 1 次 获取到号码【1426909】GSD
2024-09-28 00:50:24 未获取到号码【1426909】GSD，可能号码格式错误
2024-09-28 00:50:24 获取到号码【1426909】的GSD为【-】
2024-09-28 00:50:26 GSD insert 第 1 次 等待 3 秒
2024-09-28 00:50:29 {"status":"bad","gid":"663583","msg":"添加失败！号码【1426909(-|-)】已存在！"}
2024-09-28 00:50:29 随机等待 106 秒，约 1 分钟
2024-09-28 00:50:29 下次操作: 2024-09-28 00:52:15

2024-09-28 00:52:15 开始第 6912 次操作

2024-09-28 00:52:15 开始操作号码 【1426910】
2024-09-28 00:52:16 GSD getOne 第 1 次 等待 3 秒
2024-09-28 00:52:19 查询号码 【1426910】，返回信息 {"status":"ok","msg":"-","gid":"663622","time_insert":"2023-04-19 04:52"}
2024-09-28 00:52:19 查询号码 【1426910】，GSD为【"-"】
2024-09-28 00:52:19 ok && -
2024-09-28 00:52:21 CHB 1426910?1727455939 第 1 次 等待 3 秒
2024-09-28 00:52:24 CHB 1426910?1727455939 第 1 次 获取到号码【1426910】GSD
2024-09-28 00:52:24 未获取到号码【1426910】GSD，可能号码格式错误
2024-09-28 00:52:24 获取到号码【1426910】的GSD为【-】
2024-09-28 00:52:29 GSD insert 第 1 次 等待 3 秒
2024-09-28 00:52:32 {"status":"bad","gid":"663622","msg":"添加失败！号码【1426910(-|-)】已存在！"}

2024-09-28 01:13:00 开始第 6913 次操作

2024-09-28 01:13:00 开始操作号码 【1426911】
2024-09-28 01:13:02 GSD getOne 第 1 次 等待 3 秒
2024-09-28 01:13:05 查询号码 【1426911】，返回信息 {"status":"ok","msg":"-","gid":"663644","time_insert":"2023-04-19 05:08"}
2024-09-28 01:13:05 查询号码 【1426911】，GSD为【"-"】
2024-09-28 01:13:05 ok && -
2024-09-28 01:13:07 CHB 1426911?1727457185 第 1 次 等待 3 秒
2024-09-28 01:13:10 CHB 1426911?1727457185 第 1 次 获取到号码【1426911】GSD
2024-09-28 01:13:11 未获取到号码【1426911】GSD，可能号码格式错误
2024-09-28 01:13:11 获取到号码【1426911】的GSD为【-】
2024-09-28 01:13:12 GSD insert 第 1 次 等待 3 秒
2024-09-28 01:13:15 {"status":"bad","gid":"663644","msg":"添加失败！号码【1426911(-|-)】已存在！"}
2024-09-28 01:13:15 随机等待 102 秒，约 1 分钟
2024-09-28 01:13:15 下次操作: 2024-09-28 01:14:57

2024-09-28 01:14:57 开始第 6914 次操作

2024-09-28 01:14:57 开始操作号码 【1426912】
2024-09-28 01:15:00 GSD getOne 第 1 次 等待 3 秒
2024-09-28 01:15:03 查询号码 【1426912】，返回信息 {"status":"ok","msg":"-","gid":"663670","time_insert":"2023-04-19 05:25"}
2024-09-28 01:15:03 查询号码 【1426912】，GSD为【"-"】
2024-09-28 01:15:03 ok && -
2024-09-28 01:15:07 CHB 1426912?1727457303 第 1 次 等待 3 秒
2024-09-28 01:15:10 CHB 1426912?1727457303 第 1 次 获取到号码【1426912】GSD
2024-09-28 01:15:10 未获取到号码【1426912】GSD，可能号码格式错误
2024-09-28 01:15:10 获取到号码【1426912】的GSD为【-】
2024-09-28 01:15:12 GSD insert 第 1 次 等待 3 秒
2024-09-28 01:15:15 {"status":"bad","gid":"663670","msg":"添加失败！号码【1426912(-|-)】已存在！"}
2024-09-28 01:15:15 随机等待 78 秒，约 1 分钟
2024-09-28 01:15:15 下次操作: 2024-09-28 01:16:33

2024-09-28 01:16:33 开始第 6915 次操作

2024-09-28 01:16:33 开始操作号码 【1426913】
2024-09-28 01:16:35 GSD getOne 第 1 次 等待 3 秒
2024-09-28 01:16:38 查询号码 【1426913】，返回信息 {"status":"ok","msg":"-","gid":"663700","time_insert":"2023-04-19 05:42"}
2024-09-28 01:16:39 查询号码 【1426913】，GSD为【"-"】
2024-09-28 01:16:39 ok && -
2024-09-28 01:16:42 CHB 1426913?1727457399 第 1 次 等待 3 秒
2024-09-28 01:16:45 CHB 1426913?1727457399 第 1 次 获取到号码【1426913】GSD
2024-09-28 01:16:45 未获取到号码【1426913】GSD，可能号码格式错误
2024-09-28 01:16:45 获取到号码【1426913】的GSD为【-】
2024-09-28 01:16:47 GSD insert 第 1 次 等待 3 秒
2024-09-28 01:16:50 {"status":"bad","gid":"663700","msg":"添加失败！号码【1426913(-|-)】已存在！"}
2024-09-28 01:16:50 随机等待 95 秒，约 1 分钟
2024-09-28 01:16:50 下次操作: 2024-09-28 01:18:25

2024-09-28 01:18:25 开始第 6916 次操作

2024-09-28 01:18:25 开始操作号码 【1426914】
2024-09-28 01:18:27 GSD getOne 第 1 次 等待 3 秒
2024-09-28 01:18:30 查询号码 【1426914】，返回信息 {"status":"ok","msg":"-","gid":"663718","time_insert":"2023-04-19 05:51"}
2024-09-28 01:18:30 查询号码 【1426914】，GSD为【"-"】
2024-09-28 01:18:30 ok && -
2024-09-28 01:18:34 CHB 1426914?1727457510 第 1 次 等待 3 秒
2024-09-28 01:18:37 CHB 1426914?1727457510 第 1 次 获取到号码【1426914】GSD
2024-09-28 01:18:37 未获取到号码【1426914】GSD，可能号码格式错误
2024-09-28 01:18:37 获取到号码【1426914】的GSD为【-】
2024-09-28 01:18:41 GSD insert 第 1 次 等待 3 秒
2024-09-28 01:18:44 {"status":"bad","gid":"663718","msg":"添加失败！号码【1426914(-|-)】已存在！"}

