2023-11-06 00:12:06 开始第 7237 次操作

2023-11-06 00:12:06 开始操作号码 【1967130】
2023-11-06 00:12:10 GSD getOne 第 1 次 等待 3 秒
2023-11-06 00:12:13 查询号码 【1967130】，返回信息 {"status":"ok","msg":"-","gid":"578927","time_insert":"2023-03-09 04:12"}
2023-11-06 00:12:13 查询号码 【1967130】，GSD为【"-"】
2023-11-06 00:12:13 ok && -
2023-11-06 00:12:16 CHB 1967130?1699200733 第 1 次 等待 3 秒
2023-11-06 00:12:19 CHB 1967130?1699200733 第 1 次 获取到号码【1967130】GSD
2023-11-06 00:12:19 未获取到号码【1967130】GSD，可能号码格式错误
2023-11-06 00:12:19 获取到号码【1967130】的GSD为【-】
2023-11-06 00:12:22 GSD insert 第 1 次 等待 3 秒
2023-11-06 00:12:25 {"status":"bad","gid":"578927","msg":"添加失败！号码【1967130(-|-)】已存在！"}
2023-11-06 00:12:25 随机等待 95 秒，约 1 分钟
2023-11-06 00:12:25 下次操作: 2023-11-06 00:14:00

2023-11-06 00:14:00 开始第 7238 次操作

2023-11-06 00:14:00 开始操作号码 【1967131】
2023-11-06 00:14:03 GSD getOne 第 1 次 等待 3 秒
2023-11-06 00:14:06 查询号码 【1967131】，返回信息 {"status":"ok","msg":"-","gid":"578934","time_insert":"2023-03-09 04:14"}
2023-11-06 00:14:06 查询号码 【1967131】，GSD为【"-"】
2023-11-06 00:14:06 ok && -
2023-11-06 00:14:10 CHB 1967131?1699200846 第 1 次 等待 3 秒
2023-11-06 00:14:13 CHB 1967131?1699200846 第 1 次 获取到号码【1967131】GSD
2023-11-06 00:14:13 未获取到号码【1967131】GSD，可能号码格式错误
2023-11-06 00:14:13 获取到号码【1967131】的GSD为【-】
2023-11-06 00:14:18 GSD insert 第 1 次 等待 3 秒
2023-11-06 00:14:21 {"status":"bad","gid":"578934","msg":"添加失败！号码【1967131(-|-)】已存在！"}
2023-11-06 00:14:21 随机等待 148 秒，约 2 分钟
2023-11-06 00:14:21 下次操作: 2023-11-06 00:16:49

2023-11-06 00:16:49 开始第 7239 次操作

2023-11-06 00:16:49 开始操作号码 【1967132】
2023-11-06 00:16:52 GSD getOne 第 1 次 等待 3 秒
2023-11-06 00:16:55 查询号码 【1967132】，返回信息 {"status":"ok","msg":"-","gid":"578937","time_insert":"2023-03-09 04:16"}
2023-11-06 00:16:55 查询号码 【1967132】，GSD为【"-"】
2023-11-06 00:16:55 ok && -
2023-11-06 00:16:58 CHB 1967132?1699201015 第 1 次 等待 3 秒
2023-11-06 00:17:01 CHB 1967132?1699201015 第 1 次 获取到号码【1967132】GSD
2023-11-06 00:17:01 未获取到号码【1967132】GSD，可能号码格式错误
2023-11-06 00:17:01 获取到号码【1967132】的GSD为【-】
2023-11-06 00:17:04 GSD insert 第 1 次 等待 3 秒
2023-11-06 00:17:07 {"status":"bad","gid":"578937","msg":"添加失败！号码【1967132(-|-)】已存在！"}
2023-11-06 00:17:07 随机等待 126 秒，约 2 分钟
2023-11-06 00:17:07 下次操作: 2023-11-06 00:19:13

2023-11-06 00:19:13 开始第 7240 次操作

2023-11-06 00:19:13 开始操作号码 【1967133】
2023-11-06 00:19:16 GSD getOne 第 1 次 等待 3 秒
2023-11-06 00:19:19 查询号码 【1967133】，返回信息 {"status":"ok","msg":"-","gid":"578953","time_insert":"2023-03-09 04:29"}
2023-11-06 00:19:19 查询号码 【1967133】，GSD为【"-"】
2023-11-06 00:19:19 ok && -
2023-11-06 00:19:22 CHB 1967133?1699201159 第 1 次 等待 3 秒
2023-11-06 00:19:25 CHB 1967133?1699201159 第 1 次 获取到号码【1967133】GSD
2023-11-06 00:19:25 未获取到号码【1967133】GSD，可能号码格式错误
2023-11-06 00:19:25 获取到号码【1967133】的GSD为【-】
2023-11-06 00:19:28 GSD insert 第 1 次 等待 3 秒
2023-11-06 00:19:31 {"status":"bad","gid":"578953","msg":"添加失败！号码【1967133(-|-)】已存在！"}

