2024-05-14 00:15:59 开始第 9017 次操作

2024-05-14 00:15:59 开始操作号码 【1648907】
2024-05-14 00:16:04 GSD getOne 第 1 次 等待 3 秒
2024-05-14 00:16:07 查询号码 【1648907】，返回信息 {"status":"ok","msg":"-","gid":"663702","time_insert":"2023-04-19 05:43"}
2024-05-14 00:16:08 查询号码 【1648907】，GSD为【"-"】
2024-05-14 00:16:08 ok && -
2024-05-14 00:16:10 CHB 1648907?1715616968 第 1 次 等待 3 秒
2024-05-14 00:16:13 CHB 1648907?1715616968 第 1 次 获取到号码【1648907】GSD
2024-05-14 00:16:13 未获取到号码【1648907】GSD，可能号码格式错误
2024-05-14 00:16:13 获取到号码【1648907】的GSD为【-】
2024-05-14 00:16:21 GSD insert 第 1 次 等待 3 秒
2024-05-14 00:16:24 {"status":"bad","gid":"663702","msg":"添加失败！号码【1648907(-|-)】已存在！"}
2024-05-14 00:16:24 随机等待 171 秒，约 2 分钟
2024-05-14 00:16:24 下次操作: 2024-05-14 00:19:15

2024-05-14 00:19:15 开始第 9018 次操作

2024-05-14 00:19:15 开始操作号码 【1648908】
2024-05-14 00:19:21 GSD getOne 第 1 次 等待 3 秒
2024-05-14 00:19:24 查询号码 【1648908】，返回信息 {"status":"ok","msg":"-","gid":"663698","time_insert":"2023-04-19 05:40"}
2024-05-14 00:19:24 查询号码 【1648908】，GSD为【"-"】
2024-05-14 00:19:24 ok && -
2024-05-14 00:19:26 CHB 1648908?1715617164 第 1 次 等待 3 秒
2024-05-14 00:19:29 CHB 1648908?1715617164 第 1 次 获取到号码【1648908】GSD
2024-05-14 00:19:29 未获取到号码【1648908】GSD，可能号码格式错误
2024-05-14 00:19:29 获取到号码【1648908】的GSD为【-】
2024-05-14 00:19:36 GSD insert 第 1 次 等待 3 秒
2024-05-14 00:19:39 {"status":"bad","gid":"663698","msg":"添加失败！号码【1648908(-|-)】已存在！"}
2024-05-14 00:19:39 随机等待 102 秒，约 1 分钟
2024-05-14 00:19:39 下次操作: 2024-05-14 00:21:21

2024-05-14 00:21:21 开始第 9019 次操作

2024-05-14 00:21:21 开始操作号码 【1648909】
2024-05-14 00:21:26 GSD getOne 第 1 次 等待 3 秒
2024-05-14 00:21:29 查询号码 【1648909】，返回信息 {"status":"ok","msg":"-","gid":"663696","time_insert":"2023-04-19 05:38"}
2024-05-14 00:21:29 查询号码 【1648909】，GSD为【"-"】
2024-05-14 00:21:29 ok && -
2024-05-14 00:21:32 CHB 1648909?1715617289 第 1 次 等待 3 秒
2024-05-14 00:21:35 CHB 1648909?1715617289 第 1 次 获取到号码【1648909】GSD
2024-05-14 00:21:35 未获取到号码【1648909】GSD，可能号码格式错误
2024-05-14 00:21:35 获取到号码【1648909】的GSD为【-】
2024-05-14 00:21:40 GSD insert 第 1 次 等待 3 秒
2024-05-14 00:21:43 {"status":"bad","gid":"663696","msg":"添加失败！号码【1648909(-|-)】已存在！"}
2024-05-14 00:21:43 随机等待 179 秒，约 2 分钟
2024-05-14 00:21:43 下次操作: 2024-05-14 00:24:42

2024-05-14 00:24:42 开始第 9020 次操作

2024-05-14 00:24:42 开始操作号码 【1648910】
2024-05-14 00:24:48 GSD getOne 第 1 次 等待 3 秒
2024-05-14 00:24:51 查询号码 【1648910】，返回信息 {"status":"ok","msg":"-","gid":"663690","time_insert":"2023-04-19 05:36"}
2024-05-14 00:24:51 查询号码 【1648910】，GSD为【"-"】
2024-05-14 00:24:51 ok && -
2024-05-14 00:24:54 CHB 1648910?1715617491 第 1 次 等待 3 秒
2024-05-14 00:24:57 CHB 1648910?1715617491 第 1 次 获取到号码【1648910】GSD
2024-05-14 00:24:57 未获取到号码【1648910】GSD，可能号码格式错误
2024-05-14 00:24:57 获取到号码【1648910】的GSD为【-】
2024-05-14 00:25:03 GSD insert 第 1 次 等待 3 秒
2024-05-14 00:25:06 {"status":"bad","gid":"663690","msg":"添加失败！号码【1648910(-|-)】已存在！"}

2024-05-14 00:38:03 开始第 9021 次操作

2024-05-14 00:38:03 开始操作号码 【1648911】
2024-05-14 00:38:12 GSD getOne 第 1 次 等待 3 秒
2024-05-14 00:38:15 查询号码 【1648911】，返回信息 {"status":"ok","msg":"-","gid":"663685","time_insert":"2023-04-19 05:33"}
2024-05-14 00:38:15 查询号码 【1648911】，GSD为【"-"】
2024-05-14 00:38:15 ok && -
2024-05-14 00:38:17 CHB 1648911?1715618295 第 1 次 等待 3 秒
2024-05-14 00:38:20 CHB 1648911?1715618295 第 1 次 获取到号码【1648911】GSD
2024-05-14 00:38:20 未获取到号码【1648911】GSD，可能号码格式错误
2024-05-14 00:38:20 获取到号码【1648911】的GSD为【-】
2024-05-14 00:38:26 GSD insert 第 1 次 等待 3 秒
2024-05-14 00:38:29 {"status":"bad","gid":"663685","msg":"添加失败！号码【1648911(-|-)】已存在！"}
2024-05-14 00:38:29 随机等待 137 秒，约 2 分钟
2024-05-14 00:38:29 下次操作: 2024-05-14 00:40:46

2024-05-14 00:40:46 开始第 9022 次操作

2024-05-14 00:40:46 开始操作号码 【1648912】
2024-05-14 00:41:07 GSD getOne 第 1 次 等待 3 秒
2024-05-14 00:41:10 查询号码 【1648912】，返回信息 {"status":"ok","msg":"-","gid":"663677","time_insert":"2023-04-19 05:27"}
2024-05-14 00:41:10 查询号码 【1648912】，GSD为【"-"】
2024-05-14 00:41:10 ok && -
2024-05-14 00:41:13 CHB 1648912?1715618470 第 1 次 等待 3 秒
2024-05-14 00:41:16 CHB 1648912?1715618470 第 1 次 获取到号码【1648912】GSD
2024-05-14 00:41:16 未获取到号码【1648912】GSD，可能号码格式错误
2024-05-14 00:41:16 获取到号码【1648912】的GSD为【-】
2024-05-14 00:41:38 GSD insert 第 1 次 等待 3 秒
2024-05-14 00:41:41 {"status":"bad","gid":"663677","msg":"添加失败！号码【1648912(-|-)】已存在！"}
2024-05-14 00:41:41 随机等待 180 秒，约 3 分钟
2024-05-14 00:41:41 下次操作: 2024-05-14 00:44:41

2024-05-14 00:44:41 开始第 9023 次操作

2024-05-14 00:44:41 开始操作号码 【1648913】
2024-05-14 00:44:48 GSD getOne 第 1 次 等待 3 秒
2024-05-14 00:44:51 查询号码 【1648913】，返回信息 {"status":"ok","msg":"-","gid":"663671","time_insert":"2023-04-19 05:25"}
2024-05-14 00:44:51 查询号码 【1648913】，GSD为【"-"】
2024-05-14 00:44:51 ok && -
2024-05-14 00:44:53 CHB 1648913?1715618691 第 1 次 等待 3 秒
2024-05-14 00:44:56 CHB 1648913?1715618691 第 1 次 获取到号码【1648913】GSD
2024-05-14 00:44:56 未获取到号码【1648913】GSD，可能号码格式错误
2024-05-14 00:44:56 获取到号码【1648913】的GSD为【-】
2024-05-14 00:45:03 GSD insert 第 1 次 等待 3 秒
2024-05-14 00:45:06 {"status":"bad","gid":"663671","msg":"添加失败！号码【1648913(-|-)】已存在！"}
2024-05-14 00:45:06 随机等待 113 秒，约 1 分钟
2024-05-14 00:45:06 下次操作: 2024-05-14 00:46:59

2024-05-14 00:46:59 开始第 9024 次操作

2024-05-14 00:46:59 开始操作号码 【1648914】
2024-05-14 00:47:08 GSD getOne 第 1 次 等待 3 秒
2024-05-14 00:47:11 查询号码 【1648914】，返回信息 {"status":"ok","msg":"-","gid":"663667","time_insert":"2023-04-19 05:23"}
2024-05-14 00:47:11 查询号码 【1648914】，GSD为【"-"】
2024-05-14 00:47:11 ok && -
2024-05-14 00:47:13 CHB 1648914?1715618831 第 1 次 等待 3 秒
2024-05-14 00:47:16 CHB 1648914?1715618831 第 1 次 获取到号码【1648914】GSD
2024-05-14 00:47:16 未获取到号码【1648914】GSD，可能号码格式错误
2024-05-14 00:47:16 获取到号码【1648914】的GSD为【-】
2024-05-14 00:47:24 GSD insert 第 1 次 等待 3 秒
2024-05-14 00:47:27 {"status":"bad","gid":"663667","msg":"添加失败！号码【1648914(-|-)】已存在！"}

2024-05-14 01:09:53 开始第 9025 次操作

2024-05-14 01:09:53 开始操作号码 【1648915】
2024-05-14 01:09:58 GSD getOne 第 1 次 等待 3 秒
2024-05-14 01:10:01 查询号码 【1648915】，返回信息 {"status":"ok","msg":"-","gid":"663664","time_insert":"2023-04-19 05:21"}
2024-05-14 01:10:01 查询号码 【1648915】，GSD为【"-"】
2024-05-14 01:10:01 ok && -
2024-05-14 01:10:03 CHB 1648915?1715620201 第 1 次 等待 3 秒
2024-05-14 01:10:06 CHB 1648915?1715620201 第 1 次 获取到号码【1648915】GSD
2024-05-14 01:10:06 未获取到号码【1648915】GSD，可能号码格式错误
2024-05-14 01:10:06 获取到号码【1648915】的GSD为【-】
2024-05-14 01:10:11 GSD insert 第 1 次 等待 3 秒
2024-05-14 01:10:14 {"status":"bad","gid":"663664","msg":"添加失败！号码【1648915(-|-)】已存在！"}
2024-05-14 01:10:14 随机等待 120 秒，约 2 分钟
2024-05-14 01:10:14 下次操作: 2024-05-14 01:12:14

2024-05-14 01:12:14 开始第 9026 次操作

2024-05-14 01:12:14 开始操作号码 【1648916】
2024-05-14 01:12:20 GSD getOne 第 1 次 等待 3 秒
2024-05-14 01:12:23 查询号码 【1648916】，返回信息 {"status":"ok","msg":"-","gid":"663658","time_insert":"2023-04-19 05:15"}
2024-05-14 01:12:23 查询号码 【1648916】，GSD为【"-"】
2024-05-14 01:12:23 ok && -
2024-05-14 01:12:25 CHB 1648916?1715620343 第 1 次 等待 3 秒
2024-05-14 01:12:28 CHB 1648916?1715620343 第 1 次 获取到号码【1648916】GSD
2024-05-14 01:12:28 未获取到号码【1648916】GSD，可能号码格式错误
2024-05-14 01:12:28 获取到号码【1648916】的GSD为【-】
2024-05-14 01:12:34 GSD insert 第 1 次 等待 3 秒
2024-05-14 01:12:37 {"status":"bad","gid":"663658","msg":"添加失败！号码【1648916(-|-)】已存在！"}
2024-05-14 01:12:37 随机等待 165 秒，约 2 分钟
2024-05-14 01:12:37 下次操作: 2024-05-14 01:15:22

2024-05-14 01:15:22 开始第 9027 次操作

2024-05-14 01:15:22 开始操作号码 【1648917】
2024-05-14 01:15:27 GSD getOne 第 1 次 等待 3 秒
2024-05-14 01:15:30 查询号码 【1648917】，返回信息 {"status":"ok","msg":"-","gid":"663655","time_insert":"2023-04-19 05:12"}
2024-05-14 01:15:30 查询号码 【1648917】，GSD为【"-"】
2024-05-14 01:15:30 ok && -
2024-05-14 01:15:32 CHB 1648917?1715620530 第 1 次 等待 3 秒
2024-05-14 01:15:35 CHB 1648917?1715620530 第 1 次 获取到号码【1648917】GSD
2024-05-14 01:15:35 未获取到号码【1648917】GSD，可能号码格式错误
2024-05-14 01:15:35 获取到号码【1648917】的GSD为【-】
2024-05-14 01:15:41 GSD insert 第 1 次 等待 3 秒
2024-05-14 01:15:44 {"status":"bad","gid":"663655","msg":"添加失败！号码【1648917(-|-)】已存在！"}
2024-05-14 01:15:44 随机等待 186 秒，约 3 分钟
2024-05-14 01:15:44 下次操作: 2024-05-14 01:18:50

2024-05-14 01:18:50 开始第 9028 次操作

2024-05-14 01:18:50 开始操作号码 【1648918】
2024-05-14 01:18:57 GSD getOne 第 1 次 等待 3 秒
2024-05-14 01:19:00 查询号码 【1648918】，返回信息 {"status":"ok","msg":"-","gid":"663649","time_insert":"2023-04-19 05:10"}
2024-05-14 01:19:00 查询号码 【1648918】，GSD为【"-"】
2024-05-14 01:19:00 ok && -
2024-05-14 01:19:02 CHB 1648918?1715620740 第 1 次 等待 3 秒
2024-05-14 01:19:05 CHB 1648918?1715620740 第 1 次 获取到号码【1648918】GSD
2024-05-14 01:19:05 未获取到号码【1648918】GSD，可能号码格式错误
2024-05-14 01:19:05 获取到号码【1648918】的GSD为【-】
2024-05-14 01:19:11 GSD insert 第 1 次 等待 3 秒
2024-05-14 01:19:14 {"status":"bad","gid":"663649","msg":"添加失败！号码【1648918(-|-)】已存在！"}

