2024-03-09 00:11:41 开始第 8033 次操作

2024-03-09 00:11:41 开始操作号码 【1757926】
2024-03-09 00:11:46 GSD getOne 第 1 次 等待 3 秒
2024-03-09 00:11:49 查询号码 【1757926】，返回信息 {"status":"ok","msg":"江西-赣州","gid":"223998","time_insert":"2021-07-08 16:54"}
2024-03-09 00:11:49 查询号码 【1757926】，GSD为【"江西-赣州"】

2024-03-09 00:11:50 开始第 8034 次操作

2024-03-09 00:11:50 开始操作号码 【1757927】
2024-03-09 00:11:56 GSD getOne 第 1 次 等待 3 秒
2024-03-09 00:11:59 查询号码 【1757927】，返回信息 {"status":"ok","msg":"江西-赣州","gid":"224012","time_insert":"2021-07-08 16:54"}
2024-03-09 00:11:59 查询号码 【1757927】，GSD为【"江西-赣州"】

2024-03-09 00:12:00 开始第 8035 次操作

2024-03-09 00:12:00 开始操作号码 【1757928】
2024-03-09 00:12:06 GSD getOne 第 1 次 等待 3 秒
2024-03-09 00:12:09 查询号码 【1757928】，返回信息 {"status":"ok","msg":"江西-赣州","gid":"224018","time_insert":"2021-07-08 16:55"}
2024-03-09 00:12:09 查询号码 【1757928】，GSD为【"江西-赣州"】

2024-03-09 00:12:10 开始第 8036 次操作

2024-03-09 00:12:10 开始操作号码 【1757929】
2024-03-09 00:12:15 GSD getOne 第 1 次 等待 3 秒
2024-03-09 00:12:18 查询号码 【1757929】，返回信息 {"status":"ok","msg":"江西-赣州","gid":"224027","time_insert":"2021-07-08 16:56"}
2024-03-09 00:12:18 查询号码 【1757929】，GSD为【"江西-赣州"】

2024-03-09 00:34:49 开始第 8037 次操作

2024-03-09 00:34:49 开始操作号码 【1757930】
2024-03-09 00:34:53 GSD getOne 第 1 次 等待 3 秒
2024-03-09 00:34:56 查询号码 【1757930】，返回信息 {"status":"ok","msg":"江西-赣州","gid":"224036","time_insert":"2021-07-08 16:57"}
2024-03-09 00:34:56 查询号码 【1757930】，GSD为【"江西-赣州"】

2024-03-09 00:34:57 开始第 8038 次操作

2024-03-09 00:34:57 开始操作号码 【1757931】
2024-03-09 00:35:02 GSD getOne 第 1 次 等待 3 秒
2024-03-09 00:35:05 查询号码 【1757931】，返回信息 {"status":"ok","msg":"江西-赣州","gid":"224041","time_insert":"2021-07-08 16:58"}
2024-03-09 00:35:05 查询号码 【1757931】，GSD为【"江西-赣州"】

2024-03-09 00:35:06 开始第 8039 次操作

2024-03-09 00:35:06 开始操作号码 【1757932】
2024-03-09 00:35:12 GSD getOne 第 1 次 等待 3 秒
2024-03-09 00:35:15 查询号码 【1757932】，返回信息 {"status":"ok","msg":"江西-赣州","gid":"224047","time_insert":"2021-07-08 16:58"}
2024-03-09 00:35:15 查询号码 【1757932】，GSD为【"江西-赣州"】

2024-03-09 00:35:16 开始第 8040 次操作

2024-03-09 00:35:16 开始操作号码 【1757933】
2024-03-09 00:35:21 GSD getOne 第 1 次 等待 3 秒
2024-03-09 00:35:24 查询号码 【1757933】，返回信息 {"status":"ok","msg":"江西-赣州","gid":"224053","time_insert":"2021-07-08 16:59"}
2024-03-09 00:35:24 查询号码 【1757933】，GSD为【"江西-赣州"】

2024-03-09 01:09:30 开始第 8041 次操作

2024-03-09 01:09:30 开始操作号码 【1757934】
2024-03-09 01:09:34 GSD getOne 第 1 次 等待 3 秒
2024-03-09 01:09:37 查询号码 【1757934】，返回信息 {"status":"ok","msg":"江西-赣州","gid":"224062","time_insert":"2021-07-08 17:00"}
2024-03-09 01:09:37 查询号码 【1757934】，GSD为【"江西-赣州"】

2024-03-09 01:09:38 开始第 8042 次操作

2024-03-09 01:09:38 开始操作号码 【1757935】
2024-03-09 01:09:43 GSD getOne 第 1 次 等待 3 秒
2024-03-09 01:09:46 查询号码 【1757935】，返回信息 {"status":"ok","msg":"江西-赣州","gid":"224067","time_insert":"2021-07-08 17:01"}
2024-03-09 01:09:46 查询号码 【1757935】，GSD为【"江西-赣州"】

2024-03-09 01:09:47 开始第 8043 次操作

2024-03-09 01:09:47 开始操作号码 【1757936】
2024-03-09 01:09:51 GSD getOne 第 1 次 等待 3 秒
2024-03-09 01:09:54 查询号码 【1757936】，返回信息 {"status":"ok","msg":"江西-赣州","gid":"224074","time_insert":"2021-07-08 17:01"}
2024-03-09 01:09:54 查询号码 【1757936】，GSD为【"江西-赣州"】

2024-03-09 01:09:55 开始第 8044 次操作

2024-03-09 01:09:55 开始操作号码 【1757937】
2024-03-09 01:10:00 GSD getOne 第 1 次 等待 3 秒
2024-03-09 01:10:03 查询号码 【1757937】，返回信息 {"status":"ok","msg":"江西-赣州","gid":"224078","time_insert":"2021-07-08 17:02"}
2024-03-09 01:10:03 查询号码 【1757937】，GSD为【"江西-赣州"】

2024-03-09 01:34:10 开始第 8045 次操作

2024-03-09 01:34:11 开始操作号码 【1757938】
2024-03-09 01:34:15 GSD getOne 第 1 次 等待 3 秒
2024-03-09 01:34:18 查询号码 【1757938】，返回信息 {"status":"ok","msg":"江西-赣州","gid":"224086","time_insert":"2021-07-08 17:03"}
2024-03-09 01:34:18 查询号码 【1757938】，GSD为【"江西-赣州"】

2024-03-09 01:34:19 开始第 8046 次操作

2024-03-09 01:34:19 开始操作号码 【1757939】
2024-03-09 01:34:23 GSD getOne 第 1 次 等待 3 秒
2024-03-09 01:34:26 查询号码 【1757939】，返回信息 {"status":"ok","msg":"江西-赣州","gid":"224090","time_insert":"2021-07-08 17:04"}
2024-03-09 01:34:26 查询号码 【1757939】，GSD为【"江西-赣州"】

2024-03-09 01:34:27 开始第 8047 次操作

2024-03-09 01:34:27 开始操作号码 【1757940】
2024-03-09 01:34:31 GSD getOne 第 1 次 等待 3 秒
2024-03-09 01:34:34 查询号码 【1757940】，返回信息 {"status":"ok","msg":"湖南-长沙","gid":"224095","time_insert":"2021-07-08 17:04"}
2024-03-09 01:34:34 查询号码 【1757940】，GSD为【"湖南-长沙"】

2024-03-09 01:34:35 开始第 8048 次操作

2024-03-09 01:34:35 开始操作号码 【1757941】
2024-03-09 01:34:39 GSD getOne 第 1 次 等待 3 秒
2024-03-09 01:34:42 查询号码 【1757941】，返回信息 {"status":"ok","msg":"湖南-长沙","gid":"224100","time_insert":"2021-07-08 17:05"}
2024-03-09 01:34:42 查询号码 【1757941】，GSD为【"湖南-长沙"】

2024-03-09 02:13:15 开始第 8049 次操作

2024-03-09 02:13:15 开始操作号码 【1757942】
2024-03-09 02:13:20 GSD getOne 第 1 次 等待 3 秒
2024-03-09 02:13:23 查询号码 【1757942】，返回信息 {"status":"ok","msg":"湖南-长沙","gid":"224108","time_insert":"2021-07-08 17:06"}
2024-03-09 02:13:23 查询号码 【1757942】，GSD为【"湖南-长沙"】

2024-03-09 02:13:24 开始第 8050 次操作

2024-03-09 02:13:24 开始操作号码 【1757943】
2024-03-09 02:13:28 GSD getOne 第 1 次 等待 3 秒
2024-03-09 02:13:31 查询号码 【1757943】，返回信息 {"status":"ok","msg":"湖南-长沙","gid":"224113","time_insert":"2021-07-08 17:07"}
2024-03-09 02:13:31 查询号码 【1757943】，GSD为【"湖南-长沙"】

2024-03-09 02:13:32 开始第 8051 次操作

2024-03-09 02:13:32 开始操作号码 【1757944】
2024-03-09 02:13:36 GSD getOne 第 1 次 等待 3 秒
2024-03-09 02:13:39 查询号码 【1757944】，返回信息 {"status":"ok","msg":"湖南-长沙","gid":"224119","time_insert":"2021-07-08 17:08"}
2024-03-09 02:13:40 查询号码 【1757944】，GSD为【"湖南-长沙"】

2024-03-09 02:13:41 开始第 8052 次操作

2024-03-09 02:13:41 开始操作号码 【1757945】
2024-03-09 02:13:45 GSD getOne 第 1 次 等待 3 秒
2024-03-09 02:13:48 查询号码 【1757945】，返回信息 {"status":"ok","msg":"湖南-长沙","gid":"224123","time_insert":"2021-07-08 17:09"}
2024-03-09 02:13:48 查询号码 【1757945】，GSD为【"湖南-长沙"】

2024-03-09 02:33:59 开始第 8053 次操作

2024-03-09 02:33:59 开始操作号码 【1757946】
2024-03-09 02:34:04 GSD getOne 第 1 次 等待 3 秒
2024-03-09 02:34:07 查询号码 【1757946】，返回信息 {"status":"ok","msg":"湖南-长沙","gid":"224253","time_insert":"2021-07-08 17:48"}
2024-03-09 02:34:07 查询号码 【1757946】，GSD为【"湖南-长沙"】

2024-03-09 02:34:08 开始第 8054 次操作

2024-03-09 02:34:08 开始操作号码 【1757947】
2024-03-09 02:34:12 GSD getOne 第 1 次 等待 3 秒
2024-03-09 02:34:15 查询号码 【1757947】，返回信息 {"status":"ok","msg":"湖南-长沙","gid":"224264","time_insert":"2021-07-08 17:49"}
2024-03-09 02:34:15 查询号码 【1757947】，GSD为【"湖南-长沙"】

2024-03-09 02:34:16 开始第 8055 次操作

2024-03-09 02:34:16 开始操作号码 【1757948】
2024-03-09 02:34:20 GSD getOne 第 1 次 等待 3 秒
2024-03-09 02:34:23 查询号码 【1757948】，返回信息 {"status":"ok","msg":"湖南-长沙","gid":"224276","time_insert":"2021-07-08 17:50"}
2024-03-09 02:34:23 查询号码 【1757948】，GSD为【"湖南-长沙"】

2024-03-09 02:34:24 开始第 8056 次操作

2024-03-09 02:34:24 开始操作号码 【1757949】
2024-03-09 02:34:28 GSD getOne 第 1 次 等待 3 秒
2024-03-09 02:34:31 查询号码 【1757949】，返回信息 {"status":"ok","msg":"湖南-长沙","gid":"224290","time_insert":"2021-07-08 17:50"}
2024-03-09 02:34:31 查询号码 【1757949】，GSD为【"湖南-长沙"】

2024-03-09 03:08:55 开始第 8057 次操作

2024-03-09 03:08:55 开始操作号码 【1757950】
2024-03-09 03:08:59 GSD getOne 第 1 次 等待 3 秒
2024-03-09 03:09:02 查询号码 【1757950】，返回信息 {"status":"ok","msg":"湖南-永州","gid":"224304","time_insert":"2021-07-08 17:51"}
2024-03-09 03:09:02 查询号码 【1757950】，GSD为【"湖南-永州"】

2024-03-09 03:09:03 开始第 8058 次操作

2024-03-09 03:09:03 开始操作号码 【1757951】
2024-03-09 03:09:08 GSD getOne 第 1 次 等待 3 秒
2024-03-09 03:09:11 查询号码 【1757951】，返回信息 {"status":"ok","msg":"湖南-永州","gid":"224321","time_insert":"2021-07-08 17:52"}
2024-03-09 03:09:11 查询号码 【1757951】，GSD为【"湖南-永州"】

2024-03-09 03:09:12 开始第 8059 次操作

2024-03-09 03:09:12 开始操作号码 【1757952】
2024-03-09 03:09:16 GSD getOne 第 1 次 等待 3 秒
2024-03-09 03:09:19 查询号码 【1757952】，返回信息 {"status":"ok","msg":"湖南-永州","gid":"224335","time_insert":"2021-07-08 17:53"}
2024-03-09 03:09:20 查询号码 【1757952】，GSD为【"湖南-永州"】

2024-03-09 03:09:21 开始第 8060 次操作

2024-03-09 03:09:21 开始操作号码 【1757953】
2024-03-09 03:09:25 GSD getOne 第 1 次 等待 3 秒
2024-03-09 03:09:28 查询号码 【1757953】，返回信息 {"status":"ok","msg":"湖南-永州","gid":"224347","time_insert":"2021-07-08 17:54"}
2024-03-09 03:09:28 查询号码 【1757953】，GSD为【"湖南-永州"】

2024-03-09 03:34:48 开始第 8061 次操作

2024-03-09 03:34:48 开始操作号码 【1757954】
2024-03-09 03:34:52 GSD getOne 第 1 次 等待 3 秒
2024-03-09 03:34:55 查询号码 【1757954】，返回信息 {"status":"ok","msg":"湖南-永州","gid":"224357","time_insert":"2021-07-08 17:54"}
2024-03-09 03:34:55 查询号码 【1757954】，GSD为【"湖南-永州"】

2024-03-09 03:34:57 开始第 8062 次操作

2024-03-09 03:34:57 开始操作号码 【1757955】
2024-03-09 03:35:01 GSD getOne 第 1 次 等待 3 秒
2024-03-09 03:35:04 查询号码 【1757955】，返回信息 {"status":"ok","msg":"湖南-永州","gid":"224366","time_insert":"2021-07-08 17:55"}
2024-03-09 03:35:04 查询号码 【1757955】，GSD为【"湖南-永州"】

2024-03-09 03:35:05 开始第 8063 次操作

2024-03-09 03:35:05 开始操作号码 【1757956】
2024-03-09 03:35:10 GSD getOne 第 1 次 等待 3 秒
2024-03-09 03:35:13 查询号码 【1757956】，返回信息 {"status":"ok","msg":"湖南-永州","gid":"224377","time_insert":"2021-07-08 17:56"}
2024-03-09 03:35:13 查询号码 【1757956】，GSD为【"湖南-永州"】

2024-03-09 03:35:14 开始第 8064 次操作

2024-03-09 03:35:14 开始操作号码 【1757957】
2024-03-09 03:35:18 GSD getOne 第 1 次 等待 3 秒
2024-03-09 03:35:21 查询号码 【1757957】，返回信息 {"status":"ok","msg":"湖南-永州","gid":"224386","time_insert":"2021-07-08 17:57"}
2024-03-09 03:35:21 查询号码 【1757957】，GSD为【"湖南-永州"】

2024-03-09 04:10:02 开始第 8065 次操作

2024-03-09 04:10:02 开始操作号码 【1757958】
2024-03-09 04:10:06 GSD getOne 第 1 次 等待 3 秒
2024-03-09 04:10:09 查询号码 【1757958】，返回信息 {"status":"ok","msg":"湖南-永州","gid":"224396","time_insert":"2021-07-08 17:57"}
2024-03-09 04:10:09 查询号码 【1757958】，GSD为【"湖南-永州"】

2024-03-09 04:10:10 开始第 8066 次操作

2024-03-09 04:10:10 开始操作号码 【1757959】
2024-03-09 04:10:15 GSD getOne 第 1 次 等待 3 秒
2024-03-09 04:10:18 查询号码 【1757959】，返回信息 {"status":"ok","msg":"湖南-永州","gid":"224405","time_insert":"2021-07-08 17:58"}
2024-03-09 04:10:18 查询号码 【1757959】，GSD为【"湖南-永州"】

2024-03-09 04:10:19 开始第 8067 次操作

2024-03-09 04:10:19 开始操作号码 【1757960】
2024-03-09 04:10:23 GSD getOne 第 1 次 等待 3 秒
2024-03-09 04:10:26 查询号码 【1757960】，返回信息 {"status":"ok","msg":"湖南-衡阳","gid":"224412","time_insert":"2021-07-08 17:59"}
2024-03-09 04:10:26 查询号码 【1757960】，GSD为【"湖南-衡阳"】

2024-03-09 04:10:27 开始第 8068 次操作

2024-03-09 04:10:27 开始操作号码 【1757961】
2024-03-09 04:10:31 GSD getOne 第 1 次 等待 3 秒
2024-03-09 04:10:34 查询号码 【1757961】，返回信息 {"status":"ok","msg":"湖南-衡阳","gid":"224417","time_insert":"2021-07-08 18:00"}
2024-03-09 04:10:34 查询号码 【1757961】，GSD为【"湖南-衡阳"】

2024-03-09 04:34:28 开始第 8069 次操作

2024-03-09 04:34:28 开始操作号码 【1757962】
2024-03-09 04:34:33 GSD getOne 第 1 次 等待 3 秒
2024-03-09 04:34:36 查询号码 【1757962】，返回信息 {"status":"ok","msg":"湖南-衡阳","gid":"224423","time_insert":"2021-07-08 18:00"}
2024-03-09 04:34:36 查询号码 【1757962】，GSD为【"湖南-衡阳"】

2024-03-09 04:34:37 开始第 8070 次操作

2024-03-09 04:34:37 开始操作号码 【1757963】
2024-03-09 04:34:41 GSD getOne 第 1 次 等待 3 秒
2024-03-09 04:34:44 查询号码 【1757963】，返回信息 {"status":"ok","msg":"湖南-衡阳","gid":"224429","time_insert":"2021-07-08 18:01"}
2024-03-09 04:34:44 查询号码 【1757963】，GSD为【"湖南-衡阳"】

2024-03-09 04:34:45 开始第 8071 次操作

2024-03-09 04:34:45 开始操作号码 【1757964】
2024-03-09 04:34:50 GSD getOne 第 1 次 等待 3 秒
2024-03-09 04:34:53 查询号码 【1757964】，返回信息 {"status":"ok","msg":"湖南-衡阳","gid":"224437","time_insert":"2021-07-08 18:02"}
2024-03-09 04:34:53 查询号码 【1757964】，GSD为【"湖南-衡阳"】

2024-03-09 04:34:54 开始第 8072 次操作

2024-03-09 04:34:54 开始操作号码 【1757965】
2024-03-09 04:34:58 GSD getOne 第 1 次 等待 3 秒
2024-03-09 04:35:01 查询号码 【1757965】，返回信息 {"status":"ok","msg":"湖南-衡阳","gid":"224442","time_insert":"2021-07-08 18:03"}
2024-03-09 04:35:01 查询号码 【1757965】，GSD为【"湖南-衡阳"】

2024-03-09 05:09:54 开始第 8073 次操作

2024-03-09 05:09:54 开始操作号码 【1757966】
2024-03-09 05:09:59 GSD getOne 第 1 次 等待 3 秒
2024-03-09 05:10:02 查询号码 【1757966】，返回信息 {"status":"ok","msg":"湖南-衡阳","gid":"224447","time_insert":"2021-07-08 18:04"}
2024-03-09 05:10:02 查询号码 【1757966】，GSD为【"湖南-衡阳"】

2024-03-09 05:10:03 开始第 8074 次操作

2024-03-09 05:10:03 开始操作号码 【1757967】
2024-03-09 05:10:08 GSD getOne 第 1 次 等待 3 秒
2024-03-09 05:10:11 查询号码 【1757967】，返回信息 {"status":"ok","msg":"湖南-衡阳","gid":"224455","time_insert":"2021-07-08 18:04"}
2024-03-09 05:10:11 查询号码 【1757967】，GSD为【"湖南-衡阳"】

2024-03-09 05:10:12 开始第 8075 次操作

2024-03-09 05:10:12 开始操作号码 【1757968】
2024-03-09 05:10:16 GSD getOne 第 1 次 等待 3 秒
2024-03-09 05:10:19 查询号码 【1757968】，返回信息 {"status":"ok","msg":"湖南-衡阳","gid":"224458","time_insert":"2021-07-08 18:05"}
2024-03-09 05:10:19 查询号码 【1757968】，GSD为【"湖南-衡阳"】

2024-03-09 05:10:20 开始第 8076 次操作

2024-03-09 05:10:20 开始操作号码 【1757969】
2024-03-09 05:10:24 GSD getOne 第 1 次 等待 3 秒
2024-03-09 05:10:27 查询号码 【1757969】，返回信息 {"status":"ok","msg":"湖南-衡阳","gid":"224464","time_insert":"2021-07-08 18:06"}
2024-03-09 05:10:27 查询号码 【1757969】，GSD为【"湖南-衡阳"】

2024-03-09 05:35:11 开始第 8077 次操作

2024-03-09 05:35:11 开始操作号码 【1757970】
2024-03-09 05:35:16 GSD getOne 第 1 次 等待 3 秒
2024-03-09 05:35:19 查询号码 【1757970】，返回信息 {"status":"ok","msg":"湖南-湘西","gid":"224471","time_insert":"2021-07-08 18:06"}
2024-03-09 05:35:19 查询号码 【1757970】，GSD为【"湖南-湘西"】

2024-03-09 05:35:20 开始第 8078 次操作

2024-03-09 05:35:20 开始操作号码 【1757971】
2024-03-09 05:35:24 GSD getOne 第 1 次 等待 3 秒
2024-03-09 05:35:27 查询号码 【1757971】，返回信息 {"status":"ok","msg":"湖南-湘西","gid":"224477","time_insert":"2021-07-08 18:07"}
2024-03-09 05:35:27 查询号码 【1757971】，GSD为【"湖南-湘西"】

2024-03-09 05:35:28 开始第 8079 次操作

2024-03-09 05:35:28 开始操作号码 【1757972】
2024-03-09 05:35:33 GSD getOne 第 1 次 等待 3 秒
2024-03-09 05:35:36 查询号码 【1757972】，返回信息 {"status":"ok","msg":"湖南-湘西","gid":"224482","time_insert":"2021-07-08 18:08"}
2024-03-09 05:35:36 查询号码 【1757972】，GSD为【"湖南-湘西"】

2024-03-09 05:35:37 开始第 8080 次操作

2024-03-09 05:35:37 开始操作号码 【1757973】
2024-03-09 05:35:41 GSD getOne 第 1 次 等待 3 秒
2024-03-09 05:35:44 查询号码 【1757973】，返回信息 {"status":"ok","msg":"湖南-湘西","gid":"224486","time_insert":"2021-07-08 18:09"}
2024-03-09 05:35:44 查询号码 【1757973】，GSD为【"湖南-湘西"】

2024-03-09 06:11:15 开始第 8081 次操作

2024-03-09 06:11:15 开始操作号码 【1757974】
2024-03-09 06:11:19 GSD getOne 第 1 次 等待 3 秒
2024-03-09 06:11:22 查询号码 【1757974】，返回信息 {"status":"ok","msg":"湖南-湘西","gid":"224491","time_insert":"2021-07-08 18:09"}
2024-03-09 06:11:22 查询号码 【1757974】，GSD为【"湖南-湘西"】

2024-03-09 06:11:23 开始第 8082 次操作

2024-03-09 06:11:23 开始操作号码 【1757975】
2024-03-09 06:11:28 GSD getOne 第 1 次 等待 3 秒
2024-03-09 06:11:31 查询号码 【1757975】，返回信息 {"status":"ok","msg":"湖南-邵阳","gid":"224499","time_insert":"2021-07-08 18:10"}
2024-03-09 06:11:31 查询号码 【1757975】，GSD为【"湖南-邵阳"】

2024-03-09 06:11:32 开始第 8083 次操作

2024-03-09 06:11:32 开始操作号码 【1757976】
2024-03-09 06:11:36 GSD getOne 第 1 次 等待 3 秒
2024-03-09 06:11:39 查询号码 【1757976】，返回信息 {"status":"ok","msg":"湖南-邵阳","gid":"224624","time_insert":"2021-07-08 18:46"}
2024-03-09 06:11:40 查询号码 【1757976】，GSD为【"湖南-邵阳"】

2024-03-09 06:11:41 开始第 8084 次操作

2024-03-09 06:11:41 开始操作号码 【1757977】
2024-03-09 06:11:45 GSD getOne 第 1 次 等待 3 秒
2024-03-09 06:11:48 查询号码 【1757977】，返回信息 {"status":"ok","msg":"湖南-邵阳","gid":"224639","time_insert":"2021-07-08 18:46"}
2024-03-09 06:11:48 查询号码 【1757977】，GSD为【"湖南-邵阳"】

2024-03-09 06:33:51 开始第 8085 次操作

2024-03-09 06:33:51 开始操作号码 【1757978】
2024-03-09 06:33:56 GSD getOne 第 1 次 等待 3 秒
2024-03-09 06:33:59 查询号码 【1757978】，返回信息 {"status":"ok","msg":"湖南-邵阳","gid":"224654","time_insert":"2021-07-08 18:47"}
2024-03-09 06:33:59 查询号码 【1757978】，GSD为【"湖南-邵阳"】

2024-03-09 06:34:00 开始第 8086 次操作

2024-03-09 06:34:00 开始操作号码 【1757979】
2024-03-09 06:34:04 GSD getOne 第 1 次 等待 3 秒
2024-03-09 06:34:07 查询号码 【1757979】，返回信息 {"status":"ok","msg":"湖南-邵阳","gid":"224670","time_insert":"2021-07-08 18:48"}
2024-03-09 06:34:07 查询号码 【1757979】，GSD为【"湖南-邵阳"】

2024-03-09 06:34:08 开始第 8087 次操作

2024-03-09 06:34:08 开始操作号码 【1757980】
2024-03-09 06:34:13 GSD getOne 第 1 次 等待 3 秒
2024-03-09 06:34:16 查询号码 【1757980】，返回信息 {"status":"ok","msg":"湖南-岳阳","gid":"224683","time_insert":"2021-07-08 18:49"}
2024-03-09 06:34:16 查询号码 【1757980】，GSD为【"湖南-岳阳"】

2024-03-09 06:34:17 开始第 8088 次操作

2024-03-09 06:34:17 开始操作号码 【1757981】
2024-03-09 06:34:21 GSD getOne 第 1 次 等待 3 秒
2024-03-09 06:34:24 查询号码 【1757981】，返回信息 {"status":"ok","msg":"湖南-岳阳","gid":"224694","time_insert":"2021-07-08 18:50"}
2024-03-09 06:34:24 查询号码 【1757981】，GSD为【"湖南-岳阳"】

2024-03-09 07:12:05 开始第 8089 次操作

2024-03-09 07:12:05 开始操作号码 【1757982】
2024-03-09 07:12:09 GSD getOne 第 1 次 等待 3 秒
2024-03-09 07:12:13 查询号码 【1757982】，返回信息 {"status":"ok","msg":"湖南-岳阳","gid":"224706","time_insert":"2021-07-08 18:50"}
2024-03-09 07:12:13 查询号码 【1757982】，GSD为【"湖南-岳阳"】

2024-03-09 07:12:14 开始第 8090 次操作

2024-03-09 07:12:14 开始操作号码 【1757983】
2024-03-09 07:12:18 GSD getOne 第 1 次 等待 3 秒
2024-03-09 07:12:21 查询号码 【1757983】，返回信息 {"status":"ok","msg":"湖南-岳阳","gid":"224715","time_insert":"2021-07-08 18:51"}
2024-03-09 07:12:21 查询号码 【1757983】，GSD为【"湖南-岳阳"】

2024-03-09 07:12:22 开始第 8091 次操作

2024-03-09 07:12:22 开始操作号码 【1757984】
2024-03-09 07:12:26 GSD getOne 第 1 次 等待 3 秒
2024-03-09 07:12:29 查询号码 【1757984】，返回信息 {"status":"ok","msg":"湖南-岳阳","gid":"224723","time_insert":"2021-07-08 18:52"}
2024-03-09 07:12:29 查询号码 【1757984】，GSD为【"湖南-岳阳"】

2024-03-09 07:12:30 开始第 8092 次操作

2024-03-09 07:12:30 开始操作号码 【1757985】
2024-03-09 07:12:34 GSD getOne 第 1 次 等待 3 秒
2024-03-09 07:12:37 查询号码 【1757985】，返回信息 {"status":"ok","msg":"湖南-岳阳","gid":"224734","time_insert":"2021-07-08 18:53"}
2024-03-09 07:12:37 查询号码 【1757985】，GSD为【"湖南-岳阳"】

2024-03-09 07:35:45 开始第 8093 次操作

2024-03-09 07:35:45 开始操作号码 【1757986】
2024-03-09 07:35:49 GSD getOne 第 1 次 等待 3 秒
2024-03-09 07:35:52 查询号码 【1757986】，返回信息 {"status":"ok","msg":"湖南-岳阳","gid":"224742","time_insert":"2021-07-08 18:54"}
2024-03-09 07:35:52 查询号码 【1757986】，GSD为【"湖南-岳阳"】

2024-03-09 07:35:53 开始第 8094 次操作

2024-03-09 07:35:53 开始操作号码 【1757987】
2024-03-09 07:35:58 GSD getOne 第 1 次 等待 3 秒
2024-03-09 07:36:01 查询号码 【1757987】，返回信息 {"status":"ok","msg":"湖南-岳阳","gid":"224754","time_insert":"2021-07-08 18:54"}
2024-03-09 07:36:01 查询号码 【1757987】，GSD为【"湖南-岳阳"】

2024-03-09 07:36:02 开始第 8095 次操作

2024-03-09 07:36:02 开始操作号码 【1757988】
2024-03-09 07:36:06 GSD getOne 第 1 次 等待 3 秒
2024-03-09 07:36:09 查询号码 【1757988】，返回信息 {"status":"ok","msg":"湖南-岳阳","gid":"224763","time_insert":"2021-07-08 18:55"}
2024-03-09 07:36:09 查询号码 【1757988】，GSD为【"湖南-岳阳"】

2024-03-09 07:36:10 开始第 8096 次操作

2024-03-09 07:36:10 开始操作号码 【1757989】
2024-03-09 07:36:15 GSD getOne 第 1 次 等待 3 秒
2024-03-09 07:36:18 查询号码 【1757989】，返回信息 {"status":"ok","msg":"湖南-岳阳","gid":"224769","time_insert":"2021-07-08 18:56"}
2024-03-09 07:36:18 查询号码 【1757989】，GSD为【"湖南-岳阳"】

2024-03-09 08:45:48 开始第 8097 次操作

2024-03-09 08:45:48 开始操作号码 【1757990】
2024-03-09 08:45:53 GSD getOne 第 1 次 等待 3 秒
2024-03-09 08:45:56 查询号码 【1757990】，返回信息 {"status":"ok","msg":"湖南-株洲","gid":"224779","time_insert":"2021-07-08 18:57"}
2024-03-09 08:45:56 查询号码 【1757990】，GSD为【"湖南-株洲"】

2024-03-09 08:45:57 开始第 8098 次操作

2024-03-09 08:45:57 开始操作号码 【1757991】
2024-03-09 08:46:01 GSD getOne 第 1 次 等待 3 秒
2024-03-09 08:46:04 查询号码 【1757991】，返回信息 {"status":"ok","msg":"湖南-株洲","gid":"224788","time_insert":"2021-07-08 18:57"}
2024-03-09 08:46:05 查询号码 【1757991】，GSD为【"湖南-株洲"】

2024-03-09 08:46:06 开始第 8099 次操作

2024-03-09 08:46:06 开始操作号码 【1757992】
2024-03-09 08:46:10 GSD getOne 第 1 次 等待 3 秒
2024-03-09 08:46:13 查询号码 【1757992】，返回信息 {"status":"ok","msg":"湖南-株洲","gid":"224793","time_insert":"2021-07-08 18:58"}
2024-03-09 08:46:13 查询号码 【1757992】，GSD为【"湖南-株洲"】

2024-03-09 08:46:14 开始第 8100 次操作

2024-03-09 08:46:14 开始操作号码 【1757993】
2024-03-09 08:46:19 GSD getOne 第 1 次 等待 3 秒
2024-03-09 08:46:22 查询号码 【1757993】，返回信息 {"status":"ok","msg":"湖南-株洲","gid":"224801","time_insert":"2021-07-08 18:59"}
2024-03-09 08:46:22 查询号码 【1757993】，GSD为【"湖南-株洲"】

2024-03-09 09:38:07 开始第 8101 次操作

2024-03-09 09:38:07 开始操作号码 【1757994】
2024-03-09 09:38:12 GSD getOne 第 1 次 等待 3 秒
2024-03-09 09:38:15 查询号码 【1757994】，返回信息 {"status":"ok","msg":"湖南-株洲","gid":"224806","time_insert":"2021-07-08 19:00"}
2024-03-09 09:38:15 查询号码 【1757994】，GSD为【"湖南-株洲"】

2024-03-09 09:38:16 开始第 8102 次操作

2024-03-09 09:38:16 开始操作号码 【1757995】
2024-03-09 09:38:21 GSD getOne 第 1 次 等待 3 秒
2024-03-09 09:38:24 查询号码 【1757995】，返回信息 {"status":"ok","msg":"湖南-株洲","gid":"224817","time_insert":"2021-07-08 19:01"}
2024-03-09 09:38:24 查询号码 【1757995】，GSD为【"湖南-株洲"】

2024-03-09 09:38:25 开始第 8103 次操作

2024-03-09 09:38:25 开始操作号码 【1757996】
2024-03-09 09:38:29 GSD getOne 第 1 次 等待 3 秒
2024-03-09 09:38:32 查询号码 【1757996】，返回信息 {"status":"ok","msg":"湖南-株洲","gid":"224843","time_insert":"2021-07-08 19:06"}
2024-03-09 09:38:32 查询号码 【1757996】，GSD为【"湖南-株洲"】

2024-03-09 09:38:33 开始第 8104 次操作

2024-03-09 09:38:33 开始操作号码 【1757997】
2024-03-09 09:38:38 GSD getOne 第 1 次 等待 3 秒
2024-03-09 09:38:41 查询号码 【1757997】，返回信息 {"status":"ok","msg":"湖南-株洲","gid":"224849","time_insert":"2021-07-08 19:07"}
2024-03-09 09:38:41 查询号码 【1757997】，GSD为【"湖南-株洲"】

2024-03-09 10:13:20 开始第 8105 次操作

2024-03-09 10:13:20 开始操作号码 【1757998】
2024-03-09 10:13:25 GSD getOne 第 1 次 等待 3 秒
2024-03-09 10:13:28 查询号码 【1757998】，返回信息 {"status":"ok","msg":"湖南-株洲","gid":"224855","time_insert":"2021-07-08 19:07"}
2024-03-09 10:13:29 查询号码 【1757998】，GSD为【"湖南-株洲"】

2024-03-09 10:13:30 开始第 8106 次操作

2024-03-09 10:13:30 开始操作号码 【1757999】
2024-03-09 10:13:34 GSD getOne 第 1 次 等待 3 秒
2024-03-09 10:13:37 查询号码 【1757999】，返回信息 {"status":"ok","msg":"湖南-株洲","gid":"224862","time_insert":"2021-07-08 19:08"}
2024-03-09 10:13:37 查询号码 【1757999】，GSD为【"湖南-株洲"】

2024-03-09 10:13:38 开始第 8107 次操作

2024-03-09 10:13:38 开始操作号码 【1758000】
2024-03-09 10:13:43 GSD getOne 第 1 次 等待 3 秒
2024-03-09 10:13:46 查询号码 【1758000】，返回信息 {"status":"ok","msg":"湖南-长沙","gid":"224865","time_insert":"2021-07-08 19:09"}
2024-03-09 10:13:46 查询号码 【1758000】，GSD为【"湖南-长沙"】

2024-03-09 10:13:47 开始第 8108 次操作

2024-03-09 10:13:47 开始操作号码 【1758001】
2024-03-09 10:13:51 GSD getOne 第 1 次 等待 3 秒
2024-03-09 10:13:54 查询号码 【1758001】，返回信息 {"status":"ok","msg":"湖南-长沙","gid":"224869","time_insert":"2021-07-08 19:10"}
2024-03-09 10:13:54 查询号码 【1758001】，GSD为【"湖南-长沙"】

2024-03-09 10:35:17 开始第 8109 次操作

2024-03-09 10:35:17 开始操作号码 【1758002】
2024-03-09 10:35:21 GSD getOne 第 1 次 等待 3 秒
2024-03-09 10:35:24 查询号码 【1758002】，返回信息 {"status":"ok","msg":"湖南-长沙","gid":"224873","time_insert":"2021-07-08 19:11"}
2024-03-09 10:35:24 查询号码 【1758002】，GSD为【"湖南-长沙"】

2024-03-09 10:35:26 开始第 8110 次操作

2024-03-09 10:35:26 开始操作号码 【1758003】
2024-03-09 10:35:30 GSD getOne 第 1 次 等待 3 秒
2024-03-09 10:35:33 查询号码 【1758003】，返回信息 {"status":"ok","msg":"湖南-长沙","gid":"224874","time_insert":"2021-07-08 19:11"}
2024-03-09 10:35:33 查询号码 【1758003】，GSD为【"湖南-长沙"】

2024-03-09 10:35:34 开始第 8111 次操作

2024-03-09 10:35:34 开始操作号码 【1758004】
2024-03-09 10:35:38 GSD getOne 第 1 次 等待 3 秒
2024-03-09 10:35:41 查询号码 【1758004】，返回信息 {"status":"ok","msg":"湖南-长沙","gid":"224880","time_insert":"2021-07-08 19:12"}
2024-03-09 10:35:41 查询号码 【1758004】，GSD为【"湖南-长沙"】

2024-03-09 10:35:42 开始第 8112 次操作

2024-03-09 10:35:42 开始操作号码 【1758005】
2024-03-09 10:35:46 GSD getOne 第 1 次 等待 3 秒
2024-03-09 10:35:49 查询号码 【1758005】，返回信息 {"status":"ok","msg":"湖南-长沙","gid":"224882","time_insert":"2021-07-08 19:13"}
2024-03-09 10:35:49 查询号码 【1758005】，GSD为【"湖南-长沙"】

2024-03-09 11:13:40 开始第 8113 次操作

2024-03-09 11:13:40 开始操作号码 【1758006】
2024-03-09 11:13:45 GSD getOne 第 1 次 等待 3 秒
2024-03-09 11:13:48 查询号码 【1758006】，返回信息 {"status":"ok","msg":"湖南-长沙","gid":"224961","time_insert":"2021-07-08 19:38"}
2024-03-09 11:13:48 查询号码 【1758006】，GSD为【"湖南-长沙"】

2024-03-09 11:13:49 开始第 8114 次操作

2024-03-09 11:13:49 开始操作号码 【1758007】
2024-03-09 11:13:53 GSD getOne 第 1 次 等待 3 秒
2024-03-09 11:13:56 查询号码 【1758007】，返回信息 {"status":"ok","msg":"湖南-长沙","gid":"224974","time_insert":"2021-07-08 19:39"}
2024-03-09 11:13:56 查询号码 【1758007】，GSD为【"湖南-长沙"】

2024-03-09 11:13:57 开始第 8115 次操作

2024-03-09 11:13:57 开始操作号码 【1758008】
2024-03-09 11:14:02 GSD getOne 第 1 次 等待 3 秒
2024-03-09 11:14:05 查询号码 【1758008】，返回信息 {"status":"ok","msg":"湖南-长沙","gid":"224981","time_insert":"2021-07-08 19:39"}
2024-03-09 11:14:05 查询号码 【1758008】，GSD为【"湖南-长沙"】

2024-03-09 11:14:06 开始第 8116 次操作

2024-03-09 11:14:06 开始操作号码 【1758009】
2024-03-09 11:14:10 GSD getOne 第 1 次 等待 3 秒
2024-03-09 11:14:13 查询号码 【1758009】，返回信息 {"status":"ok","msg":"湖南-长沙","gid":"224988","time_insert":"2021-07-08 19:40"}
2024-03-09 11:14:13 查询号码 【1758009】，GSD为【"湖南-长沙"】

2024-03-09 11:34:01 开始第 8117 次操作

2024-03-09 11:34:01 开始操作号码 【1758010】
2024-03-09 11:34:06 GSD getOne 第 1 次 等待 3 秒
2024-03-09 11:34:09 查询号码 【1758010】，返回信息 {"status":"ok","msg":"湖南-长沙","gid":"224997","time_insert":"2021-07-08 19:40"}
2024-03-09 11:34:09 查询号码 【1758010】，GSD为【"湖南-长沙"】

2024-03-09 11:34:10 开始第 8118 次操作

2024-03-09 11:34:10 开始操作号码 【1758011】
2024-03-09 11:34:16 GSD getOne 第 1 次 等待 3 秒
2024-03-09 11:34:19 查询号码 【1758011】，返回信息 {"status":"ok","msg":"湖南-长沙","gid":"225001","time_insert":"2021-07-08 19:40"}
2024-03-09 11:34:19 查询号码 【1758011】，GSD为【"湖南-长沙"】

2024-03-09 11:34:20 开始第 8119 次操作

2024-03-09 11:34:20 开始操作号码 【1758012】
2024-03-09 11:34:25 GSD getOne 第 1 次 等待 3 秒
2024-03-09 11:34:28 查询号码 【1758012】，返回信息 {"status":"ok","msg":"湖南-长沙","gid":"225010","time_insert":"2021-07-08 19:41"}
2024-03-09 11:34:28 查询号码 【1758012】，GSD为【"湖南-长沙"】

2024-03-09 11:34:29 开始第 8120 次操作

2024-03-09 11:34:29 开始操作号码 【1758013】
2024-03-09 11:34:33 GSD getOne 第 1 次 等待 3 秒
2024-03-09 11:34:36 查询号码 【1758013】，返回信息 {"status":"ok","msg":"湖南-张家界","gid":"225017","time_insert":"2021-07-08 19:41"}
2024-03-09 11:34:36 查询号码 【1758013】，GSD为【"湖南-张家界"】

2024-03-09 12:11:30 开始第 8121 次操作

2024-03-09 12:11:30 开始操作号码 【1758014】
2024-03-09 12:11:35 GSD getOne 第 1 次 等待 3 秒
2024-03-09 12:11:38 查询号码 【1758014】，返回信息 {"status":"ok","msg":"湖南-株洲","gid":"225025","time_insert":"2021-07-08 19:42"}
2024-03-09 12:11:38 查询号码 【1758014】，GSD为【"湖南-株洲"】

2024-03-09 12:11:39 开始第 8122 次操作

2024-03-09 12:11:39 开始操作号码 【1758015】
2024-03-09 12:11:44 GSD getOne 第 1 次 等待 3 秒
2024-03-09 12:11:47 查询号码 【1758015】，返回信息 {"status":"ok","msg":"湖南-株洲","gid":"225031","time_insert":"2021-07-08 19:42"}
2024-03-09 12:11:47 查询号码 【1758015】，GSD为【"湖南-株洲"】

2024-03-09 12:11:48 开始第 8123 次操作

2024-03-09 12:11:48 开始操作号码 【1758016】
2024-03-09 12:11:52 GSD getOne 第 1 次 等待 3 秒
2024-03-09 12:11:55 查询号码 【1758016】，返回信息 {"status":"ok","msg":"湖南-株洲","gid":"225037","time_insert":"2021-07-08 19:43"}
2024-03-09 12:11:55 查询号码 【1758016】，GSD为【"湖南-株洲"】

2024-03-09 12:11:56 开始第 8124 次操作

2024-03-09 12:11:56 开始操作号码 【1758017】
2024-03-09 12:12:01 GSD getOne 第 1 次 等待 3 秒
2024-03-09 12:12:04 查询号码 【1758017】，返回信息 {"status":"ok","msg":"湖南-株洲","gid":"225043","time_insert":"2021-07-08 19:43"}
2024-03-09 12:12:04 查询号码 【1758017】，GSD为【"湖南-株洲"】

2024-03-09 12:35:07 开始第 8125 次操作

2024-03-09 12:35:07 开始操作号码 【1758018】
2024-03-09 12:35:12 GSD getOne 第 1 次 等待 3 秒
2024-03-09 12:35:15 查询号码 【1758018】，返回信息 {"status":"ok","msg":"湖南-株洲","gid":"225047","time_insert":"2021-07-08 19:43"}
2024-03-09 12:35:15 查询号码 【1758018】，GSD为【"湖南-株洲"】

2024-03-09 12:35:16 开始第 8126 次操作

2024-03-09 12:35:16 开始操作号码 【1758019】
2024-03-09 12:35:20 GSD getOne 第 1 次 等待 3 秒
2024-03-09 12:35:23 查询号码 【1758019】，返回信息 {"status":"ok","msg":"湖南-株洲","gid":"225054","time_insert":"2021-07-08 19:44"}
2024-03-09 12:35:23 查询号码 【1758019】，GSD为【"湖南-株洲"】

2024-03-09 12:35:24 开始第 8127 次操作

2024-03-09 12:35:24 开始操作号码 【1758020】
2024-03-09 12:35:28 GSD getOne 第 1 次 等待 3 秒
2024-03-09 12:35:31 查询号码 【1758020】，返回信息 {"status":"ok","msg":"湖南-衡阳","gid":"225060","time_insert":"2021-07-08 19:44"}
2024-03-09 12:35:32 查询号码 【1758020】，GSD为【"湖南-衡阳"】

2024-03-09 12:35:33 开始第 8128 次操作

2024-03-09 12:35:33 开始操作号码 【1758021】
2024-03-09 12:35:37 GSD getOne 第 1 次 等待 3 秒
2024-03-09 12:35:40 查询号码 【1758021】，返回信息 {"status":"ok","msg":"湖南-衡阳","gid":"225067","time_insert":"2021-07-08 19:44"}
2024-03-09 12:35:40 查询号码 【1758021】，GSD为【"湖南-衡阳"】

2024-03-09 13:12:01 开始第 8129 次操作

2024-03-09 13:12:01 开始操作号码 【1758022】
2024-03-09 13:12:07 GSD getOne 第 1 次 等待 3 秒
2024-03-09 13:12:10 查询号码 【1758022】，返回信息 {"status":"ok","msg":"湖南-衡阳","gid":"225073","time_insert":"2021-07-08 19:45"}
2024-03-09 13:12:10 查询号码 【1758022】，GSD为【"湖南-衡阳"】

2024-03-09 13:12:11 开始第 8130 次操作

2024-03-09 13:12:11 开始操作号码 【1758023】
2024-03-09 13:12:15 GSD getOne 第 1 次 等待 3 秒
2024-03-09 13:12:18 查询号码 【1758023】，返回信息 {"status":"ok","msg":"湖南-衡阳","gid":"225078","time_insert":"2021-07-08 19:45"}
2024-03-09 13:12:18 查询号码 【1758023】，GSD为【"湖南-衡阳"】

2024-03-09 13:12:20 开始第 8131 次操作

2024-03-09 13:12:20 开始操作号码 【1758024】
2024-03-09 13:12:24 GSD getOne 第 1 次 等待 3 秒
2024-03-09 13:12:27 查询号码 【1758024】，返回信息 {"status":"ok","msg":"湖南-衡阳","gid":"225086","time_insert":"2021-07-08 19:46"}
2024-03-09 13:12:27 查询号码 【1758024】，GSD为【"湖南-衡阳"】

2024-03-09 13:12:28 开始第 8132 次操作

2024-03-09 13:12:28 开始操作号码 【1758025】
2024-03-09 13:12:32 GSD getOne 第 1 次 等待 3 秒
2024-03-09 13:12:35 查询号码 【1758025】，返回信息 {"status":"ok","msg":"湖南-衡阳","gid":"225092","time_insert":"2021-07-08 19:46"}
2024-03-09 13:12:35 查询号码 【1758025】，GSD为【"湖南-衡阳"】

2024-03-09 13:33:50 开始第 8133 次操作

2024-03-09 13:33:50 开始操作号码 【1758026】
2024-03-09 13:33:56 GSD getOne 第 1 次 等待 3 秒
2024-03-09 13:33:59 查询号码 【1758026】，返回信息 {"status":"ok","msg":"湖南-衡阳","gid":"225098","time_insert":"2021-07-08 19:46"}
2024-03-09 13:33:59 查询号码 【1758026】，GSD为【"湖南-衡阳"】

2024-03-09 13:34:00 开始第 8134 次操作

2024-03-09 13:34:00 开始操作号码 【1758027】
2024-03-09 13:34:04 GSD getOne 第 1 次 等待 3 秒
2024-03-09 13:34:07 查询号码 【1758027】，返回信息 {"status":"ok","msg":"湖南-衡阳","gid":"225103","time_insert":"2021-07-08 19:47"}
2024-03-09 13:34:07 查询号码 【1758027】，GSD为【"湖南-衡阳"】

2024-03-09 13:34:08 开始第 8135 次操作

2024-03-09 13:34:08 开始操作号码 【1758028】
2024-03-09 13:34:13 GSD getOne 第 1 次 等待 3 秒
2024-03-09 13:34:16 查询号码 【1758028】，返回信息 {"status":"ok","msg":"湖南-衡阳","gid":"225113","time_insert":"2021-07-08 19:47"}
2024-03-09 13:34:16 查询号码 【1758028】，GSD为【"湖南-衡阳"】

2024-03-09 13:34:17 开始第 8136 次操作

2024-03-09 13:34:17 开始操作号码 【1758029】
2024-03-09 13:34:21 GSD getOne 第 1 次 等待 3 秒
2024-03-09 13:34:24 查询号码 【1758029】，返回信息 {"status":"ok","msg":"湖南-衡阳","gid":"225125","time_insert":"2021-07-08 19:48"}
2024-03-09 13:34:24 查询号码 【1758029】，GSD为【"湖南-衡阳"】

2024-03-09 14:15:02 开始第 8137 次操作

2024-03-09 14:15:02 开始操作号码 【1758030】
2024-03-09 14:15:07 GSD getOne 第 1 次 等待 3 秒
2024-03-09 14:15:10 查询号码 【1758030】，返回信息 {"status":"ok","msg":"湖南-岳阳","gid":"225136","time_insert":"2021-07-08 19:49"}
2024-03-09 14:15:10 查询号码 【1758030】，GSD为【"湖南-岳阳"】

2024-03-09 14:15:11 开始第 8138 次操作

2024-03-09 14:15:11 开始操作号码 【1758031】
2024-03-09 14:15:16 GSD getOne 第 1 次 等待 3 秒
2024-03-09 14:15:19 查询号码 【1758031】，返回信息 {"status":"ok","msg":"湖南-长沙","gid":"225145","time_insert":"2021-07-08 19:50"}
2024-03-09 14:15:19 查询号码 【1758031】，GSD为【"湖南-长沙"】

2024-03-09 14:15:20 开始第 8139 次操作

2024-03-09 14:15:20 开始操作号码 【1758032】
2024-03-09 14:15:25 GSD getOne 第 1 次 等待 3 秒
2024-03-09 14:15:28 查询号码 【1758032】，返回信息 {"status":"ok","msg":"湖南-湘潭","gid":"225153","time_insert":"2021-07-08 19:51"}
2024-03-09 14:15:28 查询号码 【1758032】，GSD为【"湖南-湘潭"】

2024-03-09 14:15:29 开始第 8140 次操作

2024-03-09 14:15:29 开始操作号码 【1758033】
2024-03-09 14:15:34 GSD getOne 第 1 次 等待 3 秒
2024-03-09 14:15:37 查询号码 【1758033】，返回信息 {"status":"ok","msg":"湖南-株洲","gid":"225158","time_insert":"2021-07-08 19:51"}
2024-03-09 14:15:37 查询号码 【1758033】，GSD为【"湖南-株洲"】

2024-03-09 14:35:40 开始第 8141 次操作

2024-03-09 14:35:40 开始操作号码 【1758034】
2024-03-09 14:35:45 GSD getOne 第 1 次 等待 3 秒
2024-03-09 14:35:48 查询号码 【1758034】，返回信息 {"status":"ok","msg":"湖南-衡阳","gid":"225164","time_insert":"2021-07-08 19:51"}
2024-03-09 14:35:48 查询号码 【1758034】，GSD为【"湖南-衡阳"】

2024-03-09 14:35:49 开始第 8142 次操作

2024-03-09 14:35:49 开始操作号码 【1758035】
2024-03-09 14:35:53 GSD getOne 第 1 次 等待 3 秒
2024-03-09 14:35:56 查询号码 【1758035】，返回信息 {"status":"ok","msg":"湖南-郴州","gid":"225166","time_insert":"2021-07-08 19:52"}
2024-03-09 14:35:56 查询号码 【1758035】，GSD为【"湖南-郴州"】

2024-03-09 14:35:57 开始第 8143 次操作

2024-03-09 14:35:57 开始操作号码 【1758036】
2024-03-09 14:36:03 GSD getOne 第 1 次 等待 3 秒
2024-03-09 14:36:06 查询号码 【1758036】，返回信息 {"status":"ok","msg":"湖南-常德","gid":"225562","time_insert":"2021-07-08 21:38"}
2024-03-09 14:36:06 查询号码 【1758036】，GSD为【"湖南-常德"】

2024-03-09 14:36:07 开始第 8144 次操作

2024-03-09 14:36:07 开始操作号码 【1758037】
2024-03-09 14:36:12 GSD getOne 第 1 次 等待 3 秒
2024-03-09 14:36:15 查询号码 【1758037】，返回信息 {"status":"ok","msg":"湖南-益阳","gid":"225567","time_insert":"2021-07-08 21:39"}
2024-03-09 14:36:15 查询号码 【1758037】，GSD为【"湖南-益阳"】

2024-03-09 15:09:18 开始第 8145 次操作

2024-03-09 15:09:18 开始操作号码 【1758038】
2024-03-09 15:09:22 GSD getOne 第 1 次 等待 3 秒
2024-03-09 15:09:25 查询号码 【1758038】，返回信息 {"status":"ok","msg":"湖南-娄底","gid":"225570","time_insert":"2021-07-08 21:39"}
2024-03-09 15:09:25 查询号码 【1758038】，GSD为【"湖南-娄底"】

2024-03-09 15:09:26 开始第 8146 次操作

2024-03-09 15:09:27 开始操作号码 【1758039】
2024-03-09 15:09:31 GSD getOne 第 1 次 等待 3 秒
2024-03-09 15:09:34 查询号码 【1758039】，返回信息 {"status":"ok","msg":"湖南-邵阳","gid":"225573","time_insert":"2021-07-08 21:40"}
2024-03-09 15:09:34 查询号码 【1758039】，GSD为【"湖南-邵阳"】

2024-03-09 15:09:35 开始第 8147 次操作

2024-03-09 15:09:35 开始操作号码 【1758040】
2024-03-09 15:09:40 GSD getOne 第 1 次 等待 3 秒
2024-03-09 15:09:43 查询号码 【1758040】，返回信息 {"status":"ok","msg":"湖南-岳阳","gid":"225578","time_insert":"2021-07-08 21:40"}
2024-03-09 15:09:43 查询号码 【1758040】，GSD为【"湖南-岳阳"】

2024-03-09 15:09:44 开始第 8148 次操作

2024-03-09 15:09:44 开始操作号码 【1758041】
2024-03-09 15:09:48 GSD getOne 第 1 次 等待 3 秒
2024-03-09 15:09:51 查询号码 【1758041】，返回信息 {"status":"ok","msg":"湖南-株洲","gid":"225582","time_insert":"2021-07-08 21:41"}
2024-03-09 15:09:51 查询号码 【1758041】，GSD为【"湖南-株洲"】

2024-03-09 15:33:50 开始第 8149 次操作

2024-03-09 15:33:50 开始操作号码 【1758042】
2024-03-09 15:33:54 GSD getOne 第 1 次 等待 3 秒
2024-03-09 15:33:57 查询号码 【1758042】，返回信息 {"status":"ok","msg":"湖南-常德","gid":"225586","time_insert":"2021-07-08 21:42"}
2024-03-09 15:33:57 查询号码 【1758042】，GSD为【"湖南-常德"】

2024-03-09 15:33:58 开始第 8150 次操作

2024-03-09 15:33:58 开始操作号码 【1758043】
2024-03-09 15:34:03 GSD getOne 第 1 次 等待 3 秒
2024-03-09 15:34:06 查询号码 【1758043】，返回信息 {"status":"ok","msg":"湖南-湘西","gid":"225591","time_insert":"2021-07-08 21:42"}
2024-03-09 15:34:06 查询号码 【1758043】，GSD为【"湖南-湘西"】

2024-03-09 15:34:07 开始第 8151 次操作

2024-03-09 15:34:07 开始操作号码 【1758044】
2024-03-09 15:34:15 GSD getOne 第 1 次 等待 3 秒
2024-03-09 15:34:18 查询号码 【1758044】，返回信息 {"status":"ok","msg":"湖南-张家界","gid":"225596","time_insert":"2021-07-08 21:43"}
2024-03-09 15:34:18 查询号码 【1758044】，GSD为【"湖南-张家界"】

2024-03-09 15:34:19 开始第 8152 次操作

2024-03-09 15:34:19 开始操作号码 【1758045】
2024-03-09 15:34:23 GSD getOne 第 1 次 等待 3 秒
2024-03-09 15:34:26 查询号码 【1758045】，返回信息 {"status":"ok","msg":"湖南-怀化","gid":"225600","time_insert":"2021-07-08 21:43"}
2024-03-09 15:34:26 查询号码 【1758045】，GSD为【"湖南-怀化"】

