2024-01-20 00:14:06 开始第 9937 次操作

2024-01-20 00:14:06 开始操作号码 【1869830】
2024-01-20 00:14:10 GSD getOne 第 1 次 等待 3 秒
2024-01-20 00:14:13 查询号码 【1869830】，返回信息 {"status":"ok","msg":"福建-漳州","gid":"412162","time_insert":"2021-07-27 11:09"}
2024-01-20 00:14:13 查询号码 【1869830】，GSD为【"福建-漳州"】

2024-01-20 00:14:14 开始第 9938 次操作

2024-01-20 00:14:14 开始操作号码 【1869831】
2024-01-20 00:14:18 GSD getOne 第 1 次 等待 3 秒
2024-01-20 00:14:21 查询号码 【1869831】，返回信息 {"status":"ok","msg":"福建-漳州","gid":"412155","time_insert":"2021-07-27 11:09"}
2024-01-20 00:14:21 查询号码 【1869831】，GSD为【"福建-漳州"】

2024-01-20 00:14:22 开始第 9939 次操作

2024-01-20 00:14:22 开始操作号码 【1869832】
2024-01-20 00:14:27 GSD getOne 第 1 次 等待 3 秒
2024-01-20 00:14:30 查询号码 【1869832】，返回信息 {"status":"ok","msg":"福建-漳州","gid":"412144","time_insert":"2021-07-27 11:08"}
2024-01-20 00:14:30 查询号码 【1869832】，GSD为【"福建-漳州"】

2024-01-20 00:14:31 开始第 9940 次操作

2024-01-20 00:14:31 开始操作号码 【1869833】
2024-01-20 00:14:35 GSD getOne 第 1 次 等待 3 秒
2024-01-20 00:14:38 查询号码 【1869833】，返回信息 {"status":"ok","msg":"福建-漳州","gid":"412135","time_insert":"2021-07-27 11:07"}
2024-01-20 00:14:38 查询号码 【1869833】，GSD为【"福建-漳州"】

