2024-04-13 00:12:57 开始第 3497 次操作

2024-04-13 00:12:57 开始操作号码 【1643391】
2024-04-13 00:13:02 GSD getOne 第 1 次 等待 3 秒
2024-04-13 00:13:05 查询号码 【1643391】，返回信息 {"status":"ok","msg":"-","gid":"585171","time_insert":"2023-03-12 04:50"}
2024-04-13 00:13:05 查询号码 【1643391】，GSD为【"-"】
2024-04-13 00:13:05 ok && -
2024-04-13 00:13:09 CHB 1643391?1712938385 第 1 次 等待 3 秒
2024-04-13 00:13:12 CHB 1643391?1712938385 第 1 次 获取到号码【1643391】GSD
2024-04-13 00:13:12 未获取到号码【1643391】GSD，可能号码格式错误
2024-04-13 00:13:12 获取到号码【1643391】的GSD为【-】
2024-04-13 00:13:18 GSD insert 第 1 次 等待 3 秒
2024-04-13 00:13:21 {"status":"bad","gid":"585171","msg":"添加失败！号码【1643391(-|-)】已存在！"}
2024-04-13 00:13:21 随机等待 183 秒，约 3 分钟
2024-04-13 00:13:21 下次操作: 2024-04-13 00:16:24

2024-04-13 00:16:24 开始第 3498 次操作

2024-04-13 00:16:24 开始操作号码 【1643392】
2024-04-13 00:16:29 GSD getOne 第 1 次 等待 3 秒
2024-04-13 00:16:32 查询号码 【1643392】，返回信息 {"status":"ok","msg":"-","gid":"585196","time_insert":"2023-03-12 05:07"}
2024-04-13 00:16:32 查询号码 【1643392】，GSD为【"-"】
2024-04-13 00:16:32 ok && -
2024-04-13 00:16:35 CHB 1643392?1712938592 第 1 次 等待 3 秒
2024-04-13 00:16:38 CHB 1643392?1712938592 第 1 次 获取到号码【1643392】GSD
2024-04-13 00:16:38 未获取到号码【1643392】GSD，可能号码格式错误
2024-04-13 00:16:38 获取到号码【1643392】的GSD为【-】
2024-04-13 00:16:43 GSD insert 第 1 次 等待 3 秒
2024-04-13 00:16:46 {"status":"bad","gid":"585196","msg":"添加失败！号码【1643392(-|-)】已存在！"}
2024-04-13 00:16:46 随机等待 200 秒，约 3 分钟
2024-04-13 00:16:46 下次操作: 2024-04-13 00:20:06

2024-04-13 00:20:06 开始第 3499 次操作

2024-04-13 00:20:06 开始操作号码 【1643393】
2024-04-13 00:20:15 GSD getOne 第 1 次 等待 3 秒
2024-04-13 00:20:18 查询号码 【1643393】，返回信息 {"status":"ok","msg":"-","gid":"585219","time_insert":"2023-03-12 05:19"}
2024-04-13 00:20:18 查询号码 【1643393】，GSD为【"-"】
2024-04-13 00:20:18 ok && -
2024-04-13 00:20:21 CHB 1643393?1712938818 第 1 次 等待 3 秒
2024-04-13 00:20:24 CHB 1643393?1712938818 第 1 次 获取到号码【1643393】GSD
2024-04-13 00:20:24 未获取到号码【1643393】GSD，可能号码格式错误
2024-04-13 00:20:24 获取到号码【1643393】的GSD为【-】
2024-04-13 00:20:30 GSD insert 第 1 次 等待 3 秒
2024-04-13 00:20:33 {"status":"bad","gid":"585219","msg":"添加失败！号码【1643393(-|-)】已存在！"}
2024-04-13 00:20:33 随机等待 96 秒，约 1 分钟
2024-04-13 00:20:33 下次操作: 2024-04-13 00:22:09

2024-04-13 00:22:09 开始第 3500 次操作

2024-04-13 00:22:09 开始操作号码 【1643394】
2024-04-13 00:22:15 GSD getOne 第 1 次 等待 3 秒
2024-04-13 00:22:18 查询号码 【1643394】，返回信息 {"status":"ok","msg":"-","gid":"585264","time_insert":"2023-03-12 05:43"}
2024-04-13 00:22:18 查询号码 【1643394】，GSD为【"-"】
2024-04-13 00:22:18 ok && -
2024-04-13 00:22:21 CHB 1643394?1712938938 第 1 次 等待 3 秒
2024-04-13 00:22:24 CHB 1643394?1712938938 第 1 次 获取到号码【1643394】GSD
2024-04-13 00:22:24 未获取到号码【1643394】GSD，可能号码格式错误
2024-04-13 00:22:24 获取到号码【1643394】的GSD为【-】
2024-04-13 00:22:29 GSD insert 第 1 次 等待 3 秒
2024-04-13 00:22:32 {"status":"bad","gid":"585264","msg":"添加失败！号码【1643394(-|-)】已存在！"}

