2023-10-14 00:13:03 开始第 3041 次操作

2023-10-14 00:13:03 开始操作号码 【1963005】
2023-10-14 00:13:30 GSD getOne 第 1 次 等待 3 秒
2023-10-14 00:13:33 查询号码 【1963005】，返回信息 {"status":"ok","msg":"-","gid":"553504","time_insert":"2023-02-25 06:58"}
2023-10-14 00:13:33 查询号码 【1963005】，GSD为【"-"】
2023-10-14 00:13:33 ok && -
2023-10-14 00:13:39 CHB 1963005?1697213613 第 1 次 等待 3 秒
2023-10-14 00:13:42 CHB 1963005?1697213613 第 1 次 获取到号码【1963005】GSD
2023-10-14 00:13:42 未获取到号码【1963005】GSD，可能号码格式错误
2023-10-14 00:13:42 获取到号码【1963005】的GSD为【-】
2023-10-14 00:13:48 GSD insert 第 1 次 等待 3 秒
2023-10-14 00:13:51 {"status":"bad","gid":"553504","msg":"添加失败！号码【1963005(-|-)】已存在！"}
2023-10-14 00:13:51 随机等待 151 秒，约 2 分钟
2023-10-14 00:13:51 下次操作: 2023-10-14 00:16:22

2023-10-14 00:16:22 开始第 3042 次操作

2023-10-14 00:16:22 开始操作号码 【1963006】
2023-10-14 00:16:28 GSD getOne 第 1 次 等待 3 秒
2023-10-14 00:16:31 查询号码 【1963006】，返回信息 {"status":"ok","msg":"-","gid":"553520","time_insert":"2023-02-25 07:09"}
2023-10-14 00:16:31 查询号码 【1963006】，GSD为【"-"】
2023-10-14 00:16:31 ok && -
2023-10-14 00:16:34 CHB 1963006?1697213791 第 1 次 等待 3 秒
2023-10-14 00:16:37 CHB 1963006?1697213791 第 1 次 获取到号码【1963006】GSD
2023-10-14 00:16:37 未获取到号码【1963006】GSD，可能号码格式错误
2023-10-14 00:16:37 获取到号码【1963006】的GSD为【-】
2023-10-14 00:16:45 GSD insert 第 1 次 等待 3 秒
2023-10-14 00:16:48 {"status":"bad","gid":"553520","msg":"添加失败！号码【1963006(-|-)】已存在！"}
2023-10-14 00:16:48 随机等待 143 秒，约 2 分钟
2023-10-14 00:16:48 下次操作: 2023-10-14 00:19:11

2023-10-14 00:19:11 开始第 3043 次操作

2023-10-14 00:19:11 开始操作号码 【1963007】
2023-10-14 00:19:19 GSD getOne 第 1 次 等待 3 秒
2023-10-14 00:19:22 查询号码 【1963007】，返回信息 {"status":"ok","msg":"-","gid":"553524","time_insert":"2023-02-25 07:12"}
2023-10-14 00:19:22 查询号码 【1963007】，GSD为【"-"】
2023-10-14 00:19:22 ok && -
2023-10-14 00:19:24 CHB 1963007?1697213962 第 1 次 等待 3 秒
2023-10-14 00:19:27 CHB 1963007?1697213962 第 1 次 获取到号码【1963007】GSD
2023-10-14 00:19:27 未获取到号码【1963007】GSD，可能号码格式错误
2023-10-14 00:19:27 获取到号码【1963007】的GSD为【-】
2023-10-14 00:19:32 GSD insert 第 1 次 等待 3 秒
2023-10-14 00:19:35 {"status":"bad","gid":"553524","msg":"添加失败！号码【1963007(-|-)】已存在！"}
2023-10-14 00:19:35 随机等待 183 秒，约 3 分钟
2023-10-14 00:19:35 下次操作: 2023-10-14 00:22:38

2023-10-14 00:22:38 开始第 3044 次操作

2023-10-14 00:22:38 开始操作号码 【1963008】
2023-10-14 00:22:43 GSD getOne 第 1 次 等待 3 秒
2023-10-14 00:22:46 查询号码 【1963008】，返回信息 {"status":"ok","msg":"-","gid":"553527","time_insert":"2023-02-25 07:15"}
2023-10-14 00:22:46 查询号码 【1963008】，GSD为【"-"】
2023-10-14 00:22:46 ok && -
2023-10-14 00:22:48 CHB 1963008?1697214166 第 1 次 等待 3 秒
2023-10-14 00:22:51 CHB 1963008?1697214166 第 1 次 获取到号码【1963008】GSD
2023-10-14 00:22:51 未获取到号码【1963008】GSD，可能号码格式错误
2023-10-14 00:22:51 获取到号码【1963008】的GSD为【-】
2023-10-14 00:22:59 GSD insert 第 1 次 等待 3 秒
2023-10-14 00:23:02 {"status":"bad","gid":"553527","msg":"添加失败！号码【1963008(-|-)】已存在！"}

2023-10-14 00:36:58 开始第 3045 次操作

2023-10-14 00:36:58 开始操作号码 【1963009】
2023-10-14 00:37:03 GSD getOne 第 1 次 等待 3 秒
2023-10-14 00:37:06 查询号码 【1963009】，返回信息 {"status":"ok","msg":"-","gid":"553534","time_insert":"2023-02-25 07:17"}
2023-10-14 00:37:06 查询号码 【1963009】，GSD为【"-"】
2023-10-14 00:37:06 ok && -
2023-10-14 00:37:13 CHB 1963009?1697215026 第 1 次 等待 3 秒
2023-10-14 00:37:16 CHB 1963009?1697215026 第 1 次 获取到号码【1963009】GSD
2023-10-14 00:37:16 未获取到号码【1963009】GSD，可能号码格式错误
2023-10-14 00:37:16 获取到号码【1963009】的GSD为【-】
2023-10-14 00:37:19 GSD insert 第 1 次 等待 3 秒
2023-10-14 00:37:22 {"status":"bad","gid":"553534","msg":"添加失败！号码【1963009(-|-)】已存在！"}
2023-10-14 00:37:22 随机等待 195 秒，约 3 分钟
2023-10-14 00:37:22 下次操作: 2023-10-14 00:40:37

2023-10-14 00:40:37 开始第 3046 次操作

2023-10-14 00:40:37 开始操作号码 【1963010】
2023-10-14 00:41:26 GSD getOne 第 1 次 等待 3 秒
2023-10-14 00:41:29 查询号码 【1963010】，返回信息 {"status":"ok","msg":"-","gid":"553545","time_insert":"2023-02-25 07:25"}
2023-10-14 00:41:29 查询号码 【1963010】，GSD为【"-"】
2023-10-14 00:41:29 ok && -
2023-10-14 00:41:31 CHB 1963010?1697215289 第 1 次 等待 3 秒
2023-10-14 00:41:34 CHB 1963010?1697215289 第 1 次 获取到号码【1963010】GSD
2023-10-14 00:41:34 未获取到号码【1963010】GSD，可能号码格式错误
2023-10-14 00:41:34 获取到号码【1963010】的GSD为【-】
2023-10-14 00:41:39 GSD insert 第 1 次 等待 3 秒
2023-10-14 00:41:42 {"status":"bad","gid":"553545","msg":"添加失败！号码【1963010(-|-)】已存在！"}
2023-10-14 00:41:42 随机等待 177 秒，约 2 分钟
2023-10-14 00:41:42 下次操作: 2023-10-14 00:44:39

2023-10-14 00:44:39 开始第 3047 次操作

2023-10-14 00:44:39 开始操作号码 【1963011】
2023-10-14 00:44:41 GSD getOne 第 1 次 等待 3 秒
2023-10-14 00:44:44 查询号码 【1963011】，返回信息 {"status":"ok","msg":"-","gid":"553548","time_insert":"2023-02-25 07:27"}
2023-10-14 00:44:45 查询号码 【1963011】，GSD为【"-"】
2023-10-14 00:44:45 ok && -
2023-10-14 00:44:46 CHB 1963011?1697215485 第 1 次 等待 3 秒
2023-10-14 00:44:49 CHB 1963011?1697215485 第 1 次 获取到号码【1963011】GSD
2023-10-14 00:44:49 未获取到号码【1963011】GSD，可能号码格式错误
2023-10-14 00:44:49 获取到号码【1963011】的GSD为【-】
2023-10-14 00:44:52 GSD insert 第 1 次 等待 3 秒
2023-10-14 00:44:55 {"status":"bad","gid":"553548","msg":"添加失败！号码【1963011(-|-)】已存在！"}
2023-10-14 00:44:55 随机等待 185 秒，约 3 分钟
2023-10-14 00:44:55 下次操作: 2023-10-14 00:48:00

2023-10-14 00:48:00 开始第 3048 次操作

2023-10-14 00:48:00 开始操作号码 【1963012】
2023-10-14 00:48:05 GSD getOne 第 1 次 等待 3 秒
2023-10-14 00:48:08 查询号码 【1963012】，返回信息 {"status":"ok","msg":"-","gid":"553551","time_insert":"2023-02-25 07:30"}
2023-10-14 00:48:08 查询号码 【1963012】，GSD为【"-"】
2023-10-14 00:48:08 ok && -
2023-10-14 00:48:10 CHB 1963012?1697215688 第 1 次 等待 3 秒
2023-10-14 00:48:13 CHB 1963012?1697215688 第 1 次 获取到号码【1963012】GSD
2023-10-14 00:48:13 未获取到号码【1963012】GSD，可能号码格式错误
2023-10-14 00:48:13 获取到号码【1963012】的GSD为【-】
2023-10-14 00:48:16 GSD insert 第 1 次 等待 3 秒
2023-10-14 00:48:19 {"status":"bad","gid":"553551","msg":"添加失败！号码【1963012(-|-)】已存在！"}

