2024-08-02 00:15:28 开始第 9417 次操作

2024-08-02 00:15:28 开始操作号码 【1539299】
2024-08-02 00:15:37 GSD getOne 第 1 次 等待 3 秒
2024-08-02 00:15:40 查询号码 【1539299】，返回信息 {"status":"ok","msg":"湖北-宜昌","gid":"373633","time_insert":"2021-07-24 04:46"}
2024-08-02 00:15:40 查询号码 【1539299】，GSD为【"湖北-宜昌"】

2024-08-02 00:15:41 开始第 9418 次操作

2024-08-02 00:15:41 开始操作号码 【1539300】
2024-08-02 00:15:52 GSD getOne 第 1 次 等待 3 秒
2024-08-02 00:15:55 查询号码 【1539300】，返回信息 {"status":"ok","msg":"甘肃-临夏","gid":"21525","time_insert":"2017-08-22 00:00","time_update":"2020-12-12 21:37"}
2024-08-02 00:15:55 查询号码 【1539300】，GSD为【"甘肃-临夏"】

2024-08-02 00:15:56 开始第 9419 次操作

2024-08-02 00:15:56 开始操作号码 【1539301】
2024-08-02 00:16:04 GSD getOne 第 1 次 等待 3 秒
2024-08-02 00:16:07 查询号码 【1539301】，返回信息 {"status":"ok","msg":"甘肃-临夏","gid":"373618","time_insert":"2021-07-24 04:46"}
2024-08-02 00:16:07 查询号码 【1539301】，GSD为【"甘肃-临夏"】

2024-08-02 00:16:08 开始第 9420 次操作

2024-08-02 00:16:08 开始操作号码 【1539302】
2024-08-02 00:16:17 GSD getOne 第 1 次 等待 3 秒
2024-08-02 00:16:20 查询号码 【1539302】，返回信息 {"status":"ok","msg":"甘肃-临夏","gid":"373610","time_insert":"2021-07-24 04:45"}
2024-08-02 00:16:20 查询号码 【1539302】，GSD为【"甘肃-临夏"】

2024-08-02 00:39:24 开始第 9421 次操作

2024-08-02 00:39:24 开始操作号码 【1539303】
2024-08-02 00:39:32 GSD getOne 第 1 次 等待 3 秒
2024-08-02 00:39:35 查询号码 【1539303】，返回信息 {"status":"ok","msg":"甘肃-临夏","gid":"21526","time_insert":"2018-01-31 10:58","time_update":"2020-12-12 21:41"}
2024-08-02 00:39:35 查询号码 【1539303】，GSD为【"甘肃-临夏"】

2024-08-02 00:39:36 开始第 9422 次操作

2024-08-02 00:39:36 开始操作号码 【1539304】
2024-08-02 00:39:46 GSD getOne 第 1 次 等待 3 秒
2024-08-02 00:39:49 查询号码 【1539304】，返回信息 {"status":"ok","msg":"甘肃-临夏","gid":"21527","time_insert":"2018-09-07 08:35","time_update":"2020-12-12 21:46"}
2024-08-02 00:39:49 查询号码 【1539304】，GSD为【"甘肃-临夏"】

2024-08-02 00:39:50 开始第 9423 次操作

2024-08-02 00:39:50 开始操作号码 【1539305】
2024-08-02 00:39:58 GSD getOne 第 1 次 等待 3 秒
2024-08-02 00:40:01 查询号码 【1539305】，返回信息 {"status":"ok","msg":"甘肃-天水","gid":"373594","time_insert":"2021-07-24 04:44"}
2024-08-02 00:40:01 查询号码 【1539305】，GSD为【"甘肃-天水"】

2024-08-02 00:40:02 开始第 9424 次操作

2024-08-02 00:40:02 开始操作号码 【1539306】
2024-08-02 00:40:11 GSD getOne 第 1 次 等待 3 秒
2024-08-02 00:40:14 查询号码 【1539306】，返回信息 {"status":"ok","msg":"甘肃-天水","gid":"373585","time_insert":"2021-07-24 04:44"}
2024-08-02 00:40:14 查询号码 【1539306】，GSD为【"甘肃-天水"】

2024-08-02 01:12:17 开始第 9425 次操作

2024-08-02 01:12:17 开始操作号码 【1539307】
2024-08-02 01:12:25 GSD getOne 第 1 次 等待 3 秒
2024-08-02 01:12:28 查询号码 【1539307】，返回信息 {"status":"ok","msg":"甘肃-天水","gid":"373575","time_insert":"2021-07-24 04:43"}
2024-08-02 01:12:28 查询号码 【1539307】，GSD为【"甘肃-天水"】

2024-08-02 01:12:29 开始第 9426 次操作

2024-08-02 01:12:29 开始操作号码 【1539308】
2024-08-02 01:12:37 GSD getOne 第 1 次 等待 3 秒
2024-08-02 01:12:40 查询号码 【1539308】，返回信息 {"status":"ok","msg":"甘肃-天水","gid":"373566","time_insert":"2021-07-24 04:42"}
2024-08-02 01:12:40 查询号码 【1539308】，GSD为【"甘肃-天水"】

2024-08-02 01:12:41 开始第 9427 次操作

2024-08-02 01:12:41 开始操作号码 【1539309】
2024-08-02 01:12:49 GSD getOne 第 1 次 等待 3 秒
2024-08-02 01:12:52 查询号码 【1539309】，返回信息 {"status":"ok","msg":"甘肃-天水","gid":"373554","time_insert":"2021-07-24 04:42"}
2024-08-02 01:12:52 查询号码 【1539309】，GSD为【"甘肃-天水"】

2024-08-02 01:12:53 开始第 9428 次操作

2024-08-02 01:12:53 开始操作号码 【1539310】
2024-08-02 01:13:01 GSD getOne 第 1 次 等待 3 秒
2024-08-02 01:13:04 查询号码 【1539310】，返回信息 {"status":"ok","msg":"甘肃-兰州","gid":"373546","time_insert":"2021-07-24 04:41"}
2024-08-02 01:13:04 查询号码 【1539310】，GSD为【"甘肃-兰州"】

2024-08-02 01:33:58 开始第 9429 次操作

2024-08-02 01:33:58 开始操作号码 【1539311】
2024-08-02 01:34:07 GSD getOne 第 1 次 等待 3 秒
2024-08-02 01:34:10 查询号码 【1539311】，返回信息 {"status":"ok","msg":"甘肃-兰州","gid":"373536","time_insert":"2021-07-24 04:41"}
2024-08-02 01:34:10 查询号码 【1539311】，GSD为【"甘肃-兰州"】

2024-08-02 01:34:11 开始第 9430 次操作

2024-08-02 01:34:11 开始操作号码 【1539312】
2024-08-02 01:34:20 GSD getOne 第 1 次 等待 3 秒
2024-08-02 01:34:23 查询号码 【1539312】，返回信息 {"status":"ok","msg":"甘肃-兰州","gid":"373527","time_insert":"2021-07-24 04:40"}
2024-08-02 01:34:23 查询号码 【1539312】，GSD为【"甘肃-兰州"】

2024-08-02 01:34:24 开始第 9431 次操作

2024-08-02 01:34:24 开始操作号码 【1539313】
2024-08-02 01:34:32 GSD getOne 第 1 次 等待 3 秒
2024-08-02 01:34:35 查询号码 【1539313】，返回信息 {"status":"ok","msg":"甘肃-兰州","gid":"373515","time_insert":"2021-07-24 04:40"}
2024-08-02 01:34:35 查询号码 【1539313】，GSD为【"甘肃-兰州"】

2024-08-02 01:34:36 开始第 9432 次操作

2024-08-02 01:34:36 开始操作号码 【1539314】
2024-08-02 01:34:44 GSD getOne 第 1 次 等待 3 秒
2024-08-02 01:34:47 查询号码 【1539314】，返回信息 {"status":"ok","msg":"甘肃-兰州","gid":"373507","time_insert":"2021-07-24 04:39"}
2024-08-02 01:34:47 查询号码 【1539314】，GSD为【"甘肃-兰州"】

2024-08-02 02:15:53 开始第 9433 次操作

2024-08-02 02:15:53 开始操作号码 【1539315】
2024-08-02 02:16:01 GSD getOne 第 1 次 等待 3 秒
2024-08-02 02:16:04 查询号码 【1539315】，返回信息 {"status":"ok","msg":"甘肃-兰州","gid":"373500","time_insert":"2021-07-24 04:38"}
2024-08-02 02:16:04 查询号码 【1539315】，GSD为【"甘肃-兰州"】

2024-08-02 02:16:05 开始第 9434 次操作

2024-08-02 02:16:05 开始操作号码 【1539316】
2024-08-02 02:16:16 GSD getOne 第 1 次 等待 3 秒
2024-08-02 02:16:19 查询号码 【1539316】，返回信息 {"status":"ok","msg":"甘肃-兰州","gid":"373436","time_insert":"2021-07-24 04:16"}
2024-08-02 02:16:19 查询号码 【1539316】，GSD为【"甘肃-兰州"】

2024-08-02 02:16:20 开始第 9435 次操作

2024-08-02 02:16:20 开始操作号码 【1539317】
2024-08-02 02:16:27 GSD getOne 第 1 次 等待 3 秒
2024-08-02 02:16:30 查询号码 【1539317】，返回信息 {"status":"ok","msg":"甘肃-兰州","gid":"373435","time_insert":"2021-07-24 04:15"}
2024-08-02 02:16:30 查询号码 【1539317】，GSD为【"甘肃-兰州"】

2024-08-02 02:16:31 开始第 9436 次操作

2024-08-02 02:16:31 开始操作号码 【1539318】
2024-08-02 02:16:39 GSD getOne 第 1 次 等待 3 秒
2024-08-02 02:16:42 查询号码 【1539318】，返回信息 {"status":"ok","msg":"甘肃-陇南","gid":"21528","time_insert":"2019-08-29 21:40","time_update":"2020-12-12 21:51"}
2024-08-02 02:16:42 查询号码 【1539318】，GSD为【"甘肃-陇南"】

2024-08-02 02:38:22 开始第 9437 次操作

2024-08-02 02:38:22 开始操作号码 【1539319】
2024-08-02 02:38:30 GSD getOne 第 1 次 等待 3 秒
2024-08-02 02:38:33 查询号码 【1539319】，返回信息 {"status":"ok","msg":"甘肃-陇南","gid":"21529","time_insert":"2016-10-06 16:52","time_update":"2020-12-12 21:54"}
2024-08-02 02:38:33 查询号码 【1539319】，GSD为【"甘肃-陇南"】

2024-08-02 02:38:34 开始第 9438 次操作

2024-08-02 02:38:34 开始操作号码 【1539320】
2024-08-02 02:38:43 GSD getOne 第 1 次 等待 3 秒
2024-08-02 02:38:46 查询号码 【1539320】，返回信息 {"status":"ok","msg":"甘肃-定西","gid":"373430","time_insert":"2021-07-24 04:13"}
2024-08-02 02:38:46 查询号码 【1539320】，GSD为【"甘肃-定西"】

2024-08-02 02:38:47 开始第 9439 次操作

2024-08-02 02:38:47 开始操作号码 【1539321】
2024-08-02 02:38:55 GSD getOne 第 1 次 等待 3 秒
2024-08-02 02:38:58 查询号码 【1539321】，返回信息 {"status":"ok","msg":"甘肃-定西","gid":"21530","time_insert":"2017-02-13 08:18","time_update":"2020-12-12 21:57"}
2024-08-02 02:38:58 查询号码 【1539321】，GSD为【"甘肃-定西"】

2024-08-02 02:38:59 开始第 9440 次操作

2024-08-02 02:38:59 开始操作号码 【1539322】
2024-08-02 02:39:07 GSD getOne 第 1 次 等待 3 秒
2024-08-02 02:39:10 查询号码 【1539322】，返回信息 {"status":"ok","msg":"甘肃-定西","gid":"373425","time_insert":"2021-07-24 04:12"}
2024-08-02 02:39:10 查询号码 【1539322】，GSD为【"甘肃-定西"】

