2024-06-18 00:15:07 开始第 1313 次操作

2024-06-18 00:15:07 开始操作号码 【1531196】
2024-06-18 00:15:16 GSD getOne 第 1 次 等待 3 秒
2024-06-18 00:15:19 查询号码 【1531196】，返回信息 {"status":"ok","msg":"北京-北京","gid":"101351","time_insert":"2021-06-17 12:12"}
2024-06-18 00:15:19 查询号码 【1531196】，GSD为【"北京-北京"】

2024-06-18 00:15:20 开始第 1314 次操作

2024-06-18 00:15:20 开始操作号码 【1531197】
2024-06-18 00:15:29 GSD getOne 第 1 次 等待 3 秒
2024-06-18 00:15:32 查询号码 【1531197】，返回信息 {"status":"ok","msg":"北京-北京","gid":"101372","time_insert":"2021-06-17 12:31"}
2024-06-18 00:15:32 查询号码 【1531197】，GSD为【"北京-北京"】

2024-06-18 00:15:33 开始第 1315 次操作

2024-06-18 00:15:33 开始操作号码 【1531198】
2024-06-18 00:15:42 GSD getOne 第 1 次 等待 3 秒
2024-06-18 00:15:45 查询号码 【1531198】，返回信息 {"status":"ok","msg":"北京-北京","gid":"101391","time_insert":"2021-06-17 12:47"}
2024-06-18 00:15:45 查询号码 【1531198】，GSD为【"北京-北京"】

2024-06-18 00:15:46 开始第 1316 次操作

2024-06-18 00:15:46 开始操作号码 【1531199】
2024-06-18 00:15:54 GSD getOne 第 1 次 等待 3 秒
2024-06-18 00:15:57 查询号码 【1531199】，返回信息 {"status":"ok","msg":"北京-北京","gid":"101414","time_insert":"2021-06-17 13:07"}
2024-06-18 00:15:57 查询号码 【1531199】，GSD为【"北京-北京"】

2024-06-18 00:38:35 开始第 1317 次操作

2024-06-18 00:38:35 开始操作号码 【1531200】
2024-06-18 00:38:49 GSD getOne 第 1 次 等待 3 秒
2024-06-18 00:38:52 查询号码 【1531200】，返回信息 {"status":"ok","msg":"江苏-南京","gid":"101438","time_insert":"2021-06-17 13:26"}
2024-06-18 00:38:53 查询号码 【1531200】，GSD为【"江苏-南京"】

2024-06-18 00:38:54 开始第 1318 次操作

2024-06-18 00:38:54 开始操作号码 【1531201】
2024-06-18 00:39:16 GSD getOne 第 1 次 等待 3 秒
2024-06-18 00:39:19 查询号码 【1531201】，返回信息 {"status":"ok","msg":"江苏-南京","gid":"101460","time_insert":"2021-06-17 13:42"}
2024-06-18 00:39:19 查询号码 【1531201】，GSD为【"江苏-南京"】

2024-06-18 00:39:20 开始第 1319 次操作

2024-06-18 00:39:20 开始操作号码 【1531202】
2024-06-18 00:39:28 GSD getOne 第 1 次 等待 3 秒
2024-06-18 00:39:31 查询号码 【1531202】，返回信息 {"status":"ok","msg":"江苏-南京","gid":"101480","time_insert":"2021-06-17 13:57"}
2024-06-18 00:39:31 查询号码 【1531202】，GSD为【"江苏-南京"】

2024-06-18 00:39:32 开始第 1320 次操作

2024-06-18 00:39:32 开始操作号码 【1531203】
2024-06-18 00:39:38 GSD getOne 第 1 次 等待 3 秒
2024-06-18 00:39:41 查询号码 【1531203】，返回信息 {"status":"ok","msg":"江苏-南京","gid":"101504","time_insert":"2021-06-17 14:17"}
2024-06-18 00:39:41 查询号码 【1531203】，GSD为【"江苏-南京"】

2024-06-18 01:11:12 开始第 1321 次操作

2024-06-18 01:11:12 开始操作号码 【1531204】
2024-06-18 01:11:19 GSD getOne 第 1 次 等待 3 秒
2024-06-18 01:11:22 查询号码 【1531204】，返回信息 {"status":"ok","msg":"江苏-南京","gid":"101529","time_insert":"2021-06-17 14:36"}
2024-06-18 01:11:22 查询号码 【1531204】，GSD为【"江苏-南京"】

2024-06-18 01:11:23 开始第 1322 次操作

2024-06-18 01:11:23 开始操作号码 【1531205】
2024-06-18 01:11:30 GSD getOne 第 1 次 等待 3 秒
2024-06-18 01:11:33 查询号码 【1531205】，返回信息 {"status":"ok","msg":"江苏-南京","gid":"101557","time_insert":"2021-06-17 14:55"}
2024-06-18 01:11:33 查询号码 【1531205】，GSD为【"江苏-南京"】

2024-06-18 01:11:34 开始第 1323 次操作

2024-06-18 01:11:34 开始操作号码 【1531206】
2024-06-18 01:11:45 GSD getOne 第 1 次 等待 3 秒
2024-06-18 01:11:48 查询号码 【1531206】，返回信息 {"status":"ok","msg":"江苏-南京","gid":"101586","time_insert":"2021-06-17 15:13"}
2024-06-18 01:11:48 查询号码 【1531206】，GSD为【"江苏-南京"】

2024-06-18 01:11:49 开始第 1324 次操作

2024-06-18 01:11:49 开始操作号码 【1531207】
2024-06-18 01:11:58 GSD getOne 第 1 次 等待 3 秒
2024-06-18 01:12:01 查询号码 【1531207】，返回信息 {"status":"ok","msg":"江苏-南京","gid":"101620","time_insert":"2021-06-17 15:30"}
2024-06-18 01:12:01 查询号码 【1531207】，GSD为【"江苏-南京"】

2024-06-18 01:34:07 开始第 1325 次操作

2024-06-18 01:34:07 开始操作号码 【1531208】
2024-06-18 01:34:16 GSD getOne 第 1 次 等待 3 秒
2024-06-18 01:34:19 查询号码 【1531208】，返回信息 {"status":"ok","msg":"江苏-南京","gid":"101659","time_insert":"2021-06-17 15:50","time_update":"2021-06-17 16:04"}
2024-06-18 01:34:19 查询号码 【1531208】，GSD为【"江苏-南京"】

2024-06-18 01:34:20 开始第 1326 次操作

2024-06-18 01:34:20 开始操作号码 【1531209】
2024-06-18 01:34:30 GSD getOne 第 1 次 等待 3 秒
2024-06-18 01:34:33 查询号码 【1531209】，返回信息 {"status":"ok","msg":"江苏-南京","gid":"101694","time_insert":"2021-06-17 16:07"}
2024-06-18 01:34:33 查询号码 【1531209】，GSD为【"江苏-南京"】

2024-06-18 01:34:34 开始第 1327 次操作

2024-06-18 01:34:34 开始操作号码 【1531210】
2024-06-18 01:34:42 GSD getOne 第 1 次 等待 3 秒
2024-06-18 01:34:45 查询号码 【1531210】，返回信息 {"status":"ok","msg":"江苏-连云港","gid":"101723","time_insert":"2021-06-17 16:24"}
2024-06-18 01:34:45 查询号码 【1531210】，GSD为【"江苏-连云港"】

2024-06-18 01:34:46 开始第 1328 次操作

2024-06-18 01:34:46 开始操作号码 【1531211】
2024-06-18 01:34:56 GSD getOne 第 1 次 等待 3 秒
2024-06-18 01:34:59 查询号码 【1531211】，返回信息 {"status":"ok","msg":"江苏-连云港","gid":"101745","time_insert":"2021-06-17 16:40"}
2024-06-18 01:34:59 查询号码 【1531211】，GSD为【"江苏-连云港"】

2024-06-18 02:15:32 开始第 1329 次操作

2024-06-18 02:15:32 开始操作号码 【1531212】
2024-06-18 02:15:45 GSD getOne 第 1 次 等待 3 秒
2024-06-18 02:15:48 查询号码 【1531212】，返回信息 {"status":"ok","msg":"江苏-连云港","gid":"101769","time_insert":"2021-06-17 16:59"}
2024-06-18 02:15:48 查询号码 【1531212】，GSD为【"江苏-连云港"】

2024-06-18 02:15:49 开始第 1330 次操作

2024-06-18 02:15:49 开始操作号码 【1531213】
2024-06-18 02:15:57 GSD getOne 第 1 次 等待 3 秒
2024-06-18 02:16:00 查询号码 【1531213】，返回信息 {"status":"ok","msg":"江苏-连云港","gid":"101794","time_insert":"2021-06-17 17:18"}
2024-06-18 02:16:00 查询号码 【1531213】，GSD为【"江苏-连云港"】

2024-06-18 02:16:01 开始第 1331 次操作

2024-06-18 02:16:01 开始操作号码 【1531214】
2024-06-18 02:16:08 GSD getOne 第 1 次 等待 3 秒
2024-06-18 02:16:11 查询号码 【1531214】，返回信息 {"status":"ok","msg":"江苏-苏州","gid":"101814","time_insert":"2021-06-17 17:34"}
2024-06-18 02:16:11 查询号码 【1531214】，GSD为【"江苏-苏州"】

2024-06-18 02:16:12 开始第 1332 次操作

2024-06-18 02:16:12 开始操作号码 【1531215】
2024-06-18 02:16:19 GSD getOne 第 1 次 等待 3 秒
2024-06-18 02:16:22 查询号码 【1531215】，返回信息 {"status":"ok","msg":"江苏-苏州","gid":"101830","time_insert":"2021-06-17 17:50"}
2024-06-18 02:16:22 查询号码 【1531215】，GSD为【"江苏-苏州"】

2024-06-18 02:36:55 开始第 1333 次操作

2024-06-18 02:36:55 开始操作号码 【1531216】
2024-06-18 02:37:05 GSD getOne 第 1 次 等待 3 秒
2024-06-18 02:37:08 查询号码 【1531216】，返回信息 {"status":"ok","msg":"江苏-苏州","gid":"101849","time_insert":"2021-06-17 18:06"}
2024-06-18 02:37:08 查询号码 【1531216】，GSD为【"江苏-苏州"】

2024-06-18 02:37:09 开始第 1334 次操作

2024-06-18 02:37:09 开始操作号码 【1531217】
2024-06-18 02:37:15 GSD getOne 第 1 次 等待 3 秒
2024-06-18 02:37:18 查询号码 【1531217】，返回信息 {"status":"ok","msg":"江苏-苏州","gid":"101870","time_insert":"2021-06-17 18:24"}
2024-06-18 02:37:18 查询号码 【1531217】，GSD为【"江苏-苏州"】

2024-06-18 02:37:19 开始第 1335 次操作

2024-06-18 02:37:19 开始操作号码 【1531218】
2024-06-18 02:37:27 GSD getOne 第 1 次 等待 3 秒
2024-06-18 02:37:30 查询号码 【1531218】，返回信息 {"status":"ok","msg":"江苏-苏州","gid":"101893","time_insert":"2021-06-17 18:42"}
2024-06-18 02:37:30 查询号码 【1531218】，GSD为【"江苏-苏州"】

2024-06-18 02:37:31 开始第 1336 次操作

2024-06-18 02:37:31 开始操作号码 【1531219】
2024-06-18 02:37:37 GSD getOne 第 1 次 等待 3 秒
2024-06-18 02:37:40 查询号码 【1531219】，返回信息 {"status":"ok","msg":"江苏-苏州","gid":"101915","time_insert":"2021-06-17 19:00"}
2024-06-18 02:37:40 查询号码 【1531219】，GSD为【"江苏-苏州"】

2024-06-18 03:09:20 开始第 1337 次操作

2024-06-18 03:09:20 开始操作号码 【1531220】
2024-06-18 03:09:26 GSD getOne 第 1 次 等待 3 秒
2024-06-18 03:09:29 查询号码 【1531220】，返回信息 {"status":"ok","msg":"江苏-无锡","gid":"101935","time_insert":"2021-06-17 19:19"}
2024-06-18 03:09:29 查询号码 【1531220】，GSD为【"江苏-无锡"】

2024-06-18 03:09:30 开始第 1338 次操作

2024-06-18 03:09:30 开始操作号码 【1531221】
2024-06-18 03:09:36 GSD getOne 第 1 次 等待 3 秒
2024-06-18 03:09:39 查询号码 【1531221】，返回信息 {"status":"ok","msg":"江苏-无锡","gid":"101958","time_insert":"2021-06-17 19:36"}
2024-06-18 03:09:39 查询号码 【1531221】，GSD为【"江苏-无锡"】

2024-06-18 03:09:40 开始第 1339 次操作

2024-06-18 03:09:40 开始操作号码 【1531222】
2024-06-18 03:09:45 GSD getOne 第 1 次 等待 3 秒
2024-06-18 03:09:48 查询号码 【1531222】，返回信息 {"status":"ok","msg":"江苏-无锡","gid":"101983","time_insert":"2021-06-17 19:55"}
2024-06-18 03:09:48 查询号码 【1531222】，GSD为【"江苏-无锡"】

2024-06-18 03:09:49 开始第 1340 次操作

2024-06-18 03:09:49 开始操作号码 【1531223】
2024-06-18 03:09:54 GSD getOne 第 1 次 等待 3 秒
2024-06-18 03:09:57 查询号码 【1531223】，返回信息 {"status":"ok","msg":"江苏-无锡","gid":"102003","time_insert":"2021-06-17 20:14"}
2024-06-18 03:09:57 查询号码 【1531223】，GSD为【"江苏-无锡"】

2024-06-18 03:35:29 开始第 1341 次操作

2024-06-18 03:35:29 开始操作号码 【1531224】
2024-06-18 03:35:34 GSD getOne 第 1 次 等待 3 秒
2024-06-18 03:35:37 查询号码 【1531224】，返回信息 {"status":"ok","msg":"江苏-无锡","gid":"102027","time_insert":"2021-06-17 20:31"}
2024-06-18 03:35:37 查询号码 【1531224】，GSD为【"江苏-无锡"】

2024-06-18 03:35:38 开始第 1342 次操作

2024-06-18 03:35:38 开始操作号码 【1531225】
2024-06-18 03:35:44 GSD getOne 第 1 次 等待 3 秒
2024-06-18 03:35:47 查询号码 【1531225】，返回信息 {"status":"ok","msg":"江苏-无锡","gid":"102045","time_insert":"2021-06-17 20:47"}
2024-06-18 03:35:47 查询号码 【1531225】，GSD为【"江苏-无锡"】

2024-06-18 03:35:48 开始第 1343 次操作

2024-06-18 03:35:48 开始操作号码 【1531226】
2024-06-18 03:35:53 GSD getOne 第 1 次 等待 3 秒
2024-06-18 03:35:56 查询号码 【1531226】，返回信息 {"status":"ok","msg":"江苏-无锡","gid":"102068","time_insert":"2021-06-17 21:06"}
2024-06-18 03:35:56 查询号码 【1531226】，GSD为【"江苏-无锡"】

2024-06-18 03:35:57 开始第 1344 次操作

2024-06-18 03:35:57 开始操作号码 【1531227】
2024-06-18 03:36:03 GSD getOne 第 1 次 等待 3 秒
2024-06-18 03:36:06 查询号码 【1531227】，返回信息 {"status":"ok","msg":"江苏-无锡","gid":"102089","time_insert":"2021-06-17 21:22"}
2024-06-18 03:36:06 查询号码 【1531227】，GSD为【"江苏-无锡"】

2024-06-18 04:10:09 开始第 1345 次操作

2024-06-18 04:10:09 开始操作号码 【1531228】
2024-06-18 04:10:15 GSD getOne 第 1 次 等待 3 秒
2024-06-18 04:10:18 查询号码 【1531228】，返回信息 {"status":"ok","msg":"江苏-无锡","gid":"102111","time_insert":"2021-06-17 21:40"}
2024-06-18 04:10:19 查询号码 【1531228】，GSD为【"江苏-无锡"】

2024-06-18 04:10:20 开始第 1346 次操作

2024-06-18 04:10:20 开始操作号码 【1531229】
2024-06-18 04:10:25 GSD getOne 第 1 次 等待 3 秒
2024-06-18 04:10:28 查询号码 【1531229】，返回信息 {"status":"ok","msg":"江苏-无锡","gid":"102130","time_insert":"2021-06-17 21:57"}
2024-06-18 04:10:28 查询号码 【1531229】，GSD为【"江苏-无锡"】

2024-06-18 04:10:29 开始第 1347 次操作

2024-06-18 04:10:29 开始操作号码 【1531230】
2024-06-18 04:10:35 GSD getOne 第 1 次 等待 3 秒
2024-06-18 04:10:38 查询号码 【1531230】，返回信息 {"status":"ok","msg":"江苏-淮安","gid":"102150","time_insert":"2021-06-17 22:14"}
2024-06-18 04:10:38 查询号码 【1531230】，GSD为【"江苏-淮安"】

2024-06-18 04:10:39 开始第 1348 次操作

2024-06-18 04:10:39 开始操作号码 【1531231】
2024-06-18 04:10:44 GSD getOne 第 1 次 等待 3 秒
2024-06-18 04:10:47 查询号码 【1531231】，返回信息 {"status":"ok","msg":"江苏-淮安","gid":"102172","time_insert":"2021-06-17 22:33"}
2024-06-18 04:10:47 查询号码 【1531231】，GSD为【"江苏-淮安"】

2024-06-18 04:35:05 开始第 1349 次操作

2024-06-18 04:35:05 开始操作号码 【1531232】
2024-06-18 04:35:11 GSD getOne 第 1 次 等待 3 秒
2024-06-18 04:35:14 查询号码 【1531232】，返回信息 {"status":"ok","msg":"江苏-淮安","gid":"102195","time_insert":"2021-06-17 22:50"}
2024-06-18 04:35:14 查询号码 【1531232】，GSD为【"江苏-淮安"】

2024-06-18 04:35:15 开始第 1350 次操作

2024-06-18 04:35:15 开始操作号码 【1531233】
2024-06-18 04:35:20 GSD getOne 第 1 次 等待 3 秒
2024-06-18 04:35:23 查询号码 【1531233】，返回信息 {"status":"ok","msg":"江苏-淮安","gid":"102216","time_insert":"2021-06-17 23:06"}
2024-06-18 04:35:23 查询号码 【1531233】，GSD为【"江苏-淮安"】

2024-06-18 04:35:24 开始第 1351 次操作

2024-06-18 04:35:24 开始操作号码 【1531234】
2024-06-18 04:35:29 GSD getOne 第 1 次 等待 3 秒
2024-06-18 04:35:32 查询号码 【1531234】，返回信息 {"status":"ok","msg":"江苏-淮安","gid":"102235","time_insert":"2021-06-17 23:24"}
2024-06-18 04:35:32 查询号码 【1531234】，GSD为【"江苏-淮安"】

2024-06-18 04:35:33 开始第 1352 次操作

2024-06-18 04:35:33 开始操作号码 【1531235】
2024-06-18 04:35:39 GSD getOne 第 1 次 等待 3 秒
2024-06-18 04:35:42 查询号码 【1531235】，返回信息 {"status":"ok","msg":"江苏-镇江","gid":"102256","time_insert":"2021-06-17 23:42"}
2024-06-18 04:35:42 查询号码 【1531235】，GSD为【"江苏-镇江"】

2024-06-18 05:11:19 开始第 1353 次操作

2024-06-18 05:11:19 开始操作号码 【1531236】
2024-06-18 05:11:27 GSD getOne 第 1 次 等待 3 秒
2024-06-18 05:11:30 查询号码 【1531236】，返回信息 {"status":"ok","msg":"江苏-镇江","gid":"102281","time_insert":"2021-06-18 00:02"}
2024-06-18 05:11:30 查询号码 【1531236】，GSD为【"江苏-镇江"】

2024-06-18 05:11:31 开始第 1354 次操作

2024-06-18 05:11:31 开始操作号码 【1531237】
2024-06-18 05:11:39 GSD getOne 第 1 次 等待 3 秒
2024-06-18 05:11:42 查询号码 【1531237】，返回信息 {"status":"ok","msg":"江苏-泰州","gid":"102304","time_insert":"2021-06-18 00:21"}
2024-06-18 05:11:42 查询号码 【1531237】，GSD为【"江苏-泰州"】

2024-06-18 05:11:43 开始第 1355 次操作

2024-06-18 05:11:43 开始操作号码 【1531238】
2024-06-18 05:11:53 GSD getOne 第 1 次 等待 3 秒
2024-06-18 05:11:56 查询号码 【1531238】，返回信息 {"status":"ok","msg":"江苏-泰州","gid":"102326","time_insert":"2021-06-18 00:39"}
2024-06-18 05:11:56 查询号码 【1531238】，GSD为【"江苏-泰州"】

2024-06-18 05:11:57 开始第 1356 次操作

2024-06-18 05:11:57 开始操作号码 【1531239】
2024-06-18 05:12:02 GSD getOne 第 1 次 等待 3 秒
2024-06-18 05:12:05 查询号码 【1531239】，返回信息 {"status":"ok","msg":"江苏-常州","gid":"20713","time_insert":"2020-01-09 21:54","time_update":"2020-08-25 11:16"}
2024-06-18 05:12:05 查询号码 【1531239】，GSD为【"江苏-常州"】

2024-06-18 05:35:50 开始第 1357 次操作

2024-06-18 05:35:50 开始操作号码 【1531240】
2024-06-18 05:35:55 GSD getOne 第 1 次 等待 3 秒
2024-06-18 05:35:58 查询号码 【1531240】，返回信息 {"status":"ok","msg":"江苏-南京","gid":"102350","time_insert":"2021-06-18 00:58"}
2024-06-18 05:35:59 查询号码 【1531240】，GSD为【"江苏-南京"】

2024-06-18 05:36:00 开始第 1358 次操作

2024-06-18 05:36:00 开始操作号码 【1531241】
2024-06-18 05:36:06 GSD getOne 第 1 次 等待 3 秒
2024-06-18 05:36:09 查询号码 【1531241】，返回信息 {"status":"ok","msg":"江苏-南京","gid":"102371","time_insert":"2021-06-18 01:17"}
2024-06-18 05:36:09 查询号码 【1531241】，GSD为【"江苏-南京"】

2024-06-18 05:36:10 开始第 1359 次操作

2024-06-18 05:36:10 开始操作号码 【1531242】
2024-06-18 05:36:16 GSD getOne 第 1 次 等待 3 秒
2024-06-18 05:36:19 查询号码 【1531242】，返回信息 {"status":"ok","msg":"江苏-徐州","gid":"102395","time_insert":"2021-06-18 01:34"}
2024-06-18 05:36:19 查询号码 【1531242】，GSD为【"江苏-徐州"】

2024-06-18 05:36:20 开始第 1360 次操作

2024-06-18 05:36:20 开始操作号码 【1531243】
2024-06-18 05:36:25 GSD getOne 第 1 次 等待 3 秒
2024-06-18 05:36:28 查询号码 【1531243】，返回信息 {"status":"ok","msg":"江苏-徐州","gid":"102417","time_insert":"2021-06-18 01:52"}
2024-06-18 05:36:28 查询号码 【1531243】，GSD为【"江苏-徐州"】

2024-06-18 06:10:38 开始第 1361 次操作

2024-06-18 06:10:38 开始操作号码 【1531244】
2024-06-18 06:10:44 GSD getOne 第 1 次 等待 3 秒
2024-06-18 06:10:47 查询号码 【1531244】，返回信息 {"status":"ok","msg":"江苏-连云港","gid":"102440","time_insert":"2021-06-18 02:12"}
2024-06-18 06:10:47 查询号码 【1531244】，GSD为【"江苏-连云港"】

2024-06-18 06:10:48 开始第 1362 次操作

2024-06-18 06:10:48 开始操作号码 【1531245】
2024-06-18 06:10:53 GSD getOne 第 1 次 等待 3 秒
2024-06-18 06:10:56 查询号码 【1531245】，返回信息 {"status":"ok","msg":"江苏-苏州","gid":"102458","time_insert":"2021-06-18 02:27"}
2024-06-18 06:10:56 查询号码 【1531245】，GSD为【"江苏-苏州"】

2024-06-18 06:10:57 开始第 1363 次操作

2024-06-18 06:10:57 开始操作号码 【1531246】
2024-06-18 06:11:06 GSD getOne 第 1 次 等待 3 秒
2024-06-18 06:11:09 查询号码 【1531246】，返回信息 {"status":"ok","msg":"江苏-苏州","gid":"102479","time_insert":"2021-06-18 02:45"}
2024-06-18 06:11:09 查询号码 【1531246】，GSD为【"江苏-苏州"】

2024-06-18 06:11:10 开始第 1364 次操作

2024-06-18 06:11:10 开始操作号码 【1531247】
2024-06-18 06:11:16 GSD getOne 第 1 次 等待 3 秒
2024-06-18 06:11:19 查询号码 【1531247】，返回信息 {"status":"ok","msg":"江苏-镇江","gid":"102501","time_insert":"2021-06-18 03:04"}
2024-06-18 06:11:19 查询号码 【1531247】，GSD为【"江苏-镇江"】

2024-06-18 06:35:04 开始第 1365 次操作

2024-06-18 06:35:04 开始操作号码 【1531248】
2024-06-18 06:35:10 GSD getOne 第 1 次 等待 3 秒
2024-06-18 06:35:13 查询号码 【1531248】，返回信息 {"status":"ok","msg":"江苏-无锡","gid":"102520","time_insert":"2021-06-18 03:19"}
2024-06-18 06:35:13 查询号码 【1531248】，GSD为【"江苏-无锡"】

2024-06-18 06:35:14 开始第 1366 次操作

2024-06-18 06:35:14 开始操作号码 【1531249】
2024-06-18 06:35:22 GSD getOne 第 1 次 等待 3 秒
2024-06-18 06:35:25 查询号码 【1531249】，返回信息 {"status":"ok","msg":"江苏-无锡","gid":"102539","time_insert":"2021-06-18 03:36"}
2024-06-18 06:35:26 查询号码 【1531249】，GSD为【"江苏-无锡"】

2024-06-18 06:35:27 开始第 1367 次操作

2024-06-18 06:35:27 开始操作号码 【1531250】
2024-06-18 06:35:35 GSD getOne 第 1 次 等待 3 秒
2024-06-18 06:35:38 查询号码 【1531250】，返回信息 {"status":"ok","msg":"江苏-常州","gid":"102562","time_insert":"2021-06-18 03:55"}
2024-06-18 06:35:38 查询号码 【1531250】，GSD为【"江苏-常州"】

2024-06-18 06:35:39 开始第 1368 次操作

2024-06-18 06:35:39 开始操作号码 【1531251】
2024-06-18 06:35:45 GSD getOne 第 1 次 等待 3 秒
2024-06-18 06:35:48 查询号码 【1531251】，返回信息 {"status":"ok","msg":"江苏-常州","gid":"102581","time_insert":"2021-06-18 04:13"}
2024-06-18 06:35:48 查询号码 【1531251】，GSD为【"江苏-常州"】

2024-06-18 07:12:25 开始第 1369 次操作

2024-06-18 07:12:25 开始操作号码 【1531252】
2024-06-18 07:12:30 GSD getOne 第 1 次 等待 3 秒
2024-06-18 07:12:33 查询号码 【1531252】，返回信息 {"status":"ok","msg":"江苏-常州","gid":"102604","time_insert":"2021-06-18 04:32"}
2024-06-18 07:12:33 查询号码 【1531252】，GSD为【"江苏-常州"】

2024-06-18 07:12:34 开始第 1370 次操作

2024-06-18 07:12:34 开始操作号码 【1531253】
2024-06-18 07:12:41 GSD getOne 第 1 次 等待 3 秒
2024-06-18 07:12:44 查询号码 【1531253】，返回信息 {"status":"ok","msg":"江苏-常州","gid":"102629","time_insert":"2021-06-18 04:50"}
2024-06-18 07:12:44 查询号码 【1531253】，GSD为【"江苏-常州"】

2024-06-18 07:12:45 开始第 1371 次操作

2024-06-18 07:12:45 开始操作号码 【1531254】
2024-06-18 07:12:53 GSD getOne 第 1 次 等待 3 秒
2024-06-18 07:12:56 查询号码 【1531254】，返回信息 {"status":"ok","msg":"江苏-常州","gid":"102652","time_insert":"2021-06-18 05:09"}
2024-06-18 07:12:56 查询号码 【1531254】，GSD为【"江苏-常州"】

2024-06-18 07:12:57 开始第 1372 次操作

2024-06-18 07:12:57 开始操作号码 【1531255】
2024-06-18 07:13:04 GSD getOne 第 1 次 等待 3 秒
2024-06-18 07:13:07 查询号码 【1531255】，返回信息 {"status":"ok","msg":"江苏-常州","gid":"102671","time_insert":"2021-06-18 05:26"}
2024-06-18 07:13:07 查询号码 【1531255】，GSD为【"江苏-常州"】

