2024-12-07 00:27:00 开始第 8361 次操作

2024-12-07 00:27:00 开始操作号码 【1328360】
2024-12-07 00:27:02 GSD getOne 第 1 次 等待 3 秒
2024-12-07 00:27:05 查询号码 【1328360】，返回信息 {"status":"ok","msg":"山西-忻州","gid":"216525","time_insert":"2021-07-07 19:35"}
2024-12-07 00:27:05 查询号码 【1328360】，GSD为【"山西-忻州"】

2024-12-07 00:27:06 开始第 8362 次操作

2024-12-07 00:27:06 开始操作号码 【1328361】
2024-12-07 00:27:07 GSD getOne 第 1 次 等待 3 秒
2024-12-07 00:27:10 查询号码 【1328361】，返回信息 {"status":"ok","msg":"山西-太原","gid":"216520","time_insert":"2021-07-07 19:35"}
2024-12-07 00:27:11 查询号码 【1328361】，GSD为【"山西-太原"】

2024-12-07 00:27:12 开始第 8363 次操作

2024-12-07 00:27:12 开始操作号码 【1328362】
2024-12-07 00:27:13 GSD getOne 第 1 次 等待 3 秒
2024-12-07 00:27:16 查询号码 【1328362】，返回信息 {"status":"ok","msg":"山西-太原","gid":"216518","time_insert":"2021-07-07 19:35"}
2024-12-07 00:27:16 查询号码 【1328362】，GSD为【"山西-太原"】

2024-12-07 00:27:17 开始第 8364 次操作

2024-12-07 00:27:17 开始操作号码 【1328363】
2024-12-07 00:27:18 GSD getOne 第 1 次 等待 3 秒
2024-12-07 00:27:21 查询号码 【1328363】，返回信息 {"status":"ok","msg":"山西-阳泉","gid":"216515","time_insert":"2021-07-07 19:34"}
2024-12-07 00:27:21 查询号码 【1328363】，GSD为【"山西-阳泉"】

2024-12-07 00:48:18 开始第 8365 次操作

2024-12-07 00:48:18 开始操作号码 【1328364】
2024-12-07 00:48:20 GSD getOne 第 1 次 等待 3 秒
2024-12-07 00:48:23 查询号码 【1328364】，返回信息 {"status":"ok","msg":"山西-阳泉","gid":"2622","time_insert":"2019-01-21 23:49","time_update":"2020-08-20 05:25"}
2024-12-07 00:48:23 查询号码 【1328364】，GSD为【"山西-阳泉"】

2024-12-07 00:48:24 开始第 8366 次操作

2024-12-07 00:48:24 开始操作号码 【1328365】
2024-12-07 00:48:25 GSD getOne 第 1 次 等待 3 秒
2024-12-07 00:48:28 查询号码 【1328365】，返回信息 {"status":"ok","msg":"山西-忻州","gid":"216511","time_insert":"2021-07-07 19:34"}
2024-12-07 00:48:28 查询号码 【1328365】，GSD为【"山西-忻州"】

2024-12-07 00:48:29 开始第 8367 次操作

2024-12-07 00:48:29 开始操作号码 【1328366】
2024-12-07 00:48:30 GSD getOne 第 1 次 等待 3 秒
2024-12-07 00:48:33 查询号码 【1328366】，返回信息 {"status":"ok","msg":"山西-晋中","gid":"216507","time_insert":"2021-07-07 19:33"}
2024-12-07 00:48:33 查询号码 【1328366】，GSD为【"山西-晋中"】

2024-12-07 00:48:34 开始第 8368 次操作

2024-12-07 00:48:34 开始操作号码 【1328367】
2024-12-07 00:48:35 GSD getOne 第 1 次 等待 3 秒
2024-12-07 00:48:38 查询号码 【1328367】，返回信息 {"status":"ok","msg":"山西-吕梁","gid":"216504","time_insert":"2021-07-07 19:33"}
2024-12-07 00:48:38 查询号码 【1328367】，GSD为【"山西-吕梁"】

