2024-11-07 00:26:22 开始第 3441 次操作

2024-11-07 00:26:22 开始操作号码 【1323440】
2024-11-07 00:26:24 GSD getOne 第 1 次 等待 3 秒
2024-11-07 00:26:27 查询号码 【1323440】，返回信息 {"status":"ok","msg":"吉林-长春","gid":"119949","time_insert":"2021-06-23 22:57"}
2024-11-07 00:26:27 查询号码 【1323440】，GSD为【"吉林-长春"】

2024-11-07 00:26:28 开始第 3442 次操作

2024-11-07 00:26:28 开始操作号码 【1323441】
2024-11-07 00:26:29 GSD getOne 第 1 次 等待 3 秒
2024-11-07 00:26:32 查询号码 【1323441】，返回信息 {"status":"ok","msg":"吉林-长春","gid":"119998","time_insert":"2021-06-23 23:22"}
2024-11-07 00:26:32 查询号码 【1323441】，GSD为【"吉林-长春"】

2024-11-07 00:26:33 开始第 3443 次操作

2024-11-07 00:26:33 开始操作号码 【1323442】
2024-11-07 00:26:34 GSD getOne 第 1 次 等待 3 秒
2024-11-07 00:26:37 查询号码 【1323442】，返回信息 {"status":"ok","msg":"吉林-长春","gid":"120020","time_insert":"2021-06-23 23:42"}
2024-11-07 00:26:37 查询号码 【1323442】，GSD为【"吉林-长春"】

2024-11-07 00:26:38 开始第 3444 次操作

2024-11-07 00:26:38 开始操作号码 【1323443】
2024-11-07 00:26:39 GSD getOne 第 1 次 等待 3 秒
2024-11-07 00:26:42 查询号码 【1323443】，返回信息 {"status":"ok","msg":"吉林-长春","gid":"120068","time_insert":"2021-06-24 00:00","time_update":"2021-06-24 00:05"}
2024-11-07 00:26:42 查询号码 【1323443】，GSD为【"吉林-长春"】

2024-11-07 00:45:55 开始第 3445 次操作

2024-11-07 00:45:55 开始操作号码 【1323444】
2024-11-07 00:45:56 GSD getOne 第 1 次 等待 3 秒
2024-11-07 00:45:59 查询号码 【1323444】，返回信息 {"status":"ok","msg":"吉林-长春","gid":"120181","time_insert":"2021-06-24 00:21"}
2024-11-07 00:45:59 查询号码 【1323444】，GSD为【"吉林-长春"】

2024-11-07 00:46:00 开始第 3446 次操作

2024-11-07 00:46:00 开始操作号码 【1323445】
2024-11-07 00:46:01 GSD getOne 第 1 次 等待 3 秒
2024-11-07 00:46:04 查询号码 【1323445】，返回信息 {"status":"ok","msg":"吉林-长春","gid":"120209","time_insert":"2021-06-24 00:38"}
2024-11-07 00:46:04 查询号码 【1323445】，GSD为【"吉林-长春"】

2024-11-07 00:46:05 开始第 3447 次操作

2024-11-07 00:46:05 开始操作号码 【1323446】
2024-11-07 00:46:07 GSD getOne 第 1 次 等待 3 秒
2024-11-07 00:46:10 查询号码 【1323446】，返回信息 {"status":"ok","msg":"吉林-长春","gid":"120235","time_insert":"2021-06-24 00:58"}
2024-11-07 00:46:10 查询号码 【1323446】，GSD为【"吉林-长春"】

2024-11-07 00:46:11 开始第 3448 次操作

2024-11-07 00:46:11 开始操作号码 【1323447】
2024-11-07 00:46:12 GSD getOne 第 1 次 等待 3 秒
2024-11-07 00:46:15 查询号码 【1323447】，返回信息 {"status":"ok","msg":"吉林-长春","gid":"120291","time_insert":"2021-06-24 01:15"}
2024-11-07 00:46:15 查询号码 【1323447】，GSD为【"吉林-长春"】

2024-11-07 01:18:05 开始第 3449 次操作

2024-11-07 01:18:05 开始操作号码 【1323448】
2024-11-07 01:18:06 GSD getOne 第 1 次 等待 3 秒
2024-11-07 01:18:09 查询号码 【1323448】，返回信息 {"status":"ok","msg":"吉林-长春","gid":"120402","time_insert":"2021-06-24 01:36"}
2024-11-07 01:18:10 查询号码 【1323448】，GSD为【"吉林-长春"】

2024-11-07 01:18:11 开始第 3450 次操作

2024-11-07 01:18:11 开始操作号码 【1323449】
2024-11-07 01:18:12 GSD getOne 第 1 次 等待 3 秒
2024-11-07 01:18:15 查询号码 【1323449】，返回信息 {"status":"ok","msg":"吉林-长春","gid":"120499","time_insert":"2021-06-24 01:59","time_update":"2021-06-24 02:03"}
2024-11-07 01:18:15 查询号码 【1323449】，GSD为【"吉林-长春"】

2024-11-07 01:18:16 开始第 3451 次操作

2024-11-07 01:18:16 开始操作号码 【1323450】
2024-11-07 01:18:17 GSD getOne 第 1 次 等待 3 秒
2024-11-07 01:18:20 查询号码 【1323450】，返回信息 {"status":"ok","msg":"黑龙江-哈尔滨","gid":"120577","time_insert":"2021-06-24 02:20"}
2024-11-07 01:18:20 查询号码 【1323450】，GSD为【"黑龙江-哈尔滨"】

2024-11-07 01:18:21 开始第 3452 次操作

2024-11-07 01:18:21 开始操作号码 【1323451】
2024-11-07 01:18:22 GSD getOne 第 1 次 等待 3 秒
2024-11-07 01:18:25 查询号码 【1323451】，返回信息 {"status":"ok","msg":"黑龙江-哈尔滨","gid":"120600","time_insert":"2021-06-24 02:40"}
2024-11-07 01:18:25 查询号码 【1323451】，GSD为【"黑龙江-哈尔滨"】

2024-11-07 01:39:55 开始第 3453 次操作

2024-11-07 01:39:55 开始操作号码 【1323452】
2024-11-07 01:39:56 GSD getOne 第 1 次 等待 3 秒
2024-11-07 01:39:59 查询号码 【1323452】，返回信息 {"status":"ok","msg":"黑龙江-齐齐哈尔","gid":"120665","time_insert":"2021-06-24 03:04"}
2024-11-07 01:39:59 查询号码 【1323452】，GSD为【"黑龙江-齐齐哈尔"】

2024-11-07 01:40:00 开始第 3454 次操作

2024-11-07 01:40:00 开始操作号码 【1323453】
2024-11-07 01:40:01 GSD getOne 第 1 次 等待 3 秒
2024-11-07 01:40:04 查询号码 【1323453】，返回信息 {"status":"ok","msg":"黑龙江-牡丹江","gid":"120748","time_insert":"2021-06-24 03:25"}
2024-11-07 01:40:04 查询号码 【1323453】，GSD为【"黑龙江-牡丹江"】

2024-11-07 01:40:05 开始第 3455 次操作

2024-11-07 01:40:05 开始操作号码 【1323454】
2024-11-07 01:40:07 GSD getOne 第 1 次 等待 3 秒
2024-11-07 01:40:10 查询号码 【1323454】，返回信息 {"status":"ok","msg":"黑龙江-佳木斯","gid":"120826","time_insert":"2021-06-24 03:48","time_update":"2021-06-24 04:02"}
2024-11-07 01:40:10 查询号码 【1323454】，GSD为【"黑龙江-佳木斯"】

2024-11-07 01:40:11 开始第 3456 次操作

2024-11-07 01:40:11 开始操作号码 【1323455】
2024-11-07 01:40:12 GSD getOne 第 1 次 等待 3 秒
2024-11-07 01:40:15 查询号码 【1323455】，返回信息 {"status":"ok","msg":"黑龙江-绥化","gid":"120907","time_insert":"2021-06-24 04:04"}
2024-11-07 01:40:15 查询号码 【1323455】，GSD为【"黑龙江-绥化"】

