2024-01-19 00:13:57 开始第 9753 次操作

2024-01-19 00:13:57 开始操作号码 【1869646】
2024-01-19 00:14:02 GSD getOne 第 1 次 等待 3 秒
2024-01-19 00:14:05 查询号码 【1869646】，返回信息 {"status":"ok","msg":"湖北-荆州","gid":"413873","time_insert":"2021-07-27 14:58"}
2024-01-19 00:14:05 查询号码 【1869646】，GSD为【"湖北-荆州"】

2024-01-19 00:14:06 开始第 9754 次操作

2024-01-19 00:14:06 开始操作号码 【1869647】
2024-01-19 00:14:10 GSD getOne 第 1 次 等待 3 秒
2024-01-19 00:14:13 查询号码 【1869647】，返回信息 {"status":"ok","msg":"湖北-武汉","gid":"413865","time_insert":"2021-07-27 14:57"}
2024-01-19 00:14:13 查询号码 【1869647】，GSD为【"湖北-武汉"】

2024-01-19 00:14:14 开始第 9755 次操作

2024-01-19 00:14:14 开始操作号码 【1869648】
2024-01-19 00:14:22 GSD getOne 第 1 次 等待 3 秒
2024-01-19 00:14:25 查询号码 【1869648】，返回信息 {"status":"ok","msg":"湖北-武汉","gid":"413856","time_insert":"2021-07-27 14:56"}
2024-01-19 00:14:25 查询号码 【1869648】，GSD为【"湖北-武汉"】

2024-01-19 00:14:26 开始第 9756 次操作

2024-01-19 00:14:26 开始操作号码 【1869649】
2024-01-19 00:14:30 GSD getOne 第 1 次 等待 3 秒
2024-01-19 00:14:33 查询号码 【1869649】，返回信息 {"status":"ok","msg":"湖北-武汉","gid":"413848","time_insert":"2021-07-27 14:55"}
2024-01-19 00:14:33 查询号码 【1869649】，GSD为【"湖北-武汉"】

2024-01-19 00:38:12 开始第 9757 次操作

2024-01-19 00:38:12 开始操作号码 【1869650】
2024-01-19 00:38:16 GSD getOne 第 1 次 等待 3 秒
2024-01-19 00:38:19 查询号码 【1869650】，返回信息 {"status":"ok","msg":"重庆-重庆","gid":"413839","time_insert":"2021-07-27 14:55"}
2024-01-19 00:38:19 查询号码 【1869650】，GSD为【"重庆-重庆"】

2024-01-19 00:38:20 开始第 9758 次操作

2024-01-19 00:38:20 开始操作号码 【1869651】
2024-01-19 00:38:24 GSD getOne 第 1 次 等待 3 秒
2024-01-19 00:38:27 查询号码 【1869651】，返回信息 {"status":"ok","msg":"重庆-重庆","gid":"41500","time_insert":"2014-12-19 21:26","time_update":"2021-01-18 16:02"}
2024-01-19 00:38:27 查询号码 【1869651】，GSD为【"重庆-重庆"】

2024-01-19 00:38:28 开始第 9759 次操作

2024-01-19 00:38:28 开始操作号码 【1869652】
2024-01-19 00:38:31 GSD getOne 第 1 次 等待 3 秒
2024-01-19 00:38:34 查询号码 【1869652】，返回信息 {"status":"ok","msg":"重庆-重庆","gid":"41501","time_insert":"2017-05-30 10:52","time_update":"2021-01-18 16:03"}
2024-01-19 00:38:34 查询号码 【1869652】，GSD为【"重庆-重庆"】

2024-01-19 00:38:35 开始第 9760 次操作

2024-01-19 00:38:35 开始操作号码 【1869653】
2024-01-19 00:38:39 GSD getOne 第 1 次 等待 3 秒
2024-01-19 00:38:42 查询号码 【1869653】，返回信息 {"status":"ok","msg":"重庆-重庆","gid":"413824","time_insert":"2021-07-27 14:53"}
2024-01-19 00:38:42 查询号码 【1869653】，GSD为【"重庆-重庆"】

