2024-05-16 00:14:00 开始第 9381 次操作

2024-05-16 00:14:00 开始操作号码 【1649263】
2024-05-16 00:14:08 GSD getOne 第 1 次 等待 3 秒
2024-05-16 00:14:11 查询号码 【1649263】，返回信息 {"status":"ok","msg":"-","gid":"661795","time_insert":"2023-04-18 07:52"}
2024-05-16 00:14:11 查询号码 【1649263】，GSD为【"-"】
2024-05-16 00:14:11 ok && -
2024-05-16 00:14:13 CHB 1649263?1715789651 第 1 次 等待 3 秒
2024-05-16 00:14:16 CHB 1649263?1715789651 第 1 次 获取到号码【1649263】GSD
2024-05-16 00:14:16 未获取到号码【1649263】GSD，可能号码格式错误
2024-05-16 00:14:16 获取到号码【1649263】的GSD为【-】
2024-05-16 00:14:24 GSD insert 第 1 次 等待 3 秒
2024-05-16 00:14:27 {"status":"bad","gid":"661795","msg":"添加失败！号码【1649263(-|-)】已存在！"}
2024-05-16 00:14:27 随机等待 172 秒，约 2 分钟
2024-05-16 00:14:27 下次操作: 2024-05-16 00:17:19

2024-05-16 00:17:19 开始第 9382 次操作

2024-05-16 00:17:19 开始操作号码 【1649264】
2024-05-16 00:17:27 GSD getOne 第 1 次 等待 3 秒
2024-05-16 00:17:30 查询号码 【1649264】，返回信息 {"status":"ok","msg":"-","gid":"661792","time_insert":"2023-04-18 07:50"}
2024-05-16 00:17:30 查询号码 【1649264】，GSD为【"-"】
2024-05-16 00:17:30 ok && -
2024-05-16 00:17:32 CHB 1649264?1715789850 第 1 次 等待 3 秒
2024-05-16 00:17:35 CHB 1649264?1715789850 第 1 次 获取到号码【1649264】GSD
2024-05-16 00:17:35 未获取到号码【1649264】GSD，可能号码格式错误
2024-05-16 00:17:35 获取到号码【1649264】的GSD为【-】
2024-05-16 00:17:40 GSD insert 第 1 次 等待 3 秒
2024-05-16 00:17:43 {"status":"bad","gid":"661792","msg":"添加失败！号码【1649264(-|-)】已存在！"}
2024-05-16 00:17:43 随机等待 186 秒，约 3 分钟
2024-05-16 00:17:43 下次操作: 2024-05-16 00:20:49

2024-05-16 00:20:49 开始第 9383 次操作

2024-05-16 00:20:49 开始操作号码 【1649265】
2024-05-16 00:20:55 GSD getOne 第 1 次 等待 3 秒
2024-05-16 00:20:58 查询号码 【1649265】，返回信息 {"status":"ok","msg":"-","gid":"661786","time_insert":"2023-04-18 07:48"}
2024-05-16 00:20:58 查询号码 【1649265】，GSD为【"-"】
2024-05-16 00:20:58 ok && -
2024-05-16 00:21:01 CHB 1649265?1715790058 第 1 次 等待 3 秒
2024-05-16 00:21:04 CHB 1649265?1715790058 第 1 次 获取到号码【1649265】GSD
2024-05-16 00:21:04 未获取到号码【1649265】GSD，可能号码格式错误
2024-05-16 00:21:04 获取到号码【1649265】的GSD为【-】
2024-05-16 00:21:08 GSD insert 第 1 次 等待 3 秒
2024-05-16 00:21:11 {"status":"bad","gid":"661786","msg":"添加失败！号码【1649265(-|-)】已存在！"}
2024-05-16 00:21:11 随机等待 159 秒，约 2 分钟
2024-05-16 00:21:11 下次操作: 2024-05-16 00:23:50

2024-05-16 00:23:50 开始第 9384 次操作

2024-05-16 00:23:50 开始操作号码 【1649266】
2024-05-16 00:23:58 GSD getOne 第 1 次 等待 3 秒
2024-05-16 00:24:01 查询号码 【1649266】，返回信息 {"status":"ok","msg":"-","gid":"661783","time_insert":"2023-04-18 07:44"}
2024-05-16 00:24:01 查询号码 【1649266】，GSD为【"-"】
2024-05-16 00:24:01 ok && -
2024-05-16 00:24:07 CHB 1649266?1715790241 第 1 次 等待 3 秒
2024-05-16 00:24:10 CHB 1649266?1715790241 第 1 次 获取到号码【1649266】GSD
2024-05-16 00:24:10 未获取到号码【1649266】GSD，可能号码格式错误
2024-05-16 00:24:10 获取到号码【1649266】的GSD为【-】
2024-05-16 00:24:15 GSD insert 第 1 次 等待 3 秒
2024-05-16 00:24:18 {"status":"bad","gid":"661783","msg":"添加失败！号码【1649266(-|-)】已存在！"}

