2023-11-02 00:13:30 开始第 6505 次操作

2023-11-02 00:13:30 开始操作号码 【1966398】
2023-11-02 00:13:33 GSD getOne 第 1 次 等待 3 秒
2023-11-02 00:13:36 查询号码 【1966398】，返回信息 {"status":"ok","msg":"-","gid":"574629","time_insert":"2023-03-07 01:09"}
2023-11-02 00:13:36 查询号码 【1966398】，GSD为【"-"】
2023-11-02 00:13:36 ok && -
2023-11-02 00:13:39 CHB 1966398?1698855216 第 1 次 等待 3 秒
2023-11-02 00:13:42 CHB 1966398?1698855216 第 1 次 获取到号码【1966398】GSD
2023-11-02 00:13:42 未获取到号码【1966398】GSD，可能号码格式错误
2023-11-02 00:13:42 获取到号码【1966398】的GSD为【-】
2023-11-02 00:13:45 GSD insert 第 1 次 等待 3 秒
2023-11-02 00:13:48 {"status":"bad","gid":"574629","msg":"添加失败！号码【1966398(-|-)】已存在！"}
2023-11-02 00:13:48 随机等待 114 秒，约 1 分钟
2023-11-02 00:13:48 下次操作: 2023-11-02 00:15:42

2023-11-02 00:15:42 开始第 6506 次操作

2023-11-02 00:15:42 开始操作号码 【1966399】
2023-11-02 00:15:46 GSD getOne 第 1 次 等待 3 秒
2023-11-02 00:15:49 查询号码 【1966399】，返回信息 {"status":"ok","msg":"-","gid":"574635","time_insert":"2023-03-07 01:13"}
2023-11-02 00:15:49 查询号码 【1966399】，GSD为【"-"】
2023-11-02 00:15:49 ok && -
2023-11-02 00:15:51 CHB 1966399?1698855349 第 1 次 等待 3 秒
2023-11-02 00:15:54 CHB 1966399?1698855349 第 1 次 获取到号码【1966399】GSD
2023-11-02 00:15:54 未获取到号码【1966399】GSD，可能号码格式错误
2023-11-02 00:15:54 获取到号码【1966399】的GSD为【-】
2023-11-02 00:16:00 GSD insert 第 1 次 等待 3 秒
2023-11-02 00:16:03 {"status":"bad","gid":"574635","msg":"添加失败！号码【1966399(-|-)】已存在！"}
2023-11-02 00:16:03 随机等待 68 秒，约 1 分钟
2023-11-02 00:16:03 下次操作: 2023-11-02 00:17:11

2023-11-02 00:17:11 开始第 6507 次操作

2023-11-02 00:17:11 开始操作号码 【1966400】
2023-11-02 00:17:14 GSD getOne 第 1 次 等待 3 秒
2023-11-02 00:17:17 查询号码 【1966400】，返回信息 {"status":"ok","msg":"-","gid":"574640","time_insert":"2023-03-07 01:15"}
2023-11-02 00:17:17 查询号码 【1966400】，GSD为【"-"】
2023-11-02 00:17:17 ok && -
2023-11-02 00:17:20 CHB 1966400?1698855437 第 1 次 等待 3 秒
2023-11-02 00:17:23 CHB 1966400?1698855437 第 1 次 获取到号码【1966400】GSD
2023-11-02 00:17:23 未获取到号码【1966400】GSD，可能号码格式错误
2023-11-02 00:17:23 获取到号码【1966400】的GSD为【-】
2023-11-02 00:17:26 GSD insert 第 1 次 等待 3 秒
2023-11-02 00:17:29 {"status":"bad","gid":"574640","msg":"添加失败！号码【1966400(-|-)】已存在！"}
2023-11-02 00:17:29 随机等待 184 秒，约 3 分钟
2023-11-02 00:17:29 下次操作: 2023-11-02 00:20:33

2023-11-02 00:20:33 开始第 6508 次操作

2023-11-02 00:20:33 开始操作号码 【1966401】
2023-11-02 00:20:40 GSD getOne 第 1 次 等待 3 秒
2023-11-02 00:20:43 查询号码 【1966401】，返回信息 {"status":"ok","msg":"-","gid":"574646","time_insert":"2023-03-07 01:18"}
2023-11-02 00:20:43 查询号码 【1966401】，GSD为【"-"】
2023-11-02 00:20:43 ok && -
2023-11-02 00:20:45 CHB 1966401?1698855643 第 1 次 等待 3 秒
2023-11-02 00:20:48 CHB 1966401?1698855643 第 1 次 获取到号码【1966401】GSD
2023-11-02 00:20:48 未获取到号码【1966401】GSD，可能号码格式错误
2023-11-02 00:20:48 获取到号码【1966401】的GSD为【-】
2023-11-02 00:20:51 GSD insert 第 1 次 等待 3 秒
2023-11-02 00:20:54 {"status":"bad","gid":"574646","msg":"添加失败！号码【1966401(-|-)】已存在！"}

