2021-07-09 00:00:22 开始第 13 次操作

2021-07-09 00:00:22 开始操作号码 【1317303】
2021-07-09 00:00:26 GSD getOne 第 1 次 等待 1 秒
2021-07-09 00:00:27 查询号码 【1317303】，返回信息 {"status":"bad","msg":""}
2021-07-09 00:00:27 查询号码 【1317303】，GSD为【""】
2021-07-09 00:00:27 bad
2021-07-09 00:00:30 CHB 1317303?1625760027 第 1 次 等待 1 秒
2021-07-09 00:00:31 CHB 1317303?1625760027 第 1 次 获取到号码【1317303】GSD
2021-07-09 00:00:31 获取到号码【1317303】的GSD为【山东-济南】
2021-07-09 00:00:41 GSD insert 第 1 次 等待 1 秒
2021-07-09 00:00:42 {"status":"ok","msg":"添加成功！226421"}
2021-07-09 00:00:42 下次操作: 2021-07-09 00:00:50

2021-07-09 00:00:50 开始第 14 次操作

2021-07-09 00:00:50 开始操作号码 【1317302】
2021-07-09 00:00:55 GSD getOne 第 1 次 等待 1 秒
2021-07-09 00:00:56 查询号码 【1317302】，返回信息 {"status":"bad","msg":""}
2021-07-09 00:00:56 查询号码 【1317302】，GSD为【""】
2021-07-09 00:00:56 bad
2021-07-09 00:00:58 CHB 1317302?1625760056 第 1 次 等待 1 秒
2021-07-09 00:00:59 CHB 1317302?1625760056 第 1 次 获取到号码【1317302】GSD
2021-07-09 00:00:59 获取到号码【1317302】的GSD为【山东-济南】
2021-07-09 00:01:06 GSD insert 第 1 次 等待 1 秒
2021-07-09 00:01:07 {"status":"ok","msg":"添加成功！226425"}
2021-07-09 00:01:07 下次操作: 2021-07-09 00:01:17

2021-07-09 00:01:17 开始第 15 次操作

2021-07-09 00:01:17 开始操作号码 【1317301】
2021-07-09 00:01:22 GSD getOne 第 1 次 等待 1 秒
2021-07-09 00:01:23 查询号码 【1317301】，返回信息 {"status":"bad","msg":""}
2021-07-09 00:01:23 查询号码 【1317301】，GSD为【""】
2021-07-09 00:01:23 bad
2021-07-09 00:01:26 CHB 1317301?1625760083 第 1 次 等待 1 秒
2021-07-09 00:01:27 CHB 1317301?1625760083 第 1 次 获取到号码【1317301】GSD
2021-07-09 00:01:27 获取到号码【1317301】的GSD为【山东-济南】
2021-07-09 00:01:46 GSD insert 第 1 次 等待 1 秒
2021-07-09 00:01:47 {"status":"ok","msg":"添加成功！226431"}
2021-07-09 00:01:47 下次操作: 2021-07-09 00:01:55

2021-07-09 00:01:55 开始第 16 次操作

2021-07-09 00:01:55 开始操作号码 【1317300】
2021-07-09 00:01:59 GSD getOne 第 1 次 等待 1 秒
2021-07-09 00:02:00 查询号码 【1317300】，返回信息 {"status":"bad","msg":""}
2021-07-09 00:02:00 查询号码 【1317300】，GSD为【""】
2021-07-09 00:02:00 bad
2021-07-09 00:02:04 CHB 1317300?1625760120 第 1 次 等待 1 秒
2021-07-09 00:02:05 CHB 1317300?1625760120 第 1 次 获取到号码【1317300】GSD
2021-07-09 00:02:05 获取到号码【1317300】的GSD为【山东-济南】
2021-07-09 00:02:17 GSD insert 第 1 次 等待 1 秒
2021-07-09 00:02:18 {"status":"ok","msg":"添加成功！226437"}
2021-07-09 00:02:18 下次操作: 2021-07-09 00:02:36

2021-07-09 00:02:36 开始第 17 次操作

2021-07-09 00:02:36 开始操作号码 【1317299】
2021-07-09 00:02:54 GSD getOne 第 1 次 等待 1 秒
2021-07-09 00:02:55 查询号码 【1317299】，返回信息 {"status":"bad","msg":""}
2021-07-09 00:02:55 查询号码 【1317299】，GSD为【""】
2021-07-09 00:02:55 bad
2021-07-09 00:02:59 CHB 1317299?1625760175 第 1 次 等待 1 秒
2021-07-09 00:03:00 CHB 1317299?1625760175 第 1 次 获取到号码【1317299】GSD
2021-07-09 00:03:00 获取到号码【1317299】的GSD为【广东-韶关】
2021-07-09 00:03:04 GSD insert 第 1 次 等待 1 秒
2021-07-09 00:03:05 {"status":"ok","msg":"添加成功！226447"}
2021-07-09 00:03:05 下次操作: 2021-07-09 00:03:23

2021-07-09 00:03:23 开始第 18 次操作

2021-07-09 00:03:23 开始操作号码 【1317298】
2021-07-09 00:03:27 GSD getOne 第 1 次 等待 1 秒
2021-07-09 00:03:28 查询号码 【1317298】，返回信息 {"status":"bad","msg":""}
2021-07-09 00:03:28 查询号码 【1317298】，GSD为【""】
2021-07-09 00:03:28 bad
2021-07-09 00:03:30 CHB 1317298?1625760208 第 1 次 等待 1 秒
2021-07-09 00:03:31 CHB 1317298?1625760208 第 1 次 获取到号码【1317298】GSD
2021-07-09 00:03:31 获取到号码【1317298】的GSD为【广东-韶关】
2021-07-09 00:03:35 GSD insert 第 1 次 等待 1 秒
2021-07-09 00:03:36 {"status":"ok","msg":"添加成功！226459"}
2021-07-09 00:03:36 下次操作: 2021-07-09 00:03:46

2021-07-09 00:03:46 开始第 19 次操作

2021-07-09 00:03:46 开始操作号码 【1317297】
2021-07-09 00:03:51 GSD getOne 第 1 次 等待 1 秒
2021-07-09 00:03:52 查询号码 【1317297】，返回信息 {"status":"bad","msg":""}
2021-07-09 00:03:53 查询号码 【1317297】，GSD为【""】
2021-07-09 00:03:53 bad
2021-07-09 00:03:55 CHB 1317297?1625760233 第 1 次 等待 1 秒
2021-07-09 00:03:56 CHB 1317297?1625760233 第 1 次 获取到号码【1317297】GSD
2021-07-09 00:03:56 获取到号码【1317297】的GSD为【广东-韶关】
2021-07-09 00:04:03 GSD insert 第 1 次 等待 1 秒
2021-07-09 00:04:04 {"status":"ok","msg":"添加成功！226465"}
2021-07-09 00:04:04 下次操作: 2021-07-09 00:04:19

2021-07-09 00:04:19 开始第 20 次操作

2021-07-09 00:04:19 开始操作号码 【1317296】
2021-07-09 00:04:28 GSD getOne 第 1 次 等待 1 秒
2021-07-09 00:04:29 查询号码 【1317296】，返回信息 {"status":"bad","msg":""}
2021-07-09 00:04:29 查询号码 【1317296】，GSD为【""】
2021-07-09 00:04:29 bad
2021-07-09 00:04:32 CHB 1317296?1625760269 第 1 次 等待 1 秒
2021-07-09 00:04:33 CHB 1317296?1625760269 第 1 次 获取到号码【1317296】GSD
2021-07-09 00:04:33 获取到号码【1317296】的GSD为【广东-韶关】
2021-07-09 00:04:38 GSD insert 第 1 次 等待 1 秒
2021-07-09 00:04:39 {"status":"ok","msg":"添加成功！226474"}
2021-07-09 00:04:39 下次操作: 2021-07-09 00:04:48

2021-07-09 00:04:48 开始第 21 次操作

2021-07-09 00:04:48 开始操作号码 【1317295】
2021-07-09 00:04:55 GSD getOne 第 1 次 等待 1 秒
2021-07-09 00:04:56 查询号码 【1317295】，返回信息 {"status":"bad","msg":""}
2021-07-09 00:04:56 查询号码 【1317295】，GSD为【""】
2021-07-09 00:04:56 bad
2021-07-09 00:05:00 CHB 1317295?1625760296 第 1 次 等待 1 秒
2021-07-09 00:05:01 CHB 1317295?1625760296 第 1 次 获取到号码【1317295】GSD
2021-07-09 00:05:01 获取到号码【1317295】的GSD为【广东-韶关】
2021-07-09 00:05:10 GSD insert 第 1 次 等待 1 秒
2021-07-09 00:05:11 {"status":"ok","msg":"添加成功！226484"}
2021-07-09 00:05:11 下次操作: 2021-07-09 00:05:24

2021-07-09 00:05:24 开始第 22 次操作

2021-07-09 00:05:24 开始操作号码 【1317294】
2021-07-09 00:05:28 GSD getOne 第 1 次 等待 1 秒
2021-07-09 00:05:29 查询号码 【1317294】，返回信息 {"status":"bad","msg":""}
2021-07-09 00:05:29 查询号码 【1317294】，GSD为【""】
2021-07-09 00:05:29 bad
2021-07-09 00:05:31 CHB 1317294?1625760329 第 1 次 等待 1 秒
2021-07-09 00:05:32 CHB 1317294?1625760329 第 1 次 获取到号码【1317294】GSD
2021-07-09 00:05:32 获取到号码【1317294】的GSD为【广东-清远】
2021-07-09 00:05:37 GSD insert 第 1 次 等待 1 秒
2021-07-09 00:05:38 {"status":"ok","msg":"添加成功！226491"}
2021-07-09 00:05:38 下次操作: 2021-07-09 00:05:49

2021-07-09 00:05:49 开始第 23 次操作

2021-07-09 00:05:49 开始操作号码 【1317293】
2021-07-09 00:05:53 GSD getOne 第 1 次 等待 1 秒
2021-07-09 00:05:54 查询号码 【1317293】，返回信息 {"status":"bad","msg":""}
2021-07-09 00:05:54 查询号码 【1317293】，GSD为【""】
2021-07-09 00:05:54 bad
2021-07-09 00:05:56 CHB 1317293?1625760354 第 1 次 等待 1 秒
2021-07-09 00:05:57 CHB 1317293?1625760354 第 1 次 获取到号码【1317293】GSD
2021-07-09 00:05:57 获取到号码【1317293】的GSD为【广东-清远】
2021-07-09 00:06:03 GSD insert 第 1 次 等待 1 秒
2021-07-09 00:06:04 {"status":"ok","msg":"添加成功！226496"}
2021-07-09 00:06:04 下次操作: 2021-07-09 00:06:10

2021-07-09 00:06:10 开始第 24 次操作

2021-07-09 00:06:10 开始操作号码 【1317292】
2021-07-09 00:06:14 GSD getOne 第 1 次 等待 1 秒
2021-07-09 00:06:15 查询号码 【1317292】，返回信息 {"status":"bad","msg":""}
2021-07-09 00:06:15 查询号码 【1317292】，GSD为【""】
2021-07-09 00:06:15 bad
2021-07-09 00:06:19 CHB 1317292?1625760375 第 1 次 等待 1 秒
2021-07-09 00:06:20 CHB 1317292?1625760375 第 1 次 获取到号码【1317292】GSD
2021-07-09 00:06:20 获取到号码【1317292】的GSD为【广东-清远】
2021-07-09 00:06:28 GSD insert 第 1 次 等待 1 秒
2021-07-09 00:06:29 {"status":"ok","msg":"添加成功！226504"}
2021-07-09 00:06:29 下次操作: 2021-07-09 00:06:37

2021-07-09 00:06:37 开始第 25 次操作

2021-07-09 00:06:37 开始操作号码 【1317291】
2021-07-09 00:06:48 GSD getOne 第 1 次 等待 1 秒
2021-07-09 00:06:49 查询号码 【1317291】，返回信息 {"status":"bad","msg":""}
2021-07-09 00:06:49 查询号码 【1317291】，GSD为【""】
2021-07-09 00:06:49 bad
2021-07-09 00:06:52 CHB 1317291?1625760409 第 1 次 等待 1 秒
2021-07-09 00:06:53 CHB 1317291?1625760409 第 1 次 获取到号码【1317291】GSD
2021-07-09 00:06:53 获取到号码【1317291】的GSD为【广东-清远】
2021-07-09 00:06:57 GSD insert 第 1 次 等待 1 秒
2021-07-09 00:06:58 {"status":"ok","msg":"添加成功！226509"}
2021-07-09 00:06:58 下次操作: 2021-07-09 00:07:09

2021-07-09 00:07:09 开始第 26 次操作

2021-07-09 00:07:09 开始操作号码 【1317290】
2021-07-09 00:07:14 GSD getOne 第 1 次 等待 1 秒
2021-07-09 00:07:15 查询号码 【1317290】，返回信息 {"status":"bad","msg":""}
2021-07-09 00:07:15 查询号码 【1317290】，GSD为【""】
2021-07-09 00:07:15 bad
2021-07-09 00:07:20 CHB 1317290?1625760435 第 1 次 等待 1 秒
2021-07-09 00:07:21 CHB 1317290?1625760435 第 1 次 获取到号码【1317290】GSD
2021-07-09 00:07:21 获取到号码【1317290】的GSD为【广东-清远】
2021-07-09 00:07:27 GSD insert 第 1 次 等待 1 秒
2021-07-09 00:07:28 {"status":"ok","msg":"添加成功！226516"}
2021-07-09 00:07:28 下次操作: 2021-07-09 00:07:41

2021-07-09 00:07:41 开始第 27 次操作

2021-07-09 00:07:41 开始操作号码 【1317289】
2021-07-09 00:07:45 GSD getOne 第 1 次 等待 1 秒
2021-07-09 00:07:46 查询号码 【1317289】，返回信息 {"status":"bad","msg":""}
2021-07-09 00:07:47 查询号码 【1317289】，GSD为【""】
2021-07-09 00:07:47 bad
2021-07-09 00:07:49 CHB 1317289?1625760467 第 1 次 等待 1 秒
2021-07-09 00:07:50 CHB 1317289?1625760467 第 1 次 获取到号码【1317289】GSD
2021-07-09 00:07:50 获取到号码【1317289】的GSD为【广东-汕尾】
2021-07-09 00:08:04 GSD insert 第 1 次 等待 1 秒
2021-07-09 00:08:05 {"status":"ok","msg":"添加成功！226525"}
2021-07-09 00:08:05 下次操作: 2021-07-09 00:08:21

2021-07-09 00:08:21 开始第 28 次操作

2021-07-09 00:08:21 开始操作号码 【1317288】
2021-07-09 00:08:25 GSD getOne 第 1 次 等待 1 秒
2021-07-09 00:08:26 查询号码 【1317288】，返回信息 {"status":"ok","msg":"广东-汕尾","time_insert":"2016-08-15 01:28","time_update":"2020-09-24 22:50"}
2021-07-09 00:08:26 查询号码 【1317288】，GSD为【"广东-汕尾"】

2021-07-09 00:08:26 开始第 28 次操作

2021-07-09 00:08:26 开始操作号码 【1317287】
2021-07-09 00:08:31 GSD getOne 第 1 次 等待 1 秒
2021-07-09 00:08:32 查询号码 【1317287】，返回信息 {"status":"bad","msg":""}
2021-07-09 00:08:32 查询号码 【1317287】，GSD为【""】
2021-07-09 00:08:32 bad
2021-07-09 00:08:37 CHB 1317287?1625760512 第 1 次 等待 1 秒
2021-07-09 00:08:38 CHB 1317287?1625760512 第 1 次 获取到号码【1317287】GSD
2021-07-09 00:08:38 获取到号码【1317287】的GSD为【广东-汕尾】
2021-07-09 00:08:43 GSD insert 第 1 次 等待 1 秒
2021-07-09 00:08:44 {"status":"ok","msg":"添加成功！226531"}
2021-07-09 00:08:44 下次操作: 2021-07-09 00:08:57

2021-07-09 00:08:57 开始第 29 次操作

2021-07-09 00:08:57 开始操作号码 【1317286】
2021-07-09 00:09:00 GSD getOne 第 1 次 等待 1 秒
2021-07-09 00:09:01 查询号码 【1317286】，返回信息 {"status":"bad","msg":""}
2021-07-09 00:09:02 查询号码 【1317286】，GSD为【""】
2021-07-09 00:09:02 bad
2021-07-09 00:09:06 CHB 1317286?1625760542 第 1 次 等待 1 秒
2021-07-09 00:09:07 CHB 1317286?1625760542 第 1 次 获取到号码【1317286】GSD
2021-07-09 00:09:07 获取到号码【1317286】的GSD为【广东-汕尾】
2021-07-09 00:09:17 GSD insert 第 1 次 等待 1 秒
2021-07-09 00:09:18 {"status":"ok","msg":"添加成功！226537"}
2021-07-09 00:09:18 下次操作: 2021-07-09 00:09:25

2021-07-09 00:09:25 开始第 30 次操作

2021-07-09 00:09:25 开始操作号码 【1317285】
2021-07-09 00:09:33 GSD getOne 第 1 次 等待 1 秒
2021-07-09 00:09:34 查询号码 【1317285】，返回信息 {"status":"bad","msg":""}
2021-07-09 00:09:34 查询号码 【1317285】，GSD为【""】
2021-07-09 00:09:34 bad
2021-07-09 00:09:38 CHB 1317285?1625760574 第 1 次 等待 1 秒
2021-07-09 00:09:39 CHB 1317285?1625760574 第 1 次 获取到号码【1317285】GSD
2021-07-09 00:09:39 获取到号码【1317285】的GSD为【广东-汕尾】
2021-07-09 00:09:46 GSD insert 第 1 次 等待 1 秒
2021-07-09 00:09:47 {"status":"ok","msg":"添加成功！226542"}

2021-07-09 01:08:04 开始第 1 次操作

2021-07-09 01:08:04 开始操作号码 【1317284】
2021-07-09 01:08:10 GSD getOne 第 1 次 等待 1 秒
2021-07-09 01:08:11 查询号码 【1317284】，返回信息 {"status":"bad","msg":""}
2021-07-09 01:08:11 查询号码 【1317284】，GSD为【""】
2021-07-09 01:08:11 bad
2021-07-09 01:10:36 CHB 1317284?1625764091 第 1 次 等待 1 秒
2021-07-09 01:10:37 CHB 1317284?1625764091 第 1 次 获取到号码【1317284】GSD
2021-07-09 01:10:37 未获取到号码【1317284】GSD，查号吧 524 错误
2021-07-09 01:10:37 获取到号码【1317284】的GSD为【-】
2021-07-09 01:10:42 GSD insert 第 1 次 等待 1 秒
2021-07-09 01:10:43 {"status":"ok","msg":"添加成功！226746"}
2021-07-09 01:10:43 下次操作: 2021-07-09 01:10:54

2021-07-09 01:10:54 开始第 2 次操作

2021-07-09 01:10:54 开始操作号码 【1317283】
2021-07-09 01:11:05 GSD getOne 第 1 次 等待 1 秒
2021-07-09 01:11:06 查询号码 【1317283】，返回信息 {"status":"ok","msg":"广东-揭阳","time_insert":"2016-11-30 08:53","time_update":"2020-09-24 22:45"}
2021-07-09 01:11:06 查询号码 【1317283】，GSD为【"广东-揭阳"】

2021-07-09 01:11:06 开始第 2 次操作

2021-07-09 01:11:06 开始操作号码 【1317282】
2021-07-09 01:11:44 GSD getOne 第 1 次 等待 1 秒
2021-07-09 01:11:45 查询号码 【1317282】，返回信息 {"status":"bad","msg":""}
2021-07-09 01:11:45 查询号码 【1317282】，GSD为【""】
2021-07-09 01:11:45 bad
2021-07-09 01:11:52 CHB 1317282?1625764305 第 1 次 等待 1 秒
2021-07-09 01:11:53 CHB 1317282?1625764305 第 1 次 获取到号码【1317282】GSD
2021-07-09 01:11:53 获取到号码【1317282】的GSD为【广东-揭阳】
2021-07-09 01:12:12 GSD insert 第 1 次 等待 1 秒
2021-07-09 01:12:13 {"status":"ok","msg":"添加成功！226762"}
2021-07-09 01:12:13 下次操作: 2021-07-09 01:12:30

2021-07-09 01:12:30 开始第 3 次操作

2021-07-09 01:12:30 开始操作号码 【1317281】
2021-07-09 01:12:36 GSD getOne 第 1 次 等待 1 秒
2021-07-09 01:12:37 查询号码 【1317281】，返回信息 {"status":"bad","msg":""}
2021-07-09 01:12:37 查询号码 【1317281】，GSD为【""】
2021-07-09 01:12:37 bad
2021-07-09 01:12:43 CHB 1317281?1625764357 第 1 次 等待 1 秒
2021-07-09 01:12:44 CHB 1317281?1625764357 第 1 次 获取到号码【1317281】GSD
2021-07-09 01:12:44 获取到号码【1317281】的GSD为【广东-揭阳】
2021-07-09 01:13:06 GSD insert 第 1 次 等待 1 秒
2021-07-09 01:13:07 {"status":"ok","msg":"添加成功！226772"}
2021-07-09 01:13:07 下次操作: 2021-07-09 01:13:22

2021-07-09 01:13:22 开始第 4 次操作

2021-07-09 01:13:22 开始操作号码 【1317280】
2021-07-09 01:13:39 GSD getOne 第 1 次 等待 1 秒
2021-07-09 01:13:40 查询号码 【1317280】，返回信息 {"status":"bad","msg":""}
2021-07-09 01:13:40 查询号码 【1317280】，GSD为【""】
2021-07-09 01:13:40 bad
2021-07-09 01:13:48 CHB 1317280?1625764420 第 1 次 等待 1 秒
2021-07-09 01:13:49 CHB 1317280?1625764420 第 1 次 获取到号码【1317280】GSD
2021-07-09 01:13:49 获取到号码【1317280】的GSD为【广东-揭阳】
2021-07-09 01:14:09 GSD insert 第 1 次 等待 1 秒
2021-07-09 01:14:10 {"status":"ok","msg":"添加成功！226780"}
2021-07-09 01:14:10 下次操作: 2021-07-09 01:14:18

2021-07-09 01:14:18 开始第 5 次操作

2021-07-09 01:14:18 开始操作号码 【1317279】
2021-07-09 01:14:57 GSD getOne 第 1 次 等待 1 秒
2021-07-09 01:14:58 查询号码 【1317279】，返回信息 {"status":"bad","msg":""}
2021-07-09 01:14:58 查询号码 【1317279】，GSD为【""】
2021-07-09 01:14:58 bad
2021-07-09 01:15:13 CHB 1317279?1625764498 第 1 次 等待 1 秒
2021-07-09 01:15:14 CHB 1317279?1625764498 第 1 次 获取到号码【1317279】GSD
2021-07-09 01:15:14 获取到号码【1317279】的GSD为【广东-河源】
2021-07-09 01:15:22 GSD insert 第 1 次 等待 1 秒
2021-07-09 01:15:23 {"status":"ok","msg":"添加成功！226789"}
2021-07-09 01:15:23 下次操作: 2021-07-09 01:15:37

2021-07-09 01:15:37 开始第 6 次操作

2021-07-09 01:15:37 开始操作号码 【1317278】
2021-07-09 01:15:50 GSD getOne 第 1 次 等待 1 秒
2021-07-09 01:15:51 查询号码 【1317278】，返回信息 {"status":"bad","msg":""}
2021-07-09 01:15:51 查询号码 【1317278】，GSD为【""】
2021-07-09 01:15:51 bad
2021-07-09 01:16:57 CHB 1317278?1625764551 第 1 次 等待 1 秒
2021-07-09 01:16:58 CHB 1317278?1625764551 第 1 次 获取到号码【1317278】GSD
2021-07-09 01:16:58 获取到号码【1317278】的GSD为【广东-河源】
2021-07-09 01:17:03 GSD insert 第 1 次 等待 1 秒
2021-07-09 01:17:04 {"status":"ok","msg":"添加成功！226800"}
2021-07-09 01:17:04 下次操作: 2021-07-09 01:17:11

2021-07-09 01:17:11 开始第 7 次操作

2021-07-09 01:17:11 开始操作号码 【1317277】
2021-07-09 01:17:32 GSD getOne 第 1 次 等待 1 秒
2021-07-09 01:17:33 查询号码 【1317277】，返回信息 {"status":"bad","msg":""}
2021-07-09 01:17:33 查询号码 【1317277】，GSD为【""】
2021-07-09 01:17:33 bad
2021-07-09 01:17:41 CHB 1317277?1625764653 第 1 次 等待 1 秒
2021-07-09 01:17:42 CHB 1317277?1625764653 第 1 次 获取到号码【1317277】GSD
2021-07-09 01:17:42 获取到号码【1317277】的GSD为【广东-河源】
2021-07-09 01:18:04 GSD insert 第 1 次 等待 1 秒
2021-07-09 01:18:05 {"status":"ok","msg":"添加成功！226807"}
2021-07-09 01:18:05 下次操作: 2021-07-09 01:18:19

2021-07-09 01:18:20 开始第 8 次操作

2021-07-09 01:18:20 开始操作号码 【1317276】
2021-07-09 01:18:32 GSD getOne 第 1 次 等待 1 秒
2021-07-09 01:18:33 查询号码 【1317276】，返回信息 {"status":"bad","msg":""}
2021-07-09 01:18:33 查询号码 【1317276】，GSD为【""】
2021-07-09 01:18:33 bad
2021-07-09 01:18:35 CHB 1317276?1625764713 第 1 次 等待 1 秒
2021-07-09 01:18:36 CHB 1317276?1625764713 第 1 次 获取到号码【1317276】GSD
2021-07-09 01:18:36 获取到号码【1317276】的GSD为【广东-河源】
2021-07-09 01:18:55 GSD insert 第 1 次 等待 1 秒
2021-07-09 01:18:56 {"status":"ok","msg":"添加成功！226819"}
2021-07-09 01:18:56 下次操作: 2021-07-09 01:19:05

2021-07-09 01:19:05 开始第 9 次操作

2021-07-09 01:19:05 开始操作号码 【1317275】
2021-07-09 01:19:27 GSD getOne 第 1 次 等待 1 秒
2021-07-09 01:19:28 查询号码 【1317275】，返回信息 {"status":"bad","msg":""}
2021-07-09 01:19:28 查询号码 【1317275】，GSD为【""】
2021-07-09 01:19:28 bad
2021-07-09 01:19:36 CHB 1317275?1625764768 第 1 次 等待 1 秒
2021-07-09 01:19:37 CHB 1317275?1625764768 第 1 次 获取到号码【1317275】GSD
2021-07-09 01:19:37 获取到号码【1317275】的GSD为【广东-河源】
2021-07-09 01:19:59 GSD insert 第 1 次 等待 1 秒
2021-07-09 01:20:00 {"status":"ok","msg":"添加成功！226830"}
2021-07-09 01:20:00 下次操作: 2021-07-09 01:20:17

2021-07-09 01:20:18 开始第 10 次操作

2021-07-09 01:20:18 开始操作号码 【1317274】
2021-07-09 01:20:24 GSD getOne 第 1 次 等待 1 秒
2021-07-09 01:20:25 查询号码 【1317274】，返回信息 {"status":"bad","msg":""}
2021-07-09 01:20:26 查询号码 【1317274】，GSD为【""】
2021-07-09 01:20:26 bad
2021-07-09 01:20:38 CHB 1317274?1625764826 第 1 次 等待 1 秒
2021-07-09 01:20:39 CHB 1317274?1625764826 第 1 次 获取到号码【1317274】GSD
2021-07-09 01:20:39 获取到号码【1317274】的GSD为【广东-惠州】
2021-07-09 01:20:46 GSD insert 第 1 次 等待 1 秒
2021-07-09 01:20:47 {"status":"ok","msg":"添加成功！226837"}
2021-07-09 01:20:47 下次操作: 2021-07-09 01:21:02

2021-07-09 01:21:02 开始第 11 次操作

2021-07-09 01:21:02 开始操作号码 【1317273】
2021-07-09 01:21:15 GSD getOne 第 1 次 等待 1 秒
2021-07-09 01:21:16 查询号码 【1317273】，返回信息 {"status":"bad","msg":""}
2021-07-09 01:21:16 查询号码 【1317273】，GSD为【""】
2021-07-09 01:21:16 bad
2021-07-09 01:21:28 CHB 1317273?1625764876 第 1 次 等待 1 秒
2021-07-09 01:21:29 CHB 1317273?1625764876 第 1 次 获取到号码【1317273】GSD
2021-07-09 01:21:29 获取到号码【1317273】的GSD为【广东-惠州】
2021-07-09 01:21:41 GSD insert 第 1 次 等待 1 秒
2021-07-09 01:21:42 {"status":"ok","msg":"添加成功！226841"}
2021-07-09 01:21:42 下次操作: 2021-07-09 01:21:53

2021-07-09 01:21:53 开始第 12 次操作

2021-07-09 01:21:53 开始操作号码 【1317272】
2021-07-09 01:22:06 GSD getOne 第 1 次 等待 1 秒
2021-07-09 01:22:07 查询号码 【1317272】，返回信息 {"status":"bad","msg":""}
2021-07-09 01:22:07 查询号码 【1317272】，GSD为【""】
2021-07-09 01:22:07 bad
2021-07-09 01:22:48 CHB 1317272?1625764927 第 1 次 等待 1 秒
2021-07-09 01:22:49 CHB 1317272?1625764927 第 1 次 获取到号码【1317272】GSD
2021-07-09 01:22:49 获取到号码【1317272】的GSD为【广东-惠州】
2021-07-09 01:22:55 GSD insert 第 1 次 等待 1 秒
2021-07-09 01:22:56 {"status":"ok","msg":"添加成功！226853"}
2021-07-09 01:22:56 下次操作: 2021-07-09 01:23:03

2021-07-09 01:23:03 开始第 13 次操作

2021-07-09 01:23:03 开始操作号码 【1317271】
2021-07-09 01:23:22 GSD getOne 第 1 次 等待 1 秒
2021-07-09 01:23:23 查询号码 【1317271】，返回信息 {"status":"bad","msg":""}
2021-07-09 01:23:23 查询号码 【1317271】，GSD为【""】
2021-07-09 01:23:23 bad
2021-07-09 01:23:26 CHB 1317271?1625765003 第 1 次 等待 1 秒
2021-07-09 01:23:27 CHB 1317271?1625765003 第 1 次 获取到号码【1317271】GSD
2021-07-09 01:23:27 获取到号码【1317271】的GSD为【广东-惠州】
2021-07-09 01:23:49 GSD insert 第 1 次 等待 1 秒
2021-07-09 01:23:50 {"status":"ok","msg":"添加成功！226862"}
2021-07-09 01:23:50 下次操作: 2021-07-09 01:23:57

2021-07-09 01:23:57 开始第 14 次操作

2021-07-09 01:23:57 开始操作号码 【1317270】
2021-07-09 01:24:18 GSD getOne 第 1 次 等待 1 秒
2021-07-09 01:24:19 查询号码 【1317270】，返回信息 {"status":"bad","msg":""}
2021-07-09 01:24:19 查询号码 【1317270】，GSD为【""】
2021-07-09 01:24:19 bad
2021-07-09 01:24:26 CHB 1317270?1625765059 第 1 次 等待 1 秒
2021-07-09 01:24:27 CHB 1317270?1625765059 第 1 次 获取到号码【1317270】GSD
2021-07-09 01:24:27 获取到号码【1317270】的GSD为【广东-惠州】
2021-07-09 01:24:46 GSD insert 第 1 次 等待 1 秒
2021-07-09 01:24:47 {"status":"ok","msg":"添加成功！226869"}
2021-07-09 01:24:47 下次操作: 2021-07-09 01:25:00

2021-07-09 01:25:00 开始第 15 次操作

2021-07-09 01:25:00 开始操作号码 【1317269】
2021-07-09 01:25:12 GSD getOne 第 1 次 等待 1 秒
2021-07-09 01:25:13 查询号码 【1317269】，返回信息 {"status":"bad","msg":""}
2021-07-09 01:25:13 查询号码 【1317269】，GSD为【""】
2021-07-09 01:25:13 bad
2021-07-09 01:25:19 CHB 1317269?1625765113 第 1 次 等待 1 秒
2021-07-09 01:25:20 CHB 1317269?1625765113 第 1 次 获取到号码【1317269】GSD
2021-07-09 01:25:20 获取到号码【1317269】的GSD为【河北-邢台】
2021-07-09 01:25:42 GSD insert 第 1 次 等待 1 秒
2021-07-09 01:25:43 {"status":"ok","msg":"添加成功！226877"}
2021-07-09 01:25:43 下次操作: 2021-07-09 01:25:57

2021-07-09 01:25:57 开始第 16 次操作

2021-07-09 01:25:57 开始操作号码 【1317268】
2021-07-09 01:26:05 GSD getOne 第 1 次 等待 1 秒
2021-07-09 01:26:06 查询号码 【1317268】，返回信息 {"status":"bad","msg":""}
2021-07-09 01:26:06 查询号码 【1317268】，GSD为【""】
2021-07-09 01:26:06 bad
2021-07-09 01:26:08 CHB 1317268?1625765166 第 1 次 等待 1 秒
2021-07-09 01:26:09 CHB 1317268?1625765166 第 1 次 获取到号码【1317268】GSD
2021-07-09 01:26:09 获取到号码【1317268】的GSD为【河北-邢台】
2021-07-09 01:26:29 GSD insert 第 1 次 等待 1 秒
2021-07-09 01:26:30 {"status":"ok","msg":"添加成功！226881"}
2021-07-09 01:26:30 下次操作: 2021-07-09 01:26:48

2021-07-09 01:26:48 开始第 17 次操作

2021-07-09 01:26:48 开始操作号码 【1317267】
2021-07-09 01:26:52 GSD getOne 第 1 次 等待 1 秒
2021-07-09 01:26:53 查询号码 【1317267】，返回信息 {"status":"bad","msg":""}
2021-07-09 01:26:53 查询号码 【1317267】，GSD为【""】
2021-07-09 01:26:53 bad
2021-07-09 01:27:11 CHB 1317267?1625765213 第 1 次 等待 1 秒
2021-07-09 01:27:12 CHB 1317267?1625765213 第 1 次 获取到号码【1317267】GSD
2021-07-09 01:27:12 获取到号码【1317267】的GSD为【河北-邢台】
2021-07-09 01:27:16 GSD insert 第 1 次 等待 1 秒
2021-07-09 01:27:17 {"status":"ok","msg":"添加成功！226888"}
2021-07-09 01:27:17 下次操作: 2021-07-09 01:27:31

2021-07-09 01:27:31 开始第 18 次操作

2021-07-09 01:27:31 开始操作号码 【1317266】
2021-07-09 01:29:42 GSD getOne 第 1 次 等待 1 秒
2021-07-09 01:31:53 GSD getOne 第 2 次 等待 1 秒
2021-07-09 01:32:03 GSD getOne 第 3 次 等待 1 秒
2021-07-09 01:32:04 查询号码 【1317266】，返回信息 {"status":"bad","msg":""}
2021-07-09 01:32:04 查询号码 【1317266】，GSD为【""】
2021-07-09 01:32:04 bad
2021-07-09 01:32:10 CHB 1317266?1625765524 第 1 次 等待 1 秒
2021-07-09 01:32:11 CHB 1317266?1625765524 第 1 次 获取到号码【1317266】GSD
2021-07-09 01:32:11 获取到号码【1317266】的GSD为【广东-珠海】
2021-07-09 01:32:36 GSD insert 第 1 次 等待 1 秒
2021-07-09 01:32:37 {"status":"ok","msg":"添加成功！226898"}
2021-07-09 01:32:37 下次操作: 2021-07-09 01:32:53

2021-07-09 01:32:53 开始第 19 次操作

2021-07-09 01:32:53 开始操作号码 【1317265】
2021-07-09 01:32:58 GSD getOne 第 1 次 等待 1 秒
2021-07-09 01:32:59 查询号码 【1317265】，返回信息 {"status":"bad","msg":""}
2021-07-09 01:32:59 查询号码 【1317265】，GSD为【""】
2021-07-09 01:32:59 bad
2021-07-09 01:33:08 CHB 1317265?1625765579 第 1 次 等待 1 秒
2021-07-09 01:33:09 CHB 1317265?1625765579 第 1 次 获取到号码【1317265】GSD
2021-07-09 01:33:09 获取到号码【1317265】的GSD为【广东-珠海】
2021-07-09 01:33:26 GSD insert 第 1 次 等待 1 秒
2021-07-09 01:33:27 {"status":"ok","msg":"添加成功！226900"}
2021-07-09 01:33:27 下次操作: 2021-07-09 01:33:41

2021-07-09 01:33:41 开始第 20 次操作

2021-07-09 01:33:41 开始操作号码 【1317264】
2021-07-09 01:33:51 GSD getOne 第 1 次 等待 1 秒
2021-07-09 01:33:52 查询号码 【1317264】，返回信息 {"status":"bad","msg":""}
2021-07-09 01:33:52 查询号码 【1317264】，GSD为【""】
2021-07-09 01:33:52 bad
2021-07-09 01:33:59 CHB 1317264?1625765632 第 1 次 等待 1 秒
2021-07-09 01:34:00 CHB 1317264?1625765632 第 1 次 获取到号码【1317264】GSD
2021-07-09 01:34:00 获取到号码【1317264】的GSD为【广东-肇庆】
2021-07-09 01:34:23 GSD insert 第 1 次 等待 1 秒
2021-07-09 01:34:24 {"status":"ok","msg":"添加成功！226904"}
2021-07-09 01:34:24 下次操作: 2021-07-09 01:34:34

2021-07-09 01:34:34 开始第 21 次操作

2021-07-09 01:34:34 开始操作号码 【1317263】
2021-07-09 01:34:45 GSD getOne 第 1 次 等待 1 秒
2021-07-09 01:34:46 查询号码 【1317263】，返回信息 {"status":"bad","msg":""}
2021-07-09 01:34:46 查询号码 【1317263】，GSD为【""】
2021-07-09 01:34:46 bad
2021-07-09 01:35:00 CHB 1317263?1625765686 第 1 次 等待 1 秒
2021-07-09 01:35:01 CHB 1317263?1625765686 第 1 次 获取到号码【1317263】GSD
2021-07-09 01:35:01 获取到号码【1317263】的GSD为【广东-肇庆】
2021-07-09 01:35:09 GSD insert 第 1 次 等待 1 秒
2021-07-09 01:35:10 {"status":"ok","msg":"添加成功！226908"}
2021-07-09 01:35:10 下次操作: 2021-07-09 01:35:21

2021-07-09 01:35:21 开始第 22 次操作

2021-07-09 01:35:21 开始操作号码 【1317262】
2021-07-09 01:35:32 GSD getOne 第 1 次 等待 1 秒
2021-07-09 01:35:33 查询号码 【1317262】，返回信息 {"status":"bad","msg":""}
2021-07-09 01:35:33 查询号码 【1317262】，GSD为【""】
2021-07-09 01:35:33 bad
2021-07-09 01:35:35 CHB 1317262?1625765733 第 1 次 等待 1 秒
2021-07-09 01:35:36 CHB 1317262?1625765733 第 1 次 获取到号码【1317262】GSD
2021-07-09 01:35:36 获取到号码【1317262】的GSD为【广东-肇庆】
2021-07-09 01:35:55 GSD insert 第 1 次 等待 1 秒
2021-07-09 01:35:56 {"status":"ok","msg":"添加成功！226909"}
2021-07-09 01:35:56 下次操作: 2021-07-09 01:36:04

2021-07-09 01:36:04 开始第 23 次操作

2021-07-09 01:36:04 开始操作号码 【1317261】
2021-07-09 01:36:23 GSD getOne 第 1 次 等待 1 秒
2021-07-09 01:36:24 查询号码 【1317261】，返回信息 {"status":"bad","msg":""}
2021-07-09 01:36:24 查询号码 【1317261】，GSD为【""】
2021-07-09 01:36:24 bad
2021-07-09 01:36:27 CHB 1317261?1625765784 第 1 次 等待 1 秒
2021-07-09 01:36:28 CHB 1317261?1625765784 第 1 次 获取到号码【1317261】GSD
2021-07-09 01:36:28 获取到号码【1317261】的GSD为【广东-肇庆】
2021-07-09 01:36:50 GSD insert 第 1 次 等待 1 秒
2021-07-09 01:36:51 {"status":"ok","msg":"添加成功！226911"}
2021-07-09 01:36:51 下次操作: 2021-07-09 01:36:59

2021-07-09 01:36:59 开始第 24 次操作

2021-07-09 01:36:59 开始操作号码 【1317260】
2021-07-09 01:37:18 GSD getOne 第 1 次 等待 1 秒
2021-07-09 01:37:19 查询号码 【1317260】，返回信息 {"status":"bad","msg":""}
2021-07-09 01:37:19 查询号码 【1317260】，GSD为【""】
2021-07-09 01:37:19 bad
2021-07-09 01:37:21 CHB 1317260?1625765839 第 1 次 等待 1 秒
2021-07-09 01:37:22 CHB 1317260?1625765839 第 1 次 获取到号码【1317260】GSD
2021-07-09 01:37:22 获取到号码【1317260】的GSD为【广东-肇庆】
2021-07-09 01:37:44 GSD insert 第 1 次 等待 1 秒
2021-07-09 01:37:45 {"status":"ok","msg":"添加成功！226915"}
2021-07-09 01:37:45 下次操作: 2021-07-09 01:38:00

2021-07-09 01:38:00 开始第 25 次操作

2021-07-09 01:38:00 开始操作号码 【1317259】
2021-07-09 01:38:07 GSD getOne 第 1 次 等待 1 秒
2021-07-09 01:38:08 查询号码 【1317259】，返回信息 {"status":"bad","msg":""}
2021-07-09 01:38:08 查询号码 【1317259】，GSD为【""】
2021-07-09 01:38:08 bad
2021-07-09 01:38:13 CHB 1317259?1625765888 第 1 次 等待 1 秒
2021-07-09 01:38:14 CHB 1317259?1625765888 第 1 次 获取到号码【1317259】GSD
2021-07-09 01:38:14 获取到号码【1317259】的GSD为【广东-潮州】
2021-07-09 01:38:33 GSD insert 第 1 次 等待 1 秒
2021-07-09 01:38:34 {"status":"ok","msg":"添加成功！226917"}
2021-07-09 01:38:34 下次操作: 2021-07-09 01:38:52

2021-07-09 01:38:52 开始第 26 次操作

2021-07-09 01:38:52 开始操作号码 【1317258】
2021-07-09 01:38:57 GSD getOne 第 1 次 等待 1 秒
2021-07-09 01:38:58 查询号码 【1317258】，返回信息 {"status":"bad","msg":""}
2021-07-09 01:38:58 查询号码 【1317258】，GSD为【""】
2021-07-09 01:38:58 bad
2021-07-09 01:39:47 CHB 1317258?1625765938 第 1 次 等待 1 秒
2021-07-09 01:39:48 CHB 1317258?1625765938 第 1 次 获取到号码【1317258】GSD
2021-07-09 01:39:49 获取到号码【1317258】的GSD为【广东-潮州】
2021-07-09 01:39:53 GSD insert 第 1 次 等待 1 秒
2021-07-09 01:39:54 {"status":"ok","msg":"添加成功！226918"}
2021-07-09 01:39:54 下次操作: 2021-07-09 01:40:00

2021-07-09 01:40:00 开始第 27 次操作

2021-07-09 01:40:00 开始操作号码 【1317257】
2021-07-09 01:40:19 GSD getOne 第 1 次 等待 1 秒
2021-07-09 01:40:20 查询号码 【1317257】，返回信息 {"status":"bad","msg":""}
2021-07-09 01:40:20 查询号码 【1317257】，GSD为【""】
2021-07-09 01:40:20 bad
2021-07-09 01:40:25 CHB 1317257?1625766020 第 1 次 等待 1 秒
2021-07-09 01:40:26 CHB 1317257?1625766020 第 1 次 获取到号码【1317257】GSD
2021-07-09 01:40:26 获取到号码【1317257】的GSD为【广东-潮州】
2021-07-09 01:40:45 GSD insert 第 1 次 等待 1 秒
2021-07-09 01:40:46 {"status":"ok","msg":"添加成功！226920"}
2021-07-09 01:40:46 下次操作: 2021-07-09 01:40:52

2021-07-09 01:40:52 开始第 28 次操作

2021-07-09 01:40:52 开始操作号码 【1317256】
2021-07-09 01:41:14 GSD getOne 第 1 次 等待 1 秒
2021-07-09 01:41:16 查询号码 【1317256】，返回信息 {"status":"bad","msg":""}
2021-07-09 01:41:16 查询号码 【1317256】，GSD为【""】
2021-07-09 01:41:16 bad
2021-07-09 01:41:18 CHB 1317256?1625766076 第 1 次 等待 1 秒
2021-07-09 01:41:19 CHB 1317256?1625766076 第 1 次 获取到号码【1317256】GSD
2021-07-09 01:41:19 获取到号码【1317256】的GSD为【广东-潮州】
2021-07-09 01:41:39 GSD insert 第 1 次 等待 1 秒
2021-07-09 01:41:40 {"status":"ok","msg":"添加成功！226921"}
2021-07-09 01:41:40 下次操作: 2021-07-09 01:41:46

2021-07-09 01:41:46 开始第 29 次操作

2021-07-09 01:41:46 开始操作号码 【1317255】
2021-07-09 01:42:06 GSD getOne 第 1 次 等待 1 秒
2021-07-09 01:42:07 查询号码 【1317255】，返回信息 {"status":"bad","msg":""}
2021-07-09 01:42:07 查询号码 【1317255】，GSD为【""】
2021-07-09 01:42:07 bad
2021-07-09 01:42:10 CHB 1317255?1625766127 第 1 次 等待 1 秒
2021-07-09 01:42:11 CHB 1317255?1625766127 第 1 次 获取到号码【1317255】GSD
2021-07-09 01:42:11 获取到号码【1317255】的GSD为【广东-潮州】
2021-07-09 01:42:31 GSD insert 第 1 次 等待 1 秒
2021-07-09 01:42:32 {"status":"ok","msg":"添加成功！226927"}
2021-07-09 01:42:32 下次操作: 2021-07-09 01:42:46

2021-07-09 01:42:46 开始第 30 次操作

2021-07-09 01:42:46 开始操作号码 【1317254】
2021-07-09 01:42:59 GSD getOne 第 1 次 等待 1 秒
2021-07-09 01:43:00 查询号码 【1317254】，返回信息 {"status":"bad","msg":""}
2021-07-09 01:43:00 查询号码 【1317254】，GSD为【""】
2021-07-09 01:43:00 bad
2021-07-09 01:43:02 CHB 1317254?1625766180 第 1 次 等待 1 秒
2021-07-09 01:43:03 CHB 1317254?1625766180 第 1 次 获取到号码【1317254】GSD
2021-07-09 01:43:03 获取到号码【1317254】的GSD为【广东-汕头】
2021-07-09 01:43:22 GSD insert 第 1 次 等待 1 秒
2021-07-09 01:43:23 {"status":"ok","msg":"添加成功！226934"}

