2024-10-02 00:18:20 开始第 7589 次操作

2024-10-02 00:18:20 开始操作号码 【1427585】
2024-10-02 00:18:23 GSD getOne 第 1 次 等待 3 秒
2024-10-02 00:18:26 查询号码 【1427585】，返回信息 {"status":"ok","msg":"-","gid":"678519","time_insert":"2023-04-26 13:24"}
2024-10-02 00:18:26 查询号码 【1427585】，GSD为【"-"】
2024-10-02 00:18:26 ok && -
2024-10-02 00:18:28 CHB 1427585?1727799506 第 1 次 等待 3 秒
2024-10-02 00:18:31 CHB 1427585?1727799506 第 1 次 获取到号码【1427585】GSD
2024-10-02 00:18:31 未获取到号码【1427585】GSD，可能号码格式错误
2024-10-02 00:18:31 获取到号码【1427585】的GSD为【-】
2024-10-02 00:18:33 GSD insert 第 1 次 等待 3 秒
2024-10-02 00:18:36 {"status":"bad","gid":"678519","msg":"添加失败！号码【1427585(-|-)】已存在！"}
2024-10-02 00:18:36 随机等待 153 秒，约 2 分钟
2024-10-02 00:18:36 下次操作: 2024-10-02 00:21:09

2024-10-02 00:21:09 开始第 7590 次操作

2024-10-02 00:21:09 开始操作号码 【1427586】
2024-10-02 00:21:11 GSD getOne 第 1 次 等待 3 秒
2024-10-02 00:21:14 查询号码 【1427586】，返回信息 {"status":"ok","msg":"-","gid":"678544","time_insert":"2023-04-26 13:39"}
2024-10-02 00:21:15 查询号码 【1427586】，GSD为【"-"】
2024-10-02 00:21:15 ok && -
2024-10-02 00:21:16 CHB 1427586?1727799675 第 1 次 等待 3 秒
2024-10-02 00:21:19 CHB 1427586?1727799675 第 1 次 获取到号码【1427586】GSD
2024-10-02 00:21:19 未获取到号码【1427586】GSD，可能号码格式错误
2024-10-02 00:21:19 获取到号码【1427586】的GSD为【-】
2024-10-02 00:21:21 GSD insert 第 1 次 等待 3 秒
2024-10-02 00:21:24 {"status":"bad","gid":"678544","msg":"添加失败！号码【1427586(-|-)】已存在！"}
2024-10-02 00:21:24 随机等待 214 秒，约 3 分钟
2024-10-02 00:21:24 下次操作: 2024-10-02 00:24:58

2024-10-02 00:24:58 开始第 7591 次操作

2024-10-02 00:24:58 开始操作号码 【1427587】
2024-10-02 00:25:01 GSD getOne 第 1 次 等待 3 秒
2024-10-02 00:25:04 查询号码 【1427587】，返回信息 {"status":"ok","msg":"-","gid":"678565","time_insert":"2023-04-26 13:51"}
2024-10-02 00:25:04 查询号码 【1427587】，GSD为【"-"】
2024-10-02 00:25:04 ok && -
2024-10-02 00:25:06 CHB 1427587?1727799904 第 1 次 等待 3 秒
2024-10-02 00:25:09 CHB 1427587?1727799904 第 1 次 获取到号码【1427587】GSD
2024-10-02 00:25:09 未获取到号码【1427587】GSD，可能号码格式错误
2024-10-02 00:25:09 获取到号码【1427587】的GSD为【-】
2024-10-02 00:25:11 GSD insert 第 1 次 等待 3 秒
2024-10-02 00:25:14 {"status":"bad","gid":"678565","msg":"添加失败！号码【1427587(-|-)】已存在！"}
2024-10-02 00:25:14 随机等待 134 秒，约 2 分钟
2024-10-02 00:25:14 下次操作: 2024-10-02 00:27:28

2024-10-02 00:27:28 开始第 7592 次操作

2024-10-02 00:27:28 开始操作号码 【1427588】
2024-10-02 00:27:30 GSD getOne 第 1 次 等待 3 秒
2024-10-02 00:27:33 查询号码 【1427588】，返回信息 {"status":"ok","msg":"-","gid":"678591","time_insert":"2023-04-26 14:11"}
2024-10-02 00:27:33 查询号码 【1427588】，GSD为【"-"】
2024-10-02 00:27:33 ok && -
2024-10-02 00:27:35 CHB 1427588?1727800053 第 1 次 等待 3 秒
2024-10-02 00:27:38 CHB 1427588?1727800053 第 1 次 获取到号码【1427588】GSD
2024-10-02 00:27:38 未获取到号码【1427588】GSD，可能号码格式错误
2024-10-02 00:27:38 获取到号码【1427588】的GSD为【-】
2024-10-02 00:27:40 GSD insert 第 1 次 等待 3 秒
2024-10-02 00:27:43 {"status":"bad","gid":"678591","msg":"添加失败！号码【1427588(-|-)】已存在！"}

