2023-11-15 00:11:25 开始第 8889 次操作

2023-11-15 00:11:25 开始操作号码 【1968781】
2023-11-15 00:11:31 GSD getOne 第 1 次 等待 3 秒
2023-11-15 00:11:34 查询号码 【1968781】，返回信息 {"status":"ok","msg":"-","gid":"588151","time_insert":"2023-03-13 14:44"}
2023-11-15 00:11:35 查询号码 【1968781】，GSD为【"-"】
2023-11-15 00:11:35 ok && -
2023-11-15 00:11:37 CHB 1968781?1699978295 第 1 次 等待 3 秒
2023-11-15 00:11:40 CHB 1968781?1699978295 第 1 次 获取到号码【1968781】GSD
2023-11-15 00:11:40 未获取到号码【1968781】GSD，可能号码格式错误
2023-11-15 00:11:40 获取到号码【1968781】的GSD为【-】
2023-11-15 00:11:45 GSD insert 第 1 次 等待 3 秒
2023-11-15 00:11:48 {"status":"bad","gid":"588151","msg":"添加失败！号码【1968781(-|-)】已存在！"}
2023-11-15 00:11:48 随机等待 111 秒，约 1 分钟
2023-11-15 00:11:48 下次操作: 2023-11-15 00:13:39

2023-11-15 00:13:39 开始第 8890 次操作

2023-11-15 00:13:39 开始操作号码 【1968782】
2023-11-15 00:13:45 GSD getOne 第 1 次 等待 3 秒
2023-11-15 00:13:48 查询号码 【1968782】，返回信息 {"status":"ok","msg":"-","gid":"588156","time_insert":"2023-03-13 14:47"}
2023-11-15 00:13:48 查询号码 【1968782】，GSD为【"-"】
2023-11-15 00:13:48 ok && -
2023-11-15 00:13:50 CHB 1968782?1699978428 第 1 次 等待 3 秒
2023-11-15 00:13:53 CHB 1968782?1699978428 第 1 次 获取到号码【1968782】GSD
2023-11-15 00:13:53 未获取到号码【1968782】GSD，可能号码格式错误
2023-11-15 00:13:53 获取到号码【1968782】的GSD为【-】
2023-11-15 00:13:57 GSD insert 第 1 次 等待 3 秒
2023-11-15 00:14:00 {"status":"bad","gid":"588156","msg":"添加失败！号码【1968782(-|-)】已存在！"}
2023-11-15 00:14:00 随机等待 131 秒，约 2 分钟
2023-11-15 00:14:00 下次操作: 2023-11-15 00:16:11

2023-11-15 00:16:11 开始第 8891 次操作

2023-11-15 00:16:11 开始操作号码 【1968783】
2023-11-15 00:16:14 GSD getOne 第 1 次 等待 3 秒
2023-11-15 00:16:17 查询号码 【1968783】，返回信息 {"status":"ok","msg":"-","gid":"588161","time_insert":"2023-03-13 14:50"}
2023-11-15 00:16:17 查询号码 【1968783】，GSD为【"-"】
2023-11-15 00:16:17 ok && -
2023-11-15 00:16:20 CHB 1968783?1699978577 第 1 次 等待 3 秒
2023-11-15 00:16:23 CHB 1968783?1699978577 第 1 次 获取到号码【1968783】GSD
2023-11-15 00:16:23 未获取到号码【1968783】GSD，可能号码格式错误
2023-11-15 00:16:23 获取到号码【1968783】的GSD为【-】
2023-11-15 00:16:27 GSD insert 第 1 次 等待 3 秒
2023-11-15 00:16:30 {"status":"bad","gid":"588161","msg":"添加失败！号码【1968783(-|-)】已存在！"}
2023-11-15 00:16:30 随机等待 124 秒，约 2 分钟
2023-11-15 00:16:30 下次操作: 2023-11-15 00:18:34

2023-11-15 00:18:34 开始第 8892 次操作

2023-11-15 00:18:34 开始操作号码 【1968784】
2023-11-15 00:18:38 GSD getOne 第 1 次 等待 3 秒
2023-11-15 00:18:41 查询号码 【1968784】，返回信息 {"status":"ok","msg":"-","gid":"588166","time_insert":"2023-03-13 14:53"}
2023-11-15 00:18:41 查询号码 【1968784】，GSD为【"-"】
2023-11-15 00:18:41 ok && -
2023-11-15 00:18:43 CHB 1968784?1699978721 第 1 次 等待 3 秒
2023-11-15 00:18:46 CHB 1968784?1699978721 第 1 次 获取到号码【1968784】GSD
2023-11-15 00:18:47 未获取到号码【1968784】GSD，可能号码格式错误
2023-11-15 00:18:47 获取到号码【1968784】的GSD为【-】
2023-11-15 00:18:50 GSD insert 第 1 次 等待 3 秒
2023-11-15 00:18:53 {"status":"bad","gid":"588166","msg":"添加失败！号码【1968784(-|-)】已存在！"}

2023-11-15 00:34:07 开始第 8893 次操作

2023-11-15 00:34:07 开始操作号码 【1968785】
2023-11-15 00:34:10 GSD getOne 第 1 次 等待 3 秒
2023-11-15 00:34:13 查询号码 【1968785】，返回信息 {"status":"ok","msg":"-","gid":"588190","time_insert":"2023-03-13 15:08"}
2023-11-15 00:34:13 查询号码 【1968785】，GSD为【"-"】
2023-11-15 00:34:13 ok && -
2023-11-15 00:34:20 CHB 1968785?1699979653 第 1 次 等待 3 秒
2023-11-15 00:34:23 CHB 1968785?1699979653 第 1 次 获取到号码【1968785】GSD
2023-11-15 00:34:23 未获取到号码【1968785】GSD，可能号码格式错误
2023-11-15 00:34:23 获取到号码【1968785】的GSD为【-】
2023-11-15 00:34:27 GSD insert 第 1 次 等待 3 秒
2023-11-15 00:34:30 {"status":"bad","gid":"588190","msg":"添加失败！号码【1968785(-|-)】已存在！"}
2023-11-15 00:34:30 随机等待 128 秒，约 2 分钟
2023-11-15 00:34:30 下次操作: 2023-11-15 00:36:38

2023-11-15 00:36:38 开始第 8894 次操作

2023-11-15 00:36:38 开始操作号码 【1968786】
2023-11-15 00:36:42 GSD getOne 第 1 次 等待 3 秒
2023-11-15 00:36:45 查询号码 【1968786】，返回信息 {"status":"ok","msg":"-","gid":"588193","time_insert":"2023-03-13 15:12"}
2023-11-15 00:36:45 查询号码 【1968786】，GSD为【"-"】
2023-11-15 00:36:45 ok && -
2023-11-15 00:36:48 CHB 1968786?1699979805 第 1 次 等待 3 秒
2023-11-15 00:36:51 CHB 1968786?1699979805 第 1 次 获取到号码【1968786】GSD
2023-11-15 00:36:51 未获取到号码【1968786】GSD，可能号码格式错误
2023-11-15 00:36:51 获取到号码【1968786】的GSD为【-】
2023-11-15 00:36:54 GSD insert 第 1 次 等待 3 秒
2023-11-15 00:36:57 {"status":"bad","gid":"588193","msg":"添加失败！号码【1968786(-|-)】已存在！"}
2023-11-15 00:36:57 随机等待 123 秒，约 2 分钟
2023-11-15 00:36:57 下次操作: 2023-11-15 00:39:00

2023-11-15 00:39:00 开始第 8895 次操作

2023-11-15 00:39:00 开始操作号码 【1968787】
2023-11-15 00:39:04 GSD getOne 第 1 次 等待 3 秒
2023-11-15 00:39:07 查询号码 【1968787】，返回信息 {"status":"ok","msg":"-","gid":"588198","time_insert":"2023-03-13 15:14"}
2023-11-15 00:39:07 查询号码 【1968787】，GSD为【"-"】
2023-11-15 00:39:07 ok && -
2023-11-15 00:39:09 CHB 1968787?1699979947 第 1 次 等待 3 秒
2023-11-15 00:39:12 CHB 1968787?1699979947 第 1 次 获取到号码【1968787】GSD
2023-11-15 00:39:12 未获取到号码【1968787】GSD，可能号码格式错误
2023-11-15 00:39:12 获取到号码【1968787】的GSD为【-】
2023-11-15 00:39:20 GSD insert 第 1 次 等待 3 秒
2023-11-15 00:39:23 {"status":"bad","gid":"588198","msg":"添加失败！号码【1968787(-|-)】已存在！"}
2023-11-15 00:39:23 随机等待 151 秒，约 2 分钟
2023-11-15 00:39:23 下次操作: 2023-11-15 00:41:54

2023-11-15 00:41:54 开始第 8896 次操作

2023-11-15 00:41:54 开始操作号码 【1968788】
2023-11-15 00:41:57 GSD getOne 第 1 次 等待 3 秒
2023-11-15 00:42:00 查询号码 【1968788】，返回信息 {"status":"ok","msg":"-","gid":"588203","time_insert":"2023-03-13 15:17"}
2023-11-15 00:42:00 查询号码 【1968788】，GSD为【"-"】
2023-11-15 00:42:00 ok && -
2023-11-15 00:42:02 CHB 1968788?1699980120 第 1 次 等待 3 秒
2023-11-15 00:42:05 CHB 1968788?1699980120 第 1 次 获取到号码【1968788】GSD
2023-11-15 00:42:06 未获取到号码【1968788】GSD，可能号码格式错误
2023-11-15 00:42:06 获取到号码【1968788】的GSD为【-】
2023-11-15 00:42:09 GSD insert 第 1 次 等待 3 秒
2023-11-15 00:42:12 {"status":"bad","gid":"588203","msg":"添加失败！号码【1968788(-|-)】已存在！"}

