2024-10-22 00:26:13 开始第 749 次操作

2024-10-22 00:26:13 开始操作号码 【1320748】
2024-10-22 00:26:14 GSD getOne 第 1 次 等待 3 秒
2024-10-22 00:26:17 查询号码 【1320748】，返回信息 {"status":"ok","msg":"湖南-长沙","gid":"61087","time_insert":"2021-05-18 03:01"}
2024-10-22 00:26:17 查询号码 【1320748】，GSD为【"湖南-长沙"】

2024-10-22 00:26:18 开始第 750 次操作

2024-10-22 00:26:18 开始操作号码 【1320749】
2024-10-22 00:26:19 GSD getOne 第 1 次 等待 3 秒
2024-10-22 00:26:22 查询号码 【1320749】，返回信息 {"status":"ok","msg":"湖南-长沙","gid":"61094","time_insert":"2021-05-18 03:21"}
2024-10-22 00:26:22 查询号码 【1320749】，GSD为【"湖南-长沙"】

2024-10-22 00:26:23 开始第 751 次操作

2024-10-22 00:26:23 开始操作号码 【1320750】
2024-10-22 00:26:24 GSD getOne 第 1 次 等待 3 秒
2024-10-22 00:26:27 查询号码 【1320750】，返回信息 {"status":"ok","msg":"天津-天津","gid":"61101","time_insert":"2021-05-18 03:37"}
2024-10-22 00:26:27 查询号码 【1320750】，GSD为【"天津-天津"】

2024-10-22 00:26:28 开始第 752 次操作

2024-10-22 00:26:28 开始操作号码 【1320751】
2024-10-22 00:26:31 GSD getOne 第 1 次 等待 3 秒
2024-10-22 00:26:34 查询号码 【1320751】，返回信息 {"status":"ok","msg":"天津-天津","gid":"61113","time_insert":"2021-05-18 04:02"}
2024-10-22 00:26:34 查询号码 【1320751】，GSD为【"天津-天津"】

