2024-03-15 00:13:28 开始第 9137 次操作

2024-03-15 00:13:28 开始操作号码 【1759030】
2024-03-15 00:13:33 GSD getOne 第 1 次 等待 3 秒
2024-03-15 00:13:36 查询号码 【1759030】，返回信息 {"status":"ok","msg":"新疆-喀什","gid":"238544","time_insert":"2021-07-10 10:24"}
2024-03-15 00:13:36 查询号码 【1759030】，GSD为【"新疆-喀什"】

2024-03-15 00:13:37 开始第 9138 次操作

2024-03-15 00:13:37 开始操作号码 【1759031】
2024-03-15 00:13:41 GSD getOne 第 1 次 等待 3 秒
2024-03-15 00:13:44 查询号码 【1759031】，返回信息 {"status":"ok","msg":"新疆-喀什","gid":"238552","time_insert":"2021-07-10 10:25"}
2024-03-15 00:13:44 查询号码 【1759031】，GSD为【"新疆-喀什"】

2024-03-15 00:13:45 开始第 9139 次操作

2024-03-15 00:13:45 开始操作号码 【1759032】
2024-03-15 00:13:51 GSD getOne 第 1 次 等待 3 秒
2024-03-15 00:13:54 查询号码 【1759032】，返回信息 {"status":"ok","msg":"新疆-喀什","gid":"238559","time_insert":"2021-07-10 10:26"}
2024-03-15 00:13:54 查询号码 【1759032】，GSD为【"新疆-喀什"】

2024-03-15 00:13:55 开始第 9140 次操作

2024-03-15 00:13:55 开始操作号码 【1759033】
2024-03-15 00:14:00 GSD getOne 第 1 次 等待 3 秒
2024-03-15 00:14:03 查询号码 【1759033】，返回信息 {"status":"ok","msg":"新疆-喀什","gid":"238564","time_insert":"2021-07-10 10:27"}
2024-03-15 00:14:03 查询号码 【1759033】，GSD为【"新疆-喀什"】

