2023-10-24 00:13:41 开始第 4873 次操作

2023-10-24 00:13:41 开始操作号码 【1964777】
2023-10-24 00:13:47 GSD getOne 第 1 次 等待 3 秒
2023-10-24 00:13:50 查询号码 【1964777】，返回信息 {"status":"ok","msg":"-","gid":"564901","time_insert":"2023-03-02 11:10"}
2023-10-24 00:13:50 查询号码 【1964777】，GSD为【"-"】
2023-10-24 00:13:50 ok && -
2023-10-24 00:13:56 CHB 1964777?1698077630 第 1 次 等待 3 秒
2023-10-24 00:13:59 CHB 1964777?1698077630 第 1 次 获取到号码【1964777】GSD
2023-10-24 00:13:59 未获取到号码【1964777】GSD，可能号码格式错误
2023-10-24 00:13:59 获取到号码【1964777】的GSD为【-】
2023-10-24 00:14:02 GSD insert 第 1 次 等待 3 秒
2023-10-24 00:14:05 {"status":"bad","gid":"564901","msg":"添加失败！号码【1964777(-|-)】已存在！"}
2023-10-24 00:14:05 随机等待 218 秒，约 3 分钟
2023-10-24 00:14:05 下次操作: 2023-10-24 00:17:43

2023-10-24 00:17:43 开始第 4874 次操作

2023-10-24 00:17:43 开始操作号码 【1964778】
2023-10-24 00:17:47 GSD getOne 第 1 次 等待 3 秒
2023-10-24 00:17:50 查询号码 【1964778】，返回信息 {"status":"ok","msg":"-","gid":"564928","time_insert":"2023-03-02 11:31"}
2023-10-24 00:17:50 查询号码 【1964778】，GSD为【"-"】
2023-10-24 00:17:50 ok && -
2023-10-24 00:17:52 CHB 1964778?1698077870 第 1 次 等待 3 秒
2023-10-24 00:17:55 CHB 1964778?1698077870 第 1 次 获取到号码【1964778】GSD
2023-10-24 00:17:55 未获取到号码【1964778】GSD，可能号码格式错误
2023-10-24 00:17:55 获取到号码【1964778】的GSD为【-】
2023-10-24 00:17:58 GSD insert 第 1 次 等待 3 秒
2023-10-24 00:18:01 {"status":"bad","gid":"564928","msg":"添加失败！号码【1964778(-|-)】已存在！"}
2023-10-24 00:18:01 随机等待 196 秒，约 3 分钟
2023-10-24 00:18:01 下次操作: 2023-10-24 00:21:17

2023-10-24 00:21:17 开始第 4875 次操作

2023-10-24 00:21:17 开始操作号码 【1964779】
2023-10-24 00:21:23 GSD getOne 第 1 次 等待 3 秒
2023-10-24 00:21:26 查询号码 【1964779】，返回信息 {"status":"ok","msg":"-","gid":"564932","time_insert":"2023-03-02 11:34"}
2023-10-24 00:21:26 查询号码 【1964779】，GSD为【"-"】
2023-10-24 00:21:26 ok && -
2023-10-24 00:21:28 CHB 1964779?1698078086 第 1 次 等待 3 秒
2023-10-24 00:21:31 CHB 1964779?1698078086 第 1 次 获取到号码【1964779】GSD
2023-10-24 00:21:31 未获取到号码【1964779】GSD，可能号码格式错误
2023-10-24 00:21:31 获取到号码【1964779】的GSD为【-】
2023-10-24 00:21:35 GSD insert 第 1 次 等待 3 秒
2023-10-24 00:21:38 {"status":"bad","gid":"564932","msg":"添加失败！号码【1964779(-|-)】已存在！"}
2023-10-24 00:21:38 随机等待 157 秒，约 2 分钟
2023-10-24 00:21:38 下次操作: 2023-10-24 00:24:15

2023-10-24 00:24:15 开始第 4876 次操作

2023-10-24 00:24:15 开始操作号码 【1964780】
2023-10-24 00:24:18 GSD getOne 第 1 次 等待 3 秒
2023-10-24 00:24:21 查询号码 【1964780】，返回信息 {"status":"ok","msg":"-","gid":"564935","time_insert":"2023-03-02 11:36"}
2023-10-24 00:24:21 查询号码 【1964780】，GSD为【"-"】
2023-10-24 00:24:21 ok && -
2023-10-24 00:24:23 CHB 1964780?1698078261 第 1 次 等待 3 秒
2023-10-24 00:24:26 CHB 1964780?1698078261 第 1 次 获取到号码【1964780】GSD
2023-10-24 00:24:26 未获取到号码【1964780】GSD，可能号码格式错误
2023-10-24 00:24:26 获取到号码【1964780】的GSD为【-】
2023-10-24 00:24:29 GSD insert 第 1 次 等待 3 秒
2023-10-24 00:24:32 {"status":"bad","gid":"564935","msg":"添加失败！号码【1964780(-|-)】已存在！"}

