2024-07-22 00:15:38 开始第 7437 次操作

2024-07-22 00:15:38 开始操作号码 【1537319】
2024-07-22 00:15:47 GSD getOne 第 1 次 等待 3 秒
2024-07-22 00:15:50 查询号码 【1537319】，返回信息 {"status":"ok","msg":"河北-邢台","gid":"395068","time_insert":"2021-07-25 23:56"}
2024-07-22 00:15:50 查询号码 【1537319】，GSD为【"河北-邢台"】

2024-07-22 00:15:51 开始第 7438 次操作

2024-07-22 00:15:51 开始操作号码 【1537320】
2024-07-22 00:15:59 GSD getOne 第 1 次 等待 3 秒
2024-07-22 00:16:02 查询号码 【1537320】，返回信息 {"status":"ok","msg":"河北-邢台","gid":"395063","time_insert":"2021-07-25 23:55"}
2024-07-22 00:16:02 查询号码 【1537320】，GSD为【"河北-邢台"】

2024-07-22 00:16:03 开始第 7439 次操作

2024-07-22 00:16:03 开始操作号码 【1537321】
2024-07-22 00:16:12 GSD getOne 第 1 次 等待 3 秒
2024-07-22 00:16:15 查询号码 【1537321】，返回信息 {"status":"ok","msg":"河北-邢台","gid":"395050","time_insert":"2021-07-25 23:54"}
2024-07-22 00:16:15 查询号码 【1537321】，GSD为【"河北-邢台"】

2024-07-22 00:16:16 开始第 7440 次操作

2024-07-22 00:16:16 开始操作号码 【1537322】
2024-07-22 00:16:25 GSD getOne 第 1 次 等待 3 秒
2024-07-22 00:16:28 查询号码 【1537322】，返回信息 {"status":"ok","msg":"河北-保定","gid":"395040","time_insert":"2021-07-25 23:54"}
2024-07-22 00:16:28 查询号码 【1537322】，GSD为【"河北-保定"】

2024-07-22 00:39:49 开始第 7441 次操作

2024-07-22 00:39:49 开始操作号码 【1537323】
2024-07-22 00:39:57 GSD getOne 第 1 次 等待 3 秒
2024-07-22 00:40:00 查询号码 【1537323】，返回信息 {"status":"ok","msg":"河北-廊坊","gid":"395029","time_insert":"2021-07-25 23:53"}
2024-07-22 00:40:00 查询号码 【1537323】，GSD为【"河北-廊坊"】

2024-07-22 00:40:01 开始第 7442 次操作

2024-07-22 00:40:01 开始操作号码 【1537324】
2024-07-22 00:40:09 GSD getOne 第 1 次 等待 3 秒
2024-07-22 00:40:12 查询号码 【1537324】，返回信息 {"status":"ok","msg":"河北-廊坊","gid":"395023","time_insert":"2021-07-25 23:52"}
2024-07-22 00:40:12 查询号码 【1537324】，GSD为【"河北-廊坊"】

2024-07-22 00:40:13 开始第 7443 次操作

2024-07-22 00:40:13 开始操作号码 【1537325】
2024-07-22 00:40:21 GSD getOne 第 1 次 等待 3 秒
2024-07-22 00:40:24 查询号码 【1537325】，返回信息 {"status":"ok","msg":"河北-廊坊","gid":"395015","time_insert":"2021-07-25 23:51"}
2024-07-22 00:40:24 查询号码 【1537325】，GSD为【"河北-廊坊"】

2024-07-22 00:40:25 开始第 7444 次操作

2024-07-22 00:40:25 开始操作号码 【1537326】
2024-07-22 00:40:33 GSD getOne 第 1 次 等待 3 秒
2024-07-22 00:40:36 查询号码 【1537326】，返回信息 {"status":"ok","msg":"河北-廊坊","gid":"395009","time_insert":"2021-07-25 23:51"}
2024-07-22 00:40:36 查询号码 【1537326】，GSD为【"河北-廊坊"】

