2024-01-05 00:13:40 开始第 7193 次操作

2024-01-05 00:13:40 开始操作号码 【1867086】
2024-01-05 00:13:44 GSD getOne 第 1 次 等待 3 秒
2024-01-05 00:13:47 查询号码 【1867086】，返回信息 {"status":"ok","msg":"湖南-株洲","gid":"436179","time_insert":"2021-07-29 18:50"}
2024-01-05 00:13:47 查询号码 【1867086】，GSD为【"湖南-株洲"】

2024-01-05 00:13:48 开始第 7194 次操作

2024-01-05 00:13:48 开始操作号码 【1867087】
2024-01-05 00:13:51 GSD getOne 第 1 次 等待 3 秒
2024-01-05 00:13:54 查询号码 【1867087】，返回信息 {"status":"ok","msg":"湖南-株洲","gid":"436167","time_insert":"2021-07-29 18:49"}
2024-01-05 00:13:54 查询号码 【1867087】，GSD为【"湖南-株洲"】

2024-01-05 00:13:55 开始第 7195 次操作

2024-01-05 00:13:55 开始操作号码 【1867088】
2024-01-05 00:13:57 GSD getOne 第 1 次 等待 3 秒
2024-01-05 00:14:00 查询号码 【1867088】，返回信息 {"status":"ok","msg":"湖南-株洲","gid":"436152","time_insert":"2021-07-29 18:48"}
2024-01-05 00:14:00 查询号码 【1867088】，GSD为【"湖南-株洲"】

2024-01-05 00:14:01 开始第 7196 次操作

2024-01-05 00:14:01 开始操作号码 【1867089】
2024-01-05 00:14:04 GSD getOne 第 1 次 等待 3 秒
2024-01-05 00:14:07 查询号码 【1867089】，返回信息 {"status":"ok","msg":"湖南-株洲","gid":"436136","time_insert":"2021-07-29 18:47"}
2024-01-05 00:14:07 查询号码 【1867089】，GSD为【"湖南-株洲"】

