2021-07-17 00:00:20 开始第 15 次操作

2021-07-17 00:00:20 开始操作号码 【1785897】
2021-07-17 00:00:23 GSD getOne 第 1 次 等待 3 秒
2021-07-17 00:00:26 查询号码 【1785897】，返回信息 {"status":"bad","msg":""}
2021-07-17 00:00:26 查询号码 【1785897】，GSD为【""】
2021-07-17 00:00:26 bad
2021-07-17 00:00:31 CHB 1785897?1626451226 第 1 次 等待 3 秒
2021-07-17 00:00:34 CHB 1785897?1626451226 第 1 次 获取到号码【1785897】GSD
2021-07-17 00:00:34 获取到号码【1785897】的GSD为【浙江-金华】
2021-07-17 00:00:48 GSD insert 第 1 次 等待 3 秒
2021-07-17 00:00:51 {"status":"ok","gid":298070,"msg":"添加成功！"}
2021-07-17 00:00:51 下次操作: 2021-07-17 00:01:05

2021-07-17 00:01:05 开始第 16 次操作

2021-07-17 00:01:05 开始操作号码 【1785896】
2021-07-17 00:01:09 GSD getOne 第 1 次 等待 3 秒
2021-07-17 00:01:12 查询号码 【1785896】，返回信息 {"status":"bad","msg":""}
2021-07-17 00:01:12 查询号码 【1785896】，GSD为【""】
2021-07-17 00:01:12 bad
2021-07-17 00:01:18 CHB 1785896?1626451272 第 1 次 等待 3 秒
2021-07-17 00:01:21 CHB 1785896?1626451272 第 1 次 获取到号码【1785896】GSD
2021-07-17 00:01:21 获取到号码【1785896】的GSD为【浙江-金华】
2021-07-17 00:01:32 GSD insert 第 1 次 等待 3 秒
2021-07-17 00:01:35 {"status":"ok","gid":298076,"msg":"添加成功！"}
2021-07-17 00:01:35 下次操作: 2021-07-17 00:01:57

2021-07-17 00:01:57 开始第 17 次操作

2021-07-17 00:01:57 开始操作号码 【1785895】
2021-07-17 00:02:00 GSD getOne 第 1 次 等待 3 秒
2021-07-17 00:02:03 查询号码 【1785895】，返回信息 {"status":"bad","msg":""}
2021-07-17 00:02:03 查询号码 【1785895】，GSD为【""】
2021-07-17 00:02:03 bad
2021-07-17 00:02:05 CHB 1785895?1626451323 第 1 次 等待 3 秒
2021-07-17 00:02:08 CHB 1785895?1626451323 第 1 次 获取到号码【1785895】GSD
2021-07-17 00:02:08 获取到号码【1785895】的GSD为【浙江-宁波】
2021-07-17 00:02:33 GSD insert 第 1 次 等待 3 秒
2021-07-17 00:02:36 {"status":"ok","gid":298086,"msg":"添加成功！"}
2021-07-17 00:02:36 下次操作: 2021-07-17 00:02:58

2021-07-17 00:02:58 开始第 18 次操作

2021-07-17 00:02:58 开始操作号码 【1785894】
2021-07-17 00:03:26 GSD getOne 第 1 次 等待 3 秒
2021-07-17 00:03:29 查询号码 【1785894】，返回信息 {"status":"bad","msg":""}
2021-07-17 00:03:29 查询号码 【1785894】，GSD为【""】
2021-07-17 00:03:29 bad
2021-07-17 00:03:35 CHB 1785894?1626451409 第 1 次 等待 3 秒
2021-07-17 00:03:38 CHB 1785894?1626451409 第 1 次 获取到号码【1785894】GSD
2021-07-17 00:03:38 获取到号码【1785894】的GSD为【浙江-宁波】
2021-07-17 00:03:51 GSD insert 第 1 次 等待 3 秒
2021-07-17 00:03:54 {"status":"ok","gid":298100,"msg":"添加成功！"}
2021-07-17 00:03:54 下次操作: 2021-07-17 00:04:16

2021-07-17 00:04:16 开始第 19 次操作

2021-07-17 00:04:16 开始操作号码 【1785893】
2021-07-17 00:04:33 GSD getOne 第 1 次 等待 3 秒
2021-07-17 00:04:36 查询号码 【1785893】，返回信息 {"status":"bad","msg":""}
2021-07-17 00:04:36 查询号码 【1785893】，GSD为【""】
2021-07-17 00:04:36 bad
2021-07-17 00:04:38 CHB 1785893?1626451476 第 1 次 等待 3 秒
2021-07-17 00:04:41 CHB 1785893?1626451476 第 1 次 获取到号码【1785893】GSD
2021-07-17 00:04:41 获取到号码【1785893】的GSD为【浙江-宁波】
2021-07-17 00:05:09 GSD insert 第 1 次 等待 3 秒
2021-07-17 00:05:12 {"status":"ok","gid":298110,"msg":"添加成功！"}
2021-07-17 00:05:12 下次操作: 2021-07-17 00:05:26

2021-07-17 00:05:26 开始第 20 次操作

2021-07-17 00:05:26 开始操作号码 【1785892】
2021-07-17 00:05:43 GSD getOne 第 1 次 等待 3 秒
2021-07-17 00:05:46 查询号码 【1785892】，返回信息 {"status":"bad","msg":""}
2021-07-17 00:05:46 查询号码 【1785892】，GSD为【""】
2021-07-17 00:05:46 bad
2021-07-17 00:05:52 CHB 1785892?1626451546 第 1 次 等待 3 秒
2021-07-17 00:05:55 CHB 1785892?1626451546 第 1 次 获取到号码【1785892】GSD
2021-07-17 00:05:56 获取到号码【1785892】的GSD为【浙江-丽水】
2021-07-17 00:06:01 GSD insert 第 1 次 等待 3 秒
2021-07-17 00:06:04 {"status":"ok","gid":298122,"msg":"添加成功！"}
2021-07-17 00:06:04 下次操作: 2021-07-17 00:06:21

2021-07-17 00:06:21 开始第 21 次操作

2021-07-17 00:06:21 开始操作号码 【1785891】
2021-07-17 00:06:44 GSD getOne 第 1 次 等待 3 秒
2021-07-17 00:06:47 查询号码 【1785891】，返回信息 {"status":"bad","msg":""}
2021-07-17 00:06:47 查询号码 【1785891】，GSD为【""】
2021-07-17 00:06:47 bad
2021-07-17 00:06:49 CHB 1785891?1626451607 第 1 次 等待 3 秒
2021-07-17 00:06:52 CHB 1785891?1626451607 第 1 次 获取到号码【1785891】GSD
2021-07-17 00:06:52 获取到号码【1785891】的GSD为【浙江-丽水】
2021-07-17 00:07:29 GSD insert 第 1 次 等待 3 秒
2021-07-17 00:07:32 {"status":"ok","gid":298130,"msg":"添加成功！"}
2021-07-17 00:07:32 下次操作: 2021-07-17 00:07:47

2021-07-17 00:07:47 开始第 22 次操作

2021-07-17 00:07:47 开始操作号码 【1785890】
2021-07-17 00:08:27 GSD getOne 第 1 次 等待 3 秒
2021-07-17 00:08:30 查询号码 【1785890】，返回信息 {"status":"bad","msg":""}
2021-07-17 00:08:30 查询号码 【1785890】，GSD为【""】
2021-07-17 00:08:30 bad
2021-07-17 00:08:32 CHB 1785890?1626451710 第 1 次 等待 3 秒
2021-07-17 00:08:35 CHB 1785890?1626451710 第 1 次 获取到号码【1785890】GSD
2021-07-17 00:08:35 获取到号码【1785890】的GSD为【浙江-丽水】
2021-07-17 00:09:26 GSD insert 第 1 次 等待 3 秒
2021-07-17 00:09:29 {"status":"ok","gid":298148,"msg":"添加成功！"}
2021-07-17 00:09:29 下次操作: 2021-07-17 00:09:42

2021-07-17 00:09:42 开始第 23 次操作

2021-07-17 00:09:42 开始操作号码 【1785889】
2021-07-17 00:09:48 GSD getOne 第 1 次 等待 3 秒
2021-07-17 00:09:51 查询号码 【1785889】，返回信息 {"status":"bad","msg":""}
2021-07-17 00:09:51 查询号码 【1785889】，GSD为【""】
2021-07-17 00:09:51 bad
2021-07-17 00:09:52 CHB 1785889?1626451791 第 1 次 等待 3 秒
2021-07-17 00:09:55 CHB 1785889?1626451791 第 1 次 获取到号码【1785889】GSD
2021-07-17 00:09:55 获取到号码【1785889】的GSD为【浙江-宁波】
2021-07-17 00:10:20 GSD insert 第 1 次 等待 3 秒
2021-07-17 00:10:23 {"status":"ok","gid":298158,"msg":"添加成功！"}
2021-07-17 00:10:23 下次操作: 2021-07-17 00:10:36

2021-07-17 00:10:36 开始第 24 次操作

2021-07-17 00:10:36 开始操作号码 【1785888】
2021-07-17 00:10:39 GSD getOne 第 1 次 等待 3 秒
2021-07-17 00:10:42 查询号码 【1785888】，返回信息 {"status":"bad","msg":""}
2021-07-17 00:10:42 查询号码 【1785888】，GSD为【""】
2021-07-17 00:10:42 bad
2021-07-17 00:10:50 CHB 1785888?1626451842 第 1 次 等待 3 秒
2021-07-17 00:10:53 CHB 1785888?1626451842 第 1 次 获取到号码【1785888】GSD
2021-07-17 00:10:53 获取到号码【1785888】的GSD为【浙江-宁波】
2021-07-17 00:11:00 GSD insert 第 1 次 等待 3 秒
2021-07-17 00:11:03 {"status":"ok","gid":298165,"msg":"添加成功！"}
2021-07-17 00:11:03 下次操作: 2021-07-17 00:11:21

2021-07-17 00:11:21 开始第 25 次操作

2021-07-17 00:11:21 开始操作号码 【1785887】
2021-07-17 00:11:27 GSD getOne 第 1 次 等待 3 秒
2021-07-17 00:11:30 查询号码 【1785887】，返回信息 {"status":"bad","msg":""}
2021-07-17 00:11:30 查询号码 【1785887】，GSD为【""】
2021-07-17 00:11:30 bad
2021-07-17 00:11:36 CHB 1785887?1626451890 第 1 次 等待 3 秒
2021-07-17 00:11:39 CHB 1785887?1626451890 第 1 次 获取到号码【1785887】GSD
2021-07-17 00:11:39 获取到号码【1785887】的GSD为【浙江-宁波】
2021-07-17 00:11:49 GSD insert 第 1 次 等待 3 秒
2021-07-17 00:11:52 {"status":"ok","gid":298171,"msg":"添加成功！"}
2021-07-17 00:11:52 下次操作: 2021-07-17 00:12:12

2021-07-17 00:12:12 开始第 26 次操作

2021-07-17 00:12:12 开始操作号码 【1785886】
2021-07-17 00:12:47 GSD getOne 第 1 次 等待 3 秒
2021-07-17 00:12:50 查询号码 【1785886】，返回信息 {"status":"bad","msg":""}
2021-07-17 00:12:50 查询号码 【1785886】，GSD为【""】
2021-07-17 00:12:50 bad
2021-07-17 00:12:52 CHB 1785886?1626451970 第 1 次 等待 3 秒
2021-07-17 00:12:55 CHB 1785886?1626451970 第 1 次 获取到号码【1785886】GSD
2021-07-17 00:12:55 获取到号码【1785886】的GSD为【浙江-杭州】
2021-07-17 00:13:14 GSD insert 第 1 次 等待 3 秒
2021-07-17 00:13:17 {"status":"ok","gid":298180,"msg":"添加成功！"}
2021-07-17 00:13:17 下次操作: 2021-07-17 00:13:33

2021-07-17 00:13:33 开始第 27 次操作

2021-07-17 00:13:33 开始操作号码 【1785885】
2021-07-17 00:14:45 GSD getOne 第 1 次 等待 3 秒
2021-07-17 00:14:48 查询号码 【1785885】，返回信息 {"status":"bad","msg":""}
2021-07-17 00:14:48 查询号码 【1785885】，GSD为【""】
2021-07-17 00:14:48 bad
2021-07-17 00:14:50 CHB 1785885?1626452088 第 1 次 等待 3 秒
2021-07-17 00:14:53 CHB 1785885?1626452088 第 1 次 获取到号码【1785885】GSD
2021-07-17 00:14:53 获取到号码【1785885】的GSD为【浙江-杭州】
2021-07-17 00:15:21 GSD insert 第 1 次 等待 3 秒
2021-07-17 00:15:24 {"status":"ok","gid":298197,"msg":"添加成功！"}
2021-07-17 00:15:24 下次操作: 2021-07-17 00:15:45

2021-07-17 00:15:45 开始第 28 次操作

2021-07-17 00:15:45 开始操作号码 【1785884】
2021-07-17 00:16:33 GSD getOne 第 1 次 等待 3 秒
2021-07-17 00:16:36 查询号码 【1785884】，返回信息 {"status":"bad","msg":""}
2021-07-17 00:16:36 查询号码 【1785884】，GSD为【""】
2021-07-17 00:16:36 bad
2021-07-17 00:16:38 CHB 1785884?1626452196 第 1 次 等待 3 秒
2021-07-17 00:16:41 CHB 1785884?1626452196 第 1 次 获取到号码【1785884】GSD
2021-07-17 00:16:41 获取到号码【1785884】的GSD为【浙江-杭州】
2021-07-17 00:17:30 GSD insert 第 1 次 等待 3 秒
2021-07-17 00:17:33 {"status":"ok","gid":298209,"msg":"添加成功！"}
2021-07-17 00:17:33 下次操作: 2021-07-17 00:17:53

2021-07-17 00:17:53 开始第 29 次操作

2021-07-17 00:17:53 开始操作号码 【1785883】
2021-07-17 00:18:09 GSD getOne 第 1 次 等待 3 秒
2021-07-17 00:18:12 查询号码 【1785883】，返回信息 {"status":"ok","msg":"浙江-杭州","gid":"31649","time_insert":"2018-07-04 18:22","time_update":"2020-09-02 02:41"}
2021-07-17 00:18:12 查询号码 【1785883】，GSD为【"浙江-杭州"】

2021-07-17 00:18:12 开始第 29 次操作

2021-07-17 00:18:12 开始操作号码 【1785882】
2021-07-17 00:18:31 GSD getOne 第 1 次 等待 3 秒
2021-07-17 00:18:34 查询号码 【1785882】，返回信息 {"status":"ok","msg":"浙江-嘉兴","gid":"31648","time_insert":"2019-11-15 11:24","time_update":"2020-09-02 02:38"}
2021-07-17 00:18:34 查询号码 【1785882】，GSD为【"浙江-嘉兴"】

2021-07-17 00:18:34 开始第 29 次操作

2021-07-17 00:18:34 开始操作号码 【1785881】
2021-07-17 00:18:53 GSD getOne 第 1 次 等待 3 秒
2021-07-17 00:18:56 查询号码 【1785881】，返回信息 {"status":"bad","msg":""}
2021-07-17 00:18:56 查询号码 【1785881】，GSD为【""】
2021-07-17 00:18:56 bad
2021-07-17 00:18:58 CHB 1785881?1626452336 第 1 次 等待 3 秒
2021-07-17 00:19:01 CHB 1785881?1626452336 第 1 次 获取到号码【1785881】GSD
2021-07-17 00:19:01 获取到号码【1785881】的GSD为【浙江-嘉兴】
2021-07-17 00:19:23 GSD insert 第 1 次 等待 3 秒
2021-07-17 00:19:26 {"status":"ok","gid":298231,"msg":"添加成功！"}
2021-07-17 00:19:26 下次操作: 2021-07-17 00:19:40

2021-07-17 00:19:40 开始第 30 次操作

2021-07-17 00:19:40 开始操作号码 【1785880】
2021-07-17 00:19:43 GSD getOne 第 1 次 等待 3 秒
2021-07-17 00:19:46 查询号码 【1785880】，返回信息 {"status":"bad","msg":""}
2021-07-17 00:19:46 查询号码 【1785880】，GSD为【""】
2021-07-17 00:19:46 bad
2021-07-17 00:19:48 CHB 1785880?1626452386 第 1 次 等待 3 秒
2021-07-17 00:19:51 CHB 1785880?1626452386 第 1 次 获取到号码【1785880】GSD
2021-07-17 00:19:51 获取到号码【1785880】的GSD为【浙江-舟山】
2021-07-17 00:20:16 GSD insert 第 1 次 等待 3 秒
2021-07-17 00:20:19 {"status":"ok","gid":298236,"msg":"添加成功！"}
2021-07-17 00:20:19 下次操作: 2021-07-17 00:20:31

2021-07-17 00:20:31 开始第 31 次操作

2021-07-17 00:20:31 开始操作号码 【1785879】
2021-07-17 00:20:35 GSD getOne 第 1 次 等待 3 秒
2021-07-17 00:20:38 查询号码 【1785879】，返回信息 {"status":"bad","msg":""}
2021-07-17 00:20:38 查询号码 【1785879】，GSD为【""】
2021-07-17 00:20:38 bad
2021-07-17 00:20:40 CHB 1785879?1626452438 第 1 次 等待 3 秒
2021-07-17 00:20:43 CHB 1785879?1626452438 第 1 次 获取到号码【1785879】GSD
2021-07-17 00:20:43 获取到号码【1785879】的GSD为【浙江-嘉兴】
2021-07-17 00:21:20 GSD insert 第 1 次 等待 3 秒
2021-07-17 00:21:23 {"status":"ok","gid":298245,"msg":"添加成功！"}
2021-07-17 00:21:23 下次操作: 2021-07-17 00:21:47

2021-07-17 00:21:47 开始第 32 次操作

2021-07-17 00:21:47 开始操作号码 【1785878】
2021-07-17 00:21:50 GSD getOne 第 1 次 等待 3 秒
2021-07-17 00:21:53 查询号码 【1785878】，返回信息 {"status":"ok","msg":"浙江-嘉兴","gid":"31647","time_insert":"2016-07-09 22:45","time_update":"2020-09-02 02:33"}
2021-07-17 00:21:53 查询号码 【1785878】，GSD为【"浙江-嘉兴"】

2021-07-17 00:21:53 开始第 32 次操作

2021-07-17 00:21:53 开始操作号码 【1785877】
2021-07-17 00:22:12 GSD getOne 第 1 次 等待 3 秒
2021-07-17 00:22:15 查询号码 【1785877】，返回信息 {"status":"bad","msg":""}
2021-07-17 00:22:15 查询号码 【1785877】，GSD为【""】
2021-07-17 00:22:15 bad
2021-07-17 00:22:18 CHB 1785877?1626452535 第 1 次 等待 3 秒
2021-07-17 00:22:21 CHB 1785877?1626452535 第 1 次 获取到号码【1785877】GSD
2021-07-17 00:22:21 获取到号码【1785877】的GSD为【浙江-湖州】
2021-07-17 00:22:47 GSD insert 第 1 次 等待 3 秒
2021-07-17 00:22:50 {"status":"ok","gid":298250,"msg":"添加成功！"}
2021-07-17 00:22:50 下次操作: 2021-07-17 00:23:06

2021-07-17 00:23:06 开始第 33 次操作

2021-07-17 00:23:06 开始操作号码 【1785876】
2021-07-17 00:23:10 GSD getOne 第 1 次 等待 3 秒
2021-07-17 00:23:13 查询号码 【1785876】，返回信息 {"status":"bad","msg":""}
2021-07-17 00:23:13 查询号码 【1785876】，GSD为【""】
2021-07-17 00:23:13 bad
2021-07-17 00:23:23 CHB 1785876?1626452593 第 1 次 等待 3 秒
2021-07-17 00:23:26 CHB 1785876?1626452593 第 1 次 获取到号码【1785876】GSD
2021-07-17 00:23:26 获取到号码【1785876】的GSD为【浙江-湖州】
2021-07-17 00:23:32 GSD insert 第 1 次 等待 3 秒
2021-07-17 00:23:35 {"status":"ok","gid":298256,"msg":"添加成功！"}
2021-07-17 00:23:35 下次操作: 2021-07-17 00:23:58

2021-07-17 00:23:58 开始第 34 次操作

2021-07-17 00:23:58 开始操作号码 【1785875】
2021-07-17 00:24:01 GSD getOne 第 1 次 等待 3 秒
2021-07-17 00:24:04 查询号码 【1785875】，返回信息 {"status":"bad","msg":""}
2021-07-17 00:24:04 查询号码 【1785875】，GSD为【""】
2021-07-17 00:24:04 bad
2021-07-17 00:24:11 CHB 1785875?1626452644 第 1 次 等待 3 秒
2021-07-17 00:24:14 CHB 1785875?1626452644 第 1 次 获取到号码【1785875】GSD
2021-07-17 00:24:14 获取到号码【1785875】的GSD为【浙江-湖州】
2021-07-17 00:24:21 GSD insert 第 1 次 等待 3 秒
2021-07-17 00:24:24 {"status":"ok","gid":298268,"msg":"添加成功！"}
2021-07-17 00:24:24 下次操作: 2021-07-17 00:24:40

2021-07-17 00:24:40 开始第 35 次操作

2021-07-17 00:24:40 开始操作号码 【1785874】
2021-07-17 00:24:46 GSD getOne 第 1 次 等待 3 秒
2021-07-17 00:24:49 查询号码 【1785874】，返回信息 {"status":"bad","msg":""}
2021-07-17 00:24:49 查询号码 【1785874】，GSD为【""】
2021-07-17 00:24:49 bad
2021-07-17 00:24:51 CHB 1785874?1626452689 第 1 次 等待 3 秒
2021-07-17 00:24:54 CHB 1785874?1626452689 第 1 次 获取到号码【1785874】GSD
2021-07-17 00:24:54 获取到号码【1785874】的GSD为【浙江-湖州】
2021-07-17 00:25:12 GSD insert 第 1 次 等待 3 秒
2021-07-17 00:25:15 {"status":"ok","gid":298276,"msg":"添加成功！"}
2021-07-17 00:25:15 下次操作: 2021-07-17 00:25:39

2021-07-17 00:25:39 开始第 36 次操作

2021-07-17 00:25:39 开始操作号码 【1785873】
2021-07-17 00:25:44 GSD getOne 第 1 次 等待 3 秒
2021-07-17 00:25:47 查询号码 【1785873】，返回信息 {"status":"ok","msg":"浙江-温州","gid":"49948","time_insert":"2021-04-21 14:40"}
2021-07-17 00:25:47 查询号码 【1785873】，GSD为【"浙江-温州"】

2021-07-17 00:25:47 开始第 36 次操作

2021-07-17 00:25:47 开始操作号码 【1785872】
2021-07-17 00:27:10 GSD getOne 第 1 次 等待 3 秒
2021-07-17 00:27:13 查询号码 【1785872】，返回信息 {"status":"bad","msg":""}
2021-07-17 00:27:13 查询号码 【1785872】，GSD为【""】
2021-07-17 00:27:13 bad
2021-07-17 00:27:19 CHB 1785872?1626452833 第 1 次 等待 3 秒
2021-07-17 00:27:22 CHB 1785872?1626452833 第 1 次 获取到号码【1785872】GSD
2021-07-17 00:27:22 获取到号码【1785872】的GSD为【浙江-温州】
2021-07-17 00:27:39 GSD insert 第 1 次 等待 3 秒
2021-07-17 00:27:42 {"status":"ok","gid":298294,"msg":"添加成功！"}
2021-07-17 00:27:42 下次操作: 2021-07-17 00:27:59

2021-07-17 00:27:59 开始第 37 次操作

2021-07-17 00:27:59 开始操作号码 【1785871】
2021-07-17 00:28:06 GSD getOne 第 1 次 等待 3 秒
2021-07-17 00:28:09 查询号码 【1785871】，返回信息 {"status":"bad","msg":""}
2021-07-17 00:28:09 查询号码 【1785871】，GSD为【""】
2021-07-17 00:28:09 bad
2021-07-17 00:28:16 CHB 1785871?1626452889 第 1 次 等待 3 秒
2021-07-17 00:28:19 CHB 1785871?1626452889 第 1 次 获取到号码【1785871】GSD
2021-07-17 00:28:19 获取到号码【1785871】的GSD为【浙江-温州】
2021-07-17 00:28:27 GSD insert 第 1 次 等待 3 秒
2021-07-17 00:28:30 {"status":"ok","gid":298302,"msg":"添加成功！"}
2021-07-17 00:28:30 下次操作: 2021-07-17 00:28:51

2021-07-17 00:28:51 开始第 38 次操作

2021-07-17 00:28:51 开始操作号码 【1785870】
2021-07-17 00:28:54 GSD getOne 第 1 次 等待 3 秒
2021-07-17 00:28:57 查询号码 【1785870】，返回信息 {"status":"bad","msg":""}
2021-07-17 00:28:57 查询号码 【1785870】，GSD为【""】
2021-07-17 00:28:57 bad
2021-07-17 00:28:59 CHB 1785870?1626452937 第 1 次 等待 3 秒
2021-07-17 00:29:02 CHB 1785870?1626452937 第 1 次 获取到号码【1785870】GSD
2021-07-17 00:29:02 获取到号码【1785870】的GSD为【浙江-温州】
2021-07-17 00:29:21 GSD insert 第 1 次 等待 3 秒
2021-07-17 00:29:24 {"status":"ok","gid":298310,"msg":"添加成功！"}
2021-07-17 00:29:24 下次操作: 2021-07-17 00:29:40

2021-07-17 00:29:40 开始第 39 次操作

2021-07-17 00:29:40 开始操作号码 【1785869】
2021-07-17 00:29:42 GSD getOne 第 1 次 等待 3 秒
2021-07-17 00:29:45 查询号码 【1785869】，返回信息 {"status":"bad","msg":""}
2021-07-17 00:29:46 查询号码 【1785869】，GSD为【""】
2021-07-17 00:29:46 bad
2021-07-17 00:29:47 CHB 1785869?1626452986 第 1 次 等待 3 秒
2021-07-17 00:29:50 CHB 1785869?1626452986 第 1 次 获取到号码【1785869】GSD
2021-07-17 00:29:50 获取到号码【1785869】的GSD为【浙江-台州】
2021-07-17 00:30:11 GSD insert 第 1 次 等待 3 秒
2021-07-17 00:30:14 {"status":"ok","gid":298313,"msg":"添加成功！"}
2021-07-17 00:30:14 下次操作: 2021-07-17 00:30:28

2021-07-17 00:30:28 开始第 40 次操作

2021-07-17 00:30:28 开始操作号码 【1785868】
2021-07-17 00:30:32 GSD getOne 第 1 次 等待 3 秒
2021-07-17 00:30:35 查询号码 【1785868】，返回信息 {"status":"bad","msg":""}
2021-07-17 00:30:35 查询号码 【1785868】，GSD为【""】
2021-07-17 00:30:35 bad
2021-07-17 00:30:37 CHB 1785868?1626453035 第 1 次 等待 3 秒
2021-07-17 00:30:40 CHB 1785868?1626453035 第 1 次 获取到号码【1785868】GSD
2021-07-17 00:30:40 获取到号码【1785868】的GSD为【浙江-台州】
2021-07-17 00:30:54 GSD insert 第 1 次 等待 3 秒
2021-07-17 00:30:57 {"status":"ok","gid":298316,"msg":"添加成功！"}

2021-07-17 01:04:31 开始第 1 次操作

2021-07-17 01:04:31 开始操作号码 【1785867】
2021-07-17 01:04:35 GSD getOne 第 1 次 等待 3 秒
2021-07-17 01:04:38 查询号码 【1785867】，返回信息 {"status":"bad","msg":""}
2021-07-17 01:04:38 查询号码 【1785867】，GSD为【""】
2021-07-17 01:04:38 bad
2021-07-17 01:04:40 CHB 1785867?1626455078 第 1 次 等待 3 秒
2021-07-17 01:04:43 CHB 1785867?1626455078 第 1 次 获取到号码【1785867】GSD
2021-07-17 01:04:43 获取到号码【1785867】的GSD为【浙江-台州】
2021-07-17 01:05:04 GSD insert 第 1 次 等待 3 秒
2021-07-17 01:05:07 {"status":"ok","gid":298399,"msg":"添加成功！"}
2021-07-17 01:05:07 下次操作: 2021-07-17 01:05:23

2021-07-17 01:05:23 开始第 2 次操作

2021-07-17 01:05:23 开始操作号码 【1785866】
2021-07-17 01:05:26 GSD getOne 第 1 次 等待 3 秒
2021-07-17 01:05:29 查询号码 【1785866】，返回信息 {"status":"bad","msg":""}
2021-07-17 01:05:29 查询号码 【1785866】，GSD为【""】
2021-07-17 01:05:29 bad
2021-07-17 01:05:35 CHB 1785866?1626455129 第 1 次 等待 3 秒
2021-07-17 01:05:38 CHB 1785866?1626455129 第 1 次 获取到号码【1785866】GSD
2021-07-17 01:05:38 获取到号码【1785866】的GSD为【浙江-台州】
2021-07-17 01:05:49 GSD insert 第 1 次 等待 3 秒
2021-07-17 01:05:52 {"status":"ok","gid":298409,"msg":"添加成功！"}
2021-07-17 01:05:52 下次操作: 2021-07-17 01:06:07

2021-07-17 01:06:07 开始第 3 次操作

2021-07-17 01:06:07 开始操作号码 【1785865】
2021-07-17 01:06:16 GSD getOne 第 1 次 等待 3 秒
2021-07-17 01:06:19 查询号码 【1785865】，返回信息 {"status":"bad","msg":""}
2021-07-17 01:06:19 查询号码 【1785865】，GSD为【""】
2021-07-17 01:06:19 bad
2021-07-17 01:06:21 CHB 1785865?1626455179 第 1 次 等待 3 秒
2021-07-17 01:06:24 CHB 1785865?1626455179 第 1 次 获取到号码【1785865】GSD
2021-07-17 01:06:24 获取到号码【1785865】的GSD为【浙江-杭州】
2021-07-17 01:06:43 GSD insert 第 1 次 等待 3 秒
2021-07-17 01:06:46 {"status":"ok","gid":298419,"msg":"添加成功！"}
2021-07-17 01:06:46 下次操作: 2021-07-17 01:07:00

2021-07-17 01:07:00 开始第 4 次操作

2021-07-17 01:07:00 开始操作号码 【1785864】
2021-07-17 01:07:09 GSD getOne 第 1 次 等待 3 秒
2021-07-17 01:07:12 查询号码 【1785864】，返回信息 {"status":"ok","msg":"浙江-杭州","gid":"31646","time_insert":"2017-03-29 13:37","time_update":"2020-09-02 02:29"}
2021-07-17 01:07:12 查询号码 【1785864】，GSD为【"浙江-杭州"】

2021-07-17 01:07:12 开始第 4 次操作

2021-07-17 01:07:12 开始操作号码 【1785863】
2021-07-17 01:07:30 GSD getOne 第 1 次 等待 3 秒
2021-07-17 01:07:33 查询号码 【1785863】，返回信息 {"status":"bad","msg":""}
2021-07-17 01:07:34 查询号码 【1785863】，GSD为【""】
2021-07-17 01:07:34 bad
2021-07-17 01:07:35 CHB 1785863?1626455254 第 1 次 等待 3 秒
2021-07-17 01:07:38 CHB 1785863?1626455254 第 1 次 获取到号码【1785863】GSD
2021-07-17 01:07:38 获取到号码【1785863】的GSD为【浙江-杭州】
2021-07-17 01:08:04 GSD insert 第 1 次 等待 3 秒
2021-07-17 01:08:07 {"status":"ok","gid":298434,"msg":"添加成功！"}
2021-07-17 01:08:07 下次操作: 2021-07-17 01:08:28

2021-07-17 01:08:28 开始第 5 次操作

2021-07-17 01:08:28 开始操作号码 【1785862】
2021-07-17 01:08:30 GSD getOne 第 1 次 等待 3 秒
2021-07-17 01:08:33 查询号码 【1785862】，返回信息 {"status":"bad","msg":""}
2021-07-17 01:08:34 查询号码 【1785862】，GSD为【""】
2021-07-17 01:08:34 bad
2021-07-17 01:08:39 CHB 1785862?1626455314 第 1 次 等待 3 秒
2021-07-17 01:08:42 CHB 1785862?1626455314 第 1 次 获取到号码【1785862】GSD
2021-07-17 01:08:42 获取到号码【1785862】的GSD为【浙江-杭州】
2021-07-17 01:08:53 GSD insert 第 1 次 等待 3 秒
2021-07-17 01:08:56 {"status":"ok","gid":298445,"msg":"添加成功！"}
2021-07-17 01:08:56 下次操作: 2021-07-17 01:09:09

2021-07-17 01:09:09 开始第 6 次操作

2021-07-17 01:09:09 开始操作号码 【1785861】
2021-07-17 01:09:18 GSD getOne 第 1 次 等待 3 秒
2021-07-17 01:09:22 查询号码 【1785861】，返回信息 {"status":"ok","msg":"浙江-杭州","gid":"31645","time_insert":"2017-07-20 20:24","time_update":"2020-09-02 02:25"}
2021-07-17 01:09:22 查询号码 【1785861】，GSD为【"浙江-杭州"】

2021-07-17 01:09:22 开始第 6 次操作

2021-07-17 01:09:22 开始操作号码 【1785860】
2021-07-17 01:10:39 GSD getOne 第 1 次 等待 3 秒
2021-07-17 01:10:42 查询号码 【1785860】，返回信息 {"status":"bad","msg":""}
2021-07-17 01:10:42 查询号码 【1785860】，GSD为【""】
2021-07-17 01:10:42 bad
2021-07-17 01:10:44 CHB 1785860?1626455442 第 1 次 等待 3 秒
2021-07-17 01:10:47 CHB 1785860?1626455442 第 1 次 获取到号码【1785860】GSD
2021-07-17 01:10:47 获取到号码【1785860】的GSD为【浙江-杭州】
2021-07-17 01:11:07 GSD insert 第 1 次 等待 3 秒
2021-07-17 01:11:10 {"status":"ok","gid":298472,"msg":"添加成功！"}
2021-07-17 01:11:10 下次操作: 2021-07-17 01:11:23

2021-07-17 01:11:23 开始第 7 次操作

2021-07-17 01:11:23 开始操作号码 【1785859】
2021-07-17 01:11:35 GSD getOne 第 1 次 等待 3 秒
2021-07-17 01:11:38 查询号码 【1785859】，返回信息 {"status":"bad","msg":""}
2021-07-17 01:11:38 查询号码 【1785859】，GSD为【""】
2021-07-17 01:11:38 bad
2021-07-17 01:11:44 CHB 1785859?1626455498 第 1 次 等待 3 秒
2021-07-17 01:11:47 CHB 1785859?1626455498 第 1 次 获取到号码【1785859】GSD
2021-07-17 01:11:47 获取到号码【1785859】的GSD为【浙江-衢州】
2021-07-17 01:11:58 GSD insert 第 1 次 等待 3 秒
2021-07-17 01:12:01 {"status":"ok","gid":298483,"msg":"添加成功！"}
2021-07-17 01:12:01 下次操作: 2021-07-17 01:12:14

2021-07-17 01:12:14 开始第 8 次操作

2021-07-17 01:12:14 开始操作号码 【1785858】
2021-07-17 01:12:40 GSD getOne 第 1 次 等待 3 秒
2021-07-17 01:12:43 查询号码 【1785858】，返回信息 {"status":"bad","msg":""}
2021-07-17 01:12:43 查询号码 【1785858】，GSD为【""】
2021-07-17 01:12:43 bad
2021-07-17 01:12:49 CHB 1785858?1626455563 第 1 次 等待 3 秒
2021-07-17 01:12:52 CHB 1785858?1626455563 第 1 次 获取到号码【1785858】GSD
2021-07-17 01:12:52 获取到号码【1785858】的GSD为【浙江-衢州】
2021-07-17 01:13:15 GSD insert 第 1 次 等待 3 秒
2021-07-17 01:13:18 {"status":"ok","gid":298500,"msg":"添加成功！"}
2021-07-17 01:13:18 下次操作: 2021-07-17 01:13:31

2021-07-17 01:13:31 开始第 9 次操作

2021-07-17 01:13:31 开始操作号码 【1785857】
2021-07-17 01:13:37 GSD getOne 第 1 次 等待 3 秒
2021-07-17 01:13:40 查询号码 【1785857】，返回信息 {"status":"bad","msg":""}
2021-07-17 01:13:40 查询号码 【1785857】，GSD为【""】
2021-07-17 01:13:40 bad
2021-07-17 01:13:46 CHB 1785857?1626455620 第 1 次 等待 3 秒
2021-07-17 01:13:49 CHB 1785857?1626455620 第 1 次 获取到号码【1785857】GSD
2021-07-17 01:13:49 获取到号码【1785857】的GSD为【浙江-衢州】
2021-07-17 01:14:10 GSD insert 第 1 次 等待 3 秒
2021-07-17 01:14:13 {"status":"ok","gid":298513,"msg":"添加成功！"}
2021-07-17 01:14:13 下次操作: 2021-07-17 01:14:33

2021-07-17 01:14:33 开始第 10 次操作

2021-07-17 01:14:33 开始操作号码 【1785856】
2021-07-17 01:15:08 GSD getOne 第 1 次 等待 3 秒
2021-07-17 01:15:11 查询号码 【1785856】，返回信息 {"status":"bad","msg":""}
2021-07-17 01:15:11 查询号码 【1785856】，GSD为【""】
2021-07-17 01:15:11 bad
2021-07-17 01:15:13 CHB 1785856?1626455711 第 1 次 等待 3 秒
2021-07-17 01:15:16 CHB 1785856?1626455711 第 1 次 获取到号码【1785856】GSD
2021-07-17 01:15:16 获取到号码【1785856】的GSD为【浙江-衢州】
2021-07-17 01:15:38 GSD insert 第 1 次 等待 3 秒
2021-07-17 01:15:41 {"status":"ok","gid":298529,"msg":"添加成功！"}
2021-07-17 01:15:41 下次操作: 2021-07-17 01:16:02

2021-07-17 01:16:02 开始第 11 次操作

2021-07-17 01:16:02 开始操作号码 【1785855】
2021-07-17 01:16:05 GSD getOne 第 1 次 等待 3 秒
2021-07-17 01:16:08 查询号码 【1785855】，返回信息 {"status":"bad","msg":""}
2021-07-17 01:16:08 查询号码 【1785855】，GSD为【""】
2021-07-17 01:16:08 bad
2021-07-17 01:16:14 CHB 1785855?1626455768 第 1 次 等待 3 秒
2021-07-17 01:16:17 CHB 1785855?1626455768 第 1 次 获取到号码【1785855】GSD
2021-07-17 01:16:17 获取到号码【1785855】的GSD为【浙江-衢州】
2021-07-17 01:16:35 GSD insert 第 1 次 等待 3 秒
2021-07-17 01:16:38 {"status":"ok","gid":298538,"msg":"添加成功！"}
2021-07-17 01:16:38 下次操作: 2021-07-17 01:16:51

2021-07-17 01:16:51 开始第 12 次操作

2021-07-17 01:16:51 开始操作号码 【1785854】
2021-07-17 01:16:58 GSD getOne 第 1 次 等待 3 秒
2021-07-17 01:17:01 查询号码 【1785854】，返回信息 {"status":"bad","msg":""}
2021-07-17 01:17:01 查询号码 【1785854】，GSD为【""】
2021-07-17 01:17:01 bad
2021-07-17 01:17:07 CHB 1785854?1626455821 第 1 次 等待 3 秒
2021-07-17 01:17:10 CHB 1785854?1626455821 第 1 次 获取到号码【1785854】GSD
2021-07-17 01:17:10 获取到号码【1785854】的GSD为【浙江-绍兴】
2021-07-17 01:17:44 GSD insert 第 1 次 等待 3 秒
2021-07-17 01:17:47 {"status":"ok","gid":298553,"msg":"添加成功！"}
2021-07-17 01:17:47 下次操作: 2021-07-17 01:18:07

2021-07-17 01:18:07 开始第 13 次操作

2021-07-17 01:18:07 开始操作号码 【1785853】
2021-07-17 01:18:12 GSD getOne 第 1 次 等待 3 秒
2021-07-17 01:18:15 查询号码 【1785853】，返回信息 {"status":"bad","msg":""}
2021-07-17 01:18:15 查询号码 【1785853】，GSD为【""】
2021-07-17 01:18:15 bad
2021-07-17 01:18:21 CHB 1785853?1626455895 第 1 次 等待 3 秒
2021-07-17 01:18:24 CHB 1785853?1626455895 第 1 次 获取到号码【1785853】GSD
2021-07-17 01:18:24 获取到号码【1785853】的GSD为【浙江-绍兴】
2021-07-17 01:18:42 GSD insert 第 1 次 等待 3 秒
2021-07-17 01:18:45 {"status":"ok","gid":298567,"msg":"添加成功！"}
2021-07-17 01:18:45 下次操作: 2021-07-17 01:18:58

2021-07-17 01:18:58 开始第 14 次操作

2021-07-17 01:18:58 开始操作号码 【1785852】
2021-07-17 01:19:05 GSD getOne 第 1 次 等待 3 秒
2021-07-17 01:19:08 查询号码 【1785852】，返回信息 {"status":"ok","msg":"浙江-绍兴","gid":"31644","time_insert":"2019-08-15 10:25","time_update":"2020-09-02 02:25"}
2021-07-17 01:19:08 查询号码 【1785852】，GSD为【"浙江-绍兴"】

2021-07-17 01:19:08 开始第 14 次操作

2021-07-17 01:19:08 开始操作号码 【1785851】
2021-07-17 01:20:16 GSD getOne 第 1 次 等待 3 秒
2021-07-17 01:20:19 查询号码 【1785851】，返回信息 {"status":"bad","msg":""}
2021-07-17 01:20:19 查询号码 【1785851】，GSD为【""】
2021-07-17 01:20:19 bad
2021-07-17 01:20:21 CHB 1785851?1626456019 第 1 次 等待 3 秒
2021-07-17 01:20:24 CHB 1785851?1626456019 第 1 次 获取到号码【1785851】GSD
2021-07-17 01:20:24 获取到号码【1785851】的GSD为【浙江-绍兴】
2021-07-17 01:20:44 GSD insert 第 1 次 等待 3 秒
2021-07-17 01:20:47 {"status":"ok","gid":298589,"msg":"添加成功！"}
2021-07-17 01:20:47 下次操作: 2021-07-17 01:21:03

2021-07-17 01:21:03 开始第 15 次操作

2021-07-17 01:21:03 开始操作号码 【1785850】
2021-07-17 01:21:11 GSD getOne 第 1 次 等待 3 秒
2021-07-17 01:21:14 查询号码 【1785850】，返回信息 {"status":"bad","msg":""}
2021-07-17 01:21:14 查询号码 【1785850】，GSD为【""】
2021-07-17 01:21:14 bad
2021-07-17 01:21:20 CHB 1785850?1626456074 第 1 次 等待 3 秒
2021-07-17 01:21:23 CHB 1785850?1626456074 第 1 次 获取到号码【1785850】GSD
2021-07-17 01:21:23 获取到号码【1785850】的GSD为【浙江-绍兴】
2021-07-17 01:21:33 GSD insert 第 1 次 等待 3 秒
2021-07-17 01:21:36 {"status":"ok","gid":298598,"msg":"添加成功！"}
2021-07-17 01:21:36 下次操作: 2021-07-17 01:21:58

2021-07-17 01:21:58 开始第 16 次操作

2021-07-17 01:21:58 开始操作号码 【1785849】
2021-07-17 01:22:02 GSD getOne 第 1 次 等待 3 秒
2021-07-17 01:22:05 查询号码 【1785849】，返回信息 {"status":"bad","msg":""}
2021-07-17 01:22:05 查询号码 【1785849】，GSD为【""】
2021-07-17 01:22:05 bad
2021-07-17 01:22:11 CHB 1785849?1626456125 第 1 次 等待 3 秒
2021-07-17 01:22:14 CHB 1785849?1626456125 第 1 次 获取到号码【1785849】GSD
2021-07-17 01:22:14 获取到号码【1785849】的GSD为【浙江-金华】
2021-07-17 01:22:53 GSD insert 第 1 次 等待 3 秒
2021-07-17 01:22:56 {"status":"ok","gid":298610,"msg":"添加成功！"}
2021-07-17 01:22:56 下次操作: 2021-07-17 01:23:14

2021-07-17 01:23:14 开始第 17 次操作

2021-07-17 01:23:14 开始操作号码 【1785848】
2021-07-17 01:23:18 GSD getOne 第 1 次 等待 3 秒
2021-07-17 01:23:21 查询号码 【1785848】，返回信息 {"status":"bad","msg":""}
2021-07-17 01:23:21 查询号码 【1785848】，GSD为【""】
2021-07-17 01:23:21 bad
2021-07-17 01:23:23 CHB 1785848?1626456201 第 1 次 等待 3 秒
2021-07-17 01:23:26 CHB 1785848?1626456201 第 1 次 获取到号码【1785848】GSD
2021-07-17 01:23:26 获取到号码【1785848】的GSD为【浙江-温州】
2021-07-17 01:23:44 GSD insert 第 1 次 等待 3 秒
2021-07-17 01:23:47 {"status":"ok","gid":298619,"msg":"添加成功！"}
2021-07-17 01:23:47 下次操作: 2021-07-17 01:24:05

2021-07-17 01:24:05 开始第 18 次操作

2021-07-17 01:24:05 开始操作号码 【1785847】
2021-07-17 01:24:10 GSD getOne 第 1 次 等待 3 秒
2021-07-17 01:24:13 查询号码 【1785847】，返回信息 {"status":"bad","msg":""}
2021-07-17 01:24:13 查询号码 【1785847】，GSD为【""】
2021-07-17 01:24:13 bad
2021-07-17 01:24:14 CHB 1785847?1626456253 第 1 次 等待 3 秒
2021-07-17 01:24:17 CHB 1785847?1626456253 第 1 次 获取到号码【1785847】GSD
2021-07-17 01:24:17 获取到号码【1785847】的GSD为【浙江-温州】
2021-07-17 01:24:36 GSD insert 第 1 次 等待 3 秒
2021-07-17 01:24:39 {"status":"ok","gid":298631,"msg":"添加成功！"}
2021-07-17 01:24:39 下次操作: 2021-07-17 01:25:01

2021-07-17 01:25:01 开始第 19 次操作

2021-07-17 01:25:01 开始操作号码 【1785846】
2021-07-17 01:25:09 GSD getOne 第 1 次 等待 3 秒
2021-07-17 01:25:12 查询号码 【1785846】，返回信息 {"status":"bad","msg":""}
2021-07-17 01:25:12 查询号码 【1785846】，GSD为【""】
2021-07-17 01:25:12 bad
2021-07-17 01:25:18 CHB 1785846?1626456312 第 1 次 等待 3 秒
2021-07-17 01:25:21 CHB 1785846?1626456312 第 1 次 获取到号码【1785846】GSD
2021-07-17 01:25:21 获取到号码【1785846】的GSD为【浙江-台州】
2021-07-17 01:25:34 GSD insert 第 1 次 等待 3 秒
2021-07-17 01:25:37 {"status":"ok","gid":298641,"msg":"添加成功！"}
2021-07-17 01:25:37 下次操作: 2021-07-17 01:26:00

2021-07-17 01:26:00 开始第 20 次操作

2021-07-17 01:26:00 开始操作号码 【1785845】
2021-07-17 01:26:11 GSD getOne 第 1 次 等待 3 秒
2021-07-17 01:26:14 查询号码 【1785845】，返回信息 {"status":"bad","msg":""}
2021-07-17 01:26:14 查询号码 【1785845】，GSD为【""】
2021-07-17 01:26:14 bad
2021-07-17 01:26:25 CHB 1785845?1626456374 第 1 次 等待 3 秒
2021-07-17 01:26:28 CHB 1785845?1626456374 第 1 次 获取到号码【1785845】GSD
2021-07-17 01:26:28 获取到号码【1785845】的GSD为【浙江-绍兴】
2021-07-17 01:27:05 GSD insert 第 1 次 等待 3 秒
2021-07-17 01:27:08 {"status":"ok","gid":298648,"msg":"添加成功！"}
2021-07-17 01:27:08 下次操作: 2021-07-17 01:27:29

2021-07-17 01:27:29 开始第 21 次操作

2021-07-17 01:27:29 开始操作号码 【1785844】
2021-07-17 01:27:33 GSD getOne 第 1 次 等待 3 秒
2021-07-17 01:27:36 查询号码 【1785844】，返回信息 {"status":"bad","msg":""}
2021-07-17 01:27:36 查询号码 【1785844】，GSD为【""】
2021-07-17 01:27:36 bad
2021-07-17 01:27:38 CHB 1785844?1626456456 第 1 次 等待 3 秒
2021-07-17 01:27:41 CHB 1785844?1626456456 第 1 次 获取到号码【1785844】GSD
2021-07-17 01:27:41 获取到号码【1785844】的GSD为【浙江-宁波】
2021-07-17 01:28:53 GSD insert 第 1 次 等待 3 秒
2021-07-17 01:28:56 {"status":"ok","gid":298669,"msg":"添加成功！"}
2021-07-17 01:28:56 下次操作: 2021-07-17 01:29:14

2021-07-17 01:29:14 开始第 22 次操作

2021-07-17 01:29:14 开始操作号码 【1785843】
2021-07-17 01:29:19 GSD getOne 第 1 次 等待 3 秒
2021-07-17 01:29:22 查询号码 【1785843】，返回信息 {"status":"bad","msg":""}
2021-07-17 01:29:22 查询号码 【1785843】，GSD为【""】
2021-07-17 01:29:22 bad
2021-07-17 01:29:28 CHB 1785843?1626456562 第 1 次 等待 3 秒
2021-07-17 01:29:31 CHB 1785843?1626456562 第 1 次 获取到号码【1785843】GSD
2021-07-17 01:29:31 获取到号码【1785843】的GSD为【浙江-嘉兴】
2021-07-17 01:29:42 GSD insert 第 1 次 等待 3 秒
2021-07-17 01:29:45 {"status":"ok","gid":298680,"msg":"添加成功！"}
2021-07-17 01:29:45 下次操作: 2021-07-17 01:30:00

2021-07-17 01:30:00 开始第 23 次操作

2021-07-17 01:30:00 开始操作号码 【1785842】
2021-07-17 01:30:02 GSD getOne 第 1 次 等待 3 秒
2021-07-17 01:30:05 查询号码 【1785842】，返回信息 {"status":"bad","msg":""}
2021-07-17 01:30:06 查询号码 【1785842】，GSD为【""】
2021-07-17 01:30:06 bad
2021-07-17 01:30:07 CHB 1785842?1626456606 第 1 次 等待 3 秒
2021-07-17 01:30:10 CHB 1785842?1626456606 第 1 次 获取到号码【1785842】GSD
2021-07-17 01:30:10 获取到号码【1785842】的GSD为【浙江-杭州】
2021-07-17 01:30:29 GSD insert 第 1 次 等待 3 秒
2021-07-17 01:30:32 {"status":"ok","gid":298688,"msg":"添加成功！"}
2021-07-17 01:30:32 下次操作: 2021-07-17 01:30:55

2021-07-17 01:30:55 开始第 24 次操作

2021-07-17 01:30:55 开始操作号码 【1785841】
2021-07-17 01:30:59 GSD getOne 第 1 次 等待 3 秒
2021-07-17 01:31:02 查询号码 【1785841】，返回信息 {"status":"bad","msg":""}
2021-07-17 01:31:02 查询号码 【1785841】，GSD为【""】
2021-07-17 01:31:02 bad
2021-07-17 01:31:04 CHB 1785841?1626456662 第 1 次 等待 3 秒
2021-07-17 01:31:07 CHB 1785841?1626456662 第 1 次 获取到号码【1785841】GSD
2021-07-17 01:31:07 获取到号码【1785841】的GSD为【浙江-杭州】
2021-07-17 01:31:47 GSD insert 第 1 次 等待 3 秒
2021-07-17 01:31:50 {"status":"ok","gid":298700,"msg":"添加成功！"}
2021-07-17 01:31:50 下次操作: 2021-07-17 01:32:06

2021-07-17 01:32:06 开始第 25 次操作

2021-07-17 01:32:06 开始操作号码 【1785840】
2021-07-17 01:32:12 GSD getOne 第 1 次 等待 3 秒
2021-07-17 01:32:15 查询号码 【1785840】，返回信息 {"status":"bad","msg":""}
2021-07-17 01:32:15 查询号码 【1785840】，GSD为【""】
2021-07-17 01:32:15 bad
2021-07-17 01:32:20 CHB 1785840?1626456735 第 1 次 等待 3 秒
2021-07-17 01:32:23 CHB 1785840?1626456735 第 1 次 获取到号码【1785840】GSD
2021-07-17 01:32:23 获取到号码【1785840】的GSD为【浙江-杭州】
2021-07-17 01:32:34 GSD insert 第 1 次 等待 3 秒
2021-07-17 01:32:37 {"status":"ok","gid":298709,"msg":"添加成功！"}
2021-07-17 01:32:37 下次操作: 2021-07-17 01:32:59

2021-07-17 01:32:59 开始第 26 次操作

2021-07-17 01:32:59 开始操作号码 【1785839】
2021-07-17 01:33:03 GSD getOne 第 1 次 等待 3 秒
2021-07-17 01:33:06 查询号码 【1785839】，返回信息 {"status":"bad","msg":""}
2021-07-17 01:33:06 查询号码 【1785839】，GSD为【""】
2021-07-17 01:33:06 bad
2021-07-17 01:33:07 CHB 1785839?1626456786 第 1 次 等待 3 秒
2021-07-17 01:33:10 CHB 1785839?1626456786 第 1 次 获取到号码【1785839】GSD
2021-07-17 01:33:11 获取到号码【1785839】的GSD为【浙江-湖州】
2021-07-17 01:33:52 GSD insert 第 1 次 等待 3 秒
2021-07-17 01:33:55 {"status":"ok","gid":298717,"msg":"添加成功！"}
2021-07-17 01:33:55 下次操作: 2021-07-17 01:34:10

2021-07-17 01:34:10 开始第 27 次操作

2021-07-17 01:34:10 开始操作号码 【1785838】
2021-07-17 01:34:18 GSD getOne 第 1 次 等待 3 秒
2021-07-17 01:34:21 查询号码 【1785838】，返回信息 {"status":"bad","msg":""}
2021-07-17 01:34:21 查询号码 【1785838】，GSD为【""】
2021-07-17 01:34:21 bad
2021-07-17 01:34:26 CHB 1785838?1626456861 第 1 次 等待 3 秒
2021-07-17 01:34:29 CHB 1785838?1626456861 第 1 次 获取到号码【1785838】GSD
2021-07-17 01:34:29 获取到号码【1785838】的GSD为【浙江-湖州】
2021-07-17 01:34:43 GSD insert 第 1 次 等待 3 秒
2021-07-17 01:34:46 {"status":"ok","gid":298722,"msg":"添加成功！"}
2021-07-17 01:34:46 下次操作: 2021-07-17 01:35:08

2021-07-17 01:35:08 开始第 28 次操作

2021-07-17 01:35:08 开始操作号码 【1785837】
2021-07-17 01:35:14 GSD getOne 第 1 次 等待 3 秒
2021-07-17 01:35:17 查询号码 【1785837】，返回信息 {"status":"bad","msg":""}
2021-07-17 01:35:17 查询号码 【1785837】，GSD为【""】
2021-07-17 01:35:17 bad
2021-07-17 01:35:22 CHB 1785837?1626456917 第 1 次 等待 3 秒
2021-07-17 01:35:25 CHB 1785837?1626456917 第 1 次 获取到号码【1785837】GSD
2021-07-17 01:35:26 获取到号码【1785837】的GSD为【浙江-湖州】
2021-07-17 01:35:37 GSD insert 第 1 次 等待 3 秒
2021-07-17 01:35:40 {"status":"ok","gid":298727,"msg":"添加成功！"}
2021-07-17 01:35:40 下次操作: 2021-07-17 01:36:01

2021-07-17 01:36:01 开始第 29 次操作

2021-07-17 01:36:01 开始操作号码 【1785836】
2021-07-17 01:36:06 GSD getOne 第 1 次 等待 3 秒
2021-07-17 01:36:09 查询号码 【1785836】，返回信息 {"status":"bad","msg":""}
2021-07-17 01:36:09 查询号码 【1785836】，GSD为【""】
2021-07-17 01:36:09 bad
2021-07-17 01:36:14 CHB 1785836?1626456969 第 1 次 等待 3 秒
2021-07-17 01:36:17 CHB 1785836?1626456969 第 1 次 获取到号码【1785836】GSD
2021-07-17 01:36:18 获取到号码【1785836】的GSD为【浙江-湖州】
2021-07-17 01:36:28 GSD insert 第 1 次 等待 3 秒
2021-07-17 01:36:31 {"status":"ok","gid":298733,"msg":"添加成功！"}
2021-07-17 01:36:31 下次操作: 2021-07-17 01:36:47

2021-07-17 01:36:47 开始第 30 次操作

2021-07-17 01:36:47 开始操作号码 【1785835】
2021-07-17 01:36:52 GSD getOne 第 1 次 等待 3 秒
2021-07-17 01:36:55 查询号码 【1785835】，返回信息 {"status":"ok","msg":"浙江-嘉兴","gid":"31643","time_insert":"2017-08-01 00:11","time_update":"2020-09-02 02:20"}
2021-07-17 01:36:55 查询号码 【1785835】，GSD为【"浙江-嘉兴"】

2021-07-17 01:36:55 开始第 30 次操作

2021-07-17 01:36:55 开始操作号码 【1785834】
2021-07-17 01:37:16 GSD getOne 第 1 次 等待 3 秒
2021-07-17 01:37:19 查询号码 【1785834】，返回信息 {"status":"bad","msg":""}
2021-07-17 01:37:19 查询号码 【1785834】，GSD为【""】
2021-07-17 01:37:19 bad
2021-07-17 01:37:25 CHB 1785834?1626457039 第 1 次 等待 3 秒
2021-07-17 01:37:28 CHB 1785834?1626457039 第 1 次 获取到号码【1785834】GSD
2021-07-17 01:37:28 获取到号码【1785834】的GSD为【浙江-嘉兴】
2021-07-17 01:37:39 GSD insert 第 1 次 等待 3 秒
2021-07-17 01:37:42 {"status":"ok","gid":298738,"msg":"添加成功！"}
2021-07-17 01:37:42 下次操作: 2021-07-17 01:38:03

2021-07-17 01:38:03 开始第 31 次操作

2021-07-17 01:38:03 开始操作号码 【1785833】
2021-07-17 01:38:06 GSD getOne 第 1 次 等待 3 秒
2021-07-17 01:38:09 查询号码 【1785833】，返回信息 {"status":"bad","msg":""}
2021-07-17 01:38:09 查询号码 【1785833】，GSD为【""】
2021-07-17 01:38:09 bad
2021-07-17 01:38:11 CHB 1785833?1626457089 第 1 次 等待 3 秒
2021-07-17 01:38:14 CHB 1785833?1626457089 第 1 次 获取到号码【1785833】GSD
2021-07-17 01:38:14 获取到号码【1785833】的GSD为【浙江-嘉兴】
2021-07-17 01:38:48 GSD insert 第 1 次 等待 3 秒
2021-07-17 01:38:51 {"status":"ok","gid":298743,"msg":"添加成功！"}
2021-07-17 01:38:51 下次操作: 2021-07-17 01:39:08

2021-07-17 01:39:08 开始第 32 次操作

2021-07-17 01:39:08 开始操作号码 【1785832】
2021-07-17 01:39:15 GSD getOne 第 1 次 等待 3 秒
2021-07-17 01:39:18 查询号码 【1785832】，返回信息 {"status":"ok","msg":"浙江-嘉兴","gid":"31642","time_insert":"2017-08-26 19:35","time_update":"2020-09-02 02:16"}
2021-07-17 01:39:18 查询号码 【1785832】，GSD为【"浙江-嘉兴"】

2021-07-17 01:39:18 开始第 32 次操作

2021-07-17 01:39:18 开始操作号码 【1785831】
2021-07-17 01:40:25 GSD getOne 第 1 次 等待 3 秒
2021-07-17 01:40:28 查询号码 【1785831】，返回信息 {"status":"bad","msg":""}
2021-07-17 01:40:28 查询号码 【1785831】，GSD为【""】
2021-07-17 01:40:28 bad
2021-07-17 01:40:30 CHB 1785831?1626457228 第 1 次 等待 3 秒
2021-07-17 01:40:33 CHB 1785831?1626457228 第 1 次 获取到号码【1785831】GSD
2021-07-17 01:40:33 获取到号码【1785831】的GSD为【浙江-嘉兴】
2021-07-17 01:41:41 GSD insert 第 1 次 等待 3 秒
2021-07-17 01:41:44 {"status":"ok","gid":298749,"msg":"添加成功！"}
2021-07-17 01:41:44 下次操作: 2021-07-17 01:41:57

2021-07-17 01:41:57 开始第 33 次操作

2021-07-17 01:41:57 开始操作号码 【1785830】
2021-07-17 01:42:03 GSD getOne 第 1 次 等待 3 秒
2021-07-17 01:42:06 查询号码 【1785830】，返回信息 {"status":"bad","msg":""}
2021-07-17 01:42:06 查询号码 【1785830】，GSD为【""】
2021-07-17 01:42:06 bad
2021-07-17 01:42:08 CHB 1785830?1626457326 第 1 次 等待 3 秒
2021-07-17 01:42:11 CHB 1785830?1626457326 第 1 次 获取到号码【1785830】GSD
2021-07-17 01:42:11 获取到号码【1785830】的GSD为【浙江-嘉兴】
2021-07-17 01:43:20 GSD insert 第 1 次 等待 3 秒
2021-07-17 01:43:23 {"status":"ok","gid":298757,"msg":"添加成功！"}
2021-07-17 01:43:23 下次操作: 2021-07-17 01:43:41

2021-07-17 01:43:41 开始第 34 次操作

2021-07-17 01:43:41 开始操作号码 【1785829】
2021-07-17 01:43:45 GSD getOne 第 1 次 等待 3 秒
2021-07-17 01:43:48 查询号码 【1785829】，返回信息 {"status":"ok","msg":"浙江-舟山","gid":"31641","time_insert":"2017-09-23 17:30","time_update":"2020-09-02 02:12"}
2021-07-17 01:43:48 查询号码 【1785829】，GSD为【"浙江-舟山"】

2021-07-17 01:43:48 开始第 34 次操作

2021-07-17 01:43:49 开始操作号码 【1785828】
2021-07-17 01:44:25 GSD getOne 第 1 次 等待 3 秒
2021-07-17 01:44:28 查询号码 【1785828】，返回信息 {"status":"ok","msg":"浙江-台州","gid":"31640","time_insert":"2017-07-22 22:14","time_update":"2020-09-02 02:08"}
2021-07-17 01:44:28 查询号码 【1785828】，GSD为【"浙江-台州"】

2021-07-17 01:44:28 开始第 34 次操作

2021-07-17 01:44:28 开始操作号码 【1785827】
2021-07-17 01:44:48 GSD getOne 第 1 次 等待 3 秒
2021-07-17 01:44:51 查询号码 【1785827】，返回信息 {"status":"bad","msg":""}
2021-07-17 01:44:51 查询号码 【1785827】，GSD为【""】
2021-07-17 01:44:51 bad
2021-07-17 01:44:52 CHB 1785827?1626457491 第 1 次 等待 3 秒
2021-07-17 01:44:55 CHB 1785827?1626457491 第 1 次 获取到号码【1785827】GSD
2021-07-17 01:44:55 获取到号码【1785827】的GSD为【浙江-台州】
2021-07-17 01:45:17 GSD insert 第 1 次 等待 3 秒
2021-07-17 01:45:20 {"status":"ok","gid":298768,"msg":"添加成功！"}
2021-07-17 01:45:20 下次操作: 2021-07-17 01:45:36

2021-07-17 01:45:36 开始第 35 次操作

2021-07-17 01:45:36 开始操作号码 【1785826】
2021-07-17 01:45:43 GSD getOne 第 1 次 等待 3 秒
2021-07-17 01:45:46 查询号码 【1785826】，返回信息 {"status":"bad","msg":""}
2021-07-17 01:45:46 查询号码 【1785826】，GSD为【""】
2021-07-17 01:45:46 bad
2021-07-17 01:45:48 CHB 1785826?1626457546 第 1 次 等待 3 秒
2021-07-17 01:45:51 CHB 1785826?1626457546 第 1 次 获取到号码【1785826】GSD
2021-07-17 01:45:51 获取到号码【1785826】的GSD为【浙江-台州】
2021-07-17 01:46:17 GSD insert 第 1 次 等待 3 秒
2021-07-17 01:46:20 {"status":"ok","gid":298776,"msg":"添加成功！"}
2021-07-17 01:46:20 下次操作: 2021-07-17 01:46:37

2021-07-17 01:46:37 开始第 36 次操作

2021-07-17 01:46:37 开始操作号码 【1785825】
2021-07-17 01:46:40 GSD getOne 第 1 次 等待 3 秒
2021-07-17 01:46:43 查询号码 【1785825】，返回信息 {"status":"bad","msg":""}
2021-07-17 01:46:44 查询号码 【1785825】，GSD为【""】
2021-07-17 01:46:44 bad
2021-07-17 01:46:49 CHB 1785825?1626457604 第 1 次 等待 3 秒
2021-07-17 01:46:52 CHB 1785825?1626457604 第 1 次 获取到号码【1785825】GSD
2021-07-17 01:46:52 获取到号码【1785825】的GSD为【浙江-台州】
2021-07-17 01:47:04 GSD insert 第 1 次 等待 3 秒
2021-07-17 01:47:07 {"status":"ok","gid":298784,"msg":"添加成功！"}
2021-07-17 01:47:07 下次操作: 2021-07-17 01:47:29

2021-07-17 01:47:29 开始第 37 次操作

2021-07-17 01:47:29 开始操作号码 【1785824】
2021-07-17 01:47:35 GSD getOne 第 1 次 等待 3 秒
2021-07-17 01:47:38 查询号码 【1785824】，返回信息 {"status":"bad","msg":""}
2021-07-17 01:47:39 查询号码 【1785824】，GSD为【""】
2021-07-17 01:47:39 bad
2021-07-17 01:47:40 CHB 1785824?1626457659 第 1 次 等待 3 秒
2021-07-17 01:47:43 CHB 1785824?1626457659 第 1 次 获取到号码【1785824】GSD
2021-07-17 01:47:43 获取到号码【1785824】的GSD为【浙江-台州】
2021-07-17 01:48:01 GSD insert 第 1 次 等待 3 秒
2021-07-17 01:48:04 {"status":"ok","gid":298790,"msg":"添加成功！"}
2021-07-17 01:48:04 下次操作: 2021-07-17 01:48:18

2021-07-17 01:48:18 开始第 38 次操作

2021-07-17 01:48:18 开始操作号码 【1785823】
2021-07-17 01:48:30 GSD getOne 第 1 次 等待 3 秒
2021-07-17 01:48:33 查询号码 【1785823】，返回信息 {"status":"ok","msg":"浙江-衢州","gid":"31639","time_insert":"2017-04-18 03:14","time_update":"2020-09-02 02:05"}
2021-07-17 01:48:33 查询号码 【1785823】，GSD为【"浙江-衢州"】

2021-07-17 01:48:33 开始第 38 次操作

2021-07-17 01:48:33 开始操作号码 【1785822】
2021-07-17 01:48:53 GSD getOne 第 1 次 等待 3 秒
2021-07-17 01:48:56 查询号码 【1785822】，返回信息 {"status":"bad","msg":""}
2021-07-17 01:48:56 查询号码 【1785822】，GSD为【""】
2021-07-17 01:48:56 bad
2021-07-17 01:49:02 CHB 1785822?1626457736 第 1 次 等待 3 秒
2021-07-17 01:49:05 CHB 1785822?1626457736 第 1 次 获取到号码【1785822】GSD
2021-07-17 01:49:05 获取到号码【1785822】的GSD为【浙江-衢州】
2021-07-17 01:49:15 GSD insert 第 1 次 等待 3 秒
2021-07-17 01:49:18 {"status":"ok","gid":298798,"msg":"添加成功！"}
2021-07-17 01:49:18 下次操作: 2021-07-17 01:49:38

2021-07-17 01:49:38 开始第 39 次操作

2021-07-17 01:49:38 开始操作号码 【1785821】
2021-07-17 01:49:41 GSD getOne 第 1 次 等待 3 秒
2021-07-17 01:49:44 查询号码 【1785821】，返回信息 {"status":"ok","msg":"浙江-衢州","gid":"31638","time_insert":"2017-11-15 18:39","time_update":"2020-09-02 02:00"}
2021-07-17 01:49:44 查询号码 【1785821】，GSD为【"浙江-衢州"】

2021-07-17 01:49:44 开始第 39 次操作

2021-07-17 01:49:44 开始操作号码 【1785820】
2021-07-17 01:50:03 GSD getOne 第 1 次 等待 3 秒
2021-07-17 01:50:06 查询号码 【1785820】，返回信息 {"status":"bad","msg":""}
2021-07-17 01:50:06 查询号码 【1785820】，GSD为【""】
2021-07-17 01:50:06 bad
2021-07-17 01:50:11 CHB 1785820?1626457806 第 1 次 等待 3 秒
2021-07-17 01:50:14 CHB 1785820?1626457806 第 1 次 获取到号码【1785820】GSD
2021-07-17 01:50:14 获取到号码【1785820】的GSD为【浙江-衢州】
2021-07-17 01:50:24 GSD insert 第 1 次 等待 3 秒
2021-07-17 01:50:27 {"status":"ok","gid":298811,"msg":"添加成功！"}
2021-07-17 01:50:27 下次操作: 2021-07-17 01:50:51

2021-07-17 01:50:51 开始第 40 次操作

2021-07-17 01:50:51 开始操作号码 【1785819】
2021-07-17 01:50:54 GSD getOne 第 1 次 等待 3 秒
2021-07-17 01:50:57 查询号码 【1785819】，返回信息 {"status":"bad","msg":""}
2021-07-17 01:50:57 查询号码 【1785819】，GSD为【""】
2021-07-17 01:50:57 bad
2021-07-17 01:51:03 CHB 1785819?1626457857 第 1 次 等待 3 秒
2021-07-17 01:51:06 CHB 1785819?1626457857 第 1 次 获取到号码【1785819】GSD
2021-07-17 01:51:07 获取到号码【1785819】的GSD为【浙江-丽水】
2021-07-17 01:51:25 GSD insert 第 1 次 等待 3 秒
2021-07-17 01:51:28 {"status":"ok","gid":298821,"msg":"添加成功！"}

