2024-07-01 00:14:20 开始第 3665 次操作

2024-07-01 00:14:20 开始操作号码 【1533547】
2024-07-01 00:14:34 GSD getOne 第 1 次 等待 3 秒
2024-07-01 00:14:37 查询号码 【1533547】，返回信息 {"status":"ok","msg":"山东-济宁","gid":"331352","time_insert":"2021-07-20 00:56"}
2024-07-01 00:14:37 查询号码 【1533547】，GSD为【"山东-济宁"】

2024-07-01 00:14:38 开始第 3666 次操作

2024-07-01 00:14:38 开始操作号码 【1533548】
2024-07-01 00:14:53 GSD getOne 第 1 次 等待 3 秒
2024-07-01 00:14:56 查询号码 【1533548】，返回信息 {"status":"ok","msg":"山东-泰安","gid":"331518","time_insert":"2021-07-20 01:14"}
2024-07-01 00:14:56 查询号码 【1533548】，GSD为【"山东-泰安"】

2024-07-01 00:14:57 开始第 3667 次操作

2024-07-01 00:14:57 开始操作号码 【1533549】
2024-07-01 00:15:11 GSD getOne 第 1 次 等待 3 秒
2024-07-01 00:15:14 查询号码 【1533549】，返回信息 {"status":"ok","msg":"山东-临沂","gid":"331719","time_insert":"2021-07-20 01:31"}
2024-07-01 00:15:14 查询号码 【1533549】，GSD为【"山东-临沂"】

2024-07-01 00:15:15 开始第 3668 次操作

2024-07-01 00:15:15 开始操作号码 【1533550】
2024-07-01 00:15:28 GSD getOne 第 1 次 等待 3 秒
2024-07-01 00:15:31 查询号码 【1533550】，返回信息 {"status":"ok","msg":"内蒙古-包头","gid":"331840","time_insert":"2021-07-20 01:49"}
2024-07-01 00:15:31 查询号码 【1533550】，GSD为【"内蒙古-包头"】

