2024-11-17 00:26:37 开始第 5141 次操作

2024-11-17 00:26:37 开始操作号码 【1325140】
2024-11-17 00:26:38 GSD getOne 第 1 次 等待 3 秒
2024-11-17 00:26:41 查询号码 【1325140】，返回信息 {"status":"ok","msg":"重庆-重庆","gid":"2333","time_insert":"2020-04-20 08:34","time_update":"2021-01-03 17:47"}
2024-11-17 00:26:42 查询号码 【1325140】，GSD为【"重庆-重庆"】

2024-11-17 00:26:43 开始第 5142 次操作

2024-11-17 00:26:43 开始操作号码 【1325141】
2024-11-17 00:26:43 GSD getOne 第 1 次 等待 3 秒
2024-11-17 00:26:46 查询号码 【1325141】，返回信息 {"status":"ok","msg":"重庆-重庆","gid":"252135","time_insert":"2021-07-12 00:57"}
2024-11-17 00:26:47 查询号码 【1325141】，GSD为【"重庆-重庆"】

2024-11-17 00:26:48 开始第 5143 次操作

2024-11-17 00:26:48 开始操作号码 【1325142】
2024-11-17 00:26:50 GSD getOne 第 1 次 等待 3 秒
2024-11-17 00:26:53 查询号码 【1325142】，返回信息 {"status":"ok","msg":"重庆-重庆","gid":"252133","time_insert":"2021-07-12 00:57"}
2024-11-17 00:26:53 查询号码 【1325142】，GSD为【"重庆-重庆"】

2024-11-17 00:26:54 开始第 5144 次操作

2024-11-17 00:26:54 开始操作号码 【1325143】
2024-11-17 00:26:55 GSD getOne 第 1 次 等待 3 秒
2024-11-17 00:26:58 查询号码 【1325143】，返回信息 {"status":"ok","msg":"重庆-重庆","gid":"252131","time_insert":"2021-07-12 00:56"}
2024-11-17 00:26:58 查询号码 【1325143】，GSD为【"重庆-重庆"】

