2024-04-21 00:12:56 开始第 4801 次操作

2024-04-21 00:12:56 开始操作号码 【1644695】
2024-04-21 00:14:21 GSD getOne 第 1 次 等待 3 秒
2024-04-21 00:14:24 查询号码 【1644695】，返回信息 {"status":"ok","msg":"-","gid":"616319","time_insert":"2023-03-26 18:51"}
2024-04-21 00:14:24 查询号码 【1644695】，GSD为【"-"】
2024-04-21 00:14:24 ok && -
2024-04-21 00:14:27 CHB 1644695?1713629664 第 1 次 等待 3 秒
2024-04-21 00:14:30 CHB 1644695?1713629664 第 1 次 获取到号码【1644695】GSD
2024-04-21 00:14:30 未获取到号码【1644695】GSD，可能号码格式错误
2024-04-21 00:14:30 获取到号码【1644695】的GSD为【-】
2024-04-21 00:14:38 GSD insert 第 1 次 等待 3 秒
2024-04-21 00:14:41 {"status":"bad","gid":"616319","msg":"添加失败！号码【1644695(-|-)】已存在！"}
2024-04-21 00:14:41 随机等待 233 秒，约 3 分钟
2024-04-21 00:14:41 下次操作: 2024-04-21 00:18:34

2024-04-21 00:18:34 开始第 4802 次操作

2024-04-21 00:18:34 开始操作号码 【1644696】
2024-04-21 00:18:50 GSD getOne 第 1 次 等待 3 秒
2024-04-21 00:18:53 查询号码 【1644696】，返回信息 {"status":"ok","msg":"-","gid":"616332","time_insert":"2023-03-26 19:00"}
2024-04-21 00:18:53 查询号码 【1644696】，GSD为【"-"】
2024-04-21 00:18:53 ok && -
2024-04-21 00:18:55 CHB 1644696?1713629933 第 1 次 等待 3 秒
2024-04-21 00:18:58 CHB 1644696?1713629933 第 1 次 获取到号码【1644696】GSD
2024-04-21 00:18:59 未获取到号码【1644696】GSD，可能号码格式错误
2024-04-21 00:18:59 获取到号码【1644696】的GSD为【-】
2024-04-21 00:19:17 GSD insert 第 1 次 等待 3 秒
2024-04-21 00:19:20 {"status":"bad","gid":"616332","msg":"添加失败！号码【1644696(-|-)】已存在！"}
2024-04-21 00:19:20 随机等待 180 秒，约 3 分钟
2024-04-21 00:19:20 下次操作: 2024-04-21 00:22:20

2024-04-21 00:22:20 开始第 4803 次操作

2024-04-21 00:22:20 开始操作号码 【1644697】
2024-04-21 00:22:30 GSD getOne 第 1 次 等待 3 秒
2024-04-21 00:22:33 查询号码 【1644697】，返回信息 {"status":"ok","msg":"-","gid":"616351","time_insert":"2023-03-26 19:12"}
2024-04-21 00:22:33 查询号码 【1644697】，GSD为【"-"】
2024-04-21 00:22:33 ok && -
2024-04-21 00:22:35 CHB 1644697?1713630153 第 1 次 等待 3 秒
2024-04-21 00:22:38 CHB 1644697?1713630153 第 1 次 获取到号码【1644697】GSD
2024-04-21 00:22:38 未获取到号码【1644697】GSD，可能号码格式错误
2024-04-21 00:22:38 获取到号码【1644697】的GSD为【-】
2024-04-21 00:22:46 GSD insert 第 1 次 等待 3 秒
2024-04-21 00:22:49 {"status":"bad","gid":"616351","msg":"添加失败！号码【1644697(-|-)】已存在！"}
2024-04-21 00:22:49 随机等待 176 秒，约 2 分钟
2024-04-21 00:22:49 下次操作: 2024-04-21 00:25:45

2024-04-21 00:25:45 开始第 4804 次操作

2024-04-21 00:25:45 开始操作号码 【1644698】
2024-04-21 00:26:50 GSD getOne 第 1 次 等待 3 秒
2024-04-21 00:26:53 查询号码 【1644698】，返回信息 {"status":"ok","msg":"-","gid":"616380","time_insert":"2023-03-26 19:28"}
2024-04-21 00:26:53 查询号码 【1644698】，GSD为【"-"】
2024-04-21 00:26:53 ok && -
2024-04-21 00:26:55 CHB 1644698?1713630413 第 1 次 等待 3 秒
2024-04-21 00:26:58 CHB 1644698?1713630413 第 1 次 获取到号码【1644698】GSD
2024-04-21 00:26:58 未获取到号码【1644698】GSD，可能号码格式错误
2024-04-21 00:26:58 获取到号码【1644698】的GSD为【-】
2024-04-21 00:27:06 GSD insert 第 1 次 等待 3 秒
2024-04-21 00:27:09 {"status":"bad","gid":"616380","msg":"添加失败！号码【1644698(-|-)】已存在！"}

