2024-03-06 00:12:32 开始第 7477 次操作

2024-03-06 00:12:32 开始操作号码 【1757370】
2024-03-06 00:12:36 GSD getOne 第 1 次 等待 3 秒
2024-03-06 00:12:39 查询号码 【1757370】，返回信息 {"status":"ok","msg":"湖南-益阳","gid":"216364","time_insert":"2021-07-07 18:56"}
2024-03-06 00:12:39 查询号码 【1757370】，GSD为【"湖南-益阳"】

2024-03-06 00:12:40 开始第 7478 次操作

2024-03-06 00:12:40 开始操作号码 【1757371】
2024-03-06 00:12:45 GSD getOne 第 1 次 等待 3 秒
2024-03-06 00:12:48 查询号码 【1757371】，返回信息 {"status":"ok","msg":"湖南-益阳","gid":"216366","time_insert":"2021-07-07 18:57"}
2024-03-06 00:12:48 查询号码 【1757371】，GSD为【"湖南-益阳"】

2024-03-06 00:12:49 开始第 7479 次操作

2024-03-06 00:12:49 开始操作号码 【1757372】
2024-03-06 00:12:54 GSD getOne 第 1 次 等待 3 秒
2024-03-06 00:12:57 查询号码 【1757372】，返回信息 {"status":"ok","msg":"湖南-益阳","gid":"216369","time_insert":"2021-07-07 18:57"}
2024-03-06 00:12:57 查询号码 【1757372】，GSD为【"湖南-益阳"】

2024-03-06 00:12:58 开始第 7480 次操作

2024-03-06 00:12:58 开始操作号码 【1757373】
2024-03-06 00:13:03 GSD getOne 第 1 次 等待 3 秒
2024-03-06 00:13:06 查询号码 【1757373】，返回信息 {"status":"ok","msg":"湖南-益阳","gid":"216370","time_insert":"2021-07-07 18:58"}
2024-03-06 00:13:06 查询号码 【1757373】，GSD为【"湖南-益阳"】

2024-03-06 00:35:29 开始第 7481 次操作

2024-03-06 00:35:29 开始操作号码 【1757374】
2024-03-06 00:35:33 GSD getOne 第 1 次 等待 3 秒
2024-03-06 00:35:36 查询号码 【1757374】，返回信息 {"status":"ok","msg":"湖南-益阳","gid":"216373","time_insert":"2021-07-07 18:58"}
2024-03-06 00:35:36 查询号码 【1757374】，GSD为【"湖南-益阳"】

2024-03-06 00:35:37 开始第 7482 次操作

2024-03-06 00:35:37 开始操作号码 【1757375】
2024-03-06 00:35:41 GSD getOne 第 1 次 等待 3 秒
2024-03-06 00:35:44 查询号码 【1757375】，返回信息 {"status":"ok","msg":"湖南-益阳","gid":"216561","time_insert":"2021-07-07 19:38"}
2024-03-06 00:35:44 查询号码 【1757375】，GSD为【"湖南-益阳"】

2024-03-06 00:35:45 开始第 7483 次操作

2024-03-06 00:35:45 开始操作号码 【1757376】
2024-03-06 00:35:50 GSD getOne 第 1 次 等待 3 秒
2024-03-06 00:35:53 查询号码 【1757376】，返回信息 {"status":"ok","msg":"湖南-益阳","gid":"216569","time_insert":"2021-07-07 19:38"}
2024-03-06 00:35:53 查询号码 【1757376】，GSD为【"湖南-益阳"】

2024-03-06 00:35:54 开始第 7484 次操作

2024-03-06 00:35:54 开始操作号码 【1757377】
2024-03-06 00:35:58 GSD getOne 第 1 次 等待 3 秒
2024-03-06 00:36:01 查询号码 【1757377】，返回信息 {"status":"ok","msg":"湖南-益阳","gid":"216577","time_insert":"2021-07-07 19:39"}
2024-03-06 00:36:01 查询号码 【1757377】，GSD为【"湖南-益阳"】

