2024-09-13 00:16:25 开始第 4321 次操作

2024-09-13 00:16:25 开始操作号码 【1424320】
2024-09-13 00:16:33 GSD getOne 第 1 次 等待 3 秒
2024-09-13 00:16:36 查询号码 【1424320】，返回信息 {"status":"ok","msg":"-","gid":"605791","time_insert":"2023-03-21 22:00"}
2024-09-13 00:16:37 查询号码 【1424320】，GSD为【"-"】
2024-09-13 00:16:37 ok && -
2024-09-13 00:16:40 CHB 1424320?1726157797 第 1 次 等待 3 秒
2024-09-13 00:16:43 CHB 1424320?1726157797 第 1 次 获取到号码【1424320】GSD
2024-09-13 00:16:43 未获取到号码【1424320】GSD，可能号码格式错误
2024-09-13 00:16:43 获取到号码【1424320】的GSD为【-】
2024-09-13 00:16:51 GSD insert 第 1 次 等待 3 秒
2024-09-13 00:16:54 {"status":"bad","gid":"605791","msg":"添加失败！号码【1424320(-|-)】已存在！"}
2024-09-13 00:16:54 随机等待 112 秒，约 1 分钟
2024-09-13 00:16:54 下次操作: 2024-09-13 00:18:46

2024-09-13 00:18:46 开始第 4322 次操作

2024-09-13 00:18:46 开始操作号码 【1424321】
2024-09-13 00:18:54 GSD getOne 第 1 次 等待 3 秒
2024-09-13 00:18:57 查询号码 【1424321】，返回信息 {"status":"ok","msg":"-","gid":"605825","time_insert":"2023-03-21 22:22"}
2024-09-13 00:18:57 查询号码 【1424321】，GSD为【"-"】
2024-09-13 00:18:57 ok && -
2024-09-13 00:18:59 CHB 1424321?1726157937 第 1 次 等待 3 秒
2024-09-13 00:19:02 CHB 1424321?1726157937 第 1 次 获取到号码【1424321】GSD
2024-09-13 00:19:02 未获取到号码【1424321】GSD，可能号码格式错误
2024-09-13 00:19:02 获取到号码【1424321】的GSD为【-】
2024-09-13 00:19:10 GSD insert 第 1 次 等待 3 秒
2024-09-13 00:19:13 {"status":"bad","gid":"605825","msg":"添加失败！号码【1424321(-|-)】已存在！"}
2024-09-13 00:19:13 随机等待 137 秒，约 2 分钟
2024-09-13 00:19:13 下次操作: 2024-09-13 00:21:30

2024-09-13 00:21:30 开始第 4323 次操作

2024-09-13 00:21:30 开始操作号码 【1424322】
2024-09-13 00:21:37 GSD getOne 第 1 次 等待 3 秒
2024-09-13 00:21:40 查询号码 【1424322】，返回信息 {"status":"ok","msg":"-","gid":"605846","time_insert":"2023-03-21 22:35"}
2024-09-13 00:21:40 查询号码 【1424322】，GSD为【"-"】
2024-09-13 00:21:40 ok && -
2024-09-13 00:21:42 CHB 1424322?1726158100 第 1 次 等待 3 秒
2024-09-13 00:21:45 CHB 1424322?1726158100 第 1 次 获取到号码【1424322】GSD
2024-09-13 00:21:45 未获取到号码【1424322】GSD，可能号码格式错误
2024-09-13 00:21:45 获取到号码【1424322】的GSD为【-】
2024-09-13 00:21:54 GSD insert 第 1 次 等待 3 秒
2024-09-13 00:21:57 {"status":"bad","gid":"605846","msg":"添加失败！号码【1424322(-|-)】已存在！"}
2024-09-13 00:21:57 随机等待 81 秒，约 1 分钟
2024-09-13 00:21:57 下次操作: 2024-09-13 00:23:18

2024-09-13 00:23:18 开始第 4324 次操作

2024-09-13 00:23:18 开始操作号码 【1424323】
2024-09-13 00:23:29 GSD getOne 第 1 次 等待 3 秒
2024-09-13 00:23:32 查询号码 【1424323】，返回信息 {"status":"ok","msg":"-","gid":"605873","time_insert":"2023-03-21 22:52"}
2024-09-13 00:23:32 查询号码 【1424323】，GSD为【"-"】
2024-09-13 00:23:32 ok && -
2024-09-13 00:23:34 CHB 1424323?1726158212 第 1 次 等待 3 秒
2024-09-13 00:23:37 CHB 1424323?1726158212 第 1 次 获取到号码【1424323】GSD
2024-09-13 00:23:37 未获取到号码【1424323】GSD，可能号码格式错误
2024-09-13 00:23:37 获取到号码【1424323】的GSD为【-】
2024-09-13 00:23:44 GSD insert 第 1 次 等待 3 秒
2024-09-13 00:23:47 {"status":"bad","gid":"605873","msg":"添加失败！号码【1424323(-|-)】已存在！"}

