2023-10-02 00:12:08 开始第 1037 次操作

2023-10-02 00:12:08 开始操作号码 【1961036】
2023-10-02 00:12:12 GSD getOne 第 1 次 等待 3 秒
2023-10-02 00:12:15 查询号码 【1961036】，返回信息 {"status":"ok","msg":"-","gid":"541338","time_insert":"2023-02-19 23:33"}
2023-10-02 00:12:15 查询号码 【1961036】，GSD为【"-"】
2023-10-02 00:12:15 ok && -
2023-10-02 00:12:18 CHB 1961036?1696176735 第 1 次 等待 3 秒
2023-10-02 00:12:21 CHB 1961036?1696176735 第 1 次 获取到号码【1961036】GSD
2023-10-02 00:12:21 未获取到号码【1961036】GSD，可能号码格式错误
2023-10-02 00:12:21 获取到号码【1961036】的GSD为【-】
2023-10-02 00:12:27 GSD insert 第 1 次 等待 3 秒
2023-10-02 00:12:30 {"status":"bad","gid":"541338","msg":"添加失败！号码【1961036(-|-)】已存在！"}
2023-10-02 00:12:30 随机等待 164 秒，约 2 分钟
2023-10-02 00:12:30 下次操作: 2023-10-02 00:15:14

2023-10-02 00:15:14 开始第 1038 次操作

2023-10-02 00:15:14 开始操作号码 【1961037】
2023-10-02 00:15:25 GSD getOne 第 1 次 等待 3 秒
2023-10-02 00:15:28 查询号码 【1961037】，返回信息 {"status":"ok","msg":"-","gid":"541340","time_insert":"2023-02-19 23:35"}
2023-10-02 00:15:28 查询号码 【1961037】，GSD为【"-"】
2023-10-02 00:15:28 ok && -
2023-10-02 00:15:31 CHB 1961037?1696176928 第 1 次 等待 3 秒
2023-10-02 00:15:34 CHB 1961037?1696176928 第 1 次 获取到号码【1961037】GSD
2023-10-02 00:15:34 未获取到号码【1961037】GSD，可能号码格式错误
2023-10-02 00:15:34 获取到号码【1961037】的GSD为【-】
2023-10-02 00:15:37 GSD insert 第 1 次 等待 3 秒
2023-10-02 00:15:40 {"status":"bad","gid":"541340","msg":"添加失败！号码【1961037(-|-)】已存在！"}
2023-10-02 00:15:40 随机等待 88 秒，约 1 分钟
2023-10-02 00:15:40 下次操作: 2023-10-02 00:17:08

2023-10-02 00:17:09 开始第 1039 次操作

2023-10-02 00:17:09 开始操作号码 【1961038】
2023-10-02 00:17:33 GSD getOne 第 1 次 等待 3 秒
2023-10-02 00:17:36 查询号码 【1961038】，返回信息 {"status":"ok","msg":"-","gid":"541342","time_insert":"2023-02-19 23:37"}
2023-10-02 00:17:36 查询号码 【1961038】，GSD为【"-"】
2023-10-02 00:17:36 ok && -
2023-10-02 00:17:37 CHB 1961038?1696177056 第 1 次 等待 3 秒
2023-10-02 00:17:40 CHB 1961038?1696177056 第 1 次 获取到号码【1961038】GSD
2023-10-02 00:17:40 未获取到号码【1961038】GSD，可能号码格式错误
2023-10-02 00:17:40 获取到号码【1961038】的GSD为【-】
2023-10-02 00:17:43 GSD insert 第 1 次 等待 3 秒
2023-10-02 00:17:46 {"status":"bad","gid":"541342","msg":"添加失败！号码【1961038(-|-)】已存在！"}
2023-10-02 00:17:46 随机等待 165 秒，约 2 分钟
2023-10-02 00:17:46 下次操作: 2023-10-02 00:20:31

2023-10-02 00:20:31 开始第 1040 次操作

2023-10-02 00:20:31 开始操作号码 【1961039】
2023-10-02 00:20:55 GSD getOne 第 1 次 等待 3 秒
2023-10-02 00:20:58 查询号码 【1961039】，返回信息 {"status":"ok","msg":"-","gid":"541348","time_insert":"2023-02-19 23:40"}
2023-10-02 00:20:58 查询号码 【1961039】，GSD为【"-"】
2023-10-02 00:20:58 ok && -
2023-10-02 00:20:59 CHB 1961039?1696177258 第 1 次 等待 3 秒
2023-10-02 00:21:02 CHB 1961039?1696177258 第 1 次 获取到号码【1961039】GSD
2023-10-02 00:21:02 未获取到号码【1961039】GSD，可能号码格式错误
2023-10-02 00:21:02 获取到号码【1961039】的GSD为【-】
2023-10-02 00:21:07 GSD insert 第 1 次 等待 3 秒
2023-10-02 00:21:10 {"status":"bad","gid":"541348","msg":"添加失败！号码【1961039(-|-)】已存在！"}

