2023-10-18 00:13:27 开始第 3769 次操作

2023-10-18 00:13:28 开始操作号码 【1963673】
2023-10-18 00:13:30 GSD getOne 第 1 次 等待 3 秒
2023-10-18 00:13:33 查询号码 【1963673】，返回信息 {"status":"ok","msg":"-","gid":"557714","time_insert":"2023-02-27 03:00"}
2023-10-18 00:13:33 查询号码 【1963673】，GSD为【"-"】
2023-10-18 00:13:33 ok && -
2023-10-18 00:13:35 CHB 1963673?1697559213 第 1 次 等待 3 秒
2023-10-18 00:13:38 CHB 1963673?1697559213 第 1 次 获取到号码【1963673】GSD
2023-10-18 00:13:38 未获取到号码【1963673】GSD，可能号码格式错误
2023-10-18 00:13:38 获取到号码【1963673】的GSD为【-】
2023-10-18 00:13:41 GSD insert 第 1 次 等待 3 秒
2023-10-18 00:13:44 {"status":"bad","gid":"557714","msg":"添加失败！号码【1963673(-|-)】已存在！"}
2023-10-18 00:13:44 随机等待 124 秒，约 2 分钟
2023-10-18 00:13:44 下次操作: 2023-10-18 00:15:48

2023-10-18 00:15:48 开始第 3770 次操作

2023-10-18 00:15:48 开始操作号码 【1963674】
2023-10-18 00:15:50 GSD getOne 第 1 次 等待 3 秒
2023-10-18 00:15:53 查询号码 【1963674】，返回信息 {"status":"ok","msg":"-","gid":"557721","time_insert":"2023-02-27 03:07"}
2023-10-18 00:15:53 查询号码 【1963674】，GSD为【"-"】
2023-10-18 00:15:53 ok && -
2023-10-18 00:15:55 CHB 1963674?1697559353 第 1 次 等待 3 秒
2023-10-18 00:15:58 CHB 1963674?1697559353 第 1 次 获取到号码【1963674】GSD
2023-10-18 00:15:58 未获取到号码【1963674】GSD，可能号码格式错误
2023-10-18 00:15:58 获取到号码【1963674】的GSD为【-】
2023-10-18 00:16:02 GSD insert 第 1 次 等待 3 秒
2023-10-18 00:16:05 {"status":"bad","gid":"557721","msg":"添加失败！号码【1963674(-|-)】已存在！"}
2023-10-18 00:16:05 随机等待 193 秒，约 3 分钟
2023-10-18 00:16:05 下次操作: 2023-10-18 00:19:18

2023-10-18 00:19:18 开始第 3771 次操作

2023-10-18 00:19:18 开始操作号码 【1963675】
2023-10-18 00:19:21 GSD getOne 第 1 次 等待 3 秒
2023-10-18 00:19:24 查询号码 【1963675】，返回信息 {"status":"ok","msg":"-","gid":"557727","time_insert":"2023-02-27 03:10"}
2023-10-18 00:19:24 查询号码 【1963675】，GSD为【"-"】
2023-10-18 00:19:24 ok && -
2023-10-18 00:19:29 CHB 1963675?1697559564 第 1 次 等待 3 秒
2023-10-18 00:19:32 CHB 1963675?1697559564 第 1 次 获取到号码【1963675】GSD
2023-10-18 00:19:32 未获取到号码【1963675】GSD，可能号码格式错误
2023-10-18 00:19:32 获取到号码【1963675】的GSD为【-】
2023-10-18 00:19:37 GSD insert 第 1 次 等待 3 秒
2023-10-18 00:19:40 {"status":"bad","gid":"557727","msg":"添加失败！号码【1963675(-|-)】已存在！"}
2023-10-18 00:19:40 随机等待 79 秒，约 1 分钟
2023-10-18 00:19:40 下次操作: 2023-10-18 00:20:59

2023-10-18 00:20:59 开始第 3772 次操作

2023-10-18 00:20:59 开始操作号码 【1963676】
2023-10-18 00:21:02 GSD getOne 第 1 次 等待 3 秒
2023-10-18 00:21:05 查询号码 【1963676】，返回信息 {"status":"ok","msg":"-","gid":"557731","time_insert":"2023-02-27 03:12"}
2023-10-18 00:21:05 查询号码 【1963676】，GSD为【"-"】
2023-10-18 00:21:05 ok && -
2023-10-18 00:21:06 CHB 1963676?1697559665 第 1 次 等待 3 秒
2023-10-18 00:21:09 CHB 1963676?1697559665 第 1 次 获取到号码【1963676】GSD
2023-10-18 00:21:10 未获取到号码【1963676】GSD，可能号码格式错误
2023-10-18 00:21:10 获取到号码【1963676】的GSD为【-】
2023-10-18 00:21:23 GSD insert 第 1 次 等待 3 秒
2023-10-18 00:21:26 {"status":"bad","gid":"557731","msg":"添加失败！号码【1963676(-|-)】已存在！"}

2023-10-18 00:38:07 开始第 3773 次操作

2023-10-18 00:38:07 开始操作号码 【1963677】
2023-10-18 00:38:09 GSD getOne 第 1 次 等待 3 秒
2023-10-18 00:38:12 查询号码 【1963677】，返回信息 {"status":"ok","msg":"-","gid":"557735","time_insert":"2023-02-27 03:14"}
2023-10-18 00:38:12 查询号码 【1963677】，GSD为【"-"】
2023-10-18 00:38:12 ok && -
2023-10-18 00:38:14 CHB 1963677?1697560692 第 1 次 等待 3 秒
2023-10-18 00:38:17 CHB 1963677?1697560692 第 1 次 获取到号码【1963677】GSD
2023-10-18 00:38:17 未获取到号码【1963677】GSD，可能号码格式错误
2023-10-18 00:38:17 获取到号码【1963677】的GSD为【-】
2023-10-18 00:38:24 GSD insert 第 1 次 等待 3 秒
2023-10-18 00:38:27 {"status":"bad","gid":"557735","msg":"添加失败！号码【1963677(-|-)】已存在！"}
2023-10-18 00:38:27 随机等待 155 秒，约 2 分钟
2023-10-18 00:38:27 下次操作: 2023-10-18 00:41:02

2023-10-18 00:41:02 开始第 3774 次操作

2023-10-18 00:41:02 开始操作号码 【1963678】
2023-10-18 00:41:04 GSD getOne 第 1 次 等待 3 秒
2023-10-18 00:41:07 查询号码 【1963678】，返回信息 {"status":"ok","msg":"-","gid":"557741","time_insert":"2023-02-27 03:18"}
2023-10-18 00:41:08 查询号码 【1963678】，GSD为【"-"】
2023-10-18 00:41:08 ok && -
2023-10-18 00:41:09 CHB 1963678?1697560868 第 1 次 等待 3 秒
2023-10-18 00:41:12 CHB 1963678?1697560868 第 1 次 获取到号码【1963678】GSD
2023-10-18 00:41:12 未获取到号码【1963678】GSD，可能号码格式错误
2023-10-18 00:41:12 获取到号码【1963678】的GSD为【-】
2023-10-18 00:41:15 GSD insert 第 1 次 等待 3 秒
2023-10-18 00:41:18 {"status":"bad","gid":"557741","msg":"添加失败！号码【1963678(-|-)】已存在！"}
2023-10-18 00:41:18 随机等待 216 秒，约 3 分钟
2023-10-18 00:41:18 下次操作: 2023-10-18 00:44:54

2023-10-18 00:44:54 开始第 3775 次操作

2023-10-18 00:44:54 开始操作号码 【1963679】
2023-10-18 00:44:57 GSD getOne 第 1 次 等待 3 秒
2023-10-18 00:45:00 查询号码 【1963679】，返回信息 {"status":"ok","msg":"-","gid":"557744","time_insert":"2023-02-27 03:20"}
2023-10-18 00:45:00 查询号码 【1963679】，GSD为【"-"】
2023-10-18 00:45:00 ok && -
2023-10-18 00:45:02 CHB 1963679?1697561100 第 1 次 等待 3 秒
2023-10-18 00:45:05 CHB 1963679?1697561100 第 1 次 获取到号码【1963679】GSD
2023-10-18 00:45:05 未获取到号码【1963679】GSD，可能号码格式错误
2023-10-18 00:45:05 获取到号码【1963679】的GSD为【-】
2023-10-18 00:45:08 GSD insert 第 1 次 等待 3 秒
2023-10-18 00:45:11 {"status":"bad","gid":"557744","msg":"添加失败！号码【1963679(-|-)】已存在！"}
2023-10-18 00:45:11 随机等待 203 秒，约 3 分钟
2023-10-18 00:45:11 下次操作: 2023-10-18 00:48:34

2023-10-18 00:48:34 开始第 3776 次操作

2023-10-18 00:48:34 开始操作号码 【1963680】
2023-10-18 00:48:41 GSD getOne 第 1 次 等待 3 秒
2023-10-18 00:48:44 查询号码 【1963680】，返回信息 {"status":"ok","msg":"-","gid":"557750","time_insert":"2023-02-27 03:23"}
2023-10-18 00:48:44 查询号码 【1963680】，GSD为【"-"】
2023-10-18 00:48:44 ok && -
2023-10-18 00:48:46 CHB 1963680?1697561324 第 1 次 等待 3 秒
2023-10-18 00:48:49 CHB 1963680?1697561324 第 1 次 获取到号码【1963680】GSD
2023-10-18 00:48:49 未获取到号码【1963680】GSD，可能号码格式错误
2023-10-18 00:48:49 获取到号码【1963680】的GSD为【-】
2023-10-18 00:48:52 GSD insert 第 1 次 等待 3 秒
2023-10-18 00:48:55 {"status":"bad","gid":"557750","msg":"添加失败！号码【1963680(-|-)】已存在！"}

2023-10-18 01:09:33 开始第 3777 次操作

2023-10-18 01:09:33 开始操作号码 【1963681】
2023-10-18 01:09:36 GSD getOne 第 1 次 等待 3 秒
2023-10-18 01:09:39 查询号码 【1963681】，返回信息 {"status":"ok","msg":"-","gid":"557756","time_insert":"2023-02-27 03:26"}
2023-10-18 01:09:39 查询号码 【1963681】，GSD为【"-"】
2023-10-18 01:09:39 ok && -
2023-10-18 01:09:42 CHB 1963681?1697562579 第 1 次 等待 3 秒
2023-10-18 01:09:45 CHB 1963681?1697562579 第 1 次 获取到号码【1963681】GSD
2023-10-18 01:09:45 未获取到号码【1963681】GSD，可能号码格式错误
2023-10-18 01:09:45 获取到号码【1963681】的GSD为【-】
2023-10-18 01:09:50 GSD insert 第 1 次 等待 3 秒
2023-10-18 01:09:53 {"status":"bad","gid":"557756","msg":"添加失败！号码【1963681(-|-)】已存在！"}
2023-10-18 01:09:53 随机等待 155 秒，约 2 分钟
2023-10-18 01:09:53 下次操作: 2023-10-18 01:12:28

2023-10-18 01:12:28 开始第 3778 次操作

2023-10-18 01:12:28 开始操作号码 【1963682】
2023-10-18 01:12:32 GSD getOne 第 1 次 等待 3 秒
2023-10-18 01:12:35 查询号码 【1963682】，返回信息 {"status":"ok","msg":"-","gid":"557765","time_insert":"2023-02-27 03:34"}
2023-10-18 01:12:35 查询号码 【1963682】，GSD为【"-"】
2023-10-18 01:12:35 ok && -
2023-10-18 01:12:41 CHB 1963682?1697562755 第 1 次 等待 3 秒
2023-10-18 01:12:44 CHB 1963682?1697562755 第 1 次 获取到号码【1963682】GSD
2023-10-18 01:12:44 未获取到号码【1963682】GSD，可能号码格式错误
2023-10-18 01:12:44 获取到号码【1963682】的GSD为【-】
2023-10-18 01:12:47 GSD insert 第 1 次 等待 3 秒
2023-10-18 01:12:50 {"status":"bad","gid":"557765","msg":"添加失败！号码【1963682(-|-)】已存在！"}
2023-10-18 01:12:50 随机等待 166 秒，约 2 分钟
2023-10-18 01:12:50 下次操作: 2023-10-18 01:15:36

2023-10-18 01:15:36 开始第 3779 次操作

2023-10-18 01:15:36 开始操作号码 【1963683】
2023-10-18 01:15:41 GSD getOne 第 1 次 等待 3 秒
2023-10-18 01:15:44 查询号码 【1963683】，返回信息 {"status":"ok","msg":"-","gid":"557771","time_insert":"2023-02-27 03:36"}
2023-10-18 01:15:44 查询号码 【1963683】，GSD为【"-"】
2023-10-18 01:15:44 ok && -
2023-10-18 01:15:47 CHB 1963683?1697562944 第 1 次 等待 3 秒
2023-10-18 01:15:50 CHB 1963683?1697562944 第 1 次 获取到号码【1963683】GSD
2023-10-18 01:15:50 未获取到号码【1963683】GSD，可能号码格式错误
2023-10-18 01:15:50 获取到号码【1963683】的GSD为【-】
2023-10-18 01:15:53 GSD insert 第 1 次 等待 3 秒
2023-10-18 01:15:56 {"status":"bad","gid":"557771","msg":"添加失败！号码【1963683(-|-)】已存在！"}
2023-10-18 01:15:56 随机等待 175 秒，约 2 分钟
2023-10-18 01:15:56 下次操作: 2023-10-18 01:18:51

2023-10-18 01:18:51 开始第 3780 次操作

2023-10-18 01:18:51 开始操作号码 【1963684】
2023-10-18 01:18:54 GSD getOne 第 1 次 等待 3 秒
2023-10-18 01:18:57 查询号码 【1963684】，返回信息 {"status":"ok","msg":"-","gid":"557773","time_insert":"2023-02-27 03:38"}
2023-10-18 01:18:57 查询号码 【1963684】，GSD为【"-"】
2023-10-18 01:18:57 ok && -
2023-10-18 01:19:03 CHB 1963684?1697563137 第 1 次 等待 3 秒
2023-10-18 01:19:06 CHB 1963684?1697563137 第 1 次 获取到号码【1963684】GSD
2023-10-18 01:19:06 未获取到号码【1963684】GSD，可能号码格式错误
2023-10-18 01:19:06 获取到号码【1963684】的GSD为【-】
2023-10-18 01:19:10 GSD insert 第 1 次 等待 3 秒
2023-10-18 01:19:13 {"status":"bad","gid":"557773","msg":"添加失败！号码【1963684(-|-)】已存在！"}

