2024-03-29 00:12:52 开始第 741 次操作

2024-03-29 00:12:52 开始操作号码 【1640635】
2024-03-29 00:12:58 GSD getOne 第 1 次 等待 3 秒
2024-03-29 00:13:01 查询号码 【1640635】，返回信息 {"status":"ok","msg":"-","gid":"528220","time_insert":"2023-02-13 01:44"}
2024-03-29 00:13:01 查询号码 【1640635】，GSD为【"-"】
2024-03-29 00:13:01 ok && -
2024-03-29 00:13:03 CHB 1640635?1711642381 第 1 次 等待 3 秒
2024-03-29 00:13:06 CHB 1640635?1711642381 第 1 次 获取到号码【1640635】GSD
2024-03-29 00:13:07 未获取到号码【1640635】GSD，可能号码格式错误
2024-03-29 00:13:07 获取到号码【1640635】的GSD为【-】
2024-03-29 00:13:11 GSD insert 第 1 次 等待 3 秒
2024-03-29 00:13:14 {"status":"bad","gid":"528220","msg":"添加失败！号码【1640635(-|-)】已存在！"}
2024-03-29 00:13:14 随机等待 220 秒，约 3 分钟
2024-03-29 00:13:14 下次操作: 2024-03-29 00:16:54

2024-03-29 00:16:54 开始第 742 次操作

2024-03-29 00:16:54 开始操作号码 【1640636】
2024-03-29 00:17:00 GSD getOne 第 1 次 等待 3 秒
2024-03-29 00:17:03 查询号码 【1640636】，返回信息 {"status":"ok","msg":"-","gid":"528231","time_insert":"2023-02-13 01:54"}
2024-03-29 00:17:03 查询号码 【1640636】，GSD为【"-"】
2024-03-29 00:17:03 ok && -
2024-03-29 00:17:06 CHB 1640636?1711642623 第 1 次 等待 3 秒
2024-03-29 00:17:09 CHB 1640636?1711642623 第 1 次 获取到号码【1640636】GSD
2024-03-29 00:17:09 未获取到号码【1640636】GSD，可能号码格式错误
2024-03-29 00:17:09 获取到号码【1640636】的GSD为【-】
2024-03-29 00:17:14 GSD insert 第 1 次 等待 3 秒
2024-03-29 00:17:17 {"status":"bad","gid":"528231","msg":"添加失败！号码【1640636(-|-)】已存在！"}
2024-03-29 00:17:17 随机等待 99 秒，约 1 分钟
2024-03-29 00:17:17 下次操作: 2024-03-29 00:18:56

2024-03-29 00:18:56 开始第 743 次操作

2024-03-29 00:18:56 开始操作号码 【1640637】
2024-03-29 00:19:01 GSD getOne 第 1 次 等待 3 秒
2024-03-29 00:19:04 查询号码 【1640637】，返回信息 {"status":"ok","msg":"-","gid":"528243","time_insert":"2023-02-13 02:06"}
2024-03-29 00:19:04 查询号码 【1640637】，GSD为【"-"】
2024-03-29 00:19:04 ok && -
2024-03-29 00:19:07 CHB 1640637?1711642744 第 1 次 等待 3 秒
2024-03-29 00:19:10 CHB 1640637?1711642744 第 1 次 获取到号码【1640637】GSD
2024-03-29 00:19:10 未获取到号码【1640637】GSD，可能号码格式错误
2024-03-29 00:19:10 获取到号码【1640637】的GSD为【-】
2024-03-29 00:19:16 GSD insert 第 1 次 等待 3 秒
2024-03-29 00:19:19 {"status":"bad","gid":"528243","msg":"添加失败！号码【1640637(-|-)】已存在！"}
2024-03-29 00:19:19 随机等待 143 秒，约 2 分钟
2024-03-29 00:19:19 下次操作: 2024-03-29 00:21:42

2024-03-29 00:21:42 开始第 744 次操作

2024-03-29 00:21:42 开始操作号码 【1640638】
2024-03-29 00:21:47 GSD getOne 第 1 次 等待 3 秒
2024-03-29 00:21:50 查询号码 【1640638】，返回信息 {"status":"ok","msg":"-","gid":"528255","time_insert":"2023-02-13 02:19"}
2024-03-29 00:21:50 查询号码 【1640638】，GSD为【"-"】
2024-03-29 00:21:50 ok && -
2024-03-29 00:21:53 CHB 1640638?1711642910 第 1 次 等待 3 秒
2024-03-29 00:21:56 CHB 1640638?1711642910 第 1 次 获取到号码【1640638】GSD
2024-03-29 00:21:56 未获取到号码【1640638】GSD，可能号码格式错误
2024-03-29 00:21:56 获取到号码【1640638】的GSD为【-】
2024-03-29 00:22:01 GSD insert 第 1 次 等待 3 秒
2024-03-29 00:22:04 {"status":"bad","gid":"528255","msg":"添加失败！号码【1640638(-|-)】已存在！"}

