2024-11-04 00:24:18 开始第 2933 次操作

2024-11-04 00:24:18 开始操作号码 【1322932】
2024-11-04 00:24:20 GSD getOne 第 1 次 等待 3 秒
2024-11-04 00:24:23 查询号码 【1322932】，返回信息 {"status":"ok","msg":"河北-唐山","gid":"100528","time_insert":"2021-06-17 00:34"}
2024-11-04 00:24:23 查询号码 【1322932】，GSD为【"河北-唐山"】

2024-11-04 00:24:24 开始第 2934 次操作

2024-11-04 00:24:24 开始操作号码 【1322933】
2024-11-04 00:24:25 GSD getOne 第 1 次 等待 3 秒
2024-11-04 00:24:28 查询号码 【1322933】，返回信息 {"status":"ok","msg":"广东-广州","gid":"100561","time_insert":"2021-06-17 00:59"}
2024-11-04 00:24:28 查询号码 【1322933】，GSD为【"广东-广州"】

2024-11-04 00:24:29 开始第 2935 次操作

2024-11-04 00:24:29 开始操作号码 【1322934】
2024-11-04 00:24:30 GSD getOne 第 1 次 等待 3 秒
2024-11-04 00:24:33 查询号码 【1322934】，返回信息 {"status":"ok","msg":"广东-广州","gid":"100587","time_insert":"2021-06-17 01:20"}
2024-11-04 00:24:33 查询号码 【1322934】，GSD为【"广东-广州"】

2024-11-04 00:24:34 开始第 2936 次操作

2024-11-04 00:24:34 开始操作号码 【1322935】
2024-11-04 00:24:35 GSD getOne 第 1 次 等待 3 秒
2024-11-04 00:24:38 查询号码 【1322935】，返回信息 {"status":"ok","msg":"河北-唐山","gid":"100613","time_insert":"2021-06-17 01:42"}
2024-11-04 00:24:38 查询号码 【1322935】，GSD为【"河北-唐山"】

2024-11-04 00:42:34 开始第 2937 次操作

2024-11-04 00:42:34 开始操作号码 【1322936】
2024-11-04 00:42:35 GSD getOne 第 1 次 等待 3 秒
2024-11-04 00:42:38 查询号码 【1322936】，返回信息 {"status":"ok","msg":"广东-韶关","gid":"100631","time_insert":"2021-06-17 01:59"}
2024-11-04 00:42:38 查询号码 【1322936】，GSD为【"广东-韶关"】

2024-11-04 00:42:39 开始第 2938 次操作

2024-11-04 00:42:39 开始操作号码 【1322937】
2024-11-04 00:42:40 GSD getOne 第 1 次 等待 3 秒
2024-11-04 00:42:43 GSD getOne 第 2 次 等待 3 秒
2024-11-04 00:42:46 查询号码 【1322937】，返回信息 {"status":"ok","msg":"广东-韶关","gid":"100667","time_insert":"2021-06-17 02:29"}
2024-11-04 00:42:46 查询号码 【1322937】，GSD为【"广东-韶关"】

2024-11-04 00:42:47 开始第 2939 次操作

2024-11-04 00:42:48 开始操作号码 【1322938】
2024-11-04 00:42:48 GSD getOne 第 1 次 等待 3 秒
2024-11-04 00:42:51 查询号码 【1322938】，返回信息 {"status":"ok","msg":"广东-韶关","gid":"100687","time_insert":"2021-06-17 02:47"}
2024-11-04 00:42:51 查询号码 【1322938】，GSD为【"广东-韶关"】

2024-11-04 00:42:52 开始第 2940 次操作

2024-11-04 00:42:52 开始操作号码 【1322939】
2024-11-04 00:42:53 GSD getOne 第 1 次 等待 3 秒
2024-11-04 00:42:56 查询号码 【1322939】，返回信息 {"status":"ok","msg":"广东-韶关","gid":"100707","time_insert":"2021-06-17 03:05"}
2024-11-04 00:42:56 查询号码 【1322939】，GSD为【"广东-韶关"】

