2024-12-15 00:25:49 开始第 9629 次操作

2024-12-15 00:25:49 开始操作号码 【1329628】
2024-12-15 00:25:50 GSD getOne 第 1 次 等待 3 秒
2024-12-15 00:25:53 查询号码 【1329628】，返回信息 {"status":"ok","msg":"上海-上海","gid":"202294","time_insert":"2021-07-06 01:45"}
2024-12-15 00:25:53 查询号码 【1329628】，GSD为【"上海-上海"】

2024-12-15 00:25:54 开始第 9630 次操作

2024-12-15 00:25:54 开始操作号码 【1329629】
2024-12-15 00:25:55 GSD getOne 第 1 次 等待 3 秒
2024-12-15 00:25:58 查询号码 【1329629】，返回信息 {"status":"ok","msg":"上海-上海","gid":"202289","time_insert":"2021-07-06 01:44"}
2024-12-15 00:25:58 查询号码 【1329629】，GSD为【"上海-上海"】

2024-12-15 00:25:59 开始第 9631 次操作

2024-12-15 00:25:59 开始操作号码 【1329630】
2024-12-15 00:26:00 GSD getOne 第 1 次 等待 3 秒
2024-12-15 00:26:03 查询号码 【1329630】，返回信息 {"status":"ok","msg":"山东-威海","gid":"202282","time_insert":"2021-07-06 01:44"}
2024-12-15 00:26:03 查询号码 【1329630】，GSD为【"山东-威海"】

2024-12-15 00:26:04 开始第 9632 次操作

2024-12-15 00:26:04 开始操作号码 【1329631】
2024-12-15 00:26:05 GSD getOne 第 1 次 等待 3 秒
2024-12-15 00:26:08 查询号码 【1329631】，返回信息 {"status":"ok","msg":"山东-威海","gid":"202277","time_insert":"2021-07-06 01:43"}
2024-12-15 00:26:09 查询号码 【1329631】，GSD为【"山东-威海"】

2024-12-15 00:44:36 开始第 9633 次操作

2024-12-15 00:44:36 开始操作号码 【1329632】
2024-12-15 00:44:38 GSD getOne 第 1 次 等待 3 秒
2024-12-15 00:44:41 查询号码 【1329632】，返回信息 {"status":"ok","msg":"山东-枣庄","gid":"202267","time_insert":"2021-07-06 01:43"}
2024-12-15 00:44:41 查询号码 【1329632】，GSD为【"山东-枣庄"】

2024-12-15 00:44:42 开始第 9634 次操作

2024-12-15 00:44:42 开始操作号码 【1329633】
2024-12-15 00:44:43 GSD getOne 第 1 次 等待 3 秒
2024-12-15 00:44:46 查询号码 【1329633】，返回信息 {"status":"ok","msg":"山东-日照","gid":"202260","time_insert":"2021-07-06 01:42"}
2024-12-15 00:44:46 查询号码 【1329633】，GSD为【"山东-日照"】

2024-12-15 00:44:47 开始第 9635 次操作

2024-12-15 00:44:47 开始操作号码 【1329634】
2024-12-15 00:44:48 GSD getOne 第 1 次 等待 3 秒
2024-12-15 00:44:51 查询号码 【1329634】，返回信息 {"status":"ok","msg":"山东-莱芜","gid":"202254","time_insert":"2021-07-06 01:42"}
2024-12-15 00:44:51 查询号码 【1329634】，GSD为【"山东-莱芜"】

2024-12-15 00:44:52 开始第 9636 次操作

2024-12-15 00:44:52 开始操作号码 【1329635】
2024-12-15 00:44:53 GSD getOne 第 1 次 等待 3 秒
2024-12-15 00:44:56 查询号码 【1329635】，返回信息 {"status":"ok","msg":"山东-聊城","gid":"202249","time_insert":"2021-07-06 01:41"}
2024-12-15 00:44:56 查询号码 【1329635】，GSD为【"山东-聊城"】

2024-12-15 01:17:21 开始第 9637 次操作

2024-12-15 01:17:21 开始操作号码 【1329636】
2024-12-15 01:17:23 GSD getOne 第 1 次 等待 3 秒
2024-12-15 01:17:26 查询号码 【1329636】，返回信息 {"status":"ok","msg":"山东-潍坊","gid":"202244","time_insert":"2021-07-06 01:41"}
2024-12-15 01:17:26 查询号码 【1329636】，GSD为【"山东-潍坊"】

2024-12-15 01:17:27 开始第 9638 次操作

2024-12-15 01:17:27 开始操作号码 【1329637】
2024-12-15 01:17:28 GSD getOne 第 1 次 等待 3 秒
2024-12-15 01:17:31 查询号码 【1329637】，返回信息 {"status":"ok","msg":"山东-枣庄","gid":"202239","time_insert":"2021-07-06 01:41"}
2024-12-15 01:17:31 查询号码 【1329637】，GSD为【"山东-枣庄"】

2024-12-15 01:17:32 开始第 9639 次操作

2024-12-15 01:17:32 开始操作号码 【1329638】
2024-12-15 01:17:34 GSD getOne 第 1 次 等待 3 秒
2024-12-15 01:17:37 查询号码 【1329638】，返回信息 {"status":"ok","msg":"山东-烟台","gid":"202232","time_insert":"2021-07-06 01:40"}
2024-12-15 01:17:37 查询号码 【1329638】，GSD为【"山东-烟台"】

2024-12-15 01:17:38 开始第 9640 次操作

2024-12-15 01:17:38 开始操作号码 【1329639】
2024-12-15 01:17:40 GSD getOne 第 1 次 等待 3 秒
2024-12-15 01:17:43 查询号码 【1329639】，返回信息 {"status":"ok","msg":"山东-青岛","gid":"202226","time_insert":"2021-07-06 01:40"}
2024-12-15 01:17:43 查询号码 【1329639】，GSD为【"山东-青岛"】

