2024-10-09 00:18:09 开始第 8797 次操作

2024-10-09 00:18:09 开始操作号码 【1428793】
2024-10-09 00:18:11 GSD getOne 第 1 次 等待 3 秒
2024-10-09 00:18:14 查询号码 【1428793】，返回信息 {"status":"ok","msg":"-","gid":"696617","time_insert":"2023-05-07 22:05"}
2024-10-09 00:18:14 查询号码 【1428793】，GSD为【"-"】
2024-10-09 00:18:14 ok && -
2024-10-09 00:18:16 CHB 1428793?1728404294 第 1 次 等待 3 秒
2024-10-09 00:18:19 CHB 1428793?1728404294 第 1 次 获取到号码【1428793】GSD
2024-10-09 00:18:20 未获取到号码【1428793】GSD，可能号码格式错误
2024-10-09 00:18:20 获取到号码【1428793】的GSD为【-】
2024-10-09 00:18:21 GSD insert 第 1 次 等待 3 秒
2024-10-09 00:18:24 {"status":"bad","gid":"696617","msg":"添加失败！号码【1428793(-|-)】已存在！"}
2024-10-09 00:18:24 随机等待 215 秒，约 3 分钟
2024-10-09 00:18:24 下次操作: 2024-10-09 00:21:59

2024-10-09 00:21:59 开始第 8798 次操作

2024-10-09 00:21:59 开始操作号码 【1428794】
2024-10-09 00:22:04 GSD getOne 第 1 次 等待 3 秒
2024-10-09 00:22:07 查询号码 【1428794】，返回信息 {"status":"ok","msg":"-","gid":"696602","time_insert":"2023-05-07 21:48"}
2024-10-09 00:22:07 查询号码 【1428794】，GSD为【"-"】
2024-10-09 00:22:07 ok && -
2024-10-09 00:27:07 CHB 1428794?1728404527 第 1 次 等待 3 秒
2024-10-09 00:27:10 CHB 1428794?1728404527 第 1 次 未获取到 等待 204 秒 下次操作: 2024-10-09 00:30:34
2024-10-09 00:30:36 CHB 1428794?1728405034 第 2 次 等待 3 秒
2024-10-09 00:30:39 CHB 1428794?1728405034 第 2 次 获取到号码【1428794】GSD
2024-10-09 00:30:39 未获取到号码【1428794】GSD，可能号码格式错误
2024-10-09 00:30:39 获取到号码【1428794】的GSD为【-】
2024-10-09 00:30:41 GSD insert 第 1 次 等待 3 秒
2024-10-09 00:30:44 {"status":"bad","gid":"696602","msg":"添加失败！号码【1428794(-|-)】已存在！"}
2024-10-09 00:30:44 随机等待 111 秒，约 1 分钟
2024-10-09 00:30:44 下次操作: 2024-10-09 00:32:35

2024-10-09 00:32:35 开始第 8799 次操作

2024-10-09 00:32:35 开始操作号码 【1428795】
2024-10-09 00:32:37 GSD getOne 第 1 次 等待 3 秒
2024-10-09 00:32:40 查询号码 【1428795】，返回信息 {"status":"ok","msg":"-","gid":"696587","time_insert":"2023-05-07 21:33"}
2024-10-09 00:32:40 查询号码 【1428795】，GSD为【"-"】
2024-10-09 00:32:40 ok && -
2024-10-09 00:32:42 CHB 1428795?1728405160 第 1 次 等待 3 秒
2024-10-09 00:32:45 CHB 1428795?1728405160 第 1 次 获取到号码【1428795】GSD
2024-10-09 00:32:45 未获取到号码【1428795】GSD，可能号码格式错误
2024-10-09 00:32:45 获取到号码【1428795】的GSD为【-】
2024-10-09 00:32:46 GSD insert 第 1 次 等待 3 秒
2024-10-09 00:32:50 {"status":"bad","gid":"696587","msg":"添加失败！号码【1428795(-|-)】已存在！"}
2024-10-09 00:32:50 随机等待 116 秒，约 1 分钟
2024-10-09 00:32:50 下次操作: 2024-10-09 00:34:46

2024-10-09 00:34:46 开始第 8800 次操作

2024-10-09 00:34:46 开始操作号码 【1428796】
2024-10-09 00:34:53 GSD getOne 第 1 次 等待 3 秒
2024-10-09 00:34:56 查询号码 【1428796】，返回信息 {"status":"ok","msg":"-","gid":"696574","time_insert":"2023-05-07 21:18"}
2024-10-09 00:34:56 查询号码 【1428796】，GSD为【"-"】
2024-10-09 00:34:56 ok && -
2024-10-09 00:34:57 CHB 1428796?1728405296 第 1 次 等待 3 秒
2024-10-09 00:35:00 CHB 1428796?1728405296 第 1 次 获取到号码【1428796】GSD
2024-10-09 00:35:00 未获取到号码【1428796】GSD，可能号码格式错误
2024-10-09 00:35:00 获取到号码【1428796】的GSD为【-】
2024-10-09 00:35:04 GSD insert 第 1 次 等待 3 秒
2024-10-09 00:35:07 {"status":"bad","gid":"696574","msg":"添加失败！号码【1428796(-|-)】已存在！"}

2024-10-09 00:44:16 开始第 8801 次操作

2024-10-09 00:44:16 开始操作号码 【1428797】
2024-10-09 00:44:18 GSD getOne 第 1 次 等待 3 秒
2024-10-09 00:44:21 查询号码 【1428797】，返回信息 {"status":"ok","msg":"-","gid":"696566","time_insert":"2023-05-07 21:09"}
2024-10-09 00:44:21 查询号码 【1428797】，GSD为【"-"】
2024-10-09 00:44:21 ok && -
2024-10-09 00:44:23 CHB 1428797?1728405861 第 1 次 等待 3 秒
2024-10-09 00:44:26 CHB 1428797?1728405861 第 1 次 获取到号码【1428797】GSD
2024-10-09 00:44:26 未获取到号码【1428797】GSD，可能号码格式错误
2024-10-09 00:44:26 获取到号码【1428797】的GSD为【-】
2024-10-09 00:44:28 GSD insert 第 1 次 等待 3 秒
2024-10-09 00:44:31 {"status":"bad","gid":"696566","msg":"添加失败！号码【1428797(-|-)】已存在！"}
2024-10-09 00:44:31 随机等待 93 秒，约 1 分钟
2024-10-09 00:44:31 下次操作: 2024-10-09 00:46:04

2024-10-09 00:46:04 开始第 8802 次操作

2024-10-09 00:46:04 开始操作号码 【1428798】
2024-10-09 00:46:06 GSD getOne 第 1 次 等待 3 秒
2024-10-09 00:46:09 查询号码 【1428798】，返回信息 {"status":"ok","msg":"-","gid":"696557","time_insert":"2023-05-07 21:00"}
2024-10-09 00:46:09 查询号码 【1428798】，GSD为【"-"】
2024-10-09 00:46:09 ok && -
2024-10-09 00:46:10 CHB 1428798?1728405969 第 1 次 等待 3 秒
2024-10-09 00:46:13 CHB 1428798?1728405969 第 1 次 获取到号码【1428798】GSD
2024-10-09 00:46:13 未获取到号码【1428798】GSD，可能号码格式错误
2024-10-09 00:46:13 获取到号码【1428798】的GSD为【-】
2024-10-09 00:46:15 GSD insert 第 1 次 等待 3 秒
2024-10-09 00:46:18 {"status":"bad","gid":"696557","msg":"添加失败！号码【1428798(-|-)】已存在！"}
2024-10-09 00:46:18 随机等待 70 秒，约 1 分钟
2024-10-09 00:46:18 下次操作: 2024-10-09 00:47:28

2024-10-09 00:47:28 开始第 8803 次操作

2024-10-09 00:47:28 开始操作号码 【1428799】
2024-10-09 00:47:30 GSD getOne 第 1 次 等待 3 秒
2024-10-09 00:47:33 查询号码 【1428799】，返回信息 {"status":"ok","msg":"-","gid":"696541","time_insert":"2023-05-07 20:41"}
2024-10-09 00:47:33 查询号码 【1428799】，GSD为【"-"】
2024-10-09 00:47:33 ok && -
2024-10-09 00:47:35 CHB 1428799?1728406053 第 1 次 等待 3 秒
2024-10-09 00:47:38 CHB 1428799?1728406053 第 1 次 获取到号码【1428799】GSD
2024-10-09 00:47:38 未获取到号码【1428799】GSD，可能号码格式错误
2024-10-09 00:47:38 获取到号码【1428799】的GSD为【-】
2024-10-09 00:47:39 GSD insert 第 1 次 等待 3 秒
2024-10-09 00:47:42 {"status":"bad","gid":"696541","msg":"添加失败！号码【1428799(-|-)】已存在！"}
2024-10-09 00:47:42 随机等待 194 秒，约 3 分钟
2024-10-09 00:47:42 下次操作: 2024-10-09 00:50:56

2024-10-09 00:50:57 开始第 8804 次操作

2024-10-09 00:50:57 开始操作号码 【1428800】
2024-10-09 00:50:58 GSD getOne 第 1 次 等待 3 秒
2024-10-09 00:51:01 查询号码 【1428800】，返回信息 {"status":"ok","msg":"-","gid":"696526","time_insert":"2023-05-07 20:26"}
2024-10-09 00:51:01 查询号码 【1428800】，GSD为【"-"】
2024-10-09 00:51:01 ok && -
2024-10-09 00:51:03 CHB 1428800?1728406261 第 1 次 等待 3 秒
2024-10-09 00:51:06 CHB 1428800?1728406261 第 1 次 获取到号码【1428800】GSD
2024-10-09 00:51:06 未获取到号码【1428800】GSD，可能号码格式错误
2024-10-09 00:51:06 获取到号码【1428800】的GSD为【-】
2024-10-09 00:51:08 GSD insert 第 1 次 等待 3 秒
2024-10-09 00:51:11 {"status":"bad","gid":"696526","msg":"添加失败！号码【1428800(-|-)】已存在！"}

