2023-11-21 00:15:15 开始第 9977 次操作

2023-11-21 00:15:15 开始操作号码 【1969869】
2023-11-21 00:15:20 GSD getOne 第 1 次 等待 3 秒
2023-11-21 00:15:23 查询号码 【1969869】，返回信息 {"status":"ok","msg":"-","gid":"594523","time_insert":"2023-03-16 13:53"}
2023-11-21 00:15:23 查询号码 【1969869】，GSD为【"-"】
2023-11-21 00:15:23 ok && -
2023-11-21 00:15:25 CHB 1969869?1700496923 第 1 次 等待 3 秒
2023-11-21 00:15:28 CHB 1969869?1700496923 第 1 次 获取到号码【1969869】GSD
2023-11-21 00:15:28 未获取到号码【1969869】GSD，可能号码格式错误
2023-11-21 00:15:28 获取到号码【1969869】的GSD为【-】
2023-11-21 00:15:32 GSD insert 第 1 次 等待 3 秒
2023-11-21 00:15:35 {"status":"bad","gid":"594523","msg":"添加失败！号码【1969869(-|-)】已存在！"}
2023-11-21 00:15:35 随机等待 219 秒，约 3 分钟
2023-11-21 00:15:35 下次操作: 2023-11-21 00:19:14

2023-11-21 00:19:14 开始第 9978 次操作

2023-11-21 00:19:14 开始操作号码 【1969870】
2023-11-21 00:19:19 GSD getOne 第 1 次 等待 3 秒
2023-11-21 00:19:22 查询号码 【1969870】，返回信息 {"status":"ok","msg":"-","gid":"594527","time_insert":"2023-03-16 13:56"}
2023-11-21 00:19:22 查询号码 【1969870】，GSD为【"-"】
2023-11-21 00:19:22 ok && -
2023-11-21 00:19:25 CHB 1969870?1700497162 第 1 次 等待 3 秒
2023-11-21 00:19:28 CHB 1969870?1700497162 第 1 次 获取到号码【1969870】GSD
2023-11-21 00:19:28 未获取到号码【1969870】GSD，可能号码格式错误
2023-11-21 00:19:28 获取到号码【1969870】的GSD为【-】
2023-11-21 00:19:32 GSD insert 第 1 次 等待 3 秒
2023-11-21 00:19:35 {"status":"bad","gid":"594527","msg":"添加失败！号码【1969870(-|-)】已存在！"}
2023-11-21 00:19:35 随机等待 147 秒，约 2 分钟
2023-11-21 00:19:35 下次操作: 2023-11-21 00:22:02

2023-11-21 00:22:02 开始第 9979 次操作

2023-11-21 00:22:02 开始操作号码 【1969871】
2023-11-21 00:22:05 GSD getOne 第 1 次 等待 3 秒
2023-11-21 00:22:08 查询号码 【1969871】，返回信息 {"status":"ok","msg":"-","gid":"594532","time_insert":"2023-03-16 13:57"}
2023-11-21 00:22:08 查询号码 【1969871】，GSD为【"-"】
2023-11-21 00:22:08 ok && -
2023-11-21 00:22:11 CHB 1969871?1700497328 第 1 次 等待 3 秒
2023-11-21 00:22:14 CHB 1969871?1700497328 第 1 次 获取到号码【1969871】GSD
2023-11-21 00:22:14 未获取到号码【1969871】GSD，可能号码格式错误
2023-11-21 00:22:14 获取到号码【1969871】的GSD为【-】
2023-11-21 00:22:18 GSD insert 第 1 次 等待 3 秒
2023-11-21 00:22:21 {"status":"bad","gid":"594532","msg":"添加失败！号码【1969871(-|-)】已存在！"}
2023-11-21 00:22:21 随机等待 69 秒，约 1 分钟
2023-11-21 00:22:21 下次操作: 2023-11-21 00:23:30

2023-11-21 00:23:30 开始第 9980 次操作

2023-11-21 00:23:30 开始操作号码 【1969872】
2023-11-21 00:23:35 GSD getOne 第 1 次 等待 3 秒
2023-11-21 00:23:38 查询号码 【1969872】，返回信息 {"status":"ok","msg":"-","gid":"594538","time_insert":"2023-03-16 14:00"}
2023-11-21 00:23:38 查询号码 【1969872】，GSD为【"-"】
2023-11-21 00:23:38 ok && -
2023-11-21 00:23:42 CHB 1969872?1700497418 第 1 次 等待 3 秒
2023-11-21 00:23:45 CHB 1969872?1700497418 第 1 次 获取到号码【1969872】GSD
2023-11-21 00:23:45 未获取到号码【1969872】GSD，可能号码格式错误
2023-11-21 00:23:45 获取到号码【1969872】的GSD为【-】
2023-11-21 00:23:49 GSD insert 第 1 次 等待 3 秒
2023-11-21 00:23:52 {"status":"bad","gid":"594538","msg":"添加失败！号码【1969872(-|-)】已存在！"}

2023-11-21 00:36:43 开始第 9981 次操作

2023-11-21 00:36:43 开始操作号码 【1969873】
2023-11-21 00:36:47 GSD getOne 第 1 次 等待 3 秒
2023-11-21 00:36:50 查询号码 【1969873】，返回信息 {"status":"ok","msg":"-","gid":"594550","time_insert":"2023-03-16 14:12"}
2023-11-21 00:36:50 查询号码 【1969873】，GSD为【"-"】
2023-11-21 00:36:50 ok && -
2023-11-21 00:36:52 CHB 1969873?1700498210 第 1 次 等待 3 秒
2023-11-21 00:36:55 CHB 1969873?1700498210 第 1 次 获取到号码【1969873】GSD
2023-11-21 00:36:55 未获取到号码【1969873】GSD，可能号码格式错误
2023-11-21 00:36:55 获取到号码【1969873】的GSD为【-】
2023-11-21 00:36:58 GSD insert 第 1 次 等待 3 秒
2023-11-21 00:37:01 {"status":"bad","gid":"594550","msg":"添加失败！号码【1969873(-|-)】已存在！"}
2023-11-21 00:37:01 随机等待 133 秒，约 2 分钟
2023-11-21 00:37:01 下次操作: 2023-11-21 00:39:14

2023-11-21 00:39:14 开始第 9982 次操作

2023-11-21 00:39:14 开始操作号码 【1969874】
2023-11-21 00:39:18 GSD getOne 第 1 次 等待 3 秒
2023-11-21 00:39:21 查询号码 【1969874】，返回信息 {"status":"ok","msg":"-","gid":"594556","time_insert":"2023-03-16 14:14"}
2023-11-21 00:39:21 查询号码 【1969874】，GSD为【"-"】
2023-11-21 00:39:21 ok && -
2023-11-21 00:39:23 CHB 1969874?1700498361 第 1 次 等待 3 秒
2023-11-21 00:39:27 CHB 1969874?1700498361 第 1 次 获取到号码【1969874】GSD
2023-11-21 00:39:27 未获取到号码【1969874】GSD，可能号码格式错误
2023-11-21 00:39:27 获取到号码【1969874】的GSD为【-】
2023-11-21 00:39:31 GSD insert 第 1 次 等待 3 秒
2023-11-21 00:39:34 {"status":"bad","gid":"594556","msg":"添加失败！号码【1969874(-|-)】已存在！"}
2023-11-21 00:39:34 随机等待 139 秒，约 2 分钟
2023-11-21 00:39:34 下次操作: 2023-11-21 00:41:53

2023-11-21 00:41:53 开始第 9983 次操作

2023-11-21 00:41:53 开始操作号码 【1969875】
2023-11-21 00:41:56 GSD getOne 第 1 次 等待 3 秒
2023-11-21 00:41:59 查询号码 【1969875】，返回信息 {"status":"ok","msg":"-","gid":"594559","time_insert":"2023-03-16 14:17"}
2023-11-21 00:41:59 查询号码 【1969875】，GSD为【"-"】
2023-11-21 00:41:59 ok && -
2023-11-21 00:42:02 CHB 1969875?1700498519 第 1 次 等待 3 秒
2023-11-21 00:42:05 CHB 1969875?1700498519 第 1 次 获取到号码【1969875】GSD
2023-11-21 00:42:06 未获取到号码【1969875】GSD，可能号码格式错误
2023-11-21 00:42:06 获取到号码【1969875】的GSD为【-】
2023-11-21 00:42:12 GSD insert 第 1 次 等待 3 秒
2023-11-21 00:42:15 {"status":"bad","gid":"594559","msg":"添加失败！号码【1969875(-|-)】已存在！"}
2023-11-21 00:42:15 随机等待 124 秒，约 2 分钟
2023-11-21 00:42:15 下次操作: 2023-11-21 00:44:19

2023-11-21 00:44:19 开始第 9984 次操作

2023-11-21 00:44:19 开始操作号码 【1969876】
2023-11-21 00:44:22 GSD getOne 第 1 次 等待 3 秒
2023-11-21 00:44:25 查询号码 【1969876】，返回信息 {"status":"ok","msg":"-","gid":"594560","time_insert":"2023-03-16 14:18"}
2023-11-21 00:44:25 查询号码 【1969876】，GSD为【"-"】
2023-11-21 00:44:25 ok && -
2023-11-21 00:44:28 CHB 1969876?1700498665 第 1 次 等待 3 秒
2023-11-21 00:44:31 CHB 1969876?1700498665 第 1 次 获取到号码【1969876】GSD
2023-11-21 00:44:31 未获取到号码【1969876】GSD，可能号码格式错误
2023-11-21 00:44:31 获取到号码【1969876】的GSD为【-】
2023-11-21 00:44:34 GSD insert 第 1 次 等待 3 秒
2023-11-21 00:44:37 {"status":"bad","gid":"594560","msg":"添加失败！号码【1969876(-|-)】已存在！"}

2023-11-21 01:08:17 开始第 9985 次操作

2023-11-21 01:08:17 开始操作号码 【1969877】
2023-11-21 01:08:20 GSD getOne 第 1 次 等待 3 秒
2023-11-21 01:08:23 查询号码 【1969877】，返回信息 {"status":"ok","msg":"-","gid":"594583","time_insert":"2023-03-16 14:32"}
2023-11-21 01:08:23 查询号码 【1969877】，GSD为【"-"】
2023-11-21 01:08:23 ok && -
2023-11-21 01:08:27 CHB 1969877?1700500103 第 1 次 等待 3 秒
2023-11-21 01:08:30 CHB 1969877?1700500103 第 1 次 获取到号码【1969877】GSD
2023-11-21 01:08:30 未获取到号码【1969877】GSD，可能号码格式错误
2023-11-21 01:08:30 获取到号码【1969877】的GSD为【-】
2023-11-21 01:08:33 GSD insert 第 1 次 等待 3 秒
2023-11-21 01:08:36 {"status":"bad","gid":"594583","msg":"添加失败！号码【1969877(-|-)】已存在！"}
2023-11-21 01:08:36 随机等待 219 秒，约 3 分钟
2023-11-21 01:08:36 下次操作: 2023-11-21 01:12:15

2023-11-21 01:12:15 开始第 9986 次操作

2023-11-21 01:12:15 开始操作号码 【1969878】
2023-11-21 01:12:19 GSD getOne 第 1 次 等待 3 秒
2023-11-21 01:12:22 查询号码 【1969878】，返回信息 {"status":"ok","msg":"-","gid":"594585","time_insert":"2023-03-16 14:35"}
2023-11-21 01:12:22 查询号码 【1969878】，GSD为【"-"】
2023-11-21 01:12:22 ok && -
2023-11-21 01:12:25 CHB 1969878?1700500342 第 1 次 等待 3 秒
2023-11-21 01:12:28 CHB 1969878?1700500342 第 1 次 获取到号码【1969878】GSD
2023-11-21 01:12:28 未获取到号码【1969878】GSD，可能号码格式错误
2023-11-21 01:12:28 获取到号码【1969878】的GSD为【-】
2023-11-21 01:12:33 GSD insert 第 1 次 等待 3 秒
2023-11-21 01:12:36 {"status":"bad","gid":"594585","msg":"添加失败！号码【1969878(-|-)】已存在！"}
2023-11-21 01:12:36 随机等待 126 秒，约 2 分钟
2023-11-21 01:12:36 下次操作: 2023-11-21 01:14:42

2023-11-21 01:14:42 开始第 9987 次操作

2023-11-21 01:14:42 开始操作号码 【1969879】
2023-11-21 01:14:47 GSD getOne 第 1 次 等待 3 秒
2023-11-21 01:14:50 查询号码 【1969879】，返回信息 {"status":"ok","msg":"-","gid":"594586","time_insert":"2023-03-16 14:37"}
2023-11-21 01:14:50 查询号码 【1969879】，GSD为【"-"】
2023-11-21 01:14:50 ok && -
2023-11-21 01:14:53 CHB 1969879?1700500490 第 1 次 等待 3 秒
2023-11-21 01:14:56 CHB 1969879?1700500490 第 1 次 获取到号码【1969879】GSD
2023-11-21 01:14:56 未获取到号码【1969879】GSD，可能号码格式错误
2023-11-21 01:14:56 获取到号码【1969879】的GSD为【-】
2023-11-21 01:15:03 GSD insert 第 1 次 等待 3 秒
2023-11-21 01:15:06 {"status":"bad","gid":"594586","msg":"添加失败！号码【1969879(-|-)】已存在！"}
2023-11-21 01:15:06 随机等待 194 秒，约 3 分钟
2023-11-21 01:15:06 下次操作: 2023-11-21 01:18:20

2023-11-21 01:18:20 开始第 9988 次操作

2023-11-21 01:18:20 开始操作号码 【1969880】
2023-11-21 01:18:27 GSD getOne 第 1 次 等待 3 秒
2023-11-21 01:18:30 查询号码 【1969880】，返回信息 {"status":"ok","msg":"-","gid":"594589","time_insert":"2023-03-16 14:39"}
2023-11-21 01:18:30 查询号码 【1969880】，GSD为【"-"】
2023-11-21 01:18:30 ok && -
2023-11-21 01:18:33 CHB 1969880?1700500710 第 1 次 等待 3 秒
2023-11-21 01:18:36 CHB 1969880?1700500710 第 1 次 获取到号码【1969880】GSD
2023-11-21 01:18:36 未获取到号码【1969880】GSD，可能号码格式错误
2023-11-21 01:18:36 获取到号码【1969880】的GSD为【-】
2023-11-21 01:18:39 GSD insert 第 1 次 等待 3 秒
2023-11-21 01:18:42 {"status":"bad","gid":"594589","msg":"添加失败！号码【1969880(-|-)】已存在！"}

2023-11-21 01:34:08 开始第 9989 次操作

2023-11-21 01:34:08 开始操作号码 【1969881】
2023-11-21 01:34:12 GSD getOne 第 1 次 等待 3 秒
2023-11-21 01:34:15 查询号码 【1969881】，返回信息 {"status":"ok","msg":"-","gid":"594595","time_insert":"2023-03-16 14:44"}
2023-11-21 01:34:15 查询号码 【1969881】，GSD为【"-"】
2023-11-21 01:34:15 ok && -
2023-11-21 01:34:18 CHB 1969881?1700501655 第 1 次 等待 3 秒
2023-11-21 01:34:21 CHB 1969881?1700501655 第 1 次 获取到号码【1969881】GSD
2023-11-21 01:34:21 未获取到号码【1969881】GSD，可能号码格式错误
2023-11-21 01:34:21 获取到号码【1969881】的GSD为【-】
2023-11-21 01:34:24 GSD insert 第 1 次 等待 3 秒
2023-11-21 01:34:27 {"status":"bad","gid":"594595","msg":"添加失败！号码【1969881(-|-)】已存在！"}
2023-11-21 01:34:27 随机等待 155 秒，约 2 分钟
2023-11-21 01:34:27 下次操作: 2023-11-21 01:37:02

2023-11-21 01:37:02 开始第 9990 次操作

2023-11-21 01:37:02 开始操作号码 【1969882】
2023-11-21 01:37:06 GSD getOne 第 1 次 等待 3 秒
2023-11-21 01:37:09 查询号码 【1969882】，返回信息 {"status":"ok","msg":"-","gid":"594600","time_insert":"2023-03-16 14:47"}
2023-11-21 01:37:09 查询号码 【1969882】，GSD为【"-"】
2023-11-21 01:37:09 ok && -
2023-11-21 01:37:12 CHB 1969882?1700501829 第 1 次 等待 3 秒
2023-11-21 01:37:15 CHB 1969882?1700501829 第 1 次 获取到号码【1969882】GSD
2023-11-21 01:37:15 未获取到号码【1969882】GSD，可能号码格式错误
2023-11-21 01:37:15 获取到号码【1969882】的GSD为【-】
2023-11-21 01:37:18 GSD insert 第 1 次 等待 3 秒
2023-11-21 01:37:21 {"status":"bad","gid":"594600","msg":"添加失败！号码【1969882(-|-)】已存在！"}
2023-11-21 01:37:21 随机等待 103 秒，约 1 分钟
2023-11-21 01:37:21 下次操作: 2023-11-21 01:39:04

2023-11-21 01:39:04 开始第 9991 次操作

2023-11-21 01:39:04 开始操作号码 【1969883】
2023-11-21 01:39:08 GSD getOne 第 1 次 等待 3 秒
2023-11-21 01:39:11 查询号码 【1969883】，返回信息 {"status":"ok","msg":"-","gid":"594605","time_insert":"2023-03-16 14:49"}
2023-11-21 01:39:11 查询号码 【1969883】，GSD为【"-"】
2023-11-21 01:39:11 ok && -
2023-11-21 01:39:14 CHB 1969883?1700501951 第 1 次 等待 3 秒
2023-11-21 01:39:17 CHB 1969883?1700501951 第 1 次 获取到号码【1969883】GSD
2023-11-21 01:39:17 未获取到号码【1969883】GSD，可能号码格式错误
2023-11-21 01:39:17 获取到号码【1969883】的GSD为【-】
2023-11-21 01:39:20 GSD insert 第 1 次 等待 3 秒
2023-11-21 01:39:23 {"status":"bad","gid":"594605","msg":"添加失败！号码【1969883(-|-)】已存在！"}
2023-11-21 01:39:23 随机等待 126 秒，约 2 分钟
2023-11-21 01:39:23 下次操作: 2023-11-21 01:41:29

2023-11-21 01:41:29 开始第 9992 次操作

2023-11-21 01:41:29 开始操作号码 【1969884】
2023-11-21 01:41:33 GSD getOne 第 1 次 等待 3 秒
2023-11-21 01:41:36 查询号码 【1969884】，返回信息 {"status":"ok","msg":"-","gid":"594610","time_insert":"2023-03-16 14:51"}
2023-11-21 01:41:36 查询号码 【1969884】，GSD为【"-"】
2023-11-21 01:41:36 ok && -
2023-11-21 01:41:39 CHB 1969884?1700502096 第 1 次 等待 3 秒
2023-11-21 01:41:42 CHB 1969884?1700502096 第 1 次 获取到号码【1969884】GSD
2023-11-21 01:41:42 未获取到号码【1969884】GSD，可能号码格式错误
2023-11-21 01:41:42 获取到号码【1969884】的GSD为【-】
2023-11-21 01:41:45 GSD insert 第 1 次 等待 3 秒
2023-11-21 01:41:48 {"status":"bad","gid":"594610","msg":"添加失败！号码【1969884(-|-)】已存在！"}

2023-11-21 02:13:44 开始第 9993 次操作

2023-11-21 02:13:44 开始操作号码 【1969885】
2023-11-21 02:13:47 GSD getOne 第 1 次 等待 3 秒
2023-11-21 02:13:50 查询号码 【1969885】，返回信息 {"status":"ok","msg":"-","gid":"594611","time_insert":"2023-03-16 14:53"}
2023-11-21 02:13:50 查询号码 【1969885】，GSD为【"-"】
2023-11-21 02:13:50 ok && -
2023-11-21 02:13:53 CHB 1969885?1700504030 第 1 次 等待 3 秒
2023-11-21 02:13:56 CHB 1969885?1700504030 第 1 次 获取到号码【1969885】GSD
2023-11-21 02:13:56 未获取到号码【1969885】GSD，可能号码格式错误
2023-11-21 02:13:56 获取到号码【1969885】的GSD为【-】
2023-11-21 02:14:00 GSD insert 第 1 次 等待 3 秒
2023-11-21 02:14:03 {"status":"bad","gid":"594611","msg":"添加失败！号码【1969885(-|-)】已存在！"}
2023-11-21 02:14:03 随机等待 231 秒，约 3 分钟
2023-11-21 02:14:03 下次操作: 2023-11-21 02:17:54

2023-11-21 02:17:54 开始第 9994 次操作

2023-11-21 02:17:54 开始操作号码 【1969886】
2023-11-21 02:17:57 GSD getOne 第 1 次 等待 3 秒
2023-11-21 02:18:00 查询号码 【1969886】，返回信息 {"status":"ok","msg":"-","gid":"594615","time_insert":"2023-03-16 14:54"}
2023-11-21 02:18:00 查询号码 【1969886】，GSD为【"-"】
2023-11-21 02:18:00 ok && -
2023-11-21 02:18:02 CHB 1969886?1700504280 第 1 次 等待 3 秒
2023-11-21 02:18:05 CHB 1969886?1700504280 第 1 次 获取到号码【1969886】GSD
2023-11-21 02:18:05 未获取到号码【1969886】GSD，可能号码格式错误
2023-11-21 02:18:05 获取到号码【1969886】的GSD为【-】
2023-11-21 02:18:09 GSD insert 第 1 次 等待 3 秒
2023-11-21 02:18:12 {"status":"bad","gid":"594615","msg":"添加失败！号码【1969886(-|-)】已存在！"}
2023-11-21 02:18:12 随机等待 99 秒，约 1 分钟
2023-11-21 02:18:12 下次操作: 2023-11-21 02:19:51

2023-11-21 02:19:51 开始第 9995 次操作

2023-11-21 02:19:51 开始操作号码 【1969887】
2023-11-21 02:19:54 GSD getOne 第 1 次 等待 3 秒
2023-11-21 02:19:57 查询号码 【1969887】，返回信息 {"status":"ok","msg":"-","gid":"594618","time_insert":"2023-03-16 14:56"}
2023-11-21 02:19:57 查询号码 【1969887】，GSD为【"-"】
2023-11-21 02:19:57 ok && -
2023-11-21 02:20:00 CHB 1969887?1700504397 第 1 次 等待 3 秒
2023-11-21 02:20:03 CHB 1969887?1700504397 第 1 次 获取到号码【1969887】GSD
2023-11-21 02:20:03 未获取到号码【1969887】GSD，可能号码格式错误
2023-11-21 02:20:03 获取到号码【1969887】的GSD为【-】
2023-11-21 02:20:07 GSD insert 第 1 次 等待 3 秒
2023-11-21 02:20:10 {"status":"bad","gid":"594618","msg":"添加失败！号码【1969887(-|-)】已存在！"}
2023-11-21 02:20:10 随机等待 113 秒，约 1 分钟
2023-11-21 02:20:10 下次操作: 2023-11-21 02:22:03

2023-11-21 02:22:03 开始第 9996 次操作

2023-11-21 02:22:03 开始操作号码 【1969888】
2023-11-21 02:22:06 GSD getOne 第 1 次 等待 3 秒
2023-11-21 02:22:09 查询号码 【1969888】，返回信息 {"status":"ok","msg":"-","gid":"594623","time_insert":"2023-03-16 14:59"}
2023-11-21 02:22:10 查询号码 【1969888】，GSD为【"-"】
2023-11-21 02:22:10 ok && -
2023-11-21 02:22:12 CHB 1969888?1700504530 第 1 次 等待 3 秒
2023-11-21 02:22:15 CHB 1969888?1700504530 第 1 次 获取到号码【1969888】GSD
2023-11-21 02:22:15 未获取到号码【1969888】GSD，可能号码格式错误
2023-11-21 02:22:15 获取到号码【1969888】的GSD为【-】
2023-11-21 02:22:18 GSD insert 第 1 次 等待 3 秒
2023-11-21 02:22:21 {"status":"bad","gid":"594623","msg":"添加失败！号码【1969888(-|-)】已存在！"}

2023-11-21 02:36:31 开始第 9997 次操作

2023-11-21 02:36:31 开始操作号码 【1969889】
2023-11-21 02:36:35 GSD getOne 第 1 次 等待 3 秒
2023-11-21 02:36:38 查询号码 【1969889】，返回信息 {"status":"ok","msg":"-","gid":"594638","time_insert":"2023-03-16 15:09"}
2023-11-21 02:36:38 查询号码 【1969889】，GSD为【"-"】
2023-11-21 02:36:38 ok && -
2023-11-21 02:36:40 CHB 1969889?1700505398 第 1 次 等待 3 秒
2023-11-21 02:36:43 CHB 1969889?1700505398 第 1 次 获取到号码【1969889】GSD
2023-11-21 02:36:43 未获取到号码【1969889】GSD，可能号码格式错误
2023-11-21 02:36:43 获取到号码【1969889】的GSD为【-】
2023-11-21 02:36:47 GSD insert 第 1 次 等待 3 秒
2023-11-21 02:36:50 {"status":"bad","gid":"594638","msg":"添加失败！号码【1969889(-|-)】已存在！"}
2023-11-21 02:36:50 随机等待 151 秒，约 2 分钟
2023-11-21 02:36:50 下次操作: 2023-11-21 02:39:21

2023-11-21 02:39:21 开始第 9998 次操作

2023-11-21 02:39:21 开始操作号码 【1969890】
2023-11-21 02:39:25 GSD getOne 第 1 次 等待 3 秒
2023-11-21 02:39:28 查询号码 【1969890】，返回信息 {"status":"ok","msg":"-","gid":"594642","time_insert":"2023-03-16 15:10"}
2023-11-21 02:39:28 查询号码 【1969890】，GSD为【"-"】
2023-11-21 02:39:28 ok && -
2023-11-21 02:39:30 CHB 1969890?1700505568 第 1 次 等待 3 秒
2023-11-21 02:39:33 CHB 1969890?1700505568 第 1 次 获取到号码【1969890】GSD
2023-11-21 02:39:33 未获取到号码【1969890】GSD，可能号码格式错误
2023-11-21 02:39:33 获取到号码【1969890】的GSD为【-】
2023-11-21 02:39:36 GSD insert 第 1 次 等待 3 秒
2023-11-21 02:39:39 {"status":"bad","gid":"594642","msg":"添加失败！号码【1969890(-|-)】已存在！"}
2023-11-21 02:39:40 随机等待 152 秒，约 2 分钟
2023-11-21 02:39:40 下次操作: 2023-11-21 02:42:11

2023-11-21 02:42:12 开始第 9999 次操作

2023-11-21 02:42:12 开始操作号码 【1969891】
2023-11-21 02:42:15 GSD getOne 第 1 次 等待 3 秒
2023-11-21 02:42:18 查询号码 【1969891】，返回信息 {"status":"ok","msg":"-","gid":"594643","time_insert":"2023-03-16 15:14"}
2023-11-21 02:42:18 查询号码 【1969891】，GSD为【"-"】
2023-11-21 02:42:18 ok && -
2023-11-21 02:42:21 CHB 1969891?1700505738 第 1 次 等待 3 秒
2023-11-21 02:42:24 CHB 1969891?1700505738 第 1 次 获取到号码【1969891】GSD
2023-11-21 02:42:24 未获取到号码【1969891】GSD，可能号码格式错误
2023-11-21 02:42:24 获取到号码【1969891】的GSD为【-】
2023-11-21 02:42:28 GSD insert 第 1 次 等待 3 秒
2023-11-21 02:42:31 {"status":"bad","gid":"594643","msg":"添加失败！号码【1969891(-|-)】已存在！"}
2023-11-21 02:42:31 随机等待 100 秒，约 1 分钟
2023-11-21 02:42:31 下次操作: 2023-11-21 02:44:11

2023-11-21 02:44:11 开始第 10000 次操作

2023-11-21 02:44:11 开始操作号码 【1969892】
2023-11-21 02:44:14 GSD getOne 第 1 次 等待 3 秒
2023-11-21 02:44:17 查询号码 【1969892】，返回信息 {"status":"ok","msg":"-","gid":"594647","time_insert":"2023-03-16 15:17"}
2023-11-21 02:44:17 查询号码 【1969892】，GSD为【"-"】
2023-11-21 02:44:17 ok && -
2023-11-21 02:44:20 CHB 1969892?1700505857 第 1 次 等待 3 秒
2023-11-21 02:44:23 CHB 1969892?1700505857 第 1 次 获取到号码【1969892】GSD
2023-11-21 02:44:23 未获取到号码【1969892】GSD，可能号码格式错误
2023-11-21 02:44:23 获取到号码【1969892】的GSD为【-】
2023-11-21 02:44:26 GSD insert 第 1 次 等待 3 秒
2023-11-21 02:44:29 {"status":"bad","gid":"594647","msg":"添加失败！号码【1969892(-|-)】已存在！"}

2023-11-21 03:34:32 开始第 1 次操作

2023-11-21 03:34:32 开始操作号码 【1969893】
2023-11-21 03:34:36 GSD getOne 第 1 次 等待 3 秒
2023-11-21 03:34:39 查询号码 【1969893】，返回信息 {"status":"ok","msg":"-","gid":"594654","time_insert":"2023-03-16 15:22"}
2023-11-21 03:34:39 查询号码 【1969893】，GSD为【"-"】
2023-11-21 03:34:39 ok && -
2023-11-21 03:34:43 CHB 1969893?1700508879 第 1 次 等待 3 秒
2023-11-21 03:34:46 CHB 1969893?1700508879 第 1 次 获取到号码【1969893】GSD
2023-11-21 03:34:46 未获取到号码【1969893】GSD，可能号码格式错误
2023-11-21 03:34:46 获取到号码【1969893】的GSD为【-】
2023-11-21 03:34:49 GSD insert 第 1 次 等待 3 秒
2023-11-21 03:34:52 {"status":"bad","gid":"594654","msg":"添加失败！号码【1969893(-|-)】已存在！"}
2023-11-21 03:34:53 随机等待 196 秒，约 3 分钟
2023-11-21 03:34:53 下次操作: 2023-11-21 03:38:09

2023-11-21 03:38:09 开始第 2 次操作

2023-11-21 03:38:09 开始操作号码 【1969894】
2023-11-21 03:38:13 GSD getOne 第 1 次 等待 3 秒
2023-11-21 03:38:16 查询号码 【1969894】，返回信息 {"status":"ok","msg":"-","gid":"594660","time_insert":"2023-03-16 15:25"}
2023-11-21 03:38:16 查询号码 【1969894】，GSD为【"-"】
2023-11-21 03:38:16 ok && -
2023-11-21 03:38:19 CHB 1969894?1700509096 第 1 次 等待 3 秒
2023-11-21 03:38:22 CHB 1969894?1700509096 第 1 次 获取到号码【1969894】GSD
2023-11-21 03:38:22 未获取到号码【1969894】GSD，可能号码格式错误
2023-11-21 03:38:22 获取到号码【1969894】的GSD为【-】
2023-11-21 03:38:26 GSD insert 第 1 次 等待 3 秒
2023-11-21 03:38:29 {"status":"bad","gid":"594660","msg":"添加失败！号码【1969894(-|-)】已存在！"}
2023-11-21 03:38:29 随机等待 100 秒，约 1 分钟
2023-11-21 03:38:29 下次操作: 2023-11-21 03:40:09

2023-11-21 03:40:09 开始第 3 次操作

2023-11-21 03:40:09 开始操作号码 【1969895】
2023-11-21 03:40:13 GSD getOne 第 1 次 等待 3 秒
2023-11-21 03:40:16 查询号码 【1969895】，返回信息 {"status":"ok","msg":"-","gid":"594667","time_insert":"2023-03-16 15:27"}
2023-11-21 03:40:16 查询号码 【1969895】，GSD为【"-"】
2023-11-21 03:40:16 ok && -
2023-11-21 03:40:19 CHB 1969895?1700509216 第 1 次 等待 3 秒
2023-11-21 03:40:22 CHB 1969895?1700509216 第 1 次 获取到号码【1969895】GSD
2023-11-21 03:40:22 未获取到号码【1969895】GSD，可能号码格式错误
2023-11-21 03:40:22 获取到号码【1969895】的GSD为【-】
2023-11-21 03:40:26 GSD insert 第 1 次 等待 3 秒
2023-11-21 03:40:29 {"status":"bad","gid":"594667","msg":"添加失败！号码【1969895(-|-)】已存在！"}
2023-11-21 03:40:29 随机等待 107 秒，约 1 分钟
2023-11-21 03:40:29 下次操作: 2023-11-21 03:42:16

2023-11-21 03:42:16 开始第 4 次操作

2023-11-21 03:42:16 开始操作号码 【1969896】
2023-11-21 03:42:20 GSD getOne 第 1 次 等待 3 秒
2023-11-21 03:42:23 查询号码 【1969896】，返回信息 {"status":"ok","msg":"-","gid":"594669","time_insert":"2023-03-16 15:29"}
2023-11-21 03:42:23 查询号码 【1969896】，GSD为【"-"】
2023-11-21 03:42:23 ok && -
2023-11-21 03:42:25 CHB 1969896?1700509343 第 1 次 等待 3 秒
2023-11-21 03:42:28 CHB 1969896?1700509343 第 1 次 获取到号码【1969896】GSD
2023-11-21 03:42:28 未获取到号码【1969896】GSD，可能号码格式错误
2023-11-21 03:42:28 获取到号码【1969896】的GSD为【-】
2023-11-21 03:42:32 GSD insert 第 1 次 等待 3 秒
2023-11-21 03:42:35 {"status":"bad","gid":"594669","msg":"添加失败！号码【1969896(-|-)】已存在！"}

2023-11-21 04:11:33 开始第 5 次操作

2023-11-21 04:11:33 开始操作号码 【1969897】
2023-11-21 04:11:37 GSD getOne 第 1 次 等待 3 秒
2023-11-21 04:11:40 查询号码 【1969897】，返回信息 {"status":"ok","msg":"-","gid":"594677","time_insert":"2023-03-16 15:33"}
2023-11-21 04:11:40 查询号码 【1969897】，GSD为【"-"】
2023-11-21 04:11:40 ok && -
2023-11-21 04:11:43 CHB 1969897?1700511100 第 1 次 等待 3 秒
2023-11-21 04:11:46 CHB 1969897?1700511100 第 1 次 获取到号码【1969897】GSD
2023-11-21 04:11:46 未获取到号码【1969897】GSD，可能号码格式错误
2023-11-21 04:11:46 获取到号码【1969897】的GSD为【-】
2023-11-21 04:11:49 GSD insert 第 1 次 等待 3 秒
2023-11-21 04:11:52 {"status":"bad","gid":"594677","msg":"添加失败！号码【1969897(-|-)】已存在！"}
2023-11-21 04:11:52 随机等待 156 秒，约 2 分钟
2023-11-21 04:11:52 下次操作: 2023-11-21 04:14:28

2023-11-21 04:14:28 开始第 6 次操作

2023-11-21 04:14:28 开始操作号码 【1969898】
2023-11-21 04:14:31 GSD getOne 第 1 次 等待 3 秒
2023-11-21 04:14:34 查询号码 【1969898】，返回信息 {"status":"ok","msg":"-","gid":"594680","time_insert":"2023-03-16 15:36"}
2023-11-21 04:14:34 查询号码 【1969898】，GSD为【"-"】
2023-11-21 04:14:34 ok && -
2023-11-21 04:14:36 CHB 1969898?1700511274 第 1 次 等待 3 秒
2023-11-21 04:14:39 CHB 1969898?1700511274 第 1 次 获取到号码【1969898】GSD
2023-11-21 04:14:39 未获取到号码【1969898】GSD，可能号码格式错误
2023-11-21 04:14:39 获取到号码【1969898】的GSD为【-】
2023-11-21 04:14:42 GSD insert 第 1 次 等待 3 秒
2023-11-21 04:14:45 {"status":"bad","gid":"594680","msg":"添加失败！号码【1969898(-|-)】已存在！"}
2023-11-21 04:14:45 随机等待 113 秒，约 1 分钟
2023-11-21 04:14:45 下次操作: 2023-11-21 04:16:38

2023-11-21 04:16:38 开始第 7 次操作

2023-11-21 04:16:38 开始操作号码 【1969899】
2023-11-21 04:16:41 GSD getOne 第 1 次 等待 3 秒
2023-11-21 04:16:44 查询号码 【1969899】，返回信息 {"status":"ok","msg":"-","gid":"594682","time_insert":"2023-03-16 15:38"}
2023-11-21 04:16:45 查询号码 【1969899】，GSD为【"-"】
2023-11-21 04:16:45 ok && -
2023-11-21 04:16:46 CHB 1969899?1700511405 第 1 次 等待 3 秒
2023-11-21 04:16:49 CHB 1969899?1700511405 第 1 次 获取到号码【1969899】GSD
2023-11-21 04:16:49 未获取到号码【1969899】GSD，可能号码格式错误
2023-11-21 04:16:49 获取到号码【1969899】的GSD为【-】
2023-11-21 04:16:52 GSD insert 第 1 次 等待 3 秒
2023-11-21 04:16:55 {"status":"bad","gid":"594682","msg":"添加失败！号码【1969899(-|-)】已存在！"}
2023-11-21 04:16:55 随机等待 107 秒，约 1 分钟
2023-11-21 04:16:55 下次操作: 2023-11-21 04:18:42

2023-11-21 04:18:42 开始第 8 次操作

2023-11-21 04:18:42 开始操作号码 【1969900】
2023-11-21 04:18:45 GSD getOne 第 1 次 等待 3 秒
2023-11-21 04:18:48 查询号码 【1969900】，返回信息 {"status":"ok","msg":"-","gid":"594685","time_insert":"2023-03-16 15:40"}
2023-11-21 04:18:48 查询号码 【1969900】，GSD为【"-"】
2023-11-21 04:18:48 ok && -
2023-11-21 04:18:50 CHB 1969900?1700511528 第 1 次 等待 3 秒
2023-11-21 04:18:53 CHB 1969900?1700511528 第 1 次 获取到号码【1969900】GSD
2023-11-21 04:18:53 未获取到号码【1969900】GSD，可能号码格式错误
2023-11-21 04:18:53 获取到号码【1969900】的GSD为【-】
2023-11-21 04:18:57 GSD insert 第 1 次 等待 3 秒
2023-11-21 04:19:00 {"status":"bad","gid":"594685","msg":"添加失败！号码【1969900(-|-)】已存在！"}

