2023-12-20 00:12:29 开始第 4257 次操作

2023-12-20 00:12:29 开始操作号码 【1864150】
2023-12-20 00:12:34 GSD getOne 第 1 次 等待 3 秒
2023-12-20 00:12:37 查询号码 【1864150】，返回信息 {"status":"ok","msg":"辽宁-丹东","gid":"470002","time_insert":"2021-08-01 17:53"}
2023-12-20 00:12:38 查询号码 【1864150】，GSD为【"辽宁-丹东"】

2023-12-20 00:12:39 开始第 4258 次操作

2023-12-20 00:12:39 开始操作号码 【1864151】
2023-12-20 00:12:42 GSD getOne 第 1 次 等待 3 秒
2023-12-20 00:12:45 查询号码 【1864151】，返回信息 {"status":"ok","msg":"辽宁-丹东","gid":"469989","time_insert":"2021-08-01 17:53"}
2023-12-20 00:12:45 查询号码 【1864151】，GSD为【"辽宁-丹东"】

2023-12-20 00:12:46 开始第 4259 次操作

2023-12-20 00:12:46 开始操作号码 【1864152】
2023-12-20 00:12:50 GSD getOne 第 1 次 等待 3 秒
2023-12-20 00:12:53 查询号码 【1864152】，返回信息 {"status":"ok","msg":"辽宁-丹东","gid":"469979","time_insert":"2021-08-01 17:52"}
2023-12-20 00:12:53 查询号码 【1864152】，GSD为【"辽宁-丹东"】

2023-12-20 00:12:54 开始第 4260 次操作

2023-12-20 00:12:54 开始操作号码 【1864153】
2023-12-20 00:12:58 GSD getOne 第 1 次 等待 3 秒
2023-12-20 00:13:01 查询号码 【1864153】，返回信息 {"status":"ok","msg":"辽宁-丹东","gid":"469969","time_insert":"2021-08-01 17:51"}
2023-12-20 00:13:01 查询号码 【1864153】，GSD为【"辽宁-丹东"】

2023-12-20 00:34:00 开始第 4261 次操作

2023-12-20 00:34:00 开始操作号码 【1864154】
2023-12-20 00:34:04 GSD getOne 第 1 次 等待 3 秒
2023-12-20 00:34:07 查询号码 【1864154】，返回信息 {"status":"ok","msg":"辽宁-丹东","gid":"469958","time_insert":"2021-08-01 17:51"}
2023-12-20 00:34:07 查询号码 【1864154】，GSD为【"辽宁-丹东"】

2023-12-20 00:34:08 开始第 4262 次操作

2023-12-20 00:34:08 开始操作号码 【1864155】
2023-12-20 00:34:12 GSD getOne 第 1 次 等待 3 秒
2023-12-20 00:34:15 查询号码 【1864155】，返回信息 {"status":"ok","msg":"辽宁-丹东","gid":"469949","time_insert":"2021-08-01 17:50"}
2023-12-20 00:34:15 查询号码 【1864155】，GSD为【"辽宁-丹东"】

2023-12-20 00:34:16 开始第 4263 次操作

2023-12-20 00:34:16 开始操作号码 【1864156】
2023-12-20 00:34:20 GSD getOne 第 1 次 等待 3 秒
2023-12-20 00:34:23 查询号码 【1864156】，返回信息 {"status":"ok","msg":"辽宁-丹东","gid":"469937","time_insert":"2021-08-01 17:49"}
2023-12-20 00:34:23 查询号码 【1864156】，GSD为【"辽宁-丹东"】

2023-12-20 00:34:24 开始第 4264 次操作

2023-12-20 00:34:24 开始操作号码 【1864157】
2023-12-20 00:34:27 GSD getOne 第 1 次 等待 3 秒
2023-12-20 00:34:30 查询号码 【1864157】，返回信息 {"status":"ok","msg":"辽宁-丹东","gid":"469925","time_insert":"2021-08-01 17:49"}
2023-12-20 00:34:30 查询号码 【1864157】，GSD为【"辽宁-丹东"】

2023-12-20 01:08:15 开始第 4265 次操作

2023-12-20 01:08:15 开始操作号码 【1864158】
2023-12-20 01:08:19 GSD getOne 第 1 次 等待 3 秒
2023-12-20 01:08:22 查询号码 【1864158】，返回信息 {"status":"ok","msg":"辽宁-丹东","gid":"40798","time_insert":"2020-04-16 11:23","time_update":"2020-08-20 17:37"}
2023-12-20 01:08:22 查询号码 【1864158】，GSD为【"辽宁-丹东"】

2023-12-20 01:08:23 开始第 4266 次操作

2023-12-20 01:08:23 开始操作号码 【1864159】
2023-12-20 01:08:27 GSD getOne 第 1 次 等待 3 秒
2023-12-20 01:08:30 查询号码 【1864159】，返回信息 {"status":"ok","msg":"辽宁-丹东","gid":"469914","time_insert":"2021-08-01 17:48"}
2023-12-20 01:08:30 查询号码 【1864159】，GSD为【"辽宁-丹东"】

2023-12-20 01:08:31 开始第 4267 次操作

2023-12-20 01:08:31 开始操作号码 【1864160】
2023-12-20 01:08:34 GSD getOne 第 1 次 等待 3 秒
2023-12-20 01:08:37 查询号码 【1864160】，返回信息 {"status":"ok","msg":"辽宁-锦州","gid":"469902","time_insert":"2021-08-01 17:47"}
2023-12-20 01:08:37 查询号码 【1864160】，GSD为【"辽宁-锦州"】

2023-12-20 01:08:38 开始第 4268 次操作

2023-12-20 01:08:38 开始操作号码 【1864161】
2023-12-20 01:08:42 GSD getOne 第 1 次 等待 3 秒
2023-12-20 01:08:45 查询号码 【1864161】，返回信息 {"status":"ok","msg":"辽宁-锦州","gid":"469892","time_insert":"2021-08-01 17:47"}
2023-12-20 01:08:45 查询号码 【1864161】，GSD为【"辽宁-锦州"】

