2024-10-05 00:18:17 开始第 8113 次操作

2024-10-05 00:18:17 开始操作号码 【1428109】
2024-10-05 00:18:19 GSD getOne 第 1 次 等待 3 秒
2024-10-05 00:18:22 查询号码 【1428109】，返回信息 {"status":"ok","msg":"-","gid":"689132","time_insert":"2023-05-02 06:30"}
2024-10-05 00:18:22 查询号码 【1428109】，GSD为【"-"】
2024-10-05 00:18:22 ok && -
2024-10-05 00:18:24 CHB 1428109?1728058702 第 1 次 等待 3 秒
2024-10-05 00:18:27 CHB 1428109?1728058702 第 1 次 获取到号码【1428109】GSD
2024-10-05 00:18:27 未获取到号码【1428109】GSD，可能号码格式错误
2024-10-05 00:18:27 获取到号码【1428109】的GSD为【-】
2024-10-05 00:18:29 GSD insert 第 1 次 等待 3 秒
2024-10-05 00:18:32 {"status":"bad","gid":"689132","msg":"添加失败！号码【1428109(-|-)】已存在！"}
2024-10-05 00:18:32 随机等待 196 秒，约 3 分钟
2024-10-05 00:18:32 下次操作: 2024-10-05 00:21:48

2024-10-05 00:21:48 开始第 8114 次操作

2024-10-05 00:21:48 开始操作号码 【1428110】
2024-10-05 00:21:50 GSD getOne 第 1 次 等待 3 秒
2024-10-05 00:21:53 查询号码 【1428110】，返回信息 {"status":"ok","msg":"-","gid":"689141","time_insert":"2023-05-02 06:49"}
2024-10-05 00:21:53 查询号码 【1428110】，GSD为【"-"】
2024-10-05 00:21:53 ok && -
2024-10-05 00:21:54 CHB 1428110?1728058913 第 1 次 等待 3 秒
2024-10-05 00:21:57 CHB 1428110?1728058913 第 1 次 获取到号码【1428110】GSD
2024-10-05 00:21:58 未获取到号码【1428110】GSD，可能号码格式错误
2024-10-05 00:21:58 获取到号码【1428110】的GSD为【-】
2024-10-05 00:22:02 GSD insert 第 1 次 等待 3 秒
2024-10-05 00:22:05 {"status":"bad","gid":"689141","msg":"添加失败！号码【1428110(-|-)】已存在！"}
2024-10-05 00:22:05 随机等待 192 秒，约 3 分钟
2024-10-05 00:22:05 下次操作: 2024-10-05 00:25:17

2024-10-05 00:25:17 开始第 8115 次操作

2024-10-05 00:25:17 开始操作号码 【1428111】
2024-10-05 00:25:23 GSD getOne 第 1 次 等待 3 秒
2024-10-05 00:25:26 查询号码 【1428111】，返回信息 {"status":"ok","msg":"-","gid":"689155","time_insert":"2023-05-02 07:12"}
2024-10-05 00:25:26 查询号码 【1428111】，GSD为【"-"】
2024-10-05 00:25:26 ok && -
2024-10-05 00:25:28 CHB 1428111?1728059126 第 1 次 等待 3 秒
2024-10-05 00:25:31 CHB 1428111?1728059126 第 1 次 获取到号码【1428111】GSD
2024-10-05 00:25:31 未获取到号码【1428111】GSD，可能号码格式错误
2024-10-05 00:25:31 获取到号码【1428111】的GSD为【-】
2024-10-05 00:25:36 GSD insert 第 1 次 等待 3 秒
2024-10-05 00:25:39 {"status":"bad","gid":"689155","msg":"添加失败！号码【1428111(-|-)】已存在！"}
2024-10-05 00:25:39 随机等待 178 秒，约 2 分钟
2024-10-05 00:25:39 下次操作: 2024-10-05 00:28:37

2024-10-05 00:28:37 开始第 8116 次操作

2024-10-05 00:28:37 开始操作号码 【1428112】
2024-10-05 00:28:44 GSD getOne 第 1 次 等待 3 秒
2024-10-05 00:28:47 查询号码 【1428112】，返回信息 {"status":"ok","msg":"-","gid":"689164","time_insert":"2023-05-02 07:28"}
2024-10-05 00:28:47 查询号码 【1428112】，GSD为【"-"】
2024-10-05 00:28:47 ok && -
2024-10-05 00:28:48 CHB 1428112?1728059327 第 1 次 等待 3 秒
2024-10-05 00:28:51 CHB 1428112?1728059327 第 1 次 获取到号码【1428112】GSD
2024-10-05 00:28:51 未获取到号码【1428112】GSD，可能号码格式错误
2024-10-05 00:28:51 获取到号码【1428112】的GSD为【-】
2024-10-05 00:28:53 GSD insert 第 1 次 等待 3 秒
2024-10-05 00:28:56 {"status":"bad","gid":"689164","msg":"添加失败！号码【1428112(-|-)】已存在！"}

