2021-07-06 00:00:09 开始第 28 次操作

2021-07-06 00:00:09 开始操作号码 【1319606】
2021-07-06 00:00:13 GSD getOne 第 1 次 等待 1 秒
2021-07-06 00:00:14 查询号码 【1319606】，返回信息 {"status":"bad","msg":""}
2021-07-06 00:00:14 查询号码 【1319606】，GSD为【""】
2021-07-06 00:00:14 bad
2021-07-06 00:00:16 CHB 1319606?1625500814 第 1 次 等待 1 秒
2021-07-06 00:00:17 CHB 1319606?1625500814 第 1 次 获取到号码【1319606】GSD
2021-07-06 00:00:17 获取到号码【1319606】的GSD为【吉林-吉林】
2021-07-06 00:00:25 GSD insert 第 1 次 等待 1 秒
2021-07-06 00:00:26 {"status":"ok","msg":"添加成功！201806"}
2021-07-06 00:00:26 下次操作: 2021-07-06 00:00:39

2021-07-06 00:00:39 开始第 29 次操作

2021-07-06 00:00:39 开始操作号码 【1319605】
2021-07-06 00:00:48 GSD getOne 第 1 次 等待 1 秒
2021-07-06 00:00:49 查询号码 【1319605】，返回信息 {"status":"bad","msg":""}
2021-07-06 00:00:49 查询号码 【1319605】，GSD为【""】
2021-07-06 00:00:49 bad
2021-07-06 00:00:51 CHB 1319605?1625500849 第 1 次 等待 1 秒
2021-07-06 00:00:52 CHB 1319605?1625500849 第 1 次 获取到号码【1319605】GSD
2021-07-06 00:00:52 获取到号码【1319605】的GSD为【吉林-辽源】
2021-07-06 00:01:00 GSD insert 第 1 次 等待 1 秒
2021-07-06 00:01:01 {"status":"ok","msg":"添加成功！201816"}
2021-07-06 00:01:01 下次操作: 2021-07-06 00:01:15

2021-07-06 00:01:15 开始第 30 次操作

2021-07-06 00:01:15 开始操作号码 【1319604】
2021-07-06 00:01:20 GSD getOne 第 1 次 等待 1 秒
2021-07-06 00:01:21 查询号码 【1319604】，返回信息 {"status":"bad","msg":""}
2021-07-06 00:01:22 查询号码 【1319604】，GSD为【""】
2021-07-06 00:01:22 bad
2021-07-06 00:01:23 CHB 1319604?1625500882 第 1 次 等待 1 秒
2021-07-06 00:01:24 CHB 1319604?1625500882 第 1 次 获取到号码【1319604】GSD
2021-07-06 00:01:24 获取到号码【1319604】的GSD为【吉林-长春】
2021-07-06 00:01:29 GSD insert 第 1 次 等待 1 秒
2021-07-06 00:01:30 {"status":"ok","msg":"添加成功！201823"}

2021-07-06 01:01:58 开始第 1 次操作

2021-07-06 01:01:58 开始操作号码 【1319603】
2021-07-06 01:02:04 GSD getOne 第 1 次 等待 1 秒
2021-07-06 01:02:05 查询号码 【1319603】，返回信息 {"status":"bad","msg":""}
2021-07-06 01:02:05 查询号码 【1319603】，GSD为【""】
2021-07-06 01:02:05 bad
2021-07-06 01:02:06 CHB 1319603?1625504525 第 1 次 等待 1 秒
2021-07-06 01:02:07 CHB 1319603?1625504525 第 1 次 获取到号码【1319603】GSD
2021-07-06 01:02:07 获取到号码【1319603】的GSD为【吉林-长春】
2021-07-06 01:02:27 GSD insert 第 1 次 等待 1 秒
2021-07-06 01:02:29 {"status":"ok","msg":"添加成功！202064"}
2021-07-06 01:02:29 下次操作: 2021-07-06 01:02:40

2021-07-06 01:02:40 开始第 2 次操作

2021-07-06 01:02:40 开始操作号码 【1319602】
2021-07-06 01:02:52 GSD getOne 第 1 次 等待 1 秒
2021-07-06 01:02:53 查询号码 【1319602】，返回信息 {"status":"bad","msg":""}
2021-07-06 01:02:53 查询号码 【1319602】，GSD为【""】
2021-07-06 01:02:53 bad
2021-07-06 01:02:55 CHB 1319602?1625504573 第 1 次 等待 1 秒
2021-07-06 01:02:56 CHB 1319602?1625504573 第 1 次 获取到号码【1319602】GSD
2021-07-06 01:02:56 获取到号码【1319602】的GSD为【吉林-长春】
2021-07-06 01:03:15 GSD insert 第 1 次 等待 1 秒
2021-07-06 01:03:16 {"status":"ok","msg":"添加成功！202067"}
2021-07-06 01:03:16 下次操作: 2021-07-06 01:03:24

2021-07-06 01:03:24 开始第 3 次操作

2021-07-06 01:03:24 开始操作号码 【1319601】
2021-07-06 01:03:34 GSD getOne 第 1 次 等待 1 秒
2021-07-06 01:03:35 查询号码 【1319601】，返回信息 {"status":"bad","msg":""}
2021-07-06 01:03:36 查询号码 【1319601】，GSD为【""】
2021-07-06 01:03:36 bad
2021-07-06 01:03:37 CHB 1319601?1625504616 第 1 次 等待 1 秒
2021-07-06 01:03:38 CHB 1319601?1625504616 第 1 次 获取到号码【1319601】GSD
2021-07-06 01:03:38 获取到号码【1319601】的GSD为【吉林-长春】
2021-07-06 01:04:11 GSD insert 第 1 次 等待 1 秒
2021-07-06 01:04:12 {"status":"ok","msg":"添加成功！202071"}
2021-07-06 01:04:12 下次操作: 2021-07-06 01:04:27

2021-07-06 01:04:27 开始第 4 次操作

2021-07-06 01:04:27 开始操作号码 【1319600】
2021-07-06 01:04:39 GSD getOne 第 1 次 等待 1 秒
2021-07-06 01:04:40 查询号码 【1319600】，返回信息 {"status":"bad","msg":""}
2021-07-06 01:04:40 查询号码 【1319600】，GSD为【""】
2021-07-06 01:04:40 bad
2021-07-06 01:04:41 CHB 1319600?1625504680 第 1 次 等待 1 秒
2021-07-06 01:04:42 CHB 1319600?1625504680 第 1 次 获取到号码【1319600】GSD
2021-07-06 01:04:42 获取到号码【1319600】的GSD为【吉林-长春】
2021-07-06 01:05:18 GSD insert 第 1 次 等待 1 秒
2021-07-06 01:05:19 {"status":"ok","msg":"添加成功！202076"}
2021-07-06 01:05:19 下次操作: 2021-07-06 01:05:25

2021-07-06 01:05:25 开始第 5 次操作

2021-07-06 01:05:25 开始操作号码 【1319599】
2021-07-06 01:05:45 GSD getOne 第 1 次 等待 1 秒
2021-07-06 01:05:46 查询号码 【1319599】，返回信息 {"status":"bad","msg":""}
2021-07-06 01:05:46 查询号码 【1319599】，GSD为【""】
2021-07-06 01:05:46 bad
2021-07-06 01:05:47 CHB 1319599?1625504746 第 1 次 等待 1 秒
2021-07-06 01:05:48 CHB 1319599?1625504746 第 1 次 获取到号码【1319599】GSD
2021-07-06 01:05:48 获取到号码【1319599】的GSD为【甘肃-金昌】
2021-07-06 01:06:12 GSD insert 第 1 次 等待 1 秒
2021-07-06 01:06:13 {"status":"ok","msg":"添加成功！202078"}
2021-07-06 01:06:13 下次操作: 2021-07-06 01:06:22

2021-07-06 01:06:22 开始第 6 次操作

2021-07-06 01:06:22 开始操作号码 【1319598】
2021-07-06 01:06:33 GSD getOne 第 1 次 等待 1 秒
2021-07-06 01:06:34 查询号码 【1319598】，返回信息 {"status":"ok","msg":"甘肃-酒泉","time_insert":"2019-11-15 11:24","time_update":"2020-12-11 09:40"}
2021-07-06 01:06:34 查询号码 【1319598】，GSD为【"甘肃-酒泉"】

2021-07-06 01:06:34 开始第 6 次操作

2021-07-06 01:06:34 开始操作号码 【1319597】
2021-07-06 01:06:53 GSD getOne 第 1 次 等待 1 秒
2021-07-06 01:06:54 查询号码 【1319597】，返回信息 {"status":"bad","msg":""}
2021-07-06 01:06:54 查询号码 【1319597】，GSD为【""】
2021-07-06 01:06:54 bad
2021-07-06 01:06:55 CHB 1319597?1625504814 第 1 次 等待 1 秒
2021-07-06 01:06:56 CHB 1319597?1625504814 第 1 次 获取到号码【1319597】GSD
2021-07-06 01:06:56 获取到号码【1319597】的GSD为【甘肃-酒泉】
2021-07-06 01:07:19 GSD insert 第 1 次 等待 1 秒
2021-07-06 01:07:20 {"status":"ok","msg":"添加成功！202079"}
2021-07-06 01:07:20 下次操作: 2021-07-06 01:07:38

2021-07-06 01:07:38 开始第 7 次操作

2021-07-06 01:07:38 开始操作号码 【1319596】
2021-07-06 01:07:44 GSD getOne 第 1 次 等待 1 秒
2021-07-06 01:07:45 查询号码 【1319596】，返回信息 {"status":"bad","msg":""}
2021-07-06 01:07:45 查询号码 【1319596】，GSD为【""】
2021-07-06 01:07:45 bad
2021-07-06 01:07:47 CHB 1319596?1625504865 第 1 次 等待 1 秒
2021-07-06 01:07:48 CHB 1319596?1625504865 第 1 次 获取到号码【1319596】GSD
2021-07-06 01:07:48 获取到号码【1319596】的GSD为【甘肃-张掖】
2021-07-06 01:08:07 GSD insert 第 1 次 等待 1 秒
2021-07-06 01:08:08 {"status":"ok","msg":"添加成功！202081"}
2021-07-06 01:08:08 下次操作: 2021-07-06 01:08:16

2021-07-06 01:08:16 开始第 8 次操作

2021-07-06 01:08:16 开始操作号码 【1319595】
2021-07-06 01:08:54 GSD getOne 第 1 次 等待 1 秒
2021-07-06 01:08:55 查询号码 【1319595】，返回信息 {"status":"bad","msg":""}
2021-07-06 01:08:55 查询号码 【1319595】，GSD为【""】
2021-07-06 01:08:55 bad
2021-07-06 01:08:56 CHB 1319595?1625504935 第 1 次 等待 1 秒
2021-07-06 01:08:57 CHB 1319595?1625504935 第 1 次 获取到号码【1319595】GSD
2021-07-06 01:08:57 获取到号码【1319595】的GSD为【甘肃-金昌】
2021-07-06 01:09:20 GSD insert 第 1 次 等待 1 秒
2021-07-06 01:09:21 {"status":"ok","msg":"添加成功！202087"}
2021-07-06 01:09:21 下次操作: 2021-07-06 01:09:33

2021-07-06 01:09:33 开始第 9 次操作

2021-07-06 01:09:33 开始操作号码 【1319594】
2021-07-06 01:09:40 GSD getOne 第 1 次 等待 1 秒
2021-07-06 01:09:41 查询号码 【1319594】，返回信息 {"status":"ok","msg":"甘肃-酒泉","time_insert":"2017-02-05 23:17","time_update":"2020-12-11 09:36"}
2021-07-06 01:09:42 查询号码 【1319594】，GSD为【"甘肃-酒泉"】

2021-07-06 01:09:42 开始第 9 次操作

2021-07-06 01:09:42 开始操作号码 【1319593】
2021-07-06 01:10:02 GSD getOne 第 1 次 等待 1 秒
2021-07-06 01:10:03 查询号码 【1319593】，返回信息 {"status":"bad","msg":""}
2021-07-06 01:10:03 查询号码 【1319593】，GSD为【""】
2021-07-06 01:10:03 bad
2021-07-06 01:10:09 CHB 1319593?1625505003 第 1 次 等待 1 秒
2021-07-06 01:10:10 CHB 1319593?1625505003 第 1 次 获取到号码【1319593】GSD
2021-07-06 01:10:10 获取到号码【1319593】的GSD为【甘肃-武威】
2021-07-06 01:10:30 GSD insert 第 1 次 等待 1 秒
2021-07-06 01:10:31 {"status":"ok","msg":"添加成功！202088"}
2021-07-06 01:10:31 下次操作: 2021-07-06 01:10:39

2021-07-06 01:10:39 开始第 10 次操作

2021-07-06 01:10:39 开始操作号码 【1319592】
2021-07-06 01:10:59 GSD getOne 第 1 次 等待 1 秒
2021-07-06 01:11:00 查询号码 【1319592】，返回信息 {"status":"ok","msg":"甘肃-武威","time_insert":"2017-04-20 15:28","time_update":"2021-04-29 14:17"}
2021-07-06 01:11:00 查询号码 【1319592】，GSD为【"甘肃-武威"】

2021-07-06 01:11:00 开始第 10 次操作

2021-07-06 01:11:00 开始操作号码 【1319591】
2021-07-06 01:11:19 GSD getOne 第 1 次 等待 1 秒
2021-07-06 01:11:20 查询号码 【1319591】，返回信息 {"status":"bad","msg":""}
2021-07-06 01:11:20 查询号码 【1319591】，GSD为【""】
2021-07-06 01:11:20 bad
2021-07-06 01:11:22 CHB 1319591?1625505080 第 1 次 等待 1 秒
2021-07-06 01:11:23 CHB 1319591?1625505080 第 1 次 获取到号码【1319591】GSD
2021-07-06 01:11:23 获取到号码【1319591】的GSD为【甘肃-嘉峪关】
2021-07-06 01:11:59 GSD insert 第 1 次 等待 1 秒
2021-07-06 01:12:00 {"status":"ok","msg":"添加成功！202090"}
2021-07-06 01:12:00 下次操作: 2021-07-06 01:12:13

2021-07-06 01:12:13 开始第 11 次操作

2021-07-06 01:12:13 开始操作号码 【1319590】
2021-07-06 01:12:19 GSD getOne 第 1 次 等待 1 秒
2021-07-06 01:12:20 查询号码 【1319590】，返回信息 {"status":"bad","msg":""}
2021-07-06 01:12:20 查询号码 【1319590】，GSD为【""】
2021-07-06 01:12:20 bad
2021-07-06 01:12:22 CHB 1319590?1625505140 第 1 次 等待 1 秒
2021-07-06 01:12:23 CHB 1319590?1625505140 第 1 次 获取到号码【1319590】GSD
2021-07-06 01:12:23 获取到号码【1319590】的GSD为【甘肃-嘉峪关】
2021-07-06 01:12:42 GSD insert 第 1 次 等待 1 秒
2021-07-06 01:12:43 {"status":"ok","msg":"添加成功！202091"}
2021-07-06 01:12:43 下次操作: 2021-07-06 01:12:55

2021-07-06 01:12:55 开始第 12 次操作

2021-07-06 01:12:55 开始操作号码 【1319589】
2021-07-06 01:13:02 GSD getOne 第 1 次 等待 1 秒
2021-07-06 01:13:03 查询号码 【1319589】，返回信息 {"status":"bad","msg":""}
2021-07-06 01:13:03 查询号码 【1319589】，GSD为【""】
2021-07-06 01:13:03 bad
2021-07-06 01:13:04 CHB 1319589?1625505183 第 1 次 等待 1 秒
2021-07-06 01:13:05 CHB 1319589?1625505183 第 1 次 获取到号码【1319589】GSD
2021-07-06 01:13:05 获取到号码【1319589】的GSD为【甘肃-平凉】
2021-07-06 01:13:31 GSD insert 第 1 次 等待 1 秒
2021-07-06 01:13:32 {"status":"ok","msg":"添加成功！202093"}
2021-07-06 01:13:32 下次操作: 2021-07-06 01:13:47

2021-07-06 01:13:47 开始第 13 次操作

2021-07-06 01:13:47 开始操作号码 【1319588】
2021-07-06 01:13:51 GSD getOne 第 1 次 等待 1 秒
2021-07-06 01:13:52 查询号码 【1319588】，返回信息 {"status":"bad","msg":""}
2021-07-06 01:13:53 查询号码 【1319588】，GSD为【""】
2021-07-06 01:13:53 bad
2021-07-06 01:13:54 CHB 1319588?1625505233 第 1 次 等待 1 秒
2021-07-06 01:13:55 CHB 1319588?1625505233 第 1 次 获取到号码【1319588】GSD
2021-07-06 01:13:55 获取到号码【1319588】的GSD为【甘肃-庆阳】
2021-07-06 01:14:30 GSD insert 第 1 次 等待 1 秒
2021-07-06 01:14:31 {"status":"ok","msg":"添加成功！202098"}
2021-07-06 01:14:31 下次操作: 2021-07-06 01:14:46

2021-07-06 01:14:46 开始第 14 次操作

2021-07-06 01:14:46 开始操作号码 【1319587】
2021-07-06 01:14:50 GSD getOne 第 1 次 等待 1 秒
2021-07-06 01:14:51 查询号码 【1319587】，返回信息 {"status":"ok","msg":"甘肃-平凉","time_insert":"2017-03-06 21:02","time_update":"2020-12-11 09:29"}
2021-07-06 01:14:51 查询号码 【1319587】，GSD为【"甘肃-平凉"】

2021-07-06 01:14:51 开始第 14 次操作

2021-07-06 01:14:51 开始操作号码 【1319586】
2021-07-06 01:15:14 GSD getOne 第 1 次 等待 1 秒
2021-07-06 01:15:15 查询号码 【1319586】，返回信息 {"status":"bad","msg":""}
2021-07-06 01:15:15 查询号码 【1319586】，GSD为【""】
2021-07-06 01:15:15 bad
2021-07-06 01:15:20 CHB 1319586?1625505315 第 1 次 等待 1 秒
2021-07-06 01:15:21 CHB 1319586?1625505315 第 1 次 获取到号码【1319586】GSD
2021-07-06 01:15:21 获取到号码【1319586】的GSD为【甘肃-白银】
2021-07-06 01:16:49 GSD insert 第 1 次 等待 1 秒
2021-07-06 01:16:50 {"status":"ok","msg":"添加成功！202104"}
2021-07-06 01:16:50 下次操作: 2021-07-06 01:17:07

2021-07-06 01:17:07 开始第 15 次操作

2021-07-06 01:17:07 开始操作号码 【1319585】
2021-07-06 01:17:13 GSD getOne 第 1 次 等待 1 秒
2021-07-06 01:17:14 查询号码 【1319585】，返回信息 {"status":"bad","msg":""}
2021-07-06 01:17:14 查询号码 【1319585】，GSD为【""】
2021-07-06 01:17:14 bad
2021-07-06 01:17:15 CHB 1319585?1625505434 第 1 次 等待 1 秒
2021-07-06 01:17:16 CHB 1319585?1625505434 第 1 次 获取到号码【1319585】GSD
2021-07-06 01:17:16 获取到号码【1319585】的GSD为【甘肃-临夏】
2021-07-06 01:17:36 GSD insert 第 1 次 等待 1 秒
2021-07-06 01:17:37 {"status":"ok","msg":"添加成功！202105"}
2021-07-06 01:17:37 下次操作: 2021-07-06 01:17:47

2021-07-06 01:17:47 开始第 16 次操作

2021-07-06 01:17:47 开始操作号码 【1319584】
2021-07-06 01:18:00 GSD getOne 第 1 次 等待 1 秒
2021-07-06 01:18:01 查询号码 【1319584】，返回信息 {"status":"bad","msg":""}
2021-07-06 01:18:01 查询号码 【1319584】，GSD为【""】
2021-07-06 01:18:01 bad
2021-07-06 01:18:06 CHB 1319584?1625505481 第 1 次 等待 1 秒
2021-07-06 01:18:07 CHB 1319584?1625505481 第 1 次 获取到号码【1319584】GSD
2021-07-06 01:18:07 获取到号码【1319584】的GSD为【甘肃-庆阳】
2021-07-06 01:18:26 GSD insert 第 1 次 等待 1 秒
2021-07-06 01:18:27 {"status":"ok","msg":"添加成功！202107"}
2021-07-06 01:18:27 下次操作: 2021-07-06 01:18:37

2021-07-06 01:18:37 开始第 17 次操作

2021-07-06 01:18:37 开始操作号码 【1319583】
2021-07-06 01:18:57 GSD getOne 第 1 次 等待 1 秒
2021-07-06 01:18:58 查询号码 【1319583】，返回信息 {"status":"bad","msg":""}
2021-07-06 01:18:58 查询号码 【1319583】，GSD为【""】
2021-07-06 01:18:58 bad
2021-07-06 01:18:59 CHB 1319583?1625505538 第 1 次 等待 1 秒
2021-07-06 01:19:00 CHB 1319583?1625505538 第 1 次 获取到号码【1319583】GSD
2021-07-06 01:19:00 获取到号码【1319583】的GSD为【甘肃-兰州】
2021-07-06 01:19:36 GSD insert 第 1 次 等待 1 秒
2021-07-06 01:19:37 {"status":"ok","msg":"添加成功！202110"}
2021-07-06 01:19:37 下次操作: 2021-07-06 01:19:48

2021-07-06 01:19:48 开始第 18 次操作

2021-07-06 01:19:48 开始操作号码 【1319582】
2021-07-06 01:19:58 GSD getOne 第 1 次 等待 1 秒
2021-07-06 01:19:59 查询号码 【1319582】，返回信息 {"status":"bad","msg":""}
2021-07-06 01:19:59 查询号码 【1319582】，GSD为【""】
2021-07-06 01:19:59 bad
2021-07-06 01:20:01 CHB 1319582?1625505599 第 1 次 等待 1 秒
2021-07-06 01:20:02 CHB 1319582?1625505599 第 1 次 获取到号码【1319582】GSD
2021-07-06 01:20:02 获取到号码【1319582】的GSD为【甘肃-定西】
2021-07-06 01:20:21 GSD insert 第 1 次 等待 1 秒
2021-07-06 01:20:22 {"status":"ok","msg":"添加成功！202113"}
2021-07-06 01:20:22 下次操作: 2021-07-06 01:20:39

2021-07-06 01:20:39 开始第 19 次操作

2021-07-06 01:20:39 开始操作号码 【1319581】
2021-07-06 01:20:43 GSD getOne 第 1 次 等待 1 秒
2021-07-06 01:20:44 查询号码 【1319581】，返回信息 {"status":"bad","msg":""}
2021-07-06 01:20:44 查询号码 【1319581】，GSD为【""】
2021-07-06 01:20:44 bad
2021-07-06 01:20:46 CHB 1319581?1625505644 第 1 次 等待 1 秒
2021-07-06 01:20:47 CHB 1319581?1625505644 第 1 次 获取到号码【1319581】GSD
2021-07-06 01:20:47 获取到号码【1319581】的GSD为【甘肃-天水】
2021-07-06 01:21:38 GSD insert 第 1 次 等待 1 秒
2021-07-06 01:21:39 {"status":"ok","msg":"添加成功！202115"}
2021-07-06 01:21:39 下次操作: 2021-07-06 01:21:57

2021-07-06 01:21:57 开始第 20 次操作

2021-07-06 01:21:57 开始操作号码 【1319580】
2021-07-06 01:22:02 GSD getOne 第 1 次 等待 1 秒
2021-07-06 01:22:03 查询号码 【1319580】，返回信息 {"status":"bad","msg":""}
2021-07-06 01:22:03 查询号码 【1319580】，GSD为【""】
2021-07-06 01:22:03 bad
2021-07-06 01:22:05 CHB 1319580?1625505723 第 1 次 等待 1 秒
2021-07-06 01:22:06 CHB 1319580?1625505723 第 1 次 获取到号码【1319580】GSD
2021-07-06 01:22:06 获取到号码【1319580】的GSD为【甘肃-陇南】
2021-07-06 01:22:50 GSD insert 第 1 次 等待 1 秒
2021-07-06 01:22:51 {"status":"ok","msg":"添加成功！202118"}
2021-07-06 01:22:51 下次操作: 2021-07-06 01:23:04

2021-07-06 01:23:04 开始第 21 次操作

2021-07-06 01:23:04 开始操作号码 【1319579】
2021-07-06 01:23:14 GSD getOne 第 1 次 等待 1 秒
2021-07-06 01:23:15 查询号码 【1319579】，返回信息 {"status":"bad","msg":""}
2021-07-06 01:23:15 查询号码 【1319579】，GSD为【""】
2021-07-06 01:23:15 bad
2021-07-06 01:23:20 CHB 1319579?1625505795 第 1 次 等待 1 秒
2021-07-06 01:23:21 CHB 1319579?1625505795 第 1 次 获取到号码【1319579】GSD
2021-07-06 01:23:21 获取到号码【1319579】的GSD为【青海-西宁】
2021-07-06 01:23:42 GSD insert 第 1 次 等待 1 秒
2021-07-06 01:23:43 {"status":"ok","msg":"添加成功！202119"}
2021-07-06 01:23:43 下次操作: 2021-07-06 01:23:57

2021-07-06 01:23:57 开始第 22 次操作

2021-07-06 01:23:57 开始操作号码 【1319578】
2021-07-06 01:24:02 GSD getOne 第 1 次 等待 1 秒
2021-07-06 01:24:03 查询号码 【1319578】，返回信息 {"status":"ok","msg":"青海-西宁","time_insert":"2017-05-27 22:22","time_update":"2020-12-16 02:19"}
2021-07-06 01:24:03 查询号码 【1319578】，GSD为【"青海-西宁"】

2021-07-06 01:24:03 开始第 22 次操作

2021-07-06 01:24:03 开始操作号码 【1319577】
2021-07-06 01:24:23 GSD getOne 第 1 次 等待 1 秒
2021-07-06 01:24:24 查询号码 【1319577】，返回信息 {"status":"bad","msg":""}
2021-07-06 01:24:24 查询号码 【1319577】，GSD为【""】
2021-07-06 01:24:24 bad
2021-07-06 01:24:25 CHB 1319577?1625505864 第 1 次 等待 1 秒
2021-07-06 01:24:26 CHB 1319577?1625505864 第 1 次 获取到号码【1319577】GSD
2021-07-06 01:24:26 获取到号码【1319577】的GSD为【青海-西宁】
2021-07-06 01:24:46 GSD insert 第 1 次 等待 1 秒
2021-07-06 01:24:47 {"status":"ok","msg":"添加成功！202123"}
2021-07-06 01:24:47 下次操作: 2021-07-06 01:24:59

2021-07-06 01:24:59 开始第 23 次操作

2021-07-06 01:24:59 开始操作号码 【1319576】
2021-07-06 01:25:06 GSD getOne 第 1 次 等待 1 秒
2021-07-06 01:25:07 查询号码 【1319576】，返回信息 {"status":"bad","msg":""}
2021-07-06 01:25:07 查询号码 【1319576】，GSD为【""】
2021-07-06 01:25:07 bad
2021-07-06 01:25:08 CHB 1319576?1625505907 第 1 次 等待 1 秒
2021-07-06 01:25:09 CHB 1319576?1625505907 第 1 次 获取到号码【1319576】GSD
2021-07-06 01:25:09 获取到号码【1319576】的GSD为【青海-西宁】
2021-07-06 01:25:30 GSD insert 第 1 次 等待 1 秒
2021-07-06 01:25:31 {"status":"ok","msg":"添加成功！202126"}
2021-07-06 01:25:31 下次操作: 2021-07-06 01:25:38

2021-07-06 01:25:38 开始第 24 次操作

2021-07-06 01:25:38 开始操作号码 【1319575】
2021-07-06 01:25:57 GSD getOne 第 1 次 等待 1 秒
2021-07-06 01:25:58 查询号码 【1319575】，返回信息 {"status":"ok","msg":"青海-西宁","time_insert":"2017-05-01 00:00","time_update":"2020-12-16 02:14"}
2021-07-06 01:25:58 查询号码 【1319575】，GSD为【"青海-西宁"】

2021-07-06 01:25:58 开始第 24 次操作

2021-07-06 01:25:58 开始操作号码 【1319574】
2021-07-06 01:26:17 GSD getOne 第 1 次 等待 1 秒
2021-07-06 01:26:18 查询号码 【1319574】，返回信息 {"status":"bad","msg":""}
2021-07-06 01:26:18 查询号码 【1319574】，GSD为【""】
2021-07-06 01:26:18 bad
2021-07-06 01:26:24 CHB 1319574?1625505978 第 1 次 等待 1 秒
2021-07-06 01:26:25 CHB 1319574?1625505978 第 1 次 获取到号码【1319574】GSD
2021-07-06 01:26:25 获取到号码【1319574】的GSD为【青海-海东】
2021-07-06 01:26:49 GSD insert 第 1 次 等待 1 秒
2021-07-06 01:26:50 {"status":"ok","msg":"添加成功！202128"}
2021-07-06 01:26:50 下次操作: 2021-07-06 01:27:00

2021-07-06 01:27:00 开始第 25 次操作

2021-07-06 01:27:00 开始操作号码 【1319573】
2021-07-06 01:27:12 GSD getOne 第 1 次 等待 1 秒
2021-07-06 01:27:13 查询号码 【1319573】，返回信息 {"status":"bad","msg":""}
2021-07-06 01:27:13 查询号码 【1319573】，GSD为【""】
2021-07-06 01:27:13 bad
2021-07-06 01:27:14 CHB 1319573?1625506033 第 1 次 等待 1 秒
2021-07-06 01:27:15 CHB 1319573?1625506033 第 1 次 获取到号码【1319573】GSD
2021-07-06 01:27:15 获取到号码【1319573】的GSD为【青海-海东】
2021-07-06 01:27:34 GSD insert 第 1 次 等待 1 秒
2021-07-06 01:27:35 {"status":"ok","msg":"添加成功！202134"}
2021-07-06 01:27:35 下次操作: 2021-07-06 01:27:46

2021-07-06 01:27:46 开始第 26 次操作

2021-07-06 01:27:46 开始操作号码 【1319572】
2021-07-06 01:28:02 GSD getOne 第 1 次 等待 1 秒
2021-07-06 01:28:03 查询号码 【1319572】，返回信息 {"status":"bad","msg":""}
2021-07-06 01:28:03 查询号码 【1319572】，GSD为【""】
2021-07-06 01:28:03 bad
2021-07-06 01:28:05 CHB 1319572?1625506083 第 1 次 等待 1 秒
2021-07-06 01:28:06 CHB 1319572?1625506083 第 1 次 获取到号码【1319572】GSD
2021-07-06 01:28:06 获取到号码【1319572】的GSD为【青海-格尔木】
2021-07-06 01:28:25 GSD insert 第 1 次 等待 1 秒
2021-07-06 01:28:26 {"status":"ok","msg":"添加成功！202136"}
2021-07-06 01:28:26 下次操作: 2021-07-06 01:28:42

2021-07-06 01:28:42 开始第 27 次操作

2021-07-06 01:28:42 开始操作号码 【1319571】
2021-07-06 01:28:46 GSD getOne 第 1 次 等待 1 秒
2021-07-06 01:28:47 查询号码 【1319571】，返回信息 {"status":"bad","msg":""}
2021-07-06 01:28:47 查询号码 【1319571】，GSD为【""】
2021-07-06 01:28:47 bad
2021-07-06 01:28:48 CHB 1319571?1625506127 第 1 次 等待 1 秒
2021-07-06 01:28:49 CHB 1319571?1625506127 第 1 次 获取到号码【1319571】GSD
2021-07-06 01:28:49 获取到号码【1319571】的GSD为【青海-格尔木】
2021-07-06 01:29:09 GSD insert 第 1 次 等待 1 秒
2021-07-06 01:29:10 {"status":"ok","msg":"添加成功！202137"}
2021-07-06 01:29:10 下次操作: 2021-07-06 01:29:18

2021-07-06 01:29:18 开始第 28 次操作

2021-07-06 01:29:18 开始操作号码 【1319570】
2021-07-06 01:29:29 GSD getOne 第 1 次 等待 1 秒
2021-07-06 01:29:30 查询号码 【1319570】，返回信息 {"status":"ok","msg":"青海-格尔木","time_insert":"2016-04-07 12:34","time_update":"2020-12-16 02:10"}
2021-07-06 01:29:30 查询号码 【1319570】，GSD为【"青海-格尔木"】

2021-07-06 01:29:30 开始第 28 次操作

2021-07-06 01:29:30 开始操作号码 【1319569】
2021-07-06 01:30:39 GSD getOne 第 1 次 等待 1 秒
2021-07-06 01:30:40 查询号码 【1319569】，返回信息 {"status":"bad","msg":""}
2021-07-06 01:30:40 查询号码 【1319569】，GSD为【""】
2021-07-06 01:30:40 bad
2021-07-06 01:30:41 CHB 1319569?1625506240 第 1 次 等待 1 秒
2021-07-06 01:30:42 CHB 1319569?1625506240 第 1 次 获取到号码【1319569】GSD
2021-07-06 01:30:42 获取到号码【1319569】的GSD为【安徽-淮北】
2021-07-06 01:31:01 GSD insert 第 1 次 等待 1 秒
2021-07-06 01:31:02 {"status":"ok","msg":"添加成功！202143"}
2021-07-06 01:31:02 下次操作: 2021-07-06 01:31:16

2021-07-06 01:31:16 开始第 29 次操作

2021-07-06 01:31:16 开始操作号码 【1319568】
2021-07-06 01:31:21 GSD getOne 第 1 次 等待 1 秒
2021-07-06 01:31:22 查询号码 【1319568】，返回信息 {"status":"bad","msg":""}
2021-07-06 01:31:22 查询号码 【1319568】，GSD为【""】
2021-07-06 01:31:22 bad
2021-07-06 01:31:24 CHB 1319568?1625506282 第 1 次 等待 1 秒
2021-07-06 01:31:25 CHB 1319568?1625506282 第 1 次 获取到号码【1319568】GSD
2021-07-06 01:31:25 获取到号码【1319568】的GSD为【安徽-亳州】
2021-07-06 01:31:45 GSD insert 第 1 次 等待 1 秒
2021-07-06 01:31:46 {"status":"ok","msg":"添加成功！202147"}
2021-07-06 01:31:47 下次操作: 2021-07-06 01:32:00

2021-07-06 01:32:00 开始第 30 次操作

2021-07-06 01:32:00 开始操作号码 【1319567】
2021-07-06 01:32:07 GSD getOne 第 1 次 等待 1 秒
2021-07-06 01:32:08 查询号码 【1319567】，返回信息 {"status":"bad","msg":""}
2021-07-06 01:32:08 查询号码 【1319567】，GSD为【""】
2021-07-06 01:32:08 bad
2021-07-06 01:32:13 CHB 1319567?1625506328 第 1 次 等待 1 秒
2021-07-06 01:32:14 CHB 1319567?1625506328 第 1 次 获取到号码【1319567】GSD
2021-07-06 01:32:14 获取到号码【1319567】的GSD为【安徽-亳州】
2021-07-06 01:32:33 GSD insert 第 1 次 等待 1 秒
2021-07-06 01:32:34 {"status":"ok","msg":"添加成功！202149"}

