2024-04-29 00:12:29 开始第 6269 次操作

2024-04-29 00:12:29 开始操作号码 【1646163】
2024-04-29 00:12:34 GSD getOne 第 1 次 等待 3 秒
2024-04-29 00:12:37 查询号码 【1646163】，返回信息 {"status":"ok","msg":"-","gid":"650084","time_insert":"2023-04-12 20:30"}
2024-04-29 00:12:37 查询号码 【1646163】，GSD为【"-"】
2024-04-29 00:12:37 ok && -
2024-04-29 00:12:40 CHB 1646163?1714320757 第 1 次 等待 3 秒
2024-04-29 00:12:43 CHB 1646163?1714320757 第 1 次 获取到号码【1646163】GSD
2024-04-29 00:12:43 未获取到号码【1646163】GSD，可能号码格式错误
2024-04-29 00:12:43 获取到号码【1646163】的GSD为【-】
2024-04-29 00:12:48 GSD insert 第 1 次 等待 3 秒
2024-04-29 00:12:51 {"status":"bad","gid":"650084","msg":"添加失败！号码【1646163(-|-)】已存在！"}
2024-04-29 00:12:51 随机等待 181 秒，约 3 分钟
2024-04-29 00:12:51 下次操作: 2024-04-29 00:15:52

2024-04-29 00:15:52 开始第 6270 次操作

2024-04-29 00:15:52 开始操作号码 【1646164】
2024-04-29 00:15:57 GSD getOne 第 1 次 等待 3 秒
2024-04-29 00:16:00 查询号码 【1646164】，返回信息 {"status":"ok","msg":"-","gid":"650101","time_insert":"2023-04-12 20:44"}
2024-04-29 00:16:00 查询号码 【1646164】，GSD为【"-"】
2024-04-29 00:16:00 ok && -
2024-04-29 00:16:02 CHB 1646164?1714320960 第 1 次 等待 3 秒
2024-04-29 00:16:05 CHB 1646164?1714320960 第 1 次 获取到号码【1646164】GSD
2024-04-29 00:16:05 未获取到号码【1646164】GSD，可能号码格式错误
2024-04-29 00:16:05 获取到号码【1646164】的GSD为【-】
2024-04-29 00:16:10 GSD insert 第 1 次 等待 3 秒
2024-04-29 00:16:13 {"status":"bad","gid":"650101","msg":"添加失败！号码【1646164(-|-)】已存在！"}
2024-04-29 00:16:13 随机等待 81 秒，约 1 分钟
2024-04-29 00:16:13 下次操作: 2024-04-29 00:17:34

2024-04-29 00:17:34 开始第 6271 次操作

2024-04-29 00:17:34 开始操作号码 【1646165】
2024-04-29 00:17:46 GSD getOne 第 1 次 等待 3 秒
2024-04-29 00:17:49 查询号码 【1646165】，返回信息 {"status":"ok","msg":"-","gid":"650120","time_insert":"2023-04-12 21:02"}
2024-04-29 00:17:49 查询号码 【1646165】，GSD为【"-"】
2024-04-29 00:17:49 ok && -
2024-04-29 00:17:51 CHB 1646165?1714321069 第 1 次 等待 3 秒
2024-04-29 00:17:54 CHB 1646165?1714321069 第 1 次 获取到号码【1646165】GSD
2024-04-29 00:17:54 未获取到号码【1646165】GSD，可能号码格式错误
2024-04-29 00:17:54 获取到号码【1646165】的GSD为【-】
2024-04-29 00:18:02 GSD insert 第 1 次 等待 3 秒
2024-04-29 00:18:05 {"status":"bad","gid":"650120","msg":"添加失败！号码【1646165(-|-)】已存在！"}
2024-04-29 00:18:05 随机等待 224 秒，约 3 分钟
2024-04-29 00:18:05 下次操作: 2024-04-29 00:21:49

2024-04-29 00:21:49 开始第 6272 次操作

2024-04-29 00:21:49 开始操作号码 【1646166】
2024-04-29 00:21:56 GSD getOne 第 1 次 等待 3 秒
2024-04-29 00:21:59 查询号码 【1646166】，返回信息 {"status":"ok","msg":"-","gid":"650132","time_insert":"2023-04-12 21:14"}
2024-04-29 00:21:59 查询号码 【1646166】，GSD为【"-"】
2024-04-29 00:21:59 ok && -
2024-04-29 00:22:01 CHB 1646166?1714321319 第 1 次 等待 3 秒
2024-04-29 00:22:04 CHB 1646166?1714321319 第 1 次 获取到号码【1646166】GSD
2024-04-29 00:22:04 未获取到号码【1646166】GSD，可能号码格式错误
2024-04-29 00:22:04 获取到号码【1646166】的GSD为【-】
2024-04-29 00:22:09 GSD insert 第 1 次 等待 3 秒
2024-04-29 00:22:12 {"status":"bad","gid":"650132","msg":"添加失败！号码【1646166(-|-)】已存在！"}

2024-04-29 00:34:22 开始第 6273 次操作

2024-04-29 00:34:22 开始操作号码 【1646167】
2024-04-29 00:34:31 GSD getOne 第 1 次 等待 3 秒
2024-04-29 00:34:34 查询号码 【1646167】，返回信息 {"status":"ok","msg":"-","gid":"650155","time_insert":"2023-04-12 21:34"}
2024-04-29 00:34:34 查询号码 【1646167】，GSD为【"-"】
2024-04-29 00:34:34 ok && -
2024-04-29 00:34:37 CHB 1646167?1714322074 第 1 次 等待 3 秒
2024-04-29 00:34:40 CHB 1646167?1714322074 第 1 次 获取到号码【1646167】GSD
2024-04-29 00:34:40 未获取到号码【1646167】GSD，可能号码格式错误
2024-04-29 00:34:40 获取到号码【1646167】的GSD为【-】
2024-04-29 00:34:49 GSD insert 第 1 次 等待 3 秒
2024-04-29 00:34:52 {"status":"bad","gid":"650155","msg":"添加失败！号码【1646167(-|-)】已存在！"}
2024-04-29 00:34:52 随机等待 110 秒，约 1 分钟
2024-04-29 00:34:52 下次操作: 2024-04-29 00:36:42

2024-04-29 00:36:42 开始第 6274 次操作

2024-04-29 00:36:42 开始操作号码 【1646168】
2024-04-29 00:36:48 GSD getOne 第 1 次 等待 3 秒
2024-04-29 00:36:51 查询号码 【1646168】，返回信息 {"status":"ok","msg":"-","gid":"650176","time_insert":"2023-04-12 21:51"}
2024-04-29 00:36:51 查询号码 【1646168】，GSD为【"-"】
2024-04-29 00:36:51 ok && -
2024-04-29 00:36:53 CHB 1646168?1714322211 第 1 次 等待 3 秒
2024-04-29 00:36:56 CHB 1646168?1714322211 第 1 次 获取到号码【1646168】GSD
2024-04-29 00:36:56 未获取到号码【1646168】GSD，可能号码格式错误
2024-04-29 00:36:56 获取到号码【1646168】的GSD为【-】
2024-04-29 00:37:09 GSD insert 第 1 次 等待 3 秒
2024-04-29 00:37:12 {"status":"bad","gid":"650176","msg":"添加失败！号码【1646168(-|-)】已存在！"}
2024-04-29 00:37:12 随机等待 176 秒，约 2 分钟
2024-04-29 00:37:12 下次操作: 2024-04-29 00:40:08

2024-04-29 00:40:08 开始第 6275 次操作

2024-04-29 00:40:08 开始操作号码 【1646169】
2024-04-29 00:40:13 GSD getOne 第 1 次 等待 3 秒
2024-04-29 00:40:16 查询号码 【1646169】，返回信息 {"status":"ok","msg":"-","gid":"650205","time_insert":"2023-04-12 22:10"}
2024-04-29 00:40:16 查询号码 【1646169】，GSD为【"-"】
2024-04-29 00:40:16 ok && -
2024-04-29 00:40:18 CHB 1646169?1714322416 第 1 次 等待 3 秒
2024-04-29 00:40:21 CHB 1646169?1714322416 第 1 次 获取到号码【1646169】GSD
2024-04-29 00:40:21 未获取到号码【1646169】GSD，可能号码格式错误
2024-04-29 00:40:21 获取到号码【1646169】的GSD为【-】
2024-04-29 00:40:27 GSD insert 第 1 次 等待 3 秒
2024-04-29 00:40:30 {"status":"bad","gid":"650205","msg":"添加失败！号码【1646169(-|-)】已存在！"}
2024-04-29 00:40:31 随机等待 233 秒，约 3 分钟
2024-04-29 00:40:31 下次操作: 2024-04-29 00:44:24

2024-04-29 00:44:24 开始第 6276 次操作

2024-04-29 00:44:24 开始操作号码 【1646170】
2024-04-29 00:44:30 GSD getOne 第 1 次 等待 3 秒
2024-04-29 00:44:33 查询号码 【1646170】，返回信息 {"status":"ok","msg":"-","gid":"650229","time_insert":"2023-04-12 22:32"}
2024-04-29 00:44:33 查询号码 【1646170】，GSD为【"-"】
2024-04-29 00:44:33 ok && -
2024-04-29 00:44:36 CHB 1646170?1714322673 第 1 次 等待 3 秒
2024-04-29 00:44:39 CHB 1646170?1714322673 第 1 次 获取到号码【1646170】GSD
2024-04-29 00:44:39 未获取到号码【1646170】GSD，可能号码格式错误
2024-04-29 00:44:39 获取到号码【1646170】的GSD为【-】
2024-04-29 00:44:44 GSD insert 第 1 次 等待 3 秒
2024-04-29 00:44:47 {"status":"bad","gid":"650229","msg":"添加失败！号码【1646170(-|-)】已存在！"}

2024-04-29 01:09:55 开始第 6277 次操作

2024-04-29 01:09:55 开始操作号码 【1646171】
2024-04-29 01:10:01 GSD getOne 第 1 次 等待 3 秒
2024-04-29 01:10:04 查询号码 【1646171】，返回信息 {"status":"ok","msg":"-","gid":"650256","time_insert":"2023-04-12 22:51"}
2024-04-29 01:10:04 查询号码 【1646171】，GSD为【"-"】
2024-04-29 01:10:04 ok && -
2024-04-29 01:10:07 CHB 1646171?1714324204 第 1 次 等待 3 秒
2024-04-29 01:10:10 CHB 1646171?1714324204 第 1 次 获取到号码【1646171】GSD
2024-04-29 01:10:10 未获取到号码【1646171】GSD，可能号码格式错误
2024-04-29 01:10:10 获取到号码【1646171】的GSD为【-】
2024-04-29 01:10:15 GSD insert 第 1 次 等待 3 秒
2024-04-29 01:10:18 {"status":"bad","gid":"650256","msg":"添加失败！号码【1646171(-|-)】已存在！"}
2024-04-29 01:10:18 随机等待 134 秒，约 2 分钟
2024-04-29 01:10:18 下次操作: 2024-04-29 01:12:32

2024-04-29 01:12:32 开始第 6278 次操作

2024-04-29 01:12:32 开始操作号码 【1646172】
2024-04-29 01:12:39 GSD getOne 第 1 次 等待 3 秒
2024-04-29 01:12:42 查询号码 【1646172】，返回信息 {"status":"ok","msg":"-","gid":"650272","time_insert":"2023-04-12 23:00"}
2024-04-29 01:12:42 查询号码 【1646172】，GSD为【"-"】
2024-04-29 01:12:42 ok && -
2024-04-29 01:12:45 CHB 1646172?1714324362 第 1 次 等待 3 秒
2024-04-29 01:12:48 CHB 1646172?1714324362 第 1 次 获取到号码【1646172】GSD
2024-04-29 01:12:48 未获取到号码【1646172】GSD，可能号码格式错误
2024-04-29 01:12:48 获取到号码【1646172】的GSD为【-】
2024-04-29 01:12:56 GSD insert 第 1 次 等待 3 秒
2024-04-29 01:12:59 {"status":"bad","gid":"650272","msg":"添加失败！号码【1646172(-|-)】已存在！"}
2024-04-29 01:12:59 随机等待 68 秒，约 1 分钟
2024-04-29 01:12:59 下次操作: 2024-04-29 01:14:07

2024-04-29 01:14:07 开始第 6279 次操作

2024-04-29 01:14:07 开始操作号码 【1646173】
2024-04-29 01:14:20 GSD getOne 第 1 次 等待 3 秒
2024-04-29 01:14:23 查询号码 【1646173】，返回信息 {"status":"ok","msg":"-","gid":"650283","time_insert":"2023-04-12 23:09"}
2024-04-29 01:14:23 查询号码 【1646173】，GSD为【"-"】
2024-04-29 01:14:23 ok && -
2024-04-29 01:14:25 CHB 1646173?1714324463 第 1 次 等待 3 秒
2024-04-29 01:14:28 CHB 1646173?1714324463 第 1 次 获取到号码【1646173】GSD
2024-04-29 01:14:28 未获取到号码【1646173】GSD，可能号码格式错误
2024-04-29 01:14:28 获取到号码【1646173】的GSD为【-】
2024-04-29 01:14:37 GSD insert 第 1 次 等待 3 秒
2024-04-29 01:14:40 {"status":"bad","gid":"650283","msg":"添加失败！号码【1646173(-|-)】已存在！"}
2024-04-29 01:14:40 随机等待 193 秒，约 3 分钟
2024-04-29 01:14:40 下次操作: 2024-04-29 01:17:53

2024-04-29 01:17:53 开始第 6280 次操作

2024-04-29 01:17:53 开始操作号码 【1646174】
2024-04-29 01:17:58 GSD getOne 第 1 次 等待 3 秒
2024-04-29 01:18:01 查询号码 【1646174】，返回信息 {"status":"ok","msg":"-","gid":"650316","time_insert":"2023-04-12 23:33"}
2024-04-29 01:18:01 查询号码 【1646174】，GSD为【"-"】
2024-04-29 01:18:01 ok && -
2024-04-29 01:18:04 CHB 1646174?1714324681 第 1 次 等待 3 秒
2024-04-29 01:18:07 CHB 1646174?1714324681 第 1 次 获取到号码【1646174】GSD
2024-04-29 01:18:07 未获取到号码【1646174】GSD，可能号码格式错误
2024-04-29 01:18:07 获取到号码【1646174】的GSD为【-】
2024-04-29 01:18:12 GSD insert 第 1 次 等待 3 秒
2024-04-29 01:18:15 {"status":"bad","gid":"650316","msg":"添加失败！号码【1646174(-|-)】已存在！"}

