2024-12-09 00:25:59 开始第 8693 次操作

2024-12-09 00:25:59 开始操作号码 【1328692】
2024-12-09 00:26:00 GSD getOne 第 1 次 等待 3 秒
2024-12-09 00:26:03 查询号码 【1328692】，返回信息 {"status":"ok","msg":"广东-中山","gid":"212708","time_insert":"2021-07-07 07:45"}
2024-12-09 00:26:03 查询号码 【1328692】，GSD为【"广东-中山"】

2024-12-09 00:26:04 开始第 8694 次操作

2024-12-09 00:26:04 开始操作号码 【1328693】
2024-12-09 00:26:05 GSD getOne 第 1 次 等待 3 秒
2024-12-09 00:26:08 查询号码 【1328693】，返回信息 {"status":"ok","msg":"广东-中山","gid":"212704","time_insert":"2021-07-07 07:44"}
2024-12-09 00:26:08 查询号码 【1328693】，GSD为【"广东-中山"】

2024-12-09 00:26:09 开始第 8695 次操作

2024-12-09 00:26:09 开始操作号码 【1328694】
2024-12-09 00:26:10 GSD getOne 第 1 次 等待 3 秒
2024-12-09 00:26:13 查询号码 【1328694】，返回信息 {"status":"ok","msg":"广东-中山","gid":"212697","time_insert":"2021-07-07 07:44"}
2024-12-09 00:26:13 查询号码 【1328694】，GSD为【"广东-中山"】

2024-12-09 00:26:14 开始第 8696 次操作

2024-12-09 00:26:14 开始操作号码 【1328695】
2024-12-09 00:26:15 GSD getOne 第 1 次 等待 3 秒
2024-12-09 00:26:18 查询号码 【1328695】，返回信息 {"status":"ok","msg":"广东-湛江","gid":"2632","time_insert":"2018-10-12 22:55","time_update":"2020-09-25 03:13"}
2024-12-09 00:26:18 查询号码 【1328695】，GSD为【"广东-湛江"】

