2024-01-14 00:12:48 开始第 8841 次操作

2024-01-14 00:12:48 开始操作号码 【1868734】
2024-01-14 00:12:55 GSD getOne 第 1 次 等待 3 秒
2024-01-14 00:12:58 查询号码 【1868734】，返回信息 {"status":"ok","msg":"云南-红河","gid":"423452","time_insert":"2021-07-28 11:02"}
2024-01-14 00:12:58 查询号码 【1868734】，GSD为【"云南-红河"】

2024-01-14 00:12:59 开始第 8842 次操作

2024-01-14 00:12:59 开始操作号码 【1868735】
2024-01-14 00:13:02 GSD getOne 第 1 次 等待 3 秒
2024-01-14 00:13:05 查询号码 【1868735】，返回信息 {"status":"ok","msg":"云南-红河","gid":"423445","time_insert":"2021-07-28 11:01"}
2024-01-14 00:13:05 查询号码 【1868735】，GSD为【"云南-红河"】

2024-01-14 00:13:06 开始第 8843 次操作

2024-01-14 00:13:06 开始操作号码 【1868736】
2024-01-14 00:13:13 GSD getOne 第 1 次 等待 3 秒
2024-01-14 00:13:16 查询号码 【1868736】，返回信息 {"status":"ok","msg":"云南-红河","gid":"423438","time_insert":"2021-07-28 11:01"}
2024-01-14 00:13:16 查询号码 【1868736】，GSD为【"云南-红河"】

2024-01-14 00:13:17 开始第 8844 次操作

2024-01-14 00:13:17 开始操作号码 【1868737】
2024-01-14 00:13:20 GSD getOne 第 1 次 等待 3 秒
2024-01-14 00:13:23 查询号码 【1868737】，返回信息 {"status":"ok","msg":"云南-红河","gid":"423430","time_insert":"2021-07-28 11:00"}
2024-01-14 00:13:23 查询号码 【1868737】，GSD为【"云南-红河"】

