2024-01-12 00:14:31 开始第 8473 次操作

2024-01-12 00:14:31 开始操作号码 【1868366】
2024-01-12 00:14:33 GSD getOne 第 1 次 等待 3 秒
2024-01-12 00:14:36 查询号码 【1868366】，返回信息 {"status":"ok","msg":"四川-绵阳","gid":"426053","time_insert":"2021-07-28 17:45"}
2024-01-12 00:14:37 查询号码 【1868366】，GSD为【"四川-绵阳"】

2024-01-12 00:14:38 开始第 8474 次操作

2024-01-12 00:14:38 开始操作号码 【1868367】
2024-01-12 00:14:40 GSD getOne 第 1 次 等待 3 秒
2024-01-12 00:14:43 查询号码 【1868367】，返回信息 {"status":"ok","msg":"四川-绵阳","gid":"41276","time_insert":"2019-02-24 10:03","time_update":"2020-11-11 21:01"}
2024-01-12 00:14:43 查询号码 【1868367】，GSD为【"四川-绵阳"】

2024-01-12 00:14:44 开始第 8475 次操作

2024-01-12 00:14:44 开始操作号码 【1868368】
2024-01-12 00:14:47 GSD getOne 第 1 次 等待 3 秒
2024-01-12 00:14:50 查询号码 【1868368】，返回信息 {"status":"ok","msg":"四川-成都","gid":"41277","time_insert":"2019-04-11 14:41","time_update":"2020-11-11 21:06"}
2024-01-12 00:14:50 查询号码 【1868368】，GSD为【"四川-成都"】

2024-01-12 00:14:51 开始第 8476 次操作

2024-01-12 00:14:51 开始操作号码 【1868369】
2024-01-12 00:14:54 GSD getOne 第 1 次 等待 3 秒
2024-01-12 00:14:57 查询号码 【1868369】，返回信息 {"status":"ok","msg":"四川-成都","gid":"41278","time_insert":"2019-02-15 12:21","time_update":"2020-11-11 21:09"}
2024-01-12 00:14:57 查询号码 【1868369】，GSD为【"四川-成都"】

