2023-12-12 00:14:55 开始第 2785 次操作

2023-12-12 00:14:56 开始操作号码 【1862678】
2023-12-12 00:14:59 GSD getOne 第 1 次 等待 3 秒
2023-12-12 00:15:02 查询号码 【1862678】，返回信息 {"status":"ok","msg":"吉林-白城","gid":"485729","time_insert":"2021-08-03 02:21"}
2023-12-12 00:15:03 查询号码 【1862678】，GSD为【"吉林-白城"】

2023-12-12 00:15:04 开始第 2786 次操作

2023-12-12 00:15:04 开始操作号码 【1862679】
2023-12-12 00:15:07 GSD getOne 第 1 次 等待 3 秒
2023-12-12 00:15:10 查询号码 【1862679】，返回信息 {"status":"ok","msg":"吉林-白城","gid":"485726","time_insert":"2021-08-03 02:20"}
2023-12-12 00:15:10 查询号码 【1862679】，GSD为【"吉林-白城"】

2023-12-12 00:15:11 开始第 2787 次操作

2023-12-12 00:15:11 开始操作号码 【1862680】
2023-12-12 00:15:15 GSD getOne 第 1 次 等待 3 秒
2023-12-12 00:15:18 查询号码 【1862680】，返回信息 {"status":"ok","msg":"浙江-温州","gid":"485723","time_insert":"2021-08-03 02:20"}
2023-12-12 00:15:18 查询号码 【1862680】，GSD为【"浙江-温州"】

2023-12-12 00:15:19 开始第 2788 次操作

2023-12-12 00:15:19 开始操作号码 【1862681】
2023-12-12 00:15:22 GSD getOne 第 1 次 等待 3 秒
2023-12-12 00:15:25 查询号码 【1862681】，返回信息 {"status":"ok","msg":"浙江-温州","gid":"485718","time_insert":"2021-08-03 02:19"}
2023-12-12 00:15:25 查询号码 【1862681】，GSD为【"浙江-温州"】

