2024-07-18 00:14:46 开始第 6717 次操作

2024-07-18 00:14:46 开始操作号码 【1536599】
2024-07-18 00:14:56 GSD getOne 第 1 次 等待 3 秒
2024-07-18 00:14:59 查询号码 【1536599】，返回信息 {"status":"ok","msg":"江苏-镇江","gid":"403676","time_insert":"2021-07-26 17:14"}
2024-07-18 00:14:59 查询号码 【1536599】，GSD为【"江苏-镇江"】

2024-07-18 00:15:00 开始第 6718 次操作

2024-07-18 00:15:00 开始操作号码 【1536600】
2024-07-18 00:15:08 GSD getOne 第 1 次 等待 3 秒
2024-07-18 00:15:11 查询号码 【1536600】，返回信息 {"status":"ok","msg":"江苏-南京","gid":"403673","time_insert":"2021-07-26 17:13"}
2024-07-18 00:15:11 查询号码 【1536600】，GSD为【"江苏-南京"】

2024-07-18 00:15:12 开始第 6719 次操作

2024-07-18 00:15:12 开始操作号码 【1536601】
2024-07-18 00:15:20 GSD getOne 第 1 次 等待 3 秒
2024-07-18 00:15:23 查询号码 【1536601】，返回信息 {"status":"ok","msg":"江苏-南京","gid":"403667","time_insert":"2021-07-26 17:12"}
2024-07-18 00:15:23 查询号码 【1536601】，GSD为【"江苏-南京"】

2024-07-18 00:15:24 开始第 6720 次操作

2024-07-18 00:15:24 开始操作号码 【1536602】
2024-07-18 00:15:34 GSD getOne 第 1 次 等待 3 秒
2024-07-18 00:15:37 查询号码 【1536602】，返回信息 {"status":"ok","msg":"江苏-南京","gid":"403658","time_insert":"2021-07-26 17:11"}
2024-07-18 00:15:37 查询号码 【1536602】，GSD为【"江苏-南京"】

2024-07-18 00:40:05 开始第 6721 次操作

2024-07-18 00:40:05 开始操作号码 【1536603】
2024-07-18 00:40:13 GSD getOne 第 1 次 等待 3 秒
2024-07-18 00:40:16 查询号码 【1536603】，返回信息 {"status":"ok","msg":"江苏-南京","gid":"403653","time_insert":"2021-07-26 17:10"}
2024-07-18 00:40:16 查询号码 【1536603】，GSD为【"江苏-南京"】

2024-07-18 00:40:17 开始第 6722 次操作

2024-07-18 00:40:17 开始操作号码 【1536604】
2024-07-18 00:40:26 GSD getOne 第 1 次 等待 3 秒
2024-07-18 00:40:29 查询号码 【1536604】，返回信息 {"status":"ok","msg":"江苏-南京","gid":"403645","time_insert":"2021-07-26 17:09"}
2024-07-18 00:40:29 查询号码 【1536604】，GSD为【"江苏-南京"】

2024-07-18 00:40:30 开始第 6723 次操作

2024-07-18 00:40:30 开始操作号码 【1536605】
2024-07-18 00:40:38 GSD getOne 第 1 次 等待 3 秒
2024-07-18 00:40:41 查询号码 【1536605】，返回信息 {"status":"ok","msg":"江苏-南京","gid":"403638","time_insert":"2021-07-26 17:08"}
2024-07-18 00:40:41 查询号码 【1536605】，GSD为【"江苏-南京"】

2024-07-18 00:40:42 开始第 6724 次操作

2024-07-18 00:40:42 开始操作号码 【1536606】
2024-07-18 00:40:50 GSD getOne 第 1 次 等待 3 秒
2024-07-18 00:40:53 查询号码 【1536606】，返回信息 {"status":"ok","msg":"江苏-南京","gid":"403630","time_insert":"2021-07-26 17:08"}
2024-07-18 00:40:53 查询号码 【1536606】，GSD为【"江苏-南京"】

2024-07-18 01:10:17 开始第 6725 次操作

2024-07-18 01:10:17 开始操作号码 【1536607】
2024-07-18 01:10:25 GSD getOne 第 1 次 等待 3 秒
2024-07-18 01:10:28 查询号码 【1536607】，返回信息 {"status":"ok","msg":"江苏-南京","gid":"403622","time_insert":"2021-07-26 17:07"}
2024-07-18 01:10:28 查询号码 【1536607】，GSD为【"江苏-南京"】

2024-07-18 01:10:29 开始第 6726 次操作

2024-07-18 01:10:29 开始操作号码 【1536608】
2024-07-18 01:10:37 GSD getOne 第 1 次 等待 3 秒
2024-07-18 01:10:40 查询号码 【1536608】，返回信息 {"status":"ok","msg":"江苏-南京","gid":"403608","time_insert":"2021-07-26 17:06"}
2024-07-18 01:10:40 查询号码 【1536608】，GSD为【"江苏-南京"】

2024-07-18 01:10:41 开始第 6727 次操作

2024-07-18 01:10:41 开始操作号码 【1536609】
2024-07-18 01:10:49 GSD getOne 第 1 次 等待 3 秒
2024-07-18 01:10:52 查询号码 【1536609】，返回信息 {"status":"ok","msg":"江苏-南京","gid":"403595","time_insert":"2021-07-26 17:05"}
2024-07-18 01:10:52 查询号码 【1536609】，GSD为【"江苏-南京"】

2024-07-18 01:10:53 开始第 6728 次操作

2024-07-18 01:10:53 开始操作号码 【1536610】
2024-07-18 01:11:00 GSD getOne 第 1 次 等待 3 秒
2024-07-18 01:11:03 查询号码 【1536610】，返回信息 {"status":"ok","msg":"江苏-南京","gid":"403582","time_insert":"2021-07-26 17:04"}
2024-07-18 01:11:03 查询号码 【1536610】，GSD为【"江苏-南京"】

