2024-03-10 00:11:34 开始第 8217 次操作

2024-03-10 00:11:34 开始操作号码 【1758110】
2024-03-10 00:11:39 GSD getOne 第 1 次 等待 3 秒
2024-03-10 00:11:42 查询号码 【1758110】，返回信息 {"status":"ok","msg":"重庆-重庆","gid":"226550","time_insert":"2021-07-09 00:10"}
2024-03-10 00:11:42 查询号码 【1758110】，GSD为【"重庆-重庆"】

2024-03-10 00:11:43 开始第 8218 次操作

2024-03-10 00:11:43 开始操作号码 【1758111】
2024-03-10 00:11:48 GSD getOne 第 1 次 等待 3 秒
2024-03-10 00:11:51 查询号码 【1758111】，返回信息 {"status":"ok","msg":"重庆-重庆","gid":"226554","time_insert":"2021-07-09 00:11"}
2024-03-10 00:11:51 查询号码 【1758111】，GSD为【"重庆-重庆"】

2024-03-10 00:11:52 开始第 8219 次操作

2024-03-10 00:11:52 开始操作号码 【1758112】
2024-03-10 00:11:58 GSD getOne 第 1 次 等待 3 秒
2024-03-10 00:12:01 查询号码 【1758112】，返回信息 {"status":"ok","msg":"重庆-重庆","gid":"226559","time_insert":"2021-07-09 00:11"}
2024-03-10 00:12:01 查询号码 【1758112】，GSD为【"重庆-重庆"】

2024-03-10 00:12:02 开始第 8220 次操作

2024-03-10 00:12:02 开始操作号码 【1758113】
2024-03-10 00:12:06 GSD getOne 第 1 次 等待 3 秒
2024-03-10 00:12:09 查询号码 【1758113】，返回信息 {"status":"ok","msg":"重庆-重庆","gid":"226562","time_insert":"2021-07-09 00:12"}
2024-03-10 00:12:09 查询号码 【1758113】，GSD为【"重庆-重庆"】

2024-03-10 00:36:41 开始第 8221 次操作

2024-03-10 00:36:41 开始操作号码 【1758114】
2024-03-10 00:36:45 GSD getOne 第 1 次 等待 3 秒
2024-03-10 00:36:48 查询号码 【1758114】，返回信息 {"status":"ok","msg":"重庆-重庆","gid":"226565","time_insert":"2021-07-09 00:12"}
2024-03-10 00:36:48 查询号码 【1758114】，GSD为【"重庆-重庆"】

2024-03-10 00:36:49 开始第 8222 次操作

2024-03-10 00:36:49 开始操作号码 【1758115】
2024-03-10 00:36:54 GSD getOne 第 1 次 等待 3 秒
2024-03-10 00:36:57 查询号码 【1758115】，返回信息 {"status":"ok","msg":"重庆-重庆","gid":"226569","time_insert":"2021-07-09 00:13"}
2024-03-10 00:36:57 查询号码 【1758115】，GSD为【"重庆-重庆"】

2024-03-10 00:36:58 开始第 8223 次操作

2024-03-10 00:36:58 开始操作号码 【1758116】
2024-03-10 00:37:03 GSD getOne 第 1 次 等待 3 秒
2024-03-10 00:37:06 查询号码 【1758116】，返回信息 {"status":"ok","msg":"重庆-重庆","gid":"226572","time_insert":"2021-07-09 00:13"}
2024-03-10 00:37:06 查询号码 【1758116】，GSD为【"重庆-重庆"】

2024-03-10 00:37:07 开始第 8224 次操作

2024-03-10 00:37:07 开始操作号码 【1758117】
2024-03-10 00:37:13 GSD getOne 第 1 次 等待 3 秒
2024-03-10 00:37:16 查询号码 【1758117】，返回信息 {"status":"ok","msg":"重庆-重庆","gid":"226579","time_insert":"2021-07-09 00:14"}
2024-03-10 00:37:16 查询号码 【1758117】，GSD为【"重庆-重庆"】

2024-03-10 01:09:07 开始第 8225 次操作

2024-03-10 01:09:07 开始操作号码 【1758118】
2024-03-10 01:09:12 GSD getOne 第 1 次 等待 3 秒
2024-03-10 01:09:15 查询号码 【1758118】，返回信息 {"status":"ok","msg":"重庆-重庆","gid":"226585","time_insert":"2021-07-09 00:15"}
2024-03-10 01:09:16 查询号码 【1758118】，GSD为【"重庆-重庆"】

2024-03-10 01:09:17 开始第 8226 次操作

2024-03-10 01:09:17 开始操作号码 【1758119】
2024-03-10 01:09:21 GSD getOne 第 1 次 等待 3 秒
2024-03-10 01:09:24 查询号码 【1758119】，返回信息 {"status":"ok","msg":"重庆-重庆","gid":"226588","time_insert":"2021-07-09 00:15"}
2024-03-10 01:09:24 查询号码 【1758119】，GSD为【"重庆-重庆"】

2024-03-10 01:09:25 开始第 8227 次操作

2024-03-10 01:09:25 开始操作号码 【1758120】
2024-03-10 01:09:30 GSD getOne 第 1 次 等待 3 秒
2024-03-10 01:09:33 查询号码 【1758120】，返回信息 {"status":"ok","msg":"吉林-长春","gid":"226593","time_insert":"2021-07-09 00:16"}
2024-03-10 01:09:33 查询号码 【1758120】，GSD为【"吉林-长春"】

2024-03-10 01:09:34 开始第 8228 次操作

2024-03-10 01:09:34 开始操作号码 【1758121】
2024-03-10 01:09:38 GSD getOne 第 1 次 等待 3 秒
2024-03-10 01:09:41 查询号码 【1758121】，返回信息 {"status":"ok","msg":"吉林-长春","gid":"226596","time_insert":"2021-07-09 00:16"}
2024-03-10 01:09:41 查询号码 【1758121】，GSD为【"吉林-长春"】

2024-03-10 01:34:07 开始第 8229 次操作

2024-03-10 01:34:07 开始操作号码 【1758122】
2024-03-10 01:34:12 GSD getOne 第 1 次 等待 3 秒
2024-03-10 01:34:15 查询号码 【1758122】，返回信息 {"status":"ok","msg":"吉林-长春","gid":"226601","time_insert":"2021-07-09 00:17"}
2024-03-10 01:34:15 查询号码 【1758122】，GSD为【"吉林-长春"】

2024-03-10 01:34:16 开始第 8230 次操作

2024-03-10 01:34:16 开始操作号码 【1758123】
2024-03-10 01:34:21 GSD getOne 第 1 次 等待 3 秒
2024-03-10 01:34:24 查询号码 【1758123】，返回信息 {"status":"ok","msg":"吉林-长春","gid":"226608","time_insert":"2021-07-09 00:18"}
2024-03-10 01:34:24 查询号码 【1758123】，GSD为【"吉林-长春"】

2024-03-10 01:34:25 开始第 8231 次操作

2024-03-10 01:34:25 开始操作号码 【1758124】
2024-03-10 01:34:29 GSD getOne 第 1 次 等待 3 秒
2024-03-10 01:34:32 查询号码 【1758124】，返回信息 {"status":"ok","msg":"吉林-长春","gid":"226614","time_insert":"2021-07-09 00:18"}
2024-03-10 01:34:32 查询号码 【1758124】，GSD为【"吉林-长春"】

2024-03-10 01:34:33 开始第 8232 次操作

2024-03-10 01:34:33 开始操作号码 【1758125】
2024-03-10 01:34:37 GSD getOne 第 1 次 等待 3 秒
2024-03-10 01:34:40 查询号码 【1758125】，返回信息 {"status":"ok","msg":"吉林-通化","gid":"226617","time_insert":"2021-07-09 00:19"}
2024-03-10 01:34:40 查询号码 【1758125】，GSD为【"吉林-通化"】

2024-03-10 02:12:06 开始第 8233 次操作

2024-03-10 02:12:06 开始操作号码 【1758126】
2024-03-10 02:12:10 GSD getOne 第 1 次 等待 3 秒
2024-03-10 02:12:13 查询号码 【1758126】，返回信息 {"status":"ok","msg":"吉林-白城","gid":"226619","time_insert":"2021-07-09 00:19"}
2024-03-10 02:12:13 查询号码 【1758126】，GSD为【"吉林-白城"】

2024-03-10 02:12:14 开始第 8234 次操作

2024-03-10 02:12:14 开始操作号码 【1758127】
2024-03-10 02:12:18 GSD getOne 第 1 次 等待 3 秒
2024-03-10 02:12:21 查询号码 【1758127】，返回信息 {"status":"ok","msg":"吉林-白城","gid":"226925","time_insert":"2021-07-09 01:42"}
2024-03-10 02:12:21 查询号码 【1758127】，GSD为【"吉林-白城"】

2024-03-10 02:12:22 开始第 8235 次操作

2024-03-10 02:12:22 开始操作号码 【1758128】
2024-03-10 02:12:27 GSD getOne 第 1 次 等待 3 秒
2024-03-10 02:12:30 查询号码 【1758128】，返回信息 {"status":"ok","msg":"吉林-四平","gid":"226929","time_insert":"2021-07-09 01:42"}
2024-03-10 02:12:30 查询号码 【1758128】，GSD为【"吉林-四平"】

2024-03-10 02:12:31 开始第 8236 次操作

2024-03-10 02:12:31 开始操作号码 【1758129】
2024-03-10 02:12:35 GSD getOne 第 1 次 等待 3 秒
2024-03-10 02:12:38 查询号码 【1758129】，返回信息 {"status":"ok","msg":"吉林-延边","gid":"226935","time_insert":"2021-07-09 01:43"}
2024-03-10 02:12:38 查询号码 【1758129】，GSD为【"吉林-延边"】

2024-03-10 02:33:49 开始第 8237 次操作

2024-03-10 02:33:49 开始操作号码 【1758130】
2024-03-10 02:33:54 GSD getOne 第 1 次 等待 3 秒
2024-03-10 02:33:57 查询号码 【1758130】，返回信息 {"status":"ok","msg":"四川-巴中","gid":"226939","time_insert":"2021-07-09 01:43"}
2024-03-10 02:33:57 查询号码 【1758130】，GSD为【"四川-巴中"】

2024-03-10 02:33:58 开始第 8238 次操作

2024-03-10 02:33:58 开始操作号码 【1758131】
2024-03-10 02:34:02 GSD getOne 第 1 次 等待 3 秒
2024-03-10 02:34:05 查询号码 【1758131】，返回信息 {"status":"ok","msg":"四川-巴中","gid":"226945","time_insert":"2021-07-09 01:44"}
2024-03-10 02:34:05 查询号码 【1758131】，GSD为【"四川-巴中"】

2024-03-10 02:34:06 开始第 8239 次操作

2024-03-10 02:34:06 开始操作号码 【1758132】
2024-03-10 02:34:11 GSD getOne 第 1 次 等待 3 秒
2024-03-10 02:34:14 查询号码 【1758132】，返回信息 {"status":"ok","msg":"四川-南充","gid":"226950","time_insert":"2021-07-09 01:44"}
2024-03-10 02:34:14 查询号码 【1758132】，GSD为【"四川-南充"】

2024-03-10 02:34:15 开始第 8240 次操作

2024-03-10 02:34:15 开始操作号码 【1758133】
2024-03-10 02:34:19 GSD getOne 第 1 次 等待 3 秒
2024-03-10 02:34:22 查询号码 【1758133】，返回信息 {"status":"ok","msg":"四川-南充","gid":"226959","time_insert":"2021-07-09 01:46"}
2024-03-10 02:34:22 查询号码 【1758133】，GSD为【"四川-南充"】

2024-03-10 03:07:36 开始第 8241 次操作

2024-03-10 03:07:36 开始操作号码 【1758134】
2024-03-10 03:07:41 GSD getOne 第 1 次 等待 3 秒
2024-03-10 03:07:44 查询号码 【1758134】，返回信息 {"status":"ok","msg":"四川-南充","gid":"226967","time_insert":"2021-07-09 01:47"}
2024-03-10 03:07:44 查询号码 【1758134】，GSD为【"四川-南充"】

2024-03-10 03:07:45 开始第 8242 次操作

2024-03-10 03:07:45 开始操作号码 【1758135】
2024-03-10 03:07:49 GSD getOne 第 1 次 等待 3 秒
2024-03-10 03:07:52 查询号码 【1758135】，返回信息 {"status":"ok","msg":"四川-南充","gid":"226973","time_insert":"2021-07-09 01:47"}
2024-03-10 03:07:52 查询号码 【1758135】，GSD为【"四川-南充"】

2024-03-10 03:07:53 开始第 8243 次操作

2024-03-10 03:07:53 开始操作号码 【1758136】
2024-03-10 03:07:58 GSD getOne 第 1 次 等待 3 秒
2024-03-10 03:08:01 查询号码 【1758136】，返回信息 {"status":"ok","msg":"四川-南充","gid":"226981","time_insert":"2021-07-09 01:48"}
2024-03-10 03:08:01 查询号码 【1758136】，GSD为【"四川-南充"】

2024-03-10 03:08:02 开始第 8244 次操作

2024-03-10 03:08:02 开始操作号码 【1758137】
2024-03-10 03:08:06 GSD getOne 第 1 次 等待 3 秒
2024-03-10 03:08:09 查询号码 【1758137】，返回信息 {"status":"ok","msg":"四川-南充","gid":"226989","time_insert":"2021-07-09 01:48"}
2024-03-10 03:08:09 查询号码 【1758137】，GSD为【"四川-南充"】

