2024-09-01 00:16:17 开始第 2245 次操作

2024-09-01 00:16:17 开始操作号码 【1422244】
2024-09-01 00:16:27 GSD getOne 第 1 次 等待 3 秒
2024-09-01 00:16:30 查询号码 【1422244】，返回信息 {"status":"ok","msg":"-","gid":"558570","time_insert":"2023-02-27 12:25"}
2024-09-01 00:16:30 查询号码 【1422244】，GSD为【"-"】
2024-09-01 00:16:30 ok && -
2024-09-01 00:16:33 CHB 1422244?1725120990 第 1 次 等待 3 秒
2024-09-01 00:16:36 CHB 1422244?1725120990 第 1 次 获取到号码【1422244】GSD
2024-09-01 00:16:36 未获取到号码【1422244】GSD，可能号码格式错误
2024-09-01 00:16:36 获取到号码【1422244】的GSD为【-】
2024-09-01 00:16:45 GSD insert 第 1 次 等待 3 秒
2024-09-01 00:16:48 {"status":"bad","gid":"558570","msg":"添加失败！号码【1422244(-|-)】已存在！"}
2024-09-01 00:16:48 随机等待 68 秒，约 1 分钟
2024-09-01 00:16:48 下次操作: 2024-09-01 00:17:56

2024-09-01 00:17:56 开始第 2246 次操作

2024-09-01 00:17:56 开始操作号码 【1422245】
2024-09-01 00:18:04 GSD getOne 第 1 次 等待 3 秒
2024-09-01 00:18:07 查询号码 【1422245】，返回信息 {"status":"ok","msg":"-","gid":"558579","time_insert":"2023-02-27 12:35"}
2024-09-01 00:18:07 查询号码 【1422245】，GSD为【"-"】
2024-09-01 00:18:07 ok && -
2024-09-01 00:18:10 CHB 1422245?1725121087 第 1 次 等待 3 秒
2024-09-01 00:18:13 CHB 1422245?1725121087 第 1 次 获取到号码【1422245】GSD
2024-09-01 00:18:13 未获取到号码【1422245】GSD，可能号码格式错误
2024-09-01 00:18:13 获取到号码【1422245】的GSD为【-】
2024-09-01 00:18:21 GSD insert 第 1 次 等待 3 秒
2024-09-01 00:18:24 {"status":"bad","gid":"558579","msg":"添加失败！号码【1422245(-|-)】已存在！"}
2024-09-01 00:18:24 随机等待 71 秒，约 1 分钟
2024-09-01 00:18:24 下次操作: 2024-09-01 00:19:35

2024-09-01 00:19:35 开始第 2247 次操作

2024-09-01 00:19:35 开始操作号码 【1422246】
2024-09-01 00:19:43 GSD getOne 第 1 次 等待 3 秒
2024-09-01 00:19:46 查询号码 【1422246】，返回信息 {"status":"ok","msg":"-","gid":"558595","time_insert":"2023-02-27 12:44"}
2024-09-01 00:19:46 查询号码 【1422246】，GSD为【"-"】
2024-09-01 00:19:46 ok && -
2024-09-01 00:19:48 CHB 1422246?1725121186 第 1 次 等待 3 秒
2024-09-01 00:19:51 CHB 1422246?1725121186 第 1 次 获取到号码【1422246】GSD
2024-09-01 00:19:51 未获取到号码【1422246】GSD，可能号码格式错误
2024-09-01 00:19:51 获取到号码【1422246】的GSD为【-】
2024-09-01 00:19:59 GSD insert 第 1 次 等待 3 秒
2024-09-01 00:20:02 {"status":"bad","gid":"558595","msg":"添加失败！号码【1422246(-|-)】已存在！"}
2024-09-01 00:20:02 随机等待 198 秒，约 3 分钟
2024-09-01 00:20:02 下次操作: 2024-09-01 00:23:20

2024-09-01 00:23:20 开始第 2248 次操作

2024-09-01 00:23:20 开始操作号码 【1422247】
2024-09-01 00:23:29 GSD getOne 第 1 次 等待 3 秒
2024-09-01 00:23:32 查询号码 【1422247】，返回信息 {"status":"ok","msg":"-","gid":"558629","time_insert":"2023-02-27 13:01"}
2024-09-01 00:23:32 查询号码 【1422247】，GSD为【"-"】
2024-09-01 00:23:32 ok && -
2024-09-01 00:23:36 CHB 1422247?1725121412 第 1 次 等待 3 秒
2024-09-01 00:23:39 CHB 1422247?1725121412 第 1 次 获取到号码【1422247】GSD
2024-09-01 00:23:39 未获取到号码【1422247】GSD，可能号码格式错误
2024-09-01 00:23:39 获取到号码【1422247】的GSD为【-】
2024-09-01 00:23:49 GSD insert 第 1 次 等待 3 秒
2024-09-01 00:23:52 {"status":"bad","gid":"558629","msg":"添加失败！号码【1422247(-|-)】已存在！"}

2024-09-01 00:41:31 开始第 2249 次操作

2024-09-01 00:41:31 开始操作号码 【1422248】
2024-09-01 00:41:42 GSD getOne 第 1 次 等待 3 秒
2024-09-01 00:41:45 查询号码 【1422248】，返回信息 {"status":"ok","msg":"-","gid":"558653","time_insert":"2023-02-27 13:16"}
2024-09-01 00:41:45 查询号码 【1422248】，GSD为【"-"】
2024-09-01 00:41:45 ok && -
2024-09-01 00:41:48 CHB 1422248?1725122505 第 1 次 等待 3 秒
2024-09-01 00:41:51 CHB 1422248?1725122505 第 1 次 获取到号码【1422248】GSD
2024-09-01 00:41:51 未获取到号码【1422248】GSD，可能号码格式错误
2024-09-01 00:41:51 获取到号码【1422248】的GSD为【-】
2024-09-01 00:41:59 GSD insert 第 1 次 等待 3 秒
2024-09-01 00:42:02 {"status":"bad","gid":"558653","msg":"添加失败！号码【1422248(-|-)】已存在！"}
2024-09-01 00:42:02 随机等待 190 秒，约 3 分钟
2024-09-01 00:42:02 下次操作: 2024-09-01 00:45:12

2024-09-01 00:45:12 开始第 2250 次操作

2024-09-01 00:45:12 开始操作号码 【1422249】
2024-09-01 00:45:20 GSD getOne 第 1 次 等待 3 秒
2024-09-01 00:45:23 查询号码 【1422249】，返回信息 {"status":"ok","msg":"-","gid":"558678","time_insert":"2023-02-27 13:31"}
2024-09-01 00:45:23 查询号码 【1422249】，GSD为【"-"】
2024-09-01 00:45:23 ok && -
2024-09-01 00:45:25 CHB 1422249?1725122723 第 1 次 等待 3 秒
2024-09-01 00:45:28 CHB 1422249?1725122723 第 1 次 获取到号码【1422249】GSD
2024-09-01 00:45:28 未获取到号码【1422249】GSD，可能号码格式错误
2024-09-01 00:45:28 获取到号码【1422249】的GSD为【-】
2024-09-01 00:45:37 GSD insert 第 1 次 等待 3 秒
2024-09-01 00:45:40 {"status":"bad","gid":"558678","msg":"添加失败！号码【1422249(-|-)】已存在！"}
2024-09-01 00:45:40 随机等待 203 秒，约 3 分钟
2024-09-01 00:45:40 下次操作: 2024-09-01 00:49:03

2024-09-01 00:49:03 开始第 2251 次操作

2024-09-01 00:49:03 开始操作号码 【1422250】
2024-09-01 00:49:11 GSD getOne 第 1 次 等待 3 秒
2024-09-01 00:49:14 查询号码 【1422250】，返回信息 {"status":"ok","msg":"-","gid":"558700","time_insert":"2023-02-27 13:42"}
2024-09-01 00:49:14 查询号码 【1422250】，GSD为【"-"】
2024-09-01 00:49:14 ok && -
2024-09-01 00:49:16 CHB 1422250?1725122954 第 1 次 等待 3 秒
2024-09-01 00:49:20 CHB 1422250?1725122954 第 1 次 获取到号码【1422250】GSD
2024-09-01 00:49:20 未获取到号码【1422250】GSD，可能号码格式错误
2024-09-01 00:49:20 获取到号码【1422250】的GSD为【-】
2024-09-01 00:49:28 GSD insert 第 1 次 等待 3 秒
2024-09-01 00:49:31 {"status":"bad","gid":"558700","msg":"添加失败！号码【1422250(-|-)】已存在！"}
2024-09-01 00:49:31 随机等待 67 秒，约 1 分钟
2024-09-01 00:49:31 下次操作: 2024-09-01 00:50:38

2024-09-01 00:50:38 开始第 2252 次操作

2024-09-01 00:50:38 开始操作号码 【1422251】
2024-09-01 00:50:54 GSD getOne 第 1 次 等待 3 秒
2024-09-01 00:50:57 查询号码 【1422251】，返回信息 {"status":"ok","msg":"-","gid":"558717","time_insert":"2023-02-27 13:52"}
2024-09-01 00:50:57 查询号码 【1422251】，GSD为【"-"】
2024-09-01 00:50:57 ok && -
2024-09-01 00:51:00 CHB 1422251?1725123057 第 1 次 等待 3 秒
2024-09-01 00:51:03 CHB 1422251?1725123057 第 1 次 获取到号码【1422251】GSD
2024-09-01 00:51:03 未获取到号码【1422251】GSD，可能号码格式错误
2024-09-01 00:51:03 获取到号码【1422251】的GSD为【-】
2024-09-01 00:51:24 GSD insert 第 1 次 等待 3 秒
2024-09-01 00:51:27 {"status":"bad","gid":"558717","msg":"添加失败！号码【1422251(-|-)】已存在！"}

2024-09-01 01:10:41 开始第 2253 次操作

2024-09-01 01:10:41 开始操作号码 【1422252】
2024-09-01 01:10:52 GSD getOne 第 1 次 等待 3 秒
2024-09-01 01:10:55 查询号码 【1422252】，返回信息 {"status":"ok","msg":"-","gid":"558744","time_insert":"2023-02-27 14:07"}
2024-09-01 01:10:55 查询号码 【1422252】，GSD为【"-"】
2024-09-01 01:10:55 ok && -
2024-09-01 01:11:25 CHB 1422252?1725124255 第 1 次 等待 3 秒
2024-09-01 01:11:28 CHB 1422252?1725124255 第 1 次 获取到号码【1422252】GSD
2024-09-01 01:11:28 未获取到号码【1422252】GSD，可能号码格式错误
2024-09-01 01:11:28 获取到号码【1422252】的GSD为【-】
2024-09-01 01:11:39 GSD insert 第 1 次 等待 3 秒
2024-09-01 01:11:42 {"status":"bad","gid":"558744","msg":"添加失败！号码【1422252(-|-)】已存在！"}
2024-09-01 01:11:42 随机等待 159 秒，约 2 分钟
2024-09-01 01:11:42 下次操作: 2024-09-01 01:14:21

2024-09-01 01:14:21 开始第 2254 次操作

2024-09-01 01:14:21 开始操作号码 【1422253】
2024-09-01 01:14:28 GSD getOne 第 1 次 等待 3 秒
2024-09-01 01:14:31 查询号码 【1422253】，返回信息 {"status":"ok","msg":"-","gid":"558764","time_insert":"2023-02-27 14:21"}
2024-09-01 01:14:32 查询号码 【1422253】，GSD为【"-"】
2024-09-01 01:14:32 ok && -
2024-09-01 01:14:33 CHB 1422253?1725124472 第 1 次 等待 3 秒
2024-09-01 01:14:36 CHB 1422253?1725124472 第 1 次 获取到号码【1422253】GSD
2024-09-01 01:14:36 未获取到号码【1422253】GSD，可能号码格式错误
2024-09-01 01:14:36 获取到号码【1422253】的GSD为【-】
2024-09-01 01:14:44 GSD insert 第 1 次 等待 3 秒
2024-09-01 01:14:47 {"status":"bad","gid":"558764","msg":"添加失败！号码【1422253(-|-)】已存在！"}
2024-09-01 01:14:47 随机等待 201 秒，约 3 分钟
2024-09-01 01:14:47 下次操作: 2024-09-01 01:18:08

2024-09-01 01:18:08 开始第 2255 次操作

2024-09-01 01:18:08 开始操作号码 【1422254】
2024-09-01 01:18:18 GSD getOne 第 1 次 等待 3 秒
2024-09-01 01:18:21 查询号码 【1422254】，返回信息 {"status":"ok","msg":"-","gid":"558787","time_insert":"2023-02-27 14:38"}
2024-09-01 01:18:21 查询号码 【1422254】，GSD为【"-"】
2024-09-01 01:18:21 ok && -
2024-09-01 01:18:23 CHB 1422254?1725124701 第 1 次 等待 3 秒
2024-09-01 01:18:26 CHB 1422254?1725124701 第 1 次 获取到号码【1422254】GSD
2024-09-01 01:18:26 未获取到号码【1422254】GSD，可能号码格式错误
2024-09-01 01:18:26 获取到号码【1422254】的GSD为【-】
2024-09-01 01:18:34 GSD insert 第 1 次 等待 3 秒
2024-09-01 01:18:37 {"status":"bad","gid":"558787","msg":"添加失败！号码【1422254(-|-)】已存在！"}
2024-09-01 01:18:37 随机等待 117 秒，约 1 分钟
2024-09-01 01:18:37 下次操作: 2024-09-01 01:20:34

2024-09-01 01:20:34 开始第 2256 次操作

2024-09-01 01:20:34 开始操作号码 【1422255】
2024-09-01 01:20:41 GSD getOne 第 1 次 等待 3 秒
2024-09-01 01:20:44 查询号码 【1422255】，返回信息 {"status":"ok","msg":"-","gid":"558815","time_insert":"2023-02-27 14:54"}
2024-09-01 01:20:45 查询号码 【1422255】，GSD为【"-"】
2024-09-01 01:20:45 ok && -
2024-09-01 01:20:51 CHB 1422255?1725124845 第 1 次 等待 3 秒
2024-09-01 01:20:54 CHB 1422255?1725124845 第 1 次 获取到号码【1422255】GSD
2024-09-01 01:20:54 未获取到号码【1422255】GSD，可能号码格式错误
2024-09-01 01:20:54 获取到号码【1422255】的GSD为【-】
2024-09-01 01:21:02 GSD insert 第 1 次 等待 3 秒
2024-09-01 01:21:05 {"status":"bad","gid":"558815","msg":"添加失败！号码【1422255(-|-)】已存在！"}

2024-09-01 01:34:58 开始第 2257 次操作

2024-09-01 01:34:58 开始操作号码 【1422256】
2024-09-01 01:35:07 GSD getOne 第 1 次 等待 3 秒
2024-09-01 01:35:10 查询号码 【1422256】，返回信息 {"status":"ok","msg":"-","gid":"558845","time_insert":"2023-02-27 15:12"}
2024-09-01 01:35:10 查询号码 【1422256】，GSD为【"-"】
2024-09-01 01:35:10 ok && -
2024-09-01 01:35:13 CHB 1422256?1725125710 第 1 次 等待 3 秒
2024-09-01 01:35:16 CHB 1422256?1725125710 第 1 次 获取到号码【1422256】GSD
2024-09-01 01:35:16 未获取到号码【1422256】GSD，可能号码格式错误
2024-09-01 01:35:16 获取到号码【1422256】的GSD为【-】
2024-09-01 01:35:24 GSD insert 第 1 次 等待 3 秒
2024-09-01 01:35:27 {"status":"bad","gid":"558845","msg":"添加失败！号码【1422256(-|-)】已存在！"}
2024-09-01 01:35:27 随机等待 89 秒，约 1 分钟
2024-09-01 01:35:27 下次操作: 2024-09-01 01:36:56

2024-09-01 01:36:56 开始第 2258 次操作

2024-09-01 01:36:56 开始操作号码 【1422257】
2024-09-01 01:37:04 GSD getOne 第 1 次 等待 3 秒
2024-09-01 01:37:07 查询号码 【1422257】，返回信息 {"status":"ok","msg":"-","gid":"558872","time_insert":"2023-02-27 15:27"}
2024-09-01 01:37:07 查询号码 【1422257】，GSD为【"-"】
2024-09-01 01:37:07 ok && -
2024-09-01 01:37:11 CHB 1422257?1725125827 第 1 次 等待 3 秒
2024-09-01 01:37:14 CHB 1422257?1725125827 第 1 次 获取到号码【1422257】GSD
2024-09-01 01:37:14 未获取到号码【1422257】GSD，可能号码格式错误
2024-09-01 01:37:14 获取到号码【1422257】的GSD为【-】
2024-09-01 01:37:23 GSD insert 第 1 次 等待 3 秒
2024-09-01 01:37:26 {"status":"bad","gid":"558872","msg":"添加失败！号码【1422257(-|-)】已存在！"}
2024-09-01 01:37:26 随机等待 141 秒，约 2 分钟
2024-09-01 01:37:26 下次操作: 2024-09-01 01:39:47

2024-09-01 01:39:47 开始第 2259 次操作

2024-09-01 01:39:47 开始操作号码 【1422258】
2024-09-01 01:39:55 GSD getOne 第 1 次 等待 3 秒
2024-09-01 01:39:58 查询号码 【1422258】，返回信息 {"status":"ok","msg":"-","gid":"558889","time_insert":"2023-02-27 15:38"}
2024-09-01 01:39:58 查询号码 【1422258】，GSD为【"-"】
2024-09-01 01:39:58 ok && -
2024-09-01 01:40:00 CHB 1422258?1725125998 第 1 次 等待 3 秒
2024-09-01 01:40:03 CHB 1422258?1725125998 第 1 次 获取到号码【1422258】GSD
2024-09-01 01:40:03 未获取到号码【1422258】GSD，可能号码格式错误
2024-09-01 01:40:03 获取到号码【1422258】的GSD为【-】
2024-09-01 01:40:13 GSD insert 第 1 次 等待 3 秒
2024-09-01 01:40:16 {"status":"bad","gid":"558889","msg":"添加失败！号码【1422258(-|-)】已存在！"}
2024-09-01 01:40:16 随机等待 100 秒，约 1 分钟
2024-09-01 01:40:16 下次操作: 2024-09-01 01:41:56

2024-09-01 01:41:56 开始第 2260 次操作

2024-09-01 01:41:56 开始操作号码 【1422259】
2024-09-01 01:42:03 GSD getOne 第 1 次 等待 3 秒
2024-09-01 01:42:06 查询号码 【1422259】，返回信息 {"status":"ok","msg":"-","gid":"558922","time_insert":"2023-02-27 15:56"}
2024-09-01 01:42:06 查询号码 【1422259】，GSD为【"-"】
2024-09-01 01:42:06 ok && -
2024-09-01 01:42:09 CHB 1422259?1725126126 第 1 次 等待 3 秒
2024-09-01 01:42:12 CHB 1422259?1725126126 第 1 次 获取到号码【1422259】GSD
2024-09-01 01:42:12 未获取到号码【1422259】GSD，可能号码格式错误
2024-09-01 01:42:12 获取到号码【1422259】的GSD为【-】
2024-09-01 01:42:20 GSD insert 第 1 次 等待 3 秒
2024-09-01 01:42:23 {"status":"bad","gid":"558922","msg":"添加失败！号码【1422259(-|-)】已存在！"}

2024-09-01 02:37:59 开始第 2261 次操作

2024-09-01 02:37:59 开始操作号码 【1422260】
2024-09-01 02:38:07 GSD getOne 第 1 次 等待 3 秒
2024-09-01 02:38:10 查询号码 【1422260】，返回信息 {"status":"ok","msg":"-","gid":"558945","time_insert":"2023-02-27 16:13"}
2024-09-01 02:38:10 查询号码 【1422260】，GSD为【"-"】
2024-09-01 02:38:10 ok && -
2024-09-01 02:38:12 CHB 1422260?1725129490 第 1 次 等待 3 秒
2024-09-01 02:38:15 CHB 1422260?1725129490 第 1 次 获取到号码【1422260】GSD
2024-09-01 02:38:15 未获取到号码【1422260】GSD，可能号码格式错误
2024-09-01 02:38:15 获取到号码【1422260】的GSD为【-】
2024-09-01 02:38:23 GSD insert 第 1 次 等待 3 秒
2024-09-01 02:38:26 {"status":"bad","gid":"558945","msg":"添加失败！号码【1422260(-|-)】已存在！"}
2024-09-01 02:38:26 随机等待 108 秒，约 1 分钟
2024-09-01 02:38:26 下次操作: 2024-09-01 02:40:14

2024-09-01 02:40:14 开始第 2262 次操作

2024-09-01 02:40:14 开始操作号码 【1422261】
2024-09-01 02:40:22 GSD getOne 第 1 次 等待 3 秒
2024-09-01 02:40:25 查询号码 【1422261】，返回信息 {"status":"ok","msg":"-","gid":"558969","time_insert":"2023-02-27 16:28"}
2024-09-01 02:40:25 查询号码 【1422261】，GSD为【"-"】
2024-09-01 02:40:25 ok && -
2024-09-01 02:45:25 CHB 1422261?1725129625 第 1 次 等待 3 秒
2024-09-01 02:45:28 CHB 1422261?1725129625 第 1 次 未获取到 等待 118 秒 下次操作: 2024-09-01 02:47:26
2024-09-01 02:47:28 CHB 1422261?1725130046 第 2 次 等待 3 秒
2024-09-01 02:47:31 CHB 1422261?1725130046 第 2 次 获取到号码【1422261】GSD
2024-09-01 02:47:31 未获取到号码【1422261】GSD，可能号码格式错误
2024-09-01 02:47:31 获取到号码【1422261】的GSD为【-】
2024-09-01 02:47:39 GSD insert 第 1 次 等待 3 秒
2024-09-01 02:47:42 {"status":"bad","gid":"558969","msg":"添加失败！号码【1422261(-|-)】已存在！"}
2024-09-01 02:47:42 随机等待 67 秒，约 1 分钟
2024-09-01 02:47:42 下次操作: 2024-09-01 02:48:49

2024-09-01 02:48:49 开始第 2263 次操作

2024-09-01 02:48:49 开始操作号码 【1422262】
2024-09-01 02:48:57 GSD getOne 第 1 次 等待 3 秒
2024-09-01 02:49:00 查询号码 【1422262】，返回信息 {"status":"ok","msg":"-","gid":"558986","time_insert":"2023-02-27 16:37"}
2024-09-01 02:49:00 查询号码 【1422262】，GSD为【"-"】
2024-09-01 02:49:00 ok && -
2024-09-01 02:49:02 CHB 1422262?1725130140 第 1 次 等待 3 秒
2024-09-01 02:49:05 CHB 1422262?1725130140 第 1 次 获取到号码【1422262】GSD
2024-09-01 02:49:05 未获取到号码【1422262】GSD，可能号码格式错误
2024-09-01 02:49:05 获取到号码【1422262】的GSD为【-】
2024-09-01 02:49:14 GSD insert 第 1 次 等待 3 秒
2024-09-01 02:49:17 {"status":"bad","gid":"558986","msg":"添加失败！号码【1422262(-|-)】已存在！"}
2024-09-01 02:49:17 随机等待 156 秒，约 2 分钟
2024-09-01 02:49:17 下次操作: 2024-09-01 02:51:53

2024-09-01 02:51:53 开始第 2264 次操作

2024-09-01 02:51:53 开始操作号码 【1422263】
2024-09-01 02:52:01 GSD getOne 第 1 次 等待 3 秒
2024-09-01 02:52:04 查询号码 【1422263】，返回信息 {"status":"ok","msg":"-","gid":"559015","time_insert":"2023-02-27 16:53"}
2024-09-01 02:52:04 查询号码 【1422263】，GSD为【"-"】
2024-09-01 02:52:04 ok && -
2024-09-01 02:52:06 CHB 1422263?1725130324 第 1 次 等待 3 秒
2024-09-01 02:52:09 CHB 1422263?1725130324 第 1 次 获取到号码【1422263】GSD
2024-09-01 02:52:09 未获取到号码【1422263】GSD，可能号码格式错误
2024-09-01 02:52:09 获取到号码【1422263】的GSD为【-】
2024-09-01 02:52:16 GSD insert 第 1 次 等待 3 秒
2024-09-01 02:52:19 {"status":"bad","gid":"559015","msg":"添加失败！号码【1422263(-|-)】已存在！"}

2024-09-01 03:10:11 开始第 2265 次操作

2024-09-01 03:10:11 开始操作号码 【1422264】
2024-09-01 03:10:19 GSD getOne 第 1 次 等待 3 秒
2024-09-01 03:10:22 查询号码 【1422264】，返回信息 {"status":"ok","msg":"-","gid":"559036","time_insert":"2023-02-27 17:05"}
2024-09-01 03:10:22 查询号码 【1422264】，GSD为【"-"】
2024-09-01 03:10:22 ok && -
2024-09-01 03:10:24 CHB 1422264?1725131422 第 1 次 等待 3 秒
2024-09-01 03:10:27 CHB 1422264?1725131422 第 1 次 获取到号码【1422264】GSD
2024-09-01 03:10:27 未获取到号码【1422264】GSD，可能号码格式错误
2024-09-01 03:10:27 获取到号码【1422264】的GSD为【-】
2024-09-01 03:10:35 GSD insert 第 1 次 等待 3 秒
2024-09-01 03:10:38 {"status":"bad","gid":"559036","msg":"添加失败！号码【1422264(-|-)】已存在！"}
2024-09-01 03:10:38 随机等待 197 秒，约 3 分钟
2024-09-01 03:10:38 下次操作: 2024-09-01 03:13:55

2024-09-01 03:13:55 开始第 2266 次操作

2024-09-01 03:13:55 开始操作号码 【1422265】
2024-09-01 03:14:05 GSD getOne 第 1 次 等待 3 秒
2024-09-01 03:14:08 查询号码 【1422265】，返回信息 {"status":"ok","msg":"-","gid":"559047","time_insert":"2023-02-27 17:13"}
2024-09-01 03:14:08 查询号码 【1422265】，GSD为【"-"】
2024-09-01 03:14:08 ok && -
2024-09-01 03:14:09 CHB 1422265?1725131648 第 1 次 等待 3 秒
2024-09-01 03:14:12 CHB 1422265?1725131648 第 1 次 获取到号码【1422265】GSD
2024-09-01 03:14:12 未获取到号码【1422265】GSD，可能号码格式错误
2024-09-01 03:14:12 获取到号码【1422265】的GSD为【-】
2024-09-01 03:14:20 GSD insert 第 1 次 等待 3 秒
2024-09-01 03:14:23 {"status":"bad","gid":"559047","msg":"添加失败！号码【1422265(-|-)】已存在！"}
2024-09-01 03:14:23 随机等待 195 秒，约 3 分钟
2024-09-01 03:14:23 下次操作: 2024-09-01 03:17:38

2024-09-01 03:17:38 开始第 2267 次操作

2024-09-01 03:17:38 开始操作号码 【1422266】
2024-09-01 03:17:46 GSD getOne 第 1 次 等待 3 秒
2024-09-01 03:17:49 查询号码 【1422266】，返回信息 {"status":"ok","msg":"-","gid":"559072","time_insert":"2023-02-27 17:29"}
2024-09-01 03:17:49 查询号码 【1422266】，GSD为【"-"】
2024-09-01 03:17:49 ok && -
2024-09-01 03:17:51 CHB 1422266?1725131869 第 1 次 等待 3 秒
2024-09-01 03:17:54 CHB 1422266?1725131869 第 1 次 获取到号码【1422266】GSD
2024-09-01 03:17:54 未获取到号码【1422266】GSD，可能号码格式错误
2024-09-01 03:17:54 获取到号码【1422266】的GSD为【-】
2024-09-01 03:17:55 GSD insert 第 1 次 等待 3 秒
2024-09-01 03:17:58 {"status":"bad","gid":"559072","msg":"添加失败！号码【1422266(-|-)】已存在！"}
2024-09-01 03:17:58 随机等待 132 秒，约 2 分钟
2024-09-01 03:17:58 下次操作: 2024-09-01 03:20:10

2024-09-01 03:20:10 开始第 2268 次操作

2024-09-01 03:20:10 开始操作号码 【1422267】
2024-09-01 03:20:19 GSD getOne 第 1 次 等待 3 秒
2024-09-01 03:20:22 查询号码 【1422267】，返回信息 {"status":"ok","msg":"-","gid":"559102","time_insert":"2023-02-27 17:45"}
2024-09-01 03:20:22 查询号码 【1422267】，GSD为【"-"】
2024-09-01 03:20:22 ok && -
2024-09-01 03:25:22 CHB 1422267?1725132022 第 1 次 等待 3 秒
2024-09-01 03:25:25 CHB 1422267?1725132022 第 1 次 未获取到 等待 114 秒 下次操作: 2024-09-01 03:27:19
2024-09-01 03:27:20 CHB 1422267?1725132439 第 2 次 等待 3 秒
2024-09-01 03:27:23 CHB 1422267?1725132439 第 2 次 获取到号码【1422267】GSD
2024-09-01 03:27:23 未获取到号码【1422267】GSD，可能号码格式错误
2024-09-01 03:27:23 获取到号码【1422267】的GSD为【-】
2024-09-01 03:27:31 GSD insert 第 1 次 等待 3 秒
2024-09-01 03:27:34 {"status":"bad","gid":"559102","msg":"添加失败！号码【1422267(-|-)】已存在！"}

2024-09-01 03:35:19 开始第 2269 次操作

2024-09-01 03:35:19 开始操作号码 【1422268】
2024-09-01 03:35:27 GSD getOne 第 1 次 等待 3 秒
2024-09-01 03:35:30 查询号码 【1422268】，返回信息 {"status":"ok","msg":"-","gid":"559128","time_insert":"2023-02-27 18:03"}
2024-09-01 03:35:30 查询号码 【1422268】，GSD为【"-"】
2024-09-01 03:35:30 ok && -
2024-09-01 03:35:32 CHB 1422268?1725132930 第 1 次 等待 3 秒
2024-09-01 03:35:35 CHB 1422268?1725132930 第 1 次 获取到号码【1422268】GSD
2024-09-01 03:35:35 未获取到号码【1422268】GSD，可能号码格式错误
2024-09-01 03:35:35 获取到号码【1422268】的GSD为【-】
2024-09-01 03:35:43 GSD insert 第 1 次 等待 3 秒
2024-09-01 03:35:46 {"status":"bad","gid":"559128","msg":"添加失败！号码【1422268(-|-)】已存在！"}
2024-09-01 03:35:46 随机等待 127 秒，约 2 分钟
2024-09-01 03:35:46 下次操作: 2024-09-01 03:37:53

2024-09-01 03:37:53 开始第 2270 次操作

2024-09-01 03:37:53 开始操作号码 【1422269】
2024-09-01 03:38:01 GSD getOne 第 1 次 等待 3 秒
2024-09-01 03:38:04 查询号码 【1422269】，返回信息 {"status":"ok","msg":"-","gid":"559143","time_insert":"2023-02-27 18:15"}
2024-09-01 03:38:04 查询号码 【1422269】，GSD为【"-"】
2024-09-01 03:38:04 ok && -
2024-09-01 03:38:06 CHB 1422269?1725133084 第 1 次 等待 3 秒
2024-09-01 03:38:09 CHB 1422269?1725133084 第 1 次 获取到号码【1422269】GSD
2024-09-01 03:38:09 未获取到号码【1422269】GSD，可能号码格式错误
2024-09-01 03:38:09 获取到号码【1422269】的GSD为【-】
2024-09-01 03:38:16 GSD insert 第 1 次 等待 3 秒
2024-09-01 03:38:19 {"status":"bad","gid":"559143","msg":"添加失败！号码【1422269(-|-)】已存在！"}
2024-09-01 03:38:19 随机等待 150 秒，约 2 分钟
2024-09-01 03:38:19 下次操作: 2024-09-01 03:40:49

2024-09-01 03:40:49 开始第 2271 次操作

2024-09-01 03:40:49 开始操作号码 【1422270】
2024-09-01 03:40:58 GSD getOne 第 1 次 等待 3 秒
2024-09-01 03:41:01 查询号码 【1422270】，返回信息 {"status":"ok","msg":"-","gid":"559161","time_insert":"2023-02-27 18:25"}
2024-09-01 03:41:01 查询号码 【1422270】，GSD为【"-"】
2024-09-01 03:41:01 ok && -
2024-09-01 03:41:10 CHB 1422270?1725133261 第 1 次 等待 3 秒
2024-09-01 03:41:13 CHB 1422270?1725133261 第 1 次 获取到号码【1422270】GSD
2024-09-01 03:41:13 未获取到号码【1422270】GSD，可能号码格式错误
2024-09-01 03:41:13 获取到号码【1422270】的GSD为【-】
2024-09-01 03:41:20 GSD insert 第 1 次 等待 3 秒
2024-09-01 03:41:23 {"status":"bad","gid":"559161","msg":"添加失败！号码【1422270(-|-)】已存在！"}
2024-09-01 03:41:23 随机等待 71 秒，约 1 分钟
2024-09-01 03:41:23 下次操作: 2024-09-01 03:42:34

2024-09-01 03:42:34 开始第 2272 次操作

2024-09-01 03:42:34 开始操作号码 【1422271】
2024-09-01 03:42:43 GSD getOne 第 1 次 等待 3 秒
2024-09-01 03:42:46 查询号码 【1422271】，返回信息 {"status":"ok","msg":"-","gid":"559177","time_insert":"2023-02-27 18:34"}
2024-09-01 03:42:46 查询号码 【1422271】，GSD为【"-"】
2024-09-01 03:42:46 ok && -
2024-09-01 03:42:53 CHB 1422271?1725133366 第 1 次 等待 3 秒
2024-09-01 03:42:56 CHB 1422271?1725133366 第 1 次 获取到号码【1422271】GSD
2024-09-01 03:42:56 未获取到号码【1422271】GSD，可能号码格式错误
2024-09-01 03:42:56 获取到号码【1422271】的GSD为【-】
2024-09-01 03:43:04 GSD insert 第 1 次 等待 3 秒
2024-09-01 03:43:07 {"status":"bad","gid":"559177","msg":"添加失败！号码【1422271(-|-)】已存在！"}

2024-09-01 04:14:40 开始第 2273 次操作

2024-09-01 04:14:40 开始操作号码 【1422272】
2024-09-01 04:14:48 GSD getOne 第 1 次 等待 3 秒
2024-09-01 04:14:51 查询号码 【1422272】，返回信息 {"status":"ok","msg":"-","gid":"559208","time_insert":"2023-02-27 18:51"}
2024-09-01 04:14:51 查询号码 【1422272】，GSD为【"-"】
2024-09-01 04:14:51 ok && -
2024-09-01 04:16:01 CHB 1422272?1725135291 第 1 次 等待 3 秒
2024-09-01 04:16:04 CHB 1422272?1725135291 第 1 次 获取到号码【1422272】GSD
2024-09-01 04:16:04 未获取到号码【1422272】GSD，可能号码格式错误
2024-09-01 04:16:04 获取到号码【1422272】的GSD为【-】
2024-09-01 04:16:12 GSD insert 第 1 次 等待 3 秒
2024-09-01 04:16:15 {"status":"bad","gid":"559208","msg":"添加失败！号码【1422272(-|-)】已存在！"}
2024-09-01 04:16:15 随机等待 173 秒，约 2 分钟
2024-09-01 04:16:15 下次操作: 2024-09-01 04:19:08

2024-09-01 04:19:08 开始第 2274 次操作

2024-09-01 04:19:08 开始操作号码 【1422273】
2024-09-01 04:19:16 GSD getOne 第 1 次 等待 3 秒
2024-09-01 04:19:19 查询号码 【1422273】，返回信息 {"status":"ok","msg":"-","gid":"559226","time_insert":"2023-02-27 19:00"}
2024-09-01 04:19:19 查询号码 【1422273】，GSD为【"-"】
2024-09-01 04:19:19 ok && -
2024-09-01 04:19:21 CHB 1422273?1725135559 第 1 次 等待 3 秒
2024-09-01 04:19:24 CHB 1422273?1725135559 第 1 次 获取到号码【1422273】GSD
2024-09-01 04:19:24 未获取到号码【1422273】GSD，可能号码格式错误
2024-09-01 04:19:24 获取到号码【1422273】的GSD为【-】
2024-09-01 04:19:32 GSD insert 第 1 次 等待 3 秒
2024-09-01 04:19:35 {"status":"bad","gid":"559226","msg":"添加失败！号码【1422273(-|-)】已存在！"}
2024-09-01 04:19:36 随机等待 166 秒，约 2 分钟
2024-09-01 04:19:36 下次操作: 2024-09-01 04:22:22

2024-09-01 04:22:22 开始第 2275 次操作

2024-09-01 04:22:22 开始操作号码 【1422274】
2024-09-01 04:22:29 GSD getOne 第 1 次 等待 3 秒
2024-09-01 04:22:32 查询号码 【1422274】，返回信息 {"status":"ok","msg":"-","gid":"559240","time_insert":"2023-02-27 19:10"}
2024-09-01 04:22:32 查询号码 【1422274】，GSD为【"-"】
2024-09-01 04:22:32 ok && -
2024-09-01 04:22:34 CHB 1422274?1725135752 第 1 次 等待 3 秒
2024-09-01 04:22:37 CHB 1422274?1725135752 第 1 次 获取到号码【1422274】GSD
2024-09-01 04:22:37 未获取到号码【1422274】GSD，可能号码格式错误
2024-09-01 04:22:37 获取到号码【1422274】的GSD为【-】
2024-09-01 04:22:45 GSD insert 第 1 次 等待 3 秒
2024-09-01 04:22:48 {"status":"bad","gid":"559240","msg":"添加失败！号码【1422274(-|-)】已存在！"}
2024-09-01 04:22:48 随机等待 114 秒，约 1 分钟
2024-09-01 04:22:48 下次操作: 2024-09-01 04:24:42

2024-09-01 04:24:42 开始第 2276 次操作

2024-09-01 04:24:42 开始操作号码 【1422275】
2024-09-01 04:24:51 GSD getOne 第 1 次 等待 3 秒
2024-09-01 04:24:54 查询号码 【1422275】，返回信息 {"status":"ok","msg":"-","gid":"559270","time_insert":"2023-02-27 19:27"}
2024-09-01 04:24:54 查询号码 【1422275】，GSD为【"-"】
2024-09-01 04:24:54 ok && -
2024-09-01 04:24:55 CHB 1422275?1725135894 第 1 次 等待 3 秒
2024-09-01 04:24:58 CHB 1422275?1725135894 第 1 次 获取到号码【1422275】GSD
2024-09-01 04:24:58 未获取到号码【1422275】GSD，可能号码格式错误
2024-09-01 04:24:58 获取到号码【1422275】的GSD为【-】
2024-09-01 04:25:06 GSD insert 第 1 次 等待 3 秒
2024-09-01 04:25:09 {"status":"bad","gid":"559270","msg":"添加失败！号码【1422275(-|-)】已存在！"}

2024-09-01 04:35:01 开始第 2277 次操作

2024-09-01 04:35:01 开始操作号码 【1422276】
2024-09-01 04:35:10 GSD getOne 第 1 次 等待 3 秒
2024-09-01 04:35:13 查询号码 【1422276】，返回信息 {"status":"ok","msg":"-","gid":"559303","time_insert":"2023-02-27 19:44"}
2024-09-01 04:35:13 查询号码 【1422276】，GSD为【"-"】
2024-09-01 04:35:13 ok && -
2024-09-01 04:36:07 CHB 1422276?1725136513 第 1 次 等待 3 秒
2024-09-01 04:36:10 CHB 1422276?1725136513 第 1 次 获取到号码【1422276】GSD
2024-09-01 04:36:10 未获取到号码【1422276】GSD，可能号码格式错误
2024-09-01 04:36:10 获取到号码【1422276】的GSD为【-】
2024-09-01 04:36:18 GSD insert 第 1 次 等待 3 秒
2024-09-01 04:36:21 {"status":"bad","gid":"559303","msg":"添加失败！号码【1422276(-|-)】已存在！"}
2024-09-01 04:36:21 随机等待 187 秒，约 3 分钟
2024-09-01 04:36:21 下次操作: 2024-09-01 04:39:28

2024-09-01 04:39:28 开始第 2278 次操作

2024-09-01 04:39:28 开始操作号码 【1422277】
2024-09-01 04:39:36 GSD getOne 第 1 次 等待 3 秒
2024-09-01 04:39:39 查询号码 【1422277】，返回信息 {"status":"ok","msg":"-","gid":"559323","time_insert":"2023-02-27 19:55"}
2024-09-01 04:39:39 查询号码 【1422277】，GSD为【"-"】
2024-09-01 04:39:39 ok && -
2024-09-01 04:39:41 CHB 1422277?1725136779 第 1 次 等待 3 秒
2024-09-01 04:39:44 CHB 1422277?1725136779 第 1 次 获取到号码【1422277】GSD
2024-09-01 04:39:44 未获取到号码【1422277】GSD，可能号码格式错误
2024-09-01 04:39:44 获取到号码【1422277】的GSD为【-】
2024-09-01 04:39:52 GSD insert 第 1 次 等待 3 秒
2024-09-01 04:39:55 {"status":"bad","gid":"559323","msg":"添加失败！号码【1422277(-|-)】已存在！"}
2024-09-01 04:39:55 随机等待 170 秒，约 2 分钟
2024-09-01 04:39:55 下次操作: 2024-09-01 04:42:45

2024-09-01 04:42:45 开始第 2279 次操作

2024-09-01 04:42:45 开始操作号码 【1422278】
2024-09-01 04:42:53 GSD getOne 第 1 次 等待 3 秒
2024-09-01 04:42:56 查询号码 【1422278】，返回信息 {"status":"ok","msg":"-","gid":"559340","time_insert":"2023-02-27 20:05"}
2024-09-01 04:42:56 查询号码 【1422278】，GSD为【"-"】
2024-09-01 04:42:56 ok && -
2024-09-01 04:42:58 CHB 1422278?1725136976 第 1 次 等待 3 秒
2024-09-01 04:43:01 CHB 1422278?1725136976 第 1 次 获取到号码【1422278】GSD
2024-09-01 04:43:01 未获取到号码【1422278】GSD，可能号码格式错误
2024-09-01 04:43:01 获取到号码【1422278】的GSD为【-】
2024-09-01 04:43:08 GSD insert 第 1 次 等待 3 秒
2024-09-01 04:43:11 {"status":"bad","gid":"559340","msg":"添加失败！号码【1422278(-|-)】已存在！"}
2024-09-01 04:43:11 随机等待 172 秒，约 2 分钟
2024-09-01 04:43:11 下次操作: 2024-09-01 04:46:03

2024-09-01 04:46:03 开始第 2280 次操作

2024-09-01 04:46:03 开始操作号码 【1422279】
2024-09-01 04:46:11 GSD getOne 第 1 次 等待 3 秒
2024-09-01 04:46:14 查询号码 【1422279】，返回信息 {"status":"ok","msg":"-","gid":"559352","time_insert":"2023-02-27 20:17"}
2024-09-01 04:46:14 查询号码 【1422279】，GSD为【"-"】
2024-09-01 04:46:14 ok && -
2024-09-01 04:51:14 CHB 1422279?1725137174 第 1 次 等待 3 秒
2024-09-01 04:51:17 CHB 1422279?1725137174 第 1 次 未获取到 等待 128 秒 下次操作: 2024-09-01 04:53:25
2024-09-01 04:53:27 CHB 1422279?1725137605 第 2 次 等待 3 秒
2024-09-01 04:53:30 CHB 1422279?1725137605 第 2 次 获取到号码【1422279】GSD
2024-09-01 04:53:30 未获取到号码【1422279】GSD，可能号码格式错误
2024-09-01 04:53:30 获取到号码【1422279】的GSD为【-】
2024-09-01 04:53:53 GSD insert 第 1 次 等待 3 秒
2024-09-01 04:53:56 {"status":"bad","gid":"559352","msg":"添加失败！号码【1422279(-|-)】已存在！"}

2024-09-01 05:11:27 开始第 2281 次操作

2024-09-01 05:11:27 开始操作号码 【1422280】
2024-09-01 05:11:35 GSD getOne 第 1 次 等待 3 秒
2024-09-01 05:11:38 查询号码 【1422280】，返回信息 {"status":"ok","msg":"-","gid":"559380","time_insert":"2023-02-27 20:35"}
2024-09-01 05:11:38 查询号码 【1422280】，GSD为【"-"】
2024-09-01 05:11:38 ok && -
2024-09-01 05:11:40 CHB 1422280?1725138698 第 1 次 等待 3 秒
2024-09-01 05:11:43 CHB 1422280?1725138698 第 1 次 获取到号码【1422280】GSD
2024-09-01 05:11:43 未获取到号码【1422280】GSD，可能号码格式错误
2024-09-01 05:11:43 获取到号码【1422280】的GSD为【-】
2024-09-01 05:11:50 GSD insert 第 1 次 等待 3 秒
2024-09-01 05:11:53 {"status":"bad","gid":"559380","msg":"添加失败！号码【1422280(-|-)】已存在！"}
2024-09-01 05:11:53 随机等待 99 秒，约 1 分钟
2024-09-01 05:11:53 下次操作: 2024-09-01 05:13:32

2024-09-01 05:13:32 开始第 2282 次操作

2024-09-01 05:13:32 开始操作号码 【1422281】
2024-09-01 05:13:40 GSD getOne 第 1 次 等待 3 秒
2024-09-01 05:13:43 查询号码 【1422281】，返回信息 {"status":"ok","msg":"-","gid":"559397","time_insert":"2023-02-27 20:51"}
2024-09-01 05:13:43 查询号码 【1422281】，GSD为【"-"】
2024-09-01 05:13:43 ok && -
2024-09-01 05:13:46 CHB 1422281?1725138823 第 1 次 等待 3 秒
2024-09-01 05:13:49 CHB 1422281?1725138823 第 1 次 获取到号码【1422281】GSD
2024-09-01 05:13:49 未获取到号码【1422281】GSD，可能号码格式错误
2024-09-01 05:13:49 获取到号码【1422281】的GSD为【-】
2024-09-01 05:13:56 GSD insert 第 1 次 等待 3 秒
2024-09-01 05:13:59 {"status":"bad","gid":"559397","msg":"添加失败！号码【1422281(-|-)】已存在！"}
2024-09-01 05:13:59 随机等待 228 秒，约 3 分钟
2024-09-01 05:13:59 下次操作: 2024-09-01 05:17:47

2024-09-01 05:17:47 开始第 2283 次操作

2024-09-01 05:17:47 开始操作号码 【1422282】
2024-09-01 05:17:55 GSD getOne 第 1 次 等待 3 秒
2024-09-01 05:17:58 查询号码 【1422282】，返回信息 {"status":"ok","msg":"-","gid":"559419","time_insert":"2023-02-27 21:07"}
2024-09-01 05:17:58 查询号码 【1422282】，GSD为【"-"】
2024-09-01 05:17:58 ok && -
2024-09-01 05:18:00 CHB 1422282?1725139078 第 1 次 等待 3 秒
2024-09-01 05:18:03 CHB 1422282?1725139078 第 1 次 获取到号码【1422282】GSD
2024-09-01 05:18:03 未获取到号码【1422282】GSD，可能号码格式错误
2024-09-01 05:18:03 获取到号码【1422282】的GSD为【-】
2024-09-01 05:18:10 GSD insert 第 1 次 等待 3 秒
2024-09-01 05:18:13 {"status":"bad","gid":"559419","msg":"添加失败！号码【1422282(-|-)】已存在！"}
2024-09-01 05:18:13 随机等待 125 秒，约 2 分钟
2024-09-01 05:18:13 下次操作: 2024-09-01 05:20:18

2024-09-01 05:20:18 开始第 2284 次操作

2024-09-01 05:20:18 开始操作号码 【1422283】
2024-09-01 05:20:26 GSD getOne 第 1 次 等待 3 秒
2024-09-01 05:20:29 查询号码 【1422283】，返回信息 {"status":"ok","msg":"-","gid":"559434","time_insert":"2023-02-27 21:18"}
2024-09-01 05:20:29 查询号码 【1422283】，GSD为【"-"】
2024-09-01 05:20:29 ok && -
2024-09-01 05:20:31 CHB 1422283?1725139229 第 1 次 等待 3 秒
2024-09-01 05:20:34 CHB 1422283?1725139229 第 1 次 获取到号码【1422283】GSD
2024-09-01 05:20:34 未获取到号码【1422283】GSD，可能号码格式错误
2024-09-01 05:20:34 获取到号码【1422283】的GSD为【-】
2024-09-01 05:20:43 GSD insert 第 1 次 等待 3 秒
2024-09-01 05:20:46 {"status":"bad","gid":"559434","msg":"添加失败！号码【1422283(-|-)】已存在！"}

2024-09-01 05:35:41 开始第 2285 次操作

2024-09-01 05:35:41 开始操作号码 【1422284】
2024-09-01 05:35:49 GSD getOne 第 1 次 等待 3 秒
2024-09-01 05:35:52 查询号码 【1422284】，返回信息 {"status":"ok","msg":"-","gid":"559454","time_insert":"2023-02-27 21:32"}
2024-09-01 05:35:52 查询号码 【1422284】，GSD为【"-"】
2024-09-01 05:35:52 ok && -
2024-09-01 05:35:54 CHB 1422284?1725140152 第 1 次 等待 3 秒
2024-09-01 05:35:57 CHB 1422284?1725140152 第 1 次 获取到号码【1422284】GSD
2024-09-01 05:35:57 未获取到号码【1422284】GSD，可能号码格式错误
2024-09-01 05:35:57 获取到号码【1422284】的GSD为【-】
2024-09-01 05:36:05 GSD insert 第 1 次 等待 3 秒
2024-09-01 05:36:08 {"status":"bad","gid":"559454","msg":"添加失败！号码【1422284(-|-)】已存在！"}
2024-09-01 05:36:08 随机等待 103 秒，约 1 分钟
2024-09-01 05:36:08 下次操作: 2024-09-01 05:37:51

2024-09-01 05:37:51 开始第 2286 次操作

2024-09-01 05:37:51 开始操作号码 【1422285】
2024-09-01 05:38:00 GSD getOne 第 1 次 等待 3 秒
2024-09-01 05:38:03 查询号码 【1422285】，返回信息 {"status":"ok","msg":"-","gid":"559474","time_insert":"2023-02-27 21:45"}
2024-09-01 05:38:03 查询号码 【1422285】，GSD为【"-"】
2024-09-01 05:38:03 ok && -
2024-09-01 05:38:05 CHB 1422285?1725140283 第 1 次 等待 3 秒
2024-09-01 05:38:08 CHB 1422285?1725140283 第 1 次 获取到号码【1422285】GSD
2024-09-01 05:38:08 未获取到号码【1422285】GSD，可能号码格式错误
2024-09-01 05:38:08 获取到号码【1422285】的GSD为【-】
2024-09-01 05:38:16 GSD insert 第 1 次 等待 3 秒
2024-09-01 05:38:19 {"status":"bad","gid":"559474","msg":"添加失败！号码【1422285(-|-)】已存在！"}
2024-09-01 05:38:19 随机等待 194 秒，约 3 分钟
2024-09-01 05:38:19 下次操作: 2024-09-01 05:41:33

2024-09-01 05:41:33 开始第 2287 次操作

2024-09-01 05:41:33 开始操作号码 【1422286】
2024-09-01 05:41:40 GSD getOne 第 1 次 等待 3 秒
2024-09-01 05:41:43 查询号码 【1422286】，返回信息 {"status":"ok","msg":"-","gid":"559497","time_insert":"2023-02-27 21:56"}
2024-09-01 05:41:43 查询号码 【1422286】，GSD为【"-"】
2024-09-01 05:41:43 ok && -
2024-09-01 05:41:47 CHB 1422286?1725140503 第 1 次 等待 3 秒
2024-09-01 05:41:50 CHB 1422286?1725140503 第 1 次 获取到号码【1422286】GSD
2024-09-01 05:41:50 未获取到号码【1422286】GSD，可能号码格式错误
2024-09-01 05:41:50 获取到号码【1422286】的GSD为【-】
2024-09-01 05:41:57 GSD insert 第 1 次 等待 3 秒
2024-09-01 05:42:00 {"status":"bad","gid":"559497","msg":"添加失败！号码【1422286(-|-)】已存在！"}
2024-09-01 05:42:00 随机等待 74 秒，约 1 分钟
2024-09-01 05:42:00 下次操作: 2024-09-01 05:43:14

2024-09-01 05:43:14 开始第 2288 次操作

2024-09-01 05:43:14 开始操作号码 【1422287】
2024-09-01 05:43:22 GSD getOne 第 1 次 等待 3 秒
2024-09-01 05:43:25 查询号码 【1422287】，返回信息 {"status":"ok","msg":"-","gid":"559521","time_insert":"2023-02-27 22:13"}
2024-09-01 05:43:25 查询号码 【1422287】，GSD为【"-"】
2024-09-01 05:43:25 ok && -
2024-09-01 05:43:27 CHB 1422287?1725140605 第 1 次 等待 3 秒
2024-09-01 05:43:30 CHB 1422287?1725140605 第 1 次 获取到号码【1422287】GSD
2024-09-01 05:43:30 未获取到号码【1422287】GSD，可能号码格式错误
2024-09-01 05:43:30 获取到号码【1422287】的GSD为【-】
2024-09-01 05:43:37 GSD insert 第 1 次 等待 3 秒
2024-09-01 05:43:40 {"status":"bad","gid":"559521","msg":"添加失败！号码【1422287(-|-)】已存在！"}

