2024-10-25 00:25:15 开始第 1253 次操作

2024-10-25 00:25:15 开始操作号码 【1321252】
2024-10-25 00:25:16 GSD getOne 第 1 次 等待 3 秒
2024-10-25 00:25:19 查询号码 【1321252】，返回信息 {"status":"ok","msg":"重庆-重庆","gid":"1980","time_insert":"2017-05-30 10:52","time_update":"2021-01-03 12:32"}
2024-10-25 00:25:19 查询号码 【1321252】，GSD为【"重庆-重庆"】

2024-10-25 00:25:20 开始第 1254 次操作

2024-10-25 00:25:20 开始操作号码 【1321253】
2024-10-25 00:25:21 GSD getOne 第 1 次 等待 3 秒
2024-10-25 00:25:24 查询号码 【1321253】，返回信息 {"status":"ok","msg":"重庆-重庆","gid":"1981","time_insert":"2017-04-18 09:59","time_update":"2021-01-03 12:39"}
2024-10-25 00:25:25 查询号码 【1321253】，GSD为【"重庆-重庆"】

2024-10-25 00:25:26 开始第 1255 次操作

2024-10-25 00:25:26 开始操作号码 【1321254】
2024-10-25 00:25:27 GSD getOne 第 1 次 等待 3 秒
2024-10-25 00:25:30 查询号码 【1321254】，返回信息 {"status":"ok","msg":"重庆-重庆","gid":"1982","time_insert":"2017-04-19 10:00","time_update":"2021-01-03 12:44"}
2024-10-25 00:25:30 查询号码 【1321254】，GSD为【"重庆-重庆"】

2024-10-25 00:25:31 开始第 1256 次操作

2024-10-25 00:25:31 开始操作号码 【1321255】
2024-10-25 00:25:32 GSD getOne 第 1 次 等待 3 秒
2024-10-25 00:25:35 查询号码 【1321255】，返回信息 {"status":"ok","msg":"重庆-重庆","gid":"67593","time_insert":"2021-05-25 10:28"}
2024-10-25 00:25:35 查询号码 【1321255】，GSD为【"重庆-重庆"】

