2023-12-05 00:14:28 开始第 1497 次操作

2023-12-05 00:14:28 开始操作号码 【1861390】
2023-12-05 00:14:31 GSD getOne 第 1 次 等待 3 秒
2023-12-05 00:14:34 查询号码 【1861390】，返回信息 {"status":"ok","msg":"湖南-岳阳","gid":"443006","time_insert":"2021-07-30 10:27"}
2023-12-05 00:14:34 查询号码 【1861390】，GSD为【"湖南-岳阳"】

2023-12-05 00:14:35 开始第 1498 次操作

2023-12-05 00:14:35 开始操作号码 【1861391】
2023-12-05 00:14:39 GSD getOne 第 1 次 等待 3 秒
2023-12-05 00:14:42 查询号码 【1861391】，返回信息 {"status":"ok","msg":"湖南-岳阳","gid":"443046","time_insert":"2021-07-30 10:38"}
2023-12-05 00:14:42 查询号码 【1861391】，GSD为【"湖南-岳阳"】

2023-12-05 00:14:43 开始第 1499 次操作

2023-12-05 00:14:43 开始操作号码 【1861392】
2023-12-05 00:14:49 GSD getOne 第 1 次 等待 3 秒
2023-12-05 00:14:52 查询号码 【1861392】，返回信息 {"status":"ok","msg":"湖南-湘西","gid":"40538","time_insert":"2018-05-30 20:47","time_update":"2020-09-24 02:28"}
2023-12-05 00:14:52 查询号码 【1861392】，GSD为【"湖南-湘西"】

2023-12-05 00:14:53 开始第 1500 次操作

2023-12-05 00:14:53 开始操作号码 【1861393】
2023-12-05 00:15:01 GSD getOne 第 1 次 等待 3 秒
2023-12-05 00:15:04 查询号码 【1861393】，返回信息 {"status":"ok","msg":"湖南-张家界","gid":"443154","time_insert":"2021-07-30 10:53"}
2023-12-05 00:15:04 查询号码 【1861393】，GSD为【"湖南-张家界"】

