2023-11-20 00:12:23 开始第 9797 次操作

2023-11-20 00:12:23 开始操作号码 【1969689】
2023-11-20 00:12:27 GSD getOne 第 1 次 等待 3 秒
2023-11-20 00:12:30 查询号码 【1969689】，返回信息 {"status":"ok","msg":"-","gid":"593484","time_insert":"2023-03-16 02:12"}
2023-11-20 00:12:30 查询号码 【1969689】，GSD为【"-"】
2023-11-20 00:12:30 ok && -
2023-11-20 00:12:32 CHB 1969689?1700410350 第 1 次 等待 3 秒
2023-11-20 00:12:35 CHB 1969689?1700410350 第 1 次 获取到号码【1969689】GSD
2023-11-20 00:12:35 未获取到号码【1969689】GSD，可能号码格式错误
2023-11-20 00:12:35 获取到号码【1969689】的GSD为【-】
2023-11-20 00:12:39 GSD insert 第 1 次 等待 3 秒
2023-11-20 00:12:42 {"status":"bad","gid":"593484","msg":"添加失败！号码【1969689(-|-)】已存在！"}
2023-11-20 00:12:42 随机等待 184 秒，约 3 分钟
2023-11-20 00:12:42 下次操作: 2023-11-20 00:15:46

2023-11-20 00:15:46 开始第 9798 次操作

2023-11-20 00:15:46 开始操作号码 【1969690】
2023-11-20 00:15:50 GSD getOne 第 1 次 等待 3 秒
2023-11-20 00:15:53 查询号码 【1969690】，返回信息 {"status":"ok","msg":"-","gid":"593487","time_insert":"2023-03-16 02:14"}
2023-11-20 00:15:53 查询号码 【1969690】，GSD为【"-"】
2023-11-20 00:15:53 ok && -
2023-11-20 00:16:00 CHB 1969690?1700410553 第 1 次 等待 3 秒
2023-11-20 00:16:03 CHB 1969690?1700410553 第 1 次 获取到号码【1969690】GSD
2023-11-20 00:16:03 未获取到号码【1969690】GSD，可能号码格式错误
2023-11-20 00:16:03 获取到号码【1969690】的GSD为【-】
2023-11-20 00:16:07 GSD insert 第 1 次 等待 3 秒
2023-11-20 00:16:10 {"status":"bad","gid":"593487","msg":"添加失败！号码【1969690(-|-)】已存在！"}
2023-11-20 00:16:10 随机等待 165 秒，约 2 分钟
2023-11-20 00:16:10 下次操作: 2023-11-20 00:18:55

2023-11-20 00:18:55 开始第 9799 次操作

2023-11-20 00:18:55 开始操作号码 【1969691】
2023-11-20 00:18:59 GSD getOne 第 1 次 等待 3 秒
2023-11-20 00:19:02 查询号码 【1969691】，返回信息 {"status":"ok","msg":"-","gid":"593490","time_insert":"2023-03-16 02:16"}
2023-11-20 00:19:02 查询号码 【1969691】，GSD为【"-"】
2023-11-20 00:19:02 ok && -
2023-11-20 00:19:06 CHB 1969691?1700410742 第 1 次 等待 3 秒
2023-11-20 00:19:09 CHB 1969691?1700410742 第 1 次 获取到号码【1969691】GSD
2023-11-20 00:19:10 未获取到号码【1969691】GSD，可能号码格式错误
2023-11-20 00:19:10 获取到号码【1969691】的GSD为【-】
2023-11-20 00:19:15 GSD insert 第 1 次 等待 3 秒
2023-11-20 00:19:18 {"status":"bad","gid":"593490","msg":"添加失败！号码【1969691(-|-)】已存在！"}
2023-11-20 00:19:18 随机等待 208 秒，约 3 分钟
2023-11-20 00:19:18 下次操作: 2023-11-20 00:22:46

2023-11-20 00:22:46 开始第 9800 次操作

2023-11-20 00:22:46 开始操作号码 【1969692】
2023-11-20 00:22:49 GSD getOne 第 1 次 等待 3 秒
2023-11-20 00:22:52 查询号码 【1969692】，返回信息 {"status":"ok","msg":"-","gid":"593492","time_insert":"2023-03-16 02:18"}
2023-11-20 00:22:52 查询号码 【1969692】，GSD为【"-"】
2023-11-20 00:22:52 ok && -
2023-11-20 00:22:55 CHB 1969692?1700410972 第 1 次 等待 3 秒
2023-11-20 00:22:58 CHB 1969692?1700410972 第 1 次 获取到号码【1969692】GSD
2023-11-20 00:22:58 未获取到号码【1969692】GSD，可能号码格式错误
2023-11-20 00:22:58 获取到号码【1969692】的GSD为【-】
2023-11-20 00:23:01 GSD insert 第 1 次 等待 3 秒
2023-11-20 00:23:04 {"status":"bad","gid":"593492","msg":"添加失败！号码【1969692(-|-)】已存在！"}

