2024-04-15 06:21:16 开始第 3781 次操作

2024-04-15 06:21:16 开始操作号码 【1643675】
2024-04-15 06:21:21 GSD getOne 第 1 次 等待 3 秒
2024-04-15 06:21:24 查询号码 【1643675】，返回信息 {"status":"ok","msg":"-","gid":"591825","time_insert":"2023-03-15 07:26"}
2024-04-15 06:21:25 查询号码 【1643675】，GSD为【"-"】
2024-04-15 06:21:25 ok && -
2024-04-15 06:21:27 CHB 1643675?1713133285 第 1 次 等待 3 秒
2024-04-15 06:21:30 CHB 1643675?1713133285 第 1 次 获取到号码【1643675】GSD
2024-04-15 06:21:31 未获取到号码【1643675】GSD，可能号码格式错误
2024-04-15 06:21:31 获取到号码【1643675】的GSD为【-】
2024-04-15 06:21:35 GSD insert 第 1 次 等待 3 秒
2024-04-15 06:21:39 {"status":"bad","gid":"591825","msg":"添加失败！号码【1643675(-|-)】已存在！"}
2024-04-15 06:21:39 随机等待 113 秒，约 1 分钟
2024-04-15 06:21:39 下次操作: 2024-04-15 06:23:32

2024-04-15 06:23:32 开始第 3782 次操作

2024-04-15 06:23:32 开始操作号码 【1643676】
2024-04-15 06:23:37 GSD getOne 第 1 次 等待 3 秒
2024-04-15 06:23:40 查询号码 【1643676】，返回信息 {"status":"ok","msg":"-","gid":"591856","time_insert":"2023-03-15 07:43"}
2024-04-15 06:23:40 查询号码 【1643676】，GSD为【"-"】
2024-04-15 06:23:40 ok && -
2024-04-15 06:23:42 CHB 1643676?1713133420 第 1 次 等待 3 秒
2024-04-15 06:23:45 CHB 1643676?1713133420 第 1 次 获取到号码【1643676】GSD
2024-04-15 06:23:45 未获取到号码【1643676】GSD，可能号码格式错误
2024-04-15 06:23:45 获取到号码【1643676】的GSD为【-】
2024-04-15 06:23:50 GSD insert 第 1 次 等待 3 秒
2024-04-15 06:23:53 {"status":"bad","gid":"591856","msg":"添加失败！号码【1643676(-|-)】已存在！"}
2024-04-15 06:23:53 随机等待 93 秒，约 1 分钟
2024-04-15 06:23:53 下次操作: 2024-04-15 06:25:26

2024-04-15 06:25:26 开始第 3783 次操作

2024-04-15 06:25:26 开始操作号码 【1643677】
2024-04-15 06:25:32 GSD getOne 第 1 次 等待 3 秒
2024-04-15 06:25:35 查询号码 【1643677】，返回信息 {"status":"ok","msg":"-","gid":"591886","time_insert":"2023-03-15 08:01"}
2024-04-15 06:25:35 查询号码 【1643677】，GSD为【"-"】
2024-04-15 06:25:35 ok && -
2024-04-15 06:25:38 CHB 1643677?1713133535 第 1 次 等待 3 秒
2024-04-15 06:25:41 CHB 1643677?1713133535 第 1 次 获取到号码【1643677】GSD
2024-04-15 06:25:41 未获取到号码【1643677】GSD，可能号码格式错误
2024-04-15 06:25:41 获取到号码【1643677】的GSD为【-】
2024-04-15 06:25:45 GSD insert 第 1 次 等待 3 秒
2024-04-15 06:25:48 {"status":"bad","gid":"591886","msg":"添加失败！号码【1643677(-|-)】已存在！"}
2024-04-15 06:25:48 随机等待 124 秒，约 2 分钟
2024-04-15 06:25:48 下次操作: 2024-04-15 06:27:52

2024-04-15 06:27:52 开始第 3784 次操作

2024-04-15 06:27:52 开始操作号码 【1643678】
2024-04-15 06:27:57 GSD getOne 第 1 次 等待 3 秒
2024-04-15 06:28:00 查询号码 【1643678】，返回信息 {"status":"ok","msg":"-","gid":"591907","time_insert":"2023-03-15 08:21"}
2024-04-15 06:28:00 查询号码 【1643678】，GSD为【"-"】
2024-04-15 06:28:00 ok && -
2024-04-15 06:28:03 CHB 1643678?1713133680 第 1 次 等待 3 秒
2024-04-15 06:28:06 CHB 1643678?1713133680 第 1 次 获取到号码【1643678】GSD
2024-04-15 06:28:06 未获取到号码【1643678】GSD，可能号码格式错误
2024-04-15 06:28:06 获取到号码【1643678】的GSD为【-】
2024-04-15 06:28:11 GSD insert 第 1 次 等待 3 秒
2024-04-15 06:28:14 {"status":"bad","gid":"591907","msg":"添加失败！号码【1643678(-|-)】已存在！"}

