2024-04-09 00:15:27 开始第 2761 次操作

2024-04-09 00:15:27 开始操作号码 【1642655】
2024-04-09 00:15:38 GSD getOne 第 1 次 等待 3 秒
2024-04-09 00:15:41 查询号码 【1642655】，返回信息 {"status":"ok","msg":"-","gid":"567857","time_insert":"2023-03-03 20:55"}
2024-04-09 00:15:41 查询号码 【1642655】，GSD为【"-"】
2024-04-09 00:15:41 ok && -
2024-04-09 00:15:44 CHB 1642655?1712592941 第 1 次 等待 3 秒
2024-04-09 00:15:47 CHB 1642655?1712592941 第 1 次 获取到号码【1642655】GSD
2024-04-09 00:15:47 未获取到号码【1642655】GSD，可能号码格式错误
2024-04-09 00:15:47 获取到号码【1642655】的GSD为【-】
2024-04-09 00:15:56 GSD insert 第 1 次 等待 3 秒
2024-04-09 00:15:59 {"status":"bad","gid":"567857","msg":"添加失败！号码【1642655(-|-)】已存在！"}
2024-04-09 00:15:59 随机等待 109 秒，约 1 分钟
2024-04-09 00:15:59 下次操作: 2024-04-09 00:17:48

2024-04-09 00:17:48 开始第 2762 次操作

2024-04-09 00:17:48 开始操作号码 【1642656】
2024-04-09 00:17:54 GSD getOne 第 1 次 等待 3 秒
2024-04-09 00:17:57 查询号码 【1642656】，返回信息 {"status":"ok","msg":"-","gid":"567879","time_insert":"2023-03-03 21:11"}
2024-04-09 00:17:57 查询号码 【1642656】，GSD为【"-"】
2024-04-09 00:17:57 ok && -
2024-04-09 00:17:59 CHB 1642656?1712593077 第 1 次 等待 3 秒
2024-04-09 00:18:02 CHB 1642656?1712593077 第 1 次 获取到号码【1642656】GSD
2024-04-09 00:18:02 未获取到号码【1642656】GSD，可能号码格式错误
2024-04-09 00:18:02 获取到号码【1642656】的GSD为【-】
2024-04-09 00:18:08 GSD insert 第 1 次 等待 3 秒
2024-04-09 00:18:11 {"status":"bad","gid":"567879","msg":"添加失败！号码【1642656(-|-)】已存在！"}
2024-04-09 00:18:11 随机等待 87 秒，约 1 分钟
2024-04-09 00:18:11 下次操作: 2024-04-09 00:19:38

2024-04-09 00:19:38 开始第 2763 次操作

2024-04-09 00:19:38 开始操作号码 【1642657】
2024-04-09 00:19:45 GSD getOne 第 1 次 等待 3 秒
2024-04-09 00:19:48 查询号码 【1642657】，返回信息 {"status":"ok","msg":"-","gid":"567895","time_insert":"2023-03-03 21:25"}
2024-04-09 00:19:48 查询号码 【1642657】，GSD为【"-"】
2024-04-09 00:19:48 ok && -
2024-04-09 00:19:50 CHB 1642657?1712593188 第 1 次 等待 3 秒
2024-04-09 00:19:53 CHB 1642657?1712593188 第 1 次 获取到号码【1642657】GSD
2024-04-09 00:19:54 未获取到号码【1642657】GSD，可能号码格式错误
2024-04-09 00:19:54 获取到号码【1642657】的GSD为【-】
2024-04-09 00:20:00 GSD insert 第 1 次 等待 3 秒
2024-04-09 00:20:03 {"status":"bad","gid":"567895","msg":"添加失败！号码【1642657(-|-)】已存在！"}
2024-04-09 00:20:03 随机等待 167 秒，约 2 分钟
2024-04-09 00:20:03 下次操作: 2024-04-09 00:22:50

2024-04-09 00:22:50 开始第 2764 次操作

2024-04-09 00:22:50 开始操作号码 【1642658】
2024-04-09 00:22:55 GSD getOne 第 1 次 等待 3 秒
2024-04-09 00:22:58 查询号码 【1642658】，返回信息 {"status":"ok","msg":"-","gid":"567925","time_insert":"2023-03-03 21:44"}
2024-04-09 00:22:58 查询号码 【1642658】，GSD为【"-"】
2024-04-09 00:22:58 ok && -
2024-04-09 00:23:01 CHB 1642658?1712593378 第 1 次 等待 3 秒
2024-04-09 00:23:04 CHB 1642658?1712593378 第 1 次 获取到号码【1642658】GSD
2024-04-09 00:23:04 未获取到号码【1642658】GSD，可能号码格式错误
2024-04-09 00:23:04 获取到号码【1642658】的GSD为【-】
2024-04-09 00:23:09 GSD insert 第 1 次 等待 3 秒
2024-04-09 00:23:12 {"status":"bad","gid":"567925","msg":"添加失败！号码【1642658(-|-)】已存在！"}

2024-04-09 00:36:40 开始第 2765 次操作

2024-04-09 00:36:40 开始操作号码 【1642659】
2024-04-09 00:36:46 GSD getOne 第 1 次 等待 3 秒
2024-04-09 00:36:49 查询号码 【1642659】，返回信息 {"status":"ok","msg":"-","gid":"567961","time_insert":"2023-03-03 22:06"}
2024-04-09 00:36:49 查询号码 【1642659】，GSD为【"-"】
2024-04-09 00:36:49 ok && -
2024-04-09 00:36:52 CHB 1642659?1712594209 第 1 次 等待 3 秒
2024-04-09 00:36:55 CHB 1642659?1712594209 第 1 次 获取到号码【1642659】GSD
2024-04-09 00:36:55 未获取到号码【1642659】GSD，可能号码格式错误
2024-04-09 00:36:55 获取到号码【1642659】的GSD为【-】
2024-04-09 00:37:00 GSD insert 第 1 次 等待 3 秒
2024-04-09 00:37:03 {"status":"bad","gid":"567961","msg":"添加失败！号码【1642659(-|-)】已存在！"}
2024-04-09 00:37:03 随机等待 167 秒，约 2 分钟
2024-04-09 00:37:03 下次操作: 2024-04-09 00:39:50

2024-04-09 00:39:50 开始第 2766 次操作

2024-04-09 00:39:50 开始操作号码 【1642660】
2024-04-09 00:39:57 GSD getOne 第 1 次 等待 3 秒
2024-04-09 00:40:00 查询号码 【1642660】，返回信息 {"status":"ok","msg":"-","gid":"567990","time_insert":"2023-03-03 22:27"}
2024-04-09 00:40:00 查询号码 【1642660】，GSD为【"-"】
2024-04-09 00:40:00 ok && -
2024-04-09 00:40:02 CHB 1642660?1712594400 第 1 次 等待 3 秒
2024-04-09 00:40:05 CHB 1642660?1712594400 第 1 次 获取到号码【1642660】GSD
2024-04-09 00:40:05 未获取到号码【1642660】GSD，可能号码格式错误
2024-04-09 00:40:05 获取到号码【1642660】的GSD为【-】
2024-04-09 00:40:11 GSD insert 第 1 次 等待 3 秒
2024-04-09 00:40:14 {"status":"bad","gid":"567990","msg":"添加失败！号码【1642660(-|-)】已存在！"}
2024-04-09 00:40:14 随机等待 171 秒，约 2 分钟
2024-04-09 00:40:14 下次操作: 2024-04-09 00:43:05

2024-04-09 00:43:05 开始第 2767 次操作

2024-04-09 00:43:05 开始操作号码 【1642661】
2024-04-09 00:43:10 GSD getOne 第 1 次 等待 3 秒
2024-04-09 00:43:13 查询号码 【1642661】，返回信息 {"status":"ok","msg":"-","gid":"568008","time_insert":"2023-03-03 22:38"}
2024-04-09 00:43:13 查询号码 【1642661】，GSD为【"-"】
2024-04-09 00:43:13 ok && -
2024-04-09 00:43:15 CHB 1642661?1712594593 第 1 次 等待 3 秒
2024-04-09 00:43:18 CHB 1642661?1712594593 第 1 次 获取到号码【1642661】GSD
2024-04-09 00:43:18 未获取到号码【1642661】GSD，可能号码格式错误
2024-04-09 00:43:18 获取到号码【1642661】的GSD为【-】
2024-04-09 00:43:27 GSD insert 第 1 次 等待 3 秒
2024-04-09 00:43:30 {"status":"bad","gid":"568008","msg":"添加失败！号码【1642661(-|-)】已存在！"}
2024-04-09 00:43:30 随机等待 147 秒，约 2 分钟
2024-04-09 00:43:30 下次操作: 2024-04-09 00:45:57

2024-04-09 00:45:57 开始第 2768 次操作

2024-04-09 00:45:57 开始操作号码 【1642662】
2024-04-09 00:46:05 GSD getOne 第 1 次 等待 3 秒
2024-04-09 00:46:08 查询号码 【1642662】，返回信息 {"status":"ok","msg":"-","gid":"568044","time_insert":"2023-03-03 22:59"}
2024-04-09 00:46:08 查询号码 【1642662】，GSD为【"-"】
2024-04-09 00:46:08 ok && -
2024-04-09 00:46:11 CHB 1642662?1712594768 第 1 次 等待 3 秒
2024-04-09 00:46:14 CHB 1642662?1712594768 第 1 次 获取到号码【1642662】GSD
2024-04-09 00:46:14 未获取到号码【1642662】GSD，可能号码格式错误
2024-04-09 00:46:14 获取到号码【1642662】的GSD为【-】
2024-04-09 00:46:19 GSD insert 第 1 次 等待 3 秒
2024-04-09 00:46:22 {"status":"bad","gid":"568044","msg":"添加失败！号码【1642662(-|-)】已存在！"}

