2024-09-10 00:16:57 开始第 3805 次操作

2024-09-10 00:16:57 开始操作号码 【1423804】
2024-09-10 00:17:04 GSD getOne 第 1 次 等待 3 秒
2024-09-10 00:17:07 查询号码 【1423804】，返回信息 {"status":"ok","msg":"-","gid":"593925","time_insert":"2023-03-16 06:48"}
2024-09-10 00:17:07 查询号码 【1423804】，GSD为【"-"】
2024-09-10 00:17:07 ok && -
2024-09-10 00:17:09 CHB 1423804?1725898627 第 1 次 等待 3 秒
2024-09-10 00:17:12 CHB 1423804?1725898627 第 1 次 获取到号码【1423804】GSD
2024-09-10 00:17:12 未获取到号码【1423804】GSD，可能号码格式错误
2024-09-10 00:17:12 获取到号码【1423804】的GSD为【-】
2024-09-10 00:17:20 GSD insert 第 1 次 等待 3 秒
2024-09-10 00:17:23 {"status":"bad","gid":"593925","msg":"添加失败！号码【1423804(-|-)】已存在！"}
2024-09-10 00:17:23 随机等待 227 秒，约 3 分钟
2024-09-10 00:17:23 下次操作: 2024-09-10 00:21:10

2024-09-10 00:21:10 开始第 3806 次操作

2024-09-10 00:21:10 开始操作号码 【1423805】
2024-09-10 00:21:18 GSD getOne 第 1 次 等待 3 秒
2024-09-10 00:21:21 查询号码 【1423805】，返回信息 {"status":"ok","msg":"-","gid":"593945","time_insert":"2023-03-16 06:59"}
2024-09-10 00:21:21 查询号码 【1423805】，GSD为【"-"】
2024-09-10 00:21:21 ok && -
2024-09-10 00:21:22 CHB 1423805?1725898881 第 1 次 等待 3 秒
2024-09-10 00:21:25 CHB 1423805?1725898881 第 1 次 获取到号码【1423805】GSD
2024-09-10 00:21:26 未获取到号码【1423805】GSD，可能号码格式错误
2024-09-10 00:21:26 获取到号码【1423805】的GSD为【-】
2024-09-10 00:21:33 GSD insert 第 1 次 等待 3 秒
2024-09-10 00:21:36 {"status":"bad","gid":"593945","msg":"添加失败！号码【1423805(-|-)】已存在！"}
2024-09-10 00:21:36 随机等待 162 秒，约 2 分钟
2024-09-10 00:21:36 下次操作: 2024-09-10 00:24:18

2024-09-10 00:24:18 开始第 3807 次操作

2024-09-10 00:24:18 开始操作号码 【1423806】
2024-09-10 00:24:26 GSD getOne 第 1 次 等待 3 秒
2024-09-10 00:24:29 查询号码 【1423806】，返回信息 {"status":"ok","msg":"-","gid":"593966","time_insert":"2023-03-16 07:12"}
2024-09-10 00:24:29 查询号码 【1423806】，GSD为【"-"】
2024-09-10 00:24:29 ok && -
2024-09-10 00:24:32 CHB 1423806?1725899069 第 1 次 等待 3 秒
2024-09-10 00:24:35 CHB 1423806?1725899069 第 1 次 获取到号码【1423806】GSD
2024-09-10 00:24:36 未获取到号码【1423806】GSD，可能号码格式错误
2024-09-10 00:24:36 获取到号码【1423806】的GSD为【-】
2024-09-10 00:24:44 GSD insert 第 1 次 等待 3 秒
2024-09-10 00:24:47 {"status":"bad","gid":"593966","msg":"添加失败！号码【1423806(-|-)】已存在！"}
2024-09-10 00:24:47 随机等待 223 秒，约 3 分钟
2024-09-10 00:24:47 下次操作: 2024-09-10 00:28:30

2024-09-10 00:28:30 开始第 3808 次操作

2024-09-10 00:28:30 开始操作号码 【1423807】
2024-09-10 00:28:38 GSD getOne 第 1 次 等待 3 秒
2024-09-10 00:28:41 查询号码 【1423807】，返回信息 {"status":"ok","msg":"-","gid":"593996","time_insert":"2023-03-16 07:30"}
2024-09-10 00:28:41 查询号码 【1423807】，GSD为【"-"】
2024-09-10 00:28:41 ok && -
2024-09-10 00:28:43 CHB 1423807?1725899321 第 1 次 等待 3 秒
2024-09-10 00:28:46 CHB 1423807?1725899321 第 1 次 获取到号码【1423807】GSD
2024-09-10 00:28:46 未获取到号码【1423807】GSD，可能号码格式错误
2024-09-10 00:28:46 获取到号码【1423807】的GSD为【-】
2024-09-10 00:28:53 GSD insert 第 1 次 等待 3 秒
2024-09-10 00:28:56 {"status":"bad","gid":"593996","msg":"添加失败！号码【1423807(-|-)】已存在！"}

