2024-11-12 00:27:10 开始第 4293 次操作

2024-11-12 00:27:10 开始操作号码 【1324292】
2024-11-12 00:27:12 GSD getOne 第 1 次 等待 3 秒
2024-11-12 00:27:15 查询号码 【1324292】，返回信息 {"status":"ok","msg":"广东-深圳","gid":"197633","time_insert":"2021-07-05 12:24"}
2024-11-12 00:27:15 查询号码 【1324292】，GSD为【"广东-深圳"】

2024-11-12 00:27:16 开始第 4294 次操作

2024-11-12 00:27:16 开始操作号码 【1324293】
2024-11-12 00:27:16 GSD getOne 第 1 次 等待 3 秒
2024-11-12 00:27:19 查询号码 【1324293】，返回信息 {"status":"ok","msg":"广东-深圳","gid":"197663","time_insert":"2021-07-05 12:40"}
2024-11-12 00:27:19 查询号码 【1324293】，GSD为【"广东-深圳"】

2024-11-12 00:27:21 开始第 4295 次操作

2024-11-12 00:27:21 开始操作号码 【1324294】
2024-11-12 00:27:21 GSD getOne 第 1 次 等待 3 秒
2024-11-12 00:27:24 查询号码 【1324294】，返回信息 {"status":"ok","msg":"广东-深圳","gid":"197738","time_insert":"2021-07-05 12:59"}
2024-11-12 00:27:24 查询号码 【1324294】，GSD为【"广东-深圳"】

2024-11-12 00:27:25 开始第 4296 次操作

2024-11-12 00:27:25 开始操作号码 【1324295】
2024-11-12 00:27:26 GSD getOne 第 1 次 等待 3 秒
2024-11-12 00:27:29 查询号码 【1324295】，返回信息 {"status":"ok","msg":"广东-深圳","gid":"197939","time_insert":"2021-07-05 13:19"}
2024-11-12 00:27:29 查询号码 【1324295】，GSD为【"广东-深圳"】

2024-11-12 00:45:49 开始第 4297 次操作

2024-11-12 00:45:49 开始操作号码 【1324296】
2024-11-12 00:45:51 GSD getOne 第 1 次 等待 3 秒
2024-11-12 00:45:54 查询号码 【1324296】，返回信息 {"status":"ok","msg":"广东-深圳","gid":"197973","time_insert":"2021-07-05 13:35"}
2024-11-12 00:45:54 查询号码 【1324296】，GSD为【"广东-深圳"】

2024-11-12 00:45:55 开始第 4298 次操作

2024-11-12 00:45:55 开始操作号码 【1324297】
2024-11-12 00:45:56 GSD getOne 第 1 次 等待 3 秒
2024-11-12 00:45:59 查询号码 【1324297】，返回信息 {"status":"ok","msg":"广东-深圳","gid":"198153","time_insert":"2021-07-05 13:54"}
2024-11-12 00:45:59 查询号码 【1324297】，GSD为【"广东-深圳"】

2024-11-12 00:46:00 开始第 4299 次操作

2024-11-12 00:46:00 开始操作号码 【1324298】
2024-11-12 00:46:01 GSD getOne 第 1 次 等待 3 秒
2024-11-12 00:46:04 查询号码 【1324298】，返回信息 {"status":"ok","msg":"广东-深圳","gid":"198247","time_insert":"2021-07-05 14:13"}
2024-11-12 00:46:05 查询号码 【1324298】，GSD为【"广东-深圳"】

2024-11-12 00:46:06 开始第 4300 次操作

2024-11-12 00:46:06 开始操作号码 【1324299】
2024-11-12 00:46:07 GSD getOne 第 1 次 等待 3 秒
2024-11-12 00:46:10 查询号码 【1324299】，返回信息 {"status":"ok","msg":"广东-深圳","gid":"103065","time_insert":"2021-06-18 10:58","time_update":"2021-06-18 11:03"}
2024-11-12 00:46:10 查询号码 【1324299】，GSD为【"广东-深圳"】

2024-11-12 01:17:33 开始第 4301 次操作

2024-11-12 01:17:33 开始操作号码 【1324300】
2024-11-12 01:17:34 GSD getOne 第 1 次 等待 3 秒
2024-11-12 01:17:37 查询号码 【1324300】，返回信息 {"status":"ok","msg":"河南-安阳","gid":"198276","time_insert":"2021-07-05 14:30"}
2024-11-12 01:17:37 查询号码 【1324300】，GSD为【"河南-安阳"】

2024-11-12 01:17:38 开始第 4302 次操作

2024-11-12 01:17:38 开始操作号码 【1324301】
2024-11-12 01:17:39 GSD getOne 第 1 次 等待 3 秒
2024-11-12 01:17:42 查询号码 【1324301】，返回信息 {"status":"ok","msg":"河南-安阳","gid":"198309","time_insert":"2021-07-05 14:47"}
2024-11-12 01:17:42 查询号码 【1324301】，GSD为【"河南-安阳"】

2024-11-12 01:17:43 开始第 4303 次操作

2024-11-12 01:17:43 开始操作号码 【1324302】
2024-11-12 01:17:44 GSD getOne 第 1 次 等待 3 秒
2024-11-12 01:17:47 查询号码 【1324302】，返回信息 {"status":"ok","msg":"河南-安阳","gid":"53085","time_insert":"2020-12-23 09:08"}
2024-11-12 01:17:47 查询号码 【1324302】，GSD为【"河南-安阳"】

2024-11-12 01:17:48 开始第 4304 次操作

2024-11-12 01:17:48 开始操作号码 【1324303】
2024-11-12 01:17:49 GSD getOne 第 1 次 等待 3 秒
2024-11-12 01:17:52 查询号码 【1324303】，返回信息 {"status":"ok","msg":"河南-焦作","gid":"2277","time_insert":"2016-09-27 13:37","time_update":"2020-09-14 11:24"}
2024-11-12 01:17:52 查询号码 【1324303】，GSD为【"河南-焦作"】

2024-11-12 01:38:20 开始第 4305 次操作

2024-11-12 01:38:20 开始操作号码 【1324304】
2024-11-12 01:38:21 GSD getOne 第 1 次 等待 3 秒
2024-11-12 01:38:24 查询号码 【1324304】，返回信息 {"status":"ok","msg":"河南-焦作","gid":"198417","time_insert":"2021-07-05 15:03"}
2024-11-12 01:38:24 查询号码 【1324304】，GSD为【"河南-焦作"】

2024-11-12 01:38:25 开始第 4306 次操作

2024-11-12 01:38:25 开始操作号码 【1324305】
2024-11-12 01:38:26 GSD getOne 第 1 次 等待 3 秒
2024-11-12 01:38:29 查询号码 【1324305】，返回信息 {"status":"ok","msg":"河南-开封","gid":"198633","time_insert":"2021-07-05 15:23"}
2024-11-12 01:38:29 查询号码 【1324305】，GSD为【"河南-开封"】

2024-11-12 01:38:30 开始第 4307 次操作

2024-11-12 01:38:30 开始操作号码 【1324306】
2024-11-12 01:38:31 GSD getOne 第 1 次 等待 3 秒
2024-11-12 01:38:34 查询号码 【1324306】，返回信息 {"status":"ok","msg":"河南-开封","gid":"198713","time_insert":"2021-07-05 15:39"}
2024-11-12 01:38:34 查询号码 【1324306】，GSD为【"河南-开封"】

2024-11-12 01:38:35 开始第 4308 次操作

2024-11-12 01:38:35 开始操作号码 【1324307】
2024-11-12 01:38:36 GSD getOne 第 1 次 等待 3 秒
2024-11-12 01:38:39 查询号码 【1324307】，返回信息 {"status":"ok","msg":"河南-洛阳","gid":"198938","time_insert":"2021-07-05 15:57"}
2024-11-12 01:38:39 查询号码 【1324307】，GSD为【"河南-洛阳"】

2024-11-12 02:27:48 开始第 4309 次操作

2024-11-12 02:27:48 开始操作号码 【1324308】
2024-11-12 02:27:49 GSD getOne 第 1 次 等待 3 秒
2024-11-12 02:27:52 查询号码 【1324308】，返回信息 {"status":"ok","msg":"河南-洛阳","gid":"53086","time_insert":"2020-12-10 11:21"}
2024-11-12 02:27:52 查询号码 【1324308】，GSD为【"河南-洛阳"】

2024-11-12 02:27:53 开始第 4310 次操作

2024-11-12 02:27:53 开始操作号码 【1324309】
2024-11-12 02:27:54 GSD getOne 第 1 次 等待 3 秒
2024-11-12 02:27:57 查询号码 【1324309】，返回信息 {"status":"ok","msg":"河南-洛阳","gid":"53087","time_insert":"2020-11-26 22:11"}
2024-11-12 02:27:57 查询号码 【1324309】，GSD为【"河南-洛阳"】

2024-11-12 02:27:58 开始第 4311 次操作

2024-11-12 02:27:58 开始操作号码 【1324310】
2024-11-12 02:27:59 GSD getOne 第 1 次 等待 3 秒
2024-11-12 02:28:02 查询号码 【1324310】，返回信息 {"status":"ok","msg":"河南-漯河","gid":"198994","time_insert":"2021-07-05 16:13"}
2024-11-12 02:28:02 查询号码 【1324310】，GSD为【"河南-漯河"】

2024-11-12 02:28:03 开始第 4312 次操作

2024-11-12 02:28:03 开始操作号码 【1324311】
2024-11-12 02:28:04 GSD getOne 第 1 次 等待 3 秒
2024-11-12 02:28:07 查询号码 【1324311】，返回信息 {"status":"ok","msg":"河南-漯河","gid":"199031","time_insert":"2021-07-05 16:32"}
2024-11-12 02:28:07 查询号码 【1324311】，GSD为【"河南-漯河"】

2024-11-12 02:44:22 开始第 4313 次操作

2024-11-12 02:44:22 开始操作号码 【1324312】
2024-11-12 02:44:24 GSD getOne 第 1 次 等待 3 秒
2024-11-12 02:44:27 查询号码 【1324312】，返回信息 {"status":"ok","msg":"河南-南阳","gid":"199202","time_insert":"2021-07-05 16:52"}
2024-11-12 02:44:27 查询号码 【1324312】，GSD为【"河南-南阳"】

2024-11-12 02:44:28 开始第 4314 次操作

2024-11-12 02:44:28 开始操作号码 【1324313】
2024-11-12 02:44:29 GSD getOne 第 1 次 等待 3 秒
2024-11-12 02:44:32 查询号码 【1324313】，返回信息 {"status":"ok","msg":"河南-南阳","gid":"199365","time_insert":"2021-07-05 17:09"}
2024-11-12 02:44:32 查询号码 【1324313】，GSD为【"河南-南阳"】

2024-11-12 02:44:33 开始第 4315 次操作

2024-11-12 02:44:33 开始操作号码 【1324314】
2024-11-12 02:44:34 GSD getOne 第 1 次 等待 3 秒
2024-11-12 02:44:37 查询号码 【1324314】，返回信息 {"status":"ok","msg":"河南-南阳","gid":"2278","time_insert":"2018-10-31 16:40","time_update":"2020-09-14 11:27"}
2024-11-12 02:44:37 查询号码 【1324314】，GSD为【"河南-南阳"】

2024-11-12 02:44:38 开始第 4316 次操作

2024-11-12 02:44:38 开始操作号码 【1324315】
2024-11-12 02:44:39 GSD getOne 第 1 次 等待 3 秒
2024-11-12 02:44:42 查询号码 【1324315】，返回信息 {"status":"ok","msg":"河南-南阳","gid":"199396","time_insert":"2021-07-05 17:27"}
2024-11-12 02:44:42 查询号码 【1324315】，GSD为【"河南-南阳"】

