2023-11-14 00:13:49 开始第 8705 次操作

2023-11-14 00:13:49 开始操作号码 【1968597】
2023-11-14 00:13:52 GSD getOne 第 1 次 等待 3 秒
2023-11-14 00:13:55 查询号码 【1968597】，返回信息 {"status":"ok","msg":"-","gid":"587094","time_insert":"2023-03-13 02:39"}
2023-11-14 00:13:55 查询号码 【1968597】，GSD为【"-"】
2023-11-14 00:13:55 ok && -
2023-11-14 00:13:58 CHB 1968597?1699892035 第 1 次 等待 3 秒
2023-11-14 00:14:01 CHB 1968597?1699892035 第 1 次 获取到号码【1968597】GSD
2023-11-14 00:14:01 未获取到号码【1968597】GSD，可能号码格式错误
2023-11-14 00:14:01 获取到号码【1968597】的GSD为【-】
2023-11-14 00:14:04 GSD insert 第 1 次 等待 3 秒
2023-11-14 00:14:07 {"status":"bad","gid":"587094","msg":"添加失败！号码【1968597(-|-)】已存在！"}
2023-11-14 00:14:07 随机等待 135 秒，约 2 分钟
2023-11-14 00:14:07 下次操作: 2023-11-14 00:16:22

2023-11-14 00:16:22 开始第 8706 次操作

2023-11-14 00:16:22 开始操作号码 【1968598】
2023-11-14 00:16:30 GSD getOne 第 1 次 等待 3 秒
2023-11-14 00:16:33 查询号码 【1968598】，返回信息 {"status":"ok","msg":"-","gid":"587095","time_insert":"2023-03-13 02:41"}
2023-11-14 00:16:33 查询号码 【1968598】，GSD为【"-"】
2023-11-14 00:16:33 ok && -
2023-11-14 00:16:37 CHB 1968598?1699892193 第 1 次 等待 3 秒
2023-11-14 00:16:40 CHB 1968598?1699892193 第 1 次 获取到号码【1968598】GSD
2023-11-14 00:16:40 未获取到号码【1968598】GSD，可能号码格式错误
2023-11-14 00:16:40 获取到号码【1968598】的GSD为【-】
2023-11-14 00:16:44 GSD insert 第 1 次 等待 3 秒
2023-11-14 00:16:47 {"status":"bad","gid":"587095","msg":"添加失败！号码【1968598(-|-)】已存在！"}
2023-11-14 00:16:47 随机等待 79 秒，约 1 分钟
2023-11-14 00:16:47 下次操作: 2023-11-14 00:18:06

2023-11-14 00:18:06 开始第 8707 次操作

2023-11-14 00:18:06 开始操作号码 【1968599】
2023-11-14 00:18:10 GSD getOne 第 1 次 等待 3 秒
2023-11-14 00:18:13 查询号码 【1968599】，返回信息 {"status":"ok","msg":"-","gid":"587099","time_insert":"2023-03-13 02:43"}
2023-11-14 00:18:13 查询号码 【1968599】，GSD为【"-"】
2023-11-14 00:18:13 ok && -
2023-11-14 00:18:15 CHB 1968599?1699892293 第 1 次 等待 3 秒
2023-11-14 00:18:18 CHB 1968599?1699892293 第 1 次 获取到号码【1968599】GSD
2023-11-14 00:18:18 未获取到号码【1968599】GSD，可能号码格式错误
2023-11-14 00:18:18 获取到号码【1968599】的GSD为【-】
2023-11-14 00:18:22 GSD insert 第 1 次 等待 3 秒
2023-11-14 00:18:25 {"status":"bad","gid":"587099","msg":"添加失败！号码【1968599(-|-)】已存在！"}
2023-11-14 00:18:25 随机等待 75 秒，约 1 分钟
2023-11-14 00:18:25 下次操作: 2023-11-14 00:19:40

2023-11-14 00:19:40 开始第 8708 次操作

2023-11-14 00:19:40 开始操作号码 【1968600】
2023-11-14 00:19:44 GSD getOne 第 1 次 等待 3 秒
2023-11-14 00:19:47 查询号码 【1968600】，返回信息 {"status":"ok","msg":"-","gid":"587105","time_insert":"2023-03-13 02:45"}
2023-11-14 00:19:47 查询号码 【1968600】，GSD为【"-"】
2023-11-14 00:19:47 ok && -
2023-11-14 00:19:48 CHB 1968600?1699892387 第 1 次 等待 3 秒
2023-11-14 00:19:52 CHB 1968600?1699892387 第 1 次 获取到号码【1968600】GSD
2023-11-14 00:19:52 未获取到号码【1968600】GSD，可能号码格式错误
2023-11-14 00:19:52 获取到号码【1968600】的GSD为【-】
2023-11-14 00:19:56 GSD insert 第 1 次 等待 3 秒
2023-11-14 00:19:59 {"status":"bad","gid":"587105","msg":"添加失败！号码【1968600(-|-)】已存在！"}

