2024-07-09 00:15:01 开始第 5105 次操作

2024-07-09 00:15:01 开始操作号码 【1534987】
2024-07-09 00:15:09 GSD getOne 第 1 次 等待 3 秒
2024-07-09 00:15:12 查询号码 【1534987】，返回信息 {"status":"ok","msg":"安徽-六安","gid":"422878","time_insert":"2021-07-28 09:51"}
2024-07-09 00:15:13 查询号码 【1534987】，GSD为【"安徽-六安"】

2024-07-09 00:15:14 开始第 5106 次操作

2024-07-09 00:15:14 开始操作号码 【1534988】
2024-07-09 00:15:23 GSD getOne 第 1 次 等待 3 秒
2024-07-09 00:15:26 查询号码 【1534988】，返回信息 {"status":"ok","msg":"安徽-阜阳","gid":"422872","time_insert":"2021-07-28 09:50"}
2024-07-09 00:15:26 查询号码 【1534988】，GSD为【"安徽-阜阳"】

2024-07-09 00:15:27 开始第 5107 次操作

2024-07-09 00:15:27 开始操作号码 【1534989】
2024-07-09 00:15:36 GSD getOne 第 1 次 等待 3 秒
2024-07-09 00:15:39 查询号码 【1534989】，返回信息 {"status":"ok","msg":"安徽-芜湖","gid":"422856","time_insert":"2021-07-28 09:44"}
2024-07-09 00:15:39 查询号码 【1534989】，GSD为【"安徽-芜湖"】

2024-07-09 00:15:40 开始第 5108 次操作

2024-07-09 00:15:40 开始操作号码 【1534990】
2024-07-09 00:15:49 GSD getOne 第 1 次 等待 3 秒
2024-07-09 00:15:52 查询号码 【1534990】，返回信息 {"status":"ok","msg":"新疆-克拉玛依","gid":"422852","time_insert":"2021-07-28 09:44"}
2024-07-09 00:15:52 查询号码 【1534990】，GSD为【"新疆-克拉玛依"】

2024-07-09 00:38:42 开始第 5109 次操作

2024-07-09 00:38:42 开始操作号码 【1534991】
2024-07-09 00:38:55 GSD getOne 第 1 次 等待 3 秒
2024-07-09 00:38:58 查询号码 【1534991】，返回信息 {"status":"ok","msg":"新疆-乌鲁木齐","gid":"422845","time_insert":"2021-07-28 09:43"}
2024-07-09 00:38:58 查询号码 【1534991】，GSD为【"新疆-乌鲁木齐"】

2024-07-09 00:38:59 开始第 5110 次操作

2024-07-09 00:38:59 开始操作号码 【1534992】
2024-07-09 00:39:07 GSD getOne 第 1 次 等待 3 秒
2024-07-09 00:39:10 查询号码 【1534992】，返回信息 {"status":"ok","msg":"新疆-哈密","gid":"422710","time_insert":"2021-07-28 08:13"}
2024-07-09 00:39:10 查询号码 【1534992】，GSD为【"新疆-哈密"】

2024-07-09 00:39:11 开始第 5111 次操作

2024-07-09 00:39:11 开始操作号码 【1534993】
2024-07-09 00:39:19 GSD getOne 第 1 次 等待 3 秒
2024-07-09 00:39:22 查询号码 【1534993】，返回信息 {"status":"ok","msg":"新疆-乌鲁木齐","gid":"422704","time_insert":"2021-07-28 08:12"}
2024-07-09 00:39:22 查询号码 【1534993】，GSD为【"新疆-乌鲁木齐"】

2024-07-09 00:39:23 开始第 5112 次操作

2024-07-09 00:39:23 开始操作号码 【1534994】
2024-07-09 00:39:31 GSD getOne 第 1 次 等待 3 秒
2024-07-09 00:39:34 查询号码 【1534994】，返回信息 {"status":"ok","msg":"新疆-塔城","gid":"422696","time_insert":"2021-07-28 08:11"}
2024-07-09 00:39:34 查询号码 【1534994】，GSD为【"新疆-塔城"】

2024-07-09 01:10:43 开始第 5113 次操作

2024-07-09 01:10:43 开始操作号码 【1534995】
2024-07-09 01:10:51 GSD getOne 第 1 次 等待 3 秒
2024-07-09 01:10:54 查询号码 【1534995】，返回信息 {"status":"ok","msg":"新疆-和田","gid":"422690","time_insert":"2021-07-28 08:11"}
2024-07-09 01:10:54 查询号码 【1534995】，GSD为【"新疆-和田"】

2024-07-09 01:10:55 开始第 5114 次操作

2024-07-09 01:10:55 开始操作号码 【1534996】
2024-07-09 01:11:03 GSD getOne 第 1 次 等待 3 秒
2024-07-09 01:11:06 查询号码 【1534996】，返回信息 {"status":"ok","msg":"新疆-阿勒泰","gid":"422680","time_insert":"2021-07-28 08:10"}
2024-07-09 01:11:06 查询号码 【1534996】，GSD为【"新疆-阿勒泰"】

2024-07-09 01:11:07 开始第 5115 次操作

2024-07-09 01:11:07 开始操作号码 【1534997】
2024-07-09 01:11:15 GSD getOne 第 1 次 等待 3 秒
2024-07-09 01:11:18 查询号码 【1534997】，返回信息 {"status":"ok","msg":"新疆-克孜勒苏","gid":"422674","time_insert":"2021-07-28 08:09"}
2024-07-09 01:11:18 查询号码 【1534997】，GSD为【"新疆-克孜勒苏"】

2024-07-09 01:11:19 开始第 5116 次操作

2024-07-09 01:11:19 开始操作号码 【1534998】
2024-07-09 01:11:27 GSD getOne 第 1 次 等待 3 秒
2024-07-09 01:11:30 查询号码 【1534998】，返回信息 {"status":"ok","msg":"新疆-乌鲁木齐","gid":"422668","time_insert":"2021-07-28 08:08"}
2024-07-09 01:11:30 查询号码 【1534998】，GSD为【"新疆-乌鲁木齐"】

2024-07-09 01:34:13 开始第 5117 次操作

2024-07-09 01:34:13 开始操作号码 【1534999】
2024-07-09 01:34:22 GSD getOne 第 1 次 等待 3 秒
2024-07-09 01:34:25 查询号码 【1534999】，返回信息 {"status":"ok","msg":"新疆-乌鲁木齐","gid":"422663","time_insert":"2021-07-28 08:07"}
2024-07-09 01:34:25 查询号码 【1534999】，GSD为【"新疆-乌鲁木齐"】

2024-07-09 01:34:26 开始第 5118 次操作

2024-07-09 01:34:26 开始操作号码 【1535000】
2024-07-09 01:34:34 GSD getOne 第 1 次 等待 3 秒
2024-07-09 01:34:37 查询号码 【1535000】，返回信息 {"status":"ok","msg":"江西-南昌","gid":"422655","time_insert":"2021-07-28 08:06"}
2024-07-09 01:34:37 查询号码 【1535000】，GSD为【"江西-南昌"】

2024-07-09 01:34:38 开始第 5119 次操作

2024-07-09 01:34:38 开始操作号码 【1535001】
2024-07-09 01:34:46 GSD getOne 第 1 次 等待 3 秒
2024-07-09 01:34:49 查询号码 【1535001】，返回信息 {"status":"ok","msg":"江西-南昌","gid":"422648","time_insert":"2021-07-28 08:06"}
2024-07-09 01:34:49 查询号码 【1535001】，GSD为【"江西-南昌"】

2024-07-09 01:34:50 开始第 5120 次操作

2024-07-09 01:34:50 开始操作号码 【1535002】
2024-07-09 01:34:58 GSD getOne 第 1 次 等待 3 秒
2024-07-09 01:35:01 查询号码 【1535002】，返回信息 {"status":"ok","msg":"江西-九江","gid":"422643","time_insert":"2021-07-28 08:05"}
2024-07-09 01:35:02 查询号码 【1535002】，GSD为【"江西-九江"】

2024-07-09 02:15:51 开始第 5121 次操作

2024-07-09 02:15:51 开始操作号码 【1535003】
2024-07-09 02:15:59 GSD getOne 第 1 次 等待 3 秒
2024-07-09 02:16:02 查询号码 【1535003】，返回信息 {"status":"ok","msg":"江西-上饶","gid":"422637","time_insert":"2021-07-28 08:04"}
2024-07-09 02:16:02 查询号码 【1535003】，GSD为【"江西-上饶"】

2024-07-09 02:16:03 开始第 5122 次操作

2024-07-09 02:16:03 开始操作号码 【1535004】
2024-07-09 02:16:11 GSD getOne 第 1 次 等待 3 秒
2024-07-09 02:16:14 查询号码 【1535004】，返回信息 {"status":"ok","msg":"江西-抚州","gid":"422629","time_insert":"2021-07-28 08:03"}
2024-07-09 02:16:14 查询号码 【1535004】，GSD为【"江西-抚州"】

2024-07-09 02:16:15 开始第 5123 次操作

2024-07-09 02:16:15 开始操作号码 【1535005】
2024-07-09 02:16:23 GSD getOne 第 1 次 等待 3 秒
2024-07-09 02:16:26 查询号码 【1535005】，返回信息 {"status":"ok","msg":"江西-宜春","gid":"422623","time_insert":"2021-07-28 08:02"}
2024-07-09 02:16:26 查询号码 【1535005】，GSD为【"江西-宜春"】

2024-07-09 02:16:27 开始第 5124 次操作

2024-07-09 02:16:27 开始操作号码 【1535006】
2024-07-09 02:16:28 GSD getOne 第 1 次 等待 3 秒
2024-07-09 02:16:39 GSD getOne 第 2 次 等待 3 秒
2024-07-09 02:16:42 查询号码 【1535006】，返回信息 {"status":"ok","msg":"江西-吉安","gid":"422614","time_insert":"2021-07-28 08:01"}
2024-07-09 02:16:42 查询号码 【1535006】，GSD为【"江西-吉安"】

2024-07-09 02:38:04 开始第 5125 次操作

2024-07-09 02:38:04 开始操作号码 【1535007】
2024-07-09 02:38:12 GSD getOne 第 1 次 等待 3 秒
2024-07-09 02:38:15 查询号码 【1535007】，返回信息 {"status":"ok","msg":"江西-赣州","gid":"422606","time_insert":"2021-07-28 08:01"}
2024-07-09 02:38:15 查询号码 【1535007】，GSD为【"江西-赣州"】

2024-07-09 02:38:16 开始第 5126 次操作

2024-07-09 02:38:16 开始操作号码 【1535008】
2024-07-09 02:38:24 GSD getOne 第 1 次 等待 3 秒
2024-07-09 02:38:27 查询号码 【1535008】，返回信息 {"status":"ok","msg":"江西-景德镇","gid":"21115","time_insert":"2018-03-05 19:39","time_update":"2020-09-07 18:23"}
2024-07-09 02:38:27 查询号码 【1535008】，GSD为【"江西-景德镇"】

2024-07-09 02:38:28 开始第 5127 次操作

2024-07-09 02:38:28 开始操作号码 【1535009】
2024-07-09 02:38:36 GSD getOne 第 1 次 等待 3 秒
2024-07-09 02:38:39 查询号码 【1535009】，返回信息 {"status":"ok","msg":"江西-萍乡","gid":"21116","time_insert":"2018-09-12 06:31","time_update":"2020-09-07 18:28"}
2024-07-09 02:38:39 查询号码 【1535009】，GSD为【"江西-萍乡"】

2024-07-09 02:38:40 开始第 5128 次操作

2024-07-09 02:38:40 开始操作号码 【1535010】
2024-07-09 02:38:48 GSD getOne 第 1 次 等待 3 秒
2024-07-09 02:38:51 查询号码 【1535010】，返回信息 {"status":"ok","msg":"江西-鹰潭","gid":"422591","time_insert":"2021-07-28 07:59"}
2024-07-09 02:38:51 查询号码 【1535010】，GSD为【"江西-鹰潭"】

