2023-12-24 00:12:08 开始第 4989 次操作

2023-12-24 00:12:08 开始操作号码 【1864882】
2023-12-24 00:12:12 GSD getOne 第 1 次 等待 3 秒
2023-12-24 00:12:15 查询号码 【1864882】，返回信息 {"status":"ok","msg":"广西-来宾","gid":"461182","time_insert":"2021-07-31 22:59"}
2023-12-24 00:12:15 查询号码 【1864882】，GSD为【"广西-来宾"】

2023-12-24 00:12:16 开始第 4990 次操作

2023-12-24 00:12:16 开始操作号码 【1864883】
2023-12-24 00:12:27 GSD getOne 第 1 次 等待 3 秒
2023-12-24 00:12:30 查询号码 【1864883】，返回信息 {"status":"ok","msg":"广西-玉林","gid":"461175","time_insert":"2021-07-31 22:59"}
2023-12-24 00:12:30 查询号码 【1864883】，GSD为【"广西-玉林"】

2023-12-24 00:12:31 开始第 4991 次操作

2023-12-24 00:12:31 开始操作号码 【1864884】
2023-12-24 00:12:34 GSD getOne 第 1 次 等待 3 秒
2023-12-24 00:12:37 查询号码 【1864884】，返回信息 {"status":"ok","msg":"广西-玉林","gid":"461169","time_insert":"2021-07-31 22:58"}
2023-12-24 00:12:37 查询号码 【1864884】，GSD为【"广西-玉林"】

2023-12-24 00:12:38 开始第 4992 次操作

2023-12-24 00:12:38 开始操作号码 【1864885】
2023-12-24 00:12:42 GSD getOne 第 1 次 等待 3 秒
2023-12-24 00:12:45 查询号码 【1864885】，返回信息 {"status":"ok","msg":"广西-柳州","gid":"461160","time_insert":"2021-07-31 22:57"}
2023-12-24 00:12:45 查询号码 【1864885】，GSD为【"广西-柳州"】

