2023-12-16 00:13:50 开始第 3521 次操作

2023-12-16 00:13:50 开始操作号码 【1863414】
2023-12-16 00:14:16 GSD getOne 第 1 次 等待 3 秒
2023-12-16 00:14:19 查询号码 【1863414】，返回信息 {"status":"ok","msg":"河北-邯郸","gid":"478076","time_insert":"2021-08-02 10:58"}
2023-12-16 00:14:19 查询号码 【1863414】，GSD为【"河北-邯郸"】

2023-12-16 00:14:20 开始第 3522 次操作

2023-12-16 00:14:20 开始操作号码 【1863415】
2023-12-16 00:14:24 GSD getOne 第 1 次 等待 3 秒
2023-12-16 00:14:27 查询号码 【1863415】，返回信息 {"status":"ok","msg":"河北-唐山","gid":"478064","time_insert":"2021-08-02 10:57"}
2023-12-16 00:14:27 查询号码 【1863415】，GSD为【"河北-唐山"】

2023-12-16 00:14:28 开始第 3523 次操作

2023-12-16 00:14:28 开始操作号码 【1863416】
2023-12-16 00:14:31 GSD getOne 第 1 次 等待 3 秒
2023-12-16 00:14:34 查询号码 【1863416】，返回信息 {"status":"ok","msg":"河北-唐山","gid":"478051","time_insert":"2021-08-02 10:56"}
2023-12-16 00:14:34 查询号码 【1863416】，GSD为【"河北-唐山"】

2023-12-16 00:14:36 开始第 3524 次操作

2023-12-16 00:14:36 开始操作号码 【1863417】
2023-12-16 00:14:40 GSD getOne 第 1 次 等待 3 秒
2023-12-16 00:14:43 查询号码 【1863417】，返回信息 {"status":"ok","msg":"河北-唐山","gid":"478040","time_insert":"2021-08-02 10:55"}
2023-12-16 00:14:43 查询号码 【1863417】，GSD为【"河北-唐山"】

2023-12-16 00:37:54 开始第 3525 次操作

2023-12-16 00:37:54 开始操作号码 【1863418】
2023-12-16 00:37:58 GSD getOne 第 1 次 等待 3 秒
2023-12-16 00:38:01 查询号码 【1863418】，返回信息 {"status":"ok","msg":"河北-保定","gid":"478029","time_insert":"2021-08-02 10:54"}
2023-12-16 00:38:01 查询号码 【1863418】，GSD为【"河北-保定"】

2023-12-16 00:38:02 开始第 3526 次操作

2023-12-16 00:38:02 开始操作号码 【1863419】
2023-12-16 00:38:16 GSD getOne 第 1 次 等待 3 秒
2023-12-16 00:38:19 查询号码 【1863419】，返回信息 {"status":"ok","msg":"河北-保定","gid":"478016","time_insert":"2021-08-02 10:54"}
2023-12-16 00:38:20 查询号码 【1863419】，GSD为【"河北-保定"】

2023-12-16 00:38:21 开始第 3527 次操作

2023-12-16 00:38:21 开始操作号码 【1863420】
2023-12-16 00:38:26 GSD getOne 第 1 次 等待 3 秒
2023-12-16 00:38:29 查询号码 【1863420】，返回信息 {"status":"ok","msg":"山西-大同","gid":"478004","time_insert":"2021-08-02 10:53"}
2023-12-16 00:38:29 查询号码 【1863420】，GSD为【"山西-大同"】

2023-12-16 00:38:30 开始第 3528 次操作

2023-12-16 00:38:30 开始操作号码 【1863421】
2023-12-16 00:38:33 GSD getOne 第 1 次 等待 3 秒
2023-12-16 00:38:36 查询号码 【1863421】，返回信息 {"status":"ok","msg":"山西-大同","gid":"477990","time_insert":"2021-08-02 10:52"}
2023-12-16 00:38:36 查询号码 【1863421】，GSD为【"山西-大同"】

2023-12-16 01:10:01 开始第 3529 次操作

2023-12-16 01:10:01 开始操作号码 【1863422】
2023-12-16 01:10:05 GSD getOne 第 1 次 等待 3 秒
2023-12-16 01:10:08 查询号码 【1863422】，返回信息 {"status":"ok","msg":"山西-大同","gid":"477977","time_insert":"2021-08-02 10:51"}
2023-12-16 01:10:08 查询号码 【1863422】，GSD为【"山西-大同"】

2023-12-16 01:10:09 开始第 3530 次操作

2023-12-16 01:10:09 开始操作号码 【1863423】
2023-12-16 01:10:14 GSD getOne 第 1 次 等待 3 秒
2023-12-16 01:10:17 查询号码 【1863423】，返回信息 {"status":"ok","msg":"山西-大同","gid":"40763","time_insert":"2017-09-17 08:52","time_update":"2020-08-19 18:43"}
2023-12-16 01:10:17 查询号码 【1863423】，GSD为【"山西-大同"】

2023-12-16 01:10:18 开始第 3531 次操作

2023-12-16 01:10:18 开始操作号码 【1863424】
2023-12-16 01:10:36 GSD getOne 第 1 次 等待 3 秒
2023-12-16 01:10:39 查询号码 【1863424】，返回信息 {"status":"ok","msg":"山西-长治","gid":"477954","time_insert":"2021-08-02 10:49"}
2023-12-16 01:10:39 查询号码 【1863424】，GSD为【"山西-长治"】

2023-12-16 01:10:40 开始第 3532 次操作

2023-12-16 01:10:40 开始操作号码 【1863425】
2023-12-16 01:10:44 GSD getOne 第 1 次 等待 3 秒
2023-12-16 01:10:47 查询号码 【1863425】，返回信息 {"status":"ok","msg":"山西-晋中","gid":"477942","time_insert":"2021-08-02 10:49"}
2023-12-16 01:10:47 查询号码 【1863425】，GSD为【"山西-晋中"】

