2023-10-09 00:12:01 开始第 2325 次操作

2023-10-09 00:12:01 开始操作号码 【1962324】
2023-10-09 00:12:05 GSD getOne 第 1 次 等待 3 秒
2023-10-09 00:12:08 查询号码 【1962324】，返回信息 {"status":"ok","msg":"-","gid":"549366","time_insert":"2023-02-23 12:11"}
2023-10-09 00:12:08 查询号码 【1962324】，GSD为【"-"】
2023-10-09 00:12:08 ok && -
2023-10-09 00:12:11 CHB 1962324?1696781528 第 1 次 等待 3 秒
2023-10-09 00:12:14 CHB 1962324?1696781528 第 1 次 获取到号码【1962324】GSD
2023-10-09 00:12:14 未获取到号码【1962324】GSD，可能号码格式错误
2023-10-09 00:12:14 获取到号码【1962324】的GSD为【-】
2023-10-09 00:12:20 GSD insert 第 1 次 等待 3 秒
2023-10-09 00:12:23 {"status":"bad","gid":"549366","msg":"添加失败！号码【1962324(-|-)】已存在！"}
2023-10-09 00:12:23 随机等待 97 秒，约 1 分钟
2023-10-09 00:12:23 下次操作: 2023-10-09 00:14:00

2023-10-09 00:14:00 开始第 2326 次操作

2023-10-09 00:14:00 开始操作号码 【1962325】
2023-10-09 00:14:02 GSD getOne 第 1 次 等待 3 秒
2023-10-09 00:14:05 查询号码 【1962325】，返回信息 {"status":"ok","msg":"-","gid":"549369","time_insert":"2023-02-23 12:14"}
2023-10-09 00:14:05 查询号码 【1962325】，GSD为【"-"】
2023-10-09 00:14:05 ok && -
2023-10-09 00:14:08 CHB 1962325?1696781645 第 1 次 等待 3 秒
2023-10-09 00:14:11 CHB 1962325?1696781645 第 1 次 获取到号码【1962325】GSD
2023-10-09 00:14:11 未获取到号码【1962325】GSD，可能号码格式错误
2023-10-09 00:14:11 获取到号码【1962325】的GSD为【-】
2023-10-09 00:14:32 GSD insert 第 1 次 等待 3 秒
2023-10-09 00:14:35 {"status":"bad","gid":"549369","msg":"添加失败！号码【1962325(-|-)】已存在！"}
2023-10-09 00:14:35 随机等待 164 秒，约 2 分钟
2023-10-09 00:14:35 下次操作: 2023-10-09 00:17:19

2023-10-09 00:17:19 开始第 2327 次操作

2023-10-09 00:17:19 开始操作号码 【1962326】
2023-10-09 00:17:25 GSD getOne 第 1 次 等待 3 秒
2023-10-09 00:17:28 查询号码 【1962326】，返回信息 {"status":"ok","msg":"-","gid":"549373","time_insert":"2023-02-23 12:17"}
2023-10-09 00:17:28 查询号码 【1962326】，GSD为【"-"】
2023-10-09 00:17:28 ok && -
2023-10-09 00:17:35 CHB 1962326?1696781848 第 1 次 等待 3 秒
2023-10-09 00:17:38 CHB 1962326?1696781848 第 1 次 获取到号码【1962326】GSD
2023-10-09 00:17:38 未获取到号码【1962326】GSD，可能号码格式错误
2023-10-09 00:17:38 获取到号码【1962326】的GSD为【-】
2023-10-09 00:17:41 GSD insert 第 1 次 等待 3 秒
2023-10-09 00:17:44 {"status":"bad","gid":"549373","msg":"添加失败！号码【1962326(-|-)】已存在！"}
2023-10-09 00:17:44 随机等待 181 秒，约 3 分钟
2023-10-09 00:17:44 下次操作: 2023-10-09 00:20:45

2023-10-09 00:20:45 开始第 2328 次操作

2023-10-09 00:20:45 开始操作号码 【1962327】
2023-10-09 00:20:54 GSD getOne 第 1 次 等待 3 秒
2023-10-09 00:20:57 查询号码 【1962327】，返回信息 {"status":"ok","msg":"-","gid":"549380","time_insert":"2023-02-23 12:20"}
2023-10-09 00:20:57 查询号码 【1962327】，GSD为【"-"】
2023-10-09 00:20:57 ok && -
2023-10-09 00:21:00 CHB 1962327?1696782057 第 1 次 等待 3 秒
2023-10-09 00:21:03 CHB 1962327?1696782057 第 1 次 获取到号码【1962327】GSD
2023-10-09 00:21:03 未获取到号码【1962327】GSD，可能号码格式错误
2023-10-09 00:21:03 获取到号码【1962327】的GSD为【-】
2023-10-09 00:21:06 GSD insert 第 1 次 等待 3 秒
2023-10-09 00:21:09 {"status":"bad","gid":"549380","msg":"添加失败！号码【1962327(-|-)】已存在！"}

2023-10-09 00:34:58 开始第 2329 次操作

2023-10-09 00:34:58 开始操作号码 【1962328】
2023-10-09 00:35:02 GSD getOne 第 1 次 等待 3 秒
2023-10-09 00:35:05 查询号码 【1962328】，返回信息 {"status":"ok","msg":"-","gid":"549396","time_insert":"2023-02-23 12:33"}
2023-10-09 00:35:05 查询号码 【1962328】，GSD为【"-"】
2023-10-09 00:35:05 ok && -
2023-10-09 00:35:07 CHB 1962328?1696782905 第 1 次 等待 3 秒
2023-10-09 00:35:10 CHB 1962328?1696782905 第 1 次 获取到号码【1962328】GSD
2023-10-09 00:35:11 未获取到号码【1962328】GSD，可能号码格式错误
2023-10-09 00:35:11 获取到号码【1962328】的GSD为【-】
2023-10-09 00:35:16 GSD insert 第 1 次 等待 3 秒
2023-10-09 00:35:19 {"status":"bad","gid":"549396","msg":"添加失败！号码【1962328(-|-)】已存在！"}
2023-10-09 00:35:19 随机等待 195 秒，约 3 分钟
2023-10-09 00:35:19 下次操作: 2023-10-09 00:38:34

2023-10-09 00:38:34 开始第 2330 次操作

2023-10-09 00:38:34 开始操作号码 【1962329】
2023-10-09 00:38:38 GSD getOne 第 1 次 等待 3 秒
2023-10-09 00:38:41 查询号码 【1962329】，返回信息 {"status":"ok","msg":"-","gid":"549401","time_insert":"2023-02-23 12:35"}
2023-10-09 00:38:41 查询号码 【1962329】，GSD为【"-"】
2023-10-09 00:38:41 ok && -
2023-10-09 00:38:43 CHB 1962329?1696783121 第 1 次 等待 3 秒
2023-10-09 00:38:46 CHB 1962329?1696783121 第 1 次 获取到号码【1962329】GSD
2023-10-09 00:38:46 未获取到号码【1962329】GSD，可能号码格式错误
2023-10-09 00:38:46 获取到号码【1962329】的GSD为【-】
2023-10-09 00:38:55 GSD insert 第 1 次 等待 3 秒
2023-10-09 00:38:58 {"status":"bad","gid":"549401","msg":"添加失败！号码【1962329(-|-)】已存在！"}
2023-10-09 00:38:58 随机等待 229 秒，约 3 分钟
2023-10-09 00:38:58 下次操作: 2023-10-09 00:42:47

2023-10-09 00:42:47 开始第 2331 次操作

2023-10-09 00:42:47 开始操作号码 【1962330】
2023-10-09 00:42:54 GSD getOne 第 1 次 等待 3 秒
2023-10-09 00:42:57 查询号码 【1962330】，返回信息 {"status":"ok","msg":"-","gid":"549406","time_insert":"2023-02-23 12:38"}
2023-10-09 00:42:57 查询号码 【1962330】，GSD为【"-"】
2023-10-09 00:42:57 ok && -
2023-10-09 00:42:59 CHB 1962330?1696783377 第 1 次 等待 3 秒
2023-10-09 00:43:02 CHB 1962330?1696783377 第 1 次 获取到号码【1962330】GSD
2023-10-09 00:43:03 未获取到号码【1962330】GSD，可能号码格式错误
2023-10-09 00:43:03 获取到号码【1962330】的GSD为【-】
2023-10-09 00:43:05 GSD insert 第 1 次 等待 3 秒
2023-10-09 00:43:08 {"status":"bad","gid":"549406","msg":"添加失败！号码【1962330(-|-)】已存在！"}
2023-10-09 00:43:08 随机等待 163 秒，约 2 分钟
2023-10-09 00:43:08 下次操作: 2023-10-09 00:45:51

2023-10-09 00:45:51 开始第 2332 次操作

2023-10-09 00:45:51 开始操作号码 【1962331】
2023-10-09 00:45:54 GSD getOne 第 1 次 等待 3 秒
2023-10-09 00:45:57 查询号码 【1962331】，返回信息 {"status":"ok","msg":"-","gid":"549410","time_insert":"2023-02-23 12:41"}
2023-10-09 00:45:57 查询号码 【1962331】，GSD为【"-"】
2023-10-09 00:45:57 ok && -
2023-10-09 00:46:00 CHB 1962331?1696783557 第 1 次 等待 3 秒
2023-10-09 00:46:03 CHB 1962331?1696783557 第 1 次 获取到号码【1962331】GSD
2023-10-09 00:46:03 未获取到号码【1962331】GSD，可能号码格式错误
2023-10-09 00:46:03 获取到号码【1962331】的GSD为【-】
2023-10-09 00:46:05 GSD insert 第 1 次 等待 3 秒
2023-10-09 00:46:08 {"status":"bad","gid":"549410","msg":"添加失败！号码【1962331(-|-)】已存在！"}

2023-10-09 01:08:09 开始第 2333 次操作

2023-10-09 01:08:09 开始操作号码 【1962332】
2023-10-09 01:08:17 GSD getOne 第 1 次 等待 3 秒
2023-10-09 01:08:20 查询号码 【1962332】，返回信息 {"status":"ok","msg":"-","gid":"549418","time_insert":"2023-02-23 12:44"}
2023-10-09 01:08:20 查询号码 【1962332】，GSD为【"-"】
2023-10-09 01:08:20 ok && -
2023-10-09 01:08:24 CHB 1962332?1696784900 第 1 次 等待 3 秒
2023-10-09 01:08:27 CHB 1962332?1696784900 第 1 次 获取到号码【1962332】GSD
2023-10-09 01:08:27 未获取到号码【1962332】GSD，可能号码格式错误
2023-10-09 01:08:27 获取到号码【1962332】的GSD为【-】
2023-10-09 01:08:29 GSD insert 第 1 次 等待 3 秒
2023-10-09 01:08:32 {"status":"bad","gid":"549418","msg":"添加失败！号码【1962332(-|-)】已存在！"}
2023-10-09 01:08:33 随机等待 199 秒，约 3 分钟
2023-10-09 01:08:33 下次操作: 2023-10-09 01:11:52

2023-10-09 01:11:52 开始第 2334 次操作

2023-10-09 01:11:52 开始操作号码 【1962333】
2023-10-09 01:12:19 GSD getOne 第 1 次 等待 3 秒
2023-10-09 01:12:22 查询号码 【1962333】，返回信息 {"status":"ok","msg":"-","gid":"549422","time_insert":"2023-02-23 12:46"}
2023-10-09 01:12:22 查询号码 【1962333】，GSD为【"-"】
2023-10-09 01:12:22 ok && -
2023-10-09 01:12:25 CHB 1962333?1696785142 第 1 次 等待 3 秒
2023-10-09 01:12:28 CHB 1962333?1696785142 第 1 次 获取到号码【1962333】GSD
2023-10-09 01:12:28 未获取到号码【1962333】GSD，可能号码格式错误
2023-10-09 01:12:28 获取到号码【1962333】的GSD为【-】
2023-10-09 01:12:31 GSD insert 第 1 次 等待 3 秒
2023-10-09 01:12:34 {"status":"bad","gid":"549422","msg":"添加失败！号码【1962333(-|-)】已存在！"}
2023-10-09 01:12:34 随机等待 181 秒，约 3 分钟
2023-10-09 01:12:34 下次操作: 2023-10-09 01:15:35

2023-10-09 01:15:35 开始第 2335 次操作

2023-10-09 01:15:35 开始操作号码 【1962334】
2023-10-09 01:15:41 GSD getOne 第 1 次 等待 3 秒
2023-10-09 01:15:44 查询号码 【1962334】，返回信息 {"status":"ok","msg":"-","gid":"549425","time_insert":"2023-02-23 12:48"}
2023-10-09 01:15:44 查询号码 【1962334】，GSD为【"-"】
2023-10-09 01:15:44 ok && -
2023-10-09 01:15:46 CHB 1962334?1696785344 第 1 次 等待 3 秒
2023-10-09 01:15:49 CHB 1962334?1696785344 第 1 次 获取到号码【1962334】GSD
2023-10-09 01:15:50 未获取到号码【1962334】GSD，可能号码格式错误
2023-10-09 01:15:50 获取到号码【1962334】的GSD为【-】
2023-10-09 01:15:54 GSD insert 第 1 次 等待 3 秒
2023-10-09 01:15:57 {"status":"bad","gid":"549425","msg":"添加失败！号码【1962334(-|-)】已存在！"}
2023-10-09 01:15:57 随机等待 197 秒，约 3 分钟
2023-10-09 01:15:57 下次操作: 2023-10-09 01:19:14

2023-10-09 01:19:14 开始第 2336 次操作

2023-10-09 01:19:14 开始操作号码 【1962335】
2023-10-09 01:19:18 GSD getOne 第 1 次 等待 3 秒
2023-10-09 01:19:21 查询号码 【1962335】，返回信息 {"status":"ok","msg":"-","gid":"549429","time_insert":"2023-02-23 12:49"}
2023-10-09 01:19:21 查询号码 【1962335】，GSD为【"-"】
2023-10-09 01:19:21 ok && -
2023-10-09 01:19:25 CHB 1962335?1696785561 第 1 次 等待 3 秒
2023-10-09 01:19:28 CHB 1962335?1696785561 第 1 次 获取到号码【1962335】GSD
2023-10-09 01:19:28 未获取到号码【1962335】GSD，可能号码格式错误
2023-10-09 01:19:28 获取到号码【1962335】的GSD为【-】
2023-10-09 01:19:30 GSD insert 第 1 次 等待 3 秒
2023-10-09 01:19:33 {"status":"bad","gid":"549429","msg":"添加失败！号码【1962335(-|-)】已存在！"}

2023-10-09 01:34:15 开始第 2337 次操作

2023-10-09 01:34:15 开始操作号码 【1962336】
2023-10-09 01:34:18 GSD getOne 第 1 次 等待 3 秒
2023-10-09 01:34:21 查询号码 【1962336】，返回信息 {"status":"ok","msg":"-","gid":"549431","time_insert":"2023-02-23 12:52"}
2023-10-09 01:34:21 查询号码 【1962336】，GSD为【"-"】
2023-10-09 01:34:21 ok && -
2023-10-09 01:34:23 CHB 1962336?1696786461 第 1 次 等待 3 秒
2023-10-09 01:34:26 CHB 1962336?1696786461 第 1 次 获取到号码【1962336】GSD
2023-10-09 01:34:26 未获取到号码【1962336】GSD，可能号码格式错误
2023-10-09 01:34:26 获取到号码【1962336】的GSD为【-】
2023-10-09 01:34:31 GSD insert 第 1 次 等待 3 秒
2023-10-09 01:34:34 {"status":"bad","gid":"549431","msg":"添加失败！号码【1962336(-|-)】已存在！"}
2023-10-09 01:34:34 随机等待 116 秒，约 1 分钟
2023-10-09 01:34:34 下次操作: 2023-10-09 01:36:30

2023-10-09 01:36:30 开始第 2338 次操作

2023-10-09 01:36:30 开始操作号码 【1962337】
2023-10-09 01:36:35 GSD getOne 第 1 次 等待 3 秒
2023-10-09 01:36:38 查询号码 【1962337】，返回信息 {"status":"ok","msg":"-","gid":"549439","time_insert":"2023-02-23 12:55"}
2023-10-09 01:36:38 查询号码 【1962337】，GSD为【"-"】
2023-10-09 01:36:38 ok && -
2023-10-09 01:36:40 CHB 1962337?1696786598 第 1 次 等待 3 秒
2023-10-09 01:36:43 CHB 1962337?1696786598 第 1 次 获取到号码【1962337】GSD
2023-10-09 01:36:43 未获取到号码【1962337】GSD，可能号码格式错误
2023-10-09 01:36:43 获取到号码【1962337】的GSD为【-】
2023-10-09 01:36:49 GSD insert 第 1 次 等待 3 秒
2023-10-09 01:36:52 {"status":"bad","gid":"549439","msg":"添加失败！号码【1962337(-|-)】已存在！"}
2023-10-09 01:36:52 随机等待 125 秒，约 2 分钟
2023-10-09 01:36:52 下次操作: 2023-10-09 01:38:57

2023-10-09 01:38:57 开始第 2339 次操作

2023-10-09 01:38:57 开始操作号码 【1962338】
2023-10-09 01:39:04 GSD getOne 第 1 次 等待 3 秒
2023-10-09 01:39:07 查询号码 【1962338】，返回信息 {"status":"ok","msg":"-","gid":"549443","time_insert":"2023-02-23 12:57"}
2023-10-09 01:39:07 查询号码 【1962338】，GSD为【"-"】
2023-10-09 01:39:07 ok && -
2023-10-09 01:39:08 CHB 1962338?1696786747 第 1 次 等待 3 秒
2023-10-09 01:39:11 CHB 1962338?1696786747 第 1 次 获取到号码【1962338】GSD
2023-10-09 01:39:11 未获取到号码【1962338】GSD，可能号码格式错误
2023-10-09 01:39:12 获取到号码【1962338】的GSD为【-】
2023-10-09 01:39:14 GSD insert 第 1 次 等待 3 秒
2023-10-09 01:39:17 {"status":"bad","gid":"549443","msg":"添加失败！号码【1962338(-|-)】已存在！"}
2023-10-09 01:39:17 随机等待 138 秒，约 2 分钟
2023-10-09 01:39:17 下次操作: 2023-10-09 01:41:35

2023-10-09 01:41:35 开始第 2340 次操作

2023-10-09 01:41:35 开始操作号码 【1962339】
2023-10-09 01:41:38 GSD getOne 第 1 次 等待 3 秒
2023-10-09 01:41:41 查询号码 【1962339】，返回信息 {"status":"ok","msg":"-","gid":"549445","time_insert":"2023-02-23 12:59"}
2023-10-09 01:41:41 查询号码 【1962339】，GSD为【"-"】
2023-10-09 01:41:41 ok && -
2023-10-09 01:41:43 CHB 1962339?1696786901 第 1 次 等待 3 秒
2023-10-09 01:41:46 CHB 1962339?1696786901 第 1 次 获取到号码【1962339】GSD
2023-10-09 01:41:46 未获取到号码【1962339】GSD，可能号码格式错误
2023-10-09 01:41:46 获取到号码【1962339】的GSD为【-】
2023-10-09 01:41:50 GSD insert 第 1 次 等待 3 秒
2023-10-09 01:41:53 {"status":"bad","gid":"549445","msg":"添加失败！号码【1962339(-|-)】已存在！"}

2023-10-09 02:12:12 开始第 2341 次操作

2023-10-09 02:12:12 开始操作号码 【1962340】
2023-10-09 02:12:15 GSD getOne 第 1 次 等待 3 秒
2023-10-09 02:12:18 查询号码 【1962340】，返回信息 {"status":"ok","msg":"-","gid":"549459","time_insert":"2023-02-23 13:08"}
2023-10-09 02:12:18 查询号码 【1962340】，GSD为【"-"】
2023-10-09 02:12:18 ok && -
2023-10-09 02:12:20 CHB 1962340?1696788738 第 1 次 等待 3 秒
2023-10-09 02:12:23 CHB 1962340?1696788738 第 1 次 获取到号码【1962340】GSD
2023-10-09 02:12:23 未获取到号码【1962340】GSD，可能号码格式错误
2023-10-09 02:12:23 获取到号码【1962340】的GSD为【-】
2023-10-09 02:12:25 GSD insert 第 1 次 等待 3 秒
2023-10-09 02:12:28 {"status":"bad","gid":"549459","msg":"添加失败！号码【1962340(-|-)】已存在！"}
2023-10-09 02:12:28 随机等待 67 秒，约 1 分钟
2023-10-09 02:12:28 下次操作: 2023-10-09 02:13:35

2023-10-09 02:13:35 开始第 2342 次操作

2023-10-09 02:13:35 开始操作号码 【1962341】
2023-10-09 02:13:39 GSD getOne 第 1 次 等待 3 秒
2023-10-09 02:13:42 查询号码 【1962341】，返回信息 {"status":"ok","msg":"-","gid":"549462","time_insert":"2023-02-23 13:12"}
2023-10-09 02:13:42 查询号码 【1962341】，GSD为【"-"】
2023-10-09 02:13:42 ok && -
2023-10-09 02:13:44 CHB 1962341?1696788822 第 1 次 等待 3 秒
2023-10-09 02:13:47 CHB 1962341?1696788822 第 1 次 获取到号码【1962341】GSD
2023-10-09 02:13:47 未获取到号码【1962341】GSD，可能号码格式错误
2023-10-09 02:13:47 获取到号码【1962341】的GSD为【-】
2023-10-09 02:13:51 GSD insert 第 1 次 等待 3 秒
2023-10-09 02:13:54 {"status":"bad","gid":"549462","msg":"添加失败！号码【1962341(-|-)】已存在！"}
2023-10-09 02:13:54 随机等待 131 秒，约 2 分钟
2023-10-09 02:13:54 下次操作: 2023-10-09 02:16:05

2023-10-09 02:16:05 开始第 2343 次操作

2023-10-09 02:16:05 开始操作号码 【1962342】
2023-10-09 02:16:07 GSD getOne 第 1 次 等待 3 秒
2023-10-09 02:16:10 查询号码 【1962342】，返回信息 {"status":"ok","msg":"-","gid":"549468","time_insert":"2023-02-23 13:15"}
2023-10-09 02:16:10 查询号码 【1962342】，GSD为【"-"】
2023-10-09 02:16:10 ok && -
2023-10-09 02:16:12 CHB 1962342?1696788970 第 1 次 等待 3 秒
2023-10-09 02:16:15 CHB 1962342?1696788970 第 1 次 获取到号码【1962342】GSD
2023-10-09 02:16:15 未获取到号码【1962342】GSD，可能号码格式错误
2023-10-09 02:16:15 获取到号码【1962342】的GSD为【-】
2023-10-09 02:16:18 GSD insert 第 1 次 等待 3 秒
2023-10-09 02:16:21 {"status":"bad","gid":"549468","msg":"添加失败！号码【1962342(-|-)】已存在！"}
2023-10-09 02:16:21 随机等待 81 秒，约 1 分钟
2023-10-09 02:16:21 下次操作: 2023-10-09 02:17:42

2023-10-09 02:17:42 开始第 2344 次操作

2023-10-09 02:17:42 开始操作号码 【1962343】
2023-10-09 02:17:44 GSD getOne 第 1 次 等待 3 秒
2023-10-09 02:17:47 查询号码 【1962343】，返回信息 {"status":"ok","msg":"-","gid":"549476","time_insert":"2023-02-23 13:17"}
2023-10-09 02:17:47 查询号码 【1962343】，GSD为【"-"】
2023-10-09 02:17:47 ok && -
2023-10-09 02:17:49 CHB 1962343?1696789067 第 1 次 等待 3 秒
2023-10-09 02:17:52 CHB 1962343?1696789067 第 1 次 获取到号码【1962343】GSD
2023-10-09 02:17:52 未获取到号码【1962343】GSD，可能号码格式错误
2023-10-09 02:17:52 获取到号码【1962343】的GSD为【-】
2023-10-09 02:17:55 GSD insert 第 1 次 等待 3 秒
2023-10-09 02:17:58 {"status":"bad","gid":"549476","msg":"添加失败！号码【1962343(-|-)】已存在！"}

2023-10-09 02:34:18 开始第 2345 次操作

2023-10-09 02:34:18 开始操作号码 【1962344】
2023-10-09 02:34:20 GSD getOne 第 1 次 等待 3 秒
2023-10-09 02:34:23 查询号码 【1962344】，返回信息 {"status":"ok","msg":"-","gid":"549483","time_insert":"2023-02-23 13:24"}
2023-10-09 02:34:23 查询号码 【1962344】，GSD为【"-"】
2023-10-09 02:34:23 ok && -
2023-10-09 02:34:25 CHB 1962344?1696790063 第 1 次 等待 3 秒
2023-10-09 02:34:28 CHB 1962344?1696790063 第 1 次 获取到号码【1962344】GSD
2023-10-09 02:34:28 未获取到号码【1962344】GSD，可能号码格式错误
2023-10-09 02:34:28 获取到号码【1962344】的GSD为【-】
2023-10-09 02:34:30 GSD insert 第 1 次 等待 3 秒
2023-10-09 02:34:33 {"status":"bad","gid":"549483","msg":"添加失败！号码【1962344(-|-)】已存在！"}
2023-10-09 02:34:33 随机等待 196 秒，约 3 分钟
2023-10-09 02:34:33 下次操作: 2023-10-09 02:37:49

2023-10-09 02:37:49 开始第 2346 次操作

2023-10-09 02:37:49 开始操作号码 【1962345】
2023-10-09 02:37:52 GSD getOne 第 1 次 等待 3 秒
2023-10-09 02:37:55 查询号码 【1962345】，返回信息 {"status":"ok","msg":"-","gid":"549486","time_insert":"2023-02-23 13:26"}
2023-10-09 02:37:55 查询号码 【1962345】，GSD为【"-"】
2023-10-09 02:37:55 ok && -
2023-10-09 02:37:56 CHB 1962345?1696790275 第 1 次 等待 3 秒
2023-10-09 02:37:59 CHB 1962345?1696790275 第 1 次 获取到号码【1962345】GSD
2023-10-09 02:37:59 未获取到号码【1962345】GSD，可能号码格式错误
2023-10-09 02:37:59 获取到号码【1962345】的GSD为【-】
2023-10-09 02:38:05 GSD insert 第 1 次 等待 3 秒
2023-10-09 02:38:08 {"status":"bad","gid":"549486","msg":"添加失败！号码【1962345(-|-)】已存在！"}
2023-10-09 02:38:08 随机等待 221 秒，约 3 分钟
2023-10-09 02:38:08 下次操作: 2023-10-09 02:41:49

2023-10-09 02:41:49 开始第 2347 次操作

2023-10-09 02:41:49 开始操作号码 【1962346】
2023-10-09 02:41:52 GSD getOne 第 1 次 等待 3 秒
2023-10-09 02:41:55 查询号码 【1962346】，返回信息 {"status":"ok","msg":"-","gid":"549493","time_insert":"2023-02-23 13:29"}
2023-10-09 02:41:55 查询号码 【1962346】，GSD为【"-"】
2023-10-09 02:41:55 ok && -
2023-10-09 02:41:56 CHB 1962346?1696790515 第 1 次 等待 3 秒
2023-10-09 02:41:59 CHB 1962346?1696790515 第 1 次 获取到号码【1962346】GSD
2023-10-09 02:41:59 未获取到号码【1962346】GSD，可能号码格式错误
2023-10-09 02:41:59 获取到号码【1962346】的GSD为【-】
2023-10-09 02:42:04 GSD insert 第 1 次 等待 3 秒
2023-10-09 02:42:07 {"status":"bad","gid":"549493","msg":"添加失败！号码【1962346(-|-)】已存在！"}
2023-10-09 02:42:07 随机等待 147 秒，约 2 分钟
2023-10-09 02:42:07 下次操作: 2023-10-09 02:44:34

2023-10-09 02:44:34 开始第 2348 次操作

2023-10-09 02:44:34 开始操作号码 【1962347】
2023-10-09 02:44:37 GSD getOne 第 1 次 等待 3 秒
2023-10-09 02:44:40 查询号码 【1962347】，返回信息 {"status":"ok","msg":"-","gid":"549498","time_insert":"2023-02-23 13:32"}
2023-10-09 02:44:40 查询号码 【1962347】，GSD为【"-"】
2023-10-09 02:44:40 ok && -
2023-10-09 02:44:42 CHB 1962347?1696790680 第 1 次 等待 3 秒
2023-10-09 02:44:45 CHB 1962347?1696790680 第 1 次 获取到号码【1962347】GSD
2023-10-09 02:44:45 未获取到号码【1962347】GSD，可能号码格式错误
2023-10-09 02:44:45 获取到号码【1962347】的GSD为【-】
2023-10-09 02:44:54 GSD insert 第 1 次 等待 3 秒
2023-10-09 02:44:57 {"status":"bad","gid":"549498","msg":"添加失败！号码【1962347(-|-)】已存在！"}

2023-10-09 03:07:42 开始第 2349 次操作

2023-10-09 03:07:42 开始操作号码 【1962348】
2023-10-09 03:07:45 GSD getOne 第 1 次 等待 3 秒
2023-10-09 03:07:48 查询号码 【1962348】，返回信息 {"status":"ok","msg":"-","gid":"549500","time_insert":"2023-02-23 13:33"}
2023-10-09 03:07:48 查询号码 【1962348】，GSD为【"-"】
2023-10-09 03:07:48 ok && -
2023-10-09 03:07:50 CHB 1962348?1696792068 第 1 次 等待 3 秒
2023-10-09 03:07:53 CHB 1962348?1696792068 第 1 次 获取到号码【1962348】GSD
2023-10-09 03:07:53 未获取到号码【1962348】GSD，可能号码格式错误
2023-10-09 03:07:53 获取到号码【1962348】的GSD为【-】
2023-10-09 03:08:00 GSD insert 第 1 次 等待 3 秒
2023-10-09 03:08:03 {"status":"bad","gid":"549500","msg":"添加失败！号码【1962348(-|-)】已存在！"}
2023-10-09 03:08:03 随机等待 95 秒，约 1 分钟
2023-10-09 03:08:03 下次操作: 2023-10-09 03:09:38

2023-10-09 03:09:38 开始第 2350 次操作

2023-10-09 03:09:38 开始操作号码 【1962349】
2023-10-09 03:09:40 GSD getOne 第 1 次 等待 3 秒
2023-10-09 03:09:43 查询号码 【1962349】，返回信息 {"status":"ok","msg":"-","gid":"549503","time_insert":"2023-02-23 13:35"}
2023-10-09 03:09:44 查询号码 【1962349】，GSD为【"-"】
2023-10-09 03:09:44 ok && -
2023-10-09 03:09:46 CHB 1962349?1696792184 第 1 次 等待 3 秒
2023-10-09 03:09:49 CHB 1962349?1696792184 第 1 次 获取到号码【1962349】GSD
2023-10-09 03:09:49 未获取到号码【1962349】GSD，可能号码格式错误
2023-10-09 03:09:49 获取到号码【1962349】的GSD为【-】
2023-10-09 03:09:52 GSD insert 第 1 次 等待 3 秒
2023-10-09 03:09:55 {"status":"bad","gid":"549503","msg":"添加失败！号码【1962349(-|-)】已存在！"}
2023-10-09 03:09:55 随机等待 229 秒，约 3 分钟
2023-10-09 03:09:55 下次操作: 2023-10-09 03:13:44

2023-10-09 03:13:44 开始第 2351 次操作

2023-10-09 03:13:44 开始操作号码 【1962350】
2023-10-09 03:13:47 GSD getOne 第 1 次 等待 3 秒
2023-10-09 03:13:50 查询号码 【1962350】，返回信息 {"status":"ok","msg":"-","gid":"549509","time_insert":"2023-02-23 13:37"}
2023-10-09 03:13:50 查询号码 【1962350】，GSD为【"-"】
2023-10-09 03:13:50 ok && -
2023-10-09 03:13:53 CHB 1962350?1696792430 第 1 次 等待 3 秒
2023-10-09 03:13:56 CHB 1962350?1696792430 第 1 次 获取到号码【1962350】GSD
2023-10-09 03:13:56 未获取到号码【1962350】GSD，可能号码格式错误
2023-10-09 03:13:56 获取到号码【1962350】的GSD为【-】
2023-10-09 03:13:58 GSD insert 第 1 次 等待 3 秒
2023-10-09 03:14:01 {"status":"bad","gid":"549509","msg":"添加失败！号码【1962350(-|-)】已存在！"}
2023-10-09 03:14:01 随机等待 168 秒，约 2 分钟
2023-10-09 03:14:01 下次操作: 2023-10-09 03:16:49

2023-10-09 03:16:49 开始第 2352 次操作

2023-10-09 03:16:49 开始操作号码 【1962351】
2023-10-09 03:16:52 GSD getOne 第 1 次 等待 3 秒
2023-10-09 03:16:55 查询号码 【1962351】，返回信息 {"status":"ok","msg":"-","gid":"549512","time_insert":"2023-02-23 13:39"}
2023-10-09 03:16:55 查询号码 【1962351】，GSD为【"-"】
2023-10-09 03:16:55 ok && -
2023-10-09 03:16:57 CHB 1962351?1696792615 第 1 次 等待 3 秒
2023-10-09 03:17:00 CHB 1962351?1696792615 第 1 次 获取到号码【1962351】GSD
2023-10-09 03:17:01 未获取到号码【1962351】GSD，可能号码格式错误
2023-10-09 03:17:01 获取到号码【1962351】的GSD为【-】
2023-10-09 03:17:06 GSD insert 第 1 次 等待 3 秒
2023-10-09 03:17:09 {"status":"bad","gid":"549512","msg":"添加失败！号码【1962351(-|-)】已存在！"}

2023-10-09 03:34:05 开始第 2353 次操作

2023-10-09 03:34:05 开始操作号码 【1962352】
2023-10-09 03:34:08 GSD getOne 第 1 次 等待 3 秒
2023-10-09 03:34:11 查询号码 【1962352】，返回信息 {"status":"ok","msg":"-","gid":"549519","time_insert":"2023-02-23 13:42"}
2023-10-09 03:34:11 查询号码 【1962352】，GSD为【"-"】
2023-10-09 03:34:11 ok && -
2023-10-09 03:34:13 CHB 1962352?1696793651 第 1 次 等待 3 秒
2023-10-09 03:34:16 CHB 1962352?1696793651 第 1 次 获取到号码【1962352】GSD
2023-10-09 03:34:16 未获取到号码【1962352】GSD，可能号码格式错误
2023-10-09 03:34:16 获取到号码【1962352】的GSD为【-】
2023-10-09 03:34:18 GSD insert 第 1 次 等待 3 秒
2023-10-09 03:34:21 {"status":"bad","gid":"549519","msg":"添加失败！号码【1962352(-|-)】已存在！"}
2023-10-09 03:34:21 随机等待 179 秒，约 2 分钟
2023-10-09 03:34:21 下次操作: 2023-10-09 03:37:20

2023-10-09 03:37:21 开始第 2354 次操作

2023-10-09 03:37:21 开始操作号码 【1962353】
2023-10-09 03:37:27 GSD getOne 第 1 次 等待 3 秒
2023-10-09 03:37:30 查询号码 【1962353】，返回信息 {"status":"ok","msg":"-","gid":"549524","time_insert":"2023-02-23 13:44"}
2023-10-09 03:37:30 查询号码 【1962353】，GSD为【"-"】
2023-10-09 03:37:30 ok && -
2023-10-09 03:37:32 CHB 1962353?1696793850 第 1 次 等待 3 秒
2023-10-09 03:37:35 CHB 1962353?1696793850 第 1 次 获取到号码【1962353】GSD
2023-10-09 03:37:35 未获取到号码【1962353】GSD，可能号码格式错误
2023-10-09 03:37:35 获取到号码【1962353】的GSD为【-】
2023-10-09 03:37:37 GSD insert 第 1 次 等待 3 秒
2023-10-09 03:37:40 {"status":"bad","gid":"549524","msg":"添加失败！号码【1962353(-|-)】已存在！"}
2023-10-09 03:37:40 随机等待 101 秒，约 1 分钟
2023-10-09 03:37:40 下次操作: 2023-10-09 03:39:21

2023-10-09 03:39:21 开始第 2355 次操作

2023-10-09 03:39:21 开始操作号码 【1962354】
2023-10-09 03:39:27 GSD getOne 第 1 次 等待 3 秒
2023-10-09 03:39:30 查询号码 【1962354】，返回信息 {"status":"ok","msg":"-","gid":"549527","time_insert":"2023-02-23 13:46"}
2023-10-09 03:39:30 查询号码 【1962354】，GSD为【"-"】
2023-10-09 03:39:30 ok && -
2023-10-09 03:39:32 CHB 1962354?1696793970 第 1 次 等待 3 秒
2023-10-09 03:39:35 CHB 1962354?1696793970 第 1 次 获取到号码【1962354】GSD
2023-10-09 03:39:35 未获取到号码【1962354】GSD，可能号码格式错误
2023-10-09 03:39:35 获取到号码【1962354】的GSD为【-】
2023-10-09 03:39:38 GSD insert 第 1 次 等待 3 秒
2023-10-09 03:39:41 {"status":"bad","gid":"549527","msg":"添加失败！号码【1962354(-|-)】已存在！"}
2023-10-09 03:39:42 随机等待 226 秒，约 3 分钟
2023-10-09 03:39:42 下次操作: 2023-10-09 03:43:28

2023-10-09 03:43:28 开始第 2356 次操作

2023-10-09 03:43:28 开始操作号码 【1962355】
2023-10-09 03:43:30 GSD getOne 第 1 次 等待 3 秒
2023-10-09 03:43:33 查询号码 【1962355】，返回信息 {"status":"ok","msg":"-","gid":"549531","time_insert":"2023-02-23 13:48"}
2023-10-09 03:43:33 查询号码 【1962355】，GSD为【"-"】
2023-10-09 03:43:33 ok && -
2023-10-09 03:43:34 CHB 1962355?1696794213 第 1 次 等待 3 秒
2023-10-09 03:43:37 CHB 1962355?1696794213 第 1 次 获取到号码【1962355】GSD
2023-10-09 03:43:37 未获取到号码【1962355】GSD，可能号码格式错误
2023-10-09 03:43:37 获取到号码【1962355】的GSD为【-】
2023-10-09 03:43:40 GSD insert 第 1 次 等待 3 秒
2023-10-09 03:43:43 {"status":"bad","gid":"549531","msg":"添加失败！号码【1962355(-|-)】已存在！"}

2023-10-09 04:09:59 开始第 2357 次操作

2023-10-09 04:09:59 开始操作号码 【1962356】
2023-10-09 04:10:02 GSD getOne 第 1 次 等待 3 秒
2023-10-09 04:10:05 查询号码 【1962356】，返回信息 {"status":"ok","msg":"-","gid":"549538","time_insert":"2023-02-23 13:52"}
2023-10-09 04:10:05 查询号码 【1962356】，GSD为【"-"】
2023-10-09 04:10:05 ok && -
2023-10-09 04:10:08 CHB 1962356?1696795805 第 1 次 等待 3 秒
2023-10-09 04:10:11 CHB 1962356?1696795805 第 1 次 获取到号码【1962356】GSD
2023-10-09 04:10:11 未获取到号码【1962356】GSD，可能号码格式错误
2023-10-09 04:10:11 获取到号码【1962356】的GSD为【-】
2023-10-09 04:10:14 GSD insert 第 1 次 等待 3 秒
2023-10-09 04:10:17 {"status":"bad","gid":"549538","msg":"添加失败！号码【1962356(-|-)】已存在！"}
2023-10-09 04:10:17 随机等待 80 秒，约 1 分钟
2023-10-09 04:10:17 下次操作: 2023-10-09 04:11:37

2023-10-09 04:11:37 开始第 2358 次操作

2023-10-09 04:11:37 开始操作号码 【1962357】
2023-10-09 04:11:40 GSD getOne 第 1 次 等待 3 秒
2023-10-09 04:11:43 查询号码 【1962357】，返回信息 {"status":"ok","msg":"-","gid":"549543","time_insert":"2023-02-23 13:55"}
2023-10-09 04:11:43 查询号码 【1962357】，GSD为【"-"】
2023-10-09 04:11:43 ok && -
2023-10-09 04:11:45 CHB 1962357?1696795903 第 1 次 等待 3 秒
2023-10-09 04:11:48 CHB 1962357?1696795903 第 1 次 获取到号码【1962357】GSD
2023-10-09 04:11:49 未获取到号码【1962357】GSD，可能号码格式错误
2023-10-09 04:11:49 获取到号码【1962357】的GSD为【-】
2023-10-09 04:11:51 GSD insert 第 1 次 等待 3 秒
2023-10-09 04:11:54 {"status":"bad","gid":"549543","msg":"添加失败！号码【1962357(-|-)】已存在！"}
2023-10-09 04:11:54 随机等待 71 秒，约 1 分钟
2023-10-09 04:11:54 下次操作: 2023-10-09 04:13:05

2023-10-09 04:13:05 开始第 2359 次操作

2023-10-09 04:13:05 开始操作号码 【1962358】
2023-10-09 04:13:08 GSD getOne 第 1 次 等待 3 秒
2023-10-09 04:13:11 查询号码 【1962358】，返回信息 {"status":"ok","msg":"-","gid":"549547","time_insert":"2023-02-23 13:57"}
2023-10-09 04:13:11 查询号码 【1962358】，GSD为【"-"】
2023-10-09 04:13:11 ok && -
2023-10-09 04:13:13 CHB 1962358?1696795991 第 1 次 等待 3 秒
2023-10-09 04:13:16 CHB 1962358?1696795991 第 1 次 获取到号码【1962358】GSD
2023-10-09 04:13:17 未获取到号码【1962358】GSD，可能号码格式错误
2023-10-09 04:13:17 获取到号码【1962358】的GSD为【-】
2023-10-09 04:13:19 GSD insert 第 1 次 等待 3 秒
2023-10-09 04:13:22 {"status":"bad","gid":"549547","msg":"添加失败！号码【1962358(-|-)】已存在！"}
2023-10-09 04:13:22 随机等待 168 秒，约 2 分钟
2023-10-09 04:13:22 下次操作: 2023-10-09 04:16:10

2023-10-09 04:16:10 开始第 2360 次操作

2023-10-09 04:16:10 开始操作号码 【1962359】
2023-10-09 04:16:13 GSD getOne 第 1 次 等待 3 秒
2023-10-09 04:16:16 查询号码 【1962359】，返回信息 {"status":"ok","msg":"-","gid":"549552","time_insert":"2023-02-23 13:59"}
2023-10-09 04:16:16 查询号码 【1962359】，GSD为【"-"】
2023-10-09 04:16:16 ok && -
2023-10-09 04:16:18 CHB 1962359?1696796176 第 1 次 等待 3 秒
2023-10-09 04:16:21 CHB 1962359?1696796176 第 1 次 获取到号码【1962359】GSD
2023-10-09 04:16:21 未获取到号码【1962359】GSD，可能号码格式错误
2023-10-09 04:16:21 获取到号码【1962359】的GSD为【-】
2023-10-09 04:16:25 GSD insert 第 1 次 等待 3 秒
2023-10-09 04:16:28 {"status":"bad","gid":"549552","msg":"添加失败！号码【1962359(-|-)】已存在！"}

2023-10-09 04:34:16 开始第 2361 次操作

2023-10-09 04:34:16 开始操作号码 【1962360】
2023-10-09 04:34:20 GSD getOne 第 1 次 等待 3 秒
2023-10-09 04:34:23 查询号码 【1962360】，返回信息 {"status":"ok","msg":"-","gid":"549569","time_insert":"2023-02-23 14:12"}
2023-10-09 04:34:23 查询号码 【1962360】，GSD为【"-"】
2023-10-09 04:34:23 ok && -
2023-10-09 04:34:25 CHB 1962360?1696797263 第 1 次 等待 3 秒
2023-10-09 04:34:28 CHB 1962360?1696797263 第 1 次 获取到号码【1962360】GSD
2023-10-09 04:34:28 未获取到号码【1962360】GSD，可能号码格式错误
2023-10-09 04:34:28 获取到号码【1962360】的GSD为【-】
2023-10-09 04:34:31 GSD insert 第 1 次 等待 3 秒
2023-10-09 04:34:34 {"status":"bad","gid":"549569","msg":"添加失败！号码【1962360(-|-)】已存在！"}
2023-10-09 04:34:34 随机等待 148 秒，约 2 分钟
2023-10-09 04:34:34 下次操作: 2023-10-09 04:37:02

2023-10-09 04:37:02 开始第 2362 次操作

2023-10-09 04:37:02 开始操作号码 【1962361】
2023-10-09 04:37:52 GSD getOne 第 1 次 等待 3 秒
2023-10-09 04:37:55 查询号码 【1962361】，返回信息 {"status":"ok","msg":"-","gid":"549574","time_insert":"2023-02-23 14:14"}
2023-10-09 04:37:55 查询号码 【1962361】，GSD为【"-"】
2023-10-09 04:37:55 ok && -
2023-10-09 04:37:57 CHB 1962361?1696797475 第 1 次 等待 3 秒
2023-10-09 04:38:00 CHB 1962361?1696797475 第 1 次 获取到号码【1962361】GSD
2023-10-09 04:38:00 未获取到号码【1962361】GSD，可能号码格式错误
2023-10-09 04:38:00 获取到号码【1962361】的GSD为【-】
2023-10-09 04:38:03 GSD insert 第 1 次 等待 3 秒
2023-10-09 04:38:06 {"status":"bad","gid":"549574","msg":"添加失败！号码【1962361(-|-)】已存在！"}
2023-10-09 04:38:06 随机等待 99 秒，约 1 分钟
2023-10-09 04:38:06 下次操作: 2023-10-09 04:39:45

2023-10-09 04:39:45 开始第 2363 次操作

2023-10-09 04:39:45 开始操作号码 【1962362】
2023-10-09 04:39:48 GSD getOne 第 1 次 等待 3 秒
2023-10-09 04:39:51 查询号码 【1962362】，返回信息 {"status":"ok","msg":"-","gid":"549575","time_insert":"2023-02-23 14:16"}
2023-10-09 04:39:51 查询号码 【1962362】，GSD为【"-"】
2023-10-09 04:39:51 ok && -
2023-10-09 04:39:53 CHB 1962362?1696797591 第 1 次 等待 3 秒
2023-10-09 04:39:56 CHB 1962362?1696797591 第 1 次 获取到号码【1962362】GSD
2023-10-09 04:39:56 未获取到号码【1962362】GSD，可能号码格式错误
2023-10-09 04:39:56 获取到号码【1962362】的GSD为【-】
2023-10-09 04:39:59 GSD insert 第 1 次 等待 3 秒
2023-10-09 04:40:02 {"status":"bad","gid":"549575","msg":"添加失败！号码【1962362(-|-)】已存在！"}
2023-10-09 04:40:02 随机等待 213 秒，约 3 分钟
2023-10-09 04:40:02 下次操作: 2023-10-09 04:43:35

2023-10-09 04:43:35 开始第 2364 次操作

2023-10-09 04:43:35 开始操作号码 【1962363】
2023-10-09 04:43:41 GSD getOne 第 1 次 等待 3 秒
2023-10-09 04:43:44 查询号码 【1962363】，返回信息 {"status":"ok","msg":"-","gid":"549578","time_insert":"2023-02-23 14:18"}
2023-10-09 04:43:44 查询号码 【1962363】，GSD为【"-"】
2023-10-09 04:43:44 ok && -
2023-10-09 04:43:47 CHB 1962363?1696797824 第 1 次 等待 3 秒
2023-10-09 04:43:50 CHB 1962363?1696797824 第 1 次 获取到号码【1962363】GSD
2023-10-09 04:43:50 未获取到号码【1962363】GSD，可能号码格式错误
2023-10-09 04:43:50 获取到号码【1962363】的GSD为【-】
2023-10-09 04:43:52 GSD insert 第 1 次 等待 3 秒
2023-10-09 04:43:55 {"status":"bad","gid":"549578","msg":"添加失败！号码【1962363(-|-)】已存在！"}

2023-10-09 05:08:21 开始第 2365 次操作

2023-10-09 05:08:21 开始操作号码 【1962364】
2023-10-09 05:08:26 GSD getOne 第 1 次 等待 3 秒
2023-10-09 05:08:29 查询号码 【1962364】，返回信息 {"status":"ok","msg":"-","gid":"549602","time_insert":"2023-02-23 14:32"}
2023-10-09 05:08:29 查询号码 【1962364】，GSD为【"-"】
2023-10-09 05:08:29 ok && -
2023-10-09 05:08:31 CHB 1962364?1696799309 第 1 次 等待 3 秒
2023-10-09 05:08:34 CHB 1962364?1696799309 第 1 次 获取到号码【1962364】GSD
2023-10-09 05:08:34 未获取到号码【1962364】GSD，可能号码格式错误
2023-10-09 05:08:34 获取到号码【1962364】的GSD为【-】
2023-10-09 05:08:48 GSD insert 第 1 次 等待 3 秒
2023-10-09 05:08:51 {"status":"bad","gid":"549602","msg":"添加失败！号码【1962364(-|-)】已存在！"}
2023-10-09 05:08:51 随机等待 217 秒，约 3 分钟
2023-10-09 05:08:51 下次操作: 2023-10-09 05:12:28

2023-10-09 05:12:28 开始第 2366 次操作

2023-10-09 05:12:28 开始操作号码 【1962365】
2023-10-09 05:12:30 GSD getOne 第 1 次 等待 3 秒
2023-10-09 05:12:33 查询号码 【1962365】，返回信息 {"status":"ok","msg":"-","gid":"549604","time_insert":"2023-02-23 14:35"}
2023-10-09 05:12:33 查询号码 【1962365】，GSD为【"-"】
2023-10-09 05:12:33 ok && -
2023-10-09 05:12:36 CHB 1962365?1696799553 第 1 次 等待 3 秒
2023-10-09 05:12:39 CHB 1962365?1696799553 第 1 次 获取到号码【1962365】GSD
2023-10-09 05:12:39 未获取到号码【1962365】GSD，可能号码格式错误
2023-10-09 05:12:39 获取到号码【1962365】的GSD为【-】
2023-10-09 05:12:41 GSD insert 第 1 次 等待 3 秒
2023-10-09 05:12:44 {"status":"bad","gid":"549604","msg":"添加失败！号码【1962365(-|-)】已存在！"}
2023-10-09 05:12:44 随机等待 137 秒，约 2 分钟
2023-10-09 05:12:44 下次操作: 2023-10-09 05:15:01

2023-10-09 05:15:01 开始第 2367 次操作

2023-10-09 05:15:01 开始操作号码 【1962366】
2023-10-09 05:15:04 GSD getOne 第 1 次 等待 3 秒
2023-10-09 05:15:07 查询号码 【1962366】，返回信息 {"status":"ok","msg":"-","gid":"549608","time_insert":"2023-02-23 14:38"}
2023-10-09 05:15:07 查询号码 【1962366】，GSD为【"-"】
2023-10-09 05:15:07 ok && -
2023-10-09 05:15:09 CHB 1962366?1696799707 第 1 次 等待 3 秒
2023-10-09 05:15:12 CHB 1962366?1696799707 第 1 次 获取到号码【1962366】GSD
2023-10-09 05:15:12 未获取到号码【1962366】GSD，可能号码格式错误
2023-10-09 05:15:12 获取到号码【1962366】的GSD为【-】
2023-10-09 05:15:15 GSD insert 第 1 次 等待 3 秒
2023-10-09 05:15:18 {"status":"bad","gid":"549608","msg":"添加失败！号码【1962366(-|-)】已存在！"}
2023-10-09 05:15:18 随机等待 222 秒，约 3 分钟
2023-10-09 05:15:18 下次操作: 2023-10-09 05:19:00

2023-10-09 05:19:00 开始第 2368 次操作

2023-10-09 05:19:00 开始操作号码 【1962367】
2023-10-09 05:19:03 GSD getOne 第 1 次 等待 3 秒
2023-10-09 05:19:06 查询号码 【1962367】，返回信息 {"status":"ok","msg":"-","gid":"549613","time_insert":"2023-02-23 14:40"}
2023-10-09 05:19:06 查询号码 【1962367】，GSD为【"-"】
2023-10-09 05:19:06 ok && -
2023-10-09 05:19:08 CHB 1962367?1696799946 第 1 次 等待 3 秒
2023-10-09 05:19:11 CHB 1962367?1696799946 第 1 次 获取到号码【1962367】GSD
2023-10-09 05:19:11 未获取到号码【1962367】GSD，可能号码格式错误
2023-10-09 05:19:11 获取到号码【1962367】的GSD为【-】
2023-10-09 05:19:15 GSD insert 第 1 次 等待 3 秒
2023-10-09 05:19:18 {"status":"bad","gid":"549613","msg":"添加失败！号码【1962367(-|-)】已存在！"}

