2024-05-11 00:14:11 开始第 8469 次操作

2024-05-11 00:14:11 开始操作号码 【1648363】
2024-05-11 00:14:20 GSD getOne 第 1 次 等待 3 秒
2024-05-11 00:14:23 查询号码 【1648363】，返回信息 {"status":"ok","msg":"-","gid":"666698","time_insert":"2023-04-20 15:20"}
2024-05-11 00:14:23 查询号码 【1648363】，GSD为【"-"】
2024-05-11 00:14:23 ok && -
2024-05-11 00:14:52 CHB 1648363?1715357663 第 1 次 等待 3 秒
2024-05-11 00:14:55 CHB 1648363?1715357663 第 1 次 获取到号码【1648363】GSD
2024-05-11 00:14:55 未获取到号码【1648363】GSD，可能号码格式错误
2024-05-11 00:14:55 获取到号码【1648363】的GSD为【-】
2024-05-11 00:15:04 GSD insert 第 1 次 等待 3 秒
2024-05-11 00:15:07 {"status":"bad","gid":"666698","msg":"添加失败！号码【1648363(-|-)】已存在！"}
2024-05-11 00:15:07 随机等待 194 秒，约 3 分钟
2024-05-11 00:15:07 下次操作: 2024-05-11 00:18:21

2024-05-11 00:18:21 开始第 8470 次操作

2024-05-11 00:18:21 开始操作号码 【1648364】
2024-05-11 00:18:26 GSD getOne 第 1 次 等待 3 秒
2024-05-11 00:18:29 查询号码 【1648364】，返回信息 {"status":"ok","msg":"-","gid":"666691","time_insert":"2023-04-20 15:14"}
2024-05-11 00:18:29 查询号码 【1648364】，GSD为【"-"】
2024-05-11 00:18:29 ok && -
2024-05-11 00:18:31 CHB 1648364?1715357909 第 1 次 等待 3 秒
2024-05-11 00:18:34 CHB 1648364?1715357909 第 1 次 获取到号码【1648364】GSD
2024-05-11 00:18:34 未获取到号码【1648364】GSD，可能号码格式错误
2024-05-11 00:18:34 获取到号码【1648364】的GSD为【-】
2024-05-11 00:18:42 GSD insert 第 1 次 等待 3 秒
2024-05-11 00:18:45 {"status":"bad","gid":"666691","msg":"添加失败！号码【1648364(-|-)】已存在！"}
2024-05-11 00:18:45 随机等待 70 秒，约 1 分钟
2024-05-11 00:18:45 下次操作: 2024-05-11 00:19:55

2024-05-11 00:19:55 开始第 8471 次操作

2024-05-11 00:19:55 开始操作号码 【1648365】
2024-05-11 00:20:00 GSD getOne 第 1 次 等待 3 秒
2024-05-11 00:20:03 查询号码 【1648365】，返回信息 {"status":"ok","msg":"-","gid":"666688","time_insert":"2023-04-20 15:12"}
2024-05-11 00:20:03 查询号码 【1648365】，GSD为【"-"】
2024-05-11 00:20:03 ok && -
2024-05-11 00:20:05 CHB 1648365?1715358003 第 1 次 等待 3 秒
2024-05-11 00:20:08 CHB 1648365?1715358003 第 1 次 获取到号码【1648365】GSD
2024-05-11 00:20:08 未获取到号码【1648365】GSD，可能号码格式错误
2024-05-11 00:20:08 获取到号码【1648365】的GSD为【-】
2024-05-11 00:20:13 GSD insert 第 1 次 等待 3 秒
2024-05-11 00:20:16 {"status":"bad","gid":"666688","msg":"添加失败！号码【1648365(-|-)】已存在！"}
2024-05-11 00:20:16 随机等待 164 秒，约 2 分钟
2024-05-11 00:20:16 下次操作: 2024-05-11 00:23:00

2024-05-11 00:23:01 开始第 8472 次操作

2024-05-11 00:23:01 开始操作号码 【1648366】
2024-05-11 00:23:13 GSD getOne 第 1 次 等待 3 秒
2024-05-11 00:23:16 查询号码 【1648366】，返回信息 {"status":"ok","msg":"-","gid":"666684","time_insert":"2023-04-20 15:11"}
2024-05-11 00:23:16 查询号码 【1648366】，GSD为【"-"】
2024-05-11 00:23:16 ok && -
2024-05-11 00:23:18 CHB 1648366?1715358196 第 1 次 等待 3 秒
2024-05-11 00:23:21 CHB 1648366?1715358196 第 1 次 获取到号码【1648366】GSD
2024-05-11 00:23:21 未获取到号码【1648366】GSD，可能号码格式错误
2024-05-11 00:23:21 获取到号码【1648366】的GSD为【-】
2024-05-11 00:23:29 GSD insert 第 1 次 等待 3 秒
2024-05-11 00:23:32 {"status":"bad","gid":"666684","msg":"添加失败！号码【1648366(-|-)】已存在！"}

