2023-10-08 00:11:53 开始第 2141 次操作

2023-10-08 00:11:53 开始操作号码 【1962140】
2023-10-08 00:12:02 GSD getOne 第 1 次 等待 3 秒
2023-10-08 00:12:05 查询号码 【1962140】，返回信息 {"status":"ok","msg":"-","gid":"548191","time_insert":"2023-02-22 23:37"}
2023-10-08 00:12:05 查询号码 【1962140】，GSD为【"-"】
2023-10-08 00:12:05 ok && -
2023-10-08 00:12:08 CHB 1962140?1696695125 第 1 次 等待 3 秒
2023-10-08 00:12:11 CHB 1962140?1696695125 第 1 次 获取到号码【1962140】GSD
2023-10-08 00:12:11 未获取到号码【1962140】GSD，可能号码格式错误
2023-10-08 00:12:11 获取到号码【1962140】的GSD为【-】
2023-10-08 00:12:17 GSD insert 第 1 次 等待 3 秒
2023-10-08 00:12:20 {"status":"bad","gid":"548191","msg":"添加失败！号码【1962140(-|-)】已存在！"}
2023-10-08 00:12:20 随机等待 207 秒，约 3 分钟
2023-10-08 00:12:20 下次操作: 2023-10-08 00:15:47

2023-10-08 00:15:47 开始第 2142 次操作

2023-10-08 00:15:47 开始操作号码 【1962141】
2023-10-08 00:15:54 GSD getOne 第 1 次 等待 3 秒
2023-10-08 00:15:57 查询号码 【1962141】，返回信息 {"status":"ok","msg":"-","gid":"548192","time_insert":"2023-02-22 23:40"}
2023-10-08 00:15:57 查询号码 【1962141】，GSD为【"-"】
2023-10-08 00:15:57 ok && -
2023-10-08 00:15:59 CHB 1962141?1696695357 第 1 次 等待 3 秒
2023-10-08 00:16:02 CHB 1962141?1696695357 第 1 次 获取到号码【1962141】GSD
2023-10-08 00:16:02 未获取到号码【1962141】GSD，可能号码格式错误
2023-10-08 00:16:02 获取到号码【1962141】的GSD为【-】
2023-10-08 00:16:13 GSD insert 第 1 次 等待 3 秒
2023-10-08 00:16:16 {"status":"bad","gid":"548192","msg":"添加失败！号码【1962141(-|-)】已存在！"}
2023-10-08 00:16:16 随机等待 110 秒，约 1 分钟
2023-10-08 00:16:16 下次操作: 2023-10-08 00:18:06

2023-10-08 00:18:06 开始第 2143 次操作

2023-10-08 00:18:06 开始操作号码 【1962142】
2023-10-08 00:18:12 GSD getOne 第 1 次 等待 3 秒
2023-10-08 00:18:15 查询号码 【1962142】，返回信息 {"status":"ok","msg":"-","gid":"548200","time_insert":"2023-02-22 23:43"}
2023-10-08 00:18:15 查询号码 【1962142】，GSD为【"-"】
2023-10-08 00:18:15 ok && -
2023-10-08 00:18:17 CHB 1962142?1696695495 第 1 次 等待 3 秒
2023-10-08 00:18:20 CHB 1962142?1696695495 第 1 次 获取到号码【1962142】GSD
2023-10-08 00:18:20 未获取到号码【1962142】GSD，可能号码格式错误
2023-10-08 00:18:20 获取到号码【1962142】的GSD为【-】
2023-10-08 00:18:25 GSD insert 第 1 次 等待 3 秒
2023-10-08 00:18:28 {"status":"bad","gid":"548200","msg":"添加失败！号码【1962142(-|-)】已存在！"}
2023-10-08 00:18:28 随机等待 108 秒，约 1 分钟
2023-10-08 00:18:28 下次操作: 2023-10-08 00:20:16

2023-10-08 00:20:16 开始第 2144 次操作

2023-10-08 00:20:16 开始操作号码 【1962143】
2023-10-08 00:20:18 GSD getOne 第 1 次 等待 3 秒
2023-10-08 00:20:21 查询号码 【1962143】，返回信息 {"status":"ok","msg":"-","gid":"548202","time_insert":"2023-02-22 23:45"}
2023-10-08 00:20:21 查询号码 【1962143】，GSD为【"-"】
2023-10-08 00:20:21 ok && -
2023-10-08 00:20:23 CHB 1962143?1696695621 第 1 次 等待 3 秒
2023-10-08 00:20:26 CHB 1962143?1696695621 第 1 次 获取到号码【1962143】GSD
2023-10-08 00:20:26 未获取到号码【1962143】GSD，可能号码格式错误
2023-10-08 00:20:26 获取到号码【1962143】的GSD为【-】
2023-10-08 00:20:38 GSD insert 第 1 次 等待 3 秒
2023-10-08 00:20:41 {"status":"bad","gid":"548202","msg":"添加失败！号码【1962143(-|-)】已存在！"}

2023-10-08 00:35:18 开始第 2145 次操作

2023-10-08 00:35:18 开始操作号码 【1962144】
2023-10-08 00:35:21 GSD getOne 第 1 次 等待 3 秒
2023-10-08 00:35:24 查询号码 【1962144】，返回信息 {"status":"ok","msg":"-","gid":"548218","time_insert":"2023-02-22 23:53"}
2023-10-08 00:35:24 查询号码 【1962144】，GSD为【"-"】
2023-10-08 00:35:24 ok && -
2023-10-08 00:35:30 CHB 1962144?1696696524 第 1 次 等待 3 秒
2023-10-08 00:35:33 CHB 1962144?1696696524 第 1 次 获取到号码【1962144】GSD
2023-10-08 00:35:33 未获取到号码【1962144】GSD，可能号码格式错误
2023-10-08 00:35:33 获取到号码【1962144】的GSD为【-】
2023-10-08 00:35:37 GSD insert 第 1 次 等待 3 秒
2023-10-08 00:35:40 {"status":"bad","gid":"548218","msg":"添加失败！号码【1962144(-|-)】已存在！"}
2023-10-08 00:35:40 随机等待 145 秒，约 2 分钟
2023-10-08 00:35:40 下次操作: 2023-10-08 00:38:05

2023-10-08 00:38:05 开始第 2146 次操作

2023-10-08 00:38:05 开始操作号码 【1962145】
2023-10-08 00:38:11 GSD getOne 第 1 次 等待 3 秒
2023-10-08 00:38:14 查询号码 【1962145】，返回信息 {"status":"ok","msg":"-","gid":"548220","time_insert":"2023-02-22 23:55"}
2023-10-08 00:38:14 查询号码 【1962145】，GSD为【"-"】
2023-10-08 00:38:14 ok && -
2023-10-08 00:38:17 CHB 1962145?1696696694 第 1 次 等待 3 秒
2023-10-08 00:38:20 CHB 1962145?1696696694 第 1 次 获取到号码【1962145】GSD
2023-10-08 00:38:20 未获取到号码【1962145】GSD，可能号码格式错误
2023-10-08 00:38:20 获取到号码【1962145】的GSD为【-】
2023-10-08 00:38:26 GSD insert 第 1 次 等待 3 秒
2023-10-08 00:38:29 {"status":"bad","gid":"548220","msg":"添加失败！号码【1962145(-|-)】已存在！"}
2023-10-08 00:38:29 随机等待 155 秒，约 2 分钟
2023-10-08 00:38:29 下次操作: 2023-10-08 00:41:04

2023-10-08 00:41:04 开始第 2147 次操作

2023-10-08 00:41:04 开始操作号码 【1962146】
2023-10-08 00:41:16 GSD getOne 第 1 次 等待 3 秒
2023-10-08 00:41:19 查询号码 【1962146】，返回信息 {"status":"ok","msg":"-","gid":"548225","time_insert":"2023-02-22 23:58"}
2023-10-08 00:41:19 查询号码 【1962146】，GSD为【"-"】
2023-10-08 00:41:19 ok && -
2023-10-08 00:41:21 CHB 1962146?1696696879 第 1 次 等待 3 秒
2023-10-08 00:41:24 CHB 1962146?1696696879 第 1 次 获取到号码【1962146】GSD
2023-10-08 00:41:24 未获取到号码【1962146】GSD，可能号码格式错误
2023-10-08 00:41:24 获取到号码【1962146】的GSD为【-】
2023-10-08 00:41:27 GSD insert 第 1 次 等待 3 秒
2023-10-08 00:41:30 {"status":"bad","gid":"548225","msg":"添加失败！号码【1962146(-|-)】已存在！"}
2023-10-08 00:41:30 随机等待 195 秒，约 3 分钟
2023-10-08 00:41:30 下次操作: 2023-10-08 00:44:45

2023-10-08 00:44:45 开始第 2148 次操作

2023-10-08 00:44:45 开始操作号码 【1962147】
2023-10-08 00:44:49 GSD getOne 第 1 次 等待 3 秒
2023-10-08 00:44:52 查询号码 【1962147】，返回信息 {"status":"ok","msg":"-","gid":"548232","time_insert":"2023-02-23 00:01"}
2023-10-08 00:44:52 查询号码 【1962147】，GSD为【"-"】
2023-10-08 00:44:52 ok && -
2023-10-08 00:44:54 CHB 1962147?1696697092 第 1 次 等待 3 秒
2023-10-08 00:44:57 CHB 1962147?1696697092 第 1 次 获取到号码【1962147】GSD
2023-10-08 00:44:57 未获取到号码【1962147】GSD，可能号码格式错误
2023-10-08 00:44:57 获取到号码【1962147】的GSD为【-】
2023-10-08 00:45:01 GSD insert 第 1 次 等待 3 秒
2023-10-08 00:45:04 {"status":"bad","gid":"548232","msg":"添加失败！号码【1962147(-|-)】已存在！"}

