2023-12-31 00:12:44 开始第 6277 次操作

2023-12-31 00:12:44 开始操作号码 【1866170】
2023-12-31 00:12:47 GSD getOne 第 1 次 等待 3 秒
2023-12-31 00:12:50 查询号码 【1866170】，返回信息 {"status":"ok","msg":"山东-青岛","gid":"445836","time_insert":"2021-07-30 15:52"}
2023-12-31 00:12:50 查询号码 【1866170】，GSD为【"山东-青岛"】

2023-12-31 00:12:51 开始第 6278 次操作

2023-12-31 00:12:51 开始操作号码 【1866171】
2023-12-31 00:12:54 GSD getOne 第 1 次 等待 3 秒
2023-12-31 00:12:57 查询号码 【1866171】，返回信息 {"status":"ok","msg":"山东-青岛","gid":"445829","time_insert":"2021-07-30 15:51"}
2023-12-31 00:12:57 查询号码 【1866171】，GSD为【"山东-青岛"】

2023-12-31 00:12:58 开始第 6279 次操作

2023-12-31 00:12:58 开始操作号码 【1866172】
2023-12-31 00:13:01 GSD getOne 第 1 次 等待 3 秒
2023-12-31 00:13:04 查询号码 【1866172】，返回信息 {"status":"ok","msg":"山东-青岛","gid":"445821","time_insert":"2021-07-30 15:51"}
2023-12-31 00:13:04 查询号码 【1866172】，GSD为【"山东-青岛"】

2023-12-31 00:13:05 开始第 6280 次操作

2023-12-31 00:13:05 开始操作号码 【1866173】
2023-12-31 00:13:08 GSD getOne 第 1 次 等待 3 秒
2023-12-31 00:13:11 查询号码 【1866173】，返回信息 {"status":"ok","msg":"山东-青岛","gid":"445817","time_insert":"2021-07-30 15:50"}
2023-12-31 00:13:11 查询号码 【1866173】，GSD为【"山东-青岛"】

