2021-07-24 00:00:33 开始第 23 次操作

2021-07-24 00:00:33 开始操作号码 【1468497】
2021-07-24 00:00:35 GSD getOne 第 1 次 等待 3 秒
2021-07-24 00:00:38 查询号码 【1468497】，返回信息 {"status":"ok","msg":"-","gid":"370740","time_insert":"2021-07-23 22:50"}
2021-07-24 00:00:38 查询号码 【1468497】，GSD为【"-"】
2021-07-24 00:00:38 ok && -
2021-07-24 00:00:40 CHB 1468497?1627056038 第 1 次 等待 3 秒
2021-07-24 00:00:43 CHB 1468497?1627056038 第 1 次 获取到号码【1468497】GSD
2021-07-24 00:00:43 未获取到号码【1468497】GSD，可能号码格式错误
2021-07-24 00:00:43 获取到号码【1468497】的GSD为【-】
2021-07-24 00:00:48 GSD insert 第 1 次 等待 3 秒
2021-07-24 00:00:51 {"status":"bad","gid":"370740","msg":"添加失败！号码【1468497(-|-)】已存在！"}
2021-07-24 00:00:51 下次操作: 2021-07-24 00:01:03

2021-07-24 00:01:03 开始第 24 次操作

2021-07-24 00:01:03 开始操作号码 【1468496】
2021-07-24 00:01:10 GSD getOne 第 1 次 等待 3 秒
2021-07-24 00:01:13 查询号码 【1468496】，返回信息 {"status":"ok","msg":"-","gid":"370745","time_insert":"2021-07-23 22:51"}
2021-07-24 00:01:13 查询号码 【1468496】，GSD为【"-"】
2021-07-24 00:01:13 ok && -
2021-07-24 00:01:15 CHB 1468496?1627056073 第 1 次 等待 3 秒
2021-07-24 00:01:18 CHB 1468496?1627056073 第 1 次 获取到号码【1468496】GSD
2021-07-24 00:01:18 未获取到号码【1468496】GSD，可能号码格式错误
2021-07-24 00:01:18 获取到号码【1468496】的GSD为【-】
2021-07-24 00:01:26 GSD insert 第 1 次 等待 3 秒
2021-07-24 00:01:29 {"status":"bad","gid":"370745","msg":"添加失败！号码【1468496(-|-)】已存在！"}
2021-07-24 00:01:29 下次操作: 2021-07-24 00:01:51

2021-07-24 00:01:51 开始第 25 次操作

2021-07-24 00:01:51 开始操作号码 【1468495】
2021-07-24 00:01:53 GSD getOne 第 1 次 等待 3 秒
2021-07-24 00:01:56 查询号码 【1468495】，返回信息 {"status":"ok","msg":"-","gid":"370751","time_insert":"2021-07-23 22:51"}
2021-07-24 00:01:56 查询号码 【1468495】，GSD为【"-"】
2021-07-24 00:01:56 ok && -
2021-07-24 00:01:58 CHB 1468495?1627056116 第 1 次 等待 3 秒
2021-07-24 00:02:01 CHB 1468495?1627056116 第 1 次 获取到号码【1468495】GSD
2021-07-24 00:02:01 未获取到号码【1468495】GSD，可能号码格式错误
2021-07-24 00:02:01 获取到号码【1468495】的GSD为【-】
2021-07-24 00:02:05 GSD insert 第 1 次 等待 3 秒
2021-07-24 00:02:08 {"status":"bad","gid":"370751","msg":"添加失败！号码【1468495(-|-)】已存在！"}
2021-07-24 00:02:08 下次操作: 2021-07-24 00:02:29

2021-07-24 00:02:29 开始第 26 次操作

2021-07-24 00:02:29 开始操作号码 【1468494】
2021-07-24 00:02:32 GSD getOne 第 1 次 等待 3 秒
2021-07-24 00:02:35 查询号码 【1468494】，返回信息 {"status":"ok","msg":"-","gid":"370757","time_insert":"2021-07-23 22:52"}
2021-07-24 00:02:35 查询号码 【1468494】，GSD为【"-"】
2021-07-24 00:02:35 ok && -
2021-07-24 00:02:36 CHB 1468494?1627056155 第 1 次 等待 3 秒
2021-07-24 00:02:39 CHB 1468494?1627056155 第 1 次 获取到号码【1468494】GSD
2021-07-24 00:02:39 未获取到号码【1468494】GSD，可能号码格式错误
2021-07-24 00:02:39 获取到号码【1468494】的GSD为【-】
2021-07-24 00:02:44 GSD insert 第 1 次 等待 3 秒
2021-07-24 00:02:47 {"status":"bad","gid":"370757","msg":"添加失败！号码【1468494(-|-)】已存在！"}
2021-07-24 00:02:47 下次操作: 2021-07-24 00:03:01

2021-07-24 00:03:01 开始第 27 次操作

2021-07-24 00:03:01 开始操作号码 【1468493】
2021-07-24 00:03:04 GSD getOne 第 1 次 等待 3 秒
2021-07-24 00:03:07 查询号码 【1468493】，返回信息 {"status":"ok","msg":"-","gid":"370763","time_insert":"2021-07-23 22:52"}
2021-07-24 00:03:07 查询号码 【1468493】，GSD为【"-"】
2021-07-24 00:03:07 ok && -
2021-07-24 00:03:09 CHB 1468493?1627056187 第 1 次 等待 3 秒
2021-07-24 00:03:12 CHB 1468493?1627056187 第 1 次 获取到号码【1468493】GSD
2021-07-24 00:03:12 未获取到号码【1468493】GSD，可能号码格式错误
2021-07-24 00:03:12 获取到号码【1468493】的GSD为【-】
2021-07-24 00:03:16 GSD insert 第 1 次 等待 3 秒
2021-07-24 00:03:19 {"status":"bad","gid":"370763","msg":"添加失败！号码【1468493(-|-)】已存在！"}
2021-07-24 00:03:19 下次操作: 2021-07-24 00:03:42

2021-07-24 00:03:42 开始第 28 次操作

2021-07-24 00:03:42 开始操作号码 【1468492】
2021-07-24 00:03:49 GSD getOne 第 1 次 等待 3 秒
2021-07-24 00:03:52 查询号码 【1468492】，返回信息 {"status":"ok","msg":"-","gid":"370769","time_insert":"2021-07-23 22:53"}
2021-07-24 00:03:52 查询号码 【1468492】，GSD为【"-"】
2021-07-24 00:03:52 ok && -
2021-07-24 00:03:54 CHB 1468492?1627056232 第 1 次 等待 3 秒
2021-07-24 00:03:57 CHB 1468492?1627056232 第 1 次 获取到号码【1468492】GSD
2021-07-24 00:03:57 未获取到号码【1468492】GSD，可能号码格式错误
2021-07-24 00:03:57 获取到号码【1468492】的GSD为【-】
2021-07-24 00:04:00 GSD insert 第 1 次 等待 3 秒
2021-07-24 00:04:03 {"status":"bad","gid":"370769","msg":"添加失败！号码【1468492(-|-)】已存在！"}
2021-07-24 00:04:03 下次操作: 2021-07-24 00:04:16

2021-07-24 00:04:16 开始第 29 次操作

2021-07-24 00:04:16 开始操作号码 【1468491】
2021-07-24 00:04:19 GSD getOne 第 1 次 等待 3 秒
2021-07-24 00:04:22 查询号码 【1468491】，返回信息 {"status":"ok","msg":"-","gid":"370780","time_insert":"2021-07-23 22:54"}
2021-07-24 00:04:22 查询号码 【1468491】，GSD为【"-"】
2021-07-24 00:04:22 ok && -
2021-07-24 00:04:24 CHB 1468491?1627056262 第 1 次 等待 3 秒
2021-07-24 00:04:27 CHB 1468491?1627056262 第 1 次 获取到号码【1468491】GSD
2021-07-24 00:04:27 未获取到号码【1468491】GSD，可能号码格式错误
2021-07-24 00:04:27 获取到号码【1468491】的GSD为【-】
2021-07-24 00:04:30 GSD insert 第 1 次 等待 3 秒
2021-07-24 00:04:33 {"status":"bad","gid":"370780","msg":"添加失败！号码【1468491(-|-)】已存在！"}
2021-07-24 00:04:33 下次操作: 2021-07-24 00:04:45

2021-07-24 00:04:45 开始第 30 次操作

2021-07-24 00:04:45 开始操作号码 【1468490】
2021-07-24 00:04:52 GSD getOne 第 1 次 等待 3 秒
2021-07-24 00:04:55 查询号码 【1468490】，返回信息 {"status":"ok","msg":"-","gid":"370786","time_insert":"2021-07-23 22:54"}
2021-07-24 00:04:55 查询号码 【1468490】，GSD为【"-"】
2021-07-24 00:04:55 ok && -
2021-07-24 00:04:56 CHB 1468490?1627056295 第 1 次 等待 3 秒
2021-07-24 00:04:59 CHB 1468490?1627056295 第 1 次 获取到号码【1468490】GSD
2021-07-24 00:04:59 未获取到号码【1468490】GSD，可能号码格式错误
2021-07-24 00:04:59 获取到号码【1468490】的GSD为【-】
2021-07-24 00:05:04 GSD insert 第 1 次 等待 3 秒
2021-07-24 00:05:07 {"status":"bad","gid":"370786","msg":"添加失败！号码【1468490(-|-)】已存在！"}
2021-07-24 00:05:07 下次操作: 2021-07-24 00:05:31

2021-07-24 00:05:31 开始第 31 次操作

2021-07-24 00:05:31 开始操作号码 【1468489】
2021-07-24 00:05:36 GSD getOne 第 1 次 等待 3 秒
2021-07-24 00:05:39 查询号码 【1468489】，返回信息 {"status":"ok","msg":"-","gid":"370792","time_insert":"2021-07-23 22:55"}
2021-07-24 00:05:39 查询号码 【1468489】，GSD为【"-"】
2021-07-24 00:05:39 ok && -
2021-07-24 00:05:41 CHB 1468489?1627056339 第 1 次 等待 3 秒
2021-07-24 00:05:44 CHB 1468489?1627056339 第 1 次 获取到号码【1468489】GSD
2021-07-24 00:05:44 未获取到号码【1468489】GSD，可能号码格式错误
2021-07-24 00:05:44 获取到号码【1468489】的GSD为【-】
2021-07-24 00:05:47 GSD insert 第 1 次 等待 3 秒
2021-07-24 00:05:50 {"status":"bad","gid":"370792","msg":"添加失败！号码【1468489(-|-)】已存在！"}
2021-07-24 00:05:50 下次操作: 2021-07-24 00:06:08

2021-07-24 00:06:08 开始第 32 次操作

2021-07-24 00:06:08 开始操作号码 【1468488】
2021-07-24 00:06:14 GSD getOne 第 1 次 等待 3 秒
2021-07-24 00:06:17 查询号码 【1468488】，返回信息 {"status":"ok","msg":"-","gid":"370799","time_insert":"2021-07-23 22:55"}
2021-07-24 00:06:17 查询号码 【1468488】，GSD为【"-"】
2021-07-24 00:06:17 ok && -
2021-07-24 00:06:19 CHB 1468488?1627056377 第 1 次 等待 3 秒
2021-07-24 00:06:22 CHB 1468488?1627056377 第 1 次 获取到号码【1468488】GSD
2021-07-24 00:06:22 未获取到号码【1468488】GSD，可能号码格式错误
2021-07-24 00:06:22 获取到号码【1468488】的GSD为【-】
2021-07-24 00:06:27 GSD insert 第 1 次 等待 3 秒
2021-07-24 00:06:30 {"status":"bad","gid":"370799","msg":"添加失败！号码【1468488(-|-)】已存在！"}
2021-07-24 00:06:30 下次操作: 2021-07-24 00:06:44

2021-07-24 00:06:44 开始第 33 次操作

2021-07-24 00:06:44 开始操作号码 【1468487】
2021-07-24 00:06:46 GSD getOne 第 1 次 等待 3 秒
2021-07-24 00:06:49 查询号码 【1468487】，返回信息 {"status":"ok","msg":"-","gid":"370806","time_insert":"2021-07-23 22:56"}
2021-07-24 00:06:50 查询号码 【1468487】，GSD为【"-"】
2021-07-24 00:06:50 ok && -
2021-07-24 00:06:51 CHB 1468487?1627056410 第 1 次 等待 3 秒
2021-07-24 00:06:54 CHB 1468487?1627056410 第 1 次 获取到号码【1468487】GSD
2021-07-24 00:06:54 未获取到号码【1468487】GSD，可能号码格式错误
2021-07-24 00:06:54 获取到号码【1468487】的GSD为【-】
2021-07-24 00:07:01 GSD insert 第 1 次 等待 3 秒
2021-07-24 00:07:04 {"status":"bad","gid":"370806","msg":"添加失败！号码【1468487(-|-)】已存在！"}
2021-07-24 00:07:04 下次操作: 2021-07-24 00:07:22

2021-07-24 00:07:22 开始第 34 次操作

2021-07-24 00:07:22 开始操作号码 【1468486】
2021-07-24 00:07:32 GSD getOne 第 1 次 等待 3 秒
2021-07-24 00:07:35 查询号码 【1468486】，返回信息 {"status":"ok","msg":"-","gid":"370812","time_insert":"2021-07-23 22:57"}
2021-07-24 00:07:35 查询号码 【1468486】，GSD为【"-"】
2021-07-24 00:07:35 ok && -
2021-07-24 00:07:37 CHB 1468486?1627056455 第 1 次 等待 3 秒
2021-07-24 00:07:40 CHB 1468486?1627056455 第 1 次 获取到号码【1468486】GSD
2021-07-24 00:07:40 未获取到号码【1468486】GSD，可能号码格式错误
2021-07-24 00:07:40 获取到号码【1468486】的GSD为【-】
2021-07-24 00:07:46 GSD insert 第 1 次 等待 3 秒
2021-07-24 00:07:49 {"status":"bad","gid":"370812","msg":"添加失败！号码【1468486(-|-)】已存在！"}
2021-07-24 00:07:49 下次操作: 2021-07-24 00:08:02

2021-07-24 00:08:02 开始第 35 次操作

2021-07-24 00:08:02 开始操作号码 【1468485】
2021-07-24 00:08:04 GSD getOne 第 1 次 等待 3 秒
2021-07-24 00:08:07 查询号码 【1468485】，返回信息 {"status":"ok","msg":"-","gid":"370817","time_insert":"2021-07-23 22:57"}
2021-07-24 00:08:08 查询号码 【1468485】，GSD为【"-"】
2021-07-24 00:08:08 ok && -
2021-07-24 00:08:09 CHB 1468485?1627056488 第 1 次 等待 3 秒
2021-07-24 00:08:12 CHB 1468485?1627056488 第 1 次 获取到号码【1468485】GSD
2021-07-24 00:08:12 未获取到号码【1468485】GSD，可能号码格式错误
2021-07-24 00:08:12 获取到号码【1468485】的GSD为【-】
2021-07-24 00:08:15 GSD insert 第 1 次 等待 3 秒
2021-07-24 00:08:18 {"status":"bad","gid":"370817","msg":"添加失败！号码【1468485(-|-)】已存在！"}
2021-07-24 00:08:18 下次操作: 2021-07-24 00:08:42

2021-07-24 00:08:42 开始第 36 次操作

2021-07-24 00:08:42 开始操作号码 【1468484】
2021-07-24 00:08:50 GSD getOne 第 1 次 等待 3 秒
2021-07-24 00:08:53 查询号码 【1468484】，返回信息 {"status":"ok","msg":"-","gid":"370825","time_insert":"2021-07-23 22:58"}
2021-07-24 00:08:53 查询号码 【1468484】，GSD为【"-"】
2021-07-24 00:08:53 ok && -
2021-07-24 00:08:55 CHB 1468484?1627056533 第 1 次 等待 3 秒
2021-07-24 00:08:58 CHB 1468484?1627056533 第 1 次 获取到号码【1468484】GSD
2021-07-24 00:08:58 未获取到号码【1468484】GSD，可能号码格式错误
2021-07-24 00:08:58 获取到号码【1468484】的GSD为【-】
2021-07-24 00:09:01 GSD insert 第 1 次 等待 3 秒
2021-07-24 00:09:04 {"status":"bad","gid":"370825","msg":"添加失败！号码【1468484(-|-)】已存在！"}
2021-07-24 00:09:04 下次操作: 2021-07-24 00:09:28

2021-07-24 00:09:28 开始第 37 次操作

2021-07-24 00:09:28 开始操作号码 【1468483】
2021-07-24 00:09:36 GSD getOne 第 1 次 等待 3 秒
2021-07-24 00:09:39 查询号码 【1468483】，返回信息 {"status":"ok","msg":"-","gid":"370831","time_insert":"2021-07-23 22:58"}
2021-07-24 00:09:39 查询号码 【1468483】，GSD为【"-"】
2021-07-24 00:09:39 ok && -
2021-07-24 00:09:41 CHB 1468483?1627056579 第 1 次 等待 3 秒
2021-07-24 00:09:44 CHB 1468483?1627056579 第 1 次 获取到号码【1468483】GSD
2021-07-24 00:09:44 未获取到号码【1468483】GSD，可能号码格式错误
2021-07-24 00:09:44 获取到号码【1468483】的GSD为【-】
2021-07-24 00:09:51 GSD insert 第 1 次 等待 3 秒
2021-07-24 00:09:54 {"status":"bad","gid":"370831","msg":"添加失败！号码【1468483(-|-)】已存在！"}
2021-07-24 00:09:54 下次操作: 2021-07-24 00:10:10

2021-07-24 00:10:10 开始第 38 次操作

2021-07-24 00:10:10 开始操作号码 【1468482】
2021-07-24 00:10:13 GSD getOne 第 1 次 等待 3 秒
2021-07-24 00:10:16 查询号码 【1468482】，返回信息 {"status":"ok","msg":"-","gid":"370838","time_insert":"2021-07-23 22:59"}
2021-07-24 00:10:16 查询号码 【1468482】，GSD为【"-"】
2021-07-24 00:10:16 ok && -
2021-07-24 00:10:18 CHB 1468482?1627056616 第 1 次 等待 3 秒
2021-07-24 00:10:21 CHB 1468482?1627056616 第 1 次 获取到号码【1468482】GSD
2021-07-24 00:10:21 未获取到号码【1468482】GSD，可能号码格式错误
2021-07-24 00:10:21 获取到号码【1468482】的GSD为【-】
2021-07-24 00:10:27 GSD insert 第 1 次 等待 3 秒
2021-07-24 00:10:30 {"status":"bad","gid":"370838","msg":"添加失败！号码【1468482(-|-)】已存在！"}
2021-07-24 00:10:30 下次操作: 2021-07-24 00:10:44

2021-07-24 00:10:44 开始第 39 次操作

2021-07-24 00:10:44 开始操作号码 【1468481】
2021-07-24 00:10:47 GSD getOne 第 1 次 等待 3 秒
2021-07-24 00:10:50 查询号码 【1468481】，返回信息 {"status":"ok","msg":"-","gid":"370843","time_insert":"2021-07-23 22:59"}
2021-07-24 00:10:50 查询号码 【1468481】，GSD为【"-"】
2021-07-24 00:10:50 ok && -
2021-07-24 00:10:52 CHB 1468481?1627056650 第 1 次 等待 3 秒
2021-07-24 00:10:55 CHB 1468481?1627056650 第 1 次 获取到号码【1468481】GSD
2021-07-24 00:10:55 未获取到号码【1468481】GSD，可能号码格式错误
2021-07-24 00:10:55 获取到号码【1468481】的GSD为【-】
2021-07-24 00:10:58 GSD insert 第 1 次 等待 3 秒
2021-07-24 00:11:01 {"status":"bad","gid":"370843","msg":"添加失败！号码【1468481(-|-)】已存在！"}
2021-07-24 00:11:01 下次操作: 2021-07-24 00:11:25

2021-07-24 00:11:25 开始第 40 次操作

2021-07-24 00:11:25 开始操作号码 【1468480】
2021-07-24 00:11:28 GSD getOne 第 1 次 等待 3 秒
2021-07-24 00:11:31 查询号码 【1468480】，返回信息 {"status":"ok","msg":"-","gid":"370848","time_insert":"2021-07-23 23:00"}
2021-07-24 00:11:32 查询号码 【1468480】，GSD为【"-"】
2021-07-24 00:11:32 ok && -
2021-07-24 00:11:33 CHB 1468480?1627056692 第 1 次 等待 3 秒
2021-07-24 00:11:36 CHB 1468480?1627056692 第 1 次 获取到号码【1468480】GSD
2021-07-24 00:11:36 未获取到号码【1468480】GSD，可能号码格式错误
2021-07-24 00:11:36 获取到号码【1468480】的GSD为【-】
2021-07-24 00:11:39 GSD insert 第 1 次 等待 3 秒
2021-07-24 00:11:42 {"status":"bad","gid":"370848","msg":"添加失败！号码【1468480(-|-)】已存在！"}

2021-07-24 01:03:25 开始第 1 次操作

2021-07-24 01:03:25 开始操作号码 【1468479】
2021-07-24 01:03:35 GSD getOne 第 1 次 等待 3 秒
2021-07-24 01:03:38 查询号码 【1468479】，返回信息 {"status":"bad","msg":""}
2021-07-24 01:03:38 查询号码 【1468479】，GSD为【""】
2021-07-24 01:03:38 bad
2021-07-24 01:03:40 CHB 1468479?1627059818 第 1 次 等待 3 秒
2021-07-24 01:03:43 CHB 1468479?1627059818 第 1 次 获取到号码【1468479】GSD
2021-07-24 01:03:43 未获取到号码【1468479】GSD，可能号码格式错误
2021-07-24 01:03:43 获取到号码【1468479】的GSD为【-】
2021-07-24 01:04:02 GSD insert 第 1 次 等待 3 秒
2021-07-24 01:04:05 {"status":"ok","gid":371531,"msg":"添加成功！"}
2021-07-24 01:04:05 下次操作: 2021-07-24 01:04:17

2021-07-24 01:04:17 开始第 2 次操作

2021-07-24 01:04:17 开始操作号码 【1468478】
2021-07-24 01:04:23 GSD getOne 第 1 次 等待 3 秒
2021-07-24 01:04:26 查询号码 【1468478】，返回信息 {"status":"bad","msg":""}
2021-07-24 01:04:26 查询号码 【1468478】，GSD为【""】
2021-07-24 01:04:26 bad
2021-07-24 01:04:27 CHB 1468478?1627059866 第 1 次 等待 3 秒
2021-07-24 01:04:30 CHB 1468478?1627059866 第 1 次 获取到号码【1468478】GSD
2021-07-24 01:04:30 未获取到号码【1468478】GSD，可能号码格式错误
2021-07-24 01:04:30 获取到号码【1468478】的GSD为【-】
2021-07-24 01:04:51 GSD insert 第 1 次 等待 3 秒
2021-07-24 01:04:54 {"status":"ok","gid":371539,"msg":"添加成功！"}
2021-07-24 01:04:54 下次操作: 2021-07-24 01:05:12

2021-07-24 01:05:12 开始第 3 次操作

2021-07-24 01:05:12 开始操作号码 【1468477】
2021-07-24 01:05:15 GSD getOne 第 1 次 等待 3 秒
2021-07-24 01:05:18 查询号码 【1468477】，返回信息 {"status":"bad","msg":""}
2021-07-24 01:05:18 查询号码 【1468477】，GSD为【""】
2021-07-24 01:05:18 bad
2021-07-24 01:05:19 CHB 1468477?1627059918 第 1 次 等待 3 秒
2021-07-24 01:05:22 CHB 1468477?1627059918 第 1 次 获取到号码【1468477】GSD
2021-07-24 01:05:22 未获取到号码【1468477】GSD，可能号码格式错误
2021-07-24 01:05:22 获取到号码【1468477】的GSD为【-】
2021-07-24 01:05:40 GSD insert 第 1 次 等待 3 秒
2021-07-24 01:05:43 {"status":"ok","gid":371546,"msg":"添加成功！"}
2021-07-24 01:05:43 下次操作: 2021-07-24 01:05:59

2021-07-24 01:05:59 开始第 4 次操作

2021-07-24 01:05:59 开始操作号码 【1468476】
2021-07-24 01:06:02 GSD getOne 第 1 次 等待 3 秒
2021-07-24 01:06:05 查询号码 【1468476】，返回信息 {"status":"bad","msg":""}
2021-07-24 01:06:05 查询号码 【1468476】，GSD为【""】
2021-07-24 01:06:05 bad
2021-07-24 01:06:06 CHB 1468476?1627059965 第 1 次 等待 3 秒
2021-07-24 01:06:09 CHB 1468476?1627059965 第 1 次 获取到号码【1468476】GSD
2021-07-24 01:06:09 未获取到号码【1468476】GSD，可能号码格式错误
2021-07-24 01:06:09 获取到号码【1468476】的GSD为【-】
2021-07-24 01:06:27 GSD insert 第 1 次 等待 3 秒
2021-07-24 01:06:30 {"status":"ok","gid":371554,"msg":"添加成功！"}
2021-07-24 01:06:30 下次操作: 2021-07-24 01:06:48

2021-07-24 01:06:48 开始第 5 次操作

2021-07-24 01:06:48 开始操作号码 【1468475】
2021-07-24 01:06:51 GSD getOne 第 1 次 等待 3 秒
2021-07-24 01:06:54 查询号码 【1468475】，返回信息 {"status":"bad","msg":""}
2021-07-24 01:06:54 查询号码 【1468475】，GSD为【""】
2021-07-24 01:06:54 bad
2021-07-24 01:06:56 CHB 1468475?1627060014 第 1 次 等待 3 秒
2021-07-24 01:06:59 CHB 1468475?1627060014 第 1 次 获取到号码【1468475】GSD
2021-07-24 01:06:59 未获取到号码【1468475】GSD，可能号码格式错误
2021-07-24 01:06:59 获取到号码【1468475】的GSD为【-】
2021-07-24 01:07:20 GSD insert 第 1 次 等待 3 秒
2021-07-24 01:07:23 {"status":"ok","gid":371560,"msg":"添加成功！"}
2021-07-24 01:07:23 下次操作: 2021-07-24 01:07:39

2021-07-24 01:07:39 开始第 6 次操作

2021-07-24 01:07:39 开始操作号码 【1468474】
2021-07-24 01:07:41 GSD getOne 第 1 次 等待 3 秒
2021-07-24 01:07:45 查询号码 【1468474】，返回信息 {"status":"bad","msg":""}
2021-07-24 01:07:45 查询号码 【1468474】，GSD为【""】
2021-07-24 01:07:45 bad
2021-07-24 01:07:46 CHB 1468474?1627060065 第 1 次 等待 3 秒
2021-07-24 01:07:49 CHB 1468474?1627060065 第 1 次 获取到号码【1468474】GSD
2021-07-24 01:07:49 未获取到号码【1468474】GSD，可能号码格式错误
2021-07-24 01:07:49 获取到号码【1468474】的GSD为【-】
2021-07-24 01:08:08 GSD insert 第 1 次 等待 3 秒
2021-07-24 01:08:11 {"status":"ok","gid":371568,"msg":"添加成功！"}
2021-07-24 01:08:11 下次操作: 2021-07-24 01:08:34

2021-07-24 01:08:34 开始第 7 次操作

2021-07-24 01:08:34 开始操作号码 【1468473】
2021-07-24 01:08:36 GSD getOne 第 1 次 等待 3 秒
2021-07-24 01:08:39 查询号码 【1468473】，返回信息 {"status":"bad","msg":""}
2021-07-24 01:08:40 查询号码 【1468473】，GSD为【""】
2021-07-24 01:08:40 bad
2021-07-24 01:08:41 CHB 1468473?1627060120 第 1 次 等待 3 秒
2021-07-24 01:08:44 CHB 1468473?1627060120 第 1 次 获取到号码【1468473】GSD
2021-07-24 01:08:44 未获取到号码【1468473】GSD，可能号码格式错误
2021-07-24 01:08:44 获取到号码【1468473】的GSD为【-】
2021-07-24 01:09:02 GSD insert 第 1 次 等待 3 秒
2021-07-24 01:09:05 {"status":"ok","gid":371578,"msg":"添加成功！"}
2021-07-24 01:09:05 下次操作: 2021-07-24 01:09:23

2021-07-24 01:09:23 开始第 8 次操作

2021-07-24 01:09:23 开始操作号码 【1468472】
2021-07-24 01:09:27 GSD getOne 第 1 次 等待 3 秒
2021-07-24 01:09:30 查询号码 【1468472】，返回信息 {"status":"bad","msg":""}
2021-07-24 01:09:30 查询号码 【1468472】，GSD为【""】
2021-07-24 01:09:30 bad
2021-07-24 01:09:31 CHB 1468472?1627060170 第 1 次 等待 3 秒
2021-07-24 01:09:34 CHB 1468472?1627060170 第 1 次 获取到号码【1468472】GSD
2021-07-24 01:09:34 未获取到号码【1468472】GSD，可能号码格式错误
2021-07-24 01:09:34 获取到号码【1468472】的GSD为【-】
2021-07-24 01:09:52 GSD insert 第 1 次 等待 3 秒
2021-07-24 01:09:55 {"status":"ok","gid":371585,"msg":"添加成功！"}
2021-07-24 01:09:55 下次操作: 2021-07-24 01:10:11

2021-07-24 01:10:11 开始第 9 次操作

2021-07-24 01:10:11 开始操作号码 【1468471】
2021-07-24 01:10:14 GSD getOne 第 1 次 等待 3 秒
2021-07-24 01:10:17 查询号码 【1468471】，返回信息 {"status":"bad","msg":""}
2021-07-24 01:10:17 查询号码 【1468471】，GSD为【""】
2021-07-24 01:10:17 bad
2021-07-24 01:10:18 CHB 1468471?1627060217 第 1 次 等待 3 秒
2021-07-24 01:10:21 CHB 1468471?1627060217 第 1 次 获取到号码【1468471】GSD
2021-07-24 01:10:21 未获取到号码【1468471】GSD，可能号码格式错误
2021-07-24 01:10:21 获取到号码【1468471】的GSD为【-】
2021-07-24 01:10:39 GSD insert 第 1 次 等待 3 秒
2021-07-24 01:10:42 {"status":"ok","gid":371593,"msg":"添加成功！"}
2021-07-24 01:10:42 下次操作: 2021-07-24 01:11:03

2021-07-24 01:11:03 开始第 10 次操作

2021-07-24 01:11:03 开始操作号码 【1468470】
2021-07-24 01:11:10 GSD getOne 第 1 次 等待 3 秒
2021-07-24 01:11:13 查询号码 【1468470】，返回信息 {"status":"bad","msg":""}
2021-07-24 01:11:13 查询号码 【1468470】，GSD为【""】
2021-07-24 01:11:13 bad
2021-07-24 01:11:14 CHB 1468470?1627060273 第 1 次 等待 3 秒
2021-07-24 01:11:17 CHB 1468470?1627060273 第 1 次 获取到号码【1468470】GSD
2021-07-24 01:11:17 未获取到号码【1468470】GSD，可能号码格式错误
2021-07-24 01:11:17 获取到号码【1468470】的GSD为【-】
2021-07-24 01:11:37 GSD insert 第 1 次 等待 3 秒
2021-07-24 01:11:40 {"status":"ok","gid":371604,"msg":"添加成功！"}
2021-07-24 01:11:40 下次操作: 2021-07-24 01:11:54

2021-07-24 01:11:54 开始第 11 次操作

2021-07-24 01:11:54 开始操作号码 【1468469】
2021-07-24 01:11:57 GSD getOne 第 1 次 等待 3 秒
2021-07-24 01:12:00 查询号码 【1468469】，返回信息 {"status":"bad","msg":""}
2021-07-24 01:12:00 查询号码 【1468469】，GSD为【""】
2021-07-24 01:12:00 bad
2021-07-24 01:12:02 CHB 1468469?1627060320 第 1 次 等待 3 秒
2021-07-24 01:12:05 CHB 1468469?1627060320 第 1 次 获取到号码【1468469】GSD
2021-07-24 01:12:05 未获取到号码【1468469】GSD，可能号码格式错误
2021-07-24 01:12:05 获取到号码【1468469】的GSD为【-】
2021-07-24 01:12:23 GSD insert 第 1 次 等待 3 秒
2021-07-24 01:12:26 {"status":"ok","gid":371611,"msg":"添加成功！"}
2021-07-24 01:12:26 下次操作: 2021-07-24 01:12:46

2021-07-24 01:12:46 开始第 12 次操作

2021-07-24 01:12:46 开始操作号码 【1468468】
2021-07-24 01:12:51 GSD getOne 第 1 次 等待 3 秒
2021-07-24 01:12:54 查询号码 【1468468】，返回信息 {"status":"bad","msg":""}
2021-07-24 01:12:55 查询号码 【1468468】，GSD为【""】
2021-07-24 01:12:55 bad
2021-07-24 01:12:56 CHB 1468468?1627060375 第 1 次 等待 3 秒
2021-07-24 01:12:59 CHB 1468468?1627060375 第 1 次 获取到号码【1468468】GSD
2021-07-24 01:12:59 未获取到号码【1468468】GSD，可能号码格式错误
2021-07-24 01:12:59 获取到号码【1468468】的GSD为【-】
2021-07-24 01:13:17 GSD insert 第 1 次 等待 3 秒
2021-07-24 01:13:20 {"status":"ok","gid":371619,"msg":"添加成功！"}
2021-07-24 01:13:20 下次操作: 2021-07-24 01:13:42

2021-07-24 01:13:42 开始第 13 次操作

2021-07-24 01:13:42 开始操作号码 【1468467】
2021-07-24 01:13:47 GSD getOne 第 1 次 等待 3 秒
2021-07-24 01:13:50 查询号码 【1468467】，返回信息 {"status":"bad","msg":""}
2021-07-24 01:13:50 查询号码 【1468467】，GSD为【""】
2021-07-24 01:13:50 bad
2021-07-24 01:13:51 CHB 1468467?1627060430 第 1 次 等待 3 秒
2021-07-24 01:13:54 CHB 1468467?1627060430 第 1 次 获取到号码【1468467】GSD
2021-07-24 01:13:54 未获取到号码【1468467】GSD，可能号码格式错误
2021-07-24 01:13:54 获取到号码【1468467】的GSD为【-】
2021-07-24 01:14:12 GSD insert 第 1 次 等待 3 秒
2021-07-24 01:14:15 {"status":"ok","gid":371630,"msg":"添加成功！"}
2021-07-24 01:14:15 下次操作: 2021-07-24 01:14:29

2021-07-24 01:14:29 开始第 14 次操作

2021-07-24 01:14:29 开始操作号码 【1468466】
2021-07-24 01:14:34 GSD getOne 第 1 次 等待 3 秒
2021-07-24 01:14:37 查询号码 【1468466】，返回信息 {"status":"bad","msg":""}
2021-07-24 01:14:38 查询号码 【1468466】，GSD为【""】
2021-07-24 01:14:38 bad
2021-07-24 01:14:39 CHB 1468466?1627060478 第 1 次 等待 3 秒
2021-07-24 01:14:42 CHB 1468466?1627060478 第 1 次 获取到号码【1468466】GSD
2021-07-24 01:14:42 未获取到号码【1468466】GSD，可能号码格式错误
2021-07-24 01:14:42 获取到号码【1468466】的GSD为【-】
2021-07-24 01:15:00 GSD insert 第 1 次 等待 3 秒
2021-07-24 01:15:03 {"status":"ok","gid":371640,"msg":"添加成功！"}
2021-07-24 01:15:03 下次操作: 2021-07-24 01:15:27

2021-07-24 01:15:27 开始第 15 次操作

2021-07-24 01:15:27 开始操作号码 【1468465】
2021-07-24 01:15:30 GSD getOne 第 1 次 等待 3 秒
2021-07-24 01:15:33 查询号码 【1468465】，返回信息 {"status":"bad","msg":""}
2021-07-24 01:15:33 查询号码 【1468465】，GSD为【""】
2021-07-24 01:15:33 bad
2021-07-24 01:15:35 CHB 1468465?1627060533 第 1 次 等待 3 秒
2021-07-24 01:15:38 CHB 1468465?1627060533 第 1 次 获取到号码【1468465】GSD
2021-07-24 01:15:38 未获取到号码【1468465】GSD，可能号码格式错误
2021-07-24 01:15:38 获取到号码【1468465】的GSD为【-】
2021-07-24 01:15:56 GSD insert 第 1 次 等待 3 秒
2021-07-24 01:15:59 {"status":"ok","gid":371651,"msg":"添加成功！"}
2021-07-24 01:15:59 下次操作: 2021-07-24 01:16:13

2021-07-24 01:16:13 开始第 16 次操作

2021-07-24 01:16:13 开始操作号码 【1468464】
2021-07-24 01:16:18 GSD getOne 第 1 次 等待 3 秒
2021-07-24 01:16:21 查询号码 【1468464】，返回信息 {"status":"bad","msg":""}
2021-07-24 01:16:21 查询号码 【1468464】，GSD为【""】
2021-07-24 01:16:21 bad
2021-07-24 01:16:23 CHB 1468464?1627060581 第 1 次 等待 3 秒
2021-07-24 01:16:26 CHB 1468464?1627060581 第 1 次 获取到号码【1468464】GSD
2021-07-24 01:16:26 未获取到号码【1468464】GSD，可能号码格式错误
2021-07-24 01:16:26 获取到号码【1468464】的GSD为【-】
2021-07-24 01:16:46 GSD insert 第 1 次 等待 3 秒
2021-07-24 01:16:49 {"status":"ok","gid":371663,"msg":"添加成功！"}
2021-07-24 01:16:49 下次操作: 2021-07-24 01:17:08

2021-07-24 01:17:08 开始第 17 次操作

2021-07-24 01:17:08 开始操作号码 【1468463】
2021-07-24 01:17:11 GSD getOne 第 1 次 等待 3 秒
2021-07-24 01:17:14 查询号码 【1468463】，返回信息 {"status":"bad","msg":""}
2021-07-24 01:17:15 查询号码 【1468463】，GSD为【""】
2021-07-24 01:17:15 bad
2021-07-24 01:17:16 CHB 1468463?1627060635 第 1 次 等待 3 秒
2021-07-24 01:17:19 CHB 1468463?1627060635 第 1 次 获取到号码【1468463】GSD
2021-07-24 01:17:19 未获取到号码【1468463】GSD，可能号码格式错误
2021-07-24 01:17:19 获取到号码【1468463】的GSD为【-】
2021-07-24 01:17:38 GSD insert 第 1 次 等待 3 秒
2021-07-24 01:17:41 {"status":"ok","gid":371672,"msg":"添加成功！"}
2021-07-24 01:17:41 下次操作: 2021-07-24 01:17:58

2021-07-24 01:17:58 开始第 18 次操作

2021-07-24 01:17:58 开始操作号码 【1468462】
2021-07-24 01:18:00 GSD getOne 第 1 次 等待 3 秒
2021-07-24 01:18:03 查询号码 【1468462】，返回信息 {"status":"bad","msg":""}
2021-07-24 01:18:03 查询号码 【1468462】，GSD为【""】
2021-07-24 01:18:03 bad
2021-07-24 01:18:05 CHB 1468462?1627060683 第 1 次 等待 3 秒
2021-07-24 01:18:08 CHB 1468462?1627060683 第 1 次 获取到号码【1468462】GSD
2021-07-24 01:18:08 未获取到号码【1468462】GSD，可能号码格式错误
2021-07-24 01:18:08 获取到号码【1468462】的GSD为【-】
2021-07-24 01:18:26 GSD insert 第 1 次 等待 3 秒
2021-07-24 01:18:29 {"status":"ok","gid":371679,"msg":"添加成功！"}
2021-07-24 01:18:29 下次操作: 2021-07-24 01:18:43

2021-07-24 01:18:43 开始第 19 次操作

2021-07-24 01:18:43 开始操作号码 【1468461】
2021-07-24 01:18:46 GSD getOne 第 1 次 等待 3 秒
2021-07-24 01:18:49 查询号码 【1468461】，返回信息 {"status":"bad","msg":""}
2021-07-24 01:18:49 查询号码 【1468461】，GSD为【""】
2021-07-24 01:18:49 bad
2021-07-24 01:18:51 CHB 1468461?1627060729 第 1 次 等待 3 秒
2021-07-24 01:18:54 CHB 1468461?1627060729 第 1 次 获取到号码【1468461】GSD
2021-07-24 01:18:54 未获取到号码【1468461】GSD，可能号码格式错误
2021-07-24 01:18:54 获取到号码【1468461】的GSD为【-】
2021-07-24 01:19:15 GSD insert 第 1 次 等待 3 秒
2021-07-24 01:19:18 {"status":"ok","gid":371692,"msg":"添加成功！"}
2021-07-24 01:19:18 下次操作: 2021-07-24 01:19:35

2021-07-24 01:19:35 开始第 20 次操作

2021-07-24 01:19:35 开始操作号码 【1468460】
2021-07-24 01:19:43 GSD getOne 第 1 次 等待 3 秒
2021-07-24 01:19:46 查询号码 【1468460】，返回信息 {"status":"bad","msg":""}
2021-07-24 01:19:46 查询号码 【1468460】，GSD为【""】
2021-07-24 01:19:46 bad
2021-07-24 01:19:47 CHB 1468460?1627060786 第 1 次 等待 3 秒
2021-07-24 01:19:50 CHB 1468460?1627060786 第 1 次 获取到号码【1468460】GSD
2021-07-24 01:19:50 未获取到号码【1468460】GSD，可能号码格式错误
2021-07-24 01:19:50 获取到号码【1468460】的GSD为【-】
2021-07-24 01:20:10 GSD insert 第 1 次 等待 3 秒
2021-07-24 01:20:13 {"status":"ok","gid":371703,"msg":"添加成功！"}
2021-07-24 01:20:13 下次操作: 2021-07-24 01:20:28

2021-07-24 01:20:28 开始第 21 次操作

2021-07-24 01:20:28 开始操作号码 【1468459】
2021-07-24 01:20:35 GSD getOne 第 1 次 等待 3 秒
2021-07-24 01:20:38 查询号码 【1468459】，返回信息 {"status":"bad","msg":""}
2021-07-24 01:20:38 查询号码 【1468459】，GSD为【""】
2021-07-24 01:20:38 bad
2021-07-24 01:20:39 CHB 1468459?1627060838 第 1 次 等待 3 秒
2021-07-24 01:20:42 CHB 1468459?1627060838 第 1 次 获取到号码【1468459】GSD
2021-07-24 01:20:42 未获取到号码【1468459】GSD，查号吧 400 错误
2021-07-24 01:20:42 获取到号码【1468459】的GSD为【-】
2021-07-24 01:21:00 GSD insert 第 1 次 等待 3 秒
2021-07-24 01:21:03 {"status":"ok","gid":371715,"msg":"添加成功！"}
2021-07-24 01:21:03 下次操作: 2021-07-24 01:21:26

2021-07-24 01:21:26 开始第 22 次操作

2021-07-24 01:21:26 开始操作号码 【1468458】
2021-07-24 01:21:31 GSD getOne 第 1 次 等待 3 秒
2021-07-24 01:21:34 查询号码 【1468458】，返回信息 {"status":"bad","msg":""}
2021-07-24 01:21:34 查询号码 【1468458】，GSD为【""】
2021-07-24 01:21:34 bad
2021-07-24 01:21:36 CHB 1468458?1627060894 第 1 次 等待 3 秒
2021-07-24 01:21:39 CHB 1468458?1627060894 第 1 次 获取到号码【1468458】GSD
2021-07-24 01:21:39 未获取到号码【1468458】GSD，可能号码格式错误
2021-07-24 01:21:39 获取到号码【1468458】的GSD为【-】
2021-07-24 01:21:57 GSD insert 第 1 次 等待 3 秒
2021-07-24 01:22:00 {"status":"ok","gid":371727,"msg":"添加成功！"}
2021-07-24 01:22:00 下次操作: 2021-07-24 01:22:24

2021-07-24 01:22:24 开始第 23 次操作

2021-07-24 01:22:24 开始操作号码 【1468457】
2021-07-24 01:22:27 GSD getOne 第 1 次 等待 3 秒
2021-07-24 01:22:30 查询号码 【1468457】，返回信息 {"status":"bad","msg":""}
2021-07-24 01:22:30 查询号码 【1468457】，GSD为【""】
2021-07-24 01:22:30 bad
2021-07-24 01:22:31 CHB 1468457?1627060950 第 1 次 等待 3 秒
2021-07-24 01:22:34 CHB 1468457?1627060950 第 1 次 获取到号码【1468457】GSD
2021-07-24 01:22:34 未获取到号码【1468457】GSD，可能号码格式错误
2021-07-24 01:22:34 获取到号码【1468457】的GSD为【-】
2021-07-24 01:22:54 GSD insert 第 1 次 等待 3 秒
2021-07-24 01:22:57 {"status":"ok","gid":371738,"msg":"添加成功！"}
2021-07-24 01:22:57 下次操作: 2021-07-24 01:23:11

2021-07-24 01:23:11 开始第 24 次操作

2021-07-24 01:23:11 开始操作号码 【1468456】
2021-07-24 01:23:15 GSD getOne 第 1 次 等待 3 秒
2021-07-24 01:23:18 查询号码 【1468456】，返回信息 {"status":"bad","msg":""}
2021-07-24 01:23:18 查询号码 【1468456】，GSD为【""】
2021-07-24 01:23:18 bad
2021-07-24 01:23:19 CHB 1468456?1627060998 第 1 次 等待 3 秒
2021-07-24 01:23:22 CHB 1468456?1627060998 第 1 次 获取到号码【1468456】GSD
2021-07-24 01:23:22 未获取到号码【1468456】GSD，可能号码格式错误
2021-07-24 01:23:22 获取到号码【1468456】的GSD为【-】
2021-07-24 01:23:41 GSD insert 第 1 次 等待 3 秒
2021-07-24 01:23:44 {"status":"ok","gid":371746,"msg":"添加成功！"}
2021-07-24 01:23:44 下次操作: 2021-07-24 01:24:04

2021-07-24 01:24:04 开始第 25 次操作

2021-07-24 01:24:04 开始操作号码 【1468455】
2021-07-24 01:24:07 GSD getOne 第 1 次 等待 3 秒
2021-07-24 01:24:10 查询号码 【1468455】，返回信息 {"status":"bad","msg":""}
2021-07-24 01:24:10 查询号码 【1468455】，GSD为【""】
2021-07-24 01:24:10 bad
2021-07-24 01:24:11 CHB 1468455?1627061050 第 1 次 等待 3 秒
2021-07-24 01:24:14 CHB 1468455?1627061050 第 1 次 获取到号码【1468455】GSD
2021-07-24 01:24:15 未获取到号码【1468455】GSD，可能号码格式错误
2021-07-24 01:24:15 获取到号码【1468455】的GSD为【-】
2021-07-24 01:24:33 GSD insert 第 1 次 等待 3 秒
2021-07-24 01:24:36 {"status":"ok","gid":371755,"msg":"添加成功！"}
2021-07-24 01:24:36 下次操作: 2021-07-24 01:24:51

2021-07-24 01:24:51 开始第 26 次操作

2021-07-24 01:24:51 开始操作号码 【1468454】
2021-07-24 01:24:54 GSD getOne 第 1 次 等待 3 秒
2021-07-24 01:24:57 查询号码 【1468454】，返回信息 {"status":"bad","msg":""}
2021-07-24 01:24:57 查询号码 【1468454】，GSD为【""】
2021-07-24 01:24:57 bad
2021-07-24 01:24:58 CHB 1468454?1627061097 第 1 次 等待 3 秒
2021-07-24 01:25:01 CHB 1468454?1627061097 第 1 次 获取到号码【1468454】GSD
2021-07-24 01:25:01 未获取到号码【1468454】GSD，可能号码格式错误
2021-07-24 01:25:01 获取到号码【1468454】的GSD为【-】
2021-07-24 01:25:19 GSD insert 第 1 次 等待 3 秒
2021-07-24 01:25:22 {"status":"ok","gid":371762,"msg":"添加成功！"}
2021-07-24 01:25:22 下次操作: 2021-07-24 01:25:39

2021-07-24 01:25:39 开始第 27 次操作

2021-07-24 01:25:39 开始操作号码 【1468453】
2021-07-24 01:25:42 GSD getOne 第 1 次 等待 3 秒
2021-07-24 01:25:45 查询号码 【1468453】，返回信息 {"status":"bad","msg":""}
2021-07-24 01:25:45 查询号码 【1468453】，GSD为【""】
2021-07-24 01:25:45 bad
2021-07-24 01:25:46 CHB 1468453?1627061145 第 1 次 等待 3 秒
2021-07-24 01:25:49 CHB 1468453?1627061145 第 1 次 获取到号码【1468453】GSD
2021-07-24 01:25:49 未获取到号码【1468453】GSD，可能号码格式错误
2021-07-24 01:25:49 获取到号码【1468453】的GSD为【-】
2021-07-24 01:26:09 GSD insert 第 1 次 等待 3 秒
2021-07-24 01:26:12 {"status":"ok","gid":371771,"msg":"添加成功！"}
2021-07-24 01:26:12 下次操作: 2021-07-24 01:26:25

2021-07-24 01:26:25 开始第 28 次操作

2021-07-24 01:26:25 开始操作号码 【1468452】
2021-07-24 01:26:30 GSD getOne 第 1 次 等待 3 秒
2021-07-24 01:26:33 查询号码 【1468452】，返回信息 {"status":"bad","msg":""}
2021-07-24 01:26:33 查询号码 【1468452】，GSD为【""】
2021-07-24 01:26:33 bad
2021-07-24 01:26:35 CHB 1468452?1627061193 第 1 次 等待 3 秒
2021-07-24 01:26:38 CHB 1468452?1627061193 第 1 次 获取到号码【1468452】GSD
2021-07-24 01:26:38 未获取到号码【1468452】GSD，可能号码格式错误
2021-07-24 01:26:38 获取到号码【1468452】的GSD为【-】
2021-07-24 01:26:56 GSD insert 第 1 次 等待 3 秒
2021-07-24 01:26:59 {"status":"ok","gid":371778,"msg":"添加成功！"}
2021-07-24 01:26:59 下次操作: 2021-07-24 01:27:21

2021-07-24 01:27:21 开始第 29 次操作

2021-07-24 01:27:21 开始操作号码 【1468451】
2021-07-24 01:27:23 GSD getOne 第 1 次 等待 3 秒
2021-07-24 01:27:26 查询号码 【1468451】，返回信息 {"status":"bad","msg":""}
2021-07-24 01:27:26 查询号码 【1468451】，GSD为【""】
2021-07-24 01:27:26 bad
2021-07-24 01:27:28 CHB 1468451?1627061246 第 1 次 等待 3 秒
2021-07-24 01:27:31 CHB 1468451?1627061246 第 1 次 获取到号码【1468451】GSD
2021-07-24 01:27:31 未获取到号码【1468451】GSD，可能号码格式错误
2021-07-24 01:27:31 获取到号码【1468451】的GSD为【-】
2021-07-24 01:27:49 GSD insert 第 1 次 等待 3 秒
2021-07-24 01:27:52 {"status":"ok","gid":371791,"msg":"添加成功！"}
2021-07-24 01:27:52 下次操作: 2021-07-24 01:28:12

2021-07-24 01:28:12 开始第 30 次操作

2021-07-24 01:28:12 开始操作号码 【1468450】
2021-07-24 01:28:14 GSD getOne 第 1 次 等待 3 秒
2021-07-24 01:28:17 查询号码 【1468450】，返回信息 {"status":"bad","msg":""}
2021-07-24 01:28:17 查询号码 【1468450】，GSD为【""】
2021-07-24 01:28:17 bad
2021-07-24 01:28:19 CHB 1468450?1627061297 第 1 次 等待 3 秒
2021-07-24 01:28:22 CHB 1468450?1627061297 第 1 次 获取到号码【1468450】GSD
2021-07-24 01:28:22 未获取到号码【1468450】GSD，可能号码格式错误
2021-07-24 01:28:22 获取到号码【1468450】的GSD为【-】
2021-07-24 01:28:45 GSD insert 第 1 次 等待 3 秒
2021-07-24 01:28:48 {"status":"ok","gid":371801,"msg":"添加成功！"}
2021-07-24 01:28:48 下次操作: 2021-07-24 01:29:11

2021-07-24 01:29:11 开始第 31 次操作

2021-07-24 01:29:11 开始操作号码 【1468449】
2021-07-24 01:29:13 GSD getOne 第 1 次 等待 3 秒
2021-07-24 01:29:16 查询号码 【1468449】，返回信息 {"status":"bad","msg":""}
2021-07-24 01:29:17 查询号码 【1468449】，GSD为【""】
2021-07-24 01:29:17 bad
2021-07-24 01:29:18 CHB 1468449?1627061357 第 1 次 等待 3 秒
2021-07-24 01:29:21 CHB 1468449?1627061357 第 1 次 获取到号码【1468449】GSD
2021-07-24 01:29:21 未获取到号码【1468449】GSD，可能号码格式错误
2021-07-24 01:29:21 获取到号码【1468449】的GSD为【-】
2021-07-24 01:29:41 GSD insert 第 1 次 等待 3 秒
2021-07-24 01:29:44 {"status":"ok","gid":371812,"msg":"添加成功！"}
2021-07-24 01:29:44 下次操作: 2021-07-24 01:30:05

2021-07-24 01:30:05 开始第 32 次操作

2021-07-24 01:30:05 开始操作号码 【1468448】
2021-07-24 01:30:08 GSD getOne 第 1 次 等待 3 秒
2021-07-24 01:30:11 查询号码 【1468448】，返回信息 {"status":"bad","msg":""}
2021-07-24 01:30:11 查询号码 【1468448】，GSD为【""】
2021-07-24 01:30:11 bad
2021-07-24 01:30:12 CHB 1468448?1627061411 第 1 次 等待 3 秒
2021-07-24 01:30:15 CHB 1468448?1627061411 第 1 次 获取到号码【1468448】GSD
2021-07-24 01:30:15 未获取到号码【1468448】GSD，可能号码格式错误
2021-07-24 01:30:15 获取到号码【1468448】的GSD为【-】
2021-07-24 01:30:33 GSD insert 第 1 次 等待 3 秒
2021-07-24 01:30:36 {"status":"ok","gid":371821,"msg":"添加成功！"}
2021-07-24 01:30:36 下次操作: 2021-07-24 01:30:54

2021-07-24 01:30:54 开始第 33 次操作

2021-07-24 01:30:54 开始操作号码 【1468447】
2021-07-24 01:30:56 GSD getOne 第 1 次 等待 3 秒
2021-07-24 01:30:59 查询号码 【1468447】，返回信息 {"status":"bad","msg":""}
2021-07-24 01:31:00 查询号码 【1468447】，GSD为【""】
2021-07-24 01:31:00 bad
2021-07-24 01:31:01 CHB 1468447?1627061460 第 1 次 等待 3 秒
2021-07-24 01:31:04 CHB 1468447?1627061460 第 1 次 获取到号码【1468447】GSD
2021-07-24 01:31:04 未获取到号码【1468447】GSD，可能号码格式错误
2021-07-24 01:31:04 获取到号码【1468447】的GSD为【-】
2021-07-24 01:31:22 GSD insert 第 1 次 等待 3 秒
2021-07-24 01:31:25 {"status":"ok","gid":371827,"msg":"添加成功！"}
2021-07-24 01:31:25 下次操作: 2021-07-24 01:31:48

2021-07-24 01:31:48 开始第 34 次操作

2021-07-24 01:31:48 开始操作号码 【1468446】
2021-07-24 01:31:52 GSD getOne 第 1 次 等待 3 秒
2021-07-24 01:31:55 查询号码 【1468446】，返回信息 {"status":"bad","msg":""}
2021-07-24 01:31:55 查询号码 【1468446】，GSD为【""】
2021-07-24 01:31:55 bad
2021-07-24 01:31:56 CHB 1468446?1627061515 第 1 次 等待 3 秒
2021-07-24 01:31:59 CHB 1468446?1627061515 第 1 次 获取到号码【1468446】GSD
2021-07-24 01:31:59 未获取到号码【1468446】GSD，可能号码格式错误
2021-07-24 01:31:59 获取到号码【1468446】的GSD为【-】
2021-07-24 01:32:17 GSD insert 第 1 次 等待 3 秒
2021-07-24 01:32:20 {"status":"ok","gid":371835,"msg":"添加成功！"}
2021-07-24 01:32:20 下次操作: 2021-07-24 01:32:37

2021-07-24 01:32:37 开始第 35 次操作

2021-07-24 01:32:37 开始操作号码 【1468445】
2021-07-24 01:32:43 GSD getOne 第 1 次 等待 3 秒
2021-07-24 01:32:46 查询号码 【1468445】，返回信息 {"status":"bad","msg":""}
2021-07-24 01:32:46 查询号码 【1468445】，GSD为【""】
2021-07-24 01:32:46 bad
2021-07-24 01:32:47 CHB 1468445?1627061566 第 1 次 等待 3 秒
2021-07-24 01:32:50 CHB 1468445?1627061566 第 1 次 获取到号码【1468445】GSD
2021-07-24 01:32:51 未获取到号码【1468445】GSD，可能号码格式错误
2021-07-24 01:32:51 获取到号码【1468445】的GSD为【-】
2021-07-24 01:33:08 GSD insert 第 1 次 等待 3 秒
2021-07-24 01:33:11 {"status":"ok","gid":371843,"msg":"添加成功！"}
2021-07-24 01:33:11 下次操作: 2021-07-24 01:33:27

2021-07-24 01:33:27 开始第 36 次操作

2021-07-24 01:33:27 开始操作号码 【1468444】
2021-07-24 01:33:36 GSD getOne 第 1 次 等待 3 秒
2021-07-24 01:33:39 查询号码 【1468444】，返回信息 {"status":"bad","msg":""}
2021-07-24 01:33:39 查询号码 【1468444】，GSD为【""】
2021-07-24 01:33:39 bad
2021-07-24 01:33:41 CHB 1468444?1627061619 第 1 次 等待 3 秒
2021-07-24 01:33:44 CHB 1468444?1627061619 第 1 次 获取到号码【1468444】GSD
2021-07-24 01:33:44 未获取到号码【1468444】GSD，可能号码格式错误
2021-07-24 01:33:44 获取到号码【1468444】的GSD为【-】
2021-07-24 01:34:04 GSD insert 第 1 次 等待 3 秒
2021-07-24 01:34:07 {"status":"ok","gid":371851,"msg":"添加成功！"}
2021-07-24 01:34:07 下次操作: 2021-07-24 01:34:28

2021-07-24 01:34:28 开始第 37 次操作

2021-07-24 01:34:28 开始操作号码 【1468443】
2021-07-24 01:34:30 GSD getOne 第 1 次 等待 3 秒
2021-07-24 01:34:33 查询号码 【1468443】，返回信息 {"status":"bad","msg":""}
2021-07-24 01:34:33 查询号码 【1468443】，GSD为【""】
2021-07-24 01:34:33 bad
2021-07-24 01:34:35 CHB 1468443?1627061673 第 1 次 等待 3 秒
2021-07-24 01:34:38 CHB 1468443?1627061673 第 1 次 获取到号码【1468443】GSD
2021-07-24 01:34:38 未获取到号码【1468443】GSD，可能号码格式错误
2021-07-24 01:34:38 获取到号码【1468443】的GSD为【-】
2021-07-24 01:34:56 GSD insert 第 1 次 等待 3 秒
2021-07-24 01:34:59 {"status":"ok","gid":371859,"msg":"添加成功！"}
2021-07-24 01:34:59 下次操作: 2021-07-24 01:35:15

2021-07-24 01:35:15 开始第 38 次操作

2021-07-24 01:35:15 开始操作号码 【1468442】
2021-07-24 01:35:17 GSD getOne 第 1 次 等待 3 秒
2021-07-24 01:35:20 查询号码 【1468442】，返回信息 {"status":"bad","msg":""}
2021-07-24 01:35:20 查询号码 【1468442】，GSD为【""】
2021-07-24 01:35:20 bad
2021-07-24 01:35:22 CHB 1468442?1627061720 第 1 次 等待 3 秒
2021-07-24 01:35:25 CHB 1468442?1627061720 第 1 次 获取到号码【1468442】GSD
2021-07-24 01:35:25 未获取到号码【1468442】GSD，可能号码格式错误
2021-07-24 01:35:25 获取到号码【1468442】的GSD为【-】
2021-07-24 01:35:43 GSD insert 第 1 次 等待 3 秒
2021-07-24 01:35:46 {"status":"ok","gid":371867,"msg":"添加成功！"}
2021-07-24 01:35:46 下次操作: 2021-07-24 01:36:04

2021-07-24 01:36:04 开始第 39 次操作

2021-07-24 01:36:04 开始操作号码 【1468441】
2021-07-24 01:36:09 GSD getOne 第 1 次 等待 3 秒
2021-07-24 01:36:12 查询号码 【1468441】，返回信息 {"status":"bad","msg":""}
2021-07-24 01:36:12 查询号码 【1468441】，GSD为【""】
2021-07-24 01:36:12 bad
2021-07-24 01:36:14 CHB 1468441?1627061772 第 1 次 等待 3 秒
2021-07-24 01:36:17 CHB 1468441?1627061772 第 1 次 获取到号码【1468441】GSD
2021-07-24 01:36:17 未获取到号码【1468441】GSD，可能号码格式错误
2021-07-24 01:36:17 获取到号码【1468441】的GSD为【-】
2021-07-24 01:36:36 GSD insert 第 1 次 等待 3 秒
2021-07-24 01:36:39 {"status":"ok","gid":371874,"msg":"添加成功！"}
2021-07-24 01:36:39 下次操作: 2021-07-24 01:37:03

2021-07-24 01:37:03 开始第 40 次操作

2021-07-24 01:37:03 开始操作号码 【1468440】
2021-07-24 01:37:08 GSD getOne 第 1 次 等待 3 秒
2021-07-24 01:37:11 查询号码 【1468440】，返回信息 {"status":"bad","msg":""}
2021-07-24 01:37:11 查询号码 【1468440】，GSD为【""】
2021-07-24 01:37:11 bad
2021-07-24 01:37:12 CHB 1468440?1627061831 第 1 次 等待 3 秒
2021-07-24 01:37:15 CHB 1468440?1627061831 第 1 次 获取到号码【1468440】GSD
2021-07-24 01:37:16 未获取到号码【1468440】GSD，可能号码格式错误
2021-07-24 01:37:16 获取到号码【1468440】的GSD为【-】
2021-07-24 01:37:33 GSD insert 第 1 次 等待 3 秒
2021-07-24 01:37:36 {"status":"ok","gid":371884,"msg":"添加成功！"}

