2024-10-18 00:27:57 开始第 73 次操作

2024-10-18 00:27:57 开始操作号码 【1320072】
2024-10-18 00:27:58 GSD getOne 第 1 次 等待 3 秒
2024-10-18 00:28:01 查询号码 【1320072】，返回信息 {"status":"ok","msg":"上海-上海","gid":"49278","time_insert":"2021-04-16 21:21"}
2024-10-18 00:28:01 查询号码 【1320072】，GSD为【"上海-上海"】

2024-10-18 00:28:02 开始第 74 次操作

2024-10-18 00:28:02 开始操作号码 【1320073】
2024-10-18 00:28:03 GSD getOne 第 1 次 等待 3 秒
2024-10-18 00:28:06 查询号码 【1320073】，返回信息 {"status":"ok","msg":"上海-上海","gid":"49284","time_insert":"2021-04-16 22:33"}
2024-10-18 00:28:06 查询号码 【1320073】，GSD为【"上海-上海"】

2024-10-18 00:28:07 开始第 75 次操作

2024-10-18 00:28:07 开始操作号码 【1320074】
2024-10-18 00:28:08 GSD getOne 第 1 次 等待 3 秒
2024-10-18 00:28:11 查询号码 【1320074】，返回信息 {"status":"ok","msg":"上海-上海","gid":"49288","time_insert":"2021-04-16 23:32"}
2024-10-18 00:28:11 查询号码 【1320074】，GSD为【"上海-上海"】

2024-10-18 00:28:12 开始第 76 次操作

2024-10-18 00:28:12 开始操作号码 【1320075】
2024-10-18 00:28:13 GSD getOne 第 1 次 等待 3 秒
2024-10-18 00:28:16 查询号码 【1320075】，返回信息 {"status":"ok","msg":"上海-上海","gid":"49295","time_insert":"2021-04-17 01:33"}
2024-10-18 00:28:16 查询号码 【1320075】，GSD为【"上海-上海"】

2024-10-18 00:47:24 开始第 77 次操作

2024-10-18 00:47:24 开始操作号码 【1320076】
2024-10-18 00:47:25 GSD getOne 第 1 次 等待 3 秒
2024-10-18 00:47:28 查询号码 【1320076】，返回信息 {"status":"ok","msg":"上海-上海","gid":"49304","time_insert":"2021-04-17 03:50"}
2024-10-18 00:47:28 查询号码 【1320076】，GSD为【"上海-上海"】

2024-10-18 00:47:29 开始第 78 次操作

2024-10-18 00:47:29 开始操作号码 【1320077】
2024-10-18 00:47:30 GSD getOne 第 1 次 等待 3 秒
2024-10-18 00:47:33 查询号码 【1320077】，返回信息 {"status":"ok","msg":"上海-上海","gid":"49309","time_insert":"2021-04-17 05:28"}
2024-10-18 00:47:33 查询号码 【1320077】，GSD为【"上海-上海"】

2024-10-18 00:47:34 开始第 79 次操作

2024-10-18 00:47:34 开始操作号码 【1320078】
2024-10-18 00:47:35 GSD getOne 第 1 次 等待 3 秒
2024-10-18 00:47:38 查询号码 【1320078】，返回信息 {"status":"ok","msg":"上海-上海","gid":"49318","time_insert":"2021-04-17 08:06"}
2024-10-18 00:47:38 查询号码 【1320078】，GSD为【"上海-上海"】

2024-10-18 00:47:39 开始第 80 次操作

2024-10-18 00:47:39 开始操作号码 【1320079】
2024-10-18 00:47:40 GSD getOne 第 1 次 等待 3 秒
2024-10-18 00:47:43 查询号码 【1320079】，返回信息 {"status":"ok","msg":"上海-上海","gid":"49325","time_insert":"2021-04-17 10:33"}
2024-10-18 00:47:43 查询号码 【1320079】，GSD为【"上海-上海"】

2024-10-18 01:18:30 开始第 81 次操作

2024-10-18 01:18:30 开始操作号码 【1320080】
2024-10-18 01:18:32 GSD getOne 第 1 次 等待 3 秒
2024-10-18 01:18:35 查询号码 【1320080】，返回信息 {"status":"ok","msg":"上海-上海","gid":"49333","time_insert":"2021-04-17 13:02"}
2024-10-18 01:18:35 查询号码 【1320080】，GSD为【"上海-上海"】

2024-10-18 01:18:36 开始第 82 次操作

2024-10-18 01:18:36 开始操作号码 【1320081】
2024-10-18 01:18:37 GSD getOne 第 1 次 等待 3 秒
2024-10-18 01:18:40 查询号码 【1320081】，返回信息 {"status":"ok","msg":"上海-上海","gid":"49337","time_insert":"2021-04-17 14:01"}
2024-10-18 01:18:40 查询号码 【1320081】，GSD为【"上海-上海"】

2024-10-18 01:18:41 开始第 83 次操作

2024-10-18 01:18:41 开始操作号码 【1320082】
2024-10-18 01:18:42 GSD getOne 第 1 次 等待 3 秒
2024-10-18 01:18:45 查询号码 【1320082】，返回信息 {"status":"ok","msg":"上海-上海","gid":"49340","time_insert":"2021-04-17 14:30"}
2024-10-18 01:18:45 查询号码 【1320082】，GSD为【"上海-上海"】

2024-10-18 01:18:46 开始第 84 次操作

2024-10-18 01:18:46 开始操作号码 【1320083】
2024-10-18 01:18:47 GSD getOne 第 1 次 等待 3 秒
2024-10-18 01:18:50 查询号码 【1320083】，返回信息 {"status":"ok","msg":"上海-上海","gid":"49351","time_insert":"2021-04-17 17:04"}
2024-10-18 01:18:50 查询号码 【1320083】，GSD为【"上海-上海"】

2024-10-18 01:39:51 开始第 85 次操作

2024-10-18 01:39:51 开始操作号码 【1320084】
2024-10-18 01:39:52 GSD getOne 第 1 次 等待 3 秒
2024-10-18 01:39:55 查询号码 【1320084】，返回信息 {"status":"ok","msg":"上海-上海","gid":"49355","time_insert":"2021-04-17 18:33"}
2024-10-18 01:39:55 查询号码 【1320084】，GSD为【"上海-上海"】

2024-10-18 01:39:56 开始第 86 次操作

2024-10-18 01:39:56 开始操作号码 【1320085】
2024-10-18 01:39:57 GSD getOne 第 1 次 等待 3 秒
2024-10-18 01:40:00 查询号码 【1320085】，返回信息 {"status":"ok","msg":"上海-上海","gid":"49363","time_insert":"2021-04-17 20:56"}
2024-10-18 01:40:00 查询号码 【1320085】，GSD为【"上海-上海"】

2024-10-18 01:40:01 开始第 87 次操作

2024-10-18 01:40:01 开始操作号码 【1320086】
2024-10-18 01:40:02 GSD getOne 第 1 次 等待 3 秒
2024-10-18 01:40:05 查询号码 【1320086】，返回信息 {"status":"ok","msg":"上海-上海","gid":"49367","time_insert":"2021-04-17 21:30"}
2024-10-18 01:40:05 查询号码 【1320086】，GSD为【"上海-上海"】

2024-10-18 01:40:06 开始第 88 次操作

2024-10-18 01:40:06 开始操作号码 【1320087】
2024-10-18 01:40:07 GSD getOne 第 1 次 等待 3 秒
2024-10-18 01:40:10 查询号码 【1320087】，返回信息 {"status":"ok","msg":"上海-上海","gid":"49371","time_insert":"2021-04-17 23:16"}
2024-10-18 01:40:10 查询号码 【1320087】，GSD为【"上海-上海"】

2024-10-18 02:27:14 开始第 89 次操作

2024-10-18 02:27:14 开始操作号码 【1320088】
2024-10-18 02:27:16 GSD getOne 第 1 次 等待 3 秒
2024-10-18 02:27:19 查询号码 【1320088】，返回信息 {"status":"ok","msg":"上海-上海","gid":"49375","time_insert":"2021-04-18 00:10"}
2024-10-18 02:27:19 查询号码 【1320088】，GSD为【"上海-上海"】

2024-10-18 02:27:20 开始第 90 次操作

2024-10-18 02:27:20 开始操作号码 【1320089】
2024-10-18 02:27:21 GSD getOne 第 1 次 等待 3 秒
2024-10-18 02:27:24 查询号码 【1320089】，返回信息 {"status":"ok","msg":"上海-上海","gid":"49378","time_insert":"2021-04-18 00:57"}
2024-10-18 02:27:24 查询号码 【1320089】，GSD为【"上海-上海"】

2024-10-18 02:27:25 开始第 91 次操作

2024-10-18 02:27:25 开始操作号码 【1320090】
2024-10-18 02:27:26 GSD getOne 第 1 次 等待 3 秒
2024-10-18 02:27:29 查询号码 【1320090】，返回信息 {"status":"ok","msg":"上海-上海","gid":"49388","time_insert":"2021-04-18 03:49"}
2024-10-18 02:27:29 查询号码 【1320090】，GSD为【"上海-上海"】

2024-10-18 02:27:30 开始第 92 次操作

2024-10-18 02:27:30 开始操作号码 【1320091】
2024-10-18 02:27:31 GSD getOne 第 1 次 等待 3 秒
2024-10-18 02:27:34 查询号码 【1320091】，返回信息 {"status":"ok","msg":"上海-上海","gid":"49395","time_insert":"2021-04-18 06:09"}
2024-10-18 02:27:34 查询号码 【1320091】，GSD为【"上海-上海"】

2024-10-18 02:45:46 开始第 93 次操作

2024-10-18 02:45:46 开始操作号码 【1320092】
2024-10-18 02:45:47 GSD getOne 第 1 次 等待 3 秒
2024-10-18 02:45:50 查询号码 【1320092】，返回信息 {"status":"ok","msg":"上海-上海","gid":"49404","time_insert":"2021-04-18 08:29"}
2024-10-18 02:45:50 查询号码 【1320092】，GSD为【"上海-上海"】

2024-10-18 02:45:51 开始第 94 次操作

2024-10-18 02:45:51 开始操作号码 【1320093】
2024-10-18 02:45:52 GSD getOne 第 1 次 等待 3 秒
2024-10-18 02:45:55 查询号码 【1320093】，返回信息 {"status":"ok","msg":"上海-上海","gid":"49411","time_insert":"2021-04-18 10:43"}
2024-10-18 02:45:55 查询号码 【1320093】，GSD为【"上海-上海"】

2024-10-18 02:45:56 开始第 95 次操作

2024-10-18 02:45:56 开始操作号码 【1320094】
2024-10-18 02:45:57 GSD getOne 第 1 次 等待 3 秒
2024-10-18 02:46:00 查询号码 【1320094】，返回信息 {"status":"ok","msg":"上海-上海","gid":"49418","time_insert":"2021-04-18 13:23"}
2024-10-18 02:46:00 查询号码 【1320094】，GSD为【"上海-上海"】

2024-10-18 02:46:01 开始第 96 次操作

2024-10-18 02:46:01 开始操作号码 【1320095】
2024-10-18 02:46:02 GSD getOne 第 1 次 等待 3 秒
2024-10-18 02:46:05 查询号码 【1320095】，返回信息 {"status":"ok","msg":"上海-上海","gid":"49425","time_insert":"2021-04-18 15:41"}
2024-10-18 02:46:05 查询号码 【1320095】，GSD为【"上海-上海"】

2024-10-18 03:17:20 开始第 97 次操作

2024-10-18 03:17:21 开始操作号码 【1320096】
2024-10-18 03:17:22 GSD getOne 第 1 次 等待 3 秒
2024-10-18 03:17:25 查询号码 【1320096】，返回信息 {"status":"ok","msg":"上海-上海","gid":"49431","time_insert":"2021-04-18 17:45"}
2024-10-18 03:17:25 查询号码 【1320096】，GSD为【"上海-上海"】

2024-10-18 03:17:26 开始第 98 次操作

2024-10-18 03:17:26 开始操作号码 【1320097】
2024-10-18 03:17:27 GSD getOne 第 1 次 等待 3 秒
2024-10-18 03:17:30 查询号码 【1320097】，返回信息 {"status":"ok","msg":"上海-上海","gid":"49440","time_insert":"2021-04-18 20:43"}
2024-10-18 03:17:30 查询号码 【1320097】，GSD为【"上海-上海"】

2024-10-18 03:17:31 开始第 99 次操作

2024-10-18 03:17:31 开始操作号码 【1320098】
2024-10-18 03:17:32 GSD getOne 第 1 次 等待 3 秒
2024-10-18 03:17:35 查询号码 【1320098】，返回信息 {"status":"ok","msg":"上海-上海","gid":"49443","time_insert":"2021-04-18 21:16"}
2024-10-18 03:17:35 查询号码 【1320098】，GSD为【"上海-上海"】

2024-10-18 03:17:36 开始第 100 次操作

2024-10-18 03:17:36 开始操作号码 【1320099】
2024-10-18 03:17:37 GSD getOne 第 1 次 等待 3 秒
2024-10-18 03:17:40 查询号码 【1320099】，返回信息 {"status":"ok","msg":"上海-上海","gid":"49446","time_insert":"2021-04-18 22:31"}
2024-10-18 03:17:40 查询号码 【1320099】，GSD为【"上海-上海"】

2024-10-18 03:39:47 开始第 101 次操作

2024-10-18 03:39:47 开始操作号码 【1320100】
2024-10-18 03:39:48 GSD getOne 第 1 次 等待 3 秒
2024-10-18 03:39:51 查询号码 【1320100】，返回信息 {"status":"ok","msg":"新疆-昌吉","gid":"1866","time_insert":"2019-07-30 12:15","time_update":"2020-12-25 03:45"}
2024-10-18 03:39:51 查询号码 【1320100】，GSD为【"新疆-昌吉"】

2024-10-18 03:39:52 开始第 102 次操作

2024-10-18 03:39:52 开始操作号码 【1320101】
2024-10-18 03:39:53 GSD getOne 第 1 次 等待 3 秒
2024-10-18 03:39:56 查询号码 【1320101】，返回信息 {"status":"ok","msg":"新疆-昌吉","gid":"49456","time_insert":"2021-04-19 02:08"}
2024-10-18 03:39:57 查询号码 【1320101】，GSD为【"新疆-昌吉"】

2024-10-18 03:39:58 开始第 103 次操作

2024-10-18 03:39:58 开始操作号码 【1320102】
2024-10-18 03:39:59 GSD getOne 第 1 次 等待 3 秒
2024-10-18 03:40:02 查询号码 【1320102】，返回信息 {"status":"ok","msg":"新疆-昌吉","gid":"49465","time_insert":"2021-04-19 05:08"}
2024-10-18 03:40:02 查询号码 【1320102】，GSD为【"新疆-昌吉"】

2024-10-18 03:40:03 开始第 104 次操作

2024-10-18 03:40:03 开始操作号码 【1320103】
2024-10-18 03:40:04 GSD getOne 第 1 次 等待 3 秒
2024-10-18 03:40:07 查询号码 【1320103】，返回信息 {"status":"ok","msg":"新疆-昌吉","gid":"49472","time_insert":"2021-04-19 07:48"}
2024-10-18 03:40:07 查询号码 【1320103】，GSD为【"新疆-昌吉"】

2024-10-18 04:22:41 开始第 105 次操作

2024-10-18 04:22:41 开始操作号码 【1320104】
2024-10-18 04:22:43 GSD getOne 第 1 次 等待 3 秒
2024-10-18 04:22:46 查询号码 【1320104】，返回信息 {"status":"ok","msg":"新疆-吐鲁番","gid":"49476","time_insert":"2021-04-19 09:06"}
2024-10-18 04:22:46 查询号码 【1320104】，GSD为【"新疆-吐鲁番"】

2024-10-18 04:22:47 开始第 106 次操作

2024-10-18 04:22:47 开始操作号码 【1320105】
2024-10-18 04:22:48 GSD getOne 第 1 次 等待 3 秒
2024-10-18 04:22:51 查询号码 【1320105】，返回信息 {"status":"ok","msg":"新疆-喀什","gid":"49477","time_insert":"2021-04-19 09:49"}
2024-10-18 04:22:51 查询号码 【1320105】，GSD为【"新疆-喀什"】

2024-10-18 04:22:52 开始第 107 次操作

2024-10-18 04:22:52 开始操作号码 【1320106】
2024-10-18 04:22:53 GSD getOne 第 1 次 等待 3 秒
2024-10-18 04:22:56 查询号码 【1320106】，返回信息 {"status":"ok","msg":"新疆-哈密","gid":"49482","time_insert":"2021-04-19 12:39"}
2024-10-18 04:22:56 查询号码 【1320106】，GSD为【"新疆-哈密"】

2024-10-18 04:22:57 开始第 108 次操作

2024-10-18 04:22:57 开始操作号码 【1320107】
2024-10-18 04:22:58 GSD getOne 第 1 次 等待 3 秒
2024-10-18 04:23:01 查询号码 【1320107】，返回信息 {"status":"ok","msg":"新疆-哈密","gid":"49486","time_insert":"2021-04-19 13:26"}
2024-10-18 04:23:01 查询号码 【1320107】，GSD为【"新疆-哈密"】

2024-10-18 04:40:22 开始第 109 次操作

2024-10-18 04:40:22 开始操作号码 【1320108】
2024-10-18 04:40:23 GSD getOne 第 1 次 等待 3 秒
2024-10-18 04:40:26 查询号码 【1320108】，返回信息 {"status":"ok","msg":"新疆-克拉玛依","gid":"49489","time_insert":"2021-04-19 14:05"}
2024-10-18 04:40:26 查询号码 【1320108】，GSD为【"新疆-克拉玛依"】

2024-10-18 04:40:27 开始第 110 次操作

2024-10-18 04:40:27 开始操作号码 【1320109】
2024-10-18 04:40:28 GSD getOne 第 1 次 等待 3 秒
2024-10-18 04:40:31 查询号码 【1320109】，返回信息 {"status":"ok","msg":"新疆-石河子","gid":"49496","time_insert":"2021-04-19 16:06"}
2024-10-18 04:40:31 查询号码 【1320109】，GSD为【"新疆-石河子"】

2024-10-18 04:40:32 开始第 111 次操作

2024-10-18 04:40:32 开始操作号码 【1320110】
2024-10-18 04:40:33 GSD getOne 第 1 次 等待 3 秒
2024-10-18 04:40:36 查询号码 【1320110】，返回信息 {"status":"ok","msg":"新疆-伊犁","gid":"49506","time_insert":"2021-04-19 19:05"}
2024-10-18 04:40:36 查询号码 【1320110】，GSD为【"新疆-伊犁"】

2024-10-18 04:40:37 开始第 112 次操作

2024-10-18 04:40:37 开始操作号码 【1320111】
2024-10-18 04:40:38 GSD getOne 第 1 次 等待 3 秒
2024-10-18 04:40:41 查询号码 【1320111】，返回信息 {"status":"ok","msg":"新疆-伊犁","gid":"49510","time_insert":"2021-04-19 20:19"}
2024-10-18 04:40:41 查询号码 【1320111】，GSD为【"新疆-伊犁"】

2024-10-18 05:20:09 开始第 113 次操作

2024-10-18 05:20:09 开始操作号码 【1320112】
2024-10-18 05:20:10 GSD getOne 第 1 次 等待 3 秒
2024-10-18 05:20:13 查询号码 【1320112】，返回信息 {"status":"ok","msg":"新疆-伊犁","gid":"1867","time_insert":"2016-05-18 11:27","time_update":"2020-12-25 01:58"}
2024-10-18 05:20:13 查询号码 【1320112】，GSD为【"新疆-伊犁"】

2024-10-18 05:20:14 开始第 114 次操作

2024-10-18 05:20:14 开始操作号码 【1320113】
2024-10-18 05:20:15 GSD getOne 第 1 次 等待 3 秒
2024-10-18 05:20:18 查询号码 【1320113】，返回信息 {"status":"ok","msg":"新疆-库尔勒","gid":"49522","time_insert":"2021-04-19 23:21"}
2024-10-18 05:20:18 查询号码 【1320113】，GSD为【"新疆-库尔勒"】

2024-10-18 05:20:19 开始第 115 次操作

2024-10-18 05:20:19 开始操作号码 【1320114】
2024-10-18 05:20:20 GSD getOne 第 1 次 等待 3 秒
2024-10-18 05:20:23 查询号码 【1320114】，返回信息 {"status":"ok","msg":"新疆-库尔勒","gid":"49527","time_insert":"2021-04-20 01:31"}
2024-10-18 05:20:23 查询号码 【1320114】，GSD为【"新疆-库尔勒"】

2024-10-18 05:20:24 开始第 116 次操作

2024-10-18 05:20:24 开始操作号码 【1320115】
2024-10-18 05:20:25 GSD getOne 第 1 次 等待 3 秒
2024-10-18 05:20:28 查询号码 【1320115】，返回信息 {"status":"ok","msg":"新疆-库尔勒","gid":"49531","time_insert":"2021-04-20 02:44"}
2024-10-18 05:20:28 查询号码 【1320115】，GSD为【"新疆-库尔勒"】

2024-10-18 05:38:42 开始第 117 次操作

2024-10-18 05:38:42 开始操作号码 【1320116】
2024-10-18 05:38:43 GSD getOne 第 1 次 等待 3 秒
2024-10-18 05:38:46 查询号码 【1320116】，返回信息 {"status":"ok","msg":"新疆-阿克苏","gid":"1868","time_insert":"2019-01-10 09:24","time_update":"2020-12-25 01:48"}
2024-10-18 05:38:46 查询号码 【1320116】，GSD为【"新疆-阿克苏"】

2024-10-18 05:38:47 开始第 118 次操作

2024-10-18 05:38:47 开始操作号码 【1320117】
2024-10-18 05:38:48 GSD getOne 第 1 次 等待 3 秒
2024-10-18 05:38:51 查询号码 【1320117】，返回信息 {"status":"ok","msg":"新疆-阿克苏","gid":"49537","time_insert":"2021-04-20 04:32"}
2024-10-18 05:38:51 查询号码 【1320117】，GSD为【"新疆-阿克苏"】

2024-10-18 05:38:52 开始第 119 次操作

2024-10-18 05:38:52 开始操作号码 【1320118】
2024-10-18 05:38:54 GSD getOne 第 1 次 等待 3 秒
2024-10-18 05:38:57 查询号码 【1320118】，返回信息 {"status":"ok","msg":"新疆-喀什","gid":"1869","time_insert":"2015-01-13 16:18","time_update":"2020-12-25 03:21"}
2024-10-18 05:38:57 查询号码 【1320118】，GSD为【"新疆-喀什"】

2024-10-18 05:38:58 开始第 120 次操作

2024-10-18 05:38:58 开始操作号码 【1320119】
2024-10-18 05:38:59 GSD getOne 第 1 次 等待 3 秒
2024-10-18 05:39:02 查询号码 【1320119】，返回信息 {"status":"ok","msg":"新疆-喀什","gid":"49551","time_insert":"2021-04-20 09:00"}
2024-10-18 05:39:02 查询号码 【1320119】，GSD为【"新疆-喀什"】

2024-10-18 06:19:55 开始第 121 次操作

2024-10-18 06:19:55 开始操作号码 【1320120】
2024-10-18 06:19:56 GSD getOne 第 1 次 等待 3 秒
2024-10-18 06:19:59 查询号码 【1320120】，返回信息 {"status":"ok","msg":"新疆-乌鲁木齐","gid":"1870","time_insert":"2019-03-25 13:34","time_update":"2020-12-25 01:39"}
2024-10-18 06:19:59 查询号码 【1320120】，GSD为【"新疆-乌鲁木齐"】

2024-10-18 06:20:00 开始第 122 次操作

2024-10-18 06:20:00 开始操作号码 【1320121】
2024-10-18 06:20:01 GSD getOne 第 1 次 等待 3 秒
2024-10-18 06:20:04 查询号码 【1320121】，返回信息 {"status":"ok","msg":"新疆-乌鲁木齐","gid":"49556","time_insert":"2021-04-20 11:13"}
2024-10-18 06:20:04 查询号码 【1320121】，GSD为【"新疆-乌鲁木齐"】

2024-10-18 06:20:05 开始第 123 次操作

2024-10-18 06:20:05 开始操作号码 【1320122】
2024-10-18 06:20:06 GSD getOne 第 1 次 等待 3 秒
2024-10-18 06:20:09 查询号码 【1320122】，返回信息 {"status":"ok","msg":"新疆-乌鲁木齐","gid":"49559","time_insert":"2021-04-20 12:18"}
2024-10-18 06:20:09 查询号码 【1320122】，GSD为【"新疆-乌鲁木齐"】

2024-10-18 06:20:10 开始第 124 次操作

2024-10-18 06:20:10 开始操作号码 【1320123】
2024-10-18 06:20:11 GSD getOne 第 1 次 等待 3 秒
2024-10-18 06:20:14 查询号码 【1320123】，返回信息 {"status":"ok","msg":"新疆-乌鲁木齐","gid":"1871","time_insert":"2019-11-15 11:24","time_update":"2020-12-24 23:17"}
2024-10-18 06:20:14 查询号码 【1320123】，GSD为【"新疆-乌鲁木齐"】

2024-10-18 06:41:18 开始第 125 次操作

2024-10-18 06:41:18 开始操作号码 【1320124】
2024-10-18 06:41:19 GSD getOne 第 1 次 等待 3 秒
2024-10-18 06:41:22 查询号码 【1320124】，返回信息 {"status":"ok","msg":"新疆-乌鲁木齐","gid":"49567","time_insert":"2021-04-20 14:50"}
2024-10-18 06:41:22 查询号码 【1320124】，GSD为【"新疆-乌鲁木齐"】

2024-10-18 06:41:23 开始第 126 次操作

2024-10-18 06:41:23 开始操作号码 【1320125】
2024-10-18 06:41:24 GSD getOne 第 1 次 等待 3 秒
2024-10-18 06:41:27 查询号码 【1320125】，返回信息 {"status":"ok","msg":"新疆-乌鲁木齐","gid":"49572","time_insert":"2021-04-20 15:50"}
2024-10-18 06:41:27 查询号码 【1320125】，GSD为【"新疆-乌鲁木齐"】

2024-10-18 06:41:28 开始第 127 次操作

2024-10-18 06:41:28 开始操作号码 【1320126】
2024-10-18 06:41:29 GSD getOne 第 1 次 等待 3 秒
2024-10-18 06:41:32 查询号码 【1320126】，返回信息 {"status":"ok","msg":"新疆-乌鲁木齐","gid":"49591","time_insert":"2021-04-20 18:11"}
2024-10-18 06:41:32 查询号码 【1320126】，GSD为【"新疆-乌鲁木齐"】

2024-10-18 06:41:33 开始第 128 次操作

2024-10-18 06:41:33 开始操作号码 【1320127】
2024-10-18 06:41:34 GSD getOne 第 1 次 等待 3 秒
2024-10-18 06:41:37 查询号码 【1320127】，返回信息 {"status":"ok","msg":"新疆-乌鲁木齐","gid":"49598","time_insert":"2021-04-20 20:52"}
2024-10-18 06:41:37 查询号码 【1320127】，GSD为【"新疆-乌鲁木齐"】

2024-10-18 07:20:50 开始第 129 次操作

2024-10-18 07:20:50 开始操作号码 【1320128】
2024-10-18 07:20:51 GSD getOne 第 1 次 等待 3 秒
2024-10-18 07:20:54 查询号码 【1320128】，返回信息 {"status":"ok","msg":"新疆-乌鲁木齐","gid":"1872","time_insert":"2015-08-27 12:44","time_update":"2020-12-24 23:05"}
2024-10-18 07:20:54 查询号码 【1320128】，GSD为【"新疆-乌鲁木齐"】

2024-10-18 07:20:55 开始第 130 次操作

2024-10-18 07:20:55 开始操作号码 【1320129】
2024-10-18 07:20:56 GSD getOne 第 1 次 等待 3 秒
2024-10-18 07:20:59 查询号码 【1320129】，返回信息 {"status":"ok","msg":"新疆-乌鲁木齐","gid":"49605","time_insert":"2021-04-20 22:59"}
2024-10-18 07:20:59 查询号码 【1320129】，GSD为【"新疆-乌鲁木齐"】

2024-10-18 07:21:00 开始第 131 次操作

2024-10-18 07:21:00 开始操作号码 【1320130】
2024-10-18 07:21:01 GSD getOne 第 1 次 等待 3 秒
2024-10-18 07:21:04 查询号码 【1320130】，返回信息 {"status":"ok","msg":"新疆-乌鲁木齐","gid":"49608","time_insert":"2021-04-21 00:00"}
2024-10-18 07:21:04 查询号码 【1320130】，GSD为【"新疆-乌鲁木齐"】

2024-10-18 07:21:05 开始第 132 次操作

2024-10-18 07:21:05 开始操作号码 【1320131】
2024-10-18 07:21:06 GSD getOne 第 1 次 等待 3 秒
2024-10-18 07:21:09 查询号码 【1320131】，返回信息 {"status":"ok","msg":"新疆-乌鲁木齐","gid":"49614","time_insert":"2021-04-21 01:01"}
2024-10-18 07:21:09 查询号码 【1320131】，GSD为【"新疆-乌鲁木齐"】

2024-10-18 07:39:09 开始第 133 次操作

2024-10-18 07:39:09 开始操作号码 【1320132】
2024-10-18 07:39:10 GSD getOne 第 1 次 等待 3 秒
2024-10-18 07:39:13 查询号码 【1320132】，返回信息 {"status":"ok","msg":"新疆-乌鲁木齐","gid":"49618","time_insert":"2021-04-21 02:22"}
2024-10-18 07:39:13 查询号码 【1320132】，GSD为【"新疆-乌鲁木齐"】

2024-10-18 07:39:14 开始第 134 次操作

2024-10-18 07:39:14 开始操作号码 【1320133】
2024-10-18 07:39:15 GSD getOne 第 1 次 等待 3 秒
2024-10-18 07:39:18 查询号码 【1320133】，返回信息 {"status":"ok","msg":"新疆-乌鲁木齐","gid":"49627","time_insert":"2021-04-21 03:49"}
2024-10-18 07:39:18 查询号码 【1320133】，GSD为【"新疆-乌鲁木齐"】

2024-10-18 07:39:19 开始第 135 次操作

2024-10-18 07:39:19 开始操作号码 【1320134】
2024-10-18 07:39:19 GSD getOne 第 1 次 等待 3 秒
2024-10-18 07:39:23 查询号码 【1320134】，返回信息 {"status":"ok","msg":"新疆-乌鲁木齐","gid":"49637","time_insert":"2021-04-21 06:34"}
2024-10-18 07:39:23 查询号码 【1320134】，GSD为【"新疆-乌鲁木齐"】

2024-10-18 07:39:24 开始第 136 次操作

2024-10-18 07:39:24 开始操作号码 【1320135】
2024-10-18 07:39:24 GSD getOne 第 1 次 等待 3 秒
2024-10-18 07:39:27 查询号码 【1320135】，返回信息 {"status":"ok","msg":"新疆-乌鲁木齐","gid":"49651","time_insert":"2021-04-21 09:31"}
2024-10-18 07:39:27 查询号码 【1320135】，GSD为【"新疆-乌鲁木齐"】

2024-10-18 09:41:37 开始第 137 次操作

2024-10-18 09:41:37 开始操作号码 【1320136】
2024-10-18 09:41:38 GSD getOne 第 1 次 等待 3 秒
2024-10-18 09:41:41 查询号码 【1320136】，返回信息 {"status":"ok","msg":"新疆-乌鲁木齐","gid":"49664","time_insert":"2021-04-21 11:39"}
2024-10-18 09:41:41 查询号码 【1320136】，GSD为【"新疆-乌鲁木齐"】

2024-10-18 09:41:42 开始第 138 次操作

2024-10-18 09:41:42 开始操作号码 【1320137】
2024-10-18 09:41:43 GSD getOne 第 1 次 等待 3 秒
2024-10-18 09:41:46 查询号码 【1320137】，返回信息 {"status":"ok","msg":"新疆-乌鲁木齐","gid":"49667","time_insert":"2021-04-21 12:01"}
2024-10-18 09:41:46 查询号码 【1320137】，GSD为【"新疆-乌鲁木齐"】

2024-10-18 09:41:47 开始第 139 次操作

2024-10-18 09:41:47 开始操作号码 【1320138】
2024-10-18 09:41:48 GSD getOne 第 1 次 等待 3 秒
2024-10-18 09:41:51 查询号码 【1320138】，返回信息 {"status":"ok","msg":"新疆-乌鲁木齐","gid":"1873","time_insert":"2016-03-02 18:22","time_update":"2020-12-25 01:18"}
2024-10-18 09:41:51 查询号码 【1320138】，GSD为【"新疆-乌鲁木齐"】

2024-10-18 09:41:52 开始第 140 次操作

2024-10-18 09:41:52 开始操作号码 【1320139】
2024-10-18 09:41:53 GSD getOne 第 1 次 等待 3 秒
2024-10-18 09:41:56 查询号码 【1320139】，返回信息 {"status":"ok","msg":"新疆-乌鲁木齐","gid":"49858","time_insert":"2021-04-21 14:23","time_update":"2021-04-26 22:49"}
2024-10-18 09:41:56 查询号码 【1320139】，GSD为【"新疆-乌鲁木齐"】

