2024-08-28 00:16:05 开始第 1545 次操作

2024-08-28 00:16:05 开始操作号码 【1421544】
2024-08-28 00:16:13 GSD getOne 第 1 次 等待 3 秒
2024-08-28 00:16:16 查询号码 【1421544】，返回信息 {"status":"ok","msg":"-","gid":"544057","time_insert":"2023-02-21 03:44"}
2024-08-28 00:16:16 查询号码 【1421544】，GSD为【"-"】
2024-08-28 00:16:16 ok && -
2024-08-28 00:16:18 CHB 1421544?1724775376 第 1 次 等待 3 秒
2024-08-28 00:16:21 CHB 1421544?1724775376 第 1 次 获取到号码【1421544】GSD
2024-08-28 00:16:21 未获取到号码【1421544】GSD，可能号码格式错误
2024-08-28 00:16:21 获取到号码【1421544】的GSD为【-】
2024-08-28 00:16:29 GSD insert 第 1 次 等待 3 秒
2024-08-28 00:16:32 {"status":"bad","gid":"544057","msg":"添加失败！号码【1421544(-|-)】已存在！"}
2024-08-28 00:16:32 随机等待 232 秒，约 3 分钟
2024-08-28 00:16:32 下次操作: 2024-08-28 00:20:24

2024-08-28 00:20:24 开始第 1546 次操作

2024-08-28 00:20:24 开始操作号码 【1421545】
2024-08-28 00:20:32 GSD getOne 第 1 次 等待 3 秒
2024-08-28 00:20:35 查询号码 【1421545】，返回信息 {"status":"ok","msg":"-","gid":"544077","time_insert":"2023-02-21 03:55"}
2024-08-28 00:20:35 查询号码 【1421545】，GSD为【"-"】
2024-08-28 00:20:35 ok && -
2024-08-28 00:20:36 CHB 1421545?1724775635 第 1 次 等待 3 秒
2024-08-28 00:20:39 CHB 1421545?1724775635 第 1 次 获取到号码【1421545】GSD
2024-08-28 00:20:39 未获取到号码【1421545】GSD，可能号码格式错误
2024-08-28 00:20:39 获取到号码【1421545】的GSD为【-】
2024-08-28 00:20:50 GSD insert 第 1 次 等待 3 秒
2024-08-28 00:20:53 {"status":"bad","gid":"544077","msg":"添加失败！号码【1421545(-|-)】已存在！"}
2024-08-28 00:20:53 随机等待 144 秒，约 2 分钟
2024-08-28 00:20:53 下次操作: 2024-08-28 00:23:17

2024-08-28 00:23:17 开始第 1547 次操作

2024-08-28 00:23:17 开始操作号码 【1421546】
2024-08-28 00:23:25 GSD getOne 第 1 次 等待 3 秒
2024-08-28 00:23:28 查询号码 【1421546】，返回信息 {"status":"ok","msg":"-","gid":"544098","time_insert":"2023-02-21 04:10"}
2024-08-28 00:23:28 查询号码 【1421546】，GSD为【"-"】
2024-08-28 00:23:28 ok && -
2024-08-28 00:23:30 CHB 1421546?1724775808 第 1 次 等待 3 秒
2024-08-28 00:23:33 CHB 1421546?1724775808 第 1 次 获取到号码【1421546】GSD
2024-08-28 00:23:33 未获取到号码【1421546】GSD，可能号码格式错误
2024-08-28 00:23:33 获取到号码【1421546】的GSD为【-】
2024-08-28 00:23:41 GSD insert 第 1 次 等待 3 秒
2024-08-28 00:23:44 {"status":"bad","gid":"544098","msg":"添加失败！号码【1421546(-|-)】已存在！"}
2024-08-28 00:23:44 随机等待 93 秒，约 1 分钟
2024-08-28 00:23:44 下次操作: 2024-08-28 00:25:17

2024-08-28 00:25:17 开始第 1548 次操作

2024-08-28 00:25:17 开始操作号码 【1421547】
2024-08-28 00:25:25 GSD getOne 第 1 次 等待 3 秒
2024-08-28 00:25:28 查询号码 【1421547】，返回信息 {"status":"ok","msg":"-","gid":"544124","time_insert":"2023-02-21 04:26"}
2024-08-28 00:25:28 查询号码 【1421547】，GSD为【"-"】
2024-08-28 00:25:28 ok && -
2024-08-28 00:25:30 CHB 1421547?1724775928 第 1 次 等待 3 秒
2024-08-28 00:25:33 CHB 1421547?1724775928 第 1 次 获取到号码【1421547】GSD
2024-08-28 00:25:33 未获取到号码【1421547】GSD，可能号码格式错误
2024-08-28 00:25:33 获取到号码【1421547】的GSD为【-】
2024-08-28 00:25:41 GSD insert 第 1 次 等待 3 秒
2024-08-28 00:25:44 {"status":"bad","gid":"544124","msg":"添加失败！号码【1421547(-|-)】已存在！"}

