2024-11-13 00:27:06 开始第 4465 次操作

2024-11-13 00:27:06 开始操作号码 【1324464】
2024-11-13 00:27:07 GSD getOne 第 1 次 等待 3 秒
2024-11-13 00:27:10 查询号码 【1324464】，返回信息 {"status":"ok","msg":"黑龙江-哈尔滨","gid":"213217","time_insert":"2021-07-07 10:16"}
2024-11-13 00:27:10 查询号码 【1324464】，GSD为【"黑龙江-哈尔滨"】

2024-11-13 00:27:11 开始第 4466 次操作

2024-11-13 00:27:11 开始操作号码 【1324465】
2024-11-13 00:27:12 GSD getOne 第 1 次 等待 3 秒
2024-11-13 00:27:15 查询号码 【1324465】，返回信息 {"status":"ok","msg":"黑龙江-哈尔滨","gid":"213356","time_insert":"2021-07-07 10:36"}
2024-11-13 00:27:15 查询号码 【1324465】，GSD为【"黑龙江-哈尔滨"】

2024-11-13 00:27:16 开始第 4467 次操作

2024-11-13 00:27:16 开始操作号码 【1324466】
2024-11-13 00:27:18 GSD getOne 第 1 次 等待 3 秒
2024-11-13 00:27:21 查询号码 【1324466】，返回信息 {"status":"ok","msg":"黑龙江-哈尔滨","gid":"213428","time_insert":"2021-07-07 10:51"}
2024-11-13 00:27:21 查询号码 【1324466】，GSD为【"黑龙江-哈尔滨"】

2024-11-13 00:27:22 开始第 4468 次操作

2024-11-13 00:27:22 开始操作号码 【1324467】
2024-11-13 00:27:23 GSD getOne 第 1 次 等待 3 秒
2024-11-13 00:27:26 查询号码 【1324467】，返回信息 {"status":"ok","msg":"黑龙江-哈尔滨","gid":"213622","time_insert":"2021-07-07 11:09"}
2024-11-13 00:27:26 查询号码 【1324467】，GSD为【"黑龙江-哈尔滨"】

