2024-01-09 00:13:59 开始第 7925 次操作

2024-01-09 00:13:59 开始操作号码 【1867818】
2024-01-09 00:14:02 GSD getOne 第 1 次 等待 3 秒
2024-01-09 00:14:05 查询号码 【1867818】，返回信息 {"status":"ok","msg":"山东-淄博","gid":"41083","time_insert":"2017-04-20 15:28","time_update":"2020-09-10 14:01"}
2024-01-09 00:14:05 查询号码 【1867818】，GSD为【"山东-淄博"】

2024-01-09 00:14:06 开始第 7926 次操作

2024-01-09 00:14:06 开始操作号码 【1867819】
2024-01-09 00:14:10 GSD getOne 第 1 次 等待 3 秒
2024-01-09 00:14:13 查询号码 【1867819】，返回信息 {"status":"ok","msg":"山东-淄博","gid":"41084","time_insert":"2017-05-01 00:00","time_update":"2020-09-10 14:06"}
2024-01-09 00:14:13 查询号码 【1867819】，GSD为【"山东-淄博"】

2024-01-09 00:14:14 开始第 7927 次操作

2024-01-09 00:14:14 开始操作号码 【1867820】
2024-01-09 00:14:16 GSD getOne 第 1 次 等待 3 秒
2024-01-09 00:14:19 查询号码 【1867820】，返回信息 {"status":"ok","msg":"山东-淄博","gid":"429218","time_insert":"2021-07-29 02:04"}
2024-01-09 00:14:19 查询号码 【1867820】，GSD为【"山东-淄博"】

2024-01-09 00:14:20 开始第 7928 次操作

2024-01-09 00:14:20 开始操作号码 【1867821】
2024-01-09 00:14:23 GSD getOne 第 1 次 等待 3 秒
2024-01-09 00:14:26 查询号码 【1867821】，返回信息 {"status":"ok","msg":"山东-淄博","gid":"429208","time_insert":"2021-07-29 02:04"}
2024-01-09 00:14:26 查询号码 【1867821】，GSD为【"山东-淄博"】

2024-01-09 00:39:38 开始第 7929 次操作

2024-01-09 00:39:38 开始操作号码 【1867822】
2024-01-09 00:39:41 GSD getOne 第 1 次 等待 3 秒
2024-01-09 00:39:44 查询号码 【1867822】，返回信息 {"status":"ok","msg":"山东-淄博","gid":"429203","time_insert":"2021-07-29 02:03"}
2024-01-09 00:39:44 查询号码 【1867822】，GSD为【"山东-淄博"】

2024-01-09 00:39:45 开始第 7930 次操作

2024-01-09 00:39:45 开始操作号码 【1867823】
2024-01-09 00:39:48 GSD getOne 第 1 次 等待 3 秒
2024-01-09 00:39:51 查询号码 【1867823】，返回信息 {"status":"ok","msg":"山东-淄博","gid":"429195","time_insert":"2021-07-29 02:02"}
2024-01-09 00:39:51 查询号码 【1867823】，GSD为【"山东-淄博"】

2024-01-09 00:39:52 开始第 7931 次操作

2024-01-09 00:39:52 开始操作号码 【1867824】
2024-01-09 00:39:55 GSD getOne 第 1 次 等待 3 秒
2024-01-09 00:39:58 查询号码 【1867824】，返回信息 {"status":"ok","msg":"山东-枣庄","gid":"429188","time_insert":"2021-07-29 02:02"}
2024-01-09 00:39:58 查询号码 【1867824】，GSD为【"山东-枣庄"】

2024-01-09 00:39:59 开始第 7932 次操作

2024-01-09 00:39:59 开始操作号码 【1867825】
2024-01-09 00:40:02 GSD getOne 第 1 次 等待 3 秒
2024-01-09 00:40:05 查询号码 【1867825】，返回信息 {"status":"ok","msg":"山东-枣庄","gid":"429177","time_insert":"2021-07-29 02:01"}
2024-01-09 00:40:05 查询号码 【1867825】，GSD为【"山东-枣庄"】

2024-01-09 01:09:59 开始第 7933 次操作

2024-01-09 01:09:59 开始操作号码 【1867826】
2024-01-09 01:10:02 GSD getOne 第 1 次 等待 3 秒
2024-01-09 01:10:05 查询号码 【1867826】，返回信息 {"status":"ok","msg":"山东-枣庄","gid":"429162","time_insert":"2021-07-29 02:00"}
2024-01-09 01:10:05 查询号码 【1867826】，GSD为【"山东-枣庄"】

2024-01-09 01:10:06 开始第 7934 次操作

2024-01-09 01:10:06 开始操作号码 【1867827】
2024-01-09 01:10:09 GSD getOne 第 1 次 等待 3 秒
2024-01-09 01:10:12 查询号码 【1867827】，返回信息 {"status":"ok","msg":"山东-枣庄","gid":"429157","time_insert":"2021-07-29 01:59"}
2024-01-09 01:10:12 查询号码 【1867827】，GSD为【"山东-枣庄"】

2024-01-09 01:10:13 开始第 7935 次操作

2024-01-09 01:10:13 开始操作号码 【1867828】
2024-01-09 01:10:16 GSD getOne 第 1 次 等待 3 秒
2024-01-09 01:10:19 查询号码 【1867828】，返回信息 {"status":"ok","msg":"山东-枣庄","gid":"429149","time_insert":"2021-07-29 01:59"}
2024-01-09 01:10:19 查询号码 【1867828】，GSD为【"山东-枣庄"】

2024-01-09 01:10:20 开始第 7936 次操作

2024-01-09 01:10:20 开始操作号码 【1867829】
2024-01-09 01:10:22 GSD getOne 第 1 次 等待 3 秒
2024-01-09 01:10:25 查询号码 【1867829】，返回信息 {"status":"ok","msg":"山东-济南","gid":"429143","time_insert":"2021-07-29 01:58"}
2024-01-09 01:10:25 查询号码 【1867829】，GSD为【"山东-济南"】

