2021-08-02 00:00:41 开始第 18 次操作

2021-08-02 00:00:41 开始操作号码 【1884117】
2021-08-02 00:00:46 GSD getOne 第 1 次 等待 3 秒
2021-08-02 00:00:49 查询号码 【1884117】，返回信息 {"status":"bad","msg":""}
2021-08-02 00:00:49 查询号码 【1884117】，GSD为【""】
2021-08-02 00:00:49 bad
2021-08-02 00:00:50 CHB 1884117?1627833649 第 1 次 等待 3 秒
2021-08-02 00:00:53 CHB 1884117?1627833649 第 1 次 获取到号码【1884117】GSD
2021-08-02 00:00:53 获取到号码【1884117】的GSD为【辽宁-大连】
2021-08-02 00:01:13 GSD insert 第 1 次 等待 3 秒
2021-08-02 00:01:16 {"status":"ok","gid":473051,"msg":"添加成功！"}
2021-08-02 00:01:16 下次操作: 2021-08-02 00:01:39

2021-08-02 00:01:39 开始第 19 次操作

2021-08-02 00:01:39 开始操作号码 【1884116】
2021-08-02 00:01:45 GSD getOne 第 1 次 等待 3 秒
2021-08-02 00:01:48 查询号码 【1884116】，返回信息 {"status":"bad","msg":""}
2021-08-02 00:01:48 查询号码 【1884116】，GSD为【""】
2021-08-02 00:01:48 bad
2021-08-02 00:01:50 CHB 1884116?1627833708 第 1 次 等待 3 秒
2021-08-02 00:01:53 CHB 1884116?1627833708 第 1 次 获取到号码【1884116】GSD
2021-08-02 00:01:53 获取到号码【1884116】的GSD为【辽宁-大连】
2021-08-02 00:02:14 GSD insert 第 1 次 等待 3 秒
2021-08-02 00:02:17 {"status":"ok","gid":473063,"msg":"添加成功！"}
2021-08-02 00:02:17 下次操作: 2021-08-02 00:02:38

2021-08-02 00:02:38 开始第 20 次操作

2021-08-02 00:02:38 开始操作号码 【1884115】
2021-08-02 00:02:41 GSD getOne 第 1 次 等待 3 秒
2021-08-02 00:02:44 查询号码 【1884115】，返回信息 {"status":"bad","msg":""}
2021-08-02 00:02:44 查询号码 【1884115】，GSD为【""】
2021-08-02 00:02:44 bad
2021-08-02 00:02:46 CHB 1884115?1627833764 第 1 次 等待 3 秒
2021-08-02 00:02:49 CHB 1884115?1627833764 第 1 次 获取到号码【1884115】GSD
2021-08-02 00:02:49 获取到号码【1884115】的GSD为【辽宁-大连】
2021-08-02 00:03:10 GSD insert 第 1 次 等待 3 秒
2021-08-02 00:03:13 {"status":"ok","gid":473076,"msg":"添加成功！"}
2021-08-02 00:03:13 下次操作: 2021-08-02 00:03:26

2021-08-02 00:03:26 开始第 21 次操作

2021-08-02 00:03:26 开始操作号码 【1884114】
2021-08-02 00:03:46 GSD getOne 第 1 次 等待 3 秒
2021-08-02 00:03:49 查询号码 【1884114】，返回信息 {"status":"bad","msg":""}
2021-08-02 00:03:49 查询号码 【1884114】，GSD为【""】
2021-08-02 00:03:49 bad
2021-08-02 00:03:53 CHB 1884114?1627833829 第 1 次 等待 3 秒
2021-08-02 00:03:56 CHB 1884114?1627833829 第 1 次 获取到号码【1884114】GSD
2021-08-02 00:03:56 获取到号码【1884114】的GSD为【辽宁-大连】
2021-08-02 00:04:38 GSD insert 第 1 次 等待 3 秒
2021-08-02 00:04:41 {"status":"ok","gid":473092,"msg":"添加成功！"}
2021-08-02 00:04:41 下次操作: 2021-08-02 00:04:54

2021-08-02 00:04:54 开始第 22 次操作

2021-08-02 00:04:54 开始操作号码 【1884113】
2021-08-02 00:05:06 GSD getOne 第 1 次 等待 3 秒
2021-08-02 00:05:09 查询号码 【1884113】，返回信息 {"status":"bad","msg":""}
2021-08-02 00:05:09 查询号码 【1884113】，GSD为【""】
2021-08-02 00:05:09 bad
2021-08-02 00:05:10 CHB 1884113?1627833909 第 1 次 等待 3 秒
2021-08-02 00:05:13 CHB 1884113?1627833909 第 1 次 获取到号码【1884113】GSD
2021-08-02 00:05:13 获取到号码【1884113】的GSD为【辽宁-大连】
2021-08-02 00:05:50 GSD insert 第 1 次 等待 3 秒
2021-08-02 00:05:53 {"status":"ok","gid":473108,"msg":"添加成功！"}
2021-08-02 00:05:53 下次操作: 2021-08-02 00:06:15

2021-08-02 00:06:15 开始第 23 次操作

2021-08-02 00:06:15 开始操作号码 【1884112】
2021-08-02 00:06:18 GSD getOne 第 1 次 等待 3 秒
2021-08-02 00:06:21 查询号码 【1884112】，返回信息 {"status":"bad","msg":""}
2021-08-02 00:06:21 查询号码 【1884112】，GSD为【""】
2021-08-02 00:06:21 bad
2021-08-02 00:06:23 CHB 1884112?1627833981 第 1 次 等待 3 秒
2021-08-02 00:06:26 CHB 1884112?1627833981 第 1 次 获取到号码【1884112】GSD
2021-08-02 00:06:26 获取到号码【1884112】的GSD为【辽宁-大连】
2021-08-02 00:06:48 GSD insert 第 1 次 等待 3 秒
2021-08-02 00:06:51 {"status":"ok","gid":473121,"msg":"添加成功！"}
2021-08-02 00:06:51 下次操作: 2021-08-02 00:07:09

2021-08-02 00:07:09 开始第 24 次操作

2021-08-02 00:07:09 开始操作号码 【1884111】
2021-08-02 00:07:16 GSD getOne 第 1 次 等待 3 秒
2021-08-02 00:07:19 查询号码 【1884111】，返回信息 {"status":"bad","msg":""}
2021-08-02 00:07:19 查询号码 【1884111】，GSD为【""】
2021-08-02 00:07:19 bad
2021-08-02 00:07:20 CHB 1884111?1627834039 第 1 次 等待 3 秒
2021-08-02 00:07:23 CHB 1884111?1627834039 第 1 次 获取到号码【1884111】GSD
2021-08-02 00:07:23 获取到号码【1884111】的GSD为【辽宁-大连】
2021-08-02 00:07:43 GSD insert 第 1 次 等待 3 秒
2021-08-02 00:07:46 {"status":"ok","gid":473136,"msg":"添加成功！"}
2021-08-02 00:07:46 下次操作: 2021-08-02 00:08:10

2021-08-02 00:08:10 开始第 25 次操作

2021-08-02 00:08:10 开始操作号码 【1884110】
2021-08-02 00:08:15 GSD getOne 第 1 次 等待 3 秒
2021-08-02 00:08:18 查询号码 【1884110】，返回信息 {"status":"bad","msg":""}
2021-08-02 00:08:18 查询号码 【1884110】，GSD为【""】
2021-08-02 00:08:18 bad
2021-08-02 00:08:19 CHB 1884110?1627834098 第 1 次 等待 3 秒
2021-08-02 00:08:22 CHB 1884110?1627834098 第 1 次 获取到号码【1884110】GSD
2021-08-02 00:08:22 获取到号码【1884110】的GSD为【辽宁-大连】
2021-08-02 00:08:48 GSD insert 第 1 次 等待 3 秒
2021-08-02 00:08:51 {"status":"ok","gid":473147,"msg":"添加成功！"}
2021-08-02 00:08:51 下次操作: 2021-08-02 00:09:08

2021-08-02 00:09:08 开始第 26 次操作

2021-08-02 00:09:08 开始操作号码 【1884109】
2021-08-02 00:10:14 GSD getOne 第 1 次 等待 3 秒
2021-08-02 00:10:17 查询号码 【1884109】，返回信息 {"status":"bad","msg":""}
2021-08-02 00:10:17 查询号码 【1884109】，GSD为【""】
2021-08-02 00:10:17 bad
2021-08-02 00:10:19 CHB 1884109?1627834217 第 1 次 等待 3 秒
2021-08-02 00:10:22 CHB 1884109?1627834217 第 1 次 获取到号码【1884109】GSD
2021-08-02 00:10:22 获取到号码【1884109】的GSD为【辽宁-铁岭】
2021-08-02 00:10:42 GSD insert 第 1 次 等待 3 秒
2021-08-02 00:10:45 {"status":"ok","gid":473164,"msg":"添加成功！"}
2021-08-02 00:10:45 下次操作: 2021-08-02 00:11:07

2021-08-02 00:11:07 开始第 27 次操作

2021-08-02 00:11:07 开始操作号码 【1884108】
2021-08-02 00:11:12 GSD getOne 第 1 次 等待 3 秒
2021-08-02 00:11:15 查询号码 【1884108】，返回信息 {"status":"bad","msg":""}
2021-08-02 00:11:15 查询号码 【1884108】，GSD为【""】
2021-08-02 00:11:15 bad
2021-08-02 00:11:16 CHB 1884108?1627834275 第 1 次 等待 3 秒
2021-08-02 00:11:19 CHB 1884108?1627834275 第 1 次 获取到号码【1884108】GSD
2021-08-02 00:11:19 获取到号码【1884108】的GSD为【辽宁-铁岭】
2021-08-02 00:11:38 GSD insert 第 1 次 等待 3 秒
2021-08-02 00:11:41 {"status":"ok","gid":473177,"msg":"添加成功！"}
2021-08-02 00:11:41 下次操作: 2021-08-02 00:12:01

2021-08-02 00:12:01 开始第 28 次操作

2021-08-02 00:12:01 开始操作号码 【1884107】
2021-08-02 00:12:05 GSD getOne 第 1 次 等待 3 秒
2021-08-02 00:12:08 查询号码 【1884107】，返回信息 {"status":"bad","msg":""}
2021-08-02 00:12:08 查询号码 【1884107】，GSD为【""】
2021-08-02 00:12:08 bad
2021-08-02 00:12:10 CHB 1884107?1627834328 第 1 次 等待 3 秒
2021-08-02 00:12:13 CHB 1884107?1627834328 第 1 次 获取到号码【1884107】GSD
2021-08-02 00:12:13 获取到号码【1884107】的GSD为【辽宁-铁岭】
2021-08-02 00:12:32 GSD insert 第 1 次 等待 3 秒
2021-08-02 00:12:35 {"status":"ok","gid":473189,"msg":"添加成功！"}
2021-08-02 00:12:35 下次操作: 2021-08-02 00:12:47

2021-08-02 00:12:47 开始第 29 次操作

2021-08-02 00:12:47 开始操作号码 【1884106】
2021-08-02 00:12:51 GSD getOne 第 1 次 等待 3 秒
2021-08-02 00:12:54 查询号码 【1884106】，返回信息 {"status":"bad","msg":""}
2021-08-02 00:12:54 查询号码 【1884106】，GSD为【""】
2021-08-02 00:12:54 bad
2021-08-02 00:12:57 CHB 1884106?1627834374 第 1 次 等待 3 秒
2021-08-02 00:13:00 CHB 1884106?1627834374 第 1 次 获取到号码【1884106】GSD
2021-08-02 00:13:00 获取到号码【1884106】的GSD为【辽宁-铁岭】
2021-08-02 00:13:11 GSD insert 第 1 次 等待 3 秒
2021-08-02 00:13:14 {"status":"ok","gid":473196,"msg":"添加成功！"}
2021-08-02 00:13:14 下次操作: 2021-08-02 00:13:37

2021-08-02 00:13:37 开始第 30 次操作

2021-08-02 00:13:37 开始操作号码 【1884105】
2021-08-02 00:14:03 GSD getOne 第 1 次 等待 3 秒
2021-08-02 00:14:06 查询号码 【1884105】，返回信息 {"status":"bad","msg":""}
2021-08-02 00:14:06 查询号码 【1884105】，GSD为【""】
2021-08-02 00:14:06 bad
2021-08-02 00:14:08 CHB 1884105?1627834446 第 1 次 等待 3 秒
2021-08-02 00:14:11 CHB 1884105?1627834446 第 1 次 获取到号码【1884105】GSD
2021-08-02 00:14:11 获取到号码【1884105】的GSD为【辽宁-铁岭】
2021-08-02 00:14:30 GSD insert 第 1 次 等待 3 秒
2021-08-02 00:14:33 {"status":"ok","gid":473207,"msg":"添加成功！"}
2021-08-02 00:14:33 下次操作: 2021-08-02 00:14:57

2021-08-02 00:14:57 开始第 31 次操作

2021-08-02 00:14:57 开始操作号码 【1884104】
2021-08-02 00:15:02 GSD getOne 第 1 次 等待 3 秒
2021-08-02 00:15:05 查询号码 【1884104】，返回信息 {"status":"bad","msg":""}
2021-08-02 00:15:05 查询号码 【1884104】，GSD为【""】
2021-08-02 00:15:05 bad
2021-08-02 00:15:06 CHB 1884104?1627834505 第 1 次 等待 3 秒
2021-08-02 00:15:09 CHB 1884104?1627834505 第 1 次 获取到号码【1884104】GSD
2021-08-02 00:15:09 获取到号码【1884104】的GSD为【辽宁-铁岭】
2021-08-02 00:16:30 GSD insert 第 1 次 等待 3 秒
2021-08-02 00:16:33 {"status":"ok","gid":473220,"msg":"添加成功！"}
2021-08-02 00:16:33 下次操作: 2021-08-02 00:16:49

2021-08-02 00:16:49 开始第 32 次操作

2021-08-02 00:16:49 开始操作号码 【1884103】
2021-08-02 00:16:57 GSD getOne 第 1 次 等待 3 秒
2021-08-02 00:17:00 查询号码 【1884103】，返回信息 {"status":"bad","msg":""}
2021-08-02 00:17:00 查询号码 【1884103】，GSD为【""】
2021-08-02 00:17:00 bad
2021-08-02 00:17:03 CHB 1884103?1627834620 第 1 次 等待 3 秒
2021-08-02 00:17:06 CHB 1884103?1627834620 第 1 次 获取到号码【1884103】GSD
2021-08-02 00:17:06 获取到号码【1884103】的GSD为【辽宁-铁岭】
2021-08-02 00:17:39 GSD insert 第 1 次 等待 3 秒
2021-08-02 00:17:42 {"status":"ok","gid":473228,"msg":"添加成功！"}
2021-08-02 00:17:42 下次操作: 2021-08-02 00:17:55

2021-08-02 00:17:55 开始第 33 次操作

2021-08-02 00:17:55 开始操作号码 【1884102】
2021-08-02 00:18:33 GSD getOne 第 1 次 等待 3 秒
2021-08-02 00:18:36 查询号码 【1884102】，返回信息 {"status":"bad","msg":""}
2021-08-02 00:18:36 查询号码 【1884102】，GSD为【""】
2021-08-02 00:18:36 bad
2021-08-02 00:18:38 CHB 1884102?1627834716 第 1 次 等待 3 秒
2021-08-02 00:18:41 CHB 1884102?1627834716 第 1 次 获取到号码【1884102】GSD
2021-08-02 00:18:41 获取到号码【1884102】的GSD为【辽宁-铁岭】
2021-08-02 00:19:23 GSD insert 第 1 次 等待 3 秒
2021-08-02 00:19:26 {"status":"ok","gid":473237,"msg":"添加成功！"}
2021-08-02 00:19:26 下次操作: 2021-08-02 00:19:49

2021-08-02 00:19:49 开始第 34 次操作

2021-08-02 00:19:49 开始操作号码 【1884101】
2021-08-02 00:19:57 GSD getOne 第 1 次 等待 3 秒
2021-08-02 00:20:00 查询号码 【1884101】，返回信息 {"status":"bad","msg":""}
2021-08-02 00:20:00 查询号码 【1884101】，GSD为【""】
2021-08-02 00:20:00 bad
2021-08-02 00:20:02 CHB 1884101?1627834800 第 1 次 等待 3 秒
2021-08-02 00:20:05 CHB 1884101?1627834800 第 1 次 获取到号码【1884101】GSD
2021-08-02 00:20:05 获取到号码【1884101】的GSD为【辽宁-铁岭】
2021-08-02 00:20:16 GSD insert 第 1 次 等待 3 秒
2021-08-02 00:20:19 {"status":"ok","gid":473242,"msg":"添加成功！"}
2021-08-02 00:20:19 下次操作: 2021-08-02 00:20:33

2021-08-02 00:20:33 开始第 35 次操作

2021-08-02 00:20:33 开始操作号码 【1884100】
2021-08-02 00:20:36 GSD getOne 第 1 次 等待 3 秒
2021-08-02 00:20:39 查询号码 【1884100】，返回信息 {"status":"bad","msg":""}
2021-08-02 00:20:39 查询号码 【1884100】，GSD为【""】
2021-08-02 00:20:39 bad
2021-08-02 00:20:41 CHB 1884100?1627834839 第 1 次 等待 3 秒
2021-08-02 00:20:44 CHB 1884100?1627834839 第 1 次 获取到号码【1884100】GSD
2021-08-02 00:20:44 获取到号码【1884100】的GSD为【辽宁-铁岭】
2021-08-02 00:21:03 GSD insert 第 1 次 等待 3 秒
2021-08-02 00:21:06 {"status":"ok","gid":473248,"msg":"添加成功！"}
2021-08-02 00:21:06 下次操作: 2021-08-02 00:21:24

2021-08-02 00:21:24 开始第 36 次操作

2021-08-02 00:21:24 开始操作号码 【1884099】
2021-08-02 00:21:33 GSD getOne 第 1 次 等待 3 秒
2021-08-02 00:21:36 查询号码 【1884099】，返回信息 {"status":"bad","msg":""}
2021-08-02 00:21:36 查询号码 【1884099】，GSD为【""】
2021-08-02 00:21:36 bad
2021-08-02 00:21:38 CHB 1884099?1627834896 第 1 次 等待 3 秒
2021-08-02 00:21:41 CHB 1884099?1627834896 第 1 次 获取到号码【1884099】GSD
2021-08-02 00:21:41 获取到号码【1884099】的GSD为【辽宁-大连】
2021-08-02 00:22:15 GSD insert 第 1 次 等待 3 秒
2021-08-02 00:22:18 {"status":"ok","gid":473256,"msg":"添加成功！"}
2021-08-02 00:22:19 下次操作: 2021-08-02 00:22:36

2021-08-02 00:22:36 开始第 37 次操作

2021-08-02 00:22:36 开始操作号码 【1884098】
2021-08-02 00:22:51 GSD getOne 第 1 次 等待 3 秒
2021-08-02 00:22:54 查询号码 【1884098】，返回信息 {"status":"bad","msg":""}
2021-08-02 00:22:54 查询号码 【1884098】，GSD为【""】
2021-08-02 00:22:54 bad
2021-08-02 00:22:59 CHB 1884098?1627834974 第 1 次 等待 3 秒
2021-08-02 00:23:02 CHB 1884098?1627834974 第 1 次 获取到号码【1884098】GSD
2021-08-02 00:23:02 获取到号码【1884098】的GSD为【辽宁-大连】
2021-08-02 00:23:13 GSD insert 第 1 次 等待 3 秒
2021-08-02 00:23:16 {"status":"ok","gid":473263,"msg":"添加成功！"}
2021-08-02 00:23:16 下次操作: 2021-08-02 00:23:40

2021-08-02 00:23:40 开始第 38 次操作

2021-08-02 00:23:40 开始操作号码 【1884097】
2021-08-02 00:23:49 GSD getOne 第 1 次 等待 3 秒
2021-08-02 00:23:52 查询号码 【1884097】，返回信息 {"status":"bad","msg":""}
2021-08-02 00:23:52 查询号码 【1884097】，GSD为【""】
2021-08-02 00:23:52 bad
2021-08-02 00:23:54 CHB 1884097?1627835032 第 1 次 等待 3 秒
2021-08-02 00:23:57 CHB 1884097?1627835032 第 1 次 获取到号码【1884097】GSD
2021-08-02 00:23:57 获取到号码【1884097】的GSD为【辽宁-大连】
2021-08-02 00:24:25 GSD insert 第 1 次 等待 3 秒
2021-08-02 00:24:28 {"status":"ok","gid":473268,"msg":"添加成功！"}
2021-08-02 00:24:28 下次操作: 2021-08-02 00:24:45

2021-08-02 00:24:45 开始第 39 次操作

2021-08-02 00:24:45 开始操作号码 【1884096】
2021-08-02 00:24:49 GSD getOne 第 1 次 等待 3 秒
2021-08-02 00:24:52 查询号码 【1884096】，返回信息 {"status":"bad","msg":""}
2021-08-02 00:24:52 查询号码 【1884096】，GSD为【""】
2021-08-02 00:24:52 bad
2021-08-02 00:24:53 CHB 1884096?1627835092 第 1 次 等待 3 秒
2021-08-02 00:24:56 CHB 1884096?1627835092 第 1 次 获取到号码【1884096】GSD
2021-08-02 00:24:56 获取到号码【1884096】的GSD为【辽宁-大连】
2021-08-02 00:25:20 GSD insert 第 1 次 等待 3 秒
2021-08-02 00:25:23 {"status":"ok","gid":473272,"msg":"添加成功！"}
2021-08-02 00:25:23 下次操作: 2021-08-02 00:25:38

2021-08-02 00:25:38 开始第 40 次操作

2021-08-02 00:25:38 开始操作号码 【1884095】
2021-08-02 00:25:47 GSD getOne 第 1 次 等待 3 秒
2021-08-02 00:25:50 查询号码 【1884095】，返回信息 {"status":"bad","msg":""}
2021-08-02 00:25:50 查询号码 【1884095】，GSD为【""】
2021-08-02 00:25:50 bad
2021-08-02 00:25:55 CHB 1884095?1627835150 第 1 次 等待 3 秒
2021-08-02 00:25:58 CHB 1884095?1627835150 第 1 次 获取到号码【1884095】GSD
2021-08-02 00:25:58 获取到号码【1884095】的GSD为【辽宁-大连】
2021-08-02 00:26:09 GSD insert 第 1 次 等待 3 秒
2021-08-02 00:26:12 {"status":"ok","gid":473277,"msg":"添加成功！"}

