2024-12-12 00:29:35 开始第 9153 次操作

2024-12-12 00:29:35 开始操作号码 【1329152】
2024-12-12 00:29:36 GSD getOne 第 1 次 等待 3 秒
2024-12-12 00:29:39 查询号码 【1329152】，返回信息 {"status":"ok","msg":"浙江-嘉兴","gid":"207890","time_insert":"2021-07-06 18:04"}
2024-12-12 00:29:40 查询号码 【1329152】，GSD为【"浙江-嘉兴"】

2024-12-12 00:29:41 开始第 9154 次操作

2024-12-12 00:29:41 开始操作号码 【1329153】
2024-12-12 00:29:42 GSD getOne 第 1 次 等待 3 秒
2024-12-12 00:29:45 查询号码 【1329153】，返回信息 {"status":"ok","msg":"浙江-嘉兴","gid":"207883","time_insert":"2021-07-06 18:04"}
2024-12-12 00:29:45 查询号码 【1329153】，GSD为【"浙江-嘉兴"】

2024-12-12 00:29:46 开始第 9155 次操作

2024-12-12 00:29:46 开始操作号码 【1329154】
2024-12-12 00:29:47 GSD getOne 第 1 次 等待 3 秒
2024-12-12 00:29:50 查询号码 【1329154】，返回信息 {"status":"ok","msg":"浙江-嘉兴","gid":"207877","time_insert":"2021-07-06 18:03"}
2024-12-12 00:29:50 查询号码 【1329154】，GSD为【"浙江-嘉兴"】

2024-12-12 00:29:51 开始第 9156 次操作

2024-12-12 00:29:51 开始操作号码 【1329155】
2024-12-12 00:29:52 GSD getOne 第 1 次 等待 3 秒
2024-12-12 00:29:55 查询号码 【1329155】，返回信息 {"status":"ok","msg":"浙江-绍兴","gid":"207873","time_insert":"2021-07-06 18:02"}
2024-12-12 00:29:55 查询号码 【1329155】，GSD为【"浙江-绍兴"】

2024-12-12 00:51:18 开始第 9157 次操作

2024-12-12 00:51:18 开始操作号码 【1329156】
2024-12-12 00:51:20 GSD getOne 第 1 次 等待 3 秒
2024-12-12 00:51:23 查询号码 【1329156】，返回信息 {"status":"ok","msg":"浙江-温州","gid":"207867","time_insert":"2021-07-06 18:01"}
2024-12-12 00:51:23 查询号码 【1329156】，GSD为【"浙江-温州"】

2024-12-12 00:51:24 开始第 9158 次操作

2024-12-12 00:51:24 开始操作号码 【1329157】
2024-12-12 00:51:25 GSD getOne 第 1 次 等待 3 秒
2024-12-12 00:51:28 查询号码 【1329157】，返回信息 {"status":"ok","msg":"浙江-金华","gid":"207859","time_insert":"2021-07-06 18:01"}
2024-12-12 00:51:28 查询号码 【1329157】，GSD为【"浙江-金华"】

2024-12-12 00:51:29 开始第 9159 次操作

2024-12-12 00:51:29 开始操作号码 【1329158】
2024-12-12 00:51:30 GSD getOne 第 1 次 等待 3 秒
2024-12-12 00:51:33 查询号码 【1329158】，返回信息 {"status":"ok","msg":"浙江-金华","gid":"207854","time_insert":"2021-07-06 18:00"}
2024-12-12 00:51:33 查询号码 【1329158】，GSD为【"浙江-金华"】

2024-12-12 00:51:34 开始第 9160 次操作

2024-12-12 00:51:34 开始操作号码 【1329159】
2024-12-12 00:51:36 GSD getOne 第 1 次 等待 3 秒
2024-12-12 00:51:39 查询号码 【1329159】，返回信息 {"status":"ok","msg":"浙江-金华","gid":"207850","time_insert":"2021-07-06 17:59"}
2024-12-12 00:51:39 查询号码 【1329159】，GSD为【"浙江-金华"】

