2024-10-24 00:26:37 开始第 1085 次操作

2024-10-24 00:26:37 开始操作号码 【1321084】
2024-10-24 00:26:39 GSD getOne 第 1 次 等待 3 秒
2024-10-24 00:26:42 查询号码 【1321084】，返回信息 {"status":"ok","msg":"山东-青岛","gid":"65249","time_insert":"2021-05-23 03:15"}
2024-10-24 00:26:42 查询号码 【1321084】，GSD为【"山东-青岛"】

2024-10-24 00:26:43 开始第 1086 次操作

2024-10-24 00:26:43 开始操作号码 【1321085】
2024-10-24 00:26:44 GSD getOne 第 1 次 等待 3 秒
2024-10-24 00:26:47 查询号码 【1321085】，返回信息 {"status":"ok","msg":"山东-青岛","gid":"65263","time_insert":"2021-05-23 03:37"}
2024-10-24 00:26:47 查询号码 【1321085】，GSD为【"山东-青岛"】

2024-10-24 00:26:48 开始第 1087 次操作

2024-10-24 00:26:48 开始操作号码 【1321086】
2024-10-24 00:26:49 GSD getOne 第 1 次 等待 3 秒
2024-10-24 00:26:52 查询号码 【1321086】，返回信息 {"status":"ok","msg":"山东-青岛","gid":"65278","time_insert":"2021-05-23 04:02"}
2024-10-24 00:26:52 查询号码 【1321086】，GSD为【"山东-青岛"】

2024-10-24 00:26:53 开始第 1088 次操作

2024-10-24 00:26:53 开始操作号码 【1321087】
2024-10-24 00:26:54 GSD getOne 第 1 次 等待 3 秒
2024-10-24 00:26:57 查询号码 【1321087】，返回信息 {"status":"ok","msg":"山东-青岛","gid":"65295","time_insert":"2021-05-23 04:27"}
2024-10-24 00:26:57 查询号码 【1321087】，GSD为【"山东-青岛"】

2024-10-24 00:47:50 开始第 1089 次操作

2024-10-24 00:47:50 开始操作号码 【1321088】
2024-10-24 00:47:51 GSD getOne 第 1 次 等待 3 秒
2024-10-24 00:47:54 查询号码 【1321088】，返回信息 {"status":"ok","msg":"山东-青岛","gid":"65310","time_insert":"2021-05-23 04:50"}
2024-10-24 00:47:54 查询号码 【1321088】，GSD为【"山东-青岛"】

2024-10-24 00:47:55 开始第 1090 次操作

2024-10-24 00:47:55 开始操作号码 【1321089】
2024-10-24 00:47:56 GSD getOne 第 1 次 等待 3 秒
2024-10-24 00:47:59 查询号码 【1321089】，返回信息 {"status":"ok","msg":"山东-青岛","gid":"65325","time_insert":"2021-05-23 05:08"}
2024-10-24 00:47:59 查询号码 【1321089】，GSD为【"山东-青岛"】

2024-10-24 00:48:00 开始第 1091 次操作

2024-10-24 00:48:00 开始操作号码 【1321090】
2024-10-24 00:48:01 GSD getOne 第 1 次 等待 3 秒
2024-10-24 00:48:04 查询号码 【1321090】，返回信息 {"status":"ok","msg":"山东-威海","gid":"65341","time_insert":"2021-05-23 05:35"}
2024-10-24 00:48:04 查询号码 【1321090】，GSD为【"山东-威海"】

2024-10-24 00:48:05 开始第 1092 次操作

2024-10-24 00:48:05 开始操作号码 【1321091】
2024-10-24 00:48:06 GSD getOne 第 1 次 等待 3 秒
2024-10-24 00:48:09 查询号码 【1321091】，返回信息 {"status":"ok","msg":"山东-烟台","gid":"65359","time_insert":"2021-05-23 06:00"}
2024-10-24 00:48:09 查询号码 【1321091】，GSD为【"山东-烟台"】

