2024-07-28 00:14:25 开始第 8513 次操作

2024-07-28 00:14:25 开始操作号码 【1538395】
2024-07-28 00:14:34 GSD getOne 第 1 次 等待 3 秒
2024-07-28 00:14:37 查询号码 【1538395】，返回信息 {"status":"ok","msg":"河北-唐山","gid":"382447","time_insert":"2021-07-24 22:54"}
2024-07-28 00:14:37 查询号码 【1538395】，GSD为【"河北-唐山"】

2024-07-28 00:14:38 开始第 8514 次操作

2024-07-28 00:14:38 开始操作号码 【1538396】
2024-07-28 00:14:45 GSD getOne 第 1 次 等待 3 秒
2024-07-28 00:14:48 查询号码 【1538396】，返回信息 {"status":"ok","msg":"河北-廊坊","gid":"382437","time_insert":"2021-07-24 22:53"}
2024-07-28 00:14:48 查询号码 【1538396】，GSD为【"河北-廊坊"】

2024-07-28 00:14:49 开始第 8515 次操作

2024-07-28 00:14:49 开始操作号码 【1538397】
2024-07-28 00:15:01 GSD getOne 第 1 次 等待 3 秒
2024-07-28 00:15:04 查询号码 【1538397】，返回信息 {"status":"ok","msg":"河北-沧州","gid":"382425","time_insert":"2021-07-24 22:52"}
2024-07-28 00:15:04 查询号码 【1538397】，GSD为【"河北-沧州"】

2024-07-28 00:15:05 开始第 8516 次操作

2024-07-28 00:15:05 开始操作号码 【1538398】
2024-07-28 00:15:13 GSD getOne 第 1 次 等待 3 秒
2024-07-28 00:15:16 查询号码 【1538398】，返回信息 {"status":"ok","msg":"河北-秦皇岛","gid":"382415","time_insert":"2021-07-24 22:51"}
2024-07-28 00:15:16 查询号码 【1538398】，GSD为【"河北-秦皇岛"】

