2023-12-22 00:13:40 开始第 4621 次操作

2023-12-22 00:13:40 开始操作号码 【1864514】
2023-12-22 00:13:44 GSD getOne 第 1 次 等待 3 秒
2023-12-22 00:13:47 查询号码 【1864514】，返回信息 {"status":"ok","msg":"黑龙江-哈尔滨","gid":"465342","time_insert":"2021-08-01 07:50"}
2023-12-22 00:13:47 查询号码 【1864514】，GSD为【"黑龙江-哈尔滨"】

2023-12-22 00:13:48 开始第 4622 次操作

2023-12-22 00:13:48 开始操作号码 【1864515】
2023-12-22 00:13:52 GSD getOne 第 1 次 等待 3 秒
2023-12-22 00:13:55 查询号码 【1864515】，返回信息 {"status":"ok","msg":"黑龙江-鹤岗","gid":"465329","time_insert":"2021-08-01 07:49"}
2023-12-22 00:13:55 查询号码 【1864515】，GSD为【"黑龙江-鹤岗"】

2023-12-22 00:13:56 开始第 4623 次操作

2023-12-22 00:13:56 开始操作号码 【1864516】
2023-12-22 00:14:00 GSD getOne 第 1 次 等待 3 秒
2023-12-22 00:14:03 查询号码 【1864516】，返回信息 {"status":"ok","msg":"黑龙江-双鸭山","gid":"465319","time_insert":"2021-08-01 07:49"}
2023-12-22 00:14:03 查询号码 【1864516】，GSD为【"黑龙江-双鸭山"】

2023-12-22 00:14:04 开始第 4624 次操作

2023-12-22 00:14:04 开始操作号码 【1864517】
2023-12-22 00:14:08 GSD getOne 第 1 次 等待 3 秒
2023-12-22 00:14:11 查询号码 【1864517】，返回信息 {"status":"ok","msg":"黑龙江-哈尔滨","gid":"465310","time_insert":"2021-08-01 07:48"}
2023-12-22 00:14:11 查询号码 【1864517】，GSD为【"黑龙江-哈尔滨"】

