2024-10-07 00:15:45 开始第 8457 次操作

2024-10-07 00:15:45 开始操作号码 【1428453】
2024-10-07 00:16:02 GSD getOne 第 1 次 等待 3 秒
2024-10-07 00:16:05 查询号码 【1428453】，返回信息 {"status":"ok","msg":"-","gid":"693955","time_insert":"2023-05-05 23:24"}
2024-10-07 00:16:05 查询号码 【1428453】，GSD为【"-"】
2024-10-07 00:16:05 ok && -
2024-10-07 00:16:07 CHB 1428453?1728231365 第 1 次 等待 3 秒
2024-10-07 00:16:10 CHB 1428453?1728231365 第 1 次 获取到号码【1428453】GSD
2024-10-07 00:16:10 未获取到号码【1428453】GSD，可能号码格式错误
2024-10-07 00:16:10 获取到号码【1428453】的GSD为【-】
2024-10-07 00:16:13 GSD insert 第 1 次 等待 3 秒
2024-10-07 00:16:16 {"status":"bad","gid":"693955","msg":"添加失败！号码【1428453(-|-)】已存在！"}
2024-10-07 00:16:16 随机等待 102 秒，约 1 分钟
2024-10-07 00:16:16 下次操作: 2024-10-07 00:17:58

2024-10-07 00:17:58 开始第 8458 次操作

2024-10-07 00:17:58 开始操作号码 【1428454】
2024-10-07 00:18:05 GSD getOne 第 1 次 等待 3 秒
2024-10-07 00:18:08 查询号码 【1428454】，返回信息 {"status":"ok","msg":"-","gid":"693974","time_insert":"2023-05-05 23:46"}
2024-10-07 00:18:08 查询号码 【1428454】，GSD为【"-"】
2024-10-07 00:18:08 ok && -
2024-10-07 00:18:10 CHB 1428454?1728231488 第 1 次 等待 3 秒
2024-10-07 00:18:13 CHB 1428454?1728231488 第 1 次 获取到号码【1428454】GSD
2024-10-07 00:18:13 未获取到号码【1428454】GSD，可能号码格式错误
2024-10-07 00:18:13 获取到号码【1428454】的GSD为【-】
2024-10-07 00:18:15 GSD insert 第 1 次 等待 3 秒
2024-10-07 00:18:18 {"status":"bad","gid":"693974","msg":"添加失败！号码【1428454(-|-)】已存在！"}
2024-10-07 00:18:18 随机等待 191 秒，约 3 分钟
2024-10-07 00:18:18 下次操作: 2024-10-07 00:21:29

2024-10-07 00:21:29 开始第 8459 次操作

2024-10-07 00:21:29 开始操作号码 【1428455】
2024-10-07 00:21:31 GSD getOne 第 1 次 等待 3 秒
2024-10-07 00:21:34 查询号码 【1428455】，返回信息 {"status":"ok","msg":"-","gid":"693997","time_insert":"2023-05-06 00:09"}
2024-10-07 00:21:34 查询号码 【1428455】，GSD为【"-"】
2024-10-07 00:21:34 ok && -
2024-10-07 00:21:37 CHB 1428455?1728231694 第 1 次 等待 3 秒
2024-10-07 00:21:40 CHB 1428455?1728231694 第 1 次 获取到号码【1428455】GSD
2024-10-07 00:21:40 未获取到号码【1428455】GSD，可能号码格式错误
2024-10-07 00:21:40 获取到号码【1428455】的GSD为【-】
2024-10-07 00:21:41 GSD insert 第 1 次 等待 3 秒
2024-10-07 00:21:44 {"status":"bad","gid":"693997","msg":"添加失败！号码【1428455(-|-)】已存在！"}
2024-10-07 00:21:44 随机等待 184 秒，约 3 分钟
2024-10-07 00:21:44 下次操作: 2024-10-07 00:24:48

2024-10-07 00:24:48 开始第 8460 次操作

2024-10-07 00:24:48 开始操作号码 【1428456】
2024-10-07 00:24:50 GSD getOne 第 1 次 等待 3 秒
2024-10-07 00:24:53 查询号码 【1428456】，返回信息 {"status":"ok","msg":"-","gid":"694006","time_insert":"2023-05-06 00:19"}
2024-10-07 00:24:53 查询号码 【1428456】，GSD为【"-"】
2024-10-07 00:24:53 ok && -
2024-10-07 00:24:55 CHB 1428456?1728231893 第 1 次 等待 3 秒
2024-10-07 00:24:58 CHB 1428456?1728231893 第 1 次 获取到号码【1428456】GSD
2024-10-07 00:24:58 未获取到号码【1428456】GSD，可能号码格式错误
2024-10-07 00:24:58 获取到号码【1428456】的GSD为【-】
2024-10-07 00:25:00 GSD insert 第 1 次 等待 3 秒
2024-10-07 00:25:03 {"status":"bad","gid":"694006","msg":"添加失败！号码【1428456(-|-)】已存在！"}

