2023-12-29 00:12:57 开始第 5909 次操作

2023-12-29 00:12:57 开始操作号码 【1865802】
2023-12-29 00:13:02 GSD getOne 第 1 次 等待 3 秒
2023-12-29 00:13:05 查询号码 【1865802】，返回信息 {"status":"ok","msg":"浙江-舟山","gid":"450167","time_insert":"2021-07-31 00:30"}
2023-12-29 00:13:05 查询号码 【1865802】，GSD为【"浙江-舟山"】

2023-12-29 00:13:06 开始第 5910 次操作

2023-12-29 00:13:06 开始操作号码 【1865803】
2023-12-29 00:13:09 GSD getOne 第 1 次 等待 3 秒
2023-12-29 00:13:12 查询号码 【1865803】，返回信息 {"status":"ok","msg":"浙江-舟山","gid":"40865","time_insert":"2019-02-02 16:26","time_update":"2020-09-02 23:02"}
2023-12-29 00:13:12 查询号码 【1865803】，GSD为【"浙江-舟山"】

2023-12-29 00:13:13 开始第 5911 次操作

2023-12-29 00:13:13 开始操作号码 【1865804】
2023-12-29 00:13:17 GSD getOne 第 1 次 等待 3 秒
2023-12-29 00:13:20 查询号码 【1865804】，返回信息 {"status":"ok","msg":"浙江-舟山","gid":"450161","time_insert":"2021-07-31 00:28"}
2023-12-29 00:13:20 查询号码 【1865804】，GSD为【"浙江-舟山"】

2023-12-29 00:13:21 开始第 5912 次操作

2023-12-29 00:13:21 开始操作号码 【1865805】
2023-12-29 00:13:25 GSD getOne 第 1 次 等待 3 秒
2023-12-29 00:13:28 查询号码 【1865805】，返回信息 {"status":"ok","msg":"浙江-舟山","gid":"450155","time_insert":"2021-07-31 00:28"}
2023-12-29 00:13:28 查询号码 【1865805】，GSD为【"浙江-舟山"】

2023-12-29 00:37:59 开始第 5913 次操作

2023-12-29 00:37:59 开始操作号码 【1865806】
2023-12-29 00:38:03 GSD getOne 第 1 次 等待 3 秒
2023-12-29 00:38:06 查询号码 【1865806】，返回信息 {"status":"ok","msg":"浙江-舟山","gid":"450151","time_insert":"2021-07-31 00:27"}
2023-12-29 00:38:06 查询号码 【1865806】，GSD为【"浙江-舟山"】

2023-12-29 00:38:07 开始第 5914 次操作

2023-12-29 00:38:07 开始操作号码 【1865807】
2023-12-29 00:38:11 GSD getOne 第 1 次 等待 3 秒
2023-12-29 00:38:14 查询号码 【1865807】，返回信息 {"status":"ok","msg":"浙江-舟山","gid":"450143","time_insert":"2021-07-31 00:26"}
2023-12-29 00:38:14 查询号码 【1865807】，GSD为【"浙江-舟山"】

2023-12-29 00:38:15 开始第 5915 次操作

2023-12-29 00:38:15 开始操作号码 【1865808】
2023-12-29 00:38:18 GSD getOne 第 1 次 等待 3 秒
2023-12-29 00:38:21 查询号码 【1865808】，返回信息 {"status":"ok","msg":"浙江-舟山","gid":"450142","time_insert":"2021-07-31 00:25"}
2023-12-29 00:38:21 查询号码 【1865808】，GSD为【"浙江-舟山"】

2023-12-29 00:38:22 开始第 5916 次操作

2023-12-29 00:38:23 开始操作号码 【1865809】
2023-12-29 00:38:26 GSD getOne 第 1 次 等待 3 秒
2023-12-29 00:38:29 查询号码 【1865809】，返回信息 {"status":"ok","msg":"浙江-舟山","gid":"450136","time_insert":"2021-07-31 00:24"}
2023-12-29 00:38:29 查询号码 【1865809】，GSD为【"浙江-舟山"】

