2024-09-16 00:16:35 开始第 4833 次操作

2024-09-16 00:16:35 开始操作号码 【1424831】
2024-09-16 00:16:44 GSD getOne 第 1 次 等待 3 秒
2024-09-16 00:16:47 查询号码 【1424831】，返回信息 {"status":"ok","msg":"-","gid":"617855","time_insert":"2023-03-27 12:14"}
2024-09-16 00:16:47 查询号码 【1424831】，GSD为【"-"】
2024-09-16 00:16:47 ok && -
2024-09-16 00:16:49 CHB 1424831?1726417007 第 1 次 等待 3 秒
2024-09-16 00:16:52 CHB 1424831?1726417007 第 1 次 获取到号码【1424831】GSD
2024-09-16 00:16:52 未获取到号码【1424831】GSD，可能号码格式错误
2024-09-16 00:16:52 获取到号码【1424831】的GSD为【-】
2024-09-16 00:17:01 GSD insert 第 1 次 等待 3 秒
2024-09-16 00:17:04 {"status":"bad","gid":"617855","msg":"添加失败！号码【1424831(-|-)】已存在！"}
2024-09-16 00:17:04 随机等待 224 秒，约 3 分钟
2024-09-16 00:17:04 下次操作: 2024-09-16 00:20:48

2024-09-16 00:20:48 开始第 4834 次操作

2024-09-16 00:20:48 开始操作号码 【1424832】
2024-09-16 00:20:56 GSD getOne 第 1 次 等待 3 秒
2024-09-16 00:20:59 查询号码 【1424832】，返回信息 {"status":"ok","msg":"-","gid":"617889","time_insert":"2023-03-27 12:35"}
2024-09-16 00:20:59 查询号码 【1424832】，GSD为【"-"】
2024-09-16 00:20:59 ok && -
2024-09-16 00:21:01 CHB 1424832?1726417259 第 1 次 等待 3 秒
2024-09-16 00:21:04 CHB 1424832?1726417259 第 1 次 获取到号码【1424832】GSD
2024-09-16 00:21:04 未获取到号码【1424832】GSD，可能号码格式错误
2024-09-16 00:21:04 获取到号码【1424832】的GSD为【-】
2024-09-16 00:21:13 GSD insert 第 1 次 等待 3 秒
2024-09-16 00:21:16 {"status":"bad","gid":"617889","msg":"添加失败！号码【1424832(-|-)】已存在！"}
2024-09-16 00:21:16 随机等待 191 秒，约 3 分钟
2024-09-16 00:21:16 下次操作: 2024-09-16 00:24:27

2024-09-16 00:24:27 开始第 4835 次操作

2024-09-16 00:24:27 开始操作号码 【1424833】
2024-09-16 00:24:35 GSD getOne 第 1 次 等待 3 秒
2024-09-16 00:24:38 查询号码 【1424833】，返回信息 {"status":"ok","msg":"-","gid":"617916","time_insert":"2023-03-27 12:53"}
2024-09-16 00:24:38 查询号码 【1424833】，GSD为【"-"】
2024-09-16 00:24:38 ok && -
2024-09-16 00:24:40 CHB 1424833?1726417478 第 1 次 等待 3 秒
2024-09-16 00:24:43 CHB 1424833?1726417478 第 1 次 获取到号码【1424833】GSD
2024-09-16 00:24:43 未获取到号码【1424833】GSD，可能号码格式错误
2024-09-16 00:24:43 获取到号码【1424833】的GSD为【-】
2024-09-16 00:24:51 GSD insert 第 1 次 等待 3 秒
2024-09-16 00:24:54 {"status":"bad","gid":"617916","msg":"添加失败！号码【1424833(-|-)】已存在！"}
2024-09-16 00:24:54 随机等待 75 秒，约 1 分钟
2024-09-16 00:24:54 下次操作: 2024-09-16 00:26:09

2024-09-16 00:26:09 开始第 4836 次操作

2024-09-16 00:26:09 开始操作号码 【1424834】
2024-09-16 00:26:17 GSD getOne 第 1 次 等待 3 秒
2024-09-16 00:26:20 查询号码 【1424834】，返回信息 {"status":"ok","msg":"-","gid":"617931","time_insert":"2023-03-27 13:05"}
2024-09-16 00:26:20 查询号码 【1424834】，GSD为【"-"】
2024-09-16 00:26:20 ok && -
2024-09-16 00:26:22 CHB 1424834?1726417580 第 1 次 等待 3 秒
2024-09-16 00:26:25 CHB 1424834?1726417580 第 1 次 获取到号码【1424834】GSD
2024-09-16 00:26:25 未获取到号码【1424834】GSD，可能号码格式错误
2024-09-16 00:26:25 获取到号码【1424834】的GSD为【-】
2024-09-16 00:26:34 GSD insert 第 1 次 等待 3 秒
2024-09-16 00:26:37 {"status":"bad","gid":"617931","msg":"添加失败！号码【1424834(-|-)】已存在！"}

2024-09-16 00:41:18 开始第 4837 次操作

2024-09-16 00:41:18 开始操作号码 【1424835】
2024-09-16 00:41:26 GSD getOne 第 1 次 等待 3 秒
2024-09-16 00:41:29 查询号码 【1424835】，返回信息 {"status":"ok","msg":"-","gid":"617945","time_insert":"2023-03-27 13:13"}
2024-09-16 00:41:29 查询号码 【1424835】，GSD为【"-"】
2024-09-16 00:41:29 ok && -
2024-09-16 00:41:30 CHB 1424835?1726418489 第 1 次 等待 3 秒
2024-09-16 00:41:33 CHB 1424835?1726418489 第 1 次 获取到号码【1424835】GSD
2024-09-16 00:41:33 未获取到号码【1424835】GSD，可能号码格式错误
2024-09-16 00:41:33 获取到号码【1424835】的GSD为【-】
2024-09-16 00:41:42 GSD insert 第 1 次 等待 3 秒
2024-09-16 00:41:45 {"status":"bad","gid":"617945","msg":"添加失败！号码【1424835(-|-)】已存在！"}
2024-09-16 00:41:45 随机等待 88 秒，约 1 分钟
2024-09-16 00:41:45 下次操作: 2024-09-16 00:43:13

2024-09-16 00:43:13 开始第 4838 次操作

2024-09-16 00:43:13 开始操作号码 【1424836】
2024-09-16 00:43:27 GSD getOne 第 1 次 等待 3 秒
2024-09-16 00:43:30 查询号码 【1424836】，返回信息 {"status":"ok","msg":"-","gid":"617966","time_insert":"2023-03-27 13:28"}
2024-09-16 00:43:30 查询号码 【1424836】，GSD为【"-"】
2024-09-16 00:43:30 ok && -
2024-09-16 00:43:32 CHB 1424836?1726418610 第 1 次 等待 3 秒
2024-09-16 00:43:35 CHB 1424836?1726418610 第 1 次 获取到号码【1424836】GSD
2024-09-16 00:43:35 未获取到号码【1424836】GSD，可能号码格式错误
2024-09-16 00:43:35 获取到号码【1424836】的GSD为【-】
2024-09-16 00:43:43 GSD insert 第 1 次 等待 3 秒
2024-09-16 00:43:46 {"status":"bad","gid":"617966","msg":"添加失败！号码【1424836(-|-)】已存在！"}
2024-09-16 00:43:46 随机等待 184 秒，约 3 分钟
2024-09-16 00:43:46 下次操作: 2024-09-16 00:46:50

2024-09-16 00:46:50 开始第 4839 次操作

2024-09-16 00:46:50 开始操作号码 【1424837】
2024-09-16 00:46:58 GSD getOne 第 1 次 等待 3 秒
2024-09-16 00:47:01 查询号码 【1424837】，返回信息 {"status":"ok","msg":"-","gid":"617998","time_insert":"2023-03-27 13:46"}
2024-09-16 00:47:01 查询号码 【1424837】，GSD为【"-"】
2024-09-16 00:47:01 ok && -
2024-09-16 00:47:03 CHB 1424837?1726418821 第 1 次 等待 3 秒
2024-09-16 00:47:06 CHB 1424837?1726418821 第 1 次 获取到号码【1424837】GSD
2024-09-16 00:47:06 未获取到号码【1424837】GSD，可能号码格式错误
2024-09-16 00:47:06 获取到号码【1424837】的GSD为【-】
2024-09-16 00:47:13 GSD insert 第 1 次 等待 3 秒
2024-09-16 00:47:16 {"status":"bad","gid":"617998","msg":"添加失败！号码【1424837(-|-)】已存在！"}
2024-09-16 00:47:16 随机等待 183 秒，约 3 分钟
2024-09-16 00:47:16 下次操作: 2024-09-16 00:50:19

2024-09-16 00:50:19 开始第 4840 次操作

2024-09-16 00:50:19 开始操作号码 【1424838】
2024-09-16 00:50:26 GSD getOne 第 1 次 等待 3 秒
2024-09-16 00:50:29 查询号码 【1424838】，返回信息 {"status":"ok","msg":"-","gid":"618027","time_insert":"2023-03-27 14:06"}
2024-09-16 00:50:29 查询号码 【1424838】，GSD为【"-"】
2024-09-16 00:50:29 ok && -
2024-09-16 00:50:31 CHB 1424838?1726419029 第 1 次 等待 3 秒
2024-09-16 00:50:34 CHB 1424838?1726419029 第 1 次 获取到号码【1424838】GSD
2024-09-16 00:50:34 未获取到号码【1424838】GSD，可能号码格式错误
2024-09-16 00:50:34 获取到号码【1424838】的GSD为【-】
2024-09-16 00:50:45 GSD insert 第 1 次 等待 3 秒
2024-09-16 00:50:48 {"status":"bad","gid":"618027","msg":"添加失败！号码【1424838(-|-)】已存在！"}

