2024-06-14 00:16:03 开始第 589 次操作

2024-06-14 00:16:03 开始操作号码 【1530472】
2024-06-14 00:16:13 GSD getOne 第 1 次 等待 3 秒
2024-06-14 00:16:16 查询号码 【1530472】，返回信息 {"status":"ok","msg":"内蒙古-包头","gid":"88920","time_insert":"2021-06-10 02:22"}
2024-06-14 00:16:16 查询号码 【1530472】，GSD为【"内蒙古-包头"】

2024-06-14 00:16:17 开始第 590 次操作

2024-06-14 00:16:17 开始操作号码 【1530473】
2024-06-14 00:16:24 GSD getOne 第 1 次 等待 3 秒
2024-06-14 00:16:27 查询号码 【1530473】，返回信息 {"status":"ok","msg":"内蒙古-乌海","gid":"88941","time_insert":"2021-06-10 02:41"}
2024-06-14 00:16:27 查询号码 【1530473】，GSD为【"内蒙古-乌海"】

2024-06-14 00:16:28 开始第 591 次操作

2024-06-14 00:16:28 开始操作号码 【1530474】
2024-06-14 00:16:37 GSD getOne 第 1 次 等待 3 秒
2024-06-14 00:16:40 查询号码 【1530474】，返回信息 {"status":"ok","msg":"内蒙古-乌兰察布","gid":"88961","time_insert":"2021-06-10 03:00"}
2024-06-14 00:16:40 查询号码 【1530474】，GSD为【"内蒙古-乌兰察布"】

2024-06-14 00:16:41 开始第 592 次操作

2024-06-14 00:16:41 开始操作号码 【1530475】
2024-06-14 00:16:50 GSD getOne 第 1 次 等待 3 秒
2024-06-14 00:16:53 查询号码 【1530475】，返回信息 {"status":"ok","msg":"内蒙古-通辽","gid":"88982","time_insert":"2021-06-10 03:20"}
2024-06-14 00:16:53 查询号码 【1530475】，GSD为【"内蒙古-通辽"】

2024-06-14 00:40:05 开始第 593 次操作

2024-06-14 00:40:05 开始操作号码 【1530476】
2024-06-14 00:40:22 GSD getOne 第 1 次 等待 3 秒
2024-06-14 00:40:25 查询号码 【1530476】，返回信息 {"status":"ok","msg":"内蒙古-赤峰","gid":"89002","time_insert":"2021-06-10 03:37"}
2024-06-14 00:40:25 查询号码 【1530476】，GSD为【"内蒙古-赤峰"】

2024-06-14 00:40:26 开始第 594 次操作

2024-06-14 00:40:26 开始操作号码 【1530477】
2024-06-14 00:40:36 GSD getOne 第 1 次 等待 3 秒
2024-06-14 00:40:39 查询号码 【1530477】，返回信息 {"status":"ok","msg":"内蒙古-鄂尔多斯","gid":"89023","time_insert":"2021-06-10 03:55"}
2024-06-14 00:40:39 查询号码 【1530477】，GSD为【"内蒙古-鄂尔多斯"】

2024-06-14 00:40:40 开始第 595 次操作

2024-06-14 00:40:40 开始操作号码 【1530478】
2024-06-14 00:40:46 GSD getOne 第 1 次 等待 3 秒
2024-06-14 00:40:49 查询号码 【1530478】，返回信息 {"status":"ok","msg":"内蒙古-巴彦淖尔","gid":"89040","time_insert":"2021-06-10 04:10"}
2024-06-14 00:40:49 查询号码 【1530478】，GSD为【"内蒙古-巴彦淖尔"】

2024-06-14 00:40:50 开始第 596 次操作

2024-06-14 00:40:50 开始操作号码 【1530479】
2024-06-14 00:40:56 GSD getOne 第 1 次 等待 3 秒
2024-06-14 00:40:59 查询号码 【1530479】，返回信息 {"status":"ok","msg":"内蒙古-锡林郭勒","gid":"89061","time_insert":"2021-06-10 04:26"}
2024-06-14 00:40:59 查询号码 【1530479】，GSD为【"内蒙古-锡林郭勒"】

