2024-07-11 00:14:41 开始第 5465 次操作

2024-07-11 00:14:41 开始操作号码 【1535347】
2024-07-11 00:14:49 GSD getOne 第 1 次 等待 3 秒
2024-07-11 00:14:52 查询号码 【1535347】，返回信息 {"status":"ok","msg":"陕西-汉中","gid":"419116","time_insert":"2021-07-28 01:14"}
2024-07-11 00:14:52 查询号码 【1535347】，GSD为【"陕西-汉中"】

2024-07-11 00:14:53 开始第 5466 次操作

2024-07-11 00:14:53 开始操作号码 【1535348】
2024-07-11 00:15:01 GSD getOne 第 1 次 等待 3 秒
2024-07-11 00:15:04 查询号码 【1535348】，返回信息 {"status":"ok","msg":"陕西-榆林","gid":"21167","time_insert":"2020-08-04 14:03","time_update":"2020-12-09 09:24"}
2024-07-11 00:15:04 查询号码 【1535348】，GSD为【"陕西-榆林"】

2024-07-11 00:15:05 开始第 5467 次操作

2024-07-11 00:15:05 开始操作号码 【1535349】
2024-07-11 00:15:13 GSD getOne 第 1 次 等待 3 秒
2024-07-11 00:15:16 查询号码 【1535349】，返回信息 {"status":"ok","msg":"陕西-西安","gid":"419106","time_insert":"2021-07-28 01:13"}
2024-07-11 00:15:16 查询号码 【1535349】，GSD为【"陕西-西安"】

2024-07-11 00:15:17 开始第 5468 次操作

2024-07-11 00:15:17 开始操作号码 【1535350】
2024-07-11 00:15:26 GSD getOne 第 1 次 等待 3 秒
2024-07-11 00:15:29 查询号码 【1535350】，返回信息 {"status":"ok","msg":"陕西-西安","gid":"419097","time_insert":"2021-07-28 01:13"}
2024-07-11 00:15:29 查询号码 【1535350】，GSD为【"陕西-西安"】

