2024-03-16 00:13:41 开始第 9321 次操作

2024-03-16 00:13:41 开始操作号码 【1759214】
2024-03-16 00:13:48 GSD getOne 第 1 次 等待 3 秒
2024-03-16 00:13:51 查询号码 【1759214】，返回信息 {"status":"ok","msg":"河北-石家庄","gid":"241065","time_insert":"2021-07-10 16:55"}
2024-03-16 00:13:51 查询号码 【1759214】，GSD为【"河北-石家庄"】

2024-03-16 00:13:52 开始第 9322 次操作

2024-03-16 00:13:52 开始操作号码 【1759215】
2024-03-16 00:13:59 GSD getOne 第 1 次 等待 3 秒
2024-03-16 00:14:02 查询号码 【1759215】，返回信息 {"status":"ok","msg":"河北-石家庄","gid":"241071","time_insert":"2021-07-10 16:56"}
2024-03-16 00:14:02 查询号码 【1759215】，GSD为【"河北-石家庄"】

2024-03-16 00:14:03 开始第 9323 次操作

2024-03-16 00:14:03 开始操作号码 【1759216】
2024-03-16 00:14:16 GSD getOne 第 1 次 等待 3 秒
2024-03-16 00:14:19 查询号码 【1759216】，返回信息 {"status":"ok","msg":"河北-石家庄","gid":"241077","time_insert":"2021-07-10 16:56"}
2024-03-16 00:14:19 查询号码 【1759216】，GSD为【"河北-石家庄"】

2024-03-16 00:14:20 开始第 9324 次操作

2024-03-16 00:14:20 开始操作号码 【1759217】
2024-03-16 00:14:25 GSD getOne 第 1 次 等待 3 秒
2024-03-16 00:14:28 查询号码 【1759217】，返回信息 {"status":"ok","msg":"河北-石家庄","gid":"241085","time_insert":"2021-07-10 16:57"}
2024-03-16 00:14:28 查询号码 【1759217】，GSD为【"河北-石家庄"】

