2024-04-01 00:11:43 开始第 1293 次操作

2024-04-01 00:11:43 开始操作号码 【1641187】
2024-04-01 00:11:48 GSD getOne 第 1 次 等待 3 秒
2024-04-01 00:11:51 查询号码 【1641187】，返回信息 {"status":"ok","msg":"-","gid":"536044","time_insert":"2023-02-17 16:39"}
2024-04-01 00:11:51 查询号码 【1641187】，GSD为【"-"】
2024-04-01 00:11:51 ok && -
2024-04-01 00:11:53 CHB 1641187?1711901511 第 1 次 等待 3 秒
2024-04-01 00:11:56 CHB 1641187?1711901511 第 1 次 获取到号码【1641187】GSD
2024-04-01 00:11:56 未获取到号码【1641187】GSD，可能号码格式错误
2024-04-01 00:11:56 获取到号码【1641187】的GSD为【-】
2024-04-01 00:12:01 GSD insert 第 1 次 等待 3 秒
2024-04-01 00:12:04 {"status":"bad","gid":"536044","msg":"添加失败！号码【1641187(-|-)】已存在！"}
2024-04-01 00:12:04 随机等待 143 秒，约 2 分钟
2024-04-01 00:12:04 下次操作: 2024-04-01 00:14:27

2024-04-01 00:14:27 开始第 1294 次操作

2024-04-01 00:14:27 开始操作号码 【1641188】
2024-04-01 00:14:32 GSD getOne 第 1 次 等待 3 秒
2024-04-01 00:14:35 查询号码 【1641188】，返回信息 {"status":"ok","msg":"-","gid":"536064","time_insert":"2023-02-17 16:48"}
2024-04-01 00:14:35 查询号码 【1641188】，GSD为【"-"】
2024-04-01 00:14:35 ok && -
2024-04-01 00:14:37 CHB 1641188?1711901675 第 1 次 等待 3 秒
2024-04-01 00:14:40 CHB 1641188?1711901675 第 1 次 获取到号码【1641188】GSD
2024-04-01 00:14:41 未获取到号码【1641188】GSD，可能号码格式错误
2024-04-01 00:14:41 获取到号码【1641188】的GSD为【-】
2024-04-01 00:14:45 GSD insert 第 1 次 等待 3 秒
2024-04-01 00:14:48 {"status":"bad","gid":"536064","msg":"添加失败！号码【1641188(-|-)】已存在！"}
2024-04-01 00:14:48 随机等待 72 秒，约 1 分钟
2024-04-01 00:14:48 下次操作: 2024-04-01 00:16:00

2024-04-01 00:16:00 开始第 1295 次操作

2024-04-01 00:16:00 开始操作号码 【1641189】
2024-04-01 00:16:05 GSD getOne 第 1 次 等待 3 秒
2024-04-01 00:16:08 查询号码 【1641189】，返回信息 {"status":"ok","msg":"-","gid":"536080","time_insert":"2023-02-17 16:58"}
2024-04-01 00:16:08 查询号码 【1641189】，GSD为【"-"】
2024-04-01 00:16:08 ok && -
2024-04-01 00:16:10 CHB 1641189?1711901768 第 1 次 等待 3 秒
2024-04-01 00:16:13 CHB 1641189?1711901768 第 1 次 获取到号码【1641189】GSD
2024-04-01 00:16:13 未获取到号码【1641189】GSD，可能号码格式错误
2024-04-01 00:16:13 获取到号码【1641189】的GSD为【-】
2024-04-01 00:16:18 GSD insert 第 1 次 等待 3 秒
2024-04-01 00:16:21 {"status":"bad","gid":"536080","msg":"添加失败！号码【1641189(-|-)】已存在！"}
2024-04-01 00:16:21 随机等待 233 秒，约 3 分钟
2024-04-01 00:16:21 下次操作: 2024-04-01 00:20:14

2024-04-01 00:20:14 开始第 1296 次操作

2024-04-01 00:20:14 开始操作号码 【1641190】
2024-04-01 00:20:19 GSD getOne 第 1 次 等待 3 秒
2024-04-01 00:20:22 查询号码 【1641190】，返回信息 {"status":"ok","msg":"-","gid":"536101","time_insert":"2023-02-17 17:13"}
2024-04-01 00:20:22 查询号码 【1641190】，GSD为【"-"】
2024-04-01 00:20:22 ok && -
2024-04-01 00:20:24 CHB 1641190?1711902022 第 1 次 等待 3 秒
2024-04-01 00:20:27 CHB 1641190?1711902022 第 1 次 获取到号码【1641190】GSD
2024-04-01 00:20:27 未获取到号码【1641190】GSD，可能号码格式错误
2024-04-01 00:20:27 获取到号码【1641190】的GSD为【-】
2024-04-01 00:20:32 GSD insert 第 1 次 等待 3 秒
2024-04-01 00:20:35 {"status":"bad","gid":"536101","msg":"添加失败！号码【1641190(-|-)】已存在！"}

