2024-09-08 00:14:53 开始第 3453 次操作

2024-09-08 00:14:53 开始操作号码 【1423452】
2024-09-08 00:15:02 GSD getOne 第 1 次 等待 3 秒
2024-09-08 00:15:05 查询号码 【1423452】，返回信息 {"status":"ok","msg":"-","gid":"585676","time_insert":"2023-03-12 10:56"}
2024-09-08 00:15:05 查询号码 【1423452】，GSD为【"-"】
2024-09-08 00:15:05 ok && -
2024-09-08 00:15:07 CHB 1423452?1725725705 第 1 次 等待 3 秒
2024-09-08 00:15:10 CHB 1423452?1725725705 第 1 次 获取到号码【1423452】GSD
2024-09-08 00:15:10 未获取到号码【1423452】GSD，可能号码格式错误
2024-09-08 00:15:10 获取到号码【1423452】的GSD为【-】
2024-09-08 00:15:19 GSD insert 第 1 次 等待 3 秒
2024-09-08 00:15:22 {"status":"bad","gid":"585676","msg":"添加失败！号码【1423452(-|-)】已存在！"}
2024-09-08 00:15:22 随机等待 162 秒，约 2 分钟
2024-09-08 00:15:22 下次操作: 2024-09-08 00:18:04

2024-09-08 00:18:04 开始第 3454 次操作

2024-09-08 00:18:04 开始操作号码 【1423453】
2024-09-08 00:18:12 GSD getOne 第 1 次 等待 3 秒
2024-09-08 00:18:15 查询号码 【1423453】，返回信息 {"status":"ok","msg":"-","gid":"585701","time_insert":"2023-03-12 11:13"}
2024-09-08 00:18:16 查询号码 【1423453】，GSD为【"-"】
2024-09-08 00:18:16 ok && -
2024-09-08 00:18:18 CHB 1423453?1725725896 第 1 次 等待 3 秒
2024-09-08 00:18:21 CHB 1423453?1725725896 第 1 次 获取到号码【1423453】GSD
2024-09-08 00:18:21 未获取到号码【1423453】GSD，可能号码格式错误
2024-09-08 00:18:21 获取到号码【1423453】的GSD为【-】
2024-09-08 00:18:30 GSD insert 第 1 次 等待 3 秒
2024-09-08 00:18:33 {"status":"bad","gid":"585701","msg":"添加失败！号码【1423453(-|-)】已存在！"}
2024-09-08 00:18:33 随机等待 203 秒，约 3 分钟
2024-09-08 00:18:33 下次操作: 2024-09-08 00:21:56

2024-09-08 00:21:56 开始第 3455 次操作

2024-09-08 00:21:56 开始操作号码 【1423454】
2024-09-08 00:22:03 GSD getOne 第 1 次 等待 3 秒
2024-09-08 00:22:06 查询号码 【1423454】，返回信息 {"status":"ok","msg":"-","gid":"585711","time_insert":"2023-03-12 11:22"}
2024-09-08 00:22:06 查询号码 【1423454】，GSD为【"-"】
2024-09-08 00:22:06 ok && -
2024-09-08 00:22:08 CHB 1423454?1725726126 第 1 次 等待 3 秒
2024-09-08 00:22:11 CHB 1423454?1725726126 第 1 次 获取到号码【1423454】GSD
2024-09-08 00:22:12 未获取到号码【1423454】GSD，可能号码格式错误
2024-09-08 00:22:12 获取到号码【1423454】的GSD为【-】
2024-09-08 00:22:21 GSD insert 第 1 次 等待 3 秒
2024-09-08 00:22:24 {"status":"bad","gid":"585711","msg":"添加失败！号码【1423454(-|-)】已存在！"}
2024-09-08 00:22:24 随机等待 206 秒，约 3 分钟
2024-09-08 00:22:24 下次操作: 2024-09-08 00:25:50

2024-09-08 00:25:50 开始第 3456 次操作

2024-09-08 00:25:50 开始操作号码 【1423455】
2024-09-08 00:26:01 GSD getOne 第 1 次 等待 3 秒
2024-09-08 00:26:04 查询号码 【1423455】，返回信息 {"status":"ok","msg":"-","gid":"585734","time_insert":"2023-03-12 11:35"}
2024-09-08 00:26:05 查询号码 【1423455】，GSD为【"-"】
2024-09-08 00:26:05 ok && -
2024-09-08 00:26:06 CHB 1423455?1725726365 第 1 次 等待 3 秒
2024-09-08 00:26:09 CHB 1423455?1725726365 第 1 次 获取到号码【1423455】GSD
2024-09-08 00:26:09 未获取到号码【1423455】GSD，可能号码格式错误
2024-09-08 00:26:09 获取到号码【1423455】的GSD为【-】
2024-09-08 00:26:17 GSD insert 第 1 次 等待 3 秒
2024-09-08 00:26:20 {"status":"bad","gid":"585734","msg":"添加失败！号码【1423455(-|-)】已存在！"}

