2024-04-19 00:12:41 开始第 4433 次操作

2024-04-19 00:12:41 开始操作号码 【1644327】
2024-04-19 00:12:46 GSD getOne 第 1 次 等待 3 秒
2024-04-19 00:12:49 查询号码 【1644327】，返回信息 {"status":"ok","msg":"-","gid":"607344","time_insert":"2023-03-22 15:02"}
2024-04-19 00:12:49 查询号码 【1644327】，GSD为【"-"】
2024-04-19 00:12:49 ok && -
2024-04-19 00:12:56 CHB 1644327?1713456769 第 1 次 等待 3 秒
2024-04-19 00:12:59 CHB 1644327?1713456769 第 1 次 获取到号码【1644327】GSD
2024-04-19 00:12:59 未获取到号码【1644327】GSD，可能号码格式错误
2024-04-19 00:12:59 获取到号码【1644327】的GSD为【-】
2024-04-19 00:13:04 GSD insert 第 1 次 等待 3 秒
2024-04-19 00:13:07 {"status":"bad","gid":"607344","msg":"添加失败！号码【1644327(-|-)】已存在！"}
2024-04-19 00:13:07 随机等待 91 秒，约 1 分钟
2024-04-19 00:13:07 下次操作: 2024-04-19 00:14:38

2024-04-19 00:14:38 开始第 4434 次操作

2024-04-19 00:14:38 开始操作号码 【1644328】
2024-04-19 00:14:43 GSD getOne 第 1 次 等待 3 秒
2024-04-19 00:14:46 查询号码 【1644328】，返回信息 {"status":"ok","msg":"-","gid":"607359","time_insert":"2023-03-22 15:13"}
2024-04-19 00:14:46 查询号码 【1644328】，GSD为【"-"】
2024-04-19 00:14:46 ok && -
2024-04-19 00:14:47 CHB 1644328?1713456886 第 1 次 等待 3 秒
2024-04-19 00:14:50 CHB 1644328?1713456886 第 1 次 获取到号码【1644328】GSD
2024-04-19 00:14:50 未获取到号码【1644328】GSD，可能号码格式错误
2024-04-19 00:14:50 获取到号码【1644328】的GSD为【-】
2024-04-19 00:14:55 GSD insert 第 1 次 等待 3 秒
2024-04-19 00:14:58 {"status":"bad","gid":"607359","msg":"添加失败！号码【1644328(-|-)】已存在！"}
2024-04-19 00:14:58 随机等待 114 秒，约 1 分钟
2024-04-19 00:14:58 下次操作: 2024-04-19 00:16:52

2024-04-19 00:16:52 开始第 4435 次操作

2024-04-19 00:16:52 开始操作号码 【1644329】
2024-04-19 00:17:00 GSD getOne 第 1 次 等待 3 秒
2024-04-19 00:17:03 查询号码 【1644329】，返回信息 {"status":"ok","msg":"-","gid":"607401","time_insert":"2023-03-22 15:37"}
2024-04-19 00:17:03 查询号码 【1644329】，GSD为【"-"】
2024-04-19 00:17:03 ok && -
2024-04-19 00:17:05 CHB 1644329?1713457023 第 1 次 等待 3 秒
2024-04-19 00:17:08 CHB 1644329?1713457023 第 1 次 获取到号码【1644329】GSD
2024-04-19 00:17:08 未获取到号码【1644329】GSD，可能号码格式错误
2024-04-19 00:17:08 获取到号码【1644329】的GSD为【-】
2024-04-19 00:17:13 GSD insert 第 1 次 等待 3 秒
2024-04-19 00:17:16 {"status":"bad","gid":"607401","msg":"添加失败！号码【1644329(-|-)】已存在！"}
2024-04-19 00:17:16 随机等待 82 秒，约 1 分钟
2024-04-19 00:17:16 下次操作: 2024-04-19 00:18:38

2024-04-19 00:18:38 开始第 4436 次操作

2024-04-19 00:18:38 开始操作号码 【1644330】
2024-04-19 00:18:52 GSD getOne 第 1 次 等待 3 秒
2024-04-19 00:18:55 查询号码 【1644330】，返回信息 {"status":"ok","msg":"-","gid":"607435","time_insert":"2023-03-22 15:57"}
2024-04-19 00:18:56 查询号码 【1644330】，GSD为【"-"】
2024-04-19 00:18:56 ok && -
2024-04-19 00:18:58 CHB 1644330?1713457136 第 1 次 等待 3 秒
2024-04-19 00:19:01 CHB 1644330?1713457136 第 1 次 获取到号码【1644330】GSD
2024-04-19 00:19:01 未获取到号码【1644330】GSD，可能号码格式错误
2024-04-19 00:19:01 获取到号码【1644330】的GSD为【-】
2024-04-19 00:19:05 GSD insert 第 1 次 等待 3 秒
2024-04-19 00:19:08 {"status":"bad","gid":"607435","msg":"添加失败！号码【1644330(-|-)】已存在！"}

