2024-12-11 00:29:39 开始第 9001 次操作

2024-12-11 00:29:39 开始操作号码 【1329000】
2024-12-11 00:29:40 GSD getOne 第 1 次 等待 3 秒
2024-12-11 00:29:43 查询号码 【1329000】，返回信息 {"status":"ok","msg":"重庆-重庆","gid":"2647","time_insert":"2020-06-29 17:52","time_update":"2021-01-03 22:04"}
2024-12-11 00:29:43 查询号码 【1329000】，GSD为【"重庆-重庆"】

2024-12-11 00:29:44 开始第 9002 次操作

2024-12-11 00:29:44 开始操作号码 【1329001】
2024-12-11 00:29:45 GSD getOne 第 1 次 等待 3 秒
2024-12-11 00:29:48 查询号码 【1329001】，返回信息 {"status":"ok","msg":"重庆-重庆","gid":"209473","time_insert":"2021-07-06 22:36"}
2024-12-11 00:29:48 查询号码 【1329001】，GSD为【"重庆-重庆"】

2024-12-11 00:29:49 开始第 9003 次操作

2024-12-11 00:29:49 开始操作号码 【1329002】
2024-12-11 00:29:50 GSD getOne 第 1 次 等待 3 秒
2024-12-11 00:29:53 查询号码 【1329002】，返回信息 {"status":"ok","msg":"重庆-重庆","gid":"2648","time_insert":"2016-04-03 16:32","time_update":"2021-01-03 22:09"}
2024-12-11 00:29:54 查询号码 【1329002】，GSD为【"重庆-重庆"】

2024-12-11 00:29:55 开始第 9004 次操作

2024-12-11 00:29:55 开始操作号码 【1329003】
2024-12-11 00:29:56 GSD getOne 第 1 次 等待 3 秒
2024-12-11 00:29:59 查询号码 【1329003】，返回信息 {"status":"ok","msg":"重庆-重庆","gid":"209469","time_insert":"2021-07-06 22:36"}
2024-12-11 00:29:59 查询号码 【1329003】，GSD为【"重庆-重庆"】

2024-12-11 00:51:31 开始第 9005 次操作

2024-12-11 00:51:31 开始操作号码 【1329004】
2024-12-11 00:51:32 GSD getOne 第 1 次 等待 3 秒
2024-12-11 00:51:35 查询号码 【1329004】，返回信息 {"status":"ok","msg":"重庆-重庆","gid":"209467","time_insert":"2021-07-06 22:35"}
2024-12-11 00:51:35 查询号码 【1329004】，GSD为【"重庆-重庆"】

2024-12-11 00:51:36 开始第 9006 次操作

2024-12-11 00:51:36 开始操作号码 【1329005】
2024-12-11 00:51:38 GSD getOne 第 1 次 等待 3 秒
2024-12-11 00:51:41 查询号码 【1329005】，返回信息 {"status":"ok","msg":"重庆-重庆","gid":"50141","time_insert":"2021-04-21 15:23"}
2024-12-11 00:51:41 查询号码 【1329005】，GSD为【"重庆-重庆"】

2024-12-11 00:51:42 开始第 9007 次操作

2024-12-11 00:51:42 开始操作号码 【1329006】
2024-12-11 00:51:43 GSD getOne 第 1 次 等待 3 秒
2024-12-11 00:51:46 查询号码 【1329006】，返回信息 {"status":"ok","msg":"重庆-重庆","gid":"209465","time_insert":"2021-07-06 22:35"}
2024-12-11 00:51:46 查询号码 【1329006】，GSD为【"重庆-重庆"】

2024-12-11 00:51:47 开始第 9008 次操作

2024-12-11 00:51:47 开始操作号码 【1329007】
2024-12-11 00:51:48 GSD getOne 第 1 次 等待 3 秒
2024-12-11 00:51:51 查询号码 【1329007】，返回信息 {"status":"ok","msg":"重庆-重庆","gid":"209462","time_insert":"2021-07-06 22:34"}
2024-12-11 00:51:51 查询号码 【1329007】，GSD为【"重庆-重庆"】

2024-12-11 01:20:12 开始第 9009 次操作

2024-12-11 01:20:12 开始操作号码 【1329008】
2024-12-11 01:20:13 GSD getOne 第 1 次 等待 3 秒
2024-12-11 01:20:16 查询号码 【1329008】，返回信息 {"status":"ok","msg":"重庆-重庆","gid":"209461","time_insert":"2021-07-06 22:34"}
2024-12-11 01:20:16 查询号码 【1329008】，GSD为【"重庆-重庆"】

2024-12-11 01:20:17 开始第 9010 次操作

2024-12-11 01:20:17 开始操作号码 【1329009】
2024-12-11 01:20:18 GSD getOne 第 1 次 等待 3 秒
2024-12-11 01:20:21 查询号码 【1329009】，返回信息 {"status":"ok","msg":"重庆-重庆","gid":"74846","time_insert":"2021-05-31 19:05","time_update":"2021-05-31 19:19"}
2024-12-11 01:20:21 查询号码 【1329009】，GSD为【"重庆-重庆"】

2024-12-11 01:20:22 开始第 9011 次操作

2024-12-11 01:20:22 开始操作号码 【1329010】
2024-12-11 01:20:24 GSD getOne 第 1 次 等待 3 秒
2024-12-11 01:20:27 查询号码 【1329010】，返回信息 {"status":"ok","msg":"山东-济南","gid":"209460","time_insert":"2021-07-06 22:33"}
2024-12-11 01:20:27 查询号码 【1329010】，GSD为【"山东-济南"】

2024-12-11 01:20:28 开始第 9012 次操作

2024-12-11 01:20:28 开始操作号码 【1329011】
2024-12-11 01:20:29 GSD getOne 第 1 次 等待 3 秒
2024-12-11 01:20:32 查询号码 【1329011】，返回信息 {"status":"ok","msg":"山东-淄博","gid":"209457","time_insert":"2021-07-06 22:33"}
2024-12-11 01:20:32 查询号码 【1329011】，GSD为【"山东-淄博"】

