2024-01-01 00:12:38 开始第 6461 次操作

2024-01-01 00:12:38 开始操作号码 【1866354】
2024-01-01 00:12:41 GSD getOne 第 1 次 等待 3 秒
2024-01-01 00:12:44 查询号码 【1866354】，返回信息 {"status":"ok","msg":"山东-聊城","gid":"443795","time_insert":"2021-07-30 11:58"}
2024-01-01 00:12:44 查询号码 【1866354】，GSD为【"山东-聊城"】

2024-01-01 00:12:45 开始第 6462 次操作

2024-01-01 00:12:45 开始操作号码 【1866355】
2024-01-01 00:12:51 GSD getOne 第 1 次 等待 3 秒
2024-01-01 00:12:54 查询号码 【1866355】，返回信息 {"status":"ok","msg":"山东-聊城","gid":"443782","time_insert":"2021-07-30 11:57"}
2024-01-01 00:12:55 查询号码 【1866355】，GSD为【"山东-聊城"】

2024-01-01 00:12:56 开始第 6463 次操作

2024-01-01 00:12:56 开始操作号码 【1866356】
2024-01-01 00:12:58 GSD getOne 第 1 次 等待 3 秒
2024-01-01 00:13:01 查询号码 【1866356】，返回信息 {"status":"ok","msg":"山东-聊城","gid":"443767","time_insert":"2021-07-30 11:56"}
2024-01-01 00:13:01 查询号码 【1866356】，GSD为【"山东-聊城"】

2024-01-01 00:13:02 开始第 6464 次操作

2024-01-01 00:13:02 开始操作号码 【1866357】
2024-01-01 00:13:05 GSD getOne 第 1 次 等待 3 秒
2024-01-01 00:13:08 查询号码 【1866357】，返回信息 {"status":"ok","msg":"山东-聊城","gid":"443751","time_insert":"2021-07-30 11:55"}
2024-01-01 00:13:08 查询号码 【1866357】，GSD为【"山东-聊城"】

2024-01-01 00:36:00 开始第 6465 次操作

2024-01-01 00:36:00 开始操作号码 【1866358】
2024-01-01 00:36:02 GSD getOne 第 1 次 等待 3 秒
2024-01-01 00:36:05 查询号码 【1866358】，返回信息 {"status":"ok","msg":"山东-聊城","gid":"443741","time_insert":"2021-07-30 11:54"}
2024-01-01 00:36:05 查询号码 【1866358】，GSD为【"山东-聊城"】

2024-01-01 00:36:06 开始第 6466 次操作

2024-01-01 00:36:06 开始操作号码 【1866359】
2024-01-01 00:36:09 GSD getOne 第 1 次 等待 3 秒
2024-01-01 00:36:12 查询号码 【1866359】，返回信息 {"status":"ok","msg":"山东-聊城","gid":"443727","time_insert":"2021-07-30 11:53"}
2024-01-01 00:36:12 查询号码 【1866359】，GSD为【"山东-聊城"】

2024-01-01 00:36:13 开始第 6467 次操作

2024-01-01 00:36:13 开始操作号码 【1866360】
2024-01-01 00:36:16 GSD getOne 第 1 次 等待 3 秒
2024-01-01 00:36:19 查询号码 【1866360】，返回信息 {"status":"ok","msg":"山东-潍坊","gid":"443719","time_insert":"2021-07-30 11:52"}
2024-01-01 00:36:19 查询号码 【1866360】，GSD为【"山东-潍坊"】

2024-01-01 00:36:20 开始第 6468 次操作

2024-01-01 00:36:20 开始操作号码 【1866361】
2024-01-01 00:36:26 GSD getOne 第 1 次 等待 3 秒
2024-01-01 00:36:29 查询号码 【1866361】，返回信息 {"status":"ok","msg":"山东-潍坊","gid":"443697","time_insert":"2021-07-30 11:51"}
2024-01-01 00:36:29 查询号码 【1866361】，GSD为【"山东-潍坊"】

2024-01-01 01:08:44 开始第 6469 次操作

2024-01-01 01:08:44 开始操作号码 【1866362】
2024-01-01 01:08:47 GSD getOne 第 1 次 等待 3 秒
2024-01-01 01:08:50 查询号码 【1866362】，返回信息 {"status":"ok","msg":"山东-潍坊","gid":"443687","time_insert":"2021-07-30 11:50"}
2024-01-01 01:08:50 查询号码 【1866362】，GSD为【"山东-潍坊"】

2024-01-01 01:08:51 开始第 6470 次操作

2024-01-01 01:08:51 开始操作号码 【1866363】
2024-01-01 01:08:55 GSD getOne 第 1 次 等待 3 秒
2024-01-01 01:08:58 查询号码 【1866363】，返回信息 {"status":"ok","msg":"山东-潍坊","gid":"443675","time_insert":"2021-07-30 11:49"}
2024-01-01 01:08:58 查询号码 【1866363】，GSD为【"山东-潍坊"】

2024-01-01 01:08:59 开始第 6471 次操作

2024-01-01 01:08:59 开始操作号码 【1866364】
2024-01-01 01:09:02 GSD getOne 第 1 次 等待 3 秒
2024-01-01 01:09:05 查询号码 【1866364】，返回信息 {"status":"ok","msg":"山东-潍坊","gid":"443663","time_insert":"2021-07-30 11:48"}
2024-01-01 01:09:05 查询号码 【1866364】，GSD为【"山东-潍坊"】

2024-01-01 01:09:06 开始第 6472 次操作

2024-01-01 01:09:06 开始操作号码 【1866365】
2024-01-01 01:09:09 GSD getOne 第 1 次 等待 3 秒
2024-01-01 01:09:12 查询号码 【1866365】，返回信息 {"status":"ok","msg":"山东-潍坊","gid":"443651","time_insert":"2021-07-30 11:47"}
2024-01-01 01:09:12 查询号码 【1866365】，GSD为【"山东-潍坊"】

