2024-06-26 00:15:07 开始第 2761 次操作

2024-06-26 00:15:07 开始操作号码 【1532644】
2024-06-26 00:15:22 GSD getOne 第 1 次 等待 3 秒
2024-06-26 00:15:25 查询号码 【1532644】，返回信息 {"status":"ok","msg":"吉林-通化","gid":"228401","time_insert":"2021-07-09 05:31"}
2024-06-26 00:15:25 查询号码 【1532644】，GSD为【"吉林-通化"】

2024-06-26 00:15:26 开始第 2762 次操作

2024-06-26 00:15:26 开始操作号码 【1532645】
2024-06-26 00:15:42 GSD getOne 第 1 次 等待 3 秒
2024-06-26 00:15:45 查询号码 【1532645】，返回信息 {"status":"ok","msg":"吉林-通化","gid":"228542","time_insert":"2021-07-09 05:47"}
2024-06-26 00:15:45 查询号码 【1532645】，GSD为【"吉林-通化"】

2024-06-26 00:15:46 开始第 2763 次操作

2024-06-26 00:15:46 开始操作号码 【1532646】
2024-06-26 00:16:00 GSD getOne 第 1 次 等待 3 秒
2024-06-26 00:16:03 查询号码 【1532646】，返回信息 {"status":"ok","msg":"吉林-通化","gid":"228699","time_insert":"2021-07-09 06:02"}
2024-06-26 00:16:03 查询号码 【1532646】，GSD为【"吉林-通化"】

2024-06-26 00:16:04 开始第 2764 次操作

2024-06-26 00:16:04 开始操作号码 【1532647】
2024-06-26 00:16:22 GSD getOne 第 1 次 等待 3 秒
2024-06-26 00:16:25 查询号码 【1532647】，返回信息 {"status":"ok","msg":"吉林-辽源","gid":"228751","time_insert":"2021-07-09 06:17"}
2024-06-26 00:16:25 查询号码 【1532647】，GSD为【"吉林-辽源"】

2024-06-26 00:38:52 开始第 2765 次操作

2024-06-26 00:38:52 开始操作号码 【1532648】
2024-06-26 00:39:17 GSD getOne 第 1 次 等待 3 秒
2024-06-26 00:39:20 查询号码 【1532648】，返回信息 {"status":"ok","msg":"吉林-松原","gid":"228779","time_insert":"2021-07-09 06:33"}
2024-06-26 00:39:20 查询号码 【1532648】，GSD为【"吉林-松原"】

2024-06-26 00:39:21 开始第 2766 次操作

2024-06-26 00:39:21 开始操作号码 【1532649】
2024-06-26 00:39:43 GSD getOne 第 1 次 等待 3 秒
2024-06-26 00:39:46 查询号码 【1532649】，返回信息 {"status":"ok","msg":"吉林-松原","gid":"228955","time_insert":"2021-07-09 06:49"}
2024-06-26 00:39:46 查询号码 【1532649】，GSD为【"吉林-松原"】

2024-06-26 00:39:47 开始第 2767 次操作

2024-06-26 00:39:47 开始操作号码 【1532650】
2024-06-26 00:40:03 GSD getOne 第 1 次 等待 3 秒
2024-06-26 00:40:06 查询号码 【1532650】，返回信息 {"status":"ok","msg":"黑龙江-伊春","gid":"229109","time_insert":"2021-07-09 07:07"}
2024-06-26 00:40:06 查询号码 【1532650】，GSD为【"黑龙江-伊春"】

2024-06-26 00:40:07 开始第 2768 次操作

2024-06-26 00:40:07 开始操作号码 【1532651】
2024-06-26 00:40:20 GSD getOne 第 1 次 等待 3 秒
2024-06-26 00:40:23 查询号码 【1532651】，返回信息 {"status":"ok","msg":"黑龙江-七台河","gid":"229145","time_insert":"2021-07-09 07:27"}
2024-06-26 00:40:24 查询号码 【1532651】，GSD为【"黑龙江-七台河"】

