2023-09-28 00:13:31 开始第 301 次操作

2023-09-28 00:13:31 开始操作号码 【1960300】
2023-09-28 00:13:33 GSD getOne 第 1 次 等待 3 秒
2023-09-28 00:13:36 查询号码 【1960300】，返回信息 {"status":"ok","msg":"河北-邯郸","gid":"536926","time_insert":"2023-02-18 01:33"}
2023-09-28 00:13:37 查询号码 【1960300】，GSD为【"河北-邯郸"】

2023-09-28 00:13:38 开始第 302 次操作

2023-09-28 00:13:38 开始操作号码 【1960301】
2023-09-28 00:13:42 GSD getOne 第 1 次 等待 3 秒
2023-09-28 00:13:45 查询号码 【1960301】，返回信息 {"status":"ok","msg":"河北-邯郸","gid":"536929","time_insert":"2023-02-18 01:35"}
2023-09-28 00:13:45 查询号码 【1960301】，GSD为【"河北-邯郸"】

2023-09-28 00:13:46 开始第 303 次操作

2023-09-28 00:13:46 开始操作号码 【1960302】
2023-09-28 00:13:48 GSD getOne 第 1 次 等待 3 秒
2023-09-28 00:13:51 查询号码 【1960302】，返回信息 {"status":"ok","msg":"河北-邯郸","gid":"536934","time_insert":"2023-02-18 01:38"}
2023-09-28 00:13:51 查询号码 【1960302】，GSD为【"河北-邯郸"】

2023-09-28 00:13:52 开始第 304 次操作

2023-09-28 00:13:52 开始操作号码 【1960303】
2023-09-28 00:13:54 GSD getOne 第 1 次 等待 3 秒
2023-09-28 00:13:57 查询号码 【1960303】，返回信息 {"status":"ok","msg":"河北-邯郸","gid":"536937","time_insert":"2023-02-18 01:40"}
2023-09-28 00:13:57 查询号码 【1960303】，GSD为【"河北-邯郸"】

2023-09-28 00:37:44 开始第 305 次操作

2023-09-28 00:37:44 开始操作号码 【1960304】
2023-09-28 00:37:48 GSD getOne 第 1 次 等待 3 秒
2023-09-28 00:37:51 查询号码 【1960304】，返回信息 {"status":"ok","msg":"河北-邯郸","gid":"536943","time_insert":"2023-02-18 01:42"}
2023-09-28 00:37:51 查询号码 【1960304】，GSD为【"河北-邯郸"】

2023-09-28 00:37:52 开始第 306 次操作

2023-09-28 00:37:52 开始操作号码 【1960305】
2023-09-28 00:37:53 GSD getOne 第 1 次 等待 3 秒
2023-09-28 00:37:56 查询号码 【1960305】，返回信息 {"status":"ok","msg":"河北-邯郸","gid":"536947","time_insert":"2023-02-18 01:44"}
2023-09-28 00:37:56 查询号码 【1960305】，GSD为【"河北-邯郸"】

2023-09-28 00:37:57 开始第 307 次操作

2023-09-28 00:37:57 开始操作号码 【1960306】
2023-09-28 00:38:03 GSD getOne 第 1 次 等待 3 秒
2023-09-28 00:38:06 查询号码 【1960306】，返回信息 {"status":"ok","msg":"河北-邯郸","gid":"536952","time_insert":"2023-02-18 01:46"}
2023-09-28 00:38:06 查询号码 【1960306】，GSD为【"河北-邯郸"】

2023-09-28 00:38:07 开始第 308 次操作

2023-09-28 00:38:07 开始操作号码 【1960307】
2023-09-28 00:38:10 GSD getOne 第 1 次 等待 3 秒
2023-09-28 00:38:13 查询号码 【1960307】，返回信息 {"status":"ok","msg":"河北-邯郸","gid":"536958","time_insert":"2023-02-18 01:48"}
2023-09-28 00:38:13 查询号码 【1960307】，GSD为【"河北-邯郸"】

