2024-09-21 00:16:55 开始第 5701 次操作

2024-09-21 00:16:55 开始操作号码 【1425699】
2024-09-21 00:16:58 GSD getOne 第 1 次 等待 3 秒
2024-09-21 00:17:01 查询号码 【1425699】，返回信息 {"status":"ok","msg":"-","gid":"636840","time_insert":"2023-04-05 21:33"}
2024-09-21 00:17:01 查询号码 【1425699】，GSD为【"-"】
2024-09-21 00:17:01 ok && -
2024-09-21 00:17:03 CHB 1425699?1726849021 第 1 次 等待 3 秒
2024-09-21 00:17:06 CHB 1425699?1726849021 第 1 次 获取到号码【1425699】GSD
2024-09-21 00:17:06 未获取到号码【1425699】GSD，可能号码格式错误
2024-09-21 00:17:06 获取到号码【1425699】的GSD为【-】
2024-09-21 00:17:08 GSD insert 第 1 次 等待 3 秒
2024-09-21 00:17:11 {"status":"bad","gid":"636840","msg":"添加失败！号码【1425699(-|-)】已存在！"}
2024-09-21 00:17:11 随机等待 91 秒，约 1 分钟
2024-09-21 00:17:11 下次操作: 2024-09-21 00:18:42

2024-09-21 00:18:42 开始第 5702 次操作

2024-09-21 00:18:42 开始操作号码 【1425700】
2024-09-21 00:18:45 GSD getOne 第 1 次 等待 3 秒
2024-09-21 00:18:48 查询号码 【1425700】，返回信息 {"status":"ok","msg":"-","gid":"636863","time_insert":"2023-04-05 21:49"}
2024-09-21 00:18:48 查询号码 【1425700】，GSD为【"-"】
2024-09-21 00:18:48 ok && -
2024-09-21 00:18:50 CHB 1425700?1726849128 第 1 次 等待 3 秒
2024-09-21 00:18:53 CHB 1425700?1726849128 第 1 次 获取到号码【1425700】GSD
2024-09-21 00:18:53 未获取到号码【1425700】GSD，可能号码格式错误
2024-09-21 00:18:53 获取到号码【1425700】的GSD为【-】
2024-09-21 00:18:55 GSD insert 第 1 次 等待 3 秒
2024-09-21 00:18:58 {"status":"bad","gid":"636863","msg":"添加失败！号码【1425700(-|-)】已存在！"}
2024-09-21 00:18:58 随机等待 108 秒，约 1 分钟
2024-09-21 00:18:58 下次操作: 2024-09-21 00:20:46

2024-09-21 00:20:46 开始第 5703 次操作

2024-09-21 00:20:46 开始操作号码 【1425701】
2024-09-21 00:20:49 GSD getOne 第 1 次 等待 3 秒
2024-09-21 00:20:52 查询号码 【1425701】，返回信息 {"status":"ok","msg":"-","gid":"636884","time_insert":"2023-04-05 22:01"}
2024-09-21 00:20:52 查询号码 【1425701】，GSD为【"-"】
2024-09-21 00:20:52 ok && -
2024-09-21 00:20:55 CHB 1425701?1726849252 第 1 次 等待 3 秒
2024-09-21 00:20:58 CHB 1425701?1726849252 第 1 次 获取到号码【1425701】GSD
2024-09-21 00:20:58 未获取到号码【1425701】GSD，可能号码格式错误
2024-09-21 00:20:58 获取到号码【1425701】的GSD为【-】
2024-09-21 00:21:04 GSD insert 第 1 次 等待 3 秒
2024-09-21 00:21:07 {"status":"bad","gid":"636884","msg":"添加失败！号码【1425701(-|-)】已存在！"}
2024-09-21 00:21:07 随机等待 91 秒，约 1 分钟
2024-09-21 00:21:07 下次操作: 2024-09-21 00:22:38

2024-09-21 00:22:38 开始第 5704 次操作

2024-09-21 00:22:38 开始操作号码 【1425702】
2024-09-21 00:22:40 GSD getOne 第 1 次 等待 3 秒
2024-09-21 00:22:43 查询号码 【1425702】，返回信息 {"status":"ok","msg":"-","gid":"636895","time_insert":"2023-04-05 22:10"}
2024-09-21 00:22:43 查询号码 【1425702】，GSD为【"-"】
2024-09-21 00:22:43 ok && -
2024-09-21 00:22:45 CHB 1425702?1726849363 第 1 次 等待 3 秒
2024-09-21 00:22:48 CHB 1425702?1726849363 第 1 次 获取到号码【1425702】GSD
2024-09-21 00:22:48 未获取到号码【1425702】GSD，可能号码格式错误
2024-09-21 00:22:48 获取到号码【1425702】的GSD为【-】
2024-09-21 00:22:51 GSD insert 第 1 次 等待 3 秒
2024-09-21 00:22:54 {"status":"bad","gid":"636895","msg":"添加失败！号码【1425702(-|-)】已存在！"}

2024-09-21 00:42:24 开始第 5705 次操作

2024-09-21 00:42:24 开始操作号码 【1425703】
2024-09-21 00:42:26 GSD getOne 第 1 次 等待 3 秒
2024-09-21 00:42:29 查询号码 【1425703】，返回信息 {"status":"ok","msg":"-","gid":"636917","time_insert":"2023-04-05 22:27"}
2024-09-21 00:42:29 查询号码 【1425703】，GSD为【"-"】
2024-09-21 00:42:29 ok && -
2024-09-21 00:42:31 CHB 1425703?1726850549 第 1 次 等待 3 秒
2024-09-21 00:42:34 CHB 1425703?1726850549 第 1 次 获取到号码【1425703】GSD
2024-09-21 00:42:34 未获取到号码【1425703】GSD，可能号码格式错误
2024-09-21 00:42:34 获取到号码【1425703】的GSD为【-】
2024-09-21 00:42:36 GSD insert 第 1 次 等待 3 秒
2024-09-21 00:42:39 {"status":"bad","gid":"636917","msg":"添加失败！号码【1425703(-|-)】已存在！"}
2024-09-21 00:42:39 随机等待 101 秒，约 1 分钟
2024-09-21 00:42:39 下次操作: 2024-09-21 00:44:20

2024-09-21 00:44:20 开始第 5706 次操作

2024-09-21 00:44:20 开始操作号码 【1425704】
2024-09-21 00:44:22 GSD getOne 第 1 次 等待 3 秒
2024-09-21 00:44:25 查询号码 【1425704】，返回信息 {"status":"ok","msg":"-","gid":"636937","time_insert":"2023-04-05 22:37"}
2024-09-21 00:44:25 查询号码 【1425704】，GSD为【"-"】
2024-09-21 00:44:25 ok && -
2024-09-21 00:44:26 CHB 1425704?1726850665 第 1 次 等待 3 秒
2024-09-21 00:44:29 CHB 1425704?1726850665 第 1 次 获取到号码【1425704】GSD
2024-09-21 00:44:29 未获取到号码【1425704】GSD，可能号码格式错误
2024-09-21 00:44:29 获取到号码【1425704】的GSD为【-】
2024-09-21 00:44:33 GSD insert 第 1 次 等待 3 秒
2024-09-21 00:44:36 {"status":"bad","gid":"636937","msg":"添加失败！号码【1425704(-|-)】已存在！"}
2024-09-21 00:44:36 随机等待 201 秒，约 3 分钟
2024-09-21 00:44:36 下次操作: 2024-09-21 00:47:57

2024-09-21 00:47:57 开始第 5707 次操作

2024-09-21 00:47:57 开始操作号码 【1425705】
2024-09-21 00:47:59 GSD getOne 第 1 次 等待 3 秒
2024-09-21 00:48:02 查询号码 【1425705】，返回信息 {"status":"ok","msg":"-","gid":"636972","time_insert":"2023-04-05 22:59"}
2024-09-21 00:48:02 查询号码 【1425705】，GSD为【"-"】
2024-09-21 00:48:02 ok && -
2024-09-21 00:48:04 CHB 1425705?1726850882 第 1 次 等待 3 秒
2024-09-21 00:48:07 CHB 1425705?1726850882 第 1 次 获取到号码【1425705】GSD
2024-09-21 00:48:07 未获取到号码【1425705】GSD，可能号码格式错误
2024-09-21 00:48:07 获取到号码【1425705】的GSD为【-】
2024-09-21 00:48:08 GSD insert 第 1 次 等待 3 秒
2024-09-21 00:48:11 {"status":"bad","gid":"636972","msg":"添加失败！号码【1425705(-|-)】已存在！"}
2024-09-21 00:48:11 随机等待 147 秒，约 2 分钟
2024-09-21 00:48:11 下次操作: 2024-09-21 00:50:38

2024-09-21 00:50:38 开始第 5708 次操作

2024-09-21 00:50:38 开始操作号码 【1425706】
2024-09-21 00:50:40 GSD getOne 第 1 次 等待 3 秒
2024-09-21 00:50:43 查询号码 【1425706】，返回信息 {"status":"ok","msg":"-","gid":"636992","time_insert":"2023-04-05 23:16"}
2024-09-21 00:50:43 查询号码 【1425706】，GSD为【"-"】
2024-09-21 00:50:43 ok && -
2024-09-21 00:50:44 CHB 1425706?1726851043 第 1 次 等待 3 秒
2024-09-21 00:50:47 CHB 1425706?1726851043 第 1 次 获取到号码【1425706】GSD
2024-09-21 00:50:47 未获取到号码【1425706】GSD，可能号码格式错误
2024-09-21 00:50:47 获取到号码【1425706】的GSD为【-】
2024-09-21 00:51:04 GSD insert 第 1 次 等待 3 秒
2024-09-21 00:51:07 {"status":"bad","gid":"636992","msg":"添加失败！号码【1425706(-|-)】已存在！"}

