2024-11-18 00:24:20 开始第 5309 次操作

2024-11-18 00:24:20 开始操作号码 【1325308】
2024-11-18 00:24:21 GSD getOne 第 1 次 等待 3 秒
2024-11-18 00:24:24 查询号码 【1325308】，返回信息 {"status":"ok","msg":"河南-濮阳","gid":"250153","time_insert":"2021-07-11 18:45"}
2024-11-18 00:24:24 查询号码 【1325308】，GSD为【"河南-濮阳"】

2024-11-18 00:24:25 开始第 5310 次操作

2024-11-18 00:24:25 开始操作号码 【1325309】
2024-11-18 00:24:26 GSD getOne 第 1 次 等待 3 秒
2024-11-18 00:24:29 查询号码 【1325309】，返回信息 {"status":"ok","msg":"河南-濮阳","gid":"250145","time_insert":"2021-07-11 18:45"}
2024-11-18 00:24:29 查询号码 【1325309】，GSD为【"河南-濮阳"】

2024-11-18 00:24:30 开始第 5311 次操作

2024-11-18 00:24:30 开始操作号码 【1325310】
2024-11-18 00:24:32 GSD getOne 第 1 次 等待 3 秒
2024-11-18 00:24:35 查询号码 【1325310】，返回信息 {"status":"ok","msg":"河北-张家口","gid":"250137","time_insert":"2021-07-11 18:44"}
2024-11-18 00:24:35 查询号码 【1325310】，GSD为【"河北-张家口"】

2024-11-18 00:24:36 开始第 5312 次操作

2024-11-18 00:24:36 开始操作号码 【1325311】
2024-11-18 00:24:37 GSD getOne 第 1 次 等待 3 秒
2024-11-18 00:24:40 查询号码 【1325311】，返回信息 {"status":"ok","msg":"河北-张家口","gid":"250131","time_insert":"2021-07-11 18:44"}
2024-11-18 00:24:40 查询号码 【1325311】，GSD为【"河北-张家口"】

