2023-11-05 00:12:12 开始第 7053 次操作

2023-11-05 00:12:12 开始操作号码 【1966946】
2023-11-05 00:12:16 GSD getOne 第 1 次 等待 3 秒
2023-11-05 00:12:19 查询号码 【1966946】，返回信息 {"status":"ok","msg":"-","gid":"577885","time_insert":"2023-03-08 16:36"}
2023-11-05 00:12:19 查询号码 【1966946】，GSD为【"-"】
2023-11-05 00:12:19 ok && -
2023-11-05 00:12:21 CHB 1966946?1699114339 第 1 次 等待 3 秒
2023-11-05 00:12:24 CHB 1966946?1699114339 第 1 次 获取到号码【1966946】GSD
2023-11-05 00:12:25 未获取到号码【1966946】GSD，可能号码格式错误
2023-11-05 00:12:25 获取到号码【1966946】的GSD为【-】
2023-11-05 00:12:30 GSD insert 第 1 次 等待 3 秒
2023-11-05 00:12:33 {"status":"bad","gid":"577885","msg":"添加失败！号码【1966946(-|-)】已存在！"}
2023-11-05 00:12:33 随机等待 101 秒，约 1 分钟
2023-11-05 00:12:33 下次操作: 2023-11-05 00:14:14

2023-11-05 00:14:14 开始第 7054 次操作

2023-11-05 00:14:14 开始操作号码 【1966947】
2023-11-05 00:14:17 GSD getOne 第 1 次 等待 3 秒
2023-11-05 00:14:20 查询号码 【1966947】，返回信息 {"status":"ok","msg":"-","gid":"577891","time_insert":"2023-03-08 16:39"}
2023-11-05 00:14:20 查询号码 【1966947】，GSD为【"-"】
2023-11-05 00:14:20 ok && -
2023-11-05 00:14:22 CHB 1966947?1699114460 第 1 次 等待 3 秒
2023-11-05 00:14:25 CHB 1966947?1699114460 第 1 次 获取到号码【1966947】GSD
2023-11-05 00:14:25 未获取到号码【1966947】GSD，可能号码格式错误
2023-11-05 00:14:25 获取到号码【1966947】的GSD为【-】
2023-11-05 00:14:28 GSD insert 第 1 次 等待 3 秒
2023-11-05 00:14:31 {"status":"bad","gid":"577891","msg":"添加失败！号码【1966947(-|-)】已存在！"}
2023-11-05 00:14:31 随机等待 118 秒，约 1 分钟
2023-11-05 00:14:31 下次操作: 2023-11-05 00:16:29

2023-11-05 00:16:29 开始第 7055 次操作

2023-11-05 00:16:29 开始操作号码 【1966948】
2023-11-05 00:16:33 GSD getOne 第 1 次 等待 3 秒
2023-11-05 00:16:36 查询号码 【1966948】，返回信息 {"status":"ok","msg":"-","gid":"577898","time_insert":"2023-03-08 16:41"}
2023-11-05 00:16:36 查询号码 【1966948】，GSD为【"-"】
2023-11-05 00:16:36 ok && -
2023-11-05 00:16:42 CHB 1966948?1699114596 第 1 次 等待 3 秒
2023-11-05 00:16:45 CHB 1966948?1699114596 第 1 次 获取到号码【1966948】GSD
2023-11-05 00:16:45 未获取到号码【1966948】GSD，可能号码格式错误
2023-11-05 00:16:45 获取到号码【1966948】的GSD为【-】
2023-11-05 00:16:48 GSD insert 第 1 次 等待 3 秒
2023-11-05 00:16:51 {"status":"bad","gid":"577898","msg":"添加失败！号码【1966948(-|-)】已存在！"}
2023-11-05 00:16:51 随机等待 81 秒，约 1 分钟
2023-11-05 00:16:51 下次操作: 2023-11-05 00:18:12

2023-11-05 00:18:12 开始第 7056 次操作

2023-11-05 00:18:12 开始操作号码 【1966949】
2023-11-05 00:18:15 GSD getOne 第 1 次 等待 3 秒
2023-11-05 00:18:18 查询号码 【1966949】，返回信息 {"status":"ok","msg":"-","gid":"577902","time_insert":"2023-03-08 16:46"}
2023-11-05 00:18:18 查询号码 【1966949】，GSD为【"-"】
2023-11-05 00:18:18 ok && -
2023-11-05 00:18:25 CHB 1966949?1699114698 第 1 次 等待 3 秒
2023-11-05 00:18:28 CHB 1966949?1699114698 第 1 次 获取到号码【1966949】GSD
2023-11-05 00:18:28 未获取到号码【1966949】GSD，可能号码格式错误
2023-11-05 00:18:28 获取到号码【1966949】的GSD为【-】
2023-11-05 00:18:33 GSD insert 第 1 次 等待 3 秒
2023-11-05 00:18:36 {"status":"bad","gid":"577902","msg":"添加失败！号码【1966949(-|-)】已存在！"}

