2024-03-19 00:13:53 开始第 9873 次操作

2024-03-19 00:13:53 开始操作号码 【1759766】
2024-03-19 00:13:59 GSD getOne 第 1 次 等待 3 秒
2024-03-19 00:14:02 查询号码 【1759766】，返回信息 {"status":"ok","msg":"黑龙江-绥化","gid":"248172","time_insert":"2021-07-11 12:58"}
2024-03-19 00:14:02 查询号码 【1759766】，GSD为【"黑龙江-绥化"】

2024-03-19 00:14:03 开始第 9874 次操作

2024-03-19 00:14:03 开始操作号码 【1759767】
2024-03-19 00:14:08 GSD getOne 第 1 次 等待 3 秒
2024-03-19 00:14:11 查询号码 【1759767】，返回信息 {"status":"ok","msg":"黑龙江-鸡西","gid":"248176","time_insert":"2021-07-11 12:58"}
2024-03-19 00:14:11 查询号码 【1759767】，GSD为【"黑龙江-鸡西"】

2024-03-19 00:14:12 开始第 9875 次操作

2024-03-19 00:14:12 开始操作号码 【1759768】
2024-03-19 00:14:17 GSD getOne 第 1 次 等待 3 秒
2024-03-19 00:14:20 查询号码 【1759768】，返回信息 {"status":"ok","msg":"黑龙江-鹤岗","gid":"248181","time_insert":"2021-07-11 12:59"}
2024-03-19 00:14:20 查询号码 【1759768】，GSD为【"黑龙江-鹤岗"】

2024-03-19 00:14:21 开始第 9876 次操作

2024-03-19 00:14:21 开始操作号码 【1759769】
2024-03-19 00:14:26 GSD getOne 第 1 次 等待 3 秒
2024-03-19 00:14:29 查询号码 【1759769】，返回信息 {"status":"ok","msg":"黑龙江-双鸭山","gid":"248189","time_insert":"2021-07-11 12:59"}
2024-03-19 00:14:29 查询号码 【1759769】，GSD为【"黑龙江-双鸭山"】

2024-03-19 00:37:46 开始第 9877 次操作

2024-03-19 00:37:46 开始操作号码 【1759770】
2024-03-19 00:37:51 GSD getOne 第 1 次 等待 3 秒
2024-03-19 00:37:54 查询号码 【1759770】，返回信息 {"status":"ok","msg":"河南-焦作","gid":"248194","time_insert":"2021-07-11 12:59"}
2024-03-19 00:37:54 查询号码 【1759770】，GSD为【"河南-焦作"】

2024-03-19 00:37:55 开始第 9878 次操作

2024-03-19 00:37:55 开始操作号码 【1759771】
2024-03-19 00:38:00 GSD getOne 第 1 次 等待 3 秒
2024-03-19 00:38:03 查询号码 【1759771】，返回信息 {"status":"ok","msg":"河南-焦作","gid":"248202","time_insert":"2021-07-11 13:00"}
2024-03-19 00:38:03 查询号码 【1759771】，GSD为【"河南-焦作"】

2024-03-19 00:38:04 开始第 9879 次操作

2024-03-19 00:38:04 开始操作号码 【1759772】
2024-03-19 00:38:09 GSD getOne 第 1 次 等待 3 秒
2024-03-19 00:38:12 查询号码 【1759772】，返回信息 {"status":"ok","msg":"河南-焦作","gid":"248209","time_insert":"2021-07-11 13:00"}
2024-03-19 00:38:12 查询号码 【1759772】，GSD为【"河南-焦作"】

2024-03-19 00:38:13 开始第 9880 次操作

2024-03-19 00:38:13 开始操作号码 【1759773】
2024-03-19 00:38:17 GSD getOne 第 1 次 等待 3 秒
2024-03-19 00:38:20 查询号码 【1759773】，返回信息 {"status":"ok","msg":"河南-焦作","gid":"248214","time_insert":"2021-07-11 13:01"}
2024-03-19 00:38:20 查询号码 【1759773】，GSD为【"河南-焦作"】

2024-03-19 01:11:00 开始第 9881 次操作

2024-03-19 01:11:00 开始操作号码 【1759774】
2024-03-19 01:11:06 GSD getOne 第 1 次 等待 3 秒
2024-03-19 01:11:09 查询号码 【1759774】，返回信息 {"status":"ok","msg":"河南-焦作","gid":"248217","time_insert":"2021-07-11 13:01"}
2024-03-19 01:11:09 查询号码 【1759774】，GSD为【"河南-焦作"】

2024-03-19 01:11:10 开始第 9882 次操作

2024-03-19 01:11:10 开始操作号码 【1759775】
2024-03-19 01:11:15 GSD getOne 第 1 次 等待 3 秒
2024-03-19 01:11:18 查询号码 【1759775】，返回信息 {"status":"ok","msg":"河南-焦作","gid":"248222","time_insert":"2021-07-11 13:01"}
2024-03-19 01:11:18 查询号码 【1759775】，GSD为【"河南-焦作"】

2024-03-19 01:11:19 开始第 9883 次操作

2024-03-19 01:11:19 开始操作号码 【1759776】
2024-03-19 01:11:23 GSD getOne 第 1 次 等待 3 秒
2024-03-19 01:11:26 查询号码 【1759776】，返回信息 {"status":"ok","msg":"河南-焦作","gid":"249063","time_insert":"2021-07-11 15:38"}
2024-03-19 01:11:26 查询号码 【1759776】，GSD为【"河南-焦作"】

2024-03-19 01:11:27 开始第 9884 次操作

2024-03-19 01:11:27 开始操作号码 【1759777】
2024-03-19 01:11:32 GSD getOne 第 1 次 等待 3 秒
2024-03-19 01:11:35 查询号码 【1759777】，返回信息 {"status":"ok","msg":"河南-焦作","gid":"249076","time_insert":"2021-07-11 15:39"}
2024-03-19 01:11:35 查询号码 【1759777】，GSD为【"河南-焦作"】

