2024-06-24 00:13:03 开始第 2401 次操作

2024-06-24 00:13:03 开始操作号码 【1532284】
2024-06-24 00:13:17 GSD getOne 第 1 次 等待 3 秒
2024-06-24 00:13:20 查询号码 【1532284】，返回信息 {"status":"ok","msg":"广东-东莞","gid":"190216","time_insert":"2021-07-04 13:26"}
2024-06-24 00:13:20 查询号码 【1532284】，GSD为【"广东-东莞"】

2024-06-24 00:13:21 开始第 2402 次操作

2024-06-24 00:13:21 开始操作号码 【1532285】
2024-06-24 00:13:36 GSD getOne 第 1 次 等待 3 秒
2024-06-24 00:13:39 查询号码 【1532285】，返回信息 {"status":"ok","msg":"广东-东莞","gid":"190399","time_insert":"2021-07-04 13:46"}
2024-06-24 00:13:39 查询号码 【1532285】，GSD为【"广东-东莞"】

2024-06-24 00:13:40 开始第 2403 次操作

2024-06-24 00:13:40 开始操作号码 【1532286】
2024-06-24 00:13:58 GSD getOne 第 1 次 等待 3 秒
2024-06-24 00:14:01 查询号码 【1532286】，返回信息 {"status":"ok","msg":"广东-东莞","gid":"190545","time_insert":"2021-07-04 14:04"}
2024-06-24 00:14:01 查询号码 【1532286】，GSD为【"广东-东莞"】

2024-06-24 00:14:02 开始第 2404 次操作

2024-06-24 00:14:02 开始操作号码 【1532287】
2024-06-24 00:14:15 GSD getOne 第 1 次 等待 3 秒
2024-06-24 00:14:18 查询号码 【1532287】，返回信息 {"status":"ok","msg":"广东-东莞","gid":"54391","time_insert":"2020-11-04 18:14"}
2024-06-24 00:14:18 查询号码 【1532287】，GSD为【"广东-东莞"】

