2023-12-11 00:12:31 开始第 2601 次操作

2023-12-11 00:12:31 开始操作号码 【1862494】
2023-12-11 00:12:39 GSD getOne 第 1 次 等待 3 秒
2023-12-11 00:12:42 查询号码 【1862494】，返回信息 {"status":"ok","msg":"河南-郑州","gid":"487634","time_insert":"2021-08-03 06:40"}
2023-12-11 00:12:42 查询号码 【1862494】，GSD为【"河南-郑州"】

2023-12-11 00:12:43 开始第 2602 次操作

2023-12-11 00:12:43 开始操作号码 【1862495】
2023-12-11 00:12:48 GSD getOne 第 1 次 等待 3 秒
2023-12-11 00:12:51 查询号码 【1862495】，返回信息 {"status":"ok","msg":"河南-郑州","gid":"487591","time_insert":"2021-08-03 06:17"}
2023-12-11 00:12:51 查询号码 【1862495】，GSD为【"河南-郑州"】

2023-12-11 00:12:52 开始第 2603 次操作

2023-12-11 00:12:52 开始操作号码 【1862496】
2023-12-11 00:12:55 GSD getOne 第 1 次 等待 3 秒
2023-12-11 00:12:58 查询号码 【1862496】，返回信息 {"status":"ok","msg":"河南-郑州","gid":"487587","time_insert":"2021-08-03 06:17"}
2023-12-11 00:12:58 查询号码 【1862496】，GSD为【"河南-郑州"】

2023-12-11 00:12:59 开始第 2604 次操作

2023-12-11 00:12:59 开始操作号码 【1862497】
2023-12-11 00:13:03 GSD getOne 第 1 次 等待 3 秒
2023-12-11 00:13:06 查询号码 【1862497】，返回信息 {"status":"ok","msg":"河南-郑州","gid":"487584","time_insert":"2021-08-03 06:16"}
2023-12-11 00:13:06 查询号码 【1862497】，GSD为【"河南-郑州"】

