2023-09-26 09:22:38 开始第 1 次操作

2023-09-26 09:22:38 开始操作号码 【1960000】
2023-09-26 09:22:39 GSD getOne 第 1 次 等待 3 秒
2023-09-26 09:22:42 查询号码 【1960000】，返回信息 {"status":"ok","msg":"北京-北京","gid":"532440","time_insert":"2023-02-15 14:08"}
2023-09-26 09:22:43 查询号码 【1960000】，GSD为【"北京-北京"】

2023-09-26 09:22:44 开始第 2 次操作

2023-09-26 09:22:44 开始操作号码 【1960001】
2023-09-26 09:22:48 GSD getOne 第 1 次 等待 3 秒
2023-09-26 09:22:51 查询号码 【1960001】，返回信息 {"status":"ok","msg":"北京-北京","gid":"532454","time_insert":"2023-02-15 14:18"}
2023-09-26 09:22:51 查询号码 【1960001】，GSD为【"北京-北京"】

2023-09-26 09:22:52 开始第 3 次操作

2023-09-26 09:22:52 开始操作号码 【1960002】
2023-09-26 09:22:54 GSD getOne 第 1 次 等待 3 秒
2023-09-26 09:22:57 查询号码 【1960002】，返回信息 {"status":"ok","msg":"北京-北京","gid":"532466","time_insert":"2023-02-15 14:28"}
2023-09-26 09:22:57 查询号码 【1960002】，GSD为【"北京-北京"】

2023-09-26 09:22:58 开始第 4 次操作

2023-09-26 09:22:58 开始操作号码 【1960003】
2023-09-26 09:22:59 GSD getOne 第 1 次 等待 3 秒
2023-09-26 09:23:02 查询号码 【1960003】，返回信息 {"status":"ok","msg":"北京-北京","gid":"532480","time_insert":"2023-02-15 14:37"}
2023-09-26 09:23:03 查询号码 【1960003】，GSD为【"北京-北京"】

2023-09-26 10:02:54 开始第 5 次操作

2023-09-26 10:02:54 开始操作号码 【1960004】
2023-09-26 10:02:55 GSD getOne 第 1 次 等待 3 秒
2023-09-26 10:02:58 查询号码 【1960004】，返回信息 {"status":"ok","msg":"北京-北京","gid":"532486","time_insert":"2023-02-15 14:42"}
2023-09-26 10:02:58 查询号码 【1960004】，GSD为【"北京-北京"】

2023-09-26 10:02:59 开始第 6 次操作

2023-09-26 10:02:59 开始操作号码 【1960005】
2023-09-26 10:03:01 GSD getOne 第 1 次 等待 3 秒
2023-09-26 10:03:04 查询号码 【1960005】，返回信息 {"status":"ok","msg":"北京-北京","gid":"532492","time_insert":"2023-02-15 14:48"}
2023-09-26 10:03:04 查询号码 【1960005】，GSD为【"北京-北京"】

2023-09-26 10:03:05 开始第 7 次操作

2023-09-26 10:03:05 开始操作号码 【1960006】
2023-09-26 10:03:07 GSD getOne 第 1 次 等待 3 秒
2023-09-26 10:03:10 查询号码 【1960006】，返回信息 {"status":"ok","msg":"北京-北京","gid":"532502","time_insert":"2023-02-15 14:53"}
2023-09-26 10:03:10 查询号码 【1960006】，GSD为【"北京-北京"】

2023-09-26 10:03:11 开始第 8 次操作

2023-09-26 10:03:11 开始操作号码 【1960007】
2023-09-26 10:03:12 GSD getOne 第 1 次 等待 3 秒
2023-09-26 10:03:15 查询号码 【1960007】，返回信息 {"status":"ok","msg":"北京-北京","gid":"532512","time_insert":"2023-02-15 15:02"}
2023-09-26 10:03:15 查询号码 【1960007】，GSD为【"北京-北京"】

2023-09-26 10:35:35 开始第 9 次操作

2023-09-26 10:35:35 开始操作号码 【1960008】
2023-09-26 10:35:37 GSD getOne 第 1 次 等待 3 秒
2023-09-26 10:35:40 查询号码 【1960008】，返回信息 {"status":"ok","msg":"北京-北京","gid":"532521","time_insert":"2023-02-15 15:09"}
2023-09-26 10:35:40 查询号码 【1960008】，GSD为【"北京-北京"】

2023-09-26 10:35:41 开始第 10 次操作

2023-09-26 10:35:41 开始操作号码 【1960009】
2023-09-26 10:35:44 GSD getOne 第 1 次 等待 3 秒
2023-09-26 10:35:47 查询号码 【1960009】，返回信息 {"status":"ok","msg":"北京-北京","gid":"532538","time_insert":"2023-02-15 15:19"}
2023-09-26 10:35:47 查询号码 【1960009】，GSD为【"北京-北京"】

2023-09-26 10:35:48 开始第 11 次操作

2023-09-26 10:35:48 开始操作号码 【1960010】
2023-09-26 10:35:50 GSD getOne 第 1 次 等待 3 秒
2023-09-26 10:35:53 查询号码 【1960010】，返回信息 {"status":"ok","msg":"北京-北京","gid":"532543","time_insert":"2023-02-15 15:24"}
2023-09-26 10:35:53 查询号码 【1960010】，GSD为【"北京-北京"】

2023-09-26 10:35:54 开始第 12 次操作

2023-09-26 10:35:54 开始操作号码 【1960011】
2023-09-26 10:35:56 GSD getOne 第 1 次 等待 3 秒
2023-09-26 10:35:59 查询号码 【1960011】，返回信息 {"status":"ok","msg":"北京-北京","gid":"532550","time_insert":"2023-02-15 15:30"}
2023-09-26 10:35:59 查询号码 【1960011】，GSD为【"北京-北京"】

2023-09-26 11:10:36 开始第 13 次操作

2023-09-26 11:10:36 开始操作号码 【1960012】
2023-09-26 11:10:38 GSD getOne 第 1 次 等待 3 秒
2023-09-26 11:10:41 查询号码 【1960012】，返回信息 {"status":"ok","msg":"北京-北京","gid":"532558","time_insert":"2023-02-15 15:33"}
2023-09-26 11:10:41 查询号码 【1960012】，GSD为【"北京-北京"】

2023-09-26 11:10:42 开始第 14 次操作

2023-09-26 11:10:42 开始操作号码 【1960013】
2023-09-26 11:10:43 GSD getOne 第 1 次 等待 3 秒
2023-09-26 11:10:46 查询号码 【1960013】，返回信息 {"status":"ok","msg":"北京-北京","gid":"532569","time_insert":"2023-02-15 15:41"}
2023-09-26 11:10:46 查询号码 【1960013】，GSD为【"北京-北京"】

2023-09-26 11:10:47 开始第 15 次操作

2023-09-26 11:10:47 开始操作号码 【1960014】
2023-09-26 11:10:50 GSD getOne 第 1 次 等待 3 秒
2023-09-26 11:10:53 查询号码 【1960014】，返回信息 {"status":"ok","msg":"北京-北京","gid":"532573","time_insert":"2023-02-15 15:46"}
2023-09-26 11:10:53 查询号码 【1960014】，GSD为【"北京-北京"】

2023-09-26 11:10:54 开始第 16 次操作

2023-09-26 11:10:54 开始操作号码 【1960015】
2023-09-26 11:10:59 GSD getOne 第 1 次 等待 3 秒
2023-09-26 11:11:02 查询号码 【1960015】，返回信息 {"status":"ok","msg":"北京-北京","gid":"532587","time_insert":"2023-02-15 15:52"}
2023-09-26 11:11:02 查询号码 【1960015】，GSD为【"北京-北京"】

2023-09-26 11:34:24 开始第 17 次操作

2023-09-26 11:34:24 开始操作号码 【1960016】
2023-09-26 11:34:25 GSD getOne 第 1 次 等待 3 秒
2023-09-26 11:34:28 查询号码 【1960016】，返回信息 {"status":"ok","msg":"北京-北京","gid":"532589","time_insert":"2023-02-15 15:53"}
2023-09-26 11:34:29 查询号码 【1960016】，GSD为【"北京-北京"】

2023-09-26 11:34:30 开始第 18 次操作

2023-09-26 11:34:30 开始操作号码 【1960017】
2023-09-26 11:34:31 GSD getOne 第 1 次 等待 3 秒
2023-09-26 11:34:34 查询号码 【1960017】，返回信息 {"status":"ok","msg":"北京-北京","gid":"532599","time_insert":"2023-02-15 16:00"}
2023-09-26 11:34:34 查询号码 【1960017】，GSD为【"北京-北京"】

2023-09-26 11:34:35 开始第 19 次操作

2023-09-26 11:34:35 开始操作号码 【1960018】
2023-09-26 11:34:36 GSD getOne 第 1 次 等待 3 秒
2023-09-26 11:34:39 查询号码 【1960018】，返回信息 {"status":"ok","msg":"北京-北京","gid":"532606","time_insert":"2023-02-15 16:04"}
2023-09-26 11:34:40 查询号码 【1960018】，GSD为【"北京-北京"】

2023-09-26 11:34:41 开始第 20 次操作

2023-09-26 11:34:41 开始操作号码 【1960019】
2023-09-26 11:34:45 GSD getOne 第 1 次 等待 3 秒
2023-09-26 11:34:48 查询号码 【1960019】，返回信息 {"status":"ok","msg":"北京-北京","gid":"532608","time_insert":"2023-02-15 16:05"}
2023-09-26 11:34:48 查询号码 【1960019】，GSD为【"北京-北京"】

2023-09-26 12:12:32 开始第 21 次操作

2023-09-26 12:12:32 开始操作号码 【1960020】
2023-09-26 12:12:34 GSD getOne 第 1 次 等待 3 秒
2023-09-26 12:12:37 查询号码 【1960020】，返回信息 {"status":"ok","msg":"-","gid":"532621","time_insert":"2023-02-15 16:14"}
2023-09-26 12:12:37 查询号码 【1960020】，GSD为【"-"】
2023-09-26 12:12:37 ok && -
2023-09-26 12:12:39 CHB 1960020?1695701557 第 1 次 等待 3 秒
2023-09-26 12:12:42 CHB 1960020?1695701557 第 1 次 获取到号码【1960020】GSD
2023-09-26 12:12:42 未获取到号码【1960020】GSD，可能号码格式错误
2023-09-26 12:12:42 获取到号码【1960020】的GSD为【-】
2023-09-26 12:12:43 GSD insert 第 1 次 等待 3 秒
2023-09-26 12:12:46 {"status":"bad","gid":"532621","msg":"添加失败！号码【1960020(-|-)】已存在！"}
2023-09-26 12:12:46 随机等待 198 秒，约 3 分钟
2023-09-26 12:12:46 下次操作: 2023-09-26 12:16:04

2023-09-26 12:16:04 开始第 22 次操作

2023-09-26 12:16:04 开始操作号码 【1960021】
2023-09-26 12:16:08 GSD getOne 第 1 次 等待 3 秒
2023-09-26 12:16:11 查询号码 【1960021】，返回信息 {"status":"ok","msg":"-","gid":"532630","time_insert":"2023-02-15 16:24"}
2023-09-26 12:16:11 查询号码 【1960021】，GSD为【"-"】
2023-09-26 12:16:11 ok && -
2023-09-26 12:16:13 CHB 1960021?1695701771 第 1 次 等待 3 秒
2023-09-26 12:16:16 CHB 1960021?1695701771 第 1 次 获取到号码【1960021】GSD
2023-09-26 12:16:16 未获取到号码【1960021】GSD，可能号码格式错误
2023-09-26 12:16:16 获取到号码【1960021】的GSD为【-】
2023-09-26 12:16:18 GSD insert 第 1 次 等待 3 秒
2023-09-26 12:16:21 {"status":"bad","gid":"532630","msg":"添加失败！号码【1960021(-|-)】已存在！"}
2023-09-26 12:16:21 随机等待 175 秒，约 2 分钟
2023-09-26 12:16:21 下次操作: 2023-09-26 12:19:16

2023-09-26 12:19:16 开始第 23 次操作

2023-09-26 12:19:16 开始操作号码 【1960022】
2023-09-26 12:19:18 GSD getOne 第 1 次 等待 3 秒
2023-09-26 12:19:21 查询号码 【1960022】，返回信息 {"status":"ok","msg":"-","gid":"532653","time_insert":"2023-02-15 16:41"}
2023-09-26 12:19:21 查询号码 【1960022】，GSD为【"-"】
2023-09-26 12:19:21 ok && -
2023-09-26 12:19:22 CHB 1960022?1695701961 第 1 次 等待 3 秒
2023-09-26 12:19:25 CHB 1960022?1695701961 第 1 次 获取到号码【1960022】GSD
2023-09-26 12:19:25 未获取到号码【1960022】GSD，可能号码格式错误
2023-09-26 12:19:25 获取到号码【1960022】的GSD为【-】
2023-09-26 12:19:28 GSD insert 第 1 次 等待 3 秒
2023-09-26 12:19:31 {"status":"bad","gid":"532653","msg":"添加失败！号码【1960022(-|-)】已存在！"}
2023-09-26 12:19:31 随机等待 191 秒，约 3 分钟
2023-09-26 12:19:31 下次操作: 2023-09-26 12:22:42

2023-09-26 12:22:42 开始第 24 次操作

2023-09-26 12:22:42 开始操作号码 【1960023】
2023-09-26 12:22:44 GSD getOne 第 1 次 等待 3 秒
2023-09-26 12:22:47 查询号码 【1960023】，返回信息 {"status":"ok","msg":"-","gid":"532675","time_insert":"2023-02-15 16:55"}
2023-09-26 12:22:47 查询号码 【1960023】，GSD为【"-"】
2023-09-26 12:22:47 ok && -
2023-09-26 12:22:49 CHB 1960023?1695702167 第 1 次 等待 3 秒
2023-09-26 12:22:52 CHB 1960023?1695702167 第 1 次 获取到号码【1960023】GSD
2023-09-26 12:22:52 未获取到号码【1960023】GSD，可能号码格式错误
2023-09-26 12:22:52 获取到号码【1960023】的GSD为【-】
2023-09-26 12:22:53 GSD insert 第 1 次 等待 3 秒
2023-09-26 12:22:56 {"status":"bad","gid":"532675","msg":"添加失败！号码【1960023(-|-)】已存在！"}

