2023-10-27 00:13:04 开始第 5425 次操作

2023-10-27 00:13:04 开始操作号码 【1965329】
2023-10-27 00:13:07 GSD getOne 第 1 次 等待 3 秒
2023-10-27 00:13:10 查询号码 【1965329】，返回信息 {"status":"ok","msg":"山东-青岛","gid":"568415","time_insert":"2023-03-04 03:15"}
2023-10-27 00:13:10 查询号码 【1965329】，GSD为【"山东-青岛"】

2023-10-27 00:13:11 开始第 5426 次操作

2023-10-27 00:13:11 开始操作号码 【1965330】
2023-10-27 00:13:14 GSD getOne 第 1 次 等待 3 秒
2023-10-27 00:13:17 查询号码 【1965330】，返回信息 {"status":"ok","msg":"山东-淄博","gid":"568420","time_insert":"2023-03-04 03:19"}
2023-10-27 00:13:17 查询号码 【1965330】，GSD为【"山东-淄博"】

2023-10-27 00:13:18 开始第 5427 次操作

2023-10-27 00:13:18 开始操作号码 【1965331】
2023-10-27 00:13:22 GSD getOne 第 1 次 等待 3 秒
2023-10-27 00:13:25 查询号码 【1965331】，返回信息 {"status":"ok","msg":"山东-淄博","gid":"568425","time_insert":"2023-03-04 03:21"}
2023-10-27 00:13:25 查询号码 【1965331】，GSD为【"山东-淄博"】

2023-10-27 00:13:26 开始第 5428 次操作

2023-10-27 00:13:26 开始操作号码 【1965332】
2023-10-27 00:13:29 GSD getOne 第 1 次 等待 3 秒
2023-10-27 00:13:32 查询号码 【1965332】，返回信息 {"status":"ok","msg":"山东-淄博","gid":"568428","time_insert":"2023-03-04 03:22"}
2023-10-27 00:13:32 查询号码 【1965332】，GSD为【"山东-淄博"】

