2024-11-14 00:25:38 开始第 4637 次操作

2024-11-14 00:25:38 开始操作号码 【1324636】
2024-11-14 00:25:40 GSD getOne 第 1 次 等待 3 秒
2024-11-14 00:25:43 查询号码 【1324636】，返回信息 {"status":"ok","msg":"广东-珠海","gid":"229888","time_insert":"2021-07-09 10:21"}
2024-11-14 00:25:43 查询号码 【1324636】，GSD为【"广东-珠海"】

2024-11-14 00:25:44 开始第 4638 次操作

2024-11-14 00:25:44 开始操作号码 【1324637】
2024-11-14 00:25:45 GSD getOne 第 1 次 等待 3 秒
2024-11-14 00:25:49 查询号码 【1324637】，返回信息 {"status":"ok","msg":"广东-珠海","gid":"229999","time_insert":"2021-07-09 10:37"}
2024-11-14 00:25:49 查询号码 【1324637】，GSD为【"广东-珠海"】

2024-11-14 00:25:50 开始第 4639 次操作

2024-11-14 00:25:50 开始操作号码 【1324638】
2024-11-14 00:25:51 GSD getOne 第 1 次 等待 3 秒
2024-11-14 00:25:54 查询号码 【1324638】，返回信息 {"status":"ok","msg":"广东-珠海","gid":"230130","time_insert":"2021-07-09 10:53"}
2024-11-14 00:25:54 查询号码 【1324638】，GSD为【"广东-珠海"】

2024-11-14 00:25:55 开始第 4640 次操作

2024-11-14 00:25:55 开始操作号码 【1324639】
2024-11-14 00:25:58 GSD getOne 第 1 次 等待 3 秒
2024-11-14 00:26:01 查询号码 【1324639】，返回信息 {"status":"ok","msg":"广东-珠海","gid":"230324","time_insert":"2021-07-09 11:09"}
2024-11-14 00:26:01 查询号码 【1324639】，GSD为【"广东-珠海"】

2024-11-14 00:45:47 开始第 4641 次操作

2024-11-14 00:45:47 开始操作号码 【1324640】
2024-11-14 00:45:49 GSD getOne 第 1 次 等待 3 秒
2024-11-14 00:45:52 查询号码 【1324640】，返回信息 {"status":"ok","msg":"广东-广州","gid":"230364","time_insert":"2021-07-09 11:27"}
2024-11-14 00:45:52 查询号码 【1324640】，GSD为【"广东-广州"】

2024-11-14 00:45:53 开始第 4642 次操作

2024-11-14 00:45:53 开始操作号码 【1324641】
2024-11-14 00:45:55 GSD getOne 第 1 次 等待 3 秒
2024-11-14 00:45:58 查询号码 【1324641】，返回信息 {"status":"ok","msg":"广东-广州","gid":"230403","time_insert":"2021-07-09 11:43"}
2024-11-14 00:45:58 查询号码 【1324641】，GSD为【"广东-广州"】

2024-11-14 00:45:59 开始第 4643 次操作

2024-11-14 00:45:59 开始操作号码 【1324642】
2024-11-14 00:46:00 GSD getOne 第 1 次 等待 3 秒
2024-11-14 00:46:03 查询号码 【1324642】，返回信息 {"status":"ok","msg":"广东-广州","gid":"230599","time_insert":"2021-07-09 12:00"}
2024-11-14 00:46:03 查询号码 【1324642】，GSD为【"广东-广州"】

2024-11-14 00:46:04 开始第 4644 次操作

2024-11-14 00:46:04 开始操作号码 【1324643】
2024-11-14 00:46:06 GSD getOne 第 1 次 等待 3 秒
2024-11-14 00:46:09 查询号码 【1324643】，返回信息 {"status":"ok","msg":"广东-广州","gid":"230722","time_insert":"2021-07-09 12:18"}
2024-11-14 00:46:09 查询号码 【1324643】，GSD为【"广东-广州"】

2024-11-14 01:18:06 开始第 4645 次操作

2024-11-14 01:18:06 开始操作号码 【1324644】
2024-11-14 01:18:07 GSD getOne 第 1 次 等待 3 秒
2024-11-14 01:18:10 查询号码 【1324644】，返回信息 {"status":"ok","msg":"广东-广州","gid":"230748","time_insert":"2021-07-09 12:35"}
2024-11-14 01:18:10 查询号码 【1324644】，GSD为【"广东-广州"】

2024-11-14 01:18:11 开始第 4646 次操作

2024-11-14 01:18:11 开始操作号码 【1324645】
2024-11-14 01:18:13 GSD getOne 第 1 次 等待 3 秒
2024-11-14 01:18:16 查询号码 【1324645】，返回信息 {"status":"ok","msg":"广东-广州","gid":"230800","time_insert":"2021-07-09 12:51"}
2024-11-14 01:18:16 查询号码 【1324645】，GSD为【"广东-广州"】

2024-11-14 01:18:17 开始第 4647 次操作

2024-11-14 01:18:17 开始操作号码 【1324646】
2024-11-14 01:18:19 GSD getOne 第 1 次 等待 3 秒
2024-11-14 01:18:22 查询号码 【1324646】，返回信息 {"status":"ok","msg":"广东-广州","gid":"230989","time_insert":"2021-07-09 13:07"}
2024-11-14 01:18:22 查询号码 【1324646】，GSD为【"广东-广州"】

2024-11-14 01:18:23 开始第 4648 次操作

2024-11-14 01:18:23 开始操作号码 【1324647】
2024-11-14 01:18:24 GSD getOne 第 1 次 等待 3 秒
2024-11-14 01:18:27 查询号码 【1324647】，返回信息 {"status":"ok","msg":"广东-广州","gid":"2293","time_insert":"2017-08-23 00:00","time_update":"2020-09-25 01:13"}
2024-11-14 01:18:27 查询号码 【1324647】，GSD为【"广东-广州"】

