2023-11-10 00:13:30 开始第 7973 次操作

2023-11-10 00:13:30 开始操作号码 【1967865】
2023-11-10 00:13:35 GSD getOne 第 1 次 等待 3 秒
2023-11-10 00:13:38 查询号码 【1967865】，返回信息 {"status":"ok","msg":"-","gid":"583146","time_insert":"2023-03-11 06:25"}
2023-11-10 00:13:38 查询号码 【1967865】，GSD为【"-"】
2023-11-10 00:13:38 ok && -
2023-11-10 00:13:43 CHB 1967865?1699546418 第 1 次 等待 3 秒
2023-11-10 00:13:46 CHB 1967865?1699546418 第 1 次 获取到号码【1967865】GSD
2023-11-10 00:13:46 未获取到号码【1967865】GSD，可能号码格式错误
2023-11-10 00:13:46 获取到号码【1967865】的GSD为【-】
2023-11-10 00:13:49 GSD insert 第 1 次 等待 3 秒
2023-11-10 00:13:52 {"status":"bad","gid":"583146","msg":"添加失败！号码【1967865(-|-)】已存在！"}
2023-11-10 00:13:52 随机等待 105 秒，约 1 分钟
2023-11-10 00:13:52 下次操作: 2023-11-10 00:15:37

2023-11-10 00:15:37 开始第 7974 次操作

2023-11-10 00:15:37 开始操作号码 【1967866】
2023-11-10 00:15:46 GSD getOne 第 1 次 等待 3 秒
2023-11-10 00:15:49 查询号码 【1967866】，返回信息 {"status":"ok","msg":"-","gid":"583148","time_insert":"2023-03-11 06:28"}
2023-11-10 00:15:49 查询号码 【1967866】，GSD为【"-"】
2023-11-10 00:15:49 ok && -
2023-11-10 00:15:52 CHB 1967866?1699546549 第 1 次 等待 3 秒
2023-11-10 00:15:55 CHB 1967866?1699546549 第 1 次 获取到号码【1967866】GSD
2023-11-10 00:15:55 未获取到号码【1967866】GSD，可能号码格式错误
2023-11-10 00:15:55 获取到号码【1967866】的GSD为【-】
2023-11-10 00:16:00 GSD insert 第 1 次 等待 3 秒
2023-11-10 00:16:03 {"status":"bad","gid":"583148","msg":"添加失败！号码【1967866(-|-)】已存在！"}
2023-11-10 00:16:03 随机等待 159 秒，约 2 分钟
2023-11-10 00:16:03 下次操作: 2023-11-10 00:18:42

2023-11-10 00:18:42 开始第 7975 次操作

2023-11-10 00:18:42 开始操作号码 【1967867】
2023-11-10 00:18:46 GSD getOne 第 1 次 等待 3 秒
2023-11-10 00:18:49 查询号码 【1967867】，返回信息 {"status":"ok","msg":"-","gid":"583151","time_insert":"2023-03-11 06:29"}
2023-11-10 00:18:49 查询号码 【1967867】，GSD为【"-"】
2023-11-10 00:18:49 ok && -
2023-11-10 00:18:52 CHB 1967867?1699546729 第 1 次 等待 3 秒
2023-11-10 00:18:55 CHB 1967867?1699546729 第 1 次 获取到号码【1967867】GSD
2023-11-10 00:18:55 未获取到号码【1967867】GSD，可能号码格式错误
2023-11-10 00:18:55 获取到号码【1967867】的GSD为【-】
2023-11-10 00:19:04 GSD insert 第 1 次 等待 3 秒
2023-11-10 00:19:07 {"status":"bad","gid":"583151","msg":"添加失败！号码【1967867(-|-)】已存在！"}
2023-11-10 00:19:07 随机等待 186 秒，约 3 分钟
2023-11-10 00:19:07 下次操作: 2023-11-10 00:22:13

2023-11-10 00:22:13 开始第 7976 次操作

2023-11-10 00:22:13 开始操作号码 【1967868】
2023-11-10 00:22:18 GSD getOne 第 1 次 等待 3 秒
2023-11-10 00:22:21 查询号码 【1967868】，返回信息 {"status":"ok","msg":"-","gid":"583158","time_insert":"2023-03-11 06:32"}
2023-11-10 00:22:21 查询号码 【1967868】，GSD为【"-"】
2023-11-10 00:22:21 ok && -
2023-11-10 00:22:25 CHB 1967868?1699546941 第 1 次 等待 3 秒
2023-11-10 00:22:28 CHB 1967868?1699546941 第 1 次 获取到号码【1967868】GSD
2023-11-10 00:22:28 未获取到号码【1967868】GSD，可能号码格式错误
2023-11-10 00:22:28 获取到号码【1967868】的GSD为【-】
2023-11-10 00:22:31 GSD insert 第 1 次 等待 3 秒
2023-11-10 00:22:34 {"status":"bad","gid":"583158","msg":"添加失败！号码【1967868(-|-)】已存在！"}

