2024-05-02 00:13:40 开始第 6817 次操作

2024-05-02 00:13:40 开始操作号码 【1646711】
2024-05-02 00:13:45 GSD getOne 第 1 次 等待 3 秒
2024-05-02 00:13:48 查询号码 【1646711】，返回信息 {"status":"ok","msg":"-","gid":"663278","time_insert":"2023-04-19 01:16"}
2024-05-02 00:13:48 查询号码 【1646711】，GSD为【"-"】
2024-05-02 00:13:48 ok && -
2024-05-02 00:13:51 CHB 1646711?1714580028 第 1 次 等待 3 秒
2024-05-02 00:13:54 CHB 1646711?1714580028 第 1 次 获取到号码【1646711】GSD
2024-05-02 00:13:54 未获取到号码【1646711】GSD，可能号码格式错误
2024-05-02 00:13:54 获取到号码【1646711】的GSD为【-】
2024-05-02 00:14:01 GSD insert 第 1 次 等待 3 秒
2024-05-02 00:14:04 {"status":"bad","gid":"663278","msg":"添加失败！号码【1646711(-|-)】已存在！"}
2024-05-02 00:14:04 随机等待 223 秒，约 3 分钟
2024-05-02 00:14:04 下次操作: 2024-05-02 00:17:47

2024-05-02 00:17:47 开始第 6818 次操作

2024-05-02 00:17:47 开始操作号码 【1646712】
2024-05-02 00:17:53 GSD getOne 第 1 次 等待 3 秒
2024-05-02 00:17:56 查询号码 【1646712】，返回信息 {"status":"ok","msg":"-","gid":"663301","time_insert":"2023-04-19 01:32"}
2024-05-02 00:17:56 查询号码 【1646712】，GSD为【"-"】
2024-05-02 00:17:56 ok && -
2024-05-02 00:17:58 CHB 1646712?1714580276 第 1 次 等待 3 秒
2024-05-02 00:18:01 CHB 1646712?1714580276 第 1 次 获取到号码【1646712】GSD
2024-05-02 00:18:01 未获取到号码【1646712】GSD，可能号码格式错误
2024-05-02 00:18:01 获取到号码【1646712】的GSD为【-】
2024-05-02 00:18:08 GSD insert 第 1 次 等待 3 秒
2024-05-02 00:18:11 {"status":"bad","gid":"663301","msg":"添加失败！号码【1646712(-|-)】已存在！"}
2024-05-02 00:18:11 随机等待 134 秒，约 2 分钟
2024-05-02 00:18:11 下次操作: 2024-05-02 00:20:25

2024-05-02 00:20:25 开始第 6819 次操作

2024-05-02 00:20:25 开始操作号码 【1646713】
2024-05-02 00:20:30 GSD getOne 第 1 次 等待 3 秒
2024-05-02 00:20:33 查询号码 【1646713】，返回信息 {"status":"ok","msg":"-","gid":"663325","time_insert":"2023-04-19 01:46"}
2024-05-02 00:20:33 查询号码 【1646713】，GSD为【"-"】
2024-05-02 00:20:33 ok && -
2024-05-02 00:20:35 CHB 1646713?1714580433 第 1 次 等待 3 秒
2024-05-02 00:20:38 CHB 1646713?1714580433 第 1 次 获取到号码【1646713】GSD
2024-05-02 00:20:38 未获取到号码【1646713】GSD，可能号码格式错误
2024-05-02 00:20:38 获取到号码【1646713】的GSD为【-】
2024-05-02 00:20:46 GSD insert 第 1 次 等待 3 秒
2024-05-02 00:20:49 {"status":"bad","gid":"663325","msg":"添加失败！号码【1646713(-|-)】已存在！"}
2024-05-02 00:20:49 随机等待 67 秒，约 1 分钟
2024-05-02 00:20:49 下次操作: 2024-05-02 00:21:56

2024-05-02 00:21:56 开始第 6820 次操作

2024-05-02 00:21:56 开始操作号码 【1646714】
2024-05-02 00:22:02 GSD getOne 第 1 次 等待 3 秒
2024-05-02 00:22:05 查询号码 【1646714】，返回信息 {"status":"ok","msg":"-","gid":"663355","time_insert":"2023-04-19 02:05"}
2024-05-02 00:22:05 查询号码 【1646714】，GSD为【"-"】
2024-05-02 00:22:05 ok && -
2024-05-02 00:22:07 CHB 1646714?1714580525 第 1 次 等待 3 秒
2024-05-02 00:22:10 CHB 1646714?1714580525 第 1 次 获取到号码【1646714】GSD
2024-05-02 00:22:10 未获取到号码【1646714】GSD，可能号码格式错误
2024-05-02 00:22:10 获取到号码【1646714】的GSD为【-】
2024-05-02 00:22:18 GSD insert 第 1 次 等待 3 秒
2024-05-02 00:22:21 {"status":"bad","gid":"663355","msg":"添加失败！号码【1646714(-|-)】已存在！"}

2024-05-02 00:36:18 开始第 6821 次操作

2024-05-02 00:36:18 开始操作号码 【1646715】
2024-05-02 00:36:24 GSD getOne 第 1 次 等待 3 秒
2024-05-02 00:36:27 查询号码 【1646715】，返回信息 {"status":"ok","msg":"-","gid":"663371","time_insert":"2023-04-19 02:16"}
2024-05-02 00:36:27 查询号码 【1646715】，GSD为【"-"】
2024-05-02 00:36:27 ok && -
2024-05-02 00:36:30 CHB 1646715?1714581387 第 1 次 等待 3 秒
2024-05-02 00:36:33 CHB 1646715?1714581387 第 1 次 获取到号码【1646715】GSD
2024-05-02 00:36:33 未获取到号码【1646715】GSD，可能号码格式错误
2024-05-02 00:36:33 获取到号码【1646715】的GSD为【-】
2024-05-02 00:36:38 GSD insert 第 1 次 等待 3 秒
2024-05-02 00:36:41 {"status":"bad","gid":"663371","msg":"添加失败！号码【1646715(-|-)】已存在！"}
2024-05-02 00:36:41 随机等待 83 秒，约 1 分钟
2024-05-02 00:36:41 下次操作: 2024-05-02 00:38:04

2024-05-02 00:38:04 开始第 6822 次操作

2024-05-02 00:38:04 开始操作号码 【1646716】
2024-05-02 00:38:09 GSD getOne 第 1 次 等待 3 秒
2024-05-02 00:38:12 查询号码 【1646716】，返回信息 {"status":"ok","msg":"-","gid":"663392","time_insert":"2023-04-19 02:30"}
2024-05-02 00:38:12 查询号码 【1646716】，GSD为【"-"】
2024-05-02 00:38:12 ok && -
2024-05-02 00:38:14 CHB 1646716?1714581492 第 1 次 等待 3 秒
2024-05-02 00:38:17 CHB 1646716?1714581492 第 1 次 获取到号码【1646716】GSD
2024-05-02 00:38:17 未获取到号码【1646716】GSD，可能号码格式错误
2024-05-02 00:38:17 获取到号码【1646716】的GSD为【-】
2024-05-02 00:38:22 GSD insert 第 1 次 等待 3 秒
2024-05-02 00:38:25 {"status":"bad","gid":"663392","msg":"添加失败！号码【1646716(-|-)】已存在！"}
2024-05-02 00:38:25 随机等待 156 秒，约 2 分钟
2024-05-02 00:38:25 下次操作: 2024-05-02 00:41:01

2024-05-02 00:41:01 开始第 6823 次操作

2024-05-02 00:41:01 开始操作号码 【1646717】
2024-05-02 00:41:08 GSD getOne 第 1 次 等待 3 秒
2024-05-02 00:41:11 查询号码 【1646717】，返回信息 {"status":"ok","msg":"-","gid":"663425","time_insert":"2023-04-19 02:51"}
2024-05-02 00:41:11 查询号码 【1646717】，GSD为【"-"】
2024-05-02 00:41:11 ok && -
2024-05-02 00:41:13 CHB 1646717?1714581671 第 1 次 等待 3 秒
2024-05-02 00:41:16 CHB 1646717?1714581671 第 1 次 获取到号码【1646717】GSD
2024-05-02 00:41:16 未获取到号码【1646717】GSD，可能号码格式错误
2024-05-02 00:41:16 获取到号码【1646717】的GSD为【-】
2024-05-02 00:41:21 GSD insert 第 1 次 等待 3 秒
2024-05-02 00:41:24 {"status":"bad","gid":"663425","msg":"添加失败！号码【1646717(-|-)】已存在！"}
2024-05-02 00:41:24 随机等待 100 秒，约 1 分钟
2024-05-02 00:41:24 下次操作: 2024-05-02 00:43:04

2024-05-02 00:43:04 开始第 6824 次操作

2024-05-02 00:43:04 开始操作号码 【1646718】
2024-05-02 00:43:11 GSD getOne 第 1 次 等待 3 秒
2024-05-02 00:43:14 查询号码 【1646718】，返回信息 {"status":"ok","msg":"-","gid":"663447","time_insert":"2023-04-19 03:03"}
2024-05-02 00:43:14 查询号码 【1646718】，GSD为【"-"】
2024-05-02 00:43:14 ok && -
2024-05-02 00:43:16 CHB 1646718?1714581794 第 1 次 等待 3 秒
2024-05-02 00:43:19 CHB 1646718?1714581794 第 1 次 获取到号码【1646718】GSD
2024-05-02 00:43:19 未获取到号码【1646718】GSD，可能号码格式错误
2024-05-02 00:43:19 获取到号码【1646718】的GSD为【-】
2024-05-02 00:43:32 GSD insert 第 1 次 等待 3 秒
2024-05-02 00:43:35 {"status":"bad","gid":"663447","msg":"添加失败！号码【1646718(-|-)】已存在！"}

2024-05-02 01:10:40 开始第 6825 次操作

2024-05-02 01:10:40 开始操作号码 【1646719】
2024-05-02 01:10:45 GSD getOne 第 1 次 等待 3 秒
2024-05-02 01:10:48 查询号码 【1646719】，返回信息 {"status":"ok","msg":"-","gid":"663474","time_insert":"2023-04-19 03:22"}
2024-05-02 01:10:48 查询号码 【1646719】，GSD为【"-"】
2024-05-02 01:10:48 ok && -
2024-05-02 01:10:50 CHB 1646719?1714583448 第 1 次 等待 3 秒
2024-05-02 01:10:53 CHB 1646719?1714583448 第 1 次 获取到号码【1646719】GSD
2024-05-02 01:10:53 未获取到号码【1646719】GSD，可能号码格式错误
2024-05-02 01:10:53 获取到号码【1646719】的GSD为【-】
2024-05-02 01:10:58 GSD insert 第 1 次 等待 3 秒
2024-05-02 01:11:01 {"status":"bad","gid":"663474","msg":"添加失败！号码【1646719(-|-)】已存在！"}
2024-05-02 01:11:01 随机等待 84 秒，约 1 分钟
2024-05-02 01:11:01 下次操作: 2024-05-02 01:12:25

2024-05-02 01:12:25 开始第 6826 次操作

2024-05-02 01:12:25 开始操作号码 【1646720】
2024-05-02 01:12:29 GSD getOne 第 1 次 等待 3 秒
2024-05-02 01:12:32 查询号码 【1646720】，返回信息 {"status":"ok","msg":"-","gid":"663515","time_insert":"2023-04-19 03:45"}
2024-05-02 01:12:32 查询号码 【1646720】，GSD为【"-"】
2024-05-02 01:12:32 ok && -
2024-05-02 01:12:34 CHB 1646720?1714583552 第 1 次 等待 3 秒
2024-05-02 01:12:37 CHB 1646720?1714583552 第 1 次 获取到号码【1646720】GSD
2024-05-02 01:12:37 未获取到号码【1646720】GSD，可能号码格式错误
2024-05-02 01:12:37 获取到号码【1646720】的GSD为【-】
2024-05-02 01:12:46 GSD insert 第 1 次 等待 3 秒
2024-05-02 01:12:49 {"status":"bad","gid":"663515","msg":"添加失败！号码【1646720(-|-)】已存在！"}
2024-05-02 01:12:49 随机等待 86 秒，约 1 分钟
2024-05-02 01:12:49 下次操作: 2024-05-02 01:14:15

2024-05-02 01:14:15 开始第 6827 次操作

2024-05-02 01:14:15 开始操作号码 【1646721】
2024-05-02 01:14:20 GSD getOne 第 1 次 等待 3 秒
2024-05-02 01:14:23 查询号码 【1646721】，返回信息 {"status":"ok","msg":"-","gid":"663549","time_insert":"2023-04-19 04:06"}
2024-05-02 01:14:23 查询号码 【1646721】，GSD为【"-"】
2024-05-02 01:14:23 ok && -
2024-05-02 01:14:25 CHB 1646721?1714583663 第 1 次 等待 3 秒
2024-05-02 01:14:28 CHB 1646721?1714583663 第 1 次 获取到号码【1646721】GSD
2024-05-02 01:14:28 未获取到号码【1646721】GSD，可能号码格式错误
2024-05-02 01:14:28 获取到号码【1646721】的GSD为【-】
2024-05-02 01:14:33 GSD insert 第 1 次 等待 3 秒
2024-05-02 01:14:36 {"status":"bad","gid":"663549","msg":"添加失败！号码【1646721(-|-)】已存在！"}
2024-05-02 01:14:36 随机等待 122 秒，约 2 分钟
2024-05-02 01:14:36 下次操作: 2024-05-02 01:16:38

2024-05-02 01:16:38 开始第 6828 次操作

2024-05-02 01:16:38 开始操作号码 【1646722】
2024-05-02 01:16:49 GSD getOne 第 1 次 等待 3 秒
2024-05-02 01:16:52 查询号码 【1646722】，返回信息 {"status":"ok","msg":"-","gid":"663571","time_insert":"2023-04-19 04:23"}
2024-05-02 01:16:52 查询号码 【1646722】，GSD为【"-"】
2024-05-02 01:16:52 ok && -
2024-05-02 01:16:54 CHB 1646722?1714583812 第 1 次 等待 3 秒
2024-05-02 01:16:57 CHB 1646722?1714583812 第 1 次 获取到号码【1646722】GSD
2024-05-02 01:16:57 未获取到号码【1646722】GSD，可能号码格式错误
2024-05-02 01:16:57 获取到号码【1646722】的GSD为【-】
2024-05-02 01:17:07 GSD insert 第 1 次 等待 3 秒
2024-05-02 01:17:10 {"status":"bad","gid":"663571","msg":"添加失败！号码【1646722(-|-)】已存在！"}

