2023-11-04 00:13:44 开始第 6869 次操作

2023-11-04 00:13:44 开始操作号码 【1966762】
2023-11-04 00:13:50 GSD getOne 第 1 次 等待 3 秒
2023-11-04 00:13:53 查询号码 【1966762】，返回信息 {"status":"ok","msg":"-","gid":"576783","time_insert":"2023-03-08 02:56"}
2023-11-04 00:13:53 查询号码 【1966762】，GSD为【"-"】
2023-11-04 00:13:53 ok && -
2023-11-04 00:13:56 CHB 1966762?1699028033 第 1 次 等待 3 秒
2023-11-04 00:13:59 CHB 1966762?1699028033 第 1 次 获取到号码【1966762】GSD
2023-11-04 00:13:59 未获取到号码【1966762】GSD，可能号码格式错误
2023-11-04 00:13:59 获取到号码【1966762】的GSD为【-】
2023-11-04 00:14:06 GSD insert 第 1 次 等待 3 秒
2023-11-04 00:14:09 {"status":"bad","gid":"576783","msg":"添加失败！号码【1966762(-|-)】已存在！"}
2023-11-04 00:14:09 随机等待 120 秒，约 2 分钟
2023-11-04 00:14:09 下次操作: 2023-11-04 00:16:09

2023-11-04 00:16:09 开始第 6870 次操作

2023-11-04 00:16:09 开始操作号码 【1966763】
2023-11-04 00:16:14 GSD getOne 第 1 次 等待 3 秒
2023-11-04 00:16:17 查询号码 【1966763】，返回信息 {"status":"ok","msg":"-","gid":"576786","time_insert":"2023-03-08 02:59"}
2023-11-04 00:16:17 查询号码 【1966763】，GSD为【"-"】
2023-11-04 00:16:17 ok && -
2023-11-04 00:16:20 CHB 1966763?1699028177 第 1 次 等待 3 秒
2023-11-04 00:16:23 CHB 1966763?1699028177 第 1 次 获取到号码【1966763】GSD
2023-11-04 00:16:23 未获取到号码【1966763】GSD，可能号码格式错误
2023-11-04 00:16:23 获取到号码【1966763】的GSD为【-】
2023-11-04 00:16:27 GSD insert 第 1 次 等待 3 秒
2023-11-04 00:16:30 {"status":"bad","gid":"576786","msg":"添加失败！号码【1966763(-|-)】已存在！"}
2023-11-04 00:16:30 随机等待 207 秒，约 3 分钟
2023-11-04 00:16:30 下次操作: 2023-11-04 00:19:57

2023-11-04 00:19:57 开始第 6871 次操作

2023-11-04 00:19:57 开始操作号码 【1966764】
2023-11-04 00:20:03 GSD getOne 第 1 次 等待 3 秒
2023-11-04 00:20:06 查询号码 【1966764】，返回信息 {"status":"ok","msg":"-","gid":"576789","time_insert":"2023-03-08 03:02"}
2023-11-04 00:20:07 查询号码 【1966764】，GSD为【"-"】
2023-11-04 00:20:07 ok && -
2023-11-04 00:20:10 CHB 1966764?1699028407 第 1 次 等待 3 秒
2023-11-04 00:20:13 CHB 1966764?1699028407 第 1 次 获取到号码【1966764】GSD
2023-11-04 00:20:13 未获取到号码【1966764】GSD，可能号码格式错误
2023-11-04 00:20:13 获取到号码【1966764】的GSD为【-】
2023-11-04 00:20:17 GSD insert 第 1 次 等待 3 秒
2023-11-04 00:20:20 {"status":"bad","gid":"576789","msg":"添加失败！号码【1966764(-|-)】已存在！"}
2023-11-04 00:20:20 随机等待 93 秒，约 1 分钟
2023-11-04 00:20:20 下次操作: 2023-11-04 00:21:53

2023-11-04 00:21:53 开始第 6872 次操作

2023-11-04 00:21:53 开始操作号码 【1966765】
2023-11-04 00:21:56 GSD getOne 第 1 次 等待 3 秒
2023-11-04 00:21:59 查询号码 【1966765】，返回信息 {"status":"ok","msg":"-","gid":"576795","time_insert":"2023-03-08 03:08"}
2023-11-04 00:21:59 查询号码 【1966765】，GSD为【"-"】
2023-11-04 00:21:59 ok && -
2023-11-04 00:22:02 CHB 1966765?1699028519 第 1 次 等待 3 秒
2023-11-04 00:22:05 CHB 1966765?1699028519 第 1 次 获取到号码【1966765】GSD
2023-11-04 00:22:05 未获取到号码【1966765】GSD，可能号码格式错误
2023-11-04 00:22:05 获取到号码【1966765】的GSD为【-】
2023-11-04 00:22:23 GSD insert 第 1 次 等待 3 秒
2023-11-04 00:22:26 {"status":"bad","gid":"576795","msg":"添加失败！号码【1966765(-|-)】已存在！"}

