2024-09-07 00:17:58 开始第 3273 次操作

2024-09-07 00:17:58 开始操作号码 【1423272】
2024-09-07 00:18:06 GSD getOne 第 1 次 等待 3 秒
2024-09-07 00:18:09 查询号码 【1423272】，返回信息 {"status":"ok","msg":"-","gid":"581539","time_insert":"2023-03-10 11:10"}
2024-09-07 00:18:09 查询号码 【1423272】，GSD为【"-"】
2024-09-07 00:18:09 ok && -
2024-09-07 00:18:11 CHB 1423272?1725639489 第 1 次 等待 3 秒
2024-09-07 00:18:14 CHB 1423272?1725639489 第 1 次 获取到号码【1423272】GSD
2024-09-07 00:18:14 未获取到号码【1423272】GSD，可能号码格式错误
2024-09-07 00:18:14 获取到号码【1423272】的GSD为【-】
2024-09-07 00:18:22 GSD insert 第 1 次 等待 3 秒
2024-09-07 00:18:25 {"status":"bad","gid":"581539","msg":"添加失败！号码【1423272(-|-)】已存在！"}
2024-09-07 00:18:25 随机等待 120 秒，约 2 分钟
2024-09-07 00:18:25 下次操作: 2024-09-07 00:20:25

2024-09-07 00:20:25 开始第 3274 次操作

2024-09-07 00:20:25 开始操作号码 【1423273】
2024-09-07 00:20:32 GSD getOne 第 1 次 等待 3 秒
2024-09-07 00:20:35 查询号码 【1423273】，返回信息 {"status":"ok","msg":"-","gid":"581551","time_insert":"2023-03-10 11:20"}
2024-09-07 00:20:35 查询号码 【1423273】，GSD为【"-"】
2024-09-07 00:20:35 ok && -
2024-09-07 00:20:38 CHB 1423273?1725639635 第 1 次 等待 3 秒
2024-09-07 00:20:41 CHB 1423273?1725639635 第 1 次 获取到号码【1423273】GSD
2024-09-07 00:20:41 未获取到号码【1423273】GSD，可能号码格式错误
2024-09-07 00:20:41 获取到号码【1423273】的GSD为【-】
2024-09-07 00:20:49 GSD insert 第 1 次 等待 3 秒
2024-09-07 00:20:52 {"status":"bad","gid":"581551","msg":"添加失败！号码【1423273(-|-)】已存在！"}
2024-09-07 00:20:52 随机等待 144 秒，约 2 分钟
2024-09-07 00:20:52 下次操作: 2024-09-07 00:23:16

2024-09-07 00:23:16 开始第 3275 次操作

2024-09-07 00:23:16 开始操作号码 【1423274】
2024-09-07 00:23:24 GSD getOne 第 1 次 等待 3 秒
2024-09-07 00:23:27 查询号码 【1423274】，返回信息 {"status":"ok","msg":"-","gid":"581578","time_insert":"2023-03-10 11:41"}
2024-09-07 00:23:27 查询号码 【1423274】，GSD为【"-"】
2024-09-07 00:23:27 ok && -
2024-09-07 00:23:29 CHB 1423274?1725639807 第 1 次 等待 3 秒
2024-09-07 00:23:32 CHB 1423274?1725639807 第 1 次 获取到号码【1423274】GSD
2024-09-07 00:23:32 未获取到号码【1423274】GSD，可能号码格式错误
2024-09-07 00:23:32 获取到号码【1423274】的GSD为【-】
2024-09-07 00:23:40 GSD insert 第 1 次 等待 3 秒
2024-09-07 00:23:43 {"status":"bad","gid":"581578","msg":"添加失败！号码【1423274(-|-)】已存在！"}
2024-09-07 00:23:43 随机等待 92 秒，约 1 分钟
2024-09-07 00:23:43 下次操作: 2024-09-07 00:25:15

2024-09-07 00:25:15 开始第 3276 次操作

2024-09-07 00:25:15 开始操作号码 【1423275】
2024-09-07 00:25:22 GSD getOne 第 1 次 等待 3 秒
2024-09-07 00:25:25 查询号码 【1423275】，返回信息 {"status":"ok","msg":"-","gid":"581609","time_insert":"2023-03-10 11:59"}
2024-09-07 00:25:25 查询号码 【1423275】，GSD为【"-"】
2024-09-07 00:25:25 ok && -
2024-09-07 00:26:50 CHB 1423275?1725639925 第 1 次 等待 3 秒
2024-09-07 00:26:53 CHB 1423275?1725639925 第 1 次 获取到号码【1423275】GSD
2024-09-07 00:26:53 未获取到号码【1423275】GSD，可能号码格式错误
2024-09-07 00:26:53 获取到号码【1423275】的GSD为【-】
2024-09-07 00:27:06 GSD insert 第 1 次 等待 3 秒
2024-09-07 00:27:09 {"status":"bad","gid":"581609","msg":"添加失败！号码【1423275(-|-)】已存在！"}

2024-09-07 00:43:49 开始第 3277 次操作

2024-09-07 00:43:49 开始操作号码 【1423276】
2024-09-07 00:44:02 GSD getOne 第 1 次 等待 3 秒
2024-09-07 00:44:05 查询号码 【1423276】，返回信息 {"status":"ok","msg":"-","gid":"581637","time_insert":"2023-03-10 12:20"}
2024-09-07 00:44:05 查询号码 【1423276】，GSD为【"-"】
2024-09-07 00:44:05 ok && -
2024-09-07 00:44:07 CHB 1423276?1725641045 第 1 次 等待 3 秒
2024-09-07 00:44:10 CHB 1423276?1725641045 第 1 次 获取到号码【1423276】GSD
2024-09-07 00:44:10 未获取到号码【1423276】GSD，可能号码格式错误
2024-09-07 00:44:10 获取到号码【1423276】的GSD为【-】
2024-09-07 00:44:18 GSD insert 第 1 次 等待 3 秒
2024-09-07 00:44:21 {"status":"bad","gid":"581637","msg":"添加失败！号码【1423276(-|-)】已存在！"}
2024-09-07 00:44:21 随机等待 158 秒，约 2 分钟
2024-09-07 00:44:21 下次操作: 2024-09-07 00:46:59

2024-09-07 00:46:59 开始第 3278 次操作

2024-09-07 00:46:59 开始操作号码 【1423277】
2024-09-07 00:47:07 GSD getOne 第 1 次 等待 3 秒
2024-09-07 00:47:10 查询号码 【1423277】，返回信息 {"status":"ok","msg":"-","gid":"581658","time_insert":"2023-03-10 12:36"}
2024-09-07 00:47:10 查询号码 【1423277】，GSD为【"-"】
2024-09-07 00:47:10 ok && -
2024-09-07 00:47:12 CHB 1423277?1725641230 第 1 次 等待 3 秒
2024-09-07 00:47:15 CHB 1423277?1725641230 第 1 次 获取到号码【1423277】GSD
2024-09-07 00:47:15 未获取到号码【1423277】GSD，可能号码格式错误
2024-09-07 00:47:15 获取到号码【1423277】的GSD为【-】
2024-09-07 00:47:23 GSD insert 第 1 次 等待 3 秒
2024-09-07 00:47:26 {"status":"bad","gid":"581658","msg":"添加失败！号码【1423277(-|-)】已存在！"}
2024-09-07 00:47:26 随机等待 148 秒，约 2 分钟
2024-09-07 00:47:26 下次操作: 2024-09-07 00:49:54

2024-09-07 00:49:54 开始第 3279 次操作

2024-09-07 00:49:54 开始操作号码 【1423278】
2024-09-07 00:50:01 GSD getOne 第 1 次 等待 3 秒
2024-09-07 00:50:04 查询号码 【1423278】，返回信息 {"status":"ok","msg":"-","gid":"581690","time_insert":"2023-03-10 12:54"}
2024-09-07 00:50:04 查询号码 【1423278】，GSD为【"-"】
2024-09-07 00:50:04 ok && -
2024-09-07 00:50:07 CHB 1423278?1725641404 第 1 次 等待 3 秒
2024-09-07 00:50:10 CHB 1423278?1725641404 第 1 次 获取到号码【1423278】GSD
2024-09-07 00:50:10 未获取到号码【1423278】GSD，可能号码格式错误
2024-09-07 00:50:10 获取到号码【1423278】的GSD为【-】
2024-09-07 00:50:18 GSD insert 第 1 次 等待 3 秒
2024-09-07 00:50:21 {"status":"bad","gid":"581690","msg":"添加失败！号码【1423278(-|-)】已存在！"}
2024-09-07 00:50:21 随机等待 163 秒，约 2 分钟
2024-09-07 00:50:21 下次操作: 2024-09-07 00:53:04

2024-09-07 00:53:04 开始第 3280 次操作

2024-09-07 00:53:04 开始操作号码 【1423279】
2024-09-07 00:53:14 GSD getOne 第 1 次 等待 3 秒
2024-09-07 00:53:17 查询号码 【1423279】，返回信息 {"status":"ok","msg":"-","gid":"581725","time_insert":"2023-03-10 13:17"}
2024-09-07 00:53:17 查询号码 【1423279】，GSD为【"-"】
2024-09-07 00:53:17 ok && -
2024-09-07 00:53:18 CHB 1423279?1725641597 第 1 次 等待 3 秒
2024-09-07 00:53:21 CHB 1423279?1725641597 第 1 次 获取到号码【1423279】GSD
2024-09-07 00:53:21 未获取到号码【1423279】GSD，可能号码格式错误
2024-09-07 00:53:21 获取到号码【1423279】的GSD为【-】
2024-09-07 00:53:30 GSD insert 第 1 次 等待 3 秒
2024-09-07 00:53:33 {"status":"bad","gid":"581725","msg":"添加失败！号码【1423279(-|-)】已存在！"}

2024-09-07 01:11:56 开始第 3281 次操作

2024-09-07 01:11:56 开始操作号码 【1423280】
2024-09-07 01:12:04 GSD getOne 第 1 次 等待 3 秒
2024-09-07 01:12:07 查询号码 【1423280】，返回信息 {"status":"ok","msg":"-","gid":"581746","time_insert":"2023-03-10 13:32"}
2024-09-07 01:12:07 查询号码 【1423280】，GSD为【"-"】
2024-09-07 01:12:07 ok && -
2024-09-07 01:12:09 CHB 1423280?1725642727 第 1 次 等待 3 秒
2024-09-07 01:12:12 CHB 1423280?1725642727 第 1 次 获取到号码【1423280】GSD
2024-09-07 01:12:12 未获取到号码【1423280】GSD，可能号码格式错误
2024-09-07 01:12:12 获取到号码【1423280】的GSD为【-】
2024-09-07 01:12:22 GSD insert 第 1 次 等待 3 秒
2024-09-07 01:12:25 {"status":"bad","gid":"581746","msg":"添加失败！号码【1423280(-|-)】已存在！"}
2024-09-07 01:12:25 随机等待 119 秒，约 1 分钟
2024-09-07 01:12:25 下次操作: 2024-09-07 01:14:24

2024-09-07 01:14:24 开始第 3282 次操作

2024-09-07 01:14:24 开始操作号码 【1423281】
2024-09-07 01:14:31 GSD getOne 第 1 次 等待 3 秒
2024-09-07 01:14:34 查询号码 【1423281】，返回信息 {"status":"ok","msg":"-","gid":"581781","time_insert":"2023-03-10 13:53"}
2024-09-07 01:14:34 查询号码 【1423281】，GSD为【"-"】
2024-09-07 01:14:34 ok && -
2024-09-07 01:16:25 CHB 1423281?1725642874 第 1 次 等待 3 秒
2024-09-07 01:16:28 CHB 1423281?1725642874 第 1 次 获取到号码【1423281】GSD
2024-09-07 01:16:28 未获取到号码【1423281】GSD，可能号码格式错误
2024-09-07 01:16:28 获取到号码【1423281】的GSD为【-】
2024-09-07 01:16:37 GSD insert 第 1 次 等待 3 秒
2024-09-07 01:16:40 {"status":"bad","gid":"581781","msg":"添加失败！号码【1423281(-|-)】已存在！"}
2024-09-07 01:16:40 随机等待 196 秒，约 3 分钟
2024-09-07 01:16:40 下次操作: 2024-09-07 01:19:56

2024-09-07 01:19:56 开始第 3283 次操作

2024-09-07 01:19:56 开始操作号码 【1423282】
2024-09-07 01:20:03 GSD getOne 第 1 次 等待 3 秒
2024-09-07 01:20:06 查询号码 【1423282】，返回信息 {"status":"ok","msg":"-","gid":"581807","time_insert":"2023-03-10 14:08"}
2024-09-07 01:20:06 查询号码 【1423282】，GSD为【"-"】
2024-09-07 01:20:06 ok && -
2024-09-07 01:20:08 CHB 1423282?1725643206 第 1 次 等待 3 秒
2024-09-07 01:20:11 CHB 1423282?1725643206 第 1 次 获取到号码【1423282】GSD
2024-09-07 01:20:12 未获取到号码【1423282】GSD，可能号码格式错误
2024-09-07 01:20:12 获取到号码【1423282】的GSD为【-】
2024-09-07 01:20:19 GSD insert 第 1 次 等待 3 秒
2024-09-07 01:20:22 {"status":"bad","gid":"581807","msg":"添加失败！号码【1423282(-|-)】已存在！"}
2024-09-07 01:20:22 随机等待 197 秒，约 3 分钟
2024-09-07 01:20:22 下次操作: 2024-09-07 01:23:39

2024-09-07 01:23:39 开始第 3284 次操作

2024-09-07 01:23:39 开始操作号码 【1423283】
2024-09-07 01:23:48 GSD getOne 第 1 次 等待 3 秒
2024-09-07 01:23:51 查询号码 【1423283】，返回信息 {"status":"ok","msg":"-","gid":"581831","time_insert":"2023-03-10 14:28"}
2024-09-07 01:23:51 查询号码 【1423283】，GSD为【"-"】
2024-09-07 01:23:51 ok && -
2024-09-07 01:23:52 CHB 1423283?1725643431 第 1 次 等待 3 秒
2024-09-07 01:23:55 CHB 1423283?1725643431 第 1 次 获取到号码【1423283】GSD
2024-09-07 01:23:55 未获取到号码【1423283】GSD，可能号码格式错误
2024-09-07 01:23:55 获取到号码【1423283】的GSD为【-】
2024-09-07 01:24:05 GSD insert 第 1 次 等待 3 秒
2024-09-07 01:24:08 {"status":"bad","gid":"581831","msg":"添加失败！号码【1423283(-|-)】已存在！"}

2024-09-07 01:35:11 开始第 3285 次操作

2024-09-07 01:35:11 开始操作号码 【1423284】
2024-09-07 01:35:19 GSD getOne 第 1 次 等待 3 秒
2024-09-07 01:35:22 查询号码 【1423284】，返回信息 {"status":"ok","msg":"-","gid":"581856","time_insert":"2023-03-10 14:45"}
2024-09-07 01:35:22 查询号码 【1423284】，GSD为【"-"】
2024-09-07 01:35:22 ok && -
2024-09-07 01:35:24 CHB 1423284?1725644122 第 1 次 等待 3 秒
2024-09-07 01:35:27 CHB 1423284?1725644122 第 1 次 获取到号码【1423284】GSD
2024-09-07 01:35:27 未获取到号码【1423284】GSD，可能号码格式错误
2024-09-07 01:35:27 获取到号码【1423284】的GSD为【-】
2024-09-07 01:35:36 GSD insert 第 1 次 等待 3 秒
2024-09-07 01:35:39 {"status":"bad","gid":"581856","msg":"添加失败！号码【1423284(-|-)】已存在！"}
2024-09-07 01:35:39 随机等待 190 秒，约 3 分钟
2024-09-07 01:35:39 下次操作: 2024-09-07 01:38:49

2024-09-07 01:38:49 开始第 3286 次操作

2024-09-07 01:38:49 开始操作号码 【1423285】
2024-09-07 01:38:57 GSD getOne 第 1 次 等待 3 秒
2024-09-07 01:39:00 查询号码 【1423285】，返回信息 {"status":"ok","msg":"-","gid":"581890","time_insert":"2023-03-10 15:07"}
2024-09-07 01:39:00 查询号码 【1423285】，GSD为【"-"】
2024-09-07 01:39:00 ok && -
2024-09-07 01:39:02 CHB 1423285?1725644340 第 1 次 等待 3 秒
2024-09-07 01:39:05 CHB 1423285?1725644340 第 1 次 获取到号码【1423285】GSD
2024-09-07 01:39:05 未获取到号码【1423285】GSD，可能号码格式错误
2024-09-07 01:39:06 获取到号码【1423285】的GSD为【-】
2024-09-07 01:39:13 GSD insert 第 1 次 等待 3 秒
2024-09-07 01:39:16 {"status":"bad","gid":"581890","msg":"添加失败！号码【1423285(-|-)】已存在！"}
2024-09-07 01:39:16 随机等待 77 秒，约 1 分钟
2024-09-07 01:39:16 下次操作: 2024-09-07 01:40:33

2024-09-07 01:40:33 开始第 3287 次操作

2024-09-07 01:40:33 开始操作号码 【1423286】
2024-09-07 01:40:46 GSD getOne 第 1 次 等待 3 秒
2024-09-07 01:40:49 查询号码 【1423286】，返回信息 {"status":"ok","msg":"-","gid":"581912","time_insert":"2023-03-10 15:19"}
2024-09-07 01:40:49 查询号码 【1423286】，GSD为【"-"】
2024-09-07 01:40:49 ok && -
2024-09-07 01:40:51 CHB 1423286?1725644449 第 1 次 等待 3 秒
2024-09-07 01:40:54 CHB 1423286?1725644449 第 1 次 获取到号码【1423286】GSD
2024-09-07 01:40:54 未获取到号码【1423286】GSD，可能号码格式错误
2024-09-07 01:40:54 获取到号码【1423286】的GSD为【-】
2024-09-07 01:41:02 GSD insert 第 1 次 等待 3 秒
2024-09-07 01:41:05 {"status":"bad","gid":"581912","msg":"添加失败！号码【1423286(-|-)】已存在！"}
2024-09-07 01:41:05 随机等待 69 秒，约 1 分钟
2024-09-07 01:41:05 下次操作: 2024-09-07 01:42:14

2024-09-07 01:42:14 开始第 3288 次操作

2024-09-07 01:42:15 开始操作号码 【1423287】
2024-09-07 01:42:22 GSD getOne 第 1 次 等待 3 秒
2024-09-07 01:42:25 查询号码 【1423287】，返回信息 {"status":"ok","msg":"-","gid":"581934","time_insert":"2023-03-10 15:34"}
2024-09-07 01:42:25 查询号码 【1423287】，GSD为【"-"】
2024-09-07 01:42:25 ok && -
2024-09-07 01:42:27 CHB 1423287?1725644545 第 1 次 等待 3 秒
2024-09-07 01:42:30 CHB 1423287?1725644545 第 1 次 获取到号码【1423287】GSD
2024-09-07 01:42:30 未获取到号码【1423287】GSD，可能号码格式错误
2024-09-07 01:42:30 获取到号码【1423287】的GSD为【-】
2024-09-07 01:42:37 GSD insert 第 1 次 等待 3 秒
2024-09-07 01:42:40 {"status":"bad","gid":"581934","msg":"添加失败！号码【1423287(-|-)】已存在！"}

2024-09-07 02:18:38 开始第 3289 次操作

2024-09-07 02:18:38 开始操作号码 【1423288】
2024-09-07 02:18:46 GSD getOne 第 1 次 等待 3 秒
2024-09-07 02:18:49 查询号码 【1423288】，返回信息 {"status":"ok","msg":"-","gid":"581962","time_insert":"2023-03-10 15:49"}
2024-09-07 02:18:49 查询号码 【1423288】，GSD为【"-"】
2024-09-07 02:18:49 ok && -
2024-09-07 02:18:51 CHB 1423288?1725646729 第 1 次 等待 3 秒
2024-09-07 02:18:54 CHB 1423288?1725646729 第 1 次 获取到号码【1423288】GSD
2024-09-07 02:18:54 未获取到号码【1423288】GSD，可能号码格式错误
2024-09-07 02:18:54 获取到号码【1423288】的GSD为【-】
2024-09-07 02:19:18 GSD insert 第 1 次 等待 3 秒
2024-09-07 02:19:21 {"status":"bad","gid":"581962","msg":"添加失败！号码【1423288(-|-)】已存在！"}
2024-09-07 02:19:21 随机等待 130 秒，约 2 分钟
2024-09-07 02:19:21 下次操作: 2024-09-07 02:21:31

2024-09-07 02:21:31 开始第 3290 次操作

2024-09-07 02:21:31 开始操作号码 【1423289】
2024-09-07 02:21:42 GSD getOne 第 1 次 等待 3 秒
2024-09-07 02:21:45 查询号码 【1423289】，返回信息 {"status":"ok","msg":"-","gid":"581992","time_insert":"2023-03-10 16:09"}
2024-09-07 02:21:45 查询号码 【1423289】，GSD为【"-"】
2024-09-07 02:21:45 ok && -
2024-09-07 02:21:46 CHB 1423289?1725646905 第 1 次 等待 3 秒
2024-09-07 02:21:49 CHB 1423289?1725646905 第 1 次 获取到号码【1423289】GSD
2024-09-07 02:21:49 未获取到号码【1423289】GSD，可能号码格式错误
2024-09-07 02:21:49 获取到号码【1423289】的GSD为【-】
2024-09-07 02:21:58 GSD insert 第 1 次 等待 3 秒
2024-09-07 02:22:01 {"status":"bad","gid":"581992","msg":"添加失败！号码【1423289(-|-)】已存在！"}
2024-09-07 02:22:01 随机等待 208 秒，约 3 分钟
2024-09-07 02:22:01 下次操作: 2024-09-07 02:25:29

2024-09-07 02:25:29 开始第 3291 次操作

2024-09-07 02:25:29 开始操作号码 【1423290】
2024-09-07 02:25:52 GSD getOne 第 1 次 等待 3 秒
2024-09-07 02:25:55 查询号码 【1423290】，返回信息 {"status":"ok","msg":"-","gid":"582018","time_insert":"2023-03-10 16:27"}
2024-09-07 02:25:55 查询号码 【1423290】，GSD为【"-"】
2024-09-07 02:25:55 ok && -
2024-09-07 02:25:57 CHB 1423290?1725647155 第 1 次 等待 3 秒
2024-09-07 02:26:00 CHB 1423290?1725647155 第 1 次 获取到号码【1423290】GSD
2024-09-07 02:26:00 未获取到号码【1423290】GSD，可能号码格式错误
2024-09-07 02:26:00 获取到号码【1423290】的GSD为【-】
2024-09-07 02:26:08 GSD insert 第 1 次 等待 3 秒
2024-09-07 02:26:11 {"status":"bad","gid":"582018","msg":"添加失败！号码【1423290(-|-)】已存在！"}
2024-09-07 02:26:11 随机等待 207 秒，约 3 分钟
2024-09-07 02:26:11 下次操作: 2024-09-07 02:29:38

2024-09-07 02:29:38 开始第 3292 次操作

2024-09-07 02:29:38 开始操作号码 【1423291】
2024-09-07 02:29:46 GSD getOne 第 1 次 等待 3 秒
2024-09-07 02:29:49 查询号码 【1423291】，返回信息 {"status":"ok","msg":"-","gid":"582037","time_insert":"2023-03-10 16:40"}
2024-09-07 02:29:49 查询号码 【1423291】，GSD为【"-"】
2024-09-07 02:29:49 ok && -
2024-09-07 02:29:50 CHB 1423291?1725647389 第 1 次 等待 3 秒
2024-09-07 02:29:53 CHB 1423291?1725647389 第 1 次 获取到号码【1423291】GSD
2024-09-07 02:29:53 未获取到号码【1423291】GSD，可能号码格式错误
2024-09-07 02:29:53 获取到号码【1423291】的GSD为【-】
2024-09-07 02:30:02 GSD insert 第 1 次 等待 3 秒
2024-09-07 02:30:05 {"status":"bad","gid":"582037","msg":"添加失败！号码【1423291(-|-)】已存在！"}

