2024-07-14 00:13:00 开始第 6005 次操作

2024-07-14 00:13:00 开始操作号码 【1535887】
2024-07-14 00:13:14 GSD getOne 第 1 次 等待 3 秒
2024-07-14 00:13:17 查询号码 【1535887】，返回信息 {"status":"ok","msg":"江苏-扬州","gid":"412822","time_insert":"2021-07-27 12:49"}
2024-07-14 00:13:17 查询号码 【1535887】，GSD为【"江苏-扬州"】

2024-07-14 00:13:18 开始第 6006 次操作

2024-07-14 00:13:18 开始操作号码 【1535888】
2024-07-14 00:13:26 GSD getOne 第 1 次 等待 3 秒
2024-07-14 00:13:29 查询号码 【1535888】，返回信息 {"status":"ok","msg":"江苏-苏州","gid":"412698","time_insert":"2021-07-27 12:10"}
2024-07-14 00:13:29 查询号码 【1535888】，GSD为【"江苏-苏州"】

2024-07-14 00:13:31 开始第 6007 次操作

2024-07-14 00:13:31 开始操作号码 【1535889】
2024-07-14 00:13:39 GSD getOne 第 1 次 等待 3 秒
2024-07-14 00:13:42 查询号码 【1535889】，返回信息 {"status":"ok","msg":"江苏-苏州","gid":"21183","time_insert":"2014-10-06 14:11","time_update":"2020-08-25 11:24"}
2024-07-14 00:13:42 查询号码 【1535889】，GSD为【"江苏-苏州"】

2024-07-14 00:13:43 开始第 6008 次操作

2024-07-14 00:13:43 开始操作号码 【1535890】
2024-07-14 00:13:50 GSD getOne 第 1 次 等待 3 秒
2024-07-14 00:13:53 查询号码 【1535890】，返回信息 {"status":"ok","msg":"江苏-盐城","gid":"412692","time_insert":"2021-07-27 12:10"}
2024-07-14 00:13:53 查询号码 【1535890】，GSD为【"江苏-盐城"】

2024-07-14 00:37:04 开始第 6009 次操作

2024-07-14 00:37:04 开始操作号码 【1535891】
2024-07-14 00:37:12 GSD getOne 第 1 次 等待 3 秒
2024-07-14 00:37:15 查询号码 【1535891】，返回信息 {"status":"ok","msg":"江苏-盐城","gid":"412684","time_insert":"2021-07-27 12:09"}
2024-07-14 00:37:15 查询号码 【1535891】，GSD为【"江苏-盐城"】

2024-07-14 00:37:16 开始第 6010 次操作

2024-07-14 00:37:16 开始操作号码 【1535892】
2024-07-14 00:37:24 GSD getOne 第 1 次 等待 3 秒
2024-07-14 00:37:27 查询号码 【1535892】，返回信息 {"status":"ok","msg":"江苏-扬州","gid":"412675","time_insert":"2021-07-27 12:08"}
2024-07-14 00:37:27 查询号码 【1535892】，GSD为【"江苏-扬州"】

2024-07-14 00:37:28 开始第 6011 次操作

2024-07-14 00:37:28 开始操作号码 【1535893】
2024-07-14 00:37:37 GSD getOne 第 1 次 等待 3 秒
2024-07-14 00:37:40 查询号码 【1535893】，返回信息 {"status":"ok","msg":"江苏-无锡","gid":"412669","time_insert":"2021-07-27 12:08"}
2024-07-14 00:37:40 查询号码 【1535893】，GSD为【"江苏-无锡"】

2024-07-14 00:37:41 开始第 6012 次操作

2024-07-14 00:37:41 开始操作号码 【1535894】
2024-07-14 00:37:49 GSD getOne 第 1 次 等待 3 秒
2024-07-14 00:37:52 查询号码 【1535894】，返回信息 {"status":"ok","msg":"江苏-无锡","gid":"412664","time_insert":"2021-07-27 12:07"}
2024-07-14 00:37:53 查询号码 【1535894】，GSD为【"江苏-无锡"】

