2024-01-10 00:14:00 开始第 8105 次操作

2024-01-10 00:14:00 开始操作号码 【1867998】
2024-01-10 00:14:03 GSD getOne 第 1 次 等待 3 秒
2024-01-10 00:14:06 查询号码 【1867998】，返回信息 {"status":"ok","msg":"江西-萍乡","gid":"427782","time_insert":"2021-07-28 22:07"}
2024-01-10 00:14:06 查询号码 【1867998】，GSD为【"江西-萍乡"】

2024-01-10 00:14:07 开始第 8106 次操作

2024-01-10 00:14:07 开始操作号码 【1867999】
2024-01-10 00:14:10 GSD getOne 第 1 次 等待 3 秒
2024-01-10 00:14:13 查询号码 【1867999】，返回信息 {"status":"ok","msg":"江西-萍乡","gid":"427774","time_insert":"2021-07-28 22:06","time_update":"2021-08-05 14:15"}
2024-01-10 00:14:13 查询号码 【1867999】，GSD为【"江西-萍乡"】

2024-01-10 00:14:14 开始第 8107 次操作

2024-01-10 00:14:14 开始操作号码 【1868000】
2024-01-10 00:14:17 GSD getOne 第 1 次 等待 3 秒
2024-01-10 00:14:20 查询号码 【1868000】，返回信息 {"status":"ok","msg":"广东-佛山","gid":"427764","time_insert":"2021-07-28 22:05"}
2024-01-10 00:14:20 查询号码 【1868000】，GSD为【"广东-佛山"】

2024-01-10 00:14:21 开始第 8108 次操作

2024-01-10 00:14:21 开始操作号码 【1868001】
2024-01-10 00:14:25 GSD getOne 第 1 次 等待 3 秒
2024-01-10 00:14:28 查询号码 【1868001】，返回信息 {"status":"ok","msg":"广东-佛山","gid":"427756","time_insert":"2021-07-28 22:05"}
2024-01-10 00:14:28 查询号码 【1868001】，GSD为【"广东-佛山"】

2024-01-10 00:39:21 开始第 8109 次操作

2024-01-10 00:39:21 开始操作号码 【1868002】
2024-01-10 00:39:24 GSD getOne 第 1 次 等待 3 秒
2024-01-10 00:39:27 查询号码 【1868002】，返回信息 {"status":"ok","msg":"广东-佛山","gid":"427743","time_insert":"2021-07-28 22:03"}
2024-01-10 00:39:27 查询号码 【1868002】，GSD为【"广东-佛山"】

2024-01-10 00:39:28 开始第 8110 次操作

2024-01-10 00:39:28 开始操作号码 【1868003】
2024-01-10 00:39:32 GSD getOne 第 1 次 等待 3 秒
2024-01-10 00:39:35 查询号码 【1868003】，返回信息 {"status":"ok","msg":"广东-佛山","gid":"427734","time_insert":"2021-07-28 22:02"}
2024-01-10 00:39:35 查询号码 【1868003】，GSD为【"广东-佛山"】

2024-01-10 00:39:36 开始第 8111 次操作

2024-01-10 00:39:36 开始操作号码 【1868004】
2024-01-10 00:39:39 GSD getOne 第 1 次 等待 3 秒
2024-01-10 00:39:42 查询号码 【1868004】，返回信息 {"status":"ok","msg":"广东-佛山","gid":"427723","time_insert":"2021-07-28 22:02"}
2024-01-10 00:39:42 查询号码 【1868004】，GSD为【"广东-佛山"】

2024-01-10 00:39:43 开始第 8112 次操作

2024-01-10 00:39:43 开始操作号码 【1868005】
2024-01-10 00:39:46 GSD getOne 第 1 次 等待 3 秒
2024-01-10 00:39:49 查询号码 【1868005】，返回信息 {"status":"ok","msg":"广东-东莞","gid":"427712","time_insert":"2021-07-28 22:01"}
2024-01-10 00:39:49 查询号码 【1868005】，GSD为【"广东-东莞"】

