2024-01-27 00:12:55 开始第 349 次操作

2024-01-27 00:12:55 开始操作号码 【1750242】
2024-01-27 00:13:19 GSD getOne 第 1 次 等待 3 秒
2024-01-27 00:13:22 查询号码 【1750242】，返回信息 {"status":"ok","msg":"辽宁-沈阳","gid":"135574","time_insert":"2021-06-27 00:17"}
2024-01-27 00:13:22 查询号码 【1750242】，GSD为【"辽宁-沈阳"】

2024-01-27 00:13:23 开始第 350 次操作

2024-01-27 00:13:23 开始操作号码 【1750243】
2024-01-27 00:13:47 GSD getOne 第 1 次 等待 3 秒
2024-01-27 00:13:50 查询号码 【1750243】，返回信息 {"status":"ok","msg":"辽宁-沈阳","gid":"135582","time_insert":"2021-06-27 00:18"}
2024-01-27 00:13:50 查询号码 【1750243】，GSD为【"辽宁-沈阳"】

2024-01-27 00:13:51 开始第 351 次操作

2024-01-27 00:13:51 开始操作号码 【1750244】
2024-01-27 00:14:14 GSD getOne 第 1 次 等待 3 秒
2024-01-27 00:14:17 查询号码 【1750244】，返回信息 {"status":"ok","msg":"辽宁-沈阳","gid":"135677","time_insert":"2021-06-27 01:10"}
2024-01-27 00:14:18 查询号码 【1750244】，GSD为【"辽宁-沈阳"】

2024-01-27 00:14:19 开始第 352 次操作

2024-01-27 00:14:19 开始操作号码 【1750245】
2024-01-27 00:14:42 GSD getOne 第 1 次 等待 3 秒
2024-01-27 00:14:45 查询号码 【1750245】，返回信息 {"status":"ok","msg":"辽宁-沈阳","gid":"135679","time_insert":"2021-06-27 01:10"}
2024-01-27 00:14:45 查询号码 【1750245】，GSD为【"辽宁-沈阳"】

