2023-12-09 00:13:46 开始第 2233 次操作

2023-12-09 00:13:46 开始操作号码 【1862126】
2023-12-09 00:13:51 GSD getOne 第 1 次 等待 3 秒
2023-12-09 00:13:54 查询号码 【1862126】，返回信息 {"status":"ok","msg":"上海-上海","gid":"490726","time_insert":"2021-08-03 14:55"}
2023-12-09 00:13:55 查询号码 【1862126】，GSD为【"上海-上海"】

2023-12-09 00:13:56 开始第 2234 次操作

2023-12-09 00:13:56 开始操作号码 【1862127】
2023-12-09 00:14:01 GSD getOne 第 1 次 等待 3 秒
2023-12-09 00:14:04 查询号码 【1862127】，返回信息 {"status":"ok","msg":"上海-上海","gid":"490720","time_insert":"2021-08-03 14:54"}
2023-12-09 00:14:04 查询号码 【1862127】，GSD为【"上海-上海"】

2023-12-09 00:14:05 开始第 2235 次操作

2023-12-09 00:14:05 开始操作号码 【1862128】
2023-12-09 00:14:08 GSD getOne 第 1 次 等待 3 秒
2023-12-09 00:14:11 查询号码 【1862128】，返回信息 {"status":"ok","msg":"上海-上海","gid":"490717","time_insert":"2021-08-03 14:54"}
2023-12-09 00:14:11 查询号码 【1862128】，GSD为【"上海-上海"】

2023-12-09 00:14:12 开始第 2236 次操作

2023-12-09 00:14:12 开始操作号码 【1862129】
2023-12-09 00:14:15 GSD getOne 第 1 次 等待 3 秒
2023-12-09 00:14:18 查询号码 【1862129】，返回信息 {"status":"ok","msg":"上海-上海","gid":"490711","time_insert":"2021-08-03 14:53"}
2023-12-09 00:14:18 查询号码 【1862129】，GSD为【"上海-上海"】

2023-12-09 00:38:22 开始第 2237 次操作

2023-12-09 00:38:22 开始操作号码 【1862130】
2023-12-09 00:38:26 GSD getOne 第 1 次 等待 3 秒
2023-12-09 00:38:29 查询号码 【1862130】，返回信息 {"status":"ok","msg":"上海-上海","gid":"490705","time_insert":"2021-08-03 14:52"}
2023-12-09 00:38:29 查询号码 【1862130】，GSD为【"上海-上海"】

2023-12-09 00:38:30 开始第 2238 次操作

2023-12-09 00:38:30 开始操作号码 【1862131】
2023-12-09 00:38:33 GSD getOne 第 1 次 等待 3 秒
2023-12-09 00:38:36 查询号码 【1862131】，返回信息 {"status":"ok","msg":"上海-上海","gid":"40584","time_insert":"2020-05-15 18:31","time_update":"2020-12-30 07:07"}
2023-12-09 00:38:36 查询号码 【1862131】，GSD为【"上海-上海"】

2023-12-09 00:38:38 开始第 2239 次操作

2023-12-09 00:38:38 开始操作号码 【1862132】
2023-12-09 00:38:41 GSD getOne 第 1 次 等待 3 秒
2023-12-09 00:38:44 查询号码 【1862132】，返回信息 {"status":"ok","msg":"上海-上海","gid":"490698","time_insert":"2021-08-03 14:51"}
2023-12-09 00:38:44 查询号码 【1862132】，GSD为【"上海-上海"】

2023-12-09 00:38:45 开始第 2240 次操作

2023-12-09 00:38:45 开始操作号码 【1862133】
2023-12-09 00:38:49 GSD getOne 第 1 次 等待 3 秒
2023-12-09 00:38:52 查询号码 【1862133】，返回信息 {"status":"ok","msg":"上海-上海","gid":"490602","time_insert":"2021-08-03 14:08"}
2023-12-09 00:38:52 查询号码 【1862133】，GSD为【"上海-上海"】

