2024-07-30 00:15:49 开始第 8873 次操作

2024-07-30 00:15:49 开始操作号码 【1538755】
2024-07-30 00:15:56 GSD getOne 第 1 次 等待 3 秒
2024-07-30 00:16:00 查询号码 【1538755】，返回信息 {"status":"ok","msg":"湖南-长沙","gid":"378915","time_insert":"2021-07-24 15:56"}
2024-07-30 00:16:00 查询号码 【1538755】，GSD为【"湖南-长沙"】

2024-07-30 00:16:01 开始第 8874 次操作

2024-07-30 00:16:01 开始操作号码 【1538756】
2024-07-30 00:16:09 GSD getOne 第 1 次 等待 3 秒
2024-07-30 00:16:12 查询号码 【1538756】，返回信息 {"status":"ok","msg":"湖南-长沙","gid":"378905","time_insert":"2021-07-24 15:55"}
2024-07-30 00:16:12 查询号码 【1538756】，GSD为【"湖南-长沙"】

2024-07-30 00:16:13 开始第 8875 次操作

2024-07-30 00:16:13 开始操作号码 【1538757】
2024-07-30 00:16:21 GSD getOne 第 1 次 等待 3 秒
2024-07-30 00:16:24 查询号码 【1538757】，返回信息 {"status":"ok","msg":"湖南-长沙","gid":"378898","time_insert":"2021-07-24 15:55"}
2024-07-30 00:16:24 查询号码 【1538757】，GSD为【"湖南-长沙"】

2024-07-30 00:16:25 开始第 8876 次操作

2024-07-30 00:16:25 开始操作号码 【1538758】
2024-07-30 00:16:34 GSD getOne 第 1 次 等待 3 秒
2024-07-30 00:16:37 查询号码 【1538758】，返回信息 {"status":"ok","msg":"湖南-长沙","gid":"378888","time_insert":"2021-07-24 15:54"}
2024-07-30 00:16:37 查询号码 【1538758】，GSD为【"湖南-长沙"】

