2024-04-14 00:12:58 开始第 3681 次操作

2024-04-14 00:12:58 开始操作号码 【1643575】
2024-04-14 00:13:06 GSD getOne 第 1 次 等待 3 秒
2024-04-14 00:13:09 查询号码 【1643575】，返回信息 {"status":"ok","msg":"-","gid":"589540","time_insert":"2023-03-14 05:29"}
2024-04-14 00:13:09 查询号码 【1643575】，GSD为【"-"】
2024-04-14 00:13:09 ok && -
2024-04-14 00:13:11 CHB 1643575?1713024789 第 1 次 等待 3 秒
2024-04-14 00:13:14 CHB 1643575?1713024789 第 1 次 获取到号码【1643575】GSD
2024-04-14 00:13:14 未获取到号码【1643575】GSD，可能号码格式错误
2024-04-14 00:13:14 获取到号码【1643575】的GSD为【-】
2024-04-14 00:13:27 GSD insert 第 1 次 等待 3 秒
2024-04-14 00:13:30 {"status":"bad","gid":"589540","msg":"添加失败！号码【1643575(-|-)】已存在！"}
2024-04-14 00:13:30 随机等待 215 秒，约 3 分钟
2024-04-14 00:13:30 下次操作: 2024-04-14 00:17:05

2024-04-14 00:17:05 开始第 3682 次操作

2024-04-14 00:17:05 开始操作号码 【1643576】
2024-04-14 00:17:11 GSD getOne 第 1 次 等待 3 秒
2024-04-14 00:17:14 查询号码 【1643576】，返回信息 {"status":"ok","msg":"-","gid":"589571","time_insert":"2023-03-14 05:47"}
2024-04-14 00:17:14 查询号码 【1643576】，GSD为【"-"】
2024-04-14 00:17:14 ok && -
2024-04-14 00:17:17 CHB 1643576?1713025034 第 1 次 等待 3 秒
2024-04-14 00:17:20 CHB 1643576?1713025034 第 1 次 获取到号码【1643576】GSD
2024-04-14 00:17:20 未获取到号码【1643576】GSD，可能号码格式错误
2024-04-14 00:17:20 获取到号码【1643576】的GSD为【-】
2024-04-14 00:17:26 GSD insert 第 1 次 等待 3 秒
2024-04-14 00:17:29 {"status":"bad","gid":"589571","msg":"添加失败！号码【1643576(-|-)】已存在！"}
2024-04-14 00:17:29 随机等待 160 秒，约 2 分钟
2024-04-14 00:17:29 下次操作: 2024-04-14 00:20:09

2024-04-14 00:20:09 开始第 3683 次操作

2024-04-14 00:20:09 开始操作号码 【1643577】
2024-04-14 00:20:14 GSD getOne 第 1 次 等待 3 秒
2024-04-14 00:20:17 查询号码 【1643577】，返回信息 {"status":"ok","msg":"-","gid":"589596","time_insert":"2023-03-14 06:00"}
2024-04-14 00:20:17 查询号码 【1643577】，GSD为【"-"】
2024-04-14 00:20:17 ok && -
2024-04-14 00:25:18 CHB 1643577?1713025217 第 1 次 等待 3 秒
2024-04-14 00:25:21 CHB 1643577?1713025217 第 1 次 未获取到 等待 209 秒 下次操作: 2024-04-14 00:28:50
2024-04-14 00:28:52 CHB 1643577?1713025730 第 2 次 等待 3 秒
2024-04-14 00:28:55 CHB 1643577?1713025730 第 2 次 获取到号码【1643577】GSD
2024-04-14 00:28:55 未获取到号码【1643577】GSD，可能号码格式错误
2024-04-14 00:28:55 获取到号码【1643577】的GSD为【-】
2024-04-14 00:29:02 GSD insert 第 1 次 等待 3 秒
2024-04-14 00:29:05 {"status":"bad","gid":"589596","msg":"添加失败！号码【1643577(-|-)】已存在！"}
2024-04-14 00:29:05 随机等待 161 秒，约 2 分钟
2024-04-14 00:29:05 下次操作: 2024-04-14 00:31:46

2024-04-14 00:31:46 开始第 3684 次操作

2024-04-14 00:31:46 开始操作号码 【1643578】
2024-04-14 00:31:51 GSD getOne 第 1 次 等待 3 秒
2024-04-14 00:31:54 查询号码 【1643578】，返回信息 {"status":"ok","msg":"-","gid":"589606","time_insert":"2023-03-14 06:09"}
2024-04-14 00:31:54 查询号码 【1643578】，GSD为【"-"】
2024-04-14 00:31:54 ok && -
2024-04-14 00:31:57 CHB 1643578?1713025914 第 1 次 等待 3 秒
2024-04-14 00:32:00 CHB 1643578?1713025914 第 1 次 获取到号码【1643578】GSD
2024-04-14 00:32:00 未获取到号码【1643578】GSD，可能号码格式错误
2024-04-14 00:32:00 获取到号码【1643578】的GSD为【-】
2024-04-14 00:32:05 GSD insert 第 1 次 等待 3 秒
2024-04-14 00:32:08 {"status":"bad","gid":"589606","msg":"添加失败！号码【1643578(-|-)】已存在！"}

