2021-07-04 00:00:41 开始第 11 次操作

2021-07-04 00:00:41 开始操作号码 【1765719】
2021-07-04 00:01:02 GSD getOne 第 1 次 等待 1 秒
2021-07-04 00:01:03 查询号码 【1765719】，返回信息 {"status":"bad","msg":""}
2021-07-04 00:01:03 查询号码 【1765719】，GSD为【""】
2021-07-04 00:01:03 bad
2021-07-04 00:01:09 CHB 1765719?1625328063 第 1 次 等待 1 秒
2021-07-04 00:01:10 CHB 1765719?1625328063 第 1 次 获取到号码【1765719】GSD
2021-07-04 00:01:10 获取到号码【1765719】的GSD为【山东-青岛】
2021-07-04 00:01:22 GSD insert 第 1 次 等待 1 秒
2021-07-04 00:01:23 {"status":"ok","msg":"添加成功！185559"}
2021-07-04 00:01:23 下次操作: 2021-07-04 00:01:32

2021-07-04 00:01:32 开始第 12 次操作

2021-07-04 00:01:32 开始操作号码 【1765718】
2021-07-04 00:01:44 GSD getOne 第 1 次 等待 1 秒
2021-07-04 00:01:45 查询号码 【1765718】，返回信息 {"status":"bad","msg":""}
2021-07-04 00:01:45 查询号码 【1765718】，GSD为【""】
2021-07-04 00:01:45 bad
2021-07-04 00:01:47 CHB 1765718?1625328105 第 1 次 等待 1 秒
2021-07-04 00:01:48 CHB 1765718?1625328105 第 1 次 获取到号码【1765718】GSD
2021-07-04 00:01:48 获取到号码【1765718】的GSD为【山东-青岛】
2021-07-04 00:02:08 GSD insert 第 1 次 等待 1 秒
2021-07-04 00:02:09 {"status":"ok","msg":"添加成功！185570"}
2021-07-04 00:02:09 下次操作: 2021-07-04 00:02:25

2021-07-04 00:02:25 开始第 13 次操作

2021-07-04 00:02:25 开始操作号码 【1765717】
2021-07-04 00:02:29 GSD getOne 第 1 次 等待 1 秒
2021-07-04 00:02:30 查询号码 【1765717】，返回信息 {"status":"bad","msg":""}
2021-07-04 00:02:30 查询号码 【1765717】，GSD为【""】
2021-07-04 00:02:30 bad
2021-07-04 00:02:33 CHB 1765717?1625328150 第 1 次 等待 1 秒
2021-07-04 00:02:34 CHB 1765717?1625328150 第 1 次 获取到号码【1765717】GSD
2021-07-04 00:02:34 获取到号码【1765717】的GSD为【山东-青岛】
2021-07-04 00:02:53 GSD insert 第 1 次 等待 1 秒
2021-07-04 00:02:54 {"status":"ok","msg":"添加成功！185580"}
2021-07-04 00:02:54 下次操作: 2021-07-04 00:03:11

2021-07-04 00:03:12 开始第 14 次操作

2021-07-04 00:03:12 开始操作号码 【1765716】
2021-07-04 00:03:16 GSD getOne 第 1 次 等待 1 秒
2021-07-04 00:03:17 查询号码 【1765716】，返回信息 {"status":"bad","msg":""}
2021-07-04 00:03:17 查询号码 【1765716】，GSD为【""】
2021-07-04 00:03:17 bad
2021-07-04 00:03:19 CHB 1765716?1625328197 第 1 次 等待 1 秒
2021-07-04 00:03:20 CHB 1765716?1625328197 第 1 次 获取到号码【1765716】GSD
2021-07-04 00:03:20 获取到号码【1765716】的GSD为【山东-青岛】
2021-07-04 00:03:41 GSD insert 第 1 次 等待 1 秒
2021-07-04 00:03:42 {"status":"ok","msg":"添加成功！185589"}
2021-07-04 00:03:42 下次操作: 2021-07-04 00:03:49

2021-07-04 00:03:49 开始第 15 次操作

2021-07-04 00:03:49 开始操作号码 【1765715】
2021-07-04 00:04:09 GSD getOne 第 1 次 等待 1 秒
2021-07-04 00:04:10 查询号码 【1765715】，返回信息 {"status":"bad","msg":""}
2021-07-04 00:04:10 查询号码 【1765715】，GSD为【""】
2021-07-04 00:04:10 bad
2021-07-04 00:04:12 CHB 1765715?1625328250 第 1 次 等待 1 秒
2021-07-04 00:04:13 CHB 1765715?1625328250 第 1 次 获取到号码【1765715】GSD
2021-07-04 00:04:13 获取到号码【1765715】的GSD为【山东-青岛】
2021-07-04 00:04:35 GSD insert 第 1 次 等待 1 秒
2021-07-04 00:04:36 {"status":"ok","msg":"添加成功！185600"}
2021-07-04 00:04:36 下次操作: 2021-07-04 00:04:51

2021-07-04 00:04:51 开始第 16 次操作

2021-07-04 00:04:51 开始操作号码 【1765714】
2021-07-04 00:05:04 GSD getOne 第 1 次 等待 1 秒
2021-07-04 00:05:05 查询号码 【1765714】，返回信息 {"status":"bad","msg":""}
2021-07-04 00:05:05 查询号码 【1765714】，GSD为【""】
2021-07-04 00:05:05 bad
2021-07-04 00:05:08 CHB 1765714?1625328305 第 1 次 等待 1 秒
2021-07-04 00:05:09 CHB 1765714?1625328305 第 1 次 获取到号码【1765714】GSD
2021-07-04 00:05:09 获取到号码【1765714】的GSD为【山东-青岛】
2021-07-04 00:05:31 GSD insert 第 1 次 等待 1 秒
2021-07-04 00:05:32 {"status":"ok","msg":"添加成功！185608"}
2021-07-04 00:05:32 下次操作: 2021-07-04 00:05:46

2021-07-04 00:05:46 开始第 17 次操作

2021-07-04 00:05:46 开始操作号码 【1765713】
2021-07-04 00:05:51 GSD getOne 第 1 次 等待 1 秒
2021-07-04 00:05:52 查询号码 【1765713】，返回信息 {"status":"bad","msg":""}
2021-07-04 00:05:52 查询号码 【1765713】，GSD为【""】
2021-07-04 00:05:52 bad
2021-07-04 00:05:54 CHB 1765713?1625328352 第 1 次 等待 1 秒
2021-07-04 00:05:55 CHB 1765713?1625328352 第 1 次 获取到号码【1765713】GSD
2021-07-04 00:05:55 获取到号码【1765713】的GSD为【山东-青岛】
2021-07-04 00:06:15 GSD insert 第 1 次 等待 1 秒
2021-07-04 00:06:16 {"status":"ok","msg":"添加成功！185619"}
2021-07-04 00:06:16 下次操作: 2021-07-04 00:06:25

2021-07-04 00:06:25 开始第 18 次操作

2021-07-04 00:06:25 开始操作号码 【1765712】
2021-07-04 00:06:36 GSD getOne 第 1 次 等待 1 秒
2021-07-04 00:06:37 查询号码 【1765712】，返回信息 {"status":"bad","msg":""}
2021-07-04 00:06:37 查询号码 【1765712】，GSD为【""】
2021-07-04 00:06:37 bad
2021-07-04 00:06:42 CHB 1765712?1625328397 第 1 次 等待 1 秒
2021-07-04 00:06:43 CHB 1765712?1625328397 第 1 次 获取到号码【1765712】GSD
2021-07-04 00:06:43 获取到号码【1765712】的GSD为【山东-青岛】
2021-07-04 00:07:02 GSD insert 第 1 次 等待 1 秒
2021-07-04 00:07:03 {"status":"ok","msg":"添加成功！185630"}
2021-07-04 00:07:03 下次操作: 2021-07-04 00:07:09

2021-07-04 00:07:09 开始第 19 次操作

2021-07-04 00:07:09 开始操作号码 【1765711】
2021-07-04 00:07:28 GSD getOne 第 1 次 等待 1 秒
2021-07-04 00:07:29 查询号码 【1765711】，返回信息 {"status":"bad","msg":""}
2021-07-04 00:07:30 查询号码 【1765711】，GSD为【""】
2021-07-04 00:07:30 bad
2021-07-04 00:07:31 CHB 1765711?1625328450 第 1 次 等待 1 秒
2021-07-04 00:07:32 CHB 1765711?1625328450 第 1 次 获取到号码【1765711】GSD
2021-07-04 00:07:32 获取到号码【1765711】的GSD为【山东-青岛】
2021-07-04 00:08:03 GSD insert 第 1 次 等待 1 秒
2021-07-04 00:08:04 {"status":"ok","msg":"添加成功！185640"}
2021-07-04 00:08:04 下次操作: 2021-07-04 00:08:17

2021-07-04 00:08:17 开始第 20 次操作

2021-07-04 00:08:17 开始操作号码 【1765710】
2021-07-04 00:08:23 GSD getOne 第 1 次 等待 1 秒
2021-07-04 00:08:24 查询号码 【1765710】，返回信息 {"status":"bad","msg":""}
2021-07-04 00:08:25 查询号码 【1765710】，GSD为【""】
2021-07-04 00:08:25 bad
2021-07-04 00:08:32 CHB 1765710?1625328505 第 1 次 等待 1 秒
2021-07-04 00:08:33 CHB 1765710?1625328505 第 1 次 获取到号码【1765710】GSD
2021-07-04 00:08:33 获取到号码【1765710】的GSD为【山东-青岛】
2021-07-04 00:08:46 GSD insert 第 1 次 等待 1 秒
2021-07-04 00:08:47 {"status":"ok","msg":"添加成功！185649"}
2021-07-04 00:08:47 下次操作: 2021-07-04 00:08:57

2021-07-04 00:08:57 开始第 21 次操作

2021-07-04 00:08:57 开始操作号码 【1765709】
2021-07-04 00:09:09 GSD getOne 第 1 次 等待 1 秒
2021-07-04 00:09:10 查询号码 【1765709】，返回信息 {"status":"bad","msg":""}
2021-07-04 00:09:10 查询号码 【1765709】，GSD为【""】
2021-07-04 00:09:10 bad
2021-07-04 00:09:12 CHB 1765709?1625328550 第 1 次 等待 1 秒
2021-07-04 00:09:13 CHB 1765709?1625328550 第 1 次 获取到号码【1765709】GSD
2021-07-04 00:09:13 获取到号码【1765709】的GSD为【山东-青岛】
2021-07-04 00:09:32 GSD insert 第 1 次 等待 1 秒
2021-07-04 00:09:33 {"status":"ok","msg":"添加成功！185658"}
2021-07-04 00:09:33 下次操作: 2021-07-04 00:09:41

2021-07-04 00:09:41 开始第 22 次操作

2021-07-04 00:09:41 开始操作号码 【1765708】
2021-07-04 00:09:52 GSD getOne 第 1 次 等待 1 秒
2021-07-04 00:09:53 查询号码 【1765708】，返回信息 {"status":"bad","msg":""}
2021-07-04 00:09:53 查询号码 【1765708】，GSD为【""】
2021-07-04 00:09:53 bad
2021-07-04 00:09:55 CHB 1765708?1625328593 第 1 次 等待 1 秒
2021-07-04 00:09:56 CHB 1765708?1625328593 第 1 次 获取到号码【1765708】GSD
2021-07-04 00:09:56 获取到号码【1765708】的GSD为【山东-青岛】
2021-07-04 00:10:15 GSD insert 第 1 次 等待 1 秒
2021-07-04 00:10:16 {"status":"ok","msg":"添加成功！185666"}
2021-07-04 00:10:16 下次操作: 2021-07-04 00:10:27

2021-07-04 00:10:27 开始第 23 次操作

2021-07-04 00:10:27 开始操作号码 【1765707】
2021-07-04 00:10:38 GSD getOne 第 1 次 等待 1 秒
2021-07-04 00:10:39 查询号码 【1765707】，返回信息 {"status":"bad","msg":""}
2021-07-04 00:10:39 查询号码 【1765707】，GSD为【""】
2021-07-04 00:10:39 bad
2021-07-04 00:10:42 CHB 1765707?1625328639 第 1 次 等待 1 秒
2021-07-04 00:10:43 CHB 1765707?1625328639 第 1 次 获取到号码【1765707】GSD
2021-07-04 00:10:43 获取到号码【1765707】的GSD为【山东-青岛】
2021-07-04 00:11:04 GSD insert 第 1 次 等待 1 秒
2021-07-04 00:11:05 {"status":"ok","msg":"添加成功！185676"}
2021-07-04 00:11:05 下次操作: 2021-07-04 00:11:23

2021-07-04 00:11:23 开始第 24 次操作

2021-07-04 00:11:23 开始操作号码 【1765706】
2021-07-04 00:11:27 GSD getOne 第 1 次 等待 1 秒
2021-07-04 00:11:28 查询号码 【1765706】，返回信息 {"status":"bad","msg":""}
2021-07-04 00:11:28 查询号码 【1765706】，GSD为【""】
2021-07-04 00:11:28 bad
2021-07-04 00:11:30 CHB 1765706?1625328688 第 1 次 等待 1 秒
2021-07-04 00:11:31 CHB 1765706?1625328688 第 1 次 获取到号码【1765706】GSD
2021-07-04 00:11:32 获取到号码【1765706】的GSD为【山东-青岛】
2021-07-04 00:12:03 GSD insert 第 1 次 等待 1 秒
2021-07-04 00:12:04 {"status":"ok","msg":"添加成功！185687"}
2021-07-04 00:12:04 下次操作: 2021-07-04 00:12:22

2021-07-04 00:12:22 开始第 25 次操作

2021-07-04 00:12:22 开始操作号码 【1765705】
2021-07-04 00:12:26 GSD getOne 第 1 次 等待 1 秒
2021-07-04 00:12:27 查询号码 【1765705】，返回信息 {"status":"bad","msg":""}
2021-07-04 00:12:27 查询号码 【1765705】，GSD为【""】
2021-07-04 00:12:27 bad
2021-07-04 00:12:30 CHB 1765705?1625328747 第 1 次 等待 1 秒
2021-07-04 00:12:31 CHB 1765705?1625328747 第 1 次 获取到号码【1765705】GSD
2021-07-04 00:12:31 获取到号码【1765705】的GSD为【山东-青岛】
2021-07-04 00:12:51 GSD insert 第 1 次 等待 1 秒
2021-07-04 00:12:52 {"status":"ok","msg":"添加成功！185699"}
2021-07-04 00:12:52 下次操作: 2021-07-04 00:13:05

2021-07-04 00:13:05 开始第 26 次操作

2021-07-04 00:13:05 开始操作号码 【1765704】
2021-07-04 00:13:12 GSD getOne 第 1 次 等待 1 秒
2021-07-04 00:13:13 查询号码 【1765704】，返回信息 {"status":"bad","msg":""}
2021-07-04 00:13:13 查询号码 【1765704】，GSD为【""】
2021-07-04 00:13:13 bad
2021-07-04 00:13:15 CHB 1765704?1625328793 第 1 次 等待 1 秒
2021-07-04 00:13:16 CHB 1765704?1625328793 第 1 次 获取到号码【1765704】GSD
2021-07-04 00:13:16 获取到号码【1765704】的GSD为【山东-青岛】
2021-07-04 00:13:36 GSD insert 第 1 次 等待 1 秒
2021-07-04 00:13:37 {"status":"ok","msg":"添加成功！185708"}
2021-07-04 00:13:37 下次操作: 2021-07-04 00:13:44

2021-07-04 00:13:44 开始第 27 次操作

2021-07-04 00:13:44 开始操作号码 【1765703】
2021-07-04 00:14:03 GSD getOne 第 1 次 等待 1 秒
2021-07-04 00:14:04 查询号码 【1765703】，返回信息 {"status":"bad","msg":""}
2021-07-04 00:14:04 查询号码 【1765703】，GSD为【""】
2021-07-04 00:14:04 bad
2021-07-04 00:14:07 CHB 1765703?1625328844 第 1 次 等待 1 秒
2021-07-04 00:14:08 CHB 1765703?1625328844 第 1 次 获取到号码【1765703】GSD
2021-07-04 00:14:08 获取到号码【1765703】的GSD为【山东-青岛】
2021-07-04 00:14:27 GSD insert 第 1 次 等待 1 秒
2021-07-04 00:14:28 {"status":"ok","msg":"添加成功！185717"}
2021-07-04 00:14:28 下次操作: 2021-07-04 00:14:41

2021-07-04 00:14:41 开始第 28 次操作

2021-07-04 00:14:41 开始操作号码 【1765702】
2021-07-04 00:14:49 GSD getOne 第 1 次 等待 1 秒
2021-07-04 00:14:50 查询号码 【1765702】，返回信息 {"status":"bad","msg":""}
2021-07-04 00:14:50 查询号码 【1765702】，GSD为【""】
2021-07-04 00:14:50 bad
2021-07-04 00:14:53 CHB 1765702?1625328890 第 1 次 等待 1 秒
2021-07-04 00:14:54 CHB 1765702?1625328890 第 1 次 获取到号码【1765702】GSD
2021-07-04 00:14:54 获取到号码【1765702】的GSD为【山东-青岛】
2021-07-04 00:15:16 GSD insert 第 1 次 等待 1 秒
2021-07-04 00:15:17 {"status":"ok","msg":"添加成功！185723"}
2021-07-04 00:15:17 下次操作: 2021-07-04 00:15:23

2021-07-04 00:15:23 开始第 29 次操作

2021-07-04 00:15:23 开始操作号码 【1765701】
2021-07-04 00:15:47 GSD getOne 第 1 次 等待 1 秒
2021-07-04 00:15:48 查询号码 【1765701】，返回信息 {"status":"bad","msg":""}
2021-07-04 00:15:48 查询号码 【1765701】，GSD为【""】
2021-07-04 00:15:48 bad
2021-07-04 00:15:50 CHB 1765701?1625328948 第 1 次 等待 1 秒
2021-07-04 00:15:51 CHB 1765701?1625328948 第 1 次 获取到号码【1765701】GSD
2021-07-04 00:15:51 获取到号码【1765701】的GSD为【山东-青岛】
2021-07-04 00:16:19 GSD insert 第 1 次 等待 1 秒
2021-07-04 00:16:20 {"status":"ok","msg":"添加成功！185735"}
2021-07-04 00:16:20 下次操作: 2021-07-04 00:16:37

2021-07-04 00:16:37 开始第 30 次操作

2021-07-04 00:16:37 开始操作号码 【1765700】
2021-07-04 00:16:42 GSD getOne 第 1 次 等待 1 秒
2021-07-04 00:16:43 查询号码 【1765700】，返回信息 {"status":"bad","msg":""}
2021-07-04 00:16:43 查询号码 【1765700】，GSD为【""】
2021-07-04 00:16:43 bad
2021-07-04 00:16:44 CHB 1765700?1625329003 第 1 次 等待 1 秒
2021-07-04 00:16:45 CHB 1765700?1625329003 第 1 次 获取到号码【1765700】GSD
2021-07-04 00:16:45 获取到号码【1765700】的GSD为【山东-青岛】
2021-07-04 00:17:05 GSD insert 第 1 次 等待 1 秒
2021-07-04 00:17:06 {"status":"ok","msg":"添加成功！185742"}

2021-07-04 01:32:45 开始第 1 次操作

2021-07-04 01:32:45 开始操作号码 【1765699】
2021-07-04 01:32:50 GSD getOne 第 1 次 等待 1 秒
2021-07-04 01:32:51 查询号码 【1765699】，返回信息 {"status":"bad","msg":""}
2021-07-04 01:32:52 查询号码 【1765699】，GSD为【""】
2021-07-04 01:32:52 bad
2021-07-04 01:32:53 CHB 1765699?1625333572 第 1 次 等待 1 秒
2021-07-04 01:32:54 CHB 1765699?1625333572 第 1 次 获取到号码【1765699】GSD
2021-07-04 01:32:54 获取到号码【1765699】的GSD为【安徽-黄山】
2021-07-04 01:32:58 GSD insert 第 1 次 等待 1 秒
2021-07-04 01:32:59 {"status":"ok","msg":"添加成功！185980"}
2021-07-04 01:32:59 下次操作: 2021-07-04 01:33:09

2021-07-04 01:33:09 开始第 2 次操作

2021-07-04 01:33:09 开始操作号码 【1765698】
2021-07-04 01:33:12 GSD getOne 第 1 次 等待 1 秒
2021-07-04 01:33:13 查询号码 【1765698】，返回信息 {"status":"bad","msg":""}
2021-07-04 01:33:13 查询号码 【1765698】，GSD为【""】
2021-07-04 01:33:13 bad
2021-07-04 01:33:16 CHB 1765698?1625333593 第 1 次 等待 1 秒
2021-07-04 01:33:17 CHB 1765698?1625333593 第 1 次 获取到号码【1765698】GSD
2021-07-04 01:33:17 获取到号码【1765698】的GSD为【安徽-阜阳】
2021-07-04 01:33:20 GSD insert 第 1 次 等待 1 秒
2021-07-04 01:33:21 {"status":"ok","msg":"添加成功！185987"}
2021-07-04 01:33:21 下次操作: 2021-07-04 01:33:34

2021-07-04 01:33:34 开始第 3 次操作

2021-07-04 01:33:34 开始操作号码 【1765697】
2021-07-04 01:33:38 GSD getOne 第 1 次 等待 1 秒
2021-07-04 01:33:39 查询号码 【1765697】，返回信息 {"status":"bad","msg":""}
2021-07-04 01:33:39 查询号码 【1765697】，GSD为【""】
2021-07-04 01:33:39 bad
2021-07-04 01:33:40 CHB 1765697?1625333619 第 1 次 等待 1 秒
2021-07-04 01:33:41 CHB 1765697?1625333619 第 1 次 获取到号码【1765697】GSD
2021-07-04 01:33:41 获取到号码【1765697】的GSD为【安徽-宿州】
2021-07-04 01:33:45 GSD insert 第 1 次 等待 1 秒
2021-07-04 01:33:46 {"status":"ok","msg":"添加成功！185994"}
2021-07-04 01:33:46 下次操作: 2021-07-04 01:33:58

2021-07-04 01:33:58 开始第 4 次操作

2021-07-04 01:33:58 开始操作号码 【1765696】
2021-07-04 01:34:02 GSD getOne 第 1 次 等待 1 秒
2021-07-04 01:34:03 查询号码 【1765696】，返回信息 {"status":"bad","msg":""}
2021-07-04 01:34:03 查询号码 【1765696】，GSD为【""】
2021-07-04 01:34:03 bad
2021-07-04 01:34:05 CHB 1765696?1625333643 第 1 次 等待 1 秒
2021-07-04 01:34:06 CHB 1765696?1625333643 第 1 次 获取到号码【1765696】GSD
2021-07-04 01:34:06 获取到号码【1765696】的GSD为【安徽-安庆】
2021-07-04 01:34:10 GSD insert 第 1 次 等待 1 秒
2021-07-04 01:34:11 {"status":"ok","msg":"添加成功！185998"}
2021-07-04 01:34:11 下次操作: 2021-07-04 01:34:26

2021-07-04 01:34:26 开始第 5 次操作

2021-07-04 01:34:26 开始操作号码 【1765695】
2021-07-04 01:34:29 GSD getOne 第 1 次 等待 1 秒
2021-07-04 01:34:30 查询号码 【1765695】，返回信息 {"status":"bad","msg":""}
2021-07-04 01:34:31 查询号码 【1765695】，GSD为【""】
2021-07-04 01:34:31 bad
2021-07-04 01:34:32 CHB 1765695?1625333671 第 1 次 等待 1 秒
2021-07-04 01:34:33 CHB 1765695?1625333671 第 1 次 获取到号码【1765695】GSD
2021-07-04 01:34:33 获取到号码【1765695】的GSD为【安徽-马鞍山】
2021-07-04 01:34:37 GSD insert 第 1 次 等待 1 秒
2021-07-04 01:34:38 {"status":"ok","msg":"添加成功！186004"}
2021-07-04 01:34:38 下次操作: 2021-07-04 01:34:46

2021-07-04 01:34:46 开始第 6 次操作

2021-07-04 01:34:46 开始操作号码 【1765694】
2021-07-04 01:34:50 GSD getOne 第 1 次 等待 1 秒
2021-07-04 01:34:51 查询号码 【1765694】，返回信息 {"status":"bad","msg":""}
2021-07-04 01:34:51 查询号码 【1765694】，GSD为【""】
2021-07-04 01:34:51 bad
2021-07-04 01:34:52 CHB 1765694?1625333691 第 1 次 等待 1 秒
2021-07-04 01:34:53 CHB 1765694?1625333691 第 1 次 获取到号码【1765694】GSD
2021-07-04 01:34:53 获取到号码【1765694】的GSD为【安徽-淮南】
2021-07-04 01:34:57 GSD insert 第 1 次 等待 1 秒
2021-07-04 01:34:58 {"status":"ok","msg":"添加成功！186009"}
2021-07-04 01:34:58 下次操作: 2021-07-04 01:35:16

2021-07-04 01:35:16 开始第 7 次操作

2021-07-04 01:35:16 开始操作号码 【1765693】
2021-07-04 01:35:19 GSD getOne 第 1 次 等待 1 秒
2021-07-04 01:35:20 查询号码 【1765693】，返回信息 {"status":"bad","msg":""}
2021-07-04 01:35:20 查询号码 【1765693】，GSD为【""】
2021-07-04 01:35:20 bad
2021-07-04 01:35:21 CHB 1765693?1625333720 第 1 次 等待 1 秒
2021-07-04 01:35:22 CHB 1765693?1625333720 第 1 次 获取到号码【1765693】GSD
2021-07-04 01:35:22 获取到号码【1765693】的GSD为【安徽-芜湖】
2021-07-04 01:35:35 GSD insert 第 1 次 等待 1 秒
2021-07-04 01:35:36 {"status":"ok","msg":"添加成功！186020"}
2021-07-04 01:35:36 下次操作: 2021-07-04 01:35:48

2021-07-04 01:35:48 开始第 8 次操作

2021-07-04 01:35:48 开始操作号码 【1765692】
2021-07-04 01:35:51 GSD getOne 第 1 次 等待 1 秒
2021-07-04 01:35:52 查询号码 【1765692】，返回信息 {"status":"bad","msg":""}
2021-07-04 01:35:53 查询号码 【1765692】，GSD为【""】
2021-07-04 01:35:53 bad
2021-07-04 01:35:54 CHB 1765692?1625333753 第 1 次 等待 1 秒
2021-07-04 01:35:55 CHB 1765692?1625333753 第 1 次 获取到号码【1765692】GSD
2021-07-04 01:35:55 获取到号码【1765692】的GSD为【安徽-蚌埠】
2021-07-04 01:35:59 GSD insert 第 1 次 等待 1 秒
2021-07-04 01:36:00 {"status":"ok","msg":"添加成功！186028"}
2021-07-04 01:36:00 下次操作: 2021-07-04 01:36:15

2021-07-04 01:36:15 开始第 9 次操作

2021-07-04 01:36:15 开始操作号码 【1765691】
2021-07-04 01:36:20 GSD getOne 第 1 次 等待 1 秒
2021-07-04 01:36:21 查询号码 【1765691】，返回信息 {"status":"bad","msg":""}
2021-07-04 01:36:22 查询号码 【1765691】，GSD为【""】
2021-07-04 01:36:22 bad
2021-07-04 01:36:24 CHB 1765691?1625333782 第 1 次 等待 1 秒
2021-07-04 01:36:25 CHB 1765691?1625333782 第 1 次 获取到号码【1765691】GSD
2021-07-04 01:36:25 获取到号码【1765691】的GSD为【安徽-合肥】
2021-07-04 01:36:28 GSD insert 第 1 次 等待 1 秒
2021-07-04 01:36:29 {"status":"ok","msg":"添加成功！186033"}
2021-07-04 01:36:29 下次操作: 2021-07-04 01:36:35

2021-07-04 01:36:35 开始第 10 次操作

2021-07-04 01:36:35 开始操作号码 【1765690】
2021-07-04 01:36:39 GSD getOne 第 1 次 等待 1 秒
2021-07-04 01:36:40 查询号码 【1765690】，返回信息 {"status":"bad","msg":""}
2021-07-04 01:36:40 查询号码 【1765690】，GSD为【""】
2021-07-04 01:36:40 bad
2021-07-04 01:36:41 CHB 1765690?1625333800 第 1 次 等待 1 秒
2021-07-04 01:36:42 CHB 1765690?1625333800 第 1 次 获取到号码【1765690】GSD
2021-07-04 01:36:42 获取到号码【1765690】的GSD为【安徽-滁州】
2021-07-04 01:36:46 GSD insert 第 1 次 等待 1 秒
2021-07-04 01:36:47 {"status":"ok","msg":"添加成功！186038"}
2021-07-04 01:36:47 下次操作: 2021-07-04 01:36:58

2021-07-04 01:36:58 开始第 11 次操作

2021-07-04 01:36:58 开始操作号码 【1765689】
2021-07-04 01:37:01 GSD getOne 第 1 次 等待 1 秒
2021-07-04 01:37:02 查询号码 【1765689】，返回信息 {"status":"bad","msg":""}
2021-07-04 01:37:03 查询号码 【1765689】，GSD为【""】
2021-07-04 01:37:03 bad
2021-07-04 01:37:04 CHB 1765689?1625333823 第 1 次 等待 1 秒
2021-07-04 01:37:05 CHB 1765689?1625333823 第 1 次 获取到号码【1765689】GSD
2021-07-04 01:37:05 获取到号码【1765689】的GSD为【安徽-阜阳】
2021-07-04 01:37:08 GSD insert 第 1 次 等待 1 秒
2021-07-04 01:37:09 {"status":"ok","msg":"添加成功！186044"}
2021-07-04 01:37:10 下次操作: 2021-07-04 01:37:28

2021-07-04 01:37:28 开始第 12 次操作

2021-07-04 01:37:28 开始操作号码 【1765688】
2021-07-04 01:37:35 GSD getOne 第 1 次 等待 1 秒
2021-07-04 01:37:36 查询号码 【1765688】，返回信息 {"status":"bad","msg":""}
2021-07-04 01:37:36 查询号码 【1765688】，GSD为【""】
2021-07-04 01:37:36 bad
2021-07-04 01:37:38 CHB 1765688?1625333856 第 1 次 等待 1 秒
2021-07-04 01:37:39 CHB 1765688?1625333856 第 1 次 获取到号码【1765688】GSD
2021-07-04 01:37:39 获取到号码【1765688】的GSD为【安徽-亳州】
2021-07-04 01:37:42 GSD insert 第 1 次 等待 1 秒
2021-07-04 01:37:43 {"status":"ok","msg":"添加成功！186051"}
2021-07-04 01:37:43 下次操作: 2021-07-04 01:37:52

2021-07-04 01:37:52 开始第 13 次操作

2021-07-04 01:37:52 开始操作号码 【1765687】
2021-07-04 01:37:56 GSD getOne 第 1 次 等待 1 秒
2021-07-04 01:37:57 查询号码 【1765687】，返回信息 {"status":"bad","msg":""}
2021-07-04 01:37:57 查询号码 【1765687】，GSD为【""】
2021-07-04 01:37:57 bad
2021-07-04 01:37:58 CHB 1765687?1625333877 第 1 次 等待 1 秒
2021-07-04 01:37:59 CHB 1765687?1625333877 第 1 次 获取到号码【1765687】GSD
2021-07-04 01:37:59 获取到号码【1765687】的GSD为【安徽-宿州】
2021-07-04 01:38:03 GSD insert 第 1 次 等待 1 秒
2021-07-04 01:38:04 {"status":"ok","msg":"添加成功！186054"}
2021-07-04 01:38:04 下次操作: 2021-07-04 01:38:10

2021-07-04 01:38:10 开始第 14 次操作

2021-07-04 01:38:10 开始操作号码 【1765686】
2021-07-04 01:38:13 GSD getOne 第 1 次 等待 1 秒
2021-07-04 01:38:14 查询号码 【1765686】，返回信息 {"status":"bad","msg":""}
2021-07-04 01:38:14 查询号码 【1765686】，GSD为【""】
2021-07-04 01:38:14 bad
2021-07-04 01:38:15 CHB 1765686?1625333894 第 1 次 等待 1 秒
2021-07-04 01:38:16 CHB 1765686?1625333894 第 1 次 获取到号码【1765686】GSD
2021-07-04 01:38:16 获取到号码【1765686】的GSD为【安徽-池州】
2021-07-04 01:38:20 GSD insert 第 1 次 等待 1 秒
2021-07-04 01:38:21 {"status":"ok","msg":"添加成功！186059"}
2021-07-04 01:38:21 下次操作: 2021-07-04 01:38:39

2021-07-04 01:38:39 开始第 15 次操作

2021-07-04 01:38:39 开始操作号码 【1765685】
2021-07-04 01:38:43 GSD getOne 第 1 次 等待 1 秒
2021-07-04 01:38:44 查询号码 【1765685】，返回信息 {"status":"bad","msg":""}
2021-07-04 01:38:44 查询号码 【1765685】，GSD为【""】
2021-07-04 01:38:44 bad
2021-07-04 01:38:45 CHB 1765685?1625333924 第 1 次 等待 1 秒
2021-07-04 01:38:46 CHB 1765685?1625333924 第 1 次 获取到号码【1765685】GSD
2021-07-04 01:38:46 获取到号码【1765685】的GSD为【安徽-合肥】
2021-07-04 01:38:50 GSD insert 第 1 次 等待 1 秒
2021-07-04 01:38:51 {"status":"ok","msg":"添加成功！186067"}
2021-07-04 01:38:51 下次操作: 2021-07-04 01:39:06

2021-07-04 01:39:06 开始第 16 次操作

2021-07-04 01:39:06 开始操作号码 【1765684】
2021-07-04 01:39:09 GSD getOne 第 1 次 等待 1 秒
2021-07-04 01:39:10 查询号码 【1765684】，返回信息 {"status":"bad","msg":""}
2021-07-04 01:39:10 查询号码 【1765684】，GSD为【""】
2021-07-04 01:39:10 bad
2021-07-04 01:39:12 CHB 1765684?1625333950 第 1 次 等待 1 秒
2021-07-04 01:39:13 CHB 1765684?1625333950 第 1 次 获取到号码【1765684】GSD
2021-07-04 01:39:13 获取到号码【1765684】的GSD为【安徽-六安】
2021-07-04 01:39:20 GSD insert 第 1 次 等待 1 秒
2021-07-04 01:39:21 {"status":"ok","msg":"添加成功！186075"}
2021-07-04 01:39:21 下次操作: 2021-07-04 01:39:32

2021-07-04 01:39:32 开始第 17 次操作

2021-07-04 01:39:32 开始操作号码 【1765683】
2021-07-04 01:39:35 GSD getOne 第 1 次 等待 1 秒
2021-07-04 01:39:36 查询号码 【1765683】，返回信息 {"status":"bad","msg":""}
2021-07-04 01:39:36 查询号码 【1765683】，GSD为【""】
2021-07-04 01:39:36 bad
2021-07-04 01:39:37 CHB 1765683?1625333976 第 1 次 等待 1 秒
2021-07-04 01:39:38 CHB 1765683?1625333976 第 1 次 获取到号码【1765683】GSD
2021-07-04 01:39:38 获取到号码【1765683】的GSD为【安徽-宣城】
2021-07-04 01:39:42 GSD insert 第 1 次 等待 1 秒
2021-07-04 01:39:43 {"status":"ok","msg":"添加成功！186079"}
2021-07-04 01:39:43 下次操作: 2021-07-04 01:39:56

2021-07-04 01:39:56 开始第 18 次操作

2021-07-04 01:39:56 开始操作号码 【1765682】
2021-07-04 01:40:00 GSD getOne 第 1 次 等待 1 秒
2021-07-04 01:40:01 查询号码 【1765682】，返回信息 {"status":"bad","msg":""}
2021-07-04 01:40:01 查询号码 【1765682】，GSD为【""】
2021-07-04 01:40:01 bad
2021-07-04 01:40:02 CHB 1765682?1625334001 第 1 次 等待 1 秒
2021-07-04 01:40:03 CHB 1765682?1625334001 第 1 次 获取到号码【1765682】GSD
2021-07-04 01:40:03 获取到号码【1765682】的GSD为【安徽-铜陵】
2021-07-04 01:40:07 GSD insert 第 1 次 等待 1 秒
2021-07-04 01:40:08 {"status":"ok","msg":"添加成功！186085"}
2021-07-04 01:40:08 下次操作: 2021-07-04 01:40:16

2021-07-04 01:40:16 开始第 19 次操作

2021-07-04 01:40:16 开始操作号码 【1765681】
2021-07-04 01:40:19 GSD getOne 第 1 次 等待 1 秒
2021-07-04 01:40:20 查询号码 【1765681】，返回信息 {"status":"bad","msg":""}
2021-07-04 01:40:20 查询号码 【1765681】，GSD为【""】
2021-07-04 01:40:20 bad
2021-07-04 01:40:22 CHB 1765681?1625334020 第 1 次 等待 1 秒
2021-07-04 01:40:23 CHB 1765681?1625334020 第 1 次 获取到号码【1765681】GSD
2021-07-04 01:40:23 获取到号码【1765681】的GSD为【安徽-淮北】
2021-07-04 01:40:30 GSD insert 第 1 次 等待 1 秒
2021-07-04 01:40:31 {"status":"ok","msg":"添加成功！186090"}
2021-07-04 01:40:31 下次操作: 2021-07-04 01:40:41

2021-07-04 01:40:41 开始第 20 次操作

2021-07-04 01:40:41 开始操作号码 【1765680】
2021-07-04 01:40:44 GSD getOne 第 1 次 等待 1 秒
2021-07-04 01:40:45 查询号码 【1765680】，返回信息 {"status":"bad","msg":""}
2021-07-04 01:40:45 查询号码 【1765680】，GSD为【""】
2021-07-04 01:40:45 bad
2021-07-04 01:40:46 CHB 1765680?1625334045 第 1 次 等待 1 秒
2021-07-04 01:40:47 CHB 1765680?1625334045 第 1 次 获取到号码【1765680】GSD
2021-07-04 01:40:47 获取到号码【1765680】的GSD为【安徽-六安】
2021-07-04 01:40:51 GSD insert 第 1 次 等待 1 秒
2021-07-04 01:40:52 {"status":"ok","msg":"添加成功！186097"}
2021-07-04 01:40:52 下次操作: 2021-07-04 01:41:01

2021-07-04 01:41:01 开始第 21 次操作

2021-07-04 01:41:01 开始操作号码 【1765679】
2021-07-04 01:41:05 GSD getOne 第 1 次 等待 1 秒
2021-07-04 01:41:06 查询号码 【1765679】，返回信息 {"status":"bad","msg":""}
2021-07-04 01:41:06 查询号码 【1765679】，GSD为【""】
2021-07-04 01:41:06 bad
2021-07-04 01:41:07 CHB 1765679?1625334066 第 1 次 等待 1 秒
2021-07-04 01:41:08 CHB 1765679?1625334066 第 1 次 获取到号码【1765679】GSD
2021-07-04 01:41:08 获取到号码【1765679】的GSD为【安徽-黄山】
2021-07-04 01:41:14 GSD insert 第 1 次 等待 1 秒
2021-07-04 01:41:15 {"status":"ok","msg":"添加成功！186105"}
2021-07-04 01:41:15 下次操作: 2021-07-04 01:41:27

2021-07-04 01:41:27 开始第 22 次操作

2021-07-04 01:41:27 开始操作号码 【1765678】
2021-07-04 01:41:30 GSD getOne 第 1 次 等待 1 秒
2021-07-04 01:41:31 查询号码 【1765678】，返回信息 {"status":"bad","msg":""}
2021-07-04 01:41:32 查询号码 【1765678】，GSD为【""】
2021-07-04 01:41:32 bad
2021-07-04 01:41:33 CHB 1765678?1625334092 第 1 次 等待 1 秒
2021-07-04 01:41:34 CHB 1765678?1625334092 第 1 次 获取到号码【1765678】GSD
2021-07-04 01:41:34 获取到号码【1765678】的GSD为【安徽-阜阳】
2021-07-04 01:41:41 GSD insert 第 1 次 等待 1 秒
2021-07-04 01:41:42 {"status":"ok","msg":"添加成功！186111"}
2021-07-04 01:41:42 下次操作: 2021-07-04 01:41:49

2021-07-04 01:41:49 开始第 23 次操作

2021-07-04 01:41:49 开始操作号码 【1765677】
2021-07-04 01:41:53 GSD getOne 第 1 次 等待 1 秒
2021-07-04 01:41:54 查询号码 【1765677】，返回信息 {"status":"bad","msg":""}
2021-07-04 01:41:54 查询号码 【1765677】，GSD为【""】
2021-07-04 01:41:54 bad
2021-07-04 01:41:55 CHB 1765677?1625334114 第 1 次 等待 1 秒
2021-07-04 01:41:56 CHB 1765677?1625334114 第 1 次 获取到号码【1765677】GSD
2021-07-04 01:41:56 获取到号码【1765677】的GSD为【安徽-宿州】
2021-07-04 01:42:00 GSD insert 第 1 次 等待 1 秒
2021-07-04 01:42:01 {"status":"ok","msg":"添加成功！186116"}
2021-07-04 01:42:01 下次操作: 2021-07-04 01:42:11

2021-07-04 01:42:11 开始第 24 次操作

2021-07-04 01:42:11 开始操作号码 【1765676】
2021-07-04 01:42:14 GSD getOne 第 1 次 等待 1 秒
2021-07-04 01:42:15 查询号码 【1765676】，返回信息 {"status":"bad","msg":""}
2021-07-04 01:42:15 查询号码 【1765676】，GSD为【""】
2021-07-04 01:42:15 bad
2021-07-04 01:42:17 CHB 1765676?1625334135 第 1 次 等待 1 秒
2021-07-04 01:42:18 CHB 1765676?1625334135 第 1 次 获取到号码【1765676】GSD
2021-07-04 01:42:18 获取到号码【1765676】的GSD为【安徽-安庆】
2021-07-04 01:42:24 GSD insert 第 1 次 等待 1 秒
2021-07-04 01:42:25 {"status":"ok","msg":"添加成功！186122"}
2021-07-04 01:42:25 下次操作: 2021-07-04 01:42:38

2021-07-04 01:42:38 开始第 25 次操作

2021-07-04 01:42:38 开始操作号码 【1765675】
2021-07-04 01:42:44 GSD getOne 第 1 次 等待 1 秒
2021-07-04 01:42:45 查询号码 【1765675】，返回信息 {"status":"bad","msg":""}
2021-07-04 01:42:45 查询号码 【1765675】，GSD为【""】
2021-07-04 01:42:45 bad
2021-07-04 01:42:46 CHB 1765675?1625334165 第 1 次 等待 1 秒
2021-07-04 01:42:47 CHB 1765675?1625334165 第 1 次 获取到号码【1765675】GSD
2021-07-04 01:42:47 获取到号码【1765675】的GSD为【安徽-马鞍山】
2021-07-04 01:42:54 GSD insert 第 1 次 等待 1 秒
2021-07-04 01:42:55 {"status":"ok","msg":"添加成功！186130"}
2021-07-04 01:42:55 下次操作: 2021-07-04 01:43:06

2021-07-04 01:43:06 开始第 26 次操作

2021-07-04 01:43:06 开始操作号码 【1765674】
2021-07-04 01:43:10 GSD getOne 第 1 次 等待 1 秒
2021-07-04 01:43:11 查询号码 【1765674】，返回信息 {"status":"bad","msg":""}
2021-07-04 01:43:11 查询号码 【1765674】，GSD为【""】
2021-07-04 01:43:11 bad
2021-07-04 01:43:12 CHB 1765674?1625334191 第 1 次 等待 1 秒
2021-07-04 01:43:13 CHB 1765674?1625334191 第 1 次 获取到号码【1765674】GSD
2021-07-04 01:43:13 获取到号码【1765674】的GSD为【安徽-淮南】
2021-07-04 01:43:17 GSD insert 第 1 次 等待 1 秒
2021-07-04 01:43:18 {"status":"ok","msg":"添加成功！186137"}
2021-07-04 01:43:18 下次操作: 2021-07-04 01:43:36

2021-07-04 01:43:36 开始第 27 次操作

2021-07-04 01:43:36 开始操作号码 【1765673】
2021-07-04 01:43:39 GSD getOne 第 1 次 等待 1 秒
2021-07-04 01:43:40 查询号码 【1765673】，返回信息 {"status":"bad","msg":""}
2021-07-04 01:43:40 查询号码 【1765673】，GSD为【""】
2021-07-04 01:43:40 bad
2021-07-04 01:43:42 CHB 1765673?1625334220 第 1 次 等待 1 秒
2021-07-04 01:43:43 CHB 1765673?1625334220 第 1 次 获取到号码【1765673】GSD
2021-07-04 01:43:43 获取到号码【1765673】的GSD为【安徽-芜湖】
2021-07-04 01:43:47 GSD insert 第 1 次 等待 1 秒
2021-07-04 01:43:48 {"status":"ok","msg":"添加成功！186145"}
2021-07-04 01:43:48 下次操作: 2021-07-04 01:43:59

2021-07-04 01:43:59 开始第 28 次操作

2021-07-04 01:43:59 开始操作号码 【1765672】
2021-07-04 01:44:05 GSD getOne 第 1 次 等待 1 秒
2021-07-04 01:44:06 查询号码 【1765672】，返回信息 {"status":"bad","msg":""}
2021-07-04 01:44:07 查询号码 【1765672】，GSD为【""】
2021-07-04 01:44:07 bad
2021-07-04 01:44:08 CHB 1765672?1625334247 第 1 次 等待 1 秒
2021-07-04 01:44:09 CHB 1765672?1625334247 第 1 次 获取到号码【1765672】GSD
2021-07-04 01:44:09 获取到号码【1765672】的GSD为【安徽-蚌埠】
2021-07-04 01:44:13 GSD insert 第 1 次 等待 1 秒
2021-07-04 01:44:14 {"status":"ok","msg":"添加成功！186153"}
2021-07-04 01:44:14 下次操作: 2021-07-04 01:44:24

2021-07-04 01:44:24 开始第 29 次操作

2021-07-04 01:44:24 开始操作号码 【1765671】
2021-07-04 01:44:28 GSD getOne 第 1 次 等待 1 秒
2021-07-04 01:44:29 查询号码 【1765671】，返回信息 {"status":"bad","msg":""}
2021-07-04 01:44:29 查询号码 【1765671】，GSD为【""】
2021-07-04 01:44:29 bad
2021-07-04 01:44:30 CHB 1765671?1625334269 第 1 次 等待 1 秒
2021-07-04 01:44:31 CHB 1765671?1625334269 第 1 次 获取到号码【1765671】GSD
2021-07-04 01:44:31 获取到号码【1765671】的GSD为【安徽-合肥】
2021-07-04 01:44:35 GSD insert 第 1 次 等待 1 秒
2021-07-04 01:44:36 {"status":"ok","msg":"添加成功！186158"}
2021-07-04 01:44:36 下次操作: 2021-07-04 01:44:48

2021-07-04 01:44:48 开始第 30 次操作

2021-07-04 01:44:48 开始操作号码 【1765670】
2021-07-04 01:45:00 GSD getOne 第 1 次 等待 1 秒
2021-07-04 01:45:01 查询号码 【1765670】，返回信息 {"status":"bad","msg":""}
2021-07-04 01:45:01 查询号码 【1765670】，GSD为【""】
2021-07-04 01:45:01 bad
2021-07-04 01:45:02 CHB 1765670?1625334301 第 1 次 等待 1 秒
2021-07-04 01:45:03 CHB 1765670?1625334301 第 1 次 获取到号码【1765670】GSD
2021-07-04 01:45:03 获取到号码【1765670】的GSD为【安徽-滁州】
2021-07-04 01:45:08 GSD insert 第 1 次 等待 1 秒
2021-07-04 01:45:09 {"status":"ok","msg":"添加成功！186168"}

2021-07-04 02:53:08 开始第 1 次操作

2021-07-04 02:53:08 开始操作号码 【1765669】
2021-07-04 02:53:12 GSD getOne 第 1 次 等待 1 秒
2021-07-04 02:53:13 查询号码 【1765669】，返回信息 {"status":"bad","msg":""}
2021-07-04 02:53:13 查询号码 【1765669】，GSD为【""】
2021-07-04 02:53:13 bad
2021-07-04 02:53:15 CHB 1765669?1625338393 第 1 次 等待 1 秒
2021-07-04 02:53:16 CHB 1765669?1625338393 第 1 次 获取到号码【1765669】GSD
2021-07-04 02:53:16 获取到号码【1765669】的GSD为【河南-南阳】
2021-07-04 02:53:36 GSD insert 第 1 次 等待 1 秒
2021-07-04 02:53:37 {"status":"ok","msg":"添加成功！186427"}
2021-07-04 02:53:37 下次操作: 2021-07-04 02:53:52

2021-07-04 02:53:52 开始第 2 次操作

2021-07-04 02:53:52 开始操作号码 【1765668】
2021-07-04 02:53:56 GSD getOne 第 1 次 等待 1 秒
2021-07-04 02:53:57 查询号码 【1765668】，返回信息 {"status":"bad","msg":""}
2021-07-04 02:53:57 查询号码 【1765668】，GSD为【""】
2021-07-04 02:53:57 bad
2021-07-04 02:53:58 CHB 1765668?1625338437 第 1 次 等待 1 秒
2021-07-04 02:53:59 CHB 1765668?1625338437 第 1 次 获取到号码【1765668】GSD
2021-07-04 02:53:59 获取到号码【1765668】的GSD为【河南-南阳】
2021-07-04 02:54:19 GSD insert 第 1 次 等待 1 秒
2021-07-04 02:54:20 {"status":"ok","msg":"添加成功！186436"}
2021-07-04 02:54:20 下次操作: 2021-07-04 02:54:36

2021-07-04 02:54:36 开始第 3 次操作

2021-07-04 02:54:36 开始操作号码 【1765667】
2021-07-04 02:54:40 GSD getOne 第 1 次 等待 1 秒
2021-07-04 02:54:41 查询号码 【1765667】，返回信息 {"status":"bad","msg":""}
2021-07-04 02:54:41 查询号码 【1765667】，GSD为【""】
2021-07-04 02:54:41 bad
2021-07-04 02:54:42 CHB 1765667?1625338481 第 1 次 等待 1 秒
2021-07-04 02:54:43 CHB 1765667?1625338481 第 1 次 获取到号码【1765667】GSD
2021-07-04 02:54:43 获取到号码【1765667】的GSD为【河南-南阳】
2021-07-04 02:55:03 GSD insert 第 1 次 等待 1 秒
2021-07-04 02:55:04 {"status":"ok","msg":"添加成功！186449"}
2021-07-04 02:55:04 下次操作: 2021-07-04 02:55:10

2021-07-04 02:55:10 开始第 4 次操作

2021-07-04 02:55:10 开始操作号码 【1765666】
2021-07-04 02:55:29 GSD getOne 第 1 次 等待 1 秒
2021-07-04 02:55:30 查询号码 【1765666】，返回信息 {"status":"bad","msg":""}
2021-07-04 02:55:30 查询号码 【1765666】，GSD为【""】
2021-07-04 02:55:30 bad
2021-07-04 02:55:31 CHB 1765666?1625338530 第 1 次 等待 1 秒
2021-07-04 02:55:32 CHB 1765666?1625338530 第 1 次 获取到号码【1765666】GSD
2021-07-04 02:55:32 获取到号码【1765666】的GSD为【河南-南阳】
2021-07-04 02:55:51 GSD insert 第 1 次 等待 1 秒
2021-07-04 02:55:53 {"status":"ok","msg":"添加成功！186465"}
2021-07-04 02:55:53 下次操作: 2021-07-04 02:56:08

2021-07-04 02:56:08 开始第 5 次操作

2021-07-04 02:56:08 开始操作号码 【1765665】
2021-07-04 02:56:11 GSD getOne 第 1 次 等待 1 秒
2021-07-04 02:56:12 查询号码 【1765665】，返回信息 {"status":"ok","msg":"河南-南阳","time_insert":"2020-05-13 15:23"}
2021-07-04 02:56:12 查询号码 【1765665】，GSD为【"河南-南阳"】

2021-07-04 02:56:12 开始第 5 次操作

2021-07-04 02:56:12 开始操作号码 【1765664】
2021-07-04 02:56:32 GSD getOne 第 1 次 等待 1 秒
2021-07-04 02:56:33 查询号码 【1765664】，返回信息 {"status":"bad","msg":""}
2021-07-04 02:56:33 查询号码 【1765664】，GSD为【""】
2021-07-04 02:56:33 bad
2021-07-04 02:56:34 CHB 1765664?1625338593 第 1 次 等待 1 秒
2021-07-04 02:56:35 CHB 1765664?1625338593 第 1 次 获取到号码【1765664】GSD
2021-07-04 02:56:35 获取到号码【1765664】的GSD为【河南-信阳】
2021-07-04 02:56:55 GSD insert 第 1 次 等待 1 秒
2021-07-04 02:56:56 {"status":"ok","msg":"添加成功！186485"}
2021-07-04 02:56:56 下次操作: 2021-07-04 02:57:02

2021-07-04 02:57:02 开始第 6 次操作

2021-07-04 02:57:02 开始操作号码 【1765663】
2021-07-04 02:57:22 GSD getOne 第 1 次 等待 1 秒
2021-07-04 02:57:23 查询号码 【1765663】，返回信息 {"status":"bad","msg":""}
2021-07-04 02:57:23 查询号码 【1765663】，GSD为【""】
2021-07-04 02:57:23 bad
2021-07-04 02:57:25 CHB 1765663?1625338643 第 1 次 等待 1 秒
2021-07-04 02:57:26 CHB 1765663?1625338643 第 1 次 获取到号码【1765663】GSD
2021-07-04 02:57:26 获取到号码【1765663】的GSD为【河南-信阳】
2021-07-04 02:57:45 GSD insert 第 1 次 等待 1 秒
2021-07-04 02:57:46 {"status":"ok","msg":"添加成功！186500"}
2021-07-04 02:57:46 下次操作: 2021-07-04 02:57:57

2021-07-04 02:57:57 开始第 7 次操作

2021-07-04 02:57:57 开始操作号码 【1765662】
2021-07-04 02:58:08 GSD getOne 第 1 次 等待 1 秒
2021-07-04 02:58:09 查询号码 【1765662】，返回信息 {"status":"bad","msg":""}
2021-07-04 02:58:09 查询号码 【1765662】，GSD为【""】
2021-07-04 02:58:09 bad
2021-07-04 02:58:11 CHB 1765662?1625338689 第 1 次 等待 1 秒
2021-07-04 02:58:12 CHB 1765662?1625338689 第 1 次 获取到号码【1765662】GSD
2021-07-04 02:58:12 获取到号码【1765662】的GSD为【河南-信阳】
2021-07-04 02:58:31 GSD insert 第 1 次 等待 1 秒
2021-07-04 02:58:32 {"status":"ok","msg":"添加成功！186510"}
2021-07-04 02:58:32 下次操作: 2021-07-04 02:58:43

2021-07-04 02:58:43 开始第 8 次操作

2021-07-04 02:58:43 开始操作号码 【1765661】
2021-07-04 02:58:54 GSD getOne 第 1 次 等待 1 秒
2021-07-04 02:58:55 查询号码 【1765661】，返回信息 {"status":"bad","msg":""}
2021-07-04 02:58:55 查询号码 【1765661】，GSD为【""】
2021-07-04 02:58:55 bad
2021-07-04 02:58:57 CHB 1765661?1625338735 第 1 次 等待 1 秒
2021-07-04 02:58:58 CHB 1765661?1625338735 第 1 次 获取到号码【1765661】GSD
2021-07-04 02:58:58 获取到号码【1765661】的GSD为【河南-信阳】
2021-07-04 02:59:20 GSD insert 第 1 次 等待 1 秒
2021-07-04 02:59:21 {"status":"ok","msg":"添加成功！186523"}
2021-07-04 02:59:21 下次操作: 2021-07-04 02:59:27

2021-07-04 02:59:27 开始第 9 次操作

2021-07-04 02:59:27 开始操作号码 【1765660】
2021-07-04 02:59:46 GSD getOne 第 1 次 等待 1 秒
2021-07-04 02:59:47 查询号码 【1765660】，返回信息 {"status":"bad","msg":""}
2021-07-04 02:59:48 查询号码 【1765660】，GSD为【""】
2021-07-04 02:59:48 bad
2021-07-04 02:59:49 CHB 1765660?1625338788 第 1 次 等待 1 秒
2021-07-04 02:59:50 CHB 1765660?1625338788 第 1 次 获取到号码【1765660】GSD
2021-07-04 02:59:50 获取到号码【1765660】的GSD为【河南-信阳】
2021-07-04 03:00:10 GSD insert 第 1 次 等待 1 秒
2021-07-04 03:00:11 {"status":"ok","msg":"添加成功！186535"}
2021-07-04 03:00:11 下次操作: 2021-07-04 03:00:25

2021-07-04 03:00:25 开始第 10 次操作

2021-07-04 03:00:25 开始操作号码 【1765659】
2021-07-04 03:00:29 GSD getOne 第 1 次 等待 1 秒
2021-07-04 03:00:30 查询号码 【1765659】，返回信息 {"status":"bad","msg":""}
2021-07-04 03:00:30 查询号码 【1765659】，GSD为【""】
2021-07-04 03:00:30 bad
2021-07-04 03:00:32 CHB 1765659?1625338830 第 1 次 等待 1 秒
2021-07-04 03:00:33 CHB 1765659?1625338830 第 1 次 获取到号码【1765659】GSD
2021-07-04 03:00:33 获取到号码【1765659】的GSD为【安徽-阜阳】
2021-07-04 03:00:52 GSD insert 第 1 次 等待 1 秒
2021-07-04 03:00:53 {"status":"ok","msg":"添加成功！186545"}
2021-07-04 03:00:53 下次操作: 2021-07-04 03:01:07

2021-07-04 03:01:07 开始第 11 次操作

2021-07-04 03:01:07 开始操作号码 【1765658】
2021-07-04 03:01:12 GSD getOne 第 1 次 等待 1 秒
2021-07-04 03:01:13 查询号码 【1765658】，返回信息 {"status":"bad","msg":""}
2021-07-04 03:01:13 查询号码 【1765658】，GSD为【""】
2021-07-04 03:01:13 bad
2021-07-04 03:01:15 CHB 1765658?1625338873 第 1 次 等待 1 秒
2021-07-04 03:01:16 CHB 1765658?1625338873 第 1 次 获取到号码【1765658】GSD
2021-07-04 03:01:16 获取到号码【1765658】的GSD为【安徽-亳州】
2021-07-04 03:01:35 GSD insert 第 1 次 等待 1 秒
2021-07-04 03:01:36 {"status":"ok","msg":"添加成功！186557"}
2021-07-04 03:01:36 下次操作: 2021-07-04 03:01:45

2021-07-04 03:01:45 开始第 12 次操作

2021-07-04 03:01:45 开始操作号码 【1765657】
2021-07-04 03:01:56 GSD getOne 第 1 次 等待 1 秒
2021-07-04 03:01:57 查询号码 【1765657】，返回信息 {"status":"bad","msg":""}
2021-07-04 03:01:57 查询号码 【1765657】，GSD为【""】
2021-07-04 03:01:57 bad
2021-07-04 03:01:58 CHB 1765657?1625338917 第 1 次 等待 1 秒
2021-07-04 03:01:59 CHB 1765657?1625338917 第 1 次 获取到号码【1765657】GSD
2021-07-04 03:01:59 获取到号码【1765657】的GSD为【安徽-宿州】
2021-07-04 03:02:19 GSD insert 第 1 次 等待 1 秒
2021-07-04 03:02:20 {"status":"ok","msg":"添加成功！186566"}
2021-07-04 03:02:20 下次操作: 2021-07-04 03:02:27

2021-07-04 03:02:27 开始第 13 次操作

2021-07-04 03:02:27 开始操作号码 【1765656】
2021-07-04 03:02:46 GSD getOne 第 1 次 等待 1 秒
2021-07-04 03:02:47 查询号码 【1765656】，返回信息 {"status":"bad","msg":""}
2021-07-04 03:02:47 查询号码 【1765656】，GSD为【""】
2021-07-04 03:02:47 bad
2021-07-04 03:02:48 CHB 1765656?1625338967 第 1 次 等待 1 秒
2021-07-04 03:02:49 CHB 1765656?1625338967 第 1 次 获取到号码【1765656】GSD
2021-07-04 03:02:49 获取到号码【1765656】的GSD为【安徽-池州】
2021-07-04 03:03:09 GSD insert 第 1 次 等待 1 秒
2021-07-04 03:03:10 {"status":"ok","msg":"添加成功！186576"}
2021-07-04 03:03:10 下次操作: 2021-07-04 03:03:26

2021-07-04 03:03:26 开始第 14 次操作

2021-07-04 03:03:26 开始操作号码 【1765655】
2021-07-04 03:03:30 GSD getOne 第 1 次 等待 1 秒
2021-07-04 03:03:31 查询号码 【1765655】，返回信息 {"status":"bad","msg":""}
2021-07-04 03:03:31 查询号码 【1765655】，GSD为【""】
2021-07-04 03:03:31 bad
2021-07-04 03:03:32 CHB 1765655?1625339011 第 1 次 等待 1 秒
2021-07-04 03:03:33 CHB 1765655?1625339011 第 1 次 获取到号码【1765655】GSD
2021-07-04 03:03:33 获取到号码【1765655】的GSD为【安徽-合肥】
2021-07-04 03:03:53 GSD insert 第 1 次 等待 1 秒
2021-07-04 03:03:54 {"status":"ok","msg":"添加成功！186587"}
2021-07-04 03:03:54 下次操作: 2021-07-04 03:04:06

2021-07-04 03:04:06 开始第 15 次操作

2021-07-04 03:04:06 开始操作号码 【1765654】
2021-07-04 03:04:13 GSD getOne 第 1 次 等待 1 秒
2021-07-04 03:04:14 查询号码 【1765654】，返回信息 {"status":"bad","msg":""}
2021-07-04 03:04:14 查询号码 【1765654】，GSD为【""】
2021-07-04 03:04:14 bad
2021-07-04 03:04:15 CHB 1765654?1625339054 第 1 次 等待 1 秒
2021-07-04 03:04:16 CHB 1765654?1625339054 第 1 次 获取到号码【1765654】GSD
2021-07-04 03:04:16 获取到号码【1765654】的GSD为【安徽-六安】
2021-07-04 03:04:36 GSD insert 第 1 次 等待 1 秒
2021-07-04 03:04:37 {"status":"ok","msg":"添加成功！186597"}
2021-07-04 03:04:37 下次操作: 2021-07-04 03:04:54

2021-07-04 03:04:54 开始第 16 次操作

2021-07-04 03:04:54 开始操作号码 【1765653】
2021-07-04 03:04:58 GSD getOne 第 1 次 等待 1 秒
2021-07-04 03:04:59 查询号码 【1765653】，返回信息 {"status":"bad","msg":""}
2021-07-04 03:04:59 查询号码 【1765653】，GSD为【""】
2021-07-04 03:04:59 bad
2021-07-04 03:05:00 CHB 1765653?1625339099 第 1 次 等待 1 秒
2021-07-04 03:05:01 CHB 1765653?1625339099 第 1 次 获取到号码【1765653】GSD
2021-07-04 03:05:01 获取到号码【1765653】的GSD为【安徽-宣城】
2021-07-04 03:05:20 GSD insert 第 1 次 等待 1 秒
2021-07-04 03:05:21 {"status":"ok","msg":"添加成功！186607"}
2021-07-04 03:05:21 下次操作: 2021-07-04 03:05:31

2021-07-04 03:05:31 开始第 17 次操作

2021-07-04 03:05:31 开始操作号码 【1765652】
2021-07-04 03:05:42 GSD getOne 第 1 次 等待 1 秒
2021-07-04 03:05:43 查询号码 【1765652】，返回信息 {"status":"bad","msg":""}
2021-07-04 03:05:43 查询号码 【1765652】，GSD为【""】
2021-07-04 03:05:43 bad
2021-07-04 03:05:44 CHB 1765652?1625339143 第 1 次 等待 1 秒
2021-07-04 03:05:45 CHB 1765652?1625339143 第 1 次 获取到号码【1765652】GSD
2021-07-04 03:05:45 获取到号码【1765652】的GSD为【安徽-铜陵】
2021-07-04 03:06:05 GSD insert 第 1 次 等待 1 秒
2021-07-04 03:06:06 {"status":"ok","msg":"添加成功！186618"}
2021-07-04 03:06:06 下次操作: 2021-07-04 03:06:18

2021-07-04 03:06:18 开始第 18 次操作

2021-07-04 03:06:18 开始操作号码 【1765651】
2021-07-04 03:06:24 GSD getOne 第 1 次 等待 1 秒
2021-07-04 03:06:25 查询号码 【1765651】，返回信息 {"status":"bad","msg":""}
2021-07-04 03:06:26 查询号码 【1765651】，GSD为【""】
2021-07-04 03:06:26 bad
2021-07-04 03:06:27 CHB 1765651?1625339186 第 1 次 等待 1 秒
2021-07-04 03:06:28 CHB 1765651?1625339186 第 1 次 获取到号码【1765651】GSD
2021-07-04 03:06:28 获取到号码【1765651】的GSD为【安徽-淮北】
2021-07-04 03:06:47 GSD insert 第 1 次 等待 1 秒
2021-07-04 03:06:48 {"status":"ok","msg":"添加成功！186624"}
2021-07-04 03:06:48 下次操作: 2021-07-04 03:06:54

2021-07-04 03:06:54 开始第 19 次操作

2021-07-04 03:06:54 开始操作号码 【1765650】
2021-07-04 03:07:14 GSD getOne 第 1 次 等待 1 秒
2021-07-04 03:07:15 查询号码 【1765650】，返回信息 {"status":"bad","msg":""}
2021-07-04 03:07:15 查询号码 【1765650】，GSD为【""】
2021-07-04 03:07:15 bad
2021-07-04 03:07:18 CHB 1765650?1625339235 第 1 次 等待 1 秒
2021-07-04 03:07:19 CHB 1765650?1625339235 第 1 次 获取到号码【1765650】GSD
2021-07-04 03:07:19 获取到号码【1765650】的GSD为【安徽-六安】
2021-07-04 03:07:39 GSD insert 第 1 次 等待 1 秒
2021-07-04 03:07:40 {"status":"ok","msg":"添加成功！186632"}
2021-07-04 03:07:40 下次操作: 2021-07-04 03:07:57

2021-07-04 03:07:57 开始第 20 次操作

2021-07-04 03:07:57 开始操作号码 【1765649】
2021-07-04 03:08:01 GSD getOne 第 1 次 等待 1 秒
2021-07-04 03:08:02 查询号码 【1765649】，返回信息 {"status":"bad","msg":""}
2021-07-04 03:08:02 查询号码 【1765649】，GSD为【""】
2021-07-04 03:08:02 bad
2021-07-04 03:08:04 CHB 1765649?1625339282 第 1 次 等待 1 秒
2021-07-04 03:08:05 CHB 1765649?1625339282 第 1 次 获取到号码【1765649】GSD
2021-07-04 03:08:05 获取到号码【1765649】的GSD为【河南-许昌】
2021-07-04 03:08:25 GSD insert 第 1 次 等待 1 秒
2021-07-04 03:08:26 {"status":"ok","msg":"添加成功！186639"}
2021-07-04 03:08:26 下次操作: 2021-07-04 03:08:32

2021-07-04 03:08:32 开始第 21 次操作

2021-07-04 03:08:32 开始操作号码 【1765648】
2021-07-04 03:08:51 GSD getOne 第 1 次 等待 1 秒
2021-07-04 03:08:52 查询号码 【1765648】，返回信息 {"status":"bad","msg":""}
2021-07-04 03:08:52 查询号码 【1765648】，GSD为【""】
2021-07-04 03:08:52 bad
2021-07-04 03:08:53 CHB 1765648?1625339332 第 1 次 等待 1 秒
2021-07-04 03:08:54 CHB 1765648?1625339332 第 1 次 获取到号码【1765648】GSD
2021-07-04 03:08:55 获取到号码【1765648】的GSD为【河南-许昌】
2021-07-04 03:09:15 GSD insert 第 1 次 等待 1 秒
2021-07-04 03:09:16 {"status":"ok","msg":"添加成功！186645"}
2021-07-04 03:09:16 下次操作: 2021-07-04 03:09:27

2021-07-04 03:09:27 开始第 22 次操作

2021-07-04 03:09:27 开始操作号码 【1765647】
2021-07-04 03:09:38 GSD getOne 第 1 次 等待 1 秒
2021-07-04 03:09:39 查询号码 【1765647】，返回信息 {"status":"bad","msg":""}
2021-07-04 03:09:39 查询号码 【1765647】，GSD为【""】
2021-07-04 03:09:39 bad
2021-07-04 03:09:40 CHB 1765647?1625339379 第 1 次 等待 1 秒
2021-07-04 03:09:41 CHB 1765647?1625339379 第 1 次 获取到号码【1765647】GSD
2021-07-04 03:09:42 获取到号码【1765647】的GSD为【河南-许昌】
2021-07-04 03:10:01 GSD insert 第 1 次 等待 1 秒
2021-07-04 03:10:02 {"status":"ok","msg":"添加成功！186653"}
2021-07-04 03:10:02 下次操作: 2021-07-04 03:10:09

2021-07-04 03:10:09 开始第 23 次操作

2021-07-04 03:10:09 开始操作号码 【1765646】
2021-07-04 03:10:30 GSD getOne 第 1 次 等待 1 秒
2021-07-04 03:10:31 查询号码 【1765646】，返回信息 {"status":"bad","msg":""}
2021-07-04 03:10:31 查询号码 【1765646】，GSD为【""】
2021-07-04 03:10:31 bad
2021-07-04 03:10:32 CHB 1765646?1625339431 第 1 次 等待 1 秒
2021-07-04 03:10:33 CHB 1765646?1625339431 第 1 次 获取到号码【1765646】GSD
2021-07-04 03:10:33 获取到号码【1765646】的GSD为【河南-三门峡】
2021-07-04 03:10:53 GSD insert 第 1 次 等待 1 秒
2021-07-04 03:10:54 {"status":"ok","msg":"添加成功！186663"}
2021-07-04 03:10:54 下次操作: 2021-07-04 03:11:02

2021-07-04 03:11:02 开始第 24 次操作

2021-07-04 03:11:02 开始操作号码 【1765645】
2021-07-04 03:11:13 GSD getOne 第 1 次 等待 1 秒
2021-07-04 03:11:14 查询号码 【1765645】，返回信息 {"status":"bad","msg":""}
2021-07-04 03:11:14 查询号码 【1765645】，GSD为【""】
2021-07-04 03:11:14 bad
2021-07-04 03:11:15 CHB 1765645?1625339474 第 1 次 等待 1 秒
2021-07-04 03:11:16 CHB 1765645?1625339474 第 1 次 获取到号码【1765645】GSD
2021-07-04 03:11:16 获取到号码【1765645】的GSD为【河南-洛阳】
2021-07-04 03:11:36 GSD insert 第 1 次 等待 1 秒
2021-07-04 03:11:37 {"status":"ok","msg":"添加成功！186668"}
2021-07-04 03:11:37 下次操作: 2021-07-04 03:11:44

2021-07-04 03:11:44 开始第 25 次操作

2021-07-04 03:11:44 开始操作号码 【1765644】
2021-07-04 03:12:03 GSD getOne 第 1 次 等待 1 秒
2021-07-04 03:12:04 查询号码 【1765644】，返回信息 {"status":"bad","msg":""}
2021-07-04 03:12:04 查询号码 【1765644】，GSD为【""】
2021-07-04 03:12:04 bad
2021-07-04 03:12:06 CHB 1765644?1625339524 第 1 次 等待 1 秒
2021-07-04 03:12:07 CHB 1765644?1625339524 第 1 次 获取到号码【1765644】GSD
2021-07-04 03:12:07 获取到号码【1765644】的GSD为【河南-洛阳】
2021-07-04 03:12:26 GSD insert 第 1 次 等待 1 秒
2021-07-04 03:12:27 {"status":"ok","msg":"添加成功！186679"}
2021-07-04 03:12:27 下次操作: 2021-07-04 03:12:36

2021-07-04 03:12:36 开始第 26 次操作

2021-07-04 03:12:36 开始操作号码 【1765643】
2021-07-04 03:12:47 GSD getOne 第 1 次 等待 1 秒
2021-07-04 03:12:48 查询号码 【1765643】，返回信息 {"status":"bad","msg":""}
2021-07-04 03:12:48 查询号码 【1765643】，GSD为【""】
2021-07-04 03:12:48 bad
2021-07-04 03:12:49 CHB 1765643?1625339568 第 1 次 等待 1 秒
2021-07-04 03:12:50 CHB 1765643?1625339568 第 1 次 获取到号码【1765643】GSD
2021-07-04 03:12:51 获取到号码【1765643】的GSD为【河南-洛阳】
2021-07-04 03:13:10 GSD insert 第 1 次 等待 1 秒
2021-07-04 03:13:11 {"status":"ok","msg":"添加成功！186685"}
2021-07-04 03:13:11 下次操作: 2021-07-04 03:13:20

2021-07-04 03:13:20 开始第 27 次操作

2021-07-04 03:13:20 开始操作号码 【1765642】
2021-07-04 03:13:33 GSD getOne 第 1 次 等待 1 秒
2021-07-04 03:13:34 查询号码 【1765642】，返回信息 {"status":"bad","msg":""}
2021-07-04 03:13:34 查询号码 【1765642】，GSD为【""】
2021-07-04 03:13:34 bad
2021-07-04 03:13:35 CHB 1765642?1625339614 第 1 次 等待 1 秒
2021-07-04 03:13:36 CHB 1765642?1625339614 第 1 次 获取到号码【1765642】GSD
2021-07-04 03:13:37 获取到号码【1765642】的GSD为【河南-洛阳】
2021-07-04 03:13:56 GSD insert 第 1 次 等待 1 秒
2021-07-04 03:13:57 {"status":"ok","msg":"添加成功！186690"}
2021-07-04 03:13:57 下次操作: 2021-07-04 03:14:04

2021-07-04 03:14:04 开始第 28 次操作

2021-07-04 03:14:04 开始操作号码 【1765641】
2021-07-04 03:14:24 GSD getOne 第 1 次 等待 1 秒
2021-07-04 03:14:25 查询号码 【1765641】，返回信息 {"status":"bad","msg":""}
2021-07-04 03:14:25 查询号码 【1765641】，GSD为【""】
2021-07-04 03:14:25 bad
2021-07-04 03:14:26 CHB 1765641?1625339665 第 1 次 等待 1 秒
2021-07-04 03:14:27 CHB 1765641?1625339665 第 1 次 获取到号码【1765641】GSD
2021-07-04 03:14:27 获取到号码【1765641】的GSD为【河南-南阳】
2021-07-04 03:14:46 GSD insert 第 1 次 等待 1 秒
2021-07-04 03:14:47 {"status":"ok","msg":"添加成功！186698"}
2021-07-04 03:14:47 下次操作: 2021-07-04 03:15:02

2021-07-04 03:15:02 开始第 29 次操作

2021-07-04 03:15:02 开始操作号码 【1765640】
2021-07-04 03:15:06 GSD getOne 第 1 次 等待 1 秒
2021-07-04 03:15:07 查询号码 【1765640】，返回信息 {"status":"bad","msg":""}
2021-07-04 03:15:07 查询号码 【1765640】，GSD为【""】
2021-07-04 03:15:07 bad
2021-07-04 03:15:09 CHB 1765640?1625339707 第 1 次 等待 1 秒
2021-07-04 03:15:10 CHB 1765640?1625339707 第 1 次 获取到号码【1765640】GSD
2021-07-04 03:15:10 获取到号码【1765640】的GSD为【河南-南阳】
2021-07-04 03:15:29 GSD insert 第 1 次 等待 1 秒
2021-07-04 03:15:30 {"status":"ok","msg":"添加成功！186706"}
2021-07-04 03:15:30 下次操作: 2021-07-04 03:15:46

2021-07-04 03:15:46 开始第 30 次操作

2021-07-04 03:15:46 开始操作号码 【1765639】
2021-07-04 03:15:50 GSD getOne 第 1 次 等待 1 秒
2021-07-04 03:15:51 查询号码 【1765639】，返回信息 {"status":"bad","msg":""}
2021-07-04 03:15:51 查询号码 【1765639】，GSD为【""】
2021-07-04 03:15:51 bad
2021-07-04 03:15:53 CHB 1765639?1625339751 第 1 次 等待 1 秒
2021-07-04 03:15:54 CHB 1765639?1625339751 第 1 次 获取到号码【1765639】GSD
2021-07-04 03:15:54 获取到号码【1765639】的GSD为【河南-信阳】
2021-07-04 03:16:13 GSD insert 第 1 次 等待 1 秒
2021-07-04 03:16:14 {"status":"ok","msg":"添加成功！186713"}

