2024-01-30 00:12:31 开始第 901 次操作

2024-01-30 00:12:31 开始操作号码 【1750794】
2024-01-30 00:12:37 GSD getOne 第 1 次 等待 3 秒
2024-01-30 00:12:40 查询号码 【1750794】，返回信息 {"status":"ok","msg":"江西-抚州","gid":"141236","time_insert":"2021-06-27 19:01"}
2024-01-30 00:12:40 查询号码 【1750794】，GSD为【"江西-抚州"】

2024-01-30 00:12:41 开始第 902 次操作

2024-01-30 00:12:41 开始操作号码 【1750795】
2024-01-30 00:12:45 GSD getOne 第 1 次 等待 3 秒
2024-01-30 00:12:48 查询号码 【1750795】，返回信息 {"status":"ok","msg":"江西-宜春","gid":"141241","time_insert":"2021-06-27 19:02"}
2024-01-30 00:12:48 查询号码 【1750795】，GSD为【"江西-宜春"】

2024-01-30 00:12:49 开始第 903 次操作

2024-01-30 00:12:49 开始操作号码 【1750796】
2024-01-30 00:12:53 GSD getOne 第 1 次 等待 3 秒
2024-01-30 00:12:56 查询号码 【1750796】，返回信息 {"status":"ok","msg":"江西-吉安","gid":"141244","time_insert":"2021-06-27 19:03"}
2024-01-30 00:12:56 查询号码 【1750796】，GSD为【"江西-吉安"】

2024-01-30 00:12:57 开始第 904 次操作

2024-01-30 00:12:57 开始操作号码 【1750797】
2024-01-30 00:13:02 GSD getOne 第 1 次 等待 3 秒
2024-01-30 00:13:05 查询号码 【1750797】，返回信息 {"status":"ok","msg":"江西-赣州","gid":"141250","time_insert":"2021-06-27 19:04"}
2024-01-30 00:13:05 查询号码 【1750797】，GSD为【"江西-赣州"】

2024-01-30 00:36:14 开始第 905 次操作

2024-01-30 00:36:14 开始操作号码 【1750798】
2024-01-30 00:36:18 GSD getOne 第 1 次 等待 3 秒
2024-01-30 00:36:21 查询号码 【1750798】，返回信息 {"status":"ok","msg":"江西-景德镇","gid":"141255","time_insert":"2021-06-27 19:04"}
2024-01-30 00:36:21 查询号码 【1750798】，GSD为【"江西-景德镇"】

2024-01-30 00:36:22 开始第 906 次操作

2024-01-30 00:36:22 开始操作号码 【1750799】
2024-01-30 00:36:26 GSD getOne 第 1 次 等待 3 秒
2024-01-30 00:36:29 查询号码 【1750799】，返回信息 {"status":"ok","msg":"江西-萍乡","gid":"141260","time_insert":"2021-06-27 19:05"}
2024-01-30 00:36:29 查询号码 【1750799】，GSD为【"江西-萍乡"】

2024-01-30 00:36:30 开始第 907 次操作

2024-01-30 00:36:30 开始操作号码 【1750800】
2024-01-30 00:36:35 GSD getOne 第 1 次 等待 3 秒
2024-01-30 00:36:38 查询号码 【1750800】，返回信息 {"status":"ok","msg":"四川-达州","gid":"141265","time_insert":"2021-06-27 19:06"}
2024-01-30 00:36:38 查询号码 【1750800】，GSD为【"四川-达州"】

2024-01-30 00:36:39 开始第 908 次操作

2024-01-30 00:36:39 开始操作号码 【1750801】
2024-01-30 00:36:43 GSD getOne 第 1 次 等待 3 秒
2024-01-30 00:36:46 查询号码 【1750801】，返回信息 {"status":"ok","msg":"四川-达州","gid":"141310","time_insert":"2021-06-27 19:31"}
2024-01-30 00:36:46 查询号码 【1750801】，GSD为【"四川-达州"】

