2024-01-13 00:14:10 开始第 8657 次操作

2024-01-13 00:14:10 开始操作号码 【1868550】
2024-01-13 00:14:13 GSD getOne 第 1 次 等待 3 秒
2024-01-13 00:14:16 查询号码 【1868550】，返回信息 {"status":"ok","msg":"贵州-黔东南","gid":"424954","time_insert":"2021-07-28 14:58"}
2024-01-13 00:14:16 查询号码 【1868550】，GSD为【"贵州-黔东南"】

2024-01-13 00:14:17 开始第 8658 次操作

2024-01-13 00:14:17 开始操作号码 【1868551】
2024-01-13 00:14:20 GSD getOne 第 1 次 等待 3 秒
2024-01-13 00:14:23 查询号码 【1868551】，返回信息 {"status":"ok","msg":"贵州-黔东南","gid":"424948","time_insert":"2021-07-28 14:57"}
2024-01-13 00:14:24 查询号码 【1868551】，GSD为【"贵州-黔东南"】

2024-01-13 00:14:25 开始第 8659 次操作

2024-01-13 00:14:25 开始操作号码 【1868552】
2024-01-13 00:14:27 GSD getOne 第 1 次 等待 3 秒
2024-01-13 00:14:30 查询号码 【1868552】，返回信息 {"status":"ok","msg":"贵州-六盘水","gid":"424943","time_insert":"2021-07-28 14:57"}
2024-01-13 00:14:30 查询号码 【1868552】，GSD为【"贵州-六盘水"】

2024-01-13 00:14:31 开始第 8660 次操作

2024-01-13 00:14:31 开始操作号码 【1868553】
2024-01-13 00:14:34 GSD getOne 第 1 次 等待 3 秒
2024-01-13 00:14:37 查询号码 【1868553】，返回信息 {"status":"ok","msg":"贵州-遵义","gid":"424938","time_insert":"2021-07-28 14:56"}
2024-01-13 00:14:37 查询号码 【1868553】，GSD为【"贵州-遵义"】

2024-01-13 00:38:39 开始第 8661 次操作

2024-01-13 00:38:39 开始操作号码 【1868554】
2024-01-13 00:38:42 GSD getOne 第 1 次 等待 3 秒
2024-01-13 00:38:45 查询号码 【1868554】，返回信息 {"status":"ok","msg":"贵州-遵义","gid":"41339","time_insert":"2014-06-13 09:40","time_update":"2020-11-23 11:42"}
2024-01-13 00:38:46 查询号码 【1868554】，GSD为【"贵州-遵义"】

2024-01-13 00:38:47 开始第 8662 次操作

2024-01-13 00:38:47 开始操作号码 【1868555】
2024-01-13 00:38:53 GSD getOne 第 1 次 等待 3 秒
2024-01-13 00:38:56 查询号码 【1868555】，返回信息 {"status":"ok","msg":"贵州-黔东南","gid":"424931","time_insert":"2021-07-28 14:55"}
2024-01-13 00:38:56 查询号码 【1868555】，GSD为【"贵州-黔东南"】

2024-01-13 00:38:57 开始第 8663 次操作

2024-01-13 00:38:57 开始操作号码 【1868556】
2024-01-13 00:39:02 GSD getOne 第 1 次 等待 3 秒
2024-01-13 00:39:05 查询号码 【1868556】，返回信息 {"status":"ok","msg":"贵州-黔东南","gid":"424924","time_insert":"2021-07-28 14:54"}
2024-01-13 00:39:05 查询号码 【1868556】，GSD为【"贵州-黔东南"】

2024-01-13 00:39:06 开始第 8664 次操作

2024-01-13 00:39:06 开始操作号码 【1868557】
2024-01-13 00:39:10 GSD getOne 第 1 次 等待 3 秒
2024-01-13 00:39:13 查询号码 【1868557】，返回信息 {"status":"ok","msg":"贵州-黔东南","gid":"424787","time_insert":"2021-07-28 14:03"}
2024-01-13 00:39:13 查询号码 【1868557】，GSD为【"贵州-黔东南"】

2024-01-13 01:09:46 开始第 8665 次操作

2024-01-13 01:09:46 开始操作号码 【1868558】
2024-01-13 01:09:52 GSD getOne 第 1 次 等待 3 秒
2024-01-13 01:09:55 查询号码 【1868558】，返回信息 {"status":"ok","msg":"贵州-黔东南","gid":"41340","time_insert":"2018-06-04 09:52","time_update":"2020-11-23 11:43"}
2024-01-13 01:09:55 查询号码 【1868558】，GSD为【"贵州-黔东南"】

2024-01-13 01:09:56 开始第 8666 次操作

2024-01-13 01:09:56 开始操作号码 【1868559】
2024-01-13 01:09:59 GSD getOne 第 1 次 等待 3 秒
2024-01-13 01:10:02 查询号码 【1868559】，返回信息 {"status":"ok","msg":"贵州-黔东南","gid":"424778","time_insert":"2021-07-28 14:02"}
2024-01-13 01:10:02 查询号码 【1868559】，GSD为【"贵州-黔东南"】

2024-01-13 01:10:03 开始第 8667 次操作

2024-01-13 01:10:03 开始操作号码 【1868560】
2024-01-13 01:10:10 GSD getOne 第 1 次 等待 3 秒
2024-01-13 01:10:13 查询号码 【1868560】，返回信息 {"status":"ok","msg":"贵州-铜仁","gid":"41341","time_insert":"2017-05-11 09:33","time_update":"2020-11-23 11:47"}
2024-01-13 01:10:13 查询号码 【1868560】，GSD为【"贵州-铜仁"】

2024-01-13 01:10:14 开始第 8668 次操作

2024-01-13 01:10:14 开始操作号码 【1868561】
2024-01-13 01:10:17 GSD getOne 第 1 次 等待 3 秒
2024-01-13 01:10:20 查询号码 【1868561】，返回信息 {"status":"ok","msg":"贵州-遵义","gid":"424768","time_insert":"2021-07-28 14:01"}
2024-01-13 01:10:20 查询号码 【1868561】，GSD为【"贵州-遵义"】

2024-01-13 01:34:10 开始第 8669 次操作

2024-01-13 01:34:10 开始操作号码 【1868562】
2024-01-13 01:34:13 GSD getOne 第 1 次 等待 3 秒
2024-01-13 01:34:16 查询号码 【1868562】，返回信息 {"status":"ok","msg":"贵州-遵义","gid":"41342","time_insert":"2017-07-01 09:01","time_update":"2020-11-23 11:51"}
2024-01-13 01:34:16 查询号码 【1868562】，GSD为【"贵州-遵义"】

2024-01-13 01:34:17 开始第 8670 次操作

2024-01-13 01:34:17 开始操作号码 【1868563】
2024-01-13 01:34:20 GSD getOne 第 1 次 等待 3 秒
2024-01-13 01:34:23 查询号码 【1868563】，返回信息 {"status":"ok","msg":"贵州-遵义","gid":"424757","time_insert":"2021-07-28 14:01"}
2024-01-13 01:34:23 查询号码 【1868563】，GSD为【"贵州-遵义"】

2024-01-13 01:34:24 开始第 8671 次操作

2024-01-13 01:34:24 开始操作号码 【1868564】
2024-01-13 01:34:30 GSD getOne 第 1 次 等待 3 秒
2024-01-13 01:34:33 查询号码 【1868564】，返回信息 {"status":"ok","msg":"贵州-遵义","gid":"41343","time_insert":"2017-09-10 17:28","time_update":"2021-06-19 01:49"}
2024-01-13 01:34:33 查询号码 【1868564】，GSD为【"贵州-遵义"】

2024-01-13 01:34:34 开始第 8672 次操作

2024-01-13 01:34:34 开始操作号码 【1868565】
2024-01-13 01:34:37 GSD getOne 第 1 次 等待 3 秒
2024-01-13 01:34:40 查询号码 【1868565】，返回信息 {"status":"ok","msg":"贵州-铜仁","gid":"41344","time_insert":"2019-05-24 10:36","time_update":"2020-11-23 11:59"}
2024-01-13 01:34:40 查询号码 【1868565】，GSD为【"贵州-铜仁"】

2024-01-13 02:13:46 开始第 8673 次操作

2024-01-13 02:13:46 开始操作号码 【1868566】
2024-01-13 02:13:49 GSD getOne 第 1 次 等待 3 秒
2024-01-13 02:13:52 查询号码 【1868566】，返回信息 {"status":"ok","msg":"贵州-铜仁","gid":"424745","time_insert":"2021-07-28 14:00"}
2024-01-13 02:13:52 查询号码 【1868566】，GSD为【"贵州-铜仁"】

2024-01-13 02:13:53 开始第 8674 次操作

2024-01-13 02:13:53 开始操作号码 【1868567】
2024-01-13 02:13:58 GSD getOne 第 1 次 等待 3 秒
2024-01-13 02:14:01 查询号码 【1868567】，返回信息 {"status":"ok","msg":"贵州-铜仁","gid":"424738","time_insert":"2021-07-28 13:59"}
2024-01-13 02:14:01 查询号码 【1868567】，GSD为【"贵州-铜仁"】

2024-01-13 02:14:02 开始第 8675 次操作

2024-01-13 02:14:02 开始操作号码 【1868568】
2024-01-13 02:14:05 GSD getOne 第 1 次 等待 3 秒
2024-01-13 02:14:08 查询号码 【1868568】，返回信息 {"status":"ok","msg":"贵州-铜仁","gid":"424731","time_insert":"2021-07-28 13:59"}
2024-01-13 02:14:08 查询号码 【1868568】，GSD为【"贵州-铜仁"】

2024-01-13 02:14:09 开始第 8676 次操作

2024-01-13 02:14:09 开始操作号码 【1868569】
2024-01-13 02:14:12 GSD getOne 第 1 次 等待 3 秒
2024-01-13 02:14:15 查询号码 【1868569】，返回信息 {"status":"ok","msg":"贵州-铜仁","gid":"424723","time_insert":"2021-07-28 13:58"}
2024-01-13 02:14:15 查询号码 【1868569】，GSD为【"贵州-铜仁"】

2024-01-13 02:35:31 开始第 8677 次操作

2024-01-13 02:35:31 开始操作号码 【1868570】
2024-01-13 02:35:35 GSD getOne 第 1 次 等待 3 秒
2024-01-13 02:35:38 查询号码 【1868570】，返回信息 {"status":"ok","msg":"贵州-黔东南","gid":"424717","time_insert":"2021-07-28 13:57"}
2024-01-13 02:35:38 查询号码 【1868570】，GSD为【"贵州-黔东南"】

2024-01-13 02:35:39 开始第 8678 次操作

2024-01-13 02:35:39 开始操作号码 【1868571】
2024-01-13 02:35:42 GSD getOne 第 1 次 等待 3 秒
2024-01-13 02:35:45 查询号码 【1868571】，返回信息 {"status":"ok","msg":"贵州-毕节","gid":"41345","time_insert":"2015-10-24 16:12","time_update":"2020-11-23 12:04"}
2024-01-13 02:35:45 查询号码 【1868571】，GSD为【"贵州-毕节"】

2024-01-13 02:35:46 开始第 8679 次操作

2024-01-13 02:35:46 开始操作号码 【1868572】
2024-01-13 02:35:49 GSD getOne 第 1 次 等待 3 秒
2024-01-13 02:35:52 查询号码 【1868572】，返回信息 {"status":"ok","msg":"贵州-毕节","gid":"41346","time_insert":"2018-02-02 13:19","time_update":"2020-11-23 12:08"}
2024-01-13 02:35:52 查询号码 【1868572】，GSD为【"贵州-毕节"】

2024-01-13 02:35:53 开始第 8680 次操作

2024-01-13 02:35:53 开始操作号码 【1868573】
2024-01-13 02:35:57 GSD getOne 第 1 次 等待 3 秒
2024-01-13 02:36:00 查询号码 【1868573】，返回信息 {"status":"ok","msg":"贵州-毕节","gid":"424709","time_insert":"2021-07-28 13:57"}
2024-01-13 02:36:00 查询号码 【1868573】，GSD为【"贵州-毕节"】

2024-01-13 03:08:51 开始第 8681 次操作

2024-01-13 03:08:51 开始操作号码 【1868574】
2024-01-13 03:08:55 GSD getOne 第 1 次 等待 3 秒
2024-01-13 03:08:58 查询号码 【1868574】，返回信息 {"status":"ok","msg":"贵州-毕节","gid":"41347","time_insert":"2017-09-07 00:00","time_update":"2020-11-23 12:11"}
2024-01-13 03:08:58 查询号码 【1868574】，GSD为【"贵州-毕节"】

2024-01-13 03:08:59 开始第 8682 次操作

2024-01-13 03:08:59 开始操作号码 【1868575】
2024-01-13 03:09:02 GSD getOne 第 1 次 等待 3 秒
2024-01-13 03:09:05 查询号码 【1868575】，返回信息 {"status":"ok","msg":"贵州-毕节","gid":"424699","time_insert":"2021-07-28 13:56"}
2024-01-13 03:09:05 查询号码 【1868575】，GSD为【"贵州-毕节"】

2024-01-13 03:09:06 开始第 8683 次操作

2024-01-13 03:09:06 开始操作号码 【1868576】
2024-01-13 03:09:09 GSD getOne 第 1 次 等待 3 秒
2024-01-13 03:09:12 查询号码 【1868576】，返回信息 {"status":"ok","msg":"贵州-毕节","gid":"424692","time_insert":"2021-07-28 13:55"}
2024-01-13 03:09:12 查询号码 【1868576】，GSD为【"贵州-毕节"】

2024-01-13 03:09:13 开始第 8684 次操作

2024-01-13 03:09:13 开始操作号码 【1868577】
2024-01-13 03:09:16 GSD getOne 第 1 次 等待 3 秒
2024-01-13 03:09:19 查询号码 【1868577】，返回信息 {"status":"ok","msg":"贵州-毕节","gid":"424686","time_insert":"2021-07-28 13:55"}
2024-01-13 03:09:19 查询号码 【1868577】，GSD为【"贵州-毕节"】

2024-01-13 03:34:18 开始第 8685 次操作

2024-01-13 03:34:18 开始操作号码 【1868578】
2024-01-13 03:34:21 GSD getOne 第 1 次 等待 3 秒
2024-01-13 03:34:24 查询号码 【1868578】，返回信息 {"status":"ok","msg":"贵州-毕节","gid":"51618","time_insert":"2021-04-22 10:02"}
2024-01-13 03:34:24 查询号码 【1868578】，GSD为【"贵州-毕节"】

2024-01-13 03:34:25 开始第 8686 次操作

2024-01-13 03:34:25 开始操作号码 【1868579】
2024-01-13 03:34:28 GSD getOne 第 1 次 等待 3 秒
2024-01-13 03:34:31 查询号码 【1868579】，返回信息 {"status":"ok","msg":"贵州-毕节","gid":"41348","time_insert":"2017-04-20 15:10","time_update":"2020-11-23 12:14"}
2024-01-13 03:34:31 查询号码 【1868579】，GSD为【"贵州-毕节"】

2024-01-13 03:34:32 开始第 8687 次操作

2024-01-13 03:34:32 开始操作号码 【1868580】
2024-01-13 03:34:35 GSD getOne 第 1 次 等待 3 秒
2024-01-13 03:34:38 查询号码 【1868580】，返回信息 {"status":"ok","msg":"贵州-六盘水","gid":"41349","time_insert":"2016-12-30 11:26","time_update":"2020-11-23 12:18"}
2024-01-13 03:34:38 查询号码 【1868580】，GSD为【"贵州-六盘水"】

2024-01-13 03:34:39 开始第 8688 次操作

2024-01-13 03:34:39 开始操作号码 【1868581】
2024-01-13 03:34:42 GSD getOne 第 1 次 等待 3 秒
2024-01-13 03:34:45 查询号码 【1868581】，返回信息 {"status":"ok","msg":"贵州-六盘水","gid":"41350","time_insert":"2018-08-17 06:51","time_update":"2020-11-23 12:21"}
2024-01-13 03:34:45 查询号码 【1868581】，GSD为【"贵州-六盘水"】

2024-01-13 04:11:41 开始第 8689 次操作

2024-01-13 04:11:41 开始操作号码 【1868582】
2024-01-13 04:11:45 GSD getOne 第 1 次 等待 3 秒
2024-01-13 04:11:48 查询号码 【1868582】，返回信息 {"status":"ok","msg":"贵州-六盘水","gid":"424670","time_insert":"2021-07-28 13:54"}
2024-01-13 04:11:48 查询号码 【1868582】，GSD为【"贵州-六盘水"】

2024-01-13 04:11:49 开始第 8690 次操作

2024-01-13 04:11:49 开始操作号码 【1868583】
2024-01-13 04:11:52 GSD getOne 第 1 次 等待 3 秒
2024-01-13 04:11:55 查询号码 【1868583】，返回信息 {"status":"ok","msg":"贵州-六盘水","gid":"41351","time_insert":"2017-12-27 11:54","time_update":"2020-11-23 12:26"}
2024-01-13 04:11:55 查询号码 【1868583】，GSD为【"贵州-六盘水"】

2024-01-13 04:11:56 开始第 8691 次操作

2024-01-13 04:11:56 开始操作号码 【1868584】
2024-01-13 04:11:59 GSD getOne 第 1 次 等待 3 秒
2024-01-13 04:12:02 查询号码 【1868584】，返回信息 {"status":"ok","msg":"贵州-六盘水","gid":"424662","time_insert":"2021-07-28 13:53"}
2024-01-13 04:12:02 查询号码 【1868584】，GSD为【"贵州-六盘水"】

2024-01-13 04:12:03 开始第 8692 次操作

2024-01-13 04:12:03 开始操作号码 【1868585】
2024-01-13 04:12:06 GSD getOne 第 1 次 等待 3 秒
2024-01-13 04:12:09 查询号码 【1868585】，返回信息 {"status":"ok","msg":"贵州-六盘水","gid":"41352","time_insert":"2016-11-29 13:14","time_update":"2020-11-23 12:31"}
2024-01-13 04:12:09 查询号码 【1868585】，GSD为【"贵州-六盘水"】

