2024-12-13 00:29:02 开始第 9309 次操作

2024-12-13 00:29:02 开始操作号码 【1329308】
2024-12-13 00:29:03 GSD getOne 第 1 次 等待 3 秒
2024-12-13 00:29:06 查询号码 【1329308】，返回信息 {"status":"ok","msg":"河北-邯郸","gid":"2661","time_insert":"2015-06-15 14:37","time_update":"2020-08-17 10:07"}
2024-12-13 00:29:06 查询号码 【1329308】，GSD为【"河北-邯郸"】

2024-12-13 00:29:07 开始第 9310 次操作

2024-12-13 00:29:07 开始操作号码 【1329309】
2024-12-13 00:29:08 GSD getOne 第 1 次 等待 3 秒
2024-12-13 00:29:11 查询号码 【1329309】，返回信息 {"status":"ok","msg":"河北-邯郸","gid":"206068","time_insert":"2021-07-06 13:09"}
2024-12-13 00:29:11 查询号码 【1329309】，GSD为【"河北-邯郸"】

2024-12-13 00:29:12 开始第 9311 次操作

2024-12-13 00:29:12 开始操作号码 【1329310】
2024-12-13 00:29:13 GSD getOne 第 1 次 等待 3 秒
2024-12-13 00:29:16 查询号码 【1329310】，返回信息 {"status":"ok","msg":"河北-邢台","gid":"206061","time_insert":"2021-07-06 13:08"}
2024-12-13 00:29:16 查询号码 【1329310】，GSD为【"河北-邢台"】

2024-12-13 00:29:17 开始第 9312 次操作

2024-12-13 00:29:17 开始操作号码 【1329311】
2024-12-13 00:29:18 GSD getOne 第 1 次 等待 3 秒
2024-12-13 00:29:21 查询号码 【1329311】，返回信息 {"status":"ok","msg":"河北-邢台","gid":"206057","time_insert":"2021-07-06 13:08"}
2024-12-13 00:29:21 查询号码 【1329311】，GSD为【"河北-邢台"】

