2023-09-27 00:13:23 开始第 117 次操作

2023-09-27 00:13:23 开始操作号码 【1960116】
2023-09-27 00:13:28 GSD getOne 第 1 次 等待 3 秒
2023-09-27 00:13:31 查询号码 【1960116】，返回信息 {"status":"ok","msg":"北京-北京","gid":"535557","time_insert":"2023-02-17 10:37"}
2023-09-27 00:13:31 查询号码 【1960116】，GSD为【"北京-北京"】

2023-09-27 00:13:32 开始第 118 次操作

2023-09-27 00:13:32 开始操作号码 【1960117】
2023-09-27 00:13:34 GSD getOne 第 1 次 等待 3 秒
2023-09-27 00:13:37 查询号码 【1960117】，返回信息 {"status":"ok","msg":"北京-北京","gid":"535574","time_insert":"2023-02-17 10:51"}
2023-09-27 00:13:37 查询号码 【1960117】，GSD为【"北京-北京"】

2023-09-27 00:13:38 开始第 119 次操作

2023-09-27 00:13:38 开始操作号码 【1960118】
2023-09-27 00:13:42 GSD getOne 第 1 次 等待 3 秒
2023-09-27 00:13:45 查询号码 【1960118】，返回信息 {"status":"ok","msg":"北京-北京","gid":"535604","time_insert":"2023-02-17 11:14"}
2023-09-27 00:13:46 查询号码 【1960118】，GSD为【"北京-北京"】

2023-09-27 00:13:47 开始第 120 次操作

2023-09-27 00:13:47 开始操作号码 【1960119】
2023-09-27 00:13:48 GSD getOne 第 1 次 等待 3 秒
2023-09-27 00:13:51 查询号码 【1960119】，返回信息 {"status":"ok","msg":"北京-北京","gid":"535608","time_insert":"2023-02-17 11:16"}
2023-09-27 00:13:51 查询号码 【1960119】，GSD为【"北京-北京"】

2023-09-27 00:37:39 开始第 121 次操作

2023-09-27 00:37:39 开始操作号码 【1960120】
2023-09-27 00:37:45 GSD getOne 第 1 次 等待 3 秒
2023-09-27 00:37:48 查询号码 【1960120】，返回信息 {"status":"ok","msg":"-","gid":"535628","time_insert":"2023-02-17 11:33"}
2023-09-27 00:37:48 查询号码 【1960120】，GSD为【"-"】
2023-09-27 00:37:48 ok && -
2023-09-27 00:37:50 CHB 1960120?1695746268 第 1 次 等待 3 秒
2023-09-27 00:37:53 CHB 1960120?1695746268 第 1 次 获取到号码【1960120】GSD
2023-09-27 00:37:54 未获取到号码【1960120】GSD，可能号码格式错误
2023-09-27 00:37:54 获取到号码【1960120】的GSD为【-】
2023-09-27 00:37:55 GSD insert 第 1 次 等待 3 秒
2023-09-27 00:37:58 {"status":"bad","gid":"535628","msg":"添加失败！号码【1960120(-|-)】已存在！"}
2023-09-27 00:37:58 随机等待 129 秒，约 2 分钟
2023-09-27 00:37:58 下次操作: 2023-09-27 00:40:07

2023-09-27 00:40:07 开始第 122 次操作

2023-09-27 00:40:07 开始操作号码 【1960121】
2023-09-27 00:40:09 GSD getOne 第 1 次 等待 3 秒
2023-09-27 00:40:12 查询号码 【1960121】，返回信息 {"status":"ok","msg":"-","gid":"535643","time_insert":"2023-02-17 11:43"}
2023-09-27 00:40:12 查询号码 【1960121】，GSD为【"-"】
2023-09-27 00:40:12 ok && -
2023-09-27 00:40:14 CHB 1960121?1695746412 第 1 次 等待 3 秒
2023-09-27 00:40:17 CHB 1960121?1695746412 第 1 次 获取到号码【1960121】GSD
2023-09-27 00:40:17 未获取到号码【1960121】GSD，可能号码格式错误
2023-09-27 00:40:17 获取到号码【1960121】的GSD为【-】
2023-09-27 00:40:19 GSD insert 第 1 次 等待 3 秒
2023-09-27 00:40:22 {"status":"bad","gid":"535643","msg":"添加失败！号码【1960121(-|-)】已存在！"}
2023-09-27 00:40:22 随机等待 97 秒，约 1 分钟
2023-09-27 00:40:22 下次操作: 2023-09-27 00:41:59

2023-09-27 00:41:59 开始第 123 次操作

2023-09-27 00:41:59 开始操作号码 【1960122】
2023-09-27 00:42:02 GSD getOne 第 1 次 等待 3 秒
2023-09-27 00:42:05 查询号码 【1960122】，返回信息 {"status":"ok","msg":"-","gid":"535652","time_insert":"2023-02-17 11:52"}
2023-09-27 00:42:05 查询号码 【1960122】，GSD为【"-"】
2023-09-27 00:42:05 ok && -
2023-09-27 00:42:07 CHB 1960122?1695746525 第 1 次 等待 3 秒
2023-09-27 00:42:10 CHB 1960122?1695746525 第 1 次 获取到号码【1960122】GSD
2023-09-27 00:42:10 未获取到号码【1960122】GSD，可能号码格式错误
2023-09-27 00:42:10 获取到号码【1960122】的GSD为【-】
2023-09-27 00:42:14 GSD insert 第 1 次 等待 3 秒
2023-09-27 00:42:17 {"status":"bad","gid":"535652","msg":"添加失败！号码【1960122(-|-)】已存在！"}
2023-09-27 00:42:17 随机等待 219 秒，约 3 分钟
2023-09-27 00:42:17 下次操作: 2023-09-27 00:45:56

2023-09-27 00:45:56 开始第 124 次操作

2023-09-27 00:45:56 开始操作号码 【1960123】
2023-09-27 00:45:59 GSD getOne 第 1 次 等待 3 秒
2023-09-27 00:46:02 查询号码 【1960123】，返回信息 {"status":"ok","msg":"-","gid":"535679","time_insert":"2023-02-17 12:11"}
2023-09-27 00:46:02 查询号码 【1960123】，GSD为【"-"】
2023-09-27 00:46:02 ok && -
2023-09-27 00:46:04 CHB 1960123?1695746762 第 1 次 等待 3 秒
2023-09-27 00:46:07 CHB 1960123?1695746762 第 1 次 获取到号码【1960123】GSD
2023-09-27 00:46:07 未获取到号码【1960123】GSD，可能号码格式错误
2023-09-27 00:46:07 获取到号码【1960123】的GSD为【-】
2023-09-27 00:46:13 GSD insert 第 1 次 等待 3 秒
2023-09-27 00:46:16 {"status":"bad","gid":"535679","msg":"添加失败！号码【1960123(-|-)】已存在！"}

