2023-10-17 00:13:59 开始第 3585 次操作

2023-10-17 00:13:59 开始操作号码 【1963489】
2023-10-17 00:14:02 GSD getOne 第 1 次 等待 3 秒
2023-10-17 00:14:05 查询号码 【1963489】，返回信息 {"status":"ok","msg":"-","gid":"556634","time_insert":"2023-02-26 15:50"}
2023-10-17 00:14:05 查询号码 【1963489】，GSD为【"-"】
2023-10-17 00:14:05 ok && -
2023-10-17 00:14:11 CHB 1963489?1697472845 第 1 次 等待 3 秒
2023-10-17 00:14:14 CHB 1963489?1697472845 第 1 次 获取到号码【1963489】GSD
2023-10-17 00:14:14 未获取到号码【1963489】GSD，可能号码格式错误
2023-10-17 00:14:14 获取到号码【1963489】的GSD为【-】
2023-10-17 00:14:17 GSD insert 第 1 次 等待 3 秒
2023-10-17 00:14:20 {"status":"bad","gid":"556634","msg":"添加失败！号码【1963489(-|-)】已存在！"}
2023-10-17 00:14:20 随机等待 111 秒，约 1 分钟
2023-10-17 00:14:20 下次操作: 2023-10-17 00:16:11

2023-10-17 00:16:11 开始第 3586 次操作

2023-10-17 00:16:11 开始操作号码 【1963490】
2023-10-17 00:16:15 GSD getOne 第 1 次 等待 3 秒
2023-10-17 00:16:18 查询号码 【1963490】，返回信息 {"status":"ok","msg":"-","gid":"556640","time_insert":"2023-02-26 15:53"}
2023-10-17 00:16:18 查询号码 【1963490】，GSD为【"-"】
2023-10-17 00:16:18 ok && -
2023-10-17 00:16:20 CHB 1963490?1697472978 第 1 次 等待 3 秒
2023-10-17 00:16:23 CHB 1963490?1697472978 第 1 次 获取到号码【1963490】GSD
2023-10-17 00:16:23 未获取到号码【1963490】GSD，可能号码格式错误
2023-10-17 00:16:23 获取到号码【1963490】的GSD为【-】
2023-10-17 00:16:27 GSD insert 第 1 次 等待 3 秒
2023-10-17 00:16:30 {"status":"bad","gid":"556640","msg":"添加失败！号码【1963490(-|-)】已存在！"}
2023-10-17 00:16:30 随机等待 182 秒，约 3 分钟
2023-10-17 00:16:30 下次操作: 2023-10-17 00:19:32

2023-10-17 00:19:32 开始第 3587 次操作

2023-10-17 00:19:32 开始操作号码 【1963491】
2023-10-17 00:19:35 GSD getOne 第 1 次 等待 3 秒
2023-10-17 00:19:38 查询号码 【1963491】，返回信息 {"status":"ok","msg":"-","gid":"556647","time_insert":"2023-02-26 15:55"}
2023-10-17 00:19:38 查询号码 【1963491】，GSD为【"-"】
2023-10-17 00:19:38 ok && -
2023-10-17 00:19:41 CHB 1963491?1697473178 第 1 次 等待 3 秒
2023-10-17 00:19:44 CHB 1963491?1697473178 第 1 次 获取到号码【1963491】GSD
2023-10-17 00:19:44 未获取到号码【1963491】GSD，可能号码格式错误
2023-10-17 00:19:44 获取到号码【1963491】的GSD为【-】
2023-10-17 00:19:48 GSD insert 第 1 次 等待 3 秒
2023-10-17 00:19:51 {"status":"bad","gid":"556647","msg":"添加失败！号码【1963491(-|-)】已存在！"}
2023-10-17 00:19:51 随机等待 104 秒，约 1 分钟
2023-10-17 00:19:51 下次操作: 2023-10-17 00:21:35

2023-10-17 00:21:35 开始第 3588 次操作

2023-10-17 00:21:35 开始操作号码 【1963492】
2023-10-17 00:21:38 GSD getOne 第 1 次 等待 3 秒
2023-10-17 00:21:41 查询号码 【1963492】，返回信息 {"status":"ok","msg":"-","gid":"556650","time_insert":"2023-02-26 15:57"}
2023-10-17 00:21:41 查询号码 【1963492】，GSD为【"-"】
2023-10-17 00:21:41 ok && -
2023-10-17 00:21:43 CHB 1963492?1697473301 第 1 次 等待 3 秒
2023-10-17 00:21:46 CHB 1963492?1697473301 第 1 次 获取到号码【1963492】GSD
2023-10-17 00:21:46 未获取到号码【1963492】GSD，可能号码格式错误
2023-10-17 00:21:46 获取到号码【1963492】的GSD为【-】
2023-10-17 00:21:49 GSD insert 第 1 次 等待 3 秒
2023-10-17 00:21:52 {"status":"bad","gid":"556650","msg":"添加失败！号码【1963492(-|-)】已存在！"}

2023-10-17 00:38:38 开始第 3589 次操作

2023-10-17 00:38:38 开始操作号码 【1963493】
2023-10-17 00:38:41 GSD getOne 第 1 次 等待 3 秒
2023-10-17 00:38:44 查询号码 【1963493】，返回信息 {"status":"ok","msg":"-","gid":"556654","time_insert":"2023-02-26 15:59"}
2023-10-17 00:38:44 查询号码 【1963493】，GSD为【"-"】
2023-10-17 00:38:44 ok && -
2023-10-17 00:38:46 CHB 1963493?1697474324 第 1 次 等待 3 秒
2023-10-17 00:38:49 CHB 1963493?1697474324 第 1 次 获取到号码【1963493】GSD
2023-10-17 00:38:49 未获取到号码【1963493】GSD，可能号码格式错误
2023-10-17 00:38:49 获取到号码【1963493】的GSD为【-】
2023-10-17 00:38:54 GSD insert 第 1 次 等待 3 秒
2023-10-17 00:38:57 {"status":"bad","gid":"556654","msg":"添加失败！号码【1963493(-|-)】已存在！"}
2023-10-17 00:38:57 随机等待 107 秒，约 1 分钟
2023-10-17 00:38:57 下次操作: 2023-10-17 00:40:44

2023-10-17 00:40:44 开始第 3590 次操作

2023-10-17 00:40:44 开始操作号码 【1963494】
2023-10-17 00:40:54 GSD getOne 第 1 次 等待 3 秒
2023-10-17 00:40:57 查询号码 【1963494】，返回信息 {"status":"ok","msg":"-","gid":"556670","time_insert":"2023-02-26 16:12"}
2023-10-17 00:40:57 查询号码 【1963494】，GSD为【"-"】
2023-10-17 00:40:57 ok && -
2023-10-17 00:40:58 CHB 1963494?1697474457 第 1 次 等待 3 秒
2023-10-17 00:41:01 CHB 1963494?1697474457 第 1 次 获取到号码【1963494】GSD
2023-10-17 00:41:02 未获取到号码【1963494】GSD，可能号码格式错误
2023-10-17 00:41:02 获取到号码【1963494】的GSD为【-】
2023-10-17 00:41:11 GSD insert 第 1 次 等待 3 秒
2023-10-17 00:41:14 {"status":"bad","gid":"556670","msg":"添加失败！号码【1963494(-|-)】已存在！"}
2023-10-17 00:41:14 随机等待 96 秒，约 1 分钟
2023-10-17 00:41:14 下次操作: 2023-10-17 00:42:50

2023-10-17 00:42:50 开始第 3591 次操作

2023-10-17 00:42:50 开始操作号码 【1963495】
2023-10-17 00:42:52 GSD getOne 第 1 次 等待 3 秒
2023-10-17 00:42:55 查询号码 【1963495】，返回信息 {"status":"ok","msg":"-","gid":"556674","time_insert":"2023-02-26 16:13"}
2023-10-17 00:42:55 查询号码 【1963495】，GSD为【"-"】
2023-10-17 00:42:55 ok && -
2023-10-17 00:42:57 CHB 1963495?1697474575 第 1 次 等待 3 秒
2023-10-17 00:43:00 CHB 1963495?1697474575 第 1 次 获取到号码【1963495】GSD
2023-10-17 00:43:00 未获取到号码【1963495】GSD，可能号码格式错误
2023-10-17 00:43:00 获取到号码【1963495】的GSD为【-】
2023-10-17 00:43:02 GSD insert 第 1 次 等待 3 秒
2023-10-17 00:43:05 {"status":"bad","gid":"556674","msg":"添加失败！号码【1963495(-|-)】已存在！"}
2023-10-17 00:43:05 随机等待 72 秒，约 1 分钟
2023-10-17 00:43:05 下次操作: 2023-10-17 00:44:17

2023-10-17 00:44:17 开始第 3592 次操作

2023-10-17 00:44:17 开始操作号码 【1963496】
2023-10-17 00:44:20 GSD getOne 第 1 次 等待 3 秒
2023-10-17 00:44:23 查询号码 【1963496】，返回信息 {"status":"ok","msg":"-","gid":"556681","time_insert":"2023-02-26 16:16"}
2023-10-17 00:44:23 查询号码 【1963496】，GSD为【"-"】
2023-10-17 00:44:23 ok && -
2023-10-17 00:44:25 CHB 1963496?1697474663 第 1 次 等待 3 秒
2023-10-17 00:44:28 CHB 1963496?1697474663 第 1 次 获取到号码【1963496】GSD
2023-10-17 00:44:28 未获取到号码【1963496】GSD，可能号码格式错误
2023-10-17 00:44:28 获取到号码【1963496】的GSD为【-】
2023-10-17 00:44:30 GSD insert 第 1 次 等待 3 秒
2023-10-17 00:44:33 {"status":"bad","gid":"556681","msg":"添加失败！号码【1963496(-|-)】已存在！"}

2023-10-17 01:09:47 开始第 3593 次操作

2023-10-17 01:09:47 开始操作号码 【1963497】
2023-10-17 01:09:50 GSD getOne 第 1 次 等待 3 秒
2023-10-17 01:09:53 查询号码 【1963497】，返回信息 {"status":"ok","msg":"-","gid":"556685","time_insert":"2023-02-26 16:19"}
2023-10-17 01:09:53 查询号码 【1963497】，GSD为【"-"】
2023-10-17 01:09:53 ok && -
2023-10-17 01:09:55 CHB 1963497?1697476193 第 1 次 等待 3 秒
2023-10-17 01:09:58 CHB 1963497?1697476193 第 1 次 获取到号码【1963497】GSD
2023-10-17 01:09:58 未获取到号码【1963497】GSD，可能号码格式错误
2023-10-17 01:09:58 获取到号码【1963497】的GSD为【-】
2023-10-17 01:10:00 GSD insert 第 1 次 等待 3 秒
2023-10-17 01:10:03 {"status":"bad","gid":"556685","msg":"添加失败！号码【1963497(-|-)】已存在！"}
2023-10-17 01:10:03 随机等待 211 秒，约 3 分钟
2023-10-17 01:10:03 下次操作: 2023-10-17 01:13:34

2023-10-17 01:13:34 开始第 3594 次操作

2023-10-17 01:13:34 开始操作号码 【1963498】
2023-10-17 01:13:38 GSD getOne 第 1 次 等待 3 秒
2023-10-17 01:13:41 查询号码 【1963498】，返回信息 {"status":"ok","msg":"-","gid":"556701","time_insert":"2023-02-26 16:32"}
2023-10-17 01:13:41 查询号码 【1963498】，GSD为【"-"】
2023-10-17 01:13:41 ok && -
2023-10-17 01:13:42 CHB 1963498?1697476421 第 1 次 等待 3 秒
2023-10-17 01:13:45 CHB 1963498?1697476421 第 1 次 获取到号码【1963498】GSD
2023-10-17 01:13:46 未获取到号码【1963498】GSD，可能号码格式错误
2023-10-17 01:13:46 获取到号码【1963498】的GSD为【-】
2023-10-17 01:13:49 GSD insert 第 1 次 等待 3 秒
2023-10-17 01:13:52 {"status":"bad","gid":"556701","msg":"添加失败！号码【1963498(-|-)】已存在！"}
2023-10-17 01:13:52 随机等待 178 秒，约 2 分钟
2023-10-17 01:13:52 下次操作: 2023-10-17 01:16:50

2023-10-17 01:16:50 开始第 3595 次操作

2023-10-17 01:16:50 开始操作号码 【1963499】
2023-10-17 01:16:52 GSD getOne 第 1 次 等待 3 秒
2023-10-17 01:16:55 查询号码 【1963499】，返回信息 {"status":"ok","msg":"-","gid":"556704","time_insert":"2023-02-26 16:34"}
2023-10-17 01:16:55 查询号码 【1963499】，GSD为【"-"】
2023-10-17 01:16:55 ok && -
2023-10-17 01:16:57 CHB 1963499?1697476615 第 1 次 等待 3 秒
2023-10-17 01:17:00 CHB 1963499?1697476615 第 1 次 获取到号码【1963499】GSD
2023-10-17 01:17:00 未获取到号码【1963499】GSD，可能号码格式错误
2023-10-17 01:17:00 获取到号码【1963499】的GSD为【-】
2023-10-17 01:17:03 GSD insert 第 1 次 等待 3 秒
2023-10-17 01:17:06 {"status":"bad","gid":"556704","msg":"添加失败！号码【1963499(-|-)】已存在！"}
2023-10-17 01:17:06 随机等待 77 秒，约 1 分钟
2023-10-17 01:17:06 下次操作: 2023-10-17 01:18:23

2023-10-17 01:18:23 开始第 3596 次操作

2023-10-17 01:18:23 开始操作号码 【1963500】
2023-10-17 01:18:26 GSD getOne 第 1 次 等待 3 秒
2023-10-17 01:18:29 查询号码 【1963500】，返回信息 {"status":"ok","msg":"山西-忻州","gid":"556708","time_insert":"2023-02-26 16:36"}
2023-10-17 01:18:29 查询号码 【1963500】，GSD为【"山西-忻州"】

2023-10-17 01:34:26 开始第 3597 次操作

2023-10-17 01:34:26 开始操作号码 【1963501】
2023-10-17 01:34:29 GSD getOne 第 1 次 等待 3 秒
2023-10-17 01:34:32 查询号码 【1963501】，返回信息 {"status":"ok","msg":"山西-太原","gid":"556711","time_insert":"2023-02-26 16:37"}
2023-10-17 01:34:32 查询号码 【1963501】，GSD为【"山西-太原"】

2023-10-17 01:34:33 开始第 3598 次操作

2023-10-17 01:34:33 开始操作号码 【1963502】
2023-10-17 01:34:37 GSD getOne 第 1 次 等待 3 秒
2023-10-17 01:34:40 查询号码 【1963502】，返回信息 {"status":"ok","msg":"山西-大同","gid":"556722","time_insert":"2023-02-26 16:43"}
2023-10-17 01:34:40 查询号码 【1963502】，GSD为【"山西-大同"】

2023-10-17 01:34:41 开始第 3599 次操作

2023-10-17 01:34:41 开始操作号码 【1963503】
2023-10-17 01:34:44 GSD getOne 第 1 次 等待 3 秒
2023-10-17 01:34:47 查询号码 【1963503】，返回信息 {"status":"ok","msg":"山西-阳泉","gid":"556727","time_insert":"2023-02-26 16:46"}
2023-10-17 01:34:47 查询号码 【1963503】，GSD为【"山西-阳泉"】

2023-10-17 01:34:48 开始第 3600 次操作

2023-10-17 01:34:48 开始操作号码 【1963504】
2023-10-17 01:34:50 GSD getOne 第 1 次 等待 3 秒
2023-10-17 01:34:53 查询号码 【1963504】，返回信息 {"status":"ok","msg":"山西-晋中","gid":"556728","time_insert":"2023-02-26 16:48"}
2023-10-17 01:34:54 查询号码 【1963504】，GSD为【"山西-晋中"】

2023-10-17 02:14:09 开始第 3601 次操作

2023-10-17 02:14:09 开始操作号码 【1963505】
2023-10-17 02:14:11 GSD getOne 第 1 次 等待 3 秒
2023-10-17 02:14:14 查询号码 【1963505】，返回信息 {"status":"ok","msg":"山西-长治","gid":"556734","time_insert":"2023-02-26 16:51"}
2023-10-17 02:14:15 查询号码 【1963505】，GSD为【"山西-长治"】

2023-10-17 02:14:16 开始第 3602 次操作

2023-10-17 02:14:16 开始操作号码 【1963506】
2023-10-17 02:14:18 GSD getOne 第 1 次 等待 3 秒
2023-10-17 02:14:21 查询号码 【1963506】，返回信息 {"status":"ok","msg":"山西-晋城","gid":"556738","time_insert":"2023-02-26 16:52"}
2023-10-17 02:14:21 查询号码 【1963506】，GSD为【"山西-晋城"】

2023-10-17 02:14:22 开始第 3603 次操作

2023-10-17 02:14:22 开始操作号码 【1963507】
2023-10-17 02:14:25 GSD getOne 第 1 次 等待 3 秒
2023-10-17 02:14:28 查询号码 【1963507】，返回信息 {"status":"ok","msg":"山西-临汾","gid":"556740","time_insert":"2023-02-26 16:54"}
2023-10-17 02:14:28 查询号码 【1963507】，GSD为【"山西-临汾"】

2023-10-17 02:14:29 开始第 3604 次操作

2023-10-17 02:14:29 开始操作号码 【1963508】
2023-10-17 02:14:31 GSD getOne 第 1 次 等待 3 秒
2023-10-17 02:14:34 查询号码 【1963508】，返回信息 {"status":"ok","msg":"山西-吕梁","gid":"556746","time_insert":"2023-02-26 16:57"}
2023-10-17 02:14:34 查询号码 【1963508】，GSD为【"山西-吕梁"】

2023-10-17 02:36:58 开始第 3605 次操作

2023-10-17 02:36:58 开始操作号码 【1963509】
2023-10-17 02:37:01 GSD getOne 第 1 次 等待 3 秒
2023-10-17 02:37:04 查询号码 【1963509】，返回信息 {"status":"ok","msg":"山西-运城","gid":"556752","time_insert":"2023-02-26 16:59"}
2023-10-17 02:37:04 查询号码 【1963509】，GSD为【"山西-运城"】

2023-10-17 02:37:06 开始第 3606 次操作

2023-10-17 02:37:06 开始操作号码 【1963510】
2023-10-17 02:37:08 GSD getOne 第 1 次 等待 3 秒
2023-10-17 02:37:11 查询号码 【1963510】，返回信息 {"status":"ok","msg":"山西-太原","gid":"556763","time_insert":"2023-02-26 17:09"}
2023-10-17 02:37:11 查询号码 【1963510】，GSD为【"山西-太原"】

2023-10-17 02:37:12 开始第 3607 次操作

2023-10-17 02:37:12 开始操作号码 【1963511】
2023-10-17 02:37:15 GSD getOne 第 1 次 等待 3 秒
2023-10-17 02:37:18 查询号码 【1963511】，返回信息 {"status":"ok","msg":"山西-太原","gid":"556765","time_insert":"2023-02-26 17:11"}
2023-10-17 02:37:18 查询号码 【1963511】，GSD为【"山西-太原"】

2023-10-17 02:37:19 开始第 3608 次操作

2023-10-17 02:37:19 开始操作号码 【1963512】
2023-10-17 02:37:22 GSD getOne 第 1 次 等待 3 秒
2023-10-17 02:37:25 查询号码 【1963512】，返回信息 {"status":"ok","msg":"山西-太原","gid":"556770","time_insert":"2023-02-26 17:13"}
2023-10-17 02:37:25 查询号码 【1963512】，GSD为【"山西-太原"】

2023-10-17 03:09:00 开始第 3609 次操作

2023-10-17 03:09:00 开始操作号码 【1963513】
2023-10-17 03:09:03 GSD getOne 第 1 次 等待 3 秒
2023-10-17 03:09:06 查询号码 【1963513】，返回信息 {"status":"ok","msg":"山西-太原","gid":"556774","time_insert":"2023-02-26 17:15"}
2023-10-17 03:09:06 查询号码 【1963513】，GSD为【"山西-太原"】

2023-10-17 03:09:07 开始第 3610 次操作

2023-10-17 03:09:07 开始操作号码 【1963514】
2023-10-17 03:09:09 GSD getOne 第 1 次 等待 3 秒
2023-10-17 03:09:12 查询号码 【1963514】，返回信息 {"status":"ok","msg":"山西-太原","gid":"556785","time_insert":"2023-02-26 17:23"}
2023-10-17 03:09:12 查询号码 【1963514】，GSD为【"山西-太原"】

2023-10-17 03:09:13 开始第 3611 次操作

2023-10-17 03:09:13 开始操作号码 【1963515】
2023-10-17 03:09:16 GSD getOne 第 1 次 等待 3 秒
2023-10-17 03:09:19 查询号码 【1963515】，返回信息 {"status":"ok","msg":"山西-太原","gid":"556788","time_insert":"2023-02-26 17:25"}
2023-10-17 03:09:19 查询号码 【1963515】，GSD为【"山西-太原"】

2023-10-17 03:09:20 开始第 3612 次操作

2023-10-17 03:09:20 开始操作号码 【1963516】
2023-10-17 03:09:23 GSD getOne 第 1 次 等待 3 秒
2023-10-17 03:09:26 查询号码 【1963516】，返回信息 {"status":"ok","msg":"山西-太原","gid":"556795","time_insert":"2023-02-26 17:28"}
2023-10-17 03:09:26 查询号码 【1963516】，GSD为【"山西-太原"】

2023-10-17 03:34:12 开始第 3613 次操作

2023-10-17 03:34:12 开始操作号码 【1963517】
2023-10-17 03:34:15 GSD getOne 第 1 次 等待 3 秒
2023-10-17 03:34:18 查询号码 【1963517】，返回信息 {"status":"ok","msg":"山西-太原","gid":"556797","time_insert":"2023-02-26 17:30"}
2023-10-17 03:34:18 查询号码 【1963517】，GSD为【"山西-太原"】

2023-10-17 03:34:19 开始第 3614 次操作

2023-10-17 03:34:19 开始操作号码 【1963518】
2023-10-17 03:34:21 GSD getOne 第 1 次 等待 3 秒
2023-10-17 03:34:24 查询号码 【1963518】，返回信息 {"status":"ok","msg":"山西-太原","gid":"556803","time_insert":"2023-02-26 17:34"}
2023-10-17 03:34:25 查询号码 【1963518】，GSD为【"山西-太原"】

2023-10-17 03:34:26 开始第 3615 次操作

2023-10-17 03:34:26 开始操作号码 【1963519】
2023-10-17 03:34:28 GSD getOne 第 1 次 等待 3 秒
2023-10-17 03:34:31 查询号码 【1963519】，返回信息 {"status":"ok","msg":"山西-太原","gid":"556808","time_insert":"2023-02-26 17:36"}
2023-10-17 03:34:31 查询号码 【1963519】，GSD为【"山西-太原"】

2023-10-17 03:34:32 开始第 3616 次操作

2023-10-17 03:34:32 开始操作号码 【1963520】
2023-10-17 03:34:35 GSD getOne 第 1 次 等待 3 秒
2023-10-17 03:34:38 查询号码 【1963520】，返回信息 {"status":"ok","msg":"-","gid":"556814","time_insert":"2023-02-26 17:39"}
2023-10-17 03:34:38 查询号码 【1963520】，GSD为【"-"】
2023-10-17 03:34:38 ok && -
2023-10-17 03:34:44 CHB 1963520?1697484878 第 1 次 等待 3 秒
2023-10-17 03:34:47 CHB 1963520?1697484878 第 1 次 获取到号码【1963520】GSD
2023-10-17 03:34:47 未获取到号码【1963520】GSD，可能号码格式错误
2023-10-17 03:34:47 获取到号码【1963520】的GSD为【-】
2023-10-17 03:34:50 GSD insert 第 1 次 等待 3 秒
2023-10-17 03:34:53 {"status":"bad","gid":"556814","msg":"添加失败！号码【1963520(-|-)】已存在！"}

