2024-05-10 00:14:21 开始第 8285 次操作

2024-05-10 00:14:21 开始操作号码 【1648179】
2024-05-10 00:14:26 GSD getOne 第 1 次 等待 3 秒
2024-05-10 00:14:29 查询号码 【1648179】，返回信息 {"status":"ok","msg":"-","gid":"667646","time_insert":"2023-04-21 01:43"}
2024-05-10 00:14:30 查询号码 【1648179】，GSD为【"-"】
2024-05-10 00:14:30 ok && -
2024-05-10 00:14:33 CHB 1648179?1715271270 第 1 次 等待 3 秒
2024-05-10 00:14:36 CHB 1648179?1715271270 第 1 次 获取到号码【1648179】GSD
2024-05-10 00:14:36 未获取到号码【1648179】GSD，可能号码格式错误
2024-05-10 00:14:36 获取到号码【1648179】的GSD为【-】
2024-05-10 00:14:43 GSD insert 第 1 次 等待 3 秒
2024-05-10 00:14:46 {"status":"bad","gid":"667646","msg":"添加失败！号码【1648179(-|-)】已存在！"}
2024-05-10 00:14:46 随机等待 167 秒，约 2 分钟
2024-05-10 00:14:46 下次操作: 2024-05-10 00:17:33

2024-05-10 00:17:33 开始第 8286 次操作

2024-05-10 00:17:33 开始操作号码 【1648180】
2024-05-10 00:17:40 GSD getOne 第 1 次 等待 3 秒
2024-05-10 00:17:43 查询号码 【1648180】，返回信息 {"status":"ok","msg":"-","gid":"667642","time_insert":"2023-04-21 01:39"}
2024-05-10 00:17:43 查询号码 【1648180】，GSD为【"-"】
2024-05-10 00:17:43 ok && -
2024-05-10 00:17:46 CHB 1648180?1715271463 第 1 次 等待 3 秒
2024-05-10 00:17:49 CHB 1648180?1715271463 第 1 次 获取到号码【1648180】GSD
2024-05-10 00:17:49 未获取到号码【1648180】GSD，可能号码格式错误
2024-05-10 00:17:49 获取到号码【1648180】的GSD为【-】
2024-05-10 00:17:56 GSD insert 第 1 次 等待 3 秒
2024-05-10 00:17:59 {"status":"bad","gid":"667642","msg":"添加失败！号码【1648180(-|-)】已存在！"}
2024-05-10 00:17:59 随机等待 82 秒，约 1 分钟
2024-05-10 00:17:59 下次操作: 2024-05-10 00:19:21

2024-05-10 00:19:21 开始第 8287 次操作

2024-05-10 00:19:21 开始操作号码 【1648181】
2024-05-10 00:19:32 GSD getOne 第 1 次 等待 3 秒
2024-05-10 00:19:35 查询号码 【1648181】，返回信息 {"status":"ok","msg":"-","gid":"667636","time_insert":"2023-04-21 01:38"}
2024-05-10 00:19:35 查询号码 【1648181】，GSD为【"-"】
2024-05-10 00:19:35 ok && -
2024-05-10 00:19:37 CHB 1648181?1715271575 第 1 次 等待 3 秒
2024-05-10 00:19:40 CHB 1648181?1715271575 第 1 次 获取到号码【1648181】GSD
2024-05-10 00:19:40 未获取到号码【1648181】GSD，可能号码格式错误
2024-05-10 00:19:40 获取到号码【1648181】的GSD为【-】
2024-05-10 00:19:45 GSD insert 第 1 次 等待 3 秒
2024-05-10 00:19:48 {"status":"bad","gid":"667636","msg":"添加失败！号码【1648181(-|-)】已存在！"}
2024-05-10 00:19:48 随机等待 148 秒，约 2 分钟
2024-05-10 00:19:48 下次操作: 2024-05-10 00:22:16

2024-05-10 00:22:16 开始第 8288 次操作

2024-05-10 00:22:16 开始操作号码 【1648182】
2024-05-10 00:22:22 GSD getOne 第 1 次 等待 3 秒
2024-05-10 00:22:25 查询号码 【1648182】，返回信息 {"status":"ok","msg":"-","gid":"667633","time_insert":"2023-04-21 01:35"}
2024-05-10 00:22:25 查询号码 【1648182】，GSD为【"-"】
2024-05-10 00:22:25 ok && -
2024-05-10 00:22:28 CHB 1648182?1715271745 第 1 次 等待 3 秒
2024-05-10 00:22:31 CHB 1648182?1715271745 第 1 次 获取到号码【1648182】GSD
2024-05-10 00:22:31 未获取到号码【1648182】GSD，可能号码格式错误
2024-05-10 00:22:31 获取到号码【1648182】的GSD为【-】
2024-05-10 00:22:37 GSD insert 第 1 次 等待 3 秒
2024-05-10 00:22:40 {"status":"bad","gid":"667633","msg":"添加失败！号码【1648182(-|-)】已存在！"}

2024-05-10 00:39:45 开始第 8289 次操作

2024-05-10 00:39:45 开始操作号码 【1648183】
2024-05-10 00:39:54 GSD getOne 第 1 次 等待 3 秒
2024-05-10 00:39:57 查询号码 【1648183】，返回信息 {"status":"ok","msg":"-","gid":"667628","time_insert":"2023-04-21 01:33"}
2024-05-10 00:39:57 查询号码 【1648183】，GSD为【"-"】
2024-05-10 00:39:57 ok && -
2024-05-10 00:39:59 CHB 1648183?1715272797 第 1 次 等待 3 秒
2024-05-10 00:40:02 CHB 1648183?1715272797 第 1 次 获取到号码【1648183】GSD
2024-05-10 00:40:02 未获取到号码【1648183】GSD，可能号码格式错误
2024-05-10 00:40:02 获取到号码【1648183】的GSD为【-】
2024-05-10 00:40:10 GSD insert 第 1 次 等待 3 秒
2024-05-10 00:40:13 {"status":"bad","gid":"667628","msg":"添加失败！号码【1648183(-|-)】已存在！"}
2024-05-10 00:40:13 随机等待 168 秒，约 2 分钟
2024-05-10 00:40:13 下次操作: 2024-05-10 00:43:01

2024-05-10 00:43:01 开始第 8290 次操作

2024-05-10 00:43:01 开始操作号码 【1648184】
2024-05-10 00:43:07 GSD getOne 第 1 次 等待 3 秒
2024-05-10 00:43:10 查询号码 【1648184】，返回信息 {"status":"ok","msg":"-","gid":"667621","time_insert":"2023-04-21 01:29"}
2024-05-10 00:43:10 查询号码 【1648184】，GSD为【"-"】
2024-05-10 00:43:10 ok && -
2024-05-10 00:43:12 CHB 1648184?1715272990 第 1 次 等待 3 秒
2024-05-10 00:43:15 CHB 1648184?1715272990 第 1 次 获取到号码【1648184】GSD
2024-05-10 00:43:15 未获取到号码【1648184】GSD，可能号码格式错误
2024-05-10 00:43:15 获取到号码【1648184】的GSD为【-】
2024-05-10 00:43:23 GSD insert 第 1 次 等待 3 秒
2024-05-10 00:43:26 {"status":"bad","gid":"667621","msg":"添加失败！号码【1648184(-|-)】已存在！"}
2024-05-10 00:43:26 随机等待 171 秒，约 2 分钟
2024-05-10 00:43:26 下次操作: 2024-05-10 00:46:17

2024-05-10 00:46:17 开始第 8291 次操作

2024-05-10 00:46:18 开始操作号码 【1648185】
2024-05-10 00:46:22 GSD getOne 第 1 次 等待 3 秒
2024-05-10 00:46:25 查询号码 【1648185】，返回信息 {"status":"ok","msg":"-","gid":"667616","time_insert":"2023-04-21 01:26"}
2024-05-10 00:46:25 查询号码 【1648185】，GSD为【"-"】
2024-05-10 00:46:25 ok && -
2024-05-10 00:46:27 CHB 1648185?1715273185 第 1 次 等待 3 秒
2024-05-10 00:46:30 CHB 1648185?1715273185 第 1 次 获取到号码【1648185】GSD
2024-05-10 00:46:30 未获取到号码【1648185】GSD，可能号码格式错误
2024-05-10 00:46:30 获取到号码【1648185】的GSD为【-】
2024-05-10 00:46:35 GSD insert 第 1 次 等待 3 秒
2024-05-10 00:46:38 {"status":"bad","gid":"667616","msg":"添加失败！号码【1648185(-|-)】已存在！"}
2024-05-10 00:46:38 随机等待 206 秒，约 3 分钟
2024-05-10 00:46:38 下次操作: 2024-05-10 00:50:04

2024-05-10 00:50:04 开始第 8292 次操作

2024-05-10 00:50:04 开始操作号码 【1648186】
2024-05-10 00:50:11 GSD getOne 第 1 次 等待 3 秒
2024-05-10 00:50:14 查询号码 【1648186】，返回信息 {"status":"ok","msg":"-","gid":"667612","time_insert":"2023-04-21 01:23"}
2024-05-10 00:50:14 查询号码 【1648186】，GSD为【"-"】
2024-05-10 00:50:14 ok && -
2024-05-10 00:50:16 CHB 1648186?1715273414 第 1 次 等待 3 秒
2024-05-10 00:50:19 CHB 1648186?1715273414 第 1 次 获取到号码【1648186】GSD
2024-05-10 00:50:19 未获取到号码【1648186】GSD，可能号码格式错误
2024-05-10 00:50:19 获取到号码【1648186】的GSD为【-】
2024-05-10 00:50:37 GSD insert 第 1 次 等待 3 秒
2024-05-10 00:50:40 {"status":"bad","gid":"667612","msg":"添加失败！号码【1648186(-|-)】已存在！"}

2024-05-10 01:10:11 开始第 8293 次操作

2024-05-10 01:10:11 开始操作号码 【1648187】
2024-05-10 01:10:16 GSD getOne 第 1 次 等待 3 秒
2024-05-10 01:10:19 查询号码 【1648187】，返回信息 {"status":"ok","msg":"-","gid":"667610","time_insert":"2023-04-21 01:21"}
2024-05-10 01:10:19 查询号码 【1648187】，GSD为【"-"】
2024-05-10 01:10:19 ok && -
2024-05-10 01:10:22 CHB 1648187?1715274619 第 1 次 等待 3 秒
2024-05-10 01:10:25 CHB 1648187?1715274619 第 1 次 获取到号码【1648187】GSD
2024-05-10 01:10:25 未获取到号码【1648187】GSD，可能号码格式错误
2024-05-10 01:10:25 获取到号码【1648187】的GSD为【-】
2024-05-10 01:10:30 GSD insert 第 1 次 等待 3 秒
2024-05-10 01:10:33 {"status":"bad","gid":"667610","msg":"添加失败！号码【1648187(-|-)】已存在！"}
2024-05-10 01:10:33 随机等待 131 秒，约 2 分钟
2024-05-10 01:10:33 下次操作: 2024-05-10 01:12:44

2024-05-10 01:12:44 开始第 8294 次操作

2024-05-10 01:12:44 开始操作号码 【1648188】
2024-05-10 01:12:51 GSD getOne 第 1 次 等待 3 秒
2024-05-10 01:12:54 查询号码 【1648188】，返回信息 {"status":"ok","msg":"-","gid":"667599","time_insert":"2023-04-21 01:15"}
2024-05-10 01:12:54 查询号码 【1648188】，GSD为【"-"】
2024-05-10 01:12:54 ok && -
2024-05-10 01:12:56 CHB 1648188?1715274774 第 1 次 等待 3 秒
2024-05-10 01:12:59 CHB 1648188?1715274774 第 1 次 获取到号码【1648188】GSD
2024-05-10 01:13:00 未获取到号码【1648188】GSD，可能号码格式错误
2024-05-10 01:13:00 获取到号码【1648188】的GSD为【-】
2024-05-10 01:13:07 GSD insert 第 1 次 等待 3 秒
2024-05-10 01:13:10 {"status":"bad","gid":"667599","msg":"添加失败！号码【1648188(-|-)】已存在！"}
2024-05-10 01:13:10 随机等待 134 秒，约 2 分钟
2024-05-10 01:13:10 下次操作: 2024-05-10 01:15:24

2024-05-10 01:15:24 开始第 8295 次操作

2024-05-10 01:15:24 开始操作号码 【1648189】
2024-05-10 01:15:56 GSD getOne 第 1 次 等待 3 秒
2024-05-10 01:15:59 查询号码 【1648189】，返回信息 {"status":"ok","msg":"-","gid":"667594","time_insert":"2023-04-21 01:13"}
2024-05-10 01:15:59 查询号码 【1648189】，GSD为【"-"】
2024-05-10 01:15:59 ok && -
2024-05-10 01:16:01 CHB 1648189?1715274959 第 1 次 等待 3 秒
2024-05-10 01:16:04 CHB 1648189?1715274959 第 1 次 获取到号码【1648189】GSD
2024-05-10 01:16:04 未获取到号码【1648189】GSD，可能号码格式错误
2024-05-10 01:16:04 获取到号码【1648189】的GSD为【-】
2024-05-10 01:16:17 GSD insert 第 1 次 等待 3 秒
2024-05-10 01:16:20 {"status":"bad","gid":"667594","msg":"添加失败！号码【1648189(-|-)】已存在！"}
2024-05-10 01:16:20 随机等待 88 秒，约 1 分钟
2024-05-10 01:16:20 下次操作: 2024-05-10 01:17:48

2024-05-10 01:17:48 开始第 8296 次操作

2024-05-10 01:17:48 开始操作号码 【1648190】
2024-05-10 01:17:55 GSD getOne 第 1 次 等待 3 秒
2024-05-10 01:17:58 查询号码 【1648190】，返回信息 {"status":"ok","msg":"-","gid":"667590","time_insert":"2023-04-21 01:10"}
2024-05-10 01:17:59 查询号码 【1648190】，GSD为【"-"】
2024-05-10 01:17:59 ok && -
2024-05-10 01:18:01 CHB 1648190?1715275079 第 1 次 等待 3 秒
2024-05-10 01:18:04 CHB 1648190?1715275079 第 1 次 获取到号码【1648190】GSD
2024-05-10 01:18:04 未获取到号码【1648190】GSD，可能号码格式错误
2024-05-10 01:18:04 获取到号码【1648190】的GSD为【-】
2024-05-10 01:18:10 GSD insert 第 1 次 等待 3 秒
2024-05-10 01:18:13 {"status":"bad","gid":"667590","msg":"添加失败！号码【1648190(-|-)】已存在！"}

