2021-07-05 14:58:59 开始第 1 次操作

2021-07-05 14:58:59 开始操作号码 【1319999】
2021-07-05 14:59:04 GSD getOne 第 1 次 等待 1 秒
2021-07-05 14:59:05 查询号码 【1319999】，返回信息 {"status":"bad","msg":""}
2021-07-05 14:59:05 查询号码 【1319999】，GSD为【""】
2021-07-05 14:59:05 bad
2021-07-05 14:59:06 CHB 1319999?1625468345 第 1 次 等待 1 秒
2021-07-05 14:59:07 CHB 1319999?1625468345 第 1 次 获取到号码【1319999】GSD
2021-07-05 14:59:07 获取到号码【1319999】的GSD为【新疆-伊犁】
2021-07-05 14:59:26 GSD insert 第 1 次 等待 1 秒
2021-07-05 14:59:27 {"status":"ok","msg":"添加成功！198361"}
2021-07-05 14:59:27 下次操作: 2021-07-05 14:59:34

2021-07-05 14:59:34 开始第 2 次操作

2021-07-05 14:59:34 开始操作号码 【1319998】
2021-07-05 14:59:53 GSD getOne 第 1 次 等待 1 秒
2021-07-05 14:59:54 查询号码 【1319998】，返回信息 {"status":"bad","msg":""}
2021-07-05 14:59:55 查询号码 【1319998】，GSD为【""】
2021-07-05 14:59:55 bad
2021-07-05 14:59:56 CHB 1319998?1625468395 第 1 次 等待 1 秒
2021-07-05 14:59:57 CHB 1319998?1625468395 第 1 次 获取到号码【1319998】GSD
2021-07-05 14:59:57 获取到号码【1319998】的GSD为【新疆-喀什】
2021-07-05 15:00:16 GSD insert 第 1 次 等待 1 秒
2021-07-05 15:00:17 {"status":"ok","msg":"添加成功！198374"}
2021-07-05 15:00:17 下次操作: 2021-07-05 15:00:28

2021-07-05 15:00:28 开始第 3 次操作

2021-07-05 15:00:28 开始操作号码 【1319997】
2021-07-05 15:00:43 GSD getOne 第 1 次 等待 1 秒
2021-07-05 15:00:44 查询号码 【1319997】，返回信息 {"status":"bad","msg":""}
2021-07-05 15:00:44 查询号码 【1319997】，GSD为【""】
2021-07-05 15:00:44 bad
2021-07-05 15:00:46 CHB 1319997?1625468444 第 1 次 等待 1 秒
2021-07-05 15:00:47 CHB 1319997?1625468444 第 1 次 获取到号码【1319997】GSD
2021-07-05 15:00:47 获取到号码【1319997】的GSD为【新疆-阿克苏】
2021-07-05 15:01:06 GSD insert 第 1 次 等待 1 秒
2021-07-05 15:01:07 {"status":"ok","msg":"添加成功！198387"}
2021-07-05 15:01:07 下次操作: 2021-07-05 15:01:25

2021-07-05 15:01:25 开始第 4 次操作

2021-07-05 15:01:25 开始操作号码 【1319996】
2021-07-05 15:01:30 GSD getOne 第 1 次 等待 1 秒
2021-07-05 15:01:31 查询号码 【1319996】，返回信息 {"status":"ok","msg":"新疆-库尔勒","time_insert":"2017-04-17 23:05","time_update":"2020-12-25 02:11"}
2021-07-05 15:01:31 查询号码 【1319996】，GSD为【"新疆-库尔勒"】

2021-07-05 15:01:31 开始第 4 次操作

2021-07-05 15:01:31 开始操作号码 【1319995】
2021-07-05 15:01:51 GSD getOne 第 1 次 等待 1 秒
2021-07-05 15:01:52 查询号码 【1319995】，返回信息 {"status":"bad","msg":""}
2021-07-05 15:01:52 查询号码 【1319995】，GSD为【""】
2021-07-05 15:01:52 bad
2021-07-05 15:01:54 CHB 1319995?1625468512 第 1 次 等待 1 秒
2021-07-05 15:01:55 CHB 1319995?1625468512 第 1 次 获取到号码【1319995】GSD
2021-07-05 15:01:55 获取到号码【1319995】的GSD为【新疆-吐鲁番】
2021-07-05 15:02:14 GSD insert 第 1 次 等待 1 秒
2021-07-05 15:02:15 {"status":"ok","msg":"添加成功！198402"}
2021-07-05 15:02:15 下次操作: 2021-07-05 15:02:33

2021-07-05 15:02:33 开始第 5 次操作

2021-07-05 15:02:33 开始操作号码 【1319994】
2021-07-05 15:02:36 GSD getOne 第 1 次 等待 1 秒
2021-07-05 15:02:37 查询号码 【1319994】，返回信息 {"status":"bad","msg":""}
2021-07-05 15:02:37 查询号码 【1319994】，GSD为【""】
2021-07-05 15:02:37 bad
2021-07-05 15:02:39 CHB 1319994?1625468557 第 1 次 等待 1 秒
2021-07-05 15:02:40 CHB 1319994?1625468557 第 1 次 获取到号码【1319994】GSD
2021-07-05 15:02:40 获取到号码【1319994】的GSD为【新疆-昌吉】
2021-07-05 15:02:59 GSD insert 第 1 次 等待 1 秒
2021-07-05 15:03:00 {"status":"ok","msg":"添加成功！198412"}
2021-07-05 15:03:00 下次操作: 2021-07-05 15:03:17

2021-07-05 15:03:17 开始第 6 次操作

2021-07-05 15:03:17 开始操作号码 【1319993】
2021-07-05 15:03:24 GSD getOne 第 1 次 等待 1 秒
2021-07-05 15:03:25 查询号码 【1319993】，返回信息 {"status":"bad","msg":""}
2021-07-05 15:03:25 查询号码 【1319993】，GSD为【""】
2021-07-05 15:03:25 bad
2021-07-05 15:03:26 CHB 1319993?1625468605 第 1 次 等待 1 秒
2021-07-05 15:03:27 CHB 1319993?1625468605 第 1 次 获取到号码【1319993】GSD
2021-07-05 15:03:27 获取到号码【1319993】的GSD为【新疆-石河子】
2021-07-05 15:03:46 GSD insert 第 1 次 等待 1 秒
2021-07-05 15:03:47 {"status":"ok","msg":"添加成功！198424"}
2021-07-05 15:03:47 下次操作: 2021-07-05 15:03:54

2021-07-05 15:03:54 开始第 7 次操作

2021-07-05 15:03:54 开始操作号码 【1319992】
2021-07-05 15:04:13 GSD getOne 第 1 次 等待 1 秒
2021-07-05 15:04:14 查询号码 【1319992】，返回信息 {"status":"bad","msg":""}
2021-07-05 15:04:14 查询号码 【1319992】，GSD为【""】
2021-07-05 15:04:14 bad
2021-07-05 15:04:16 CHB 1319992?1625468654 第 1 次 等待 1 秒
2021-07-05 15:04:17 CHB 1319992?1625468654 第 1 次 获取到号码【1319992】GSD
2021-07-05 15:04:17 获取到号码【1319992】的GSD为【新疆-奎屯】
2021-07-05 15:04:36 GSD insert 第 1 次 等待 1 秒
2021-07-05 15:04:37 {"status":"ok","msg":"添加成功！198437"}
2021-07-05 15:04:37 下次操作: 2021-07-05 15:04:52

2021-07-05 15:04:52 开始第 8 次操作

2021-07-05 15:04:52 开始操作号码 【1319991】
2021-07-05 15:04:55 GSD getOne 第 1 次 等待 1 秒
2021-07-05 15:04:56 查询号码 【1319991】，返回信息 {"status":"bad","msg":""}
2021-07-05 15:04:56 查询号码 【1319991】，GSD为【""】
2021-07-05 15:04:56 bad
2021-07-05 15:04:58 CHB 1319991?1625468696 第 1 次 等待 1 秒
2021-07-05 15:04:59 CHB 1319991?1625468696 第 1 次 获取到号码【1319991】GSD
2021-07-05 15:04:59 获取到号码【1319991】的GSD为【新疆-乌鲁木齐】
2021-07-05 15:05:18 GSD insert 第 1 次 等待 1 秒
2021-07-05 15:05:19 {"status":"ok","msg":"添加成功！198447"}
2021-07-05 15:05:19 下次操作: 2021-07-05 15:05:28

2021-07-05 15:05:28 开始第 9 次操作

2021-07-05 15:05:28 开始操作号码 【1319990】
2021-07-05 15:05:39 GSD getOne 第 1 次 等待 1 秒
2021-07-05 15:05:40 查询号码 【1319990】，返回信息 {"status":"bad","msg":""}
2021-07-05 15:05:40 查询号码 【1319990】，GSD为【""】
2021-07-05 15:05:40 bad
2021-07-05 15:05:41 CHB 1319990?1625468740 第 1 次 等待 1 秒
2021-07-05 15:05:42 CHB 1319990?1625468740 第 1 次 获取到号码【1319990】GSD
2021-07-05 15:05:42 获取到号码【1319990】的GSD为【新疆-克拉玛依】
2021-07-05 15:06:03 GSD insert 第 1 次 等待 1 秒
2021-07-05 15:06:04 {"status":"ok","msg":"添加成功！198455"}
2021-07-05 15:06:04 下次操作: 2021-07-05 15:06:16

2021-07-05 15:06:16 开始第 10 次操作

2021-07-05 15:06:16 开始操作号码 【1319989】
2021-07-05 15:06:23 GSD getOne 第 1 次 等待 1 秒
2021-07-05 15:06:24 查询号码 【1319989】，返回信息 {"status":"bad","msg":""}
2021-07-05 15:06:24 查询号码 【1319989】，GSD为【""】
2021-07-05 15:06:24 bad
2021-07-05 15:06:26 CHB 1319989?1625468784 第 1 次 等待 1 秒
2021-07-05 15:06:27 CHB 1319989?1625468784 第 1 次 获取到号码【1319989】GSD
2021-07-05 15:06:27 获取到号码【1319989】的GSD为【新疆-乌鲁木齐】
2021-07-05 15:06:46 GSD insert 第 1 次 等待 1 秒
2021-07-05 15:06:47 {"status":"ok","msg":"添加成功！198463"}
2021-07-05 15:06:47 下次操作: 2021-07-05 15:06:53

2021-07-05 15:06:53 开始第 11 次操作

2021-07-05 15:06:53 开始操作号码 【1319988】
2021-07-05 15:07:12 GSD getOne 第 1 次 等待 1 秒
2021-07-05 15:07:13 查询号码 【1319988】，返回信息 {"status":"ok","msg":"新疆-乌鲁木齐","time_insert":"2018-01-20 09:26","time_update":"2020-12-25 02:23"}
2021-07-05 15:07:13 查询号码 【1319988】，GSD为【"新疆-乌鲁木齐"】

2021-07-05 15:07:13 开始第 11 次操作

2021-07-05 15:07:13 开始操作号码 【1319987】
2021-07-05 15:07:32 GSD getOne 第 1 次 等待 1 秒
2021-07-05 15:07:33 查询号码 【1319987】，返回信息 {"status":"ok","msg":"新疆-乌鲁木齐","time_insert":"2016-04-13 14:35","time_update":"2020-12-25 03:58"}
2021-07-05 15:07:33 查询号码 【1319987】，GSD为【"新疆-乌鲁木齐"】

2021-07-05 15:07:33 开始第 11 次操作

2021-07-05 15:07:33 开始操作号码 【1319986】
2021-07-05 15:07:52 GSD getOne 第 1 次 等待 1 秒
2021-07-05 15:07:53 查询号码 【1319986】，返回信息 {"status":"bad","msg":""}
2021-07-05 15:07:53 查询号码 【1319986】，GSD为【""】
2021-07-05 15:07:53 bad
2021-07-05 15:07:55 CHB 1319986?1625468873 第 1 次 等待 1 秒
2021-07-05 15:07:56 CHB 1319986?1625468873 第 1 次 获取到号码【1319986】GSD
2021-07-05 15:07:56 获取到号码【1319986】的GSD为【新疆-乌鲁木齐】
2021-07-05 15:08:15 GSD insert 第 1 次 等待 1 秒
2021-07-05 15:08:16 {"status":"ok","msg":"添加成功！198484"}
2021-07-05 15:08:16 下次操作: 2021-07-05 15:08:22

2021-07-05 15:08:22 开始第 12 次操作

2021-07-05 15:08:22 开始操作号码 【1319985】
2021-07-05 15:08:41 GSD getOne 第 1 次 等待 1 秒
2021-07-05 15:08:42 查询号码 【1319985】，返回信息 {"status":"ok","msg":"新疆-乌鲁木齐","time_insert":"2014-03-07 17:24","time_update":"2021-05-05 06:54"}
2021-07-05 15:08:42 查询号码 【1319985】，GSD为【"新疆-乌鲁木齐"】

2021-07-05 15:08:42 开始第 12 次操作

2021-07-05 15:08:42 开始操作号码 【1319984】
2021-07-05 15:09:01 GSD getOne 第 1 次 等待 1 秒
2021-07-05 15:09:02 查询号码 【1319984】，返回信息 {"status":"bad","msg":""}
2021-07-05 15:09:02 查询号码 【1319984】，GSD为【""】
2021-07-05 15:09:02 bad
2021-07-05 15:09:04 CHB 1319984?1625468942 第 1 次 等待 1 秒
2021-07-05 15:09:05 CHB 1319984?1625468942 第 1 次 获取到号码【1319984】GSD
2021-07-05 15:09:05 获取到号码【1319984】的GSD为【新疆-乌鲁木齐】
2021-07-05 15:09:25 GSD insert 第 1 次 等待 1 秒
2021-07-05 15:09:26 {"status":"ok","msg":"添加成功！198497"}
2021-07-05 15:09:26 下次操作: 2021-07-05 15:09:40

2021-07-05 15:09:40 开始第 13 次操作

2021-07-05 15:09:40 开始操作号码 【1319983】
2021-07-05 15:09:48 GSD getOne 第 1 次 等待 1 秒
2021-07-05 15:09:49 查询号码 【1319983】，返回信息 {"status":"bad","msg":""}
2021-07-05 15:09:49 查询号码 【1319983】，GSD为【""】
2021-07-05 15:09:49 bad
2021-07-05 15:09:51 CHB 1319983?1625468989 第 1 次 等待 1 秒
2021-07-05 15:09:52 CHB 1319983?1625468989 第 1 次 获取到号码【1319983】GSD
2021-07-05 15:09:52 获取到号码【1319983】的GSD为【新疆-乌鲁木齐】
2021-07-05 15:10:11 GSD insert 第 1 次 等待 1 秒
2021-07-05 15:10:12 {"status":"ok","msg":"添加成功！198509"}
2021-07-05 15:10:12 下次操作: 2021-07-05 15:10:18

2021-07-05 15:10:18 开始第 14 次操作

2021-07-05 15:10:18 开始操作号码 【1319982】
2021-07-05 15:10:37 GSD getOne 第 1 次 等待 1 秒
2021-07-05 15:10:38 查询号码 【1319982】，返回信息 {"status":"bad","msg":""}
2021-07-05 15:10:38 查询号码 【1319982】，GSD为【""】
2021-07-05 15:10:38 bad
2021-07-05 15:10:39 CHB 1319982?1625469038 第 1 次 等待 1 秒
2021-07-05 15:10:40 CHB 1319982?1625469038 第 1 次 获取到号码【1319982】GSD
2021-07-05 15:10:40 获取到号码【1319982】的GSD为【新疆-乌鲁木齐】
2021-07-05 15:10:59 GSD insert 第 1 次 等待 1 秒
2021-07-05 15:11:00 {"status":"ok","msg":"添加成功！198520"}
2021-07-05 15:11:00 下次操作: 2021-07-05 15:11:12

2021-07-05 15:11:12 开始第 15 次操作

2021-07-05 15:11:12 开始操作号码 【1319981】
2021-07-05 15:11:19 GSD getOne 第 1 次 等待 1 秒
2021-07-05 15:11:20 查询号码 【1319981】，返回信息 {"status":"bad","msg":""}
2021-07-05 15:11:20 查询号码 【1319981】，GSD为【""】
2021-07-05 15:11:20 bad
2021-07-05 15:11:21 CHB 1319981?1625469080 第 1 次 等待 1 秒
2021-07-05 15:11:22 CHB 1319981?1625469080 第 1 次 获取到号码【1319981】GSD
2021-07-05 15:11:23 获取到号码【1319981】的GSD为【新疆-乌鲁木齐】
2021-07-05 15:11:42 GSD insert 第 1 次 等待 1 秒
2021-07-05 15:11:43 {"status":"ok","msg":"添加成功！198529"}
2021-07-05 15:11:43 下次操作: 2021-07-05 15:11:53

2021-07-05 15:11:53 开始第 16 次操作

2021-07-05 15:11:53 开始操作号码 【1319980】
2021-07-05 15:12:40 GSD getOne 第 1 次 等待 1 秒
2021-07-05 15:12:41 查询号码 【1319980】，返回信息 {"status":"bad","msg":""}
2021-07-05 15:12:41 查询号码 【1319980】，GSD为【""】
2021-07-05 15:12:41 bad
2021-07-05 15:12:42 CHB 1319980?1625469161 第 1 次 等待 1 秒
2021-07-05 15:12:43 CHB 1319980?1625469161 第 1 次 获取到号码【1319980】GSD
2021-07-05 15:12:43 获取到号码【1319980】的GSD为【新疆-乌鲁木齐】
2021-07-05 15:13:08 GSD insert 第 1 次 等待 1 秒
2021-07-05 15:13:09 {"status":"ok","msg":"添加成功！198538"}
2021-07-05 15:13:09 下次操作: 2021-07-05 15:13:17

2021-07-05 15:13:17 开始第 17 次操作

2021-07-05 15:13:17 开始操作号码 【1319979】
2021-07-05 15:13:36 GSD getOne 第 1 次 等待 1 秒
2021-07-05 15:13:37 查询号码 【1319979】，返回信息 {"status":"bad","msg":""}
2021-07-05 15:13:37 查询号码 【1319979】，GSD为【""】
2021-07-05 15:13:37 bad
2021-07-05 15:13:39 CHB 1319979?1625469217 第 1 次 等待 1 秒
2021-07-05 15:13:40 CHB 1319979?1625469217 第 1 次 获取到号码【1319979】GSD
2021-07-05 15:13:40 获取到号码【1319979】的GSD为【新疆-阿勒泰】
2021-07-05 15:13:59 GSD insert 第 1 次 等待 1 秒
2021-07-05 15:14:00 {"status":"ok","msg":"添加成功！198546"}
2021-07-05 15:14:00 下次操作: 2021-07-05 15:14:09

2021-07-05 15:14:09 开始第 18 次操作

2021-07-05 15:14:09 开始操作号码 【1319978】
2021-07-05 15:14:20 GSD getOne 第 1 次 等待 1 秒
2021-07-05 15:14:21 查询号码 【1319978】，返回信息 {"status":"bad","msg":""}
2021-07-05 15:14:21 查询号码 【1319978】，GSD为【""】
2021-07-05 15:14:21 bad
2021-07-05 15:14:22 CHB 1319978?1625469261 第 1 次 等待 1 秒
2021-07-05 15:14:23 CHB 1319978?1625469261 第 1 次 获取到号码【1319978】GSD
2021-07-05 15:14:24 获取到号码【1319978】的GSD为【新疆-塔城】
2021-07-05 15:14:43 GSD insert 第 1 次 等待 1 秒
2021-07-05 15:14:44 {"status":"ok","msg":"添加成功！198552"}
2021-07-05 15:14:44 下次操作: 2021-07-05 15:14:53

2021-07-05 15:14:53 开始第 19 次操作

2021-07-05 15:14:53 开始操作号码 【1319977】
2021-07-05 15:15:06 GSD getOne 第 1 次 等待 1 秒
2021-07-05 15:15:07 查询号码 【1319977】，返回信息 {"status":"bad","msg":""}
2021-07-05 15:15:07 查询号码 【1319977】，GSD为【""】
2021-07-05 15:15:07 bad
2021-07-05 15:15:08 CHB 1319977?1625469307 第 1 次 等待 1 秒
2021-07-05 15:15:09 CHB 1319977?1625469307 第 1 次 获取到号码【1319977】GSD
2021-07-05 15:15:09 获取到号码【1319977】的GSD为【新疆-博乐】
2021-07-05 15:15:28 GSD insert 第 1 次 等待 1 秒
2021-07-05 15:15:29 {"status":"ok","msg":"添加成功！198561"}
2021-07-05 15:15:29 下次操作: 2021-07-05 15:15:37

2021-07-05 15:15:37 开始第 20 次操作

2021-07-05 15:15:37 开始操作号码 【1319976】
2021-07-05 15:15:50 GSD getOne 第 1 次 等待 1 秒
2021-07-05 15:15:51 查询号码 【1319976】，返回信息 {"status":"bad","msg":""}
2021-07-05 15:15:51 查询号码 【1319976】，GSD为【""】
2021-07-05 15:15:51 bad
2021-07-05 15:15:53 CHB 1319976?1625469351 第 1 次 等待 1 秒
2021-07-05 15:15:54 CHB 1319976?1625469351 第 1 次 获取到号码【1319976】GSD
2021-07-05 15:15:54 获取到号码【1319976】的GSD为【新疆-和田】
2021-07-05 15:16:13 GSD insert 第 1 次 等待 1 秒
2021-07-05 15:16:14 {"status":"ok","msg":"添加成功！198571"}
2021-07-05 15:16:14 下次操作: 2021-07-05 15:16:29

2021-07-05 15:16:29 开始第 21 次操作

2021-07-05 15:16:29 开始操作号码 【1319975】
2021-07-05 15:16:40 GSD getOne 第 1 次 等待 1 秒
2021-07-05 15:16:41 查询号码 【1319975】，返回信息 {"status":"bad","msg":""}
2021-07-05 15:16:41 查询号码 【1319975】，GSD为【""】
2021-07-05 15:16:41 bad
2021-07-05 15:16:42 CHB 1319975?1625469401 第 1 次 等待 1 秒
2021-07-05 15:16:43 CHB 1319975?1625469401 第 1 次 获取到号码【1319975】GSD
2021-07-05 15:16:43 获取到号码【1319975】的GSD为【新疆-克孜勒苏】
2021-07-05 15:17:02 GSD insert 第 1 次 等待 1 秒
2021-07-05 15:17:03 {"status":"ok","msg":"添加成功！198578"}
2021-07-05 15:17:03 下次操作: 2021-07-05 15:17:20

2021-07-05 15:17:20 开始第 22 次操作

2021-07-05 15:17:20 开始操作号码 【1319974】
2021-07-05 15:17:24 GSD getOne 第 1 次 等待 1 秒
2021-07-05 15:17:25 查询号码 【1319974】，返回信息 {"status":"bad","msg":""}
2021-07-05 15:17:25 查询号码 【1319974】，GSD为【""】
2021-07-05 15:17:25 bad
2021-07-05 15:17:26 CHB 1319974?1625469445 第 1 次 等待 1 秒
2021-07-05 15:17:27 CHB 1319974?1625469445 第 1 次 获取到号码【1319974】GSD
2021-07-05 15:17:27 获取到号码【1319974】的GSD为【新疆-阿克苏】
2021-07-05 15:17:49 GSD insert 第 1 次 等待 1 秒
2021-07-05 15:17:50 {"status":"ok","msg":"添加成功！198584"}
2021-07-05 15:17:50 下次操作: 2021-07-05 15:18:06

2021-07-05 15:18:06 开始第 23 次操作

2021-07-05 15:18:06 开始操作号码 【1319973】
2021-07-05 15:18:10 GSD getOne 第 1 次 等待 1 秒
2021-07-05 15:18:11 查询号码 【1319973】，返回信息 {"status":"bad","msg":""}
2021-07-05 15:18:11 查询号码 【1319973】，GSD为【""】
2021-07-05 15:18:11 bad
2021-07-05 15:18:12 CHB 1319973?1625469491 第 1 次 等待 1 秒
2021-07-05 15:18:13 CHB 1319973?1625469491 第 1 次 获取到号码【1319973】GSD
2021-07-05 15:18:13 获取到号码【1319973】的GSD为【新疆-喀什】
2021-07-05 15:18:36 GSD insert 第 1 次 等待 1 秒
2021-07-05 15:18:37 {"status":"ok","msg":"添加成功！198592"}
2021-07-05 15:18:37 下次操作: 2021-07-05 15:18:53

2021-07-05 15:18:53 开始第 24 次操作

2021-07-05 15:18:53 开始操作号码 【1319972】
2021-07-05 15:18:56 GSD getOne 第 1 次 等待 1 秒
2021-07-05 15:18:57 查询号码 【1319972】，返回信息 {"status":"bad","msg":""}
2021-07-05 15:18:57 查询号码 【1319972】，GSD为【""】
2021-07-05 15:18:57 bad
2021-07-05 15:18:59 CHB 1319972?1625469537 第 1 次 等待 1 秒
2021-07-05 15:19:00 CHB 1319972?1625469537 第 1 次 获取到号码【1319972】GSD
2021-07-05 15:19:00 获取到号码【1319972】的GSD为【新疆-库尔勒】
2021-07-05 15:19:19 GSD insert 第 1 次 等待 1 秒
2021-07-05 15:19:20 {"status":"ok","msg":"添加成功！198600"}
2021-07-05 15:19:20 下次操作: 2021-07-05 15:19:31

2021-07-05 15:19:31 开始第 25 次操作

2021-07-05 15:19:31 开始操作号码 【1319971】
2021-07-05 15:19:42 GSD getOne 第 1 次 等待 1 秒
2021-07-05 15:19:43 查询号码 【1319971】，返回信息 {"status":"bad","msg":""}
2021-07-05 15:19:43 查询号码 【1319971】，GSD为【""】
2021-07-05 15:19:43 bad
2021-07-05 15:19:45 CHB 1319971?1625469583 第 1 次 等待 1 秒
2021-07-05 15:19:46 CHB 1319971?1625469583 第 1 次 获取到号码【1319971】GSD
2021-07-05 15:19:46 获取到号码【1319971】的GSD为【新疆-哈密】
2021-07-05 15:20:05 GSD insert 第 1 次 等待 1 秒
2021-07-05 15:20:06 {"status":"ok","msg":"添加成功！198609"}
2021-07-05 15:20:06 下次操作: 2021-07-05 15:20:19

2021-07-05 15:20:19 开始第 26 次操作

2021-07-05 15:20:19 开始操作号码 【1319970】
2021-07-05 15:20:26 GSD getOne 第 1 次 等待 1 秒
2021-07-05 15:20:27 查询号码 【1319970】，返回信息 {"status":"bad","msg":""}
2021-07-05 15:20:27 查询号码 【1319970】，GSD为【""】
2021-07-05 15:20:27 bad
2021-07-05 15:20:29 CHB 1319970?1625469627 第 1 次 等待 1 秒
2021-07-05 15:20:30 CHB 1319970?1625469627 第 1 次 获取到号码【1319970】GSD
2021-07-05 15:20:30 获取到号码【1319970】的GSD为【新疆-昌吉】
2021-07-05 15:20:49 GSD insert 第 1 次 等待 1 秒
2021-07-05 15:20:50 {"status":"ok","msg":"添加成功！198618"}
2021-07-05 15:20:50 下次操作: 2021-07-05 15:21:04

2021-07-05 15:21:04 开始第 27 次操作

2021-07-05 15:21:04 开始操作号码 【1319969】
2021-07-05 15:21:08 GSD getOne 第 1 次 等待 1 秒
2021-07-05 15:21:09 查询号码 【1319969】，返回信息 {"status":"bad","msg":""}
2021-07-05 15:21:09 查询号码 【1319969】，GSD为【""】
2021-07-05 15:21:09 bad
2021-07-05 15:21:11 CHB 1319969?1625469669 第 1 次 等待 1 秒
2021-07-05 15:21:12 CHB 1319969?1625469669 第 1 次 获取到号码【1319969】GSD
2021-07-05 15:21:12 获取到号码【1319969】的GSD为【黑龙江-齐齐哈尔】
2021-07-05 15:21:32 GSD insert 第 1 次 等待 1 秒
2021-07-05 15:21:33 {"status":"ok","msg":"添加成功！198622"}
2021-07-05 15:21:33 下次操作: 2021-07-05 15:21:44

2021-07-05 15:21:44 开始第 28 次操作

2021-07-05 15:21:44 开始操作号码 【1319968】
2021-07-05 15:21:55 GSD getOne 第 1 次 等待 1 秒
2021-07-05 15:21:56 查询号码 【1319968】，返回信息 {"status":"bad","msg":""}
2021-07-05 15:21:56 查询号码 【1319968】，GSD为【""】
2021-07-05 15:21:56 bad
2021-07-05 15:21:58 CHB 1319968?1625469716 第 1 次 等待 1 秒
2021-07-05 15:21:59 CHB 1319968?1625469716 第 1 次 获取到号码【1319968】GSD
2021-07-05 15:21:59 获取到号码【1319968】的GSD为【黑龙江-齐齐哈尔】
2021-07-05 15:22:17 GSD insert 第 1 次 等待 1 秒
2021-07-05 15:22:18 {"status":"ok","msg":"添加成功！198628"}
2021-07-05 15:22:18 下次操作: 2021-07-05 15:22:28

2021-07-05 15:22:28 开始第 29 次操作

2021-07-05 15:22:28 开始操作号码 【1319967】
2021-07-05 15:22:39 GSD getOne 第 1 次 等待 1 秒
2021-07-05 15:22:40 查询号码 【1319967】，返回信息 {"status":"bad","msg":""}
2021-07-05 15:22:40 查询号码 【1319967】，GSD为【""】
2021-07-05 15:22:40 bad
2021-07-05 15:22:42 CHB 1319967?1625469760 第 1 次 等待 1 秒
2021-07-05 15:22:43 CHB 1319967?1625469760 第 1 次 获取到号码【1319967】GSD
2021-07-05 15:22:43 获取到号码【1319967】的GSD为【黑龙江-齐齐哈尔】
2021-07-05 15:23:03 GSD insert 第 1 次 等待 1 秒
2021-07-05 15:23:04 {"status":"ok","msg":"添加成功！198631"}
2021-07-05 15:23:04 下次操作: 2021-07-05 15:23:10

2021-07-05 15:23:10 开始第 30 次操作

2021-07-05 15:23:10 开始操作号码 【1319966】
2021-07-05 15:23:30 GSD getOne 第 1 次 等待 1 秒
2021-07-05 15:23:31 查询号码 【1319966】，返回信息 {"status":"bad","msg":""}
2021-07-05 15:23:31 查询号码 【1319966】，GSD为【""】
2021-07-05 15:23:31 bad
2021-07-05 15:23:32 CHB 1319966?1625469811 第 1 次 等待 1 秒
2021-07-05 15:23:33 CHB 1319966?1625469811 第 1 次 获取到号码【1319966】GSD
2021-07-05 15:23:33 获取到号码【1319966】的GSD为【黑龙江-齐齐哈尔】
2021-07-05 15:23:52 GSD insert 第 1 次 等待 1 秒
2021-07-05 15:23:53 {"status":"ok","msg":"添加成功！198638"}

