2024-03-20 00:13:55 开始第 53 次操作

2024-03-20 00:13:55 开始操作号码 【1759946】
2024-03-20 00:14:01 GSD getOne 第 1 次 等待 3 秒
2024-03-20 00:14:04 查询号码 【1759946】，返回信息 {"status":"ok","msg":"新疆-喀什","gid":"250881","time_insert":"2021-07-11 21:07"}
2024-03-20 00:14:04 查询号码 【1759946】，GSD为【"新疆-喀什"】

2024-03-20 00:14:05 开始第 54 次操作

2024-03-20 00:14:05 开始操作号码 【1759947】
2024-03-20 00:14:11 GSD getOne 第 1 次 等待 3 秒
2024-03-20 00:14:14 查询号码 【1759947】，返回信息 {"status":"ok","msg":"新疆-喀什","gid":"250885","time_insert":"2021-07-11 21:07"}
2024-03-20 00:14:14 查询号码 【1759947】，GSD为【"新疆-喀什"】

2024-03-20 00:14:15 开始第 55 次操作

2024-03-20 00:14:15 开始操作号码 【1759948】
2024-03-20 00:14:21 GSD getOne 第 1 次 等待 3 秒
2024-03-20 00:14:24 查询号码 【1759948】，返回信息 {"status":"ok","msg":"新疆-喀什","gid":"250889","time_insert":"2021-07-11 21:08"}
2024-03-20 00:14:24 查询号码 【1759948】，GSD为【"新疆-喀什"】

2024-03-20 00:14:25 开始第 56 次操作

2024-03-20 00:14:25 开始操作号码 【1759949】
2024-03-20 00:14:31 GSD getOne 第 1 次 等待 3 秒
2024-03-20 00:14:34 查询号码 【1759949】，返回信息 {"status":"ok","msg":"新疆-喀什","gid":"250893","time_insert":"2021-07-11 21:08"}
2024-03-20 00:14:34 查询号码 【1759949】，GSD为【"新疆-喀什"】

2024-03-20 00:38:28 开始第 57 次操作

2024-03-20 00:38:28 开始操作号码 【1759950】
2024-03-20 00:38:33 GSD getOne 第 1 次 等待 3 秒
2024-03-20 00:38:36 查询号码 【1759950】，返回信息 {"status":"ok","msg":"新疆-喀什","gid":"250897","time_insert":"2021-07-11 21:09"}
2024-03-20 00:38:36 查询号码 【1759950】，GSD为【"新疆-喀什"】

2024-03-20 00:38:37 开始第 58 次操作

2024-03-20 00:38:37 开始操作号码 【1759951】
2024-03-20 00:38:42 GSD getOne 第 1 次 等待 3 秒
2024-03-20 00:38:45 查询号码 【1759951】，返回信息 {"status":"ok","msg":"新疆-喀什","gid":"250903","time_insert":"2021-07-11 21:09"}
2024-03-20 00:38:45 查询号码 【1759951】，GSD为【"新疆-喀什"】

2024-03-20 00:38:46 开始第 59 次操作

2024-03-20 00:38:46 开始操作号码 【1759952】
2024-03-20 00:38:50 GSD getOne 第 1 次 等待 3 秒
2024-03-20 00:38:53 查询号码 【1759952】，返回信息 {"status":"ok","msg":"新疆-阿克苏","gid":"250906","time_insert":"2021-07-11 21:09"}
2024-03-20 00:38:54 查询号码 【1759952】，GSD为【"新疆-阿克苏"】

2024-03-20 00:38:55 开始第 60 次操作

2024-03-20 00:38:55 开始操作号码 【1759953】
2024-03-20 00:38:59 GSD getOne 第 1 次 等待 3 秒
2024-03-20 00:39:02 查询号码 【1759953】，返回信息 {"status":"ok","msg":"新疆-阿克苏","gid":"250908","time_insert":"2021-07-11 21:10"}
2024-03-20 00:39:02 查询号码 【1759953】，GSD为【"新疆-阿克苏"】

