2024-09-06 00:17:08 开始第 3101 次操作

2024-09-06 00:17:08 开始操作号码 【1423100】
2024-09-06 00:17:16 GSD getOne 第 1 次 等待 3 秒
2024-09-06 00:17:19 查询号码 【1423100】，返回信息 {"status":"ok","msg":"-","gid":"577794","time_insert":"2023-03-08 15:26"}
2024-09-06 00:17:19 查询号码 【1423100】，GSD为【"-"】
2024-09-06 00:17:19 ok && -
2024-09-06 00:17:21 CHB 1423100?1725553039 第 1 次 等待 3 秒
2024-09-06 00:17:24 CHB 1423100?1725553039 第 1 次 获取到号码【1423100】GSD
2024-09-06 00:17:24 未获取到号码【1423100】GSD，可能号码格式错误
2024-09-06 00:17:24 获取到号码【1423100】的GSD为【-】
2024-09-06 00:17:32 GSD insert 第 1 次 等待 3 秒
2024-09-06 00:17:35 {"status":"bad","gid":"577794","msg":"添加失败！号码【1423100(-|-)】已存在！"}
2024-09-06 00:17:35 随机等待 115 秒，约 1 分钟
2024-09-06 00:17:35 下次操作: 2024-09-06 00:19:30

2024-09-06 00:19:30 开始第 3102 次操作

2024-09-06 00:19:30 开始操作号码 【1423101】
2024-09-06 00:19:38 GSD getOne 第 1 次 等待 3 秒
2024-09-06 00:19:41 查询号码 【1423101】，返回信息 {"status":"ok","msg":"-","gid":"577811","time_insert":"2023-03-08 15:36"}
2024-09-06 00:19:41 查询号码 【1423101】，GSD为【"-"】
2024-09-06 00:19:41 ok && -
2024-09-06 00:19:42 CHB 1423101?1725553181 第 1 次 等待 3 秒
2024-09-06 00:19:45 CHB 1423101?1725553181 第 1 次 获取到号码【1423101】GSD
2024-09-06 00:19:45 未获取到号码【1423101】GSD，可能号码格式错误
2024-09-06 00:19:45 获取到号码【1423101】的GSD为【-】
2024-09-06 00:19:53 GSD insert 第 1 次 等待 3 秒
2024-09-06 00:19:56 {"status":"bad","gid":"577811","msg":"添加失败！号码【1423101(-|-)】已存在！"}
2024-09-06 00:19:56 随机等待 138 秒，约 2 分钟
2024-09-06 00:19:56 下次操作: 2024-09-06 00:22:14

2024-09-06 00:22:14 开始第 3103 次操作

2024-09-06 00:22:14 开始操作号码 【1423102】
2024-09-06 00:22:21 GSD getOne 第 1 次 等待 3 秒
2024-09-06 00:22:24 查询号码 【1423102】，返回信息 {"status":"ok","msg":"-","gid":"577834","time_insert":"2023-03-08 15:57"}
2024-09-06 00:22:24 查询号码 【1423102】，GSD为【"-"】
2024-09-06 00:22:24 ok && -
2024-09-06 00:22:33 CHB 1423102?1725553344 第 1 次 等待 3 秒
2024-09-06 00:22:36 CHB 1423102?1725553344 第 1 次 获取到号码【1423102】GSD
2024-09-06 00:22:36 未获取到号码【1423102】GSD，可能号码格式错误
2024-09-06 00:22:36 获取到号码【1423102】的GSD为【-】
2024-09-06 00:22:44 GSD insert 第 1 次 等待 3 秒
2024-09-06 00:22:47 {"status":"bad","gid":"577834","msg":"添加失败！号码【1423102(-|-)】已存在！"}
2024-09-06 00:22:47 随机等待 114 秒，约 1 分钟
2024-09-06 00:22:47 下次操作: 2024-09-06 00:24:41

2024-09-06 00:24:41 开始第 3104 次操作

2024-09-06 00:24:41 开始操作号码 【1423103】
2024-09-06 00:24:49 GSD getOne 第 1 次 等待 3 秒
2024-09-06 00:24:52 查询号码 【1423103】，返回信息 {"status":"ok","msg":"-","gid":"577854","time_insert":"2023-03-08 16:11"}
2024-09-06 00:24:52 查询号码 【1423103】，GSD为【"-"】
2024-09-06 00:24:52 ok && -
2024-09-06 00:24:53 CHB 1423103?1725553492 第 1 次 等待 3 秒
2024-09-06 00:24:56 CHB 1423103?1725553492 第 1 次 获取到号码【1423103】GSD
2024-09-06 00:24:56 未获取到号码【1423103】GSD，可能号码格式错误
2024-09-06 00:24:56 获取到号码【1423103】的GSD为【-】
2024-09-06 00:25:04 GSD insert 第 1 次 等待 3 秒
2024-09-06 00:25:07 {"status":"bad","gid":"577854","msg":"添加失败！号码【1423103(-|-)】已存在！"}

