2024-08-19 10:38:23 开始第 1 次操作

2024-08-19 10:38:23 开始操作号码 【1420000】
2024-08-19 10:38:31 GSD getOne 第 1 次 等待 3 秒
2024-08-19 10:38:34 查询号码 【1420000】，返回信息 {"status":"ok","msg":"-","gid":"520029","time_insert":"2023-02-06 17:16"}
2024-08-19 10:38:34 查询号码 【1420000】，GSD为【"-"】
2024-08-19 10:38:34 ok && -
2024-08-19 10:38:36 CHB 1420000?1724035114 第 1 次 等待 3 秒
2024-08-19 10:38:39 CHB 1420000?1724035114 第 1 次 获取到号码【1420000】GSD
2024-08-19 10:38:39 未获取到号码【1420000】GSD，可能号码格式错误
2024-08-19 10:38:39 获取到号码【1420000】的GSD为【-】
2024-08-19 10:38:47 GSD insert 第 1 次 等待 3 秒
2024-08-19 10:38:50 {"status":"bad","gid":"520029","msg":"添加失败！号码【1420000(-|-)】已存在！"}
2024-08-19 10:38:50 随机等待 136 秒，约 2 分钟
2024-08-19 10:38:50 下次操作: 2024-08-19 10:41:06

2024-08-19 10:41:06 开始第 2 次操作

2024-08-19 10:41:06 开始操作号码 【1420001】
2024-08-19 10:41:14 GSD getOne 第 1 次 等待 3 秒
2024-08-19 10:41:17 查询号码 【1420001】，返回信息 {"status":"ok","msg":"-","gid":"520035","time_insert":"2023-02-06 17:28"}
2024-08-19 10:41:17 查询号码 【1420001】，GSD为【"-"】
2024-08-19 10:41:17 ok && -
2024-08-19 10:41:19 CHB 1420001?1724035277 第 1 次 等待 3 秒
2024-08-19 10:41:22 CHB 1420001?1724035277 第 1 次 获取到号码【1420001】GSD
2024-08-19 10:41:22 未获取到号码【1420001】GSD，可能号码格式错误
2024-08-19 10:41:22 获取到号码【1420001】的GSD为【-】
2024-08-19 10:41:30 GSD insert 第 1 次 等待 3 秒
2024-08-19 10:41:33 {"status":"bad","gid":"520035","msg":"添加失败！号码【1420001(-|-)】已存在！"}
2024-08-19 10:41:33 随机等待 179 秒，约 2 分钟
2024-08-19 10:41:33 下次操作: 2024-08-19 10:44:32

2024-08-19 10:44:32 开始第 3 次操作

2024-08-19 10:44:32 开始操作号码 【1420002】
2024-08-19 10:44:40 GSD getOne 第 1 次 等待 3 秒
2024-08-19 10:44:43 查询号码 【1420002】，返回信息 {"status":"ok","msg":"-","gid":"520041","time_insert":"2023-02-06 17:40"}
2024-08-19 10:44:43 查询号码 【1420002】，GSD为【"-"】
2024-08-19 10:44:43 ok && -
2024-08-19 10:44:45 CHB 1420002?1724035483 第 1 次 等待 3 秒
2024-08-19 10:44:48 CHB 1420002?1724035483 第 1 次 获取到号码【1420002】GSD
2024-08-19 10:44:48 未获取到号码【1420002】GSD，可能号码格式错误
2024-08-19 10:44:48 获取到号码【1420002】的GSD为【-】
2024-08-19 10:44:56 GSD insert 第 1 次 等待 3 秒
2024-08-19 10:44:59 {"status":"bad","gid":"520041","msg":"添加失败！号码【1420002(-|-)】已存在！"}
2024-08-19 10:44:59 随机等待 80 秒，约 1 分钟
2024-08-19 10:44:59 下次操作: 2024-08-19 10:46:19

2024-08-19 10:46:19 开始第 4 次操作

2024-08-19 10:46:19 开始操作号码 【1420003】
2024-08-19 10:46:27 GSD getOne 第 1 次 等待 3 秒
2024-08-19 10:46:30 查询号码 【1420003】，返回信息 {"status":"ok","msg":"-","gid":"520047","time_insert":"2023-02-06 17:54"}
2024-08-19 10:46:30 查询号码 【1420003】，GSD为【"-"】
2024-08-19 10:46:30 ok && -
2024-08-19 10:46:31 CHB 1420003?1724035590 第 1 次 等待 3 秒
2024-08-19 10:46:34 CHB 1420003?1724035590 第 1 次 获取到号码【1420003】GSD
2024-08-19 10:46:35 未获取到号码【1420003】GSD，可能号码格式错误
2024-08-19 10:46:35 获取到号码【1420003】的GSD为【-】
2024-08-19 10:46:42 GSD insert 第 1 次 等待 3 秒
2024-08-19 10:46:45 {"status":"bad","gid":"520047","msg":"添加失败！号码【1420003(-|-)】已存在！"}

