2024-05-15 00:15:15 开始第 9197 次操作

2024-05-15 00:15:15 开始操作号码 【1649079】
2024-05-15 00:15:21 GSD getOne 第 1 次 等待 3 秒
2024-05-15 00:15:24 查询号码 【1649079】，返回信息 {"status":"ok","msg":"-","gid":"662801","time_insert":"2023-04-18 19:43"}
2024-05-15 00:15:24 查询号码 【1649079】，GSD为【"-"】
2024-05-15 00:15:24 ok && -
2024-05-15 00:15:27 CHB 1649079?1715703324 第 1 次 等待 3 秒
2024-05-15 00:15:30 CHB 1649079?1715703324 第 1 次 获取到号码【1649079】GSD
2024-05-15 00:15:30 未获取到号码【1649079】GSD，可能号码格式错误
2024-05-15 00:15:30 获取到号码【1649079】的GSD为【-】
2024-05-15 00:15:35 GSD insert 第 1 次 等待 3 秒
2024-05-15 00:15:38 {"status":"bad","gid":"662801","msg":"添加失败！号码【1649079(-|-)】已存在！"}
2024-05-15 00:15:38 随机等待 104 秒，约 1 分钟
2024-05-15 00:15:38 下次操作: 2024-05-15 00:17:22

2024-05-15 00:17:22 开始第 9198 次操作

2024-05-15 00:17:22 开始操作号码 【1649080】
2024-05-15 00:17:27 GSD getOne 第 1 次 等待 3 秒
2024-05-15 00:17:30 查询号码 【1649080】，返回信息 {"status":"ok","msg":"-","gid":"662797","time_insert":"2023-04-18 19:41"}
2024-05-15 00:17:30 查询号码 【1649080】，GSD为【"-"】
2024-05-15 00:17:30 ok && -
2024-05-15 00:17:33 CHB 1649080?1715703450 第 1 次 等待 3 秒
2024-05-15 00:17:36 CHB 1649080?1715703450 第 1 次 获取到号码【1649080】GSD
2024-05-15 00:17:36 未获取到号码【1649080】GSD，可能号码格式错误
2024-05-15 00:17:36 获取到号码【1649080】的GSD为【-】
2024-05-15 00:17:43 GSD insert 第 1 次 等待 3 秒
2024-05-15 00:17:46 {"status":"bad","gid":"662797","msg":"添加失败！号码【1649080(-|-)】已存在！"}
2024-05-15 00:17:46 随机等待 142 秒，约 2 分钟
2024-05-15 00:17:46 下次操作: 2024-05-15 00:20:08

2024-05-15 00:20:08 开始第 9199 次操作

2024-05-15 00:20:08 开始操作号码 【1649081】
2024-05-15 00:20:13 GSD getOne 第 1 次 等待 3 秒
2024-05-15 00:20:16 查询号码 【1649081】，返回信息 {"status":"ok","msg":"-","gid":"662793","time_insert":"2023-04-18 19:38"}
2024-05-15 00:20:16 查询号码 【1649081】，GSD为【"-"】
2024-05-15 00:20:16 ok && -
2024-05-15 00:20:18 CHB 1649081?1715703616 第 1 次 等待 3 秒
2024-05-15 00:20:21 CHB 1649081?1715703616 第 1 次 获取到号码【1649081】GSD
2024-05-15 00:20:21 未获取到号码【1649081】GSD，可能号码格式错误
2024-05-15 00:20:21 获取到号码【1649081】的GSD为【-】
2024-05-15 00:20:28 GSD insert 第 1 次 等待 3 秒
2024-05-15 00:20:31 {"status":"bad","gid":"662793","msg":"添加失败！号码【1649081(-|-)】已存在！"}
2024-05-15 00:20:31 随机等待 205 秒，约 3 分钟
2024-05-15 00:20:31 下次操作: 2024-05-15 00:23:56

2024-05-15 00:23:56 开始第 9200 次操作

2024-05-15 00:23:56 开始操作号码 【1649082】
2024-05-15 00:24:04 GSD getOne 第 1 次 等待 3 秒
2024-05-15 00:24:07 查询号码 【1649082】，返回信息 {"status":"ok","msg":"-","gid":"662790","time_insert":"2023-04-18 19:36"}
2024-05-15 00:24:07 查询号码 【1649082】，GSD为【"-"】
2024-05-15 00:24:07 ok && -
2024-05-15 00:24:09 CHB 1649082?1715703847 第 1 次 等待 3 秒
2024-05-15 00:24:12 CHB 1649082?1715703847 第 1 次 获取到号码【1649082】GSD
2024-05-15 00:24:12 未获取到号码【1649082】GSD，可能号码格式错误
2024-05-15 00:24:12 获取到号码【1649082】的GSD为【-】
2024-05-15 00:24:19 GSD insert 第 1 次 等待 3 秒
2024-05-15 00:24:22 {"status":"bad","gid":"662790","msg":"添加失败！号码【1649082(-|-)】已存在！"}

