2024-11-20 00:27:10 开始第 5629 次操作

2024-11-20 00:27:10 开始操作号码 【1325628】
2024-11-20 00:27:11 GSD getOne 第 1 次 等待 3 秒
2024-11-20 00:27:14 查询号码 【1325628】，返回信息 {"status":"ok","msg":"山东-滨州","gid":"246642","time_insert":"2021-07-11 07:51"}
2024-11-20 00:27:14 查询号码 【1325628】，GSD为【"山东-滨州"】

2024-11-20 00:27:15 开始第 5630 次操作

2024-11-20 00:27:15 开始操作号码 【1325629】
2024-11-20 00:27:16 GSD getOne 第 1 次 等待 3 秒
2024-11-20 00:27:19 查询号码 【1325629】，返回信息 {"status":"ok","msg":"山东-滨州","gid":"246635","time_insert":"2021-07-11 07:51"}
2024-11-20 00:27:19 查询号码 【1325629】，GSD为【"山东-滨州"】

2024-11-20 00:27:20 开始第 5631 次操作

2024-11-20 00:27:20 开始操作号码 【1325630】
2024-11-20 00:27:21 GSD getOne 第 1 次 等待 3 秒
2024-11-20 00:27:24 查询号码 【1325630】，返回信息 {"status":"ok","msg":"山东-威海","gid":"246630","time_insert":"2021-07-11 07:50"}
2024-11-20 00:27:24 查询号码 【1325630】，GSD为【"山东-威海"】

2024-11-20 00:27:25 开始第 5632 次操作

2024-11-20 00:27:25 开始操作号码 【1325631】
2024-11-20 00:27:26 GSD getOne 第 1 次 等待 3 秒
2024-11-20 00:27:29 查询号码 【1325631】，返回信息 {"status":"ok","msg":"山东-威海","gid":"246622","time_insert":"2021-07-11 07:49"}
2024-11-20 00:27:29 查询号码 【1325631】，GSD为【"山东-威海"】

2024-11-20 00:48:15 开始第 5633 次操作

2024-11-20 00:48:15 开始操作号码 【1325632】
2024-11-20 00:48:16 GSD getOne 第 1 次 等待 3 秒
2024-11-20 00:48:19 查询号码 【1325632】，返回信息 {"status":"ok","msg":"山东-枣庄","gid":"246613","time_insert":"2021-07-11 07:48"}
2024-11-20 00:48:19 查询号码 【1325632】，GSD为【"山东-枣庄"】

2024-11-20 00:48:20 开始第 5634 次操作

2024-11-20 00:48:20 开始操作号码 【1325633】
2024-11-20 00:48:21 GSD getOne 第 1 次 等待 3 秒
2024-11-20 00:48:24 查询号码 【1325633】，返回信息 {"status":"ok","msg":"山东-日照","gid":"246597","time_insert":"2021-07-11 07:48"}
2024-11-20 00:48:24 查询号码 【1325633】，GSD为【"山东-日照"】

2024-11-20 00:48:25 开始第 5635 次操作

2024-11-20 00:48:25 开始操作号码 【1325634】
2024-11-20 00:48:26 GSD getOne 第 1 次 等待 3 秒
2024-11-20 00:48:29 查询号码 【1325634】，返回信息 {"status":"ok","msg":"山东-莱芜","gid":"246579","time_insert":"2021-07-11 07:47"}
2024-11-20 00:48:29 查询号码 【1325634】，GSD为【"山东-莱芜"】

2024-11-20 00:48:30 开始第 5636 次操作

2024-11-20 00:48:30 开始操作号码 【1325635】
2024-11-20 00:48:33 GSD getOne 第 1 次 等待 3 秒
2024-11-20 00:48:36 查询号码 【1325635】，返回信息 {"status":"ok","msg":"山东-聊城","gid":"246564","time_insert":"2021-07-11 07:46"}
2024-11-20 00:48:36 查询号码 【1325635】，GSD为【"山东-聊城"】

